configuration 176.556686401_134.7056427_-0.977472527886_0.211062685542_59.5791053772_36.8438796997_0.982426073578_-0.18665210943
length 181.761
time 7.54736
roughness 3.85196e-05
176.557_134.706_-2.71627
176.103_134.495_-2.6956
175.65_134.284_-2.71627
175.197_134.073_-2.6956
174.744_133.862_-2.71627
174.29_133.651_-2.6956
173.837_133.44_-2.71627
173.384_133.229_-2.6956
172.93_133.018_-2.71627
172.477_132.807_-2.6956
172.024_132.596_-2.71627
171.571_132.385_-2.6956
171.117_132.174_-2.71627
170.664_131.963_-2.6956
170.211_131.752_-2.71627
169.757_131.541_-2.6956
169.304_131.33_-2.71627
168.851_131.119_-2.6956
168.397_130.908_-2.71627
167.944_130.697_-2.6956
167.491_130.486_-2.71627
167.038_130.275_-2.6956
166.584_130.064_-2.71627
166.131_129.853_-2.6956
165.678_129.642_-2.71627
165.224_129.431_-2.6956
164.771_129.22_-2.71627
164.318_129.009_-2.6956
163.865_128.798_-2.71627
163.411_128.587_-2.6956
162.958_128.376_-2.71627
162.505_128.165_-2.6956
162.051_127.954_-2.71627
161.598_127.743_-2.6956
161.145_127.532_-2.71627
160.692_127.321_-2.6956
160.238_127.11_-2.71627
159.785_126.899_-2.6956
159.332_126.688_-2.71627
158.878_126.477_-2.6956
158.425_126.266_-2.71627
157.972_126.055_-2.6956
157.519_125.844_-2.71627
157.065_125.633_-2.6956
156.612_125.422_-2.71627
156.159_125.211_-2.6956
155.705_125_-2.71627
155.252_124.789_-2.6956
154.799_124.578_-2.71627
154.346_124.367_-2.6956
153.892_124.156_-2.71627
153.439_123.945_-2.6956
152.986_123.734_-2.71627
152.532_123.523_-2.6956
152.079_123.312_-2.71627
151.626_123.101_-2.6956
151.173_122.89_-2.71627
150.719_122.679_-2.6956
150.266_122.468_-2.71627
149.813_122.257_-2.6956
149.359_122.046_-2.71627
148.906_121.835_-2.6956
148.453_121.624_-2.71627
148_121.413_-2.6956
147.546_121.202_-2.71627
147.093_120.991_-2.6956
146.64_120.78_-2.71627
146.186_120.569_-2.6956
145.733_120.358_-2.71627
145.28_120.147_-2.6956
144.827_119.936_-2.71627
144.373_119.725_-2.6956
143.92_119.514_-2.71627
143.467_119.303_-2.6956
143.013_119.092_-2.71627
142.56_118.881_-2.6956
142.107_118.67_-2.71627
141.653_118.459_-2.6956
141.2_118.248_-2.71627
140.747_118.037_-2.6956
140.294_117.826_-2.71627
139.84_117.615_-2.6956
139.387_117.404_-2.71627
138.934_117.193_-2.6956
138.48_116.982_-2.71627
138.027_116.771_-2.6956
137.574_116.56_-2.71627
137.121_116.349_-2.6956
136.667_116.138_-2.71627
136.214_115.927_-2.6956
135.761_115.716_-2.71627
135.307_115.505_-2.6956
134.854_115.294_-2.71627
134.401_115.083_-2.6956
133.948_114.872_-2.71627
133.494_114.661_-2.6956
133.041_114.45_-2.71627
132.588_114.239_-2.6956
132.134_114.028_-2.71627
131.681_113.817_-2.6956
131.228_113.606_-2.71627
130.775_113.395_-2.6956
130.321_113.184_-2.71627
129.868_112.973_-2.6956
129.415_112.762_-2.71627
128.961_112.551_-2.6956
128.508_112.34_-2.71627
128.055_112.129_-2.6956
127.602_111.918_-2.71627
127.148_111.707_-2.6956
126.695_111.496_-2.71627
126.242_111.285_-2.6956
125.788_111.074_-2.71627
125.335_110.863_-2.6956
124.882_110.652_-2.71627
124.429_110.441_-2.6956
123.975_110.23_-2.71627
123.522_110.019_-2.6956
123.069_109.808_-2.71627
122.615_109.597_-2.6956
122.167_109.376_-2.67493
121.718_109.156_-2.6956
121.264_108.945_-2.71627
120.811_108.734_-2.6956
120.362_108.514_-2.67493
119.913_108.293_-2.6956
119.46_108.082_-2.71627
119.007_107.871_-2.6956
118.558_107.651_-2.67493
118.109_107.431_-2.6956
117.656_107.22_-2.71627
117.203_107.009_-2.6956
116.754_106.788_-2.67493
116.305_106.568_-2.6956
115.852_106.357_-2.71627
115.398_106.146_-2.6956
114.95_105.926_-2.67493
114.501_105.705_-2.6956
114.047_105.494_-2.71627
113.594_105.283_-2.6956
113.145_105.063_-2.67493
112.697_104.843_-2.6956
112.243_104.632_-2.71627
111.79_104.421_-2.6956
111.341_104.2_-2.67493
111.031_104.056_-2.73694
110.621_103.775_-2.34424
110.35_103.359_-1.95154
110.259_102.87_-1.55884
110.342_102.379_-1.24881
110.495_101.904_-1.26948
110.639_101.425_-1.29015
110.782_100.946_-1.26948
110.926_100.467_-1.29015
111.069_99.9876_-1.26948
111.212_99.5086_-1.29015
111.356_99.0297_-1.26948
111.499_98.5507_-1.29015
111.643_98.0717_-1.26948
111.786_97.5927_-1.29015
111.93_97.1138_-1.26948
112.073_96.6348_-1.29015
112.217_96.1558_-1.26948
112.36_95.6769_-1.29015
112.503_95.1979_-1.26948
112.647_94.7189_-1.29015
112.79_94.2399_-1.26948
112.934_93.761_-1.29015
113.077_93.282_-1.26948
113.221_92.803_-1.29015
113.364_92.324_-1.26948
113.508_91.8451_-1.29015
113.651_91.3661_-1.26948
113.794_90.8871_-1.29015
113.938_90.4081_-1.26948
114.081_89.9292_-1.29015
114.225_89.4502_-1.26948
114.368_88.9712_-1.29015
114.512_88.4923_-1.26948
114.655_88.0133_-1.29015
114.799_87.5343_-1.26948
114.942_87.0553_-1.29015
115.085_86.5764_-1.26948
115.229_86.0974_-1.29015
115.372_85.6184_-1.26948
115.516_85.1394_-1.29015
115.659_84.6605_-1.26948
115.803_84.1815_-1.29015
115.946_83.7025_-1.26948
116.09_83.2236_-1.29015
116.233_82.7446_-1.26948
116.376_82.2656_-1.29015
116.51_81.7838_-1.31082
116.643_81.3019_-1.29015
116.787_80.823_-1.26948
116.93_80.344_-1.29015
117.064_79.8622_-1.31082
117.197_79.3803_-1.29015
117.341_78.9013_-1.26948
117.484_78.4224_-1.29015
117.618_77.9405_-1.31082
117.751_77.4587_-1.29015
117.895_76.9797_-1.26948
118.038_76.5008_-1.29015
118.172_76.0189_-1.31082
118.305_75.5371_-1.29015
118.449_75.0581_-1.26948
118.592_74.5791_-1.29015
118.726_74.0973_-1.31082
118.859_73.6155_-1.29015
119.003_73.1365_-1.26948
119.146_72.6575_-1.29015
119.279_72.1757_-1.31082
119.413_71.6938_-1.29015
119.556_71.2149_-1.26948
119.7_70.7359_-1.29015
119.833_70.2541_-1.31082
119.967_69.7722_-1.29015
120.11_69.2933_-1.26948
120.254_68.8143_-1.29015
120.387_68.3325_-1.31082
120.521_67.8506_-1.29015
120.664_67.3716_-1.26948
120.808_66.8927_-1.29015
120.941_66.4108_-1.31082
121.075_65.929_-1.29015
121.165_65.6265_-1.26948
121.217_65.1324_-1.66218
121.076_64.6561_-2.05488
120.764_64.2699_-2.44758
120.336_64.0143_-2.75761
119.875_63.8222_-2.73694
119.417_63.6206_-2.71627
118.96_63.419_-2.73694
118.502_63.2174_-2.71627
118.045_63.0159_-2.73694
117.587_62.8143_-2.71627
117.13_62.6127_-2.73694
116.672_62.4111_-2.71627
116.214_62.2095_-2.73694
115.757_62.0079_-2.71627
115.299_61.8063_-2.73694
114.842_61.6047_-2.71627
114.384_61.4032_-2.73694
113.927_61.2016_-2.71627
113.469_61_-2.73694
113.012_60.7984_-2.71627
112.554_60.5968_-2.73694
112.096_60.3952_-2.71627
111.639_60.1936_-2.73694
111.181_59.9921_-2.71627
110.724_59.7905_-2.73694
110.266_59.5889_-2.71627
109.809_59.3873_-2.73694
109.351_59.1857_-2.71627
108.894_58.9841_-2.73694
108.436_58.7825_-2.71627
107.978_58.5809_-2.73694
107.521_58.3794_-2.71627
107.063_58.1778_-2.73694
106.606_57.9762_-2.71627
106.148_57.7746_-2.73694
105.691_57.573_-2.71627
105.233_57.3714_-2.73694
104.776_57.1698_-2.71627
104.318_56.9683_-2.73694
103.861_56.7667_-2.71627
103.403_56.5651_-2.73694
102.945_56.3635_-2.71627
102.488_56.1619_-2.73694
102.03_55.9603_-2.71627
101.573_55.7587_-2.73694
101.115_55.5571_-2.71627
100.658_55.3556_-2.73694
100.2_55.154_-2.71627
99.7425_54.9524_-2.73694
99.285_54.7508_-2.71627
98.8274_54.5492_-2.73694
98.3699_54.3476_-2.71627
97.9123_54.146_-2.73694
97.4548_53.9445_-2.71627
96.9972_53.7429_-2.73694
96.5397_53.5413_-2.71627
96.0821_53.3397_-2.73694
95.6246_53.1381_-2.71627
95.167_52.9365_-2.73694
94.7095_52.7349_-2.71627
94.2519_52.5333_-2.73694
93.7944_52.3318_-2.71627
93.3368_52.1302_-2.73694
92.8793_51.9286_-2.71627
92.426_51.7176_-2.6956
91.9727_51.5066_-2.71627
91.5151_51.305_-2.73694
91.0576_51.1034_-2.71627
90.6043_50.8924_-2.6956
90.151_50.6814_-2.71627
89.6934_50.4798_-2.73694
89.2359_50.2782_-2.71627
88.7826_50.0672_-2.6956
88.3293_49.8562_-2.71627
87.8718_49.6547_-2.73694
87.4142_49.4531_-2.71627
86.9609_49.2421_-2.6956
86.5076_49.0311_-2.71627
86.0501_48.8295_-2.73694
85.5925_48.6279_-2.71627
85.1392_48.4169_-2.6956
84.686_48.2059_-2.71627
84.2284_48.0043_-2.73694
83.7709_47.8027_-2.71627
83.3176_47.5917_-2.6956
82.8643_47.3807_-2.71627
82.4067_47.1791_-2.73694
81.9492_46.9775_-2.71627
81.4959_46.7665_-2.6956
81.0426_46.5555_-2.71627
80.585_46.354_-2.73694
80.1275_46.1524_-2.71627
79.6742_45.9414_-2.6956
79.2209_45.7304_-2.71627
78.7634_45.5288_-2.73694
78.3058_45.3272_-2.71627
77.8525_45.1162_-2.6956
77.3992_44.9052_-2.71627
76.9417_44.7036_-2.73694
76.4841_44.502_-2.71627
76.0308_44.291_-2.6956
75.5776_44.08_-2.71627
75.12_43.8784_-2.73694
74.6624_43.6769_-2.71627
74.2092_43.4659_-2.6956
73.7559_43.2549_-2.71627
73.2983_43.0533_-2.73694
72.8408_42.8517_-2.71627
72.3875_42.6407_-2.6956
71.9342_42.4297_-2.71627
71.4766_42.2281_-2.73694
71.0191_42.0265_-2.71627
70.5658_41.8155_-2.6956
70.1125_41.6045_-2.71627
69.655_41.4029_-2.73694
69.1974_41.2013_-2.71627
68.7441_40.9903_-2.6956
68.2908_40.7793_-2.71627
67.8333_40.5777_-2.73694
67.3757_40.3762_-2.71627
66.9224_40.1652_-2.6956
66.4692_39.9542_-2.71627
66.0116_39.7526_-2.73694
65.554_39.551_-2.71627
65.1008_39.34_-2.6956
64.6475_39.129_-2.71627
64.1899_38.9274_-2.73694
63.7324_38.7258_-2.71627
63.2791_38.5148_-2.6956
62.8258_38.3038_-2.71627
62.3682_38.1022_-2.73694
61.9107_37.9006_-2.71627
61.4574_37.6896_-2.6956
61.0041_37.4786_-2.71627
60.5466_37.2771_-2.73694
60.089_37.0755_-2.71627
59.6357_36.8645_-2.6956
