configuration 161.70602417_-18.2518405914_0.169978369946_0.985447793519_193.750076294_109.599342346_0.85380148664_0.520598714377
length 172.911
time 10.0296
roughness 6.80104e-05
161.706_-18.2518_0.341615
162.159_-18.0416_0.527631
162.593_-17.7943_0.506962
163.033_-17.5561_0.486294
163.473_-17.3179_0.506962
163.912_-17.0797_0.486294
164.352_-16.8414_0.506962
164.791_-16.6032_0.486294
165.231_-16.365_0.506962
165.671_-16.1268_0.486294
166.11_-15.8885_0.506962
166.55_-15.6503_0.486294
166.989_-15.4121_0.506962
167.429_-15.1738_0.486294
167.869_-14.9356_0.506962
168.308_-14.6974_0.486294
168.748_-14.4592_0.506962
169.187_-14.2209_0.486294
169.627_-13.9827_0.506962
170.066_-13.7445_0.486294
170.506_-13.5062_0.506962
170.946_-13.268_0.486294
171.385_-13.0298_0.506962
171.825_-12.7916_0.486294
172.264_-12.5533_0.506962
172.704_-12.3151_0.486294
173.144_-12.0769_0.506962
173.583_-11.8387_0.486294
174.023_-11.6004_0.506962
174.462_-11.3622_0.486294
174.902_-11.124_0.506962
175.342_-10.8857_0.486294
175.781_-10.6475_0.506962
176.221_-10.4093_0.486294
176.66_-10.1711_0.506962
177.1_-9.93283_0.486294
177.539_-9.69461_0.506962
177.979_-9.45638_0.486294
178.419_-9.21815_0.506962
178.858_-8.97992_0.486294
179.298_-8.7417_0.506962
179.737_-8.50347_0.486294
180.177_-8.26524_0.506962
180.617_-8.02701_0.486294
181.056_-7.78879_0.506962
181.496_-7.55056_0.486294
181.935_-7.31233_0.506962
182.375_-7.0741_0.486294
182.815_-6.83588_0.506962
183.254_-6.59765_0.486294
183.694_-6.35942_0.506962
184.133_-6.12119_0.486294
184.573_-5.88296_0.506962
185.013_-5.64474_0.486294
185.452_-5.40651_0.506962
185.887_-5.15925_0.527631
186.321_-4.91199_0.506962
186.761_-4.67376_0.486294
187.2_-4.43553_0.506962
187.635_-4.18827_0.527631
188.07_-3.94101_0.506962
188.509_-3.70278_0.486294
188.949_-3.46455_0.506962
189.383_-3.21729_0.527631
189.818_-2.97003_0.506962
190.257_-2.7318_0.486294
190.697_-2.49357_0.506962
191.132_-2.24631_0.527631
191.566_-1.99905_0.506962
192.006_-1.76082_0.486294
192.445_-1.52259_0.506962
192.88_-1.27533_0.527631
193.315_-1.02807_0.506962
193.754_-0.789843_0.486294
194.194_-0.551615_0.506962
194.628_-0.304353_0.527631
195_0.0247085_0.92033
195.218_0.471151_1.31303
195.249_0.967008_1.70573
195.116_1.44754_1.97442
194.915_1.9053_1.99509
194.714_2.36306_1.97442
194.513_2.82082_1.99509
194.312_3.27858_1.97442
194.111_3.73634_1.99509
193.91_4.1941_1.97442
193.708_4.65186_1.99509
193.507_5.10963_1.97442
193.306_5.56739_1.99509
193.105_6.02515_1.97442
192.914_6.48697_1.95375
192.722_6.94878_1.97442
192.521_7.40654_1.99509
192.32_7.86431_1.97442
192.128_8.32612_1.95375
191.936_8.78794_1.97442
191.735_9.2457_1.99509
191.534_9.70346_1.97442
191.343_10.1653_1.95375
191.151_10.6271_1.97442
190.95_11.0849_1.99509
190.749_11.5426_1.97442
190.557_12.0044_1.95375
190.366_12.4663_1.97442
190.164_12.924_1.99509
189.963_13.3818_1.97442
189.772_13.8436_1.95375
189.58_14.3054_1.97442
189.379_14.7632_1.99509
189.178_15.2209_1.97442
188.986_15.6828_1.95375
188.795_16.1446_1.97442
188.594_16.6023_1.99509
188.392_17.0601_1.97442
188.201_17.5219_1.95375
188.009_17.9837_1.97442
187.808_18.4415_1.99509
187.607_18.8993_1.97442
187.415_19.3611_1.95375
187.224_19.8229_1.97442
187.023_20.2807_1.99509
186.822_20.7384_1.97442
186.63_21.2002_1.95375
186.438_21.6621_1.97442
186.237_22.1198_1.99509
186.036_22.5776_1.97442
185.845_23.0394_1.95375
185.653_23.5012_1.97442
185.452_23.959_1.99509
185.251_24.4167_1.97442
185.059_24.8786_1.95375
184.867_25.3404_1.97442
184.666_25.7981_1.99509
184.465_26.2559_1.97442
184.274_26.7177_1.95375
184.082_27.1795_1.97442
183.881_27.6373_1.99509
183.68_28.0951_1.97442
183.488_28.5569_1.95375
183.297_29.0187_1.97442
183.095_29.4765_1.99509
182.894_29.9342_1.97442
182.703_30.396_1.95375
182.511_30.8579_1.97442
182.31_31.3156_1.99509
182.109_31.7734_1.97442
181.917_32.2352_1.95375
181.726_32.697_1.97442
181.525_33.1548_1.99509
181.323_33.6125_1.97442
181.132_34.0744_1.95375
180.94_34.5362_1.97442
180.739_34.9939_1.99509
180.538_35.4517_1.97442
180.346_35.9135_1.95375
180.155_36.3753_1.97442
179.954_36.8331_1.99509
179.753_37.2909_1.97442
179.561_37.7527_1.95375
179.369_38.2145_1.97442
179.168_38.6723_1.99509
178.967_39.13_1.97442
178.776_39.5918_1.95375
178.584_40.0536_1.97442
178.383_40.5114_1.99509
178.182_40.9692_1.97442
177.931_41.336_2.36712
177.65_41.7461_1.97442
177.478_42.2152_1.87108
177.325_42.6913_1.89174
177.162_43.1641_1.91241
177_43.6369_1.89174
176.837_44.1097_1.91241
176.675_44.5825_1.89174
176.512_45.0553_1.91241
176.349_45.5281_1.89174
176.187_46.0009_1.91241
176.024_46.4737_1.89174
175.861_46.9465_1.91241
175.699_47.4193_1.89174
175.536_47.8921_1.91241
175.374_48.3649_1.89174
175.211_48.8377_1.91241
175.048_49.3105_1.89174
174.886_49.7833_1.91241
174.723_50.2562_1.89174
174.56_50.729_1.91241
174.398_51.2018_1.89174
174.235_51.6746_1.91241
174.073_52.1474_1.89174
173.91_52.6202_1.91241
173.747_53.093_1.89174
173.585_53.5658_1.91241
173.422_54.0386_1.89174
173.259_54.5114_1.91241
173.097_54.9842_1.89174
172.934_55.457_1.91241
172.772_55.9298_1.89174
172.609_56.4026_1.91241
172.446_56.8754_1.89174
172.284_57.3482_1.91241
172.121_57.821_1.89174
171.968_58.2971_1.87108
171.815_58.7732_1.89174
171.653_59.246_1.91241
171.49_59.7188_1.89174
171.337_60.1948_1.87108
171.185_60.6709_1.89174
171.022_61.1437_1.91241
170.859_61.6165_1.89174
170.707_62.0926_1.87108
170.554_62.5686_1.89174
170.391_63.0414_1.91241
170.228_63.5142_1.89174
170.076_63.9903_1.87108
169.923_64.4664_1.89174
169.76_64.9392_1.91241
169.598_65.412_1.89174
169.445_65.888_1.87108
169.292_66.3641_1.89174
169.129_66.8369_1.91241
168.967_67.3097_1.89174
168.814_67.7858_1.87108
168.661_68.2619_1.89174
168.498_68.7347_1.91241
168.336_69.2075_1.89174
168.183_69.6835_1.87108
168.03_70.1596_1.89174
167.868_70.6324_1.91241
167.705_71.1052_1.89174
167.552_71.5813_1.87108
167.399_72.0573_1.89174
167.237_72.5301_1.91241
167.074_73.0029_1.89174
166.921_73.479_1.87108
166.768_73.9551_1.89174
166.606_74.4279_1.91241
166.443_74.9007_1.89174
166.29_75.3767_1.87108
166.138_75.8528_1.89174
165.975_76.3256_1.91241
165.812_76.7984_1.89174
165.659_77.2745_1.87108
165.507_77.7505_1.89174
165.344_78.2234_1.91241
165.181_78.6962_1.89174
165.029_79.1722_1.87108
164.876_79.6483_1.89174
164.713_80.1211_1.91241
164.55_80.5939_1.89174
164.489_81.0868_1.49904
164.62_81.5659_1.10635
164.925_81.9581_0.713646
165.342_82.231_0.444957
165.791_82.4509_0.465626
166.236_82.68_0.486294
166.68_82.909_0.465626
167.125_83.1381_0.486294
167.569_83.3672_0.465626
168.014_83.5963_0.486294
168.458_83.8254_0.465626
168.902_84.0545_0.486294
169.347_84.2836_0.465626
169.791_84.5127_0.486294
170.236_84.7418_0.465626
170.68_84.9709_0.486294
171.125_85.2_0.465626
171.569_85.4291_0.486294
172.013_85.6581_0.465626
172.458_85.8872_0.486294
172.902_86.1163_0.465626
173.347_86.3454_0.486294
173.791_86.5745_0.465626
174.235_86.8036_0.486294
174.68_87.0327_0.465626
175.124_87.2618_0.486294
175.569_87.4909_0.465626
176.013_87.72_0.486294
176.458_87.9491_0.465626
176.902_88.1782_0.486294
177.346_88.4072_0.465626
177.791_88.6363_0.486294
178.235_88.8654_0.465626
178.68_89.0945_0.486294
179.124_89.3236_0.465626
179.568_89.5527_0.486294
180.013_89.7818_0.465626
180.457_90.0109_0.486294
180.902_90.24_0.465626
181.346_90.4691_0.486294
181.791_90.6982_0.465626
182.235_90.9273_0.486294
182.679_91.1563_0.465626
183.124_91.3854_0.486294
183.568_91.6145_0.465626
184.013_91.8436_0.486294
184.457_92.0727_0.465626
184.901_92.3018_0.486294
185.346_92.5309_0.465626
185.79_92.76_0.486294
186.23_92.9982_0.506962
186.67_93.2364_0.486294
187.114_93.4655_0.465626
187.558_93.6946_0.486294
187.998_93.9329_0.506962
188.438_94.1711_0.486294
188.882_94.4002_0.465626
189.326_94.6293_0.486294
189.766_94.8675_0.506962
190.206_95.1057_0.486294
190.65_95.3348_0.465626
191.094_95.5639_0.486294
191.534_95.8021_0.506962
191.974_96.0404_0.486294
192.418_96.2695_0.465626
192.862_96.4985_0.486294
193.302_96.7368_0.506962
193.742_96.975_0.486294
194.186_97.2041_0.465626
194.63_97.4332_0.486294
195.016_97.7466_0.878993
195.252_98.1836_1.27169
195.303_98.6778_1.66439
195.241_99.1739_1.7264
195.169_99.6686_1.70573
195.096_100.163_1.7264
195.024_100.658_1.70573
194.951_101.153_1.7264
194.879_101.647_1.70573
194.807_102.142_1.7264
194.734_102.637_1.70573
194.662_103.132_1.7264
194.59_103.626_1.70573
194.517_104.121_1.7264
194.445_104.616_1.70573
194.372_105.111_1.7264
194.3_105.605_1.70573
194.228_106.1_1.7264
194.155_106.595_1.70573
194.093_107.091_1.68506
194.031_107.587_1.70573
193.959_108.082_1.7264
193.886_108.576_1.70573
193.824_109.073_1.68506
193.752_109.567_1.74706
