configuration -14.0353517532_151.94859314_0.0_1.0_147.259887695_176.039077759_0.145212769539_0.989400450557
length 180.32
time 3.10629
roughness 3.95187e-05
-14.0354_151.949_-0
-13.5357_151.933_-0.0620051
-13.0363_151.907_-0.0413367
-12.537_151.881_-0.0620051
-12.0377_151.856_-0.0413367
-11.5384_151.83_-0.0620051
-11.0391_151.804_-0.0413367
-10.5397_151.778_-0.0620051
-10.0404_151.752_-0.0413367
-9.54108_151.727_-0.0620051
-9.04176_151.701_-0.0413367
-8.54243_151.675_-0.0620051
-8.04311_151.649_-0.0413367
-7.54379_151.623_-0.0620051
-7.04446_151.597_-0.0413367
-6.54514_151.572_-0.0620051
-6.04582_151.546_-0.0413367
-5.54649_151.52_-0.0620051
-5.04717_151.494_-0.0413367
-4.54784_151.468_-0.0620051
-4.04852_151.442_-0.0413367
-3.5492_151.417_-0.0620051
-3.04987_151.391_-0.0413367
-2.55055_151.365_-0.0620051
-2.05122_151.339_-0.0413367
-1.5519_151.313_-0.0620051
-1.05258_151.288_-0.0413367
-0.553254_151.262_-0.0620051
-0.0539298_151.236_-0.0413367
0.445394_151.21_-0.0620051
0.944718_151.184_-0.0413367
1.44404_151.158_-0.0620051
1.94337_151.133_-0.0413367
2.44312_151.117_-0.0206684
2.94287_151.102_-0.0413367
3.44219_151.076_-0.0620051
3.94151_151.05_-0.0413367
4.44127_151.034_-0.0206684
4.94102_151.019_-0.0413367
5.44034_150.993_-0.0620051
5.93966_150.967_-0.0413367
6.43941_150.952_-0.0206684
6.93917_150.936_-0.0413367
7.43849_150.91_-0.0620051
7.93781_150.885_-0.0413367
8.43756_150.869_-0.0206684
8.93731_150.854_-0.0413367
9.43664_150.828_-0.0620051
9.93596_150.802_-0.0413367
10.4357_150.786_-0.0206684
10.9355_150.771_-0.0413367
11.4348_150.745_-0.0620051
11.9341_150.719_-0.0413367
12.4339_150.704_-0.0206684
12.9073_150.689_-0.0413367
13.4049_150.725_0.186015
13.8972_150.813_0.165347
14.3895_150.9_0.186015
14.8818_150.987_0.165347
15.3741_151.075_0.186015
15.8664_151.162_0.165347
16.3587_151.25_0.186015
16.851_151.337_0.165347
17.3433_151.424_0.186015
17.8356_151.512_0.165347
18.3279_151.599_0.186015
18.8202_151.686_0.165347
19.3125_151.774_0.186015
19.8048_151.861_0.165347
20.2971_151.949_0.186015
20.7894_152.036_0.165347
21.2817_152.123_0.186015
21.7739_152.211_0.165347
22.2662_152.298_0.186015
22.7585_152.386_0.165347
23.2508_152.473_0.186015
23.7431_152.56_0.165347
24.2354_152.648_0.186015
24.7277_152.735_0.165347
25.22_152.823_0.186015
25.7123_152.91_0.165347
26.2046_152.997_0.186015
26.6969_153.085_0.165347
27.1892_153.172_0.186015
27.6815_153.259_0.165347
28.1738_153.347_0.186015
28.6661_153.434_0.165347
29.1584_153.522_0.186015
29.6507_153.609_0.165347
30.012_153.681_0.227352
30.4782_153.857_0.496041
30.9204_154.091_0.475373
31.3625_154.324_0.496041
31.8047_154.558_0.475373
32.2469_154.791_0.496041
32.689_155.024_0.475373
33.1312_155.258_0.496041
33.5733_155.491_0.475373
34.0155_155.725_0.496041
34.4577_155.958_0.475373
34.8998_156.191_0.496041
35.342_156.425_0.475373
35.7842_156.658_0.496041
36.2263_156.892_0.475373
36.6685_157.125_0.496041
37.1107_157.358_0.475373
37.5528_157.592_0.496041
37.995_157.825_0.475373
38.4372_158.059_0.496041
38.8793_158.292_0.475373
39.3215_158.526_0.496041
39.7637_158.759_0.475373
40.2058_158.992_0.496041
40.648_159.226_0.475373
41.0901_159.459_0.496041
41.5323_159.693_0.475373
41.9745_159.926_0.496041
42.4166_160.159_0.475373
42.8588_160.393_0.496041
43.301_160.626_0.475373
43.7431_160.86_0.496041
44.1853_161.093_0.475373
44.6275_161.326_0.496041
45.0696_161.56_0.475373
45.5118_161.793_0.496041
45.954_162.027_0.475373
46.3961_162.26_0.496041
46.8383_162.494_0.475373
47.2805_162.727_0.496041
47.7177_162.969_0.516709
48.1549_163.212_0.496041
48.5971_163.445_0.475373
49.0393_163.679_0.496041
49.4765_163.921_0.516709
49.9138_164.164_0.496041
50.3559_164.397_0.475373
50.7981_164.631_0.496041
51.2353_164.873_0.516709
51.6726_165.116_0.496041
52.1148_165.349_0.475373
52.5569_165.582_0.496041
52.9942_165.825_0.516709
53.4314_166.067_0.496041
53.8736_166.301_0.475373
54.3368_166.487_0.289357
54.8145_166.635_0.310026
55.2891_166.792_0.330694
55.7636_166.95_0.310026
56.2382_167.107_0.330694
56.7127_167.265_0.310026
57.1873_167.422_0.330694
57.6618_167.579_0.310026
58.1364_167.737_0.330694
58.6109_167.894_0.310026
59.0855_168.052_0.330694
59.56_168.209_0.310026
60.0346_168.367_0.330694
60.5091_168.524_0.310026
60.9837_168.682_0.330694
61.4582_168.839_0.310026
61.9328_168.997_0.330694
62.4074_169.154_0.310026
62.8819_169.311_0.330694
63.3565_169.469_0.310026
63.831_169.626_0.330694
64.3056_169.784_0.310026
64.7801_169.941_0.330694
65.2547_170.099_0.310026
65.7292_170.256_0.330694
66.2038_170.414_0.310026
66.6815_170.561_0.289357
67.1592_170.709_0.310026
67.6337_170.866_0.330694
68.1083_171.024_0.310026
68.586_171.171_0.289357
69.0637_171.319_0.310026
69.5383_171.476_0.330694
70.0128_171.634_0.310026
70.4905_171.781_0.289357
70.9682_171.929_0.310026
71.4428_172.087_0.330694
71.9173_172.244_0.310026
72.395_172.392_0.289357
72.8727_172.539_0.310026
73.3473_172.697_0.330694
73.8218_172.854_0.310026
74.2995_173.002_0.289357
74.7772_173.149_0.310026
75.2518_173.307_0.330694
75.7264_173.464_0.310026
76.0783_173.573_0.289357
76.573_173.619_-0.103342
77.0476_173.472_-0.496041
77.43_173.155_-0.88874
77.7246_172.752_-0.992082
78.0024_172.336_-0.971414
78.2802_171.92_-0.992082
78.558_171.504_-0.971414
78.8358_171.089_-0.992082
79.1135_170.673_-0.971414
79.3913_170.257_-0.992082
79.6691_169.841_-0.971414
79.9469_169.426_-0.992082
80.2247_169.01_-0.971414
80.5024_168.594_-0.992082
80.7802_168.179_-0.971414
81.058_167.763_-0.992082
81.3358_167.347_-0.971414
81.6136_166.931_-0.992082
81.8913_166.516_-0.971414
82.1691_166.1_-0.992082
82.4469_165.684_-0.971414
82.7247_165.268_-0.992082
83.0025_164.853_-0.971414
83.2802_164.437_-0.992082
83.558_164.021_-0.971414
83.8358_163.606_-0.992082
84.1136_163.19_-0.971414
84.3914_162.774_-0.992082
84.6691_162.358_-0.971414
84.9469_161.943_-0.992082
85.2247_161.527_-0.971414
85.5025_161.111_-0.992082
85.7803_160.695_-0.971414
86.058_160.28_-0.992082
86.3358_159.864_-0.971414
86.6136_159.448_-0.992082
86.8914_159.033_-0.971414
87.1692_158.617_-0.992082
87.4469_158.201_-0.971414
87.7247_157.785_-0.992082
87.9938_157.364_-1.01275
88.263_156.943_-0.992082
88.5408_156.527_-0.971414
88.8185_156.111_-0.992082
89.0877_155.69_-1.01275
89.3568_155.268_-0.992082
89.7044_154.914_-0.599383
90.1614_154.719_-0.206684
90.6582_154.714_0.186015
91.1382_154.851_0.372031
91.6058_155.028_0.351362
92.0734_155.205_0.372031
92.5411_155.382_0.351362
93.0087_155.559_0.372031
93.4764_155.736_0.351362
93.944_155.913_0.372031
94.4116_156.09_0.351362
94.8793_156.266_0.372031
95.3469_156.443_0.351362
95.8146_156.62_0.372031
96.2822_156.797_0.351362
96.7498_156.974_0.372031
97.2175_157.151_0.351362
97.6851_157.328_0.372031
98.1528_157.505_0.351362
98.6204_157.682_0.372031
99.088_157.859_0.351362
99.5557_158.036_0.372031
100.023_158.213_0.351362
100.491_158.39_0.372031
100.959_158.567_0.351362
101.426_158.743_0.372031
101.894_158.92_0.351362
102.362_159.097_0.372031
102.829_159.274_0.351362
103.297_159.451_0.372031
103.764_159.628_0.351362
104.232_159.805_0.372031
104.7_159.982_0.351362
105.167_160.159_0.372031
105.635_160.336_0.351362
106.103_160.513_0.372031
106.57_160.69_0.351362
107.038_160.867_0.372031
107.506_161.044_0.351362
107.973_161.22_0.372031
108.441_161.397_0.351362
108.908_161.574_0.372031
109.376_161.751_0.351362
109.844_161.928_0.372031
110.311_162.105_0.351362
110.779_162.282_0.372031
111.247_162.459_0.351362
111.714_162.636_0.372031
112.182_162.813_0.351362
112.65_162.99_0.372031
113.117_163.167_0.351362
113.585_163.344_0.372031
114.053_163.521_0.351362
114.52_163.697_0.372031
114.988_163.874_0.351362
115.455_164.051_0.372031
115.923_164.228_0.351362
116.391_164.405_0.372031
116.858_164.582_0.351362
117.326_164.759_0.372031
117.794_164.936_0.351362
118.261_165.113_0.372031
118.729_165.29_0.351362
119.197_165.467_0.372031
119.664_165.644_0.351362
120.132_165.821_0.372031
120.6_165.997_0.351362
121.067_166.174_0.372031
121.535_166.351_0.351362
122.002_166.528_0.372031
122.47_166.705_0.351362
122.938_166.882_0.372031
123.405_167.059_0.351362
123.873_167.236_0.372031
124.341_167.413_0.351362
124.808_167.59_0.372031
125.276_167.767_0.351362
125.744_167.944_0.372031
126.211_168.121_0.351362
126.679_168.298_0.372031
127.146_168.474_0.351362
127.614_168.651_0.372031
128.082_168.828_0.351362
128.549_169.005_0.372031
129.017_169.182_0.351362
129.485_169.359_0.372031
129.952_169.536_0.351362
130.42_169.713_0.372031
130.888_169.89_0.351362
131.355_170.067_0.372031
131.823_170.244_0.351362
132.291_170.421_0.372031
132.758_170.598_0.351362
133.226_170.775_0.372031
133.693_170.951_0.351362
134.161_171.128_0.372031
134.629_171.305_0.351362
135.096_171.482_0.372031
135.564_171.659_0.351362
136.032_171.836_0.372031
136.499_172.013_0.351362
136.967_172.19_0.372031
137.435_172.367_0.351362
137.902_172.544_0.372031
138.37_172.721_0.351362
138.837_172.898_0.372031
139.305_173.075_0.351362
139.773_173.252_0.372031
140.24_173.428_0.351362
140.708_173.605_0.372031
141.176_173.782_0.351362
141.643_173.959_0.372031
142.111_174.136_0.351362
142.579_174.313_0.372031
143.046_174.49_0.351362
143.514_174.667_0.372031
143.982_174.844_0.351362
144.453_175.011_0.330694
144.924_175.178_0.351362
145.392_175.355_0.372031
145.859_175.532_0.351362
146.33_175.699_0.330694
146.802_175.867_0.351362
147.269_176.044_0.372031
