configuration 46.843963623_148.978851318_-0.536406748472_0.843959596304_156.577575684_33.1800613403_0.186652677497_0.98242596565
length 196.753
time 12.9739
roughness 4.53755e-05
46.844_148.979_-1.13235
47.0515_148.524_-1.15302
47.2497_148.065_-1.17368
47.4478_147.606_-1.15302
47.6459_147.147_-1.17368
47.8441_146.688_-1.15302
48.0422_146.229_-1.17368
48.2403_145.77_-1.15302
48.4384_145.311_-1.17368
48.6366_144.852_-1.15302
48.8347_144.392_-1.17368
49.0328_143.933_-1.15302
49.231_143.474_-1.17368
49.4291_143.015_-1.15302
49.6272_142.556_-1.17368
49.8254_142.097_-1.15302
50.0235_141.638_-1.17368
50.2216_141.179_-1.15302
50.4197_140.72_-1.17368
50.6179_140.261_-1.15302
50.816_139.802_-1.17368
51.0141_139.343_-1.15302
51.2123_138.884_-1.17368
51.4104_138.425_-1.15302
51.6085_137.966_-1.17368
51.8066_137.507_-1.15302
52.0048_137.047_-1.17368
52.2029_136.588_-1.15302
52.401_136.129_-1.17368
52.5992_135.67_-1.15302
52.7973_135.211_-1.17368
52.9954_134.752_-1.15302
53.1936_134.293_-1.17368
53.3917_133.834_-1.15302
53.5898_133.375_-1.17368
53.7879_132.916_-1.15302
53.9861_132.457_-1.17368
54.1842_131.998_-1.15302
54.3823_131.539_-1.17368
54.5805_131.08_-1.15302
54.7786_130.621_-1.17368
54.9767_130.162_-1.15302
55.1748_129.703_-1.17368
55.373_129.243_-1.15302
55.5711_128.784_-1.17368
55.7692_128.325_-1.15302
55.9674_127.866_-1.17368
56.1655_127.407_-1.15302
56.3636_126.948_-1.17368
56.5618_126.489_-1.15302
56.7599_126.03_-1.17368
56.958_125.571_-1.15302
57.1561_125.112_-1.17368
57.3543_124.653_-1.15302
57.5524_124.194_-1.17368
57.7505_123.735_-1.15302
57.9487_123.276_-1.17368
58.1468_122.817_-1.15302
58.3449_122.358_-1.17368
58.543_121.899_-1.15302
58.7412_121.439_-1.17368
58.9393_120.98_-1.15302
59.1374_120.521_-1.17368
59.3356_120.062_-1.15302
59.5337_119.603_-1.17368
59.7318_119.144_-1.15302
59.93_118.685_-1.17368
60.1281_118.226_-1.15302
60.3262_117.767_-1.17368
60.5243_117.308_-1.15302
60.7225_116.849_-1.17368
60.9206_116.39_-1.15302
61.1187_115.931_-1.17368
61.3169_115.472_-1.15302
61.515_115.013_-1.17368
61.7131_114.554_-1.15302
61.9112_114.095_-1.17368
62.1094_113.635_-1.15302
62.3075_113.176_-1.17368
62.5056_112.717_-1.15302
62.7038_112.258_-1.17368
62.9019_111.799_-1.15302
63.1_111.34_-1.17368
63.2982_110.881_-1.15302
63.4963_110.422_-1.17368
63.6944_109.963_-1.15302
63.8925_109.504_-1.17368
64.0907_109.045_-1.15302
64.2888_108.586_-1.17368
64.4869_108.127_-1.15302
64.6851_107.668_-1.17368
64.8832_107.209_-1.15302
65.0813_106.75_-1.17368
65.2795_106.29_-1.15302
65.4776_105.831_-1.17368
65.6757_105.372_-1.15302
65.8738_104.913_-1.17368
66.072_104.454_-1.15302
66.2701_103.995_-1.17368
66.4682_103.536_-1.15302
66.6664_103.077_-1.17368
66.8645_102.618_-1.15302
67.0626_102.159_-1.17368
67.2607_101.7_-1.15302
67.4683_101.245_-1.13235
67.6759_100.79_-1.15302
67.874_100.331_-1.17368
68.0722_99.872_-1.15302
68.2797_99.4172_-1.13235
68.4873_98.9623_-1.15302
68.6854_98.5032_-1.17368
68.8836_98.0442_-1.15302
69.0911_97.5893_-1.13235
69.2987_97.1345_-1.15302
69.4968_96.6754_-1.17368
69.695_96.2163_-1.15302
69.9025_95.7615_-1.13235
70.1101_95.3066_-1.15302
70.3082_94.8475_-1.17368
70.5064_94.3885_-1.15302
70.714_93.9336_-1.13235
70.9215_93.4787_-1.15302
71.1197_93.0197_-1.17368
71.3178_92.5606_-1.15302
71.5254_92.1058_-1.13235
71.7329_91.6509_-1.15302
71.9311_91.1918_-1.17368
72.1292_90.7328_-1.15302
72.3368_90.2779_-1.13235
72.5443_89.823_-1.15302
72.7425_89.364_-1.17368
72.9406_88.9049_-1.15302
73.1482_88.4501_-1.13235
73.3558_87.9952_-1.15302
73.5539_87.5361_-1.17368
73.752_87.0771_-1.15302
73.9596_86.6222_-1.13235
74.1672_86.1673_-1.15302
74.3653_85.7083_-1.17368
74.5634_85.2492_-1.15302
74.771_84.7943_-1.13235
74.9786_84.3395_-1.15302
75.1767_83.8804_-1.17368
75.3748_83.4214_-1.15302
75.5824_82.9665_-1.13235
75.79_82.5116_-1.15302
75.9881_82.0526_-1.17368
76.1862_81.5935_-1.15302
76.3938_81.1386_-1.13235
76.6014_80.6838_-1.15302
76.7995_80.2247_-1.17368
76.9976_79.7657_-1.15302
77.2052_79.3108_-1.13235
77.4128_78.8559_-1.15302
77.6109_78.3969_-1.17368
77.809_77.9378_-1.15302
78.0166_77.4829_-1.13235
78.2242_77.0281_-1.15302
78.4223_76.569_-1.17368
78.6205_76.1099_-1.15302
78.828_75.6551_-1.13235
79.0356_75.2002_-1.15302
79.2337_74.7412_-1.17368
79.4319_74.2821_-1.15302
79.6394_73.8272_-1.13235
79.847_73.3724_-1.15302
80.0451_72.9133_-1.17368
80.2433_72.4542_-1.15302
80.4508_71.9994_-1.13235
80.6584_71.5445_-1.15302
80.8566_71.0854_-1.17368
81.0547_70.6264_-1.15302
81.2623_70.1715_-1.13235
81.4698_69.7167_-1.15302
81.668_69.2576_-1.17368
81.8661_68.7985_-1.15302
82.0737_68.3437_-1.13235
82.2812_67.8888_-1.15302
82.4794_67.4297_-1.17368
82.6775_66.9707_-1.15302
82.8851_66.5158_-1.13235
83.0926_66.0609_-1.15302
83.2908_65.6019_-1.17368
83.4889_65.1428_-1.15302
83.6965_64.688_-1.13235
83.9041_64.2331_-1.15302
84.1022_63.774_-1.17368
84.3003_63.315_-1.15302
84.5079_62.8601_-1.13235
84.7155_62.4052_-1.15302
84.9136_61.9462_-1.17368
85.1117_61.4871_-1.15302
85.3193_61.0323_-1.13235
85.5269_60.5774_-1.15302
85.725_60.1183_-1.17368
85.9231_59.6593_-1.15302
86.1307_59.2044_-1.13235
86.3383_58.7495_-1.15302
86.5364_58.2905_-1.17368
86.7345_57.8314_-1.15302
86.9421_57.3765_-1.13235
87.1497_56.9217_-1.15302
87.3478_56.4626_-1.17368
87.5459_56.0036_-1.15302
87.7535_55.5487_-1.13235
87.9611_55.0938_-1.15302
88.1592_54.6348_-1.17368
88.3574_54.1757_-1.15302
88.5649_53.7208_-1.13235
88.7725_53.266_-1.15302
88.9706_52.8069_-1.17368
89.1688_52.3479_-1.15302
89.455_51.9418_-0.760317
89.8749_51.6763_-0.367618
90.3644_51.5916_0.0250815
90.8544_51.6808_0.335107
91.3282_51.8404_0.314439
91.8021_51.9999_0.335107
92.2759_52.1594_0.314439
92.7498_52.319_0.335107
93.2236_52.4785_0.314439
93.6975_52.6381_0.335107
94.1713_52.7976_0.314439
94.6452_52.9572_0.335107
95.119_53.1167_0.314439
95.5929_53.2763_0.335107
96.0668_53.4358_0.314439
96.5406_53.5953_0.335107
97.0145_53.7549_0.314439
97.4883_53.9144_0.335107
97.9622_54.074_0.314439
98.436_54.2335_0.335107
98.9099_54.3931_0.314439
99.3837_54.5526_0.335107
99.8576_54.7122_0.314439
100.331_54.8717_0.335107
100.805_55.0312_0.314439
101.279_55.1908_0.335107
101.753_55.3503_0.314439
102.227_55.5099_0.335107
102.701_55.6694_0.314439
103.175_55.829_0.335107
103.648_55.9885_0.314439
104.122_56.148_0.335107
104.596_56.3076_0.314439
105.07_56.4671_0.335107
105.544_56.6267_0.314439
106.018_56.7862_0.335107
106.492_56.9458_0.314439
106.965_57.1053_0.335107
107.439_57.2649_0.314439
107.913_57.4244_0.335107
108.387_57.5839_0.314439
108.861_57.7435_0.335107
109.335_57.903_0.314439
109.808_58.0626_0.335107
110.282_58.2221_0.314439
110.756_58.3817_0.335107
111.23_58.5412_0.314439
111.704_58.7007_0.335107
112.178_58.8603_0.314439
112.652_59.0198_0.335107
113.125_59.1794_0.314439
113.599_59.3389_0.335107
114.073_59.4985_0.314439
114.547_59.658_0.335107
115.021_59.8176_0.314439
115.495_59.9771_0.335107
115.969_60.1366_0.314439
116.442_60.2962_0.335107
116.916_60.4557_0.314439
117.39_60.6153_0.335107
117.864_60.7748_0.314439
118.338_60.9344_0.335107
118.812_61.0939_0.314439
119.286_61.2535_0.335107
119.759_61.413_0.314439
120.233_61.5725_0.335107
120.707_61.7321_0.314439
121.181_61.8916_0.335107
121.655_62.0512_0.314439
122.129_62.2107_0.335107
122.599_62.38_0.355775
122.998_62.5144_0.29377
123.493_62.5627_-0.0989288
123.968_62.4181_-0.491628
124.352_62.1027_-0.884327
124.622_61.6834_-1.11168
124.848_61.2375_-1.09101
125.084_60.7963_-1.07034
125.319_60.3552_-1.09101
125.554_59.9141_-1.07034
125.79_59.4729_-1.09101
126.025_59.0318_-1.07034
126.26_58.5907_-1.09101
126.496_58.1495_-1.07034
126.731_57.7084_-1.09101
126.966_57.2673_-1.07034
127.202_56.8262_-1.09101
127.437_56.385_-1.07034
127.673_55.9439_-1.09101
127.908_55.5028_-1.07034
128.143_55.0616_-1.09101
128.379_54.6205_-1.07034
128.614_54.1794_-1.09101
128.849_53.7382_-1.07034
129.085_53.2971_-1.09101
129.32_52.856_-1.07034
129.555_52.4149_-1.09101
129.791_51.9737_-1.07034
130.026_51.5326_-1.09101
130.262_51.0915_-1.07034
130.497_50.6503_-1.09101
130.732_50.2092_-1.07034
130.968_49.7681_-1.09101
131.203_49.3269_-1.07034
131.438_48.8858_-1.09101
131.674_48.4447_-1.07034
131.909_48.0035_-1.09101
132.144_47.5624_-1.07034
132.38_47.1213_-1.09101
132.615_46.6802_-1.07034
132.851_46.239_-1.09101
133.086_45.7979_-1.07034
133.321_45.3568_-1.09101
133.557_44.9156_-1.07034
133.792_44.4745_-1.09101
134.027_44.0334_-1.07034
134.263_43.5922_-1.09101
134.498_43.1511_-1.07034
134.733_42.71_-1.09101
134.969_42.2689_-1.07034
135.204_41.8277_-1.09101
135.44_41.3866_-1.07034
135.675_40.9455_-1.09101
135.91_40.5043_-1.07034
136.146_40.0632_-1.09101
136.381_39.6221_-1.07034
136.616_39.1809_-1.09101
136.852_38.7398_-1.07034
137.087_38.2987_-1.09101
137.322_37.8576_-1.07034
137.558_37.4164_-1.09101
137.793_36.9753_-1.07034
138.028_36.5342_-1.09101
138.264_36.093_-1.07034
138.499_35.6519_-1.09101
138.735_35.2108_-1.07034
138.97_34.7696_-1.09101
139.205_34.3285_-1.07034
139.441_33.8874_-1.09101
139.676_33.4462_-1.07034
139.911_33.0051_-1.09101
140.147_32.564_-1.07034
140.382_32.1229_-1.09101
140.617_31.6817_-1.07034
140.853_31.2406_-1.09101
141.088_30.7995_-1.07034
141.324_30.3583_-1.09101
141.55_29.9124_-1.11168
141.776_29.4665_-1.09101
142.02_29.0304_-1.02901
142.355_28.6629_-0.636306
142.804_28.4514_-0.243607
143.3_28.4279_0.149092
143.782_28.5575_0.376444
144.249_28.7365_0.355775
144.719_28.9058_0.335107
145.19_29.0751_0.355775
145.66_29.2444_0.335107
146.131_29.4137_0.355775
146.601_29.583_0.335107
147.072_29.7523_0.355775
147.542_29.9216_0.335107
148.013_30.0909_0.355775
148.483_30.2602_0.335107
148.954_30.4295_0.355775
149.424_30.5988_0.335107
149.894_30.7681_0.355775
150.365_30.9374_0.335107
150.835_31.1067_0.355775
151.306_31.276_0.335107
151.776_31.4453_0.355775
152.247_31.6146_0.335107
152.717_31.7839_0.355775
153.188_31.9532_0.335107
153.658_32.1225_0.355775
154.129_32.2918_0.335107
154.599_32.4611_0.355775
155.069_32.6304_0.335107
155.54_32.7997_0.355775
156.01_32.969_0.335107
156.481_33.1383_0.355775
