configuration -14.0353517532_151.94859314_0.0_1.0_147.259887695_176.039077759_0.145212769539_0.989400450557
length 182.053
time 3.00853
roughness 5.02541e-05
-14.0354_151.949_-0
-13.5357_151.933_-0.0620051
-13.0363_151.907_-0.0413367
-12.537_151.881_-0.0620051
-12.0377_151.856_-0.0413367
-11.5379_151.84_-0.0206684
-11.0382_151.825_-0.0413367
-10.5389_151.799_-0.0620051
-10.0396_151.773_-0.0413367
-9.5398_151.757_-0.0206684
-9.04005_151.742_-0.0413367
-8.54073_151.716_-0.0620051
-8.0414_151.69_-0.0413367
-7.54165_151.675_-0.0206684
-7.0419_151.659_-0.0413367
-6.54258_151.634_-0.0620051
-6.04325_151.608_-0.0413367
-5.5435_151.592_-0.0206684
-5.04375_151.577_-0.0413367
-4.54443_151.551_-0.0620051
-4.0451_151.525_-0.0413367
-3.54535_151.51_-0.0206684
-3.0456_151.494_-0.0413367
-2.54628_151.468_-0.0620051
-2.04695_151.442_-0.0413367
-1.5472_151.427_-0.0206684
-1.04745_151.411_-0.0413367
-0.548129_151.386_-0.0620051
-0.0488052_151.36_-0.0413367
0.450946_151.344_-0.0206684
0.950696_151.329_-0.0413367
1.45002_151.303_-0.0620051
1.94934_151.277_-0.0413367
2.44909_151.262_-0.0206684
2.94885_151.246_-0.0413367
3.44817_151.22_-0.0620051
3.94749_151.194_-0.0413367
4.44724_151.179_-0.0206684
4.94699_151.163_-0.0413367
5.44632_151.138_-0.0620051
5.94564_151.112_-0.0413367
6.44539_151.096_-0.0206684
6.94514_151.081_-0.0413367
7.44447_151.055_-0.0620051
7.94379_151.029_-0.0413367
8.44354_151.014_-0.0206684
8.94329_150.998_-0.0413367
9.44262_150.972_-0.0620051
9.94194_150.947_-0.0413367
10.4417_150.931_-0.0206684
10.9414_150.916_-0.0413367
11.4408_150.89_-0.0620051
11.9401_150.864_-0.0413367
12.4398_150.848_-0.0206684
12.8603_150.827_-0.0826735
13.3581_150.852_0.186015
13.8504_150.94_0.165347
14.3444_151.017_0.144679
14.8384_151.094_0.165347
15.3324_151.171_0.144679
15.8264_151.249_0.165347
16.3204_151.326_0.144679
16.8144_151.403_0.165347
17.3084_151.48_0.144679
17.8024_151.557_0.165347
18.2964_151.635_0.144679
18.7904_151.712_0.165347
19.2843_151.789_0.144679
19.7783_151.866_0.165347
20.2723_151.943_0.144679
20.7663_152.021_0.165347
21.2603_152.098_0.144679
21.7543_152.175_0.165347
22.2483_152.252_0.144679
22.7423_152.329_0.165347
23.2363_152.406_0.144679
23.7303_152.484_0.165347
24.2243_152.561_0.144679
24.7183_152.638_0.165347
25.2123_152.715_0.144679
25.7063_152.792_0.165347
26.1986_152.88_0.186015
26.6909_152.967_0.165347
27.1849_153.044_0.144679
27.6789_153.122_0.165347
28.1712_153.209_0.186015
28.6635_153.296_0.165347
29.1575_153.374_0.144679
29.6515_153.451_0.165347
30.1438_153.538_0.186015
30.636_153.626_0.165347
31.1048_153.792_0.516709
31.5421_154.034_0.496041
31.9842_154.268_0.475373
32.4264_154.501_0.496041
32.8686_154.735_0.475373
33.3107_154.968_0.496041
33.7529_155.202_0.475373
34.1951_155.435_0.496041
34.6372_155.668_0.475373
35.0794_155.902_0.496041
35.5216_156.135_0.475373
35.9637_156.369_0.496041
36.4059_156.602_0.475373
36.8481_156.835_0.496041
37.2902_157.069_0.475373
37.7324_157.302_0.496041
38.1746_157.536_0.475373
38.6167_157.769_0.496041
39.0589_158.002_0.475373
39.501_158.236_0.496041
39.9432_158.469_0.475373
40.3854_158.703_0.496041
40.8275_158.936_0.475373
41.2697_159.17_0.496041
41.7119_159.403_0.475373
42.154_159.636_0.496041
42.5962_159.87_0.475373
43.0384_160.103_0.496041
43.4805_160.337_0.475373
43.9227_160.57_0.496041
44.3649_160.803_0.475373
44.807_161.037_0.496041
45.2443_161.279_0.516709
45.6815_161.522_0.496041
46.1237_161.755_0.475373
46.5658_161.989_0.496041
47.0031_162.231_0.516709
47.4403_162.474_0.496041
47.8825_162.707_0.475373
48.3247_162.94_0.496041
48.7619_163.183_0.516709
49.1992_163.425_0.496041
49.6413_163.659_0.475373
50.0835_163.892_0.496041
50.5207_164.135_0.516709
50.958_164.377_0.496041
51.4001_164.611_0.475373
51.8423_164.844_0.496041
52.2796_165.087_0.516709
52.7168_165.329_0.496041
53.159_165.563_0.475373
53.6011_165.796_0.496041
54.0384_166.038_0.516709
54.4756_166.281_0.496041
54.9178_166.514_0.475373
55.3773_166.71_0.330694
55.8485_166.878_0.351362
56.3162_167.054_0.372031
56.7838_167.231_0.351362
57.2514_167.408_0.372031
57.7191_167.585_0.351362
58.1867_167.762_0.372031
58.6544_167.939_0.351362
59.122_168.116_0.372031
59.5897_168.293_0.351362
60.0573_168.47_0.372031
60.5249_168.647_0.351362
60.9926_168.824_0.372031
61.4602_169.001_0.351362
61.9279_169.178_0.372031
62.3955_169.355_0.351362
62.8631_169.531_0.372031
63.3308_169.708_0.351362
63.7984_169.885_0.372031
64.2661_170.062_0.351362
64.7373_170.229_0.330694
65.2085_170.397_0.351362
65.6761_170.574_0.372031
66.1437_170.751_0.351362
66.6149_170.918_0.330694
67.0861_171.085_0.351362
67.5538_171.262_0.372031
68.0214_171.439_0.351362
68.4926_171.606_0.330694
68.9638_171.773_0.351362
69.4314_171.95_0.372031
69.8991_172.127_0.351362
70.3703_172.294_0.330694
70.8415_172.462_0.351362
71.3091_172.639_0.372031
71.7768_172.815_0.351362
72.248_172.983_0.330694
72.7192_173.15_0.351362
73.1868_173.327_0.372031
73.6544_173.504_0.351362
74.1256_173.671_0.330694
74.5968_173.838_0.351362
74.9986_174.083_0.744061
75.4228_174.342_0.351362
75.9136_174.419_-0.0413367
76.3964_174.302_-0.434036
76.7977_174.009_-0.826735
77.1003_173.612_-1.01275
77.3694_173.19_-0.992082
77.6472_172.775_-0.971414
77.925_172.359_-0.992082
78.2028_171.943_-0.971414
78.4805_171.527_-0.992082
78.7583_171.112_-0.971414
79.0361_170.696_-0.992082
79.3139_170.28_-0.971414
79.5917_169.865_-0.992082
79.8695_169.449_-0.971414
80.1472_169.033_-0.992082
80.425_168.617_-0.971414
80.7028_168.202_-0.992082
80.9719_167.78_-1.01275
81.241_167.359_-0.992082
81.5188_166.943_-0.971414
81.7966_166.527_-0.992082
82.0657_166.106_-1.01275
82.3349_165.685_-0.992082
82.6126_165.269_-0.971414
82.8904_164.853_-0.992082
83.1596_164.432_-1.01275
83.4287_164.01_-0.992082
83.7065_163.595_-0.971414
83.9842_163.179_-0.992082
84.2534_162.758_-1.01275
84.5225_162.336_-0.992082
84.8003_161.92_-0.971414
85.0781_161.505_-0.992082
85.3472_161.083_-1.01275
85.6163_160.662_-0.992082
85.8941_160.246_-0.971414
86.1719_159.831_-0.992082
86.441_159.409_-1.01275
86.7101_158.988_-0.992082
86.9879_158.572_-0.971414
87.2657_158.156_-0.992082
87.5348_157.735_-1.01275
87.804_157.314_-0.992082
88.0817_156.898_-0.971414
88.3595_156.482_-0.992082
88.6286_156.061_-1.01275
88.8978_155.639_-0.992082
89.1756_155.224_-0.971414
89.4533_154.808_-0.992082
89.7245_154.42_-0.930077
90.0935_154.087_-0.537378
90.5617_153.921_-0.144679
91.0578_153.946_0.24802
91.532_154.104_0.392699
91.9958_154.29_0.372031
92.4597_154.477_0.392699
92.9236_154.663_0.372031
93.3875_154.85_0.392699
93.8514_155.037_0.372031
94.3153_155.223_0.392699
94.7792_155.41_0.372031
95.243_155.596_0.392699
95.7069_155.783_0.372031
96.1708_155.969_0.392699
96.6347_156.156_0.372031
97.0986_156.342_0.392699
97.5625_156.529_0.372031
98.0263_156.716_0.392699
98.4902_156.902_0.372031
98.9541_157.089_0.392699
99.418_157.275_0.372031
99.8819_157.462_0.392699
100.346_157.648_0.372031
100.81_157.835_0.392699
101.274_158.021_0.372031
101.737_158.208_0.392699
102.201_158.395_0.372031
102.665_158.581_0.392699
103.129_158.768_0.372031
103.593_158.954_0.392699
104.057_159.141_0.372031
104.521_159.327_0.392699
104.985_159.514_0.372031
105.448_159.7_0.392699
105.912_159.887_0.372031
106.376_160.074_0.392699
106.84_160.26_0.372031
107.304_160.447_0.392699
107.768_160.633_0.372031
108.236_160.81_0.351362
108.703_160.987_0.372031
109.167_161.174_0.392699
109.631_161.36_0.372031
110.099_161.537_0.351362
110.566_161.714_0.372031
111.03_161.901_0.392699
111.494_162.087_0.372031
111.962_162.264_0.351362
112.429_162.441_0.372031
112.893_162.628_0.392699
113.357_162.814_0.372031
113.825_162.991_0.351362
114.292_163.168_0.372031
114.756_163.354_0.392699
115.22_163.541_0.372031
115.688_163.718_0.351362
116.155_163.895_0.372031
116.619_164.081_0.392699
117.083_164.268_0.372031
117.551_164.445_0.351362
118.018_164.622_0.372031
118.482_164.808_0.392699
118.946_164.995_0.372031
119.414_165.172_0.351362
119.881_165.349_0.372031
120.345_165.535_0.392699
120.809_165.722_0.372031
121.277_165.899_0.351362
121.745_166.076_0.372031
122.208_166.262_0.392699
122.672_166.449_0.372031
123.14_166.626_0.351362
123.608_166.803_0.372031
124.071_166.989_0.392699
124.535_167.176_0.372031
125.003_167.353_0.351362
125.471_167.53_0.372031
125.935_167.716_0.392699
126.398_167.903_0.372031
126.866_168.08_0.351362
127.334_168.257_0.372031
127.798_168.443_0.392699
128.261_168.63_0.372031
128.729_168.807_0.351362
129.197_168.984_0.372031
129.661_169.17_0.392699
130.125_169.357_0.372031
130.592_169.534_0.351362
131.06_169.711_0.372031
131.524_169.897_0.392699
131.988_170.084_0.372031
132.455_170.261_0.351362
132.923_170.438_0.372031
133.387_170.624_0.392699
133.851_170.811_0.372031
134.318_170.988_0.351362
134.786_171.165_0.372031
135.25_171.351_0.392699
135.714_171.538_0.372031
136.181_171.715_0.351362
136.649_171.892_0.372031
137.113_172.078_0.392699
137.577_172.265_0.372031
138.044_172.442_0.351362
138.512_172.618_0.372031
138.976_172.805_0.392699
139.44_172.992_0.372031
139.907_173.169_0.351362
140.375_173.345_0.372031
140.839_173.532_0.392699
141.303_173.719_0.372031
141.77_173.895_0.351362
142.238_174.072_0.372031
142.702_174.259_0.392699
143.166_174.446_0.372031
143.633_174.622_0.351362
144.101_174.799_0.372031
144.565_174.986_0.392699
145.029_175.172_0.372031
145.497_175.349_0.351362
145.964_175.526_0.372031
146.428_175.713_0.392699
146.892_175.899_0.372031
147.261_176.039_0.351362
