configuration -14.0353517532_151.94859314_0.0_1.0_147.259887695_176.039077759_0.145212769539_0.989400450557
length 180.598
time 3.06391
roughness 3.86637e-05
-14.0354_151.949_-0
-13.5357_151.933_-0.0620051
-13.0363_151.907_-0.0413367
-12.537_151.881_-0.0620051
-12.0377_151.856_-0.0413367
-11.5384_151.83_-0.0620051
-11.0391_151.804_-0.0413367
-10.5397_151.778_-0.0620051
-10.0404_151.752_-0.0413367
-9.54108_151.727_-0.0620051
-9.04176_151.701_-0.0413367
-8.54243_151.675_-0.0620051
-8.04311_151.649_-0.0413367
-7.54379_151.623_-0.0620051
-7.04446_151.597_-0.0413367
-6.54514_151.572_-0.0620051
-6.04582_151.546_-0.0413367
-5.54649_151.52_-0.0620051
-5.04717_151.494_-0.0413367
-4.54784_151.468_-0.0620051
-4.04852_151.442_-0.0413367
-3.5492_151.417_-0.0620051
-3.04987_151.391_-0.0413367
-2.55055_151.365_-0.0620051
-2.05122_151.339_-0.0413367
-1.5519_151.313_-0.0620051
-1.05258_151.288_-0.0413367
-0.553254_151.262_-0.0620051
-0.0539298_151.236_-0.0413367
0.445394_151.21_-0.0620051
0.944718_151.184_-0.0413367
1.44447_151.169_-0.0206684
1.94422_151.153_-0.0413367
2.44354_151.127_-0.0620051
2.94287_151.102_-0.0413367
3.44262_151.086_-0.0206684
3.94237_151.071_-0.0413367
4.44169_151.045_-0.0620051
4.94102_151.019_-0.0413367
5.44077_151.003_-0.0206684
5.94052_150.988_-0.0413367
6.43984_150.962_-0.0620051
6.93917_150.936_-0.0413367
7.43892_150.921_-0.0206684
7.93867_150.905_-0.0413367
8.43799_150.879_-0.0620051
8.93731_150.854_-0.0413367
9.43707_150.838_-0.0206684
9.93682_150.823_-0.0413367
10.4361_150.797_-0.0620051
10.9355_150.771_-0.0413367
11.4352_150.755_-0.0206684
11.935_150.74_-0.0413367
12.4326_150.776_0.186015
12.9249_150.863_0.165347
13.4172_150.951_0.186015
13.9095_151.038_0.165347
14.4018_151.126_0.186015
14.8941_151.213_0.165347
15.3864_151.3_0.186015
15.8787_151.388_0.165347
16.3709_151.475_0.186015
16.8632_151.563_0.165347
17.3555_151.65_0.186015
17.8478_151.737_0.165347
18.3401_151.825_0.186015
18.8324_151.912_0.165347
19.3247_151.999_0.186015
19.817_152.087_0.165347
20.3093_152.174_0.186015
20.8016_152.262_0.165347
21.2939_152.349_0.186015
21.7862_152.436_0.165347
22.2785_152.524_0.186015
22.7708_152.611_0.165347
23.2631_152.699_0.186015
23.7554_152.786_0.165347
24.2477_152.873_0.186015
24.7381_152.971_0.206684
25.2284_153.068_0.186015
25.7207_153.156_0.165347
26.213_153.243_0.186015
26.7034_153.341_0.206684
27.1938_153.438_0.186015
27.6861_153.526_0.165347
28.1784_153.613_0.186015
28.6688_153.711_0.206684
29.1592_153.808_0.186015
29.6514_153.896_0.165347
30.1437_153.983_0.186015
30.6341_154.08_0.206684
31.1039_154.247_0.475373
31.5508_154.471_0.454704
31.9977_154.696_0.475373
32.4446_154.92_0.454704
32.8915_155.144_0.475373
33.3384_155.368_0.454704
33.7853_155.593_0.475373
34.2322_155.817_0.454704
34.6791_156.041_0.475373
35.126_156.265_0.454704
35.5729_156.489_0.475373
36.0198_156.714_0.454704
36.4666_156.938_0.475373
36.9135_157.162_0.454704
37.3604_157.386_0.475373
37.8073_157.611_0.454704
38.2542_157.835_0.475373
38.7011_158.059_0.454704
39.148_158.283_0.475373
39.5949_158.507_0.454704
40.0418_158.732_0.475373
40.4887_158.956_0.454704
40.9356_159.18_0.475373
41.3825_159.404_0.454704
41.8294_159.629_0.475373
42.2763_159.853_0.454704
42.7232_160.077_0.475373
43.1701_160.301_0.454704
43.617_160.526_0.475373
44.0638_160.75_0.454704
44.5107_160.974_0.475373
44.9576_161.198_0.454704
45.4045_161.422_0.475373
45.8514_161.647_0.454704
46.2983_161.871_0.475373
46.7452_162.095_0.454704
47.1966_162.31_0.434036
47.6481_162.525_0.454704
48.095_162.749_0.475373
48.5419_162.973_0.454704
48.9933_163.188_0.434036
49.4447_163.403_0.454704
49.8916_163.628_0.475373
50.3385_163.852_0.454704
50.79_164.067_0.434036
51.2414_164.282_0.454704
51.6883_164.506_0.475373
52.1352_164.73_0.454704
52.5866_164.945_0.434036
53.038_165.16_0.454704
53.4849_165.384_0.475373
53.9318_165.608_0.454704
54.3833_165.823_0.434036
54.8347_166.038_0.454704
55.2816_166.263_0.475373
55.7285_166.487_0.454704
56.1799_166.702_0.434036
56.6313_166.917_0.454704
57.0782_167.141_0.475373
57.5251_167.365_0.454704
57.9766_167.58_0.434036
58.428_167.795_0.454704
58.8749_168.019_0.475373
59.3218_168.243_0.454704
59.7732_168.458_0.434036
60.2247_168.673_0.454704
60.6716_168.898_0.475373
61.1184_169.122_0.454704
61.5699_169.337_0.434036
62.0213_169.552_0.454704
62.4682_169.776_0.475373
62.9151_170_0.454704
63.3665_170.215_0.434036
63.8371_170.382_0.24802
64.3205_170.51_0.268689
64.8011_170.647_0.289357
65.2818_170.785_0.268689
65.7624_170.923_0.289357
66.2431_171.061_0.268689
66.7237_171.198_0.289357
67.2044_171.336_0.268689
67.685_171.474_0.289357
68.1657_171.611_0.268689
68.6463_171.749_0.289357
69.127_171.887_0.268689
69.6076_172.024_0.289357
70.0883_172.162_0.268689
70.569_172.3_0.289357
71.0496_172.438_0.268689
71.5303_172.575_0.289357
72.0109_172.713_0.268689
72.4916_172.851_0.289357
72.9722_172.988_0.268689
73.4529_173.126_0.289357
73.9335_173.264_0.268689
74.4169_173.392_0.24802
74.9003_173.519_0.268689
75.381_173.657_0.289357
75.8756_173.703_-0.103342
76.3503_173.557_-0.496041
76.7327_173.239_-0.88874
77.0356_172.842_-0.950745
77.3219_172.432_-0.971414
77.6083_172.022_-0.950745
77.8946_171.612_-0.971414
78.1809_171.202_-0.950745
78.4672_170.792_-0.971414
78.7535_170.382_-0.950745
79.0398_169.972_-0.971414
79.3261_169.563_-0.950745
79.6209_169.159_-0.930077
79.9156_168.755_-0.950745
80.2019_168.345_-0.971414
80.4882_167.935_-0.950745
80.7829_167.531_-0.930077
81.0777_167.127_-0.950745
81.364_166.717_-0.971414
81.6503_166.307_-0.950745
81.945_165.903_-0.930077
82.2397_165.5_-0.950745
82.526_165.09_-0.971414
82.8123_164.68_-0.950745
83.1071_164.276_-0.930077
83.4018_163.872_-0.950745
83.6881_163.462_-0.971414
83.9744_163.052_-0.950745
84.2691_162.648_-0.930077
84.5639_162.244_-0.950745
84.8502_161.835_-0.971414
85.1365_161.425_-0.950745
85.4312_161.021_-0.930077
85.7259_160.617_-0.950745
86.0122_160.207_-0.971414
86.2986_159.797_-0.950745
86.5933_159.393_-0.930077
86.888_158.989_-0.950745
87.1743_158.579_-0.971414
87.4606_158.169_-0.950745
87.7554_157.766_-0.930077
88.0501_157.362_-0.950745
88.3364_156.952_-0.971414
88.6227_156.542_-0.950745
88.9174_156.138_-0.930077
89.2121_155.734_-0.950745
89.4985_155.324_-0.971414
89.7848_154.914_-0.950745
90.0795_154.51_-0.930077
90.4485_154.178_-0.537378
90.9166_154.012_-0.144679
91.4128_154.037_0.24802
91.8869_154.195_0.392699
92.3508_154.381_0.372031
92.8147_154.568_0.392699
93.2786_154.754_0.372031
93.7425_154.941_0.392699
94.2063_155.127_0.372031
94.6702_155.314_0.392699
95.1341_155.5_0.372031
95.598_155.687_0.392699
96.0619_155.874_0.372031
96.5258_156.06_0.392699
96.9896_156.247_0.372031
97.4535_156.433_0.392699
97.9174_156.62_0.372031
98.3813_156.806_0.392699
98.8452_156.993_0.372031
99.3091_157.179_0.392699
99.7729_157.366_0.372031
100.237_157.553_0.392699
100.701_157.739_0.372031
101.165_157.926_0.392699
101.628_158.112_0.372031
102.092_158.299_0.392699
102.556_158.485_0.372031
103.02_158.672_0.392699
103.484_158.858_0.372031
103.948_159.045_0.392699
104.412_159.232_0.372031
104.876_159.418_0.392699
105.34_159.605_0.372031
105.803_159.791_0.392699
106.267_159.978_0.372031
106.731_160.164_0.392699
107.195_160.351_0.372031
107.659_160.537_0.392699
108.123_160.724_0.372031
108.587_160.911_0.392699
109.051_161.097_0.372031
109.515_161.284_0.392699
109.978_161.47_0.372031
110.442_161.657_0.392699
110.906_161.843_0.372031
111.37_162.03_0.392699
111.834_162.216_0.372031
112.302_162.393_0.351362
112.769_162.57_0.372031
113.233_162.757_0.392699
113.697_162.943_0.372031
114.165_163.12_0.351362
114.632_163.297_0.372031
115.096_163.484_0.392699
115.56_163.67_0.372031
116.028_163.847_0.351362
116.495_164.024_0.372031
116.959_164.211_0.392699
117.423_164.397_0.372031
117.891_164.574_0.351362
118.358_164.751_0.372031
118.822_164.938_0.392699
119.286_165.124_0.372031
119.754_165.301_0.351362
120.221_165.478_0.372031
120.685_165.665_0.392699
121.149_165.851_0.372031
121.617_166.028_0.351362
122.084_166.205_0.372031
122.548_166.392_0.392699
123.012_166.578_0.372031
123.48_166.755_0.351362
123.948_166.932_0.372031
124.411_167.119_0.392699
124.875_167.305_0.372031
125.343_167.482_0.351362
125.811_167.659_0.372031
126.274_167.846_0.392699
126.738_168.032_0.372031
127.206_168.209_0.351362
127.674_168.386_0.372031
128.137_168.573_0.392699
128.601_168.759_0.372031
129.069_168.936_0.351362
129.537_169.113_0.372031
130.001_169.299_0.392699
130.464_169.486_0.372031
130.932_169.663_0.351362
131.4_169.84_0.372031
131.864_170.026_0.392699
132.327_170.213_0.372031
132.795_170.39_0.351362
133.263_170.567_0.372031
133.727_170.753_0.392699
134.191_170.94_0.372031
134.658_171.117_0.351362
135.126_171.294_0.372031
135.59_171.48_0.392699
136.054_171.667_0.372031
136.521_171.844_0.351362
136.989_172.021_0.372031
137.453_172.207_0.392699
137.917_172.394_0.372031
138.384_172.571_0.351362
138.852_172.748_0.372031
139.316_172.934_0.392699
139.78_173.121_0.372031
140.247_173.298_0.351362
140.715_173.475_0.372031
141.179_173.661_0.392699
141.643_173.848_0.372031
142.11_174.025_0.351362
142.578_174.202_0.372031
143.042_174.388_0.392699
143.506_174.575_0.372031
143.973_174.752_0.351362
144.441_174.929_0.372031
144.905_175.115_0.392699
145.369_175.302_0.372031
145.836_175.479_0.351362
146.304_175.656_0.372031
146.768_175.842_0.392699
147.232_176.029_0.372031
