configuration 161.70602417_-18.2518405914_0.169978369946_0.985447793519_193.750076294_109.599342346_0.85380148664_0.520598714377
length 172.357
time 13.7023
roughness 5.70595e-05
161.706_-18.2518_0.341615
162.163_-18.0509_0.486294
162.608_-17.8218_0.465626
163.052_-17.5927_0.486294
163.497_-17.3636_0.465626
163.941_-17.1345_0.486294
164.385_-16.9054_0.465626
164.83_-16.6763_0.486294
165.274_-16.4473_0.465626
165.719_-16.2182_0.486294
166.163_-15.9891_0.465626
166.608_-15.76_0.486294
167.052_-15.5309_0.465626
167.496_-15.3018_0.486294
167.941_-15.0727_0.465626
168.385_-14.8436_0.486294
168.83_-14.6145_0.465626
169.274_-14.3854_0.486294
169.719_-14.1563_0.465626
170.163_-13.9272_0.486294
170.607_-13.6982_0.465626
171.052_-13.4691_0.486294
171.496_-13.24_0.465626
171.941_-13.0109_0.486294
172.385_-12.7818_0.465626
172.829_-12.5527_0.486294
173.274_-12.3236_0.465626
173.718_-12.0945_0.486294
174.163_-11.8654_0.465626
174.607_-11.6363_0.486294
175.052_-11.4072_0.465626
175.496_-11.1781_0.486294
175.94_-10.9491_0.465626
176.385_-10.72_0.486294
176.829_-10.4909_0.465626
177.274_-10.2618_0.486294
177.718_-10.0327_0.465626
178.162_-9.80359_0.486294
178.607_-9.5745_0.465626
179.051_-9.34541_0.486294
179.496_-9.11632_0.465626
179.94_-8.88723_0.486294
180.385_-8.65813_0.465626
180.829_-8.42904_0.486294
181.273_-8.19995_0.465626
181.718_-7.97086_0.486294
182.162_-7.74177_0.465626
182.607_-7.51267_0.486294
183.051_-7.28358_0.465626
183.495_-7.05449_0.486294
183.94_-6.8254_0.465626
184.384_-6.59631_0.486294
184.829_-6.36722_0.465626
185.273_-6.13812_0.486294
185.718_-5.90903_0.465626
186.167_-5.68917_0.444957
186.616_-5.46932_0.465626
187.06_-5.24022_0.486294
187.505_-5.01113_0.465626
187.954_-4.79127_0.444957
188.403_-4.57142_0.465626
188.847_-4.34232_0.486294
189.291_-4.11323_0.465626
189.741_-3.89337_0.444957
190.19_-3.67352_0.465626
190.634_-3.44442_0.486294
191.078_-3.21533_0.465626
191.528_-2.99547_0.444957
191.977_-2.77562_0.465626
192.421_-2.54652_0.486294
192.865_-2.31743_0.465626
193.314_-2.09757_0.444957
193.764_-1.87772_0.465626
194.044_-1.73303_0.486294
194.43_-1.41963_0.878993
194.666_-0.98257_1.27169
194.717_-0.488397_1.66439
194.604_-0.00279387_1.93308
194.432_0.466549_1.91241
194.259_0.935892_1.93308
194.087_1.40523_1.91241
193.924_1.87804_1.89174
193.762_2.35084_1.91241
193.589_2.82019_1.93308
193.417_3.28953_1.91241
193.254_3.76233_1.89174
193.109_4.15751_1.95375
192.927_4.62319_1.93308
192.755_5.09254_1.91241
192.583_5.56188_1.93308
192.41_6.03122_1.91241
192.238_6.50057_1.93308
192.066_6.96991_1.91241
191.893_7.43925_1.93308
191.721_7.90859_1.91241
191.548_8.37794_1.93308
191.376_8.84728_1.91241
191.204_9.31662_1.93308
191.031_9.78597_1.91241
190.859_10.2553_1.93308
190.687_10.7247_1.91241
190.514_11.194_1.93308
190.342_11.6633_1.91241
190.17_12.1327_1.93308
189.997_12.602_1.91241
189.825_13.0714_1.93308
189.652_13.5407_1.91241
189.48_14.0101_1.93308
189.308_14.4794_1.91241
189.135_14.9487_1.93308
188.963_15.4181_1.91241
188.791_15.8874_1.93308
188.618_16.3568_1.91241
188.446_16.8261_1.93308
188.274_17.2955_1.91241
188.101_17.7648_1.93308
187.929_18.2341_1.91241
187.757_18.7035_1.93308
187.584_19.1728_1.91241
187.412_19.6422_1.93308
187.239_20.1115_1.91241
187.067_20.5809_1.93308
186.895_21.0502_1.91241
186.722_21.5195_1.93308
186.55_21.9889_1.91241
186.378_22.4582_1.93308
186.205_22.9276_1.91241
186.033_23.3969_1.93308
185.861_23.8663_1.91241
185.688_24.3356_1.93308
185.516_24.8049_1.91241
185.343_25.2743_1.93308
185.161_25.74_1.95375
184.979_26.2056_1.93308
184.807_26.675_1.91241
184.635_27.1443_1.93308
184.453_27.61_1.95375
184.271_28.0757_1.93308
184.098_28.545_1.91241
183.926_29.0144_1.93308
183.744_29.4801_1.95375
183.562_29.9457_1.93308
183.39_30.4151_1.91241
183.217_30.8844_1.93308
183.035_31.3501_1.95375
182.853_31.8158_1.93308
182.681_32.2851_1.91241
182.508_32.7545_1.93308
182.326_33.2201_1.95375
182.144_33.6858_1.93308
181.972_34.1552_1.91241
181.8_34.6245_1.93308
181.618_35.0902_1.95375
181.436_35.5559_1.93308
181.263_36.0252_1.91241
181.091_36.4946_1.93308
180.909_36.9602_1.95375
180.727_37.4259_1.93308
180.554_37.8953_1.91241
180.382_38.3646_1.93308
180.2_38.8303_1.95375
180.018_39.296_1.93308
179.846_39.7653_1.91241
179.673_40.2347_1.93308
179.491_40.7003_1.95375
179.309_41.166_1.93308
179.137_41.6354_1.91241
178.965_42.1047_1.93308
178.782_42.5704_1.95375
178.6_43.0361_1.93308
178.428_43.5054_1.91241
178.256_43.9747_1.93308
178.074_44.4404_1.95375
177.892_44.9061_1.93308
177.719_45.3754_1.91241
177.547_45.8448_1.93308
177.365_46.3105_1.95375
177.183_46.7762_1.93308
177.011_47.2455_1.91241
176.838_47.7148_1.93308
176.656_48.1805_1.95375
176.474_48.6462_1.93308
176.302_49.1155_1.91241
176.129_49.5849_1.93308
175.947_50.0506_1.95375
175.765_50.5162_1.93308
175.593_50.9856_1.91241
175.421_51.4549_1.93308
175.239_51.9206_1.95375
175.057_52.3863_1.93308
174.884_52.8556_1.91241
174.712_53.325_1.93308
174.53_53.7907_1.95375
174.348_54.2563_1.93308
174.175_54.7257_1.91241
174.003_55.195_1.93308
173.821_55.6607_1.95375
173.639_56.1264_1.93308
173.467_56.5957_1.91241
173.294_57.0651_1.93308
173.112_57.5308_1.95375
172.93_57.9964_1.93308
172.758_58.4658_1.91241
172.586_58.9351_1.93308
172.404_59.4008_1.95375
172.222_59.8665_1.93308
172.049_60.3358_1.91241
171.877_60.8052_1.93308
171.695_61.2708_1.95375
171.513_61.7365_1.93308
171.34_62.2059_1.91241
171.168_62.6752_1.93308
170.986_63.1409_1.95375
170.804_63.6066_1.93308
170.632_64.0759_1.91241
170.459_64.5453_1.93308
170.277_65.0109_1.95375
170.095_65.4766_1.93308
169.923_65.946_1.91241
169.75_66.4153_1.93308
169.568_66.881_1.95375
169.386_67.3467_1.93308
169.214_67.816_1.91241
169.042_68.2854_1.93308
168.86_68.751_1.95375
168.678_69.2167_1.93308
168.505_69.6861_1.91241
168.333_70.1554_1.93308
168.151_70.6211_1.95375
167.969_71.0868_1.93308
167.797_71.5561_1.91241
167.624_72.0254_1.93308
167.442_72.4911_1.95375
167.26_72.9568_1.93308
167.088_73.4261_1.91241
166.915_73.8955_1.93308
166.733_74.3612_1.95375
166.551_74.8269_1.93308
166.379_75.2962_1.91241
166.207_75.7655_1.93308
166.025_76.2312_1.95375
165.843_76.6969_1.93308
165.67_77.1662_1.91241
165.498_77.6356_1.93308
165.316_78.1013_1.95375
165.134_78.5669_1.93308
164.961_79.0363_1.91241
164.789_79.5056_1.93308
164.607_79.9713_1.95375
164.425_80.437_1.93308
164.343_80.927_1.54038
164.455_81.411_1.14768
164.743_81.8155_0.754983
165.154_82.0967_0.444957
165.603_82.3166_0.465626
166.048_82.5456_0.486294
166.492_82.7747_0.465626
166.936_83.0038_0.486294
167.381_83.2329_0.465626
167.825_83.462_0.486294
168.27_83.6911_0.465626
168.714_83.9202_0.486294
169.159_84.1493_0.465626
169.603_84.3784_0.486294
170.047_84.6075_0.465626
170.492_84.8366_0.486294
170.936_85.0657_0.465626
171.381_85.2948_0.486294
171.825_85.5238_0.465626
172.269_85.7529_0.486294
172.714_85.982_0.465626
173.158_86.2111_0.486294
173.603_86.4402_0.465626
174.047_86.6693_0.486294
174.492_86.8984_0.465626
174.936_87.1275_0.486294
175.38_87.3566_0.465626
175.825_87.5857_0.486294
176.269_87.8148_0.465626
176.714_88.0439_0.486294
177.158_88.2729_0.465626
177.603_88.502_0.486294
178.047_88.7311_0.465626
178.491_88.9602_0.486294
178.936_89.1893_0.465626
179.38_89.4184_0.486294
179.825_89.6475_0.465626
180.269_89.8766_0.486294
180.713_90.1057_0.465626
181.158_90.3348_0.486294
181.602_90.5639_0.465626
182.047_90.793_0.486294
182.486_91.0312_0.506962
182.926_91.2694_0.486294
183.37_91.4985_0.465626
183.815_91.7276_0.486294
184.254_91.9658_0.506962
184.694_92.2041_0.486294
185.138_92.4331_0.465626
185.583_92.6622_0.486294
186.022_92.9005_0.506962
186.462_93.1387_0.486294
186.906_93.3678_0.465626
187.351_93.5969_0.486294
187.79_93.8351_0.506962
188.23_94.0733_0.486294
188.674_94.3024_0.465626
189.119_94.5315_0.486294
189.558_94.7697_0.506962
189.998_95.008_0.486294
190.442_95.2371_0.465626
190.887_95.4662_0.486294
191.326_95.7044_0.506962
191.766_95.9426_0.486294
192.21_96.1717_0.465626
192.655_96.4008_0.486294
193.094_96.639_0.506962
193.534_96.8772_0.486294
193.978_97.1063_0.465626
194.423_97.3354_0.486294
194.671_97.5285_0.837656
194.925_97.9555_1.23036
194.996_98.4471_1.62305
194.954_98.9453_1.68506
194.903_99.4426_1.66439
194.851_99.9399_1.68506
194.799_100.437_1.66439
194.747_100.934_1.68506
194.685_101.431_1.70573
194.623_101.927_1.68506
194.571_102.424_1.66439
194.519_102.921_1.68506
194.457_103.417_1.70573
194.395_103.914_1.68506
194.343_104.411_1.66439
194.291_104.908_1.68506
194.229_105.404_1.70573
194.167_105.9_1.68506
194.115_106.398_1.66439
194.063_106.895_1.68506
194.001_107.391_1.70573
193.939_107.887_1.68506
193.887_108.384_1.66439
193.835_108.882_1.68506
193.773_109.378_1.70573
