configuration 161.70602417_-18.2518405914_0.169978369946_0.985447793519_193.750076294_109.599342346_0.85380148664_0.520598714377
length 172.55
time 10.3335
roughness 5.76205e-05
161.706_-18.2518_0.341615
162.163_-18.0509_0.486294
162.603_-17.8127_0.506962
163.043_-17.5744_0.486294
163.482_-17.3362_0.506962
163.922_-17.098_0.486294
164.361_-16.8598_0.506962
164.801_-16.6215_0.486294
165.241_-16.3833_0.506962
165.68_-16.1451_0.486294
166.12_-15.9069_0.506962
166.559_-15.6686_0.486294
166.999_-15.4304_0.506962
167.438_-15.1922_0.486294
167.878_-14.9539_0.506962
168.318_-14.7157_0.486294
168.757_-14.4775_0.506962
169.197_-14.2393_0.486294
169.636_-14.001_0.506962
170.076_-13.7628_0.486294
170.516_-13.5246_0.506962
170.955_-13.2863_0.486294
171.395_-13.0481_0.506962
171.834_-12.8099_0.486294
172.274_-12.5717_0.506962
172.714_-12.3334_0.486294
173.153_-12.0952_0.506962
173.593_-11.857_0.486294
174.032_-11.6188_0.506962
174.472_-11.3805_0.486294
174.911_-11.1423_0.506962
175.351_-10.9041_0.486294
175.791_-10.6658_0.506962
176.23_-10.4276_0.486294
176.67_-10.1894_0.506962
177.109_-9.95116_0.486294
177.549_-9.71293_0.506962
177.989_-9.4747_0.486294
178.428_-9.23648_0.506962
178.868_-8.99825_0.486294
179.307_-8.76002_0.506962
179.747_-8.52179_0.486294
180.187_-8.28356_0.506962
180.626_-8.04534_0.486294
181.066_-7.80711_0.506962
181.505_-7.56888_0.486294
181.945_-7.33065_0.506962
182.384_-7.09243_0.486294
182.824_-6.8542_0.506962
183.264_-6.61597_0.486294
183.703_-6.37774_0.506962
184.143_-6.13952_0.486294
184.582_-5.90129_0.506962
185.022_-5.66306_0.486294
185.462_-5.42483_0.506962
185.901_-5.18661_0.486294
186.341_-4.94838_0.506962
186.78_-4.71015_0.486294
187.22_-4.47192_0.506962
187.66_-4.23369_0.486294
188.099_-3.99547_0.506962
188.539_-3.75724_0.486294
188.978_-3.51901_0.506962
189.418_-3.28078_0.486294
189.858_-3.04256_0.506962
190.297_-2.80433_0.486294
190.737_-2.5661_0.506962
191.176_-2.32787_0.486294
191.616_-2.08965_0.506962
192.055_-1.85142_0.486294
192.495_-1.61319_0.506962
192.935_-1.37496_0.486294
193.374_-1.13673_0.506962
193.814_-0.898507_0.486294
194.253_-0.66028_0.506962
194.693_-0.422052_0.486294
195.078_-0.108652_0.878993
195.315_0.328404_1.27169
195.366_0.822577_1.66439
195.243_1.30527_1.97442
195.051_1.76709_1.95375
194.869_2.23277_1.93308
194.687_2.69845_1.95375
194.505_3.16413_1.93308
194.323_3.62981_1.95375
194.141_4.09549_1.93308
193.959_4.56117_1.95375
193.777_5.02685_1.93308
193.595_5.49253_1.95375
193.413_5.95821_1.93308
193.231_6.42389_1.95375
193.049_6.88957_1.93308
192.867_7.35525_1.95375
192.685_7.82093_1.93308
192.503_8.28661_1.95375
192.321_8.75229_1.93308
192.139_9.21797_1.95375
191.957_9.68365_1.93308
191.775_10.1493_1.95375
191.593_10.615_1.93308
191.411_11.0807_1.95375
191.229_11.5464_1.93308
191.047_12.0121_1.95375
190.865_12.4777_1.93308
190.683_12.9434_1.95375
190.501_13.4091_1.93308
190.319_13.8748_1.95375
190.137_14.3405_1.93308
189.955_14.8061_1.95375
189.773_15.2718_1.93308
189.591_15.7375_1.95375
189.409_16.2032_1.93308
189.227_16.6689_1.95375
189.045_17.1345_1.93308
188.863_17.6002_1.95375
188.681_18.0659_1.93308
188.499_18.5316_1.95375
188.317_18.9973_1.93308
188.135_19.4629_1.95375
187.953_19.9286_1.93308
187.77_20.3943_1.95375
187.588_20.86_1.93308
187.406_21.3257_1.95375
187.224_21.7913_1.93308
187.042_22.257_1.95375
186.86_22.7227_1.93308
186.678_23.1884_1.95375
186.496_23.6541_1.93308
186.314_24.1197_1.95375
186.132_24.5854_1.93308
185.95_25.0511_1.95375
185.768_25.5168_1.93308
185.586_25.9825_1.95375
185.404_26.4481_1.93308
185.222_26.9138_1.95375
185.04_27.3795_1.93308
184.858_27.8452_1.95375
184.676_28.3109_1.93308
184.494_28.7766_1.95375
184.312_29.2422_1.93308
184.13_29.7079_1.95375
183.948_30.1736_1.93308
183.776_30.6429_1.91241
183.603_31.1123_1.93308
183.421_31.578_1.95375
183.239_32.0436_1.93308
183.067_32.513_1.91241
182.894_32.9823_1.93308
182.712_33.448_1.95375
182.53_33.9137_1.93308
182.358_34.383_1.91241
182.186_34.8524_1.93308
182.004_35.3181_1.95375
181.822_35.7837_1.93308
181.649_36.2531_1.91241
181.477_36.7224_1.93308
181.295_37.1881_1.95375
181.113_37.6538_1.93308
180.941_38.1231_1.91241
180.768_38.5925_1.93308
180.586_39.0581_1.95375
180.404_39.5238_1.93308
180.232_39.9932_1.91241
180.059_40.4625_1.93308
179.877_40.9282_1.95375
179.695_41.3939_1.93308
179.523_41.8632_1.91241
179.351_42.3326_1.93308
179.169_42.7982_1.95375
178.987_43.2639_1.93308
178.814_43.7333_1.91241
178.642_44.2026_1.93308
178.46_44.6683_1.95375
178.278_45.134_1.93308
178.105_45.6033_1.91241
177.933_46.0727_1.93308
177.751_46.5383_1.95375
177.569_47.004_1.93308
177.397_47.4734_1.91241
177.224_47.9427_1.93308
177.042_48.4084_1.95375
176.86_48.8741_1.93308
176.688_49.3434_1.91241
176.516_49.8127_1.93308
176.334_50.2784_1.95375
176.152_50.7441_1.93308
175.979_51.2134_1.91241
175.807_51.6828_1.93308
175.625_52.1485_1.95375
175.443_52.6142_1.93308
175.27_53.0835_1.91241
175.098_53.5528_1.93308
174.916_54.0185_1.95375
174.734_54.4842_1.93308
174.562_54.9535_1.91241
174.389_55.4229_1.93308
174.207_55.8886_1.95375
174.025_56.3542_1.93308
173.853_56.8236_1.91241
173.68_57.2929_1.93308
173.498_57.7586_1.95375
173.316_58.2243_1.93308
173.144_58.6936_1.91241
172.972_59.163_1.93308
172.79_59.6287_1.95375
172.608_60.0943_1.93308
172.444_60.539_1.91241
172.262_61.0046_1.97442
172.071_61.4664_1.95375
171.879_61.9282_1.97442
171.688_62.39_1.95375
171.496_62.8519_1.97442
171.304_63.3137_1.95375
171.113_63.7755_1.97442
170.921_64.2373_1.95375
170.729_64.6991_1.97442
170.538_65.161_1.95375
170.346_65.6228_1.97442
170.155_66.0846_1.95375
169.963_66.5464_1.97442
169.771_67.0082_1.95375
169.58_67.4701_1.97442
169.388_67.9319_1.95375
169.197_68.3937_1.97442
169.005_68.8555_1.95375
168.813_69.3173_1.97442
168.622_69.7792_1.95375
168.43_70.241_1.97442
168.239_70.7028_1.95375
168.047_71.1646_1.97442
167.855_71.6264_1.95375
167.664_72.0882_1.97442
167.472_72.5501_1.95375
167.29_73.0157_1.93308
167.108_73.4814_1.95375
166.916_73.9432_1.97442
166.725_74.4051_1.95375
166.543_74.8707_1.93308
166.361_75.3364_1.95375
166.169_75.7982_1.97442
165.978_76.2601_1.95375
165.796_76.7257_1.93308
165.614_77.1914_1.95375
165.422_77.6532_1.97442
165.23_78.1151_1.95375
165.048_78.5807_1.93308
164.866_79.0464_1.95375
164.675_79.5082_1.97442
164.502_79.9494_1.91241
164.43_80.4409_1.51971
164.552_80.9226_1.12701
164.849_81.321_0.734315
165.26_81.6025_0.465626
165.705_81.8316_0.486294
166.144_82.0698_0.506962
166.584_82.308_0.486294
167.023_82.5463_0.506962
167.463_82.7845_0.486294
167.903_83.0227_0.506962
168.342_83.2609_0.486294
168.782_83.4992_0.506962
169.221_83.7374_0.486294
169.661_83.9756_0.506962
170.1_84.2138_0.486294
170.54_84.4521_0.506962
170.98_84.6903_0.486294
171.419_84.9285_0.506962
171.859_85.1668_0.486294
172.298_85.405_0.506962
172.738_85.6432_0.486294
173.178_85.8814_0.506962
173.617_86.1197_0.486294
174.057_86.3579_0.506962
174.496_86.5961_0.486294
174.936_86.8343_0.506962
175.376_87.0726_0.486294
175.815_87.3108_0.506962
176.255_87.549_0.486294
176.694_87.7873_0.506962
177.134_88.0255_0.486294
177.573_88.2637_0.506962
178.013_88.5019_0.486294
178.453_88.7402_0.506962
178.892_88.9784_0.486294
179.332_89.2166_0.506962
179.771_89.4549_0.486294
180.211_89.6931_0.506962
180.651_89.9313_0.486294
181.09_90.1695_0.506962
181.53_90.4078_0.486294
181.969_90.646_0.506962
182.409_90.8842_0.486294
182.849_91.1224_0.506962
183.288_91.3607_0.486294
183.728_91.5989_0.506962
184.167_91.8371_0.486294
184.607_92.0754_0.506962
185.047_92.3136_0.486294
185.486_92.5518_0.506962
185.926_92.79_0.486294
186.365_93.0283_0.506962
186.805_93.2665_0.486294
187.244_93.5047_0.506962
187.684_93.743_0.486294
188.124_93.9812_0.506962
188.563_94.2194_0.486294
189.003_94.4576_0.506962
189.442_94.6959_0.486294
189.882_94.9341_0.506962
190.322_95.1723_0.486294
190.761_95.4105_0.506962
191.201_95.6488_0.486294
191.64_95.887_0.506962
192.08_96.1252_0.486294
192.52_96.3635_0.506962
192.959_96.6017_0.486294
193.399_96.8399_0.506962
193.838_97.0781_0.486294
194.283_97.3072_0.465626
194.626_97.5024_0.568968
194.984_97.8465_0.961667
195.183_98.3016_1.35437
195.203_98.7986_1.70573
195.141_99.2947_1.68506
195.079_99.7908_1.70573
195.017_100.287_1.68506
194.955_100.783_1.70573
194.883_101.278_1.7264
194.81_101.773_1.70573
194.748_102.269_1.68506
194.686_102.765_1.70573
194.614_103.259_1.7264
194.541_103.754_1.70573
194.479_104.25_1.68506
194.417_104.746_1.70573
194.345_105.241_1.7264
194.272_105.736_1.70573
194.21_106.232_1.68506
194.148_106.728_1.70573
194.075_107.223_1.7264
194.003_107.718_1.70573
193.941_108.214_1.68506
193.879_108.71_1.70573
193.806_109.205_1.7264
193.725_109.591_1.82974
