configuration 133.385482788_115.927223206_-0.986328190641_0.164792901387_34.5528411865_13.6445770264_-0.541385985877_0.840774175564
length 177.573
time 14.8064
roughness 5.76854e-05
133.385_115.927_-2.8105
132.922_115.741_-2.70715
132.471_115.525_-2.68649
132.019_115.31_-2.70715
131.568_115.095_-2.68649
131.116_114.88_-2.70715
130.665_114.665_-2.68649
130.214_114.45_-2.70715
129.762_114.235_-2.68649
129.311_114.02_-2.70715
128.86_113.804_-2.68649
128.408_113.589_-2.70715
127.957_113.374_-2.68649
127.506_113.159_-2.70715
127.054_112.944_-2.68649
126.603_112.729_-2.70715
126.147_112.523_-2.72782
125.692_112.317_-2.70715
125.24_112.102_-2.68649
124.789_111.887_-2.70715
124.333_111.681_-2.72782
123.878_111.476_-2.70715
123.426_111.26_-2.68649
122.975_111.045_-2.70715
122.519_110.84_-2.72782
122.063_110.634_-2.70715
121.612_110.419_-2.68649
121.161_110.204_-2.70715
120.705_109.998_-2.72782
120.249_109.792_-2.70715
119.798_109.577_-2.68649
119.347_109.362_-2.70715
118.891_109.156_-2.72782
118.435_108.95_-2.70715
117.984_108.735_-2.68649
117.533_108.52_-2.70715
117.077_108.314_-2.72782
116.621_108.109_-2.70715
116.17_107.894_-2.68649
115.719_107.678_-2.70715
115.263_107.473_-2.72782
114.807_107.267_-2.70715
114.356_107.052_-2.68649
113.904_106.837_-2.70715
113.449_106.631_-2.72782
112.993_106.425_-2.70715
112.542_106.21_-2.68649
112.09_105.995_-2.70715
111.635_105.789_-2.72782
111.179_105.583_-2.70715
110.728_105.368_-2.68649
110.276_105.153_-2.70715
109.821_104.947_-2.72782
109.365_104.742_-2.70715
108.914_104.527_-2.68649
108.462_104.311_-2.70715
108.006_104.106_-2.72782
107.551_103.9_-2.70715
107.099_103.685_-2.68649
106.648_103.47_-2.70715
106.192_103.264_-2.72782
105.737_103.058_-2.70715
105.285_102.843_-2.68649
104.834_102.628_-2.70715
104.378_102.422_-2.72782
103.923_102.216_-2.70715
103.471_102.001_-2.68649
103.02_101.786_-2.70715
102.564_101.58_-2.72782
102.109_101.375_-2.70715
101.657_101.16_-2.68649
101.206_100.944_-2.70715
100.75_100.739_-2.72782
100.294_100.533_-2.70715
99.8431_100.318_-2.68649
99.3918_100.103_-2.70715
98.9361_99.897_-2.72782
98.4804_99.6912_-2.70715
98.029_99.4761_-2.68649
97.5777_99.261_-2.70715
97.122_99.0552_-2.72782
96.6663_98.8495_-2.70715
96.2149_98.6344_-2.68649
95.7636_98.4192_-2.70715
95.3079_98.2135_-2.72782
94.8522_98.0078_-2.70715
94.4009_97.7926_-2.68649
93.9495_97.5775_-2.70715
93.4938_97.3718_-2.72782
93.0381_97.166_-2.70715
92.5868_96.9509_-2.68649
92.1354_96.7358_-2.70715
91.6797_96.53_-2.72782
91.224_96.3243_-2.70715
90.7727_96.1091_-2.68649
90.3213_95.894_-2.70715
89.8656_95.6883_-2.72782
89.4099_95.4825_-2.70715
88.9586_95.2674_-2.68649
88.5073_95.0523_-2.70715
88.0516_94.8465_-2.72782
87.5959_94.6408_-2.70715
87.1445_94.4257_-2.68649
86.6932_94.2105_-2.70715
86.2375_94.0048_-2.72782
85.7818_93.799_-2.70715
85.3304_93.5839_-2.68649
84.8791_93.3688_-2.70715
84.4234_93.1631_-2.72782
83.9677_92.9573_-2.70715
83.5163_92.7422_-2.68649
83.065_92.5271_-2.70715
82.6093_92.3213_-2.72782
82.1536_92.1156_-2.70715
81.7023_91.9004_-2.68649
81.2509_91.6853_-2.70715
80.7952_91.4796_-2.72782
80.3395_91.2738_-2.70715
79.8882_91.0587_-2.68649
79.4368_90.8436_-2.70715
78.9811_90.6378_-2.72782
78.5254_90.4321_-2.70715
78.0741_90.217_-2.68649
77.6227_90.0018_-2.70715
77.167_89.7961_-2.72782
76.7114_89.5903_-2.70715
76.26_89.3752_-2.68649
75.8087_89.1601_-2.70715
75.353_88.9543_-2.72782
74.8973_88.7486_-2.70715
74.4459_88.5335_-2.68649
74.0509_88.2322_-2.29379
73.8012_87.8028_-1.90109
73.7348_87.3104_-1.50839
73.8422_86.8241_-1.19836
74.0194_86.3566_-1.21903
74.1868_85.8854_-1.2397
74.3542_85.4143_-1.21903
74.5216_84.9432_-1.2397
74.689_84.4721_-1.21903
74.8564_84.0009_-1.2397
75.0239_83.5298_-1.21903
75.1913_83.0587_-1.2397
75.3587_82.5875_-1.21903
75.5261_82.1164_-1.2397
75.6935_81.6453_-1.21903
75.8609_81.1741_-1.2397
76.0283_80.703_-1.21903
76.1958_80.2319_-1.2397
76.3632_79.7608_-1.21903
76.5306_79.2896_-1.2397
76.698_78.8185_-1.21903
76.8654_78.3474_-1.2397
77.0328_77.8762_-1.21903
77.2002_77.4051_-1.2397
77.3677_76.934_-1.21903
77.5351_76.4629_-1.2397
77.7025_75.9917_-1.21903
77.8699_75.5206_-1.2397
78.0373_75.0495_-1.21903
78.2047_74.5783_-1.2397
78.3721_74.1072_-1.21903
78.5396_73.6361_-1.2397
78.707_73.1649_-1.21903
78.8744_72.6938_-1.2397
79.0418_72.2227_-1.21903
79.2092_71.7516_-1.2397
79.3766_71.2804_-1.21903
79.5537_70.8129_-1.19836
79.7309_70.3453_-1.21903
79.8983_69.8742_-1.2397
80.0657_69.403_-1.21903
80.2428_68.9355_-1.19836
80.4199_68.4679_-1.21903
80.5873_67.9968_-1.2397
80.7548_67.5256_-1.21903
80.9319_67.0581_-1.19836
81.109_66.5905_-1.21903
81.2764_66.1194_-1.2397
81.4438_65.6482_-1.21903
81.6209_65.1807_-1.19836
81.798_64.7131_-1.21903
81.9655_64.242_-1.2397
82.1329_63.7708_-1.21903
82.31_63.3033_-1.19836
82.4871_62.8357_-1.21903
82.6545_62.3646_-1.2397
82.8219_61.8934_-1.21903
82.999_61.4259_-1.19836
83.1762_60.9583_-1.21903
83.3436_60.4872_-1.2397
83.511_60.016_-1.21903
83.6881_59.5485_-1.19836
83.8652_59.0809_-1.21903
84.0326_58.6098_-1.2397
84.2001_58.1386_-1.21903
84.3772_57.6711_-1.19836
84.5543_57.2035_-1.21903
84.7217_56.7324_-1.2397
84.8891_56.2612_-1.21903
85.0662_55.7937_-1.19836
85.2433_55.3261_-1.21903
85.4108_54.855_-1.2397
85.5782_54.3838_-1.21903
85.7553_53.9163_-1.19836
85.9324_53.4487_-1.21903
86.0998_52.9776_-1.2397
86.2672_52.5064_-1.21903
86.4444_52.0389_-1.19836
86.6215_51.5713_-1.21903
86.6984_51.0805_-1.61173
86.5816_50.5976_-2.00443
86.2889_50.1962_-2.39713
85.8698_49.9283_-2.74849
85.4099_49.732_-2.72782
84.9501_49.5357_-2.74849
84.4902_49.3394_-2.72782
84.0304_49.1431_-2.74849
83.5705_48.9468_-2.72782
83.1193_48.7317_-2.66582
82.6725_48.5073_-2.68649
82.2211_48.2922_-2.70715
81.7698_48.0771_-2.68649
81.3184_47.862_-2.70715
80.8671_47.6468_-2.68649
80.4157_47.4317_-2.70715
79.9644_47.2166_-2.68649
79.513_47.0015_-2.70715
79.0617_46.7864_-2.68649
78.6103_46.5712_-2.70715
78.159_46.3561_-2.68649
77.7076_46.141_-2.70715
77.2563_45.9259_-2.68649
76.805_45.7107_-2.70715
76.3536_45.4956_-2.68649
75.9023_45.2805_-2.70715
75.4509_45.0654_-2.68649
74.9996_44.8503_-2.70715
74.5482_44.6351_-2.68649
74.0969_44.42_-2.70715
73.6455_44.2049_-2.68649
73.1942_43.9898_-2.70715
72.7428_43.7746_-2.68649
72.2915_43.5595_-2.70715
71.8401_43.3444_-2.68649
71.3933_43.12_-2.66582
70.9465_42.8956_-2.68649
70.4952_42.6805_-2.70715
70.0438_42.4654_-2.68649
69.597_42.2409_-2.66582
69.1502_42.0165_-2.68649
68.6989_41.8014_-2.70715
68.2475_41.5863_-2.68649
67.8007_41.3619_-2.66582
67.3539_41.1375_-2.68649
66.9026_40.9224_-2.70715
66.4512_40.7072_-2.68649
66.0044_40.4828_-2.66582
65.5576_40.2584_-2.68649
65.1063_40.0433_-2.70715
64.6549_39.8282_-2.68649
64.2081_39.6038_-2.66582
63.7613_39.3794_-2.68649
63.31_39.1643_-2.70715
62.8586_38.9491_-2.68649
62.4118_38.7247_-2.66582
61.965_38.5003_-2.68649
61.5137_38.2852_-2.70715
61.0623_38.0701_-2.68649
60.6155_37.8457_-2.66582
60.1687_37.6213_-2.68649
59.7174_37.4062_-2.70715
59.266_37.191_-2.68649
58.8192_36.9666_-2.66582
58.3724_36.7422_-2.68649
57.9211_36.5271_-2.70715
57.4697_36.312_-2.68649
57.0229_36.0876_-2.66582
56.5761_35.8632_-2.68649
56.1248_35.648_-2.70715
55.6734_35.4329_-2.68649
55.2266_35.2085_-2.66582
54.7798_34.9841_-2.68649
54.3285_34.769_-2.70715
53.8771_34.5539_-2.68649
53.4303_34.3295_-2.66582
52.9835_34.1051_-2.68649
52.5322_33.8899_-2.70715
52.0808_33.6748_-2.68649
51.634_33.4504_-2.66582
51.1872_33.226_-2.68649
50.7359_33.0109_-2.70715
50.2845_32.7958_-2.68649
49.8377_32.5714_-2.66582
49.3909_32.347_-2.68649
48.9396_32.1318_-2.70715
48.4882_31.9167_-2.68649
48.0414_31.6923_-2.66582
47.5946_31.4679_-2.68649
47.1433_31.2528_-2.70715
46.6919_31.0377_-2.68649
46.2451_30.8133_-2.66582
45.7983_30.5889_-2.68649
45.347_30.3737_-2.70715
44.8956_30.1586_-2.68649
44.4488_29.9342_-2.66582
44.002_29.7098_-2.68649
43.5507_29.4947_-2.70715
43.0993_29.2796_-2.68649
42.6525_29.0552_-2.66582
42.2057_28.8307_-2.68649
41.7544_28.6156_-2.70715
41.303_28.4005_-2.68649
40.8562_28.1761_-2.66582
40.4094_27.9517_-2.68649
39.9581_27.7366_-2.70715
39.5067_27.5214_-2.68649
39.0599_27.297_-2.66582
38.6131_27.0726_-2.68649
38.1618_26.8575_-2.70715
37.7104_26.6424_-2.68649
37.2636_26.418_-2.66582
36.8168_26.1936_-2.68649
36.3655_25.9785_-2.70715
35.9141_25.7633_-2.68649
35.4673_25.5389_-2.66582
35.0205_25.3145_-2.68649
34.5692_25.0994_-2.70715
34.1178_24.8843_-2.68649
33.671_24.6599_-2.66582
33.2242_24.4355_-2.68649
32.7729_24.2204_-2.70715
32.5263_24.0698_-2.4798
32.2015_23.694_-2.0871
32.0453_23.2224_-1.6944
32.0814_22.7269_-1.30171
32.2093_22.2436_-1.32237
32.3372_21.7602_-1.30171
32.4652_21.2769_-1.32237
32.5931_20.7935_-1.30171
32.721_20.3102_-1.32237
32.849_19.8268_-1.30171
32.9769_19.3435_-1.32237
33.1049_18.8601_-1.30171
33.2428_18.3795_-1.28104
33.3807_17.8989_-1.30171
33.5086_17.4156_-1.32237
33.6365_16.9322_-1.30171
33.7744_16.4516_-1.28104
33.9123_15.971_-1.30171
34.0403_15.4877_-1.32237
34.1682_15.0044_-1.30171
34.3061_14.5238_-1.28104
34.444_14.0432_-1.30171
34.5601_13.6384_-1.28104
