configuration -14.0353517532_151.94859314_0.0_1.0_147.259887695_176.039077759_0.145212769539_0.989400450557
length 201.996
time 8.8111
roughness 0.000371166
-14.0354_151.949_-0
-13.5371_151.985_0.144679
-13.0416_152.052_0.12401
-12.5448_152.108_0.103342
-12.0481_152.165_0.12401
-11.5513_152.222_0.103342
-11.0527_152.258_0.0413367
-10.5534_152.284_0.0620051
-10.0541_152.31_0.0413367
-9.55473_152.335_0.0620051
-9.05541_152.361_0.0413367
-8.56457_152.285_-0.351362
-8.10918_152.079_-0.496041
-7.66702_151.846_-0.475373
-7.22485_151.612_-0.496041
-6.78269_151.379_-0.475373
-6.35073_151.128_-0.578714
-5.92935_150.858_-0.558046
-5.50797_150.589_-0.578714
-5.08659_150.32_-0.558046
-4.66521_150.051_-0.578714
-4.2043_149.866_-0.186015
-3.712_149.778_-0.165347
-3.21971_149.691_-0.186015
-2.72741_149.603_-0.165347
-2.23512_149.516_-0.186015
-1.73835_149.521_0.206684
-1.25811_149.659_0.351362
-0.786909_149.826_0.330694
-0.312356_149.984_0.310026
0.162197_150.141_0.330694
0.654514_150.207_-0.0620051
1.13482_150.081_-0.454704
1.53665_149.787_-0.806067
1.88652_149.43_-0.785398
2.23639_149.073_-0.806067
2.64367_148.789_-0.413367
3.12881_148.682_-0.0206684
3.62558_148.728_0.206684
4.11596_148.825_0.186015
4.60635_148.923_0.206684
5.06333_149.118_0.599383
5.41097_149.473_0.992082
5.55731_149.837_1.38478
5.55731_149.837_0.992082
5.55731_149.837_0.64072
6.00586_150.05_0.24802
6.50199_150.076_-0.144679
6.89367_150.096_0.24802
7.38186_150.204_0.186015
7.87416_150.291_0.165347
8.36645_150.378_0.186015
8.85875_150.466_0.165347
9.35104_150.553_0.186015
9.84334_150.641_0.165347
10.3356_150.728_0.186015
10.8279_150.815_0.165347
11.3202_150.903_0.186015
11.8125_150.99_0.165347
12.3108_151.016_-0.0620051
12.8101_150.99_-0.0413367
13.3094_150.964_-0.0620051
13.8087_150.939_-0.0413367
14.3081_150.913_-0.0620051
14.8053_150.949_0.206684
15.2956_151.046_0.186015
15.786_151.144_0.206684
16.2764_151.241_0.186015
16.7668_151.339_0.206684
17.2636_151.344_-0.186015
17.7518_151.236_-0.24802
18.2352_151.109_-0.268689
18.7186_150.981_-0.24802
19.202_150.853_-0.268689
19.6974_150.817_0.12401
20.169_150.974_0.516709
20.5843_151.251_0.661388
20.9757_151.562_0.682056
21.3671_151.874_0.661388
21.8111_152.096_0.268689
22.2992_152.204_0.165347
22.7932_152.281_0.144679
23.2872_152.358_0.165347
23.7812_152.436_0.144679
24.2794_152.472_8.32667e-17
24.7794_152.477_0.0206684
25.2793_152.482_8.32667e-17
25.7793_152.487_0.0206684
26.2793_152.492_8.32667e-17
26.7665_152.589_0.392699
27.2178_152.804_0.496041
27.6599_153.037_0.475373
28.1021_153.271_0.496041
28.5442_153.504_0.475373
28.9814_153.747_0.537378
29.4136_153.998_0.516709
29.8508_154.241_0.496041
30.2881_154.483_0.516709
30.7202_154.735_0.537378
31.1884_154.901_0.144679
31.686_154.947_0.0413367
32.1853_154.973_0.0620051
32.684_155.009_0.0826735
33.1827_155.045_0.0620051
33.6822_155.04_-0.0826735
34.1809_155.004_-0.0620051
34.6796_154.968_-0.0826735
35.1783_154.932_-0.0620051
35.677_154.896_-0.0826735
36.1706_154.952_0.310026
36.6298_155.148_0.496041
37.0671_155.39_0.516709
37.5043_155.633_0.496041
37.9416_155.875_0.516709
38.3628_156.144_0.620051
38.7667_156.439_0.64072
39.1706_156.734_0.620051
39.5745_157.029_0.64072
39.9783_157.323_0.620051
40.3186_157.685_1.01275
40.5139_158.143_1.32278
40.6316_158.629_1.34344
40.7493_159.115_1.32278
40.8671_159.601_1.34344
40.8825_160.098_1.73614
40.7549_160.58_1.92216
40.578_161.048_1.94283
40.4011_161.516_1.92216
40.2241_161.983_1.94283
40.1373_162.473_1.55013
40.2443_162.958_1.15743
40.5287_163.365_0.76473
40.9196_163.676_0.578714
41.3353_163.953_0.599383
41.7923_164.148_0.206684
42.289_164.153_-0.186015
42.7772_164.046_-0.24802
43.2606_163.918_-0.268689
43.744_163.79_-0.24802
44.2402_163.765_0.144679
44.7083_163.931_0.537378
45.0985_164.241_0.806067
45.4484_164.598_0.785398
45.7983_164.955_0.806067
46.2056_165.24_0.413367
46.687_165.367_0.103342
47.1838_165.424_0.12401
47.6806_165.481_0.103342
48.1773_165.537_0.12401
48.6741_165.594_0.103342
49.1709_165.651_0.12401
49.6676_165.707_0.103342
50.1644_165.764_0.12401
50.6612_165.821_0.103342
51.16_165.816_-0.12401
51.6568_165.759_-0.103342
52.1546_165.713_-0.0826735
52.6525_165.666_-0.103342
53.1503_165.62_-0.0826735
53.649_165.635_0.144679
54.1445_165.702_0.12401
54.6412_165.759_0.103342
55.138_165.816_0.12401
55.6348_165.872_0.103342
56.1094_166.019_0.496041
56.5516_166.252_0.475373
56.9937_166.486_0.496041
57.4359_166.719_0.475373
57.8781_166.953_0.496041
58.3527_167.099_0.103342
58.8506_167.146_0.0826735
59.3484_167.192_0.103342
59.8462_167.239_0.0826735
60.344_167.285_0.103342
60.8187_167.432_0.496041
61.2011_167.749_0.88874
61.5041_168.146_0.950745
61.7904_168.556_0.971414
62.0767_168.966_0.950745
62.4387_169.306_0.558046
62.9033_169.482_0.165347
63.4013_169.518_-0.0206684
63.9013_169.513_2.498e-16
64.4012_169.508_-0.0206684
64.9011_169.513_0.0413367
65.4005_169.539_0.0620051
65.8991_169.575_0.0826735
66.3767_169.712_0.475373
66.7656_170.021_0.868072
67.0065_170.456_1.26077
67.164_170.93_1.2401
67.3312_171.401_1.21943
67.5899_171.825_0.826735
67.9912_172.118_0.434036
68.474_172.235_0.0413367
68.9734_172.22_-0.103342
69.4712_172.173_-0.0826735
69.9707_172.168_0.0620051
70.4701_172.194_0.0413367
70.9694_172.22_0.0620051
71.4687_172.246_0.0413367
71.968_172.271_0.0620051
72.4483_172.398_0.454704
72.8435_172.699_0.847403
73.1463_173.097_0.992082
73.424_173.513_0.971414
73.7018_173.928_0.992082
74.0495_174.283_0.599383
74.5064_174.478_0.206684
75.0025_174.535_0.0206684
75.5022_174.55_0.0413367
76.002_174.566_0.0206684
76.5017_174.581_0.0413367
77.0015_174.597_0.0206684
77.5015_174.602_1.38778e-16
78.0014_174.607_0.0206684
78.5012_174.622_0.0413367
78.992_174.546_-0.351362
79.4518_174.35_-0.454704
79.9032_174.135_-0.434036
80.3546_173.92_-0.454704
80.806_173.705_-0.434036
81.2074_173.412_-0.826735
81.4661_172.988_-1.21943
81.5936_172.505_-1.40545
81.6708_172.011_-1.42612
81.748_171.517_-1.40545
81.8656_171.032_-1.26077
82.0132_170.554_-1.28144
82.1609_170.076_-1.26077
82.3085_169.599_-1.28144
82.4561_169.121_-1.26077
82.6037_168.643_-1.28144
82.7513_168.166_-1.26077
82.9087_167.691_-1.2401
83.0662_167.216_-1.26077
83.2138_166.739_-1.28144
83.3515_166.258_-1.30211
83.4892_165.777_-1.28144
83.6269_165.297_-1.30211
83.7646_164.816_-1.28144
83.9023_164.335_-1.30211
83.9382_163.84_-1.69481
83.8509_163.348_-1.79815
83.7432_162.86_-1.77748
83.6356_162.371_-1.79815
83.5279_161.883_-1.77748
83.4508_161.389_-1.67414
83.4043_160.891_-1.65347
83.3655_160.552_-1.71547
83.3912_160.056_-1.32278
83.6047_159.607_-0.930077
83.9737_159.274_-0.537378
84.2844_158.994_-0.930077
84.2844_158.994_-1.32278
84.3101_158.498_-1.71547
84.2227_158.006_-1.77748
84.115_157.518_-1.79815
84.0074_157.029_-1.77748
83.8997_156.541_-1.79815
83.8997_156.541_-1.40545
84.0755_156.076_-1.01275
84.4157_155.714_-0.620051
84.8686_155.51_-0.227352
85.3652_155.495_0.165347
85.8617_155.479_-0.227352
86.3146_155.275_-0.620051
86.7245_154.989_-0.599383
87.1402_154.711_-0.578714
87.5559_154.433_-0.599383
88.0129_154.238_-0.206684
88.5051_154.151_-0.144679
89.0006_154.084_-0.12401
89.4961_154.017_-0.144679
89.9916_153.95_-0.12401
90.4669_153.803_-0.475373
90.9182_153.588_-0.413367
91.374_153.383_-0.434036
91.8254_153.168_-0.454704
92.2769_152.953_-0.434036
92.7084_152.702_-0.620051
93.1183_152.415_-0.599383
93.534_152.138_-0.578714
93.9498_151.86_-0.599383
94.3655_151.582_-0.578714
94.8264_151.397_-0.186015
95.3232_151.402_0.206684
95.8002_151.549_0.392699
96.2641_151.736_0.372031
96.728_151.922_0.392699
97.1955_152.099_0.330694
97.6667_152.266_0.351362
98.1379_152.434_0.330694
98.6091_152.601_0.351362
99.0803_152.768_0.330694
99.5399_152.964_0.475373
99.9868_153.188_0.454704
100.438_153.403_0.434036
100.89_153.618_0.454704
101.341_153.833_0.434036
101.797_154.039_0.413367
102.257_154.235_0.392699
102.717_154.431_0.413367
103.177_154.627_0.392699
103.637_154.823_0.413367
104.088_155.038_0.475373
104.535_155.262_0.454704
104.986_155.477_0.434036
105.438_155.692_0.454704
105.889_155.907_0.434036
106.341_156.122_0.454704
106.792_156.337_0.434036
107.243_156.552_0.454704
107.695_156.767_0.434036
108.146_156.982_0.454704
108.593_157.206_0.475373
109.035_157.439_0.496041
109.477_157.673_0.475373
109.92_157.906_0.496041
110.362_158.14_0.475373
110.809_158.364_0.454704
111.26_158.579_0.434036
111.712_158.794_0.454704
112.163_159.009_0.434036
112.614_159.224_0.454704
113.066_159.439_0.434036
113.517_159.653_0.454704
113.969_159.868_0.434036
114.42_160.083_0.454704
114.872_160.298_0.434036
115.323_160.513_0.454704
115.774_160.728_0.434036
116.226_160.943_0.454704
116.677_161.158_0.434036
117.129_161.373_0.454704
117.524_161.674_0.847403
117.682_161.945_1.2401
117.703_162.101_1.6328
117.669_162.227_2.0255
117.594_162.335_2.33553
117.327_162.753_1.94283
117.24_163.242_1.55013
117.347_163.728_1.15743
117.632_164.135_0.76473
118.022_164.446_0.578714
118.468_164.669_0.351362
118.936_164.846_0.372031
119.4_165.033_0.392699
119.864_165.219_0.372031
120.328_165.406_0.392699
120.795_165.583_0.330694
121.266_165.75_0.351362
121.738_165.917_0.330694
122.209_166.084_0.351362
122.68_166.252_0.330694
123.163_166.379_0.186015
123.653_166.477_0.206684
124.144_166.574_0.186015
124.634_166.672_0.206684
125.124_166.769_0.186015
125.621_166.764_-0.206684
126.078_166.57_-0.599383
126.448_166.236_-0.868072
126.776_165.858_-0.847403
127.11_165.486_-0.826735
127.512_165.193_-0.434036
127.994_165.076_-0.0413367
128.485_165.153_0.351362
128.931_165.377_0.578714
129.353_165.646_0.558046
129.779_165.906_0.537378
130.212_166.158_0.516709
130.644_166.409_0.537378
131.076_166.661_0.516709
131.508_166.912_0.537378
131.967_167.108_0.268689
132.447_167.245_0.289357
132.928_167.383_0.268689
133.409_167.521_0.289357
133.889_167.659_0.268689
134.343_167.863_0.578714
134.765_168.132_0.558046
135.186_168.402_0.578714
135.607_168.671_0.558046
136.029_168.94_0.578714
136.49_169.125_0.186015
136.986_169.12_-0.206684
137.477_169.023_-0.186015
137.967_168.925_-0.206684
138.458_168.827_-0.186015
138.954_168.833_0.206684
139.411_169.027_0.599383
139.802_169.338_0.744061
140.174_169.673_0.723393
140.545_170.008_0.744061
140.916_170.343_0.723393
141.288_170.678_0.744061
141.659_171.012_0.723393
142.03_171.347_0.744061
142.402_171.682_0.723393
142.773_172.017_0.744061
143.144_172.352_0.723393
143.516_172.686_0.744061
143.887_173.021_0.723393
144.258_173.356_0.744061
144.63_173.691_0.723393
145.001_174.026_0.744061
145.372_174.361_0.723393
145.744_174.695_0.744061
146.115_175.03_0.723393
146.493_175.357_0.702725
146.871_175.684_0.723393
147.243_176.019_0.744061
