configuration 46.843963623_148.978851318_-0.536406748472_0.843959596304_156.577575684_33.1800613403_0.186652677497_0.98242596565
length 215.736
time 20.0049
roughness 0.000427474
46.844_148.979_-1.13235
47.1306_148.572_-0.780985
47.4821_148.217_-0.801653
47.8261_147.854_-0.822322
48.1701_147.491_-0.801653
48.5141_147.128_-0.822322
48.8184_146.732_-1.00834
49.0894_146.312_-0.987669
49.3604_145.892_-1.00834
49.6314_145.472_-0.987669
49.9024_145.052_-1.00834
50.0802_144.588_-1.40104
50.0979_144.09_-1.66973
50.0536_143.592_-1.64906
50.0094_143.094_-1.66973
49.9652_142.596_-1.64906
50.0237_142.102_-1.25636
50.1734_141.625_-1.27703
50.3231_141.148_-1.25636
50.4729_140.671_-1.27703
50.6226_140.194_-1.25636
50.8654_139.761_-0.863659
51.2018_139.391_-0.801653
51.5533_139.035_-0.780985
51.9047_138.68_-0.801653
52.2562_138.324_-0.780985
52.534_137.912_-1.17368
52.6331_137.425_-1.56638
52.5383_136.938_-1.95908
52.3442_136.477_-1.97975
52.1502_136.016_-1.95908
52.0554_135.528_-1.56638
52.1545_135.041_-1.17368
52.4323_134.63_-0.780985
52.8116_134.305_-0.636306
53.2168_134.012_-0.615638
53.5586_133.651_-1.00834
53.7364_133.187_-1.40104
53.8056_132.692_-1.46304
53.8542_132.194_-1.48371
53.9028_131.697_-1.46304
54.0516_131.223_-1.07034
54.3704_130.842_-0.677643
54.7972_130.584_-0.408954
55.2538_130.381_-0.429623
55.7105_130.177_-0.408954
56.119_129.894_-0.801653
56.3883_129.477_-1.19435
56.4773_128.988_-1.58705
56.3725_128.503_-1.97975
56.1689_128.046_-2.00042
56.0541_127.562_-1.60772
56.1329_127.072_-1.21502
56.3935_126.649_-0.822322
56.7375_126.286_-0.801653
57.0815_125.923_-0.822322
57.3421_125.5_-1.21502
57.421_125.01_-1.60772
57.336_124.519_-1.87641
57.1905_124.04_-1.85574
57.0549_123.559_-1.83507
57.0212_123.063_-1.44237
57.1797_122.593_-1.04967
57.5064_122.218_-0.656975
57.9115_121.925_-0.59497
58.3227_121.641_-0.615638
58.6645_121.28_-1.00834
58.8904_120.835_-1.19435
59.079_120.372_-1.17368
59.2676_119.909_-1.19435
59.4562_119.446_-1.17368
59.734_119.034_-0.780985
60.1133_118.709_-0.636306
60.5123_118.408_-0.656975
60.9114_118.107_-0.636306
61.3104_117.805_-0.656975
61.637_117.431_-1.04967
61.7956_116.96_-1.44237
61.7926_116.462_-1.71106
61.7278_115.966_-1.69039
61.6631_115.47_-1.71106
61.6909_114.974_-1.31836
61.9064_114.526_-0.925664
62.2497_114.164_-0.698312
62.6293_113.839_-0.71898
63.0022_113.506_-0.739648
63.2968_113.106_-1.13235
63.4159_112.624_-1.52505
63.3413_112.132_-1.91775
63.1106_111.69_-2.18643
62.8261_111.279_-2.16577
62.6332_110.821_-1.77307
62.6303_110.325_-1.38037
62.8177_109.865_-0.987669
63.1528_109.496_-0.677643
63.5391_109.179_-0.698312
63.8499_108.791_-1.09101
63.9889_108.314_-1.48371
63.9347_107.82_-1.87641
63.7504_107.356_-2.02109
63.5281_106.908_-2.04176
63.5281_106.908_-1.64906
63.5866_106.415_-1.25636
63.8295_105.982_-0.863659
64.2197_105.674_-0.470959
64.6979_105.539_-0.0782604
65.1761_105.405_-0.470959
65.5663_105.097_-0.863659
65.8092_104.664_-1.25636
65.8677_104.171_-1.64906
65.8132_103.674_-1.71106
65.841_103.178_-1.31836
66.0566_102.73_-0.925664
66.4139_102.383_-0.615638
66.8129_102.082_-0.677643
67.2056_101.772_-0.656975
67.5709_101.432_-0.84299
67.8997_101.055_-0.863659
68.2284_100.679_-0.84299
68.5571_100.302_-0.863659
68.8859_99.9252_-0.84299
69.1376_99.4969_-1.23569
69.2674_99.0145_-1.38037
69.3671_98.5245_-1.3597
69.4769_98.0367_-1.33903
69.5867_97.549_-1.3597
69.5941_97.0522_-1.7524
69.4587_96.5717_-1.93841
69.2838_96.1032_-1.91775
69.1187_95.6313_-1.89708
68.9535_95.1594_-1.91775
68.879_94.6682_-1.52505
68.9981_94.1859_-1.13235
69.2927_93.7859_-0.739648
69.7131_93.52_-0.388286
70.1739_93.3259_-0.408954
70.6421_93.1511_-0.305613
71.1173_92.9958_-0.326281
71.5926_92.8404_-0.305613
72.0678_92.6851_-0.326281
72.5431_92.5297_-0.305613
72.9786_92.2907_-0.698312
73.3713_91.9813_-0.636306
73.7703_91.68_-0.656975
74.1694_91.3788_-0.636306
74.5684_91.0775_-0.656975
75.0134_90.8567_-0.264276
75.5091_90.823_0.128423
75.9905_90.9525_0.397112
76.4535_91.1411_0.376444
76.9166_91.3297_0.397112
77.3518_91.5736_0.624464
77.7604_91.8617_0.603796
78.1691_92.1498_0.624464
78.5777_92.4379_0.603796
78.9863_92.7261_0.624464
79.4383_92.9323_0.231765
79.9261_93.0421_0.211097
80.4139_93.1519_0.231765
80.9016_93.2617_0.211097
81.3894_93.3716_0.231765
81.8589_93.5405_0.459117
82.3093_93.7574_0.438449
82.7642_93.965_0.417781
83.2191_94.1726_0.438449
83.6739_94.3802_0.417781
84.1197_94.6062_0.521122
84.5558_94.8507_0.500454
84.992_95.0951_0.521122
85.4282_95.3395_0.500454
85.8643_95.584_0.521122
86.3101_95.8101_0.417781
86.7649_96.0176_0.438449
87.2198_96.2252_0.417781
87.6747_96.4328_0.438449
88.1295_96.6404_0.417781
88.5844_96.8479_0.438449
89.0393_97.0555_0.417781
89.4941_97.2631_0.438449
89.949_97.4707_0.417781
90.4039_97.6782_0.438449
90.8862_97.7973_0.0457498
91.3859_97.7944_-0.057592
91.8854_97.7708_-0.0369237
92.3848_97.7471_-0.057592
92.8842_97.7235_-0.0369237
92.9875_97.7401_0.355775
93.4105_98.0007_0.748474
93.7015_98.4033_1.14117
93.8164_98.8866_1.53387
93.7375_99.3771_1.92657
93.6586_99.8676_1.53387
93.7735_100.351_1.14117
94.0645_100.754_0.748474
94.4875_101.014_0.355775
94.958_101.183_0.335107
95.4122_101.391_0.521122
95.8484_101.635_0.500454
96.2845_101.88_0.521122
96.7207_102.124_0.500454
97.1569_102.368_0.521122
97.6277_102.527_0.128423
98.1234_102.493_-0.264276
98.6097_102.378_-0.202271
99.0985_102.272_-0.222939
99.5872_102.167_-0.202271
100.084_102.164_0.190428
100.544_102.351_0.583128
100.964_102.622_0.562459
101.384_102.893_0.583128
101.805_103.164_0.562459
102.269_103.342_0.16976
102.767_103.36_-0.0989288
103.265_103.315_-0.0782604
103.764_103.281_-0.057592
104.262_103.247_-0.0782604
104.756_103.306_0.314439
105.226_103.475_0.376444
105.689_103.664_0.397112
106.152_103.852_0.376444
106.615_104.041_0.397112
107.102_104.14_0.00441308
107.596_104.076_-0.264276
108.08_103.95_-0.243607
108.564_103.824_-0.264276
109.046_103.689_-0.284944
109.486_103.459_-0.677643
109.805_103.078_-1.07034
110.031_102.632_-1.13235
110.248_102.181_-1.11168
110.465_101.731_-1.13235
110.672_101.276_-1.15302
110.88_100.821_-1.13235
111.088_100.366_-1.15302
111.295_99.9115_-1.13235
111.503_99.4566_-1.15302
111.662_98.9834_-1.33903
111.782_98.498_-1.31836
111.912_98.0152_-1.29769
112.042_97.5324_-1.31836
112.171_97.0496_-1.29769
112.311_96.5695_-1.27703
112.451_96.0895_-1.29769
112.591_95.6094_-1.27703
112.731_95.1294_-1.29769
112.871_94.6493_-1.27703
113_94.1666_-1.33903
113.12_93.6812_-1.31836
113.24_93.1958_-1.33903
113.36_92.7104_-1.31836
113.48_92.2249_-1.33903
113.62_91.7451_-1.23569
113.779_91.2713_-1.25636
113.929_90.7942_-1.27703
114.079_90.3172_-1.25636
114.228_89.8401_-1.27703
114.462_89.4018_-0.884327
114.799_89.0321_-0.780985
115.157_88.6838_-0.760317
115.516_88.3355_-0.780985
115.875_87.9872_-0.760317
116.161_87.5812_-1.15302
116.3_87.1026_-1.4217
116.38_86.6089_-1.40104
116.459_86.1153_-1.4217
116.528_85.6201_-1.44237
116.658_85.1387_-1.17368
116.846_84.6757_-1.19435
117.035_84.2126_-1.17368
117.224_83.7496_-1.19435
117.412_83.2865_-1.17368
117.562_82.8101_-1.3597
117.672_82.3223_-1.33903
117.791_81.8369_-1.31836
117.911_81.3515_-1.33903
118.031_80.8661_-1.31836
118.21_80.4003_-1.09101
118.436_79.9544_-1.11168
118.662_79.5085_-1.09101
118.888_79.0626_-1.11168
119.114_78.6167_-1.09101
119.425_78.2292_-0.698312
119.818_77.9198_-0.636306
120.217_77.6185_-0.656975
120.616_77.3173_-0.636306
121.015_77.016_-0.656975
121.342_76.6417_-1.04967
121.559_76.1916_-1.19435
121.747_75.7285_-1.17368
121.936_75.2655_-1.19435
122.124_74.8024_-1.17368
122.294_74.3322_-1.27703
122.443_73.8551_-1.25636
122.603_73.3813_-1.23569
122.762_72.9074_-1.25636
122.922_72.4336_-1.23569
123.082_71.9597_-1.25636
123.241_71.4859_-1.23569
123.401_71.012_-1.25636
123.56_70.5382_-1.23569
123.72_70.0643_-1.25636
123.879_69.5905_-1.23569
124.039_69.1166_-1.25636
124.198_68.6427_-1.23569
124.358_68.1689_-1.25636
124.517_67.695_-1.23569
124.769_67.2668_-0.84299
125.154_66.9506_-0.532965
125.587_66.701_-0.512296
126.025_66.4604_-0.491628
126.401_66.3463_-0.0989288
126.876_66.2017_-0.491628
127.26_65.8863_-0.884327
127.494_65.4479_-1.27703
127.613_64.9627_-1.38037
127.703_64.4708_-1.40104
127.823_63.9858_-1.25636
127.972_63.5088_-1.27703
128.112_63.0287_-1.29769
128.252_62.5487_-1.27703
128.392_62.0687_-1.29769
128.561_61.5986_-1.15302
128.759_61.1396_-1.17368
128.948_60.6765_-1.19435
129.136_60.2134_-1.17368
129.325_59.7504_-1.19435
129.514_59.2873_-1.17368
129.702_58.8243_-1.19435
129.891_58.3612_-1.17368
130.079_57.8982_-1.19435
130.268_57.4351_-1.17368
130.466_56.976_-1.15302
130.674_56.5212_-1.13235
130.881_56.0663_-1.15302
131.089_55.6114_-1.13235
131.296_55.1566_-1.15302
131.513_54.7062_-1.09101
131.74_54.2603_-1.11168
131.966_53.8144_-1.09101
132.192_53.3685_-1.11168
132.418_52.9226_-1.09101
132.597_52.4567_-1.31836
132.727_51.9739_-1.29769
132.857_51.491_-1.31836
132.986_51.0082_-1.29769
133.116_50.5254_-1.31836
133.256_50.0454_-1.25636
133.416_49.5716_-1.23569
133.575_49.0977_-1.25636
133.735_48.6239_-1.23569
133.894_48.15_-1.25636
134.024_47.6674_-1.3597
134.124_47.1774_-1.38037
134.223_46.6875_-1.3597
134.323_46.1975_-1.38037
134.423_45.7076_-1.3597
134.482_45.2118_-1.54571
134.499_44.7121_-1.52505
134.527_44.2129_-1.50438
134.555_43.7137_-1.52505
134.583_43.2145_-1.50438
134.713_42.7347_-1.11168
134.966_42.3041_-0.967
135.254_41.8955_-0.946332
135.542_41.4868_-0.967
135.83_41.0782_-0.946332
136.065_40.6384_-1.21502
136.244_40.1715_-1.19435
136.423_39.7047_-1.21502
136.602_39.2378_-1.19435
136.781_38.771_-1.21502
136.86_38.2805_-1.60772
136.745_37.7971_-2.00042
136.462_37.3881_-2.35178
136.113_37.0294_-2.33111
135.773_36.6635_-2.31044
135.516_36.2383_-1.91775
135.441_35.7471_-1.52505
135.459_35.2474_-1.54571
135.466_34.7475_-1.56638
135.474_34.2475_-1.54571
135.583_33.7629_-1.15302
135.869_33.3569_-0.760317
136.248_33.0316_-0.656975
136.648_32.7303_-0.636306
137.047_32.4291_-0.656975
137.373_32.0548_-1.04967
137.571_31.5967_-1.27703
137.721_31.1196_-1.25636
137.87_30.6426_-1.27703
138.02_30.1655_-1.25636
138.263_29.7322_-0.863659
138.653_29.4247_-0.470959
139.124_29.2601_-0.202271
139.612_29.1546_-0.222939
140.099_29.039_-0.243607
140.558_28.8457_-0.553633
140.986_28.5872_-0.532965
141.414_28.3287_-0.553633
141.842_28.0703_-0.532965
142.27_27.8118_-0.553633
142.708_27.5713_-0.450291
143.16_27.3584_-0.429623
143.613_27.1454_-0.450291
144.065_26.9325_-0.429623
144.517_26.7195_-0.450291
144.543_26.713_-0.057592
145.035_26.7817_0.335107
145.463_27.0334_0.727806
145.762_27.4299_1.12051
145.887_27.9108_1.5132
146.012_28.3917_1.12051
146.311_28.7882_0.727806
146.735_29.0491_0.376444
147.198_29.2377_0.397112
147.657_29.4358_0.417781
148.116_29.6339_0.397112
148.579_29.8225_0.376444
149.042_30.0111_0.397112
149.501_30.2092_0.417781
149.96_30.4074_0.397112
150.447_30.5064_0.00441308
150.941_30.4419_-0.264276
151.046_30.4348_0.128423
151.046_30.4348_0.521122
151.046_30.4348_0.913821
151.371_30.8142_0.81048
151.712_31.1801_0.831148
152.053_31.5459_0.81048
152.393_31.9117_0.831148
152.734_32.2776_0.81048
153.14_32.5639_0.417781
153.619_32.7033_0.149092
154.112_32.7826_0.16976
154.606_32.862_0.149092
155.1_32.9414_0.16976
155.593_33.0208_0.149092
156.087_33.1001_0.16976
156.579_33.1897_0.190428
