configuration 176.556686401_134.7056427_-0.977472527886_0.211062685542_59.5791053772_36.8438796997_0.982426073578_-0.18665210943
length 194.77
time 82.8333
roughness 0.000480351
176.557_134.706_-2.71627
176.082_134.553_-2.94362
175.593_134.449_-2.92295
175.103_134.346_-2.94362
174.614_134.242_-2.92295
174.125_134.139_-2.94362
173.634_134.046_-2.96429
173.143_133.953_-2.94362
172.653_133.849_-2.92295
172.164_133.746_-2.94362
171.777_133.675_-2.71627
171.343_133.427_-2.53025
170.937_133.136_-2.50958
170.536_132.837_-2.48892
170.136_132.537_-2.50958
169.729_132.246_-2.53025
169.278_132.036_-2.88162
168.796_131.902_-2.86095
168.317_131.759_-2.84028
167.838_131.615_-2.86095
167.356_131.482_-2.88162
166.874_131.348_-2.86095
166.395_131.205_-2.84028
165.916_131.061_-2.86095
165.27_130.877_-2.36491
164.91_130.53_-2.38557
164.549_130.183_-2.36491
164.189_129.837_-2.38557
163.829_129.49_-2.36491
163.469_129.143_-2.38557
163.109_128.796_-2.36491
162.748_128.45_-2.38557
162.388_128.103_-2.36491
161.831_127.583_-2.77827
161.404_127.328_-2.42691
161.023_127.004_-2.44758
160.642_126.68_-2.42691
160.261_126.357_-2.44758
159.88_126.033_-2.42691
159.88_126.033_-2.42691
159.474_125.742_-2.61293
159.039_125.494_-2.6336
158.605_125.247_-2.61293
158.176_124.99_-2.59226
157.747_124.733_-2.61293
157.313_124.486_-2.6336
156.878_124.238_-2.61293
156.449_123.981_-2.59226
156.02_123.725_-2.61293
155.689_123.536_-2.88162
155.195_123.463_-3.10897
154.695_123.452_-3.12964
154.195_123.441_-3.10897
153.695_123.429_-3.12964
153.195_123.418_-3.10897
152.696_123.397_-3.0883
152.196_123.375_-3.10897
151.697_123.364_-3.12964
151.197_123.353_-3.10897
150.876_123.341_-2.77827
150.876_123.341_-2.75761
150.46_123.068_-2.36491
150.155_122.674_-2.09622
149.9_122.245_-2.11689
149.644_121.815_-2.09622
149.389_121.385_-2.11689
149.389_121.385_-2.11689
149.053_121.019_-2.50958
148.603_120.809_-2.90228
148.116_120.695_-2.92295
147.627_120.592_-2.94362
147.137_120.489_-2.92295
146.648_120.385_-2.94362
146.159_120.282_-2.92295
145.672_120.168_-2.90228
144.99_120.013_-3.35699
144.497_120.095_-3.25365
144.001_120.156_-3.27431
143.504_120.217_-3.25365
143.008_120.278_-3.27431
142.512_120.339_-3.25365
142.016_120.4_-3.27431
141.521_120.471_-3.29498
141.026_120.542_-3.27431
140.437_120.617_-2.6956
139.998_120.379_-2.59226
139.574_120.113_-2.57159
139.151_119.848_-2.59226
138.727_119.583_-2.57159
138.309_119.308_-2.55092
137.891_119.034_-2.57159
137.467_118.769_-2.59226
137.043_118.503_-2.57159
136.625_118.229_-2.55092
136.206_117.967_-2.53025
135.833_117.636_-2.3029
135.495_117.268_-2.32357
135.149_116.906_-2.34424
134.804_116.545_-2.32357
134.466_116.177_-2.3029
134.128_115.808_-2.32357
133.782_115.447_-2.34424
133.437_115.086_-2.32357
133.099_114.717_-2.3029
132.814_114.42_-2.53025
132.359_114.219_-2.92295
131.872_114.106_-2.90228
131.385_113.992_-2.92295
130.898_113.879_-2.90228
130.412_113.765_-2.92295
129.925_113.652_-2.90228
129.44_113.528_-2.88162
128.956_113.405_-2.90228
128.56_113.312_-2.07555
128.24_112.932_-2.46825
127.84_112.633_-2.53025
127.433_112.341_-2.50958
127.027_112.05_-2.53025
126.62_111.759_-2.50958
126.214_111.468_-2.53025
125.807_111.177_-2.50958
125.401_110.885_-2.53025
124.826_110.464_-2.94362
124.329_110.422_-3.17097
123.829_110.442_-3.19164
123.33_110.462_-3.17097
122.83_110.481_-3.19164
122.33_110.501_-3.17097
121.831_110.521_-3.19164
121.332_110.551_-3.21231
120.833_110.581_-3.19164
120.407_110.599_-3.9357
119.996_110.879_-3.543
119.51_110.98_-3.1503
119.022_110.887_-2.75761
118.584_110.649_-2.53025
118.171_110.366_-2.55092
117.759_110.084_-2.53025
117.208_109.705_-2.03421
116.953_109.275_-2.17889
116.672_108.862_-2.15822
116.391_108.449_-2.17889
116.109_108.035_-2.15822
115.828_107.622_-2.17889
115.546_107.209_-2.15822
115.342_106.89_-1.72419
115.172_106.423_-2.11689
114.836_106.057_-2.50958
114.398_105.819_-2.77827
113.932_105.637_-2.75761
113.471_105.445_-2.73694
113.009_105.253_-2.75761
112.548_105.061_-2.73694
112.086_104.868_-2.75761
111.46_104.618_-2.22023
111.088_104.289_-2.61293
110.649_104.05_-2.67493
110.2_103.83_-2.6956
109.751_103.61_-2.67493
109.303_103.389_-2.6956
108.854_103.169_-2.67493
108.405_102.949_-2.6956
107.956_102.728_-2.67493
107.646_102.561_-3.543
107.16_102.663_-3.1503
106.667_102.59_-2.84028
106.188_102.447_-2.86095
105.709_102.303_-2.84028
105.23_102.16_-2.86095
104.748_102.026_-2.88162
104.266_101.893_-2.86095
103.788_101.749_-2.84028
103.309_101.606_-2.86095
102.857_101.481_-2.96429
102.36_101.491_-3.35699
101.881_101.633_-3.50167
101.415_101.814_-3.52234
100.949_101.995_-3.50167
100.483_102.176_-3.52234
100.017_102.357_-3.50167
99.547_102.528_-3.481
99.0773_102.699_-3.50167
98.6267_102.871_-2.75761
98.2113_102.599_-2.36491
97.851_102.252_-2.38557
97.4908_101.905_-2.36491
97.1306_101.559_-2.38557
96.7704_101.212_-2.36491
96.4102_100.865_-2.38557
96.05_100.518_-2.36491
95.6897_100.172_-2.38557
95.1907_99.6919_-1.93087
94.9283_99.27_-2.32357
94.5481_98.9469_-2.55092
94.1358_98.6642_-2.53025
93.7234_98.3815_-2.55092
93.311_98.0987_-2.53025
92.9046_97.8075_-2.50958
92.4981_97.5164_-2.53025
92.0857_97.2336_-2.55092
91.7301_96.9905_-3.29498
91.2337_96.9691_-2.90228
90.7785_96.7686_-2.55092
90.3604_96.4944_-2.57159
89.9422_96.2203_-2.55092
89.5241_95.9461_-2.57159
89.106_95.672_-2.55092
88.6878_95.3978_-2.57159
88.2697_95.1237_-2.55092
87.7462_94.7697_-3.12964
87.2579_94.8608_-3.52234
86.7918_95.0418_-3.50167
86.3257_95.2228_-3.52234
85.8596_95.4038_-3.50167
85.3935_95.5848_-3.52234
84.9313_95.7754_-3.543
84.4691_95.966_-3.52234
84.003_96.147_-3.50167
83.8998_96.164_-3.10897
83.9135_96.1877_-2.13755
83.5702_95.8286_-2.53025
83.1365_95.5813_-2.71627
82.6832_95.3703_-2.6956
82.2299_95.1593_-2.71627
81.7766_94.9483_-2.6956
81.3278_94.728_-2.67493
80.8789_94.5076_-2.6956
80.4256_94.2966_-2.71627
79.9724_94.0856_-2.6956
79.5966_93.8952_-2.3029
79.343_93.468_-1.9102
79.1814_92.9949_-1.88953
79.0199_92.5217_-1.9102
78.8583_92.0486_-1.88953
78.6967_91.5754_-1.9102
78.6967_91.5754_-1.9102
78.4431_91.1482_-2.3029
78.0697_90.8173_-2.53025
77.6573_90.5346_-2.55092
77.2449_90.2519_-2.53025
76.8385_89.9607_-2.50958
76.432_89.6695_-2.53025
76.0196_89.3868_-2.55092
75.6073_89.104_-2.53025
75.1862_88.8015_-1.86887
74.9958_88.3399_-2.05488
74.7586_87.8998_-2.07555
74.5213_87.4597_-2.05488
74.2841_87.0195_-2.07555
74.0468_86.5794_-2.05488
73.8096_86.1393_-2.07555
73.5723_85.6992_-2.05488
73.3442_85.2543_-2.03421
73.1161_84.8093_-2.05488
72.9417_84.487_-1.31082
73.1238_84.0225_-1.08347
73.3534_83.5783_-1.10414
73.5829_83.1341_-1.08347
73.8125_82.6899_-1.10414
74.0328_82.2411_-1.1248
74.2531_81.7923_-1.10414
74.4827_81.3481_-1.08347
74.7122_80.9039_-1.10414
74.9325_80.4551_-1.1248
75.1612_80.0124_-1.14547
75.3722_79.5592_-1.1248
75.5832_79.1059_-1.14547
75.7942_78.6526_-1.1248
76.0052_78.1993_-1.14547
76.2162_77.746_-1.1248
76.2162_77.746_-1.1248
76.4366_77.2972_-1.10414
76.6661_76.853_-1.08347
76.8957_76.4088_-1.10414
77.1252_75.9646_-1.08347
77.3548_75.5205_-1.10414
77.5843_75.0763_-1.08347
77.8777_74.4916_-1.5175
77.9806_74.0043_-1.20748
78.1535_73.5352_-1.22815
78.3263_73.066_-1.20748
78.4992_72.5968_-1.22815
78.672_72.1277_-1.20748
78.8545_71.6622_-1.18681
79.037_71.1967_-1.20748
79.2099_70.7275_-1.22815
79.3827_70.2584_-1.20748
79.5627_69.7994_-1.26948
79.7355_69.3304_-1.16614
79.9371_68.8729_-1.14547
80.1386_68.4153_-1.16614
80.3402_67.9578_-1.14547
80.5512_67.5045_-1.1248
80.7622_67.0512_-1.14547
80.9638_66.5936_-1.16614
81.1654_66.1361_-1.14547
81.3764_65.6828_-1.1248
81.5663_65.2511_-1.02146
81.8654_64.8513_-0.835447
82.2047_64.484_-0.814778
82.5439_64.1167_-0.835447
82.8831_63.7494_-0.814778
83.2299_63.3892_-0.79411
83.5766_63.029_-0.814778
83.9159_62.6617_-0.835447
84.0367_62.4597_-1.22815
84.0754_62.4939_-2.09622
83.9149_62.0238_-1.70352
83.9465_61.528_-1.31082
84.1191_61.0595_-1.1248
84.3301_60.6062_-1.14547
84.5411_60.1529_-1.1248
84.5411_60.1529_-1.1248
84.7234_59.6878_-1.26948
84.8767_59.2119_-1.24881
85.03_58.736_-1.26948
85.1833_58.2601_-1.24881
85.3366_57.7842_-1.26948
85.3366_57.7842_-1.26948
85.4997_57.3116_-1.20748
85.6822_56.8461_-1.18681
85.8648_56.3806_-1.20748
86.0473_55.9151_-1.18681
86.2298_55.4497_-1.20748
86.4123_54.9842_-1.18681
86.5948_54.5187_-1.20748
86.7773_54.0532_-1.18681
86.8633_53.922_-0.79411
86.8366_53.9172_0.0946301
86.8366_53.9172_-0.298069
86.8366_53.9172_-0.690768
87.1504_53.5321_-1.08347
87.293_53.0561_-1.47617
87.2425_52.5619_-1.86887
87.2425_52.5619_-1.86887
87.151_52.0715_-1.64151
87.1105_51.5731_-1.66218
87.0701_51.0748_-1.64151
87.0296_50.5764_-1.66218
86.9891_50.0781_-1.64151
86.9589_49.579_-1.62084
86.9288_49.0799_-1.64151
86.8883_48.5815_-1.66218
86.866_48.2966_-2.65426
86.3901_48.154_-3.04696
85.8906_48.1429_-3.19164
85.3916_48.1731_-3.21231
84.8925_48.2032_-3.19164
84.3934_48.2334_-3.21231
83.8943_48.2636_-3.19164
83.3952_48.2938_-3.21231
82.8962_48.3239_-3.19164
82.358_48.3451_-3.81169
81.9159_48.5718_-3.41899
81.4207_48.612_-3.02629
80.9408_48.479_-2.71627
80.4875_48.268_-2.6956
80.0421_48.038_-2.71627
79.5933_47.8177_-2.65426
79.154_47.579_-2.6336
78.7146_47.3403_-2.65426
78.2753_47.1016_-2.6336
77.8359_46.8629_-2.65426
77.8359_46.8629_-2.65426
77.3918_46.6334_-2.67493
76.9429_46.4131_-2.6956
76.4941_46.1928_-2.67493
76.0453_45.9724_-2.6956
75.5964_45.7521_-2.67493
75.5964_45.7521_-2.67493
75.2049_45.4463_-2.28223
74.8986_45.0514_-2.17889
74.6172_44.6381_-2.15822
74.3444_44.2191_-2.13755
74.0713_43.7998_-2.15822
73.742_43.4256_-2.42691
73.361_43.1018_-2.44758
72.9733_42.786_-2.46825
72.5857_42.4702_-2.44758
72.204_42.1457_-2.42691
71.7725_41.8996_-2.81961
71.2966_41.7463_-2.84028
70.8206_41.593_-2.81961
70.3447_41.4397_-2.84028
69.8688_41.2863_-2.81961
69.8688_41.2863_-2.81961
69.4035_41.1039_-2.71627
68.946_40.9023_-2.73694
68.4884_40.7007_-2.71627
68.0309_40.4992_-2.73694
67.5733_40.2976_-2.71627
67.5733_40.2976_-2.71627
67.12_40.0866_-2.6956
66.6668_39.8756_-2.71627
66.2135_39.6646_-2.6956
65.7602_39.4536_-2.71627
65.3069_39.2426_-2.6956
65.3069_39.2426_-2.6956
64.8494_39.041_-2.75761
64.3839_38.8585_-2.77827
63.9184_38.676_-2.75761
63.4529_38.4935_-2.77827
62.9874_38.311_-2.75761
62.9874_38.311_-2.75761
62.5258_38.1189_-2.73694
62.0642_37.9268_-2.75761
61.6026_37.7347_-2.73694
61.141_37.5426_-2.75761
60.6793_37.3506_-2.73694
60.2218_37.149_-2.71627
59.7677_36.949_-2.65426
