configuration -14.0353517532_151.94859314_0.0_1.0_147.259887695_176.039077759_0.145212769539_0.989400450557
length 192.898
time 241.985
roughness 0.00412528
-14.0354_151.949_-0
-13.5371_151.985_0.144679
-13.0416_152.052_0.12401
-12.5448_152.108_0.103342
-12.0481_152.165_0.12401
-11.5513_152.222_0.103342
-11.5513_152.222_0.103342
-11.054_152.196_-0.206684
-10.5636_152.099_-0.186015
-10.0732_152.001_-0.206684
-9.58283_151.903_-0.186015
-9.09053_151.816_-0.165347
-8.59824_151.729_-0.186015
-8.10786_151.631_-0.206684
-7.61747_151.534_-0.186015
-7.12518_151.446_-0.165347
-6.78269_151.379_-0.475373
-6.30511_151.242_-0.0826735
-5.80642_151.258_0.144679
-5.31243_151.335_0.165347
-4.81843_151.412_0.144679
-4.32444_151.489_0.165347
-3.83214_151.577_0.186015
-3.23843_151.672_6.36586
-2.74174_151.636_6.05583
-2.2558_151.518_6.03516
-1.76987_151.401_6.05583
-1.00894_151.221_0.24802
-0.512811_151.246_-0.144679
-0.0188146_151.169_-0.165347
0.475181_151.092_-0.144679
0.969177_151.015_-0.165347
1.46317_150.937_-0.144679
1.95717_150.86_-0.165347
2.45117_150.783_-0.144679
2.83008_150.731_-0.144679
3.32557_150.664_-0.12401
3.82233_150.607_-0.103342
4.31909_150.55_-0.12401
4.81458_150.484_-0.144679
5.31007_150.417_-0.12401
5.91532_150.345_0.206684
6.41251_150.381_-0.0620051
6.91183_150.355_-0.0413367
7.70738_150.302_-0.682056
8.14672_150.07_-0.289357
8.64136_150.024_0.103342
9.13324_150.111_0.24802
9.61917_150.229_0.227352
10.1051_150.347_0.24802
10.591_150.465_0.227352
11.0793_150.572_0.206684
11.5676_150.68_0.227352
11.9728_150.863_0.620051
11.9728_150.863_1.01275
11.9728_150.863_1.40545
11.9993_150.787_2.37686
11.9993_150.787_1.98416
11.9993_150.787_1.59146
12.0267_150.942_1.19877
12.1252_151.096_0.806067
12.2712_151.207_0.496041
12.2712_151.207_0.496041
12.7374_151.384_0.227352
13.2257_151.491_0.206684
13.7139_151.599_0.227352
14.2022_151.707_0.206684
14.6905_151.814_0.227352
15.1764_151.932_0.24802
15.6623_152.05_0.227352
16.1506_152.158_0.206684
16.2949_152.219_0.599383
16.2949_152.219_0.992082
16.2949_152.219_1.38478
16.2949_152.219_1.77748
16.3114_152.197_2.85224
16.3114_152.197_2.45954
16.3114_152.197_2.06684
16.3114_152.197_1.67414
16.3139_152.223_1.28144
16.5458_152.663_0.88874
16.9282_152.98_0.496041
17.4028_153.126_0.103342
17.8975_153.08_-0.289357
18.3607_152.894_-0.475373
18.8076_152.67_-0.454704
19.2545_152.446_-0.475373
19.7014_152.221_-0.454704
20.1483_151.997_-0.475373
20.4757_151.827_5.04308
20.7255_151.398_5.43578
21.1207_151.097_5.82848
21.5877_150.92_6.0145
22.0711_150.792_6.03516
22.5545_150.664_6.0145
23.0379_150.537_6.03516
23.5213_150.409_6.0145
24.0047_150.281_6.03516
24.4906_150.163_6.05583
24.8339_150.076_0.64072
25.2117_150.403_0.785398
25.5616_150.76_0.806067
25.9115_151.117_0.785398
26.173_151.508_1.1781
26.173_151.508_1.5708
26.2518_151.445_2.64555
26.2518_151.445_2.25285
26.2518_151.445_1.86015
26.2518_151.445_1.46745
26.3927_151.328_0.682056
26.7494_151.678_0.868072
27.0685_152.063_0.88874
27.3797_152.454_0.909408
27.6909_152.845_0.88874
28.0101_153.23_0.868072
28.0101_153.23_0.868072
28.3989_153.539_0.475373
28.8503_153.754_0.413367
29.3102_153.95_0.392699
29.7701_154.146_0.413367
30.2301_154.343_0.392699
30.2301_154.343_0.392699
30.6813_154.557_0.496041
31.1186_154.8_0.516709
31.5558_155.042_0.496041
31.9931_155.285_0.516709
32.4252_155.536_0.537378
32.8573_155.788_0.516709
33.2946_156.03_0.496041
33.7318_156.273_0.516709
34.3684_156.636_0.103342
34.843_156.782_0.496041
35.264_157.051_0.64072
35.6618_157.354_0.661388
36.0595_157.657_0.64072
36.4634_157.952_0.620051
36.8673_158.247_0.64072
37.265_158.55_0.661388
37.6292_158.822_0.454704
38.031_159.115_0.806067
38.3734_159.479_0.826735
38.7158_159.844_0.806067
39.0582_160.208_0.826735
39.3931_160.579_0.847403
39.8241_161.049_1.11609
40.0665_161.486_1.01275
40.3356_161.908_0.992082
40.6048_162.329_1.01275
40.8739_162.75_0.992082
41.1517_163.166_0.971414
41.4295_163.582_0.992082
41.8452_164.218_0.475373
42.3228_164.355_0.0826735
42.822_164.381_0.0206684
43.2732_164.377_-0.0413367
43.7662_164.443_0.310026
44.2407_164.601_0.330694
44.7119_164.768_0.351362
45.1831_164.935_0.330694
45.6555_165.103_0.351362
46.1404_165.22_0.12401
46.6359_165.287_0.144679
47.1314_165.354_0.12401
47.6269_165.421_0.144679
48.1224_165.488_0.12401
48.1224_165.488_0.12401
48.6191_165.545_0.103342
49.1159_165.601_0.12401
49.6127_165.658_0.103342
50.1094_165.715_0.12401
50.6062_165.772_0.103342
50.6062_165.772_0.103342
51.1048_165.808_0.0413367
51.6041_165.834_0.0620051
52.1035_165.859_0.0413367
52.6028_165.885_0.0620051
53.1021_165.911_0.0413367
53.1021_165.911_0.0413367
53.6014_165.937_0.0620051
54.1001_165.973_0.0826735
54.5988_166.009_0.0620051
55.0975_166.045_0.0826735
55.5962_166.081_0.0620051
55.5962_166.081_0.0620051
56.0825_166.189_0.372031
56.5501_166.366_0.351362
57.0178_166.542_0.372031
57.4854_166.719_0.351362
57.953_166.896_0.372031
58.4169_167.083_0.392699
58.8808_167.269_0.372031
59.2097_167.397_0.516709
59.6518_167.63_0.454704
60.0987_167.855_0.475373
60.5456_168.079_0.454704
60.9925_168.303_0.475373
61.4346_168.536_0.496041
61.8768_168.77_0.475373
62.4146_169.039_0.310026
62.9039_169.137_0.0826735
63.4026_169.173_0.0620051
63.9019_169.199_0.0413367
64.4012_169.224_0.0620051
64.7044_169.245_-0.0206684
65.1936_169.332_0.372031
65.6123_169.599_0.76473
65.9695_169.949_0.785398
66.3193_170.306_0.806067
66.6692_170.663_0.785398
66.6692_170.663_0.785398
67.0823_170.939_0.392699
67.5663_171.057_0.0826735
68.065_171.093_0.0620051
68.5643_171.119_0.0413367
69.0647_171.145_0.0620051
69.545_171.272_0.454704
69.9402_171.573_0.847403
70.2673_171.951_0.868072
70.5865_172.336_0.88874
70.9057_172.721_0.868072
71.2248_173.105_0.88874
71.544_173.49_0.868072
71.8632_173.875_0.88874
72.1368_174.225_0.0206684
72.6366_174.241_0.0413367
73.1363_174.256_0.0206684
73.6361_174.272_0.0413367
74.1358_174.287_0.0206684
74.6356_174.303_0.0413367
74.6356_174.303_0.0413367
75.1264_174.226_-0.351362
75.5976_174.059_-0.330694
76.0688_173.892_-0.351362
76.54_173.724_-0.330694
77.0146_173.567_-0.310026
77.0146_173.567_-0.310026
77.449_173.326_-0.702725
77.7907_172.962_-0.930077
78.0937_172.565_-0.909408
78.4049_172.173_-0.88874
78.716_171.782_-0.909408
79.019_171.384_-0.930077
79.3221_170.987_-0.909408
79.6332_170.595_-0.88874
79.682_170.503_-1.28144
79.6918_170.521_-2.37686
79.6918_170.521_-1.98416
79.6918_170.521_-1.59146
79.7786_170.032_-1.19877
80.046_169.613_-0.806067
80.4533_169.329_-0.413367
80.4533_169.329_-0.413367
80.8606_169.044_-0.806067
81.1458_168.636_-1.11609
81.37_168.189_-1.09542
81.5942_167.742_-1.11609
81.8091_167.291_-1.13676
82.0021_166.896_-0.599383
82.4059_166.601_-0.661388
82.8036_166.298_-0.64072
83.2013_165.995_-0.661388
83.5991_165.692_-0.64072
83.9968_165.389_-0.661388
83.9968_165.389_-0.661388
84.3217_165.013_-1.05409
84.4782_164.542_-1.44679
84.4423_164.046_-1.83949
84.2849_163.572_-1.94283
84.108_163.104_-1.92216
84.108_163.104_-1.92216
84.0313_162.614_-1.52946
84.1384_162.128_-1.1781
84.3249_161.664_-1.19877
84.5115_161.2_-1.1781
84.698_160.736_-1.19877
84.8846_160.272_-1.1781
84.8897_160.247_-1.5708
84.8926_160.259_-2.4182
84.5915_159.864_-2.0255
84.4646_159.383_-1.6328
84.5109_158.887_-1.32278
84.6485_158.407_-1.26077
84.7964_157.928_-1.28144
84.9636_157.457_-1.1781
85.1597_156.997_-1.15743
85.3558_156.537_-1.1781
85.5519_156.077_-1.15743
85.748_155.617_-1.1781
85.748_155.617_-1.1781
86.024_155.204_-0.785398
86.4371_154.928_-0.392699
86.901_154.741_-0.372031
87.3648_154.555_-0.392699
87.8287_154.368_-0.372031
87.8287_154.368_-0.372031
88.2886_154.172_-0.434036
88.7444_153.967_-0.413367
89.2001_153.761_-0.434036
89.6559_153.555_-0.413367
90.1117_153.35_-0.434036
90.1117_153.35_-0.434036
90.5945_153.233_-0.0413367
91.0854_153.31_0.351362
91.553_153.487_0.372031
92.0169_153.673_0.392699
92.4808_153.86_0.372031
92.4808_153.86_0.372031
92.9447_154.046_0.392699
93.4085_154.233_0.372031
93.8724_154.419_0.392699
94.3363_154.606_0.372031
94.8002_154.792_0.392699
94.8002_154.792_0.392699
95.2842_154.91_0.0826735
95.782_154.956_0.103342
96.2799_155.003_0.0826735
96.7777_155.049_0.103342
97.2755_155.095_0.0826735
97.2755_155.095_0.0826735
97.7691_155.039_-0.310026
98.2142_154.816_-0.620051
98.6241_154.529_-0.599383
99.034_154.243_-0.620051
99.4439_153.957_-0.599383
99.4439_153.957_-0.599383
99.9009_153.762_-0.206684
100.398_153.757_0.186015
100.859_153.942_0.578714
101.213_154.29_0.971414
101.408_154.747_1.36411
101.408_154.747_1.36411
101.603_155.204_0.971414
101.958_155.551_0.578714
102.4_155.785_0.392699
102.863_155.971_0.372031
103.336_156.139_0.392699
103.795_156.335_0.413367
104.251_156.54_0.434036
104.707_156.746_0.413367
105.163_156.951_0.434036
105.619_157.157_0.413367
105.619_157.157_0.413367
106.082_157.344_0.351362
106.55_157.52_0.372031
107.018_157.697_0.351362
107.485_157.874_0.372031
107.953_158.051_0.351362
107.953_158.051_0.351362
108.444_158.128_-0.0413367
108.927_158.011_-0.434036
109.373_157.787_-0.496041
109.811_157.544_-0.516709
110.238_157.284_-0.496041
110.713_157.137_-0.103342
111.207_157.183_0.289357
111.671_157.369_0.475373
112.113_157.603_0.496041
112.555_157.836_0.475373
112.555_157.836_0.475373
112.997_158.07_0.496041
113.439_158.303_0.475373
113.881_158.537_0.496041
114.324_158.77_0.475373
114.766_159.003_0.496041
114.766_159.003_0.496041
115.203_159.246_0.516709
115.635_159.497_0.537378
116.062_159.758_0.558046
116.489_160.018_0.537378
116.921_160.27_0.516709
117.358_160.512_0.496041
117.8_160.746_0.475373
118.243_160.979_0.496041
118.685_161.212_0.475373
119.127_161.446_0.496041
119.127_161.446_0.496041
119.569_161.679_0.475373
120.011_161.913_0.496041
120.453_162.146_0.475373
120.896_162.379_0.496041
121.338_162.613_0.475373
121.338_162.613_0.475373
121.74_162.906_0.785398
122.097_163.256_0.76473
122.454_163.606_0.785398
122.812_163.956_0.76473
123.169_164.306_0.785398
123.169_164.306_0.785398
123.582_164.582_0.392699
124.042_164.778_0.413367
124.502_164.974_0.392699
124.962_165.17_0.413367
125.422_165.366_0.392699
125.422_165.366_0.392699
125.873_165.581_0.496041
126.315_165.815_0.475373
126.757_166.048_0.496041
127.199_166.281_0.475373
127.641_166.515_0.496041
127.641_166.515_0.496041
128.116_166.661_0.103342
128.615_166.677_-0.0413367
129.115_166.661_-0.0206684
129.615_166.646_-0.0413367
130.115_166.63_-0.0206684
130.115_166.63_-0.0206684
130.604_166.717_0.372031
131.071_166.894_0.351362
131.539_167.071_0.372031
132.007_167.248_0.351362
132.474_167.425_0.372031
132.474_167.425_0.372031
132.905_167.675_0.682056
133.296_167.987_0.661388
133.688_168.298_0.682056
134.079_168.609_0.661388
134.47_168.92_0.682056
134.47_168.92_0.682056
134.91_169.152_0.289357
135.39_169.29_0.268689
135.871_169.427_0.289357
136.352_169.565_0.268689
136.832_169.703_0.289357
136.832_169.703_0.289357
137.287_169.908_0.558046
137.713_170.168_0.537378
138.14_170.429_0.558046
138.567_170.689_0.537378
138.994_170.949_0.558046
138.994_170.949_0.558046
139.421_171.21_0.537378
139.848_171.47_0.558046
140.275_171.73_0.537378
140.701_171.991_0.558046
141.128_172.251_0.537378
141.128_172.251_0.537378
141.555_172.511_0.558046
141.982_172.772_0.537378
142.409_173.032_0.558046
142.836_173.293_0.537378
143.263_173.553_0.558046
143.263_173.553_0.558046
143.689_173.813_0.537378
144.116_174.074_0.558046
144.538_174.343_0.578714
144.959_174.612_0.558046
145.386_174.872_0.537378
145.386_174.872_0.537378
145.813_175.133_0.558046
146.234_175.402_0.578714
146.655_175.671_0.558046
147.082_175.931_0.537378
147.082_175.931_0.537378
