configuration -14.0353517532_151.94859314_0.0_1.0_147.259887695_176.039077759_0.145212769539_0.989400450557
length 425.2
time 13.3072
roughness 0.000214253
-14.0354_151.949_-0
-13.5371_151.985_0.144679
-13.0431_152.062_0.165347
-12.5491_152.139_0.144679
-12.0551_152.216_0.165347
-11.5611_152.293_0.144679
-11.0656_152.36_0.12401
-10.5689_152.417_0.103342
-10.0721_152.474_0.12401
-9.57533_152.531_0.103342
-9.07857_152.587_0.12401
-8.5801_152.623_0.0206684
-8.08035_152.639_0.0413367
-7.58102_152.665_0.0620051
-7.0817_152.691_0.0413367
-6.58238_152.716_0.0620051
-6.09006_152.65_-0.330694
-5.63493_152.445_-0.516709
-5.19768_152.202_-0.496041
-4.75552_151.969_-0.475373
-4.31335_151.735_-0.496041
-3.8387_151.589_-0.103342
-3.34044_151.604_0.165347
-2.84645_151.681_0.144679
-2.35245_151.758_0.165347
-1.85846_151.836_0.144679
-1.36233_151.81_-0.24802
-0.908881_151.605_-0.599383
-0.493153_151.328_-0.578714
-0.077426_151.05_-0.599383
0.338301_150.772_-0.578714
0.742022_150.478_-0.682056
1.13339_150.166_-0.661388
1.53111_149.863_-0.64072
1.92882_149.56_-0.661388
2.32654_149.257_-0.64072
2.74209_148.98_-0.537378
3.16894_148.719_-0.558046
3.59579_148.459_-0.537378
4.02264_148.199_-0.558046
4.44949_147.938_-0.537378
4.91768_147.772_-0.144679
5.4099_147.685_-0.206684
5.90029_147.587_-0.186015
6.39258_147.5_-0.165347
6.88488_147.412_-0.186015
7.34579_147.227_-0.578714
7.70069_146.879_-0.971414
7.987_146.469_-0.950745
8.28173_146.066_-0.930077
8.57645_145.662_-0.950745
8.93846_145.321_-0.558046
9.40311_145.146_-0.165347
9.89966_145.161_0.227352
10.3699_145.328_0.454704
10.8213_145.543_0.434036
11.3041_145.66_0.0413367
11.7949_145.583_-0.351362
12.2191_145.324_-0.744061
12.5762_144.975_-0.806067
12.9186_144.61_-0.826735
13.1773_144.186_-1.21943
13.3049_143.703_-1.40545
13.3923_143.211_-1.38478
13.4797_142.719_-1.40545
13.567_142.227_-1.38478
13.7431_141.761_-1.03342
13.9945_141.329_-1.05409
14.246_140.897_-1.03342
14.4975_140.465_-1.05409
14.749_140.033_-1.03342
15.0817_139.664_-0.64072
15.4856_139.369_-0.620051
15.8955_139.083_-0.599383
16.3054_138.796_-0.620051
16.7153_138.51_-0.599383
17.0629_138.155_-0.992082
17.2483_137.694_-1.38478
17.3357_137.202_-1.40545
17.4128_136.708_-1.42612
17.49_136.214_-1.40545
17.6469_135.741_-1.09542
17.8618_135.29_-1.15743
18.0673_134.834_-1.13676
18.2823_134.383_-1.11609
18.4972_133.931_-1.13676
18.6243_133.45_-1.48812
18.6707_132.953_-1.46745
18.7275_132.456_-1.44679
18.7842_131.959_-1.46745
18.8409_131.462_-1.44679
18.9973_130.991_-1.05409
19.3223_130.615_-0.661388
19.7431_130.346_-0.475373
20.1853_130.113_-0.496041
20.6225_129.87_-0.516709
20.9983_129.545_-0.909408
21.2929_129.142_-0.971414
21.5793_128.732_-0.950745
21.8656_128.322_-0.971414
22.1519_127.912_-0.950745
22.3561_127.459_-1.34344
22.4537_126.969_-1.40545
22.5309_126.475_-1.42612
22.6081_125.981_-1.40545
22.6852_125.487_-1.42612
22.7317_124.989_-1.52946
22.7575_124.49_-1.50879
22.7833_123.99_-1.52946
22.8091_123.491_-1.50879
22.835_122.992_-1.52946
22.8608_122.492_-1.50879
22.8866_121.993_-1.52946
22.9124_121.494_-1.50879
22.9382_120.995_-1.52946
22.9641_120.495_-1.50879
23.0105_119.997_-1.44679
23.0672_119.501_-1.46745
23.1239_119.004_-1.44679
23.1806_118.507_-1.46745
23.2374_118.01_-1.44679
23.2941_117.514_-1.46745
23.3508_117.017_-1.44679
23.4075_116.52_-1.46745
23.4642_116.023_-1.44679
23.5209_115.527_-1.46745
23.5467_115.027_-1.5708
23.5519_114.527_-1.55013
23.5674_114.028_-1.52946
23.5829_113.528_-1.55013
23.5984_113.028_-1.52946
23.5829_112.529_-1.67414
23.5262_112.032_-1.69481
23.4695_111.535_-1.67414
23.4128_111.039_-1.69481
23.3561_110.542_-1.67414
23.2587_110.052_-1.86015
23.121_109.571_-1.83949
22.9932_109.088_-1.81882
22.8655_108.605_-1.83949
22.7377_108.121_-1.81882
22.6606_107.628_-1.6328
22.5404_107.173_-2.0255
22.4135_106.693_-1.6328
22.4392_106.194_-1.40545
22.5164_105.7_-1.42612
22.5936_105.206_-1.40545
22.6708_104.712_-1.42612
22.6452_104.216_-1.81882
22.5075_103.736_-1.88082
22.35_103.261_-1.90149
22.1926_102.787_-1.88082
22.0351_102.312_-1.90149
21.9686_101.82_-1.50879
22.0955_101.339_-1.11609
22.3966_100.944_-0.723393
22.7748_100.617_-0.702725
23.1529_100.29_-0.723393
23.454_99.895_-1.11609
23.5809_99.4146_-1.50879
23.5144_98.9223_-1.90149
23.3668_98.4447_-1.83949
23.2291_97.964_-1.86015
23.0619_97.493_-1.9635
22.8658_97.0331_-1.98416
22.6697_96.5732_-1.9635
22.4736_96.1133_-1.98416
22.2775_95.6533_-1.9635
22.1806_95.1661_-1.5708
22.2372_94.6704_-1.34344
22.3549_94.1844_-1.32278
22.4727_93.6985_-1.34344
22.5904_93.2126_-1.32278
22.6777_92.7207_-1.46745
22.7344_92.2239_-1.44679
22.7911_91.7272_-1.46745
22.8478_91.2304_-1.44679
22.9046_90.7336_-1.46745
22.9613_90.2369_-1.44679
23.0282_89.7414_-1.42612
23.0952_89.2459_-1.44679
23.1622_88.7504_-1.42612
23.2291_88.2549_-1.44679
23.3856_87.7834_-1.05409
23.6371_87.3513_-1.03342
23.8886_86.9191_-1.05409
24.14_86.487_-1.03342
24.3915_86.0549_-1.05409
24.548_85.5833_-1.44679
24.5944_85.0856_-1.50879
24.6305_84.5869_-1.48812
24.6667_84.0882_-1.50879
24.7028_83.5895_-1.48812
24.7493_83.0917_-1.46745
24.7957_82.5939_-1.48812
24.8421_82.096_-1.46745
24.8886_81.5982_-1.48812
24.935_81.1004_-1.46745
24.9917_80.6036_-1.44679
25.0587_80.1081_-1.42612
25.1256_79.6126_-1.44679
25.1926_79.1172_-1.42612
25.2596_78.6217_-1.44679
25.306_78.1239_-1.50879
25.3422_77.6252_-1.48812
25.3783_77.1265_-1.50879
25.4144_76.6279_-1.48812
25.4506_76.1292_-1.50879
25.384_75.6369_-1.90149
25.1515_75.1965_-2.21152
24.8568_74.7926_-2.19085
24.5705_74.3827_-2.17018
24.2842_73.9728_-2.19085
24.0799_73.5199_-1.79815
24.0645_73.0233_-1.40545
24.2403_72.5587_-1.01275
24.5806_72.1967_-0.620051
24.9845_71.902_-0.64072
25.3171_71.533_-1.03342
25.4833_71.0648_-1.42612
25.4576_70.5687_-1.81882
25.2441_70.1201_-2.21152
24.925_69.7355_-2.31486
24.6663_69.3113_-1.92216
24.5896_68.8205_-1.52946
24.6666_68.3276_-1.30211
24.7944_67.8442_-1.32278
24.9221_67.3608_-1.30211
25.0598_66.8801_-1.28144
25.1975_66.3995_-1.30211
25.3353_65.9188_-1.28144
25.473_65.4381_-1.30211
25.6107_64.9575_-1.28144
25.8426_64.5182_-0.88874
26.199_64.169_-0.661388
26.5904_63.8579_-0.682056
26.9817_63.5467_-0.661388
27.3731_63.2355_-0.682056
27.6903_62.8531_-1.07476
27.8369_62.3785_-1.46745
27.8627_61.8794_-1.5708
27.8679_61.3794_-1.55013
27.8834_60.8797_-1.52946
27.9298_60.3821_-1.42612
28.007_59.8881_-1.40545
28.0842_59.3941_-1.42612
28.1614_58.9001_-1.40545
28.2386_58.4061_-1.42612
28.2129_57.9099_-1.81882
27.9994_57.4614_-2.21152
27.6726_57.0835_-2.35619
27.3154_56.7337_-2.37686
26.9582_56.3838_-2.35619
26.6822_55.9707_-1.9635
26.5853_55.4835_-1.5708
26.6622_54.9914_-1.26077
26.8098_54.5137_-1.28144
26.9475_54.0331_-1.30211
27.0852_53.5524_-1.28144
27.2229_53.0718_-1.30211
27.3606_52.5911_-1.28144
27.4983_52.1105_-1.30211
27.636_51.6298_-1.28144
27.6822_51.1352_-1.67414
27.5355_50.6605_-2.06684
27.2184_50.2781_-2.45954
26.8335_49.9589_-2.43887
26.4553_49.6319_-2.4182
26.4553_49.6319_-2.0255
26.3284_49.1516_-1.6328
26.3949_48.6593_-1.2401
26.6448_48.2299_-0.847403
27.0219_47.9038_-0.578714
27.3768_47.5561_-0.971414
27.6003_47.1106_-1.2401
27.7675_46.6394_-1.21943
27.9348_46.1682_-1.2401
28.102_45.697_-1.21943
28.1787_45.2062_-1.61213
28.0617_44.7233_-2.00483
27.8019_44.2974_-2.23218
27.4989_43.8997_-2.21152
27.1959_43.502_-2.23218
27.1959_43.502_-1.83949
27.16_43.0065_-1.44679
27.3164_42.535_-1.05409
27.6414_42.1592_-0.661388
28.0723_41.9085_-0.392699
28.0723_41.9085_-0.785398
28.3483_41.4954_-1.1781
28.4452_41.0081_-1.5708
28.3483_40.5209_-1.9635
28.0723_40.1078_-2.35619
27.7963_39.6948_-1.9635
27.6993_39.2075_-1.5708
27.7863_38.7177_-1.21943
27.9535_38.2465_-1.2401
28.111_37.772_-1.26077
28.3519_37.3375_-0.868072
28.7221_37.0037_-0.599383
29.132_36.7174_-0.620051
29.5359_36.4227_-0.64072
29.9398_36.128_-0.620051
29.9398_36.128_-1.01275
29.9953_35.9812_-1.40545
29.9856_35.6676_-1.79815
29.8566_35.3816_-2.19085
29.647_35.1846_-2.58355
29.647_35.1846_-2.19085
29.4428_34.7318_-1.79815
29.4274_34.2352_-1.40545
29.6032_33.7706_-1.01275
29.9434_33.4085_-0.620051
30.2836_33.0465_-1.01275
30.4594_32.5819_-1.40545
30.444_32.0853_-1.79815
30.3364_31.5971_-1.77748
30.2388_31.1067_-1.75681
30.244_30.6099_-1.36411
30.3716_30.1267_-1.26077
30.5291_29.6522_-1.2401
30.6865_29.1776_-1.26077
30.844_28.7031_-1.2401
31.0939_28.2737_-0.847403
31.489_27.9726_-0.454704
31.9525_27.7862_-0.310026
32.4302_27.6386_-0.289357
32.9079_27.491_-0.310026
33.4015_27.4347_0.0826735
33.8951_27.5118_0.227352
34.3834_27.6194_0.206684
34.8716_27.7271_0.227352
35.3599_27.8348_0.206684
35.8567_27.8399_-0.186015
36.349_27.7525_-0.165347
36.8413_27.6651_-0.186015
37.3335_27.5777_-0.165347
37.8258_27.4903_-0.186015
38.3226_27.4955_0.206684
38.7961_27.6526_0.434036
39.2519_27.8582_0.413367
39.7119_28.0543_0.392699
40.1718_28.2504_0.413367
40.6552_28.3675_0.0620051
41.1539_28.4036_0.0826735
41.6526_28.4398_0.0620051
42.1513_28.4759_0.0826735
42.6491_28.5223_0.103342
43.1238_28.669_0.496041
43.5706_28.8932_0.434036
44.022_29.1081_0.454704
44.4689_29.3324_0.475373
44.9158_29.5566_0.454704
45.3715_29.7621_0.392699
45.8315_29.9582_0.413367
46.2914_30.1543_0.392699
46.7513_30.3504_0.413367
47.2112_30.5465_0.392699
47.6578_30.7706_0.537378
48.0846_31.0309_0.558046
48.5115_31.2913_0.537378
48.9383_31.5516_0.558046
49.3652_31.812_0.537378
49.8071_32.0453_0.434036
50.2629_32.2509_0.413367
50.7187_32.4565_0.434036
51.1745_32.662_0.413367
51.6303_32.8676_0.434036
52.0316_33.1604_0.826735
52.3341_33.5576_1.01275
52.6033_33.9789_0.992082
52.8811_34.3947_0.971414
53.1588_34.8104_0.992082
53.5065_35.1653_0.599383
53.9477_35.3982_0.372031
54.4153_35.5751_0.351362
54.883_35.7521_0.372031
55.3506_35.929_0.351362
55.8333_36.0566_0.165347
56.3256_36.1439_0.186015
56.816_36.2415_0.206684
57.3064_36.339_0.186015
57.7968_36.4366_0.206684
58.2666_36.6033_0.475373
58.7135_36.8275_0.454704
59.1649_37.0425_0.434036
59.6163_37.2574_0.454704
60.0677_37.4724_0.434036
60.5276_37.6684_0.372031
60.9915_37.855_0.392699
61.4554_38.0415_0.372031
61.9193_38.2281_0.392699
62.3832_38.4146_0.372031
62.8342_38.6294_0.516709
63.2663_38.8809_0.537378
63.6985_39.1324_0.516709
64.1306_39.3839_0.537378
64.5628_39.6353_0.516709
65.0343_39.7918_0.12401
65.5298_39.7559_-0.268689
66.0074_39.6083_-0.330694
66.4786_39.4411_-0.351362
66.9498_39.2738_-0.330694
67.4421_39.2073_0.0620051
67.9224_39.3342_0.454704
68.3176_39.6353_0.847403
68.6447_40.0135_0.868072
68.9639_40.3983_0.88874
69.3462_40.7155_0.496041
69.8055_40.9113_0.310026
70.2801_41.0687_0.330694
70.7546_41.2262_0.310026
71.2292_41.3836_0.330694
71.7206_41.4604_-0.0206684
72.2205_41.4656_0.0413367
72.7203_41.4811_0.0206684
73.2203_41.4863_-2.15106e-16
73.7202_41.4914_0.0206684
74.2054_41.5984_0.413367
74.6126_41.8829_0.806067
74.9315_42.2674_0.950745
75.2263_42.6713_0.930077
75.5293_43.069_0.909408
75.7521_43.5131_1.30211
75.8188_44.0071_1.5708
75.824_44.507_1.55013
75.8292_45.007_1.5708
75.8343_45.507_1.55013
75.9413_45.9921_1.15743
76.2258_46.3994_0.76473
76.6445_46.6668_0.372031
77.1244_46.8043_0.186015
77.6148_46.9018_0.206684
78.1116_46.9482_-0.0206684
78.6116_46.943_-2.77556e-16
79.1115_46.9378_-0.0206684
79.6115_46.9327_-2.77556e-16
80.1115_46.9275_-0.0206684
80.6006_47.0143_0.372031
81.0193_47.2817_0.76473
81.3125_47.6836_1.11609
81.5367_48.1305_1.09542
81.7701_48.5726_1.07476
82.0873_48.955_0.682056
82.5266_49.1869_0.289357
83.0213_49.2331_-0.103342
83.4959_49.0864_-0.496041
83.9381_48.853_-0.475373
84.4157_48.7162_-0.0826735
84.9092_48.7725_0.310026
85.3491_49.0047_0.661388
85.753_49.2994_0.599383
86.1629_49.5857_0.620051
86.6037_49.8185_0.351362
87.0714_49.9954_0.372031
87.5352_50.1819_0.392699
87.9991_50.3685_0.372031
88.463_50.555_0.392699
88.9503_50.652_-3.33067e-16
89.4375_50.555_-0.392699
89.8887_50.3402_-0.496041
90.3309_50.1068_-0.475373
90.7731_49.8734_-0.496041
91.2477_49.7267_-0.103342
91.7424_49.7728_0.289357
92.1817_50.0048_0.682056
92.5308_50.3612_0.909408
92.842_50.7526_0.88874
93.2244_51.0697_0.496041
93.699_51.2164_0.103342
94.1984_51.2318_-0.0413367
94.6981_51.2163_-0.0206684
95.1981_51.2112_-3.05311e-16
95.6853_51.3081_0.392699
96.0984_51.5841_0.785398
96.4089_51.9746_1.01275
96.678_52.396_0.992082
96.9472_52.8174_1.01275
97.2497_53.2145_0.826735
97.5922_53.5789_0.806067
97.9346_53.9432_0.826735
98.277_54.3076_0.806067
98.6194_54.6719_0.826735
99.0207_54.9647_0.434036
99.5035_55.0817_0.0413367
99.9944_55.005_-0.351362
100.435_54.7723_-0.620051
100.845_54.486_-0.599383
101.302_54.2911_-0.206684
101.799_54.286_0.186015
102.285_54.4037_0.289357
102.762_54.5513_0.310026
103.24_54.6989_0.289357
103.721_54.8366_0.268689
104.204_54.9643_0.24802
104.687_55.0921_0.268689
105.171_55.2198_0.24802
105.654_55.3476_0.268689
106.098_55.5704_0.661388
106.483_55.8895_0.723393
106.861_56.2166_0.702725
107.239_56.5436_0.723393
107.618_56.8707_0.702725
107.927_57.2596_1.09542
108.064_57.7371_1.48812
108.11_58.235_1.46745
108.156_58.7328_1.48812
108.203_59.2306_1.46745
108.35_59.7053_1.07476
108.667_60.0877_0.682056
109.092_60.3473_0.413367
109.548_60.5528_0.434036
110.004_60.7584_0.413367
110.468_60.9449_0.351362
110.939_61.1121_0.330694
111.41_61.2794_0.351362
111.881_61.4466_0.330694
112.352_61.6138_0.351362
112.843_61.6905_-0.0413367
113.326_61.5736_-0.434036
113.773_61.3494_-0.496041
114.215_61.1159_-0.475373
114.662_60.8917_-0.454704
115.142_60.7648_-0.0620051
115.635_60.8313_0.330694
116.064_61.0812_0.723393
116.414_61.4381_0.868072
116.741_61.8163_0.847403
117.136_62.1173_0.454704
117.583_62.3416_0.475373
118.03_62.5658_0.454704
118.477_62.79_0.475373
118.923_63.0142_0.454704
119.319_63.3153_0.847403
119.568_63.7447_1.2401
119.736_64.2159_1.21943
119.903_64.6871_1.2401
120.07_65.1583_1.21943
120.218_65.6358_1.32278
120.345_66.1192_1.30211
120.473_66.6026_1.32278
120.601_67.086_1.30211
120.729_67.5694_1.32278
120.933_68.0228_0.971414
121.211_68.4385_0.992082
121.489_68.8543_0.971414
121.767_69.27_0.992082
122.044_69.6857_0.971414
122.258_70.1354_1.28144
122.406_70.6131_1.26077
122.563_71.0876_1.2401
122.721_71.5622_1.26077
122.878_72.0367_1.2401
122.945_72.529_1.6328
122.828_73.0125_1.98416
122.632_73.4724_1.9635
122.445_73.9363_1.94283
122.259_74.4002_1.9635
122.044_74.8514_2.06684
121.81_75.2936_2.04617
121.586_75.7405_2.0255
121.362_76.1874_2.04617
121.138_76.6343_2.0255
120.886_77.066_2.17018
120.609_77.4818_2.14951
120.339_77.9031_2.12884
120.07_78.3245_2.14951
119.801_78.7459_2.12884
119.625_79.2106_1.73614
119.641_79.7071_1.34344
119.769_80.1904_1.28144
119.906_80.6711_1.30211
120.044_81.1517_1.28144
120.09_81.6464_1.67414
119.943_82.121_2.06684
119.719_82.5679_2.00483
119.504_83.0193_2.0255
119.28_83.4662_2.04617
119.047_83.9084_2.06684
118.804_84.3456_2.08751
118.562_84.7829_2.06684
118.319_85.2201_2.08751
118.077_85.6574_2.06684
117.759_86.0397_2.45954
117.324_86.281_2.8109
116.853_86.4482_2.79023
116.382_86.6155_2.8109
115.911_86.7827_2.79023
115.487_87.0414_2.39753
115.194_87.4427_2.00483
115.077_87.9255_1.61213
115.154_88.4163_1.21943
115.331_88.884_1.19877
115.458_89.3664_1.42612
115.535_89.8604_1.40545
115.612_90.3543_1.42612
115.69_90.8483_1.40545
115.767_91.3423_1.42612
115.741_91.8385_1.81882
115.546_92.2966_2.12884
115.285_92.7234_2.10817
115.034_93.1556_2.08751
114.783_93.5877_2.10817
114.45_93.9567_2.50087
114.04_94.2429_2.56288
113.624_94.5207_2.54221
113.209_94.7985_2.56288
112.793_95.0763_2.54221
112.445_95.4312_2.14951
112.26_95.8921_1.75681
112.265_96.3889_1.36411
112.422_96.8624_1.13676
112.628_97.3182_1.15743
112.735_97.8033_1.55013
112.668_98.2968_1.86015
112.52_98.7745_1.88082
112.373_99.2522_1.86015
112.225_99.7299_1.88082
112.048_100.197_1.98416
111.852_100.657_1.9635
111.656_101.117_1.98416
111.46_101.577_1.9635
111.264_102.037_1.98416
111.157_102.522_1.59146
111.244_103.011_1.19877
111.458_103.462_1.05409
111.701_103.9_1.07476
111.943_104.337_1.05409
112.129_104.799_1.32278
112.257_105.283_1.30211
112.395_105.763_1.28144
112.533_106.244_1.30211
112.67_106.725_1.28144
112.857_107.188_1.09542
113.081_107.635_1.11609
113.305_108.082_1.09542
113.529_108.529_1.11609
113.753_108.976_1.09542
114.063_109.364_0.702725
114.497_109.605_0.310026
114.975_109.753_0.289357
115.455_109.891_0.268689
115.936_110.028_0.289357
116.424_110.136_0.144679
116.918_110.213_0.165347
117.41_110.301_0.186015
117.903_110.388_0.165347
118.395_110.475_0.186015
118.89_110.542_0.0826735
119.389_110.578_0.0620051
119.887_110.615_0.0826735
120.386_110.651_0.0620051
120.885_110.687_0.0826735
121.362_110.824_0.475373
121.751_111.133_0.868072
122.001_111.563_1.21943
122.178_112.03_1.19877
122.365_112.494_1.1781
122.641_112.907_0.785398
123.054_113.183_0.392699
123.518_113.37_0.372031
123.986_113.547_0.351362
124.453_113.724_0.372031
124.924_113.891_0.310026
125.399_114.048_0.330694
125.873_114.206_0.310026
126.348_114.363_0.330694
126.823_114.521_0.310026
127.316_114.577_-0.0826735
127.803_114.47_-0.351362
128.274_114.303_-0.330694
128.749_114.145_-0.310026
129.223_113.988_-0.330694
129.716_113.921_0.0620051
130.196_114.048_0.454704
130.591_114.349_0.847403
130.894_114.746_0.992082
131.163_115.168_1.01275
131.405_115.605_1.11609
131.63_116.052_1.09542
131.854_116.499_1.11609
132.078_116.946_1.09542
132.302_117.393_1.11609
132.302_117.393_0.723393
132.732_117.642_0.330694
133.224_117.709_-0.0620051
133.704_117.582_-0.454704
134.099_117.281_-0.847403
134.099_117.281_-0.454704
134.099_117.281_-0.0620051
134.592_117.347_0.330694
135.021_117.597_0.723393
135.322_117.993_1.11609
135.623_118.388_0.723393
136.014_118.699_0.620051
136.418_118.993_0.64072
136.816_119.296_0.661388
137.214_119.599_0.64072
137.591_119.779_0.24802
138.088_119.805_-0.144679
138.556_119.639_-0.537378
138.925_119.306_-0.930077
139.138_118.858_-1.32278
139.352_118.409_-0.930077
139.721_118.076_-0.537378
140.189_117.91_-0.144679
140.688_117.884_0.0413367
141.187_117.9_0.0206684
141.673_118.007_0.413367
142.08_118.291_0.806067
142.422_118.656_0.826735
142.765_119.02_0.806067
143.107_119.384_0.826735
143.366_119.809_1.21943
143.463_120.297_1.52946
143.489_120.796_1.50879
143.525_121.295_1.48812
143.561_121.794_1.50879
143.494_122.286_1.90149
143.318_122.754_1.9635
143.131_123.217_1.94283
142.944_123.681_1.9635
142.758_124.145_1.94283
142.581_124.613_1.92216
142.404_125.08_1.94283
142.227_125.548_1.92216
142.05_126.016_1.94283
141.873_126.483_1.92216
141.797_126.974_1.52946
141.863_127.469_1.34344
141.981_127.955_1.32278
142.099_128.441_1.34344
142.217_128.927_1.32278
142.304_129.419_1.46745
142.361_129.915_1.44679
142.417_130.412_1.46745
142.474_130.909_1.44679
142.531_131.406_1.46745
142.485_131.9_1.86015
142.28_132.355_2.12884
142.011_132.776_2.14951
141.741_133.198_2.12884
141.472_133.619_2.14951
141.258_134.069_1.88082
141.101_134.544_1.90149
140.943_135.018_1.88082
140.786_135.493_1.90149
140.628_135.967_1.88082
140.405_136.412_2.19085
140.119_136.822_2.17018
139.841_137.238_2.14951
139.563_137.654_2.17018
139.285_138.069_2.14951
139.025_138.496_2.08751
138.773_138.928_2.10817
138.522_139.36_2.08751
138.27_139.793_2.10817
138.019_140.225_2.08751
137.786_140.667_2.0255
137.561_141.114_2.04617
137.337_141.561_2.0255
137.113_142.008_2.04617
136.889_142.454_2.0255
136.62_142.875_2.25285
136.301_143.26_2.27352
135.982_143.645_2.25285
135.663_144.029_2.27352
135.343_144.414_2.25285
135.016_144.792_2.31486
134.674_145.157_2.33553
134.332_145.521_2.31486
133.989_145.885_2.33553
133.647_146.25_2.31486
133.388_146.674_1.92216
133.311_147.165_1.52946
133.428_147.648_1.13676
133.671_148.084_0.992082
133.94_148.506_1.01275
134.115_148.971_1.40545
134.141_149.469_1.6328
134.105_149.967_1.65347
134.069_150.466_1.6328
134.033_150.965_1.65347
133.896_151.442_2.04617
133.587_151.831_2.43887
133.183_152.126_2.58355
132.756_152.386_2.60421
132.33_152.646_2.58355
131.968_152.987_2.19085
131.763_153.44_1.79815
131.748_153.936_1.40545
131.845_154.426_1.34344
131.963_154.912_1.32278
131.989_155.408_1.71547
131.823_155.877_2.10817
131.49_156.246_2.50087
131.064_156.506_2.68689
130.617_156.73_2.66622
130.154_156.916_2.85224
129.676_157.064_2.83157
129.198_157.211_2.85224
128.721_157.359_2.83157
128.243_157.507_2.85224
127.803_157.738_2.45954
127.486_158.121_2.06684
127.34_158.596_1.67414
127.386_159.09_1.28144
127.543_159.565_1.21943
127.671_160.047_1.40545
127.758_160.54_1.38478
127.846_161.032_1.40545
127.933_161.524_1.38478
128.02_162.017_1.40545
128.196_162.481_1.01275
128.474_162.897_0.950745
128.769_163.301_0.930077
129.063_163.705_0.950745
129.358_164.109_0.930077
129.581_164.553_1.28144
129.729_165.031_1.26077
129.886_165.505_1.2401
130.044_165.98_1.26077
130.201_166.455_1.2401
130.451_166.884_0.847403
130.846_167.185_0.454704
131.288_167.418_0.516709
131.725_167.661_0.496041
132.168_167.894_0.475373
132.637_168.061_0.206684
133.126_168.169_0.227352
133.612_168.286_0.24802
134.098_168.404_0.227352
134.584_168.522_0.24802
135.042_168.717_0.558046
135.468_168.978_0.537378
135.895_169.238_0.558046
136.322_169.498_0.537378
136.749_169.759_0.558046
137.176_170.019_0.537378
137.603_170.279_0.558046
138.03_170.54_0.537378
138.462_170.791_0.516709
138.894_171.043_0.537378
139.345_171.257_0.351362
139.812_171.434_0.372031
140.276_171.621_0.392699
140.74_171.807_0.372031
141.204_171.994_0.392699
141.64_172.236_0.620051
142.05_172.522_0.599383
142.466_172.8_0.578714
142.882_173.078_0.599383
143.297_173.356_0.578714
143.713_173.633_0.599383
144.129_173.911_0.578714
144.545_174.189_0.599383
144.96_174.467_0.578714
145.376_174.744_0.599383
145.78_175.039_0.661388
146.178_175.342_0.64072
146.575_175.645_0.661388
146.973_175.948_0.64072
147.371_176.251_0.661388
