configuration 161.70602417_-18.2518405914_0.169978369946_0.985447793519_193.750076294_109.599342346_0.85380148664_0.520598714377
length 195.729
time 6.28373
roughness 0.000433706
161.706_-18.2518_0.341615
162.198_-18.1799_-0.0510836
162.695_-18.2312_-0.154426
163.186_-18.3234_-0.216431
163.378_-18.4073_-0.60913
163.378_-18.4073_-1.00183
163.722_-18.7655_-0.60913
164.177_-18.9648_-0.216431
164.671_-19.0366_-0.071752
165.17_-19.0776_-0.0924204
165.667_-19.1289_-0.113089
166.162_-19.0875_0.27961
166.635_-18.925_0.382952
167.096_-18.7334_0.403621
167.558_-18.5418_0.382952
168.02_-18.3502_0.403621
168.43_-18.0697_0.79632
168.761_-17.6948_0.899662
169.076_-17.3065_0.878993
169.391_-16.9182_0.899662
169.706_-16.5299_0.878993
169.978_-16.112_1.10635
170.207_-15.6674_1.08568
170.445_-15.2275_1.06501
170.682_-14.7876_1.08568
170.92_-14.3478_1.06501
171.081_-13.8772_1.41637
171.163_-13.384_1.3957
171.255_-12.8925_1.37503
171.348_-12.4011_1.3957
171.44_-11.9097_1.37503
171.63_-11.4506_0.982335
171.981_-11.0991_0.589636
172.424_-10.8705_0.362284
172.89_-10.6885_0.382952
173.355_-10.5065_0.362284
173.831_-10.3537_0.258942
174.316_-10.2307_0.238274
174.801_-10.1077_0.258942
175.285_-9.98464_0.238274
175.77_-9.86161_0.258942
176.216_-9.64316_0.651641
176.576_-9.29752_0.878993
176.899_-8.9158_0.858325
177.222_-8.53407_0.878993
177.545_-8.15235_0.858325
177.936_-7.84698_0.465626
178.398_-7.65554_0.320947
178.871_-7.49291_0.341615
179.343_-7.33029_0.320947
179.816_-7.16766_0.341615
180.292_-7.01487_0.27961
180.774_-6.88185_0.258942
181.256_-6.74884_0.27961
181.738_-6.61582_0.258942
182.22_-6.48281_0.27961
182.707_-6.36987_0.176268
183.2_-6.28729_0.1556
183.693_-6.2047_0.176268
184.186_-6.12212_0.1556
184.68_-6.03953_0.176268
185.176_-6.04951_-0.216431
185.661_-6.17195_-0.278436
186.143_-6.30439_-0.257767
186.625_-6.43684_-0.278436
187.107_-6.56929_-0.257767
187.603_-6.59978_0.134932
188.077_-6.44775_0.486294
188.521_-6.21866_0.465626
188.966_-5.98956_0.486294
189.41_-5.76047_0.465626
189.802_-5.4551_0.858325
190.047_-5.02302_1.25102
190.129_-4.53177_1.56105
190.139_-4.03188_1.54038
190.159_-3.5323_1.51971
190.281_-3.05064_1.12701
190.578_-2.6522_0.734315
190.999_-2.38855_0.382952
191.461_-2.19694_0.403621
191.923_-2.00533_0.382952
192.411_-1.91316_-0.0097469
192.897_-2.01483_-0.402446
193.355_-2.2154_-0.423114
193.809_-2.4254_-0.443783
194.263_-2.6354_-0.423114
194.263_-2.6354_-0.0304153
194.753_-2.55334_0.362284
195.174_-2.29003_0.754983
195.463_-1.88554_1.14768
195.595_-1.40533_1.45771
195.615_-0.906184_1.60239
195.604_-0.406306_1.58172
195.594_0.0935721_1.60239
195.583_0.59345_1.58172
195.572_1.09333_1.60239
195.46_1.57727_1.99509
195.259_2.03503_1.97442
195.067_2.49685_1.95375
194.876_2.95867_1.97442
194.684_3.42049_1.95375
194.582_3.90727_1.60239
194.561_4.40683_1.62305
194.53_4.90584_1.64372
194.498_5.40485_1.62305
194.467_5.90386_1.64372
194.415_6.40108_1.70573
194.353_6.8972_1.68506
194.291_7.39331_1.70573
194.229_7.88943_1.68506
194.167_8.38554_1.70573
194.024_8.86276_2.01575
193.814_9.31626_1.99509
193.603_9.76977_2.01575
193.393_10.2233_1.99509
193.182_10.6768_2.01575
192.944_11.1162_2.1191
192.688_11.5456_2.09843
192.441_11.9801_2.07776
192.193_12.4147_2.09843
191.946_12.8493_2.07776
191.726_13.2981_1.97442
191.535_13.76_1.95375
191.343_14.2218_1.97442
191.151_14.6836_1.95375
190.96_15.1454_1.97442
190.731_15.5895_2.1191
190.475_16.0188_2.09843
190.219_16.4482_2.1191
189.962_16.8776_2.09843
189.706_17.3069_2.1191
189.525_17.7702_1.76773
189.422_18.2595_1.7884
189.309_18.7466_1.80907
189.196_19.2336_1.7884
189.083_19.7207_1.80907
188.874_20.1713_2.20177
188.567_20.5656_2.26377
188.243_20.947_2.28444
187.92_21.3283_2.26377
187.597_21.7097_2.28444
187.216_22.0313_2.59447
186.792_22.2958_2.5738
186.373_22.569_2.55313
185.955_22.8422_2.5738
185.536_23.1155_2.55313
185.184_23.4666_2.16043
184.902_23.8792_2.1811
184.62_24.2919_2.16043
184.338_24.7046_2.1811
184.055_25.1172_2.16043
183.865_25.5761_1.76773
183.813_26.0727_1.58172
183.802_26.5726_1.60239
183.792_27.0724_1.58172
183.781_27.5723_1.60239
183.669_28.0563_1.99509
183.413_28.4847_2.22244
183.114_28.8854_2.20177
182.823_29.2921_2.1811
182.533_29.6989_2.20177
182.323_30.1495_1.80907
182.303_30.6458_1.41637
182.374_31.1406_1.43704
182.446_31.6354_1.41637
182.518_32.1302_1.43704
182.487_32.6261_1.82974
182.268_33.0723_2.22244
181.93_33.4394_2.40845
181.555_33.7701_2.42912
181.18_34.1009_2.40845
180.883_34.499_2.01575
180.761_34.9805_1.62305
180.791_35.4785_1.3957
180.873_35.9717_1.41637
180.955_36.4649_1.3957
180.945_36.9616_1.7884
180.745_37.4164_2.1811
180.386_37.7601_2.5738
179.938_37.979_2.80115
179.468_38.1508_2.78048
179.047_38.4136_2.38778
178.708_38.781_2.24311
178.393_39.1689_2.26377
178.077_39.5569_2.24311
177.762_39.9448_2.26377
177.525_40.3816_1.87108
177.474_40.8757_1.47838
177.515_41.374_1.49904
177.545_41.8731_1.51971
177.576_42.3721_1.49904
177.514_42.8651_1.89174
177.286_43.3077_2.20177
176.995_43.7145_2.1811
176.705_44.1212_2.20177
176.414_44.5279_2.1811
176.186_44.971_1.91241
176.013_45.4404_1.93308
175.831_45.9061_1.95375
175.649_46.3717_1.93308
175.467_46.8374_1.95375
175.266_47.2951_2.01575
175.055_47.7486_1.99509
174.845_48.2021_2.01575
174.634_48.6556_1.99509
174.424_49.1091_2.01575
174.186_49.5485_2.1191
173.93_49.9779_2.09843
173.673_50.4073_2.1191
173.417_50.8367_2.09843
173.161_51.266_2.1191
172.914_51.7005_2.05709
172.685_52.145_2.03642
172.456_52.5894_2.05709
172.226_53.0338_2.03642
171.997_53.4782_2.05709
171.855_53.9543_1.66439
171.876_54.4523_1.3957
171.958_54.9456_1.41637
172.04_55.4388_1.3957
172.122_55.932_1.41637
172.101_56.4284_1.80907
171.892_56.879_2.20177
171.526_57.2152_2.59447
171.073_57.4248_2.82182
170.6_57.5868_2.80115
170.173_57.8409_2.40845
169.876_58.239_2.01575
169.666_58.6925_1.99509
169.464_59.1502_1.97442
169.263_59.608_1.99509
169.053_60.0615_2.01575
168.833_60.5106_2.03642
168.613_60.9596_2.01575
168.393_61.4087_2.03642
168.173_61.8578_2.01575
168.051_62.3393_1.62305
168.051_62.839_1.51971
168.071_63.3386_1.54038
168.092_63.8382_1.51971
168.112_64.3378_1.54038
168.224_64.8219_1.14768
168.452_65.2663_1.04434
168.708_65.696_1.02367
168.963_66.1257_1.04434
169.219_66.5554_1.02367
169.39_67.0219_1.41637
169.369_67.5183_1.80907
169.16_67.9689_2.20177
168.869_68.3756_2.1811
168.587_68.7883_2.16043
168.296_69.195_2.22244
167.997_69.5956_2.20177
167.706_70.0024_2.1811
167.415_70.4091_2.20177
167.125_70.8159_2.1811
166.766_71.1596_2.5738
166.336_71.4152_2.6358
165.901_71.662_2.61514
165.467_71.9087_2.6358
165.032_72.1555_2.61514
164.659_72.4841_2.22244
164.352_72.8785_2.24311
164.045_73.2729_2.22244
163.737_73.6673_2.24311
163.43_74.0617_2.22244
163.183_74.4949_1.95375
162.992_74.9567_1.97442
162.791_75.4145_1.99509
162.589_75.8723_1.97442
162.388_76.33_1.99509
162.226_76.8022_1.80907
162.103_77.2868_1.82974
161.98_77.7714_1.80907
161.857_78.256_1.82974
161.734_78.7406_1.80907
161.581_79.2163_1.95375
161.399_79.682_1.93308
161.227_80.1513_1.91241
161.054_80.6207_1.93308
160.882_81.09_1.91241
160.81_81.5816_1.51971
160.932_82.0632_1.12701
161.229_82.4617_0.734315
161.61_82.785_0.672309
161.998_83.1004_0.692978
162.425_83.3556_0.382952
162.887_83.5472_0.403621
163.349_83.7388_0.382952
163.811_83.9304_0.403621
164.273_84.122_0.382952
164.742_84.2943_0.320947
165.218_84.4472_0.300279
165.694_84.6_0.320947
166.17_84.7528_0.300279
166.646_84.9056_0.320947
167.13_85.0285_0.176268
167.622_85.1213_0.196937
168.113_85.2141_0.176268
168.604_85.3068_0.196937
169.096_85.3996_0.176268
169.558_85.5804_0.568968
169.946_85.8952_0.79632
170.299_86.2489_0.775651
170.652_86.6027_0.79632
171.006_86.9564_0.775651
171.421_87.2284_0.382952
171.902_87.3611_0.1556
172.395_87.4437_0.176268
172.889_87.5263_0.1556
173.382_87.6089_0.176268
173.878_87.5989_-0.216431
174.346_87.4276_-0.485119
174.786_87.1899_-0.505788
175.221_86.9432_-0.526456
175.656_86.6964_-0.505788
176.129_86.5451_-0.113089
176.624_86.5864_0.27961
177.085_86.7776_0.506962
177.525_87.0159_0.486294
177.969_87.245_0.465626
178.418_87.4648_0.444957
178.872_87.6754_0.424289
179.325_87.8859_0.444957
179.779_88.0964_0.424289
180.232_88.3069_0.444957
180.63_88.6041_0.837656
180.929_89.0046_1.02367
181.193_89.4289_1.003
181.458_89.8532_1.02367
181.722_90.2775_1.003
182.066_90.6361_0.610304
182.504_90.8739_0.382952
182.966_91.0655_0.403621
183.424_91.2666_0.424289
183.882_91.4677_0.403621
184.354_91.6302_0.258942
184.836_91.7632_0.27961
185.318_91.8962_0.258942
185.8_92.0292_0.27961
186.282_92.1622_0.258942
186.773_92.2549_0.114263
187.27_92.3068_0.093595
187.768_92.3587_0.114263
188.265_92.4105_0.093595
188.762_92.4624_0.114263
189.235_92.6142_0.506962
189.614_92.9355_0.899662
189.841_93.3774_1.29236
189.882_93.8725_1.68506
189.83_94.3698_1.66439
189.83_94.3698_1.27169
189.83_94.3698_0.878993
190.216_94.6832_0.486294
190.692_94.8252_0.093595
191.186_94.7743_-0.299104
191.186_94.7743_0.093595
191.662_94.9163_0.486294
192.047_95.2297_0.878993
192.283_95.6668_1.27169
192.334_96.1609_1.66439
192.334_96.1609_1.27169
192.571_96.598_0.878993
192.956_96.9114_0.486294
193.432_97.0534_0.093595
193.926_97.0025_-0.299104
194.418_96.9207_-0.0304153
194.918_96.9003_-0.0510836
195.417_96.88_-0.0304153
195.917_96.8596_-0.0510836
196.416_96.8392_-0.0304153
196.906_96.9213_0.362284
197.328_97.1846_0.754983
197.616_97.5891_1.14768
197.728_98.0732_1.54038
197.667_98.4342_1.93308
197.495_98.9035_1.91241
197.332_99.3763_1.89174
197.17_99.8491_1.91241
197.007_100.322_1.89174
196.844_100.795_1.91241
196.682_101.268_1.89174
196.519_101.74_1.91241
196.357_102.213_1.89174
196.194_102.686_1.91241
196.031_103.159_1.89174
195.869_103.632_1.91241
195.706_104.104_1.89174
195.543_104.577_1.91241
195.371_105.047_1.93308
195.199_105.516_1.91241
194.979_105.964_2.13976
194.714_106.388_2.1191
194.449_106.812_2.13976
194.184_107.236_2.1191
193.919_107.66_2.13976
193.738_108.123_1.74706
193.697_108.62_1.56105
193.717_109.12_1.49904
193.678_109.59_1.80907
