configuration 176.556686401_134.7056427_-0.977472527886_0.211062685542_59.5791053772_36.8438796997_0.982426073578_-0.18665210943
length 197.095
time 29.1703
roughness 0.000463905
176.557_134.706_-2.71627
176.073_134.593_-3.10897
175.573_134.592_-3.17097
175.073_134.602_-3.1503
174.573_134.611_-3.17097
174.073_134.621_-3.1503
173.585_134.528_-2.75761
173.164_134.264_-2.40624
172.789_133.932_-2.42691
172.408_133.609_-2.44758
172.027_133.285_-2.42691
171.605_133.02_-2.73694
171.148_132.819_-2.71627
170.695_132.608_-2.6956
170.241_132.397_-2.71627
169.788_132.186_-2.6956
169.359_131.93_-2.50958
168.953_131.638_-2.53025
168.547_131.347_-2.50958
168.14_131.056_-2.53025
167.734_130.765_-2.50958
167.283_130.555_-2.90228
166.787_130.534_-3.29498
166.292_130.605_-3.27431
165.796_130.666_-3.25365
165.3_130.727_-3.27431
164.804_130.696_-2.88162
164.358_130.477_-2.48892
163.984_130.145_-2.34424
163.631_129.791_-2.36491
163.278_129.437_-2.34424
162.981_129.037_-2.07555
162.734_128.602_-2.09622
162.488_128.167_-2.07555
162.242_127.732_-2.09622
161.995_127.297_-2.07555
161.675_126.917_-2.46825
161.238_126.679_-2.81961
160.765_126.516_-2.79894
160.296_126.343_-2.77827
159.827_126.171_-2.79894
159.401_125.916_-2.40624
159.026_125.584_-2.42691
158.645_125.26_-2.44758
158.264_124.937_-2.42691
157.883_124.613_-2.44758
157.447_124.376_-2.84028
156.968_124.232_-2.86095
156.489_124.089_-2.84028
156.01_123.945_-2.86095
155.531_123.802_-2.84028
155.037_123.75_-3.23298
154.546_123.841_-3.41899
154.064_123.973_-3.39832
153.579_124.095_-3.37766
153.094_124.217_-3.39832
152.598_124.247_-3.00563
152.118_124.114_-2.73694
151.656_123.922_-2.75761
151.191_123.739_-2.77827
150.725_123.557_-2.75761
150.31_123.285_-2.36491
150.004_122.891_-2.09622
149.749_122.461_-2.11689
149.494_122.031_-2.09622
149.238_121.601_-2.11689
148.925_121.213_-2.38557
148.564_120.867_-2.36491
148.204_120.52_-2.38557
147.844_120.173_-2.36491
147.484_119.826_-2.38557
147.124_119.48_-2.36491
146.763_119.133_-2.38557
146.403_118.786_-2.36491
146.043_118.439_-2.38557
145.683_118.093_-2.36491
145.267_117.82_-2.75761
144.779_117.728_-3.1503
144.284_117.789_-3.37766
143.799_117.91_-3.39832
143.314_118.032_-3.37766
142.829_118.154_-3.39832
142.347_118.286_-3.41899
141.865_118.418_-3.39832
141.383_118.55_-3.41899
140.9_118.682_-3.39832
140.404_118.712_-3.00563
139.935_118.55_-2.61293
139.5_118.302_-2.6336
139.061_118.064_-2.65426
138.622_117.825_-2.6336
138.204_117.551_-2.48892
137.81_117.243_-2.46825
137.416_116.936_-2.48892
137.022_116.628_-2.46825
136.628_116.32_-2.48892
136.254_115.989_-2.34424
135.901_115.635_-2.36491
135.548_115.281_-2.34424
135.195_114.926_-2.36491
134.835_114.58_-2.38557
134.414_114.316_-2.77827
133.924_114.233_-3.17097
133.43_114.305_-3.39832
132.945_114.427_-3.37766
132.458_114.538_-3.35699
131.961_114.548_-2.96429
131.477_114.424_-2.81961
131.001_114.271_-2.84028
130.525_114.118_-2.81961
130.049_113.965_-2.84028
129.555_113.912_-3.23298
129.067_114.014_-3.46033
128.594_114.176_-3.481
128.12_114.337_-3.46033
127.647_114.499_-3.481
127.156_114.57_-3.0883
126.674_114.447_-2.6956
126.276_114.149_-2.3029
125.954_113.767_-2.2409
125.639_113.379_-2.26156
125.404_112.941_-1.86887
125.242_112.468_-1.93087
125.071_111.999_-1.9102
124.899_111.529_-1.93087
124.728_111.059_-1.9102
124.474_110.632_-2.3029
124.129_110.271_-2.36491
123.776_109.916_-2.34424
123.43_109.555_-2.32357
123.085_109.194_-2.34424
122.675_108.913_-2.73694
122.189_108.81_-3.12964
121.689_108.799_-3.10897
121.19_108.778_-3.0883
120.69_108.756_-3.10897
120.206_108.643_-2.71627
119.802_108.354_-2.32357
119.472_107.979_-2.26156
119.15_107.597_-2.28223
118.827_107.215_-2.26156
118.827_107.215_-2.65426
118.401_107.087_-3.04696
117.907_107.138_-3.43966
117.47_107.373_-3.83236
117.156_107.758_-4.22506
117.156_107.758_-3.83236
116.719_107.994_-3.43966
116.224_108.045_-3.04696
115.748_107.902_-2.65426
115.363_107.588_-2.26156
114.978_107.274_-2.65426
114.534_107.045_-2.67493
114.09_106.815_-2.65426
113.646_106.586_-2.67493
113.201_106.356_-2.65426
112.778_106.091_-2.50958
112.372_105.8_-2.53025
111.959_105.517_-2.55092
111.547_105.234_-2.53025
111.135_104.952_-2.55092
110.776_104.607_-2.19956
110.478_104.205_-2.22023
110.18_103.804_-2.19956
109.881_103.403_-2.22023
109.583_103.001_-2.19956
109.218_102.664_-2.59226
108.752_102.493_-2.98496
108.257_102.42_-3.00563
107.763_102.347_-2.98496
107.268_102.274_-3.00563
106.772_102.304_-3.39832
106.307_102.485_-3.62568
105.862_102.713_-3.60501
105.417_102.941_-3.62568
104.972_103.169_-3.60501
104.493_103.3_-3.21231
104_103.238_-2.81961
103.569_102.992_-2.42691
103.264_102.599_-2.03421
103.133_102.12_-1.64151
103.002_101.641_-2.03421
102.698_101.248_-2.42691
102.266_101.002_-2.81961
101.773_100.94_-3.21231
101.275_100.98_-3.23298
100.781_100.928_-2.84028
100.344_100.691_-2.44758
100.023_100.311_-2.09622
99.7593_99.8865_-2.15822
99.4866_99.4674_-2.13755
99.1432_99.1084_-2.53025
98.6886_98.9081_-2.92295
98.1943_98.8353_-3.06763
97.6954_98.8035_-3.0883
97.1964_98.7717_-3.06763
96.7015_98.8222_-3.41899
96.2167_98.9442_-3.35699
95.7294_99.0561_-3.37766
95.2445_99.178_-3.39832
94.7596_99.3_-3.37766
94.2632_99.3197_-2.98496
93.797_99.1479_-2.59226
93.4321_98.8109_-2.19956
93.1422_98.4035_-2.17889
92.8608_97.9902_-2.15822
92.8608_97.9902_-2.55092
92.4022_97.7993_-2.94362
91.9054_97.7985_-3.33632
91.4461_97.9879_-3.72902
91.0791_98.3246_-4.03904
90.6995_98.6451_-3.64635
90.2262_98.7959_-3.25365
89.7311_98.754_-2.86095
89.2797_98.5439_-2.55092
88.8615_98.2697_-2.57159
88.4058_98.0689_-2.88162
87.924_97.9354_-2.86095
87.4421_97.8019_-2.88162
86.9603_97.6684_-2.86095
86.4785_97.5349_-2.88162
86.0325_97.316_-2.48892
85.6657_96.9772_-2.3029
85.3277_96.6088_-2.32357
84.9896_96.2404_-2.3029
84.6516_95.872_-2.32357
84.2478_95.5827_-2.71627
83.7862_95.3906_-2.77827
83.3207_95.2081_-2.75761
82.8591_95.016_-2.73694
82.3975_94.8239_-2.75761
81.982_94.5515_-2.36491
81.7024_94.1409_-1.97221
81.5118_93.6787_-1.95154
81.3308_93.2126_-1.93087
81.1498_92.7465_-1.95154
80.8788_92.3302_-2.34424
80.4691_92.0492_-2.73694
79.983_91.9465_-3.12964
79.4882_92.0074_-3.39832
79.0033_92.1293_-3.37766
78.5069_92.149_-2.98496
78.0408_91.9773_-2.59226
77.6758_91.6402_-2.19956
77.4581_91.193_-1.8482
77.3063_90.7167_-1.9102
77.0527_90.2895_-2.3029
76.6666_89.9749_-2.61293
76.2323_89.7272_-2.6336
75.798_89.4795_-2.61293
75.3637_89.2318_-2.6336
74.9851_88.9101_-2.2409
74.7216_88.4864_-2.01354
74.5028_88.0369_-2.03421
74.2839_87.5873_-2.01354
74.065_87.1378_-2.03421
73.8843_86.6724_-1.8482
73.7424_86.1929_-1.86887
73.6005_85.7135_-1.8482
73.4586_85.2341_-1.86887
73.3167_84.7546_-1.8482
73.2765_84.2595_-1.4555
73.3798_83.771_-1.26948
73.5331_83.2951_-1.24881
73.6864_82.8192_-1.26948
73.8397_82.3433_-1.24881
74.0502_81.8909_-1.02146
74.3069_81.4618_-1.04213
74.5546_81.0275_-1.0628
74.8023_80.5932_-1.04213
75.05_80.1589_-1.0628
75.2795_79.7148_-1.1248
75.4905_79.2615_-1.14547
75.7015_78.8082_-1.1248
75.9125_78.3549_-1.14547
76.1235_77.9016_-1.1248
76.3345_77.4483_-1.14547
76.5455_76.995_-1.1248
76.7565_76.5418_-1.14547
76.9675_76.0885_-1.1248
77.1785_75.6352_-1.14547
77.3895_75.1819_-1.1248
77.6005_74.7286_-1.14547
77.8115_74.2753_-1.1248
78.0225_73.822_-1.14547
78.2335_73.3687_-1.1248
78.3563_72.8873_-1.5175
78.3777_72.3878_-1.53817
78.3992_71.8883_-1.5175
78.4207_71.3888_-1.53817
78.4422_70.8892_-1.5175
78.5649_70.4078_-1.1248
78.8035_69.9687_-1.02146
79.0601_69.5396_-1.04213
79.3167_69.1105_-1.02146
79.5734_68.6814_-1.04213
79.7935_68.2329_-1.18681
79.9856_67.7713_-1.16614
80.1777_67.3097_-1.18681
80.3698_66.8481_-1.16614
80.5619_66.3864_-1.18681
80.7347_65.9173_-1.24881
80.8978_65.4447_-1.22815
81.0609_64.9721_-1.24881
81.224_64.4994_-1.22815
81.3969_64.0303_-1.20748
81.6348_63.5922_-0.938789
81.926_63.1858_-0.959457
82.2088_62.7734_-0.980125
82.4915_62.361_-0.959457
82.7742_61.9487_-0.980125
82.9651_61.49_-1.37282
83.0482_60.997_-1.43483
83.1211_60.5024_-1.41416
83.194_60.0077_-1.43483
83.2668_59.5131_-1.41416
83.4386_59.0469_-1.02146
83.7756_58.682_-0.628763
84.2229_58.4642_-0.277401
84.7077_58.3423_-0.215396
85.195_58.2304_-0.236064
85.6461_58.0222_-0.628763
85.9831_57.6572_-1.02146
86.1647_57.1941_-1.37282
86.2681_56.7049_-1.35216
86.3816_56.218_-1.33149
86.4029_55.7217_-1.72419
86.2327_55.2549_-2.11689
85.9864_54.8199_-2.05488
85.7492_54.3798_-2.07555
85.5119_53.9397_-2.05488
85.5119_53.9397_-1.66218
85.5147_53.9136_-1.26948
85.7518_53.4771_-0.876783
86.138_53.1646_-0.484084
86.6144_53.0236_-0.0913853
86.6144_53.0236_-0.484084
86.6144_53.0236_-0.876783
86.8515_52.5871_-1.26948
86.9036_52.093_-1.66218
86.7626_51.6166_-2.05488
86.45_51.2305_-2.44758
86.0328_50.9569_-2.67493
85.5886_50.7274_-2.65426
85.1493_50.4887_-2.6336
84.7099_50.25_-2.65426
84.2706_50.0113_-2.6336
83.8312_49.7726_-2.65426
83.3919_49.5339_-2.6336
82.9526_49.2953_-2.65426
82.5132_49.0566_-2.6336
82.0739_48.8179_-2.65426
81.6345_48.5792_-2.6336
81.1952_48.3405_-2.65426
80.7558_48.1018_-2.6336
80.3165_47.8632_-2.65426
79.8772_47.6245_-2.6336
79.4378_47.3858_-2.65426
78.9985_47.1471_-2.6336
78.5591_46.9084_-2.65426
78.1198_46.6698_-2.6336
77.6804_46.4311_-2.65426
77.2363_46.2015_-2.67493
76.7921_45.972_-2.65426
76.3527_45.7333_-2.6336
75.9134_45.4946_-2.65426
75.4692_45.265_-2.67493
75.025_45.0355_-2.65426
74.5857_44.7968_-2.6336
74.1464_44.5581_-2.65426
73.7022_44.3286_-2.67493
73.258_44.099_-2.65426
72.8186_43.8603_-2.6336
72.3793_43.6217_-2.65426
71.9351_43.3921_-2.67493
71.4909_43.1626_-2.65426
71.0516_42.9239_-2.6336
70.6123_42.6852_-2.65426
70.1681_42.4556_-2.67493
69.7239_42.2261_-2.65426
69.2846_41.9874_-2.6336
68.8452_41.7487_-2.65426
68.401_41.5192_-2.67493
67.9568_41.2896_-2.65426
67.5175_41.0509_-2.6336
67.0782_40.8123_-2.65426
66.634_40.5827_-2.67493
66.1898_40.3532_-2.65426
65.7505_40.1145_-2.6336
65.3111_39.8758_-2.65426
64.8669_39.6462_-2.67493
64.4228_39.4167_-2.65426
63.9834_39.178_-2.6336
63.5441_38.9393_-2.65426
63.0999_38.7098_-2.67493
62.6557_38.4802_-2.65426
62.2164_38.2415_-2.6336
61.777_38.0029_-2.65426
61.3328_37.7733_-2.67493
60.8887_37.5437_-2.65426
60.4493_37.3051_-2.6336
60.01_37.0664_-2.65426
59.5892_36.8489_-2.67493
