configuration 46.843963623_148.978851318_-0.536406748472_0.843959596304_156.577575684_33.1800613403_0.186652677497_0.98242596565
length 268.428
time 3.88076
roughness 0.00036584
46.844_148.979_-1.13235
47.1386_148.579_-0.739648
47.531_148.27_-0.59497
47.9421_147.985_-0.615638
48.3533_147.701_-0.59497
48.7644_147.416_-0.615638
49.1063_147.056_-1.00834
49.2841_146.592_-1.40104
49.3018_146.094_-1.66973
49.2575_145.596_-1.64906
49.2133_145.098_-1.66973
49.2616_144.603_-1.27703
49.4113_144.126_-1.25636
49.561_143.649_-1.27703
49.7108_143.172_-1.25636
49.8605_142.695_-1.27703
50.0943_142.257_-0.884327
50.4381_141.894_-0.739648
50.8039_141.553_-0.760317
51.1697_141.212_-0.739648
51.5356_140.872_-0.760317
51.8219_140.466_-1.15302
51.931_139.981_-1.54571
51.8463_139.491_-1.93841
51.6618_139.027_-1.95908
51.4773_138.562_-1.93841
51.3926_138.073_-1.54571
51.5017_137.588_-1.15302
51.788_137.182_-0.760317
52.1675_136.857_-0.656975
52.5665_136.555_-0.636306
52.9008_136.188_-1.02901
53.069_135.72_-1.4217
53.1279_135.224_-1.48371
53.1766_134.726_-1.46304
53.2252_134.229_-1.48371
53.3641_133.752_-1.09101
53.675_133.364_-0.698312
54.0963_133.098_-0.429623
54.5487_132.885_-0.450291
54.9966_132.663_-0.470959
54.9966_132.663_-0.863659
55.2394_132.229_-1.25636
55.298_131.736_-1.64906
55.1632_131.258_-2.04176
54.8558_130.867_-2.43445
54.8558_130.867_-2.04176
54.7211_130.389_-1.64906
54.7796_129.896_-1.25636
55.0225_129.463_-0.863659
55.4127_129.155_-0.470959
55.8097_128.855_-0.822322
56.1537_128.493_-0.801653
56.4977_128.13_-0.822322
56.8418_127.767_-0.801653
57.1858_127.404_-0.822322
57.4464_126.981_-1.21502
57.5252_126.491_-1.60772
57.4104_126.007_-2.00042
57.1882_125.56_-2.06242
56.9476_125.121_-2.08309
56.7932_124.649_-1.69039
56.8313_124.154_-1.29769
57.0561_123.711_-0.904995
57.4333_123.387_-0.512296
57.8665_123.138_-0.532965
58.2647_122.837_-0.760317
58.6306_122.496_-0.739648
59.0034_122.163_-0.71898
59.3762_121.83_-0.739648
59.749_121.497_-0.71898
60.0518_121.103_-1.11168
60.1808_120.623_-1.50438
60.1165_120.131_-1.89708
59.9416_119.662_-1.95908
59.7571_119.198_-1.93841
59.6725_118.708_-1.54571
59.7816_118.223_-1.15302
60.0678_117.817_-0.760317
60.4877_117.552_-0.367618
60.9627_117.397_-0.264276
60.9627_117.397_-0.656975
61.2894_117.022_-1.04967
61.4479_116.551_-1.44237
61.4142_116.056_-1.83507
61.1933_115.611_-2.22777
61.1933_115.611_-1.83507
61.1596_115.115_-1.44237
61.3182_114.644_-1.04967
61.6448_114.27_-0.656975
62.0898_114.049_-0.264276
62.5348_113.828_-0.656975
62.8614_113.454_-1.04967
63.0782_113.004_-1.19435
63.2668_112.541_-1.17368
63.4554_112.078_-1.19435
63.644_111.615_-1.17368
63.8326_111.152_-1.19435
64.0212_110.689_-1.17368
64.2098_110.226_-1.19435
64.3984_109.762_-1.17368
64.4975_109.276_-1.56638
64.4227_108.783_-1.87641
64.2772_108.305_-1.85574
64.1317_107.827_-1.87641
63.9862_107.348_-1.85574
63.9423_106.853_-1.46304
64.0814_106.376_-1.11168
64.2983_105.925_-1.13235
64.5059_105.47_-1.15302
64.7135_105.016_-1.13235
65.0081_104.616_-0.739648
65.3942_104.298_-0.636306
65.7932_103.997_-0.656975
66.186_103.688_-0.677643
66.5787_103.378_-0.656975
66.9053_103.004_-1.04967
67.0639_102.533_-1.44237
67.1022_102.035_-1.54571
67.1199_101.535_-1.52505
67.1376_101.035_-1.54571
67.2467_100.551_-1.15302
67.4448_100.092_-1.17368
67.6334_99.6285_-1.19435
67.822_99.1655_-1.17368
68.0106_98.7024_-1.19435
68.2799_98.2849_-0.801653
68.6456_97.9442_-0.698312
69.0318_97.6268_-0.677643
69.4181_97.3093_-0.698312
69.8043_96.9918_-0.677643
70.1232_96.6108_-1.07034
70.2719_96.1368_-1.46304
70.2587_95.6385_-1.73173
70.1735_95.1458_-1.7524
70.0882_94.6531_-1.73173
70.0235_94.1574_-1.66973
69.9792_93.6594_-1.64906
69.935_93.1614_-1.66973
69.8908_92.6633_-1.64906
69.8465_92.1653_-1.66973
69.8948_91.6709_-1.27703
70.1199_91.2272_-0.925664
70.4164_90.8247_-0.946332
70.7045_90.416_-0.967
70.9926_90.0074_-0.946332
71.3561_89.6688_-0.553633
71.7943_89.4283_-0.450291
72.2466_89.2154_-0.429623
72.699_89.0024_-0.450291
73.1514_88.7895_-0.429623
73.6347_88.6746_-0.0369237
74.1252_88.7535_0.355775
74.5957_88.9228_0.335107
75.0695_89.0823_0.314439
75.5434_89.2419_0.335107
76.0232_89.3816_0.231765
76.5086_89.5015_0.252434
76.994_89.6214_0.231765
77.4794_89.7413_0.252434
77.9648_89.8611_0.231765
78.438_90.0204_0.417781
78.8929_90.228_0.438449
79.3478_90.4356_0.417781
79.8026_90.6432_0.438449
80.2575_90.8507_0.417781
80.7124_91.0583_0.438449
81.1672_91.2659_0.417781
81.6221_91.4735_0.438449
82.077_91.681_0.417781
82.5318_91.8886_0.438449
82.9447_92.1671_0.748474
83.3145_92.5036_0.727806
83.6913_92.8323_0.707138
84.068_93.161_0.727806
84.4447_93.4898_0.707138
84.8781_93.7326_0.314439
85.3607_93.8624_0.211097
85.8485_93.9723_0.231765
86.3363_94.0821_0.211097
86.8241_94.1919_0.231765
87.2973_94.3512_0.417781
87.7563_94.5493_0.397112
88.2154_94.7475_0.417781
88.6744_94.9456_0.397112
89.1335_95.1437_0.417781
89.5925_95.3418_0.397112
90.0556_95.5304_0.376444
90.5187_95.719_0.397112
90.9817_95.9076_0.376444
91.4448_96.0962_0.397112
91.8996_96.3038_0.459117
92.3501_96.5207_0.438449
92.8005_96.7377_0.459117
93.251_96.9546_0.438449
93.7015_97.1715_0.459117
94.1208_97.4419_0.686469
94.5108_97.7548_0.665801
94.9072_98.0596_0.645133
95.3035_98.3643_0.665801
95.6999_98.6691_0.645133
96.1475_98.8846_0.252434
96.6352_98.9944_0.190428
97.1271_99.084_0.16976
97.619_99.1735_0.190428
98.1109_99.2631_0.16976
98.579_99.4315_0.521122
99.0151_99.676_0.500454
99.4563_99.9113_0.479786
99.8974_100.147_0.500454
100.334_100.391_0.521122
100.765_100.645_0.541791
101.196_100.898_0.521122
101.627_101.151_0.541791
102.058_101.405_0.521122
102.489_101.658_0.541791
102.925_101.902_0.479786
103.371_102.129_0.459117
103.817_102.355_0.479786
104.263_102.581_0.459117
104.708_102.807_0.479786
105.15_103.043_0.500454
105.591_103.278_0.479786
106.032_103.513_0.500454
106.473_103.749_0.479786
106.914_103.984_0.500454
107.388_104.133_0.107755
107.886_104.12_-0.160934
108.381_104.045_-0.140266
108.877_103.98_-0.119597
109.372_103.915_-0.140266
109.868_103.943_0.252434
110.316_104.158_0.645133
110.647_104.529_1.03783
110.878_104.972_1.14117
111.082_105.428_1.16184
111.365_105.837_0.769143
111.782_106.106_0.376444
112.245_106.295_0.397112
112.708_106.483_0.376444
113.171_106.672_0.397112
113.656_106.781_0.0457498
114.156_106.809_0.0664182
114.655_106.837_0.0457498
115.154_106.865_0.0664182
115.653_106.893_0.0457498
116.136_107.013_0.438449
116.536_107.307_0.831148
116.792_107.732_1.22385
116.867_108.224_1.61655
116.942_108.715_1.22385
117.198_109.14_0.831148
117.587_109.452_0.521122
118.018_109.705_0.541791
118.444_109.967_0.562459
118.907_110.145_0.16976
119.404_110.132_-0.222939
119.875_109.967_-0.450291
120.327_109.754_-0.429623
120.78_109.541_-0.450291
121.261_109.416_-0.057592
121.753_109.485_0.335107
122.181_109.737_0.727806
122.544_110.081_0.789811
122.892_110.44_0.81048
123.298_110.726_0.417781
123.783_110.835_0.0250815
124.28_110.791_-0.202271
124.77_110.695_-0.181602
125.261_110.6_-0.202271
125.758_110.597_0.190428
126.234_110.747_0.417781
126.693_110.945_0.397112
127.152_111.143_0.417781
127.611_111.341_0.397112
128.023_111.619_0.789811
128.297_112.033_1.18251
128.462_112.505_1.28585
128.608_112.983_1.26518
128.753_113.461_1.28585
128.983_113.902_0.893153
129.364_114.221_0.500454
129.833_114.389_0.190428
130.323_114.489_0.211097
130.813_114.589_0.190428
131.273_114.776_0.583128
131.681_115.064_0.645133
132.084_115.361_0.624464
132.487_115.657_0.645133
132.889_115.954_0.624464
133.341_116.16_0.231765
133.838_116.177_-0.160934
134.326_116.072_-0.264276
134.81_115.946_-0.243607
135.296_115.831_-0.222939
135.793_115.818_0.16976
136.272_115.957_0.397112
136.735_116.146_0.376444
137.198_116.334_0.397112
137.661_116.523_0.376444
138.128_116.702_0.355775
138.599_116.871_0.335107
139.069_117.041_0.355775
139.54_117.21_0.335107
140.01_117.379_0.355775
140.48_117.548_0.335107
140.954_117.708_0.314439
141.428_117.868_0.335107
141.902_118.027_0.314439
142.376_118.187_0.335107
142.853_118.336_0.273102
143.336_118.466_0.252434
143.818_118.596_0.273102
144.301_118.726_0.252434
144.784_118.856_0.273102
145.279_118.894_-0.119597
145.752_118.74_-0.512296
146.129_118.416_-0.904995
146.391_117.991_-1.13235
146.607_117.541_-1.11168
146.815_117.086_-1.17368
147.013_116.627_-1.15302
147.211_116.168_-1.17368
147.409_115.709_-1.15302
147.608_115.25_-1.17368
147.796_114.787_-1.19435
147.975_114.32_-1.21502
148.154_113.853_-1.19435
148.333_113.386_-1.21502
148.512_112.919_-1.19435
148.781_112.502_-0.801653
149.19_112.219_-0.408954
149.664_112.064_-0.222939
150.153_111.959_-0.202271
150.642_111.853_-0.222939
150.642_111.853_-0.615638
150.642_111.853_-1.00834
150.698_111.707_-1.40104
150.693_111.498_-1.79374
150.607_111.306_-2.18643
150.405_110.853_-1.79374
150.392_110.356_-1.40104
150.56_109.888_-1.04967
150.796_109.447_-1.11168
151.022_109.001_-1.09101
151.171_108.526_-1.44237
151.24_108.031_-1.4217
151.309_107.536_-1.44237
151.378_107.041_-1.4217
151.447_106.546_-1.44237
151.606_106.075_-1.04967
151.859_105.644_-1.02901
152.122_105.218_-1.00834
152.384_104.793_-1.02901
152.646_104.367_-1.00834
152.824_103.903_-1.40104
152.873_103.406_-1.54571
152.89_102.906_-1.52505
152.918_102.407_-1.50438
152.946_101.908_-1.52505
153.065_101.425_-1.13235
153.31_100.99_-0.987669
153.581_100.569_-1.00834
153.852_100.149_-0.987669
154.123_99.729_-1.00834
154.3_99.2651_-1.40104
154.349_98.7679_-1.54571
154.367_98.2682_-1.52505
154.384_97.7686_-1.54571
154.402_97.2689_-1.52505
154.42_96.7692_-1.54571
154.437_96.2695_-1.52505
154.455_95.7699_-1.54571
154.473_95.2702_-1.52505
154.491_94.7705_-1.54571
154.58_94.2806_-1.23569
154.739_93.8067_-1.25636
154.889_93.3297_-1.27703
155.039_92.8526_-1.25636
155.189_92.3756_-1.27703
155.422_91.9373_-0.884327
155.806_91.6218_-0.491628
156.281_91.4772_-0.0989288
156.779_91.433_-0.0782604
157.278_91.3991_-0.057592
157.759_91.2742_-0.450291
158.156_90.9749_-0.84299
158.407_90.5467_-1.23569
158.507_90.0582_-1.50438
158.535_89.559_-1.52505
158.532_89.0592_-1.62839
158.508_88.5598_-1.60772
158.495_88.06_-1.58705
158.482_87.5601_-1.60772
158.468_87.0603_-1.58705
158.537_86.5671_-1.27703
158.677_86.0871_-1.29769
158.817_85.607_-1.27703
158.957_85.127_-1.29769
159.097_84.6469_-1.27703
159.155_84.153_-1.62839
159.132_83.6535_-1.60772
159.108_83.1541_-1.62839
159.084_82.6547_-1.60772
159.061_82.1552_-1.62839
159.129_81.6632_-1.23569
159.337_81.209_-1.04967
159.581_80.7728_-1.07034
159.826_80.3367_-1.04967
160.07_79.9005_-1.07034
160.287_79.4502_-1.17368
160.485_78.9911_-1.15302
160.693_78.5363_-1.13235
160.9_78.0814_-1.15302
161.108_77.6265_-1.13235
161.378_77.2076_-0.863659
161.699_76.8242_-0.884327
162.02_76.4407_-0.863659
162.341_76.0573_-0.884327
162.661_75.6738_-0.863659
162.982_75.2904_-0.884327
163.295_74.9004_-0.904995
163.608_74.5104_-0.884327
163.921_74.1204_-0.904995
164.234_73.7304_-0.884327
164.605_73.3986_-0.574301
165.022_73.1226_-0.59497
165.439_72.8467_-0.574301
165.856_72.5708_-0.59497
166.273_72.2948_-0.574301
166.629_71.9487_-0.967
166.845_71.5001_-1.27703
166.995_71.023_-1.25636
167.145_70.546_-1.27703
167.295_70.0689_-1.25636
167.363_69.5763_-1.60772
167.35_69.0764_-1.58705
167.347_68.5765_-1.56638
167.344_68.0765_-1.58705
167.341_67.5765_-1.56638
167.44_67.0897_-1.17368
167.629_66.6266_-1.19435
167.817_66.1636_-1.17368
168.006_65.7005_-1.19435
168.195_65.2375_-1.17368
168.304_64.7522_-1.52505
168.332_64.253_-1.50438
168.36_63.7538_-1.52505
168.388_63.2546_-1.50438
168.416_62.7554_-1.52505
168.525_62.2701_-1.17368
168.714_61.807_-1.19435
168.902_61.344_-1.17368
169.091_60.8809_-1.19435
169.28_60.4178_-1.17368
169.468_59.9548_-1.19435
169.657_59.4917_-1.17368
169.845_59.0287_-1.19435
170.034_58.5656_-1.17368
170.223_58.1026_-1.19435
170.449_57.6573_-1.00834
170.711_57.2316_-1.02901
170.964_56.8006_-1.04967
171.218_56.3695_-1.02901
171.471_55.9385_-1.04967
171.697_55.4928_-1.15302
171.905_55.0379_-1.13235
172.112_54.5831_-1.15302
172.32_54.1282_-1.13235
172.527_53.6733_-1.15302
172.814_53.2673_-0.760317
173.233_53.0018_-0.367618
173.723_52.9171_0.0250815
174.222_52.9451_0.0870866
174.721_52.9835_0.0664182
174.721_52.9835_-0.326281
174.721_52.9835_-0.71898
175.023_52.5896_-1.11168
175.153_52.1099_-1.50438
175.088_51.6173_-1.89708
175.024_51.1247_-1.50438
175.143_50.6417_-1.15302
175.341_50.1827_-1.17368
175.53_49.7196_-1.19435
175.718_49.2566_-1.17368
175.996_48.8447_-0.780985
176.41_48.5705_-0.388286
176.898_48.4758_0.00441308
177.398_48.4935_0.0664182
177.897_48.5215_0.0457498
177.897_48.5215_-0.346949
177.897_48.5215_-0.739648
178.192_48.1215_-1.13235
178.311_47.6392_-1.52505
178.236_47.148_-1.91775
178.162_46.6568_-1.52505
178.231_46.1624_-1.33903
178.351_45.6769_-1.31836
178.47_45.1915_-1.33903
178.59_44.7061_-1.31836
178.618_44.2101_-1.71106
178.454_43.7412_-2.10376
178.123_43.3708_-2.49646
177.693_43.1179_-2.72381
177.238_42.9104_-2.70314
176.788_42.6934_-2.68248
176.337_42.4765_-2.70314
175.887_42.2596_-2.68248
175.436_42.0426_-2.70314
174.986_41.8257_-2.68248
174.535_41.6088_-2.70314
174.085_41.3918_-2.68248
173.634_41.1749_-2.70314
173.184_40.958_-2.68248
172.733_40.741_-2.70314
172.287_40.5149_-2.64114
171.846_40.2795_-2.66181
171.405_40.0442_-2.64114
170.964_39.8088_-2.66181
170.523_39.5734_-2.64114
170.064_39.3756_-2.82715
169.591_39.216_-2.80649
169.12_39.0467_-2.78582
168.65_38.8774_-2.80649
168.179_38.7081_-2.78582
167.72_38.5101_-2.68248
167.27_38.2932_-2.70314
166.819_38.0762_-2.68248
166.369_37.8593_-2.70314
165.918_37.6424_-2.68248
165.464_37.4348_-2.74448
165.005_37.2367_-2.72381
164.546_37.0386_-2.74448
164.086_36.8404_-2.72381
163.627_36.6423_-2.74448
163.173_36.4348_-2.68248
162.722_36.2178_-2.70314
162.272_36.0009_-2.68248
161.826_35.7747_-2.66181
161.38_35.5485_-2.68248
160.939_35.3132_-2.62047
160.503_35.0688_-2.64114
160.066_34.8243_-2.62047
159.63_34.5799_-2.64114
159.194_34.3355_-2.62047
158.748_34.1094_-2.72381
158.289_33.9112_-2.74448
157.83_33.7131_-2.72381
157.371_33.515_-2.74448
156.912_33.3169_-2.72381
156.634_33.121_-2.33111
156.634_33.121_-1.93841
156.634_33.121_-1.54571
156.634_33.121_-1.15302
156.634_33.121_-0.760317
156.634_33.121_-0.367618
