configuration 133.385482788_115.927223206_-0.986328190641_0.164792901387_34.5528411865_13.6445770264_-0.541385985877_0.840774175564
length 198.195
time 3.12934
roughness 0.000484684
133.385_115.927_-2.8105
132.893_115.86_-3.2032
132.397_115.917_-3.30654
131.904_116.004_-3.32721
131.412_116.091_-3.30654
130.92_116.179_-3.32721
130.423_116.173_-2.93451
129.966_115.978_-2.54181
129.603_115.637_-2.23178
129.292_115.245_-2.25245
128.973_114.861_-2.27312
128.732_114.426_-1.88042
128.585_113.948_-1.85975
128.438_113.47_-1.88042
128.29_112.993_-1.85975
128.143_112.515_-1.88042
128.105_112.446_-2.27312
127.716_112.137_-2.66582
127.238_112_-3.05852
126.745_112.056_-3.45122
126.31_112.297_-3.84392
125.876_112.538_-3.45122
125.382_112.594_-3.05852
124.905_112.457_-2.66582
124.496_112.171_-2.39713
124.125_111.836_-2.4178
123.768_111.486_-2.31446
123.433_111.115_-2.29379
123.099_110.743_-2.31446
122.764_110.372_-2.29379
122.429_110_-2.31446
122.028_109.707_-2.70715
121.545_109.59_-3.09985
121.051_109.647_-3.40988
120.567_109.774_-3.38921
120.081_109.892_-3.36854
119.585_109.907_-2.97584
119.12_109.731_-2.58314
118.758_109.39_-2.19045
118.554_108.938_-1.79775
118.457_108.447_-1.73574
118.457_108.447_-2.12844
118.117_108.085_-2.52114
117.664_107.881_-2.91384
117.167_107.865_-3.30654
116.688_108.002_-3.53389
116.228_108.198_-3.55456
115.772_108.404_-3.57523
115.316_108.609_-3.55456
114.86_108.814_-3.57523
114.404_109.02_-3.55456
113.919_109.126_-3.16186
113.43_109.039_-2.76916
112.984_108.815_-2.58314
112.557_108.555_-2.60381
112.13_108.294_-2.58314
111.733_107.992_-2.39713
111.362_107.657_-2.4178
110.991_107.322_-2.39713
110.62_106.987_-2.4178
110.248_106.652_-2.39713
109.906_106.288_-2.25245
109.587_105.903_-2.27312
109.268_105.518_-2.25245
108.949_105.133_-2.27312
108.63_104.748_-2.25245
108.311_104.363_-2.27312
107.992_103.978_-2.25245
107.673_103.593_-2.27312
107.354_103.208_-2.25245
107.035_102.823_-2.27312
106.794_102.388_-1.88042
106.718_101.896_-1.57039
106.713_101.396_-1.59106
106.708_100.896_-1.57039
106.703_100.396_-1.59106
106.79_99.9071_-1.19836
106.986_99.4473_-1.13636
107.192_98.9916_-1.15703
107.398_98.5359_-1.13636
107.603_98.0802_-1.15703
107.809_97.6245_-1.13636
108.024_97.1731_-1.11569
108.239_96.7218_-1.13636
108.454_96.2705_-1.11569
108.669_95.8191_-1.13636
108.866_95.3593_-1.19836
109.043_94.8917_-1.21903
109.22_94.4242_-1.19836
109.397_93.9566_-1.21903
109.574_93.489_-1.19836
109.77_93.0293_-1.13636
109.986_92.5779_-1.11569
110.201_92.1266_-1.13636
110.406_91.6709_-1.15703
110.612_91.2152_-1.13636
110.905_90.814_-0.743659
111.277_90.4793_-0.722991
111.655_90.1524_-0.702323
112.033_89.8255_-0.722991
112.412_89.4986_-0.702323
112.815_89.2043_-0.557644
113.237_88.9353_-0.578312
113.653_88.6577_-0.598981
114.068_88.3801_-0.578312
114.484_88.1025_-0.598981
114.832_87.7477_-0.99168
115.084_87.3158_-1.09502
115.317_86.8738_-1.07435
115.56_86.4366_-1.05368
115.803_85.9995_-1.07435
116.097_85.5969_-0.805664
116.439_85.2327_-0.826333
116.774_84.8615_-0.847001
117.109_84.4903_-0.826333
117.444_84.1191_-0.847001
117.694_83.6898_-1.2397
117.761_83.1975_-1.6324
117.634_82.7172_-2.0251
117.392_82.28_-2.12844
117.132_81.8531_-2.10777
116.966_81.3848_-1.71507
116.992_80.8887_-1.32237
117.205_80.4402_-0.929675
117.561_80.0919_-0.619649
117.965_79.7973_-0.640317
118.298_79.4285_-1.03302
118.522_78.9821_-1.1777
118.719_78.5222_-1.15703
118.924_78.0665_-1.13636
119.13_77.6108_-1.15703
119.398_77.1913_-0.847001
119.725_76.8132_-0.86767
120.053_76.4352_-0.847001
120.38_76.0571_-0.86767
120.707_75.6791_-0.847001
120.957_75.2498_-1.2397
121.075_74.7646_-1.42572
121.142_74.2691_-1.44638
121.209_73.7737_-1.42572
121.276_73.2782_-1.44638
121.433_72.8068_-1.05368
121.711_72.3915_-0.909006
122.022_72.0003_-0.888338
122.333_71.609_-0.909006
122.645_71.2178_-0.888338
122.877_70.7785_-1.28104
122.985_70.2907_-1.42572
123.062_69.7968_-1.40505
123.15_69.3045_-1.38438
123.237_68.8123_-1.40505
123.222_68.3157_-1.79775
123.018_67.8627_-2.19045
122.656_67.5224_-2.58314
122.229_67.2618_-2.60381
121.803_67.0013_-2.58314
121.433_66.6681_-2.23178
121.114_66.2831_-2.29379
120.787_65.9048_-2.27312
120.468_65.5198_-2.25245
120.149_65.1349_-2.27312
119.767_64.8171_-2.62448
119.334_64.5655_-2.60381
118.908_64.305_-2.58314
118.481_64.0444_-2.60381
118.054_63.7839_-2.58314
117.617_63.5413_-2.68649
117.166_63.3262_-2.70715
116.715_63.1111_-2.68649
116.263_62.8959_-2.70715
115.812_62.6808_-2.68649
115.375_62.4383_-2.58314
114.948_62.1777_-2.60381
114.521_61.9172_-2.58314
114.095_61.6566_-2.60381
113.668_61.3961_-2.58314
113.299_61.0629_-2.23178
112.988_60.6714_-2.25245
112.669_60.2864_-2.27312
112.35_59.9014_-2.25245
112.031_59.5164_-2.27312
111.642_59.2071_-2.66582
111.182_59.011_-2.8105
110.711_58.8436_-2.78983
110.24_58.6761_-2.8105
109.769_58.5087_-2.78983
109.345_58.2499_-2.39713
109.011_57.8789_-2.21111
108.708_57.4811_-2.23178
108.405_57.0832_-2.21111
108.102_56.6854_-2.23178
107.727_56.3603_-2.62448
107.295_56.1086_-2.60381
106.863_55.857_-2.62448
106.43_55.6053_-2.60381
105.998_55.3536_-2.62448
105.536_55.1675_-2.89317
105.053_55.0395_-2.8725
104.569_54.9116_-2.89317
104.086_54.7836_-2.8725
103.603_54.6557_-2.89317
103.122_54.5178_-2.83116
102.644_54.37_-2.85183
102.167_54.2222_-2.83116
101.689_54.0744_-2.85183
101.212_53.9266_-2.83116
100.762_53.7121_-2.56248
100.34_53.4428_-2.58314
99.9135_53.1823_-2.60381
99.4867_52.9218_-2.58314
99.06_52.6612_-2.60381
98.6333_52.4007_-2.58314
98.2065_52.1402_-2.60381
97.7798_51.8796_-2.58314
97.353_51.6191_-2.60381
96.9263_51.3586_-2.58314
96.4617_51.1826_-2.97584
95.9651_51.1978_-3.36854
95.5122_51.4019_-3.76124
95.1415_51.7358_-3.98859
94.8065_52.107_-3.96793
94.4051_52.3997_-3.57523
93.9452_52.5956_-3.51322
93.4812_52.7819_-3.53389
93.0173_52.9683_-3.51322
92.5533_53.1547_-3.53389
92.066_53.2514_-3.14119
91.5788_53.1543_-2.74849
91.1426_52.9121_-2.52114
90.7328_52.6256_-2.54181
90.323_52.3392_-2.52114
89.9829_51.977_-2.12844
89.714_51.5555_-2.14911
89.445_51.134_-2.12844
89.1761_50.7126_-2.14911
88.9071_50.2911_-2.12844
88.712_49.8329_-1.81841
88.5844_49.3494_-1.83908
88.4469_48.8687_-1.85975
88.3094_48.388_-1.83908
88.1719_47.9073_-1.85975
87.9401_47.4679_-2.25245
87.5579_47.1506_-2.64515
87.0833_47.0037_-3.03785
86.5871_47.0395_-3.38921
86.1011_47.157_-3.36854
85.6046_47.1722_-2.97584
85.14_46.9962_-2.58314
84.7187_46.7269_-2.56248
84.3031_46.449_-2.54181
83.8875_46.171_-2.56248
83.4267_45.9855_-2.95518
82.9291_45.9492_-3.18253
82.4293_45.9645_-3.16186
81.9293_45.9695_-3.14119
81.4294_45.9745_-3.16186
80.9403_45.8874_-2.76916
80.5217_45.6199_-2.37646
80.2286_45.2179_-2.0251
80.0046_44.7709_-2.04577
79.7805_44.324_-2.0251
79.4796_43.9287_-2.4178
79.0503_43.6786_-2.8105
78.5792_43.5112_-2.78983
78.1117_43.3341_-2.76916
77.6441_43.157_-2.78983
77.1573_43.0494_-3.05852
76.6595_43.0028_-3.03785
76.1628_42.9459_-3.01718
75.666_42.889_-3.03785
75.1693_42.8321_-3.01718
74.6978_42.6754_-2.62448
74.2767_42.4062_-2.52114
73.873_42.1114_-2.50047
73.4692_41.8165_-2.52114
73.0654_41.5216_-2.50047
72.6209_41.2983_-2.85183
72.1433_41.1505_-2.83116
71.6656_41.0027_-2.85183
71.188_40.8549_-2.83116
70.7103_40.7071_-2.85183
70.2711_40.475_-2.45913
69.8798_40.1637_-2.4798
69.4822_39.8605_-2.50047
69.0846_39.5574_-2.4798
68.687_39.2542_-2.50047
68.2386_39.0405_-2.89317
67.7425_39.0146_-3.28587
67.2742_39.1806_-3.67857
66.8586_39.4581_-3.78191
66.4545_39.7526_-3.76124
66.0016_39.9567_-3.36854
65.505_39.9719_-2.97584
65.0405_39.7959_-2.58314
64.637_39.5013_-2.43847
64.259_39.174_-2.4178
63.8297_38.924_-2.8105
63.3374_38.8573_-3.2032
62.8571_38.984_-3.59589
62.4618_39.2849_-3.98859
62.1759_39.6938_-4.21595
62.1759_39.6938_-3.82325
61.7365_39.9256_-3.43055
61.2418_39.9715_-3.03785
60.7672_39.8246_-2.64515
60.3712_39.5227_-2.33512
60.0215_39.1654_-2.35579
59.6717_38.808_-2.33512
59.322_38.4507_-2.35579
58.9723_38.0934_-2.33512
58.6225_37.7361_-2.35579
58.2096_37.4599_-2.74849
57.7224_37.3628_-3.14119
57.2351_37.4595_-3.53389
56.7838_37.6742_-3.63723
56.3415_37.9074_-3.61656
56.3415_37.9074_-3.22386
55.8479_37.8509_-2.83116
55.4136_37.6097_-2.43847
55.1046_37.2207_-2.04577
54.9679_36.7431_-1.65307
54.8313_36.2655_-2.04577
54.546_35.8567_-2.31446
54.2114_35.4852_-2.29379
53.8767_35.1137_-2.31446
53.542_34.7423_-2.29379
53.147_34.441_-2.68649
52.6667_34.3139_-3.07919
52.1677_34.3292_-3.2652
51.6722_34.396_-3.28587
51.1766_34.4627_-3.2652
50.6812_34.4266_-2.8725
50.2372_34.2037_-2.4798
49.8885_33.8474_-2.21111
49.5857_33.4496_-2.23178
49.2828_33.0517_-2.21111
48.98_32.6539_-2.23178
48.6771_32.2561_-2.21111
48.3743_31.8582_-2.23178
48.0714_31.4604_-2.21111
47.7686_31.0625_-2.23178
47.393_30.7374_-2.62448
46.9464_30.5131_-2.72782
46.4907_30.3074_-2.70715
46.0393_30.0922_-2.68649
45.588_29.8771_-2.70715
45.1208_29.7002_-2.85183
44.6402_29.5623_-2.8725
44.1596_29.4244_-2.85183
43.679_29.2865_-2.8725
43.1984_29.1486_-2.85183
42.7038_29.1022_-3.24453
42.2291_29.2487_-3.63723
41.8466_29.5657_-4.02993
41.5272_29.9504_-4.00926
41.2_30.3285_-3.98859
40.8047_30.6294_-3.59589
40.3243_30.7561_-3.2032
39.8321_30.6894_-2.8105
39.4028_30.4393_-2.4178
39.0459_30.0894_-2.31446
38.7874_29.6652_-1.92176
38.64_29.1877_-1.81841
38.5125_28.7042_-1.83908
38.3849_28.2208_-1.81841
38.2574_27.7373_-1.83908
38.0347_27.2932_-2.23178
37.6591_26.9681_-2.62448
37.2003_26.7722_-2.85183
36.7197_26.6343_-2.8725
36.2391_26.4964_-2.85183
35.7513_26.3886_-2.99651
35.2573_26.3112_-2.97584
34.7633_26.2338_-2.99651
34.2694_26.1564_-2.97584
33.7754_26.0791_-2.99651
33.3073_25.9127_-2.60381
32.9384_25.5799_-2.21111
32.7251_25.1313_-1.81841
32.6996_24.6351_-1.42572
32.777_24.1411_-1.40505
32.8646_23.6489_-1.38438
32.9522_23.1566_-1.40505
33.0398_22.6644_-1.38438
33.1273_22.1721_-1.40505
33.2047_21.6781_-1.42572
33.2821_21.1842_-1.40505
33.3697_20.6919_-1.38438
33.4573_20.1997_-1.40505
33.5347_19.7057_-1.42572
33.6121_19.2117_-1.40505
33.6997_18.7195_-1.38438
33.7873_18.2272_-1.40505
33.8647_17.7332_-1.42572
33.942_17.2393_-1.40505
34.0296_16.747_-1.38438
34.1172_16.2548_-1.40505
34.1946_15.7608_-1.42572
34.272_15.2668_-1.40505
34.3596_14.7746_-1.38438
34.4472_14.2823_-1.40505
34.5246_13.7883_-1.42572
