configuration 176.556686401_134.7056427_-0.977472527886_0.211062685542_59.5791053772_36.8438796997_0.982426073578_-0.18665210943
length 195.502
time 300
roughness 0.00224316
176.557_134.706_-2.71627
176.134_134.441_-2.44758
175.753_134.117_-2.42691
175.379_133.786_-2.40624
175.005_133.454_-2.42691
174.623_133.13_-2.44758
174.242_132.806_-2.42691
173.861_132.482_-2.44758
173.48_132.158_-2.42691
173.099_131.835_-2.44758
172.718_131.511_-2.42691
172.718_131.511_-2.42691
172.291_131.256_-2.77827
171.825_131.073_-2.75761
171.364_130.881_-2.73694
170.902_130.689_-2.75761
170.441_130.497_-2.73694
169.979_130.305_-2.75761
169.517_130.113_-2.73694
169.056_129.921_-2.75761
168.384_129.652_-3.17097
167.894_129.57_-2.77827
167.456_129.332_-2.50958
167.05_129.04_-2.53025
166.643_128.749_-2.50958
166.237_128.458_-2.53025
165.83_128.167_-2.50958
165.424_127.876_-2.53025
165.017_127.584_-2.50958
164.539_127.231_-2.42691
164.107_126.985_-2.81961
163.628_126.841_-2.88162
163.144_126.718_-2.90228
162.659_126.594_-2.88162
162.175_126.471_-2.90228
161.69_126.347_-2.88162
160.983_126.156_-2.84028
160.489_126.104_-3.23298
159.998_126.195_-3.41899
159.516_126.327_-3.39832
159.034_126.459_-3.41899
158.551_126.591_-3.39832
158.069_126.723_-3.41899
157.587_126.855_-3.39832
156.957_127.029_-2.77827
156.536_126.765_-2.38557
156.176_126.419_-2.36491
155.815_126.072_-2.38557
155.455_125.725_-2.36491
155.095_125.378_-2.38557
155.095_125.378_-2.38557
154.695_125.08_-2.61293
154.266_124.823_-2.59226
153.843_124.558_-2.57159
153.419_124.292_-2.59226
152.995_124.027_-2.57159
152.572_123.761_-2.59226
152.148_123.496_-2.57159
151.724_123.23_-2.59226
151.295_122.974_-2.61293
150.969_122.779_-2.84028
150.477_122.696_-3.10897
149.978_122.675_-3.0883
149.478_122.653_-3.10897
148.979_122.632_-3.0883
148.479_122.61_-3.10897
147.98_122.589_-3.0883
147.48_122.567_-3.10897
146.981_122.546_-3.0883
146.188_122.506_-2.71627
145.785_122.217_-2.32357
145.504_121.805_-2.01354
145.285_121.356_-2.03421
145.067_120.906_-2.01354
144.848_120.457_-2.03421
144.848_120.457_-2.03421
144.717_119.978_-1.64151
144.728_119.478_-1.4555
144.79_118.982_-1.43483
144.853_118.486_-1.4555
144.916_117.99_-1.43483
144.978_117.494_-1.4555
145.031_116.997_-1.47617
145.083_116.5_-1.4555
145.146_116.004_-1.43483
145.188_115.681_-1.1248
145.444_115.252_-0.938789
145.744_114.852_-0.91812
146.043_114.452_-0.938789
146.343_114.051_-0.91812
146.642_113.651_-0.938789
146.942_113.251_-0.91812
147.249_112.857_-0.897452
147.557_112.463_-0.91812
147.857_112.062_-0.938789
148.1_111.738_-1.16614
148.292_111.276_-1.18681
148.484_110.815_-1.16614
148.676_110.353_-1.18681
148.868_109.892_-1.16614
149.06_109.43_-1.18681
149.06_109.43_-1.18681
149.253_108.968_-1.16614
149.445_108.507_-1.18681
149.637_108.045_-1.16614
149.829_107.583_-1.18681
150.021_107.122_-1.16614
150.021_107.122_-1.16614
150.222_106.664_-1.14547
150.424_106.207_-1.16614
150.626_105.749_-1.14547
150.827_105.292_-1.16614
151.029_104.834_-1.14547
151.029_104.834_-1.14547
151.293_104.412_-0.876783
151.617_104.031_-0.856115
151.941_103.65_-0.876783
152.265_103.269_-0.856115
152.589_102.888_-0.876783
152.912_102.507_-0.856115
153.244_102.132_-0.835447
153.575_101.758_-0.856115
153.692_101.554_-1.24881
153.726_101.572_-2.05488
153.585_101.095_-1.66218
153.596_100.596_-1.43483
153.659_100.1_-1.4555
153.721_99.6043_-1.43483
153.784_99.1082_-1.4555
153.847_98.6122_-1.43483
153.909_98.1161_-1.4555
153.972_97.6201_-1.43483
154.035_97.124_-1.4555
154.088_96.7041_-1.26948
154.326_96.2675_-0.876783
154.686_95.9227_-0.649431
155.081_95.6162_-0.6701
155.476_95.3098_-0.649431
155.871_95.0033_-0.6701
156.266_94.6969_-0.649431
156.661_94.3904_-0.6701
157.056_94.0839_-0.649431
157.577_93.677_-1.18681
157.73_93.2015_-1.33149
157.844_92.7146_-1.35216
157.957_92.2277_-1.33149
158.071_91.7407_-1.35216
158.184_91.2538_-1.33149
158.298_90.7668_-1.35216
158.411_90.2799_-1.33149
158.525_89.793_-1.35216
158.638_89.306_-1.33149
158.726_88.9242_-1.10414
158.858_88.4455_-1.49683
158.88_87.946_-1.55884
158.881_87.446_-1.57951
158.882_86.9461_-1.55884
158.882_86.4461_-1.57951
158.883_85.9461_-1.55884
158.884_85.4461_-1.57951
158.885_84.9461_-1.55884
158.886_84.4461_-1.57951
158.876_83.9496_-1.60018
158.867_83.4497_-1.57951
158.857_82.9498_-1.60018
158.848_82.4499_-1.57951
158.838_81.95_-1.60018
158.818_81.4504_-1.62084
158.798_80.9508_-1.60018
158.789_80.4509_-1.57951
158.779_79.951_-1.60018
158.767_79.6668_-2.59226
158.307_79.4755_-2.90228
157.823_79.352_-2.88162
157.338_79.2284_-2.90228
156.854_79.1049_-2.88162
156.369_78.9814_-2.90228
155.882_78.8679_-2.92295
155.395_78.7544_-2.90228
154.911_78.6309_-2.88162
154.426_78.5074_-2.90228
153.986_78.4054_-2.75761
153.542_78.1762_-2.57159
153.124_77.902_-2.55092
152.706_77.6279_-2.57159
152.288_77.3537_-2.55092
151.87_77.0796_-2.57159
151.451_76.8054_-2.55092
151.033_76.5313_-2.57159
150.61_76.2658_-2.59226
150.186_76.0004_-2.57159
149.811_75.7541_-2.71627
149.329_75.6312_-3.06763
148.831_75.5891_-3.04696
148.333_75.547_-3.06763
147.835_75.5049_-3.04696
147.336_75.4628_-3.06763
146.838_75.4207_-3.04696
146.341_75.3683_-3.02629
145.844_75.316_-3.04696
145.182_75.2535_-2.55092
144.758_74.9881_-2.61293
144.329_74.7314_-2.59226
143.9_74.4748_-2.61293
143.471_74.2182_-2.59226
143.042_73.9615_-2.61293
142.613_73.7049_-2.59226
142.184_73.4483_-2.61293
141.755_73.1916_-2.59226
141.127_72.8158_-3.04696
140.636_72.7227_-2.86095
140.154_72.5892_-2.88162
139.673_72.4557_-2.86095
139.191_72.3221_-2.88162
138.709_72.1886_-2.86095
138.227_72.0551_-2.88162
137.745_71.9216_-2.86095
137.263_71.7881_-2.88162
136.782_71.6546_-2.86095
136.35_71.5347_-3.04696
135.859_71.4415_-2.86095
135.381_71.2981_-2.84028
134.902_71.1546_-2.86095
134.423_71.0112_-2.84028
133.944_70.8678_-2.86095
133.944_70.8678_-2.86095
133.502_70.6397_-2.46825
133.15_70.2863_-2.2409
132.835_69.8977_-2.26156
132.513_69.5156_-2.28223
132.19_69.1335_-2.26156
131.868_68.7515_-2.28223
131.545_68.3694_-2.26156
131.231_67.9808_-2.2409
130.778_67.441_-2.73694
130.34_67.2027_-2.55092
129.922_66.9285_-2.57159
129.503_66.6544_-2.55092
129.085_66.3803_-2.57159
128.667_66.1061_-2.55092
128.255_65.8234_-2.53025
127.842_65.5406_-2.55092
127.424_65.2665_-2.57159
127.006_64.9923_-2.55092
126.653_64.7495_-2.36491
126.26_64.4424_-2.59226
125.831_64.1857_-2.61293
125.402_63.9291_-2.59226
124.973_63.6725_-2.61293
124.544_63.4158_-2.59226
124.115_63.1592_-2.61293
123.685_62.9026_-2.59226
123.256_62.6459_-2.61293
122.713_62.3341_-3.1503
122.22_62.2615_-2.84028
121.741_62.118_-2.86095
121.259_61.9845_-2.88162
120.777_61.851_-2.86095
120.296_61.7175_-2.88162
119.814_61.584_-2.86095
119.332_61.4505_-2.88162
118.85_61.3169_-2.86095
118.371_61.1735_-2.84028
117.919_61.0483_-2.98496
117.421_61.0062_-3.12964
116.921_60.9951_-3.10897
116.421_60.9839_-3.12964
115.921_60.9728_-3.10897
115.422_60.9616_-3.12964
114.922_60.9505_-3.10897
114.422_60.9393_-3.12964
113.922_60.9385_-3.1503
113.154_60.9281_-2.73694
112.744_60.6471_-2.34424
112.422_60.2654_-2.19956
112.124_59.8641_-2.22023
111.826_59.4628_-2.19956
111.527_59.0615_-2.22023
111.221_58.6664_-2.2409
110.929_58.2736_-2.26156
110.746_58.125_-2.65426
110.746_58.125_-2.65426
110.297_57.9047_-2.71627
109.844_57.6937_-2.6956
109.391_57.4827_-2.71627
108.705_57.1727_-2.73694
108.252_56.9617_-2.67493
107.808_56.7321_-2.65426
107.364_56.5026_-2.67493
106.92_56.273_-2.65426
106.48_56.0344_-2.6336
106.041_55.7957_-2.65426
105.597_55.5661_-2.67493
105.153_55.3366_-2.65426
104.713_55.0979_-2.6336
104.289_54.8786_-2.77827
103.808_54.7453_-2.96429
103.317_54.6521_-2.94362
102.825_54.5588_-2.96429
102.334_54.4655_-2.94362
101.845_54.3621_-2.92295
101.356_54.2587_-2.94362
100.865_54.1655_-2.96429
100.373_54.0722_-2.94362
100.007_53.9908_-2.07555
99.6866_53.6112_-2.46825
99.2588_53.3553_-2.73694
98.7971_53.1632_-2.75761
98.3317_52.9807_-2.77827
97.8653_52.7978_-2.75761
97.3772_52.7051_-3.1503
96.8838_52.7762_-3.41899
96.4015_52.9081_-3.39832
95.9193_53.0401_-3.41899
95.437_53.172_-3.39832
94.9521_53.294_-3.37766
94.4672_53.4159_-3.39832
93.9849_53.5479_-3.41899
93.4952_53.6725_-2.67493
93.0721_53.4074_-2.48892
92.6781_53.0997_-2.46825
92.284_52.7919_-2.48892
91.8899_52.4842_-2.46825
91.4959_52.1764_-2.48892
91.1018_51.8687_-2.46825
90.7077_51.561_-2.48892
90.3137_51.2532_-2.46825
89.9594_50.9787_-1.76552
89.7701_50.5194_-2.15822
89.4194_50.1675_-2.55092
88.9904_49.911_-2.65426
88.5511_49.6723_-2.6336
88.1118_49.4336_-2.65426
87.6724_49.1949_-2.6336
87.2331_48.9563_-2.65426
86.7937_48.7176_-2.6336
86.3544_48.4789_-2.65426
85.9457_48.246_-2.75761
85.4841_48.0539_-2.73694
85.0266_47.8523_-2.71627
84.569_47.6507_-2.73694
84.1115_47.4491_-2.71627
83.6539_47.2475_-2.73694
83.6539_47.2475_-2.73694
83.1679_47.1448_-3.12964
82.668_47.1336_-3.10897
82.1681_47.1225_-3.12964
81.6683_47.1114_-3.10897
81.1684_47.1002_-3.12964
80.6685_47.0891_-3.10897
80.1687_47.0779_-3.12964
79.6687_47.0771_-3.1503
78.9701_47.0677_-2.65426
78.526_46.8381_-2.67493
78.0818_46.6086_-2.65426
77.6376_46.379_-2.67493
77.1934_46.1495_-2.65426
76.7492_45.9199_-2.67493
76.7492_45.9199_-2.67493
76.3205_45.6635_-2.53025
75.914_45.3723_-2.50958
75.5076_45.0811_-2.53025
75.1012_44.7899_-2.50958
74.6947_44.4987_-2.53025
74.2883_44.2075_-2.50958
73.8818_43.9163_-2.53025
73.4754_43.6252_-2.50958
72.8535_43.1931_-2.67493
72.4423_42.9113_-2.40624
72.0681_42.5797_-2.42691
71.6939_42.2481_-2.40624
71.3196_41.9166_-2.42691
70.9454_41.585_-2.40624
70.5711_41.2534_-2.42691
70.1969_40.9219_-2.40624
69.8296_40.5826_-2.38557
69.2693_40.0778_-2.79894
68.7855_39.9545_-2.98496
68.2908_39.8816_-3.00563
67.7962_39.8087_-2.98496
67.3015_39.7358_-3.00563
66.8069_39.6629_-2.98496
66.3122_39.59_-3.00563
65.8176_39.5171_-2.98496
65.6105_39.4777_-4.10105
65.2515_39.8211_-3.70835
64.8072_40.0489_-3.52234
64.3411_40.2299_-3.50167
63.6569_40.5043_-3.481
63.1651_40.5751_-3.0883
62.6837_40.4524_-2.6956
62.2794_40.1627_-2.34424
61.9264_39.8086_-2.36491
61.5662_39.4618_-2.38557
61.206_39.1151_-2.36491
60.853_38.761_-2.34424
60.6284_38.5359_-8.19339
60.401_38.0924_-8.46208
60.1111_37.685_-8.48274
59.8212_37.2776_-8.46208
59.53_36.8778_-2.26156
