configuration 176.556686401_134.7056427_-0.977472527886_0.211062685542_59.5791053772_36.8438796997_0.982426073578_-0.18665210943
length 208.744
time 10.7903
roughness 0.000469297
176.557_134.706_-2.71627
176.14_134.433_-2.40624
175.766_134.101_-2.42691
175.385_133.777_-2.44758
175.004_133.453_-2.42691
174.623_133.13_-2.44758
174.186_132.893_-2.84028
173.692_132.841_-3.23298
173.216_132.982_-3.62568
172.83_133.294_-4.01838
172.506_133.675_-3.99771
172.114_133.98_-3.60501
171.634_134.111_-3.21231
171.141_134.048_-2.81961
170.704_133.811_-2.46825
170.31_133.503_-2.48892
169.936_133.172_-2.34424
169.583_132.818_-2.36491
169.23_132.464_-2.34424
168.877_132.11_-2.36491
168.525_131.755_-2.34424
168.253_131.339_-1.95154
168.122_130.858_-1.72419
168.04_130.365_-1.74486
167.959_129.871_-1.72419
167.888_129.376_-1.70352
167.727_128.906_-2.09622
167.399_128.533_-2.48892
166.992_128.242_-2.55092
166.58_127.959_-2.53025
166.168_127.677_-2.55092
165.729_127.438_-2.73694
165.267_127.246_-2.75761
164.806_127.054_-2.73694
164.344_126.862_-2.75761
163.882_126.67_-2.73694
163.396_126.567_-3.12964
162.908_126.658_-3.52234
162.464_126.886_-3.70835
162.039_127.15_-3.68768
161.609_127.405_-3.66701
161.139_127.566_-3.27431
160.643_127.534_-2.88162
160.197_127.316_-2.48892
159.845_126.962_-2.22023
159.539_126.567_-2.2409
159.224_126.179_-2.26156
158.91_125.79_-2.2409
158.595_125.401_-2.26156
158.281_125.013_-2.2409
157.966_124.624_-2.26156
157.581_124.31_-2.65426
157.105_124.168_-3.04696
156.607_124.188_-3.31565
156.114_124.269_-3.29498
155.619_124.34_-3.27431
155.123_124.309_-2.88162
154.677_124.09_-2.48892
154.296_123.766_-2.38557
153.929_123.427_-2.40624
153.562_123.088_-2.38557
153.141_122.824_-2.77827
152.651_122.742_-3.17097
152.166_122.853_-3.56367
151.762_123.141_-3.95637
151.463_123.54_-4.18372
151.133_123.912_-3.79102
150.687_124.13_-3.39832
150.191_124.16_-3.00563
149.696_124.087_-2.98496
149.203_124.004_-2.96429
148.741_123.822_-2.57159
148.354_123.507_-2.34424
148.001_123.153_-2.36491
147.641_122.806_-2.38557
147.28_122.459_-2.36491
146.906_122.128_-2.46825
146.519_121.812_-2.44758
146.131_121.496_-2.46825
145.743_121.181_-2.44758
145.356_120.865_-2.46825
144.975_120.541_-2.40624
144.608_120.202_-2.38557
144.24_119.863_-2.40624
143.873_119.523_-2.38557
143.506_119.184_-2.40624
143.079_118.929_-2.79894
142.588_118.857_-3.19164
142.106_118.978_-3.58434
141.671_119.224_-3.72902
141.252_119.497_-3.70835
140.789_119.677_-3.31565
140.293_119.665_-2.92295
139.838_119.465_-2.53025
139.457_119.142_-2.34424
139.112_118.781_-2.32357
138.849_118.359_-1.93087
138.758_117.87_-1.57951
138.749_117.37_-1.60018
138.739_116.87_-1.57951
138.73_116.37_-1.60018
138.73_116.37_-1.99288
138.73_116.37_-2.38557
138.73_116.37_-2.77827
138.343_116.305_-3.17097
137.859_116.416_-3.56367
137.375_116.527_-3.17097
136.885_116.445_-2.77827
136.464_116.181_-2.38557
136.111_115.827_-2.32357
135.765_115.465_-2.34424
135.398_115.126_-2.44758
135.017_114.803_-2.42691
134.636_114.479_-2.44758
134.255_114.155_-2.42691
133.874_113.831_-2.44758
133.437_113.594_-2.84028
132.943_113.542_-3.23298
132.445_113.583_-3.21231
131.946_113.613_-3.19164
131.447_113.643_-3.21231
130.954_113.581_-2.81961
130.517_113.343_-2.46825
130.123_113.036_-2.48892
129.729_112.728_-2.46825
129.335_112.42_-2.48892
128.928_112.129_-2.55092
128.51_111.855_-2.57159
128.092_111.581_-2.55092
127.674_111.306_-2.57159
127.256_111.032_-2.55092
126.797_110.841_-2.94362
126.3_110.841_-3.33632
125.813_110.953_-3.39832
125.328_111.074_-3.37766
124.843_111.196_-3.39832
124.347_111.226_-3.00563
123.878_111.064_-2.61293
123.506_110.735_-2.22023
123.251_110.306_-1.99288
123.042_109.852_-2.01354
122.745_109.453_-2.40624
122.319_109.198_-2.79894
121.828_109.126_-3.19164
121.338_109.217_-3.46033
120.861_109.369_-3.43966
120.861_109.369_-3.04696
120.385_109.226_-2.65426
120_108.913_-2.26156
119.764_108.475_-1.86887
119.714_107.981_-1.47617
119.714_107.981_-1.86887
119.714_107.981_-2.26156
119.329_107.667_-2.65426
118.853_107.525_-3.04696
118.359_107.575_-3.43966
117.893_107.756_-3.58434
117.439_107.966_-3.56367
116.981_108.166_-3.543
116.523_108.366_-3.56367
116.064_108.566_-3.543
115.578_108.667_-3.1503
115.09_108.574_-2.75761
114.674_108.302_-2.36491
114.377_107.902_-2.05488
114.14_107.462_-2.07555
113.82_107.082_-2.46825
113.378_106.854_-2.86095
112.883_106.813_-3.25365
112.41_106.963_-3.64635
111.97_107.201_-3.62568
111.493_107.342_-3.23298
110.999_107.29_-2.84028
110.563_107.052_-2.44758
110.25_106.666_-2.05488
110.06_106.205_-1.86887
109.824_105.767_-2.26156
109.439_105.454_-2.65426
108.995_105.224_-2.67493
108.551_104.994_-2.65426
108.107_104.765_-2.67493
107.678_104.508_-2.53025
107.271_104.217_-2.50958
106.865_103.926_-2.53025
106.459_103.635_-2.50958
106.052_103.344_-2.53025
106.052_103.344_-2.13755
105.872_102.881_-1.74486
105.883_102.384_-1.35216
106.084_101.929_-0.959457
106.443_101.586_-0.566758
106.802_101.243_-0.959457
107.049_100.809_-1.14547
107.251_100.351_-1.16614
107.452_99.8938_-1.14547
107.663_99.4405_-1.1248
107.884_98.9917_-1.10414
108.113_98.5475_-1.08347
108.343_98.1033_-1.10414
108.572_97.6591_-1.08347
108.802_97.2149_-1.10414
109.058_96.7862_-0.959457
109.341_96.3738_-0.980125
109.624_95.9614_-0.959457
109.906_95.5491_-0.980125
110.189_95.1367_-0.959457
110.389_94.6821_-1.35216
110.503_94.1951_-1.33149
110.616_93.7082_-1.35216
110.73_93.2212_-1.33149
110.843_92.7343_-1.35216
110.977_92.2527_-1.24881
111.13_91.7768_-1.26948
111.283_91.3009_-1.24881
111.437_90.825_-1.26948
111.59_90.3491_-1.24881
111.791_89.8922_-1.0628
112.03_89.4528_-1.08347
112.269_89.0135_-1.0628
112.507_88.5741_-1.08347
112.746_88.1348_-1.0628
112.746_88.1348_-0.6701
113.188_87.9081_-0.277401
113.683_87.8679_0.115298
114.156_88.0202_0.507998
114.535_88.3419_0.900697
114.535_88.3419_0.507998
114.535_88.3419_0.115298
115.03_88.3017_-0.277401
115.472_88.0751_-0.6701
115.794_87.6965_-1.0628
115.976_87.2324_-1.33149
116.099_86.7479_-1.31082
116.223_86.2634_-1.33149
116.346_85.7789_-1.31082
116.47_85.2944_-1.33149
116.613_84.8156_-1.22815
116.776_84.343_-1.24881
116.93_83.8671_-1.26948
117.083_83.3912_-1.24881
117.236_82.9153_-1.26948
117.35_82.4288_-1.41416
117.422_81.9341_-1.43483
117.495_81.4395_-1.41416
117.568_80.9448_-1.43483
117.641_80.4502_-1.41416
117.784_79.9726_-1.14547
117.986_79.5151_-1.16614
118.178_79.0535_-1.18681
118.37_78.5918_-1.16614
118.562_78.1302_-1.18681
118.655_77.6421_-1.57951
118.645_77.1422_-1.60018
118.636_76.6423_-1.57951
118.626_76.1424_-1.60018
118.617_75.6425_-1.57951
118.709_75.1545_-1.18681
118.901_74.6928_-1.16614
119.093_74.2312_-1.18681
119.285_73.7696_-1.16614
119.478_73.308_-1.18681
119.75_72.8925_-0.79411
120.155_72.6041_-0.442748
120.609_72.3946_-0.422079
121.063_72.1851_-0.442748
121.513_71.9662_-0.463416
121.905_71.6617_-0.856115
122.151_71.2302_-1.24881
122.214_70.7373_-1.64151
122.102_70.2519_-1.95154
121.921_69.7859_-1.93087
121.84_69.2957_-1.53817
121.953_68.8119_-1.14547
122.242_68.408_-0.752773
122.664_68.1456_-0.360074
123.137_67.9841_-0.298069
123.575_67.7484_-0.690768
123.888_67.3632_-1.08347
124.031_66.8873_-1.47617
124.021_66.3885_-1.70352
123.95_65.8936_-1.72419
123.971_65.3972_-1.33149
124.153_64.9331_-1.0628
124.392_64.4938_-1.08347
124.622_64.0496_-1.10414
124.851_63.6054_-1.08347
124.851_63.6054_-1.47617
124.801_63.1112_-1.86887
124.565_62.6739_-2.26156
124.18_62.3601_-2.65426
123.704_62.2176_-3.04696
123.205_62.2065_-3.19164
122.705_62.2366_-3.21231
122.206_62.2668_-3.19164
121.707_62.297_-3.21231
121.48_62.3591_-3.60501
121.001_62.4902_-3.21231
120.508_62.4279_-2.81961
120.056_62.2174_-2.59226
119.632_61.9519_-2.57159
119.208_61.6865_-2.59226
118.752_61.4855_-2.86095
118.273_61.3421_-2.84028
117.794_61.1986_-2.86095
117.315_61.0552_-2.84028
116.836_60.9117_-2.86095
116.364_60.7487_-2.75761
115.902_60.5566_-2.73694
115.441_60.3645_-2.75761
114.979_60.1724_-2.73694
114.517_59.9803_-2.75761
114.052_59.7978_-2.77827
113.587_59.6153_-2.75761
113.121_59.4328_-2.77827
112.656_59.2503_-2.75761
112.19_59.0678_-2.77827
111.733_58.8663_-2.67493
111.288_58.6368_-2.65426
110.844_58.4072_-2.67493
110.4_58.1777_-2.65426
109.956_57.9481_-2.67493
109.512_57.7185_-2.65426
109.068_57.489_-2.67493
108.623_57.2594_-2.65426
108.179_57.0299_-2.67493
107.735_56.8003_-2.65426
107.282_56.5894_-2.75761
106.82_56.3973_-2.73694
106.359_56.2053_-2.75761
105.897_56.0132_-2.73694
105.435_55.8211_-2.75761
104.947_55.7284_-3.1503
104.452_55.7893_-3.37766
103.965_55.9012_-3.35699
103.475_56.003_-3.33632
102.986_56.1048_-3.35699
102.489_56.1143_-2.96429
102.005_55.9909_-2.81961
101.529_55.8376_-2.84028
101.053_55.6843_-2.81961
100.577_55.531_-2.84028
100.121_55.3298_-2.61293
99.6917_55.0732_-2.59226
99.2626_54.8165_-2.61293
98.8335_54.5599_-2.59226
98.4044_54.3033_-2.61293
97.9701_54.0556_-2.6336
97.5357_53.8078_-2.61293
97.1014_53.5601_-2.6336
96.6671_53.3124_-2.61293
96.2328_53.0647_-2.6336
95.7842_52.8445_-2.73694
95.3266_52.6429_-2.71627
94.8691_52.4413_-2.73694
94.4115_52.2397_-2.71627
93.9539_52.0381_-2.73694
93.4964_51.8365_-2.71627
93.0388_51.635_-2.73694
92.5813_51.4334_-2.71627
92.1237_51.2318_-2.73694
91.6662_51.0302_-2.71627
91.2086_50.8286_-2.73694
90.7511_50.627_-2.71627
90.2935_50.4254_-2.73694
89.836_50.2238_-2.71627
89.3784_50.0223_-2.73694
88.9209_49.8207_-2.71627
88.4633_49.6191_-2.73694
88.0058_49.4175_-2.71627
87.5482_49.2159_-2.73694
87.0907_49.0143_-2.71627
86.6331_48.8127_-2.73694
86.1756_48.6112_-2.71627
85.718_48.4096_-2.73694
85.2605_48.208_-2.71627
84.8029_48.0064_-2.73694
84.3454_47.8048_-2.71627
83.8878_47.6032_-2.73694
83.4303_47.4016_-2.71627
82.9727_47.2_-2.73694
82.5151_46.9985_-2.71627
82.0576_46.7969_-2.73694
81.6_46.5953_-2.71627
81.1425_46.3937_-2.73694
80.6849_46.1921_-2.71627
80.2274_45.9905_-2.73694
79.7698_45.7889_-2.71627
79.3123_45.5874_-2.73694
78.8547_45.3858_-2.71627
78.3972_45.1842_-2.73694
77.9396_44.9826_-2.71627
77.4781_44.7905_-2.77827
77.0126_44.608_-2.75761
76.5471_44.4255_-2.77827
76.0816_44.243_-2.75761
75.6161_44.0605_-2.77827
75.1545_43.8684_-2.71627
74.697_43.6669_-2.73694
74.2394_43.4653_-2.71627
73.7819_43.2637_-2.73694
73.3243_43.0621_-2.71627
72.8668_42.8605_-2.73694
72.4052_42.6684_-2.75761
71.9435_42.4763_-2.73694
71.4819_42.2843_-2.75761
71.0203_42.0922_-2.73694
70.5628_41.8906_-2.71627
70.1095_41.6796_-2.6956
69.6562_41.4686_-2.71627
69.2029_41.2576_-2.6956
68.7496_41.0466_-2.71627
68.2963_40.8356_-2.6956
67.843_40.6246_-2.71627
67.3897_40.4136_-2.6956
66.9364_40.2026_-2.71627
66.4832_39.9916_-2.6956
66.0299_39.7806_-2.71627
65.5766_39.5696_-2.6956
65.1233_39.3586_-2.71627
64.67_39.1476_-2.6956
64.2167_38.9366_-2.71627
63.748_38.7639_-2.86095
63.269_38.6204_-2.84028
62.79_38.477_-2.86095
62.311_38.3336_-2.84028
61.8321_38.1901_-2.86095
61.3759_37.9891_-2.59226
60.9522_37.7237_-2.57159
60.5285_37.4582_-2.59226
60.1048_37.1928_-2.57159
59.6866_36.9186_-2.55092
