configuration 176.556686401_134.7056427_-0.977472527886_0.211062685542_59.5791053772_36.8438796997_0.982426073578_-0.18665210943
length 188.571
time 300
roughness 0.000409497
176.557_134.706_-2.71627
176.14_134.433_-2.40624
175.766_134.101_-2.42691
175.385_133.777_-2.44758
175.004_133.453_-2.42691
174.623_133.13_-2.44758
174.623_133.13_-2.44758
174.186_132.893_-2.84028
173.692_132.841_-3.23298
173.198_132.912_-3.33632
172.708_133.014_-3.35699
172.219_133.115_-3.33632
171.729_133.217_-3.35699
171.24_133.319_-3.33632
170.75_133.421_-3.35699
170.31_133.503_-2.48892
169.873_133.265_-2.79894
169.404_133.093_-2.77827
168.934_132.92_-2.79894
168.465_132.747_-2.77827
167.996_132.574_-2.79894
167.523_132.411_-2.81961
167.051_132.248_-2.79894
166.582_132.075_-2.77827
166.277_131.963_-3.72902
166.277_131.963_-3.33632
166.277_131.963_-2.94362
166.277_131.963_-2.55092
166.277_131.963_-2.15822
166.217_131.818_-1.76552
166.217_131.818_-1.76552
166.028_131.359_-2.15822
165.677_131.007_-2.55092
165.234_130.778_-2.77827
164.765_130.605_-2.79894
164.021_130.332_-2.73694
163.611_130.051_-2.34424
163.273_129.682_-2.28223
162.943_129.307_-2.3029
162.612_128.932_-2.28223
162.165_128.426_-2.73694
161.726_128.188_-2.55092
161.313_127.905_-2.53025
160.901_127.622_-2.55092
160.483_127.348_-2.57159
160.065_127.074_-2.55092
159.449_126.653_-2.40624
159.044_126.362_-2.6336
158.609_126.114_-2.61293
158.175_125.867_-2.6336
157.741_125.619_-2.61293
157.306_125.371_-2.6336
156.872_125.124_-2.61293
156.438_124.876_-2.6336
156.003_124.628_-2.61293
155.558_124.375_-3.27431
155.059_124.385_-3.04696
154.561_124.343_-3.06763
154.063_124.301_-3.04696
153.566_124.248_-3.02629
153.068_124.196_-3.04696
152.57_124.154_-3.06763
152.072_124.112_-3.04696
151.575_124.059_-3.02629
151.078_124.007_-3.04696
150.704_123.975_-3.31565
150.054_123.732_-2.92295
149.599_123.532_-2.53025
149.219_123.208_-2.34424
148.866_122.854_-2.36491
148.513_122.5_-2.34424
148.16_122.146_-2.36491
147.807_121.792_-2.34424
147.454_121.438_-2.36491
147.08_121.048_-2.65426
146.604_120.906_-3.04696
146.105_120.874_-3.10897
145.605_120.853_-3.0883
145.106_120.831_-3.10897
144.606_120.81_-3.0883
144.107_120.788_-3.10897
143.607_120.777_-3.12964
143.325_120.718_-2.73694
143.319_120.765_-1.78619
143.12_120.31_-2.17889
142.798_119.929_-2.36491
142.438_119.582_-2.38557
142.078_119.235_-2.36491
141.718_118.888_-2.38557
141.357_118.542_-2.36491
140.997_118.195_-2.38557
140.637_117.848_-2.36491
140.277_117.501_-2.38557
139.91_117.163_-2.40624
139.484_116.908_-2.79894
139.014_116.735_-2.77827
138.549_116.552_-2.75761
138.083_116.37_-2.77827
137.614_116.197_-2.79894
137.145_116.024_-2.77827
136.68_115.842_-2.75761
136.214_115.659_-2.77827
135.503_115.393_-2.40624
135.076_115.138_-2.79894
134.598_114.995_-2.90228
134.113_114.871_-2.88162
133.629_114.748_-2.90228
133.144_114.624_-2.88162
132.662_114.491_-2.86095
132.181_114.357_-2.88162
131.696_114.233_-2.90228
131.376_114.151_-3.77036
130.925_114.359_-3.37766
130.428_114.379_-2.98496
129.947_114.246_-2.75761
129.486_114.054_-2.73694
129.024_113.862_-2.75761
128.559_113.679_-2.77827
128.093_113.497_-2.75761
127.632_113.304_-2.73694
127.17_113.112_-2.75761
126.816_112.971_-2.53025
126.442_112.64_-2.3029
126.112_112.265_-2.28223
125.789_111.883_-2.26156
125.467_111.501_-2.28223
125.136_111.125_-2.3029
124.806_110.75_-2.28223
124.475_110.374_-2.3029
124.145_109.999_-2.28223
123.815_109.624_-2.3029
123.815_109.624_-2.3029
123.417_109.326_-2.6956
122.955_109.134_-2.79894
122.486_108.961_-2.77827
122.017_108.789_-2.79894
121.548_108.616_-2.77827
121.079_108.443_-2.79894
120.61_108.27_-2.77827
119.982_108.043_-2.34424
119.572_107.763_-2.73694
119.1_107.6_-2.88162
118.618_107.466_-2.86095
118.136_107.333_-2.88162
117.655_107.199_-2.86095
117.173_107.066_-2.88162
116.691_106.932_-2.86095
116.209_106.799_-2.88162
115.786_106.676_-2.94362
115.291_106.603_-3.04696
114.793_106.561_-3.06763
114.295_106.519_-3.04696
113.798_106.467_-3.02629
113.301_106.414_-3.04696
112.802_106.372_-3.06763
112.304_106.33_-3.04696
111.807_106.278_-3.02629
111.406_106.236_-2.19956
111.198_105.785_-1.80686
111.086_105.298_-1.78619
110.974_104.811_-1.80686
110.862_104.323_-1.78619
110.751_103.836_-1.80686
110.639_103.349_-1.78619
110.527_102.861_-1.80686
110.405_102.376_-1.82753
110.283_101.892_-1.80686
110.196_101.513_-2.03421
109.996_101.055_-1.93087
109.815_100.589_-1.95154
109.634_100.123_-1.93087
109.453_99.6565_-1.95154
109.272_99.1904_-1.93087
109.091_98.7243_-1.95154
108.91_98.2582_-1.93087
108.729_97.7921_-1.95154
108.466_97.0794_-1.53817
108.549_96.5878_-1.26948
108.702_96.1119_-1.24881
108.855_95.636_-1.26948
108.999_95.157_-1.29015
109.142_94.6781_-1.26948
109.142_94.6781_-1.26948
109.305_94.2055_-1.20748
109.488_93.74_-1.18681
109.68_93.2784_-1.16614
109.872_92.8168_-1.18681
110.054_92.351_-1.20748
110.265_91.8981_-1.0628
110.513_91.4638_-1.04213
110.77_91.0347_-1.02146
111.026_90.6056_-1.04213
111.274_90.1713_-1.0628
111.522_89.737_-1.04213
111.868_89.1453_-0.91812
112.184_88.7577_-0.856115
112.507_88.3767_-0.876783
112.831_87.9957_-0.856115
113.155_87.6147_-0.876783
113.479_87.2337_-0.856115
113.802_86.8527_-0.876783
114.28_86.2821_-0.773442
114.561_85.8724_-1.16614
114.762_85.4148_-1.14547
114.964_84.9573_-1.16614
115.165_84.4997_-1.14547
115.367_84.0422_-1.16614
115.569_83.5846_-1.14547
115.77_83.1271_-1.16614
115.972_82.6695_-1.14547
116.173_82.212_-1.16614
116.347_81.8338_-0.546089
116.713_81.4979_-0.938789
116.923_81.0475_-1.33149
116.985_80.5525_-1.55884
116.996_80.0526_-1.53817
117.008_79.5528_-1.55884
117.019_79.0529_-1.53817
117.03_78.553_-1.55884
117.041_78.0532_-1.53817
117.063_77.5536_-1.5175
117.073_77.2202_-1.24881
117.32_76.7886_-0.856115
117.673_76.4359_-0.711436
118.049_76.1056_-0.732105
118.417_75.7676_-0.752773
118.785_75.4295_-0.732105
119.154_75.0915_-0.752773
119.522_74.7534_-0.732105
119.898_74.4231_-0.711436
120.379_73.9958_-1.29015
120.492_73.5091_-1.39349
120.585_73.0178_-1.37282
120.679_72.5266_-1.39349
120.772_72.0354_-1.37282
120.865_71.5442_-1.39349
120.958_71.053_-1.37282
121.052_70.5618_-1.39349
121.145_70.0706_-1.37282
121.238_69.5793_-1.39349
121.321_69.1403_-1.20748
121.404_68.6504_-1.60018
121.374_68.1514_-1.66218
121.333_67.653_-1.64151
121.293_67.1547_-1.66218
121.242_66.6573_-1.68285
121.191_66.1599_-1.66218
121.151_65.6615_-1.64151
121.11_65.1632_-1.66218
121.082_64.9354_-2.6956
120.629_64.7244_-2.71627
120.176_64.5134_-2.6956
119.722_64.3024_-2.71627
119.269_64.0914_-2.6956
118.816_63.8804_-2.71627
118.362_63.6694_-2.6956
117.914_63.4491_-2.67493
117.465_63.2288_-2.6956
117.012_63.0178_-2.71627
116.558_62.8068_-2.6956
116.13_62.5505_-2.50958
115.723_62.2593_-2.53025
115.311_61.9766_-2.55092
114.899_61.6939_-2.53025
114.486_61.4111_-2.55092
114.074_61.1284_-2.53025
113.661_60.8457_-2.55092
113.249_60.5629_-2.53025
112.843_60.2717_-2.50958
112.533_60.0501_-2.28223
112.142_59.7443_-2.67493
111.689_59.5333_-2.73694
111.227_59.3412_-2.75761
110.765_59.1491_-2.73694
110.304_58.9571_-2.75761
109.842_58.765_-2.73694
109.38_58.5729_-2.75761
108.919_58.3808_-2.73694
108.599_58.2333_-3.60501
108.12_58.3645_-3.21231
107.627_58.3022_-2.81961
107.162_58.1198_-2.71627
106.704_57.9182_-2.73694
106.247_57.7166_-2.71627
106.247_57.7166_-2.71627
105.789_57.515_-2.73694
105.332_57.3134_-2.71627
104.874_57.1118_-2.73694
104.416_56.9103_-2.71627
103.959_56.7087_-2.73694
103.959_56.7087_-2.73694
103.474_56.5958_-3.0883
102.975_56.564_-3.06763
102.476_56.5322_-3.0883
101.978_56.5004_-3.06763
101.479_56.4686_-3.0883
100.98_56.4368_-3.06763
100.481_56.405_-3.0883
99.981_56.3835_-3.10897
99.3834_56.3531_-2.48892
98.9603_56.088_-2.67493
98.5115_55.8677_-2.6956
98.0626_55.6473_-2.67493
97.6138_55.427_-2.6956
97.165_55.2067_-2.67493
96.7161_54.9864_-2.6956
96.2673_54.7661_-2.67493
95.8185_54.5457_-2.6956
95.3652_54.3347_-2.71627
94.9113_54.1234_-2.6956
94.458_53.9124_-2.71627
94.0047_53.7014_-2.6956
93.5514_53.4904_-2.71627
93.0981_53.2794_-2.6956
92.6448_53.0684_-2.71627
92.1915_52.8574_-2.6956
91.7382_52.6464_-2.71627
91.285_52.4354_-2.6956
90.8317_52.2244_-2.71627
90.3792_52.0138_-2.6956
89.9303_51.7934_-2.67493
89.4815_51.5731_-2.6956
89.0327_51.3528_-2.67493
88.5838_51.1325_-2.6956
88.135_50.9121_-2.67493
88.135_50.9121_-2.67493
87.6818_50.7012_-2.73694
87.2202_50.5091_-2.75761
86.7585_50.317_-2.73694
86.2969_50.1249_-2.75761
85.8353_49.9328_-2.73694
85.3737_49.7407_-2.75761
84.9082_49.5582_-2.77827
84.4427_49.3757_-2.75761
83.9811_49.1836_-2.73694
83.5322_48.9968_-2.67493
83.1274_48.7068_-2.36491
82.7672_48.3601_-2.38557
82.4069_48.0133_-2.36491
82.0467_47.6666_-2.38557
81.6865_47.3198_-2.36491
81.3263_46.9731_-2.38557
80.9661_46.6263_-2.36491
80.6059_46.2796_-2.38557
80.2456_45.9328_-2.36491
80.0272_45.7181_-2.71627
79.5696_45.5165_-2.73694
79.1121_45.3149_-2.71627
78.6545_45.1133_-2.73694
78.197_44.9117_-2.71627
77.7394_44.7101_-2.73694
77.7394_44.7101_-2.73694
77.2818_44.5086_-2.71627
76.8243_44.307_-2.73694
76.3667_44.1054_-2.71627
75.9092_43.9038_-2.73694
75.4516_43.7022_-2.71627
75.4516_43.7022_-2.71627
75.0029_43.4819_-2.65426
74.5587_43.2524_-2.67493
74.1145_43.0228_-2.65426
73.6752_42.7841_-2.6336
73.2358_42.5454_-2.65426
72.7916_42.3159_-2.67493
72.3475_42.0863_-2.65426
71.9081_41.8477_-2.6336
71.4688_41.609_-2.65426
71.0457_41.3904_-2.75761
70.5802_41.2079_-2.77827
70.1147_41.0254_-2.75761
69.6492_40.8429_-2.77827
69.1837_40.6604_-2.75761
68.7182_40.4779_-2.77827
68.2527_40.2954_-2.75761
67.7872_40.1129_-2.77827
67.3217_39.9304_-2.75761
66.8562_39.7479_-2.77827
66.3907_39.5654_-2.75761
65.9252_39.3829_-2.77827
65.4598_39.2004_-2.75761
64.9943_39.0178_-2.77827
64.5288_38.8353_-2.75761
64.0633_38.6528_-2.77827
64.0633_38.6528_-2.77827
63.5978_38.4703_-2.75761
63.1362_38.2782_-2.73694
62.6745_38.0862_-2.75761
62.2091_37.9036_-2.77827
61.7436_37.7211_-2.75761
61.7436_37.7211_-2.75761
61.2819_37.5291_-2.73694
60.8203_37.337_-2.75761
60.3548_37.1545_-2.77827
59.8893_36.972_-2.75761
59.5735_36.8405_-2.73694
59.5735_36.8405_-2.73694
