configuration 46.843963623_148.978851318_-0.536406748472_0.843959596304_156.577575684_33.1800613403_0.186652677497_0.98242596565
length 206.228
time 269.246
roughness 0.000491052
46.844_148.979_-1.13235
47.0792_148.538_-1.02901
47.3415_148.112_-1.00834
47.6037_147.687_-1.02901
47.866_147.261_-1.00834
48.1282_146.835_-1.02901
48.3904_146.409_-1.00834
48.6527_145.984_-1.02901
48.9149_145.558_-1.00834
49.2133_145.098_-1.66973
49.2616_144.603_-1.27703
49.4113_144.126_-1.25636
49.561_143.649_-1.27703
49.7108_143.172_-1.25636
49.8605_142.695_-1.27703
49.8605_142.695_-1.27703
50.0102_142.218_-1.25636
50.1697_141.744_-1.23569
50.3293_141.27_-1.25636
50.4888_140.796_-1.23569
50.6581_140.326_-1.21502
50.8274_139.855_-1.23569
50.987_139.382_-1.25636
51.2199_138.721_-0.760317
51.5319_138.332_-1.02901
51.7853_137.901_-1.04967
52.0387_137.47_-1.02901
52.2921_137.039_-1.04967
52.5665_136.555_-0.636306
52.9008_136.188_-1.02901
53.1361_135.747_-1.13235
53.353_135.296_-1.11168
53.5699_134.846_-1.13235
53.7775_134.391_-1.15302
53.9851_133.936_-1.13235
54.202_133.486_-1.11168
54.4189_133.035_-1.13235
54.7506_132.32_-0.760317
55.0369_131.914_-1.15302
55.1662_131.433_-1.46304
55.2252_130.937_-1.44237
55.2841_130.44_-1.46304
55.343_129.944_-1.44237
55.4019_129.447_-1.46304
55.4608_128.951_-1.44237
55.5299_128.455_-1.4217
55.6052_127.905_-0.801653
55.8744_127.487_-1.19435
56.0339_127.014_-1.29769
56.1638_126.531_-1.31836
56.2937_126.048_-1.29769
56.4235_125.565_-1.31836
56.5434_125.08_-1.33903
56.6633_124.594_-1.31836
56.7932_124.112_-1.29769
56.9169_123.624_-0.636306
57.2669_123.269_-0.946332
57.5634_122.867_-0.925664
57.8599_122.464_-0.946332
58.1564_122.062_-0.925664
58.4529_121.659_-0.946332
58.7494_121.256_-0.925664
59.0459_120.854_-0.946332
59.3341_120.445_-0.967
59.6222_120.037_-0.946332
59.8527_119.725_-1.17368
60.0121_119.252_-1.31836
60.142_118.769_-1.29769
60.2818_118.289_-1.27703
60.4217_117.809_-1.29769
60.5615_117.329_-1.27703
60.7013_116.849_-1.29769
60.8312_116.366_-1.31836
60.9611_115.883_-1.29769
61.1235_115.314_-0.71898
61.4963_114.981_-0.739648
61.8691_114.648_-0.71898
62.2419_114.315_-0.739648
62.6147_113.981_-0.71898
62.9875_113.648_-0.739648
62.9875_113.648_-0.739648
63.2821_113.248_-1.13235
63.4012_112.766_-1.52505
63.4189_112.266_-1.54571
63.4366_111.767_-1.52505
63.4543_111.267_-1.54571
63.472_110.767_-1.52505
63.5001_110.268_-1.50438
63.5281_109.769_-1.52505
63.542_109.31_-0.698312
63.8528_108.923_-1.09101
64.0315_108.457_-1.31836
64.1613_107.974_-1.29769
64.2912_107.491_-1.31836
64.4211_107.008_-1.29769
64.551_106.526_-1.31836
64.6808_106.043_-1.29769
64.8346_105.74_-0.904995
64.7657_105.716_-0.0369237
65.249_105.601_-0.429623
65.6516_105.31_-0.822322
65.9212_104.892_-1.17368
66.1098_104.429_-1.19435
66.2984_103.966_-1.17368
66.487_103.503_-1.19435
66.6756_103.04_-1.17368
66.8642_102.577_-1.19435
67.0528_102.114_-1.17368
67.1761_101.825_-0.863659
67.4552_101.412_-1.09101
67.6905_100.971_-1.07034
67.9259_100.529_-1.09101
68.1612_100.088_-1.07034
68.3966_99.6472_-1.09101
68.632_99.2061_-1.07034
68.8673_98.7649_-1.09101
69.0935_98.319_-1.11168
69.3197_97.8731_-1.09101
69.5039_97.5308_-1.31836
69.6919_97.0691_-1.04967
69.9363_96.633_-1.07034
70.1717_96.1918_-1.09101
70.407_95.7507_-1.07034
70.6515_95.3145_-1.04967
70.858_94.9311_-1.3597
70.9678_94.4433_-1.33903
71.0876_93.9579_-1.31836
71.2075_93.4725_-1.33903
71.3274_92.9871_-1.31836
71.4573_92.5043_-1.29769
71.5871_92.0215_-1.31836
71.707_91.5361_-1.33903
71.7753_91.2616_-0.388286
72.263_91.1669_0.00441308
72.7498_91.2659_0.397112
73.1953_91.4919_0.541791
73.621_91.7542_0.562459
74.0412_92.0252_0.583128
74.4614_92.2961_0.562459
74.8871_92.5584_0.541791
75.3015_92.8253_0.521122
75.7558_93.0326_0.335107
76.2296_93.1921_0.314439
76.7067_93.3418_0.29377
77.1837_93.4916_0.314439
77.6582_93.6514_0.335107
78.1287_93.8207_0.355775
78.5955_93.9997_0.376444
79.0624_94.1786_0.355775
79.5292_94.3576_0.376444
79.9961_94.5366_0.355775
80.463_94.7156_0.376444
80.9298_94.8946_0.355775
81.3967_95.0736_0.376444
81.8635_95.2526_0.355775
82.3296_95.4313_0.376444
82.7797_95.648_0.521122
83.2158_95.8924_0.500454
83.657_96.1278_0.479786
84.0981_96.3632_0.500454
84.5343_96.6076_0.521122
84.9705_96.852_0.500454
85.4116_97.0874_0.479786
85.8527_97.3227_0.500454
86.2889_97.5672_0.521122
86.7132_97.8051_0.583128
87.1733_97.9925_0.190428
87.6694_98.0513_0.0457498
88.1686_98.0794_0.0664182
88.6671_98.1177_0.0870866
89.1656_98.156_0.0664182
89.6642_98.1944_0.0870866
90.1627_98.2327_0.0664182
90.6619_98.2607_0.0457498
91.4136_98.314_-0.326281
91.9062_98.2496_0.0664182
92.3859_98.3787_0.459117
92.7929_98.6657_0.769143
93.1486_99.0171_0.789811
93.5042_99.3686_0.769143
93.867_99.7126_0.748474
94.2298_100.057_0.769143
94.5855_100.408_0.789811
95.1446_100.956_0.376444
95.6333_101.045_-0.0162553
96.1331_101.032_-0.0369237
96.6326_101.008_-0.057592
97.132_100.984_-0.0369237
97.6314_100.961_-0.057592
98.1303_100.927_-0.0782604
98.6291_100.893_-0.057592
99.1286_100.869_-0.0369237
99.8021_100.829_0.459117
100.282_100.958_0.0664182
100.78_100.996_0.0870866
101.279_101.034_0.0664182
101.777_101.073_0.0870866
102.276_101.111_0.0664182
102.276_101.111_0.0664182
102.774_101.149_0.0870866
103.273_101.188_0.0664182
103.772_101.226_0.0870866
104.27_101.264_0.0664182
104.769_101.303_0.0870866
105.267_101.341_0.0664182
105.766_101.379_0.0870866
106.263_101.428_0.107755
106.529_101.448_-0.925664
106.825_101.045_-0.946332
107.113_100.636_-0.967
107.401_100.228_-0.946332
107.689_99.8191_-0.967
107.977_99.4105_-0.946332
108.266_99.0018_-0.967
108.554_98.5932_-0.946332
108.842_98.1846_-0.967
109.13_97.7759_-0.946332
109.388_97.4087_-0.801653
109.693_97.0131_-1.02901
109.955_96.5874_-1.00834
110.217_96.1617_-1.02901
110.479_95.7361_-1.00834
110.742_95.3104_-1.02901
111.004_94.8847_-1.00834
111.266_94.459_-1.02901
111.519_94.0279_-1.04967
111.773_93.5969_-1.02901
112.028_93.1826_-0.925664
112.325_92.78_-0.946332
112.621_92.3774_-0.925664
112.918_91.9749_-0.946332
113.214_91.5723_-0.925664
113.511_91.1697_-0.946332
113.511_91.1697_-0.946332
113.736_90.7256_-1.25636
113.895_90.2517_-1.23569
114.055_89.7779_-1.25636
114.205_89.3008_-1.27703
114.354_88.8238_-1.25636
114.514_88.3499_-1.23569
114.673_87.876_-1.25636
114.823_87.399_-1.27703
114.973_86.9219_-1.25636
115.07_86.6305_-0.904995
115.391_86.2472_-0.84299
115.727_85.8773_-0.822322
116.071_85.5145_-0.801653
116.415_85.1517_-0.822322
116.752_84.7816_-0.84299
117.031_84.3683_-1.11168
117.248_83.9179_-1.13235
117.465_83.4674_-1.11168
117.682_83.0169_-1.13235
117.899_82.5664_-1.11168
118.115_82.1159_-1.13235
118.332_81.6655_-1.11168
118.549_81.215_-1.13235
118.766_80.7645_-1.11168
118.936_80.4145_-1.38037
119.065_79.9321_-1.23569
119.235_79.4616_-1.21502
119.404_78.9911_-1.23569
119.573_78.5207_-1.21502
119.752_78.0538_-1.19435
119.931_77.587_-1.21502
120.164_77.2085_-0.822322
120.081_77.167_0.107755
120.576_77.123_-0.284944
121.016_76.8931_-0.677643
121.374_76.5453_-0.863659
121.687_76.1553_-0.925664
121.993_75.7582_-0.904995
122.272_75.3441_-1.04967
122.516_74.9079_-1.07034
122.761_74.4717_-1.04967
123.005_74.0355_-1.07034
123.25_73.5994_-1.04967
123.494_73.1632_-1.07034
123.739_72.727_-1.04967
123.983_72.2909_-1.07034
124.218_71.8497_-1.09101
124.43_71.4715_-0.863659
124.673_71.0381_-1.25636
124.731_70.5448_-1.64906
124.677_70.0479_-1.71106
124.602_69.5535_-1.73173
124.527_69.0592_-1.71106
124.452_68.5649_-1.73173
124.328_67.7804_-1.17368
124.427_67.2935_-1.56638
124.414_66.7938_-1.62839
124.39_66.2944_-1.60772
124.366_65.7949_-1.62839
124.333_65.2961_-1.64906
124.299_64.7973_-1.62839
124.275_64.2978_-1.60772
124.251_63.7984_-1.62839
124.225_63.4417_-1.07034
124.433_62.9872_-1.21502
124.602_62.5168_-1.23569
124.771_62.0463_-1.21502
124.941_61.5759_-1.23569
125.11_61.1054_-1.21502
125.289_60.6386_-1.19435
125.468_60.1717_-1.21502
125.637_59.7013_-1.23569
125.807_59.2308_-1.21502
125.985_58.7653_-1.19435
126.22_58.3251_-0.967
126.5_57.9106_-0.987669
126.779_57.4961_-0.967
127.059_57.0816_-0.987669
127.338_56.6671_-0.967
127.618_56.2526_-0.987669
127.898_55.8381_-0.967
128.186_55.4295_-0.946332
128.474_55.0208_-0.967
128.659_54.7408_-0.656975
129.045_54.4234_-0.71898
129.424_54.098_-0.698312
129.804_53.7726_-0.71898
130.184_53.4472_-0.698312
130.563_53.1218_-0.71898
130.563_53.1218_-0.71898
130.883_52.7399_-1.02901
131.145_52.3142_-1.00834
131.407_51.8885_-1.02901
131.67_51.4628_-1.00834
131.932_51.0371_-1.02901
132.194_50.6114_-1.00834
132.456_50.1857_-1.02901
132.71_49.7547_-1.04967
133.078_49.1397_-1.46304
133.197_48.6557_-1.19435
133.386_48.1927_-1.17368
133.574_47.7296_-1.19435
133.763_47.2666_-1.17368
133.952_46.8035_-1.19435
134.131_46.3367_-1.21502
134.147_46.2334_-1.60772
134.163_46.247_-2.51713
133.825_45.8835_-2.12443
133.651_45.418_-1.73173
133.627_44.9197_-1.50438
133.666_44.4212_-1.48371
133.714_43.9235_-1.46304
133.763_43.4259_-1.48371
133.801_42.9274_-1.50438
133.84_42.5274_-1.17368
133.979_42.0484_-1.40104
134.059_41.5548_-1.4217
134.138_41.0611_-1.40104
134.217_40.5675_-1.4217
134.287_40.0723_-1.44237
134.356_39.5771_-1.4217
134.372_39.5041_-2.49646
134.041_39.1337_-2.10376
133.877_38.6648_-1.71106
133.905_38.1688_-1.31836
134.156_37.4519_-1.48371
134.266_36.9656_-1.21502
134.435_36.4951_-1.23569
134.604_36.0247_-1.21502
134.783_35.5578_-1.19435
135.021_34.9145_-1.15302
135.15_34.4336_-1.46304
135.199_33.936_-1.48371
135.247_33.4384_-1.46304
135.296_32.9408_-1.48371
135.363_32.36_-1.46304
135.512_31.886_-1.07034
135.747_31.4448_-1.09101
135.983_31.0037_-1.07034
136.218_30.5626_-1.09101
136.453_30.1214_-1.07034
136.453_30.1214_-1.07034
136.772_29.7404_-0.677643
137.159_29.423_-0.698312
137.538_29.0976_-0.71898
137.918_28.7722_-0.698312
138.297_28.4468_-0.71898
138.677_28.1214_-0.698312
139.057_27.796_-0.71898
139.364_27.5349_-0.553633
139.829_27.3612_-0.160934
140.327_27.3582_0.149092
140.821_27.4376_0.16976
141.315_27.517_0.149092
141.808_27.5964_0.16976
142.3_27.6859_0.190428
142.45_27.7103_1.26518
142.689_28.1458_0.872485
143.076_28.4567_0.479786
143.553_28.5956_0.0870866
144.049_28.5516_-0.264276
144.522_28.3861_-0.326281
145.015_28.3217_0.0664182
145.498_28.441_0.417781
145.957_28.6391_0.397112
146.416_28.8372_0.417781
146.875_29.0353_0.397112
146.875_29.0353_0.397112
147.334_29.2335_0.417781
147.793_29.4316_0.397112
148.252_29.6297_0.417781
148.711_29.8279_0.397112
149.17_30.026_0.417781
149.17_30.026_0.417781
149.655_30.1351_0.0250815
150.145_30.0504_-0.367618
150.601_29.847_-0.470959
151.049_29.6247_-0.450291
151.497_29.4025_-0.470959
151.497_29.4025_-0.470959
151.497_29.4025_-0.0782604
151.523_29.4055_0.314439
151.956_29.6484_0.707138
152.264_30.0386_1.09984
152.398_30.5168_1.49254
152.398_30.5168_1.49254
152.533_30.995_1.09984
152.841_31.3852_0.707138
153.259_31.6554_0.438449
153.714_31.863_0.417781
154.169_32.0705_0.438449
154.169_32.0705_0.438449
154.624_32.2781_0.417781
155.079_32.4857_0.438449
155.534_32.6933_0.417781
155.989_32.9008_0.438449
156.439_33.1178_0.459117
156.439_33.1178_0.459117
