configuration -14.0353517532_151.94859314_0.0_1.0_147.259887695_176.039077759_0.145212769539_0.989400450557
length 206.174
time 11.9216
roughness 0.00048951
-14.0354_151.949_-0
-13.5371_151.985_0.144679
-13.0416_152.052_0.12401
-12.5448_152.108_0.103342
-12.0481_152.165_0.12401
-11.5513_152.222_0.103342
-11.0527_152.258_0.0413367
-10.5534_152.284_0.0620051
-10.0541_152.31_0.0413367
-9.55473_152.335_0.0620051
-9.05541_152.361_0.0413367
-8.56457_152.285_-0.351362
-8.10918_152.079_-0.496041
-7.66702_151.846_-0.475373
-7.22485_151.612_-0.496041
-6.78269_151.379_-0.475373
-6.35073_151.128_-0.578714
-5.92935_150.858_-0.558046
-5.50797_150.589_-0.578714
-5.08659_150.32_-0.558046
-4.66521_150.051_-0.578714
-4.2043_149.866_-0.186015
-3.70753_149.871_0.206684
-3.21715_149.968_0.186015
-2.72485_150.056_0.165347
-2.23256_150.143_0.186015
-1.73579_150.138_-0.206684
-1.27001_149.962_-0.516709
-0.832764_149.719_-0.496041
-0.390599_149.486_-0.475373
0.0515656_149.252_-0.496041
0.523689_149.096_-0.144679
1.01591_149.008_-0.206684
1.5063_148.911_-0.186015
1.99668_148.813_-0.206684
2.48707_148.716_-0.186015
2.98383_148.721_0.206684
3.47422_148.818_0.186015
3.9646_148.916_0.206684
4.45498_149.014_0.186015
4.94537_149.111_0.206684
5.44214_149.116_-0.186015
5.90305_148.931_-0.578714
6.25795_148.583_-0.971414
6.54426_148.173_-0.950745
6.83899_147.769_-0.930077
7.16578_147.392_-0.785398
7.51565_147.034_-0.806067
7.85807_146.67_-0.826735
8.20049_146.306_-0.806067
8.5429_145.941_-0.826735
8.94421_145.649_-0.434036
9.42049_145.501_-0.165347
9.91279_145.414_-0.186015
10.4051_145.327_-0.165347
10.8974_145.239_-0.186015
11.3941_145.244_0.206684
11.8511_145.439_0.599383
12.1988_145.794_0.992082
12.4319_146.236_1.1781
12.628_146.696_1.15743
12.8521_147.142_1.05409
13.1036_147.574_1.03342
13.3551_148.007_1.05409
13.6065_148.439_1.03342
13.858_148.871_1.05409
14.183_149.247_0.661388
14.627_149.469_0.268689
15.1151_149.577_0.165347
15.6074_149.664_0.186015
16.0997_149.752_0.165347
16.5643_149.928_0.558046
16.9263_150.268_0.950745
17.1402_150.717_1.30211
17.2779_151.198_1.28144
17.4255_151.675_1.26077
17.6664_152.11_0.868072
18.0553_152.419_0.475373
18.5067_152.634_0.413367
18.9625_152.839_0.434036
19.4182_153.045_0.413367
19.597_153.084_0.0206684
20.0861_152.998_-0.372031
20.5048_152.73_-0.76473
20.7893_152.323_-1.15743
20.8963_151.838_-1.55013
20.992_151.404_-1.15743
21.2764_150.996_-0.76473
21.6951_150.729_-0.372031
22.1843_150.642_0.0206684
22.6694_150.749_0.413367
23.1509_150.876_0.103342
23.6477_150.933_0.12401
24.1444_150.99_0.103342
24.6412_151.046_0.12401
25.1379_151.103_0.103342
25.6126_151.25_0.496041
26.0216_151.536_0.723393
26.393_151.87_0.744061
26.7643_152.205_0.723393
27.1356_152.54_0.744061
27.5597_152.799_0.351362
28.0506_152.875_-0.0413367
28.5469_152.819_-0.186015
29.0392_152.731_-0.165347
29.5315_152.644_-0.186015
30.0283_152.649_0.206684
30.5187_152.747_0.186015
31.011_152.834_0.165347
31.5033_152.921_0.186015
31.9955_153.009_0.165347
32.4878_153.096_0.186015
32.9782_153.194_0.206684
33.4686_153.291_0.186015
33.959_153.389_0.206684
34.4494_153.486_0.186015
34.9103_153.672_0.578714
35.2652_154.019_0.971414
35.46_154.476_1.36411
35.4652_154.973_1.75681
35.3778_155.465_1.73614
35.3932_155.962_1.34344
35.5974_156.415_0.950745
35.9594_156.755_0.558046
36.4241_156.931_0.165347
36.9224_156.957_-0.0620051
37.4195_156.993_0.206684
37.9099_157.09_0.186015
38.4022_157.178_0.165347
38.8945_157.265_0.186015
39.3868_157.352_0.165347
39.8851_157.368_-0.103342
40.3829_157.321_-0.0826735
40.8816_157.285_-0.0620051
41.3803_157.249_-0.0826735
41.879_157.213_-0.0620051
42.3713_157.279_0.330694
42.8006_157.529_0.723393
43.1017_157.925_1.11609
43.2286_158.405_1.50879
43.1656_158.871_1.90149
43.0991_159.364_1.50879
43.226_159.844_1.11609
43.5271_160.239_0.723393
43.9119_160.558_0.661388
44.3032_160.869_0.682056
44.7336_161.12_0.372031
45.1975_161.306_0.392699
45.6575_161.502_0.413367
46.1174_161.699_0.392699
46.5773_161.895_0.413367
47.0287_162.11_0.475373
47.4709_162.343_0.496041
47.913_162.576_0.475373
48.3552_162.81_0.496041
48.7973_163.043_0.475373
49.2569_163.239_0.330694
49.7281_163.406_0.351362
50.1993_163.574_0.330694
50.6705_163.741_0.351362
51.1417_163.908_0.330694
51.5968_164.113_0.516709
52.034_164.356_0.496041
52.4713_164.598_0.516709
52.9034_164.85_0.537378
53.3356_165.101_0.516709
53.8044_165.268_0.165347
54.2967_165.355_0.186015
54.787_165.453_0.206684
55.2774_165.55_0.186015
55.7678_165.648_0.206684
56.2248_165.843_0.599383
56.6347_166.129_0.620051
57.0446_166.415_0.599383
57.4545_166.701_0.620051
57.8644_166.988_0.599383
58.3214_167.183_0.206684
58.8152_167.26_0.103342
59.313_167.306_0.0826735
59.8108_167.353_0.103342
60.3087_167.399_0.0826735
60.7862_167.536_0.475373
61.1751_167.845_0.868072
61.478_168.243_0.971414
61.7558_168.658_0.992082
62.0335_169.074_0.971414
62.3884_169.422_0.578714
62.8493_169.607_0.186015
63.3465_169.653_-1.94289e-16
63.8464_169.659_0.0206684
64.3464_169.664_-1.94289e-16
64.3464_169.664_0.392699
64.6725_169.882_0.785398
64.9485_170.295_1.1781
65.0454_170.782_1.5708
64.9485_171.269_1.9635
64.8516_171.757_1.5708
64.9485_172.244_1.1781
65.2245_172.657_0.785398
65.6268_172.95_0.475373
66.069_173.184_0.496041
66.5411_173.34_0.144679
67.0351_173.418_0.165347
67.5274_173.505_0.186015
68.0197_173.592_0.165347
68.512_173.68_0.186015
69.0091_173.726_-1.38778e-16
69.5091_173.731_0.0206684
70.0088_173.747_0.0413367
70.5086_173.762_0.0206684
71.0083_173.778_0.0413367
71.5081_173.793_0.0206684
72.0078_173.809_0.0413367
72.5076_173.824_0.0206684
73.0073_173.84_0.0413367
73.5071_173.855_0.0206684
74.0023_173.799_-0.24802
74.4883_173.681_-0.227352
74.9742_173.563_-0.24802
75.4601_173.446_-0.227352
75.9461_173.328_-0.24802
76.4422_173.302_0.144679
76.9104_173.468_0.537378
77.2794_173.801_0.930077
77.2794_173.801_0.537378
77.2794_173.801_0.144679
77.3577_173.797_-0.24802
77.6646_173.651_-0.64072
77.8922_173.398_-1.03342
77.9971_173.103_-1.42612
77.9836_172.842_-1.81882
77.958_172.345_-1.42612
78.105_171.87_-1.11609
78.3199_171.418_-1.13676
78.5255_170.962_-1.15743
78.7311_170.507_-1.13676
78.9176_170.043_-1.2401
79.0848_169.572_-1.21943
79.252_169.101_-1.2401
79.4192_168.629_-1.21943
79.5865_168.158_-1.2401
79.7729_167.695_-1.13676
79.9785_167.239_-1.15743
80.1841_166.783_-1.13676
80.3896_166.327_-1.15743
80.5952_165.871_-1.13676
80.888_165.47_-0.744061
81.3121_165.211_-0.351362
81.7866_165.054_-0.289357
82.2673_164.916_-0.268689
82.7479_164.779_-0.289357
83.1873_164.547_-0.682056
83.5044_164.164_-1.07476
83.7286_163.717_-1.13676
83.9342_163.262_-1.15743
84.1397_162.806_-1.13676
84.2567_162.323_-1.52946
84.2104_161.827_-1.79815
84.1028_161.338_-1.77748
83.9951_160.85_-1.79815
83.8874_160.362_-1.77748
83.8823_159.865_-1.38478
84.0677_159.404_-0.992082
84.3623_159.001_-0.88874
84.6734_158.609_-0.909408
84.9846_158.218_-0.88874
85.2165_157.778_-1.28144
85.3037_157.287_-1.50879
85.3399_156.789_-1.48812
85.2865_156.321_-1.88082
85.2865_156.321_-2.27352
85.0455_155.886_-1.88082
84.9892_155.393_-1.48812
85.0865_154.904_-1.26077
85.244_154.429_-1.2401
85.4014_153.954_-1.26077
85.6424_153.52_-0.868072
86.0312_153.211_-0.475373
86.5088_153.074_-0.0826735
87.0083_153.058_0.0206684
87.5081_153.074_0.0413367
87.9989_152.997_-0.351362
88.423_152.739_-0.744061
88.7159_152.337_-1.13676
88.873_151.864_-1.36411
88.9807_151.375_-1.34344
89.1634_150.97_-0.950745
89.5254_150.63_-0.558046
89.9901_150.454_-0.165347
90.4866_150.47_0.227352
90.9529_150.646_0.496041
91.4275_150.793_0.103342
91.9266_150.819_-1.52656e-16
92.4266_150.813_-0.0206684
92.9265_150.808_-1.52656e-16
93.4265_150.803_-0.0206684
93.9157_150.89_0.372031
94.3755_151.086_0.434036
94.8313_151.291_0.413367
95.2871_151.497_0.434036
95.7429_151.703_0.413367
96.1684_151.962_0.682056
96.5598_152.273_0.661388
96.9575_152.576_0.64072
97.3552_152.879_0.661388
97.753_153.182_0.64072
98.1568_153.477_0.620051
98.5667_153.763_0.599383
98.9766_154.05_0.620051
99.3865_154.336_0.599383
99.7964_154.622_0.620051
100.218_154.891_0.516709
100.655_155.134_0.496041
101.092_155.376_0.516709
101.529_155.619_0.496041
101.967_155.861_0.516709
102.438_156.018_0.12401
102.935_155.992_-0.227352
103.423_155.884_-0.206684
103.911_155.777_-0.227352
104.4_155.669_-0.206684
104.896_155.664_0.186015
105.357_155.849_0.578714
105.712_156.197_0.971414
105.981_156.618_1.03342
106.233_157.05_1.05409
106.399_157.519_1.40545
106.476_158.013_1.42612
106.554_158.507_1.40545
106.631_159.001_1.42612
106.708_159.495_1.40545
106.884_159.96_1.01275
107.224_160.322_0.620051
107.677_160.526_0.227352
108.174_160.552_-0.12401
108.67_160.495_-0.103342
109.169_160.5_0.12401
109.666_160.557_0.103342
110.164_160.603_0.0826735
110.662_160.65_0.103342
111.16_160.696_0.0826735
111.637_160.833_0.475373
112.064_161.093_0.620051
112.468_161.388_0.64072
112.871_161.683_0.620051
113.275_161.977_0.64072
113.624_162.333_0.950745
113.919_162.737_0.930077
114.213_163.141_0.950745
114.508_163.545_0.930077
114.803_163.949_0.950745
115.165_164.289_0.558046
115.623_164.484_0.24802
116.111_164.592_0.186015
116.426_164.719_0.578714
116.426_164.719_0.971414
116.781_165.066_0.578714
117.242_165.252_0.186015
117.739_165.247_-0.206684
118.225_165.129_-0.268689
118.708_165.001_-0.24802
119.204_164.976_0.144679
119.673_165.142_0.537378
120.094_165.411_0.599383
120.504_165.697_0.620051
120.914_165.983_0.599383
121.363_166.198_0.289357
121.841_166.345_0.310026
122.316_166.503_0.330694
122.79_166.66_0.310026
123.265_166.817_0.330694
123.736_166.985_0.351362
124.203_167.162_0.372031
124.671_167.339_0.351362
125.139_167.515_0.372031
125.606_167.692_0.351362
126.074_167.869_0.372031
126.542_168.046_0.351362
127.009_168.223_0.372031
127.477_168.4_0.351362
127.945_168.577_0.372031
128.412_168.754_0.351362
128.88_168.931_0.372031
129.348_169.108_0.351362
129.815_169.285_0.372031
130.283_169.462_0.351362
130.75_169.639_0.372031
131.218_169.816_0.351362
131.686_169.992_0.372031
132.153_170.169_0.351362
132.621_170.346_0.372031
133.072_170.561_0.516709
133.504_170.813_0.537378
133.936_171.064_0.516709
134.368_171.316_0.537378
134.801_171.567_0.516709
135.256_171.772_0.330694
135.727_171.94_0.351362
136.198_172.107_0.330694
136.669_172.274_0.351362
137.141_172.441_0.330694
137.612_172.608_0.351362
138.083_172.776_0.330694
138.554_172.943_0.351362
139.025_173.11_0.330694
139.497_173.277_0.351362
139.987_173.354_-0.0413367
140.487_173.339_-0.0206684
140.987_173.323_-0.0413367
141.487_173.308_-0.0206684
141.986_173.292_-0.0413367
142.477_173.369_0.351362
142.928_173.583_0.537378
143.36_173.835_0.516709
143.797_174.077_0.496041
144.235_174.32_0.516709
144.667_174.571_0.537378
145.099_174.823_0.516709
145.536_175.065_0.496041
145.973_175.308_0.516709
146.406_175.559_0.537378
146.838_175.811_0.516709
147.257_176.032_0.454704
