configuration 176.556686401_134.7056427_-0.977472527886_0.211062685542_59.5791053772_36.8438796997_0.982426073578_-0.18665210943
length 190.757
time 89.521
roughness 0.000478518
176.557_134.706_-2.71627
176.088_134.533_-2.86095
175.609_134.39_-2.84028
175.13_134.246_-2.86095
174.651_134.103_-2.84028
174.175_133.949_-2.81961
173.699_133.796_-2.84028
173.22_133.653_-2.86095
172.741_133.509_-2.84028
172.027_133.285_-2.42691
171.706_132.904_-2.11689
171.451_132.474_-2.09622
171.196_132.044_-2.11689
170.932_131.62_-2.13755
170.668_131.195_-2.11689
170.412_130.765_-2.09622
170.157_130.335_-2.11689
169.893_129.911_-2.13755
169.639_129.482_-2.79894
169.149_129.39_-3.10897
168.65_129.368_-3.0883
168.15_129.347_-3.10897
167.651_129.325_-3.0883
167.151_129.304_-3.10897
167.151_129.304_-3.10897
166.658_129.231_-2.88162
166.176_129.097_-2.86095
165.694_128.964_-2.88162
165.212_128.83_-2.86095
164.73_128.697_-2.88162
164.248_128.563_-2.86095
163.767_128.43_-2.88162
163.285_128.296_-2.86095
162.787_128.142_-3.52234
162.299_128.233_-3.12964
161.801_128.191_-2.98496
161.307_128.118_-3.00563
160.812_128.046_-2.98496
160.317_127.973_-3.00563
159.823_127.9_-2.98496
159.328_127.827_-3.00563
158.833_127.754_-2.98496
158.34_127.671_-2.96429
158.045_127.619_-2.65426
157.61_127.372_-2.59226
157.187_127.106_-2.57159
156.763_126.841_-2.59226
156.339_126.575_-2.57159
155.921_126.301_-2.55092
155.503_126.027_-2.57159
155.079_125.762_-2.59226
154.655_125.496_-2.57159
154.237_125.222_-2.55092
153.82_124.961_-2.61293
153.396_124.695_-2.55092
152.978_124.421_-2.57159
152.56_124.147_-2.55092
152.142_123.873_-2.57159
151.724_123.599_-2.55092
151.311_123.316_-2.53025
150.899_123.033_-2.55092
150.561_122.892_-2.94362
150.561_122.892_-3.33632
150.58_122.822_-4.14239
150.236_123.18_-3.74969
149.781_123.379_-3.35699
149.284_123.388_-2.96429
148.821_123.207_-2.57159
148.409_122.924_-2.50958
148.009_122.625_-2.48892
147.608_122.325_-2.50958
147.208_122.026_-2.48892
146.808_121.726_-2.50958
146.216_121.296_-2.11689
145.88_120.929_-2.50958
145.462_120.655_-2.61293
145.033_120.399_-2.59226
144.604_120.142_-2.61293
144.175_119.886_-2.59226
143.746_119.629_-2.61293
143.316_119.372_-2.59226
142.887_119.116_-2.61293
142.519_118.9_-3.31565
142.023_118.889_-2.92295
141.541_118.756_-2.81961
141.068_118.593_-2.79894
140.596_118.43_-2.81961
140.123_118.267_-2.79894
140.123_118.267_-2.79894
139.639_118.143_-2.98496
139.146_118.06_-2.96429
138.653_117.977_-2.98496
138.16_117.894_-2.96429
137.667_117.811_-2.98496
137.172_117.738_-3.00563
136.678_117.665_-2.98496
136.185_117.582_-2.96429
135.657_117.495_-2.34424
135.304_117.141_-2.36491
134.951_116.787_-2.34424
134.598_116.433_-2.36491
134.245_116.078_-2.34424
133.892_115.724_-2.36491
133.54_115.37_-2.34424
133.194_115.009_-2.32357
132.812_114.613_-1.99288
132.524_114.208_-2.38557
132.103_113.945_-2.77827
131.63_113.781_-2.84028
131.151_113.638_-2.86095
130.669_113.505_-2.88162
130.187_113.371_-2.86095
129.708_113.228_-2.84028
129.229_113.084_-2.86095
128.748_112.951_-2.88162
128.494_112.873_-2.01354
128.197_112.474_-2.40624
127.786_112.192_-2.67493
127.338_111.972_-2.6956
126.889_111.751_-2.67493
126.44_111.531_-2.6956
125.991_111.311_-2.67493
125.542_111.091_-2.6956
125.093_110.87_-2.67493
124.431_110.542_-3.0883
123.934_110.49_-2.98496
123.439_110.417_-3.00563
122.944_110.344_-2.98496
122.45_110.271_-3.00563
121.955_110.198_-2.98496
121.46_110.125_-3.00563
120.966_110.052_-2.98496
120.471_109.98_-3.00563
120.145_109.925_-3.91503
119.729_110.196_-3.52234
119.24_110.287_-3.12964
118.742_110.255_-3.02629
118.245_110.193_-3.00563
117.749_110.13_-3.02629
117.253_110.067_-3.00563
116.759_109.994_-2.98496
116.193_109.917_-2.48892
115.756_109.679_-2.79894
115.283_109.516_-2.81961
114.807_109.363_-2.84028
114.331_109.209_-2.81961
113.858_109.046_-2.79894
113.443_108.905_-2.40624
113.055_108.59_-2.50958
112.655_108.29_-2.48892
112.254_107.991_-2.50958
111.854_107.691_-2.48892
111.454_107.392_-2.50958
111.047_107.1_-2.53025
110.433_106.654_-2.48892
110.052_106.33_-2.38557
109.692_105.983_-2.36491
109.331_105.637_-2.38557
108.943_105.271_-2.92295
108.468_105.118_-2.73694
108.007_104.926_-2.75761
107.545_104.734_-2.73694
107.087_104.532_-2.71627
106.63_104.33_-2.73694
106.168_104.138_-2.75761
105.707_103.946_-2.73694
105.263_103.747_-3.17097
104.763_103.756_-3.1503
104.263_103.766_-3.17097
103.763_103.785_-3.19164
103.264_103.805_-3.17097
102.764_103.815_-3.1503
102.264_103.824_-3.17097
101.764_103.844_-3.19164
101.112_103.859_-2.65426
100.689_103.594_-2.50958
100.288_103.294_-2.48892
99.888_102.995_-2.50958
99.4877_102.695_-2.48892
99.0873_102.396_-2.50958
98.687_102.096_-2.48892
98.2866_101.797_-2.50958
97.8863_101.497_-2.48892
97.486_101.198_-2.50958
97.1723_100.964_-2.2409
96.7937_100.643_-2.6336
96.3209_100.49_-3.02629
95.8248_100.428_-3.00563
95.3288_100.365_-3.02629
94.8327_100.302_-3.00563
94.3367_100.24_-3.02629
93.8406_100.177_-3.00563
93.3446_100.114_-3.02629
92.7765_100.045_-2.40624
92.389_99.7298_-2.50958
91.9826_99.4386_-2.53025
91.5761_99.1474_-2.50958
91.1697_98.8562_-2.53025
90.7632_98.565_-2.50958
90.3568_98.2738_-2.53025
89.9504_97.9827_-2.50958
89.5439_97.6915_-2.53025
89.4003_97.6282_-2.92295
89.4094_97.5927_-3.72902
88.9501_97.782_-3.33632
88.4525_97.8018_-3.02629
87.9564_97.7392_-3.00563
87.4618_97.6663_-2.98496
86.966_97.5933_-3.00563
86.4964_97.4313_-2.61293
86.0727_97.1659_-2.55092
85.6603_96.8831_-2.53025
85.248_96.6004_-2.55092
84.8298_96.3262_-2.57159
84.4117_96.0521_-2.55092
83.9993_95.7694_-2.53025
83.5869_95.4866_-2.55092
83.3455_95.3862_-2.94362
83.3707_95.3536_-3.74969
82.9154_95.5524_-3.35699
82.4187_95.5619_-2.96429
81.9562_95.3805_-2.57159
81.5908_95.043_-2.22023
81.2843_94.648_-2.2409
80.9778_94.2529_-2.22023
80.6714_93.8579_-2.2409
80.3568_93.4692_-2.26156
79.8723_92.8531_-1.93087
79.6099_92.4312_-2.32357
79.2429_92.0923_-2.46825
78.8553_91.7764_-2.44758
78.4677_91.4606_-2.46825
78.08_91.1448_-2.44758
77.6924_90.829_-2.46825
77.2984_90.5213_-2.48892
76.9043_90.2135_-2.46825
76.5167_89.8977_-2.44758
76.2313_89.6706_-1.9102
75.9777_89.2435_-2.3029
75.6397_88.8751_-2.32357
75.2941_88.5137_-2.34424
74.9411_88.1596_-2.36491
74.4124_87.6275_-2.13755
74.2326_87.1644_-1.74486
74.1716_86.6684_-1.64151
74.1414_86.1693_-1.62084
74.1112_85.6702_-1.64151
74.0708_85.1719_-1.66218
74.0303_84.6735_-1.64151
74.0001_84.1744_-1.62084
73.9699_83.6754_-1.64151
73.913_82.9922_-1.18681
74.0955_82.5267_-1.20748
74.278_82.0612_-1.18681
74.4606_81.5957_-1.20748
74.6431_81.1302_-1.18681
74.8256_80.6647_-1.20748
75.0081_80.1992_-1.18681
75.1906_79.7337_-1.20748
75.3731_79.2682_-1.18681
75.5652_78.8066_-1.16614
75.6927_78.4972_-0.856115
75.9661_78.0804_-1.1248
76.1864_77.6315_-1.10414
76.4159_77.1873_-1.08347
76.6455_76.7432_-1.10414
76.875_76.299_-1.08347
77.1046_75.8548_-1.10414
77.3249_75.406_-1.1248
77.5452_74.9571_-1.10414
77.7748_74.513_-1.08347
77.9573_74.1592_-0.856115
78.2034_73.7277_-1.24881
78.3468_73.2488_-1.31082
78.4704_72.7643_-1.33149
78.5939_72.2798_-1.31082
78.7174_71.7953_-1.33149
78.841_71.3108_-1.31082
78.9645_70.8263_-1.33149
79.088_70.3418_-1.31082
79.2115_69.8573_-1.33149
79.2931_69.5316_-0.980125
79.5406_69.0977_-1.1248
79.7609_68.6488_-1.10414
79.9813_68.2_-1.1248
80.2016_67.7512_-1.10414
80.4219_67.3024_-1.1248
80.4219_67.3024_-1.1248
80.6422_66.8535_-1.10414
80.8718_66.4093_-1.08347
81.1013_65.9652_-1.10414
81.3309_65.521_-1.08347
81.5604_65.0768_-1.10414
81.5604_65.0768_-1.10414
81.834_64.6596_-0.876783
82.1578_64.2785_-0.856115
82.3391_63.9606_-1.24881
82.3391_63.9606_-1.64151
82.3391_63.9606_-2.03421
82.3391_63.9606_-2.03421
82.208_63.4814_-1.64151
82.2703_62.9885_-1.24881
82.4622_62.5273_-1.10414
82.6825_62.0785_-1.1248
82.9028_61.6296_-1.10414
83.2444_60.933_-1.47617
83.3869_60.4571_-1.08347
83.6435_60.0282_-0.980125
83.9262_59.6158_-0.959457
84.2089_59.2034_-0.980125
84.4831_58.7853_-1.00079
84.7572_58.3672_-0.980125
85.1169_57.8438_-1.29015
85.3086_57.3832_-1.0628
85.5473_56.9438_-1.08347
85.786_56.5045_-1.0628
86.0246_56.0652_-1.08347
86.2633_55.6258_-1.0628
86.2633_55.6258_-1.0628
86.4157_55.153_-1.4555
86.3959_54.6553_-1.76552
86.3042_54.1638_-1.74486
86.2125_53.6723_-1.76552
86.1209_53.1808_-1.74486
86.1209_53.1808_-1.74486
86.1217_52.6834_-1.39349
86.2149_52.1922_-1.37282
86.3183_51.703_-1.35216
86.4217_51.2138_-1.37282
86.5151_50.7213_-1.39349
86.5057_50.2246_-1.78619
86.3069_49.7693_-2.17889
86.0005_49.3744_-2.28223
85.678_48.9924_-2.26156
85.3555_48.6103_-2.28223
85.3555_48.6103_-2.28223
84.976_48.2878_-2.59226
84.5523_48.0224_-2.57159
84.1286_47.7569_-2.59226
83.7049_47.4915_-2.57159
83.2812_47.2261_-2.59226
83.2812_47.2261_-2.59226
82.815_47.0543_-2.98496
82.3172_47.0122_-3.12964
81.8172_47.0114_-3.1503
81.3173_47.021_-3.17097
80.8168_47.0305_-3.1503
80.3288_46.9378_-2.75761
79.8713_46.7362_-2.6956
79.4225_46.5159_-2.67493
78.9736_46.2956_-2.6956
78.5248_46.0753_-2.67493
78.5248_46.0753_-2.67493
78.076_45.8549_-2.6956
77.6271_45.6346_-2.67493
77.1783_45.4143_-2.6956
76.7295_45.194_-2.67493
76.2806_44.9737_-2.6956
76.2806_44.9737_-2.6956
75.8318_44.7533_-2.67493
75.383_44.533_-2.6956
74.9341_44.3127_-2.67493
74.4853_44.0924_-2.6956
74.0365_43.872_-2.67493
74.0365_43.872_-2.67493
73.5577_43.7394_-3.06763
73.0582_43.7386_-3.21231
72.5598_43.779_-3.23298
72.0624_43.8298_-3.25365
71.5644_43.8806_-3.23298
71.0704_43.8286_-2.84028
70.6184_43.6182_-2.57159
70.1947_43.3528_-2.59226
69.771_43.0873_-2.57159
69.3473_42.8219_-2.59226
69.3473_42.8219_-2.59226
68.9035_42.5925_-2.73694
68.446_42.3909_-2.71627
67.9884_42.1893_-2.73694
67.5309_41.9877_-2.71627
67.0733_41.7862_-2.73694
67.0733_41.7862_-2.73694
66.6636_41.5052_-2.34424
66.3925_41.0889_-1.95154
66.2508_40.6101_-1.76552
66.149_40.1206_-1.78619
66.0472_39.6311_-1.76552
66.0472_39.6311_-1.76552
65.8578_39.1718_-2.15822
65.5516_38.7771_-2.3029
65.2136_38.4087_-2.32357
64.8756_38.0403_-2.3029
64.5375_37.6719_-2.32357
64.5375_37.6719_-2.32357
64.1337_37.3826_-2.71627
63.6538_37.2496_-3.02629
63.1565_37.1972_-3.04696
62.6583_37.1551_-3.06763
62.159_37.1128_-3.04696
61.6617_37.0604_-3.02629
61.1645_37.008_-3.04696
60.6673_36.9556_-3.02629
60.17_36.9033_-3.04696
59.6728_36.8509_-3.02629
59.6728_36.8509_-3.02629
