configuration 161.70602417_-18.2518405914_0.169978369946_0.985447793519_193.750076294_109.599342346_0.85380148664_0.520598714377
length 199.885
time 6.74261
roughness 0.000409422
161.706_-18.2518_0.341615
162.198_-18.1799_-0.0510836
162.695_-18.2312_-0.154426
163.186_-18.3234_-0.216431
163.378_-18.4073_-0.60913
163.378_-18.4073_-1.00183
163.722_-18.7655_-0.60913
164.177_-18.9648_-0.216431
164.671_-19.0366_-0.071752
165.17_-19.0776_-0.0924204
165.667_-19.1289_-0.113089
166.162_-19.0875_0.27961
166.635_-18.925_0.382952
167.096_-18.7334_0.403621
167.558_-18.5418_0.382952
168.02_-18.3502_0.403621
168.43_-18.0697_0.79632
168.761_-17.6948_0.899662
169.076_-17.3065_0.878993
169.391_-16.9182_0.899662
169.706_-16.5299_0.878993
169.978_-16.112_1.10635
170.207_-15.6674_1.08568
170.445_-15.2275_1.06501
170.682_-14.7876_1.08568
170.92_-14.3478_1.06501
171.081_-13.8772_1.41637
171.163_-13.384_1.3957
171.255_-12.8925_1.37503
171.348_-12.4011_1.3957
171.44_-11.9097_1.37503
171.63_-11.4506_0.982335
171.981_-11.0991_0.589636
172.424_-10.8705_0.362284
172.89_-10.6885_0.382952
173.355_-10.5065_0.362284
173.831_-10.3537_0.258942
174.316_-10.2307_0.238274
174.801_-10.1077_0.258942
175.285_-9.98464_0.238274
175.77_-9.86161_0.258942
176.216_-9.64316_0.651641
176.576_-9.29752_0.878993
176.899_-8.9158_0.858325
177.222_-8.53407_0.878993
177.545_-8.15235_0.858325
177.936_-7.84698_0.465626
178.398_-7.65554_0.320947
178.871_-7.49291_0.341615
179.343_-7.33029_0.320947
179.816_-7.16766_0.341615
180.292_-7.01487_0.27961
180.774_-6.88185_0.258942
181.256_-6.74884_0.27961
181.738_-6.61582_0.258942
182.22_-6.48281_0.27961
182.707_-6.36987_0.176268
183.2_-6.28729_0.1556
183.693_-6.2047_0.176268
184.186_-6.12212_0.1556
184.68_-6.03953_0.176268
185.176_-6.04951_-0.216431
185.661_-6.17195_-0.278436
186.143_-6.30439_-0.257767
186.625_-6.43684_-0.278436
187.107_-6.56929_-0.257767
187.603_-6.59978_0.134932
188.077_-6.44775_0.486294
188.521_-6.21866_0.465626
188.966_-5.98956_0.486294
189.41_-5.76047_0.465626
189.802_-5.4551_0.858325
190.047_-5.02302_1.25102
190.108_-4.53001_1.64372
190.067_-4.03175_1.66439
190.025_-3.53349_1.64372
190.086_-3.04048_1.25102
190.331_-2.6084_0.858325
190.723_-2.30303_0.465626
191.181_-2.102_0.362284
191.647_-1.91998_0.382952
192.135_-1.82781_-0.0097469
192.621_-1.92948_-0.402446
193.079_-2.13005_-0.423114
193.533_-2.34005_-0.443783
193.986_-2.55005_-0.423114
193.986_-2.55005_-0.0304153
194.476_-2.46799_0.362284
194.898_-2.20467_0.754983
195.186_-1.80019_1.14768
195.328_-1.32233_1.41637
195.348_-0.823824_1.64372
195.317_-0.324812_1.62305
195.286_0.1742_1.64372
195.255_0.673212_1.62305
195.223_1.17222_1.64372
195.171_1.66945_1.70573
195.109_2.16556_1.68506
195.047_2.66168_1.70573
194.985_3.15779_1.68506
194.923_3.65391_1.70573
194.892_4.15249_1.56105
194.891_4.65248_1.58172
194.891_5.15247_1.56105
194.891_5.65247_1.58172
194.88_6.15234_1.60239
194.768_6.63629_1.99509
194.557_7.08979_2.01575
194.347_7.5433_1.99509
194.136_7.99681_2.01575
193.926_8.45031_1.99509
193.697_8.89454_2.09843
193.45_9.32911_2.07776
193.202_9.76368_2.09843
192.955_10.1983_2.07776
192.708_10.6328_2.09843
192.379_11.005_2.49113
191.932_11.2229_2.88383
191.445_11.3353_2.94583
190.956_11.4377_2.92516
190.466_11.54_2.94583
190.007_11.7298_2.55313
189.648_12.074_2.20177
189.349_12.4747_2.22244
189.05_12.8753_2.20177
188.751_13.276_2.22244
188.532_13.7221_1.82974
188.419_14.2091_1.76773
188.316_14.6984_1.7884
188.214_15.1877_1.76773
188.111_15.677_1.7884
188.079_16.174_1.47838
188.12_16.6723_1.49904
188.151_17.1714_1.51971
188.182_17.6704_1.49904
188.213_18.1695_1.51971
188.141_18.661_1.91241
187.959_19.1266_1.97442
187.767_19.5885_1.95375
187.575_20.0503_1.97442
187.384_20.5121_1.95375
187.251_20.993_1.7264
187.168_21.4862_1.74706
187.076_21.9775_1.76773
186.983_22.4688_1.74706
186.89_22.9601_1.76773
186.7_23.419_2.16043
186.418_23.8316_2.1811
186.127_24.2384_2.20177
185.836_24.6451_2.1811
185.545_25.0519_2.20177
185.336_25.5025_1.80907
185.213_25.9871_1.82974
185.09_26.4717_1.80907
184.967_26.9563_1.82974
184.844_27.441_1.80907
184.635_27.8916_2.20177
184.282_28.2435_2.51179
183.881_28.5421_2.49113
183.48_28.8408_2.51179
183.079_29.1394_2.49113
182.75_29.5116_2.09843
182.512_29.9512_2.03642
182.292_30.4002_2.01575
182.072_30.8493_2.03642
181.853_31.2983_2.01575
181.73_31.7798_1.62305
181.761_32.2778_1.3957
181.843_32.771_1.41637
181.915_33.2659_1.43704
181.987_33.7607_1.41637
182.007_34.2592_1.64372
181.976_34.7582_1.62305
181.944_35.2572_1.64372
181.913_35.7562_1.62305
181.882_36.2552_1.64372
181.75_36.7341_2.03642
181.502_37.1685_2.13976
181.237_37.5925_2.1191
180.972_38.0165_2.13976
180.707_38.4405_2.1191
180.417_38.8468_2.26377
180.101_39.2348_2.24311
179.786_39.6227_2.26377
179.471_40.0107_2.24311
179.155_40.3986_2.26377
178.848_40.793_2.20177
178.557_41.1997_2.1811
178.266_41.6065_2.20177
177.976_42.0132_2.1811
177.685_42.4199_2.20177
177.394_42.8267_2.1811
177.103_43.2334_2.20177
176.813_43.6402_2.1811
176.522_44.0469_2.20177
176.231_44.4537_2.1811
176.031_44.9085_1.7884
175.959_45.4028_1.64372
175.917_45.9011_1.66439
175.876_46.3993_1.64372
175.834_46.8976_1.66439
175.712_47.3803_1.97442
175.52_47.8421_1.95375
175.328_48.3039_1.97442
175.137_48.7657_1.95375
174.945_49.2276_1.97442
174.843_49.7137_1.58172
174.843_50.2137_1.56105
174.842_50.7137_1.58172
174.842_51.2137_1.56105
174.842_51.7137_1.58172
174.739_52.1998_1.97442
174.459_52.6099_2.36712
174.065_52.9161_2.59447
173.641_53.1806_2.5738
173.216_53.4451_2.59447
172.851_53.7814_2.20177
172.613_54.2196_1.93308
172.431_54.6853_1.95375
172.249_55.151_1.93308
172.067_55.6167_1.95375
171.975_56.1049_1.56105
172.077_56.5911_1.16835
172.268_57.0532_1.18902
172.459_57.5152_1.16835
172.65_57.9773_1.18902
172.752_58.4642_1.54038
172.772_58.9637_1.51971
172.792_59.4633_1.54038
172.813_59.9629_1.51971
172.833_60.4625_1.54038
172.751_60.9524_1.93308
172.488_61.3737_2.32578
172.107_61.6959_2.55313
171.694_61.9778_2.53246
171.281_62.2596_2.55313
170.829_62.4687_2.86316
170.35_62.6111_2.84249
169.873_62.7634_2.82182
169.397_62.9156_2.84249
168.921_63.0679_2.82182
168.489_63.3131_2.42912
168.183_63.7049_2.03642
167.982_64.1625_1.93308
167.81_64.6318_1.91241
167.638_65.1012_1.93308
167.456_65.5669_1.95375
167.264_66.0287_1.97442
167.072_66.4905_1.95375
166.881_66.9523_1.97442
166.689_67.4141_1.95375
166.597_67.9023_1.56105
166.699_68.3886_1.16835
166.936_68.8278_0.982335
167.209_69.2466_1.003
167.483_69.6653_0.982335
167.672_70.1244_1.37503
167.672_70.6212_1.76773
167.482_71.0801_2.16043
167.191_71.4867_2.22244
166.892_71.8874_2.20177
166.683_72.338_1.80907
166.621_72.8331_1.58172
166.61_73.3329_1.60239
166.599_73.8328_1.58172
166.589_74.3327_1.60239
166.477_74.8166_1.99509
166.188_75.2208_2.38778
165.766_75.4836_2.78048
165.285_75.6159_2.9665
164.793_75.708_2.94583
164.334_75.8979_2.55313
163.94_76.2045_2.40845
163.565_76.5352_2.42912
163.183_76.8582_2.44979
162.801_77.1811_2.42912
162.479_77.5609_2.1191
162.214_77.9849_2.13976
161.949_78.4089_2.1191
161.684_78.8328_2.13976
161.419_79.2568_2.1191
161.248_79.7232_1.7264
161.268_80.2196_1.3337
161.391_80.7043_1.31303
161.523_81.1864_1.29236
161.656_81.6686_1.31303
161.873_82.115_0.92033
162.246_82.4441_0.527631
162.706_82.6351_0.258942
163.191_82.7581_0.238274
163.675_82.8812_0.258942
164.151_83.0339_0.362284
164.617_83.2159_0.382952
165.083_83.398_0.362284
165.548_83.58_0.382952
166.014_83.762_0.362284
166.487_83.9246_0.300279
166.966_84.0676_0.27961
167.445_84.2105_0.300279
167.924_84.3535_0.27961
168.403_84.4964_0.300279
168.84_84.7331_0.692978
169.207_85.0718_0.79632
169.561_85.4256_0.775651
169.914_85.7793_0.79632
170.267_86.1331_0.775651
170.635_86.4719_0.713646
171.01_86.8031_0.734315
171.384_87.1342_0.713646
171.759_87.4654_0.734315
172.133_87.7966_0.713646
172.565_88.0423_0.320947
173.038_88.2049_0.341615
173.511_88.3675_0.320947
173.984_88.5302_0.341615
174.456_88.6928_0.320947
174.949_88.7545_-0.071752
175.428_88.6229_-0.464451
175.821_88.318_-0.85715
176.075_87.8908_-1.20851
176.248_87.4215_-1.22918
176.502_86.9949_-0.836482
176.901_86.6981_-0.443783
177.382_86.5765_-0.0510836
177.874_86.6484_0.341615
178.327_86.8586_0.527631
178.766_87.0968_0.465626
179.211_87.3259_0.486294
179.655_87.555_0.465626
180.1_87.7841_0.486294
180.544_88.0132_0.465626
180.936_88.3185_0.858325
181.226_88.725_1.04434
181.481_89.1547_1.02367
181.737_89.5844_1.04434
181.993_90.0141_1.02367
182.249_90.4437_1.04434
182.504_90.8734_1.02367
182.76_91.3031_1.04434
183.016_91.7327_1.02367
183.271_92.1624_1.04434
183.6_92.535_0.651641
184.046_92.7534_0.258942
184.525_92.8964_0.320947
185.001_93.0492_0.300279
185.48_93.1921_0.27961
185.967_93.3051_0.176268
186.458_93.3978_0.196937
186.95_93.4906_0.176268
187.441_93.5833_0.196937
187.932_93.6761_0.176268
188.43_93.7176_-0.0097469
188.93_93.7179_0.0109215
189.43_93.7182_-0.0097469
189.93_93.7185_0.0109215
190.43_93.7188_-0.0097469
190.918_93.811_0.382952
191.334_94.0829_0.775651
191.614_94.4933_1.16835
191.746_94.974_1.43704
191.818_95.4688_1.41637
191.818_95.4688_1.02367
191.818_95.4688_0.630973
192.268_95.678_0.238274
192.765_95.6988_-0.154426
193.231_95.5281_-0.547125
193.68_95.3091_-0.361109
194.146_95.1276_-0.381778
194.612_94.9461_-0.361109
195.078_94.7646_-0.381778
195.543_94.5831_-0.361109
196.034_94.5017_0.0315898
196.517_94.6139_0.424289
196.946_94.8696_0.651641
197.347_95.1687_0.630973
197.747_95.4678_0.651641
198.076_95.8404_1.04434
198.237_96.3103_1.43704
198.206_96.8062_1.82974
198.015_97.2666_2.09843
197.75_97.6905_2.16043
197.531_98.1382_1.89174
197.378_98.6143_1.87108
197.225_99.0904_1.89174
197.072_99.5664_1.87108
196.919_100.042_1.89174
196.767_100.519_1.87108
196.614_100.995_1.89174
196.451_101.467_1.91241
196.288_101.94_1.89174
196.136_102.416_1.87108
195.983_102.892_1.89174
195.82_103.365_1.91241
195.658_103.838_1.89174
195.505_104.314_1.87108
195.352_104.79_1.89174
195.142_105.243_2.1191
194.877_105.667_2.13976
194.612_106.091_2.1191
194.347_106.515_2.13976
194.082_106.939_2.1191
193.911_107.405_1.7264
193.859_107.902_1.62305
193.827_108.401_1.64372
193.796_108.9_1.62305
193.765_109.399_1.64372
