configuration 133.385482788_115.927223206_-0.986328190641_0.164792901387_34.5528411865_13.6445770264_-0.541385985877_0.840774175564
length 194.653
time 8.80435
roughness 0.000380529
133.385_115.927_-2.8105
132.893_115.86_-3.2032
132.397_115.917_-3.30654
131.904_116.004_-3.32721
131.412_116.091_-3.30654
130.92_116.179_-3.32721
130.423_116.173_-2.93451
129.966_115.978_-2.54181
129.603_115.637_-2.23178
129.292_115.245_-2.25245
128.973_114.861_-2.27312
128.732_114.426_-1.88042
128.585_113.948_-1.85975
128.438_113.47_-1.88042
128.29_112.993_-1.85975
128.143_112.515_-1.88042
128.105_112.446_-2.27312
127.716_112.137_-2.66582
127.238_112_-3.05852
126.745_112.056_-3.45122
126.31_112.297_-3.84392
125.876_112.538_-3.45122
125.382_112.594_-3.05852
124.905_112.457_-2.66582
124.496_112.171_-2.39713
124.125_111.836_-2.4178
123.696_111.586_-2.8105
123.203_111.519_-3.2032
122.708_111.586_-3.34787
122.218_111.683_-3.32721
121.727_111.781_-3.34787
121.231_111.786_-2.95518
120.77_111.6_-2.56248
120.415_111.252_-2.16978
120.22_110.795_-1.77708
120.133_110.303_-1.71507
119.967_109.835_-2.10777
119.707_109.408_-2.12844
119.447_108.981_-2.10777
119.187_108.554_-2.12844
118.926_108.127_-2.10777
118.594_107.758_-2.50047
118.145_107.544_-2.89317
117.649_107.518_-3.28587
117.17_107.655_-3.55456
116.71_107.851_-3.53389
116.223_107.948_-3.14119
115.736_107.851_-2.74849
115.323_107.575_-2.35579
114.98_107.21_-2.29379
114.653_106.832_-2.27312
114.265_106.523_-2.66582
113.787_106.386_-3.05852
113.294_106.442_-3.45122
112.83_106.628_-3.59589
112.378_106.843_-3.57523
111.896_106.96_-3.18253
111.405_106.883_-2.78983
110.981_106.624_-2.39713
110.639_106.26_-2.25245
110.32_105.875_-2.27312
110.001_105.49_-2.25245
109.682_105.105_-2.27312
109.363_104.72_-2.25245
109.044_104.335_-2.27312
108.725_103.95_-2.25245
108.493_103.51_-1.85975
108.447_103.016_-1.46705
108.564_102.531_-1.19836
108.742_102.064_-1.21903
108.919_101.596_-1.19836
109.006_101.107_-1.59106
108.96_100.61_-1.73574
108.872_100.117_-1.75641
108.785_99.6249_-1.73574
108.698_99.1326_-1.75641
108.703_98.6358_-1.36371
108.821_98.15_-1.30171
108.959_97.6694_-1.28104
109.097_97.1888_-1.30171
109.235_96.7082_-1.28104
109.353_96.2225_-1.38438
109.451_95.7322_-1.36371
109.548_95.2418_-1.38438
109.646_94.7515_-1.36371
109.744_94.2611_-1.38438
109.891_93.7845_-1.15703
110.097_93.3288_-1.13636
110.303_92.8731_-1.15703
110.508_92.4174_-1.13636
110.714_91.9617_-1.15703
110.92_91.506_-1.13636
111.135_91.0547_-1.11569
111.35_90.6033_-1.13636
111.565_90.152_-1.11569
111.78_89.7007_-1.13636
111.977_89.2409_-1.19836
112.154_88.7733_-1.21903
112.331_88.3057_-1.19836
112.508_87.8382_-1.21903
112.685_87.3706_-1.19836
112.881_86.9108_-1.13636
113.087_86.4551_-1.15703
113.293_85.9994_-1.13636
113.499_85.5437_-1.15703
113.704_85.088_-1.13636
113.997_84.6868_-0.743659
114.376_84.36_-0.681654
114.767_84.049_-0.660986
115.159_83.738_-0.681654
115.55_83.4269_-0.660986
115.966_83.1496_-0.516307
116.398_82.8983_-0.536976
116.83_82.6469_-0.516307
117.262_82.3956_-0.536976
117.695_82.1443_-0.516307
118.071_81.8195_-0.909006
118.339_81.3988_-1.09502
118.573_80.9568_-1.07435
118.816_80.5196_-1.05368
119.058_80.0825_-1.07435
119.352_79.6799_-0.805664
119.695_79.3157_-0.826333
120.038_78.9515_-0.805664
120.38_78.5873_-0.826333
120.723_78.2231_-0.805664
120.99_77.8045_-1.19836
121.077_77.3154_-1.59106
120.97_76.8302_-1.98376
120.694_76.4165_-2.33512
120.352_76.052_-2.31446
120.033_75.6672_-2.21111
119.73_75.2694_-2.23178
119.419_74.8779_-2.25245
119.108_74.4864_-2.23178
118.805_74.0886_-2.21111
118.592_73.6399_-1.81841
118.567_73.1438_-1.42572
118.733_72.6757_-1.03302
118.976_72.2386_-1.09502
119.209_71.7965_-1.07435
119.526_71.4142_-0.681654
119.936_71.1283_-0.536976
120.363_70.8682_-0.557644
120.79_70.608_-0.536976
121.217_70.3478_-0.557644
121.579_70.0077_-0.950343
121.83_69.5763_-1.13636
122.046_69.1249_-1.11569
122.261_68.6736_-1.13636
122.476_68.2222_-1.11569
122.603_67.742_-1.50839
122.537_67.2496_-1.90109
122.287_66.8201_-2.29379
121.93_66.4704_-2.43847
121.545_66.1511_-2.45913
121.115_65.9004_-2.76916
120.651_65.7137_-2.74849
120.191_65.5174_-2.72782
119.732_65.3211_-2.74849
119.272_65.1248_-2.72782
118.83_64.8914_-2.58314
118.403_64.6309_-2.60381
117.977_64.3704_-2.58314
117.55_64.1098_-2.60381
117.123_63.8493_-2.58314
116.673_63.6346_-2.8105
116.202_63.4672_-2.78983
115.73_63.2998_-2.8105
115.259_63.1324_-2.78983
114.788_62.965_-2.8105
114.321_62.7879_-2.74849
113.861_62.5916_-2.72782
113.401_62.3953_-2.74849
112.941_62.199_-2.72782
112.481_62.0027_-2.74849
112.068_61.7266_-2.35579
111.742_61.3486_-2.21111
111.439_60.9507_-2.23178
111.136_60.5529_-2.21111
110.833_60.1551_-2.23178
110.457_59.8299_-2.62448
109.992_59.6535_-2.93451
109.504_59.5457_-2.91384
109.018_59.4278_-2.89317
108.532_59.3098_-2.91384
108.058_59.1524_-2.72782
107.598_58.9561_-2.74849
107.138_58.7598_-2.72782
106.678_58.5636_-2.74849
106.219_58.3673_-2.72782
105.748_58.2_-2.8725
105.264_58.0721_-2.89317
104.781_57.9441_-2.8725
104.298_57.8162_-2.89317
103.814_57.6883_-2.8725
103.344_57.521_-2.72782
102.888_57.3152_-2.70715
102.432_57.1095_-2.72782
101.977_56.9037_-2.70715
101.521_56.698_-2.72782
101.084_56.4557_-2.54181
100.669_56.1777_-2.56248
100.248_55.9084_-2.58314
99.8262_55.6391_-2.56248
99.405_55.3698_-2.58314
98.9837_55.1005_-2.56248
98.5624_54.8312_-2.58314
98.1411_54.5619_-2.56248
97.7199_54.2926_-2.58314
97.2986_54.0233_-2.56248
96.8773_53.754_-2.58314
96.4561_53.4847_-2.56248
96.0348_53.2154_-2.58314
95.6135_52.9461_-2.56248
95.1922_52.6768_-2.58314
94.7419_52.4622_-2.8105
94.2707_52.2948_-2.78983
93.8032_52.1176_-2.76916
93.3356_51.9405_-2.78983
92.868_51.7634_-2.76916
92.4005_51.5863_-2.78983
91.9329_51.4092_-2.76916
91.4653_51.2321_-2.78983
90.9977_51.0549_-2.76916
90.5302_50.8778_-2.78983
90.0664_50.6911_-2.72782
89.6066_50.4948_-2.74849
89.1467_50.2985_-2.72782
88.6869_50.1023_-2.74849
88.227_49.906_-2.72782
87.7905_49.6636_-2.54181
87.3749_49.3857_-2.56248
86.9593_49.1077_-2.54181
86.5437_48.8298_-2.56248
86.128_48.5518_-2.54181
85.7124_48.2739_-2.56248
85.2968_47.996_-2.54181
84.8812_47.718_-2.56248
84.4656_47.4401_-2.54181
84.05_47.1621_-2.56248
83.6132_46.9196_-2.70715
83.1575_46.7139_-2.72782
82.7018_46.5081_-2.70715
82.2461_46.3024_-2.72782
81.7904_46.0966_-2.70715
81.359_45.8453_-2.52114
80.9492_45.5589_-2.54181
80.5394_45.2724_-2.52114
80.1296_44.9859_-2.54181
79.7199_44.6994_-2.52114
79.3101_44.413_-2.54181
78.9003_44.1265_-2.52114
78.4905_43.84_-2.54181
78.0807_43.5535_-2.52114
77.6709_43.2671_-2.54181
77.214_43.072_-2.93451
76.7173_43.0667_-3.32721
76.2563_43.2519_-3.7199
75.8463_43.538_-3.78191
75.4485_43.8408_-3.80258
75.0044_44.0634_-3.40988
74.5088_44.0991_-3.01718
74.0269_43.9716_-2.74849
73.5631_43.7848_-2.76916
73.0956_43.6077_-2.78983
72.6657_43.3574_-2.43847
72.2745_43.0461_-2.50047
71.877_42.7429_-2.4798
71.4857_42.4316_-2.45913
71.0945_42.1203_-2.4798
70.7032_41.809_-2.45913
70.312_41.4976_-2.4798
69.9144_41.1945_-2.50047
69.5168_40.8913_-2.4798
69.1256_40.58_-2.45913
68.6952_40.3293_-2.76916
68.2314_40.1426_-2.74849
67.7716_39.9463_-2.72782
67.3117_39.75_-2.74849
66.8519_39.5537_-2.72782
66.4447_39.2691_-2.33512
66.0877_38.9191_-2.39713
65.7235_38.5765_-2.37646
65.3665_38.2265_-2.35579
65.0094_37.8765_-2.37646
64.5909_37.6089_-2.76916
64.1017_37.5219_-3.16186
63.6092_37.5987_-3.43055
63.1285_37.7362_-3.40988
62.6478_37.8737_-3.43055
62.1767_38.0407_-3.53389
61.7167_38.2366_-3.55456
61.2567_38.4325_-3.53389
60.7967_38.6284_-3.55456
60.3367_38.8243_-3.53389
59.8494_38.9211_-3.14119
59.3622_38.8239_-2.74849
58.911_38.6089_-2.64515
58.4739_38.3662_-2.62448
58.0367_38.1236_-2.64515
57.6475_37.8138_-2.29379
57.3053_37.4494_-2.35579
56.9555_37.0921_-2.33512
56.6133_36.7276_-2.31446
56.271_36.3631_-2.33512
55.9287_35.9987_-2.31446
55.5865_35.6342_-2.33512
55.2442_35.2697_-2.31446
54.9019_34.9052_-2.33512
54.5596_34.5408_-2.31446
54.1584_34.2478_-2.70715
53.6987_34.0515_-2.76916
53.2311_33.8744_-2.78983
52.7635_33.6973_-2.76916
52.296_33.5202_-2.78983
51.8719_33.2613_-2.39713
51.5224_32.9041_-2.29379
51.1954_32.5258_-2.27312
50.8685_32.1475_-2.29379
50.5416_31.7692_-2.27312
50.1529_31.4599_-2.66582
49.6831_31.293_-2.93451
49.1949_31.1851_-2.91384
48.7067_31.0773_-2.93451
48.2185_30.9694_-2.91384
47.761_30.7741_-2.56248
47.3397_30.5048_-2.58314
46.9184_30.2355_-2.56248
46.4972_29.9662_-2.58314
46.0759_29.6969_-2.56248
45.622_29.492_-2.8725
45.1414_29.3541_-2.85183
44.6638_29.2063_-2.83116
44.1861_29.0585_-2.85183
43.7085_28.9107_-2.83116
43.223_28.7929_-2.97584
42.7307_28.7053_-2.95518
42.2385_28.6177_-2.97584
41.7462_28.5301_-2.95518
41.254_28.4425_-2.97584
40.7617_28.3549_-2.95518
40.2694_28.2674_-2.97584
39.7772_28.1798_-2.95518
39.2849_28.0922_-2.97584
38.7927_28.0046_-2.95518
38.3318_27.819_-2.56248
37.9771_27.4713_-2.16978
37.7824_27.0142_-1.77708
37.6749_26.5259_-1.79775
37.5574_26.0399_-1.81841
37.5574_26.0399_-2.21111
37.1886_25.7071_-2.60381
36.7205_25.5407_-2.99651
36.2243_25.5662_-3.38921
35.7757_25.7796_-3.78191
35.3271_25.993_-3.38921
34.8309_26.0184_-2.99651
34.337_25.941_-2.97584
33.843_25.8636_-2.99651
33.349_25.7863_-2.97584
32.8551_25.7089_-2.99651
32.3611_25.6315_-2.97584
31.8671_25.5541_-2.99651
31.3732_25.4767_-2.97584
30.8792_25.3993_-2.99651
30.4111_25.2329_-2.60381
30.0423_24.9001_-2.21111
29.8289_24.4515_-1.81841
29.8034_23.9553_-1.42572
29.9698_23.4872_-1.03302
30.1846_23.0365_-1.21903
30.352_22.5654_-1.2397
30.5194_22.0943_-1.21903
30.6868_21.6231_-1.2397
30.8542_21.152_-1.21903
31.0504_20.6924_-1.11569
31.2748_20.2455_-1.09502
31.4992_19.7987_-1.11569
31.7237_19.3519_-1.09502
31.9481_18.9051_-1.11569
32.1725_18.4583_-1.09502
32.3969_18.0115_-1.11569
32.6213_17.5647_-1.09502
32.8457_17.1179_-1.11569
33.0701_16.6711_-1.09502
33.2945_16.2243_-1.11569
33.5096_15.773_-1.13636
33.7247_15.3216_-1.11569
33.9491_14.8748_-1.09502
34.1735_14.428_-1.11569
34.3887_13.9767_-1.13636
34.554_13.6475_-1.07435
