configuration -14.0353517532_151.94859314_0.0_1.0_147.259887695_176.039077759_0.145212769539_0.989400450557
length 192.541
time 300
roughness 0.00248717
-14.0354_151.949_-0
-13.5371_151.985_0.144679
-13.0416_152.052_0.12401
-12.5448_152.108_0.103342
-12.0481_152.165_0.12401
-11.5513_152.222_0.103342
-11.5513_152.222_0.103342
-11.054_152.196_-0.206684
-10.5636_152.099_-0.186015
-10.0732_152.001_-0.206684
-9.58283_151.903_-0.186015
-9.09053_151.816_-0.165347
-8.59824_151.729_-0.186015
-8.10786_151.631_-0.206684
-7.61747_151.534_-0.186015
-7.12518_151.446_-0.165347
-6.78269_151.379_-0.475373
-6.31003_151.222_-0.165347
-5.81773_151.135_-0.186015
-5.32544_151.047_-0.165347
-4.83314_150.96_-0.186015
-4.34085_150.873_-0.165347
-3.84855_150.785_-0.186015
-3.35626_150.698_-0.165347
-2.86396_150.61_-0.186015
-2.1248_150.465_-0.599383
-1.66781_150.27_-0.206684
-1.17954_150.163_-0.227352
-0.691281_150.055_-0.206684
-0.203018_149.947_-0.227352
0.285245_149.84_-0.206684
0.773508_149.732_-0.227352
1.26177_149.625_-0.206684
1.75216_149.527_-0.186015
2.43566_149.383_-0.682056
2.86608_149.132_-0.372031
3.33372_148.955_-0.351362
3.80136_148.778_-0.372031
4.26524_148.592_-0.392699
4.72913_148.405_-0.372031
5.19677_148.228_-0.351362
5.66441_148.051_-0.372031
6.12829_147.865_-0.392699
6.59218_147.678_-0.372031
6.988_147.529_-0.186015
7.46113_147.372_-0.454704
7.90802_147.148_-0.475373
8.35492_146.924_-0.454704
8.80181_146.7_-0.475373
9.24871_146.475_-0.454704
9.6956_146.251_-0.475373
10.1425_146.027_-0.454704
10.5894_145.803_-0.475373
10.9076_145.648_0.434036
11.3089_145.941_0.826735
11.6513_146.305_0.806067
11.9937_146.669_0.826735
12.3361_147.034_0.806067
12.686_147.391_0.785398
13.0359_147.748_0.806067
13.3783_148.112_0.826735
13.7207_148.477_0.806067
14.2697_149.035_0.103342
14.7443_149.182_0.496041
15.171_149.442_0.599383
15.5809_149.728_0.620051
15.9908_150.015_0.599383
16.4007_150.301_0.620051
16.8106_150.587_0.599383
17.2205_150.874_0.620051
17.6304_151.16_0.599383
18.2395_151.569_0.454704
18.7064_151.746_0.268689
19.1871_151.884_0.289357
19.6677_152.021_0.268689
20.1484_152.159_0.289357
20.6261_152.307_0.310026
21.1038_152.454_0.289357
21.5845_152.592_0.268689
22.0651_152.73_0.289357
22.5428_152.877_0.310026
22.9995_153.008_0.165347
23.4975_153.044_-0.0206684
23.9972_153.028_-0.0413367
24.497_153.013_-0.0206684
24.9967_152.997_-0.0413367
25.4965_152.982_-0.0206684
25.9962_152.966_-0.0413367
26.496_152.951_-0.0206684
26.9957_152.936_-0.0413367
27.4951_152.91_-0.0620051
27.9951_152.884_-0.0413367
28.495_152.879_0.0206684
28.995_152.884_6.245e-17
29.4949_152.889_0.0206684
29.9949_152.894_6.245e-17
30.4949_152.899_0.0206684
30.9948_152.905_6.245e-17
31.4948_152.91_0.0206684
31.9945_152.925_0.0413367
32.4943_152.941_0.0206684
32.9391_152.945_0.165347
33.4038_153.12_0.558046
33.8252_153.39_0.578714
34.2409_153.667_0.599383
34.6566_153.945_0.578714
35.0723_154.223_0.599383
35.4822_154.509_0.620051
35.8921_154.796_0.599383
36.3079_155.073_0.578714
36.7236_155.351_0.599383
37.075_155.598_0.785398
37.4529_155.925_0.64072
37.8568_156.22_0.620051
38.2607_156.515_0.64072
38.6646_156.809_0.620051
39.0685_157.104_0.64072
39.4724_157.399_0.620051
39.8823_157.685_0.599383
40.2193_157.929_0.578714
40.5742_158.277_0.971414
40.7977_158.722_1.2401
40.9552_159.197_1.26077
41.1126_159.671_1.2401
41.2701_160.146_1.26077
41.4177_160.624_1.28144
41.5653_161.101_1.26077
41.7227_161.576_1.2401
41.8806_161.847_0.847403
41.8258_161.886_0.0620051
42.3061_162.013_0.454704
42.7013_162.314_0.847403
43.0361_162.685_0.826735
43.3709_163.056_0.847403
43.7058_163.428_0.826735
44.0406_163.799_0.847403
44.41_164.225_0.413367
44.8658_164.43_0.434036
45.3216_164.636_0.413367
45.7774_164.841_0.434036
46.2332_165.047_0.413367
46.6889_165.252_0.434036
47.1447_165.458_0.413367
47.6005_165.663_0.434036
48.0563_165.869_0.413367
48.5162_166.065_0.392699
48.8236_166.197_0.0826735
49.3214_166.244_0.103342
49.8193_166.29_0.0826735
50.3171_166.337_0.103342
50.8149_166.383_0.0826735
51.3128_166.43_0.103342
51.3128_166.43_0.103342
51.8106_166.476_0.0826735
52.3084_166.522_0.103342
52.8063_166.569_0.0826735
53.3041_166.615_0.103342
53.8019_166.662_0.0826735
53.8019_166.662_0.0826735
54.2997_166.708_0.103342
54.7965_166.765_0.12401
55.2933_166.822_0.103342
55.79_166.878_0.12401
56.2868_166.935_0.103342
56.2868_166.935_0.103342
56.7765_167.032_0.289357
57.2571_167.17_0.268689
57.7405_167.298_0.24802
58.2239_167.426_0.268689
58.7073_167.553_0.24802
59.4585_167.765_5.97316
59.9521_167.709_6.36586
60.4297_167.846_6.75856
60.832_168.139_7.06858
61.1892_168.489_7.04792
61.5535_168.831_7.02725
61.9179_169.174_7.04792
62.2822_169.516_7.02725
62.6465_169.859_7.04792
63.0109_170.201_7.02725
63.4558_170.625_0.103342
63.9304_170.772_0.496041
64.3677_171.014_0.516709
64.7998_171.266_0.537378
65.232_171.517_0.516709
65.6641_171.769_0.537378
66.0962_172.02_0.516709
66.7867_172.412_0.682056
67.226_172.644_0.289357
67.7066_172.782_0.268689
68.19_172.91_0.24802
68.6734_173.037_0.268689
69.1541_173.175_0.289357
69.8097_173.353_0.0620051
70.3009_173.44_0.289357
70.7815_173.577_0.268689
71.2622_173.715_0.289357
71.7429_173.853_0.268689
72.2235_173.991_0.289357
72.6158_174.117_0.0413367
73.1066_174.041_-0.351362
73.5664_173.845_-0.454704
74.0178_173.63_-0.434036
74.4692_173.415_-0.454704
74.9207_173.2_-0.434036
74.9207_173.2_-0.434036
75.3721_172.985_-0.454704
75.8235_172.77_-0.434036
76.275_172.555_-0.454704
76.7264_172.34_-0.434036
77.1822_172.135_-0.413367
77.638_171.929_-0.434036
78.0894_171.714_-0.454704
78.5408_171.499_-0.434036
78.6887_171.391_-0.826735
78.7217_171.426_-1.6328
78.7882_170.933_-1.2401
78.9842_170.474_-1.09542
79.2084_170.027_-1.11609
79.4326_169.58_-1.09542
79.6568_169.133_-1.11609
79.8718_168.682_-1.13676
80.0867_168.23_-1.11609
80.3109_167.783_-1.09542
80.5352_167.336_-1.11609
80.75_166.885_-1.13676
80.8669_166.402_-1.52946
80.8309_165.905_-1.75681
80.7435_165.413_-1.73614
80.6561_164.92_-1.75681
80.5687_164.428_-1.73614
80.4813_163.936_-1.75681
80.3838_163.445_-1.77748
80.3787_163.432_-0.971414
80.6389_163.005_-1.07476
80.8814_162.568_-1.05409
81.1239_162.131_-1.07476
81.3573_161.689_-1.09542
81.5907_161.247_-1.07476
81.5907_161.247_-1.07476
81.8332_160.809_-1.05409
82.0757_160.372_-1.07476
82.3182_159.935_-1.05409
82.5607_159.498_-1.07476
82.8032_159.06_-1.05409
82.8032_159.06_-1.05409
83.1282_158.685_-0.661388
83.5379_158.398_-0.558046
83.9593_158.129_-0.578714
84.3807_157.86_-0.558046
84.8021_157.591_-0.578714
84.8021_157.591_-0.578714
85.2058_157.296_-0.682056
85.5972_156.985_-0.661388
85.9885_156.674_-0.682056
86.3799_156.363_-0.661388
86.7713_156.052_-0.682056
86.7713_156.052_-0.682056
87.1561_155.733_-0.702725
87.5343_155.405_-0.723393
87.9125_155.078_-0.702725
88.2907_154.751_-0.723393
88.6688_154.424_-0.702725
88.6688_154.424_-0.702725
89.0601_154.113_-0.64072
89.464_153.818_-0.620051
89.8739_153.532_-0.599383
90.2838_153.246_-0.620051
90.688_152.951_-0.64072
91.1365_152.737_-0.24802
91.6199_152.61_-0.268689
92.1005_152.472_-0.289357
92.5812_152.334_-0.268689
93.0619_152.196_-0.289357
93.5425_152.059_-0.268689
94.0232_151.921_-0.289357
94.5038_151.783_-0.268689
94.8509_151.692_0.558046
95.2927_151.925_0.413367
95.7485_152.13_0.434036
96.2043_152.336_0.413367
96.66_152.541_0.434036
97.1158_152.747_0.413367
97.1158_152.747_0.413367
97.5757_152.943_0.392699
98.0357_153.139_0.413367
98.4956_153.335_0.392699
98.9555_153.531_0.413367
99.4155_153.727_0.392699
99.4155_153.727_0.392699
99.8712_153.933_0.454704
100.323_154.148_0.434036
100.774_154.363_0.454704
101.225_154.578_0.434036
101.677_154.793_0.454704
101.677_154.793_0.454704
102.128_155.008_0.434036
102.58_155.223_0.454704
103.031_155.438_0.434036
103.483_155.653_0.454704
103.934_155.868_0.434036
103.934_155.868_0.434036
104.417_155.984_0.0413367
104.917_155.99_-0.0206684
105.417_155.974_-0.0413367
105.916_155.948_-0.0620051
106.415_155.922_-0.0413367
106.906_155.999_0.351362
107.366_156.195_0.454704
107.813_156.419_0.475373
108.26_156.644_0.454704
108.707_156.868_0.475373
108.707_156.868_0.475373
109.154_157.092_0.454704
109.601_157.316_0.475373
110.047_157.541_0.454704
110.494_157.765_0.475373
110.941_157.989_0.454704
110.941_157.989_0.454704
111.388_158.213_0.475373
111.835_158.437_0.454704
112.282_158.662_0.475373
112.729_158.886_0.454704
113.176_159.11_0.475373
113.176_159.11_0.475373
113.623_159.334_0.454704
114.069_159.559_0.475373
114.516_159.783_0.454704
114.963_160.007_0.475373
115.41_160.231_0.454704
115.41_160.231_0.454704
115.857_160.455_0.475373
116.304_160.68_0.454704
116.751_160.904_0.475373
117.198_161.128_0.454704
117.645_161.352_0.475373
117.645_161.352_0.475373
118.033_161.662_0.868072
118.311_162.076_1.09542
118.535_162.523_1.11609
118.759_162.97_1.09542
118.983_163.417_1.11609
119.208_163.864_1.09542
119.432_164.311_1.11609
119.656_164.758_1.09542
119.823_165.102_0.186015
120.303_165.24_0.372031
120.767_165.427_0.392699
121.227_165.623_0.413367
121.687_165.819_0.392699
122.151_166.005_0.372031
122.641_166.092_-0.0206684
123.131_166.005_-0.330694
123.605_165.848_-0.310026
124.08_165.69_-0.330694
124.555_165.533_-0.310026
124.555_165.533_-0.310026
125.048_165.477_0.0826735
125.54_165.564_0.268689
126.02_165.702_0.289357
126.501_165.839_0.268689
126.982_165.977_0.289357
127.459_166.125_0.310026
128.029_166.296_-0.0206684
128.528_166.322_0.12401
129.024_166.378_0.103342
129.521_166.435_0.12401
130.017_166.502_0.144679
130.512_166.569_0.12401
131.009_166.626_0.103342
131.487_166.69_0.620051
131.908_166.959_0.516709
132.34_167.211_0.537378
132.772_167.462_0.516709
133.204_167.714_0.537378
133.636_167.965_0.516709
133.636_167.965_0.516709
134.069_168.217_0.537378
134.501_168.468_0.516709
134.933_168.72_0.537378
135.365_168.971_0.516709
135.797_169.223_0.537378
135.797_169.223_0.537378
136.265_169.389_0.144679
136.759_169.466_0.165347
137.253_169.543_0.144679
137.747_169.62_0.165347
138.241_169.698_0.144679
138.241_169.698_0.144679
138.71_169.864_0.537378
139.125_170.141_0.64072
139.529_170.436_0.620051
139.933_170.731_0.64072
140.337_171.026_0.620051
140.337_171.026_0.620051
140.773_171.268_0.392699
141.233_171.464_0.413367
141.693_171.66_0.392699
142.153_171.856_0.413367
142.613_172.052_0.392699
142.613_172.052_0.392699
143.038_172.311_0.702725
143.416_172.638_0.723393
143.787_172.973_0.744061
144.159_173.308_0.723393
144.538_173.636_0.702725
144.916_173.963_0.723393
145.294_174.29_0.702725
145.672_174.617_0.723393
146.044_174.952_0.744061
146.415_175.287_0.723393
146.793_175.614_0.702725
147.287_176.049_0.744061
