configuration 133.385482788_115.927223206_-0.986328190641_0.164792901387_34.5528411865_13.6445770264_-0.541385985877_0.840774175564
length 180.361
time 300
roughness 0.000472474
133.385_115.927_-2.8105
132.905_115.789_-2.91384
132.419_115.671_-2.89317
131.933_115.554_-2.91384
131.447_115.436_-2.89317
130.962_115.318_-2.91384
130.473_115.21_-2.93451
129.985_115.102_-2.91384
129.499_114.984_-2.89317
128.973_114.861_-2.27312
128.654_114.476_-2.25245
128.343_114.084_-2.23178
128.032_113.693_-2.25245
127.721_113.301_-2.23178
127.41_112.91_-2.25245
127.099_112.518_-2.23178
126.796_112.12_-2.21111
126.493_111.722_-2.23178
126.111_111.24_-2.8105
125.648_111.053_-2.70715
125.192_110.848_-2.72782
124.736_110.642_-2.70715
124.281_110.436_-2.72782
123.821_110.24_-2.74849
123.361_110.044_-2.72782
122.905_109.838_-2.70715
122.45_109.632_-2.72782
121.77_109.334_-2.31446
121.368_109.041_-2.70715
120.887_108.914_-3.05852
120.39_108.867_-3.03785
119.893_108.81_-3.01718
119.396_108.753_-3.03785
118.898_108.706_-3.05852
118.401_108.66_-3.03785
117.904_108.603_-3.01718
117.408_108.55_-2.27312
117.081_108.171_-2.29379
116.754_107.793_-2.27312
116.427_107.415_-2.29379
116.1_107.036_-2.27312
115.773_106.658_-2.29379
115.773_106.658_-2.29379
115.378_106.357_-2.68649
114.915_106.17_-2.83116
114.44_106.013_-2.8105
113.966_105.855_-2.83116
113.491_105.697_-2.8105
113.02_105.53_-2.78983
112.549_105.362_-2.8105
112.278_105.204_-2.4178
112.234_105.264_-1.6324
112.107_104.783_-2.0251
111.874_104.341_-2.0871
111.623_103.909_-2.10777
111.372_103.477_-2.0871
111.12_103.044_-2.10777
111.12_103.044_-2.10777
110.954_102.576_-1.71507
110.929_102.078_-1.52906
110.955_101.578_-1.50839
110.981_101.079_-1.52906
111.007_100.58_-1.50839
111.033_100.08_-1.52906
111.049_99.5806_-1.54973
111.064_99.0808_-1.52906
111.09_98.5815_-1.50839
111.11_98.2049_-1.77708
111.105_97.7081_-1.38438
111.213_97.22_-1.32237
111.341_96.7366_-1.30171
111.469_96.2533_-1.32237
111.597_95.77_-1.30171
111.597_95.77_-1.30171
111.633_95.2745_-1.6944
111.496_94.7957_-2.00443
111.291_94.3398_-1.98376
111.085_93.884_-2.00443
110.871_93.4324_-2.0251
110.656_92.9809_-2.00443
110.45_92.5251_-1.98376
110.372_92.1676_-1.59106
110.291_92.1733_-0.805664
110.594_91.7765_-1.03302
110.854_91.3498_-1.01235
111.124_90.9285_-0.99168
111.393_90.5072_-1.01235
111.662_90.0859_-0.99168
111.931_89.6647_-1.01235
112.201_89.2434_-0.99168
112.47_88.8221_-1.01235
112.731_88.3954_-1.03302
112.988_87.9925_-0.888338
113.308_87.6078_-0.86767
113.627_87.2231_-0.888338
113.946_86.8384_-0.86767
114.266_86.4536_-0.888338
114.577_86.0624_-0.909006
114.888_85.6712_-0.888338
115.208_85.2864_-0.86767
115.527_84.9017_-0.888338
115.838_84.5105_-0.909006
116.077_84.2102_-1.13636
116.293_83.7589_-1.11569
116.517_83.3121_-1.09502
116.741_82.8653_-1.11569
116.956_82.4139_-1.13636
117.172_81.9626_-1.11569
117.396_81.5158_-1.09502
117.62_81.069_-1.11569
117.835_80.6176_-1.13636
118.051_80.1663_-1.11569
118.214_79.8496_-1.42572
118.381_79.3815_-1.03302
118.659_78.966_-0.929675
118.962_78.5684_-0.909006
119.265_78.1708_-0.929675
119.568_77.7732_-0.909006
119.568_77.7732_-0.909006
119.837_77.3526_-1.09502
120.061_76.9058_-1.11569
120.286_76.459_-1.09502
120.51_76.0122_-1.11569
120.735_75.5654_-1.09502
120.968_75.1233_-1.07435
121.202_74.6812_-1.09502
121.426_74.2344_-1.11569
121.651_73.7876_-1.09502
121.794_73.5114_-0.743659
122.087_73.1102_-1.13636
122.204_72.6274_-1.52906
122.179_72.1288_-1.71507
122.112_71.6333_-1.6944
122.045_71.1377_-1.71507
121.978_70.6422_-1.6944
121.912_70.1467_-1.71507
121.845_69.6512_-1.6944
121.811_69.2998_-1.13636
121.928_68.817_-1.52906
121.851_68.3261_-1.92176
121.675_67.8584_-1.94242
121.498_67.3907_-1.92176
121.331_66.9194_-1.90109
121.164_66.4482_-1.92176
120.987_65.9805_-1.94242
120.832_65.5509_-2.43847
120.412_65.2824_-2.70715
119.96_65.0673_-2.68649
119.509_64.8522_-2.70715
119.058_64.6371_-2.68649
118.606_64.4219_-2.70715
118.155_64.2068_-2.68649
117.704_63.9917_-2.70715
117.182_63.7467_-2.68649
116.756_63.4865_-2.50047
116.352_63.1916_-2.52114
115.948_62.8968_-2.50047
115.545_62.6019_-2.52114
115.141_62.307_-2.50047
114.737_62.0121_-2.52114
114.333_61.7172_-2.50047
113.929_61.4223_-2.52114
113.526_61.1274_-2.50047
113.222_60.9035_-2.76916
112.786_60.6615_-2.50047
112.382_60.3666_-2.52114
111.978_60.0717_-2.50047
111.575_59.7769_-2.52114
111.171_59.482_-2.50047
110.767_59.1871_-2.52114
110.363_58.8922_-2.50047
109.96_58.5973_-2.52114
109.55_58.3108_-2.54181
109.291_58.129_-2.85183
108.824_57.952_-2.70715
108.368_57.7463_-2.72782
107.913_57.5405_-2.70715
107.457_57.3348_-2.72782
107.001_57.129_-2.70715
106.55_56.9139_-2.68649
106.099_56.6988_-2.70715
105.643_56.493_-2.72782
105.187_56.2873_-2.70715
104.764_56.0852_-2.60381
104.296_55.9189_-2.99651
103.802_55.8415_-2.97584
103.308_55.7641_-2.99651
102.814_55.6867_-2.97584
102.32_55.6093_-2.99651
101.826_55.5319_-2.97584
101.332_55.4545_-2.99651
100.837_55.3874_-3.01718
100.343_55.31_-3.67857
99.8744_55.476_-3.28587
99.3783_55.4502_-2.89317
98.895_55.3222_-2.8725
98.4116_55.1943_-2.89317
97.9283_55.0663_-2.8725
97.4449_54.9384_-2.89317
96.9616_54.8105_-2.8725
96.4782_54.6825_-2.89317
95.9949_54.5546_-2.8725
95.6942_54.4748_-2.56248
95.2786_54.1968_-2.54181
94.8629_53.9189_-2.56248
94.4473_53.6409_-2.54181
94.0317_53.363_-2.56248
93.6161_53.085_-2.54181
93.6161_53.085_-2.54181
93.2005_52.8071_-2.56248
92.7849_52.5291_-2.54181
92.3693_52.2512_-2.56248
91.9536_51.9733_-2.54181
91.538_51.6953_-2.56248
91.538_51.6953_-2.56248
91.1167_51.426_-2.58314
90.69_51.1655_-2.60381
90.2633_50.9049_-2.58314
89.842_50.6356_-2.56248
89.4207_50.3663_-2.58314
88.994_50.1058_-2.60381
88.5672_49.8453_-2.58314
88.1459_49.576_-2.56248
87.7796_49.3505_-3.34787
87.2828_49.3554_-2.95518
86.8098_49.1982_-2.68649
86.3584_48.9831_-2.70715
85.9071_48.768_-2.68649
85.4603_48.5436_-2.66582
85.0135_48.3192_-2.68649
84.5621_48.1041_-2.70715
84.1108_47.8889_-2.68649
83.6133_47.6439_-2.06644
83.2963_47.2614_-2.45913
82.8987_46.9582_-2.52114
82.4949_46.6633_-2.50047
82.0912_46.3685_-2.52114
81.6874_46.0736_-2.50047
81.2898_45.7704_-2.4798
80.8922_45.4672_-2.50047
80.4884_45.1724_-2.52114
80.0847_44.8775_-2.50047
79.6888_44.5756_-2.4798
79.2681_44.3067_-2.66582
78.826_44.0731_-2.64515
78.384_43.8395_-2.66582
77.9419_43.6059_-2.64515
77.4998_43.3723_-2.66582
77.0578_43.1387_-2.64515
76.6157_42.9051_-2.66582
76.1736_42.6715_-2.64515
75.7365_42.4288_-2.62448
75.3266_42.2123_-2.76916
74.8556_42.0449_-2.83116
74.3811_41.8873_-2.8105
73.91_41.7199_-2.78983
73.4388_41.5525_-2.8105
72.9643_41.3948_-2.83116
72.4898_41.2372_-2.8105
72.0187_41.0698_-2.78983
71.5476_40.9023_-2.8105
71.0731_40.7447_-2.83116
70.7414_40.6281_-2.52114
70.7414_40.6281_-2.66582
70.7414_40.6281_-2.66582
70.2783_40.4416_-2.85183
69.8006_40.2938_-2.83116
69.3261_40.1362_-2.8105
68.8517_39.9785_-2.83116
68.3789_39.8327_-2.83116
67.8853_39.7762_-3.22386
67.3874_39.8224_-3.24453
66.8896_39.8687_-3.22386
66.3917_39.9149_-3.24453
65.8939_39.9611_-3.22386
65.396_40.0074_-3.24453
64.8982_40.0536_-3.22386
64.4004_40.0998_-3.24453
63.9787_40.1507_-2.4178
63.5494_39.9006_-2.8105
63.075_39.743_-2.83116
62.6005_39.5853_-2.8105
62.126_39.4277_-2.83116
61.6515_39.2701_-2.8105
61.177_39.1124_-2.83116
60.7025_38.9548_-2.8105
60.228_38.7971_-2.83116
59.8133_38.6676_-3.57523
59.3304_38.7844_-3.18253
58.8396_38.7075_-2.78983
58.3938_38.4836_-2.56248
57.9725_38.2143_-2.58314
57.5512_37.945_-2.56248
57.13_37.6757_-2.58314
56.7087_37.4064_-2.56248
56.2874_37.1371_-2.58314
55.8661_36.8678_-2.56248
55.5625_36.6813_-2.29379
55.2278_36.3098_-2.31446
54.8932_35.9383_-2.29379
54.5585_35.5669_-2.31446
54.2238_35.1954_-2.29379
53.8892_34.8239_-2.31446
53.8892_34.8239_-2.31446
53.488_34.5309_-2.70715
53.0366_34.3158_-2.68649
52.5853_34.1007_-2.70715
52.1339_33.8856_-2.68649
51.6826_33.6704_-2.70715
51.2312_33.4553_-2.68649
50.7799_33.2402_-2.70715
50.3286_33.0251_-2.68649
49.8704_32.8093_-3.34787
49.3736_32.8142_-2.95518
48.9128_32.6286_-2.56248
48.503_32.3422_-2.50047
48.1055_32.039_-2.4798
47.7079_31.7359_-2.50047
47.3103_31.4327_-2.4798
46.9127_31.1295_-2.50047
46.5151_30.8264_-2.4798
46.1175_30.5232_-2.50047
45.78_30.2805_-2.68649
45.3166_30.0939_-2.83116
44.8389_29.9461_-2.85183
44.3583_29.8082_-2.8725
43.8777_29.6703_-2.85183
43.3996_29.5223_-2.83116
42.906_29.4658_-3.22386
42.4144_29.5528_-3.40988
41.9337_29.6903_-3.43055
41.4529_29.8279_-3.40988
40.9722_29.9654_-3.43055
40.4915_30.1029_-3.40988
40.0108_30.2404_-3.43055
39.5301_30.3779_-3.40988
39.2336_30.4658_-2.29379
38.9147_30.0808_-2.23178
38.6118_29.683_-2.21111
38.309_29.2852_-2.23178
38.0061_28.8873_-2.21111
37.7033_28.4895_-2.23178
37.4004_28.0916_-2.21111
37.1059_27.6876_-2.19045
36.8113_27.2836_-2.21111
36.4617_26.8259_-2.83116
36.0219_26.5935_-2.4798
35.6243_26.2903_-2.50047
35.2205_25.9954_-2.52114
34.8167_25.7005_-2.50047
34.4129_25.4057_-2.52114
34.0092_25.1108_-2.50047
33.6054_24.8159_-2.52114
33.2016_24.521_-2.50047
33.0388_24.3979_-1.42572
33.0442_23.8994_-1.6944
32.9877_23.4026_-1.67374
32.9312_22.9058_-1.6944
32.8746_22.409_-1.67374
32.8181_21.9123_-1.6944
32.8181_21.9123_-1.6944
32.844_21.4155_-1.34304
32.9519_20.9273_-1.36371
33.0597_20.4391_-1.34304
33.1676_19.9508_-1.36371
33.2754_19.4626_-1.34304
33.2754_19.4626_-1.34304
33.3833_18.9744_-1.36371
33.4911_18.4862_-1.34304
33.599_17.998_-1.36371
33.7068_17.5097_-1.34304
33.8147_17.0215_-1.36371
33.9226_16.5333_-1.34304
34.0304_16.0451_-1.36371
34.1383_15.5569_-1.34304
34.2461_15.0686_-1.36371
34.354_14.5804_-1.34304
34.4618_14.0922_-1.36371
34.5673_13.6575_-1.30171
34.5673_13.6575_-1.30171
