configuration -14.0353517532_151.94859314_0.0_1.0_147.259887695_176.039077759_0.145212769539_0.989400450557
length 186.663
time 4.61981
roughness 0.000267994
-14.0354_151.949_-0
-13.5362_151.974_0.103342
-13.0384_152.021_0.0826735
-12.5406_152.067_0.103342
-12.0428_152.114_0.0826735
-11.5449_152.16_0.103342
-11.5449_152.16_0.103342
-11.0471_152.207_0.0826735
-10.5493_152.253_0.103342
-10.0514_152.299_0.0826735
-9.5536_152.346_0.103342
-9.05577_152.392_0.0826735
-9.05577_152.392_0.0826735
-8.56418_152.48_0.268689
-8.08078_152.607_0.24802
-7.59738_152.735_0.268689
-7.11398_152.863_0.24802
-6.62805_152.981_0.227352
-6.62805_152.981_0.227352
-6.13597_153.068_0.12401
-5.64048_153.135_0.144679
-5.14499_153.202_0.12401
-4.64951_153.269_0.144679
-4.15402_153.336_0.12401
-4.15402_153.336_0.12401
-3.65555_153.372_0.0206684
-3.15559_153.377_-9.71445e-17
-2.65562_153.382_0.0206684
-2.15566_153.387_-9.71445e-17
-1.65569_153.393_0.0206684
-1.65569_153.393_0.0206684
-1.16655_153.306_-0.372031
-0.702663_153.119_-0.392699
-0.238779_152.933_-0.372031
0.225105_152.746_-0.392699
0.688989_152.56_-0.372031
0.688989_152.56_-0.372031
1.17347_152.442_-0.103342
1.67024_152.385_-0.12401
2.167_152.329_-0.103342
2.66376_152.272_-0.12401
3.15925_152.205_-0.144679
3.15925_152.205_-0.144679
3.62743_152.039_-0.537378
3.99639_151.706_-0.930077
4.25639_151.28_-1.11609
4.47133_150.829_-1.13676
4.67689_150.373_-1.15743
4.67689_150.373_-1.15743
4.96137_149.965_-0.76473
5.38006_149.698_-0.372031
5.8692_149.611_0.0206684
6.35708_149.708_0.372031
6.82472_149.885_0.351362
6.82472_149.885_0.351362
7.31152_149.993_0.0826735
7.80935_150.039_0.103342
8.30718_150.085_0.0826735
8.80501_150.132_0.103342
9.30284_150.178_0.0826735
9.30284_150.178_0.0826735
9.79954_150.235_0.144679
10.295_150.302_0.12401
10.7905_150.369_0.144679
11.2845_150.446_0.165347
11.7785_150.523_0.144679
11.7785_150.523_0.144679
12.2663_150.631_0.289357
12.747_150.769_0.268689
13.2304_150.896_0.24802
13.7138_151.024_0.268689
14.1972_151.152_0.24802
14.1972_151.152_0.24802
14.6874_151.249_0.144679
15.1814_151.327_0.165347
15.6754_151.404_0.144679
16.1694_151.481_0.165347
16.6634_151.558_0.144679
16.6634_151.558_0.144679
17.1512_151.666_0.289357
17.6289_151.813_0.310026
18.1066_151.961_0.289357
18.5843_152.108_0.310026
19.062_152.256_0.289357
19.062_152.256_0.289357
19.5517_152.354_0.103342
20.0485_152.41_0.12401
20.544_152.477_0.144679
21.0394_152.544_0.12401
21.5349_152.611_0.144679
21.5349_152.611_0.144679
22.0289_152.688_0.165347
22.5212_152.776_0.186015
23.0135_152.863_0.165347
23.5058_152.95_0.186015
23.9981_153.038_0.165347
23.9981_153.038_0.165347
24.4955_153.084_0.0206684
24.9953_153.1_0.0413367
25.495_153.115_0.0206684
25.9948_153.131_0.0413367
26.4945_153.146_0.0206684
26.4945_153.146_0.0206684
26.9943_153.162_0.0413367
27.494_153.177_0.0206684
27.9938_153.193_0.0413367
28.4931_153.219_0.0620051
28.9924_153.244_0.0413367
28.9924_153.244_0.0413367
29.491_153.281_0.103342
29.9878_153.337_0.12401
30.4846_153.394_0.103342
30.9813_153.451_0.12401
31.4781_153.507_0.103342
31.4781_153.507_0.103342
31.9527_153.654_0.496041
32.3421_153.964_0.847403
32.6692_154.342_0.868072
32.9962_154.72_0.847403
33.1927_154.967_0.950745
33.1927_154.967_0.950745
33.5547_155.307_0.558046
34.0193_155.483_0.165347
34.5176_155.509_-0.0620051
35.0153_155.462_-0.12401
35.486_155.409_-0.103342
35.486_155.409_-0.103342
35.9806_155.455_0.289357
36.4199_155.687_0.682056
36.7371_156.069_1.07476
36.8838_156.544_1.46745
36.9841_156.869_1.07476
36.9841_156.869_1.07476
37.3012_157.251_0.682056
37.7406_157.483_0.289357
38.2284_157.59_0.144679
38.7224_157.668_0.165347
39.2147_157.755_0.186015
39.2147_157.755_0.186015
39.707_157.842_0.165347
40.201_157.92_0.144679
40.695_157.997_0.165347
41.189_158.074_0.144679
41.683_158.151_0.165347
41.683_158.151_0.165347
42.1477_158.327_0.558046
42.5382_158.637_0.785398
42.8954_158.987_0.76473
43.2525_159.337_0.785398
43.6097_159.687_0.76473
43.6097_159.687_0.76473
43.9943_160.006_0.620051
44.3981_160.301_0.64072
44.802_160.595_0.620051
45.2059_160.89_0.64072
45.6098_161.185_0.620051
45.6098_161.185_0.620051
45.9656_161.533_0.930077
46.2603_161.937_0.950745
46.555_162.341_0.930077
46.8498_162.745_0.950745
47.1445_163.149_0.930077
47.1445_163.149_0.930077
47.5134_163.482_0.537378
47.96_163.706_0.392699
48.4199_163.902_0.413367
48.8798_164.098_0.392699
49.3397_164.294_0.413367
49.3397_164.294_0.413367
49.8212_164.421_0.103342
50.318_164.478_0.12401
50.8147_164.535_0.103342
51.3115_164.591_0.12401
51.8083_164.648_0.103342
51.8083_164.648_0.103342
52.305_164.705_0.12401
52.8018_164.761_0.103342
53.2986_164.818_0.12401
53.7953_164.875_0.103342
54.2921_164.932_0.12401
54.2921_164.932_0.12401
54.774_165.059_0.392699
55.2379_165.246_0.372031
55.7018_165.432_0.392699
56.1657_165.619_0.372031
56.6296_165.805_0.392699
56.6296_165.805_0.392699
57.0488_166.073_0.744061
57.4201_166.408_0.723393
57.7915_166.743_0.744061
58.1628_167.077_0.723393
58.5341_167.412_0.744061
58.5341_167.412_0.744061
58.9583_167.671_0.351362
59.448_167.758_-3.33067e-16
59.948_167.763_0.0206684
60.448_167.768_-3.33067e-16
60.9479_167.773_0.0206684
60.9479_167.773_0.0206684
61.4358_167.87_0.372031
61.9034_168.047_0.351362
62.3711_168.224_0.372031
62.8387_168.401_0.351362
63.3064_168.578_0.372031
63.3064_168.578_0.372031
63.7775_168.745_0.310026
64.2552_168.893_0.289357
64.2552_168.893_0.289357
64.7096_169.098_0.558046
65.1365_169.358_0.537378
65.5686_169.61_0.516709
66.0008_169.861_0.537378
66.4329_170.113_0.516709
66.4329_170.113_0.516709
66.8701_170.355_0.496041
67.3074_170.598_0.516709
67.7446_170.84_0.496041
68.1819_171.083_0.516709
68.6191_171.325_0.496041
68.6191_171.325_0.496041
69.0512_171.577_0.558046
69.4781_171.837_0.537378
69.9049_172.097_0.558046
70.3318_172.358_0.537378
70.7586_172.618_0.558046
70.7586_172.618_0.558046
71.1622_172.913_0.702725
71.5403_173.24_0.723393
71.9117_173.574_0.744061
72.0903_173.683_0.351362
72.0903_173.683_0.351362
72.5811_173.76_-0.0413367
73.0804_173.734_-0.0620051
73.5797_173.708_-0.0413367
74.0791_173.683_-0.0620051
74.5784_173.657_-0.0413367
74.5784_173.657_-0.0413367
75.0612_173.54_-0.434036
75.469_173.255_-0.785398
75.8262_172.905_-0.76473
76.1905_172.563_-0.744061
76.5549_172.22_-0.76473
76.5549_172.22_-0.76473
76.9735_171.953_-0.372031
77.4627_171.866_0.0206684
77.9619_171.892_0.0826735
78.4606_171.928_0.0620051
78.96_171.954_0.0413367
78.96_171.954_0.0413367
79.4508_171.877_-0.351362
79.8749_171.618_-0.744061
80.1678_171.217_-1.13676
80.2847_170.734_-1.52946
80.2487_170.237_-1.75681
80.2487_170.237_-1.75681
80.2229_169.739_-1.48812
80.2591_169.24_-1.50879
80.2952_168.741_-1.48812
80.3313_168.243_-1.50879
80.3675_167.744_-1.48812
80.3675_167.744_-1.48812
80.5043_167.267_-1.09542
80.7468_166.829_-1.03342
80.9982_166.397_-1.05409
81.2497_165.965_-1.03342
81.5012_165.533_-1.05409
81.5012_165.533_-1.05409
81.8262_165.157_-0.661388
82.2416_164.88_-0.516709
82.6788_164.637_-0.496041
83.121_164.404_-0.475373
83.121_164.404_-0.475373
83.5098_164.095_-0.868072
83.7692_163.669_-1.1781
83.9557_163.205_-1.19877
84.1423_162.742_-1.1781
84.3192_162.274_-1.2401
84.3192_162.274_-1.2401
84.4062_161.784_-1.55013
84.3907_161.284_-1.65347
84.3996_161.206_-1.26077
84.3996_161.206_-0.868072
84.3996_161.206_-0.868072
84.7492_160.849_-0.723393
85.1205_160.515_-0.744061
85.4919_160.18_-0.723393
85.8632_159.845_-0.744061
85.8632_159.845_-0.744061
86.156_159.444_-1.13676
86.3521_158.984_-1.19877
86.5193_158.513_-1.26077
86.5193_158.513_-1.26077
86.7515_158.073_-0.909408
87.0627_157.681_-0.88874
87.3819_157.296_-0.868072
87.709_156.918_-0.847403
87.709_156.918_-0.847403
87.9588_156.489_-1.2401
88.0254_155.997_-1.6328
87.8984_155.516_-2.0255
87.8784_155.44_-1.6328
87.8784_155.44_-1.2401
87.8784_155.44_-1.2401
88.1283_155.011_-0.847403
88.5235_154.71_-0.454704
88.9792_154.504_-0.392699
89.4431_154.318_-0.372031
89.7956_154.093_-0.76473
89.7956_154.093_-0.76473
90.2143_153.825_-0.372031
90.7035_153.738_0.0206684
91.1995_153.795_0.206684
91.6878_153.903_0.227352
92.176_154.01_0.206684
92.176_154.01_0.206684
92.6531_154.158_0.392699
93.117_154.344_0.372031
93.5808_154.531_0.392699
94.0447_154.718_0.372031
94.5086_154.904_0.392699
94.5086_154.904_0.392699
94.9598_155.119_0.496041
95.402_155.352_0.475373
95.8442_155.586_0.496041
96.2863_155.819_0.475373
96.7285_156.053_0.496041
96.7285_156.053_0.496041
97.1878_156.248_0.310026
97.6623_156.406_0.330694
98.1335_156.573_0.351362
98.6047_156.74_0.330694
99.0759_156.908_0.351362
99.0759_156.908_0.351362
99.5471_157.075_0.330694
100.022_157.232_0.310026
100.496_157.39_0.330694
100.971_157.547_0.310026
101.445_157.705_0.330694
101.445_157.705_0.330694
101.913_157.881_0.392699
102.377_158.068_0.372031
102.841_158.255_0.392699
103.305_158.441_0.372031
103.768_158.628_0.392699
103.768_158.628_0.392699
104.228_158.824_0.413367
104.688_159.02_0.392699
105.148_159.216_0.413367
105.608_159.412_0.392699
106.068_159.608_0.413367
106.068_159.608_0.413367
106.51_159.841_0.558046
106.937_160.102_0.537378
107.364_160.362_0.558046
107.79_160.622_0.537378
108.223_160.874_0.516709
108.223_160.874_0.516709
108.674_161.089_0.372031
109.141_161.266_0.351362
109.609_161.443_0.372031
110.077_161.619_0.351362
110.544_161.796_0.372031
110.544_161.796_0.372031
111.012_161.973_0.351362
111.479_162.15_0.372031
111.947_162.327_0.351362
112.415_162.504_0.372031
112.882_162.681_0.351362
112.882_162.681_0.351362
113.354_162.848_0.330694
113.828_163.006_0.310026
114.303_163.163_0.330694
114.777_163.321_0.310026
115.252_163.478_0.330694
115.252_163.478_0.330694
115.723_163.645_0.351362
116.191_163.822_0.372031
116.658_163.999_0.351362
117.126_164.176_0.372031
117.594_164.353_0.351362
117.594_164.353_0.351362
118.061_164.53_0.372031
118.525_164.717_0.392699
118.989_164.903_0.372031
119.453_165.09_0.392699
119.917_165.276_0.372031
119.917_165.276_0.372031
120.372_165.482_0.475373
120.819_165.706_0.454704
121.266_165.93_0.475373
121.713_166.154_0.454704
122.16_166.379_0.475373
122.16_166.379_0.475373
122.615_166.584_0.372031
123.079_166.771_0.392699
123.543_166.957_0.372031
124.007_167.144_0.392699
124.471_167.33_0.372031
124.471_167.33_0.372031
124.942_167.497_0.310026
125.417_167.655_0.330694
125.888_167.822_0.351362
126.359_167.989_0.330694
126.834_168.147_0.310026
126.834_168.147_0.310026
127.308_168.304_0.330694
127.779_168.471_0.351362
128.251_168.639_0.330694
128.722_168.806_0.351362
129.193_168.973_0.330694
129.193_168.973_0.330694
129.661_169.15_0.392699
130.124_169.337_0.372031
130.588_169.523_0.392699
131.052_169.71_0.372031
131.516_169.896_0.392699
131.516_169.896_0.392699
131.98_170.083_0.372031
132.448_170.26_0.351362
132.915_170.437_0.372031
133.379_170.623_0.392699
133.843_170.81_0.372031
133.843_170.81_0.372031
134.299_171.015_0.475373
134.746_171.239_0.454704
135.192_171.464_0.475373
135.639_171.688_0.454704
136.086_171.912_0.475373
136.086_171.912_0.475373
136.553_172.089_0.24802
137.036_172.216_0.268689
137.52_172.344_0.24802
138.003_172.472_0.268689
138.486_172.6_0.24802
138.486_172.6_0.24802
138.961_172.757_0.392699
139.424_172.944_0.372031
139.888_173.13_0.392699
140.352_173.317_0.372031
140.816_173.503_0.392699
140.816_173.503_0.392699
141.28_173.69_0.372031
141.744_173.876_0.392699
142.208_174.063_0.372031
142.672_174.249_0.392699
143.136_174.436_0.372031
143.136_174.436_0.372031
143.603_174.613_0.351362
144.071_174.79_0.372031
144.535_174.976_0.392699
144.999_175.163_0.372031
145.466_175.34_0.351362
145.466_175.34_0.351362
145.934_175.517_0.372031
146.398_175.703_0.392699
146.862_175.89_0.372031
147.255_176.039_0.351362
147.255_176.039_0.351362
