configuration 133.385482788_115.927223206_-0.986328190641_0.164792901387_34.5528411865_13.6445770264_-0.541385985877_0.840774175564
length 182.73
time 7.27324
roughness 0.000416214
133.385_115.927_-2.8105
132.903_115.799_-2.95518
132.41_115.712_-2.97584
131.918_115.624_-2.95518
131.426_115.537_-2.97584
130.934_115.449_-2.95518
130.934_115.449_-2.95518
130.473_115.264_-2.56248
130.082_114.953_-2.37646
129.718_114.61_-2.39713
129.354_114.267_-2.37646
128.989_113.925_-2.39713
128.989_113.925_-2.39713
128.671_113.541_-2.12844
128.402_113.12_-2.14911
128.125_112.704_-2.16978
127.847_112.288_-2.14911
127.57_111.872_-2.16978
127.57_111.872_-2.16978
127.215_111.524_-2.56248
126.754_111.339_-2.95518
126.257_111.344_-3.34787
125.787_111.51_-3.61656
125.787_111.51_-3.61656
125.31_111.647_-3.22386
124.816_111.59_-2.83116
124.382_111.349_-2.43847
124.245_111.273_-2.83116
124.245_111.273_-2.83116
123.777_111.096_-2.72782
123.317_110.9_-2.74849
122.857_110.703_-2.72782
122.398_110.507_-2.74849
121.934_110.32_-2.76916
121.934_110.32_-2.76916
121.515_110.053_-2.37646
121.166_109.696_-2.31446
120.823_109.331_-2.33512
120.481_108.967_-2.31446
120.139_108.602_-2.33512
120.139_108.602_-2.33512
119.732_108.317_-2.72782
119.247_108.21_-3.12052
119.119_108.182_-2.72782
119.119_108.182_-2.33512
119.119_108.182_-2.35579
119.119_108.182_-2.35579
118.728_107.871_-2.58314
118.307_107.602_-2.56248
117.886_107.333_-2.58314
117.465_107.064_-2.56248
117.043_106.794_-2.58314
117.043_106.794_-2.58314
116.593_106.58_-2.8105
116.122_106.412_-2.78983
115.654_106.235_-2.76916
115.187_106.058_-2.78983
114.719_105.881_-2.76916
114.719_105.881_-2.76916
114.23_105.794_-3.16186
113.737_105.871_-3.43055
113.266_106.038_-3.53389
113.113_106.068_-3.14119
113.113_106.068_-3.14119
112.625_105.971_-2.74849
112.212_105.695_-2.35579
111.863_105.338_-2.33512
111.513_104.98_-2.35579
111.163_104.623_-2.33512
111.163_104.623_-2.33512
110.896_104.204_-1.94242
110.809_103.715_-1.54973
110.916_103.23_-1.15703
111.193_102.816_-0.805664
111.292_102.662_-1.19836
111.292_102.662_-1.19836
111.379_102.173_-1.59106
111.353_101.674_-1.65307
111.296_101.177_-1.71507
111.296_101.177_-1.71507
111.13_100.709_-2.10777
110.845_100.299_-2.25245
110.526_99.9141_-2.27312
110.207_99.5291_-2.25245
109.888_99.1441_-2.27312
109.888_99.1441_-2.27312
109.647_98.7096_-1.88042
109.591_98.216_-1.48772
109.668_97.7224_-1.34304
109.776_97.2342_-1.36371
109.884_96.746_-1.34304
109.884_96.746_-1.34304
110.088_96.2932_-0.950343
110.399_95.9021_-0.847001
110.734_95.5309_-0.826333
111.069_95.1597_-0.847001
111.396_94.7817_-0.86767
111.396_94.7817_-0.86767
111.731_94.4105_-0.805664
112.074_94.0463_-0.826333
112.416_93.6821_-0.805664
112.759_93.3179_-0.826333
113.102_92.9538_-0.805664
113.102_92.9538_-0.805664
113.378_92.5403_-1.15703
113.584_92.0846_-1.13636
113.79_91.6289_-1.15703
113.995_91.1732_-1.13636
114.201_90.7175_-1.15703
114.201_90.7175_-1.15703
114.349_90.2409_-1.38438
114.446_89.7505_-1.36371
114.554_89.2623_-1.34304
114.662_88.7741_-1.36371
114.77_88.2858_-1.34304
114.77_88.2858_-1.34304
114.785_87.7893_-1.73574
114.61_87.3246_-2.12844
114.292_86.9407_-2.39713
113.921_86.6058_-2.4178
113.549_86.2708_-2.39713
113.549_86.2708_-2.39713
113.257_85.8694_-2.00443
113.14_85.3865_-1.61173
113.217_84.8957_-1.21903
113.422_84.4404_-1.07435
113.656_83.9983_-1.09502
113.656_83.9983_-1.09502
113.965_83.6096_-0.702323
114.386_83.3414_-0.433634
114.841_83.1361_-0.412965
115.301_82.9401_-0.392297
115.761_82.7442_-0.412965
115.761_82.7442_-0.412965
116.169_82.4599_-0.805664
116.436_82.0413_-1.19836
116.534_81.5535_-1.54973
116.549_81.0537_-1.52906
116.565_80.554_-1.54973
116.565_80.554_-1.54973
116.672_80.0689_-1.15703
116.957_79.6617_-0.764328
117.376_79.3945_-0.371629
117.662_79.2117_-0.764328
117.662_79.2117_-0.764328
117.947_78.8045_-1.15703
118.094_78.3279_-1.38438
118.192_77.8375_-1.36371
118.3_77.3493_-1.34304
118.408_76.8611_-1.36371
118.408_76.8611_-1.36371
118.603_76.4042_-0.971011
118.914_76.0133_-0.826333
119.256_75.6491_-0.805664
119.606_75.292_-0.784996
119.956_74.935_-0.805664
119.956_74.935_-0.805664
120.224_74.5164_-1.19836
120.311_74.0273_-1.59106
120.204_73.5421_-1.98376
119.962_73.1054_-2.16978
119.685_72.6896_-2.14911
119.685_72.6896_-2.14911
119.499_72.2286_-1.75641
119.505_71.7318_-1.36371
119.681_71.2661_-1.05368
119.942_70.8394_-0.99168
120.086_70.5023_-1.34304
120.086_70.5023_-1.34304
120.214_70.019_-1.28104
120.361_69.5414_-1.26037
120.509_69.0637_-1.28104
120.657_68.5861_-1.26037
120.805_68.1084_-1.28104
120.805_68.1084_-1.28104
121.037_67.6692_-0.888338
121.386_67.3127_-0.702323
121.679_66.9444_-1.09502
121.679_66.9444_-1.09502
121.816_66.4669_-1.48772
121.76_65.9732_-1.88042
121.52_65.5387_-2.27312
121.131_65.2294_-2.66582
120.653_65.0924_-3.05852
120.653_65.0924_-3.05852
120.176_64.9553_-2.66582
119.787_64.646_-2.27312
119.51_64.2311_-2.04577
119.217_63.8625_-2.43847
119.217_63.8625_-2.43847
118.787_63.6122_-2.78983
118.316_63.4448_-2.8105
117.845_63.2773_-2.78983
117.374_63.1099_-2.8105
116.903_62.9425_-2.78983
116.903_62.9425_-2.78983
116.443_62.7463_-2.68649
115.992_62.5312_-2.70715
115.541_62.3161_-2.68649
115.089_62.1009_-2.70715
114.638_61.8858_-2.68649
114.638_61.8858_-2.68649
114.178_61.6896_-2.78983
113.707_61.5222_-2.8105
113.236_61.3548_-2.78983
112.765_61.1874_-2.8105
112.294_61.02_-2.78983
112.294_61.02_-2.78983
111.834_60.8238_-2.68649
111.383_60.6086_-2.70715
110.927_60.4029_-2.72782
110.471_60.1971_-2.70715
110.016_59.9914_-2.72782
110.016_59.9914_-2.72782
109.564_59.7763_-2.66582
109.117_59.5519_-2.68649
108.671_59.3275_-2.66582
108.224_59.1031_-2.68649
107.777_58.8787_-2.66582
107.777_58.8787_-2.66582
107.326_58.6636_-2.72782
106.87_58.4578_-2.70715
106.419_58.2427_-2.68649
105.967_58.0276_-2.70715
105.516_57.8125_-2.68649
105.516_57.8125_-2.68649
105.079_57.5699_-2.58314
104.652_57.3094_-2.60381
104.226_57.0488_-2.58314
103.799_56.7883_-2.60381
103.372_56.5278_-2.58314
103.372_56.5278_-2.58314
102.945_56.2672_-2.60381
102.519_56.0067_-2.58314
102.092_55.7462_-2.60381
101.665_55.4856_-2.58314
101.238_55.2251_-2.60381
101.238_55.2251_-2.60381
100.801_54.9824_-2.66582
100.359_54.7489_-2.64515
99.9171_54.5153_-2.66582
99.4751_54.2817_-2.64515
99.033_54.0481_-2.66582
99.033_54.0481_-2.66582
98.6011_53.7965_-2.56248
98.1799_53.5272_-2.58314
97.7586_53.2579_-2.56248
97.3373_52.9886_-2.58314
96.916_52.7193_-2.56248
96.916_52.7193_-2.56248
96.4894_52.4588_-2.62448
96.0522_52.2162_-2.64515
95.6151_51.9735_-2.62448
95.1779_51.7308_-2.64515
94.7408_51.4881_-2.62448
94.7408_51.4881_-2.62448
94.2988_51.2546_-2.68649
93.8474_51.0395_-2.70715
93.3961_50.8243_-2.68649
92.9447_50.6092_-2.70715
92.4934_50.3941_-2.68649
92.4934_50.3941_-2.68649
92.0466_50.1697_-2.66582
91.6045_49.9361_-2.64515
91.1624_49.7025_-2.66582
90.7204_49.4689_-2.64515
90.2783_49.2353_-2.66582
90.2783_49.2353_-2.66582
89.8228_49.0297_-2.76916
89.359_48.8429_-2.74849
88.8991_48.6466_-2.72782
88.4393_48.4503_-2.74849
87.9794_48.2541_-2.72782
87.9794_48.2541_-2.72782
87.5157_48.0673_-2.78983
87.0481_47.8902_-2.76916
86.5805_47.7131_-2.78983
86.113_47.536_-2.76916
85.6454_47.3589_-2.78983
85.6454_47.3589_-2.78983
85.1546_47.282_-3.18253
84.6553_47.3076_-3.2032
84.1566_47.3435_-3.22386
83.6579_47.3795_-3.2032
83.1592_47.4154_-3.22386
83.1592_47.4154_-3.22386
82.6656_47.3589_-2.83116
82.2022_47.1723_-2.68649
81.7554_46.9479_-2.66582
81.3086_46.7235_-2.68649
80.8618_46.4991_-2.66582
80.8618_46.4991_-2.66582
80.4299_46.2475_-2.56248
80.0086_45.9782_-2.58314
79.5874_45.7089_-2.56248
79.1661_45.4396_-2.58314
78.7448_45.1703_-2.56248
78.7448_45.1703_-2.56248
78.3034_44.9371_-2.74849
77.8435_44.7408_-2.72782
77.3878_44.535_-2.70715
76.9322_44.3293_-2.72782
76.4765_44.1235_-2.70715
76.4765_44.1235_-2.70715
76.0167_43.9273_-2.76916
75.5529_43.7405_-2.74849
75.0891_43.5538_-2.76916
74.6252_43.3671_-2.74849
74.1614_43.1803_-2.76916
74.1614_43.1803_-2.76916
73.7256_42.9384_-2.50047
73.328_42.6352_-2.4798
72.9304_42.332_-2.50047
72.5328_42.0289_-2.4798
72.1352_41.7257_-2.50047
72.1352_41.7257_-2.50047
71.6994_41.4837_-2.76916
71.2356_41.297_-2.74849
70.7718_41.1103_-2.76916
70.3079_40.9235_-2.74849
69.8441_40.7368_-2.76916
69.8441_40.7368_-2.76916
69.3886_40.5311_-2.66582
68.9466_40.2975_-2.64515
68.5045_40.0639_-2.66582
68.0624_39.8303_-2.64515
67.6204_39.5968_-2.66582
67.6204_39.5968_-2.66582
67.1735_39.3724_-2.68649
66.7267_39.1479_-2.66582
66.2799_38.9235_-2.68649
65.8331_38.6991_-2.66582
65.3863_38.4747_-2.68649
65.3863_38.4747_-2.68649
64.972_38.1976_-2.4178
64.5939_37.8704_-2.43847
64.2092_37.5511_-2.45913
63.8245_37.2317_-2.43847
63.4397_36.9124_-2.45913
63.4397_36.9124_-2.45913
63.0048_36.6709_-2.8105
62.5337_36.5035_-2.78983
62.0661_36.3264_-2.76916
61.5986_36.1493_-2.78983
61.131_35.9722_-2.76916
61.131_35.9722_-2.76916
60.6537_35.8245_-2.91384
60.1655_35.7167_-2.93451
59.6773_35.6088_-2.91384
59.1891_35.5009_-2.93451
58.7009_35.3931_-2.91384
58.7009_35.3931_-2.91384
58.215_35.2752_-2.89317
57.7291_35.1573_-2.91384
57.2432_35.0393_-2.89317
56.7573_34.9214_-2.91384
56.2691_34.8136_-2.93451
56.2691_34.8136_-2.93451
55.7809_34.7057_-2.91384
55.2927_34.5979_-2.93451
54.8044_34.49_-2.91384
54.3162_34.3821_-2.93451
53.828_34.2743_-2.91384
53.828_34.2743_-2.91384
53.3579_34.1072_-2.68649
52.9065_33.8921_-2.70715
52.4508_33.6864_-2.72782
51.9951_33.4806_-2.70715
51.5394_33.2749_-2.72782
51.5394_33.2749_-2.72782
51.1323_32.9902_-2.33512
50.7977_32.6188_-2.27312
50.4707_32.2405_-2.29379
50.1438_31.8622_-2.27312
49.8169_31.4839_-2.29379
49.8169_31.4839_-2.29379
49.4219_31.1827_-2.68649
48.9662_30.9769_-2.74849
48.5064_30.7806_-2.72782
48.0465_30.5844_-2.74849
47.5867_30.3881_-2.72782
47.5867_30.3881_-2.72782
47.131_30.1823_-2.70715
46.6753_29.9766_-2.72782
46.2196_29.7708_-2.70715
45.7639_29.5651_-2.72782
45.3082_29.3593_-2.70715
45.3082_29.3593_-2.70715
44.8254_29.2422_-3.09985
44.3261_29.2575_-3.24453
43.8293_29.314_-3.2652
43.3325_29.3705_-3.24453
42.8357_29.427_-3.2652
42.8357_29.427_-3.2652
42.3402_29.3909_-2.8725
41.8963_29.1679_-2.4798
41.5715_28.792_-2.0871
41.3475_28.3452_-1.98376
41.1421_27.8894_-2.00443
41.1421_27.8894_-2.00443
40.8495_27.488_-2.39713
40.4409_27.2023_-2.66582
39.9988_26.9687_-2.64515
39.5617_26.7261_-2.62448
39.1245_26.4834_-2.64515
39.1245_26.4834_-2.64515
38.6584_26.3068_-2.91384
38.1725_26.1889_-2.89317
37.6891_26.0609_-2.8725
37.2058_25.933_-2.89317
36.7224_25.8051_-2.8725
36.7224_25.8051_-2.8725
36.7224_25.8051_-2.4798
36.7224_25.8051_-2.4798
36.2785_25.5821_-2.8725
35.7979_25.4442_-2.85183
35.3173_25.3063_-2.8725
34.8367_25.1684_-2.85183
34.513_24.9974_-2.45913
34.513_24.9974_-2.45913
34.1351_24.6702_-2.39713
33.7639_24.3352_-2.4178
33.3927_24.0003_-2.39713
33.0215_23.6653_-2.4178
32.6434_23.3381_-2.43847
32.6434_23.3381_-2.43847
32.3344_22.9491_-2.04577
32.1978_22.4715_-1.65307
32.2543_21.9779_-1.26037
32.4827_21.5664_-0.86767
32.7694_21.3387_-0.47497
32.7694_21.3387_-0.47497
33.1584_21.0297_-0.86767
33.3995_20.5953_-1.26037
33.5173_20.1099_-1.40505
33.5947_19.6159_-1.42572
33.6721_19.1219_-1.40505
33.6721_19.1219_-1.40505
33.7495_18.628_-1.42572
33.8269_18.134_-1.40505
33.9043_17.6401_-1.42572
33.9817_17.1461_-1.40505
34.0591_16.6521_-1.42572
34.0591_16.6521_-1.42572
34.1365_16.1582_-1.40505
34.2139_15.6642_-1.42572
34.2912_15.1702_-1.40505
34.3788_14.678_-1.38438
34.4664_14.1857_-1.40505
34.4664_14.1857_-1.40505
34.5438_13.6917_-1.42572
34.5438_13.6917_-1.42572
