configuration -14.0353517532_151.94859314_0.0_1.0_147.259887695_176.039077759_0.145212769539_0.989400450557
length 183.482
time 3.04919
roughness 0.000223085
-14.0354_151.949_-0
-13.5371_151.985_0.144679
-13.0416_152.052_0.12401
-12.5461_152.119_0.144679
-12.0506_152.186_0.12401
-11.5552_152.253_0.144679
-11.5552_152.253_0.144679
-11.059_152.227_-0.24802
-10.6056_152.022_-0.599383
-10.1957_151.736_-0.620051
-9.78578_151.45_-0.599383
-9.37005_151.172_-0.578714
-9.37005_151.172_-0.578714
-8.90913_150.987_-0.186015
-8.41173_150.981_0.165347
-7.91773_151.059_0.144679
-7.42374_151.136_0.165347
-6.92974_151.213_0.144679
-6.92974_151.213_0.144679
-6.43752_151.3_0.206684
-5.94713_151.398_0.186015
-5.45675_151.496_0.206684
-4.96636_151.593_0.186015
-4.47598_151.691_0.206684
-4.47598_151.691_0.206684
-3.98376_151.778_0.144679
-3.48976_151.855_0.165347
-2.99576_151.932_0.144679
-2.50177_152.01_0.165347
-2.00777_152.087_0.144679
-2.00777_152.087_0.144679
-1.51555_152.174_0.206684
-1.02728_152.282_0.227352
-0.53902_152.389_0.206684
-0.0507567_152.497_0.227352
0.437507_152.605_0.206684
0.437507_152.605_0.206684
0.934273_152.61_-0.186015
1.42657_152.523_-0.165347
1.91886_152.435_-0.186015
2.41116_152.348_-0.165347
2.90345_152.26_-0.186015
2.90345_152.26_-0.186015
3.39384_152.163_-0.206684
3.88422_152.065_-0.186015
4.37461_151.968_-0.206684
4.86499_151.87_-0.186015
5.35537_151.773_-0.206684
5.35537_151.773_-0.206684
5.84124_151.655_-0.268689
6.32464_151.527_-0.24802
6.80803_151.399_-0.268689
7.29143_151.272_-0.24802
7.77483_151.144_-0.268689
7.77483_151.144_-0.268689
8.26883_151.077_-1.11022e-16
8.7688_151.072_-0.0206684
9.26876_151.067_-1.11022e-16
9.76873_151.062_-0.0206684
10.2687_151.057_-1.11022e-16
10.2687_151.057_-1.11022e-16
10.7607_151.133_0.310026
11.2384_151.281_0.289357
11.7161_151.429_0.310026
12.1938_151.576_0.289357
12.6715_151.724_0.310026
12.6715_151.724_0.310026
13.1651_151.78_-0.0826735
13.6618_151.724_-0.144679
14.1573_151.657_-0.12401
14.6528_151.59_-0.144679
15.1483_151.523_-0.12401
15.1483_151.523_-0.12401
15.6472_151.517_0.103342
16.145_151.564_0.0826735
16.6428_151.61_0.103342
17.1407_151.657_0.0826735
17.6385_151.703_0.103342
17.6385_151.703_0.103342
18.1323_151.78_0.206684
18.6227_151.878_0.186015
19.115_151.965_0.165347
19.6073_152.053_0.186015
20.0995_152.14_0.165347
20.0995_152.14_0.165347
20.5823_152.268_0.351362
21.0535_152.435_0.330694
21.528_152.592_0.310026
22.0026_152.75_0.330694
22.4771_152.907_0.310026
22.4771_152.907_0.310026
22.9691_152.984_-1.66533e-16
23.4691_152.989_0.0206684
23.9691_152.994_-1.66533e-16
24.469_153_0.0206684
24.969_153.005_-1.66533e-16
24.969_153.005_-1.66533e-16
25.4661_153.051_0.186015
25.9565_153.149_0.206684
26.4469_153.246_0.186015
26.9373_153.344_0.206684
27.4277_153.441_0.186015
27.4277_153.441_0.186015
27.918_153.539_0.206684
28.4084_153.636_0.186015
28.8988_153.734_0.206684
29.3892_153.831_0.186015
29.8796_153.929_0.206684
29.8796_153.929_0.206684
30.3628_154.057_0.310026
30.8373_154.214_0.330694
31.3119_154.372_0.310026
31.7864_154.529_0.330694
32.261_154.687_0.310026
32.261_154.687_0.310026
32.7158_154.892_0.537378
33.1479_155.143_0.516709
33.5801_155.395_0.537378
34.0122_155.646_0.516709
34.4443_155.898_0.537378
34.4443_155.898_0.537378
34.9125_156.064_0.144679
35.4092_156.12_0.0826735
35.9079_156.157_0.0620051
36.4066_156.193_0.0826735
36.9053_156.229_0.0620051
36.9053_156.229_0.0620051
37.3856_156.356_0.454704
37.837_156.571_0.434036
38.2884_156.786_0.454704
38.7399_157.001_0.434036
39.1913_157.216_0.454704
39.1913_157.216_0.454704
39.5865_157.517_0.847403
39.8722_157.926_1.07476
40.1056_158.368_1.09542
40.3277_158.659_0.744061
40.3277_158.659_0.744061
40.7308_158.953_0.516709
41.168_159.196_0.496041
41.6102_159.429_0.475373
41.9225_159.667_0.826735
41.9225_159.667_0.826735
42.3239_159.96_0.434036
42.7837_160.156_0.372031
43.2514_160.333_0.351362
43.2514_160.333_0.351362
43.7022_160.548_0.537378
44.129_160.808_0.558046
44.5559_161.069_0.537378
44.9827_161.329_0.558046
45.4096_161.589_0.537378
45.4096_161.589_0.537378
45.8644_161.794_0.310026
46.3389_161.952_0.330694
46.8135_162.109_0.310026
47.288_162.267_0.330694
47.7626_162.424_0.310026
47.7626_162.424_0.310026
48.2403_162.572_0.289357
48.718_162.719_0.310026
49.1957_162.867_0.289357
49.6734_163.015_0.310026
50.1511_163.162_0.289357
50.1511_163.162_0.289357
50.6143_163.349_0.475373
51.0565_163.582_0.496041
51.4987_163.815_0.475373
51.9408_164.049_0.496041
52.383_164.282_0.475373
52.383_164.282_0.475373
52.8462_164.468_0.289357
53.3269_164.606_0.268689
53.8075_164.744_0.289357
54.2852_164.892_0.310026
54.2852_164.892_0.310026
54.7564_165.059_0.372031
55.224_165.236_0.351362
55.6916_165.413_0.372031
56.1593_165.589_0.351362
56.6305_165.757_0.330694
56.6305_165.757_0.330694
57.0942_165.943_0.434036
57.5499_166.149_0.413367
58.0057_166.354_0.434036
58.4615_166.56_0.413367
58.9173_166.765_0.434036
58.9173_166.765_0.434036
59.3641_166.99_0.496041
59.8063_167.223_0.475373
60.2484_167.456_0.496041
60.6906_167.69_0.475373
61.1328_167.923_0.496041
61.1328_167.923_0.496041
61.57_168.166_0.516709
62.0021_168.417_0.537378
62.4343_168.669_0.516709
62.8664_168.92_0.537378
63.2986_169.172_0.516709
63.2986_169.172_0.516709
63.7453_169.396_0.413367
64.2011_169.601_0.434036
64.6568_169.807_0.413367
65.1126_170.013_0.434036
65.564_170.228_0.454704
65.564_170.228_0.454704
65.9592_170.529_0.847403
66.2863_170.907_0.868072
66.6055_171.292_0.88874
66.9247_171.676_0.868072
67.2438_172.061_0.88874
67.2438_172.061_0.88874
67.6262_172.378_0.496041
68.0731_172.603_0.434036
68.5245_172.818_0.454704
68.9759_173.033_0.434036
69.4021_173.164_0.165347
69.4021_173.164_0.165347
69.8709_173.331_0.516709
70.3081_173.573_0.496041
70.7453_173.816_0.516709
71.1826_174.058_0.496041
71.6198_174.301_0.516709
71.6198_174.301_0.516709
72.0914_174.457_0.12401
72.5898_174.493_0.0206684
73.0896_174.509_0.0413367
73.5893_174.524_0.0206684
74.0893_174.529_-4.85723e-16
74.0893_174.529_-4.85723e-16
74.5791_174.442_-0.351362
75.0503_174.275_-0.330694
75.5215_174.108_-0.351362
75.9927_173.941_-0.330694
76.4639_173.773_-0.351362
76.4639_173.773_-0.351362
76.9192_173.568_-0.496041
77.3614_173.335_-0.475373
77.8083_173.11_-0.454704
78.2552_172.886_-0.475373
78.7021_172.662_-0.454704
78.7021_172.662_-0.454704
79.0973_172.361_-0.847403
79.3471_171.932_-1.2401
79.4137_171.439_-1.6328
79.3673_170.941_-1.69481
79.3105_170.445_-1.67414
79.3105_170.445_-1.67414
79.3567_169.95_-1.28144
79.5708_169.5_-0.971414
79.8485_169.085_-0.992082
80.1263_168.669_-0.971414
80.4041_168.253_-0.992082
80.4041_168.253_-0.992082
80.6987_167.85_-0.88874
81.0179_167.465_-0.868072
81.3371_167.08_-0.88874
81.6482_166.688_-0.909408
81.9594_166.297_-0.88874
81.9594_166.297_-0.88874
82.1913_165.858_-1.28144
82.329_165.377_-1.30211
82.4697_165.097_-0.909408
82.4697_165.097_-0.909408
82.7727_164.699_-0.930077
83.0675_164.295_-0.950745
83.3622_163.891_-0.930077
83.6569_163.487_-0.950745
83.9516_163.083_-0.930077
83.9516_163.083_-0.930077
84.1652_162.635_-1.32278
84.2627_162.145_-1.42612
84.3399_161.651_-1.40545
84.4273_161.158_-1.38478
84.4273_161.158_-1.38478
84.4273_161.158_-1.52946
84.4273_161.158_-1.52946
84.5443_160.676_-1.13676
84.8371_160.274_-0.744061
85.2152_159.947_-0.682056
85.6066_159.636_-0.661388
85.9979_159.325_-0.682056
85.9979_159.325_-0.682056
86.3546_158.975_-0.868072
86.6738_158.591_-0.88874
86.993_158.206_-0.868072
87.3122_157.821_-0.88874
87.6314_157.436_-0.868072
87.6314_157.436_-0.868072
87.8723_157.002_-1.26077
87.9287_156.508_-1.65347
87.9287_156.508_-1.26077
87.9287_156.508_-1.26077
88.1696_156.074_-0.868072
88.5585_155.764_-0.475373
89.0098_155.549_-0.413367
89.4656_155.344_-0.434036
89.9171_155.129_-0.454704
89.9171_155.129_-0.454704
90.3974_155.002_-0.0620051
90.8897_155.069_0.330694
91.3642_155.226_0.310026
91.8388_155.384_0.330694
92.3133_155.541_0.310026
92.3133_155.541_0.310026
92.7845_155.708_0.372031
93.2521_155.885_0.351362
93.7197_156.062_0.372031
94.1874_156.239_0.351362
94.655_156.416_0.372031
94.655_156.416_0.372031
95.1149_156.612_0.434036
95.5707_156.818_0.413367
96.0264_157.023_0.434036
96.4822_157.229_0.413367
96.938_157.434_0.434036
96.938_157.434_0.434036
97.4017_157.621_0.330694
97.8729_157.788_0.351362
98.3405_157.965_0.372031
98.8082_158.142_0.351362
99.2758_158.319_0.372031
99.2758_158.319_0.372031
99.7435_158.496_0.351362
100.215_158.663_0.330694
100.689_158.82_0.310026
101.164_158.978_0.330694
101.635_159.145_0.351362
101.635_159.145_0.351362
102.106_159.312_0.330694
102.581_159.47_0.310026
103.055_159.627_0.330694
103.53_159.785_0.310026
104.004_159.942_0.330694
104.004_159.942_0.330694
104.459_160.147_0.516709
104.897_160.39_0.496041
105.334_160.632_0.516709
105.334_160.632_0.516709
105.785_160.847_0.372031
106.249_161.034_0.392699
106.709_161.23_0.413367
107.169_161.426_0.392699
107.629_161.622_0.413367
107.629_161.622_0.413367
108.093_161.808_0.351362
108.56_161.985_0.372031
109.028_162.162_0.351362
109.495_162.339_0.372031
109.963_162.516_0.351362
109.963_162.516_0.351362
110.454_162.593_-0.0413367
110.937_162.476_-0.434036
111.034_162.437_-0.330694
111.034_162.437_-0.268689
111.034_162.437_-0.289357
111.034_162.437_-0.289357
111.529_162.39_0.103342
112.013_162.508_0.372031
112.481_162.685_0.351362
112.949_162.862_0.372031
113.416_163.039_0.351362
113.416_163.039_0.351362
113.884_163.216_0.372031
114.348_163.402_0.392699
114.812_163.589_0.372031
115.276_163.775_0.392699
115.74_163.962_0.372031
115.74_163.962_0.372031
116.207_164.139_0.351362
116.678_164.306_0.330694
117.15_164.473_0.351362
117.621_164.64_0.330694
118.092_164.808_0.351362
118.092_164.808_0.351362
118.563_164.975_0.330694
119.034_165.142_0.351362
119.506_165.309_0.330694
119.977_165.476_0.351362
120.448_165.644_0.330694
120.448_165.644_0.330694
120.877_165.894_0.723393
121.178_166.289_1.11609
121.355_166.756_1.30211
121.483_167.239_1.32278
121.611_167.723_1.30211
121.611_167.723_1.30211
121.833_168.167_0.909408
122.209_168.492_0.516709
122.664_168.697_0.330694
123.139_168.854_0.310026
123.613_169.012_0.330694
123.613_169.012_0.330694
124.085_169.179_0.351362
124.552_169.356_0.372031
125.02_169.533_0.351362
125.488_169.71_0.372031
125.955_169.887_0.351362
125.955_169.887_0.351362
126.426_170.054_0.330694
126.901_170.211_0.310026
127.375_170.369_0.330694
127.85_170.526_0.310026
128.325_170.684_0.330694
128.325_170.684_0.330694
128.802_170.831_0.268689
129.283_170.969_0.289357
129.764_171.107_0.268689
130.244_171.244_0.289357
130.725_171.382_0.268689
130.725_171.382_0.268689
131.205_171.52_0.289357
131.686_171.658_0.268689
132.167_171.795_0.289357
132.647_171.933_0.268689
133.128_172.071_0.289357
133.128_172.071_0.289357
133.609_172.208_0.268689
134.089_172.346_0.289357
134.57_172.484_0.268689
135.051_172.621_0.289357
135.531_172.759_0.268689
135.531_172.759_0.268689
136.012_172.897_0.289357
136.49_173.044_0.310026
136.967_173.192_0.289357
137.445_173.34_0.310026
137.923_173.487_0.289357
137.923_173.487_0.289357
138.403_173.625_0.268689
138.887_173.753_0.24802
139.37_173.881_0.268689
139.854_174.008_0.24802
140.337_174.136_0.268689
140.337_174.136_0.268689
140.82_174.264_0.24802
141.304_174.391_0.268689
141.785_174.529_0.289357
142.265_174.667_0.268689
142.749_174.795_0.24802
142.749_174.795_0.24802
143.239_174.892_0.144679
143.734_174.959_0.12401
144.23_175.026_0.144679
144.725_175.093_0.12401
145.221_175.16_0.144679
145.221_175.16_0.144679
145.7_175.297_0.413367
146.156_175.503_0.434036
146.607_175.718_0.454704
147.054_175.942_0.475373
147.054_175.942_0.475373
