configuration 46.843963623_148.978851318_-0.536406748472_0.843959596304_156.577575684_33.1800613403_0.186652677497_0.98242596565
length 205.547
time 15.5561
roughness 0.000290415
46.844_148.979_-1.13235
47.1141_148.56_-0.863659
47.435_148.176_-0.884327
47.7479_147.786_-0.904995
48.0608_147.396_-0.884327
48.3737_147.007_-0.904995
48.3737_147.007_-0.904995
48.6443_146.587_-1.09101
48.8796_146.146_-1.07034
49.115_145.705_-1.09101
49.115_145.705_-1.09101
49.3319_145.254_-1.15302
49.53_144.795_-1.17368
49.7282_144.336_-1.15302
49.9357_143.881_-1.13235
49.9357_143.881_-1.13235
50.1243_143.418_-1.23569
50.2838_142.945_-1.25636
50.4433_142.471_-1.23569
50.6029_141.997_-1.25636
50.7624_141.523_-1.23569
50.7624_141.523_-1.23569
50.9414_141.056_-1.17368
51.13_140.593_-1.19435
51.3186_140.13_-1.17368
51.5072_139.667_-1.19435
51.6958_139.204_-1.17368
51.6958_139.204_-1.17368
51.8939_138.745_-1.15302
52.0921_138.286_-1.17368
52.2902_137.827_-1.15302
52.4883_137.368_-1.17368
52.6864_136.909_-1.15302
52.6864_136.909_-1.15302
52.9033_136.458_-1.09101
53.1295_136.012_-1.11168
53.3557_135.566_-1.09101
53.5819_135.121_-1.11168
53.8081_134.675_-1.09101
53.8081_134.675_-1.09101
54.025_134.224_-1.15302
54.2326_133.769_-1.13235
54.4402_133.314_-1.15302
54.6477_132.86_-1.13235
54.8553_132.405_-1.15302
54.8553_132.405_-1.15302
55.0905_131.964_-1.00834
55.3527_131.538_-1.02901
55.615_131.113_-1.00834
55.8772_130.687_-1.02901
56.1395_130.261_-1.00834
56.1395_130.261_-1.00834
56.3559_129.812_-1.23569
56.5252_129.341_-1.21502
56.6945_128.871_-1.23569
56.8638_128.4_-1.21502
57.0331_127.93_-1.23569
57.0331_127.93_-1.23569
57.2121_127.463_-1.17368
57.4102_127.004_-1.15302
57.6084_126.545_-1.17368
57.8065_126.086_-1.15302
58.0046_125.627_-1.17368
58.0046_125.627_-1.17368
58.1932_125.164_-1.19435
58.3818_124.701_-1.17368
58.5704_124.238_-1.19435
58.759_123.775_-1.17368
58.9476_123.312_-1.19435
58.9476_123.312_-1.19435
59.1266_122.845_-1.21502
59.3056_122.378_-1.19435
59.4846_121.911_-1.21502
59.6636_121.444_-1.19435
59.8426_120.977_-1.21502
59.8426_120.977_-1.21502
60.0406_120.518_-1.11168
60.2575_120.068_-1.13235
60.4651_119.613_-1.15302
60.6727_119.158_-1.13235
60.8803_118.703_-1.15302
60.8803_118.703_-1.15302
61.0784_118.244_-1.17368
61.267_117.781_-1.19435
61.4556_117.318_-1.17368
61.6442_116.855_-1.19435
61.8328_116.392_-1.17368
61.8328_116.392_-1.17368
62.0118_115.925_-1.23569
62.1811_115.455_-1.21502
62.3504_114.984_-1.23569
62.5197_114.514_-1.21502
62.689_114.043_-1.23569
62.689_114.043_-1.23569
62.8679_113.577_-1.17368
63.0565_113.114_-1.19435
63.2451_112.651_-1.17368
63.4337_112.188_-1.19435
63.6223_111.724_-1.17368
63.6223_111.724_-1.17368
63.8205_111.265_-1.15302
64.028_110.811_-1.13235
64.2356_110.356_-1.15302
64.4432_109.901_-1.13235
64.6508_109.446_-1.15302
64.6508_109.446_-1.15302
64.8489_108.987_-1.17368
65.047_108.528_-1.15302
65.2451_108.069_-1.17368
65.4433_107.61_-1.15302
65.6414_107.151_-1.17368
65.6414_107.151_-1.17368
65.8395_106.692_-1.15302
66.0377_106.232_-1.17368
66.2358_105.773_-1.15302
66.4339_105.314_-1.17368
66.6321_104.855_-1.15302
66.6321_104.855_-1.15302
66.811_104.389_-1.25636
66.9705_103.915_-1.23569
67.1301_103.441_-1.25636
67.2896_102.967_-1.23569
67.4491_102.493_-1.25636
67.4491_102.493_-1.25636
67.6281_102.027_-1.15302
67.8262_101.568_-1.17368
68.0243_101.108_-1.15302
68.2224_100.649_-1.17368
68.4206_100.19_-1.15302
68.4206_100.19_-1.15302
68.6647_99.7548_-0.967
68.9443_99.3403_-0.987669
69.2153_98.9201_-1.00834
69.4862_98.4999_-0.987669
69.7572_98.0797_-1.00834
69.7572_98.0797_-1.00834
69.9831_97.6345_-1.19435
70.1717_97.1714_-1.17368
70.3698_96.7124_-1.15302
70.568_96.2533_-1.17368
70.7661_95.7942_-1.15302
70.7661_95.7942_-1.15302
70.9642_95.3352_-1.17368
71.1528_94.8721_-1.19435
71.3414_94.4091_-1.17368
71.53_93.946_-1.19435
71.7186_93.483_-1.17368
71.7186_93.483_-1.17368
71.9379_93.1578_-0.780985
71.9379_93.1578_-1.17368
71.9379_93.1578_-1.56638
71.9379_93.1578_-1.66973
71.9379_93.1578_-1.69039
71.9379_93.1578_-1.69039
71.976_92.6625_-1.29769
72.1159_92.1824_-1.27703
72.2557_91.7024_-1.29769
72.3955_91.2224_-1.27703
72.5353_90.7423_-1.29769
72.5353_90.7423_-1.29769
72.6043_90.2486_-1.56638
72.622_89.749_-1.50438
72.622_89.749_-1.50438
72.7314_89.2632_-1.19435
72.92_88.8001_-1.17368
73.1086_88.3371_-1.19435
73.2972_87.874_-1.17368
73.4858_87.4109_-1.19435
73.4858_87.4109_-1.19435
73.6839_86.9519_-1.13235
73.9008_86.5015_-1.11168
74.1177_86.051_-1.13235
74.3347_85.6005_-1.11168
74.5516_85.15_-1.13235
74.5516_85.15_-1.13235
74.7958_84.7142_-0.987669
75.0668_84.294_-1.00834
75.329_83.8683_-1.02901
75.5913_83.4426_-1.00834
75.8535_83.0169_-1.02901
75.8535_83.0169_-1.02901
76.0701_82.5671_-1.21502
76.2395_82.0967_-1.23569
76.4088_81.6262_-1.21502
76.5781_81.1557_-1.23569
76.7474_80.6853_-1.21502
76.7474_80.6853_-1.21502
76.9167_80.2148_-1.23569
77.0762_79.741_-1.25636
77.2358_79.2671_-1.23569
77.3953_78.7933_-1.25636
77.5548_78.3194_-1.23569
77.5548_78.3194_-1.23569
77.7804_77.8749_-0.967
78.06_77.4604_-0.987669
78.331_77.0402_-1.00834
78.6019_76.62_-0.987669
78.8729_76.1998_-1.00834
78.8729_76.1998_-1.00834
79.0894_75.7503_-1.23569
79.2587_75.2798_-1.21502
79.428_74.8094_-1.23569
79.5973_74.3389_-1.21502
79.7666_73.8685_-1.23569
79.7666_73.8685_-1.23569
79.9359_73.398_-1.21502
80.1149_72.9311_-1.19435
80.2939_72.4643_-1.21502
80.4729_71.9974_-1.19435
80.6519_71.5306_-1.21502
80.6519_71.5306_-1.21502
80.8212_71.0601_-1.23569
80.9905_70.5897_-1.21502
81.1598_70.1192_-1.23569
81.3291_69.6488_-1.21502
81.4984_69.1783_-1.23569
81.4984_69.1783_-1.23569
81.6677_68.7079_-1.21502
81.8104_68.2839_-1.27703
81.8104_68.2839_-1.27703
81.869_67.79_-1.62839
81.8454_67.2905_-1.60772
81.8218_66.7911_-1.62839
81.8471_66.6098_-1.23569
81.8471_66.6098_-0.84299
81.8471_66.6098_-0.84299
82.1259_66.1966_-1.11168
82.3428_65.7461_-1.13235
82.5597_65.2956_-1.11168
82.7767_64.8451_-1.13235
82.9936_64.3947_-1.11168
82.9936_64.3947_-1.11168
83.1226_63.9149_-1.50438
83.0583_63.4223_-1.89708
82.8834_62.954_-1.95908
82.6989_62.4893_-1.93841
82.5144_62.0246_-1.95908
82.5144_62.0246_-1.95908
82.5044_61.9732_-1.56638
82.6035_61.4864_-1.17368
82.8813_61.0746_-0.780985
83.2956_60.8004_-0.388286
83.7833_60.7056_0.00441308
83.7833_60.7056_0.00441308
84.271_60.6108_-0.388286
84.6852_60.3367_-0.780985
85.0057_59.9538_-0.967
85.2938_59.5451_-0.946332
85.5903_59.1425_-0.925664
85.5903_59.1425_-0.925664
85.8868_58.74_-0.946332
86.1749_58.3313_-0.967
86.463_57.9227_-0.946332
86.7595_57.5201_-0.925664
87.056_57.1175_-0.946332
87.056_57.1175_-0.946332
87.2623_56.6656_-1.33903
87.3721_56.1778_-1.3597
87.4718_55.6878_-1.38037
87.5614_55.1959_-1.40104
87.6509_54.704_-1.38037
87.6509_54.704_-1.38037
87.648_54.2072_-1.77307
87.5425_53.7185_-1.79374
87.437_53.2298_-1.77307
87.436_53.0729_-1.38037
87.436_53.0729_-0.987669
87.436_53.0729_-0.987669
87.7852_52.7195_-0.59497
88.2431_52.5267_-0.202271
88.7339_52.4313_-0.181602
89.2266_52.3461_-0.160934
89.7193_52.2609_-0.181602
89.7193_52.2609_-0.181602
90.1966_52.1157_-0.408954
90.6574_51.9216_-0.388286
91.1182_51.7276_-0.408954
91.579_51.5335_-0.388286
92.0437_51.349_-0.367618
92.0437_51.349_-0.367618
92.5332_51.2643_0.0250815
93.0206_51.3635_0.376444
93.4875_51.5425_0.355775
93.9543_51.7215_0.376444
94.4212_51.9005_0.355775
94.4212_51.9005_0.355775
94.8442_52.1611_0.748474
95.1352_52.5637_1.14117
95.2501_53.047_1.53387
95.2803_53.1742_1.14117
95.2803_53.1742_0.748474
95.2803_53.1742_0.748474
95.6761_53.4785_0.562459
96.0963_53.7495_0.583128
96.5165_54.0205_0.562459
96.9367_54.2915_0.583128
97.3569_54.5625_0.562459
97.3569_54.5625_0.562459
97.8141_54.7598_0.252434
98.2969_54.8897_0.273102
98.777_55.0295_0.29377
99.257_55.1693_0.273102
99.737_55.3091_0.29377
99.737_55.3091_0.29377
100.231_55.3575_-0.0989288
100.707_55.2129_-0.491628
101.14_54.9634_-0.553633
101.568_54.7049_-0.532965
101.996_54.4464_-0.553633
101.996_54.4464_-0.553633
102.461_54.2727_-0.160934
102.958_54.2902_0.231765
103.41_54.4965_0.624464
103.812_54.793_0.645133
104.209_55.0978_0.665801
104.209_55.0978_0.665801
104.599_55.4106_0.686469
104.982_55.7315_0.707138
105.359_56.0603_0.727806
105.736_56.389_0.707138
106.119_56.7099_0.686469
106.119_56.7099_0.686469
106.557_56.9437_0.29377
107.052_56.9921_-0.0989288
107.527_56.8475_-0.491628
107.975_56.6253_-0.429623
108.427_56.4123_-0.450291
108.427_56.4123_-0.450291
108.427_56.4123_-0.057592
108.919_56.481_0.335107
109.348_56.7328_0.727806
109.647_57.1293_1.12051
109.772_57.6102_1.5132
109.772_57.6102_1.5132
109.772_57.6102_1.12051
110.071_58.0067_0.727806
110.499_58.2584_0.335107
110.991_58.3271_-0.057592
111.472_58.2023_-0.450291
111.472_58.2023_-0.450291
111.953_58.0775_-0.057592
112.445_58.1462_0.335107
112.912_58.3252_0.397112
113.375_58.5138_0.376444
113.838_58.7024_0.397112
113.838_58.7024_0.397112
114.293_58.9099_0.459117
114.743_59.1269_0.438449
115.194_59.3438_0.459117
115.644_59.5607_0.438449
116.095_59.7777_0.459117
116.095_59.7777_0.459117
116.489_60.0805_0.851816
116.814_60.4601_0.872485
117.131_60.8464_0.893153
117.449_61.2326_0.872485
117.774_61.6122_0.851816
117.774_61.6122_0.851816
117.94_61.7397_0.459117
117.94_61.7397_0.459117
118.376_61.9841_0.562459
118.802_62.2463_0.541791
119.228_62.5085_0.562459
119.653_62.7708_0.541791
119.653_62.7708_0.541791
120.121_62.939_0.149092
120.617_62.9155_-0.243607
121.066_62.704_-0.636306
121.472_62.411_-0.615638
121.877_62.1181_-0.636306
121.877_62.1181_-0.636306
122.269_61.8087_-0.698312
122.656_61.4912_-0.677643
123.042_61.1737_-0.698312
123.428_60.8562_-0.677643
123.814_60.5388_-0.698312
123.814_60.5388_-0.698312
124.125_60.1513_-1.09101
124.352_59.7054_-1.11168
124.569_59.2549_-1.13235
124.785_58.8044_-1.11168
125.002_58.3539_-1.13235
125.002_58.3539_-1.13235
125.297_57.9539_-0.739648
125.677_57.6286_-0.677643
126.069_57.3191_-0.656975
126.462_57.0097_-0.677643
126.855_56.7003_-0.656975
126.855_56.7003_-0.656975
127.247_56.3908_-0.677643
127.64_56.0814_-0.656975
128.033_55.772_-0.677643
128.426_55.4625_-0.656975
128.818_55.1531_-0.677643
128.818_55.1531_-0.677643
129.211_54.8437_-0.656975
129.604_54.5342_-0.677643
129.997_54.2248_-0.656975
130.389_53.9154_-0.677643
130.782_53.6059_-0.656975
130.782_53.6059_-0.656975
131.109_53.2316_-1.04967
131.335_52.7859_-1.15302
131.542_52.331_-1.13235
131.75_51.8762_-1.15302
131.958_51.4213_-1.13235
131.958_51.4213_-1.13235
132.127_50.9515_-1.31836
132.257_50.4687_-1.29769
132.386_49.9859_-1.31836
132.516_49.503_-1.29769
132.646_49.0202_-1.31836
132.646_49.0202_-1.31836
132.862_48.5726_-0.925664
133.232_48.2416_-0.532965
133.655_47.9743_-0.59497
134.072_47.6984_-0.574301
134.494_47.4311_-0.553633
134.494_47.4311_-0.553633
134.858_47.0925_-0.946332
135.073_46.6443_-1.29769
135.213_46.1643_-1.27703
135.363_45.6872_-1.25636
135.513_45.2102_-1.27703
135.513_45.2102_-1.27703
135.682_44.7399_-1.17368
135.88_44.2809_-1.15302
136.078_43.8218_-1.17368
136.276_43.3628_-1.15302
136.474_42.9037_-1.17368
136.474_42.9037_-1.17368
136.634_42.4303_-1.31836
136.754_41.9448_-1.33903
136.864_41.4571_-1.3597
136.973_40.9693_-1.33903
136.973_40.9693_-1.33903
137.142_40.4998_-1.11168
137.359_40.0493_-1.13235
137.576_39.5989_-1.11168
137.793_39.1484_-1.13235
138.001_38.6935_-1.15302
138.001_38.6935_-1.15302
138.218_38.2431_-1.09101
138.444_37.7972_-1.11168
138.444_37.7972_-1.11168
138.593_37.3221_-1.4217
138.672_36.8284_-1.40104
138.752_36.3348_-1.4217
138.831_35.8411_-1.40104
138.91_35.3475_-1.4217
138.91_35.3475_-1.4217
139.04_34.8657_-1.19435
139.219_34.3988_-1.21502
139.398_33.9319_-1.19435
139.577_33.4651_-1.21502
139.756_32.9982_-1.19435
139.756_32.9982_-1.19435
140.025_32.5807_-0.801653
140.391_32.2401_-0.698312
140.77_31.9147_-0.71898
141.15_31.5893_-0.698312
141.536_31.2718_-0.677643
141.536_31.2718_-0.677643
141.637_31.1515_-1.07034
141.676_31.0267_-1.46304
141.682_30.948_-1.52505
141.682_30.948_-1.52505
141.628_30.453_-1.83507
141.502_29.9691_-1.8144
141.377_29.4851_-1.83507
141.251_29.0011_-1.8144
141.136_28.5147_-1.79374
141.136_28.5147_-1.79374
141.122_28.0181_-1.40104
141.172_27.7063_-1.4217
141.172_27.7063_-1.4217
141.341_27.2389_-1.02901
141.675_26.8714_-0.636306
142.124_26.6598_-0.243607
142.619_26.5951_-0.0162553
143.119_26.5922_0.00441308
143.119_26.5922_0.00441308
143.606_26.6912_0.397112
144.061_26.8988_0.459117
144.507_27.125_0.479786
144.953_27.3512_0.459117
145.398_27.5774_0.479786
145.398_27.5774_0.479786
145.844_27.8036_0.459117
146.29_28.0298_0.479786
146.736_28.256_0.459117
147.182_28.4821_0.479786
147.628_28.7083_0.459117
147.628_28.7083_0.459117
148.047_28.9788_0.686469
148.431_29.2996_0.707138
148.814_29.6205_0.686469
149.198_29.9414_0.707138
149.581_30.2623_0.686469
149.581_30.2623_0.686469
150.005_30.5237_0.417781
150.46_30.7313_0.438449
150.911_30.9482_0.459117
151.361_31.1652_0.438449
151.816_31.3727_0.417781
151.816_31.3727_0.417781
152.279_31.5613_0.355775
152.746_31.7403_0.376444
153.213_31.9193_0.355775
153.68_32.0983_0.376444
154.147_32.2773_0.355775
154.147_32.2773_0.355775
154.617_32.4466_0.335107
155.087_32.6159_0.355775
155.554_32.7949_0.376444
156.021_32.9739_0.355775
156.492_33.1432_0.335107
156.492_33.1432_0.335107
