configuration 161.70602417_-18.2518405914_0.169978369946_0.985447793519_193.750076294_109.599342346_0.85380148664_0.520598714377
length 180.16
time 6.57656
roughness 0.00042192
161.706_-18.2518_0.341615
162.133_-17.9973_0.734315
162.429_-17.5989_1.12701
162.551_-17.1172_1.51971
162.582_-16.6181_1.49904
162.623_-16.1198_1.47838
162.623_-16.1198_1.47838
162.697_-15.8692_1.08568
163.01_-15.4834_0.692978
163.447_-15.2467_0.300279
163.941_-15.1951_-0.0924204
164.417_-15.3366_-0.485119
164.417_-15.3366_-0.485119
164.885_-15.5079_-0.216431
165.373_-15.6203_-0.237099
165.86_-15.7327_-0.216431
166.349_-15.835_-0.195762
166.839_-15.9373_-0.216431
166.839_-15.9373_-0.216431
167.335_-15.9473_0.176268
167.798_-15.7665_0.568968
168.156_-15.4223_0.961667
168.356_-14.9672_1.35437
168.366_-14.4705_1.74706
168.366_-14.4705_1.74706
168.376_-13.9738_1.35437
168.575_-13.5188_0.961667
168.919_-13.1592_0.651641
169.314_-12.8519_0.672309
169.708_-12.5446_0.651641
169.708_-12.5446_0.651641
170.082_-12.2137_0.79632
170.436_-11.8599_0.775651
170.789_-11.5062_0.79632
171.142_-11.1524_0.775651
171.496_-10.7986_0.79632
171.496_-10.7986_0.79632
171.906_-10.5182_0.403621
172.375_-10.3459_0.300279
172.854_-10.2029_0.27961
173.333_-10.06_0.300279
173.812_-9.91702_0.27961
173.812_-9.91702_0.27961
174.307_-9.87571_-0.113089
174.781_-10.027_-0.505788
175.16_-10.3478_-0.898487
175.475_-10.7358_-0.877819
175.791_-11.1237_-0.898487
175.791_-11.1237_-0.898487
176.17_-11.4446_-0.505788
176.643_-11.5959_-0.113089
177.138_-11.5546_0.27961
177.58_-11.3269_0.672309
177.925_-10.967_0.940998
177.925_-10.967_0.940998
178.24_-10.5789_0.837656
178.57_-10.2039_0.858325
178.893_-9.82219_0.878993
179.216_-9.44046_0.858325
179.539_-9.05874_0.878993
179.539_-9.05874_0.878993
179.846_-8.66405_0.940998
180.145_-8.26305_0.92033
180.443_-7.86205_0.940998
180.742_-7.46105_0.92033
181.04_-7.06005_0.940998
181.04_-7.06005_0.940998
181.406_-6.72336_0.548299
181.872_-6.5521_0.1556
182.369_-6.57234_-0.237099
182.844_-6.72447_-0.381778
183.306_-6.91554_-0.402446
183.306_-6.91554_-0.402446
183.793_-7.0172_-0.0097469
184.281_-6.92504_0.382952
184.747_-6.74301_0.362284
185.216_-6.57065_0.341615
185.685_-6.39829_0.362284
185.685_-6.39829_0.362284
186.106_-6.13498_0.754983
186.412_-5.7418_1.06501
186.65_-5.30194_1.08568
186.888_-4.86207_1.06501
187.134_-4.42721_1.04434
187.134_-4.42721_1.04434
187.463_-4.05463_0.651641
187.881_-3.78115_0.506962
188.321_-3.54293_0.486294
188.76_-3.3047_0.506962
189.2_-3.06647_0.486294
189.2_-3.06647_0.486294
189.657_-2.86553_0.341615
190.126_-2.69317_0.362284
190.596_-2.52081_0.341615
191.065_-2.34844_0.362284
191.534_-2.17608_0.341615
191.534_-2.17608_0.341615
191.534_-2.17608_0.486294
191.534_-2.17608_0.486294
192.011_-2.03405_0.093595
192.506_-2.07484_-0.257767
192.898_-2.09891_0.134932
192.898_-2.09891_0.527631
192.898_-2.09891_0.92033
192.898_-2.09891_0.92033
193.116_-1.65247_1.31303
193.238_-1.1677_1.3337
193.351_-0.680514_1.35437
193.453_-0.191104_1.37503
193.521_0.170995_1.3957
193.521_0.170995_1.3957
193.51_0.667676_1.7884
193.377_1.14944_1.89174
193.224_1.62551_1.87108
193.072_2.10157_1.89174
192.919_2.57764_1.87108
192.919_2.57764_1.87108
192.766_3.0537_1.89174
192.613_3.52977_1.87108
192.46_4.00583_1.89174
192.308_4.4819_1.87108
192.155_4.95796_1.89174
192.155_4.95796_1.89174
191.982_5.42724_1.95375
191.791_5.88906_1.97442
191.599_6.35088_1.95375
191.408_6.8127_1.97442
191.216_7.27451_1.95375
191.216_7.27451_1.95375
191.044_7.74379_1.89174
190.881_8.2166_1.91241
190.718_8.6894_1.89174
190.556_9.1622_1.91241
190.393_9.63501_1.89174
190.393_9.63501_1.89174
190.331_10.128_1.49904
190.352_10.6275_1.56105
190.362_11.1273_1.54038
190.372_11.6272_1.56105
190.382_12.1271_1.54038
190.382_12.1271_1.54038
190.402_12.6267_1.51971
190.423_13.1263_1.54038
190.443_13.6259_1.51971
190.463_14.1254_1.54038
190.484_14.625_1.51971
190.484_14.625_1.51971
190.494_15.1248_1.58172
190.493_15.6248_1.56105
190.493_16.1248_1.58172
190.493_16.6248_1.56105
190.493_17.1248_1.58172
190.493_17.1248_1.58172
190.41_17.616_1.89174
190.258_18.092_1.87108
190.105_18.5681_1.89174
189.952_19.0441_1.87108
189.799_19.5202_1.89174
189.799_19.5202_1.89174
189.608_19.9816_2.03642
189.388_20.4307_2.01575
189.168_20.8798_2.03642
188.948_21.3288_2.01575
188.728_21.7779_2.03642
188.728_21.7779_2.03642
188.508_22.2269_2.01575
188.298_22.6804_1.99509
188.087_23.1339_2.01575
187.877_23.5874_1.99509
187.666_24.041_2.01575
187.666_24.041_2.01575
187.475_24.5026_1.91241
187.302_24.9719_1.93308
187.12_25.4376_1.95375
186.938_25.9033_1.93308
186.756_26.369_1.95375
186.756_26.369_1.95375
186.565_26.8308_1.97442
186.373_27.2926_1.95375
186.181_27.7544_1.97442
185.99_28.2162_1.95375
185.798_28.6781_1.97442
185.798_28.6781_1.97442
185.616_29.1437_1.91241
185.454_29.6165_1.89174
185.291_30.0893_1.91241
185.128_30.5621_1.89174
184.966_31.0349_1.91241
184.966_31.0349_1.91241
184.813_31.5109_1.85041
184.67_31.99_1.87108
184.527_32.4691_1.85041
184.384_32.9482_1.87108
184.241_33.4274_1.85041
184.241_33.4274_1.85041
184.069_33.8963_1.99509
183.868_34.3541_1.97442
183.667_34.8118_1.99509
183.466_35.2696_1.97442
183.264_35.7274_1.99509
183.264_35.7274_1.99509
183.063_36.1851_1.97442
182.862_36.6429_1.99509
182.661_37.1006_1.97442
182.46_37.5584_1.99509
182.249_38.0119_2.01575
182.249_38.0119_2.01575
182.048_38.4696_1.95375
181.866_38.9353_1.93308
181.684_39.401_1.95375
181.502_39.8666_1.93308
181.32_40.3323_1.95375
181.32_40.3323_1.95375
181.048_40.7481_2.34645
180.661_41.0623_2.5738
180.242_41.3356_2.55313
179.823_41.6088_2.5738
179.399_41.8733_2.59447
179.399_41.8733_2.59447
179.033_42.2096_2.20177
178.805_42.6522_1.89174
178.643_43.125_1.91241
178.47_43.5944_1.93308
178.298_44.0637_1.91241
178.298_44.0637_1.91241
178.125_44.533_1.93308
177.943_44.9987_1.95375
177.761_45.4644_1.93308
177.579_45.9301_1.95375
177.397_46.3958_1.93308
177.397_46.3958_1.93308
177.225_46.8651_1.91241
177.053_47.3344_1.93308
176.88_47.8038_1.91241
176.745_48.2575_1.80907
176.745_48.2575_1.80907
176.602_48.7364_1.91241
176.43_49.2058_1.93308
176.257_49.6751_1.91241
176.085_50.1444_1.93308
175.913_50.6138_1.91241
175.913_50.6138_1.91241
175.8_51.0998_1.68506
175.738_51.5959_1.70573
175.676_52.092_1.68506
175.613_52.5882_1.70573
175.551_53.0843_1.68506
175.551_53.0843_1.68506
175.439_53.5703_1.91241
175.266_54.0396_1.93308
175.094_54.509_1.91241
174.921_54.9783_1.93308
174.749_55.4477_1.91241
174.749_55.4477_1.91241
174.548_55.905_2.05709
174.319_56.3494_2.03642
174.09_56.7939_2.05709
173.861_57.2383_2.03642
173.632_57.6827_2.05709
173.632_57.6827_2.05709
173.47_58.1536_1.74706
173.377_58.6449_1.76773
173.274_59.1342_1.7884
173.171_59.6235_1.76773
173.068_60.1128_1.7884
173.068_60.1128_1.7884
172.869_60.5676_2.1811
172.578_60.9744_2.20177
172.279_61.375_2.22244
171.98_61.7757_2.20177
171.68_62.1763_2.22244
171.68_62.1763_2.22244
171.321_62.5209_2.53246
170.914_62.8112_2.51179
170.507_63.1015_2.53246
170.1_63.3918_2.51179
169.693_63.6821_2.53246
169.693_63.6821_2.53246
169.348_64.0404_2.13976
169.168_64.5031_1.74706
169.177_64.9998_1.35437
169.3_65.4844_1.29236
169.442_65.9637_1.27169
169.442_65.9637_1.27169
169.493_66.4579_1.66439
169.401_66.9485_1.85041
169.258_67.4276_1.87108
169.115_67.9068_1.85041
168.972_68.3859_1.87108
168.972_68.3859_1.87108
168.8_68.855_1.97442
168.608_69.3168_1.95375
168.426_69.7825_1.93308
168.244_70.2482_1.95375
168.062_70.7139_1.93308
168.062_70.7139_1.93308
167.851_71.167_2.07776
167.613_71.6066_2.05709
167.375_72.0462_2.07776
167.137_72.4858_2.05709
166.908_72.9302_2.03642
166.908_72.9302_2.03642
166.635_73.3477_2.26377
166.319_73.7357_2.24311
166.004_74.1236_2.26377
165.688_74.5116_2.24311
165.373_74.8995_2.26377
165.373_74.8995_2.26377
165.136_75.3363_1.87108
165.044_75.8265_1.64372
165.002_76.3248_1.66439
164.96_76.8231_1.64372
164.96_76.8231_1.64372
164.929_77.3221_1.62305
164.908_77.8216_1.60239
164.898_78.3215_1.58172
164.887_78.8214_1.60239
164.887_78.8214_1.60239
164.968_79.3114_1.20969
165.169_79.7692_1.10635
165.398_80.2139_1.08568
165.626_80.6586_1.10635
165.855_81.1033_1.08568
165.855_81.1033_1.08568
165.996_81.5795_1.47838
165.945_82.0736_1.87108
165.708_82.5104_2.26377
165.695_82.5334_1.87108
165.695_82.5334_1.47838
165.695_82.5334_1.47838
165.837_83.0096_1.08568
166.15_83.3955_0.692978
166.578_83.6506_0.382952
167.043_83.8327_0.362284
167.509_84.0147_0.382952
167.509_84.0147_0.382952
167.925_84.2867_0.775651
168.285_84.633_0.754983
168.646_84.9794_0.775651
168.999_85.3332_0.79632
169.352_85.6869_0.775651
169.352_85.6869_0.775651
169.758_85.9765_0.465626
170.202_86.2056_0.486294
170.642_86.4438_0.506962
171.081_86.6821_0.486294
171.521_86.9203_0.506962
171.521_86.9203_0.506962
171.96_87.1585_0.486294
172.4_87.3968_0.506962
172.84_87.635_0.486294
173.279_87.8732_0.506962
173.719_88.1114_0.486294
173.719_88.1114_0.486294
174.195_88.2535_0.093595
174.693_88.2951_0.0729266
175.191_88.3366_0.093595
175.69_88.3782_0.0729266
176.188_88.4198_0.093595
176.188_88.4198_0.093595
176.664_88.5618_0.486294
177.063_88.8598_0.79632
177.416_89.2135_0.775651
177.777_89.5599_0.754983
178.137_89.9063_0.775651
178.137_89.9063_0.775651
178.553_90.1782_0.382952
179.038_90.2908_0.0729266
179.537_90.3323_0.093595
180.035_90.3739_0.0729266
180.533_90.4155_0.093595
180.533_90.4155_0.093595
181.029_90.4776_0.1556
181.522_90.5602_0.176268
182.015_90.6428_0.1556
182.508_90.7254_0.176268
183.002_90.808_0.1556
183.002_90.808_0.1556
183.468_90.9792_0.548299
183.841_91.3087_0.899662
184.163_91.6904_0.837656
184.494_92.0654_0.858325
184.817_92.4471_0.878993
184.817_92.4471_0.878993
185.203_92.7605_0.486294
185.664_92.9518_0.300279
186.143_93.0948_0.27961
186.622_93.2377_0.300279
187.101_93.3807_0.27961
187.101_93.3807_0.27961
187.543_93.6083_0.672309
187.943_93.9074_0.610304
188.35_94.1981_0.630973
188.751_94.4973_0.651641
189.151_94.7964_0.630973
189.151_94.7964_0.630973
189.602_95.0056_0.238274
190.098_95.0264_-0.154426
190.256_95.0232_0.114263
190.256_95.0232_0.114263
190.751_94.9825_-0.278436
191.22_94.8108_-0.423114
191.347_94.7814_-0.0304153
191.347_94.7814_-0.0304153
191.837_94.8635_0.362284
192.259_95.1268_0.754983
192.581_95.5077_0.982335
192.863_95.9207_0.961667
193.153_96.3278_0.940998
193.153_96.3278_0.940998
193.426_96.7464_1.04434
193.664_97.1862_1.10635
193.664_97.1862_1.10635
193.945_97.5979_0.837656
194.275_97.9729_0.858325
194.606_98.3479_0.837656
194.937_98.7228_0.858325
195.268_99.0978_0.837656
195.268_99.0978_0.837656
195.522_99.5247_1.23036
195.593_100.016_1.62305
195.551_100.515_1.68506
195.5_101.012_1.66439
195.448_101.509_1.68506
195.448_101.509_1.68506
195.296_101.982_2.07776
194.975_102.361_2.47046
194.541_102.607_2.78048
194.408_102.69_2.38778
194.408_102.69_1.99509
194.408_102.69_1.99509
194.286_103.172_1.64372
194.244_103.67_1.66439
194.203_104.168_1.64372
194.161_104.667_1.66439
194.12_105.165_1.64372
194.12_105.165_1.64372
194.078_105.663_1.66439
194.036_106.162_1.64372
193.995_106.66_1.66439
193.953_107.158_1.64372
193.912_107.656_1.66439
193.912_107.656_1.66439
193.87_108.155_1.64372
193.829_108.653_1.66439
193.787_109.151_1.64372
193.713_109.592_1.82974
193.713_109.592_1.82974
