configuration -14.0353517532_151.94859314_0.0_1.0_147.259887695_176.039077759_0.145212769539_0.989400450557
length 187.987
time 3.2208
roughness 0.000252653
-14.0354_151.949_-0
-13.5357_151.933_-0.0620051
-13.0363_151.907_-0.0413367
-12.537_151.881_-0.0620051
-12.0377_151.856_-0.0413367
-11.5384_151.83_-0.0620051
-11.5384_151.83_-0.0620051
-11.0386_151.825_0.0413367
-10.5389_151.84_0.0206684
-10.0391_151.856_0.0413367
-9.53937_151.871_0.0206684
-9.03962_151.887_0.0413367
-9.03962_151.887_0.0413367
-8.54201_151.933_0.144679
-8.04801_152.01_0.165347
-7.55401_152.087_0.144679
-7.06002_152.165_0.165347
-6.56602_152.242_0.144679
-6.56602_152.242_0.144679
-6.0684_152.288_0.0413367
-5.56908_152.314_0.0620051
-5.06976_152.34_0.0413367
-4.57043_152.366_0.0620051
-4.07111_152.392_0.0413367
-4.07111_152.392_0.0413367
-3.5725_152.428_0.103342
-3.07573_152.484_0.12401
-2.57897_152.541_0.103342
-2.0822_152.598_0.12401
-1.58544_152.655_0.103342
-1.58544_152.655_0.103342
-1.08761_152.701_0.0826735
-0.58978_152.747_0.103342
-0.0919497_152.794_0.0826735
0.40588_152.84_0.103342
0.90371_152.887_0.0826735
0.90371_152.887_0.0826735
1.3973_152.83_-0.310026
1.86474_152.654_-0.413367
2.32467_152.457_-0.392699
2.7846_152.261_-0.413367
3.24453_152.065_-0.392699
3.24453_152.065_-0.392699
3.72416_151.928_-0.165347
4.21645_151.84_-0.186015
4.70875_151.753_-0.165347
5.20104_151.666_-0.186015
5.69334_151.578_-0.165347
5.69334_151.578_-0.165347
6.18365_151.481_-0.227352
6.67191_151.373_-0.206684
7.16018_151.265_-0.227352
7.64844_151.158_-0.206684
8.1367_151.05_-0.227352
8.1367_151.05_-0.227352
8.63347_151.024_0.12401
9.13123_151.071_0.0620051
9.62991_151.107_0.0826735
10.1277_151.153_0.103342
10.6256_151.2_0.0826735
10.6256_151.2_0.0826735
11.1208_151.267_0.186015
11.6131_151.354_0.165347
12.1054_151.442_0.186015
12.5977_151.529_0.165347
13.09_151.616_0.186015
13.09_151.616_0.186015
13.573_151.744_0.330694
14.0476_151.901_0.310026
14.5221_152.059_0.330694
14.9967_152.216_0.310026
15.4712_152.374_0.330694
15.4712_152.374_0.330694
15.9458_152.531_0.310026
16.4235_152.679_0.289357
16.9012_152.826_0.310026
17.3789_152.974_0.289357
17.8566_153.122_0.310026
17.8566_153.122_0.310026
18.3442_153.229_0.12401
18.8397_153.296_0.144679
19.3336_153.373_0.165347
19.8276_153.451_0.144679
20.3216_153.528_0.165347
20.3216_153.528_0.165347
20.583_153.52_-0.227352
21.0358_153.315_-0.620051
21.3761_152.953_-1.01275
21.5519_152.489_-1.40545
21.5365_151.992_-1.79815
21.5365_151.992_-1.79815
21.5211_151.496_-1.40545
21.6969_151.031_-1.01275
22.0371_150.669_-0.620051
22.49_150.465_-0.227352
22.9865_150.449_0.165347
22.9865_150.449_0.165347
23.4592_150.606_0.475373
23.9061_150.83_0.454704
24.3575_151.045_0.434036
24.8089_151.26_0.454704
25.2604_151.475_0.434036
25.2604_151.475_0.434036
25.7202_151.671_0.372031
26.1841_151.858_0.392699
26.648_152.044_0.372031
27.1119_152.231_0.392699
27.5758_152.417_0.372031
27.5758_152.417_0.372031
28.0557_152.555_0.186015
28.548_152.642_0.165347
29.0403_152.73_0.186015
29.5326_152.817_0.165347
30.0249_152.905_0.186015
30.0249_152.905_0.186015
30.5172_152.992_0.165347
31.0095_153.079_0.186015
31.5018_153.167_0.165347
31.9941_153.254_0.186015
32.4864_153.341_0.165347
32.4864_153.341_0.165347
32.9787_153.429_0.186015
33.4691_153.526_0.206684
33.9595_153.624_0.186015
34.4498_153.721_0.206684
34.9402_153.819_0.186015
34.9402_153.819_0.186015
35.4011_154.004_0.578714
35.8225_154.273_0.558046
36.2439_154.543_0.578714
36.6653_154.812_0.558046
37.0867_155.081_0.578714
37.0867_155.081_0.578714
37.0867_155.081_0.971414
37.2815_155.538_1.36411
37.2866_156.035_1.75681
37.1013_156.496_2.14951
36.7536_156.85_2.54221
36.7536_156.85_2.54221
36.7536_156.85_2.14951
36.7536_156.85_1.75681
36.7588_157.347_1.36411
36.9536_157.804_0.971414
37.3085_158.152_0.578714
37.3085_158.152_0.578714
37.7694_158.337_0.186015
38.2658_158.394_0.0413367
38.7655_158.409_0.0206684
39.2653_158.425_0.0413367
39.765_158.44_0.0206684
39.765_158.44_0.0206684
40.2502_158.547_0.413367
40.6969_158.771_0.516709
41.129_159.023_0.537378
41.5612_159.274_0.516709
41.9933_159.526_0.537378
41.9933_159.526_0.537378
42.4353_159.759_0.434036
42.8867_159.974_0.454704
43.3381_160.189_0.434036
43.7896_160.404_0.454704
44.241_160.619_0.434036
44.241_160.619_0.434036
44.6878_160.843_0.496041
45.13_161.077_0.475373
45.5722_161.31_0.496041
46.0143_161.543_0.475373
46.4565_161.777_0.496041
46.4565_161.777_0.496041
46.9158_161.973_0.310026
47.3903_162.13_0.330694
47.8649_162.288_0.310026
48.3394_162.445_0.330694
48.814_162.602_0.310026
48.814_162.602_0.310026
49.2484_162.843_0.702725
49.6022_163.069_0.434036
49.6022_163.069_0.434036
50.0621_163.265_0.372031
50.526_163.452_0.392699
50.9859_163.648_0.413367
51.4458_163.844_0.392699
51.9058_164.04_0.413367
51.9058_164.04_0.413367
52.3696_164.227_0.351362
52.8408_164.394_0.330694
53.312_164.561_0.351362
53.7832_164.729_0.330694
54.2544_164.896_0.351362
54.2544_164.896_0.351362
54.722_165.073_0.372031
55.1896_165.25_0.351362
55.6573_165.427_0.372031
56.1249_165.603_0.351362
56.5926_165.78_0.372031
56.5926_165.78_0.372031
57.0565_165.967_0.392699
57.5164_166.163_0.413367
57.9763_166.359_0.392699
58.4362_166.555_0.413367
58.8962_166.751_0.392699
58.8962_166.751_0.392699
59.3561_166.947_0.413367
59.816_167.144_0.392699
60.276_167.34_0.413367
60.7359_167.536_0.392699
61.1958_167.732_0.413367
61.1958_167.732_0.413367
61.6031_168.016_0.806067
61.8705_168.435_1.19877
62.018_168.912_1.34344
62.1357_169.398_1.32278
62.2534_169.884_1.34344
62.2534_169.884_1.34344
62.4577_170.337_0.950745
62.8197_170.677_0.558046
63.2843_170.853_0.165347
63.7809_170.91_0.0620051
64.2802_170.936_0.0413367
64.2802_170.936_0.0413367
64.7778_170.9_-0.186015
65.2701_170.812_-0.165347
65.7624_170.725_-0.186015
66.2547_170.637_-0.165347
66.747_170.55_-0.186015
66.747_170.55_-0.186015
67.2438_170.555_0.206684
67.7173_170.712_0.434036
68.1688_170.927_0.454704
68.6202_171.142_0.434036
69.076_171.348_0.413367
69.076_171.348_0.413367
69.5498_171.505_0.227352
70.0358_171.623_0.24802
70.5217_171.74_0.227352
71.01_171.848_0.206684
71.4982_171.956_0.227352
71.4982_171.956_0.227352
71.9511_172.16_0.620051
72.3216_172.494_0.847403
72.6565_172.865_0.826735
72.9913_173.237_0.847403
73.3261_173.608_0.826735
73.3261_173.608_0.826735
73.7274_173.901_0.434036
74.2102_174.018_0.0413367
74.7011_173.941_-0.351362
75.1649_173.755_-0.413367
75.6248_173.558_-0.392699
75.6248_173.558_-0.392699
76.0379_173.282_-0.785398
76.3139_172.869_-1.1781
76.4712_172.395_-1.32278
76.5989_171.912_-1.30211
76.7267_171.428_-1.32278
76.7267_171.428_-1.32278
76.8937_170.958_-1.13676
77.1086_170.507_-1.11609
77.3236_170.055_-1.13676
77.5385_169.604_-1.11609
77.7534_169.152_-1.13676
77.7534_169.152_-1.13676
78.0463_168.751_-0.744061
78.4244_168.424_-0.682056
78.8093_168.105_-0.702725
79.1941_167.786_-0.682056
79.579_167.466_-0.702725
79.579_167.466_-0.702725
79.9571_167.139_-0.723393
80.3285_166.804_-0.744061
80.6998_166.47_-0.723393
81.0711_166.135_-0.744061
81.4355_165.792_-0.76473
81.4355_165.792_-0.76473
81.8382_165.499_-0.496041
82.2754_165.256_-0.516709
82.7076_165.005_-0.537378
83.1397_164.753_-0.516709
83.5718_164.502_-0.537378
83.5718_164.502_-0.537378
83.9481_164.176_-0.88874
84.2673_163.791_-0.868072
84.5943_163.413_-0.847403
84.9214_163.035_-0.868072
85.2485_162.657_-0.847403
85.2485_162.657_-0.847403
85.4983_162.227_-1.2401
85.6558_161.753_-1.26077
85.8034_161.275_-1.28144
85.9411_160.795_-1.30211
86.0788_160.314_-1.28144
86.0788_160.314_-1.28144
86.2362_159.839_-1.21943
86.4035_159.368_-1.2401
86.5707_158.897_-1.21943
86.7379_158.426_-1.2401
86.9051_157.955_-1.21943
86.9051_157.955_-1.21943
86.9051_157.955_-0.826735
86.9051_157.955_-0.826735
87.2322_157.576_-0.88874
87.5514_157.192_-0.868072
87.8705_156.807_-0.88874
87.8705_156.807_-0.88874
88.1651_156.403_-0.992082
88.4429_155.987_-0.971414
88.7207_155.572_-0.992082
88.9985_155.156_-0.971414
89.2848_154.746_-0.950745
89.2848_154.746_-0.950745
89.6468_154.406_-0.558046
90.1114_154.23_-0.165347
90.608_154.245_0.227352
91.0853_154.393_0.372031
91.5529_154.57_0.351362
91.5529_154.57_0.351362
92.0206_154.747_0.372031
92.4882_154.924_0.351362
92.9559_155.101_0.372031
93.4235_155.277_0.351362
93.8911_155.454_0.372031
93.8911_155.454_0.372031
94.3623_155.622_0.310026
94.8368_155.779_0.330694
95.3114_155.937_0.310026
95.7859_156.094_0.330694
96.2605_156.251_0.310026
96.2605_156.251_0.310026
96.7279_156.428_0.413367
97.1878_156.624_0.392699
97.6517_156.811_0.372031
98.1156_156.997_0.392699
98.5755_157.194_0.413367
98.5755_157.194_0.413367
99.0222_157.418_0.516709
99.4544_157.669_0.537378
99.8865_157.921_0.516709
100.319_158.172_0.537378
100.751_158.424_0.516709
100.751_158.424_0.516709
101.188_158.666_0.496041
101.63_158.9_0.475373
102.072_159.133_0.496041
102.515_159.366_0.475373
102.957_159.6_0.496041
102.957_159.6_0.496041
103.412_159.805_0.351362
103.88_159.982_0.372031
104.347_160.159_0.351362
104.815_160.336_0.372031
105.283_160.513_0.351362
105.283_160.513_0.351362
105.774_160.59_-0.0413367
106.273_160.564_-0.0620051
106.772_160.528_-0.0826735
107.27_160.491_-0.0620051
107.77_160.466_-0.0413367
107.77_160.466_-0.0413367
108.26_160.542_0.351362
108.724_160.729_0.413367
109.184_160.925_0.392699
109.644_161.121_0.413367
110.104_161.317_0.392699
110.104_161.317_0.392699
110.568_161.504_0.372031
111.032_161.69_0.392699
111.496_161.877_0.372031
111.96_162.063_0.392699
112.423_162.25_0.372031
112.423_162.25_0.372031
112.87_162.474_0.558046
113.291_162.743_0.578714
113.712_163.012_0.558046
114.134_163.281_0.578714
114.555_163.55_0.558046
114.555_163.55_0.558046
114.997_163.784_0.413367
115.453_163.989_0.434036
115.909_164.195_0.413367
116.364_164.4_0.434036
116.82_164.606_0.413367
116.82_164.606_0.413367
117.284_164.792_0.351362
117.752_164.969_0.372031
118.219_165.146_0.351362
118.687_165.323_0.372031
119.154_165.5_0.351362
119.154_165.5_0.351362
119.632_165.648_0.24802
120.118_165.765_0.227352
120.604_165.883_0.24802
121.09_166.001_0.227352
121.576_166.119_0.24802
121.576_166.119_0.24802
122.046_166.286_0.434036
122.502_166.491_0.413367
122.962_166.687_0.392699
123.422_166.883_0.413367
123.882_167.079_0.392699
123.882_167.079_0.392699
124.353_167.247_0.289357
124.83_167.394_0.310026
125.308_167.542_0.289357
125.786_167.689_0.310026
126.264_167.837_0.289357
126.264_167.837_0.289357
126.735_168.004_0.392699
127.198_168.191_0.372031
127.662_168.377_0.392699
128.126_168.564_0.372031
128.59_168.75_0.392699
128.59_168.75_0.392699
129.054_168.937_0.372031
129.522_169.114_0.351362
129.989_169.291_0.372031
130.453_169.477_0.392699
130.917_169.664_0.372031
130.917_169.664_0.372031
131.385_169.841_0.351362
131.852_170.018_0.372031
132.316_170.204_0.392699
132.78_170.391_0.372031
133.248_170.568_0.351362
133.248_170.568_0.351362
133.715_170.745_0.372031
134.179_170.931_0.392699
134.643_171.118_0.372031
135.107_171.304_0.392699
135.571_171.491_0.372031
135.571_171.491_0.372031
136.057_171.598_0.0620051
136.556_171.634_0.0826735
137.055_171.67_0.0620051
137.553_171.707_0.0826735
138.052_171.743_0.0620051
138.052_171.743_0.0620051
138.532_171.87_0.454704
138.984_172.085_0.434036
139.435_172.3_0.454704
139.887_172.514_0.434036
140.338_172.729_0.454704
140.338_172.729_0.454704
140.789_172.944_0.434036
141.241_173.159_0.454704
141.692_173.374_0.434036
142.144_173.589_0.454704
142.595_173.804_0.434036
142.595_173.804_0.434036
143.078_173.921_0.0413367
143.578_173.937_0.0206684
144.037_174.038_0.413367
144.037_174.038_0.413367
144.479_174.271_0.558046
144.901_174.54_0.578714
145.322_174.809_0.558046
145.743_175.079_0.578714
146.165_175.348_0.558046
146.165_175.348_0.558046
146.586_175.617_0.578714
147.007_175.886_0.558046
147.007_175.886_0.558046
