configuration 176.556686401_134.7056427_-0.977472527886_0.211062685542_59.5791053772_36.8438796997_0.982426073578_-0.18665210943
length 187.455
time 6.37861
roughness 0.000211636
176.557_134.706_-2.71627
176.108_134.485_-2.65426
175.669_134.247_-2.6336
175.229_134.008_-2.65426
174.79_133.769_-2.6336
174.351_133.531_-2.65426
174.351_133.531_-2.65426
173.906_133.301_-2.67493
173.458_133.081_-2.6956
173.009_132.86_-2.67493
172.56_132.64_-2.6956
172.111_132.42_-2.67493
172.111_132.42_-2.67493
171.637_132.267_-2.98496
171.144_132.184_-2.96429
170.651_132.101_-2.98496
170.158_132.018_-2.96429
169.665_131.935_-2.98496
169.665_131.935_-2.98496
169.195_131.772_-2.6336
168.751_131.543_-2.6956
168.302_131.323_-2.67493
167.858_131.093_-2.65426
167.413_130.863_-2.67493
167.413_130.863_-2.67493
167.022_130.558_-2.28223
166.691_130.182_-2.3029
166.361_129.807_-2.28223
166.031_129.432_-2.3029
165.7_129.056_-2.28223
165.7_129.056_-2.28223
165.309_128.751_-2.67493
164.844_128.568_-2.86095
164.365_128.425_-2.84028
163.886_128.282_-2.86095
163.407_128.138_-2.84028
163.407_128.138_-2.84028
162.942_127.956_-2.6956
162.489_127.745_-2.71627
162.035_127.534_-2.6956
161.582_127.323_-2.71627
161.129_127.112_-2.6956
161.129_127.112_-2.6956
160.68_126.891_-2.67493
160.231_126.671_-2.6956
159.782_126.451_-2.67493
159.334_126.23_-2.6956
158.885_126.01_-2.67493
158.885_126.01_-2.67493
158.42_125.828_-2.86095
157.938_125.694_-2.88162
157.456_125.561_-2.86095
156.974_125.427_-2.88162
156.493_125.294_-2.86095
156.493_125.294_-2.86095
156.028_125.112_-2.67493
155.579_124.891_-2.6956
155.13_124.671_-2.67493
154.681_124.451_-2.6956
154.232_124.23_-2.67493
154.232_124.23_-2.67493
153.828_123.94_-2.36491
153.467_123.594_-2.38557
153.1_123.254_-2.40624
152.733_122.915_-2.38557
152.365_122.576_-2.40624
152.365_122.576_-2.40624
151.944_122.312_-2.75761
151.482_122.12_-2.73694
151.025_121.918_-2.71627
150.567_121.716_-2.73694
150.11_121.515_-2.71627
150.11_121.515_-2.71627
149.706_121.226_-2.32357
149.353_120.871_-2.38557
148.993_120.525_-2.36491
148.632_120.178_-2.38557
148.272_119.831_-2.36491
148.272_119.831_-2.36491
147.919_119.477_-2.34424
147.574_119.116_-2.32357
147.228_118.754_-2.34424
146.882_118.393_-2.32357
146.537_118.032_-2.34424
146.537_118.032_-2.34424
146.127_117.751_-2.73694
145.641_117.648_-3.12964
145.153_117.739_-3.52234
144.809_117.873_-3.50167
144.809_117.873_-3.50167
144.319_117.954_-3.10897
143.82_117.922_-3.04696
143.322_117.88_-3.06763
142.824_117.838_-3.04696
142.327_117.785_-3.02629
142.327_117.785_-3.02629
141.85_117.642_-2.67493
141.401_117.422_-2.6956
140.952_117.202_-2.67493
140.504_116.981_-2.6956
140.055_116.761_-2.67493
140.055_116.761_-2.67493
139.615_116.523_-2.61293
139.181_116.275_-2.6336
138.747_116.027_-2.61293
138.313_115.779_-2.6336
137.878_115.532_-2.61293
137.878_115.532_-2.61293
137.409_115.37_-3.00563
136.914_115.297_-2.98496
136.421_115.214_-2.96429
135.928_115.131_-2.98496
135.435_115.047_-2.96429
135.435_115.047_-2.96429
134.964_114.885_-2.65426
134.52_114.655_-2.67493
134.071_114.435_-2.6956
133.622_114.215_-2.67493
133.173_113.994_-2.6956
133.173_113.994_-2.6956
132.725_113.774_-2.67493
132.276_113.554_-2.6956
131.827_113.333_-2.67493
131.378_113.113_-2.6956
130.929_112.893_-2.67493
130.929_112.893_-2.67493
130.49_112.654_-2.61293
130.061_112.398_-2.59226
129.632_112.141_-2.61293
129.203_111.884_-2.59226
128.774_111.628_-2.61293
128.774_111.628_-2.61293
128.317_111.426_-2.84028
127.838_111.283_-2.86095
127.359_111.14_-2.84028
126.88_110.996_-2.86095
126.401_110.853_-2.84028
126.401_110.853_-2.84028
125.922_110.709_-2.86095
125.443_110.566_-2.84028
124.964_110.422_-2.86095
124.485_110.279_-2.84028
124.006_110.135_-2.86095
124.006_110.135_-2.86095
123.55_109.935_-2.59226
123.121_109.678_-2.61293
122.692_109.421_-2.59226
122.263_109.165_-2.61293
121.834_108.908_-2.59226
121.834_108.908_-2.59226
121.394_108.669_-2.6956
120.946_108.449_-2.67493
120.497_108.229_-2.6956
120.048_108.008_-2.67493
119.599_107.788_-2.6956
119.599_107.788_-2.6956
119.118_107.665_-3.0883
118.618_107.644_-3.10897
118.119_107.622_-3.0883
117.619_107.601_-3.10897
117.12_107.579_-3.0883
117.12_107.579_-3.0883
116.638_107.457_-2.6956
116.24_107.159_-2.3029
115.926_106.771_-2.19956
115.636_106.363_-2.17889
115.636_106.363_-2.17889
115.278_106.019_-2.57159
114.826_105.808_-2.84028
114.347_105.665_-2.86095
113.868_105.521_-2.84028
113.392_105.368_-2.81961
113.392_105.368_-2.81961
112.961_105.122_-2.42691
112.594_104.783_-2.36491
112.241_104.429_-2.34424
111.895_104.067_-2.32357
111.55_103.706_-2.34424
111.55_103.706_-2.34424
111.227_103.324_-2.19956
110.929_102.923_-2.22023
110.623_102.528_-2.2409
110.316_102.133_-2.22023
110.018_101.732_-2.19956
110.018_101.732_-2.19956
109.72_101.33_-2.22023
109.413_100.935_-2.2409
109.107_100.54_-2.22023
108.8_100.145_-2.2409
108.494_99.75_-2.22023
108.494_99.75_-2.22023
108.276_99.3033_-1.82753
108.246_98.8075_-1.43483
108.389_98.3304_-1.1248
108.6_97.8771_-1.14547
108.802_97.4196_-1.16614
108.802_97.4196_-1.16614
109.04_96.9808_-0.980125
109.314_96.5627_-1.00079
109.58_96.139_-1.02146
109.845_95.7153_-1.00079
110.119_95.2972_-0.980125
110.119_95.2972_-0.980125
110.32_94.8419_-1.33149
110.443_94.3575_-1.31082
110.577_93.8756_-1.29015
110.71_93.3938_-1.31082
110.844_92.9119_-1.29015
110.844_92.9119_-1.29015
110.997_92.4361_-1.22815
111.17_91.9669_-1.20748
111.343_91.4978_-1.22815
111.516_91.0286_-1.20748
111.689_90.5595_-1.22815
111.689_90.5595_-1.22815
111.812_90.0757_-1.41416
111.895_89.5826_-1.39349
111.978_89.0896_-1.41416
112.061_88.5965_-1.39349
112.144_88.1035_-1.41416
112.144_88.1035_-1.41416
112.268_87.6197_-1.22815
112.431_87.1471_-1.24881
112.594_86.6744_-1.22815
112.757_86.2018_-1.24881
112.92_85.7292_-1.22815
112.92_85.7292_-1.22815
113.122_85.272_-1.08347
113.351_84.8278_-1.10414
113.581_84.3836_-1.08347
113.81_83.9394_-1.10414
114.04_83.4953_-1.08347
114.04_83.4953_-1.08347
114.212_83.0275_-1.35216
114.326_82.5406_-1.33149
114.439_82.0536_-1.35216
114.553_81.5667_-1.33149
114.666_81.0797_-1.35216
114.666_81.0797_-1.35216
114.866_80.6251_-0.959457
115.225_80.2817_-0.566758
115.689_80.1019_-0.174059
116.186_80.1027_0.177304
116.679_80.1858_0.156635
116.679_80.1858_0.156635
117.175_80.1661_-0.236064
117.626_79.9579_-0.628763
117.964_79.5929_-1.02146
118.202_79.1538_-1.1248
118.413_78.7005_-1.14547
118.413_78.7005_-1.14547
118.526_78.2167_-1.53817
118.445_77.7265_-1.93087
118.245_77.2685_-2.03421
118.026_76.819_-2.01354
117.807_76.3694_-2.03421
117.807_76.3694_-2.03421
117.676_75.8902_-1.64151
117.738_75.3974_-1.24881
117.94_74.9405_-1.0628
118.187_74.5062_-1.04213
118.435_74.0718_-1.0628
118.435_74.0718_-1.0628
118.709_73.6541_-0.91812
119.008_73.2537_-0.938789
119.308_72.8534_-0.91812
119.608_72.453_-0.938789
119.907_72.0527_-0.91812
119.907_72.0527_-0.91812
120.135_71.6108_-1.26948
120.289_71.1349_-1.24881
120.442_70.659_-1.26948
120.595_70.1831_-1.24881
120.751_69.9105_-0.856115
120.751_69.9105_-0.856115
120.997_69.479_-1.24881
121.059_68.9861_-1.64151
120.998_68.4901_-1.74486
120.907_67.9986_-1.76552
120.805_67.509_-1.78619
120.805_67.509_-1.78619
120.733_67.0146_-1.64151
120.733_67.0146_-1.64151
120.796_66.5217_-1.24881
120.978_66.0564_-1.14547
121.189_65.6031_-1.1248
121.4_65.1498_-1.14547
121.611_64.6965_-1.1248
121.611_64.6965_-1.1248
121.611_64.6965_-1.5175
121.552_64.2825_-1.9102
121.298_63.8553_-2.3029
120.9_63.5577_-2.6956
120.419_63.4349_-3.0883
120.419_63.4349_-3.0883
119.923_63.3723_-2.94362
119.434_63.2689_-2.92295
118.945_63.1655_-2.94362
118.454_63.0723_-2.96429
117.962_62.979_-2.94362
117.962_62.979_-2.94362
117.478_62.8555_-2.84028
116.999_62.7121_-2.86095
116.52_62.5686_-2.84028
116.044_62.4153_-2.81961
115.568_62.262_-2.84028
115.568_62.262_-2.84028
115.103_62.0797_-2.6956
114.65_61.8687_-2.71627
114.197_61.6577_-2.6956
113.743_61.4467_-2.71627
113.29_61.2357_-2.6956
113.29_61.2357_-2.6956
112.837_61.0247_-2.71627
112.383_60.8137_-2.6956
111.93_60.6027_-2.71627
111.477_60.3917_-2.6956
111.024_60.1807_-2.71627
111.024_60.1807_-2.71627
110.57_59.9697_-2.6956
110.117_59.7587_-2.71627
109.664_59.5477_-2.6956
109.21_59.3367_-2.71627
108.757_59.1257_-2.6956
108.757_59.1257_-2.6956
108.308_58.9053_-2.67493
107.864_58.6758_-2.65426
107.42_58.4462_-2.67493
106.976_58.2167_-2.65426
106.532_57.9871_-2.67493
106.532_57.9871_-2.67493
106.078_57.7762_-2.73694
105.621_57.5746_-2.71627
105.163_57.373_-2.73694
104.706_57.1714_-2.71627
104.248_56.9698_-2.73694
104.248_56.9698_-2.73694
103.795_56.7588_-2.67493
103.351_56.5293_-2.65426
102.907_56.2997_-2.67493
102.462_56.0702_-2.65426
102.018_55.8406_-2.67493
102.018_55.8406_-2.67493
101.565_55.6297_-2.73694
101.103_55.4376_-2.75761
100.642_55.2455_-2.73694
100.18_55.0534_-2.75761
99.7185_54.8613_-2.73694
99.7185_54.8613_-2.73694
99.2609_54.6597_-2.71627
98.8034_54.4581_-2.73694
98.3458_54.2566_-2.71627
97.8883_54.055_-2.73694
97.4307_53.8534_-2.71627
97.4307_53.8534_-2.71627
96.9732_53.6518_-2.73694
96.5156_53.4502_-2.71627
96.0581_53.2486_-2.73694
95.6005_53.047_-2.71627
95.143_52.8455_-2.73694
95.143_52.8455_-2.73694
94.674_52.6727_-2.84028
94.195_52.5292_-2.86095
93.7161_52.3858_-2.84028
93.2371_52.2424_-2.86095
92.7581_52.0989_-2.84028
92.7581_52.0989_-2.84028
92.293_51.9166_-2.6956
91.8397_51.7056_-2.71627
91.3865_51.4946_-2.6956
90.9332_51.2836_-2.71627
90.4799_51.0726_-2.6956
90.4799_51.0726_-2.6956
90.0514_50.8163_-2.50958
89.6449_50.5251_-2.53025
89.2326_50.2424_-2.55092
88.8202_49.9596_-2.53025
88.4137_49.6684_-2.50958
88.4137_49.6684_-2.50958
87.9804_49.4213_-2.73694
87.5228_49.2197_-2.71627
87.0652_49.0181_-2.73694
86.6077_48.8165_-2.71627
86.1501_48.6149_-2.73694
86.1501_48.6149_-2.73694
85.6812_48.4421_-2.84028
85.2022_48.2987_-2.86095
84.7232_48.1553_-2.84028
84.2473_48.0019_-2.81961
83.7714_47.8486_-2.84028
83.7714_47.8486_-2.84028
83.3063_47.6663_-2.6956
82.853_47.4553_-2.71627
82.3997_47.2443_-2.6956
81.9465_47.0333_-2.71627
81.4932_46.8223_-2.6956
81.4932_46.8223_-2.6956
81.0399_46.6113_-2.71627
80.5866_46.4003_-2.6956
80.1333_46.1893_-2.71627
79.68_45.9783_-2.6956
79.2267_45.7673_-2.71627
79.2267_45.7673_-2.71627
78.7734_45.5563_-2.6956
78.3202_45.3453_-2.71627
77.8669_45.1343_-2.6956
77.4136_44.9233_-2.71627
76.9603_44.7123_-2.6956
76.9603_44.7123_-2.6956
76.4989_44.5203_-2.79894
76.0297_44.3474_-2.77827
75.5605_44.1746_-2.79894
75.0914_44.0017_-2.77827
74.6222_43.8289_-2.79894
74.6222_43.8289_-2.79894
74.1608_43.6369_-2.6956
73.7075_43.4259_-2.71627
73.2542_43.2149_-2.6956
72.8009_43.0039_-2.71627
72.3476_42.7929_-2.6956
72.3476_42.7929_-2.6956
71.8943_42.5819_-2.71627
71.4411_42.3709_-2.6956
70.9878_42.1599_-2.71627
70.5345_41.9489_-2.6956
70.0812_41.7379_-2.71627
70.0812_41.7379_-2.71627
69.6279_41.5269_-2.6956
69.1746_41.3159_-2.71627
68.7213_41.1049_-2.6956
68.268_40.8939_-2.71627
67.8148_40.6829_-2.6956
67.8148_40.6829_-2.6956
67.3615_40.4719_-2.71627
66.9082_40.2609_-2.6956
66.4549_40.0499_-2.71627
66.0016_39.8389_-2.6956
65.5483_39.6279_-2.71627
65.5483_39.6279_-2.71627
65.095_39.4169_-2.6956
64.6417_39.2059_-2.71627
64.1884_38.9949_-2.6956
63.7352_38.7839_-2.71627
63.2819_38.5729_-2.6956
63.2819_38.5729_-2.6956
62.8286_38.3619_-2.71627
62.3753_38.1509_-2.6956
61.922_37.9399_-2.71627
61.4687_37.7289_-2.6956
61.0154_37.5179_-2.71627
61.0154_37.5179_-2.71627
60.5621_37.3069_-2.6956
60.1089_37.0959_-2.71627
59.6556_36.8849_-2.6956
59.6556_36.8849_-2.6956
