configuration 133.385482788_115.927223206_-0.986328190641_0.164792901387_34.5528411865_13.6445770264_-0.541385985877_0.840774175564
length 183.869
time 8.59587
roughness 0.000387709
133.385_115.927_-2.8105
132.956_115.677_-2.4178
132.622_115.306_-2.19045
132.328_114.902_-2.21111
132.033_114.498_-2.19045
131.739_114.094_-2.21111
131.739_114.094_-2.21111
131.37_113.762_-2.60381
130.915_113.556_-2.83116
130.441_113.399_-2.8105
129.969_113.231_-2.78983
129.498_113.064_-2.8105
129.498_113.064_-2.8105
129.069_112.814_-2.4178
128.712_112.464_-2.31446
128.37_112.099_-2.33512
128.028_111.735_-2.31446
127.685_111.371_-2.33512
127.685_111.371_-2.33512
127.278_111.086_-2.72782
126.811_110.909_-2.83116
126.333_110.761_-2.85183
125.855_110.613_-2.83116
125.378_110.465_-2.85183
125.378_110.465_-2.85183
124.897_110.328_-2.8725
124.417_110.19_-2.85183
123.936_110.052_-2.8725
123.455_109.914_-2.85183
122.975_109.776_-2.8725
122.975_109.776_-2.8725
122.501_109.618_-2.76916
122.033_109.441_-2.78983
121.562_109.274_-2.8105
121.091_109.106_-2.78983
120.623_108.929_-2.76916
120.623_108.929_-2.76916
120.168_108.724_-2.66582
119.726_108.49_-2.64515
119.36_108.343_-2.8725
119.36_108.343_-2.8725
118.865_108.297_-3.22386
118.367_108.343_-3.24453
117.869_108.389_-3.22386
117.371_108.435_-3.24453
116.874_108.481_-3.22386
116.874_108.481_-3.22386
116.38_108.425_-2.83116
115.946_108.184_-2.43847
115.628_107.801_-2.0871
115.377_107.369_-2.10777
115.117_106.942_-2.12844
115.117_106.942_-2.12844
114.806_106.551_-2.35579
114.457_106.194_-2.33512
114.107_105.836_-2.35579
113.757_105.479_-2.33512
113.407_105.122_-2.35579
113.407_105.122_-2.35579
112.994_104.845_-2.74849
112.515_104.708_-2.97584
112.023_104.62_-2.95518
111.53_104.533_-2.97584
111.359_104.468_-2.58314
111.359_104.468_-2.58314
110.997_104.127_-2.19045
110.793_103.675_-1.79775
110.778_103.178_-1.40505
110.855_102.684_-1.42572
110.933_102.19_-1.40505
110.933_102.19_-1.40505
110.918_101.693_-1.79775
110.714_101.241_-2.19045
110.403_100.849_-2.29379
110.076_100.471_-2.27312
109.749_100.093_-2.29379
109.749_100.093_-2.29379
109.499_99.6631_-1.90109
109.412_99.1728_-1.59106
109.397_98.673_-1.61173
109.371_98.1737_-1.6324
109.346_97.6743_-1.61173
109.346_97.6743_-1.61173
109.423_97.1835_-1.21903
109.682_96.7595_-0.826333
110.083_96.4668_-0.433634
110.083_96.4668_-0.433634
110.484_96.1742_-0.826333
110.796_95.7832_-0.971011
111.073_95.3676_-0.99168
111.351_94.952_-0.971011
111.629_94.5364_-0.99168
111.629_94.5364_-0.99168
111.977_94.1816_-0.598981
112.434_93.987_-0.206282
112.926_93.8998_-0.144276
113.422_93.833_-0.123608
113.917_93.7663_-0.144276
113.917_93.7663_-0.144276
114.386_93.6003_-0.536976
114.755_93.2678_-0.929675
114.969_92.8193_-1.32237
115.066_92.3292_-1.42572
115.144_91.8352_-1.40505
115.144_91.8352_-1.40505
115.261_91.3497_-1.26037
115.409_90.8721_-1.28104
115.557_90.3944_-1.26037
115.705_89.9168_-1.28104
115.853_89.4392_-1.26037
115.853_89.4392_-1.26037
115.909_88.9456_-1.65307
115.773_88.468_-2.04577
115.496_88.053_-2.27312
115.177_87.668_-2.25245
114.858_87.283_-2.27312
114.858_87.283_-2.27312
114.617_86.8485_-1.88042
114.561_86.3549_-1.48772
114.698_85.8774_-1.09502
114.931_85.4353_-1.07435
115.165_84.9932_-1.09502
115.165_84.9932_-1.09502
115.302_84.5157_-1.48772
115.246_84.0221_-1.88042
115.005_83.5875_-2.27312
114.641_83.2457_-2.50047
114.244_82.9425_-2.4798
114.244_82.9425_-2.4798
114.244_82.9425_-2.0871
114.203_82.8184_-1.6944
114.239_82.323_-1.30171
114.462_81.879_-0.909006
114.838_81.5542_-0.516307
114.838_81.5542_-0.516307
115.214_81.2294_-0.909006
115.455_80.7939_-1.21903
115.623_80.3228_-1.2397
115.79_79.8517_-1.21903
115.958_79.3806_-1.2397
115.958_79.3806_-1.2397
116.19_78.9402_-0.929675
116.493_78.5427_-0.909006
116.805_78.1514_-0.888338
117.116_77.7602_-0.909006
117.116_77.7602_-0.909006
117.486_77.4272_-0.557644
117.918_77.1759_-0.495639
117.918_77.1759_-0.495639
118.3_76.8589_-0.888338
118.532_76.4197_-1.28104
118.65_75.934_-1.38438
118.738_75.4418_-1.40505
118.825_74.9495_-1.38438
118.825_74.9495_-1.38438
118.893_74.4543_-1.48772
118.939_73.9564_-1.46705
118.986_73.4586_-1.48772
119.032_72.9608_-1.46705
119.079_72.463_-1.48772
119.079_72.463_-1.48772
119.206_71.9821_-1.13636
119.422_71.5308_-1.11569
119.646_71.084_-1.09502
119.87_70.6372_-1.11569
120.086_70.3412_-0.764328
120.086_70.3412_-0.764328
120.405_69.9573_-0.99168
120.683_69.5417_-0.971011
120.961_69.1261_-0.99168
121.239_68.7104_-0.971011
121.517_68.2948_-0.99168
121.517_68.2948_-0.99168
121.702_67.834_-1.38438
121.698_67.3372_-1.77708
121.503_66.8801_-2.16978
121.148_66.5324_-2.56248
120.924_66.3127_-2.16978
120.924_66.3127_-2.16978
120.569_65.9649_-2.56248
120.133_65.7225_-2.70715
119.681_65.5073_-2.68649
119.234_65.2829_-2.66582
118.788_65.0585_-2.68649
118.788_65.0585_-2.68649
118.393_64.7573_-2.29379
118.09_64.3598_-2.14911
117.821_63.9383_-2.12844
117.552_63.5168_-2.14911
117.283_63.0953_-2.12844
117.283_63.0953_-2.12844
116.943_62.7332_-2.52114
116.507_62.491_-2.74849
116.047_62.2948_-2.72782
115.587_62.0985_-2.74849
115.127_61.9022_-2.72782
115.127_61.9022_-2.72782
114.686_61.6688_-2.58314
114.259_61.4083_-2.60381
113.832_61.1477_-2.58314
113.405_60.8872_-2.60381
112.979_60.6267_-2.58314
112.979_60.6267_-2.58314
112.532_60.4026_-2.76916
112.069_60.2158_-2.74849
111.605_60.0291_-2.76916
111.141_59.8423_-2.74849
110.677_59.6556_-2.76916
110.677_59.6556_-2.76916
110.217_59.4593_-2.70715
109.762_59.2536_-2.72782
109.306_59.0479_-2.70715
108.85_58.8421_-2.72782
108.395_58.6364_-2.70715
108.395_58.6364_-2.70715
107.943_58.4212_-2.68649
107.492_58.2061_-2.70715
107.041_57.991_-2.68649
106.589_57.7759_-2.70715
106.138_57.5607_-2.68649
106.138_57.5607_-2.68649
105.682_57.355_-2.74849
105.218_57.1683_-2.76916
104.755_56.9815_-2.74849
104.291_56.7948_-2.76916
103.827_56.6081_-2.74849
103.827_56.6081_-2.74849
103.386_56.3748_-2.56248
102.964_56.1055_-2.58314
102.538_55.845_-2.60381
102.111_55.5844_-2.58314
101.684_55.3239_-2.60381
101.684_55.3239_-2.60381
101.238_55.0997_-2.74849
100.778_54.9034_-2.72782
100.318_54.7071_-2.74849
99.858_54.5108_-2.72782
99.3982_54.3145_-2.74849
99.3982_54.3145_-2.74849
98.9426_54.1088_-2.68649
98.4912_53.8937_-2.70715
98.0399_53.6786_-2.68649
97.5885_53.4635_-2.70715
97.1372_53.2483_-2.68649
97.1372_53.2483_-2.68649
96.6904_53.0239_-2.66582
96.2483_52.7903_-2.64515
95.8062_52.5567_-2.66582
95.3642_52.3232_-2.64515
94.9221_52.0896_-2.66582
94.9221_52.0896_-2.66582
94.4902_51.838_-2.56248
94.069_51.5687_-2.58314
93.6477_51.2994_-2.56248
93.2264_51.0301_-2.58314
92.8051_50.7608_-2.56248
92.8051_50.7608_-2.56248
92.3593_50.5369_-2.78983
91.8882_50.3695_-2.8105
91.417_50.2021_-2.78983
90.9459_50.0347_-2.8105
90.4748_49.8672_-2.78983
90.4748_49.8672_-2.78983
90.0151_49.671_-2.68649
89.5638_49.4559_-2.70715
89.1124_49.2408_-2.68649
88.6611_49.0257_-2.70715
88.2097_48.8105_-2.68649
88.2097_48.8105_-2.68649
87.7781_48.5591_-2.54181
87.3624_48.2812_-2.56248
86.9468_48.0032_-2.54181
86.5312_47.7253_-2.56248
86.1156_47.4473_-2.54181
86.1156_47.4473_-2.54181
85.6622_47.2426_-2.89317
85.1789_47.1147_-2.8725
84.6955_46.9867_-2.89317
84.2122_46.8588_-2.8725
83.7289_46.7309_-2.89317
83.7289_46.7309_-2.89317
83.2336_46.6741_-3.16186
82.7336_46.6791_-3.14119
82.2337_46.6841_-3.16186
81.7337_46.689_-3.14119
81.2337_46.694_-3.16186
81.2337_46.694_-3.16186
80.7446_46.607_-2.76916
80.2891_46.4013_-2.66582
79.8423_46.1769_-2.68649
79.391_45.9618_-2.70715
78.9396_45.7467_-2.68649
78.9396_45.7467_-2.68649
78.48_45.5504_-2.78983
78.0124_45.3733_-2.76916
77.5448_45.1962_-2.78983
77.0773_45.0191_-2.76916
76.6097_44.842_-2.78983
76.6097_44.842_-2.78983
76.15_44.6458_-2.68649
75.6987_44.4307_-2.70715
75.2473_44.2155_-2.68649
74.796_44.0004_-2.70715
74.3446_43.7853_-2.68649
74.3446_43.7853_-2.68649
73.9243_43.5166_-2.45913
73.533_43.2053_-2.4798
73.1354_42.9021_-2.50047
72.7378_42.5989_-2.4798
72.3403_42.2958_-2.50047
72.3403_42.2958_-2.50047
71.9044_42.0538_-2.76916
71.4368_41.8767_-2.78983
70.9693_41.6996_-2.76916
70.5017_41.5225_-2.78983
70.0341_41.3453_-2.76916
70.0341_41.3453_-2.76916
69.5743_41.1491_-2.70715
69.1187_40.9433_-2.72782
68.663_40.7376_-2.70715
68.2073_40.5318_-2.72782
67.7516_40.3261_-2.70715
67.7516_40.3261_-2.70715
67.2959_40.1203_-2.72782
66.8402_39.9146_-2.70715
66.3845_39.7088_-2.72782
65.9288_39.5031_-2.70715
65.4731_39.2973_-2.72782
65.4731_39.2973_-2.72782
65.0218_39.0823_-2.66582
64.575_38.8578_-2.68649
64.1282_38.6334_-2.66582
63.6814_38.409_-2.68649
63.2346_38.1846_-2.66582
63.2346_38.1846_-2.66582
62.7571_38.0476_-3.05852
62.2635_38.1038_-3.45122
61.8289_38.3445_-3.84392
61.4506_38.6715_-3.86458
61.0723_38.9984_-3.84392
61.0723_38.9984_-3.84392
60.6377_39.2392_-3.45122
60.1441_39.2953_-3.05852
59.6666_39.1583_-2.66582
59.2402_38.898_-2.52114
58.8304_38.6115_-2.54181
58.8304_38.6115_-2.54181
58.4532_38.285_-2.31446
58.1109_37.9205_-2.33512
57.7612_37.5632_-2.35579
57.4115_37.2059_-2.33512
57.0617_36.8485_-2.35579
57.0617_36.8485_-2.35579
56.6653_36.5463_-2.62448
56.2333_36.2946_-2.60381
55.8013_36.043_-2.62448
55.3692_35.7913_-2.60381
54.9372_35.5396_-2.62448
54.9372_35.5396_-2.62448
54.5475_35.2296_-2.31446
54.2052_34.8651_-2.33512
53.8629_34.5006_-2.31446
53.5207_34.1361_-2.33512
53.1784_33.7717_-2.31446
53.1784_33.7717_-2.31446
52.8361_33.4072_-2.33512
52.4939_33.0427_-2.31446
52.1516_32.6782_-2.33512
51.8093_32.3138_-2.31446
51.467_31.9493_-2.33512
51.467_31.9493_-2.33512
51.0599_31.6646_-2.72782
50.5892_31.4974_-2.8725
50.1058_31.3694_-2.89317
49.6225_31.2415_-2.8725
49.1391_31.1136_-2.89317
49.1391_31.1136_-2.89317
48.6473_31.0261_-3.03785
48.1495_30.9794_-3.05852
47.6517_30.9328_-3.03785
47.1538_30.8861_-3.05852
46.656_30.8395_-3.03785
46.656_30.8395_-3.03785
46.1814_30.6927_-2.64515
46.1814_30.6927_-2.64515
45.7443_30.45_-2.62448
45.3123_30.1983_-2.60381
44.8802_29.9467_-2.62448
44.4482_29.695_-2.60381
44.4482_29.695_-2.60381
44.0018_29.4708_-2.74849
43.5419_29.2745_-2.72782
43.0821_29.0782_-2.74849
42.6222_28.8819_-2.72782
42.1624_28.6856_-2.74849
42.1624_28.6856_-2.74849
41.7159_28.4614_-2.60381
41.2839_28.2098_-2.62448
40.8518_27.9581_-2.60381
40.4198_27.7064_-2.62448
39.9878_27.4548_-2.60381
39.9878_27.4548_-2.60381
39.5258_27.2688_-2.91384
39.0376_27.1609_-2.93451
38.5494_27.0531_-2.91384
38.0635_26.9352_-2.89317
37.5776_26.8172_-2.91384
37.5776_26.8172_-2.91384
37.0855_26.7297_-3.01718
36.5901_26.6625_-2.99651
36.0961_26.5851_-2.97584
35.6022_26.5077_-2.99651
35.1067_26.4406_-3.01718
35.1067_26.4406_-3.01718
34.6352_26.2839_-2.62448
34.2596_25.9588_-2.23178
34.037_25.5147_-1.83908
33.9095_25.0312_-1.81841
33.7919_24.5453_-1.79775
33.7919_24.5453_-1.79775
33.6899_24.2753_-2.06644
33.6899_24.2753_-2.06644
33.4212_23.8542_-2.21111
33.1266_23.4501_-2.19045
32.8321_23.0461_-2.21111
32.5292_22.6483_-2.23178
32.5292_22.6483_-2.23178
32.3066_22.2042_-1.83908
32.2709_21.7087_-1.44638
32.4275_21.2372_-1.05368
32.7527_20.8616_-0.660986
33.1968_20.639_-0.268287
33.1968_20.639_-0.268287
33.6409_20.4164_-0.660986
33.966_20.0407_-1.05368
34.1227_19.5693_-1.44638
34.1693_19.0715_-1.50839
34.2056_18.5729_-1.48772
34.2056_18.5729_-1.48772
34.242_18.0742_-1.50839
34.2783_17.5755_-1.48772
34.3146_17.0769_-1.50839
34.351_16.5782_-1.48772
34.3873_16.0795_-1.50839
34.3873_16.0795_-1.50839
34.4237_15.5808_-1.48772
34.46_15.0822_-1.50839
34.4963_14.5835_-1.48772
34.5327_14.0848_-1.50839
34.5927_13.6419_-1.36371
34.5927_13.6419_-1.36371
