configuration 161.70602417_-18.2518405914_0.169978369946_0.985447793519_193.750076294_109.599342346_0.85380148664_0.520598714377
length 185.328
time 7.92547
roughness 0.000477487
161.706_-18.2518_0.341615
162.133_-17.9973_0.734315
162.438_-17.6046_1.08568
162.676_-17.1647_1.06501
162.913_-16.7248_1.08568
163.151_-16.285_1.06501
163.151_-16.285_1.06501
163.464_-15.8986_0.713646
163.839_-15.5674_0.734315
164.207_-15.2286_0.754983
164.574_-14.8897_0.734315
164.942_-14.5509_0.754983
164.942_-14.5509_0.754983
165.31_-14.212_0.734315
165.684_-13.8809_0.713646
166.059_-13.5497_0.734315
166.433_-13.2185_0.713646
166.808_-12.8873_0.734315
166.808_-12.8873_0.734315
167.235_-12.6328_0.341615
167.704_-12.4604_0.362284
168.17_-12.2784_0.382952
168.635_-12.0964_0.362284
169.101_-11.9143_0.382952
169.101_-11.9143_0.382952
169.588_-11.812_0.0315898
170.087_-11.791_0.0522582
170.587_-11.7701_0.0315898
171.086_-11.7491_0.0522582
171.586_-11.7282_0.0315898
171.586_-11.7282_0.0315898
172.076_-11.8096_-0.361109
172.498_-12.0725_-0.753808
172.795_-12.4711_-1.10517
172.876_-12.5742_-0.712472
172.876_-12.5742_-0.319772
172.876_-12.5742_-0.319772
173.369_-12.6353_0.0729266
173.847_-12.5032_0.465626
174.239_-12.1978_0.858325
174.484_-11.7657_1.25102
174.597_-11.2792_1.43704
174.597_-11.2792_1.43704
174.758_-10.8093_1.04434
175.056_-10.4091_0.816988
175.402_-10.0481_0.79632
175.748_-9.68715_0.816988
176.094_-9.32616_0.79632
176.094_-9.32616_0.79632
176.504_-9.04567_0.403621
176.969_-8.86367_0.341615
177.442_-8.70104_0.320947
177.915_-8.53842_0.341615
178.388_-8.37579_0.320947
178.388_-8.37579_0.320947
178.849_-8.18435_0.465626
179.298_-7.96449_0.444957
179.747_-7.74463_0.465626
180.196_-7.52477_0.444957
180.645_-7.30492_0.465626
180.645_-7.30492_0.465626
181.063_-7.03179_0.692978
181.451_-6.71637_0.672309
181.839_-6.40095_0.692978
182.227_-6.08553_0.672309
182.615_-5.77011_0.692978
182.615_-5.77011_0.692978
183.042_-5.51495_0.382952
183.504_-5.32334_0.403621
183.966_-5.13173_0.382952
184.428_-4.94012_0.403621
184.89_-4.74851_0.382952
184.89_-4.74851_0.382952
185.355_-4.56648_0.362284
185.821_-4.38446_0.382952
186.287_-4.20243_0.362284
186.752_-4.02041_0.382952
187.218_-3.83839_0.362284
187.218_-3.83839_0.362284
187.707_-3.7461_0.0109215
188.207_-3.73547_0.0315898
188.707_-3.72485_0.0109215
189.206_-3.71422_0.0315898
189.706_-3.69326_0.0522582
189.706_-3.69326_0.0522582
190.188_-3.57103_0.444957
190.586_-3.27382_0.837656
190.924_-2.90577_0.816988
191.262_-2.53771_0.837656
191.593_-2.16275_0.858325
191.593_-2.16275_0.858325
191.985_-1.85738_0.465626
192.464_-1.72521_0.0729266
192.957_-1.78637_-0.319772
193.41_-1.99592_-0.547125
193.834_-2.26044_-0.567793
193.834_-2.26044_-0.567793
193.834_-2.26044_-0.175094
193.834_-2.26044_0.217605
194.289_-2.06061_0.610304
194.633_-1.70194_1.003
194.813_-1.23902_1.3957
194.813_-1.23902_1.3957
194.802_-0.74234_1.7884
194.679_-0.257789_1.85041
194.546_0.224184_1.82974
194.413_0.706157_1.85041
194.28_1.18813_1.82974
194.28_1.18813_1.82974
194.218_1.68276_1.56105
194.218_2.18275_1.58172
194.218_2.68275_1.56105
194.217_3.18274_1.58172
194.217_3.68273_1.56105
194.217_3.68273_1.56105
194.155_4.17736_1.82974
194.032_4.66198_1.80907
193.909_5.1466_1.82974
193.786_5.63122_1.80907
193.663_6.11584_1.82974
193.663_6.11584_1.82974
193.51_6.5917_1.93308
193.338_7.06104_1.91241
193.166_7.53038_1.93308
192.993_7.99973_1.91241
192.821_8.46907_1.93308
192.821_8.46907_1.93308
192.739_8.95904_1.54038
192.749_9.45893_1.56105
192.759_9.95882_1.54038
192.769_10.4587_1.56105
192.779_10.9586_1.54038
192.779_10.9586_1.54038
192.697_11.4486_1.93308
192.525_11.9179_1.91241
192.362_12.3907_1.89174
192.199_12.8635_1.91241
192.037_13.3363_1.89174
192.037_13.3363_1.89174
191.894_13.8154_1.82974
191.771_14.3_1.80907
191.648_14.7846_1.82974
191.525_15.2692_1.80907
191.402_15.7539_1.82974
191.402_15.7539_1.82974
191.239_16.2263_1.97442
191.048_16.6881_1.95375
190.856_17.1499_1.97442
190.664_17.6117_1.95375
190.473_18.0735_1.97442
190.473_18.0735_1.97442
190.281_18.5354_1.95375
190.099_19.001_1.93308
189.917_19.4667_1.95375
189.735_19.9324_1.93308
189.553_20.3981_1.95375
189.553_20.3981_1.95375
189.381_20.8674_1.89174
189.218_21.3402_1.91241
189.055_21.813_1.89174
188.893_22.2858_1.91241
188.73_22.7586_1.89174
188.73_22.7586_1.89174
188.485_23.1904_2.28444
188.092_23.4953_2.67714
187.613_23.6269_3.06984
187.12_23.5651_3.46254
186.689_23.3195_3.85524
186.689_23.3195_3.85524
186.689_23.3195_3.46254
186.689_23.3195_3.06984
186.21_23.4511_2.67714
185.817_23.756_2.28444
185.572_24.1878_1.89174
185.572_24.1878_1.89174
185.439_24.6695_1.7884
185.326_25.1566_1.80907
185.213_25.6436_1.7884
185.1_26.1307_1.80907
184.987_26.6178_1.7884
184.987_26.6178_1.7884
184.966_27.1147_1.43704
185.027_27.6109_1.45771
185.079_28.1083_1.47838
185.13_28.6056_1.45771
185.181_29.103_1.47838
185.181_29.103_1.47838
185.138_29.5191_1.87108
185.138_29.5191_1.87108
184.966_29.9882_1.97442
184.774_30.4501_1.95375
184.592_30.9157_1.93308
184.41_31.3814_1.95375
184.218_31.8432_1.97442
184.218_31.8432_1.97442
184.046_32.3124_1.87108
183.893_32.7884_1.89174
183.74_33.2645_1.87108
183.588_33.7406_1.89174
183.435_34.2166_1.87108
183.435_34.2166_1.87108
183.253_34.6819_2.01575
183.042_35.1354_1.99509
182.832_35.5889_2.01575
182.621_36.0424_1.99509
182.411_36.4959_2.01575
182.411_36.4959_2.01575
182.21_36.9536_1.95375
182.018_37.4155_1.97442
181.826_37.8773_1.95375
181.635_38.3391_1.97442
181.443_38.8009_1.95375
181.443_38.8009_1.95375
181.331_39.286_1.64372
181.289_39.7843_1.66439
181.248_40.2826_1.64372
181.206_40.7808_1.66439
181.164_41.2791_1.64372
181.164_41.2791_1.64372
181.102_41.775_1.74706
181.02_42.2681_1.7264
180.937_42.7612_1.74706
180.937_42.7612_1.74706
180.766_43.2282_2.09843
180.509_43.6575_2.1191
180.253_44.0869_2.09843
179.997_44.5163_2.1191
179.889_44.8108_1.7264
179.889_44.8108_1.7264
179.718_45.2771_2.1191
179.388_45.6498_2.47046
179_45.9648_2.44979
178.612_46.2797_2.47046
178.223_46.5947_2.44979
178.223_46.5947_2.44979
177.786_46.8309_2.84249
177.292_46.8818_3.23519
176.804_46.7792_3.46254
176.518_46.7434_3.06984
176.518_46.7434_2.67714
176.518_46.7434_2.67714
176.126_47.0483_2.28444
175.88_47.4801_1.89174
175.778_47.9684_1.66439
175.726_48.4657_1.68506
175.674_48.963_1.66439
175.674_48.963_1.66439
175.581_49.4536_1.85041
175.448_49.9355_1.82974
175.315_50.4175_1.85041
175.182_50.8995_1.82974
175.049_51.3815_1.85041
175.049_51.3815_1.85041
175.008_51.8765_1.45771
175.13_52.3598_1.18902
175.331_52.8178_1.12701
175.541_53.2715_1.14768
175.541_53.2715_1.14768
175.652_53.7556_1.54038
175.57_54.2456_1.93308
175.307_54.6668_2.32578
174.902_54.9553_2.71848
174.42_55.0771_3.06984
174.42_55.0771_3.06984
173.941_55.2087_2.67714
173.549_55.5136_2.28444
173.303_55.9454_1.89174
173.17_56.4272_1.7884
173.067_56.9165_1.76773
173.067_56.9165_1.76773
172.935_57.398_1.91241
172.772_57.8708_1.89174
172.609_58.3436_1.91241
172.437_58.813_1.93308
172.265_59.2823_1.91241
172.265_59.2823_1.91241
172.092_59.7517_1.93308
171.92_60.221_1.91241
171.747_60.6904_1.93308
171.575_61.1597_1.91241
171.403_61.629_1.93308
171.403_61.629_1.93308
171.28_62.1126_1.70573
171.208_62.6073_1.7264
171.135_63.1021_1.70573
171.063_63.5968_1.7264
170.98_64.0899_1.74706
170.98_64.0899_1.74706
170.857_64.5741_1.89174
170.695_65.0469_1.91241
170.532_65.5197_1.89174
170.369_65.9925_1.91241
170.207_66.4653_1.89174
170.207_66.4653_1.89174
169.961_66.8971_2.28444
169.569_67.202_2.67714
169.09_67.3336_3.06984
168.597_67.2719_3.46254
168.165_67.0262_3.85524
168.165_67.0262_3.85524
168.165_67.0262_3.46254
167.672_66.9645_3.06984
167.193_67.0961_2.67714
166.801_67.401_2.28444
166.555_67.8328_1.89174
166.555_67.8328_1.89174
166.494_68.3257_1.49904
166.565_68.8201_1.35437
166.668_69.3095_1.37503
166.76_69.8009_1.3957
166.852_70.2924_1.37503
166.852_70.2924_1.37503
166.893_70.7896_1.60239
166.882_71.2895_1.58172
166.872_71.7894_1.60239
166.861_72.2892_1.58172
166.823_72.4684_1.97442
166.823_72.4684_1.97442
166.613_72.9218_2.03642
166.393_73.3709_2.01575
166.173_73.8199_2.03642
165.953_74.269_2.01575
165.733_74.718_2.03642
165.733_74.718_2.03642
165.561_75.1864_1.80907
165.438_75.671_1.82974
165.315_76.1556_1.80907
165.202_76.6427_1.7884
165.089_77.1297_1.80907
165.089_77.1297_1.80907
164.966_77.6143_1.82974
164.843_78.099_1.80907
164.72_78.5836_1.82974
164.597_79.0682_1.80907
164.474_79.5528_1.82974
164.474_79.5528_1.82974
164.443_80.0486_1.43704
164.604_80.5186_1.04434
164.933_80.8912_0.651641
165.345_81.1734_0.548299
165.775_81.4296_0.527631
165.775_81.4296_0.527631
166.168_81.736_0.79632
166.521_82.0897_0.775651
166.875_82.4435_0.79632
167.228_82.7972_0.775651
167.581_83.151_0.79632
167.581_83.151_0.79632
167.935_83.5048_0.775651
168.288_83.8585_0.79632
168.641_84.2123_0.775651
168.995_84.566_0.79632
169.348_84.9198_0.775651
169.348_84.9198_0.775651
169.701_85.2735_0.79632
170.055_85.6273_0.775651
170.408_85.981_0.79632
170.761_86.3348_0.775651
171.115_86.6885_0.79632
171.115_86.6885_0.79632
171.525_86.969_0.403621
171.994_87.1413_0.300279
172.47_87.2941_0.320947
172.946_87.447_0.300279
173.422_87.5998_0.320947
173.422_87.5998_0.320947
173.908_87.7126_0.134932
174.403_87.785_0.1556
174.898_87.8574_0.134932
175.393_87.9297_0.1556
175.887_88.0021_0.134932
175.887_88.0021_0.134932
176.357_88.1637_0.527631
176.743_88.4779_0.837656
177.082_88.8459_0.816988
177.428_89.2069_0.79632
177.774_89.5679_0.816988
177.774_89.5679_0.816988
178.172_89.8655_0.465626
178.617_90.0946_0.486294
179.061_90.3236_0.465626
179.506_90.5527_0.486294
179.95_90.7818_0.465626
179.95_90.7818_0.465626
180.408_90.9829_0.362284
180.873_91.1649_0.382952
181.339_91.3469_0.362284
181.805_91.5289_0.382952
182.27_91.711_0.362284
182.27_91.711_0.362284
182.758_91.8134_0.0522582
183.257_91.8344_0.0315898
183.757_91.8553_0.0522582
184.256_91.8763_0.0315898
184.756_91.8973_0.0522582
184.756_91.8973_0.0522582
185.237_92.0195_0.444957
185.636_92.3167_0.837656
185.908_92.7338_1.14768
186.118_93.1875_1.12701
186.328_93.6413_1.14768
186.328_93.6413_1.14768
186.449_93.8116_0.754983
186.87_94.0749_0.362284
187.36_94.157_-0.0304153
187.844_94.0453_-0.423114
188.249_93.7568_-0.815813
188.249_93.7568_-0.815813
188.653_93.4684_-0.423114
189.137_93.3567_-0.0304153
189.627_93.4388_0.362284
190.049_93.7021_0.754983
190.402_94.0558_0.816988
190.402_94.0558_0.816988
190.7_94.4559_1.04434
190.947_94.8908_1.06501
191.184_95.3306_1.08568
191.44_95.7601_0.982335
191.44_95.7601_0.982335
191.791_96.1116_0.589636
192.23_96.3495_0.403621
192.688_96.5506_0.424289
193.146_96.7517_0.403621
193.603_96.9529_0.424289
193.603_96.9529_0.424289
194.072_97.1251_0.27961
194.554_97.2581_0.258942
194.836_97.3961_0.651641
194.836_97.3961_1.04434
194.836_97.3961_1.04434
195.165_97.7686_0.651641
195.565_98.0677_0.630973
195.966_98.3669_0.651641
196.191_98.6218_1.04434
196.191_98.6218_1.04434
196.352_99.0917_1.43704
196.383_99.5904_1.58172
196.372_100.09_1.60239
196.361_100.59_1.58172
196.361_101.09_1.56105
196.361_101.09_1.56105
196.279_101.581_1.91241
196.116_102.054_1.89174
195.963_102.53_1.87108
195.811_103.006_1.89174
195.658_103.482_1.87108
195.658_103.482_1.87108
195.505_103.958_1.89174
195.352_104.434_1.87108
195.199_104.91_1.89174
195.046_105.386_1.87108
194.904_105.865_1.85041
194.904_105.865_1.85041
194.761_106.344_1.87108
194.608_106.82_1.89174
194.455_107.296_1.87108
194.312_107.775_1.85041
194.169_108.255_1.87108
194.169_108.255_1.87108
194.016_108.731_1.89174
193.863_109.207_1.87108
193.735_109.608_1.89174
193.735_109.608_1.89174
