configuration -14.0353517532_151.94859314_0.0_1.0_147.259887695_176.039077759_0.145212769539_0.989400450557
length 188.868
time 5.85468
roughness 0.000272372
-14.0354_151.949_-0
-13.5357_151.964_0.0620051
-13.0363_151.99_0.0413367
-12.537_152.016_0.0620051
-12.0377_152.042_0.0413367
-11.5384_152.067_0.0620051
-11.5384_152.067_0.0620051
-11.0387_152.083_0
-10.5387_152.088_0.0206684
-10.0388_152.093_0
-9.5388_152.098_0.0206684
-9.03884_152.104_0
-9.03884_152.104_0
-8.54058_152.14_0.144679
-8.0451_152.207_0.12401
-7.54961_152.274_0.144679
-7.05412_152.341_0.12401
-6.55864_152.408_0.144679
-6.55864_152.408_0.144679
-6.06315_152.474_0.12401
-5.56639_152.531_0.103342
-5.06962_152.588_0.12401
-4.57286_152.645_0.103342
-4.0761_152.701_0.12401
-4.0761_152.701_0.12401
-3.58613_152.799_0.268689
-3.10273_152.927_0.24802
-2.61934_153.054_0.268689
-2.13594_153.182_0.24802
-1.65254_153.31_0.268689
-1.65254_153.31_0.268689
-1.15705_153.346_-0.12401
-0.685531_153.189_-0.516709
-0.309774_152.864_-0.909408
-0.00676684_152.467_-0.930077
0.29624_152.069_-0.909408
0.29624_152.069_-0.909408
0.671997_151.744_-0.516709
1.14351_151.587_-0.12401
1.64199_151.593_0.144679
2.13747_151.66_0.12401
2.63296_151.727_0.144679
2.63296_151.727_0.144679
3.13121_151.763_-8.32667e-17
3.63118_151.768_0.0206684
4.13114_151.773_-8.32667e-17
4.63111_151.778_0.0206684
5.13107_151.783_-8.32667e-17
5.13107_151.783_-8.32667e-17
5.61832_151.686_-0.392699
6.03139_151.41_-0.785398
6.30739_150.997_-1.1781
6.40431_150.51_-1.5708
6.38882_150.01_-1.6328
6.38882_150.01_-1.6328
6.38882_150.01_-1.2401
6.38882_150.01_-0.847403
6.5968_149.852_-0.454704
7.07711_149.725_-0.0620051
7.56942_149.792_0.330694
7.56942_149.792_0.330694
8.04398_149.949_0.310026
8.51853_150.106_0.330694
8.99308_150.264_0.310026
9.46763_150.421_0.330694
9.94219_150.579_0.310026
9.94219_150.579_0.310026
10.4298_150.686_0.12401
10.9252_150.753_0.144679
11.4207_150.82_0.12401
11.9162_150.887_0.144679
12.4117_150.954_0.12401
12.4117_150.954_0.12401
12.9072_151.021_0.144679
13.4027_151.088_0.12401
13.8982_151.155_0.144679
14.3936_151.222_0.12401
14.8891_151.289_0.144679
14.8891_151.289_0.144679
15.3846_151.356_0.12401
15.8814_151.413_0.103342
16.3781_151.469_0.12401
16.8736_151.536_0.144679
17.3691_151.603_0.12401
17.3691_151.603_0.12401
17.8612_151.691_0.227352
18.3495_151.798_0.206684
18.8377_151.906_0.227352
19.326_152.014_0.206684
19.8143_152.121_0.227352
19.8143_152.121_0.227352
20.3078_152.198_0.0826735
20.8057_152.245_0.103342
21.3035_152.291_0.0826735
21.8013_152.338_0.103342
22.2991_152.384_0.0826735
22.2991_152.384_0.0826735
22.7944_152.451_0.186015
23.2848_152.549_0.206684
23.7752_152.646_0.186015
24.2656_152.744_0.206684
24.756_152.841_0.186015
24.756_152.841_0.186015
25.2463_152.939_0.206684
25.7367_153.036_0.186015
26.2271_153.134_0.206684
26.7175_153.231_0.186015
27.2079_153.329_0.206684
27.2079_153.329_0.206684
27.6849_153.476_0.392699
28.1488_153.663_0.372031
28.6164_153.84_0.351362
29.0841_154.017_0.372031
29.5517_154.194_0.351362
29.5517_154.194_0.351362
30.0193_154.371_0.372031
30.487_154.548_0.351362
30.9546_154.725_0.372031
31.4223_154.901_0.351362
31.8899_155.078_0.372031
31.8899_155.078_0.372031
32.3699_155.216_0.186015
32.8622_155.303_0.165347
33.3545_155.391_0.186015
33.8468_155.478_0.165347
34.3391_155.565_0.186015
34.3391_155.565_0.186015
34.8314_155.653_0.165347
35.3236_155.74_0.186015
35.8159_155.828_0.165347
36.3082_155.915_0.186015
36.8005_156.002_0.165347
36.8005_156.002_0.165347
37.2652_156.178_0.558046
37.6973_156.43_0.496041
38.1345_156.672_0.516709
38.5718_156.915_0.496041
39.009_157.157_0.516709
39.009_157.157_0.516709
39.4557_157.381_0.413367
39.9115_157.587_0.434036
40.3673_157.792_0.413367
40.823_157.998_0.434036
41.2788_158.204_0.413367
41.2788_158.204_0.413367
41.6861_158.488_0.806067
42.0285_158.852_0.826735
42.3709_159.217_0.806067
42.7134_159.581_0.826735
43.0482_159.952_0.847403
43.0482_159.952_0.847403
43.4433_160.253_0.454704
43.9031_160.449_0.351362
44.3707_160.626_0.372031
44.8384_160.803_0.351362
45.306_160.98_0.372031
45.306_160.98_0.372031
45.7247_161.248_0.76473
46.0819_161.598_0.785398
46.439_161.947_0.76473
46.7962_162.297_0.785398
47.1534_162.647_0.76473
47.1534_162.647_0.76473
47.5561_162.941_0.496041
47.9933_163.183_0.516709
48.4306_163.426_0.496041
48.8678_163.668_0.516709
48.8678_163.668_0.516709
49.3336_163.845_0.206684
49.8219_163.952_0.227352
50.3101_164.06_0.206684
50.8005_164.158_0.186015
50.8248_164.167_0.578714
50.8248_164.167_0.578714
51.2707_164.391_0.351362
51.7384_164.568_0.372031
52.206_164.745_0.351362
52.6736_164.922_0.372031
53.1413_165.099_0.351362
53.1413_165.099_0.351362
53.4951_165.2_0.206684
53.4951_165.2_0.206684
53.9912_165.257_0.0206684
54.4912_165.262_1.66533e-16
54.9911_165.257_-0.0206684
54.9911_165.257_-0.0206684
55.4803_165.344_0.372031
55.4803_165.344_0.372031
55.9442_165.53_0.392699
56.4041_165.726_0.413367
56.864_165.922_0.392699
57.324_166.118_0.413367
57.7839_166.315_0.392699
57.7839_166.315_0.392699
58.2202_166.557_0.620051
58.6301_166.843_0.599383
59.0458_167.121_0.578714
59.4615_167.398_0.599383
59.8773_167.676_0.578714
59.8773_167.676_0.578714
60.3188_167.909_0.392699
60.7787_168.105_0.413367
61.2387_168.302_0.392699
61.7026_168.488_0.372031
62.1664_168.675_0.392699
62.1664_168.675_0.392699
62.6537_168.772_2.22045e-16
63.1409_168.675_-0.392699
63.2179_168.659_2.22045e-16
63.2179_168.659_2.22045e-16
63.7051_168.756_0.392699
64.1608_168.962_0.454704
64.6077_169.186_0.475373
65.0546_169.41_0.454704
65.5015_169.634_0.475373
65.5015_169.634_0.475373
65.9529_169.849_0.413367
66.4128_170.045_0.392699
66.8727_170.242_0.413367
67.3327_170.438_0.392699
67.7926_170.634_0.413367
67.7926_170.634_0.413367
68.1999_170.918_0.806067
68.4673_171.337_1.19877
68.5541_171.826_1.59146
68.5541_171.826_1.59146
68.6409_172.315_1.19877
68.9083_172.734_0.806067
69.3156_173.018_0.413367
69.8008_173.125_0.0206684
70.3005_173.141_0.0413367
70.3005_173.141_0.0413367
70.8003_173.156_0.0206684
71.3_173.172_0.0413367
71.7998_173.187_0.0206684
72.2995_173.203_0.0413367
72.7993_173.218_0.0206684
72.7993_173.218_0.0206684
73.2992_173.213_-0.0413367
73.7989_173.198_-0.0206684
74.2987_173.182_-0.0413367
74.7984_173.167_-0.0206684
75.2982_173.151_-0.0413367
75.2982_173.151_-0.0413367
75.7979_173.156_0.0620051
76.2972_173.182_0.0413367
76.797_173.198_0.0206684
77.2967_173.213_0.0413367
77.7965_173.229_0.0206684
77.7965_173.229_0.0206684
78.2962_173.244_0.0413367
78.796_173.26_0.0206684
79.2957_173.275_0.0413367
79.7955_173.291_0.0206684
80.2952_173.306_0.0413367
80.2952_173.306_0.0413367
80.7861_173.229_-0.351362
81.2102_172.971_-0.744061
81.5117_172.575_-1.09542
81.7451_172.133_-1.07476
81.9785_171.691_-1.09542
81.9785_171.691_-1.09542
82.1153_171.213_-1.48812
82.059_170.72_-1.88082
81.8267_170.28_-2.23218
81.5237_169.882_-2.21152
81.2207_169.484_-2.23218
81.2207_169.484_-2.23218
80.9979_169.04_-1.83949
80.962_168.545_-1.44679
81.1185_168.073_-1.05409
81.4284_167.683_-0.744061
81.7927_167.341_-0.76473
81.7927_167.341_-0.76473
82.0772_166.934_-1.15743
82.1842_166.449_-1.55013
82.1584_165.95_-1.69481
82.1017_165.453_-1.67414
82.045_164.956_-1.69481
82.045_164.956_-1.69481
82.0809_164.461_-1.30211
82.3036_164.017_-0.909408
82.6794_163.692_-0.516709
83.1167_163.449_-0.496041
83.5539_163.207_-0.516709
83.5539_163.207_-0.516709
83.9297_162.882_-0.909408
84.2327_162.484_-0.930077
84.5357_162.086_-0.909408
84.8387_161.688_-0.930077
85.1334_161.285_-0.950745
85.1334_161.285_-0.950745
85.3377_160.832_-1.34344
85.4352_160.341_-1.40545
85.611_159.877_-1.01275
85.611_159.877_-1.01275
85.9054_159.473_-0.868072
86.2246_159.088_-0.88874
86.5438_158.704_-0.868072
86.863_158.319_-0.88874
87.115_158.015_-0.868072
87.115_158.015_-0.868072
87.153_157.946_-1.26077
87.153_157.946_-1.26077
87.394_157.512_-0.868072
87.7363_157.148_-0.76473
88.0934_156.798_-0.785398
88.4433_156.441_-0.806067
88.7932_156.083_-0.785398
88.7932_156.083_-0.785398
89.0692_155.67_-1.1781
89.1763_155.185_-1.52946
89.1918_154.685_-1.55013
89.2073_154.185_-1.52946
89.2873_153.855_-1.13676
89.2873_153.855_-1.13676
89.5802_153.453_-0.744061
90.0043_153.195_-0.351362
90.4951_153.118_0.0413367
90.9881_153.195_0.268689
91.4715_153.323_0.24802
91.4715_153.323_0.24802
91.942_153.49_0.434036
92.3978_153.695_0.413367
92.8535_153.901_0.434036
93.3093_154.106_0.413367
93.7651_154.312_0.434036
93.7651_154.312_0.434036
94.2209_154.518_0.413367
94.6808_154.714_0.392699
95.1407_154.91_0.413367
95.6007_155.106_0.392699
96.0606_155.302_0.413367
96.0606_155.302_0.413367
96.5205_155.498_0.392699
96.9844_155.685_0.372031
97.4483_155.871_0.392699
97.9122_156.058_0.372031
98.3761_156.244_0.392699
98.3761_156.244_0.392699
98.8436_156.421_0.330694
99.3148_156.588_0.351362
99.786_156.756_0.330694
100.257_156.923_0.351362
100.728_157.09_0.330694
100.728_157.09_0.330694
101.196_157.267_0.392699
101.66_157.454_0.372031
102.124_157.64_0.392699
102.588_157.827_0.372031
103.052_158.013_0.392699
103.052_158.013_0.392699
103.511_158.209_0.413367
103.971_158.405_0.392699
104.435_158.592_0.372031
104.899_158.779_0.392699
105.359_158.975_0.413367
105.359_158.975_0.413367
105.819_159.171_0.392699
106.283_159.357_0.372031
106.747_159.544_0.392699
107.211_159.73_0.372031
107.675_159.917_0.392699
107.675_159.917_0.392699
108.134_160.113_0.413367
108.59_160.319_0.434036
109.046_160.524_0.413367
109.502_160.73_0.434036
109.958_160.935_0.413367
109.958_160.935_0.413367
110.418_161.131_0.392699
110.881_161.318_0.372031
111.345_161.505_0.392699
111.809_161.691_0.372031
112.273_161.878_0.392699
112.273_161.878_0.392699
112.737_162.064_0.372031
113.201_162.251_0.392699
113.665_162.437_0.372031
114.129_162.624_0.392699
114.592_162.81_0.372031
114.592_162.81_0.372031
115.044_163.025_0.516709
115.481_163.268_0.496041
115.918_163.51_0.516709
116.355_163.753_0.496041
116.793_163.995_0.516709
116.793_163.995_0.516709
117.244_164.21_0.372031
117.707_164.396_0.392699
118.171_164.583_0.372031
118.635_164.77_0.392699
119.099_164.956_0.372031
119.099_164.956_0.372031
119.563_165.143_0.392699
120.027_165.329_0.372031
120.491_165.516_0.392699
120.951_165.712_0.413367
121.411_165.908_0.392699
121.411_165.908_0.392699
121.878_166.085_0.330694
122.353_166.242_0.310026
122.827_166.4_0.330694
123.302_166.557_0.310026
123.776_166.715_0.330694
123.776_166.715_0.330694
124.244_166.892_0.392699
124.708_167.078_0.372031
125.172_167.265_0.392699
125.636_167.451_0.372031
126.1_167.638_0.392699
126.1_167.638_0.392699
126.551_167.853_0.496041
126.993_168.086_0.475373
127.435_168.319_0.496041
127.877_168.553_0.475373
128.319_168.786_0.496041
128.319_168.786_0.496041
128.775_168.992_0.351362
129.242_169.169_0.372031
129.71_169.346_0.351362
130.178_169.522_0.372031
130.645_169.699_0.351362
130.645_169.699_0.351362
131.109_169.886_0.413367
131.569_170.082_0.392699
132.029_170.278_0.413367
132.489_170.474_0.392699
132.949_170.67_0.413367
132.949_170.67_0.413367
133.413_170.857_0.351362
133.88_171.034_0.372031
134.348_171.211_0.351362
134.816_171.388_0.372031
135.283_171.565_0.351362
135.283_171.565_0.351362
135.758_171.722_0.289357
136.238_171.86_0.268689
136.719_171.997_0.289357
137.2_172.135_0.268689
137.68_172.273_0.289357
137.68_172.273_0.289357
138.151_172.44_0.392699
138.615_172.627_0.372031
139.079_172.813_0.392699
139.543_173_0.372031
140.007_173.186_0.392699
140.007_173.186_0.392699
140.471_173.373_0.372031
140.935_173.559_0.392699
141.399_173.746_0.372031
141.862_173.932_0.392699
142.326_174.119_0.372031
142.326_174.119_0.372031
142.794_174.296_0.351362
143.262_174.473_0.372031
143.726_174.659_0.392699
144.189_174.846_0.372031
144.657_175.023_0.351362
144.657_175.023_0.351362
145.125_175.2_0.372031
145.589_175.386_0.392699
146.052_175.573_0.372031
146.52_175.75_0.351362
146.988_175.927_0.372031
146.988_175.927_0.372031
