configuration 176.556686401_134.7056427_-0.977472527886_0.211062685542_59.5791053772_36.8438796997_0.982426073578_-0.18665210943
length 195.984
time 3.13711
roughness 0.000331837
176.557_134.706_-2.71627
176.103_134.495_-2.6956
175.65_134.284_-2.71627
175.197_134.073_-2.6956
174.744_133.862_-2.71627
174.29_133.651_-2.6956
173.88_133.369_-2.38557
173.512_133.03_-2.40624
173.138_132.698_-2.42691
172.764_132.367_-2.40624
172.389_132.035_-2.42691
172.015_131.704_-2.40624
171.648_131.364_-2.38557
171.281_131.025_-2.40624
170.913_130.686_-2.38557
170.546_130.347_-2.40624
170.12_130.092_-2.79894
169.644_129.938_-2.86095
169.162_129.805_-2.88162
168.68_129.671_-2.86095
168.198_129.538_-2.88162
167.752_129.319_-2.48892
167.372_128.995_-2.38557
167.004_128.656_-2.40624
166.637_128.317_-2.38557
166.27_127.978_-2.40624
165.848_127.713_-2.75761
165.386_127.521_-2.73694
164.925_127.329_-2.75761
164.463_127.137_-2.73694
164.002_126.945_-2.75761
163.54_126.753_-2.73694
163.078_126.561_-2.75761
162.617_126.369_-2.73694
162.155_126.177_-2.75761
161.693_125.985_-2.73694
161.236_125.783_-2.71627
160.783_125.572_-2.6956
160.329_125.361_-2.71627
159.876_125.15_-2.6956
159.423_124.939_-2.71627
158.961_124.747_-2.77827
158.496_124.565_-2.75761
158.03_124.382_-2.77827
157.565_124.2_-2.75761
157.099_124.017_-2.77827
156.642_123.816_-2.67493
156.198_123.586_-2.65426
155.754_123.356_-2.67493
155.309_123.127_-2.65426
154.865_122.897_-2.67493
154.386_122.765_-3.06763
153.893_122.825_-3.46033
153.461_123.07_-3.85303
153.1_123.415_-3.95637
152.761_123.783_-3.97704
152.362_124.079_-3.58434
151.88_124.2_-3.19164
151.389_124.128_-2.79894
150.927_123.936_-2.6956
150.474_123.725_-2.71627
150.07_123.435_-2.32357
149.756_123.047_-2.17889
149.466_122.64_-2.19956
149.176_122.232_-2.17889
148.886_121.825_-2.19956
148.521_121.488_-2.59226
148.073_121.268_-2.77827
147.607_121.085_-2.75761
147.142_120.903_-2.77827
146.676_120.72_-2.75761
146.223_120.51_-2.65426
145.779_120.28_-2.67493
145.335_120.05_-2.65426
144.891_119.821_-2.67493
144.447_119.591_-2.65426
143.979_119.419_-2.92295
143.492_119.305_-2.90228
143.005_119.192_-2.92295
142.518_119.079_-2.90228
142.106_118.991_-2.96429
141.632_118.839_-2.6956
141.178_118.628_-2.71627
140.725_118.417_-2.6956
140.272_118.206_-2.71627
139.819_117.995_-2.6956
139.365_117.784_-2.71627
138.908_117.582_-2.73694
138.45_117.38_-2.71627
137.993_117.179_-2.73694
137.535_116.977_-2.71627
137.131_116.688_-2.32357
136.801_116.313_-2.26156
136.486_115.924_-2.2409
136.172_115.535_-2.26156
135.857_115.147_-2.2409
135.479_114.825_-2.6336
135.022_114.624_-2.81961
134.549_114.461_-2.79894
134.08_114.288_-2.77827
133.611_114.115_-2.79894
133.142_113.942_-2.77827
132.676_113.76_-2.75761
132.211_113.577_-2.77827
131.745_113.395_-2.75761
131.28_113.212_-2.77827
130.818_113.02_-2.71627
130.361_112.818_-2.73694
129.903_112.617_-2.71627
129.445_112.415_-2.73694
128.988_112.214_-2.71627
128.544_111.984_-2.61293
128.115_111.728_-2.59226
127.686_111.471_-2.61293
127.257_111.214_-2.59226
126.827_110.958_-2.61293
126.358_110.796_-3.00563
125.862_110.826_-3.39832
125.415_111.043_-3.79102
125.086_111.415_-4.18372
124.866_111.863_-4.3284
124.866_111.863_-3.9357
124.455_112.143_-3.543
123.969_112.244_-3.1503
123.481_112.151_-2.75761
123.065_111.879_-2.36491
122.678_111.564_-2.55092
122.266_111.281_-2.53025
121.853_110.998_-2.55092
121.441_110.715_-2.53025
121.029_110.433_-2.55092
120.678_110.081_-2.15822
120.405_109.662_-2.13755
120.132_109.243_-2.15822
119.86_108.824_-2.13755
119.587_108.405_-2.15822
119.236_108.053_-2.55092
118.807_107.796_-2.65426
118.363_107.567_-2.67493
117.919_107.337_-2.65426
117.475_107.108_-2.67493
117.03_106.878_-2.65426
116.591_106.64_-2.6336
116.152_106.401_-2.65426
115.712_106.162_-2.6336
115.273_105.923_-2.65426
114.82_105.713_-2.75761
114.358_105.52_-2.73694
113.897_105.328_-2.75761
113.435_105.136_-2.73694
112.973_104.944_-2.75761
112.512_104.752_-2.73694
112.054_104.551_-2.71627
111.597_104.349_-2.73694
111.139_104.147_-2.71627
110.682_103.946_-2.73694
110.196_103.843_-3.12964
109.707_103.934_-3.52234
109.291_104.205_-3.91503
109.054_104.55_-4.30773
109.054_104.55_-3.91503
108.638_104.821_-3.52234
108.15_104.912_-3.12964
107.65_104.901_-3.10897
107.15_104.89_-3.12964
106.65_104.879_-3.10897
106.166_104.766_-2.71627
105.762_104.477_-2.32357
105.473_104.071_-2.05488
105.236_103.631_-2.07555
104.999_103.19_-2.05488
104.686_102.804_-2.44758
104.286_102.505_-2.55092
103.868_102.231_-2.57159
103.45_101.957_-2.55092
103.032_101.682_-2.57159
102.603_101.426_-2.6336
102.163_101.187_-2.65426
101.724_100.948_-2.6336
101.285_100.71_-2.65426
100.845_100.471_-2.6336
100.397_100.251_-2.73694
99.935_100.059_-2.75761
99.4733_99.8667_-2.73694
99.0117_99.6746_-2.75761
98.5501_99.4825_-2.73694
98.1167_99.2353_-2.50958
97.7164_98.9358_-2.48892
97.316_98.6363_-2.50958
96.9157_98.3367_-2.48892
96.5154_98.0372_-2.50958
96.092_97.772_-2.65426
95.6527_97.5333_-2.6336
95.2184_97.2856_-2.61293
94.784_97.0379_-2.6336
94.3497_96.7902_-2.61293
93.9013_96.57_-2.75761
93.4397_96.378_-2.73694
92.9821_96.1764_-2.71627
92.5246_95.9748_-2.73694
92.067_95.7732_-2.71627
91.5871_95.6402_-3.02629
91.091_95.5776_-3.00563
90.595_95.5149_-3.02629
90.0989_95.4523_-3.00563
89.6029_95.3896_-3.02629
89.13_95.2373_-2.6336
88.7309_94.9386_-2.36491
88.3707_94.5919_-2.38557
88.0104_94.2452_-2.36491
87.6502_93.8984_-2.38557
87.2292_93.6347_-2.77827
86.7458_93.5114_-3.00563
86.2511_93.4385_-2.98496
85.7565_93.3656_-3.00563
85.2618_93.2927_-2.98496
84.781_93.1595_-2.75761
84.3155_92.977_-2.77827
83.8464_92.8041_-2.79894
83.3772_92.6313_-2.77827
82.908_92.4584_-2.79894
82.4759_92.212_-2.44758
82.0883_91.8962_-2.46825
81.6943_91.5884_-2.48892
81.3002_91.2807_-2.46825
80.9061_90.973_-2.48892
80.4602_90.754_-2.88162
79.9645_90.7122_-3.23298
79.4661_90.7526_-3.21231
78.9678_90.7931_-3.23298
78.4694_90.8336_-3.21231
77.9814_90.9351_-3.481
77.5117_91.1064_-3.50167
77.0456_91.2874_-3.52234
76.5795_91.4684_-3.50167
76.0894_91.5494_-3.10897
75.6055_91.4366_-2.71627
75.2017_91.1473_-2.32357
74.9127_90.7411_-2.05488
74.6754_90.301_-2.07555
74.4661_89.8474_-1.93087
74.2851_89.3814_-1.95154
74.1041_88.9153_-1.93087
73.9231_88.4492_-1.95154
73.7421_87.9831_-1.93087
73.6611_87.493_-1.53817
73.6723_86.9931_-1.55884
73.6834_86.4932_-1.53817
73.6946_85.9934_-1.55884
73.7057_85.4935_-1.53817
73.8185_85.0097_-1.14547
74.02_84.5521_-1.16614
74.2216_84.0946_-1.14547
74.4232_83.637_-1.16614
74.6248_83.1795_-1.14547
74.8809_82.7513_-0.91812
75.1804_82.3509_-0.938789
75.4716_81.9445_-0.959457
75.7628_81.538_-0.938789
76.054_81.1316_-0.959457
76.2543_80.677_-1.35216
76.3245_80.4235_-1.24881
76.3868_79.9306_-1.64151
76.2953_79.4401_-1.86887
76.1534_78.9607_-1.8482
76.0115_78.4813_-1.86887
75.8696_78.0018_-1.8482
75.8294_77.5067_-1.4555
75.9818_77.0338_-1.0628
76.2204_76.5945_-1.08347
76.4591_76.1551_-1.0628
76.6978_75.7158_-1.08347
76.9274_75.2716_-1.10414
77.1477_74.8228_-1.1248
77.368_74.3739_-1.10414
77.5883_73.9251_-1.1248
77.8086_73.4763_-1.10414
77.9909_73.0114_-1.29015
78.1343_72.5325_-1.26948
78.2778_72.0535_-1.29015
78.4212_71.5745_-1.26948
78.5647_71.0956_-1.29015
78.7469_70.6307_-1.10414
78.9765_70.1865_-1.08347
79.206_69.7424_-1.10414
79.4356_69.2982_-1.08347
79.6651_68.854_-1.10414
79.8947_68.4098_-1.08347
80.1242_67.9656_-1.10414
80.3445_67.5168_-1.1248
80.5649_67.068_-1.10414
80.7944_66.6238_-1.08347
81.0421_66.1895_-1.02146
81.2987_65.7604_-1.04213
81.5554_65.3313_-1.02146
81.812_64.9022_-1.04213
82.0686_64.4731_-1.02146
82.2502_64.01_-1.37282
82.3536_63.5208_-1.35216
82.4671_63.0339_-1.33149
82.5806_62.547_-1.35216
82.6941_62.06_-1.33149
82.8569_61.588_-1.14547
83.0585_61.1305_-1.16614
83.2506_60.6689_-1.18681
83.4427_60.2073_-1.16614
83.6443_59.7497_-1.14547
83.9336_59.3459_-0.752773
84.3555_59.0835_-0.360074
84.7773_58.8211_-0.752773
85.0667_58.4172_-1.14547
85.1794_57.9334_-1.53817
85.1906_57.4336_-1.55884
85.2017_56.9337_-1.53817
85.2541_56.4369_-1.39349
85.3473_55.9457_-1.37282
85.4406_55.4544_-1.39349
85.5339_54.9632_-1.37282
85.6271_54.472_-1.39349
85.8085_54.0095_-1.00079
86.153_53.6516_-0.608095
86.5774_53.3876_-0.504753
87.0175_53.1504_-0.484084
87.4576_52.9131_-0.504753
87.8372_52.5927_-0.897452
88.1021_52.1698_-1.1248
88.3037_51.7124_-1.18681
88.5761_51.2969_-0.79411
88.6191_51.2313_-1.18681
88.7117_50.7432_-1.57951
88.6106_50.2568_-1.97221
88.331_49.8462_-2.36491
87.9318_49.5476_-2.6336
87.4975_49.2999_-2.61293
87.0535_49.0704_-2.71627
86.596_48.8688_-2.73694
86.1384_48.6672_-2.71627
85.6809_48.4656_-2.73694
85.2233_48.264_-2.71627
84.8195_47.9747_-2.32357
84.4814_47.6063_-2.3029
84.1434_47.2379_-2.32357
83.8054_46.8695_-2.3029
83.4673_46.5011_-2.32357
83.0635_46.2118_-2.71627
82.5915_46.0489_-2.90228
82.107_45.9254_-2.88162
81.6252_45.7918_-2.86095
81.1434_45.6583_-2.88162
80.6544_45.555_-2.98496
80.1613_45.4719_-2.96429
79.6683_45.3888_-2.98496
79.1753_45.3057_-2.96429
78.6822_45.2226_-2.98496
78.2047_45.0796_-2.71627
77.7471_44.878_-2.73694
77.2896_44.6764_-2.71627
76.832_44.4748_-2.73694
76.3745_44.2732_-2.71627
75.9463_44.0171_-2.48892
75.546_43.7176_-2.50958
75.1456_43.4181_-2.48892
74.7453_43.1186_-2.50958
74.3449_42.819_-2.48892
73.9119_42.5721_-2.75761
73.4464_42.3895_-2.77827
72.9809_42.207_-2.75761
72.5154_42.0245_-2.77827
72.05_41.842_-2.75761
71.5845_41.6595_-2.77827
71.119_41.477_-2.75761
70.6535_41.2945_-2.77827
70.188_41.112_-2.75761
69.7225_40.9295_-2.77827
69.2338_40.8367_-3.12964
68.734_40.8462_-3.19164
68.527_40.8157_-2.79894
68.0456_40.6823_-2.94362
67.5564_40.5789_-2.92295
67.0672_40.4755_-2.94362
66.578_40.3721_-2.92295
66.0889_40.2687_-2.94362
65.6216_40.0966_-2.6336
65.1822_39.8579_-2.65426
64.7429_39.6192_-2.6336
64.3035_39.3805_-2.65426
63.8642_39.1418_-2.6336
63.4856_38.8202_-2.2409
63.2403_38.3868_-1.93087
63.069_37.9171_-1.9102
62.9074_37.4439_-1.88953
62.74_37.1481_-2.28223
62.3484_36.8423_-2.67493
61.8697_36.7096_-3.06763
61.3701_36.7088_-3.21231
60.8717_36.7493_-3.23298
60.3734_36.7898_-3.21231
59.8743_36.82_-3.19164
