configuration 161.70602417_-18.2518405914_0.169978369946_0.985447793519_193.750076294_109.599342346_0.85380148664_0.520598714377
length 187.564
time 6.24565
roughness 0.000403402
161.706_-18.2518_0.341615
162.133_-17.9973_0.734315
162.429_-17.5989_1.12701
162.591_-17.1269_1.35437
162.704_-16.6397_1.3337
162.826_-16.1549_1.31303
163.007_-15.69_1.08568
163.236_-15.2453_1.10635
163.455_-14.796_1.12701
163.674_-14.3467_1.10635
163.894_-13.8974_1.12701
164.19_-13.4989_0.734315
164.617_-13.2444_0.341615
165.096_-13.1015_0.238274
165.583_-12.9885_0.217605
166.07_-12.8755_0.238274
166.566_-12.8547_-0.154426
167.033_-13.0254_-0.547125
167.463_-13.2811_-0.526456
167.892_-13.5368_-0.547125
168.322_-13.7925_-0.526456
168.792_-13.9535_-0.133757
169.288_-13.9224_0.258942
169.764_-13.7697_0.362284
170.233_-13.5973_0.341615
170.702_-13.425_0.362284
171.124_-13.1616_0.754983
171.412_-12.7572_1.14768
171.574_-12.2848_1.3337
171.696_-11.8001_1.31303
171.819_-11.3153_1.3337
172.027_-10.8645_0.940998
172.393_-10.5278_0.548299
172.827_-10.2806_0.486294
173.267_-10.0423_0.506962
173.706_-9.8041_0.486294
174.168_-9.61276_0.300279
174.647_-9.46982_0.27961
175.126_-9.32687_0.300279
175.605_-9.18392_0.27961
176.084_-9.04097_0.300279
176.536_-8.83107_0.568968
176.96_-8.56606_0.548299
177.384_-8.30105_0.568968
177.808_-8.03604_0.548299
178.232_-7.77104_0.568968
178.688_-7.57072_0.258942
179.17_-7.43771_0.27961
179.649_-7.29476_0.300279
180.128_-7.15182_0.27961
180.607_-7.00887_0.300279
181.101_-6.95733_-0.0924204
181.578_-7.0988_-0.485119
181.964_-7.41175_-0.877819
182.237_-7.82927_-1.10517
182.466_-8.27369_-1.0845
182.739_-8.69151_-0.898487
183.055_-9.07946_-0.877819
183.37_-9.4674_-0.898487
183.677_-9.86179_-0.919155
183.985_-10.2562_-0.898487
184.364_-10.577_-0.505788
184.837_-10.7283_-0.113089
185.332_-10.687_0.27961
185.774_-10.4594_0.672309
186.168_-10.152_0.651641
186.562_-9.8447_0.672309
186.95_-9.52929_0.692978
187.338_-9.21387_0.672309
187.726_-8.89845_0.692978
188.114_-8.58303_0.672309
188.443_-8.20998_1.02367
188.708_-7.78569_1.003
188.972_-7.36139_1.02367
189.237_-6.9371_1.003
189.501_-6.51281_1.02367
189.838_-6.14711_0.630973
190.256_-5.87351_0.527631
190.69_-5.62625_0.506962
191.125_-5.37899_0.527631
191.56_-5.13172_0.506962
191.938_-4.81042_0.899662
192.166_-4.36858_1.29236
192.237_-3.87525_1.56105
192.247_-3.37536_1.54038
192.257_-2.87547_1.56105
192.359_-2.38919_1.16835
192.639_-1.97883_0.775651
193.055_-1.70687_0.382952
193.536_-1.57414_0.1556
194.03_-1.50176_0.134932
194.03_-1.50176_0.527631
194.403_-1.1727_0.92033
194.62_-0.726254_1.31303
194.651_-0.230397_1.70573
194.518_0.250136_1.97442
194.336_0.71575_1.91241
194.174_1.18856_1.89174
194.011_1.66136_1.91241
193.848_2.13416_1.89174
193.686_2.60697_1.91241
193.563_3.0909_1.7264
193.48_3.58402_1.74706
193.388_4.07533_1.76773
193.295_4.56665_1.74706
193.202_5.05796_1.76773
193.059_5.5364_1.95375
192.868_5.99821_1.97442
192.676_6.46003_1.95375
192.485_6.92185_1.97442
192.293_7.38367_1.95375
192.201_7.87184_1.56105
192.211_8.37173_1.54038
192.221_8.87162_1.56105
192.231_9.37151_1.54038
192.241_9.8714_1.56105
192.251_10.3713_1.54038
192.261_10.8712_1.56105
192.271_11.3711_1.54038
192.281_11.871_1.56105
192.291_12.3709_1.54038
192.209_12.8608_1.93308
192.027_13.3265_1.95375
191.835_13.7883_1.97442
191.644_14.2501_1.95375
191.452_14.712_1.97442
191.242_15.1654_2.03642
191.013_15.6098_2.05709
190.784_16.0542_2.03642
190.554_16.4987_2.05709
190.325_16.9431_2.03642
190.144_17.4081_1.85041
190.001_17.8872_1.87108
189.858_18.3663_1.85041
189.715_18.8455_1.87108
189.572_19.3246_1.85041
189.4_19.7935_1.99509
189.198_20.2513_1.97442
188.997_20.709_1.99509
188.796_21.1668_1.97442
188.595_21.6246_1.99509
188.423_22.0935_1.85041
188.29_22.5755_1.82974
188.157_23.0575_1.85041
188.024_23.5394_1.82974
187.891_24.0214_1.85041
187.719_24.4903_1.99509
187.518_24.9481_1.97442
187.316_25.4059_1.99509
187.115_25.8636_1.97442
186.914_26.3214_1.99509
186.713_26.7791_1.97442
186.521_27.241_1.95375
186.33_27.7028_1.97442
186.138_28.1646_1.95375
185.947_28.6264_1.97442
185.727_29.0753_2.07776
185.48_29.5099_2.09843
185.232_29.9444_2.07776
184.985_30.379_2.09843
184.738_30.8136_2.07776
184.491_31.2481_2.09843
184.243_31.6827_2.07776
183.996_32.1173_2.09843
183.749_32.5519_2.07776
183.502_32.9864_2.09843
183.273_33.4307_1.99509
183.071_33.8884_1.97442
182.87_34.3462_1.99509
182.669_34.8039_1.97442
182.468_35.2617_1.99509
182.276_35.7235_1.93308
182.094_36.1891_1.95375
181.912_36.6548_1.93308
181.73_37.1205_1.95375
181.548_37.5862_1.93308
181.357_38.0479_1.99509
181.156_38.5057_1.97442
180.955_38.9635_1.99509
180.753_39.4212_1.97442
180.552_39.879_1.99509
180.44_40.3629_1.60239
180.491_40.8588_1.3337
180.604_41.346_1.35437
180.706_41.8354_1.37503
180.808_42.3248_1.35437
180.818_42.8215_1.74706
180.647_43.2884_2.09843
180.4_43.723_2.07776
180.161_44.1626_2.05709
179.923_44.6022_2.07776
179.658_45.026_2.1811
179.376_45.4387_2.16043
179.094_45.8513_2.1811
178.811_46.264_2.16043
178.529_46.6767_2.1811
178.319_47.1278_1.82974
178.196_47.6125_1.80907
178.073_48.0971_1.82974
177.95_48.5817_1.80907
177.827_49.0663_1.82974
177.655_49.535_2.01575
177.435_49.9841_2.03642
177.216_50.4331_2.01575
176.996_50.8822_2.03642
176.776_51.3312_2.01575
176.556_51.7803_2.03642
176.336_52.2293_2.01575
176.116_52.6784_2.03642
175.887_53.1228_2.05709
175.658_53.5672_2.03642
175.353_53.9591_2.42912
174.921_54.2043_2.82182
174.428_54.2654_3.21452
173.949_54.1333_3.60722
173.557_53.8279_3.99992
173.557_53.8279_3.60722
173.078_53.6957_3.21452
172.585_53.7569_2.82182
172.153_54.0021_2.42912
171.848_54.3939_2.03642
171.715_54.8728_1.64372
171.715_55.3724_1.49904
171.746_55.8714_1.51971
171.776_56.3705_1.49904
171.807_56.8695_1.51971
171.817_57.3694_1.58172
171.817_57.8693_1.56105
171.827_58.3692_1.54038
171.837_58.8691_1.56105
171.847_59.369_1.54038
171.765_59.859_1.93308
171.545_60.3074_2.1191
171.289_60.7368_2.09843
171.033_61.1661_2.1191
170.777_61.5955_2.09843
170.615_62.0653_1.70573
170.636_62.5623_1.35437
170.728_63.0537_1.41637
170.81_63.5469_1.3957
170.902_64.0383_1.37503
170.902_64.5351_1.76773
170.72_64.9984_2.1191
170.464_65.4278_2.09843
170.208_65.8571_2.1191
169.952_66.2865_2.09843
169.687_66.7104_2.16043
169.405_67.1231_2.1811
169.114_67.5298_2.20177
168.823_67.9366_2.1811
168.541_68.3493_2.16043
168.242_68.7497_2.26377
167.918_69.1311_2.28444
167.587_69.5057_2.30511
167.306_69.9171_2.03642
167.077_70.3615_2.05709
166.848_70.8059_2.03642
166.628_71.255_2.01575
166.408_71.704_2.03642
166.226_72.1691_1.85041
166.083_72.6482_1.87108
165.94_73.1273_1.85041
165.807_73.6093_1.82974
165.674_74.0913_1.85041
165.465_74.543_2.16043
165.191_74.9614_2.13976
164.917_75.3798_2.16043
164.643_75.7982_2.13976
164.37_76.2166_2.16043
164.179_76.6755_1.76773
164.127_77.1721_1.58172
164.127_77.6721_1.56105
164.127_78.172_1.58172
164.127_78.672_1.56105
164.228_79.1583_1.16835
164.508_79.5687_0.775651
164.869_79.9151_0.754983
165.236_80.2539_0.734315
165.604_80.5928_0.754983
165.957_80.9465_0.816988
166.303_81.3074_0.79632
166.649_81.6684_0.816988
166.995_82.0294_0.79632
167.341_82.3904_0.816988
167.672_82.7653_0.878993
167.995_83.147_0.858325
168.318_83.5288_0.878993
168.641_83.9105_0.858325
168.964_84.2922_0.878993
169.343_84.6139_0.527631
169.772_84.8701_0.548299
170.202_85.1263_0.527631
170.631_85.3825_0.548299
171.06_85.6387_0.527631
171.5_85.8769_0.465626
171.944_86.106_0.486294
172.389_86.3351_0.465626
172.833_86.5641_0.486294
173.278_86.7932_0.465626
173.739_86.9847_0.320947
174.215_87.1375_0.300279
174.691_87.2903_0.320947
175.167_87.4431_0.300279
175.643_87.596_0.320947
176.075_87.8416_0.713646
176.421_88.2021_0.899662
176.736_88.5904_0.878993
177.051_88.9787_0.899662
177.366_89.3671_0.878993
177.751_89.6805_0.486294
178.212_89.8718_0.300279
178.691_90.0147_0.27961
179.17_90.1577_0.300279
179.65_90.3006_0.27961
180.145_90.342_-0.113089
180.636_90.2498_-0.257767
181.118_90.1174_-0.278436
181.6_89.985_-0.257767
182.082_89.8525_-0.278436
182.577_89.8118_0.114263
183.072_89.8841_0.176268
183.565_89.9667_0.1556
184.058_90.0493_0.176268
184.549_90.1421_0.196937
185.008_90.3324_0.589636
185.396_90.6474_0.775651
185.756_90.9938_0.754983
186.124_91.3326_0.734315
186.491_91.6715_0.754983
186.78_92.076_1.14768
186.971_92.538_1.20969
187.152_93.0039_1.18902
187.334_93.4697_1.20969
187.515_93.9356_1.18902
187.787_94.3517_0.79632
188.197_94.6322_0.403621
188.683_94.7344_0.0109215
189.182_94.7141_-0.0924204
189.68_94.6628_-0.113089
190.175_94.7041_0.27961
190.616_94.9317_0.672309
190.984_95.2703_0.816988
191.33_95.6313_0.79632
191.676_95.9923_0.816988
192.08_96.2812_0.424289
192.564_96.3934_0.0315898
193.054_96.3119_-0.361109
193.475_96.0491_-0.753808
193.764_95.645_-1.14651
193.764_95.645_-0.753808
193.764_95.645_-0.361109
193.764_95.645_0.0315898
194.248_95.7572_0.424289
194.652_96.0462_0.816988
194.915_96.4677_1.20969
194.997_96.9578_1.60239
194.965_97.4567_1.66439
194.914_97.954_1.68506
194.862_98.4513_1.66439
194.81_98.9486_1.68506
194.758_99.4459_1.66439
194.706_99.9432_1.68506
194.654_100.44_1.66439
194.602_100.938_1.68506
194.55_101.435_1.66439
194.499_101.932_1.68506
194.447_102.43_1.66439
194.395_102.927_1.68506
194.343_103.424_1.66439
194.339_103.45_1.76773
194.318_103.948_1.45771
194.39_104.443_1.3957
194.382_104.809_1.7884
194.249_105.29_1.89174
194.087_105.763_1.91241
193.924_106.236_1.89174
193.761_106.709_1.91241
193.589_107.178_1.93308
193.507_107.668_1.54038
193.548_108.166_1.43704
193.62_108.661_1.41637
193.692_109.156_1.43704
193.664_109.599_1.82974
