configuration -14.0353517532_151.94859314_0.0_1.0_147.259887695_176.039077759_0.145212769539_0.989400450557
length 190.425
time 2.12268
roughness 0.000324025
-14.0354_151.949_-0
-13.5382_151.995_0.186015
-13.0459_152.082_0.165347
-12.5536_152.17_0.186015
-12.0613_152.257_0.165347
-11.569_152.345_0.186015
-11.0809_152.452_0.24802
-10.5975_152.58_0.268689
-10.1141_152.708_0.24802
-9.63066_152.835_0.268689
-9.14727_152.963_0.24802
-8.65114_152.989_-0.144679
-8.15565_152.922_-0.12401
-7.66017_152.855_-0.144679
-7.16468_152.788_-0.12401
-6.66919_152.721_-0.144679
-6.18135_152.613_-0.289357
-5.70069_152.476_-0.268689
-5.2173_152.348_-0.24802
-4.7339_152.22_-0.268689
-4.2505_152.092_-0.24802
-3.75437_152.056_0.103342
-3.25654_152.103_0.0826735
-2.75786_152.139_0.0620051
-2.25917_152.175_0.0826735
-1.76049_152.211_0.0620051
-1.26817_152.145_-0.330694
-0.838796_151.895_-0.723393
-0.537726_151.5_-1.11609
-0.361051_151.033_-1.30211
-0.223345_150.552_-1.28144
0.00857497_150.113_-0.88874
0.390968_149.796_-0.496041
0.865618_149.649_-0.103342
1.36452_149.654_0.12401
1.86128_149.711_0.103342
2.35669_149.778_0.165347
2.85069_149.855_0.144679
3.34469_149.932_0.165347
3.83868_150.009_0.144679
4.33268_150.087_0.165347
4.81539_150.214_0.351362
5.28303_150.391_0.372031
5.75067_150.568_0.351362
6.21831_150.745_0.372031
6.68595_150.922_0.351362
7.17573_151.009_-5.55112e-17
7.67569_151.014_0.0206684
8.17565_151.019_-5.55112e-17
8.67562_151.024_0.0206684
9.17558_151.029_-5.55112e-17
9.67526_151.045_0.0620051
10.1746_151.071_0.0413367
10.6739_151.097_0.0620051
11.1732_151.122_0.0413367
11.6726_151.148_0.0620051
12.1676_151.215_0.206684
12.658_151.313_0.186015
13.1484_151.41_0.206684
13.6388_151.508_0.186015
14.1292_151.605_0.206684
14.6229_151.682_0.103342
15.1197_151.739_0.12401
15.6165_151.796_0.103342
16.1132_151.853_0.12401
16.61_151.909_0.103342
17.1038_151.986_0.206684
17.5942_152.084_0.186015
18.0865_152.171_0.165347
18.5788_152.259_0.186015
19.0711_152.346_0.165347
19.569_152.382_-0.0206684
20.069_152.377_-5.55112e-17
20.569_152.372_-0.0206684
21.0689_152.367_-5.55112e-17
21.5689_152.362_-0.0206684
22.0684_152.377_0.0826735
22.5663_152.424_0.103342
23.0641_152.47_0.0826735
23.5619_152.516_0.103342
24.0597_152.563_0.0826735
24.5584_152.599_0.0620051
25.0577_152.625_0.0413367
25.5571_152.651_0.0620051
26.0564_152.676_0.0413367
26.5557_152.702_0.0620051
27.036_152.829_0.454704
27.4875_153.044_0.434036
27.9432_153.25_0.413367
28.399_153.455_0.434036
28.8548_153.661_0.413367
29.3363_153.788_0.103342
29.833_153.845_0.12401
30.3298_153.902_0.103342
30.8266_153.958_0.12401
31.3233_154.015_0.103342
31.8171_154.092_0.206684
32.3075_154.19_0.186015
32.7979_154.287_0.206684
33.2883_154.385_0.186015
33.7786_154.482_0.206684
34.2709_154.57_0.144679
34.7649_154.647_0.165347
35.2589_154.724_0.144679
35.7529_154.801_0.165347
36.2469_154.878_0.144679
36.715_155.045_0.537378
37.1364_155.314_0.599383
37.5521_155.591_0.578714
37.9678_155.869_0.599383
38.3835_156.147_0.578714
38.7873_156.442_0.682056
39.1786_156.753_0.661388
39.57_157.064_0.682056
39.9614_157.375_0.661388
40.3527_157.686_0.682056
40.7921_157.918_0.289357
41.2867_157.964_-0.103342
41.7845_157.918_-0.0826735
42.2824_157.871_-0.103342
42.7802_157.825_-0.0826735
42.7802_157.825_0.310026
43.2147_158.066_0.702725
43.5238_158.455_1.09542
43.6607_158.932_1.48812
43.6043_159.426_1.88082
43.5479_159.92_1.48812
43.6848_160.397_1.09542
43.9939_160.786_0.702725
44.3915_161.089_0.599383
44.8072_161.367_0.578714
45.2441_161.609_0.434036
45.6999_161.815_0.413367
46.1556_162.02_0.434036
46.6114_162.226_0.413367
47.0672_162.431_0.434036
47.4987_162.682_0.620051
47.9086_162.969_0.599383
48.3185_163.255_0.620051
48.7284_163.541_0.599383
49.1383_163.828_0.620051
49.5912_164.032_0.227352
50.0833_164.119_0.12401
50.58_164.176_0.103342
51.0768_164.233_0.12401
51.5736_164.289_0.103342
52.0654_164.377_0.24802
52.5514_164.494_0.227352
53.0373_164.612_0.24802
53.5232_164.73_0.227352
54.0092_164.848_0.24802
54.4758_165.024_0.475373
54.918_165.258_0.496041
55.3601_165.491_0.475373
55.807_165.715_0.454704
56.2539_165.939_0.475373
56.6804_166.2_0.620051
57.0843_166.494_0.64072
57.4882_166.789_0.620051
57.8921_167.084_0.64072
58.296_167.378_0.620051
58.7451_167.592_0.268689
59.2258_167.73_0.289357
59.7035_167.878_0.310026
60.1812_168.025_0.289357
60.6589_168.173_0.310026
61.1482_168.27_0.0826735
61.6469_168.306_0.0620051
62.1456_168.342_0.0826735
62.6443_168.379_0.0620051
63.143_168.415_0.0826735
63.6205_168.552_0.475373
64.0094_168.861_0.868072
64.3205_169.252_0.930077
64.6152_169.656_0.950745
64.91_170.06_0.930077
65.2789_170.392_0.537378
65.7471_170.559_0.144679
66.2447_170.605_0.0413367
66.7441_170.631_0.0620051
67.2427_170.667_0.0826735
67.7203_170.804_0.475373
68.1575_171.046_0.537378
68.5896_171.298_0.516709
69.0218_171.549_0.537378
69.4486_171.81_0.558046
69.9133_171.985_0.165347
70.4098_172.042_0.0620051
70.9092_172.068_0.0413367
71.4085_172.094_0.0620051
71.9078_172.12_0.0413367
72.3906_172.237_0.434036
72.7919_172.529_0.826735
73.037_172.931_1.21943
73.0976_173.319_1.61213
73.0114_173.674_2.00483
73.0114_173.674_1.61213
73.0881_174.165_1.21943
73.3468_174.589_0.826735
73.7481_174.882_0.434036
74.2309_174.999_0.0413367
74.7218_174.923_-0.351362
75.1573_174.681_-0.661388
75.555_174.378_-0.64072
75.9527_174.075_-0.661388
76.3504_173.772_-0.64072
76.799_173.558_-0.24802
77.2908_173.471_-0.103342
77.7887_173.425_-0.0826735
78.2865_173.378_-0.103342
78.7843_173.332_-0.0826735
79.2619_173.195_-0.475373
79.6508_172.886_-0.868072
79.8917_172.451_-1.26077
79.9481_171.958_-1.65347
79.8709_171.464_-1.79815
79.8555_170.968_-1.40545
79.9732_170.482_-1.26077
80.1208_170.004_-1.28144
80.2684_169.527_-1.26077
80.4258_169.052_-1.2401
80.6757_168.623_-0.847403
81.0028_168.245_-0.868072
81.3299_167.866_-0.847403
81.6569_167.488_-0.868072
81.984_167.11_-0.847403
82.2339_166.681_-1.2401
82.3413_166.193_-1.46745
82.398_165.697_-1.44679
82.4547_165.2_-1.46745
82.5114_164.703_-1.44679
82.6679_164.232_-1.05409
82.9929_163.856_-0.661388
83.4136_163.587_-0.475373
83.8558_163.354_-0.496041
84.298_163.12_-0.475373
84.3389_163.088_-0.868072
84.5799_162.653_-1.26077
84.6362_162.16_-1.65347
84.4994_161.682_-2.04617
84.1902_161.293_-2.43887
83.881_160.904_-2.04617
83.7442_160.427_-1.65347
83.8006_159.933_-1.26077
84.0415_159.499_-0.868072
84.3686_159.121_-0.847403
84.6713_158.723_-0.992082
84.9405_158.302_-1.01275
85.2096_157.881_-0.992082
85.4874_157.465_-0.971414
85.6921_157.158_-0.992082
86.0397_156.804_-0.599383
86.4809_156.571_-0.372031
86.9448_156.384_-0.392699
87.4087_156.198_-0.372031
87.8726_156.011_-0.392699
88.2856_155.735_-0.785398
88.628_155.371_-0.847403
88.9628_154.999_-0.826735
89.2976_154.628_-0.847403
89.6324_154.257_-0.826735
90.0338_153.964_-0.434036
90.5166_153.847_-0.0413367
91.0074_153.924_0.351362
91.4751_154.1_0.372031
91.9389_154.287_0.392699
92.4131_154.444_0.24802
92.8965_154.572_0.268689
93.3799_154.7_0.24802
93.8633_154.828_0.268689
94.3467_154.955_0.24802
94.8242_155.103_0.351362
95.2954_155.27_0.330694
95.7666_155.437_0.351362
96.2378_155.605_0.330694
96.709_155.772_0.351362
97.1766_155.949_0.372031
97.6405_156.135_0.392699
98.1044_156.322_0.372031
98.5683_156.508_0.392699
99.0321_156.695_0.372031
99.4998_156.872_0.351362
99.9674_157.049_0.372031
100.435_157.226_0.351362
100.903_157.403_0.372031
101.37_157.58_0.351362
101.851_157.717_0.206684
102.339_157.825_0.227352
102.827_157.932_0.206684
103.315_158.04_0.227352
103.804_158.148_0.206684
104.261_158.343_0.599383
104.608_158.698_0.992082
104.86_159.129_1.09542
105.084_159.576_1.11609
105.299_160.028_1.13676
105.592_160.429_0.744061
106.016_160.688_0.351362
106.49_160.845_0.289357
106.971_160.983_0.268689
107.452_161.121_0.289357
107.932_161.258_0.268689
108.416_161.386_0.24802
108.899_161.514_0.268689
109.382_161.642_0.24802
109.866_161.769_0.268689
110.349_161.897_0.24802
110.835_162.015_0.227352
111.321_162.133_0.24802
111.807_162.25_0.227352
112.293_162.368_0.24802
112.779_162.486_0.227352
113.267_162.593_0.206684
113.755_162.701_0.227352
114.244_162.809_0.206684
114.732_162.916_0.227352
115.206_163.074_0.413367
115.666_163.27_0.392699
116.13_163.456_0.372031
116.594_163.643_0.392699
117.057_163.829_0.372031
117.504_164.053_0.558046
117.925_164.322_0.578714
118.346_164.591_0.558046
118.773_164.852_0.537378
119.2_165.112_0.558046
119.651_165.327_0.330694
120.122_165.494_0.351362
120.593_165.661_0.330694
121.064_165.828_0.351362
121.535_165.996_0.330694
122.003_166.173_0.392699
122.467_166.359_0.372031
122.931_166.546_0.392699
123.395_166.732_0.372031
123.862_166.909_0.351362
124.33_167.086_0.372031
124.794_167.273_0.392699
125.258_167.459_0.372031
125.725_167.636_0.351362
126.193_167.813_0.372031
126.653_168.009_0.434036
127.104_168.224_0.454704
127.556_168.439_0.434036
128.007_168.654_0.454704
128.459_168.869_0.434036
128.932_169.026_0.206684
129.42_169.134_0.227352
129.906_169.251_0.24802
130.392_169.369_0.227352
130.878_169.487_0.24802
131.352_169.644_0.392699
131.816_169.831_0.372031
132.28_170.017_0.392699
132.744_170.204_0.372031
133.208_170.39_0.392699
133.672_170.577_0.372031
134.136_170.763_0.392699
134.599_170.95_0.372031
135.063_171.137_0.392699
135.527_171.323_0.372031
135.991_171.51_0.392699
136.455_171.696_0.372031
136.919_171.883_0.392699
137.383_172.069_0.372031
137.847_172.256_0.392699
138.311_172.442_0.372031
138.774_172.629_0.392699
139.238_172.816_0.372031
139.702_173.002_0.392699
140.166_173.189_0.372031
140.63_173.375_0.392699
141.094_173.562_0.372031
141.558_173.748_0.392699
142.022_173.935_0.372031
142.485_174.121_0.392699
142.949_174.308_0.372031
143.413_174.495_0.392699
143.877_174.681_0.372031
144.341_174.868_0.392699
144.805_175.054_0.372031
145.269_175.241_0.392699
145.733_175.427_0.372031
146.197_175.614_0.392699
146.66_175.8_0.372031
147.124_175.987_0.392699
