configuration 176.556686401_134.7056427_-0.977472527886_0.211062685542_59.5791053772_36.8438796997_0.982426073578_-0.18665210943
length 188.342
time 4.81162
roughness 0.000182396
176.557_134.706_-2.71627
176.099_134.504_-2.73694
175.642_134.302_-2.71627
175.184_134.101_-2.73694
174.726_133.899_-2.71627
174.269_133.698_-2.73694
173.811_133.496_-2.71627
173.354_133.295_-2.73694
172.896_133.093_-2.71627
172.439_132.891_-2.73694
171.981_132.69_-2.71627
171.524_132.488_-2.73694
171.066_132.287_-2.71627
170.609_132.085_-2.73694
170.151_131.883_-2.71627
169.693_131.682_-2.73694
169.271_131.417_-2.42691
168.89_131.094_-2.44758
168.509_130.77_-2.42691
168.128_130.446_-2.44758
167.747_130.122_-2.42691
167.32_129.867_-2.77827
166.855_129.685_-2.75761
166.393_129.492_-2.73694
165.932_129.3_-2.75761
165.47_129.108_-2.73694
165.017_128.897_-2.67493
164.573_128.668_-2.65426
164.128_128.438_-2.67493
163.684_128.209_-2.65426
163.24_127.979_-2.67493
162.775_127.797_-2.86095
162.296_127.653_-2.84028
161.817_127.51_-2.86095
161.338_127.367_-2.84028
160.859_127.223_-2.86095
160.387_127.06_-2.75761
159.925_126.868_-2.73694
159.464_126.676_-2.75761
159.002_126.484_-2.73694
158.54_126.292_-2.75761
158.079_126.1_-2.73694
157.617_125.908_-2.75761
157.156_125.715_-2.73694
156.694_125.523_-2.75761
156.232_125.331_-2.73694
155.789_125.102_-2.59226
155.359_124.845_-2.61293
154.925_124.598_-2.6336
154.491_124.35_-2.61293
154.057_124.102_-2.6336
153.639_123.828_-2.48892
153.238_123.529_-2.50958
152.832_123.238_-2.53025
152.426_122.946_-2.50958
152.019_122.655_-2.53025
151.576_122.426_-2.79894
151.107_122.253_-2.77827
150.638_122.081_-2.79894
150.169_121.908_-2.77827
149.7_121.735_-2.79894
149.23_121.562_-2.77827
148.761_121.389_-2.79894
148.292_121.216_-2.77827
147.823_121.043_-2.79894
147.354_120.871_-2.77827
146.881_120.708_-2.84028
146.405_120.554_-2.81961
145.929_120.401_-2.84028
145.453_120.248_-2.81961
144.978_120.094_-2.84028
144.509_119.922_-2.73694
144.051_119.72_-2.71627
143.593_119.518_-2.73694
143.136_119.317_-2.71627
142.678_119.115_-2.73694
142.221_118.914_-2.71627
141.763_118.712_-2.73694
141.306_118.51_-2.71627
140.848_118.309_-2.73694
140.391_118.107_-2.71627
139.933_117.906_-2.73694
139.476_117.704_-2.71627
139.018_117.503_-2.73694
138.56_117.301_-2.71627
138.103_117.099_-2.73694
137.645_116.898_-2.71627
137.188_116.696_-2.73694
136.73_116.495_-2.71627
136.273_116.293_-2.73694
135.815_116.091_-2.71627
135.376_115.853_-2.57159
134.958_115.579_-2.55092
134.54_115.305_-2.57159
134.122_115.03_-2.55092
133.704_114.756_-2.57159
133.256_114.536_-2.79894
132.787_114.364_-2.77827
132.317_114.191_-2.79894
131.848_114.018_-2.77827
131.379_113.845_-2.79894
130.918_113.653_-2.6956
130.464_113.442_-2.71627
130.011_113.231_-2.6956
129.558_113.02_-2.71627
129.105_112.809_-2.6956
128.7_112.519_-2.34424
128.34_112.173_-2.40624
127.973_111.833_-2.38557
127.612_111.487_-2.36491
127.252_111.14_-2.38557
126.831_110.876_-2.77827
126.37_110.684_-2.71627
125.912_110.483_-2.73694
125.451_110.29_-2.75761
124.989_110.098_-2.73694
124.54_109.878_-2.6336
124.101_109.639_-2.65426
123.662_109.401_-2.6336
123.222_109.162_-2.65426
122.783_108.923_-2.6336
122.31_108.771_-3.02629
121.811_108.76_-3.21231
121.312_108.79_-3.19164
120.813_108.82_-3.21231
120.314_108.85_-3.19164
119.822_108.778_-2.79894
119.35_108.615_-2.81961
118.874_108.462_-2.84028
118.398_108.308_-2.81961
117.922_108.155_-2.84028
117.449_107.992_-2.77827
116.984_107.809_-2.75761
116.518_107.627_-2.77827
116.053_107.444_-2.75761
115.587_107.262_-2.77827
115.166_106.998_-2.38557
114.836_106.623_-2.19956
114.547_106.216_-2.17889
114.257_105.809_-2.19956
113.967_105.401_-2.17889
113.609_105.057_-2.57159
113.161_104.837_-2.79894
112.692_104.664_-2.77827
112.223_104.491_-2.79894
111.753_104.318_-2.77827
111.332_104.055_-2.38557
111.003_103.68_-2.19956
110.704_103.278_-2.22023
110.398_102.883_-2.2409
110.091_102.488_-2.22023
109.817_102.246_-2.61293
109.348_102.083_-3.00563
108.852_102.113_-3.39832
108.405_102.331_-3.79102
108.076_102.703_-4.18372
107.746_103.075_-3.79102
107.3_103.292_-3.39832
106.804_103.322_-3.00563
106.32_103.199_-2.77827
105.855_103.016_-2.75761
105.397_102.815_-2.6956
104.944_102.604_-2.71627
104.491_102.393_-2.6956
104.038_102.182_-2.71627
103.584_101.971_-2.6956
103.18_101.681_-2.34424
102.827_101.327_-2.36491
102.474_100.973_-2.34424
102.121_100.619_-2.36491
101.768_100.265_-2.34424
101.358_99.9836_-2.73694
100.901_99.782_-2.71627
100.447_99.571_-2.6956
99.9941_99.36_-2.71627
99.5408_99.149_-2.6956
99.092_98.9287_-2.67493
98.6432_98.7084_-2.6956
98.1943_98.4881_-2.67493
97.7455_98.2678_-2.6956
97.2967_98.0474_-2.67493
96.8179_97.9148_-3.06763
96.3184_97.914_-3.21231
95.82_97.9544_-3.23298
95.3217_97.9949_-3.21231
94.8233_98.0354_-3.23298
94.3239_98.0552_-3.12964
93.8241_98.0441_-3.10897
93.3245_98.0226_-3.0883
92.8431_97.8999_-2.6956
92.3943_97.6796_-2.67493
91.9501_97.45_-2.65426
91.5059_97.2205_-2.67493
91.0618_96.9909_-2.65426
90.6328_96.7344_-2.55092
90.2205_96.4517_-2.53025
89.8081_96.1689_-2.55092
89.3957_95.8862_-2.53025
88.9833_95.6035_-2.55092
88.5963_95.2881_-2.36491
88.2361_94.9414_-2.38557
87.8758_94.5946_-2.36491
87.5156_94.2479_-2.38557
87.1554_93.9011_-2.36491
86.74_93.6287_-2.75761
86.2645_93.4755_-2.90228
85.7775_93.362_-2.92295
85.2906_93.2486_-2.90228
84.8036_93.1351_-2.92295
84.3125_93.0418_-2.98496
83.8194_92.9587_-2.96429
83.3264_92.8756_-2.98496
82.8334_92.7925_-2.96429
82.3403_92.7094_-2.98496
81.8473_92.6263_-2.96429
81.3561_92.5331_-2.94362
80.8649_92.4398_-2.96429
80.3736_92.3465_-2.94362
79.8824_92.2533_-2.96429
79.3957_92.1398_-2.86095
78.9167_91.9964_-2.84028
78.4378_91.8529_-2.86095
77.9588_91.7095_-2.84028
77.4798_91.566_-2.86095
77.0385_91.338_-2.46825
76.6644_91.0065_-2.36491
76.3114_90.6524_-2.34424
75.9584_90.2983_-2.36491
75.6298_89.9948_-2.42691
75.2423_89.679_-2.48892
74.8482_89.3713_-2.46825
74.4542_89.0636_-2.48892
74.0538_88.764_-2.50958
73.6535_88.4645_-2.48892
73.3252_88.0916_-2.09622
73.1352_87.6307_-1.82753
73.0033_87.1485_-1.8482
72.8713_86.6662_-1.82753
72.7394_86.1839_-1.8482
72.6991_85.6888_-1.4555
72.8124_85.2029_-1.22815
72.9852_84.7337_-1.20748
73.1581_84.2645_-1.22815
73.2386_84.1299_-0.835447
73.4936_83.7035_-1.22815
73.6664_83.2344_-1.20748
73.849_82.7689_-1.18681
74.0315_82.3034_-1.20748
74.214_81.8379_-1.18681
74.4521_81.3995_-0.959457
74.7349_80.9871_-0.980125
75.009_80.569_-1.00079
75.2832_80.1509_-0.980125
75.5573_79.7327_-1.00079
75.7677_79.2808_-1.26948
75.921_78.8049_-1.24881
76.0743_78.329_-1.26948
76.2276_77.8531_-1.24881
76.3809_77.3772_-1.26948
76.5244_76.8982_-1.29015
76.6678_76.4192_-1.26948
76.8113_75.9402_-1.29015
76.9547_75.4613_-1.26948
77.0981_74.9823_-1.29015
77.2217_74.4979_-1.35216
77.3351_74.0109_-1.33149
77.4486_73.524_-1.35216
77.5621_73.0371_-1.33149
77.6756_72.5501_-1.35216
77.8384_72.0785_-1.1248
78.0587_71.6297_-1.10414
78.279_71.1808_-1.1248
78.4993_70.732_-1.10414
78.7197_70.2832_-1.1248
78.9672_69.8492_-0.980125
79.2413_69.4311_-1.00079
79.5155_69.013_-0.980125
79.7896_68.5948_-1.00079
80.0638_68.1767_-0.980125
80.3292_67.753_-1.04213
80.5769_67.3187_-1.0628
80.8246_66.8844_-1.04213
81.0723_66.4501_-1.0628
81.32_66.0158_-1.04213
81.5587_65.5765_-1.10414
81.7882_65.1323_-1.08347
82.0178_64.6881_-1.10414
82.2473_64.244_-1.08347
82.4769_63.7998_-1.10414
82.7064_63.3556_-1.08347
82.936_62.9114_-1.10414
83.1655_62.4672_-1.08347
83.3951_62.0231_-1.10414
83.6246_61.5789_-1.08347
83.8164_61.1179_-1.26948
83.9599_60.6389_-1.29015
84.1033_60.16_-1.26948
84.2468_59.681_-1.29015
84.3902_59.202_-1.26948
84.4731_58.7104_-1.53817
84.4945_58.2109_-1.5175
84.516_57.7114_-1.53817
84.5375_57.2119_-1.5175
84.5589_56.7123_-1.53817
84.6717_56.2285_-1.14547
84.961_55.8247_-0.752773
85.3615_55.5271_-0.525421
85.7966_55.2808_-0.504753
86.2317_55.0345_-0.525421
86.6046_54.7062_-0.91812
86.8236_54.2603_-1.31082
86.8551_53.7645_-1.70352
86.7635_53.2732_-1.80686
86.6416_52.7883_-1.82753
86.5297_52.301_-1.76552
86.438_51.8095_-1.74486
86.3565_51.3162_-1.72419
86.275_50.8229_-1.74486
86.1833_50.3314_-1.76552
85.994_49.8721_-2.15822
85.6432_49.5203_-2.55092
85.2045_49.2819_-2.73694
84.747_49.0803_-2.71627
84.2894_48.8787_-2.73694
83.8362_48.6678_-2.67493
83.3874_48.4475_-2.6956
82.9385_48.2271_-2.67493
82.4897_48.0068_-2.6956
82.0409_47.7865_-2.67493
81.6016_47.5478_-2.61293
81.1673_47.3001_-2.6336
80.733_47.0524_-2.61293
80.2986_46.8047_-2.6336
79.8643_46.557_-2.61293
79.4203_46.3275_-2.71627
78.967_46.1165_-2.6956
78.5182_45.8962_-2.67493
78.0694_45.6759_-2.6956
77.6161_45.4649_-2.71627
77.1824_45.2175_-2.53025
76.77_44.9348_-2.55092
76.3576_44.6521_-2.53025
75.9453_44.3693_-2.55092
75.5329_44.0866_-2.53025
75.0992_43.8393_-2.71627
74.6416_43.6377_-2.73694
74.1841_43.4361_-2.71627
73.7265_43.2345_-2.73694
73.269_43.0329_-2.71627
72.8114_42.8313_-2.73694
72.3539_42.6297_-2.71627
71.8963_42.4281_-2.73694
71.4388_42.2266_-2.71627
70.9855_42.0156_-2.6956
70.5322_41.8046_-2.71627
70.0747_41.603_-2.73694
69.6171_41.4014_-2.71627
69.1638_41.1904_-2.6956
68.7105_40.9794_-2.71627
68.253_40.7778_-2.73694
67.7954_40.5762_-2.71627
67.3421_40.3652_-2.6956
66.8888_40.1542_-2.71627
66.4313_39.9526_-2.73694
65.9737_39.751_-2.71627
65.5205_39.54_-2.6956
65.0672_39.329_-2.71627
64.6096_39.1275_-2.73694
64.1521_38.9259_-2.71627
63.6988_38.7149_-2.6956
63.2455_38.5039_-2.71627
62.7879_38.3023_-2.73694
62.3304_38.1007_-2.71627
61.8771_37.8897_-2.6956
61.4238_37.6787_-2.71627
60.9662_37.4771_-2.73694
60.5087_37.2755_-2.71627
60.0554_37.0645_-2.6956
59.6021_36.8535_-2.71627
