configuration 161.70602417_-18.2518405914_0.169978369946_0.985447793519_193.750076294_109.599342346_0.85380148664_0.520598714377
length 182.771
time 2.72803
roughness 0.000418944
161.706_-18.2518_0.341615
162.133_-17.9973_0.734315
162.429_-17.5989_1.12701
162.561_-17.1192_1.47838
162.612_-16.6218_1.45771
162.674_-16.1256_1.43704
162.835_-15.6557_1.04434
163.082_-15.2208_1.06501
163.329_-14.786_1.04434
163.575_-14.3511_1.06501
163.822_-13.9162_1.04434
164.151_-13.5437_0.651641
164.597_-13.3252_0.258942
165.093_-13.2941_-0.133757
165.563_-13.4552_-0.526456
165.935_-13.7838_-0.919155
166.308_-14.1124_-0.526456
166.778_-14.2734_-0.133757
167.274_-14.2424_0.258942
167.749_-14.0896_0.362284
168.219_-13.9173_0.341615
168.645_-13.6627_0.734315
168.942_-13.2643_1.12701
169.104_-12.7923_1.35437
169.216_-12.3051_1.3337
169.329_-11.8179_1.35437
169.528_-11.3628_0.961667
169.886_-11.0187_0.568968
170.346_-10.828_0.217605
170.833_-10.7151_0.238274
171.317_-10.592_0.258942
171.806_-10.4892_0.1556
172.3_-10.4066_0.176268
172.793_-10.324_0.1556
173.286_-10.2414_0.176268
173.779_-10.1588_0.1556
174.27_-10.0661_0.217605
174.759_-9.9632_0.196937
175.249_-9.86031_0.217605
175.738_-9.75742_0.196937
176.227_-9.65452_0.217605
176.717_-9.55163_0.196937
177.206_-9.44874_0.217605
177.695_-9.34585_0.196937
178.184_-9.24295_0.217605
178.674_-9.14006_0.196937
179.171_-9.13977_-0.195762
179.63_-9.32961_-0.588461
179.981_-9.68069_-0.98116
180.018_-9.71765_-0.588461
180.018_-9.71765_-0.195762
180.515_-9.71736_0.196937
180.974_-9.52697_0.589636
181.325_-9.17548_0.982335
181.515_-8.71639_1.37503
181.525_-8.21906_1.7264
181.545_-7.72268_1.3337
181.754_-7.27183_0.940998
182.119_-6.93514_0.548299
182.543_-6.67013_0.568968
182.961_-6.39642_0.589636
183.362_-6.09743_0.692978
183.743_-5.77406_0.713646
184.124_-5.45069_0.692978
184.506_-5.12733_0.713646
184.887_-4.80396_0.692978
185.324_-4.56725_0.300279
185.803_-4.42431_0.27961
186.282_-4.28136_0.300279
186.761_-4.13841_0.27961
187.24_-3.99547_0.300279
187.697_-3.79478_0.527631
188.132_-3.54752_0.506962
188.566_-3.30026_0.527631
189.001_-3.053_0.506962
189.436_-2.80574_0.527631
189.905_-2.64415_0.134932
190.402_-2.66442_-0.216431
190.892_-2.76673_-0.195762
191.383_-2.85892_-0.175094
191.875_-2.9511_-0.195762
192.371_-2.95081_0.196937
192.83_-2.76042_0.589636
193.181_-2.40893_0.982335
193.371_-1.94984_1.37503
193.412_-1.4526_1.60239
193.412_-0.952678_1.54038
193.422_-0.452787_1.56105
193.432_0.0471029_1.54038
193.442_0.546993_1.56105
193.452_1.04688_1.54038
193.37_1.53685_1.93308
193.188_2.00253_1.95375
193.006_2.46821_1.93308
192.824_2.93389_1.95375
192.642_3.39957_1.93308
192.56_3.88954_1.54038
192.57_4.38943_1.56105
192.569_4.88943_1.58172
192.569_5.38942_1.56105
192.569_5.88941_1.58172
192.487_6.38057_1.89174
192.334_6.85663_1.87108
192.181_7.3327_1.89174
192.028_7.80876_1.87108
191.875_8.28483_1.89174
191.703_8.7541_1.95375
191.511_9.21592_1.97442
191.32_9.67774_1.95375
191.128_10.1396_1.97442
190.937_10.6014_1.95375
190.844_11.0895_1.56105
190.865_11.5891_1.49904
190.895_12.0881_1.51971
190.926_12.5871_1.49904
190.957_13.0862_1.51971
190.977_13.5858_1.54038
190.987_14.0857_1.56105
190.997_14.5856_1.54038
191.007_15.0854_1.56105
191.017_15.5853_1.54038
190.935_16.0753_1.93308
190.744_16.5371_1.99509
190.543_16.9948_1.97442
190.342_17.4526_1.99509
190.14_17.9103_1.97442
189.958_18.376_1.91241
189.786_18.8453_1.93308
189.614_19.3146_1.91241
189.441_19.784_1.93308
189.269_20.2533_1.91241
189.087_20.7189_1.97442
188.895_21.1808_1.95375
188.704_21.6426_1.97442
188.512_22.1044_1.95375
188.321_22.5662_1.97442
188.065_22.9943_2.24311
187.758_23.3887_2.22244
187.459_23.7893_2.20177
187.16_24.19_2.22244
186.86_24.5906_2.20177
186.651_25.0412_1.80907
186.62_25.5377_1.45771
186.671_26.0351_1.47838
186.723_26.5324_1.45771
186.774_27.0298_1.47838
186.722_27.5239_1.87108
186.55_27.993_1.97442
186.349_28.4508_1.99509
186.148_28.9085_1.97442
185.947_29.3663_1.99509
185.765_29.8318_1.89174
185.602_30.3046_1.91241
185.43_30.7739_1.93308
185.258_31.2433_1.91241
185.085_31.7126_1.93308
184.875_32.1657_2.07776
184.628_32.6003_2.09843
184.38_33.0349_2.07776
184.133_33.4694_2.09843
183.886_33.904_2.07776
183.666_34.3529_1.97442
183.465_34.8106_1.99509
183.264_35.2684_1.97442
183.063_35.7262_1.99509
182.862_36.1839_1.97442
182.651_36.6374_2.03642
182.431_37.0864_2.01575
182.211_37.5355_2.03642
181.991_37.9845_2.01575
181.772_38.4336_2.03642
181.571_38.8912_1.93308
181.389_39.3568_1.95375
181.207_39.8225_1.93308
181.024_40.2882_1.95375
180.842_40.7539_1.93308
180.68_41.2266_1.87108
180.537_41.7057_1.85041
180.394_42.1849_1.87108
180.251_42.664_1.85041
180.108_43.1431_1.87108
179.917_43.6043_2.05709
179.688_44.0487_2.03642
179.459_44.4931_2.05709
179.229_44.9375_2.03642
179_45.3819_2.05709
178.771_45.8264_2.03642
178.551_46.2754_2.01575
178.332_46.7245_2.03642
178.112_47.1735_2.01575
177.892_47.6226_2.03642
177.71_48.0876_1.85041
177.567_48.5667_1.87108
177.414_49.0428_1.89174
177.262_49.5189_1.87108
177.119_49.998_1.85041
176.937_50.463_2.03642
176.708_50.9074_2.05709
176.479_51.3518_2.03642
176.25_51.7963_2.05709
176.02_52.2407_2.03642
175.801_52.6897_2.01575
175.59_53.1432_1.99509
175.38_53.5968_2.01575
175.169_54.0503_1.99509
174.958_54.5038_2.01575
174.739_54.9528_2.03642
174.519_55.4019_2.01575
174.308_55.8554_1.99509
174.098_56.3089_2.01575
173.878_56.758_2.03642
173.64_57.1975_2.09843
173.392_57.6321_2.07776
173.154_58.0716_2.05709
172.916_58.5112_2.07776
172.669_58.9458_2.09843
172.43_59.3853_2.03642
172.201_59.8298_2.05709
171.972_60.2742_2.03642
171.743_60.7186_2.05709
171.514_61.163_2.03642
171.323_61.6244_1.89174
171.17_62.1005_1.87108
171.017_62.5766_1.89174
170.864_63.0526_1.87108
170.711_63.5287_1.89174
170.529_63.9942_1.99509
170.328_64.4519_1.97442
170.127_64.9097_1.99509
169.926_65.3675_1.97442
169.725_65.8252_1.99509
169.487_66.2644_2.13976
169.222_66.6884_2.1191
168.957_67.1124_2.13976
168.692_67.5364_2.1191
168.427_67.9604_2.13976
168.246_68.4231_1.74706
168.256_68.9198_1.35437
168.358_69.4092_1.37503
168.461_69.8986_1.35437
168.563_70.388_1.37503
168.563_70.8848_1.76773
168.372_71.3436_2.16043
168.09_71.7563_2.1811
167.799_72.1631_2.20177
167.508_72.5698_2.1811
167.262_73.0038_1.99509
167.051_73.4573_2.01575
166.84_73.9108_1.99509
166.63_74.3643_2.01575
166.41_74.8133_2.03642
166.105_75.2052_2.42912
165.73_75.5359_2.40845
165.355_75.8667_2.42912
164.98_76.1974_2.40845
164.605_76.5282_2.42912
164.299_76.92_2.03642
164.167_77.3989_1.64372
164.228_77.8919_1.25102
164.474_78.324_0.858325
164.812_78.692_0.79632
165.083_79.1081_1.18902
165.175_79.5963_1.58172
165.073_80.0825_1.97442
164.792_80.4925_2.36712
164.381_80.7729_2.71848
164.381_80.7729_2.32578
164.118_81.1942_1.93308
164.036_81.6841_1.54038
164.148_82.1682_1.14768
164.436_82.5727_0.754983
164.804_82.9116_0.734315
165.172_83.2504_0.754983
165.539_83.5893_0.734315
165.907_83.9281_0.754983
166.275_84.267_0.734315
166.691_84.5396_0.424289
167.145_84.7501_0.444957
167.594_84.97_0.465626
168.043_85.1898_0.444957
168.492_85.4097_0.465626
168.971_85.5419_0.0729266
169.466_85.4908_-0.278436
169.945_85.3484_-0.299104
170.424_85.2061_-0.278436
170.903_85.0637_-0.299104
171.398_85.0127_0.093595
171.874_85.1548_0.486294
172.308_85.402_0.548299
172.732_85.667_0.568968
173.156_85.932_0.548299
173.623_86.1033_0.1556
174.119_86.1654_0.093595
174.616_86.2173_0.114263
175.113_86.2691_0.093595
175.61_86.321_0.114263
176.101_86.4137_0.258942
176.586_86.5367_0.238274
177.073_86.6497_0.217605
177.56_86.7627_0.238274
178.047_86.8756_0.217605
178.502_87.0755_0.610304
178.846_87.4341_1.003
179.026_87.8971_1.3957
179.015_88.3937_1.7884
178.816_88.8486_2.1811
178.616_89.3034_1.7884
178.605_89.8001_1.3957
178.786_90.263_1.003
179.122_90.6292_0.651641
179.517_90.9365_0.672309
179.958_91.1641_0.27961
180.44_91.2971_0.258942
180.922_91.4302_0.27961
181.404_91.5632_0.258942
181.886_91.6962_0.27961
182.362_91.849_0.341615
182.831_92.0213_0.362284
183.301_92.1937_0.341615
183.77_92.3661_0.362284
184.239_92.5384_0.341615
184.731_92.6103_-0.0510836
185.219_92.5084_-0.361109
185.684_92.327_-0.381778
186.15_92.1455_-0.361109
186.616_91.964_-0.381778
187.104_91.8724_0.0109215
187.591_91.9746_0.403621
188.001_92.2551_0.79632
188.298_92.6549_1.06501
188.536_93.0948_1.08568
188.849_93.4807_0.692978
189.237_93.7961_0.672309
189.625_94.1115_0.692978
190.013_94.4269_0.672309
190.401_94.7423_0.692978
190.807_95.0328_0.548299
191.231_95.2979_0.568968
191.655_95.5629_0.548299
192.079_95.8279_0.568968
192.503_96.0929_0.548299
192.903_96.3916_0.734315
193.271_96.7304_0.754983
193.639_97.0693_0.734315
194.006_97.4081_0.754983
194.374_97.747_0.734315
194.671_98.1454_1.12701
194.792_98.6271_1.51971
194.782_99.1265_1.66439
194.74_99.6248_1.64372
194.699_100.123_1.66439
194.647_100.62_1.68506
194.595_101.118_1.66439
194.543_101.615_1.68506
194.491_102.112_1.66439
194.439_102.61_1.68506
194.387_103.107_1.66439
194.335_103.604_1.68506
194.284_104.101_1.66439
194.232_104.599_1.68506
194.18_105.096_1.66439
194.128_105.593_1.68506
194.076_106.091_1.66439
194.035_106.589_1.64372
193.993_107.087_1.66439
193.941_107.584_1.68506
193.889_108.082_1.66439
193.848_108.58_1.64372
193.806_109.078_1.66439
193.754_109.575_1.68506
