configuration -14.0353517532_151.94859314_0.0_1.0_147.259887695_176.039077759_0.145212769539_0.989400450557
length 191.589
time 6.91317
roughness 0.00030363
-14.0354_151.949_-0
-13.5357_151.964_0.0620051
-13.037_152_0.0826735
-12.5383_152.036_0.0620051
-12.0396_152.073_0.0826735
-11.5409_152.109_0.0620051
-11.0432_152.155_0.12401
-10.5477_152.222_0.144679
-10.0522_152.289_0.12401
-9.55672_152.356_0.144679
-9.06124_152.423_0.12401
-8.56277_152.459_0.0206684
-8.0628_152.464_-4.16334e-17
-7.56284_152.469_0.0206684
-7.06287_152.475_-4.16334e-17
-6.56291_152.48_0.0206684
-6.06444_152.516_0.12401
-5.56895_152.583_0.144679
-5.07347_152.65_0.12401
-4.57798_152.717_0.144679
-4.08249_152.784_0.12401
-3.58402_152.82_0.0206684
-3.08406_152.825_-4.16334e-17
-2.58409_152.83_0.0206684
-2.08413_152.835_-4.16334e-17
-1.58417_152.841_0.0206684
-1.08527_152.815_-0.12401
-0.588504_152.758_-0.103342
-0.0917402_152.701_-0.12401
0.405024_152.645_-0.103342
0.901788_152.588_-0.12401
1.39175_152.49_-0.268689
1.87515_152.363_-0.24802
2.35855_152.235_-0.268689
2.84194_152.107_-0.24802
3.32534_151.979_-0.268689
3.77446_151.766_-0.620051
4.18436_151.479_-0.599383
4.59426_151.193_-0.620051
5.00416_150.907_-0.599383
5.41406_150.62_-0.620051
5.86692_150.416_-0.227352
6.36362_150.38_0.0826735
6.8623_150.416_0.0620051
7.36098_150.452_0.0826735
7.85967_150.489_0.0620051
8.35473_150.555_0.206684
8.84511_150.653_0.186015
9.33741_150.74_0.165347
9.8297_150.828_0.186015
10.322_150.915_0.165347
10.8186_150.972_0.0620051
11.3172_151.008_0.0826735
11.8159_151.044_0.0620051
12.3146_151.08_0.0826735
12.8133_151.116_0.0620051
13.3083_151.183_0.206684
13.7987_151.281_0.186015
14.291_151.368_0.165347
14.7833_151.456_0.186015
15.2756_151.543_0.165347
15.7739_151.569_-0.0620051
16.2726_151.533_-0.0826735
16.7712_151.496_-0.0620051
17.2706_151.471_-0.0413367
17.7699_151.445_-0.0620051
18.2681_151.471_0.165347
18.7604_151.558_0.186015
19.2527_151.645_0.165347
19.745_151.733_0.186015
20.2373_151.82_0.165347
20.7339_151.877_0.0620051
21.2326_151.913_0.0826735
21.7312_151.949_0.0620051
22.2299_151.985_0.0826735
22.7286_152.021_0.0620051
23.2149_152.129_0.372031
23.6826_152.306_0.351362
24.1502_152.482_0.372031
24.6179_152.659_0.351362
25.0855_152.836_0.372031
25.5679_152.964_0.144679
26.0619_153.041_0.165347
26.5559_153.118_0.144679
27.0498_153.195_0.165347
27.5438_153.273_0.144679
28.016_153.429_0.496041
28.4581_153.663_0.475373
28.9003_153.896_0.496041
29.3425_154.129_0.475373
29.7846_154.363_0.496041
30.2593_154.51_0.103342
30.7586_154.525_-0.0413367
31.2584_154.51_-0.0206684
31.7581_154.494_-0.0413367
32.2579_154.479_-0.0206684
32.747_154.565_0.372031
33.1774_154.816_0.682056
33.5623_155.135_0.702725
33.8409_155.376_0.723393
34.2703_155.626_0.330694
34.7449_155.783_0.310026
35.2194_155.941_0.330694
35.694_156.098_0.310026
36.1685_156.256_0.330694
36.6035_156.497_0.682056
36.9884_156.816_0.702725
37.3732_157.135_0.682056
37.7581_157.455_0.702725
38.1429_157.774_0.682056
38.5581_158.051_0.496041
38.9953_158.294_0.516709
39.4275_158.545_0.537378
39.8596_158.797_0.516709
40.2917_159.048_0.537378
40.7383_159.272_0.392699
41.1982_159.468_0.413367
41.654_159.674_0.434036
42.1097_159.879_0.413367
42.5655_160.085_0.434036
43.0213_160.29_0.413367
43.4771_160.496_0.434036
43.9329_160.702_0.413367
44.3886_160.907_0.434036
44.8444_161.113_0.413367
45.2958_161.328_0.475373
45.738_161.561_0.496041
46.1801_161.794_0.475373
46.6223_162.028_0.496041
47.0644_162.261_0.475373
47.5311_162.438_0.24802
48.0145_162.566_0.268689
48.4951_162.703_0.289357
48.9758_162.841_0.268689
49.4564_162.979_0.289357
49.9197_163.165_0.475373
50.3666_163.389_0.454704
50.8135_163.613_0.475373
51.2604_163.838_0.454704
51.7072_164.062_0.475373
52.0961_164.371_0.868072
52.3371_164.805_1.26077
52.3934_165.299_1.65347
52.3062_165.791_1.83949
52.1684_166.271_1.86015
52.1223_166.766_1.46745
52.269_167.241_1.07476
52.5861_167.623_0.682056
53.0255_167.855_0.289357
53.518_167.932_0.0206684
54.0177_167.947_0.0413367
54.5175_167.963_0.0206684
55.0172_167.978_0.0413367
55.517_167.994_0.0206684
56.0167_168.009_0.0413367
56.5153_167.984_-0.144679
57.0108_167.917_-0.12401
57.5076_167.86_-0.103342
58.0044_167.803_-0.12401
58.5011_167.746_-0.103342
59_167.752_0.12401
59.4968_167.808_0.103342
59.9946_167.855_0.0826735
60.4924_167.901_0.103342
60.9903_167.948_0.0826735
61.4679_168.084_0.475373
61.8943_168.345_0.620051
62.3042_168.631_0.599383
62.7141_168.917_0.620051
63.124_169.204_0.599383
63.4717_169.558_0.992082
63.732_169.985_1.05409
63.9745_170.423_1.07476
64.217_170.86_1.05409
64.4685_171.292_1.03342
64.8012_171.661_0.64072
65.2458_171.884_0.289357
65.7235_172.032_0.310026
66.2012_172.179_0.289357
66.6789_172.327_0.310026
67.1725_172.383_-0.0826735
67.65_172.246_-0.475373
68.0872_172.004_-0.537378
68.5194_171.752_-0.516709
68.9566_171.51_-0.496041
69.4313_171.363_-0.103342
69.9259_171.409_0.289357
70.4036_171.557_0.310026
70.8782_171.714_0.330694
71.3527_171.872_0.310026
71.7872_172.113_0.702725
72.0963_172.502_1.09542
72.2332_172.979_1.48812
72.1768_173.473_1.88082
72.1561_173.655_1.48812
72.2929_174.132_1.09542
72.6021_174.521_0.702725
73.0365_174.762_0.310026
73.5301_174.818_-0.0826735
74.0077_174.682_-0.475373
74.4853_174.545_-0.0826735
74.9788_174.601_0.310026
75.4133_174.842_0.702725
75.7225_175.231_1.09542
75.8526_175.395_0.702725
76.2871_175.636_0.310026
76.7807_175.692_-0.0826735
77.2759_175.625_-0.186015
77.7663_175.527_-0.206684
78.2567_175.43_-0.186015
78.7176_175.245_-0.578714
79.0725_174.897_-0.971414
79.2674_174.44_-1.36411
79.375_173.952_-1.34344
79.4928_173.466_-1.32278
79.7063_173.017_-0.930077
80.0753_172.685_-0.537378
80.5218_172.46_-0.392699
80.9817_172.264_-0.413367
81.4375_172.059_-0.434036
81.8388_171.766_-0.826735
82.0975_171.342_-1.21943
82.2549_170.867_-1.28144
82.4026_170.39_-1.26077
82.5502_169.912_-1.28144
82.7458_169.453_-1.05409
82.9883_169.016_-1.07476
83.2309_168.579_-1.05409
83.4734_168.141_-1.07476
83.7159_167.704_-1.05409
83.8723_167.233_-1.44679
83.9393_166.737_-1.42612
84.0062_166.242_-1.44679
84.0732_165.746_-1.42612
84.1402_165.251_-1.44679
84.2477_164.763_-1.26077
84.3953_164.285_-1.28144
84.5429_163.808_-1.26077
84.6905_163.33_-1.28144
84.8381_162.852_-1.26077
85.0053_162.381_-1.19877
85.1919_161.917_-1.1781
85.3784_161.453_-1.19877
85.565_160.989_-1.1781
85.7515_160.526_-1.19877
85.8588_160.039_-1.50879
85.8949_159.541_-1.48812
85.931_159.042_-1.50879
85.9672_158.543_-1.48812
86.0033_158.044_-1.50879
86.1302_157.564_-1.11609
86.4313_157.169_-0.723393
86.8458_156.892_-0.454704
87.2927_156.668_-0.475373
87.7396_156.444_-0.454704
88.1348_156.143_-0.847403
88.4458_155.751_-0.950745
88.7321_155.341_-0.971414
89.0184_154.932_-0.950745
89.3131_154.528_-0.930077
89.6821_154.195_-0.537378
90.1503_154.029_-0.144679
90.6464_154.054_0.24802
91.1239_154.202_0.351362
91.5951_154.369_0.330694
92.0627_154.546_0.392699
92.5266_154.733_0.372031
92.9942_154.91_0.351362
93.4618_155.087_0.372031
93.9295_155.263_0.351362
94.404_155.421_0.289357
94.8817_155.569_0.310026
95.3594_155.716_0.289357
95.8371_155.864_0.310026
96.3148_156.011_0.289357
96.7858_156.178_0.392699
97.2497_156.365_0.372031
97.7136_156.552_0.392699
98.1774_156.738_0.372031
98.6413_156.925_0.392699
99.1052_157.111_0.372031
99.5728_157.288_0.351362
100.04_157.465_0.372031
100.504_157.652_0.392699
100.968_157.838_0.372031
101.439_158.005_0.310026
101.914_158.163_0.330694
102.388_158.32_0.310026
102.863_158.478_0.330694
103.338_158.635_0.310026
103.831_158.692_-0.0826735
104.309_158.555_-0.475373
104.751_158.321_-0.496041
105.193_158.088_-0.475373
105.52_157.994_-0.0826735
106.013_158.051_0.310026
106.481_158.228_0.413367
106.937_158.433_0.434036
107.392_158.639_0.413367
107.848_158.844_0.434036
108.304_159.05_0.413367
108.764_159.246_0.392699
109.224_159.442_0.413367
109.684_159.638_0.392699
110.144_159.834_0.413367
110.604_160.03_0.392699
111.068_160.217_0.372031
111.531_160.403_0.392699
111.995_160.59_0.372031
112.459_160.777_0.392699
112.919_160.973_0.413367
113.375_161.178_0.434036
113.831_161.384_0.413367
114.291_161.58_0.392699
114.751_161.776_0.413367
115.21_161.972_0.392699
115.67_162.168_0.413367
116.13_162.364_0.392699
116.59_162.56_0.413367
117.05_162.756_0.392699
117.501_162.971_0.496041
117.944_163.205_0.475373
118.386_163.438_0.496041
118.828_163.672_0.475373
119.27_163.905_0.496041
119.721_164.12_0.392699
120.185_164.306_0.372031
120.649_164.493_0.392699
121.113_164.679_0.372031
121.577_164.866_0.392699
122.063_164.973_0.0413367
122.562_164.999_0.0620051
123.061_165.035_0.0826735
123.559_165.071_0.0620051
124.058_165.107_0.0826735
124.536_165.244_0.475373
124.982_165.468_0.454704
125.434_165.683_0.434036
125.885_165.898_0.454704
126.337_166.113_0.434036
126.797_166.309_0.372031
127.261_166.496_0.392699
127.724_166.682_0.372031
128.188_166.869_0.392699
128.652_167.056_0.372031
129.108_167.261_0.475373
129.55_167.494_0.496041
129.992_167.728_0.475373
130.434_167.961_0.496041
130.876_168.195_0.475373
131.265_168.504_0.868072
131.463_168.715_0.76473
131.877_168.991_0.413367
132.333_169.197_0.434036
132.789_169.402_0.413367
133.244_169.608_0.434036
133.7_169.813_0.413367
134.156_170.019_0.434036
134.612_170.224_0.413367
135.067_170.43_0.434036
135.523_170.636_0.413367
135.979_170.841_0.434036
136.446_171.018_0.289357
136.927_171.156_0.268689
137.408_171.293_0.289357
137.885_171.441_0.310026
138.363_171.589_0.289357
138.834_171.756_0.392699
139.294_171.952_0.413367
139.75_172.157_0.434036
140.205_172.363_0.413367
140.669_172.549_0.351362
141.14_172.717_0.330694
141.612_172.884_0.351362
142.083_173.051_0.330694
142.554_173.218_0.351362
142.995_173.451_0.620051
143.399_173.746_0.64072
143.803_174.04_0.620051
144.213_174.327_0.599383
144.622_174.501_0.206684
145.078_174.696_0.599383
145.494_174.974_0.578714
145.91_175.252_0.599383
146.326_175.529_0.578714
146.725_175.784_0.558046
147.167_176.018_0.413367
