configuration 176.556686401_134.7056427_-0.977472527886_0.211062685542_59.5791053772_36.8438796997_0.982426073578_-0.18665210943
length 193.376
time 6.2607
roughness 0.000328499
176.557_134.706_-2.71627
176.118_134.467_-2.57159
175.694_134.202_-2.59226
175.27_133.936_-2.57159
174.847_133.671_-2.59226
174.423_133.405_-2.57159
174.023_133.106_-2.42691
173.642_132.782_-2.44758
173.254_132.467_-2.46825
172.867_132.151_-2.44758
172.479_131.835_-2.46825
172.056_131.57_-2.6956
171.607_131.35_-2.67493
171.159_131.129_-2.6956
170.71_130.909_-2.67493
170.261_130.689_-2.6956
169.803_130.487_-2.75761
169.342_130.295_-2.73694
168.88_130.103_-2.75761
168.419_129.911_-2.73694
167.957_129.719_-2.75761
167.491_129.536_-2.77827
167.026_129.354_-2.75761
166.56_129.171_-2.77827
166.095_128.989_-2.75761
165.629_128.806_-2.77827
165.181_128.586_-2.59226
164.752_128.33_-2.61293
164.318_128.082_-2.6336
163.884_127.834_-2.61293
163.449_127.586_-2.6336
163.057_127.28_-2.32357
162.711_126.919_-2.34424
162.358_126.565_-2.36491
162.005_126.21_-2.34424
161.652_125.856_-2.36491
161.237_125.584_-2.75761
160.775_125.392_-2.73694
160.318_125.19_-2.71627
159.86_124.989_-2.73694
159.402_124.787_-2.71627
158.941_124.595_-2.77827
158.475_124.412_-2.75761
158.01_124.23_-2.77827
157.544_124.047_-2.75761
157.079_123.865_-2.77827
156.61_123.692_-2.79894
156.137_123.529_-2.81961
155.665_123.366_-2.79894
155.192_123.203_-2.81961
154.719_123.04_-2.79894
154.247_122.877_-2.81961
153.771_122.723_-2.84028
153.295_122.57_-2.81961
152.819_122.417_-2.84028
152.418_122.287_-2.81961
151.946_122.124_-2.79894
151.476_121.952_-2.77827
151.007_121.779_-2.79894
150.538_121.606_-2.77827
150.069_121.433_-2.79894
149.642_121.178_-2.40624
149.297_120.817_-2.26156
148.975_120.435_-2.28223
148.652_120.053_-2.26156
148.33_119.671_-2.28223
147.938_119.365_-2.67493
147.473_119.183_-2.86095
146.991_119.049_-2.88162
146.51_118.916_-2.86095
146.028_118.782_-2.88162
145.532_118.751_-3.27431
145.051_118.882_-3.543
144.923_118.909_-3.1503
144.43_118.98_-3.41899
143.95_119.122_-3.43966
143.69_119.148_-3.04696
143.191_119.127_-3.1503
142.691_119.136_-3.17097
142.191_119.146_-3.1503
141.703_119.053_-2.75761
141.241_118.861_-2.73694
140.784_118.66_-2.71627
140.326_118.458_-2.73694
139.869_118.256_-2.71627
139.411_118.055_-2.73694
138.95_117.863_-2.75761
138.898_117.853_-3.1503
138.41_117.76_-2.75761
137.945_117.578_-2.77827
137.479_117.395_-2.75761
137.014_117.213_-2.77827
136.548_117.03_-2.75761
136.133_116.758_-2.36491
135.787_116.397_-2.3029
135.449_116.028_-2.32357
135.111_115.66_-2.3029
134.773_115.291_-2.32357
134.369_115.002_-2.71627
133.912_114.8_-2.73694
133.45_114.608_-2.75761
132.988_114.416_-2.73694
132.527_114.224_-2.75761
132.111_113.952_-2.36491
131.766_113.591_-2.3029
131.428_113.222_-2.32357
131.082_112.861_-2.34424
130.737_112.499_-2.32357
130.503_112.332_-2.71627
130.019_112.219_-3.10897
129.529_112.3_-3.50167
129.107_112.563_-3.89437
128.818_112.966_-4.28706
128.528_113.37_-3.89437
128.106_113.633_-3.50167
127.616_113.714_-3.10897
127.13_113.611_-2.75761
126.664_113.428_-2.77827
126.243_113.164_-2.38557
125.913_112.79_-2.19956
125.615_112.388_-2.22023
125.317_111.987_-2.19956
125.019_111.586_-2.22023
124.712_111.191_-2.2409
124.398_110.802_-2.26156
124.083_110.413_-2.2409
123.777_110.018_-2.22023
123.47_109.623_-2.2409
123.091_109.302_-2.6336
122.639_109.091_-2.77827
122.173_108.908_-2.75761
121.708_108.726_-2.77827
121.242_108.543_-2.75761
120.789_108.332_-2.65426
120.345_108.103_-2.67493
119.896_107.882_-2.6956
119.447_107.662_-2.67493
118.998_107.442_-2.6956
118.545_107.231_-2.71627
118.087_107.029_-2.73694
117.63_106.828_-2.71627
117.172_106.626_-2.73694
116.715_106.424_-2.71627
116.25_106.242_-2.81961
115.777_106.079_-2.79894
115.304_105.916_-2.81961
114.832_105.753_-2.79894
114.359_105.59_-2.81961
113.894_105.407_-2.71627
113.436_105.206_-2.73694
112.979_105.004_-2.71627
112.521_104.802_-2.73694
112.063_104.601_-2.71627
111.66_104.311_-2.32357
111.322_103.943_-2.3029
110.991_103.568_-2.28223
110.661_103.192_-2.3029
110.331_102.817_-2.28223
109.939_102.511_-2.67493
109.49_102.291_-2.6956
109.037_102.08_-2.71627
108.584_101.869_-2.6956
108.13_101.658_-2.71627
107.646_101.545_-3.10897
107.156_101.626_-3.50167
106.734_101.889_-3.89437
106.445_102.292_-4.28706
106.332_102.776_-4.67976
106.249_103.133_-4.28706
106.051_103.409_-3.89437
105.785_103.575_-3.50167
105.501_103.622_-3.10897
105.246_103.562_-2.71627
104.775_103.399_-2.90228
104.29_103.276_-2.88162
103.806_103.152_-2.90228
103.321_103.029_-2.88162
102.837_102.905_-2.90228
102.377_102.714_-2.59226
101.948_102.457_-2.61293
101.513_102.21_-2.6336
101.079_101.962_-2.61293
100.645_101.714_-2.6336
100.216_101.458_-2.57159
99.7976_101.184_-2.55092
99.3794_100.909_-2.57159
98.9613_100.635_-2.55092
98.5432_100.361_-2.57159
98.1853_100.017_-2.17889
97.9213_99.5922_-2.07555
97.675_99.1571_-2.09622
97.4287_98.7219_-2.07555
97.1824_98.2868_-2.09622
96.8542_97.9139_-2.48892
96.4082_97.695_-2.88162
95.9124_97.6634_-3.27431
95.4423_97.824_-3.66701
95.0694_98.1522_-4.05971
94.6964_98.4804_-3.66701
94.2263_98.641_-3.27431
93.7284_98.6299_-2.96429
93.2354_98.5468_-2.98496
92.7424_98.4637_-2.96429
92.2716_98.3012_-2.65426
91.8427_98.0447_-2.55092
91.4245_97.7705_-2.57159
91.0064_97.4964_-2.55092
90.5883_97.2223_-2.57159
90.1646_96.9568_-2.59226
89.7648_96.6577_-2.40624
89.3906_96.3261_-2.42691
89.0096_96.0024_-2.44758
88.6285_95.6786_-2.42691
88.2475_95.3548_-2.44758
87.811_95.1177_-2.84028
87.3351_94.9644_-2.81961
86.8592_94.8111_-2.84028
86.3833_94.6578_-2.81961
85.9074_94.5044_-2.84028
85.4348_94.3414_-2.77827
84.9693_94.1588_-2.75761
84.5038_93.9763_-2.77827
84.0383_93.7938_-2.75761
83.5728_93.6113_-2.77827
83.083_93.5288_-3.17097
82.5834_93.5486_-3.19164
82.0843_93.5788_-3.21231
81.5852_93.609_-3.19164
81.0861_93.6391_-3.21231
80.5932_93.5769_-2.81961
80.1363_93.3756_-2.6336
79.697_93.1369_-2.65426
79.2528_92.9074_-2.67493
78.8086_92.6778_-2.65426
78.4235_92.364_-2.26156
78.1878_91.9267_-1.86887
78.036_91.4503_-1.88953
77.8744_90.9771_-1.9102
77.7128_90.504_-1.88953
77.4681_90.0716_-2.28223
77.0825_89.7574_-2.6336
76.6482_89.5097_-2.61293
76.2138_89.262_-2.6336
75.7795_89.0143_-2.61293
75.323_88.8131_-2.84028
74.847_88.6598_-2.81961
74.3744_88.4967_-2.79894
73.9018_88.3336_-2.81961
73.4259_88.1803_-2.84028
72.9893_87.9431_-2.44758
72.6768_87.557_-2.05488
72.5358_87.0806_-1.66218
72.5879_86.5866_-1.26948
72.8073_86.1395_-0.959457
73.0076_85.6849_-1.35216
73.0169_85.2666_-1.74486
72.9507_85.096_-2.13755
72.9507_85.096_-1.74486
72.9507_85.096_-1.35216
73.151_84.6414_-0.959457
73.51_84.298_-0.566758
73.9399_84.0428_-0.504753
74.375_83.7965_-0.525421
74.8101_83.5502_-0.504753
75.1897_83.2298_-0.897452
75.4272_82.7927_-1.24881
75.5903_82.32_-1.22815
75.7631_81.8509_-1.20748
75.936_81.3817_-1.22815
76.0492_80.8958_-1.4555
76.1119_80.3997_-1.43483
76.1745_79.9037_-1.4555
76.2372_79.4076_-1.43483
76.2998_78.9116_-1.4555
76.393_78.4208_-1.31082
76.5165_77.9363_-1.33149
76.6401_77.4518_-1.31082
76.7636_76.9673_-1.33149
76.8871_76.4828_-1.31082
76.9905_75.9939_-1.41416
77.0634_75.4992_-1.43483
77.1363_75.0046_-1.41416
77.2194_74.5115_-1.39349
77.3024_74.0185_-1.41416
77.4258_73.5347_-1.22815
77.5889_73.062_-1.24881
77.752_72.5894_-1.22815
77.9151_72.1168_-1.24881
78.0783_71.6441_-1.22815
78.2797_71.187_-1.08347
78.5092_70.7428_-1.10414
78.7388_70.2986_-1.08347
78.9683_69.8544_-1.10414
79.1979_69.4103_-1.08347
79.4088_68.9572_-1.18681
79.6009_68.4955_-1.16614
79.8025_68.038_-1.14547
80.004_67.5804_-1.16614
80.2056_67.1229_-1.14547
80.4441_66.6839_-1.00079
80.7183_66.2658_-0.980125
80.9924_65.8476_-1.00079
81.2666_65.4295_-0.980125
81.5407_65.0114_-1.00079
81.7792_64.5724_-1.14547
81.9902_64.1191_-1.1248
82.2012_63.6658_-1.14547
82.4122_63.2126_-1.1248
82.6232_62.7593_-1.14547
82.8248_62.3017_-1.16614
83.0264_61.8442_-1.14547
83.2279_61.3866_-1.16614
83.4295_60.9291_-1.14547
83.6311_60.4715_-1.16614
83.8605_60.0277_-1.02146
84.1259_59.604_-1.00079
84.4001_59.1859_-0.980125
84.6742_58.7677_-1.00079
84.8403_58.4109_-1.26948
85.0597_57.9639_-0.959457
85.3425_57.5515_-0.980125
85.6252_57.1391_-0.959457
85.9079_56.7268_-0.980125
86.1907_56.3144_-0.959457
86.4195_55.8715_-1.22815
86.5924_55.4024_-1.20748
86.7652_54.9332_-1.22815
86.9381_54.464_-1.20748
87.1109_53.9949_-1.22815
87.1833_53.5034_-1.62084
87.0622_53.0216_-2.01354
86.8161_52.5869_-2.15822
86.5347_52.1736_-2.17889
86.2533_51.7603_-2.15822
85.9392_51.3722_-2.34424
85.5936_51.0108_-2.32357
85.248_50.6495_-2.34424
84.9024_50.2882_-2.32357
84.5569_49.9268_-2.34424
84.1701_49.6117_-2.57159
83.7464_49.3462_-2.59226
83.3227_49.0808_-2.57159
82.9045_48.8066_-2.55092
82.4864_48.5325_-2.57159
82.0929_48.2252_-2.38557
81.7256_47.886_-2.40624
81.3583_47.5467_-2.38557
80.991_47.2075_-2.40624
80.6237_46.8683_-2.38557
80.2077_46.5955_-2.73694
79.7501_46.3939_-2.71627
79.2926_46.1923_-2.73694
78.835_45.9908_-2.71627
78.3817_45.7798_-2.6956
77.9284_45.5688_-2.71627
77.4752_45.3578_-2.6956
77.0219_45.1468_-2.71627
76.5686_44.9358_-2.6956
76.1153_44.7248_-2.71627
75.662_44.5138_-2.6956
75.2087_44.3028_-2.71627
74.7554_44.0918_-2.6956
74.3021_43.8808_-2.71627
73.8489_43.6698_-2.6956
73.8489_43.6698_-3.0883
73.3675_43.547_-2.6956
72.9335_43.2995_-2.55092
72.5211_43.0168_-2.53025
72.1088_42.7341_-2.55092
71.6964_42.4513_-2.53025
71.2627_42.204_-2.71627
70.8094_41.993_-2.6956
70.3561_41.782_-2.71627
69.9028_41.571_-2.6956
69.4495_41.36_-2.71627
69.0055_41.1305_-2.61293
68.5712_40.8828_-2.6336
68.1369_40.6351_-2.61293
67.7026_40.3874_-2.6336
67.2683_40.1397_-2.61293
66.8198_39.9195_-2.75761
66.3582_39.7275_-2.73694
65.8966_39.5354_-2.75761
65.435_39.3433_-2.73694
64.9733_39.1512_-2.75761
64.5159_38.9496_-2.6956
64.0626_38.7386_-2.71627
63.6093_38.5276_-2.6956
63.156_38.3166_-2.71627
62.7027_38.1056_-2.6956
62.2452_37.9041_-2.75761
61.7797_37.7216_-2.77827
61.3142_37.5391_-2.75761
60.8487_37.3566_-2.77827
60.3833_37.1741_-2.75761
59.9216_36.982_-2.73694
59.5787_36.8475_-2.79894
