configuration 46.843963623_148.978851318_-0.536406748472_0.843959596304_156.577575684_33.1800613403_0.186652677497_0.98242596565
length 209.668
time 6.11389
roughness 0.00036581
46.844_148.979_-1.13235
47.1306_148.572_-0.780985
47.4821_148.217_-0.801653
47.8261_147.854_-0.822322
48.1701_147.491_-0.801653
48.5141_147.128_-0.822322
48.7747_146.705_-1.21502
48.9537_146.238_-1.19435
49.1327_145.772_-1.21502
49.3117_145.305_-1.19435
49.4906_144.838_-1.21502
49.6502_144.364_-1.27703
49.7999_143.887_-1.25636
49.9496_143.41_-1.27703
50.0993_142.933_-1.25636
50.249_142.456_-1.27703
50.4183_141.986_-1.17368
50.6164_141.527_-1.15302
50.824_141.072_-1.13235
51.0315_140.617_-1.15302
51.2297_140.158_-1.17368
51.4278_139.699_-1.15302
51.6259_139.24_-1.17368
51.8241_138.781_-1.15302
52.0222_138.321_-1.17368
52.2203_137.862_-1.15302
52.4279_137.408_-1.13235
52.6355_136.953_-1.15302
52.843_136.498_-1.13235
53.0506_136.043_-1.15302
53.2582_135.588_-1.13235
53.4658_135.133_-1.15302
53.6733_134.678_-1.13235
53.8809_134.223_-1.15302
54.0885_133.769_-1.13235
54.2961_133.314_-1.15302
54.475_132.847_-1.25636
54.6345_132.373_-1.23569
54.7941_131.899_-1.25636
54.9536_131.426_-1.23569
55.1132_130.952_-1.25636
55.3203_130.498_-1.02901
55.5737_130.067_-1.04967
55.8181_129.631_-1.07034
56.0625_129.194_-1.04967
56.307_128.758_-1.07034
56.5048_128.3_-1.25636
56.6545_127.823_-1.27703
56.8042_127.346_-1.25636
56.954_126.869_-1.27703
57.1037_126.392_-1.25636
57.2826_125.925_-1.15302
57.4807_125.466_-1.17368
57.6788_125.007_-1.15302
57.877_124.548_-1.17368
58.0751_124.089_-1.15302
58.328_123.659_-0.925664
58.6327_123.262_-0.904995
58.9375_122.866_-0.925664
59.2422_122.47_-0.904995
59.547_122.073_-0.925664
59.7625_121.626_-1.31836
59.8824_121.14_-1.33903
59.9922_120.652_-1.3597
60.102_120.165_-1.33903
60.2118_119.677_-1.3597
60.3806_119.208_-1.09101
60.6068_118.762_-1.11168
60.833_118.316_-1.09101
61.0592_117.87_-1.11168
61.2854_117.424_-1.09101
61.4737_116.962_-1.27703
61.6235_116.485_-1.25636
61.7732_116.008_-1.27703
61.9229_115.531_-1.25636
62.0726_115.054_-1.27703
62.2418_114.583_-1.17368
62.4304_114.12_-1.19435
62.6094_113.653_-1.21502
62.7884_113.187_-1.19435
62.9674_112.72_-1.21502
63.1464_112.253_-1.19435
63.3254_111.786_-1.21502
63.5044_111.319_-1.19435
63.6834_110.852_-1.21502
63.8624_110.385_-1.19435
63.992_109.904_-1.4217
64.0713_109.41_-1.40104
64.1507_108.916_-1.4217
64.2301_108.423_-1.40104
64.3095_107.929_-1.4217
64.4777_107.462_-1.02901
64.7973_107.08_-0.71898
65.1701_106.746_-0.739648
65.5429_106.413_-0.71898
65.9157_106.08_-0.739648
66.2103_105.68_-1.13235
66.3794_105.21_-1.31836
66.4992_104.725_-1.33903
66.6191_104.239_-1.31836
66.739_103.754_-1.33903
66.8688_103.271_-1.27703
67.0186_102.794_-1.25636
67.1683_102.317_-1.27703
67.318_101.84_-1.25636
67.4677_101.363_-1.27703
67.7016_100.925_-0.884327
68.0379_100.555_-0.780985
68.3966_100.207_-0.760317
68.7553_99.8585_-0.780985
69.114_99.5102_-0.760317
69.114_99.5102_-1.15302
69.2231_99.0256_-1.54571
69.1385_98.536_-1.93841
68.8729_98.1162_-2.33111
68.4669_97.8299_-2.72381
68.4669_97.8299_-2.33111
68.2013_97.41_-1.93841
68.1167_96.9205_-1.54571
68.2258_96.4359_-1.15302
68.5121_96.0298_-0.760317
68.9216_95.7465_-0.450291
69.3695_95.5242_-0.470959
69.8173_95.302_-0.450291
70.2652_95.0797_-0.470959
70.7131_94.8575_-0.450291
71.1096_94.5582_-0.84299
71.3614_94.1299_-1.23569
71.4301_93.6379_-1.62839
71.3053_93.157_-2.02109
71.0059_92.7605_-2.41379
71.0059_92.7605_-2.02109
70.8811_92.2796_-1.62839
70.9499_91.7876_-1.23569
71.2016_91.3594_-0.84299
71.5981_91.06_-0.450291
72.079_90.9352_-0.057592
72.571_91.0039_0.335107
73.0449_91.1635_0.314439
73.5187_91.323_0.335107
73.9926_91.4826_0.314439
74.4664_91.6421_0.335107
74.9369_91.8114_0.355775
75.4073_91.9807_0.335107
75.8778_92.15_0.355775
76.3482_92.3193_0.335107
76.8402_92.388_-0.057592
77.337_92.3335_-0.160934
77.8314_92.2585_-0.140266
78.3257_92.1835_-0.160934
78.82_92.1085_-0.140266
79.3058_91.9931_-0.326281
79.7777_91.8279_-0.346949
80.2497_91.6628_-0.326281
80.7216_91.4977_-0.346949
81.1935_91.3325_-0.326281
81.6861_91.2681_0.0664182
82.1659_91.3972_0.459117
82.5597_91.7_0.851816
82.8929_92.0728_0.831148
83.2261_92.4456_0.851816
83.6199_92.7484_0.459117
84.0788_92.9465_0.355775
84.5456_93.1255_0.376444
85.0087_93.3141_0.397112
85.4717_93.5027_0.376444
85.9264_93.7101_0.479786
86.3675_93.9455_0.500454
86.8087_94.1809_0.479786
87.2498_94.4162_0.500454
87.6909_94.6516_0.479786
88.127_94.896_0.541791
88.5581_95.1494_0.521122
88.9891_95.4028_0.541791
89.4201_95.6562_0.521122
89.8511_95.9095_0.541791
90.2186_96.2438_0.93449
90.4492_96.6853_1.24452
90.6143_97.1572_1.22385
90.7795_97.6291_1.24452
90.9446_98.1011_1.22385
91.1929_98.5321_0.872485
91.5183_98.9117_0.851816
91.8515_99.2845_0.831148
92.1846_99.6573_0.851816
92.4854_100.023_0.913821
92.8597_100.35_0.521122
93.3305_100.508_0.128423
93.8262_100.475_-0.264276
94.3074_100.339_-0.284944
94.7858_100.194_-0.305613
95.2796_100.139_0.0870866
95.7659_100.249_0.355775
96.2364_100.418_0.335107
96.7102_100.578_0.314439
97.1841_100.737_0.335107
97.6469_100.926_0.438449
98.1018_101.133_0.417781
98.5567_101.341_0.438449
99.0115_101.548_0.417781
99.4664_101.756_0.438449
99.9487_101.875_0.0457498
100.44_101.801_-0.346949
100.865_101.544_-0.739648
101.224_101.196_-0.801653
101.575_100.84_-0.780985
101.99_100.566_-0.388286
102.477_100.471_0.00441308
102.964_100.57_0.397112
103.376_100.848_0.789811
103.668_101.251_1.09984
103.668_101.251_0.707138
104.101_101.494_0.314439
104.594_101.553_-0.0782604
105.073_101.418_-0.470959
105.463_101.111_-0.863659
105.463_101.111_-0.470959
105.941_100.976_-0.0782604
106.434_101.034_0.314439
106.868_101.277_0.707138
107.175_101.668_1.09984
107.175_101.668_0.707138
107.175_101.668_0.314439
107.668_101.726_-0.0782604
108.147_101.591_-0.470959
108.537_101.284_-0.863659
108.789_100.855_-1.21502
108.968_100.388_-1.19435
109.157_99.9252_-1.17368
109.345_99.4622_-1.19435
109.534_98.9991_-1.17368
109.732_98.54_-1.15302
109.939_98.0852_-1.13235
110.147_97.6303_-1.15302
110.355_97.1754_-1.13235
110.562_96.7206_-1.15302
110.76_96.2615_-1.17368
110.958_95.8025_-1.15302
111.157_95.3434_-1.17368
111.355_94.8843_-1.15302
111.553_94.4253_-1.17368
111.797_93.99_-0.946332
112.085_93.5814_-0.967
112.373_93.1728_-0.946332
112.661_92.7641_-0.967
112.949_92.3555_-0.946332
113.193_91.9203_-1.17368
113.391_91.4612_-1.15302
113.589_91.0022_-1.17368
113.787_90.5431_-1.15302
113.986_90.084_-1.17368
114.165_89.6172_-1.23569
114.334_89.1468_-1.21502
114.513_88.6799_-1.19435
114.692_88.2131_-1.21502
114.871_87.7462_-1.19435
115.059_87.2832_-1.17368
115.258_86.8241_-1.15302
115.456_86.3651_-1.17368
115.644_85.902_-1.19435
115.833_85.4389_-1.17368
116.04_84.9841_-1.11168
116.257_84.5337_-1.13235
116.474_84.0832_-1.11168
116.691_83.6327_-1.13235
116.908_83.1822_-1.11168
117.057_82.7071_-1.4217
117.137_82.2134_-1.40104
117.216_81.7198_-1.4217
117.295_81.2261_-1.40104
117.375_80.7325_-1.4217
117.504_80.2507_-1.19435
117.683_79.7838_-1.21502
117.853_79.3134_-1.23569
118.022_78.8429_-1.21502
118.191_78.3724_-1.23569
118.38_77.9096_-1.13235
118.587_77.4547_-1.15302
118.795_76.9999_-1.13235
119.003_76.545_-1.15302
119.21_76.0901_-1.13235
119.489_75.6773_-0.822322
119.825_75.3074_-0.84299
120.154_74.9307_-0.863659
120.483_74.554_-0.84299
120.811_74.1772_-0.863659
121.116_73.781_-0.967
121.404_73.3724_-0.946332
121.692_72.9638_-0.967
121.98_72.5551_-0.946332
122.268_72.1465_-0.967
122.512_71.711_-1.15302
122.711_71.2519_-1.17368
122.909_70.7928_-1.15302
123.116_70.338_-1.13235
123.324_69.8831_-1.15302
123.585_69.4587_-0.884327
123.898_69.0687_-0.904995
124.203_68.6723_-0.925664
124.508_68.2759_-0.904995
124.812_67.8796_-0.925664
125.101_67.471_-0.987669
125.372_67.0508_-1.00834
125.643_66.6306_-0.987669
125.914_66.2104_-1.00834
126.185_65.7902_-0.987669
126.481_65.3878_-0.884327
126.794_64.9978_-0.904995
127.107_64.6078_-0.884327
127.42_64.2178_-0.904995
127.732_63.8279_-0.884327
127.966_63.3895_-1.27703
128.116_62.9125_-1.25636
128.266_62.4354_-1.27703
128.415_61.9584_-1.25636
128.565_61.4814_-1.27703
128.715_61.0043_-1.25636
128.865_60.5273_-1.27703
129.014_60.0502_-1.25636
129.164_59.5732_-1.27703
129.314_59.0961_-1.25636
129.434_58.6111_-1.40104
129.523_58.1192_-1.38037
129.613_57.6273_-1.40104
129.702_57.1354_-1.38037
129.802_56.6454_-1.3597
129.932_56.1628_-1.25636
130.091_55.689_-1.23569
130.251_55.2151_-1.25636
130.41_54.7413_-1.23569
130.57_54.2674_-1.25636
130.795_53.8233_-0.946332
131.083_53.4147_-0.967
131.363_53.0002_-0.987669
131.643_52.5857_-0.967
131.922_52.1712_-0.987669
132.119_51.7145_-1.33903
132.239_51.229_-1.31836
132.359_50.7436_-1.33903
132.479_50.2582_-1.31836
132.599_49.7728_-1.33903
132.709_49.285_-1.3597
132.818_48.7972_-1.33903
132.928_48.3095_-1.3597
133.038_47.8217_-1.33903
133.158_47.3363_-1.31836
133.373_46.8887_-0.925664
133.744_46.5576_-0.532965
134.177_46.3081_-0.512296
134.61_46.0585_-0.532965
135.044_45.8089_-0.512296
135.421_45.4856_-0.904995
135.645_45.0425_-1.29769
135.684_44.5472_-1.69039
135.558_44.0647_-1.95908
135.374_43.6_-1.93841
135.289_43.1105_-1.54571
135.398_42.6258_-1.15302
135.685_42.2198_-0.760317
136.089_41.9277_-0.491628
136.527_41.6872_-0.512296
136.904_41.3638_-0.904995
137.129_40.9208_-1.29769
137.167_40.4255_-1.69039
137.092_39.9312_-1.7524
136.996_39.4404_-1.77307
136.994_38.9436_-1.38037
137.181_38.4835_-0.987669
137.53_38.1301_-0.59497
137.947_37.8542_-0.574301
138.37_37.5869_-0.553633
138.37_37.5869_-0.946332
138.37_37.5869_-1.33903
138.387_37.0905_-1.73173
138.213_36.625_-2.12443
137.875_36.2615_-2.51713
137.536_35.898_-2.12443
137.362_35.4326_-1.73173
137.318_34.935_-1.58705
137.315_34.435_-1.56638
137.323_33.9351_-1.54571
137.432_33.4504_-1.15302
137.685_33.0203_-0.925664
137.989_32.6239_-0.904995
138.294_32.2276_-0.925664
138.599_31.8312_-0.904995
138.824_31.3881_-1.29769
138.944_30.9028_-1.3597
139.053_30.415_-1.33903
139.163_29.9272_-1.3597
139.273_29.4394_-1.33903
139.47_28.9827_-0.987669
139.758_28.5742_-0.925664
140.055_28.1716_-0.946332
140.343_27.7629_-0.967
140.699_27.4169_-0.574301
141.161_27.2336_-0.181602
141.658_27.2409_0.211097
142.143_27.3607_0.273102
142.609_27.5395_0.459117
143.055_27.7657_0.479786
143.501_27.9919_0.459117
143.947_28.2181_0.479786
144.393_28.4442_0.459117
144.852_28.6423_0.355775
145.319_28.8213_0.376444
145.785_29.0003_0.355775
146.252_29.1793_0.376444
146.719_29.3582_0.355775
147.196_29.5079_0.252434
147.679_29.6378_0.273102
148.162_29.7677_0.252434
148.644_29.8975_0.273102
149.127_30.0274_0.252434
149.601_30.1868_0.397112
150.06_30.3849_0.417781
150.519_30.5831_0.397112
150.978_30.7812_0.417781
151.437_30.9793_0.397112
151.896_31.1775_0.417781
152.355_31.3756_0.397112
152.814_31.5737_0.417781
153.273_31.7718_0.397112
153.732_31.97_0.417781
154.208_32.1194_0.190428
154.698_32.2191_0.211097
155.188_32.3188_0.190428
155.648_32.5062_0.583128
156.057_32.7943_0.645133
156.459_33.0908_0.624464
