configuration -11.6824054718_1.45032453537_1.45032453537_1.45032453537_24.2991828918_-14.4915781021_0.382683601539_0.382683601539
length 46.415
time 19.884
roughness 0.00102006
-11.6824_1.45032_2.22212
-11.9105_1.87522_1.73752
-11.9144_2.35744_1.25292
-11.6932_2.78595_0.768326
-11.2978_3.06208_0.283728
-10.8148_3.1895_0.206246
-10.3246_3.28766_0.180412
-9.83353_3.3816_0.206246
-9.34331_3.47977_0.180412
-8.85227_3.57371_0.206246
-8.36205_3.67187_0.180412
-7.87101_3.76581_0.206246
-7.38079_3.86398_0.180412
-6.8882_3.94945_0.154577
-6.40941_4.07086_0.437545
-5.9722_4.30834_0.618078
-5.56725_4.60154_0.643913
-5.16485_4.89822_0.618078
-4.75491_5.18441_0.592244
-4.34253_5.46705_0.618078
-3.94301_5.76694_0.69556
-3.52862_6.01359_0.210962
-3.04704_6.0388_-0.273636
-2.58606_5.86138_-0.556604
-2.16386_5.5936_-0.582439
-1.74399_5.32221_-0.556604
-1.3218_5.05443_-0.582439
-0.901924_4.78304_-0.556604
-0.47973_4.51526_-0.582439
-0.0598575_4.24387_-0.556604
0.362337_3.9761_-0.582439
0.782209_3.7047_-0.556604
1.2044_3.43693_-0.582439
1.62428_3.16553_-0.556604
2.04647_2.89776_-0.582439
2.46634_2.62636_-0.556604
2.88854_2.35859_-0.582439
3.30841_2.08719_-0.556604
3.7306_1.81942_-0.582439
4.15047_1.54802_-0.556604
4.57267_1.28025_-0.582439
4.99254_1.00885_-0.556604
5.41473_0.741076_-0.582439
5.82987_0.462488_-0.608273
6.24259_0.180334_-0.582439
6.66246_-0.0910636_-0.556604
7.08466_-0.358835_-0.582439
7.49979_-0.637424_-0.608273
7.91252_-0.919577_-0.582439
8.33239_-1.19098_-0.556604
8.75458_-1.45875_-0.582439
9.16972_-1.73734_-0.608273
9.58244_-2.01949_-0.582439
10.0104_-2.27568_-0.453376
10.4322_-2.53266_-0.736345
10.7997_-2.8716_-0.762179
11.1584_-3.21991_-0.788014
11.514_-3.5713_-0.762179
11.8726_-3.91962_-0.788014
12.2283_-4.27101_-0.762179
12.5869_-4.61933_-0.788014
12.9425_-4.97072_-0.762179
13.3012_-5.31903_-0.788014
13.6568_-5.67043_-0.762179
14.0155_-6.01874_-0.788014
14.3711_-6.37013_-0.762179
14.7297_-6.71845_-0.788014
15.0854_-7.06984_-0.762179
15.444_-7.41816_-0.788014
15.7996_-7.76955_-0.762179
16.1583_-8.11787_-0.788014
16.5139_-8.46926_-0.762179
16.8726_-8.81757_-0.788014
17.2282_-9.16897_-0.762179
17.5868_-9.51728_-0.788014
17.9425_-9.86867_-0.762179
18.3011_-10.217_-0.788014
18.6567_-10.5684_-0.762179
19.0154_-10.9167_-0.788014
19.371_-11.2681_-0.762179
19.7297_-11.6164_-0.788014
20.0792_-11.9739_-0.813848
20.4256_-12.3343_-0.788014
20.7812_-12.6857_-0.762179
21.1399_-13.034_-0.788014
21.4894_-13.3915_-0.813848
21.8359_-13.752_-0.788014
22.1789_-14.1151_-0.865495
22.5456_-14.4283_-0.380897
23.0193_-14.5596_-0.0470519
23.5187_-14.5703_0.0304296
24.0089_-14.5091_0.313398
