configuration -1.36608982086_8.91640663147_-0.333444235273_0.942769824487_9.04581165314_-18.3528499603_-0.788205594687_0.615412008742
length 33.8492
time 5.89688
roughness 0.000403223
-1.36609_8.91641_-0.679909
-0.985864_8.59241_-0.757391
-0.625557_8.24581_-0.783225
-0.268247_7.89613_-0.757391
0.0920607_7.54953_-0.783225
0.44937_7.19985_-0.757391
0.809678_6.85325_-0.783225
1.16699_6.50357_-0.757391
1.5273_6.15697_-0.783225
1.8846_5.80729_-0.757391
2.24491_5.46069_-0.783225
2.60222_5.11101_-0.757391
2.96253_4.76442_-0.783225
3.31984_4.41473_-0.757391
3.68015_4.06814_-0.783225
4.03746_3.71845_-0.757391
4.39776_3.37186_-0.783225
4.75507_3.02217_-0.757391
5.11538_2.67558_-0.783225
5.47269_2.32589_-0.757391
5.833_1.9793_-0.783225
6.19031_1.62961_-0.757391
6.55062_1.28302_-0.783225
6.90793_0.933333_-0.757391
7.26823_0.586738_-0.783225
7.62554_0.237053_-0.757391
7.98585_-0.109542_-0.783225
8.34316_-0.459227_-0.757391
8.70347_-0.805821_-0.783225
9.06078_-1.15551_-0.757391
9.427_-1.49584_-0.731556
9.79614_-1.83302_-0.757391
10.1564_-2.17961_-0.783225
10.5138_-2.5293_-0.757391
10.8393_-2.90077_-1.04036
11.0885_-3.33418_-1.06619
11.334_-3.76972_-1.04036
11.5832_-4.20313_-1.06619
11.8287_-4.63867_-1.04036
12.0779_-5.07208_-1.06619
12.3158_-5.51179_-1.09203
12.5499_-5.95353_-1.06619
12.8027_-6.38443_-0.988712
12.9949_-6.69775_-1.08381
13.1061_-6.95773_-1.33548
13.1431_-7.43856_-1.82008
12.9994_-7.91615_-1.94914
12.8187_-8.38232_-1.92331
12.6421_-8.85002_-1.94914
12.4614_-9.31618_-1.92331
12.2848_-9.78389_-1.94914
12.1041_-10.2501_-1.92331
11.9275_-10.7178_-1.94914
11.7468_-11.1839_-1.92331
11.5701_-11.6516_-1.94914
11.3895_-12.1178_-1.92331
11.2128_-12.5855_-1.94914
11.0322_-13.0517_-1.92331
10.8555_-13.5194_-1.94914
10.6749_-13.9855_-1.92331
10.4982_-14.4532_-1.94914
10.3176_-14.9194_-1.92331
10.1409_-15.3871_-1.94914
9.96024_-15.8533_-1.92331
9.79168_-16.3239_-1.89747
9.62718_-16.796_-1.92331
9.45053_-17.2638_-1.94914
9.26987_-17.7299_-1.92331
9.10956_-18.203_-1.84582
