configuration -0.154660820961_0.194828033447_-0.382683650256_0.923879442258_17.3081588745_3.5618417263_0.0_1.0
length 26.1402
time 5.79866
roughness 0.00196827
-0.154661_0.194828_-0.785399
0.189336_-0.167405_-0.86288
0.517688_-0.544413_-0.837046
0.849274_-0.918578_-0.86288
1.17763_-1.29559_-0.837046
1.50921_-1.66975_-0.86288
1.83756_-2.04676_-0.837046
2.16915_-2.42092_-0.86288
2.4975_-2.79793_-0.837046
2.82909_-3.1721_-0.86288
3.184_-3.51564_-0.579912
3.44908_-3.68722_-0.563596
3.89232_-3.8772_-0.0789976
4.38622_-3.86991_0.203971
4.85843_-3.72501_0.486939
5.28877_-3.47292_0.616001
5.68309_-3.16753_0.745063
5.98145_-2.78867_1.22966
6.14465_-2.31611_1.2555
6.29558_-1.83948_1.28133
6.44241_-1.36158_1.2555
6.59335_-0.884961_1.28133
6.74017_-0.407057_1.2555
6.89111_0.0695638_1.28133
7.03793_0.547467_1.2555
7.18887_1.02409_1.28133
7.3357_1.50199_1.2555
7.49482_1.97594_1.22966
7.65802_2.44851_1.2555
7.80062_2.92727_1.33298
7.9308_3.40955_1.2555
8.0558_3.75526_1.1604
8.28806_4.19346_0.928548
8.59751_4.58561_0.851066
8.86349_4.87685_0.789897
9.22417_5.22247_0.712415
9.61053_5.53914_0.634933
10.0391_5.76023_0.150335
10.5248_5.76387_-0.284367
11.0034_5.61948_-0.310202
11.4782_5.46278_-0.336037
11.9516_5.30199_-0.310202
12.4263_5.14529_-0.336037
12.8997_4.9845_-0.310202
13.3745_4.8278_-0.336037
13.8479_4.66701_-0.310202
14.3253_4.5185_-0.284367
14.8039_4.37412_-0.310202
15.2787_4.21741_-0.336037
15.7521_4.05662_-0.310202
16.2294_3.90812_-0.284367
16.7081_3.76373_-0.310202
17.1906_3.64911_-0.0783525
