configuration -26.5221767426_12.7890510559_0.0_1.0_-6.20937108994_31.1862716675_0.294171904018_0.955752525964
length 36.2465
time 2.74349
roughness 0.0010344
-26.5222_12.7891_-0
-26.0255_12.8189_0.180533
-25.533_12.9044_0.154698
-25.0397_12.9857_0.180533
-24.5471_13.0712_0.154698
-24.0538_13.1525_0.180533
-23.5612_13.2381_0.154698
-23.0679_13.3193_0.180533
-22.5753_13.4049_0.154698
-22.082_13.4862_0.180533
-21.5894_13.5717_0.154698
-21.0962_13.653_0.180533
-20.6036_13.7385_0.154698
-20.1103_13.8198_0.180533
-19.6177_13.9053_0.154698
-19.1244_13.9866_0.180533
-18.6318_14.0721_0.154698
-18.1385_14.1534_0.180533
-17.6459_14.2389_0.154698
-17.1526_14.3202_0.180533
-16.6616_14.4142_0.206368
-16.1714_14.5124_0.180533
-15.6788_14.598_0.154698
-15.1855_14.6793_0.180533
-14.6945_14.7733_0.206368
-14.2043_14.8715_0.180533
-13.7117_14.957_0.154698
-13.2184_15.0383_0.180533
-12.7295_15.1407_0.258015
-12.3712_15.2232_0.162916
-11.9137_15.3756_0.647514
-11.5799_15.7236_1.13211
-11.4466_16.187_1.61671
-11.5074_16.6792_1.84856
-11.6486_17.1588_1.87439
-11.8022_17.6346_1.90023
-11.9598_18.109_1.87439
-12.1134_18.5848_1.90023
-12.271_19.0593_1.87439
-12.4246_19.535_1.90023
-12.5823_20.0095_1.87439
-12.7358_20.4853_1.90023
-12.8935_20.9597_1.87439
-13.0471_21.4355_1.90023
-13.2047_21.9099_1.87439
-13.3583_22.3857_1.90023
-13.5159_22.8601_1.87439
-13.6613_23.3385_1.84856
-13.8025_23.8181_1.87439
-13.9561_24.2939_1.90023
-14.1137_24.7683_1.87439
-14.2101_25.0963_1.82138
-14.2407_25.2469_1.66835
-14.226_25.654_1.26027
-14.0386_26.1131_1.02842
-13.7769_26.5391_1.00258
-13.5042_26.9581_0.976748
-13.2354_27.3792_1.05423
-13.0294_27.7149_0.952338
-12.6912_28.0587_0.46774
-12.243_28.2802_0.441906
-11.793_28.4979_0.46774
-11.3448_28.7195_0.441906
-10.8947_28.9372_0.46774
-10.4466_29.1587_0.441906
-9.99649_29.3764_0.46774
-9.54832_29.598_0.441906
-9.09825_29.8157_0.46774
-8.65008_30.0373_0.441906
-8.19633_30.2472_0.416071
-7.74079_30.4532_0.441906
-7.29073_30.6708_0.46774
-6.84255_30.8924_0.441906
-6.4013_31.1249_0.570968
