configuration -11.6824054718_1.45032453537_1.45032453537_1.45032453537_24.2991828918_-14.4915781021_0.382683601539_0.382683601539
length 46.4259
time 19.4928
roughness 0.000973692
-11.6824_1.45032_2.22212
-11.9105_1.87522_1.73752
-11.9144_2.35744_1.25292
-11.6932_2.78595_0.768326
-11.2978_3.06208_0.283728
-10.8148_3.1895_0.206246
-10.3246_3.28766_0.180412
-9.83353_3.3816_0.206246
-9.34331_3.47977_0.180412
-8.85227_3.57371_0.206246
-8.36205_3.67187_0.180412
-7.87101_3.76581_0.206246
-7.38079_3.86398_0.180412
-6.8882_3.94945_0.154577
-6.41378_4.07817_0.488422
-5.97884_4.32388_0.565904
-5.55915_4.59557_0.591738
-5.14663_4.878_0.617573
-4.75279_5.18401_0.746635
-4.43786_5.46296_0.681388
-4.03332_5.75259_0.500855
-3.80193_5.87789_0.487258
-3.3455_6.03352_0.00265967
-2.97803_6.02286_-0.0924389
-2.51092_5.90304_-0.577037
-2.08958_5.63391_-0.551202
-1.66595_5.36843_-0.577037
-1.24931_5.09208_-0.602871
-0.835074_4.81216_-0.577037
-0.418439_4.53582_-0.602871
-0.00419913_4.2559_-0.577037
0.412436_3.97956_-0.602871
0.826676_3.69964_-0.577037
1.24331_3.4233_-0.602871
1.65755_3.14338_-0.577037
2.07419_2.86704_-0.602871
2.48842_2.58712_-0.577037
2.90506_2.31077_-0.602871
3.3193_2.03086_-0.577037
3.73593_1.75451_-0.602871
4.15017_1.47459_-0.577037
4.56681_1.19825_-0.602871
4.98105_0.918332_-0.577037
5.39768_0.64199_-0.602871
5.81192_0.36207_-0.577037
6.22856_0.0857282_-0.602871
6.6428_-0.194192_-0.577037
7.05943_-0.470533_-0.602871
7.47367_-0.750453_-0.577037
7.89501_-1.01958_-0.551202
8.31864_-1.28507_-0.577037
8.73527_-1.56141_-0.602871
9.14951_-1.84133_-0.577037
9.57085_-2.11045_-0.551202
9.97211_-2.4019_-0.783052
10.3295_-2.75153_-0.757217
10.6898_-3.09806_-0.783052
11.0472_-3.44768_-0.757217
11.4076_-3.79421_-0.783052
11.765_-4.14384_-0.757217
12.1253_-4.49037_-0.783052
12.4827_-4.83999_-0.757217
12.8431_-5.18652_-0.783052
13.2004_-5.53615_-0.757217
13.5608_-5.88268_-0.783052
13.9182_-6.2323_-0.757217
14.2785_-6.57883_-0.783052
14.6359_-6.92846_-0.757217
14.9963_-7.27499_-0.783052
15.3536_-7.62461_-0.757217
15.714_-7.97115_-0.783052
16.0714_-8.32077_-0.757217
16.4317_-8.6673_-0.783052
16.7891_-9.01692_-0.757217
17.1495_-9.36346_-0.783052
17.5069_-9.71308_-0.757217
17.8672_-10.0596_-0.783052
18.2246_-10.4092_-0.757217
18.585_-10.7558_-0.783052
18.9423_-11.1054_-0.757217
19.3027_-11.4519_-0.783052
19.6601_-11.8015_-0.757217
20.0264_-12.1418_-0.731383
20.3956_-12.4789_-0.757217
20.7559_-12.8255_-0.783052
21.1133_-13.1751_-0.757217
21.4796_-13.5154_-0.731383
21.8488_-13.8525_-0.757217
22.2091_-14.199_-0.783052
22.6004_-14.4809_-0.298454
23.084_-14.5813_-0.0154858
23.5835_-14.5762_0.0619958
24.0715_-14.4995_0.344964
