configuration -11.6824054718_1.45032453537_1.45032453537_1.45032453537_24.2991828918_-14.4915781021_0.382683601539_0.382683601539
length 46.4045
time 30.0686
roughness 0.00100977
-11.6824_1.45032_2.22212
-11.9105_1.87522_1.73752
-11.9144_2.35744_1.25292
-11.6932_2.78595_0.768326
-11.2978_3.06208_0.283728
-10.8148_3.1895_0.206246
-10.3246_3.28766_0.180412
-9.83353_3.3816_0.206246
-9.34331_3.47977_0.180412
-8.85227_3.57371_0.206246
-8.36205_3.67187_0.180412
-7.87101_3.76581_0.206246
-7.38079_3.86398_0.180412
-6.88975_3.95792_0.206246
-6.4226_4.11097_0.540091
-6.00094_4.37882_0.617573
-5.59086_4.6648_0.591738
-5.17833_4.94723_0.617573
-4.76825_5.23321_0.591738
-4.35572_5.51565_0.617573
-3.95063_5.80865_0.643408
-3.52394_6.03337_0.15881
-3.0417_6.03344_-0.325788
-2.58545_5.83905_-0.557638
-2.16353_5.57084_-0.583472
-1.74394_5.29901_-0.557638
-1.32203_5.0308_-0.583472
-0.902434_4.75897_-0.557638
-0.480517_4.49076_-0.583472
-0.0656688_4.21174_-0.609307
0.346761_3.92916_-0.583472
0.766352_3.65733_-0.557638
1.18827_3.38912_-0.583472
1.60312_3.1101_-0.609307
2.01555_2.82752_-0.583472
2.43514_2.55569_-0.557638
2.85706_2.28748_-0.583472
3.2719_2.00847_-0.609307
3.68433_1.72589_-0.583472
4.10392_1.45406_-0.557638
4.52584_1.18585_-0.583472
4.94069_0.90683_-0.609307
5.35312_0.62425_-0.583472
5.77271_0.352419_-0.557638
6.19463_0.0842106_-0.583472
6.60948_-0.194807_-0.609307
7.02191_-0.477387_-0.583472
7.4415_-0.749218_-0.557638
7.86341_-1.01743_-0.583472
8.27826_-1.29644_-0.609307
8.69069_-1.57902_-0.583472
9.11028_-1.85086_-0.557638
9.5322_-2.11906_-0.583472
9.94705_-2.39808_-0.609307
10.3492_-2.69445_-0.686789
10.7272_-3.02106_-0.76427
11.0851_-3.37012_-0.790105
11.44_-3.72226_-0.76427
11.7979_-4.07132_-0.790105
12.1528_-4.42346_-0.76427
12.5107_-4.77252_-0.790105
12.8656_-5.12466_-0.76427
13.2235_-5.47372_-0.790105
13.5784_-5.82586_-0.76427
13.9363_-6.17492_-0.790105
14.2912_-6.52706_-0.76427
14.6491_-6.87612_-0.790105
15.004_-7.22826_-0.76427
15.3619_-7.57732_-0.790105
15.7168_-7.92946_-0.76427
16.0807_-8.27231_-0.738436
16.4475_-8.61201_-0.76427
16.8054_-8.96107_-0.790105
17.1603_-9.31321_-0.76427
17.5242_-9.65606_-0.738436
17.891_-9.99576_-0.76427
18.2489_-10.3448_-0.790105
18.6038_-10.697_-0.76427
18.9677_-11.0398_-0.738436
19.3345_-11.3795_-0.76427
19.6924_-11.7286_-0.790105
20.0473_-12.0807_-0.76427
20.4112_-12.4236_-0.738436
20.778_-12.7633_-0.76427
21.1359_-13.1123_-0.790105
21.4908_-13.4645_-0.76427
21.8547_-13.8073_-0.738436
22.2019_-14.1637_-0.918969
22.5513_-14.496_-0.434371
23.0165_-14.6356_0.000332361
23.5148_-14.614_0.129395
24.0002_-14.5124_0.361244
