configuration -26.5221767426_12.7890510559_0.0_1.0_-6.20937108994_31.1862716675_0.294171904018_0.955752525964
length 35.1406
time 4.8125
roughness 0.000890281
-26.5222_12.7891_-0
-26.0239_12.8105_0.129062
-25.5287_12.8791_0.154897
-25.0341_12.952_0.129062
-24.5388_13.0206_0.154897
-24.0442_13.0934_0.129062
-23.549_13.1621_0.154897
-23.0544_13.2349_0.129062
-22.5592_13.3036_0.154897
-22.0646_13.3764_0.129062
-21.5694_13.445_0.154897
-21.0748_13.5179_0.129062
-20.5795_13.5865_0.154897
-20.0849_13.6594_0.129062
-19.5897_13.728_0.154897
-19.0951_13.8009_0.129062
-18.5999_13.8695_0.154897
-18.1053_13.9424_0.129062
-17.61_14.011_0.154897
-17.1154_14.0839_0.129062
-16.6202_14.1525_0.154897
-16.1269_14.2339_0.180731
-15.6344_14.3195_0.154897
-15.1398_14.3924_0.129062
-14.6445_14.461_0.154897
-14.1531_14.5508_0.232379
-13.7152_14.6368_0.116902
-13.2511_14.768_0.6015
-12.9017_15.1003_1.0861
-12.7472_15.5571_1.5707
-12.7686_16.0554_1.69976
-12.8371_16.5506_1.72559
-12.9185_17.0439_1.75143
-13.004_17.5365_1.72559
-13.0854_18.0298_1.75143
-13.171_18.5223_1.72559
-13.2523_19.0156_1.75143
-13.3379_19.5082_1.72559
-13.4107_20.0028_1.69976
-13.4792_20.498_1.72559
-13.5606_20.9913_1.75143
-13.6462_21.4839_1.72559
-13.719_21.9785_1.69976
-13.7875_22.4737_1.72559
-13.8689_22.967_1.75143
-13.9545_23.4596_1.72559
-14.0273_23.9542_1.69976
-14.0958_24.4494_1.72559
-14.1601_24.9448_1.64811
-14.1772_25.4433_1.51905
-14.1308_25.7462_1.21299
-13.9362_26.2054_1.08392
-13.6985_26.6453_1.05809
-13.4495_27.0788_1.03226
-13.1692_27.4898_0.851722
-12.8066_27.8218_0.517877
-12.3701_28.0655_0.492042
-11.9275_28.2979_0.466208
-11.4828_28.5265_0.492042
-11.0402_28.7589_0.466208
-10.5916_28.9797_0.440373
-10.1412_29.1967_0.466208
-9.6966_29.4253_0.492042
-9.25394_29.6577_0.466208
-8.80543_29.8786_0.440373
-8.35503_30.0956_0.466208
-7.91038_30.3241_0.492042
-7.46773_30.5565_0.466208
-7.01921_30.7774_0.440373
-6.5776_31.0092_0.569436
-6.21585_31.2227_0.460751
