configuration -11.6824054718_1.45032453537_1.45032453537_1.45032453537_24.2991828918_-14.4915781021_0.382683601539_0.382683601539
length 46.6131
time 22.8567
roughness 0.000998062
-11.6824_1.45032_2.22212
-11.9105_1.87522_1.73752
-11.9144_2.35744_1.25292
-11.6932_2.78595_0.768326
-11.2978_3.06208_0.283728
-10.8148_3.1895_0.206246
-10.3246_3.28766_0.180412
-9.83353_3.3816_0.206246
-9.34331_3.47977_0.180412
-8.85227_3.57371_0.206246
-8.36205_3.67187_0.180412
-7.87101_3.76581_0.206246
-7.38079_3.86398_0.180412
-6.8882_3.94945_0.154577
-6.41378_4.07817_0.488422
-5.97884_4.32388_0.565904
-5.55915_4.59557_0.591738
-5.14663_4.878_0.617573
-4.75279_5.18401_0.746635
-4.43434_5.45797_0.637951
-4.0255_5.74502_0.56047
-3.58897_5.98374_0.379937
-3.11849_6.08958_-0.104661
-2.64758_5.97059_-0.539364
-2.22083_5.71013_-0.565199
-1.80095_5.43874_-0.591033
-1.38343_5.16375_-0.565199
-0.963552_4.89236_-0.591033
-0.546028_4.61736_-0.565199
-0.126151_4.34597_-0.591033
0.291373_4.07097_-0.565199
0.711251_3.79958_-0.591033
1.12877_3.52459_-0.565199
1.54865_3.2532_-0.591033
1.96618_2.9782_-0.565199
2.38605_2.70681_-0.591033
2.80358_2.43181_-0.565199
3.22345_2.16042_-0.591033
3.64098_1.88543_-0.565199
4.06086_1.61404_-0.591033
4.47838_1.33904_-0.565199
4.89826_1.06765_-0.591033
5.31578_0.792652_-0.565199
5.73566_0.521262_-0.591033
6.14839_0.239116_-0.616868
6.55867_-0.0465744_-0.591033
6.97619_-0.321571_-0.565199
7.39607_-0.592961_-0.591033
7.80879_-0.875107_-0.616868
8.21908_-1.1608_-0.591033
8.6366_-1.43579_-0.565199
9.05648_-1.70718_-0.591033
9.4692_-1.98933_-0.616868
9.88804_-2.2601_-0.487805
10.2326_-2.45202_-0.548975
10.6345_-2.74258_-0.780825
10.9927_-3.09141_-0.75499
11.3538_-3.43713_-0.780825
11.712_-3.78596_-0.75499
12.0731_-4.13169_-0.780825
12.4252_-4.48663_-0.806659
12.7742_-4.84459_-0.780825
13.1324_-5.19342_-0.75499
13.4935_-5.53915_-0.780825
13.8456_-5.89409_-0.806659
14.1946_-6.25205_-0.780825
14.5527_-6.60088_-0.75499
14.9139_-6.94661_-0.780825
15.266_-7.30155_-0.806659
15.615_-7.65951_-0.780825
15.9731_-8.00834_-0.75499
16.3343_-8.35406_-0.780825
16.6864_-8.70901_-0.806659
17.0354_-9.06697_-0.780825
17.3935_-9.41579_-0.75499
17.7547_-9.76152_-0.780825
18.1068_-10.1165_-0.806659
18.4558_-10.4744_-0.780825
18.8139_-10.8233_-0.75499
19.1751_-11.169_-0.780825
19.5271_-11.5239_-0.806659
19.8762_-11.8819_-0.780825
20.2343_-12.2307_-0.75499
20.5955_-12.5764_-0.780825
20.9475_-12.9314_-0.806659
21.2966_-13.2893_-0.780825
21.6547_-13.6382_-0.75499
22.0217_-13.9776_-0.729156
22.3021_-14.2531_-0.871682
22.6668_-14.5685_-0.387084
23.1381_-14.686_0.0476193
23.6348_-14.6408_0.176682
24.1185_-14.5242_0.357215
