configuration 0.916432738304_-13.7452163696_0.573727795176_0.819046040857_7.25410509109_23.1360397339_0.890376127727_0.455225604699
length 45.6791
time 6.28134
roughness 0.00203366
0.916433_-13.7452_1.2221
1.05807_-13.2683_1.40263
1.14599_-12.7761_1.3768
1.23814_-12.2847_1.40263
1.23814_-12.2847_1.40263
1.2833_-11.7908_1.63448
1.23865_-11.2933_1.71196
1.17257_-10.7977_1.68613
1.11076_-10.3016_1.71196
1.10371_-9.81284_1.32753
0.999105_-9.44683_1.24882
1.16936_-8.9772_1.17133
1.36777_-8.5183_1.1455
1.57795_-8.06468_1.11966
1.79979_-7.61664_1.09383
2.11634_-6.97884_0.0268713
2.59031_-6.88988_0.511469
3.01433_-6.62731_0.640532
3.41259_-6.32509_0.666366
3.80292_-6.01268_0.692201
4.15924_-5.66773_0.92405
4.4936_-5.44991_1.00021
4.80751_-5.07519_0.615774
5.2181_-4.78995_0.589939
5.63593_-4.51541_0.564105
6.0607_-4.25175_0.53827
6.43049_-3.94222_1.02287
6.72424_-3.85181_1.4081
6.84197_-3.37004_1.17625
7.03811_-2.91018_1.15041
7.24607_-2.45553_1.12458
7.4657_-2.00641_1.09874
7.62273_-1.54678_1.53345
7.84834_-1.26564_1.66455
7.82302_-0.767546_1.53549
7.84497_-0.268078_1.50965
7.87981_0.230656_1.48382
7.92753_0.728323_1.45798
7.96234_1.22585_1.58705
8.02559_1.70958_1.61288
7.98322_2.20652_1.74194
7.89384_2.69841_1.76778
7.79177_3.18783_1.79361
7.6855_3.67636_1.76778
7.60041_4.1686_1.6903
7.47206_4.64148_1.6642
7.40426_5.1356_1.79326
7.28976_5.62226_1.81909
7.16273_6.1058_1.84493
7.02324_6.5859_1.87076
6.8407_7.04702_2.10261
6.75048_7.50525_2.14969
6.50375_7.9373_1.96916
6.32192_8.40258_1.89168
6.2127_8.80793_1.89237
6.0671_9.28579_1.81488
5.94211_9.76986_1.84072
5.81295_10.2528_1.81488
5.81295_10.2528_1.81488
5.7718_10.7333_1.33029
5.83377_10.9285_1.12624
5.85659_10.9744_1.07523
5.85659_10.9744_1.07523
6.13656_11.3785_0.741389
6.51358_11.7062_0.663907
6.90466_12.0177_0.689742
7.29306_12.3325_0.663907
7.68414_12.6439_0.689742
8.06419_12.9666_0.716609
8.4733_13.2219_0.232011
8.9635_13.307_0.0514776
9.46299_13.3285_0.0256431
9.96264_13.3456_0.0514776
10.4343_13.4462_0.536076
10.8817_13.3872_0.714197
11.2077_13.7515_1.09864
11.4312_14.1987_1.12447
11.6431_14.6515_1.1503
11.8433_15.1096_1.17614
11.956_15.5785_1.66074
12.1464_15.8299_1.78848
11.988_16.2953_2.12233
11.7223_16.7188_2.14816
11.4459_17.1354_2.174
11.1658_17.5495_2.14816
10.8965_17.9708_2.12233
10.6202_18.3844_2.09544
10.3589_18.8102_2.17292
10.0722_19.2197_2.19876
9.77497_19.6218_2.22459
9.47433_20.0212_2.19876
9.1584_20.4056_2.37929
8.93573_20.7708_2.45089
8.57889_21.1152_2.21904
8.28765_21.5211_2.14156
8.01393_21.9394_2.16739
7.73662_22.3554_2.14156
7.47014_22.7784_2.11572
7.24899_23.1377_2.14616
