configuration 0.916432738304_-13.7452163696_0.573727795176_0.819046040857_7.25410509109_23.1360397339_0.890376127727_0.455225604699
length 44.5876
time 300
roughness 0.00300746
0.916433_-13.7452_1.2221
1.03248_-13.2675_1.55595
1.02701_-12.768_1.63343
0.99142_-12.2693_1.65926
0.95154_-11.771_1.63343
0.974996_-11.28_1.29958
0.902186_-10.8847_1.22175
1.03465_-10.5412_1.16466
1.03465_-10.5412_1.16466
1.25118_-10.0919_1.03559
1.50245_-9.65969_1.06143
1.74999_-9.22533_1.03559
2.05839_-8.85459_0.550995
2.19545_-8.47985_0.0992392
2.66174_-8.35685_0.583837
3.01705_-8.03079_1.06844
3.23819_-7.58376_1.1975
3.41651_-7.11669_1.22333
3.59868_-6.65154_1.14585
3.65392_-6.3483_1.1237
3.88867_-5.90826_0.994635
4.16465_-5.49138_0.968801
4.44421_-5.0769_0.994635
4.72018_-4.66002_0.968801
4.99974_-4.24553_0.994635
5.28876_-3.83922_1.02065
5.57979_-3.43765_0.788797
5.93515_-3.08598_0.762962
6.29352_-2.73739_0.788797
6.64887_-2.38572_0.762962
7.18848_-1.86125_1.02001
7.38117_-1.41539_1.45471
7.41761_-0.917984_1.58377
7.35325_-0.200678_1.88946
7.27642_0.275402_1.40486
7.38789_0.760291_1.22433
7.5696_1.22562_1.14685
7.87604_1.87693_1.60849
7.84433_2.37547_1.68598
7.7826_2.87159_1.71181
7.7166_3.36716_1.68598
7.65487_3.86329_1.71181
7.61462_4.35919_1.53128
7.52502_4.79229_1.45538
7.52444_5.14931_1.81245
7.52444_5.14931_1.81245
7.40063_5.63368_1.83828
7.2413_6.2415_1.83981
7.09614_6.71949_1.9173
6.92231_7.18825_1.94313
6.74445_7.65549_1.9173
6.57062_8.12425_1.94313
6.36939_8.58059_2.07219
6.20778_9.02236_2.09695
6.02612_9.47282_1.66225
5.99336_9.97129_1.58476
5.99068_10.4712_1.55893
6.00092_10.9711_1.53309
6.01546_11.4708_1.55893
6.03362_11.9848_0.223811
6.51125_12.1242_0.404344
6.96529_12.3325_0.481826
7.39542_12.591_0.50733
7.80278_12.8703_0.790298
8.15149_13.2286_0.816133
8.49083_13.5957_0.841967
8.827_13.9658_0.816133
9.18896_14.3071_0.6356
9.46741_14.6817_0.608188
9.89743_14.9248_0.325219
10.3725_15.0804_0.299385
10.849_15.232_0.325219
11.3241_15.3876_0.299385
12.0285_15.6002_1.37102
12.0511_16.0569_1.83011
12.0215_16.1551_1.93213
12.0122_16.179_1.95763
12.0122_16.179_1.95763
11.7972_16.6277_2.13817
11.5249_17.047_2.164
11.2419_17.4591_2.18984
10.9702_17.8774_2.06077
10.7514_18.183_2.03401
10.5096_18.6192_2.16308
10.227_19.0316_2.18891
9.93375_19.4366_2.21475
9.93375_19.4366_2.21475
9.63705_19.8389_2.18891
9.34383_20.2439_2.21475
9.04714_20.6463_2.18891
9.04714_20.6463_2.18891
8.75392_21.0512_2.21475
8.45722_21.4536_2.18891
8.164_21.8585_2.21475
7.86731_22.2609_2.18891
7.58111_22.6709_2.16308
7.29845_23.0832_2.18891
