configuration -1.36608982086_8.91640663147_-0.333444235273_0.942769824487_9.04581165314_-18.3528499603_-0.788205594687_0.615412008742
length 43.4858
time 3.74186
roughness 0.0055691
-1.36609_8.91641_-0.679909
-0.952111_8.65133_-0.346064
-0.483279_8.4777_-0.371898
-0.0159588_8.30004_-0.346064
0.40615_8.06685_-0.830662
0.679316_7.66523_-1.26536
0.833753_7.18973_-1.23953
1.06068_6.76422_-0.754932
1.4597_6.49341_-0.270334
1.93894_6.43967_0.214264
2.42043_6.46647_-0.270334
2.85897_6.26588_-0.754932
3.17772_5.89165_-1.08878
3.41328_5.45068_-1.06294
3.65264_5.01175_-1.08878
3.88821_4.57077_-1.06294
4.18635_4.19174_-0.578345
4.61531_3.9373_-0.449283
5.06749_3.72405_-0.423448
5.47031_3.45892_-0.908046
5.70324_3.03666_-1.39264
5.72038_2.55125_-1.82735
5.56549_2.07844_-2.00788
5.35777_1.62369_-1.98205
5.15397_1.16716_-2.00788
5.02144_0.703492_-1.52328
5.12016_0.231465_-1.03868
5.42741_-0.140224_-0.554086
5.87138_-0.351259_-0.220241
6.36018_-0.456275_-0.194406
6.85152_-0.54863_-0.168572
7.30817_-0.703633_-0.65317
7.64004_-1.05352_-1.13777
7.82968_-1.5148_-1.26683
8.0449_-1.94635_-0.782232
8.43638_-2.22795_-0.297634
8.91398_-2.29475_0.186964
9.39959_-2.18108_0.316026
9.87343_-2.02162_0.341861
10.343_-1.84996_0.367695
10.8147_-1.74989_-0.116903
11.2788_-1.8811_-0.601501
11.6436_-2.20644_-0.985938
11.843_-2.64554_-1.47054
11.8148_-3.12696_-1.95513
11.5656_-3.53984_-2.43973
11.2512_-3.90546_-1.95513
11.1433_-4.37548_-1.47054
11.2668_-4.84164_-0.985938
11.5817_-5.21913_-0.652093
11.9816_-5.51909_-0.626259
12.3842_-5.8156_-0.652093
12.8089_-6.04401_-0.167495
13.3037_-6.10596_-0.0384328
13.8035_-6.12086_-0.0125982
14.2787_-6.20305_-0.497196
14.7114_-6.45257_-0.574678
15.1287_-6.72793_-0.600512
15.4785_-7.05986_-1.08511
15.6334_-7.51654_-1.56971
15.5798_-8.00519_-1.90355
15.3523_-8.43036_-2.38815
14.9528_-8.70057_-2.87275
14.4735_-8.7536_-3.35735
14.1133_-8.62574_-3.73992
14.0306_-8.56519_-3.84195
14.0111_-8.5485_-3.86745
13.6044_-8.2894_-3.38285
13.1238_-8.24962_-2.89825
12.68_-8.4383_-2.41366
12.3752_-8.812_-1.92906
12.3109_-9.0331_-1.69951
12.3078_-9.05856_-1.67401
12.2037_-9.53897_-2.00785
11.9881_-9.99009_-2.03369
11.7688_-10.4393_-2.00785
11.5691_-10.8972_-1.93037
11.3972_-11.3667_-1.90454
11.2375_-11.8405_-1.8787
11.0206_-12.2712_-2.3633
10.6507_-12.6057_-2.49236
10.2551_-12.9114_-2.46653
9.93095_-13.2685_-1.98193
9.7683_-13.737_-1.75008
9.68338_-14.2297_-1.72425
9.61122_-14.7244_-1.69841
9.54333_-15.2197_-1.72425
9.46266_-15.7131_-1.75008
9.37774_-16.2058_-1.72425
9.30559_-16.7005_-1.69841
9.23769_-17.1958_-1.72425
9.15702_-17.6892_-1.75008
9.06364_-18.1804_-1.77591
