configuration -1.36608982086_8.91640663147_-0.333444235273_0.942769824487_9.04581165314_-18.3528499603_-0.788205594687_0.615412008742
length 55.5864
time 46.7289
roughness 0.00422851
-1.36609_8.91641_-0.679909
-0.952111_8.65133_-0.346064
-0.483279_8.4777_-0.371898
-0.0159588_8.30004_-0.346064
0.40615_8.06685_-0.830662
0.719036_7.68001_-1.01119
0.980776_7.25405_-1.03703
1.19952_6.80896_-1.26888
1.35228_6.33292_-1.24304
1.50914_5.85821_-1.26888
1.69259_5.39745_-1.03703
1.95065_4.96925_-1.01119
2.21239_4.54329_-1.03703
2.52025_4.17211_-0.552431
2.95566_3.92887_-0.423369
3.41322_3.72741_-0.397534
3.82277_3.47281_-0.882132
4.06656_3.05673_-1.36673
4.11256_2.56731_-1.70058
4.12648_2.08527_-1.21598
4.36336_1.66522_-0.73138
4.76865_1.40388_-0.246782
5.24902_1.36144_0.237816
5.72823_1.49965_0.366879
6.19644_1.67496_0.341044
6.67446_1.81294_0.160511
7.16728_1.89709_0.186346
7.65935_1.98548_0.160511
8.14159_1.98637_-0.324087
8.60287_1.79992_-0.50462
9.04257_1.56198_-0.478785
9.43011_1.27498_-0.963383
9.69691_0.853602_-1.09245
9.92321_0.407804_-1.11828
10.0881_-0.0552773_-1.45213
10.1345_-0.552672_-1.52961
10.0779_-1.03159_-2.01421
9.94247_-1.49441_-1.52961
10.0382_-1.96705_-1.04501
10.3431_-2.34068_-0.560411
10.7592_-2.61704_-0.637893
11.1583_-2.91821_-0.663727
11.5547_-3.2228_-0.637893
11.9589_-3.51705_-0.612058
12.3656_-3.80781_-0.637893
12.7698_-4.10207_-0.612058
13.1158_-4.43802_-1.09666
13.2654_-4.89646_-1.58125
13.2304_-5.39276_-1.76179
13.2148_-5.87475_-1.27719
13.3944_-6.33702_-1.04534
13.6489_-6.76735_-1.01951
13.9632_-7.13308_-0.534907
14.4117_-7.31027_-0.0503093
14.9104_-7.31393_0.0787531
15.3911_-7.35242_-0.405845
15.7986_-7.61042_-0.890443
16.0389_-8.02851_-1.37504
16.0568_-8.51042_-1.85964
15.8481_-8.94517_-2.34424
15.468_-9.25694_-2.67808
15.008_-9.40168_-3.16268
14.5336_-9.31547_-3.64728
14.1539_-9.01814_-4.13188
13.829_-8.66176_-3.64728
13.3755_-8.49775_-3.16268
12.8978_-8.56388_-2.67808
12.8046_-8.60663_-2.7801
12.3862_-8.8463_-2.2955
12.0648_-9.22874_-2.21802
11.7599_-9.62496_-2.24386
11.5059_-10.0426_-1.85942
11.3678_-10.5231_-1.83359
11.2337_-11.0048_-1.85942
11.0873_-11.4828_-1.88525
10.9368_-11.9595_-1.85942
10.7986_-12.44_-1.83359
10.6646_-12.9217_-1.85942
10.5181_-13.3997_-1.88525
10.3676_-13.8764_-1.85942
10.2804_-14.3602_-1.52557
10.3074_-14.8595_-1.49974
10.3385_-15.3584_-1.52557
10.3146_-15.8518_-1.80854
10.1927_-16.3366_-1.83438
10.0582_-16.8182_-1.86021
9.91145_-17.2961_-1.88605
9.76053_-17.7727_-1.86021
9.61373_-18.2506_-1.88605
9.42416_-18.7089_-2.1179
9.16041_-19.1336_-2.14373
8.89302_-19.5561_-2.1179
8.58023_-19.9231_-2.60249
8.13247_-20.1022_-3.08709
7.65284_-20.052_-3.57169
7.18826_-19.9227_-3.08709
6.71693_-20.0248_-2.60249
6.30606_-20.3053_-2.42196
5.89772_-20.5619_-2.90656
5.41689_-20.5987_-3.39116
4.97428_-20.4073_-3.87575
4.67181_-20.0317_-4.36035
4.57913_-19.5584_-4.84495
4.7176_-19.0965_-5.32955
5.05531_-18.7522_-5.81415
5.51451_-18.6049_-6.29874
5.98945_-18.6885_-6.78334
6.39881_-18.965_-7.06631
6.58614_-19.1498_-7.05271
6.98116_-19.4264_-6.56812
7.45956_-19.4871_-6.08352
7.91117_-19.318_-5.59892
8.32598_-19.0593_-5.98336
8.75841_-18.8459_-5.49876
8.89336_-18.6919_-5.29472
9.17877_-18.2819_-5.3722
