configuration 0.916432738304_-13.7452163696_0.573727795176_0.819046040857_7.25410509109_23.1360397339_0.890376127727_0.455225604699
length 53.2689
time 46.1254
roughness 0.00362653
0.916433_-13.7452_1.2221
1.00753_-13.2717_1.7067
0.902745_-12.7869_1.93855
0.727028_-12.3189_1.91271
0.639148_-11.8447_1.42812
0.739318_-11.3573_1.24758
0.902186_-10.8847_1.22175
1.04399_-10.4078_1.40228
1.13208_-9.91564_1.37645
1.22441_-9.42429_1.40228
1.29545_-8.92982_1.47976
1.34519_-8.43235_1.45393
1.3992_-7.93533_1.47976
1.51837_-7.46805_0.995164
1.8415_-7.11008_0.510566
2.29419_-6.94385_0.0259682
2.76823_-6.85532_0.510566
3.19762_-6.60004_0.588048
3.61597_-6.32629_0.562213
4.0074_-6.02501_0.845181
4.34237_-5.65388_0.819347
4.68053_-5.28564_0.845181
5.00227_-4.9035_0.922663
5.30064_-4.50235_0.948497
5.58856_-4.09363_0.974332
5.91907_-3.74247_0.489734
6.3748_-3.55195_0.206766
6.8632_-3.4451_0.2326
7.309_-3.2612_0.717198
7.64923_-2.90311_1.00017
7.91565_-2.48006_1.026
8.09727_-2.03333_1.5106
8.04986_-1.55342_1.9952
7.78435_-1.15086_2.47979
7.45551_-0.798119_1.9952
7.31215_-0.330789_1.61076
7.29648_0.168915_1.58492
7.30231_0.668427_1.50744
7.33826_1.16708_1.48161
7.38708_1.66464_1.45577
7.39758_2.15848_1.73874
7.31825_2.6521_1.71291
7.24319_3.14638_1.73874
7.15537_3.63856_1.76458
7.05488_4.1283_1.79041
6.95017_4.61716_1.76458
6.81008_5.09083_2.04754
6.57684_5.53304_2.07338
6.3398_5.97322_2.04754
6.18898_6.43127_1.56295
6.2619_6.91148_1.12824
6.47989_7.3614_1.10241
6.62687_7.8207_1.58701
6.54297_8.29558_2.0716
6.2475_8.67671_2.5562
5.8927_9.00331_2.0716
5.73091_9.4576_1.58701
5.79937_9.93496_1.10241
6.07341_10.3397_0.717971
6.38192_10.7104_1.20257
6.42373_10.8322_1.31696
6.53665_11.3188_1.39445
6.61157_11.8127_1.47193
6.73439_12.2791_0.98733
7.06032_12.6345_0.502732
7.51429_12.7972_0.0181339
7.998_12.8677_0.402572
8.45241_13.0753_0.480053
8.89782_13.3023_0.454219
9.3572_13.4934_0.273686
9.83736_13.6327_0.29952
10.3163_13.7761_0.273686
10.7954_13.8314_-0.210912
11.245_13.6572_-0.69551
11.6072_13.3161_-0.876043
11.9706_12.999_-0.391445
12.4398_12.8878_0.0931528
12.9068_13.0079_0.577751
13.2866_13.3201_0.911596
13.5894_13.718_0.937431
13.8818_14.1235_0.963265
14.1707_14.5315_0.937431
14.4631_14.937_0.963265
14.745_15.3499_0.9891
14.9765_15.7862_1.27207
15.1195_16.2653_1.2979
15.2501_16.7479_1.32374
15.2927_17.2282_1.80833
15.1251_17.6904_2.14218
14.8511_18.1086_2.16801
14.5596_18.5142_2.2455
14.2507_18.9073_2.21966
13.9452_19.3031_2.2455
13.5882_19.6273_2.73009
13.123_19.807_2.85916
12.6417_19.9422_2.88499
12.2004_20.1367_2.40039
11.8614_20.4987_2.16854
11.5836_20.9144_2.14271
11.2618_21.2735_2.62731
10.8207_21.508_2.70479
10.3659_21.7156_2.73062
9.95978_21.9756_2.24603
9.65769_22.3735_2.16854
9.3799_22.7892_2.14271
9.0581_23.1483_2.62731
8.60604_23.3162_3.11191
8.10873_23.3012_3.29244
7.6265_23.3049_2.80784
7.32668_23.447_2.47627
7.28686_23.4793_2.42526
7.26767_23.4963_2.39976
