configuration -11.6824054718_1.45032453537_1.45032453537_1.45032453537_24.2991828918_-14.4915781021_0.382683601539_0.382683601539
length 61.0461
time 47.7515
roughness 0.00355003
-11.6824_1.45032_2.22212
-12.0317_1.78283_2.70672
-12.4968_1.92267_3.14142
-12.9968_1.91845_3.16725
-13.4708_1.83006_3.65185
-13.8491_1.53101_4.13645
-14.0946_1.09823_4.31698
-14.2413_0.62658_4.59995
-14.2931_0.129323_4.62579
-14.3321_-0.369107_4.65162
-14.285_-0.849039_5.13622
-14.0197_-1.25176_5.62082
-13.5973_-1.48452_6.10541
-13.1152_-1.49374_6.59001
-12.6843_-1.27728_7.07461
-12.4038_-0.884993_7.55921
-12.1925_-0.451484_7.07461
-11.8037_-0.166298_6.59001
-11.3267_-0.0951071_6.10541
-10.8445_-0.104322_6.59001
-10.4136_0.112135_7.07461
-10.1331_0.504421_7.55921
-9.93939_0.956203_7.22536
-9.78562_1.16974_7.23896
-9.49366_1.57558_7.21313
-9.25983_1.89356_7.23352
-9.24509_1.91455_7.25903
-9.14192_2.09144_7.46307
-8.89003_2.50267_6.97847
-8.47558_2.74921_6.49387
-7.98383_2.83247_6.36481
-7.51545_2.94723_6.84941
-7.14681_3.26349_7.28411
-6.88824_3.69091_7.36159
-6.6338_4.11987_7.23253
-6.33924_4.52382_7.2067
-6.0412_4.92523_7.23253
-5.70507_5.27585_6.79783
-5.42937_5.42978_6.78151
-5.40674_5.44184_6.75601
-5.0175_5.72653_7.2406
-4.76405_6.15281_7.47245
-4.58191_6.6184_7.49829
-4.34466_7.03824_7.01369
-3.93914_7.29923_6.52909
-3.45063_7.39975_6.40003
-2.98658_7.53093_6.88463
-2.60726_7.84733_7.16759
-2.28711_8.23132_7.14176
-1.91824_8.54195_6.65716
-1.44714_8.64499_6.17256
-0.967515_8.53724_5.83872
-0.543403_8.28403_5.55575
-0.172876_7.94838_5.52992
0.194747_7.60956_5.55575
0.565275_7.27391_5.52992
0.932898_6.93508_5.55575
1.30342_6.59943_5.52992
1.67105_6.26061_5.55575
2.04158_5.92496_5.52992
2.4092_5.58614_5.55575
2.80725_5.29367_5.83872
3.26046_5.0826_5.86455
3.71547_4.87543_5.83872
4.1783_4.69726_6.07057
4.66788_4.59597_6.0964
5.15991_4.50737_6.12224
5.61773_4.35585_5.63764
6.00286_4.03895_5.50858
6.35714_3.68621_5.48274
6.65049_3.29518_5.0983
6.83468_2.8304_5.07247
7.0068_2.36101_5.04664
7.11594_1.8817_4.71279
7.11183_1.38177_4.68696
7.09481_0.882109_4.66112
7.1465_0.402648_5.14572
7.4156_0.00246943_5.63032
7.84014_-0.226274_6.11492
8.29684_-0.381139_5.63032
8.6288_-0.730927_5.14572
8.7596_-1.19509_4.66112
8.81129_-1.67455_5.14572
9.08039_-2.07473_5.63032
9.50493_-2.30347_6.11492
9.99708_-2.39144_6.08908
10.4868_-2.4921_6.06325
10.9681_-2.52163_6.54784
11.4477_-2.47061_6.06325
11.8957_-2.64886_5.57865
12.2092_-3.01532_5.09405
12.4219_-3.46511_5.27458
12.692_-3.8858_5.30042
12.9729_-4.29937_5.32625
13.2889_-4.6816_5.5581
13.6602_-5.01637_5.53227
14.0287_-5.35433_5.5581
14.4_-5.68911_5.53227
14.7684_-6.02707_5.5581
15.1397_-6.36184_5.53227
15.5398_-6.63105_6.01687
16.0268_-6.73296_6.1974
16.5253_-6.7715_6.22323
16.996_-6.87609_5.73863
17.3992_-7.16486_5.50679
17.7529_-7.51824_5.48095
18.0973_-7.88064_5.45512
18.4386_-8.24599_5.48095
18.783_-8.60839_5.45512
19.1242_-8.97374_5.48095
19.4686_-9.33614_5.45512
19.8099_-9.70149_5.48095
20.1543_-10.0639_5.45512
20.4956_-10.4292_5.48095
20.84_-10.7916_5.45512
21.1813_-11.157_5.48095
21.5257_-11.5194_5.45512
21.867_-11.8847_5.48095
22.1432_-12.28_4.99635
22.2035_-12.7585_4.51175
22.0339_-13.2099_4.02716
21.7915_-13.6269_4.51175
21.7713_-14.1087_4.99635
21.9779_-14.5444_5.48095
22.2119_-14.7423_5.78701
22.6669_-14.902_6.27161
23.1439_-14.8313_6.75621
23.5997_-14.6316_6.57568
24.0771_-14.4834_6.60151
