configuration -26.5221767426_12.7890510559_0.0_1.0_-6.20937108994_31.1862716675_0.294171904018_0.955752525964
length 40.1697
time 70.8214
roughness 0.00284761
-26.5222_12.7891_-0
-26.0277_12.7509_-0.23185
-25.5421_12.6318_-0.257684
-25.0598_12.5003_-0.283519
-24.581_12.3563_-0.309353
-24.1035_12.2082_-0.283519
-23.6248_12.0642_-0.309353
-23.1422_11.95_-0.0775036
-22.6434_11.9156_-0.0516691
-22.1444_11.8855_-0.0775036
-21.6456_11.8511_-0.0516691
-21.1645_11.7643_-0.436107
-20.8021_11.8142_-0.566509
-20.3594_11.623_-0.0819108
-19.8786_11.6599_0.402687
-19.4334_11.882_0.58322
-19.0185_12.1609_0.609055
-18.5975_12.4284_0.479992
-18.23_12.7165_0.451178
-17.7961_12.9599_0.631711
-17.3952_13.2586_0.657546
-16.8638_13.7019_0.629714
-16.4355_13.9375_0.245276
-15.9495_14.0548_0.219442
-15.4606_14.1594_0.193607
-14.9692_14.2513_0.167773
-14.479_14.3474_0.245254
-14.0388_14.4112_0.245692
-13.5955_14.6009_0.730289
-13.2676_14.9672_1.06413
-13.0366_15.4101_1.14162
-12.891_15.8767_1.52605
-12.6487_16.3111_1.63197
-12.6835_16.8099_1.6578
-12.7313_17.3075_1.68364
-12.7918_17.8038_1.70947
-12.8567_18.2995_1.68364
-12.9564_19.0443_2.13297
-13.2672_19.4216_2.5174
-13.6799_19.703_2.59488
-14.1092_19.9592_2.62072
-14.4843_20.2623_2.13612
-14.811_20.3859_1.67387
-14.8582_20.8837_1.64804
-14.8925_21.3824_1.6222
-14.9139_21.8819_1.59637
-14.9564_22.3776_1.7769
-14.9568_22.8375_1.8289
-15.152_23.2784_2.3135
-15.5223_23.6017_2.64734
-15.968_23.8273_2.72483
-16.4269_24.0257_2.75066
-16.8381_24.2776_2.26606
-17.175_24.3092_1.8289
-17.2228_24.789_1.3443
-17.1636_24.9851_1.14026
-17.1177_25.0768_1.03824
-17.1177_25.0768_1.03824
-16.8282_25.4769_0.755272
-16.4558_25.8099_0.677791
-16.0474_26.1011_0.652726
-15.6476_26.4013_0.626892
-15.2402_26.6911_0.601057
-14.8255_26.9703_0.575223
-14.4083_27.2458_0.601057
-13.9819_27.5021_0.420524
-13.6378_27.7748_0.345704
-13.1723_27.9561_0.423185
-12.7183_28.1653_0.44902
-12.266_28.3785_0.423185
-12.266_28.3785_0.423185
-11.812_28.5877_0.44902
-11.3597_28.8008_0.423185
-10.9057_29.0101_0.44902
-10.9057_29.0101_0.44902
-10.4426_29.1819_0.166052
-9.9488_29.2603_0.140217
-9.45317_29.3259_0.114383
-8.957_29.3872_0.140217
-8.47129_29.3859_-0.294486
-8.13759_29.4911_-0.421093
-7.67186_29.366_0.0635053
-7.20147_29.4723_0.548103
-6.82716_29.7818_0.982806
-6.56859_30.2083_1.11187
-6.30928_30.6287_0.828901
-6.159_31.1047_0.752895
