configuration 0.916432738304_-13.7452163696_0.573727795176_0.819046040857_7.25410509109_23.1360397339_0.890376127727_0.455225604699
length 44.4311
time 300
roughness 0.00249232
0.916433_-13.7452_1.2221
1.03248_-13.2675_1.55595
1.02701_-12.768_1.63343
0.99142_-12.2693_1.65926
0.95154_-11.771_1.63343
0.974996_-11.28_1.29958
0.902186_-10.8847_1.22175
1.03465_-10.5412_1.16466
1.03465_-10.5412_1.16466
1.27741_-10.1137_0.83081
1.62365_-9.75366_0.753329
1.99673_-9.42145_0.675847
2.49051_-9.02535_0.940075
2.75131_-8.60352_1.17192
2.94151_-8.14117_1.19776
3.1197_-7.67405_1.22359
3.35463_-6.93847_0.960037
3.65158_-6.53676_0.882555
3.97245_-6.15337_0.856721
4.29661_-5.77275_0.882555
4.68053_-5.28564_0.845181
5.00227_-4.9035_0.922663
5.30064_-4.50235_0.948497
5.58856_-4.09363_0.974332
5.58856_-4.09363_0.974332
5.9078_-3.71982_0.640487
6.31591_-3.43174_0.563005
6.74098_-3.16855_0.53717
7.16829_-2.90903_0.563005
7.57823_-2.62497_0.692067
7.86061_-2.47414_0.717198
7.91565_-2.48006_1.026
8.09727_-2.03333_1.5106
8.06476_-1.54558_1.89504
7.89344_-1.07633_1.97252
7.69401_-0.617884_1.99835
7.54068_-0.15083_1.66451
7.29648_0.168915_1.58492
7.29372_0.668857_1.55909
7.29526_1.1688_1.58492
7.28659_1.82234_1.71212
7.22044_2.3179_1.68629
7.15855_2.814_1.71212
7.0924_3.30955_1.68629
7.03051_3.80566_1.71212
6.98154_4.30199_1.58306
6.90908_4.60659_1.55909
6.91924_5.10644_1.53326
6.94231_5.60586_1.50742
6.96967_6.10506_1.53326
6.98413_6.6048_1.55909
6.94365_7.09708_1.84206
7.01783_7.58631_1.91018
6.88919_8.06527_1.67833
6.83981_8.56277_1.65249
6.80331_9.06139_1.62666
6.77109_9.5603_1.65249
6.70908_10.0552_1.78156
6.69606_10.432_1.81307
6.61445_10.9212_1.58122
6.62214_11.4207_1.50374
6.67655_11.919_1.5301
6.77205_12.3917_1.0455
7.07676_12.7655_0.560906
7.52051_12.9542_0.0763084
7.52051_12.9542_0.0763084
8.01798_12.9623_-0.104225
8.51475_12.9061_-0.130059
9.01102_12.8455_-0.104225
9.50868_12.7978_-0.07839
10.191_12.7335_0.736173
10.5009_13.1075_1.17088
10.6495_13.742_1.36326
10.7227_14.2342_1.5438
10.7319_14.734_1.56963
10.7281_15.234_1.59546
10.7201_15.7338_1.56963
10.7095_16.4278_2.37912
10.6553_16.4823_2.3026
10.6553_16.4823_2.3026
10.3772_16.8843_1.91816
10.2277_17.3601_1.7891
10.1236_17.8491_1.76327
9.99606_18.4602_1.86166
9.80408_18.9127_2.1955
9.5082_19.3157_2.22134
9.20201_19.7109_2.24717
8.87339_20.0861_2.37623
8.64355_20.4093_2.43467
8.27221_20.7434_2.35719
7.9214_21.0996_2.33136
7.49533_21.5717_2.25166
7.25479_21.9896_1.76706
7.23666_22.4715_1.28247
7.44511_22.9064_0.797868
7.44511_22.9064_0.797868
