configuration -1.36608982086_8.91640663147_-0.333444235273_0.942769824487_9.04581165314_-18.3528499603_-0.788205594687_0.615412008742
length 41.162
time 14.6707
roughness 0.00489719
-1.36609_8.91641_-0.679909
-0.952111_8.65133_-0.346064
-0.483279_8.4777_-0.371898
-0.0159588_8.30004_-0.346064
0.40615_8.06685_-0.830662
0.719036_7.68001_-1.01119
0.980776_7.25405_-1.03703
1.23884_6.82585_-1.01119
1.50058_6.39989_-1.03703
1.75864_5.97169_-1.01119
2.07599_5.60859_-0.526597
2.51419_5.36875_-0.449115
2.96642_5.15557_-0.423281
3.36928_4.89051_-0.907879
3.60228_4.46829_-1.39248
3.64399_3.97611_-1.67544
3.6468_3.48454_-1.3416
3.76458_2.99866_-1.31576
3.88653_2.51382_-1.3416
3.92052_2.03278_-1.8262
3.78188_1.55285_-1.90368
3.62259_1.07896_-1.87784
3.55129_0.602018_-1.39325
3.71039_0.146778_-0.908648
4.06324_-0.181932_-0.42405
4.52961_-0.350623_-0.192201
5.02116_-0.441894_-0.166366
5.5149_-0.520437_-0.140532
5.97572_-0.662576_-0.62513
6.31726_-1.00302_-1.10973
6.53583_-1.45266_-1.13556
6.80568_-1.85233_-0.650964
7.23066_-2.08026_-0.166366
7.71288_-2.08398_0.318232
8.18899_-2.00736_-0.166366
8.47468_-2.05386_-0.15141
8.95691_-2.05037_0.333188
9.43183_-1.96663_-0.15141
9.89107_-2.11377_-0.636008
10.252_-2.44754_-0.969853
10.584_-2.79722_-0.485255
11.0318_-3.01874_-0.407773
11.4924_-3.21305_-0.381939
11.966_-3.34491_-0.0480935
12.4656_-3.36464_-0.0222589
12.9655_-3.37147_0.00357563
13.4419_-3.44596_-0.481022
13.8288_-3.73382_-0.96562
14.0371_-4.16878_-1.45022
14.17_-4.63235_-0.96562
14.5035_-4.98061_-0.481022
14.9609_-5.13339_0.00357563
15.4374_-5.20788_-0.481022
15.8243_-5.49575_-0.96562
16.0325_-5.93071_-1.45022
16.0142_-6.4126_-1.93482
15.8025_-6.86109_-2.16667
15.5183_-7.27245_-2.1925
15.1857_-7.63063_-2.57694
14.7569_-7.88697_-2.65442
14.3131_-8.1172_-2.68025
13.8765_-8.35819_-2.55119
13.4588_-8.63292_-2.57703
13.0387_-8.90405_-2.55119
12.663_-9.22102_-2.21735
12.3725_-9.62738_-2.13986
12.0994_-10.0462_-2.1657
11.8025_-10.4469_-2.29476
11.4681_-10.8186_-2.3206
11.1305_-11.1874_-2.29476
10.8722_-11.5946_-1.81016
10.8333_-12.0752_-1.32557
10.875_-12.5557_-1.81016
10.7441_-13.0378_-1.88765
10.5924_-13.5141_-1.86181
10.4449_-13.9918_-1.88765
10.2932_-14.4682_-1.86181
10.1456_-14.9459_-1.88765
9.99395_-15.4223_-1.86181
9.84639_-15.8999_-1.88765
9.69471_-16.3763_-1.86181
9.54715_-16.854_-1.88765
9.38729_-17.3277_-1.91348
9.22336_-17.8_-1.88765
9.07169_-18.2764_-1.86181
