configuration -1.36608982086_8.91640663147_-0.333444235273_0.942769824487_9.04581165314_-18.3528499603_-0.788205594687_0.615412008742
length 34.8428
time 23.9592
roughness 0.00430923
-1.36609_8.91641_-0.679909
-0.96965_8.61246_-0.602428
-0.560165_8.32563_-0.628262
-0.153165_8.03529_-0.602428
0.25632_7.74846_-0.628262
0.619788_7.41749_-0.962107
0.980776_7.25405_-1.03703
1.20776_6.8113_-1.21756
1.36841_6.3383_-1.29504
1.50914_5.85821_-1.26888
1.66995_5.38526_-1.1914
1.8591_4.92247_-1.16556
2.06015_4.46473_-1.13973
2.27295_4.01233_-1.11389
2.50483_3.56986_-1.03641
2.68385_3.12744_-1.01119
2.9841_2.73522_-0.728227
3.36009_2.40571_-0.702392
3.74447_2.08601_-0.676558
4.13698_1.77636_-0.650723
4.51405_1.45176_-0.831256
4.76732_1.26686_-0.856496
5.10993_0.904421_-0.727434
5.49148_0.581987_-0.649952
5.88688_0.276027_-0.675787
6.30386_0.0209184_-0.291349
6.65188_-0.321883_-0.192941
7.10462_-0.487967_-0.677539
7.48561_-0.811064_-0.75502
7.84674_-1.1568_-0.780855
8.19882_-1.51176_-0.80669
8.71959_-2.05938_0.214175
9.20852_-2.00844_-0.11967
9.69804_-2.09737_-0.300203
10.1747_-2.26442_-0.272197
10.6129_-2.46583_-0.756795
10.9605_-2.82352_-0.885857
11.2734_-3.21342_-0.911692
11.583_-3.606_-0.885857
11.874_-4.00951_-1.06639
12.1765_-4.37139_-1.09321
12.3946_-4.82082_-1.17069
12.5933_-5.27959_-1.14485
12.796_-5.73663_-1.17069
12.9867_-6.19875_-1.19652
13.2622_-6.8638_-2.26348
12.9918_-7.27436_-1.92964
12.8285_-7.74646_-1.85215
12.6939_-8.22793_-1.82632
12.5633_-8.71054_-1.85215
12.4204_-9.18962_-1.87799
12.2737_-9.69425_-2.85289
11.8389_-9.90286_-2.36829
11.5431_-10.2882_-1.93359
11.378_-10.7596_-1.85611
11.2414_-11.2405_-1.83027
11.109_-11.7226_-1.85611
10.9604_-12.2005_-1.88369
10.8106_-12.6775_-1.85786
10.6649_-13.1557_-1.88369
10.5151_-13.6327_-1.85786
10.5151_-13.6327_-1.85786
10.3695_-14.111_-1.88369
10.2197_-14.5879_-1.85786
10.074_-15.0662_-1.88369
10.074_-15.0662_-1.88369
9.92421_-15.5432_-1.85786
9.77853_-16.0214_-1.88369
9.62874_-16.4984_-1.85786
9.62874_-16.4984_-1.85786
9.47498_-16.9737_-1.93534
9.29272_-17.4392_-1.96117
9.04105_-17.8506_-2.44577
8.99117_-18.1819_-2.82705
