configuration -1.36608982086_8.91640663147_-0.333444235273_0.942769824487_9.04581165314_-18.3528499603_-0.788205594687_0.615412008742
length 36.5289
time 234.556
roughness 0.0486235
-1.36609_8.91641_-0.679909
-0.992081_8.58647_-0.808971
-0.650122_8.22176_-0.834806
-0.317699_7.84833_-0.860641
0.0114967_7.47206_-0.834806
0.34392_7.09864_-0.860641
0.681704_6.72796_-1.34076
0.864462_6.28169_-0.856167
1.22891_5.95591_-0.471729
1.67961_5.74047_-0.394247
2.13953_5.54446_-0.420082
2.61828_5.34934_4.96408
2.73015_4.86248_4.8866
2.81257_4.36937_4.86076
2.88221_3.8743_4.83493
2.98702_3.14286_-0.787072
3.34868_2.79826_-0.70959
3.72514_2.46928_-0.735425
4.09875_2.13706_-0.70959
4.4752_1.80808_-0.735425
4.80119_1.44014_-1.06927
5.11802_1.25421_-1.1855
5.32514_0.800511_-1.05644
5.32514_0.800511_-1.05644
5.60161_0.388785_-0.824588
5.94415_0.0246245_-0.798753
6.29599_-0.330566_-0.772919
6.65087_-0.682714_-0.798753
7.14115_-1.16738_-1.61876
7.19442_-1.64667_-1.13416
7.46484_-2.04595_-0.649562
7.89013_-2.27329_-0.164964
8.38283_-2.30843_0.118004
8.88579_-2.16215_-0.196388
9.37305_-2.27224_-0.273869
9.85318_-2.41159_-0.299704
10.3296_-2.5633_-0.325538
10.9576_-2.77484_-0.62342
11.3299_-3.09949_-0.906388
11.6277_-3.5006_-0.98387
11.8806_-3.93371_-1.00893
12.1705_-4.3381_-0.828402
12.5116_-4.70356_-0.802567
12.8621_-5.06009_-0.776732
13.3655_-5.55488_-1.20997
13.5214_-6.02864_-1.33903
13.6567_-6.50867_-1.20997
13.6362_-6.82114_-1.15967
13.7567_-7.28809_-1.64426
13.6745_-7.77515_-1.92723
13.4881_-8.23864_-2.00471
13.1372_-8.92898_-2.563
12.7318_-9.2194_-2.43394
12.3547_-9.54766_-2.4081
11.9804_-9.87915_-2.43394
11.5977_-10.2009_-2.45977
11.2602_-10.5544_-2.07533
10.9301_-10.773_-2.0011
10.7176_-11.2255_-2.02693
10.5013_-11.6762_-2.0011
10.2888_-12.1288_-2.02693
10.0725_-12.5795_-2.0011
9.83818_-13.0184_-2.18163
9.68745_-13.424_-2.25527
9.4454_-13.8411_-1.77067
9.40968_-14.3286_-1.38623
9.51401_-14.8171_-1.30875
9.64768_-15.2989_-1.28291
9.71787_-15.7795_-1.71762
9.89025_-16.1263_-1.79826
9.76508_-16.6099_-1.87574
9.61088_-17.0854_-1.90157
9.44444_-17.5569_-1.92741
9.19781_-18.2319_-1.92422
