configuration 0.916432738304_-13.7452163696_0.573727795176_0.819046040857_7.25410509109_23.1360397339_0.890376127727_0.455225604699
length 46.0073
time 96.5508
roughness 0.00469089
0.916433_-13.7452_1.2221
1.15074_-13.3237_0.737502
1.54583_-13.0273_0.454534
1.99311_-12.8039_0.480369
2.43001_-12.5617_0.55785
2.85643_-12.3007_0.532016
3.28508_-12.0434_0.55785
3.64874_-11.7267_1.04245
3.82298_-11.277_1.52705
3.91993_-10.8046_1.04245
4.09417_-10.355_1.52705
4.11718_-9.90823_1.50393
4.07298_-9.42802_1.98853
3.92425_-8.95949_1.65468
3.80843_-8.49136_2.13928
3.61969_-8.24757_2.41383
3.31483_-7.87393_1.92923
3.21913_-7.40128_1.44463
3.35463_-6.93847_0.960037
3.65794_-6.54255_0.830974
3.99815_-6.17621_0.80514
4.3415_-5.81282_0.830974
4.71088_-5.48845_0.497129
5.14824_-5.24625_0.522964
5.5835_-5.00029_0.497129
6.00579_-4.7372_0.677662
6.39256_-4.4204_0.703497
6.77658_-4.10029_0.677662
7.09978_-3.74238_1.16226
7.2527_-3.2727_1.44523
7.31958_-2.77724_1.41939
7.46672_-2.318_0.934796
7.77372_-1.92392_0.857314
8.10417_-1.54874_0.83148
8.36871_-1.14554_1.31608
8.46496_-0.657401_1.49661
8.49772_-0.158526_1.52245
8.44464_0.320783_2.00704
8.18374_0.734168_2.39148
7.81505_1.07183_2.41732
7.50889_1.44441_1.93272
7.41154_1.91673_1.44812
7.51762_2.39915_1.16515
7.6522_2.86909_1.54959
7.65849_3.369_1.57542
7.65187_3.8689_1.60126
7.64095_4.36873_1.57542
7.63433_4.86864_1.60126
7.62341_5.36847_1.57542
7.55204_5.84891_2.01013
7.3355_6.29953_2.03596
7.1151_6.74828_2.01013
6.97319_7.2128_1.57542
6.97518_7.71274_1.54959
6.98148_8.21265_1.57542
6.92508_8.70098_1.90927
6.75502_9.17112_1.9351
6.58091_9.63977_1.90927
6.47818_10.1177_1.52483
6.50545_10.6169_1.499
6.53702_11.1158_1.52483
6.63501_11.588_1.04023
6.92895_11.982_0.706388
7.31204_12.3033_0.680554
7.70331_12.6145_0.654719
8.10249_12.9155_0.628884
8.50424_13.2131_0.654719
8.83556_13.5635_1.13932
8.9655_14.0279_1.62391
8.91765_14.5243_1.75298
8.90631_15.0064_1.26838
9.05931_15.4824_1.24254
9.22456_15.9542_1.21671
9.3182_16.4273_1.70131
9.18069_16.8895_2.18591
8.86421_17.2713_2.41776
8.55788_17.6438_1.93316
8.46032_18.1161_1.44856
8.59401_18.5794_0.963962
8.80297_19.014_1.44856
8.93666_19.4773_0.963962
9.24997_19.8618_0.732112
9.62468_20.1928_0.706278
9.94556_20.5574_1.14098
10.1169_21.0228_1.37283
10.1671_21.3333_1.48685
10.1961_21.832_1.56433
10.123_22.3086_2.04893
9.83621_22.6963_2.53353
9.55228_22.9522_2.15095
9.22753_23.3087_2.63555
8.7741_23.4729_3.12015
8.29639_23.4069_3.60475
8.06924_23.2791_3.75368
7.64017_23.0344_3.47071
7.61584_23.0263_3.4452
7.13272_22.9234_3.16223
