configuration 0.916432738304_-13.7452163696_0.573727795176_0.819046040857_7.25410509109_23.1360397339_0.890376127727_0.455225604699
length 45.1499
time 15.4686
roughness 0.00396683
0.916433_-13.7452_1.2221
1.15074_-13.3237_0.737502
1.54583_-13.0273_0.454534
1.99311_-12.8039_0.480369
2.43001_-12.5617_0.55785
2.85643_-12.3007_0.532016
3.28508_-12.0434_0.55785
3.64874_-11.7267_1.04245
3.82298_-11.277_1.52705
3.91993_-10.8046_1.04245
4.09417_-10.355_1.52705
4.11718_-9.90823_1.50393
4.07298_-9.42802_1.98853
3.92425_-8.95949_1.65468
3.80843_-8.49136_2.13928
3.61969_-8.24757_2.41383
3.31483_-7.87393_1.92923
3.21913_-7.40128_1.44463
3.35463_-6.93847_0.960037
3.65794_-6.54255_0.830974
3.99179_-6.17041_0.856809
4.32242_-5.7954_0.830974
4.67417_-5.44182_0.701912
5.0587_-5.12231_0.676077
5.44597_-4.80613_0.701912
5.81897_-4.47384_0.779394
6.17157_-4.1194_0.805228
6.5211_-3.76194_0.779394
6.80627_-3.37306_1.26399
6.87745_-2.8961_1.74859
6.71825_-2.4409_2.23319
6.4287_-2.03482_2.10413
6.17824_-1.60213_2.07829
5.93151_-1.1673_2.10413
5.74663_-0.718149_1.66942
5.70169_-0.220224_1.64359
5.66963_0.278696_1.61775
5.66764_0.777434_1.48869
5.70435_1.27603_1.51453
5.73676_1.77493_1.48869
5.77347_2.27353_1.51453
5.80589_2.77243_1.48869
5.8426_3.27103_1.51453
5.87502_3.76993_1.48869
5.91173_4.26853_1.51453
5.94414_4.76742_1.48869
6.05913_5.23575_1.00409
6.36711_5.61889_0.670247
6.76156_5.92607_0.644413
7.09648_6.27304_1.12901
7.23119_6.73608_1.61361
7.15619_7.2219_1.94745
6.96831_7.6852_1.97329
6.77644_8.14687_1.94745
6.58855_8.61017_1.97329
6.36655_9.05543_2.15382
6.08771_9.4704_2.17966
5.80532_9.88296_2.15382
5.60676_10.3224_1.66922
5.63579_10.8038_1.18463
5.87566_11.2297_0.800188
6.23277_11.579_0.722706
6.61057_11.9065_0.696872
6.99118_12.2306_0.722706
7.39872_12.4884_0.238108
7.88706_12.5937_0.160627
8.38124_12.6694_0.134792
8.84287_12.8089_0.61939
9.18636_13.1474_1.10399
9.33262_13.6069_1.58859
9.31942_14.1067_1.61442
9.30192_14.6063_1.58859
9.28872_15.1061_1.61442
9.23724_15.601_1.79495
9.12192_16.0874_1.82079
8.99406_16.5708_1.84662
8.86205_17.053_1.82079
8.7342_17.5363_1.84662
8.60219_18.0185_1.82079
8.47434_18.5018_1.84662
8.34233_18.984_1.82079
8.21448_19.4674_1.84662
8.01148_19.9048_2.33122
7.62808_20.1973_2.81582
7.1489_20.2939_3.20026
6.66907_20.3421_2.71566
6.26691_20.6082_2.23106
6.03504_21.031_1.74646
6.02683_21.5132_1.26186
6.22696_21.9622_0.928019
6.53662_22.3542_0.850538
6.8696_22.7271_0.824703
7.13687_23.1285_1.3093
