configuration -1.36608982086_8.91640663147_-0.333444235273_0.942769824487_9.04581165314_-18.3528499603_-0.788205594687_0.615412008742
length 35.8037
time 1.65994
roughness 0.00418453
-1.36609_8.91641_-0.679909
-0.980035_8.59874_-0.705744
-0.596731_8.27776_-0.679909
-0.210676_7.9601_-0.705744
-0.210676_7.9601_-0.705744
0.201179_7.70924_-0.221146
0.682478_7.67912_0.263452
1.12239_7.87669_0.74805
1.12239_7.87669_0.74805
1.52327_8.14475_0.263452
2.00286_8.19519_-0.221146
2.45074_8.0164_-0.705744
2.45074_8.0164_-0.705744
2.76375_7.64956_-1.19034
2.9454_7.18378_-1.21618
3.12303_6.71645_-1.19034
3.12303_6.71645_-1.19034
3.34206_6.2715_-0.958492
3.63292_5.86486_-0.932658
3.93419_5.46588_-0.906823
3.93419_5.46588_-0.906823
4.23888_5.06951_-0.932658
4.54015_4.67052_-0.906823
4.84484_4.27415_-0.932658
4.84484_4.27415_-0.932658
5.08408_3.84787_-1.3171
5.20539_3.36286_-1.34293
5.32251_2.87682_-1.3171
5.32251_2.87682_-1.3171
5.50403_2.42294_-0.932658
5.8053_2.02396_-0.906823
6.10999_1.62759_-0.932658
6.10999_1.62759_-0.932658
6.34922_1.2013_-1.3171
6.47053_0.716292_-1.34293
6.58766_0.230256_-1.3171
6.58766_0.230256_-1.3171
6.7627_-0.2291_-0.98325
7.0434_-0.642808_-0.957416
7.3347_-1.04913_-0.931581
7.3347_-1.04913_-0.931581
7.67992_-1.38584_-0.446983
8.1423_-1.56518_-0.215134
8.63292_-1.65919_-0.137652
8.63292_-1.65919_-0.137652
9.12639_-1.68086_0.145316
9.61767_-1.66368_-0.188529
9.92662_-1.72787_-0.237465
9.92662_-1.72787_-0.237465
10.3715_-1.91394_-0.722063
10.6523_-2.24275_-1.15565
10.7184_-2.38548_-1.09864
10.7184_-2.38548_-1.09864
10.9497_-2.82876_-1.07281
11.1847_-3.27003_-1.09864
11.4602_-3.67378_-0.714202
11.4602_-3.67378_-0.714202
11.8159_-4.02164_-0.894735
12.1254_-4.4143_-0.92057
12.4315_-4.80962_-0.894735
12.4315_-4.80962_-0.894735
12.67_-5.22874_-1.37933
12.8354_-5.68172_-0.894735
12.8354_-5.68172_-0.894735
13.0739_-6.10084_-1.37933
13.0976_-6.58598_-1.81404
13.0568_-7.06649_-1.32944
13.0568_-7.06649_-1.32944
13.0966_-7.54708_-1.81404
12.9405_-8.01781_-2.04589
12.8094_-8.27586_-2.03093
12.8094_-8.27586_-2.03093
12.5836_-8.72189_-2.05676
12.3539_-9.16595_-2.03093
12.2107_-9.62644_-1.54633
12.2107_-9.62644_-1.54633
12.1533_-10.1088_-1.98103
11.95_-10.5655_-2.00687
11.7349_-11.0168_-2.0327
11.7349_-11.0168_-2.0327
11.5572_-11.4777_-1.74973
11.4724_-11.9704_-1.7239
11.4004_-12.4651_-1.69807
11.4004_-12.4651_-1.69807
11.2998_-12.9507_-1.92992
11.1201_-13.4173_-1.95575
10.9284_-13.879_-1.98158
10.9284_-13.879_-1.98158
10.7327_-14.3391_-1.95575
10.541_-14.8008_-1.98158
10.3453_-15.2608_-1.95575
10.3453_-15.2608_-1.95575
10.1536_-15.7226_-1.98158
9.95786_-16.1826_-1.95575
9.76614_-16.6444_-1.98158
9.76614_-16.6444_-1.98158
9.57045_-17.1044_-1.95575
9.37873_-17.5661_-1.98158
9.19939_-18.0315_-1.85252
9.19939_-18.0315_-1.85252
