configuration 0.916432738304_-13.7452163696_0.573727795176_0.819046040857_7.25410509109_23.1360397339_0.890376127727_0.455225604699
length 42.0424
time 0.879423
roughness 0.00340901
0.916433_-13.7452_1.2221
1.06655_-13.2696_1.35116
1.17127_-12.7807_1.377
1.27177_-12.291_1.35116
1.27177_-12.291_1.35116
1.3849_-11.804_1.32533
1.50221_-11.318_1.35116
1.61533_-10.831_1.32533
1.61533_-10.831_1.32533
1.77249_-10.3607_1.09348
2.00598_-9.91859_1.06764
2.25081_-9.48269_1.04181
2.25081_-9.48269_1.04181
2.42534_-9.03314_1.52641
2.42605_-8.5344_1.65547
2.34623_-8.04493_1.88732
2.34623_-8.04493_1.88732
2.27042_-7.56869_1.40272
2.4252_-7.11196_0.918123
2.74483_-6.7291_0.789061
2.74483_-6.7291_0.789061
3.13438_-6.44484_0.304463
3.61754_-6.33299_0.0726134
3.71949_-6.32213_0.174634
3.71949_-6.32213_0.174634
4.1752_-6.16437_0.659232
4.50493_-5.81247_1.14383
4.63278_-5.34749_1.62843
4.63278_-5.34749_1.62843
4.68141_-4.8677_1.14383
4.94796_-4.46582_0.659232
5.37103_-4.23438_0.174634
5.37103_-4.23438_0.174634
5.82673_-4.07661_0.659232
6.15647_-3.72472_1.14383
6.30104_-3.25776_1.52827
6.30104_-3.25776_1.52827
6.33515_-2.75938_1.45079
6.39073_-2.26253_1.47662
6.44203_-1.76522_1.45079
6.44203_-1.76522_1.45079
6.49761_-1.26837_1.47662
6.54033_-0.770245_1.50246
6.57877_-0.271775_1.47662
6.57877_-0.271775_1.47662
6.61289_0.226605_1.5541
6.62554_0.726394_1.52827
6.64249_1.22606_1.5541
6.64249_1.22606_1.5541
6.66372_1.72515_1.47662
6.71502_2.22246_1.45079
6.77915_2.71828_1.42495
6.77915_2.71828_1.42495
6.77296_3.20048_1.90955
6.54286_3.62428_2.39415
6.14182_3.8921_2.87875
6.14182_3.8921_2.87875
5.70179_4.0894_2.39415
5.40434_4.46897_1.90955
5.29304_4.94778_1.5757
5.29304_4.94778_1.5757
5.31202_5.44617_1.44664
5.3782_5.94171_1.42081
5.44865_6.43668_1.44664
5.44865_6.43668_1.44664
5.50628_6.93329_1.47248
5.55964_7.43039_1.44664
5.61728_7.927_1.47248
5.61728_7.927_1.47248
5.66207_8.42494_1.49831
5.69398_8.92387_1.52415
5.7216_9.42306_1.49831
5.7216_9.42306_1.49831
5.82538_9.89755_1.06361
6.07197_10.3325_1.03777
6.32971_10.7608_1.01194
6.32971_10.7608_1.01194
6.55125_11.2023_1.29491
6.68329_11.6845_1.32074
6.80283_12.17_1.34658
6.80283_12.17_1.34658
6.97089_12.629_0.962138
7.26699_13.0313_0.884657
7.5804_13.4209_0.910491
7.5804_13.4209_0.910491
7.8691_13.8275_1.03955
8.11866_14.2608_1.06539
8.35694_14.7003_1.09122
8.35694_14.7003_1.09122
8.63041_15.1088_0.757377
9.00214_15.4425_0.679896
9.41364_15.7157_0.396928
9.41364_15.7157_0.396928
9.82335_15.97_0.881526
10.0674_16.386_1.36612
10.0896_16.8677_1.85072
10.0896_16.8677_1.85072
9.90925_17.3276_2.13369
9.63883_17.7481_2.15952
9.3648_18.1662_2.13369
9.3648_18.1662_2.13369
9.12502_18.6022_1.95316
8.93449_19.0644_1.97899
8.73999_19.525_1.95316
8.73999_19.525_1.95316
8.54947_19.9872_1.97899
8.35497_20.4477_1.95316
8.16445_20.91_1.97899
8.16445_20.91_1.97899
7.96995_21.3705_1.95316
7.77943_21.8328_1.97899
7.58493_22.2933_1.95316
7.58493_22.2933_1.95316
7.37193_22.743_2.13369
7.1683_23.0807_2.07252
7.1683_23.0807_2.07252
