configuration -1.36608982086_8.91640663147_-0.333444235273_0.942769824487_9.04581165314_-18.3528499603_-0.788205594687_0.615412008742
length 36.4965
time 2.05173
roughness 0.00362989
-1.36609_8.91641_-0.679909
-0.985864_8.59241_-0.757391
-0.619641_8.25207_-0.731556
-0.2505_7.9149_-0.757391
-0.2505_7.9149_-0.757391
0.109807_7.5683_-0.783225
0.467117_7.21862_-0.757391
0.83334_6.87828_-0.731556
0.83334_6.87828_-0.731556
1.13679_6.50348_-1.21615
1.30635_6.03316_-1.24199
1.46371_5.55862_-1.26782
1.46371_5.55862_-1.26782
1.65458_5.10304_-0.984855
1.92745_4.68412_-1.01069
2.1967_4.26287_-0.984855
2.1967_4.26287_-0.984855
2.45439_3.83586_-1.11392
2.6788_3.3891_-1.08808
2.90704_2.9443_-1.11392
2.90704_2.9443_-1.11392
3.09935_2.48543_-1.29445
3.23989_2.00564_-1.26862
3.38456_1.52708_-1.29445
3.38456_1.52708_-1.29445
3.58779_1.08975_-0.809853
3.95639_0.757963_-0.578003
4.37747_0.48843_-0.552168
4.37747_0.48843_-0.552168
4.74292_0.173787_-1.03677
4.97002_-0.268898_-1.2173
5.14712_-0.736427_-1.19146
5.14712_-0.736427_-1.19146
5.39423_-1.15055_-0.706867
5.78233_-1.46506_-0.629385
6.18394_-1.76283_-0.65522
6.18394_-1.76283_-0.65522
6.60793_-1.99257_-0.170622
7.09014_-1.99834_0.313976
7.51951_-1.7788_0.798574
7.51951_-1.7788_0.798574
7.8992_-1.46658_0.464729
8.35903_-1.32127_-0.0198694
8.35903_-1.32127_-0.0198694
8.8336_-1.40691_-0.504467
9.24804_-1.6793_-0.736317
9.61557_-2.01822_-0.762151
9.61557_-2.01822_-0.762151
9.9857_-2.35371_-0.68467
10.3757_-2.66654_-0.658835
10.7736_-2.96919_-0.633001
10.7736_-2.96919_-0.633001
11.1355_-3.30187_-0.966846
11.4159_-3.71581_-0.992681
11.4159_-3.71581_-0.992681
11.678_-4.14108_-1.07016
11.9141_-4.58173_-1.096
12.1741_-5.00406_-0.864147
12.1741_-5.00406_-0.864147
12.4886_-5.39224_-0.941629
12.7819_-5.76265_-0.819359
12.7819_-5.76265_-0.819359
13.0514_-6.16262_-1.30396
13.0952_-6.38867_-1.5335
13.0963_-6.43994_-1.58451
13.0963_-6.43994_-1.58451
13.068_-6.93789_-1.71358
12.9926_-7.43212_-1.73941
12.8798_-7.9167_-1.91994
12.8798_-7.9167_-1.91994
12.831_-8.03517_-2.04747
12.831_-8.03517_-2.04747
12.6214_-8.48773_-1.91841
12.4634_-8.96164_-1.84093
12.2947_-9.428_-2.07278
12.2947_-9.428_-2.07278
12.0737_-9.87511_-1.94371
11.8956_-10.3423_-1.91788
11.7296_-10.8138_-1.89204
11.7296_-10.8138_-1.89204
11.5841_-11.2917_-1.81456
11.4677_-11.7779_-1.78873
11.3554_-12.2651_-1.81456
11.3554_-12.2651_-1.81456
11.1665_-12.7088_-2.29916
10.7927_-13.0135_-2.78376
10.3435_-13.1151_-3.19558
10.3435_-13.1151_-3.19558
9.86388_-13.1655_-2.71098
9.46297_-13.4335_-2.22639
9.23307_-13.8574_-1.74179
9.23307_-13.8574_-1.74179
9.1694_-14.352_-1.61273
9.15274_-14.8517_-1.58689
9.14039_-15.3515_-1.61273
9.14039_-15.3515_-1.61273
9.12374_-15.8512_-1.58689
9.11139_-16.351_-1.61273
9.09473_-16.8507_-1.58689
9.09473_-16.8507_-1.58689
9.12491_-17.3457_-1.35504
9.24441_-17.8307_-1.27756
9.30912_-18.3086_-1.76216
9.30912_-18.3086_-1.76216
