configuration -11.6824054718_1.45032453537_1.45032453537_1.45032453537_24.2991828918_-14.4915781021_0.382683601539_0.382683601539
length 48.5324
time 1.57068
roughness 0.00332065
-11.6824_1.45032_2.22212
-11.9105_1.87522_1.73752
-11.9144_2.35744_1.25292
-11.6932_2.78595_0.768326
-11.6932_2.78595_0.768326
-11.2978_3.06208_0.283728
-10.8193_3.12224_-0.20087
-10.3424_2.98621_-0.43272
-10.3424_2.98621_-0.43272
-9.87818_2.85569_0.0518782
-9.38014_2.89446_0.12936
-9.38014_2.89446_0.12936
-8.91232_3.02505_0.564063
-8.50268_3.30955_0.693125
-8.08769_3.55519_0.208527
-8.08769_3.55519_0.208527
-7.60464_3.67931_0.33759
-7.13435_3.84895_0.363424
-6.66554_4.02264_0.33759
-6.66554_4.02264_0.33759
-6.20248_4.20789_0.466652
-5.75794_4.43666_0.492487
-5.31946_4.67683_0.518321
-5.31946_4.67683_0.518321
-5.16921_4.7746_0.696857
-5.14968_4.79122_0.722362
-5.13058_4.80834_0.747867
-5.13058_4.80834_0.747867
-4.77984_5.16291_0.87693
-4.46344_5.55_0.902764
-4.15038_5.9398_0.87693
-4.15038_5.9398_0.87693
-3.78728_6.25716_0.392332
-3.31815_6.36882_-0.092266
-2.85101_6.24908_-0.576864
-2.85101_6.24908_-0.576864
-2.42963_5.98003_-0.551029
-2.00595_5.71461_-0.576864
-1.58457_5.44556_-0.551029
-1.58457_5.44556_-0.551029
-1.16586_5.17311_-0.628511
-0.763992_4.8757_-0.654346
-0.364704_4.57484_-0.628511
-0.364704_4.57484_-0.628511
0.0371613_4.27743_-0.654346
0.43645_3.97657_-0.628511
0.838315_3.67915_-0.654346
0.838315_3.67915_-0.654346
1.2376_3.37829_-0.628511
1.64453_3.08784_-0.602676
2.05394_2.80091_-0.628511
2.05394_2.80091_-0.628511
2.46548_2.51774_-0.551029
2.88916_2.25232_-0.576864
3.31054_1.98327_-0.551029
3.31054_1.98327_-0.551029
3.71185_1.69189_-0.782879
4.06321_1.33622_-0.808713
4.40526_0.971602_-0.834548
4.40526_0.971602_-0.834548
4.77934_0.661791_-0.399845
5.24434_0.479272_-0.322363
5.71989_0.324973_-0.296529
5.71989_0.324973_-0.296529
6.20372_0.225504_-0.0135608
6.70323_0.231626_0.0639208
7.1833_0.186007_-0.420677
7.1833_0.186007_-0.420677
7.58685_-0.0780051_-0.905275
7.85413_-0.493393_-1.18824
7.97612_-0.81273_-1.24126
7.97612_-0.81273_-1.24126
8.20231_-1.23863_-0.756659
8.60086_-1.51013_-0.272061
9.05693_-1.69357_-0.605906
9.05693_-1.69357_-0.605906
9.18751_-1.77466_-0.452875
9.18751_-1.77466_-0.452875
9.64882_-1.95672_-0.221026
10.1389_-2.05362_-0.143544
10.6211_-2.04633_0.341054
10.6211_-2.04633_0.341054
11.0953_-1.95886_-0.143544
11.5557_-2.10239_-0.628142
11.9334_-2.42382_-0.859992
11.9334_-2.42382_-0.859992
12.1863_-2.8344_-1.34459
12.3674_-3.28136_-0.859992
12.651_-3.53756_-0.477414
12.651_-3.53756_-0.477414
13.0462_-3.81988_-0.912117
13.3488_-4.21786_-0.937952
13.641_-4.62352_-0.963787
13.641_-4.62352_-0.963787
13.8501_-5.0581_-1.44838
13.856_-5.54964_-1.78223
13.7386_-6.03519_-1.85971
13.7386_-6.03519_-1.85971
13.6759_-6.51335_-1.37511
13.8433_-6.96563_-0.890516
14.1733_-7.33952_-0.761453
14.1733_-7.33952_-0.761453
14.5322_-7.68757_-0.787288
14.882_-8.04478_-0.813122
15.2287_-8.40499_-0.787288
15.2287_-8.40499_-0.787288
15.6004_-8.73576_-0.606755
16.0135_-9.01729_-0.58092
16.4338_-9.28805_-0.555086
16.4338_-9.28805_-0.555086
16.8274_-9.58653_-0.838054
17.1586_-9.96103_-0.863888
17.48_-10.344_-0.889723
17.48_-10.344_-0.889723
17.8297_-10.6895_-0.555877
18.2566_-10.9496_-0.530043
18.6858_-11.2061_-0.555877
18.6858_-11.2061_-0.555877
19.1127_-11.4662_-0.530043
19.5462_-11.7153_-0.504208
19.9819_-11.9605_-0.530043
19.9819_-11.9605_-0.530043
20.369_-12.259_-0.914481
20.6635_-12.6625_-0.991962
20.9334_-13.0834_-1.0178
20.9334_-13.0834_-1.0178
21.1688_-13.5217_-1.19833
21.3468_-13.9889_-1.22416
21.5207_-14.4576_-1.19833
21.5207_-14.4576_-1.19833
21.7649_-14.8734_-0.713732
22.1748_-15.1276_-0.229134
22.6558_-15.1615_0.255464
22.6558_-15.1615_0.255464
23.1325_-15.0149_0.384526
23.5943_-14.8233_0.410361
24.0544_-14.6279_0.384526
24.0544_-14.6279_0.384526
