configuration -1.36608982086_8.91640663147_-0.333444235273_0.942769824487_9.04581165314_-18.3528499603_-0.788205594687_0.615412008742
length 36.6017
time 1.19362
roughness 0.00393193
-1.36609_8.91641_-0.679909
-1.03571_8.56037_-1.11461
-0.819339_8.10966_-1.14045
-0.60686_7.65711_-1.11461
-0.60686_7.65711_-1.11461
-0.398447_7.20312_-1.19209
-0.217615_6.73702_-1.21793
-0.0408035_6.26938_-1.19209
-0.0408035_6.26938_-1.19209
0.206042_5.8551_-0.707496
0.602886_5.55501_-0.526963
1.03283_5.29987_-0.552797
1.03283_5.29987_-0.552797
1.39809_4.98499_-1.0374
1.6249_4.54217_-1.21793
1.79364_4.07155_-1.24376
1.79364_4.07155_-1.24376
2.00792_3.63219_-0.859325
2.33761_3.25635_-0.83349
2.67052_2.88337_-0.859325
2.67052_2.88337_-0.859325
2.98683_2.49672_-0.936806
3.2795_2.09139_-0.962641
3.5616_1.67863_-0.988475
3.5616_1.67863_-0.988475
3.80169_1.24468_-1.22032
3.97738_0.776622_-1.19449
4.15709_0.31009_-1.22032
4.15709_0.31009_-1.22032
4.39215_-0.110987_-0.735727
4.7963_-0.374082_-0.251129
5.27648_-0.41861_0.233469
5.27648_-0.41861_0.233469
5.75737_-0.382568_-0.251129
6.22223_-0.549572_-0.534097
6.64549_-0.814887_-0.611579
6.64549_-0.814887_-0.611579
7.06176_-1.09105_-0.534097
7.49426_-1.34185_-0.508263
7.9289_-1.5889_-0.534097
7.9289_-1.5889_-0.534097
8.37755_-1.76573_-0.0494992
8.86492_-1.72801_0.334939
9.33969_-1.64344_-0.149659
9.33969_-1.64344_-0.149659
9.83523_-1.68798_0.0308738
10.3348_-1.66824_0.0567083
10.8145_-1.71732_-0.42789
10.8145_-1.71732_-0.42789
11.2162_-1.98424_-0.912488
11.4472_-2.40752_-1.39709
11.5122_-2.90201_-1.52615
11.5122_-2.90201_-1.52615
11.5046_-3.39949_-1.70668
11.4326_-3.89423_-1.73252
11.3478_-4.38694_-1.75835
11.3478_-4.38694_-1.75835
11.3339_-4.86898_-1.27375
11.5461_-5.30201_-0.789154
11.9172_-5.63347_-0.608621
11.9172_-5.63347_-0.608621
12.3195_-5.92957_-0.686103
12.7036_-6.24962_-0.711937
13.0849_-6.57296_-0.686103
13.0849_-6.57296_-0.686103
13.4051_-6.93359_-1.1707
13.5204_-7.40184_-1.6553
13.4328_-7.88796_-1.93827
13.4328_-7.88796_-1.93827
13.1906_-8.30498_-2.42286
12.8015_-8.61694_-2.55193
12.4481_-8.94506_-2.06733
12.4481_-8.94506_-2.06733
12.2295_-9.39338_-1.93827
12.054_-9.86148_-1.91243
11.8905_-10.334_-1.8866
11.8905_-10.334_-1.8866
11.7312_-10.8078_-1.91243
11.5677_-11.2803_-1.8866
11.4165_-11.7569_-1.86076
11.4165_-11.7569_-1.86076
11.2695_-12.2347_-1.8866
11.1101_-12.7086_-1.91243
10.9386_-13.1782_-1.93827
10.9386_-13.1782_-1.93827
10.7965_-13.6533_-1.70642
10.7418_-14.1499_-1.62894
10.6381_-14.6208_-2.11353
10.6381_-14.6208_-2.11353
10.399_-15.0585_-1.98447
10.202_-15.518_-1.95864
10.0169_-15.9825_-1.9328
10.0169_-15.9825_-1.9328
9.83586_-16.4485_-1.95864
9.64281_-16.9096_-1.98447
9.44579_-17.3691_-1.95864
9.44579_-17.3691_-1.95864
9.26071_-17.8336_-1.9328
9.08768_-18.3026_-1.90697
9.08768_-18.3026_-1.90697
