configuration -11.6824054718_1.45032453537_1.45032453537_1.45032453537_24.2991828918_-14.4915781021_0.382683601539_0.382683601539
length 48.6528
time 3.15906
roughness 0.0029344
-11.6824_1.45032_2.22212
-11.9105_1.87522_1.73752
-11.9144_2.35744_1.25292
-11.6932_2.78595_0.768326
-11.6932_2.78595_0.768326
-11.2978_3.06208_0.283728
-10.8124_3.16389_0.0518782
-10.313_3.18551_0.0260436
-10.313_3.18551_0.0260436
-9.83495_3.12175_-0.458554
-9.38146_2.91226_-0.381073
-9.30936_2.88545_-0.304557
-9.30936_2.88545_-0.304557
-8.83225_2.81534_0.180041
-8.37163_2.96946_0.614744
-8.02657_3.30634_1.09934
-8.02657_3.30634_1.09934
-7.75643_3.71704_0.765496
-7.75643_3.71704_0.765496
-7.40529_4.07235_0.842978
-7.07593_4.44848_0.868812
-6.71027_4.76288_0.384214
-6.71027_4.76288_0.384214
-6.29736_5.012_0.868812
-6.03971_5.42374_1.30352
-5.92877_5.90999_1.43258
-5.92877_5.90999_1.43258
-5.7877_6.37114_0.94798
-5.46829_6.75051_0.71613
-5.08834_7.07546_0.690296
-5.08834_7.07546_0.690296
-4.67266_7.31993_0.205698
-4.36788_7.35216_-0.100364
-4.29157_7.34253_-0.17688
-4.29157_7.34253_-0.17688
-3.8002_7.25033_-0.202714
-3.30964_7.15389_-0.17688
-2.82748_7.14511_0.307718
-2.82748_7.14511_0.307718
-2.35059_7.21672_-0.17688
-1.89524_7.05793_-0.661477
-1.50911_6.741_-0.738959
-1.50911_6.741_-0.738959
-1.13667_6.40747_-0.713124
-0.755749_6.08367_-0.68729
-0.37205_5.76316_-0.713124
-0.37205_5.76316_-0.713124
0.00324233_5.43285_-0.738959
0.369877_5.09296_-0.764794
0.733571_4.74992_-0.738959
0.733571_4.74992_-0.738959
1.106_4.41638_-0.713124
1.4813_4.08607_-0.738959
1.85373_3.75254_-0.713124
1.85373_3.75254_-0.713124
2.22902_3.42223_-0.738959
2.60146_3.0887_-0.713124
2.97675_2.75839_-0.738959
2.97675_2.75839_-0.738959
3.35456_2.43158_-0.661477
3.7464_2.12108_-0.687312
4.13556_1.80722_-0.661477
4.13556_1.80722_-0.661477
4.5274_1.49673_-0.687312
4.91656_1.18287_-0.661477
5.3084_0.872371_-0.687312
5.3084_0.872371_-0.687312
5.69756_0.558512_-0.661477
6.0894_0.248015_-0.687312
6.47856_-0.0658441_-0.661477
6.47856_-0.0658441_-0.661477
6.8704_-0.376341_-0.687312
7.25409_-0.696855_-0.713147
7.62938_-1.02717_-0.738981
7.62938_-1.02717_-0.738981
8.00718_-1.35399_-0.6615
8.39902_-1.6645_-0.687334
8.78817_-1.97837_-0.6615
8.78817_-1.97837_-0.6615
9.21071_-2.21077_-0.176902
9.64777_-2.23855_0.167069
9.64777_-2.23855_0.167069
10.13_-2.23449_-0.317529
10.5714_-2.44459_-0.701967
10.9503_-2.77069_-0.727801
10.9503_-2.77069_-0.727801
11.3207_-3.10647_-0.753636
11.6823_-3.45171_-0.77947
12.041_-3.80005_-0.753636
12.041_-3.80005_-0.753636
12.3827_-4.16167_-0.934169
12.6764_-4.56623_-0.960003
12.9667_-4.9733_-0.934169
12.9667_-4.9733_-0.934169
13.2673_-5.37273_-0.908334
13.5493_-5.78269_-1.08887
13.6847_-6.0385_-1.07391
13.6847_-6.0385_-1.07391
13.9747_-6.42816_-0.639207
14.3785_-6.72295_-0.613373
14.7848_-7.01424_-0.639207
14.7848_-7.01424_-0.639207
15.1779_-7.3225_-0.716689
15.552_-7.65415_-0.742524
15.9174_-7.99535_-0.768358
15.9174_-7.99535_-0.768358
16.2608_-8.35703_-0.897421
16.5692_-8.75053_-0.923255
16.8742_-9.14666_-0.897421
16.8742_-9.14666_-0.897421
17.2171_-9.50225_-0.614452
17.628_-9.78695_-0.588618
18.0414_-10.0681_-0.614452
18.0414_-10.0681_-0.614452
18.43_-10.3788_-0.794985
18.777_-10.7387_-0.82082
19.1147_-11.1074_-0.846655
19.1147_-11.1074_-0.846655
19.4751_-11.4452_-0.563686
19.9_-11.7086_-0.537852
20.3271_-11.9685_-0.563686
20.3271_-11.9685_-0.563686
20.6889_-12.2873_-1.04828
20.8606_-12.738_-1.53288
20.9335_-13.1956_-1.16868
20.9335_-13.1956_-1.16868
21.1899_-13.604_-0.68408
21.5851_-13.9096_-0.606598
21.9329_-14.2436_-1.0912
21.9329_-14.2436_-1.0912
22.2202_-14.6309_-0.606598
22.6549_-14.8398_-0.122001
23.1464_-14.8455_0.211845
23.1464_-14.8455_0.211845
23.6319_-14.7279_0.289326
24.1069_-14.5731_0.366808
24.1069_-14.5731_0.366808
