configuration -26.5221767426_12.7890510559_0.0_1.0_-6.20937108994_31.1862716675_0.294171904018_0.955752525964
length 37.1916
time 1.96254
roughness 0.00515685
-26.5222_12.7891_-0
-26.0255_12.7592_-0.180533
-25.5596_12.6114_-0.564971
-25.1995_12.3939_-0.499723
-25.1995_12.3939_-0.499723
-24.745_12.2326_-0.0151254
-24.2677_12.3016_0.469473
-23.833_12.5461_0.598535
-23.833_12.5461_0.598535
-23.4396_12.8506_0.779068
-23.0472_13.1309_0.29447
-23.0472_13.1309_0.29447
-22.5953_13.3246_0.628315
-22.1989_13.6285_0.705797
-21.8016_13.9279_0.525264
-21.8016_13.9279_0.525264
-21.3514_14.1008_0.040666
-20.8725_14.044_-0.443932
-20.4097_13.9083_0.040666
-20.4097_13.9083_0.040666
-19.9227_13.8663_-0.343772
-19.4535_13.6937_-0.369606
-18.9889_13.5091_-0.395441
-18.9889_13.5091_-0.395441
-18.5186_13.3877_0.039262
-18.0192_13.4117_0.0650965
-17.5206_13.4485_0.0909311
-17.5206_13.4485_0.0909311
-17.3936_13.4654_0.218457
-17.3936_13.4654_0.218457
-16.9152_13.6022_0.39899
-16.4601_13.8081_0.476471
-16.002_13.9588_-0.00812653
-16.002_13.9588_-0.00812653
-15.513_14.009_0.325719
-15.0684_14.1713_0.399122
-15.0684_14.1713_0.399122
-14.6176_14.3847_0.528185
-14.188_14.6404_0.554019
-13.7474_14.8681_0.32217
-13.7474_14.8681_0.32217
-13.3199_15.0911_0.806768
-13.0455_15.4877_1.29137
-12.9874_15.9664_1.77596
-12.9874_15.9664_1.77596
-13.0098_16.4481_1.29137
-12.8518_16.9212_1.1623
-12.6492_17.3783_1.13647
-12.6492_17.3783_1.13647
-12.4349_17.83_1.11063
-12.2168_18.2798_1.13647
-12.0025_18.7315_1.11063
-12.0025_18.7315_1.11063
-11.8593_19.192_1.59523
-11.8929_19.6896_1.72429
-11.9736_20.183_1.75013
-11.9736_20.183_1.75013
-12.1335_20.6379_2.23473
-12.4869_20.966_2.71933
-12.9548_21.1169_3.05317
-12.9548_21.1169_3.05317
-13.4224_21.2348_2.56857
-13.7812_21.557_2.08397
-14.0151_21.9984_2.00649
-14.0151_21.9984_2.00649
-14.147_22.4622_1.52189
-14.0545_22.9391_1.08719
-13.8182_23.3797_1.06136
-13.8182_23.3797_1.06136
-13.6525_23.8325_1.54596
-13.7168_24.3105_2.03055
-13.9446_24.6481_2.43864
-13.9446_24.6481_2.43864
-14.2586_25.0141_1.95404
-14.366_25.4842_1.46944
-14.2421_25.9503_0.984842
-14.2421_25.9503_0.984842
-14.1088_26.1978_1.2654
-14.1088_26.1978_1.2654
-13.9794_26.6794_1.39446
-13.8959_27.1724_1.4203
-13.792_27.6589_1.23976
-13.792_27.6589_1.23976
-13.5651_28.0845_0.755165
-13.1722_28.38_0.421319
-12.7143_28.5805_0.395485
-12.7143_28.5805_0.395485
-12.2546_28.7771_0.421319
-11.8001_28.9854_0.447154
-11.3475_29.1977_0.421319
-11.3475_29.1977_0.421319
-10.8895_29.3982_0.395485
-10.4265_29.5869_0.36965
-9.95881_29.7635_0.343816
-9.95881_29.7635_0.343816
-9.48959_29.9361_0.36965
-9.02187_30.1127_0.343816
-8.55265_30.2852_0.36965
-8.55265_30.2852_0.36965
-8.08493_30.4618_0.343816
-7.61571_30.6344_0.36965
-7.1511_30.819_0.395485
-7.1511_30.819_0.395485
-6.6881_31.0077_0.36965
-6.22711_31.2001_0.447132
-6.22711_31.2001_0.447132
