configuration -26.5221767426_12.7890510559_0.0_1.0_-6.20937108994_31.1862716675_0.294171904018_0.955752525964
length 40.9482
time 1.29566
roughness 0.00372925
-26.5222_12.7891_-0
-26.0336_12.8432_0.333845
-25.5627_13.0111_0.35968
-25.0962_13.1911_0.385514
-25.0962_13.1911_0.385514
-24.658_13.4189_0.668483
-24.2683_13.7321_0.694317
-23.8813_14.0487_0.668483
-23.8813_14.0487_0.668483
-23.4974_14.3683_0.745964
-23.1332_14.7107_0.771799
-22.7779_15.0625_0.797633
-22.7779_15.0625_0.797633
-22.4319_15.4233_0.823468
-22.0889_15.7871_0.797633
-21.7428_16.1479_0.823468
-21.7428_16.1479_0.823468
-21.3633_16.4454_0.33887
-20.8889_16.5318_-0.145728
-20.4288_16.3873_-0.630326
-20.4288_16.3873_-0.630326
-20.089_16.0451_-1.11492
-19.8807_15.591_-1.19241
-19.7001_15.1249_-1.21824
-19.7001_15.1249_-1.21824
-19.4641_14.7043_-0.733642
-19.0594_14.442_-0.249044
-18.5792_14.3985_0.235554
-18.5792_14.3985_0.235554
-18.0896_14.494_0.106491
-17.5921_14.5428_0.0806567
-17.0941_14.5874_0.106491
-17.0941_14.5874_0.106491
-16.6065_14.6779_0.338341
-16.1363_14.8479_0.364175
-15.6677_15.0219_0.338341
-15.6677_15.0219_0.338341
-15.1888_15.133_0.00449544
-14.6889_15.1309_-0.0213391
-14.1891_15.116_-0.0471737
-14.1891_15.116_-0.0471737
-13.6924_15.0711_-0.176236
-13.2103_15.0626_0.308362
-13.2103_15.0626_0.308362
-12.7797_15.2797_0.79296
-12.4834_15.6685_1.1774
-12.2957_16.1319_1.20323
-12.2957_16.1319_1.20323
-12.1283_16.6026_1.28071
-11.9812_17.0804_1.25488
-11.83_17.5569_1.28071
-11.83_17.5569_1.28071
-11.6748_18.0318_1.20323
-11.4911_18.4968_1.1774
-11.2955_18.9568_1.15156
-11.2955_18.9568_1.15156
-11.1376_19.4249_1.43453
-11.0739_19.9207_1.46037
-11.0145_20.4172_1.43453
-11.0145_20.4172_1.43453
-11.0253_20.8993_1.91913
-11.2595_21.3209_2.40373
-11.6426_21.6402_2.53279
-11.6426_21.6402_2.53279
-12.0768_21.85_3.01739
-12.5587_21.8334_3.50199
-13.0312_21.7368_3.01739
-13.0312_21.7368_3.01739
-13.5203_21.8279_2.83685
-13.9928_21.9901_2.75937
-14.4062_22.2384_2.27478
-14.4062_22.2384_2.27478
-14.6972_22.64_2.04293
-14.9728_23.0437_2.42736
-15.2889_23.3218_2.40561
-15.2889_23.3218_2.40561
-15.5906_23.698_1.92101
-15.6825_24.1714_1.43641
-15.5432_24.6331_0.951814
-15.5432_24.6331_0.951814
-15.2566_25.0427_0.977649
-14.9807_25.4597_1.00348
-14.7084_25.879_0.977649
-14.7084_25.879_0.977649
-14.4254_26.2911_0.951814
-14.1319_26.6958_0.92598
-13.9065_27.1222_1.41058
-13.9065_27.1222_1.41058
-13.7553_27.5801_0.92598
-13.4082_27.9149_0.441382
-12.9512_28.1165_0.3639
-12.9512_28.1165_0.3639
-12.4754_28.2398_0.0300548
-11.9755_28.2505_0.00422026
-11.4756_28.257_0.0300548
-11.4756_28.257_0.0300548
-11.0019_28.3474_0.514653
-10.5787_28.6113_0.643715
-10.1814_28.9148_0.66955
-10.1814_28.9148_0.66955
-9.77745_29.2073_0.540487
-9.34656_29.4608_0.514653
-8.90927_29.7032_0.488818
-8.90927_29.7032_0.488818
-8.46991_29.9417_0.514653
-8.03686_30.1916_0.540487
-7.6104_30.4525_0.566322
-7.6104_30.4525_0.566322
-7.18207_30.7095_0.48884
-6.73867_30.9405_0.463006
-6.29763_31.1751_0.540487
-6.29763_31.1751_0.540487
