configuration -0.154660820961_0.194828033447_-0.382683650256_0.923879442258_17.3081588745_3.5618417263_0.0_1.0
length 30.903
time 0.595198
roughness 0.00570298
-0.154661_0.194828_-0.785399
0.152536_-0.188938_-1.11924
0.366814_-0.64064_-1.14508
0.577194_-1.09417_-1.11924
0.577194_-1.09417_-1.11924
0.853537_-1.48938_-0.634646
1.27909_-1.73546_-0.300801
1.75785_-1.87947_-0.274966
1.75785_-1.87947_-0.274966
2.20776_-2.07059_-0.659404
2.60025_-2.38028_-0.685239
2.9846_-2.69999_-0.711073
2.9846_-2.69999_-0.711073
3.36619_-3.02301_-0.685239
3.756_-3.33606_-0.659404
4.17903_-3.56758_-0.174806
4.17903_-3.56758_-0.174806
4.63471_-3.72542_-0.659404
5.00215_-4.0585_-0.891254
5.30595_-4.45505_-0.968735
5.30595_-4.45505_-0.968735
5.63842_-4.80436_-0.484137
6.09535_-4.95856_0.000460762
6.57149_-4.88215_0.485059
6.57149_-4.88215_0.485059
6.96456_-4.59682_0.919762
7.2641_-4.19653_0.945596
7.56018_-3.79369_0.919762
7.56018_-3.79369_0.919762
7.89499_-3.43052_0.636794
8.29438_-3.12979_0.662628
8.69116_-2.82563_0.636794
8.69116_-2.82563_0.636794
9.09055_-2.5249_0.662628
9.48733_-2.22075_0.636794
9.89184_-1.92694_0.610959
9.89184_-1.92694_0.610959
10.2382_-1.59136_1.09556
10.3883_-1.13309_1.58015
10.3077_-0.65764_2.06475
10.3077_-0.65764_2.06475
10.0148_-0.274501_2.54935
9.59762_0.000999769_2.57519
9.17345_0.265632_2.60102
9.17345_0.265632_2.60102
8.80437_0.576017_2.11642
8.62239_1.0226_1.63182
8.57647_1.35668_1.86024
8.57647_1.35668_1.86024
8.41372_1.82812_1.98931
8.19899_2.27916_2.06679
7.96486_2.7209_2.04095
7.96486_2.7209_2.04095
7.81706_3.17993_1.55636
7.90012_3.65497_1.07176
8.06111_4.10954_1.55636
8.06111_4.10954_1.55636
8.14417_4.58457_1.07176
8.43896_4.96622_0.58716
8.84192_5.2601_0.716222
8.84192_5.2601_0.716222
9.25112_5.51526_0.231625
9.74114_5.59165_-0.000224952
10.2411_5.59584_0.0256096
10.2411_5.59584_0.0256096
10.7339_5.5622_-0.257359
11.2162_5.43079_-0.283193
11.6975_5.29524_-0.257359
11.6975_5.29524_-0.257359
12.1562_5.11852_-0.591204
12.5689_4.8363_-0.617038
12.9791_4.55054_-0.591204
12.9791_4.55054_-0.591204
13.4149_4.32318_-0.257359
13.9011_4.20854_-0.179877
14.3922_4.11486_-0.205711
14.3922_4.11486_-0.205711
14.8825_4.01696_-0.179877
15.3736_3.92328_-0.205711
15.8639_3.82538_-0.179877
15.8639_3.82538_-0.179877
16.355_3.7317_-0.205711
16.8472_3.65948_-0.0251785
17.3187_3.62837_-0.147448
17.3187_3.62837_-0.147448
