configuration -26.5221767426_12.7890510559_0.0_1.0_-6.20937108994_31.1862716675_0.294171904018_0.955752525964
length 39.8999
time 0.882531
roughness 0.0043289
-26.5222_12.7891_-0
-26.046_12.8652_0.484598
-25.6528_13.1504_0.919301
-25.3531_13.5505_0.945135
-25.038_13.9356_0.764602
-24.6743_14.2786_0.738768
-24.3076_14.6184_0.764602
-23.9561_14.9734_0.842084
-23.62_15.3435_0.816249
-23.2807_15.7107_0.842084
-22.9068_16.0152_0.357486
-22.434_16.1105_-0.127112
-21.9713_15.9745_-0.61171
-21.5699_15.6772_-0.689191
-21.1868_15.356_-0.715026
-20.8122_15.0249_-0.74086
-20.435_14.6974_-0.663379
-20.0384_14.3929_-0.637544
-19.6393_14.0919_-0.663379
-19.2171_13.8587_-0.178781
-18.7231_13.7998_0.00175205
-18.2232_13.805_0.0275866
-17.7493_13.8943_0.512185
-17.3716_14.194_0.996782
-17.177_14.6353_1.48138
-17.0586_15.1028_0.996782
-16.736_15.4612_0.512185
-16.2836_15.6282_0.0275866
-15.8011_15.5723_-0.407116
-15.3476_15.3628_-0.484598
-14.9033_15.1337_-0.458763
-14.4411_14.9743_-0.0743255
-13.9422_14.9501_0.00315609
-13.444_14.9731_0.132218
-12.982_15.1114_0.616816
-12.6376_15.449_1.10141
-12.4232_15.9002_1.1789
-12.3035_16.3709_1.6136
-12.3378_16.8693_1.69108
-12.4135_17.3357_1.81335
-12.554_17.8143_1.94241
-12.7473_18.2749_2.01989
-13.0025_18.6978_2.30286
-13.3614_19.0401_2.53471
-13.7745_19.3217_2.56055
-14.2143_19.5194_3.04514
-14.681_19.6411_2.56055
-15.0372_19.9661_2.07595
-15.201_20.4197_1.59135
-15.2326_20.9175_1.72041
-15.3198_21.4093_1.79789
-15.5013_21.8561_2.28249
-15.7546_22.2665_1.79789
-15.8118_22.7547_1.46405
-15.8368_23.2363_1.94865
-15.9417_23.707_1.46405
-15.8217_24.1777_1.02935
-15.5604_24.6039_1.00351
-15.2954_25.0278_1.02935
-15.0414_25.4585_1.05518
-14.7912_25.8913_1.02935
-14.5298_26.3175_1.00351
-14.2576_26.7368_0.977677
-13.9746_27.1489_0.951842
-13.6393_27.5004_0.517139
-13.1988_27.7361_0.439658
-12.7483_27.9527_0.465492
-12.2996_28.1733_0.439658
-11.8491_28.39_0.465492
-11.4004_28.6105_0.439658
-10.9383_28.7949_0.259125
-10.4539_28.9188_0.23329
-9.96607_28.9791_-0.100555
-9.48465_29.0071_0.384043
-9.03537_29.2209_0.564576
-8.61532_29.492_0.590411
-8.20242_29.7739_0.616245
-7.79694_30.0664_0.64208
-7.39399_30.3623_0.616245
-6.98353_30.6477_0.590411
-6.57063_30.9296_0.616245
-6.2036_31.1853_0.59313
