configuration -26.5221767426_12.7890510559_0.0_1.0_-6.20937108994_31.1862716675_0.294171904018_0.955752525964
length 39.6326
time 1.94805
roughness 0.00485754
-26.5222_12.7891_-0
-26.046_12.8652_0.484598
-25.6151_13.1163_0.61366
-25.2088_13.4077_0.639495
-24.7813_13.6308_0.154897
-24.299_13.629_-0.329701
-23.8732_13.4027_-0.814299
-23.4909_13.1087_-0.329701
-23.0157_13.0266_0.154897
-22.557_13.1754_0.639495
-22.183_13.5011_0.871344
-21.8644_13.8864_0.897179
-21.5559_14.2798_0.923013
-21.2078_14.6135_0.438416
-20.7425_14.7634_0.0539776
-20.2431_14.7861_0.0281431
-19.7433_14.7959_0.00230854
-19.2433_14.8013_0.0281431
-18.7435_14.8111_0.00230854
-18.2435_14.808_-0.023526
-17.7657_14.8729_0.461072
-17.3053_15.0165_-0.023526
-16.8311_14.9292_-0.508124
-16.5249_14.7878_-0.279703
-16.0485_14.6375_-0.357185
-15.6819_14.4921_-0.418355
-15.2179_14.3093_-0.289292
-14.7375_14.1708_-0.263458
-14.2506_14.0874_0.0195104
-13.776_14.1728_0.504108
-13.3615_14.4451_0.735958
-13_14.7899_0.813439
-12.7037_15.1821_1.14728
-12.5022_15.6396_1.17312
-12.3125_16.1022_1.19895
-12.1269_16.5664_1.17312
-11.9293_17.0257_1.14728
-11.803_17.4911_1.63188
-11.8036_17.9886_1.45135
-11.7483_18.4855_1.47718
-11.6973_18.9829_1.45135
-11.7162_19.4647_1.93595
-11.9574_19.8823_2.42055
-12.3501_20.1878_2.60108
-12.7976_20.3675_3.08568
-13.2885_20.3407_3.41952
-13.7673_20.2833_2.93492
-14.2177_20.4556_2.45033
-14.544_20.8154_2.01562
-14.7473_21.2717_1.93814
-14.8989_21.7192_1.81587
-15.0483_22.1938_1.9964
-15.2587_22.6474_2.02224
-15.4729_23.0991_1.9964
-15.6001_23.5642_1.51181
-15.5493_24.0604_1.38274
-15.4516_24.5507_1.35691
-15.3094_25.0258_1.12506
-15.09_25.475_1.09923
-14.8591_25.9185_1.07339
-14.5838_26.3286_0.790423
-14.3029_26.7206_1.27502
-14.0912_27.1539_0.790423
-13.7061_27.455_0.405985
-13.2452_27.6485_0.380151
-12.8115_27.8801_0.713996
-12.4365_28.2107_0.739831
-12.0702_28.5509_0.765665
-11.6741_28.826_0.281067
-11.1897_28.9095_-0.0527782
-10.6907_28.8788_-0.0786127
-10.2024_28.9023_0.305825
-9.72697_29.057_0.33166
-9.25568_29.2238_0.357494
-8.77904_29.3441_0.023649
-8.27915_29.3516_-0.00218557
-7.77923_29.3462_-0.0280201
-7.3011_29.409_0.456578
-6.90728_29.6873_0.941176
-6.63897_30.1063_1.12171
-6.43378_30.5618_1.19919
-6.19478_30.9846_0.764487
