configuration 0.916432738304_-13.7452163696_0.573727795176_0.819046040857_7.25410509109_23.1360397339_0.890376127727_0.455225604699
length 41.0729
time 1.10561
roughness 0.00251358
0.916433_-13.7452_1.2221
1.05807_-13.2683_1.40263
1.14599_-12.7761_1.3768
1.23814_-12.2847_1.40263
1.30901_-11.7902_1.48011
1.34999_-11.292_1.50595
1.37809_-10.7928_1.53178
1.4728_-10.32_1.04719
1.75307_-9.9108_0.815336
2.09897_-9.54983_0.789502
2.3802_-9.15808_1.2741
2.51387_-8.67675_1.35158
2.62679_-8.18972_1.32575
2.76846_-7.71152_1.19668
2.95516_-7.24774_1.17085
3.15378_-6.78894_1.14502
3.39902_-6.36017_0.862047
3.72769_-5.98344_0.836213
4.06598_-5.61532_0.810378
4.34723_-5.21933_1.24508
4.50312_-4.74431_1.27092
4.65492_-4.26796_1.24508
4.87427_-3.8346_0.810378
5.2278_-3.48166_0.732896
5.59649_-3.14399_0.758731
5.88964_-2.76108_1.24333
5.97066_-2.2857_1.72793
5.88817_-1.7926_1.75376
5.83571_-1.29945_1.52191
5.86444_-0.800322_1.49608
5.89746_-0.301464_1.52191
5.93474_0.196689_1.44443
5.99348_0.693176_1.47026
6.04794_1.19015_1.44443
6.08092_1.68659_1.62496
6.05815_2.18603_1.59913
6.03968_2.68563_1.62496
5.98299_3.17993_1.8055
5.86254_3.66515_1.83133
5.7296_4.1471_1.85717
5.58425_4.62546_1.883
5.4266_5.0999_1.90883
5.25674_5.57011_1.93467
5.15847_6.04223_1.45007
5.22296_6.53801_1.42424
5.2917_7.03321_1.45007
5.36465_7.5274_1.37259
5.46731_8.0167_1.34676
5.58258_8.50318_1.32092
5.63536_8.78378_1.5142
5.68494_9.28006_1.38514
5.70573_9.76532_1.81984
5.64642_9.9946_1.83208
5.59702_10.4743_1.34748
5.77092_10.9278_0.912776
6.00185_11.3512_1.39737
6.15292_11.8128_0.962671
6.44207_12.2206_0.936837
6.73473_12.626_0.962671
7.04854_13.01_0.730822
7.42368_13.3405_0.704987
7.80164_13.6677_0.730822
8.14438_14.0262_0.962671
8.42647_14.439_0.988506
8.705_14.8541_0.962671
9.02858_15.2242_0.628826
9.43541_15.5148_0.602992
9.84962_15.7947_0.577157
10.2071_16.1184_1.06175
10.3726_16.5714_1.54635
10.3153_17.0537_1.98106
10.1043_17.5065_2.05854
9.87377_17.9501_2.0327
9.64712_18.3957_2.05854
9.43254_18.846_1.92948
9.26107_19.3156_1.90364
9.1018_19.7895_1.87781
8.92325_20.2539_2.05834
8.68525_20.6935_2.08417
8.43598_21.1269_2.11001
8.20659_21.5684_1.92948
8.03512_22.038_1.90364
7.80753_22.4632_2.38824
7.4657_22.8247_2.20771
7.25244_23.1248_2.15061
