configuration -26.5221767426_12.7890510559_0.0_1.0_-6.20937108994_31.1862716675_0.294171904018_0.955752525964
length 39.7359
time 1.44105
roughness 0.00440475
-26.5222_12.7891_-0
-26.0277_12.8272_0.23185
-25.5421_12.9463_0.257684
-25.0576_13.0695_0.23185
-24.6117_13.2531_0.716447
-24.25_13.5964_0.84551
-23.9151_13.9677_0.819675
-23.5837_14.3415_0.897157
-23.2685_14.7295_0.871322
-22.9499_15.1149_0.897157
-22.5933_15.4395_0.412559
-22.1266_15.5606_-0.072039
-21.6571_15.4503_-0.556637
-21.2349_15.1826_-0.582472
-20.815_14.9111_-0.556637
-20.3929_14.6434_-0.582472
-19.9567_14.4115_-0.299503
-19.4778_14.2681_-0.273669
-18.9976_14.1288_-0.299503
-18.5143_14.0108_-0.11897
-18.0174_13.9557_-0.0931358
-17.5192_13.9135_-0.0673013
-17.0349_13.9502_0.367402
-16.5699_14.1338_0.393236
-16.1064_14.3214_0.367402
-15.6383_14.4969_0.341567
-15.1658_14.6603_0.315733
-14.6893_14.8115_0.289898
-14.2056_14.8992_-0.0439473
-13.7184_14.9397_0.340491
-13.5217_15.0134_0.394833
-13.1114_15.2669_0.879431
-12.8582_15.6814_1.31413
-12.7439_16.1677_1.39162
-12.6107_16.6433_1.10865
-12.3765_17.0846_1.03117
-12.1972_17.5322_1.51576
-12.1484_18.0286_1.3867
-12.1362_18.5107_1.8713
-12.3499_18.943_2.3559
-12.6326_19.3336_1.8713
-12.7008_19.811_1.3867
-12.5581_20.2814_1.05286
-12.3886_20.7329_1.53745
-12.4488_21.2114_2.02205
-12.472_21.2571_2.07306
-12.7306_21.6835_2.20212
-13.0292_22.0846_2.22796
-13.338_22.4778_2.25379
-13.5878_22.8943_1.81909
-13.7064_23.38_1.79326
-13.8125_23.8685_1.76742
-13.9803_24.3207_2.25202
-14.3394_24.6426_2.73662
-14.8094_24.7768_3.12106
-15.2839_24.8628_2.63646
-15.6637_25.1599_2.15186
-15.8614_25.5998_1.66726
-15.8315_26.0811_1.18266
-15.5908_26.5065_0.798225
-15.2387_26.8615_0.772391
-14.8483_27.1557_0.387953
-14.3839_27.3408_0.362118
-13.9179_27.5219_0.387953
-13.4605_27.7228_0.465435
-13.0118_27.9433_0.4396
-12.5613_28.16_0.465435
-12.101_28.3394_0.182466
-11.6086_28.4258_0.156632
-11.1141_28.4996_0.130797
-10.6179_28.5605_0.104963
-10.1203_28.6086_0.0791283
-9.62227_28.6524_0.104963
-9.12652_28.6663_-0.126887
-8.63279_28.5903_-0.204368
-8.14239_28.4931_-0.178534
-7.66024_28.4835_0.306064
-7.22915_28.6996_0.790662
-6.93199_29.0877_1.1751
-6.75141_29.5535_1.25258
-6.5909_30.027_1.22675
-6.42633_30.4991_1.25258
-6.20498_30.9275_0.767984
