configuration -11.6824054718_1.45032453537_1.45032453537_1.45032453537_24.2991828918_-14.4915781021_0.382683601539_0.382683601539
length 51.1125
time 1.2061
roughness 0.00301158
-11.6824_1.45032_2.22212
-11.9105_1.87522_1.73752
-11.9144_2.35744_1.25292
-11.6932_2.78595_0.768326
-11.2978_3.06208_0.283728
-10.8193_3.12224_-0.20087
-10.3467_2.9788_-0.483838
-9.89563_2.76597_-0.354776
-9.42534_2.59634_-0.328941
-8.9536_2.43077_-0.354776
-8.4806_2.3368_0.129822
-8.01829_2.474_0.61442
-7.80445_2.65647_0.894977
-7.50947_3.05863_1.02404
-7.25322_3.48791_1.04987
-7.00068_3.91939_1.02404
-6.77617_4.3616_1.25589
-6.62543_4.83828_1.28172
-6.47879_5.31624_1.25589
-6.25885_5.74541_0.771291
-5.86431_6.02271_0.286693
-5.37924_6.12596_0.0548431
-4.90795_6.22813_0.539441
-4.53852_6.5381_1.02404
-4.29776_6.97488_1.1531
-4.03495_7.37922_0.668503
-3.61404_7.61457_0.183906
-3.13196_7.62674_-0.300692
-2.64926_7.53374_0.0331529
-2.15058_7.56319_0.110634
-1.65323_7.6141_0.0847999
-1.1723_7.57852_-0.399798
-0.737308_7.3445_-0.682766
-0.352163_7.02573_-0.708601
0.0122268_6.6852_-0.837663
0.34998_6.31659_-0.811829
0.690896_5.9509_-0.837663
1.02225_5.57653_-0.863498
1.35037_5.19932_-0.837663
1.68173_4.82495_-0.863498
2.01602_4.45374_-0.786016
2.37235_4.10306_-0.760181
2.73169_3.75546_-0.786016
3.09371_3.41124_-0.708534
3.47611_3.0892_-0.6827
3.86128_2.77045_-0.708534
4.24369_2.44841_-0.6827
4.62885_2.12967_-0.708534
5.01126_1.80762_-0.6827
5.39643_1.48888_-0.708534
5.77884_1.16683_-0.6827
6.164_0.848088_-0.708534
6.54081_0.519504_-0.734369
6.909_0.181295_-0.760204
7.27426_-0.160072_-0.734369
7.64822_-0.49189_-0.708534
8.02503_-0.820475_-0.734369
8.39899_-1.15229_-0.708534
8.81014_-1.4043_-0.223937
9.25751_-1.58434_-0.708534
9.27685_-1.60119_-0.73404
9.66559_-1.91171_-0.553507
10.0931_-2.17085_-0.527672
10.5229_-2.42629_-0.553507
10.9101_-2.72919_-0.887352
11.2224_-3.11955_-0.913186
11.5246_-3.51786_-0.939021
11.8673_-3.85713_-0.454423
12.3217_-4.06475_-0.376942
12.7881_-4.24476_-0.351107
13.209_-4.48008_-0.835705
13.4718_-4.88439_-1.3203
13.6239_-5.35814_-1.13977
13.8713_-5.78561_-0.856802
14.2081_-6.15457_-0.77932
14.5607_-6.50899_-0.805155
14.9215_-6.85337_-0.676092
15.3088_-7.16956_-0.701927
15.6933_-7.48907_-0.676092
16.025_-7.84385_-1.1108
16.2431_-8.29372_-1.13663
16.4495_-8.74908_-1.16246
16.7085_-9.15586_-0.677866
17.1056_-9.45899_-0.600385
17.5156_-9.74499_-0.626219
17.9127_-10.0481_-0.703701
18.2911_-10.3749_-0.729535
18.6609_-10.7113_-0.75537
19.0278_-11.0509_-0.729535
19.4034_-11.3809_-0.703701
19.7818_-11.7077_-0.729535
20.1719_-12.0164_-0.549002
20.6006_-12.2736_-0.523168
21.0315_-12.5272_-0.549002
21.398_-12.8406_-1.0336
21.5762_-13.2887_-1.5182
21.5251_-13.7683_-2.0028
21.395_-14.2326_-1.5182
21.4961_-14.7041_-1.0336
21.8052_-15.0742_-0.549002
22.2503_-15.283_-0.215157
22.7416_-15.3685_-0.0860947
23.2375_-15.373_0.145755
23.6976_-15.2284_0.630353
24.1128_-14.9521_0.50129
24.4576_-14.76_0.521686
