configuration -0.154660820961_0.194828033447_-0.382683650256_0.923879442258_17.3081588745_3.5618417263_0.0_1.0
length 31.0108
time 0.780935
roughness 0.00672663
-0.154661_0.194828_-0.785399
0.195799_-0.161721_-0.811233
0.536933_-0.527204_-0.837068
0.874905_-0.895611_-0.811233
1.20943_-1.26661_-0.888715
1.52125_-1.6574_-0.914549
1.87216_-1.98819_-0.429951
2.29371_-2.24106_-0.763797
2.64545_-2.59577_-0.841278
3.01963_-2.89998_-0.35668
3.43924_-3.13765_-0.841278
3.69982_-3.54342_-1.32588
3.79986_-4.03203_-1.45494
3.93058_-4.49621_-0.970341
4.2625_-4.84605_-0.485743
4.71917_-5.00098_-0.00114476
5.19544_-4.92534_0.483453
5.6316_-4.68179_0.560935
6.05263_-4.41219_0.586769
6.46134_-4.12496_0.664251
6.85763_-3.82016_0.638416
7.25653_-3.51878_0.664251
7.5845_-3.16524_1.14885
7.71_-2.69961_1.63345
7.65742_-2.20365_1.76251
7.64149_-1.72167_1.27791
7.84649_-1.28135_0.843208
8.10629_-0.87507_1.32781
8.14691_-0.394543_1.8124
7.959_0.049579_2.297
7.58582_0.355027_2.7816
7.167_0.594078_2.297
6.85215_0.980869_2.16794
6.5746_1.3967_2.14211
6.38121_1.83847_1.65751
6.37638_2.33438_1.42566
6.45295_2.82843_1.39982
6.5252_3.32273_1.4773
6.56759_3.82088_1.50314
6.59709_4.31995_1.52897
6.69313_4.79254_1.04438
6.99826_5.16597_0.559778
7.44222_5.35426_0.07518
7.93521_5.42133_0.255713
8.41519_5.46805_-0.228885
8.90146_5.41821_0.155553
9.39469_5.49991_0.181388
9.88565_5.59433_0.207222
10.3764_5.65025_-0.0757461
10.8746_5.60813_-0.101581
11.3715_5.55315_-0.127415
11.8668_5.48535_-0.15325
12.3616_5.41329_-0.127415
12.8569_5.3455_-0.15325
13.348_5.32442_0.180596
13.8391_5.41845_0.20643
14.3275_5.52514_0.232265
14.8084_5.5606_-0.252333
15.2505_5.36793_-0.736931
15.6116_5.02279_-0.814413
15.9637_4.66843_-0.736931
16.3369_4.33566_-0.711097
16.7184_4.01263_-0.685262
17.1353_3.77026_-0.200664
