configuration -1.36608982086_8.91640663147_-0.333444235273_0.942769824487_9.04581165314_-18.3528499603_-0.788205594687_0.615412008742
length 39.936
time 1.72933
roughness 0.0046762
-1.36609_8.91641_-0.679909
-0.965142_8.61979_-0.550847
-0.536907_8.36179_-0.525012
-0.10215_8.11493_-0.499178
0.279455_7.82009_-0.983776
0.521578_7.38727_-1.21563
0.691394_6.91705_-1.24146
0.91231_6.48448_-0.806757
1.26129_6.12649_-0.780922
1.61941_5.77763_-0.755088
1.91395_5.39579_-1.23969
1.9967_4.9207_-1.72428
1.9992_4.43847_-1.23969
2.22605_4.01292_-0.755088
2.60817_3.69428_-0.574554
3.03017_3.4262_-0.54872
3.41879_3.12517_-0.882565
3.73301_2.7363_-0.9084
4.03707_2.33945_-0.934234
4.27563_1.91278_-1.31867
4.39618_1.42758_-1.34451
4.51254_0.941364_-1.31867
4.63308_0.456165_-1.34451
4.74944_-0.0300549_-1.31867
4.86999_-0.515254_-1.34451
5.05108_-0.962203_-0.859909
5.4143_-1.28934_-0.475471
5.86419_-1.50647_-0.397989
6.32954_-1.68813_-0.320508
6.80265_-1.84972_-0.346342
7.27436_-2.01537_-0.320508
7.7503_-2.09308_0.16409
8.20764_-1.94013_0.648688
8.54107_-1.59173_1.13329
8.81184_-1.19268_0.648688
9.23733_-0.965713_0.16409
9.71956_-0.963094_-0.320508
10.1475_-1.18543_-0.805106
10.4843_-1.55437_-0.882587
10.8051_-1.93777_-0.856753
11.1224_-2.32361_-0.934234
11.4231_-2.72307_-0.9084
11.7271_-3.11992_-0.934234
12.0715_-3.45755_-0.449636
12.5334_-3.5959_0.0349615
13.0263_-3.5405_0.266811
13.5057_-3.48845_-0.217787
13.9542_-3.66573_-0.702385
14.2684_-4.03152_-1.18698
14.3761_-4.50158_-1.67158
14.3046_-4.99518_-1.80064
14.1865_-5.48098_-1.82648
14.0398_-5.95765_-1.95554
13.8482_-6.41942_-1.98137
13.6447_-6.87608_-2.00721
13.4618_-7.33879_-1.82668
13.3394_-7.82353_-1.80084
13.2213_-8.30931_-1.82668
13.0452_-8.76829_-2.16052
12.7782_-9.19049_-2.08304
12.4784_-9.56821_-2.56764
12.066_-9.85018_-2.49016
11.6711_-10.1567_-2.46432
11.3169_-10.5009_-2.18135
11.0979_-10.9345_-1.74665
11.0232_-11.4284_-1.66917
10.9784_-11.9264_-1.64333
10.889_-12.4097_-1.97718
10.6797_-12.8634_-2.05466
10.5257_-13.3203_-1.57006
10.5642_-13.8148_-1.33821
10.6836_-14.3002_-1.31238
10.7316_-14.7801_-1.79698
10.6322_-15.2696_-1.7195
10.5624_-15.7647_-1.69366
10.5311_-16.2612_-1.51313
10.547_-16.7605_-1.59061
10.5328_-17.2603_-1.61644
10.435_-17.7325_-2.10104
10.1284_-18.1048_-2.58564
9.68485_-18.3166_-2.91949
9.23715_-18.4958_-2.43489
