configuration -26.5221767426_12.7890510559_0.0_1.0_-6.20937108994_31.1862716675_0.294171904018_0.955752525964
length 40.3896
time 0.516176
roughness 0.00473252
-26.5222_12.7891_-0
-26.0277_12.8272_0.23185
-25.5421_12.9463_0.257684
-25.0598_13.0778_0.283519
-24.5768_13.2051_0.206037
-24.0883_13.3116_0.231872
-23.6007_13.4223_0.206037
-23.1099_13.4777_-0.0769311
-22.6118_13.4349_-0.102766
-22.1141_13.3879_-0.0769311
-21.6334_13.4273_0.407667
-21.2195_13.6814_0.84237
-20.8899_14.0573_0.868204
-20.5573_14.4301_0.790723
-20.2027_14.7825_0.764888
-19.845_15.1317_0.790723
-19.4559_15.4167_0.306125
-18.9729_15.5293_0.0742754
-18.4747_15.5707_0.10011
-17.9933_15.5425_-0.384488
-17.5314_15.351_-0.410323
-17.0747_15.1476_-0.436157
-16.6109_15.0155_0.0484408
-16.1115_15.0268_-0.0290407
-15.8488_15.0156_-0.0698205
-15.3554_14.9512_-0.250354
-14.8722_14.8231_-0.276188
-14.3933_14.7666_0.20841
-13.905_14.8742_0.234244
-13.4198_14.9945_0.260079
-12.9355_15.1189_0.234244
-12.49_15.3035_0.718842
-12.1738_15.6721_1.15355
-11.9751_16.1309_1.17938
-11.7884_16.5947_1.20521
-11.6137_17.0631_1.23105
-11.443_17.533_1.20521
-11.2602_17.9984_1.17938
-11.0735_18.4621_1.20521
-10.8988_18.9306_1.23105
-10.812_19.4049_1.71565
-10.9561_19.8651_2.20024
-11.283_20.2354_2.48321
-11.613_20.587_1.99862
-11.7413_21.0519_1.51402
-11.6595_21.5366_1.18017
-11.5486_22.006_1.66477
-11.6691_22.4729_2.14937
-11.9933_22.8299_2.63397
-12.4466_23.0201_2.96781
-12.9398_23.1023_2.99365
-13.4336_23.1803_2.96781
-13.8894_23.3376_2.48321
-14.2195_23.6893_1.99862
-14.3477_24.1541_1.51402
-14.3968_24.6339_1.99862
-14.623_25.0784_2.12768
-14.8979_25.4955_2.20516
-15.1187_25.9242_1.72056
-15.1144_26.4064_1.23596
-14.886_26.8311_0.751365
-14.495_27.133_0.468397
-14.047_27.3549_0.442562
-13.5934_27.5651_0.416728
-13.138_27.7714_0.442562
-12.6881_27.9893_0.468397
-12.2401_28.2112_0.442562
-11.8424_28.484_0.92716
-11.5605_28.8954_1.05622
-11.2598_29.2724_0.571625
-10.8181_29.466_0.087027
-10.3204_29.5137_0.112862
-10.1121_29.5412_0.167204
-9.62989_29.5453_-0.317394
-9.17711_29.3479_-0.600362
-8.77234_29.0551_-0.677844
-8.35365_28.8158_-0.193246
-7.8717_28.7991_0.291352
-7.43747_29.0089_0.77595
-7.11885_29.3864_1.05892
-6.87773_29.8243_1.08475
-6.648_30.2684_1.11059
-6.42982_30.7182_1.13642
-6.16971_31.1321_0.751984
