configuration -26.5221767426_12.7890510559_0.0_1.0_-6.20937108994_31.1862716675_0.294171904018_0.955752525964
length 40.8376
time 0.767057
roughness 0.00525211
-26.5222_12.7891_-0
-26.0239_12.8105_0.129062
-25.5276_12.8705_0.103228
-25.0307_12.9263_0.129062
-24.5683_13.0632_0.61366
-24.1795_13.3736_0.794193
-23.826_13.7272_0.768359
-23.4307_14.0033_0.283761
-22.9495_14.1391_0.257926
-22.4651_14.2625_0.232092
-22.0192_14.4462_0.71669
-21.6714_14.7998_0.948539
-21.3835_15.2085_0.974374
-21.0798_15.6026_0.793841
-20.7263_15.9561_0.768006
-20.3637_16.3003_0.742172
-19.9612_16.566_0.257574
-19.4813_16.6136_-0.227024
-18.9977_16.4886_-0.304506
-18.5206_16.4186_0.180092
-18.0657_16.5788_0.66469
-17.7001_16.9138_0.89654
-17.3432_17.2382_0.411942
-16.8764_17.3591_-0.0726563
-16.407_17.2485_-0.557254
-16.0431_16.932_-1.04185
-15.8686_16.4825_-1.52645
-15.9011_15.992_-1.8603
-15.964_15.5138_-1.3757
-15.7969_15.0615_-0.8911
-15.4383_14.739_-0.406502
-14.9684_14.587_-0.123534
-14.4717_14.5297_-0.097699
-13.9737_14.4852_-0.0718644
-13.4933_14.527_0.412734
-13.0877_14.7878_0.897331
-12.8502_15.2076_1.38193
-12.7277_15.6898_1.2014
-12.5432_16.1544_1.17556
-12.3467_16.6141_1.14973
-12.1544_17.0752_1.22721
-11.99_17.5473_1.25304
-11.8297_18.0209_1.22721
-11.6991_18.4993_1.45906
-11.6476_18.9966_1.48489
-11.609_19.4951_1.51073
-11.6565_19.975_1.99533
-11.907_20.3979_2.32917
-12.254_20.7578_2.35501
-12.6442_21.0411_2.8396
-13.1273_21.1604_3.02014
-13.624_21.2166_3.04597
-14.0908_21.338_2.56137
-14.4473_21.6627_2.07677
-14.6282_22.1168_1.69234
-14.6588_22.6134_1.5118
-14.625_23.1122_1.48597
-14.587_23.6107_1.5118
-14.5198_24.1021_1.27995
-14.3723_24.5798_1.25412
-14.2207_25.0562_1.27995
-14.1571_25.5342_1.76455
-14.174_26.0162_1.27995
-13.9645_26.4505_0.795357
-13.6856_26.8439_1.27995
-13.5547_27.326_1.35744
-13.3794_27.7753_0.872838
-13.015_28.0911_0.38824
-12.5454_28.2009_-0.0963578
-12.0496_28.14_-0.173839
-11.5674_28.1327_0.310759
-11.1037_28.3129_0.491292
-10.6649_28.5526_0.517126
-10.2129_28.7386_0.132688
-9.71619_28.7919_0.0552067
-9.21726_28.8238_0.0810412
-8.72235_28.8855_0.210104
-8.23431_28.994_0.235938
-7.74722_29.1066_0.210104
-7.2974_29.2805_0.694702
-6.98035_29.6438_1.1793
-6.77788_30.1005_1.10182
-6.54809_30.5445_1.07598
-6.26345_30.9419_0.691545
