configuration 2.903195858_13.0508098602_-0.754177572005_0.656670533741_-13.4451351166_-15.4114570618_0.497552318458_0.867433968897
length 51.3124
time 21.0633
roughness 0.000755083
2.9032_13.0508_-1.7088
2.83953_12.5549_-1.68813
2.77587_12.059_-1.7088
2.71221_11.563_-1.68813
2.64855_11.0671_-1.7088
2.58489_10.5712_-1.68813
2.52123_10.0753_-1.7088
2.45757_9.57936_-1.68813
2.40417_9.08223_-1.66746
2.35077_8.58509_-1.68813
2.28711_8.08917_-1.7088
2.19288_7.59836_-1.81214
2.06837_7.11412_-1.83281
1.94385_6.62988_-1.81214
1.81934_6.14564_-1.83281
1.69483_5.6614_-1.81214
1.57031_5.17716_-1.83281
1.4458_4.69293_-1.81214
1.32128_4.20869_-1.83281
1.19677_3.72445_-1.81214
1.08229_3.23774_-1.79148
0.967809_2.75103_-1.81214
0.843295_2.26679_-1.83281
0.718781_1.78255_-1.81214
0.604301_1.29584_-1.79148
0.489821_0.809134_-1.81214
0.365307_0.324895_-1.83281
0.240793_-0.159344_-1.81214
0.126313_-0.646052_-1.79148
0.0118334_-1.13276_-1.81214
-0.112681_-1.617_-1.83281
-0.237195_-2.10124_-1.81214
-0.351675_-2.58795_-1.79148
-0.466154_-3.07466_-1.81214
-0.565242_-3.42944_-1.87415
-0.803287_-3.86549_-2.26685
-1.19008_-4.17725_-2.65955
-1.66674_-4.31726_-3.05225
-2.16581_-4.34641_-3.11425
-2.66573_-4.35491_-3.13492
-3.16564_-4.36342_-3.11425
-3.66556_-4.37192_-3.13492
-4.16548_-4.38042_-3.11425
-4.6654_-4.38893_-3.13492
-5.16532_-4.39743_-3.11425
-5.66524_-4.40593_-3.13492
-6.16516_-4.41444_-3.11425
-6.66508_-4.42294_-3.13492
-7.16499_-4.43144_-3.11425
-7.66491_-4.43994_-3.13492
-8.16483_-4.44845_-3.11425
-8.66475_-4.45695_-3.13492
-9.16467_-4.46545_-3.11425
-9.66459_-4.47396_-3.13492
-10.1645_-4.48246_-3.11425
-10.6644_-4.49096_-3.13492
-11.1643_-4.49947_-3.11425
-11.6643_-4.50797_-3.13492
-12.1642_-4.51647_-3.11425
-12.6641_-4.52498_-3.13492
-13.164_-4.53348_-3.11425
-13.6639_-4.54198_-3.13492
-14.1639_-4.55049_-3.11425
-14.6635_-4.56932_-3.09358
-15.1455_-4.68951_-2.70088
-15.5449_-4.98502_-2.30818
-15.8532_-5.37812_-2.16351
-16.1282_-5.79569_-2.14284
-16.3945_-6.21886_-2.12217
-16.6608_-6.64203_-2.14284
-16.9358_-7.0596_-2.16351
-17.2108_-7.47717_-2.14284
-17.4771_-7.90034_-2.12217
-17.6498_-8.36615_-1.72947
-17.6722_-8.86457_-1.50212
-17.6431_-9.36371_-1.52279
-17.6139_-9.86285_-1.50212
-17.5848_-10.362_-1.52279
-17.5556_-10.8611_-1.50212
-17.5264_-11.3603_-1.52279
-17.4973_-11.8594_-1.50212
-17.4681_-12.3585_-1.52279
-17.439_-12.8577_-1.50212
-17.4098_-13.3568_-1.52279
-17.3807_-13.856_-1.50212
-17.3515_-14.3551_-1.52279
-17.3224_-14.8543_-1.50212
-17.2932_-15.3534_-1.52279
-17.2641_-15.8525_-1.50212
-17.2349_-16.3517_-1.52279
-17.2161_-16.8513_-1.54345
-17.1972_-17.3509_-1.52279
-17.1972_-17.3509_-1.13009
-16.9017_-17.7503_-0.737388
-16.4759_-18.0062_-0.344689
-15.9845_-18.0796_0.0480101
-15.5025_-17.9594_0.440709
-15.1032_-17.6639_0.833408
-14.7867_-17.2771_0.93675
-14.4947_-16.8712_0.957418
-14.2026_-16.4654_0.93675
-13.9106_-16.0595_0.957418
-13.6186_-15.6537_0.93675
