configuration 14.2292175293_13.7099370956_-0.723728341199_0.690084986176_-18.0985870361_0.542219161987_-0.683562400866_0.729892077038
length 41.0938
time 4.80576
roughness 0.00100402
14.2292_13.7099_-1.61838
14.1695_13.214_-1.76306
14.0688_12.7242_-1.78373
13.9682_12.2344_-1.76306
13.8676_11.7447_-1.78373
13.767_11.2549_-1.76306
13.6664_10.7651_-1.78373
13.5557_10.2776_-1.8044
13.445_9.78997_-1.78373
13.2473_9.33421_-2.17643
12.8903_8.9888_-2.56912
12.4282_8.80632_-2.96182
11.9304_8.77337_-3.18918
11.4307_8.79199_-3.16851
10.9311_8.81061_-3.18918
10.4314_8.82923_-3.16851
9.9315_8.83752_-3.14784
9.43158_8.84581_-3.16851
8.93193_8.86443_-3.18918
8.43229_8.88305_-3.16851
7.93237_8.89134_-3.14784
7.43245_8.89963_-3.16851
6.9328_8.91825_-3.18918
6.43316_8.93687_-3.16851
5.93323_8.94516_-3.14784
5.43331_8.95345_-3.16851
4.93367_8.97207_-3.18918
4.43402_8.99069_-3.16851
3.9341_8.99898_-3.14784
3.43418_9.00727_-3.16851
2.93453_9.02589_-3.18918
2.44323_8.95225_-2.79648
2.0175_8.69621_-2.40378
1.69688_8.3145_-2.13509
1.42512_7.89481_-2.15576
1.14475_7.48083_-2.17643
0.864379_7.06684_-2.15576
0.592623_6.64715_-2.13509
0.320867_6.22746_-2.15576
0.0404957_5.81348_-2.17643
-0.239876_5.39949_-2.15576
-0.511632_4.9798_-2.13509
-0.709911_4.77146_-2.52779
-1.16404_4.57004_-2.92049
-1.66009_4.51654_-3.14784
-2.16008_4.5145_-3.12717
-2.65991_4.50212_-3.1065
-3.15975_4.48975_-3.12717
-3.65959_4.47737_-3.1065
-4.15943_4.46499_-3.12717
-4.65927_4.45262_-3.1065
-5.1591_4.44024_-3.12717
-5.65894_4.42786_-3.1065
-6.15878_4.41549_-3.12717
-6.65877_4.41344_-3.14784
-7.15875_4.4114_-3.12717
-7.65859_4.39902_-3.1065
-8.15843_4.38665_-3.12717
-8.65842_4.3846_-3.14784
-9.1584_4.38256_-3.12717
-9.65824_4.37018_-3.1065
-10.1581_4.35781_-3.12717
-10.6581_4.35576_-3.14784
-11.1581_4.35372_-3.12717
-11.6579_4.34134_-3.1065
-12.1577_4.32896_-3.12717
-12.6577_4.32692_-3.14784
-13.1577_4.32488_-3.12717
-13.6575_4.3125_-3.1065
-14.1574_4.30012_-3.12717
-14.6574_4.29808_-3.14784
-15.1574_4.29604_-3.12717
-15.6572_4.28366_-3.1065
-16.1407_4.16971_-2.7138
-16.5625_3.90401_-2.44511
-16.8741_3.51708_-2.05242
-17.0824_3.06279_-1.94907
-17.2719_2.60008_-1.96974
-17.4613_2.13737_-1.94907
-17.6508_1.67466_-1.96974
-17.8402_1.21195_-1.94907
-18.0201_0.745428_-1.92841
