configuration -11.8536100388_-27.1978302002_0.742596430242_0.669739159518_7.0929813385_4.64613723755_-0.0222057164121_0.999753422679
length 53.2214
time 8.18352
roughness 0.000695098
-11.8536_-27.1978_1.67388
-11.9609_-26.7106_1.90123
-12.1182_-26.236_1.88056
-12.2756_-25.7614_1.90123
-12.4329_-25.2868_1.88056
-12.5902_-24.8122_1.90123
-12.7475_-24.3376_1.88056
-12.9049_-23.863_1.90123
-13.0622_-23.3884_1.88056
-13.2195_-22.9138_1.90123
-13.3769_-22.4392_1.88056
-13.5342_-21.9646_1.90123
-13.6915_-21.4901_1.88056
-13.8488_-21.0155_1.90123
-14.0986_-20.586_2.29393
-14.4333_-20.2146_2.3146
-14.768_-19.8432_2.29393
-15.1028_-19.4717_2.3146
-15.4375_-19.1003_2.29393
-15.7722_-18.7289_2.3146
-16.1069_-18.3575_2.29393
-16.4416_-17.9861_2.3146
-16.7764_-17.6146_2.29393
-17.1111_-17.2432_2.3146
-17.3697_-16.819_1.9219
-17.4769_-16.3322_1.65321
-17.5026_-15.8329_1.5912
-17.5073_-15.3593_1.57054
-17.4917_-14.8596_1.50853
-17.4658_-14.3603_1.5292
-17.4398_-13.861_1.50853
-17.4138_-13.3617_1.5292
-17.3982_-12.8619_1.54987
-17.3826_-12.3622_1.5292
-17.3566_-11.8628_1.50853
-17.3307_-11.3635_1.5292
-17.3151_-10.8638_1.54987
-17.2994_-10.364_1.5292
-17.2735_-9.86472_1.50853
-17.2475_-9.3654_1.5292
-17.2319_-8.86565_1.54987
-17.2163_-8.3659_1.5292
-17.1903_-7.86659_1.50853
-17.1644_-7.36727_1.5292
-17.0473_-6.88448_1.1365
-16.7543_-6.48324_0.743801
-16.3899_-6.14092_0.764469
-16.0255_-5.7986_0.743801
-15.654_-5.46388_0.723133
-15.2826_-5.12916_0.743801
-14.9182_-4.78683_0.764469
-14.5538_-4.44451_0.743801
-14.1823_-4.10979_0.723133
-13.7529_-3.86003_0.330433
-13.2625_-3.77312_0.0204079
-12.7628_-3.75775_0.0410763
-12.263_-3.74238_0.0204079
-11.7633_-3.72701_0.0410763
-11.2635_-3.71164_0.0204079
-10.7638_-3.69627_0.0410763
-10.264_-3.68091_0.0204079
-9.76426_-3.66554_0.0410763
-9.2645_-3.65017_0.0204079
-8.76475_-3.6348_0.0410763
-8.26542_-3.60911_0.0617446
-7.76609_-3.58341_0.0410763
-7.26633_-3.56805_0.0204079
-6.76658_-3.55268_0.0410763
-6.26725_-3.52698_0.0617446
-5.76792_-3.50129_0.0410763
-5.26816_-3.48592_0.0204079
-4.76841_-3.47055_0.0410763
-4.26908_-3.44486_0.0617446
-3.76974_-3.41917_0.0410763
-3.26999_-3.4038_0.0204079
-2.77024_-3.38843_0.0410763
-2.2709_-3.36274_0.0617446
-1.77157_-3.33704_0.0410763
-1.27182_-3.32167_0.0204079
-0.786651_-3.21483_0.413107
-0.3793_-2.93046_0.805806
-0.111784_-2.51184_1.19851
0.0748917_-2.04801_1.17784
0.271113_-1.58813_1.15717
0.467335_-1.12825_1.17784
0.663556_-0.668371_1.15717
0.859778_-0.208492_1.17784
1.04645_0.255343_1.19851
1.23313_0.719179_1.17784
1.42935_1.17906_1.15717
1.62557_1.63894_1.17784
1.81225_2.10277_1.19851
1.99892_2.56661_1.17784
2.19514_3.02649_1.15717
2.39137_3.48636_1.17784
2.5218_3.83086_1.23984
2.77179_4.26017_0.847143
3.16704_4.56114_0.454444
3.64738_4.68794_0.0617446
4.14707_4.7033_-0.000260491
4.64703_4.69801_-0.0209289
5.14678_4.68238_-0.0415972
5.64652_4.66675_-0.0209289
6.14649_4.66145_-0.000260491
6.64645_4.65615_-0.0209289
7.09359_4.64217_-0.0415972
