configuration -11.8536100388_-27.1978302002_0.742596430242_0.669739159518_7.0929813385_4.64613723755_-0.0222057164121_0.999753422679
length 54.1635
time 8.63434
roughness 0.000780922
-11.8536_-27.1978_1.67388
-11.9509_-26.7081_1.85989
-12.0885_-26.2274_1.83922
-12.226_-25.7467_1.85989
-12.3636_-25.266_1.83922
-12.5012_-24.7854_1.85989
-12.6388_-24.3047_1.83922
-12.7664_-23.8212_1.81856
-12.894_-23.3378_1.83922
-13.0316_-22.8571_1.85989
-13.1692_-22.3764_1.83922
-13.2968_-21.893_1.81856
-13.4244_-21.4096_1.83922
-13.562_-20.9289_1.85989
-13.7938_-20.4895_2.25259
-14.17_-20.164_2.60395
-14.602_-19.9124_2.62462
-14.894_-19.7342_2.56262
-15.271_-19.408_2.29393
-15.5979_-19.0297_2.27326
-15.9249_-18.6515_2.29393
-16.2519_-18.2732_2.27326
-16.5788_-17.895_2.29393
-16.9058_-17.5167_2.27326
-17.2405_-17.1453_2.33527
-17.466_-16.9243_2.39727
-17.7587_-16.5229_2.00457
-17.8756_-16.0401_1.61187
-17.86_-15.5408_1.46719
-17.8134_-15.043_1.48786
-17.7668_-14.5451_1.46719
-17.7203_-14.0473_1.48786
-17.684_-13.5486_1.50853
-17.6477_-13.05_1.48786
-17.6012_-12.5521_1.46719
-17.5546_-12.0543_1.48786
-17.5183_-11.5557_1.50853
-17.4821_-11.057_1.48786
-17.4355_-10.5592_1.46719
-17.3889_-10.0613_1.48786
-17.3527_-9.56267_1.50853
-17.3164_-9.064_1.48786
-17.2698_-8.56618_1.46719
-17.2233_-8.06836_1.48786
-17.187_-7.56969_1.50853
-17.1507_-7.07102_1.48786
-17.0138_-6.59347_1.09516
-16.7045_-6.20469_0.702464
-16.3262_-5.87771_0.723133
-15.948_-5.55074_0.702464
-15.5697_-5.22377_0.723133
-15.1983_-4.88905_0.743801
-14.8269_-4.55434_0.723133
-14.4486_-4.22737_0.702464
-14.0704_-3.90039_0.723133
-13.7518_-3.62505_0.702464
-13.3173_-3.38421_0.309765
-12.8243_-3.31772_-0.0415972
-12.3246_-3.33334_-0.0209289
-11.8248_-3.34897_-0.0415972
-11.3251_-3.3646_-0.0209289
-10.8254_-3.38023_-0.0415972
-10.3256_-3.39586_-0.0209289
-9.82586_-3.41149_-0.0415972
-9.32611_-3.42712_-0.0209289
-8.82636_-3.44275_-0.0415972
-8.32662_-3.45837_-0.0209289
-7.82687_-3.474_-0.0415972
-7.32712_-3.46897_0.0617446
-6.82779_-3.44327_0.0410763
-6.32803_-3.42791_0.0204079
-5.82828_-3.41254_0.0410763
-5.32852_-3.39717_0.0204079
-4.82877_-3.3818_0.0410763
-4.32901_-3.36643_0.0204079
-3.82926_-3.35106_0.0410763
-3.3295_-3.3357_0.0204079
-2.82975_-3.32033_0.0410763
-2.33042_-3.29463_0.0617446
-1.83109_-3.26894_0.0410763
-1.33133_-3.25357_0.0204079
-0.831577_-3.2382_0.0410763
-0.332247_-3.21251_0.0617446
0.148092_-3.08571_0.454444
0.543343_-2.78474_0.847143
0.793332_-2.35543_1.23984
0.950907_-1.88092_1.26051
1.09864_-1.40325_1.28118
1.24638_-0.925586_1.26051
1.39411_-0.44792_1.28118
1.54184_0.0297473_1.26051
1.68958_0.507414_1.28118
1.83731_0.985081_1.26051
1.98505_1.46275_1.28118
2.13278_1.94041_1.26051
2.28052_2.41808_1.28118
2.42825_2.89575_1.26051
2.57599_3.37342_1.28118
2.73354_3.84786_1.21917
2.99235_4.27191_0.826474
3.39373_4.56465_0.433775
3.87659_4.68149_0.0410763
4.37648_4.68653_-0.0209289
4.87645_4.68123_-0.000260491
5.37641_4.67594_-0.0209289
5.87637_4.67064_-0.000260491
6.37634_4.66534_-0.0209289
6.87608_4.64971_-0.0415972
