configuration 6.23696136475_-8.02296829224_-0.990618758317_0.136654585252_12.9709873199_-24.4014968872_-0.713623012343_0.700529939585
length 41.6706
time 8.39382
roughness 0.00100815
6.23696_-8.02297_-2.86743
5.75707_-8.16331_-2.84676
5.28018_-8.31353_-2.82609
4.80329_-8.46375_-2.84676
4.3264_-8.61398_-2.82609
3.84951_-8.7642_-2.84676
3.36962_-8.90454_-2.86743
2.88973_-9.04488_-2.84676
2.41284_-9.1951_-2.82609
1.93595_-9.34533_-2.84676
1.45605_-9.48566_-2.86743
0.976163_-9.626_-2.84676
0.499273_-9.77623_-2.82609
0.0553886_-10.002_-2.51606
-0.346884_-10.2989_-2.49539
-0.749156_-10.5959_-2.51606
-1.1633_-10.8759_-2.57807
-1.52343_-11.2181_-2.18537
-1.81594_-11.6236_-2.20604
-2.10845_-12.0291_-2.18537
-2.40095_-12.4346_-2.20604
-2.69346_-12.8401_-2.18537
-2.98596_-13.2456_-2.20604
-3.27847_-13.6511_-2.18537
-3.57097_-14.0566_-2.20604
-3.86348_-14.4621_-2.18537
-4.15599_-14.8676_-2.20604
-4.44849_-15.2731_-2.18537
-4.73255_-15.6845_-2.1647
-5.01662_-16.096_-2.18537
-5.30912_-16.5015_-2.20604
-5.60163_-16.907_-2.18537
-5.88569_-17.3185_-2.1647
-6.07803_-17.7765_-1.772
-6.08045_-18.2733_-1.3793
-5.99036_-18.7651_-1.39997
-5.90028_-19.2569_-1.3793
-5.80005_-19.7468_-1.35863
-5.73842_-20.0832_-1.42064
-5.5697_-20.5505_-1.02794
-5.23501_-20.9176_-0.635241
-4.78531_-21.1287_-0.242542
-4.28972_-21.1826_0.0261466
-3.78979_-21.1747_0.0054782
-3.28981_-21.1771_-0.0151902
-2.78982_-21.1795_0.0054782
-2.28984_-21.1819_-0.0151902
-1.78985_-21.1844_0.0054782
-1.28987_-21.1868_-0.0151902
-0.789883_-21.1892_0.0054782
-0.289955_-21.1813_0.0261466
0.209974_-21.1734_0.0054782
0.709959_-21.1758_-0.0151902
1.20994_-21.1783_0.0054782
1.70987_-21.1704_0.0261466
2.2098_-21.1625_0.0054782
2.70979_-21.1649_-0.0151902
3.20977_-21.1673_0.0054782
3.7097_-21.1594_0.0261466
4.20963_-21.1515_0.0054782
4.70961_-21.1539_-0.0151902
5.2096_-21.1564_0.0054782
5.70953_-21.1484_0.0261466
6.20946_-21.1405_0.0054782
6.70944_-21.143_-0.0151902
7.20943_-21.1454_0.0054782
7.70936_-21.1375_0.0261466
8.20928_-21.1296_0.0054782
8.70927_-21.132_-0.0151902
9.20925_-21.1344_0.0054782
9.70918_-21.1265_0.0261466
10.2091_-21.1186_0.0054782
10.7091_-21.1211_-0.0151902
11.2091_-21.1235_0.0054782
11.709_-21.1156_0.0261466
12.1986_-21.1997_-0.366553
12.6188_-21.4648_-0.759252
12.9055_-21.8706_-1.15195
13.0151_-22.3551_-1.54465
13.0127_-22.855_-1.60665
12.9999_-23.3548_-1.58599
12.9872_-23.8547_-1.60665
12.9744_-24.3545_-1.58599
