configuration 14.2292175293_13.7099370956_-0.723728341199_0.690084986176_-18.0985870361_0.542219161987_-0.683562400866_0.729892077038
length 41.0964
time 3.53987
roughness 0.00117386
14.2292_13.7099_-1.61838
14.1593_13.2156_-1.8044
14.0385_12.7304_-1.82506
13.9177_12.2452_-1.8044
13.797_11.76_-1.82506
13.6762_11.2748_-1.8044
13.5555_10.7896_-1.82506
13.4444_10.4109_-1.88707
13.2007_9.97798_-2.27977
12.8099_9.67124_-2.67247
12.3315_9.5374_-3.06517
11.8321_9.5147_-3.12717
11.3323_9.50233_-3.1065
10.8324_9.48995_-3.12717
10.3326_9.47757_-3.1065
9.83277_9.4652_-3.12717
9.33293_9.45282_-3.1065
8.83309_9.44044_-3.12717
8.33325_9.42807_-3.1065
7.83341_9.41569_-3.12717
7.33358_9.40331_-3.1065
6.83374_9.39094_-3.12717
6.3339_9.37856_-3.1065
5.83442_9.35586_-3.08583
5.33495_9.33315_-3.1065
4.83511_9.32078_-3.12717
4.33527_9.3084_-3.1065
3.8358_9.2857_-3.08583
3.33632_9.26299_-3.1065
2.96829_9.24626_-3.08583
2.4872_9.12234_-2.69314
2.09015_8.82374_-2.30044
1.77669_8.43449_-2.19709
1.48782_8.02639_-2.17643
1.19895_7.61829_-2.19709
0.910085_7.21019_-2.17643
0.621218_6.80209_-2.19709
0.33235_6.39399_-2.17643
0.0434826_5.98589_-2.19709
-0.245385_5.57778_-2.17643
-0.534252_5.16968_-2.19709
-0.831492_4.76764_-2.21776
-1.20252_4.43728_-2.61046
-1.67174_4.27405_-3.00316
-2.1705_4.25138_-3.18918
-2.66965_4.28032_-3.20984
-3.16881_4.30926_-3.18918
-3.66796_4.3382_-3.20984
-4.16711_4.36715_-3.18918
-4.66626_4.39609_-3.20984
-5.16542_4.42503_-3.18918
-5.66457_4.45397_-3.20984
-6.16372_4.48291_-3.18918
-6.66288_4.51186_-3.20984
-7.16203_4.5408_-3.18918
-7.66118_4.56974_-3.20984
-8.16033_4.59868_-3.18918
-8.65949_4.62762_-3.20984
-9.15864_4.65657_-3.18918
-9.65779_4.68551_-3.20984
-10.1539_4.64236_-2.89982
-10.6406_4.52767_-2.92049
-11.1272_4.41298_-2.89982
-11.6139_4.29829_-2.92049
-12.1006_4.18361_-2.89982
-12.5872_4.06892_-2.92049
-13.0739_3.95423_-2.89982
-13.454_3.8479_-2.83781
-13.9453_3.76384_-3.1065
-14.4448_3.74114_-3.08583
-14.9443_3.71844_-3.1065
-15.4437_3.69573_-3.08583
-15.9426_3.66271_-3.06517
-16.4415_3.62969_-3.08583
-16.941_3.60698_-3.1065
-17.4246_3.49303_-2.7138
-17.8277_3.20271_-2.3211
-18.089_2.78021_-1.92841
-18.1688_2.28986_-1.53571
-18.1461_1.79038_-1.51504
-18.1234_1.29091_-1.53571
-18.111_0.791072_-1.55637
