configuration -11.8536100388_-27.1978302002_0.742596430242_0.669739159518_7.0929813385_4.64613723755_-0.0222057164121_0.999753422679
length 54.2655
time 7.6285
roughness 0.000700233
-11.8536_-27.1978_1.67388
-11.9609_-26.7106_1.90123
-12.1182_-26.236_1.88056
-12.2756_-25.7614_1.90123
-12.4329_-25.2868_1.88056
-12.5902_-24.8122_1.90123
-12.7475_-24.3376_1.88056
-12.9049_-23.863_1.90123
-13.0622_-23.3884_1.88056
-13.2195_-22.9138_1.90123
-13.3769_-22.4392_1.88056
-13.5342_-21.9646_1.90123
-13.6915_-21.4901_1.88056
-13.9324_-21.0555_2.27326
-14.2593_-20.6773_2.29393
-14.594_-20.3059_2.3146
-14.9288_-19.9344_2.29393
-15.2635_-19.563_2.3146
-15.5982_-19.1916_2.29393
-15.9329_-18.8202_2.3146
-16.2676_-18.4487_2.29393
-16.6024_-18.0773_2.3146
-16.9371_-17.7059_2.29393
-17.2718_-17.3345_2.3146
-17.5987_-16.9563_2.25259
-17.8305_-16.5169_1.85989
-17.8765_-16.0222_1.46719
-17.83_-15.5244_1.48786
-17.7937_-15.0257_1.50853
-17.7574_-14.527_1.48786
-17.7212_-14.0284_1.50853
-17.6849_-13.5297_1.48786
-17.6486_-13.031_1.50853
-17.6124_-12.5324_1.48786
-17.5658_-12.0345_1.46719
-17.5192_-11.5367_1.48786
-17.483_-11.038_1.50853
-17.4467_-10.5394_1.48786
-17.4001_-10.0415_1.46719
-17.3536_-9.54373_1.48786
-17.3173_-9.04506_1.50853
-17.281_-8.54638_1.48786
-17.2345_-8.04857_1.46719
-17.1879_-7.55075_1.48786
-17.1535_-7.07832_1.50853
-17.0265_-6.59805_1.11583
-16.7253_-6.20295_0.723133
-16.334_-5.89203_0.619791
-15.9301_-5.59741_0.640459
-15.5323_-5.29451_0.661127
-15.1345_-4.9916_0.640459
-14.7305_-4.69698_0.619791
-14.3265_-4.40237_0.640459
-13.8779_-4.18892_0.24776
-13.3846_-4.11196_0.0617446
-12.8859_-4.07595_0.082413
-12.3872_-4.03995_0.0617446
-11.8885_-4.00394_0.082413
-11.3898_-3.96793_0.0617446
-10.8912_-3.93192_0.082413
-10.3925_-3.89592_0.0617446
-9.89377_-3.85991_0.082413
-9.39508_-3.8239_0.0617446
-8.89638_-3.78789_0.082413
-8.39769_-3.75188_0.0617446
-7.899_-3.71588_0.082413
-7.4003_-3.67987_0.0617446
-6.90161_-3.64386_0.082413
-6.40292_-3.60785_0.0617446
-5.90423_-3.57185_0.082413
-5.40638_-3.52554_0.103081
-4.90854_-3.47923_0.082413
-4.40985_-3.44323_0.0617446
-3.91116_-3.40722_0.082413
-3.41246_-3.37121_0.0617446
-2.91313_-3.34552_0.0410763
-2.4138_-3.31982_0.0617446
-1.91511_-3.28382_0.082413
-1.41642_-3.24781_0.0617446
-0.917085_-3.22212_0.0410763
-0.417755_-3.19642_0.0617446
0.0625839_-3.06962_0.454444
0.457835_-2.76866_0.847143
0.707824_-2.33934_1.23984
0.835583_-1.85639_1.38452
0.923099_-1.36412_1.40519
1.01062_-0.871848_1.38452
1.09813_-0.379575_1.40519
1.18565_0.112697_1.38452
1.27316_0.604969_1.40519
1.36068_1.09724_1.38452
1.4482_1.58951_1.40519
1.53571_2.08179_1.38452
1.63338_2.57214_1.36385
1.73105_3.0625_1.38452
1.81857_3.55478_1.40519
1.99449_4.01938_1.01249
2.33481_4.3813_0.619791
2.78773_4.58543_0.227092
3.28345_4.64189_-0.000260491
3.78341_4.64693_0.0204079
4.28338_4.65197_-0.000260491
4.78334_4.64667_-0.0209289
5.2833_4.64137_-0.000260491
5.78327_4.64641_0.0204079
6.28323_4.65145_-0.000260491
6.7832_4.64615_-0.0209289
7.09896_4.6428_-0.000260491
