configuration -11.8536100388_-27.1978302002_0.742596430242_0.669739159518_7.0929813385_4.64613723755_-0.0222057164121_0.999753422679
length 85.8164
time 300
roughness 0.00131505
-11.8536_-27.1978_1.67388
-11.8483_-26.6989_1.44653
-11.7812_-26.2035_1.42586
-11.7039_-25.7095_1.40519
-11.6266_-25.2155_1.42586
-11.5808_-24.8773_1.03316
-11.4145_-24.4092_1.42586
-11.6279_-23.9606_1.75655
-11.6845_-23.4642_1.61187
-11.6999_-22.9645_1.5912
-11.7152_-22.4647_1.61187
-11.7306_-21.9649_1.5912
-11.7517_-21.5554_1.03316
-11.7517_-21.5554_0.640459
-11.7517_-21.5554_0.24776
-11.7517_-21.5554_-0.144939
-11.7517_-21.5554_-0.144939
-11.2535_-21.5917_-0.000260491
-10.7535_-21.5969_-0.0209289
-10.2537_-21.6126_-0.0415972
-9.754_-21.6282_-0.0209289
-9.25404_-21.6335_-0.000260491
-8.82336_-21.6471_-0.206944
-8.09678_-21.5651_-0.103602
-7.73231_-21.5306_-0.082934
-7.23306_-21.5256_0.103081
-6.60432_-21.4469_0.12375
-6.13276_-21.2906_0.516449
-5.72337_-21.0048_0.702464
-5.33843_-20.6857_0.681796
-4.88453_-20.3056_0.0410763
-4.38693_-20.3417_-0.186276
-3.89657_-20.4394_-0.206944
-3.40833_-20.5472_-0.227613
-2.9201_-20.655_-0.206944
-2.42974_-20.7527_-0.186276
-1.96654_-20.8507_-0.144939
-1.47256_-20.9281_-0.165607
-0.978584_-21.0054_-0.144939
-0.20514_-21.1303_-0.454965
0.275132_-21.2574_-0.0622656
0.769368_-21.2011_0.289097
1.24711_-21.0536_0.309765
1.72486_-20.9061_0.289097
2.2026_-20.7586_0.309765
2.6178_-20.62_-0.000260491
3.11607_-20.5841_0.144418
3.61157_-20.5172_0.12375
4.10708_-20.4504_0.144418
4.60258_-20.3836_0.12375
5.09808_-20.3167_0.144418
5.54828_-20.2655_-0.082934
6.04781_-20.2812_0.0204079
6.54778_-20.2761_-0.000260491
7.04774_-20.2711_0.0204079
7.5475_-20.2557_0.0410763
8.04725_-20.2404_0.0204079
8.54722_-20.2353_-0.000260491
9.03444_-20.3324_-0.39296
9.48089_-20.5565_-0.537638
9.90768_-20.817_-0.558307
10.3689_-21.1058_-0.206944
10.8611_-21.1933_-0.144939
11.3566_-21.2604_-0.124271
11.8521_-21.3275_-0.144939
12.346_-21.4049_-0.165607
12.9967_-21.5041_-0.475633
13.4743_-21.641_-0.082934
13.9735_-21.636_0.103081
14.4703_-21.5794_0.12375
14.9671_-21.5228_0.103081
15.4639_-21.4663_0.12375
15.876_-21.4193_0.12375
16.3609_-21.302_0.351102
16.8286_-21.1252_0.37177
17.2963_-20.9484_0.351102
17.7639_-20.7716_0.37177
18.2316_-20.5947_0.351102
18.2981_-20.5766_-0.454965
18.7738_-20.7238_-0.144939
19.2693_-20.7909_-0.124271
19.7648_-20.858_-0.144939
20.2602_-20.9251_-0.124271
20.7557_-20.9922_-0.144939
21.1392_-21.0544_-0.0622656
21.6335_-20.9981_0.289097
22.1112_-20.8506_0.309765
22.589_-20.7031_0.289097
23.0667_-20.5556_0.309765
23.5365_-20.4_0.619791
23.8226_-20.2711_0.619791
24.3191_-20.2558_0.619791
24.6594_-19.8939_1.01249
24.8452_-19.4324_1.36385
24.9229_-18.937_1.38452
24.9797_-18.4407_1.5292
25.0056_-17.9414_1.50853
25.0316_-17.4421_1.5292
25.0316_-17.4421_1.5292
25.0369_-16.9422_1.5912
25.0215_-16.4424_1.61187
25.0061_-15.9427_1.5912
24.9908_-15.4429_1.61187
24.9754_-14.9431_1.5912
24.9704_-14.4455_1.65321
24.9344_-13.9468_1.63254
24.8984_-13.4481_1.65321
24.8624_-12.9494_1.63254
24.8624_-12.9494_1.63254
24.847_-12.4497_1.57054
24.842_-11.9497_1.5912
24.837_-11.4498_1.57054
24.8319_-10.9498_1.5912
24.8165_-10.45_1.61187
24.8013_-9.95598_1.67388
24.7653_-9.45736_1.61187
24.7499_-8.9576_1.5912
24.7346_-8.45785_1.61187
24.7346_-8.45785_1.61187
24.7295_-7.95795_1.54987
24.7452_-7.45821_1.5292
24.7608_-6.95846_1.54987
24.7764_-6.45871_1.5292
24.792_-5.95897_1.54987
24.8077_-5.45922_1.5292
24.7513_-4.96442_1.83922
24.6137_-4.48373_1.85989
24.4662_-4.00599_1.88056
24.3287_-3.52536_1.81856
24.3134_-3.47965_1.03316
24.4796_-3.01151_1.42586
24.5467_-2.51604_1.44653
24.6138_-2.02057_1.42586
24.6986_-1.50386_1.61187
24.7348_-1.00625_1.38452
24.8324_-0.515893_1.36385
24.9402_-0.0276577_1.34318
25.029_0.300744_0.702464
25.3383_0.689529_1.09516
25.4753_1.16707_1.48786
25.5012_1.66632_1.54987
25.5168_2.16607_1.5292
25.5259_2.56522_2.08725
25.201_2.94106_2.47994
24.7571_3.16397_2.87264
24.392_3.19052_3.26534
24.392_3.19052_3.26534
23.8965_3.22655_2.87264
23.4525_3.44946_2.47994
23.0962_3.79868_2.25259
22.7771_4.18362_2.27326
22.458_4.56856_2.25259
22.1469_4.96001_2.23192
22.1078_5.01296_3.34802
21.6155_4.92571_3.28601
21.1215_4.84865_3.30668
20.6292_4.76139_3.32735
20.1369_4.67413_3.30668
19.6428_4.59706_3.28601
19.1596_4.52172_3.22401
18.6629_4.46514_3.28601
18.1674_4.3983_3.26534
17.6719_4.33146_3.28601
17.1764_4.26462_3.26534
16.6989_4.21071_3.162
16.199_4.216_3.1
15.6997_4.24196_3.07933
15.2004_4.26791_3.1
15.2004_4.26791_3.1
14.7007_4.28354_3.12066
14.2009_4.29917_3.1
13.7012_4.3148_3.12066
13.2014_4.33042_3.1
12.7021_4.35638_3.07933
12.2029_4.37199_3.14133
11.7029_4.36696_3.162
11.2031_4.35159_3.18267
10.7034_4.33622_3.162
10.2036_4.32085_3.18267
9.70387_4.30548_3.162
9.2145_4.2905_3.26534
8.71674_4.30607_2.95532
8.22858_4.41383_2.89331
7.74127_4.53189_2.91398
7.25098_4.62955_2.97599
7.10426_4.6851_2.58329
7.10426_4.6851_2.19059
7.10426_4.6851_2.19059
7.10426_4.6851_1.79789
7.10426_4.6851_1.40519
7.10426_4.6851_1.01249
7.10426_4.6851_1.01249
7.10426_4.6851_0.619791
7.10426_4.6851_0.619791
