configuration 14.2292175293_13.7099370956_-0.723728341199_0.690084986176_-18.0985870361_0.542219161987_-0.683562400866_0.729892077038
length 70.4283
time 300
roughness 0.00141948
14.2292_13.7099_-1.61838
14.1593_13.2156_-1.8044
14.0485_12.728_-1.78373
13.9378_12.2404_-1.8044
13.8171_11.7552_-1.82506
13.6963_11.27_-1.8044
13.6275_10.9585_-1.51504
13.7514_10.4774_-1.12234
14.05_10.0804_-0.72964
14.4328_9.75883_-0.667635
14.8286_9.45334_-0.646966
15.1726_9.17656_-0.171594
15.1726_9.17656_-0.171594
15.6707_9.15799_0.0970952
16.1688_9.20132_0.0764269
16.6669_9.24464_0.0970952
17.165_9.28797_0.0764269
17.6777_9.32865_-0.109588
18.177_9.31004_0.0350901
18.6764_9.33275_0.0557585
19.1759_9.35545_0.0350901
19.6754_9.37816_0.0557585
20.4654_9.42156_-0.254267
20.9582_9.34139_-0.0682518
21.4566_9.30214_-0.0889201
21.9551_9.26289_-0.0682518
22.4535_9.22363_-0.0889201
22.8861_9.19375_-0.233599
23.3377_8.98668_-0.626298
23.6757_8.62255_-1.019
23.8485_8.15681_-1.4117
23.8609_7.65847_-1.68038
23.8011_7.16207_-1.70105
23.7199_6.68172_-1.76306
23.6499_6.18687_-1.65972
23.6106_5.68842_-1.63905
23.5714_5.18998_-1.65972
23.5321_4.69153_-1.63905
23.4929_4.19308_-1.65972
23.4557_3.7234_-1.4737
23.4272_3.4372_-1.4737
23.4396_2.93779_-1.61838
23.421_2.43815_-1.59771
23.4024_1.9385_-1.61838
23.3837_1.43886_-1.59771
23.3652_0.741614_-1.4737
23.3466_0.243463_-1.74239
23.2664_-0.250041_-1.72172
23.1861_-0.743545_-1.74239
23.0956_-1.23528_-1.76306
23.0052_-1.72702_-1.74239
22.9469_-2.11437_-2.13509
22.6044_-2.47424_-2.52779
22.1503_-2.67566_-2.92049
21.6542_-2.72916_-3.14784
21.1542_-2.7312_-3.12717
20.6543_-2.73324_-3.14784
20.0275_-2.74228_-2.87915
19.5635_-2.92554_-2.6518
19.1247_-3.16531_-2.63113
18.686_-3.40507_-2.6518
18.0918_-3.72458_-2.54846
17.6336_-3.91657_-2.94116
17.1368_-3.9186_-3.33385
16.6771_-3.73036_-3.33385
16.1811_-3.6706_-3.18918
15.6815_-3.65198_-3.16851
15.1818_-3.63336_-3.18918
14.6822_-3.61474_-3.16851
14.1825_-3.59612_-3.18918
13.8425_-3.58006_-3.29252
13.3462_-3.52025_-3.23051
12.8487_-3.47071_-3.25118
12.3511_-3.42116_-3.23051
11.8536_-3.37162_-3.25118
11.3561_-3.32207_-3.23051
10.9125_-3.28397_-3.25118
10.4161_-3.22415_-3.27185
9.91966_-3.16433_-3.25118
9.42326_-3.10452_-3.27185
8.8762_-3.04359_-3.06517
8.38627_-3.13786_-2.83781
7.90765_-3.28249_-2.85848
7.42903_-3.42711_-2.83781
6.9535_-3.58159_-2.81715
6.55143_-3.70284_-2.81715
6.0759_-3.85732_-2.83781
5.59728_-4.00194_-2.85848
5.11866_-4.14657_-2.83781
4.56013_-4.31771_-2.69314
4.56013_-4.31771_-2.69314
4.07904_-4.44163_-3.08583
3.80316_-4.14994_-3.08583
3.30507_-4.12106_-3.31319
2.81333_-4.0306_-3.33385
2.32356_-3.93_-3.35452
1.8338_-3.82939_-3.33385
1.10105_-3.68313_-2.98249
0.614803_-3.79772_-2.83781
0.295633_-3.92042_-2.58979
-0.200816_-3.90192_-2.58979
-0.666555_-4.07481_-2.98249
-1.16496_-4.09747_-3.20984
-1.66341_-4.05821_-3.23051
-2.16094_-4.00867_-3.25118
-2.75222_-3.94573_-3.4372
-3.24657_-3.89651_-3.0445
-3.74368_-3.95012_-3.02383
-4.24079_-4.00373_-3.0445
-4.7379_-4.05734_-3.02383
-5.25576_-4.10656_-3.29252
-5.75208_-4.04675_-3.23051
-6.25053_-4.0075_-3.20984
-6.74898_-3.96825_-3.23051
-7.33287_-3.93053_-3.68522
-7.80001_-3.76145_-3.29252
-8.29729_-3.77377_-2.94116
-8.78388_-3.88844_-2.87915
-9.30738_-4.0309_-2.87915
-9.80309_-4.06371_-3.27185
-10.2946_-3.97328_-3.37519
-10.7822_-3.86258_-3.35452
-11.2698_-3.75187_-3.37519
-11.9205_-3.6004_-3.8299
-12.3583_-3.36574_-3.4372
-12.849_-3.27547_-3.20984
-13.3482_-3.24653_-3.18918
-13.8473_-3.21759_-3.20984
-14.4468_-3.19026_-3.1065
-15.047_-3.39675_-2.7138
-15.5306_-3.5107_-3.1065
-16.0266_-3.4613_-3.37519
-16.5118_-3.34054_-3.39586
-16.9944_-3.20978_-3.41653
-17.7286_-3.01121_-3.8919
-17.7745_-2.94756_-4.2846
-17.8404_-2.66761_-4.6773
-17.7984_-2.40953_-5.07
-17.7984_-2.40953_-5.07
-17.7187_-1.91919_-4.6773
-17.762_-1.42129_-4.57396
-17.8259_-0.925393_-4.59463
-17.8795_-0.428284_-4.61529
-17.9331_0.0688242_-4.59463
-17.9836_0.416828_-4.03658
-18.1037_0.517731_-3.64388
-18.1037_0.517731_-3.25118
-18.1037_0.517731_-2.85848
-18.1037_0.517731_-2.85848
-18.1037_0.517731_-2.46578
-18.1037_0.517731_-2.07308
-18.1037_0.517731_-2.07308
