configuration 32.0634506226_7.0565199852_0.870200588927_0.492697610133_0.864893198013_0.272379875183_-0.736733996813_0.676182680893
length 42.9528
time 38.3735
roughness 0.00454772
32.0635_7.05652_2.11122
31.8107_7.48789_2.09055
31.5621_7.89214_2.50392
31.3945_8.35982_2.50392
30.9453_8.57202_2.89662
30.4493_8.61676_3.20664
29.9514_8.55851_3.22731
29.46_8.46975_3.41333
28.9798_8.33058_3.43399
28.4996_8.19141_3.41333
28.4996_8.19141_3.41333
28.0462_7.98528_3.72335
27.6314_7.70624_3.74402
27.2223_7.41868_3.76469
27.2223_7.41868_3.76469
26.7701_7.21305_3.37199
26.2746_7.15495_3.14464
25.7746_7.14826_3.16531
25.2747_7.14157_3.14464
24.8597_7.14798_3.76469
24.7526_7.03334_4.15739
24.7526_7.03334_4.55009
24.7526_7.03334_4.94279
24.7526_7.03334_4.94279
24.7695_6.53683_4.55009
24.6735_6.04622_4.48808
24.5673_5.55763_4.50875
24.4712_5.06695_4.52942
24.3752_4.57628_4.50875
24.2873_4.18809_4.90145
24.2837_3.69131_4.50875
24.1089_3.225_4.19872
23.8677_2.78701_4.21939
23.6265_2.34903_4.19872
23.3764_1.91613_4.17806
23.1855_1.58194_4.90145
23.1818_1.08516_4.50875
23.0556_0.601581_4.40541
22.8799_0.132794_4.38474
22.6314_-0.297342_3.99204
22.2371_-0.599613_3.59934
21.7863_-0.815927_3.57867
21.3312_-1.02288_3.558
20.876_-1.22983_3.57867
20.4173_-1.42707_3.59934
20.023_-1.72935_3.99204
19.7386_-2.13924_4.21939
19.5065_-2.58211_4.24006
19.3152_-2.95427_3.59934
18.8487_-3.13237_3.41333
18.3657_-3.26158_3.39266
17.5907_-3.44364_3.0413
17.0962_-3.49128_3.43399
16.6257_-3.65987_3.53734
16.1624_-3.84783_3.51667
15.6953_-4.02618_3.496
15.2282_-4.20453_3.51667
14.9006_-4.34056_2.75194
14.4131_-4.24513_3.14464
13.9132_-4.25182_3.16531
13.4132_-4.25851_3.14464
12.9133_-4.2652_3.16531
12.4133_-4.27188_3.14464
12.029_-4.26999_3.558
11.5441_-4.37844_3.16531
11.0487_-4.3234_2.89662
10.5624_-4.20716_2.91729
10.0761_-4.09091_2.89662
9.59233_-3.96464_2.87595
9.23567_-3.87311_2.40058
8.81076_-3.6157_2.79327
8.32203_-3.52004_3.1033
7.82224_-3.50606_3.12397
7.32244_-3.49208_3.1033
6.82304_-3.46778_3.08263
6.41339_-3.451_3.57867
5.95027_-3.63889_3.47533
5.47958_-3.80755_3.496
5.0089_-3.97621_3.47533
4.53821_-4.14487_3.496
4.18799_-4.27245_3.72335
3.72764_-4.45921_3.33065
3.23086_-4.45559_2.93795
2.76879_-4.2714_2.58659
2.76879_-4.2714_2.58659
2.40575_-3.93227_2.19389
2.13545_-3.51189_2.09055
1.89162_-3.07539_2.06988
1.64779_-2.63888_2.09055
1.40396_-2.20238_2.06988
1.33595_-2.07456_1.20181
1.42129_-1.58515_1.59451
1.34283_-1.09286_1.8632
1.17386_-0.621009_1.88387
1.01497_-0.146938_1.90453
0.790226_0.236559_2.29723
0.790226_0.236559_2.68993
0.790226_0.236559_2.68993
0.790226_0.236559_3.08263
0.790226_0.236559_3.47533
0.790226_0.236559_3.86803
0.790226_0.236559_3.86803
