configuration 32.0634506226_7.0565199852_0.870200588927_0.492697610133_0.864893198013_0.272379875183_-0.736733996813_0.676182680893
length 37.0917
time 14.8762
roughness 0.0296766
32.0635_7.05652_2.11122
31.8107_7.48789_2.09055
31.5621_7.89214_2.50392
31.3945_8.35982_2.50392
30.9453_8.57202_2.89662
30.4493_8.61676_3.20664
29.9507_8.5791_3.22731
29.4531_8.53115_3.24798
29.0069_8.48814_-2.66318
28.5812_8.2267_-2.5185
28.1782_7.93075_-2.49783
27.7752_7.6348_-2.5185
27.7752_7.6348_-2.5185
27.3351_7.40075_-2.78719
26.868_7.22239_-2.76652
26.4009_7.04404_-2.78719
25.9338_6.86569_-2.76652
25.4667_6.68734_-2.78719
25.1405_6.56401_-3.3039
24.644_6.5471_-2.9112
24.1918_6.34147_-2.5185
23.7827_6.05391_-2.53917
23.3737_5.76635_-2.5185
22.9647_5.47879_-2.53917
22.595_5.23181_-2.80785
22.128_5.05348_-2.74585
21.6686_4.85598_-2.72518
21.2093_4.65848_-2.74585
20.75_4.46098_-2.72518
20.2948_4.25403_-2.70451
19.9199_4.08927_-3.09721
19.4205_4.10323_-3.24189
18.9226_4.14815_-3.22122
18.4246_4.19307_-3.24189
17.9277_4.24828_-3.26256
17.5938_4.28183_-2.43582
17.1601_4.03956_-2.82852
16.6683_3.96117_-3.13855
16.1683_3.96482_-3.15922
15.6683_3.96846_-3.13855
15.1684_3.97211_-3.15922
14.7631_3.98808_-2.60117
14.2954_3.8205_-2.99387
13.7968_3.80352_-3.22122
13.298_3.83814_-3.20055
12.7992_3.87275_-3.22122
12.3861_3.91342_-2.60117
11.9185_3.74583_-2.99387
11.422_3.68762_-3.05587
10.9234_3.64996_-3.07654
10.5215_3.64047_-2.82852
10.0281_3.58262_-3.22122
9.54096_3.68847_-3.48991
9.07279_3.86397_-3.51058
8.60461_4.03948_-3.48991
8.13643_4.21498_-3.51058
7.77752_4.34716_-2.78719
7.31427_4.15922_-2.72518
6.85494_3.96172_-2.74585
6.39561_3.76422_-2.72518
6.39561_3.76422_-2.72518
5.9108_3.65577_-3.11788
5.41709_3.72097_-3.42791
4.93602_3.85721_-3.40724
4.45495_3.99346_-3.42791
3.97679_4.13961_-3.44857
3.60818_4.25027_-2.72518
3.1671_4.01571_-2.5805
2.74654_3.7453_-2.55983
2.32599_3.47489_-2.5805
1.89993_3.21323_-2.60117
1.47387_2.95157_-2.5805
1.12953_2.72471_-2.9732
0.665416_2.5475_-2.5805
0.304447_2.20617_-2.1878
0.101576_1.75268_-1.7951
0.101576_1.75268_-1.7951
0.087689_1.25608_-1.4024
0.264899_0.791972_-1.00971
0.78793_0.206584_-1.05104
