configuration -11.8536100388_-27.1978302002_0.742596430242_0.669739159518_7.0929813385_4.64613723755_-0.0222057164121_0.999753422679
length 56.0752
time 1.39994
roughness 0.00217732
-11.8536_-27.1978_1.67388
-11.9306_-26.704_1.77722
-12.0281_-26.2136_1.75655
-12.1255_-25.7232_1.77722
-12.1305_-25.2264_1.38452
-11.9543_-24.7612_1.03316
-11.7027_-24.3292_1.05383
-11.5462_-23.8577_1.44653
-11.5717_-23.3609_1.79789
-11.6793_-22.8726_1.77722
-11.874_-22.4156_2.16992
-12.2288_-22.0679_2.56262
-12.6501_-21.7986_2.58329
-13.1082_-21.6032_2.89331
-13.5941_-21.4853_2.91398
-13.9599_-21.4739_3.30668
-14.4565_-21.4583_2.91398
-14.9093_-21.254_2.52128
-15.2798_-20.9198_2.29393
-15.6567_-20.5936_2.56262
-16.078_-20.3244_2.58329
-16.5048_-20.0639_2.60395
-16.8737_-19.7311_2.21126
-17.0871_-19.2825_1.81856
-17.1743_-18.7906_1.67388
-17.2206_-18.2928_1.65321
-17.2566_-17.7941_1.63254
-17.2926_-17.2954_1.65321
-17.3389_-16.7975_1.67388
-17.3852_-16.2997_1.65321
-17.4213_-15.801_1.63254
-17.3954_-15.3028_1.40519
-17.318_-14.8088_1.42586
-17.2407_-14.3148_1.40519
-17.2251_-13.8165_1.67388
-17.2817_-13.3198_1.69455
-17.3486_-12.8243_1.71521
-17.3742_-12.3256_1.5292
-17.3483_-11.8263_1.50853
-17.3223_-11.327_1.5292
-17.2964_-10.8277_1.50853
-17.2704_-10.3284_1.5292
-17.2444_-9.82906_1.50853
-17.2391_-9.32931_1.61187
-17.2545_-8.82956_1.5912
-17.2699_-8.3298_1.61187
-17.1931_-7.83899_1.21917
-17.016_-7.37139_1.19851
-16.839_-6.9038_1.21917
-16.6242_-6.45306_1.03316
-16.3726_-6.02099_1.05383
-16.13_-5.5838_1.07449
-15.8203_-5.19452_0.723133
-15.4489_-4.8598_0.743801
-15.0845_-4.51748_0.764469
-14.6657_-4.25018_0.37177
-14.1766_-4.16348_-0.0209289
-13.6766_-4.16877_-0.000260491
-13.1809_-4.11231_0.227092
-12.6926_-4.00478_0.206423
-12.2043_-3.89725_0.227092
-11.7304_-3.74015_0.413107
-11.2745_-3.5347_0.433775
-10.8187_-3.32925_0.413107
-10.3335_-3.22241_0.0204079
-9.84441_-3.30937_-0.372291
-9.4258_-3.57688_-0.76499
-9.00718_-3.8444_-0.372291
-8.51806_-3.93136_0.0204079
-8.03289_-3.82451_0.413107
-7.82861_-3.77953_0.0204079
-7.33948_-3.86648_-0.372291
-6.92087_-4.134_-0.76499
-6.50225_-4.40152_-0.372291
-6.01313_-4.48848_0.0204079
-5.51338_-4.47311_0.0410763
-5.01405_-4.44741_0.0617446
-4.51535_-4.41141_0.082413
-4.01666_-4.3754_0.0617446
-3.51733_-4.3497_0.0410763
-3.01757_-4.33434_0.0204079
-2.51782_-4.31897_0.0410763
-2.02302_-4.25222_0.227092
-1.53473_-4.14469_0.206423
-1.04644_-4.03716_0.227092
-0.593522_-3.83303_0.619791
-0.222892_-3.49903_0.847143
0.11202_-3.12778_0.826474
0.446932_-2.75653_0.847143
0.781844_-2.38528_0.826474
1.11676_-2.01403_0.847143
1.12991_-1.99144_1.23984
1.18255_-1.60278_1.63254
1.08244_-1.22357_2.02524
0.935542_-0.747725_1.71521
0.858476_-0.253709_1.73588
0.771216_0.238608_1.75655
0.77648_0.735374_1.36385
0.971446_1.19231_0.971153
1.32643_1.53986_0.578454
1.68142_1.8874_0.971153
1.87639_2.34434_1.36385
1.88165_2.8411_1.75655
1.88692_3.33787_1.36385
2.08188_3.79481_0.971153
2.39288_4.18576_0.826474
2.79427_4.47849_0.433775
3.27712_4.59534_0.0410763
3.77688_4.61071_0.0204079
4.27684_4.61574_-0.000260491
4.77681_4.62078_0.0204079
5.27677_4.62582_-0.000260491
5.77674_4.63085_0.0204079
6.27671_4.63589_-0.000260491
6.77667_4.64093_0.0204079
7.09244_4.64411_-0.000260491
