configuration 6.23696136475_-8.02296829224_-0.990618758317_0.136654585252_12.9709873199_-24.4014968872_-0.713623012343_0.700529939585
length 43.0949
time 44.6101
roughness 0.00326693
6.23696_-8.02297_-2.86743
5.79415_-8.24819_-2.47473
5.3981_-8.55337_-2.49539
5.00205_-8.85855_-2.47473
4.606_-9.16373_-2.49539
4.17892_-9.4742_-2.86743
3.68363_-9.51282_-3.26012
3.19549_-9.40799_-3.44614
2.71698_-9.263_-3.42547
2.23847_-9.11801_-3.44614
1.8154_-8.98574_-3.71483
1.35347_-8.8029_-3.32213
0.856742_-8.81076_-2.92943
0.400828_-9.00811_-2.53673
0.0115029_-9.32114_-2.39205
-0.350952_-9.66555_-2.37138
-0.696464_-9.99791_-2.30938
-1.09616_-10.2929_-2.70208
-1.57414_-10.4327_-3.0121
-2.06926_-10.5024_-2.99144
-2.56437_-10.5721_-3.0121
-3.06081_-10.6315_-3.03277
-3.44272_-10.6792_-2.30938
-3.74311_-11.078_-2.12336
-4.00993_-11.5008_-2.14403
-4.27675_-11.9237_-2.12336
-4.54356_-12.3465_-2.14403
-4.81038_-12.7694_-2.12336
-4.99935_-13.0843_-2.64007
-5.38_-13.4035_-2.24737
-5.60951_-13.8441_-1.85468
-5.65294_-14.339_-1.46198
-5.65294_-14.339_-1.46198
-5.69636_-14.8339_-1.85468
-5.88953_-15.2939_-2.08203
-6.13864_-15.7274_-2.1027
-6.39667_-16.1557_-2.12336
-6.7818_-16.7894_-1.89601
-6.84564_-17.282_-1.50331
-6.77602_-17.7767_-1.35863
-6.66569_-18.2644_-1.33797
-6.55536_-18.752_-1.35863
-6.45513_-19.2419_-1.3793
-6.36752_-19.6686_-1.11061
-6.0643_-20.0621_-0.717915
-5.63822_-20.3188_-0.366553
-5.17332_-20.5028_-0.387221
-4.70842_-20.6868_-0.366553
-4.24352_-20.8708_-0.387221
-3.7881_-21.0514_-0.449226
-3.30711_-21.1756_-0.0565269
-2.81152_-21.1267_0.253499
-2.32883_-20.9963_0.274167
-1.84614_-20.8659_0.253499
-1.36345_-20.7355_0.274167
-0.975497_-20.6172_-0.283879
-0.494096_-20.7523_-0.263211
-0.0126949_-20.8874_-0.283879
0.468706_-21.0224_-0.263211
0.468706_-21.0224_-0.263211
0.96307_-21.0865_0.0054782
1.463_-21.0786_0.0261466
1.96293_-21.0707_0.0054782
2.46286_-21.0628_0.0261466
2.96251_-21.0446_0.046815
3.37636_-21.0355_-0.345884
3.86374_-21.1401_-0.0771953
4.36182_-21.1838_-0.0978637
4.8599_-21.2276_-0.0771953
5.31435_-21.2537_-0.325216
5.80623_-21.3278_0.0261466
6.30616_-21.3199_0.0054782
6.80609_-21.312_0.0261466
7.30601_-21.3041_0.0054782
7.80594_-21.2962_0.0261466
8.12676_-21.2799_-0.263211
8.62244_-21.3131_0.129488
9.11187_-21.213_0.274167
9.59176_-21.0727_0.294835
9.59176_-21.0727_0.294835
10.0861_-21.0238_-0.0978637
10.5713_-21.1385_-0.366553
11.284_-21.4495_0.294835
11.7784_-21.4006_-0.0978637
12.2538_-21.5447_-0.490563
12.6379_-21.8598_-0.883262
12.8723_-22.2978_-1.27596
13.0026_-22.7804_-1.33797
13.0948_-23.2008_-1.64799
13.051_-23.6989_-1.66866
12.9971_-24.196_-1.68933
12.9971_-24.196_-1.68933
