configuration 32.0634506226_7.0565199852_0.870200588927_0.492697610133_0.864893198013_0.272379875183_-0.736733996813_0.676182680893
length 50.1675
time 97.7568
roughness 0.00489782
32.0635_7.05652_2.11122
31.8959_7.5242_1.71852
31.8959_7.5242_1.32582
31.8959_7.5242_1.71852
31.7283_7.99187_2.11122
31.3945_8.35982_2.50392
30.9453_8.57202_2.89662
30.4491_8.60646_3.24798
29.9514_8.55851_3.22731
29.7955_8.57583_2.83461
29.6122_8.67672_2.44191
29.4979_8.81964_2.04921
29.4979_8.81964_1.65651
29.521_9.02754_1.26382
29.6345_9.23368_0.871116
29.6345_9.23368_0.478417
29.6345_9.23368_0.0857181
29.6345_9.23368_-0.306981
29.6345_9.23368_-0.69968
29.6345_9.23368_-1.09238
29.6345_9.23368_-1.48508
29.6345_9.23368_-1.87778
29.3949_8.7985_-2.27048
29.0069_8.48814_-2.66318
28.5812_8.2267_-2.5185
28.1782_7.93075_-2.49783
27.7752_7.6348_-2.5185
27.3723_7.33885_-2.49783
26.9755_7.03463_-2.47716
26.5787_6.73042_-2.49783
26.1308_6.51549_-2.89053
25.6347_6.48832_-3.28323
25.1405_6.56401_-3.3039
24.644_6.5471_-2.9112
24.1918_6.34147_-2.5185
23.8526_5.97843_-2.1258
23.7517_5.70911_-1.7331
23.7686_5.21261_-1.3404
23.9634_4.78417_-0.947701
24.169_4.33193_-1.3404
24.268_3.84191_-1.4024
24.3569_3.34989_-1.38174
24.5437_2.88954_-0.989037
24.8227_2.47466_-0.968369
25.1018_2.05978_-0.989037
25.2885_1.59943_-1.38174
25.2849_1.10265_-1.77444
25.1687_0.616426_-1.83644
24.9473_0.171713_-2.22914
24.6293_-0.214056_-2.29114
24.3034_-0.593226_-2.27048
24.0637_-1.02841_-1.87778
23.9375_-1.51198_-1.77444
23.8314_-2.00057_-1.7951
23.7455_-2.49292_-1.69176
23.68_-2.98861_-1.71243
23.6146_-3.4843_-1.69176
23.6146_-3.4843_-2.08446
23.2908_-3.86104_-2.47716
22.8474_-4.08518_-2.86986
22.352_-4.1226_-3.26256
21.88_-3.96759_-3.65526
21.5033_-3.64376_-4.04796
21.1265_-3.31993_-3.65526
20.6545_-3.16492_-3.26256
20.1556_-3.14063_-3.11788
19.6708_-3.24908_-2.72518
19.246_-3.50996_-2.45649
18.8556_-3.82231_-2.47716
18.4122_-4.04645_-2.86986
17.9168_-4.08387_-3.26256
17.4245_-3.99802_-3.3659
16.9279_-3.98413_-2.9732
16.4487_-4.123_-2.74585
15.9853_-4.31097_-2.76652
15.4965_-4.39928_-3.15922
15.0059_-4.31374_-3.46924
14.5308_-4.15773_-3.44857
14.045_-4.04159_-3.3039
13.5507_-3.96589_-3.28323
13.0565_-3.8902_-3.3039
12.5798_-3.74449_-3.57258
12.1234_-3.54031_-3.55192
11.667_-3.33613_-3.57258
11.1838_-3.22063_-3.17988
10.6876_-3.26844_-2.9112
10.202_-3.38764_-2.89053
9.70598_-3.41481_-3.28323
9.23729_-3.25008_-3.67593
8.86732_-2.91853_-4.06862
8.86732_-2.91853_-3.67593
8.39863_-2.7538_-3.28323
7.90258_-2.78097_-2.89053
7.90258_-2.78097_-2.49783
7.90258_-2.78097_-2.10513
7.90258_-2.78097_-1.71243
7.90258_-2.78097_-2.10513
7.57103_-3.15094_-2.49783
7.12314_-3.36588_-2.89053
6.66121_-3.55328_-2.62184
6.2247_-3.79711_-2.64251
5.78325_-4.03187_-2.66318
5.30609_-4.17015_-3.05587
4.80736_-4.1562_-3.28323
4.31167_-4.09074_-3.26256
3.8127_-4.06646_-3.11788
3.313_-4.08348_-3.09721
2.8133_-4.1005_-3.11788
2.32389_-4.01516_-3.51058
1.90439_-3.74903_-3.90328
1.61867_-3.34262_-4.29598
1.40239_-2.89191_-4.23397
1.16763_-2.45045_-4.2133
0.932873_-2.009_-4.23397
0.794595_-1.53184_-4.62667
0.849444_-1.03808_-5.01937
1.00545_-0.563054_-5.04004
1.07049_-0.0705368_-4.64734
1.03284_0.428034_-4.62667
0.99518_0.926605_-4.64734
0.99518_0.926605_-4.25464
0.99518_0.926605_-3.86194
0.99518_0.926605_-3.46924
0.99518_0.926605_-3.07654
0.99518_0.926605_-2.68384
0.99518_0.926605_-2.29114
0.746611_0.496469_-1.89845
0.718904_0.422557_-1.96045
0.718904_0.422557_-1.98112
