configuration 32.0634506226_7.0565199852_0.870200588927_0.492697610133_0.864893198013_0.272379875183_-0.736733996813_0.676182680893
length 46.6141
time 4.51223
roughness 0.00533054
32.0635_7.05652_2.11122
31.8959_7.5242_1.71852
31.8959_7.5242_1.32582
31.8959_7.5242_1.71852
31.7283_7.99187_2.11122
31.3945_8.35982_2.50392
30.9453_8.57202_2.89662
30.4491_8.60646_3.24798
29.9514_8.55851_3.22731
29.7955_8.57583_2.83461
29.6122_8.67672_2.44191
29.4979_8.81964_2.04921
29.4979_8.81964_1.65651
29.521_9.02754_1.26382
29.6345_9.23368_0.871116
29.6345_9.23368_0.478417
29.6345_9.23368_0.0857181
29.6345_9.23368_-0.306981
29.6345_9.23368_-0.69968
29.6345_9.23368_-1.09238
29.6345_9.23368_-1.48508
29.6345_9.23368_-1.87778
29.3949_8.7985_-2.27048
29.0069_8.48814_-2.66318
28.5408_8.31017_-2.89053
28.0578_8.18096_-2.86986
27.5776_8.04179_-2.84919
27.5776_8.04179_-2.45649
27.2616_7.65843_-2.06379
27.0481_7.20654_-1.96045
26.8534_6.74602_-1.98112
26.8534_6.74602_-2.37382
26.4356_6.47733_-2.76652
25.9467_6.38902_-3.15922
25.4578_6.3007_-2.76652
25.0226_6.0576_-2.49783
24.6196_5.76165_-2.5185
24.2805_5.39861_-2.1258
24.1061_4.93342_-1.7331
24.0101_4.44281_-1.7951
23.9962_3.94621_-1.4024
24.1734_3.4821_-1.00971
24.5003_3.10643_-0.69968
24.5003_3.10643_-1.09238
24.6386_2.62926_-1.48508
24.5837_2.13551_-1.87778
24.4777_1.64762_-1.69176
24.4123_1.15193_-1.71243
24.3468_0.65624_-1.69176
24.1918_0.184248_-2.08446
23.868_-0.192496_-2.47716
23.4379_-0.444541_-2.74585
22.997_-0.678965_-2.55983
22.5765_-0.949375_-2.5805
22.1559_-1.21979_-2.55983
21.8021_-1.5685_-2.16713
21.5431_-1.99596_-2.06379
21.3111_-2.43883_-2.04312
21.0031_-2.82864_-2.43582
20.5694_-3.07091_-2.82852
20.076_-3.12877_-3.22122
19.5773_-3.14575_-2.99387
19.082_-3.21423_-3.01454
18.5868_-3.2827_-2.99387
18.0895_-3.2688_-3.34523
17.5989_-3.17275_-3.32456
17.1082_-3.0767_-3.34523
16.6114_-3.07308_-2.95253
16.1352_-3.22182_-2.72518
15.6758_-3.41932_-2.74585
15.1889_-3.51773_-3.13855
14.6889_-3.52442_-3.11788
14.189_-3.53111_-3.13855
13.702_-3.62951_-2.74585
13.2469_-3.83643_-2.68384
12.7962_-4.05274_-2.70451
12.3179_-4.19136_-3.01454
11.8226_-4.25984_-2.99387
11.3273_-4.32831_-3.01454
10.8285_-4.35563_-3.15922
10.3287_-4.34166_-3.17988
9.82889_-4.32768_-3.15922
9.34342_-4.22219_-3.55192
8.88702_-4.01801_-3.57258
8.43493_-3.80445_-3.59325
7.95424_-3.67898_-3.20055
7.46213_-3.74702_-2.80785
7.03352_-3.99821_-2.41516
6.6049_-4.24939_-2.80785
6.11279_-4.31743_-3.20055
5.6321_-4.19197_-3.59325
5.18453_-3.9691_-3.61392
4.73695_-3.74624_-3.59325
4.28938_-3.52338_-3.61392
3.81138_-3.38801_-3.22122
3.31797_-3.44586_-2.82852
2.88425_-3.68813_-2.43582
2.88425_-3.68813_-2.82852
2.39084_-3.74599_-3.22122
1.91285_-3.61062_-3.61392
1.52304_-3.30263_-4.00662
1.28077_-2.86892_-4.39932
1.18195_-2.37988_-4.62667
1.04367_-1.90272_-4.23397
0.733313_-1.51479_-3.84127
0.32887_-1.22155_-3.69659
-0.0341699_-0.882429_-4.08929
-0.239798_-0.430189_-4.48199
-0.256709_0.0663164_-4.87469
-0.256709_0.0663164_-5.26739
-0.0782227_0.25739_-5.66009
0.1836_0.376438_-6.05279
0.680106_0.393349_-6.44549
0.875972_0.319926_-6.83819
0.89508_0.302077_-7.23089
