configuration 32.0634506226_7.0565199852_0.870200588927_0.492697610133_0.864893198013_0.272379875183_-0.736733996813_0.676182680893
length 44.4511
time 15.7599
roughness 0.0235852
32.0635_7.05652_2.11122
31.8959_7.5242_2.40058
31.5621_7.89214_2.50392
31.3945_8.35982_2.50392
30.9453_8.57202_2.89662
30.4493_8.61676_3.20664
29.9514_8.55851_3.22731
29.458_8.47988_3.37199
28.9701_8.37073_3.35132
28.4822_8.26159_3.37199
27.9966_8.14238_3.39266
27.5776_8.04179_-2.84919
27.5776_8.04179_-2.45649
27.5776_8.04179_-2.45649
27.5776_8.04179_-2.06379
27.5484_7.96861_-1.83644
27.5341_7.91797_-1.85711
27.5341_7.91797_-1.85711
27.3035_7.47793_-2.24981
26.9481_7.12772_-2.47716
26.5513_6.8235_-2.49783
25.9467_6.38902_-3.15922
25.4578_6.3007_-2.76652
25.0399_6.03202_-2.37382
24.7309_5.64088_-2.10513
24.4718_5.21323_-2.1258
24.2128_4.78559_-2.10513
24.0101_4.44281_-1.7951
23.9962_3.94621_-1.4024
24.1153_3.46106_-1.25773
24.2742_2.98698_-1.23706
24.4428_2.5163_-1.21639
24.5837_2.13551_-1.87778
24.4083_1.66753_-1.98112
24.2041_1.21113_-2.00179
23.9906_0.759044_-2.02246
23.777_0.306959_-2.00179
23.5728_-0.149443_-1.98112
23.4379_-0.444541_-2.74585
22.997_-0.678965_-2.55983
22.5765_-0.949375_-2.5805
22.1559_-1.21979_-2.55983
22.1559_-1.21979_-2.55983
21.7661_-1.53169_-2.37382
21.4028_-1.87522_-2.39449
21.0395_-2.21874_-2.37382
20.6762_-2.56227_-2.39449
20.3129_-2.9058_-2.37382
20.076_-3.12877_-3.22122
19.5767_-3.13545_-3.03521
19.0815_-3.20391_-2.9732
18.5868_-3.2827_-2.99387
18.0915_-3.35118_-3.01454
17.5949_-3.40941_-3.03521
17.0983_-3.46764_-3.01454
16.6017_-3.52586_-3.03521
16.1051_-3.58409_-3.01454
15.7079_-3.64496_-3.40724
15.2137_-3.57969_-3.13855
14.7137_-3.58638_-3.11788
14.2133_-3.61368_-3.13855
13.7215_-3.69207_-2.82852
13.2442_-3.84113_-2.84919
12.767_-3.99019_-2.82852
12.2897_-4.13926_-2.84919
11.8095_-4.27843_-2.86986
11.3516_-4.41089_-3.01454
10.8548_-4.38671_-3.3659
10.3662_-4.28054_-3.34523
9.87758_-4.17437_-3.3659
9.39128_-4.05813_-3.38657
8.90499_-3.94188_-3.3659
8.46835_-3.84772_-3.59325
7.98766_-3.72225_-3.20055
7.49196_-3.77001_-2.89053
7.00638_-3.88922_-2.9112
6.52081_-4.00842_-2.89053
6.0378_-4.13764_-2.86986
5.66552_-4.23524_-3.59325
5.18483_-4.10977_-3.20055
4.68543_-4.08547_-3.17988
4.18563_-4.07149_-3.15922
3.68565_-4.06785_-3.13855
3.18568_-4.0642_-3.15922
2.82152_-4.05066_-3.79994
2.37681_-3.82922_-3.40724
1.88363_-3.75369_-3.17988
1.38423_-3.72939_-3.20055
0.884833_-3.70508_-3.17988
0.469853_-3.69687_-3.79994
0.469853_-3.69687_-3.79994
0.143733_-3.3221_-4.19264
-0.0141463_-2.85106_-4.58533
-0.0311421_-2.35207_-4.77135
0.0746054_-1.86543_-5.08138
0.259747_-1.40098_-5.10204
0.444888_-0.936527_-5.08138
0.630029_-0.472077_-5.10204
0.916851_0.23051_-5.3914
0.916851_0.23051_-5.7841
0.916851_0.23051_-6.1768
0.916851_0.23051_-6.5695
0.916851_0.23051_-6.5695
0.916851_0.23051_-6.9622
0.916851_0.23051_-7.3549
0.916851_0.23051_-7.3549
