configuration 6.23696136475_-8.02296829224_-0.990618758317_0.136654585252_12.9709873199_-24.4014968872_-0.713623012343_0.700529939585
length 42.2021
time 300
roughness 0.0485436
6.23696_-8.02297_-2.86743
5.74167_-8.06159_-3.26012
5.74167_-8.06159_-3.26012
5.24638_-8.10021_-2.86743
4.79355_-8.30744_-2.5574
4.37935_-8.58749_-2.53673
3.96515_-8.86755_-2.5574
3.54525_-9.13898_-2.57807
3.21127_-9.35896_-2.86743
3.13065_-9.38532_-3.26012
2.6425_-9.28049_-3.44614
2.17046_-9.11587_-3.50815
1.8154_-8.98574_-3.71483
1.35347_-8.8029_-3.32213
0.856742_-8.81076_-2.92943
0.38407_-8.97047_-2.70208
0.38407_-8.97047_-2.70208
-0.056621_-9.2062_-2.59874
-0.487378_-9.46005_-2.61941
-0.923289_-9.70494_-2.64007
-1.3592_-9.94983_-2.61941
-1.78996_-10.2037_-2.59874
-2.21685_-10.4472_-2.30938
-2.55727_-10.8135_-2.33005
-2.90518_-11.1725_-2.35072
-3.39711_-11.6526_-2.30938
-3.75222_-12.0043_-2.41272
-4.1286_-12.3334_-2.43339
-4.50498_-12.6626_-2.41272
-4.99935_-13.0843_-2.64007
-5.38_-13.4035_-2.24737
-5.64624_-13.8255_-2.02002
-5.86802_-14.2736_-2.04069
-6.19857_-14.9533_-1.85468
-6.31359_-15.4397_-1.75133
-6.39827_-15.9324_-1.73067
-6.48296_-16.4252_-1.75133
-6.57782_-16.9161_-1.772
-6.67268_-17.407_-1.75133
-6.7229_-17.7364_-1.50331
-6.67375_-18.2339_-1.44131
-6.60407_-18.729_-1.42064
-6.52417_-19.2226_-1.39997
-6.45176_-19.6477_5.42059
-6.06714_-19.9631_5.77195
-5.62377_-20.1941_5.83396
-5.14988_-20.4346_-0.180537
-4.65711_-20.5193_-0.159869
-4.1627_-20.5938_-0.1392
-3.66829_-20.6683_-0.159869
-3.17388_-20.7428_-0.1392
-2.38716_-20.8542_-0.449226
-1.93148_-20.9719_-0.449226
-1.45049_-21.0962_-0.0565269
-0.951029_-21.1193_-0.0358585
-0.451201_-21.1321_-0.0151902
0.0486274_-21.1448_-0.0358585
0.749917_-21.1616_0.129488
1.24818_-21.1228_0.0261466
1.74784_-21.1045_0.046815
2.2475_-21.0863_0.0261466
2.74716_-21.0681_0.046815
3.37636_-21.0355_-0.345884
3.86374_-21.1401_-0.0771953
4.36182_-21.1838_-0.0978637
4.8599_-21.2276_-0.0771953
5.31435_-21.2537_-0.325216
5.80623_-21.3278_0.0261466
6.30616_-21.3199_0.0054782
6.80609_-21.312_0.0261466
7.30601_-21.3041_0.0054782
7.80594_-21.2962_0.0261466
8.12676_-21.2799_-0.263211
8.62185_-21.3337_0.046815
9.12102_-21.3052_0.0674833
9.6195_-21.2663_0.0881517
10.118_-21.2274_0.0674833
10.4178_-21.2064_-0.0978637
10.9056_-21.3111_-0.325216
11.284_-21.4495_0.294835
11.7784_-21.4006_-0.0978637
12.2538_-21.5447_-0.490563
12.6379_-21.8598_-0.883262
12.8723_-22.2978_-1.27596
13.0026_-22.7804_-1.33797
13.0948_-23.2008_-1.64799
13.051_-23.6989_-1.66866
12.9971_-24.196_-1.68933
12.9971_-24.196_-1.68933
