configuration 32.0634506226_7.0565199852_0.870200588927_0.492697610133_0.864893198013_0.272379875183_-0.736733996813_0.676182680893
length 38.9986
time 49.0659
roughness 0.00699577
32.0635_7.05652_2.11122
31.8959_7.5242_1.71852
31.8959_7.5242_1.32582
31.8959_7.5242_1.71852
31.7283_7.99187_2.11122
31.3945_8.35982_2.50392
30.9453_8.57202_2.89662
30.4491_8.60646_3.24798
29.9514_8.55851_3.22731
29.7955_8.57583_2.83461
29.6122_8.67672_2.44191
29.4979_8.81964_2.04921
29.4979_8.81964_1.65651
29.521_9.02754_1.26382
29.6345_9.23368_0.871116
29.6345_9.23368_0.478417
29.6345_9.23368_0.0857181
29.6345_9.23368_-0.306981
29.6345_9.23368_-0.69968
29.6345_9.23368_-1.09238
29.6345_9.23368_-1.48508
29.6345_9.23368_-1.87778
29.3949_8.7985_-2.27048
29.0069_8.48814_-2.66318
28.5812_8.2267_-2.5185
28.1782_7.93075_-2.49783
27.7752_7.6348_-2.5185
27.3723_7.33885_-2.49783
26.9755_7.03463_-2.47716
26.5787_6.73042_-2.49783
26.1308_6.51549_-2.89053
25.6347_6.48832_-3.28323
25.1405_6.56401_-3.3039
24.644_6.5471_-2.9112
24.1918_6.34147_-2.5185
23.8526_5.97843_-2.1258
23.5135_5.61539_-2.5185
23.0691_5.3907_-2.82852
22.595_5.23181_-2.80785
22.1553_4.99798_-2.49783
21.7585_4.69377_-2.47716
21.3617_4.38955_-2.49783
20.9138_4.17462_-2.89053
20.4196_4.10629_-3.11788
19.9199_4.08927_-3.09721
19.4288_4.16448_-3.48991
18.9685_4.35909_-3.59325
18.5209_4.58196_-3.61392
18.5209_4.58196_-3.22122
18.0275_4.5241_-2.82852
17.5938_4.28183_-2.43582
17.1601_4.03956_-2.82852
16.6667_3.9817_-3.22122
16.1887_4.11707_-3.61392
15.7107_4.25245_-3.22122
15.2173_4.19459_-2.82852
14.7631_3.98808_-2.60117
14.2954_3.8205_-2.99387
13.7992_3.84465_-3.38657
13.35_4.05685_-3.77927
12.9008_4.26905_-3.38657
12.4046_4.29319_-2.99387
11.937_4.12561_-2.60117
11.479_3.9287_-2.86986
10.9988_3.78953_-2.84919
10.5215_3.64047_-2.82852
10.0281_3.58262_-3.22122
9.5501_3.71799_-3.61392
9.1535_4.01824_-3.96528
8.7513_4.30985_-3.57258
8.26812_4.42535_-3.17988
7.77752_4.34716_-2.78719
7.77752_4.34716_-3.17988
7.72666_4.35932_-3.57258
7.32446_4.65093_-3.96528
6.92787_4.95118_-3.61392
6.48499_5.18325_-3.63459
6.04701_5.42442_-3.65526
5.57502_5.57942_-3.26256
5.07657_5.57275_-2.99387
4.58129_5.50428_-3.01454
4.10297_5.36566_-2.70451
3.64782_5.15871_-2.72518
3.19266_4.95176_-2.70451
3.19266_4.95176_-2.31181
3.11138_4.81758_-1.91911
3.10346_4.76589_-1.52642
3.02826_4.27482_-1.91911
2.77085_3.84991_-2.31181
2.37043_3.55585_-2.70451
1.93967_3.30341_-2.5185
1.53668_3.00746_-2.49783
1.29238_2.73485_-2.10513
1.12765_2.26616_-1.71243
1.06219_1.77048_-1.69176
0.996731_1.27479_-1.71243
0.832002_0.806101_-2.10513
0.822296_0.781753_-1.7951
0.822296_0.781753_-1.77444
0.818675_0.284973_-1.38174
