configuration 2.903195858_13.0508098602_-0.754177572005_0.656670533741_-13.4451351166_-15.4114570618_0.497552318458_0.867433968897
length 55.9116
time 4.40283
roughness 0.00326551
2.9032_13.0508_-1.7088
2.93216_12.5549_-1.3161
3.12124_12.0936_-1.04741
3.26057_11.7537_-1.3161
3.26057_11.7537_-1.3161
3.28953_11.2578_-1.7088
3.16529_10.7746_-1.93615
2.99148_10.3058_-1.91549
2.99148_10.3058_-1.91549
2.73562_9.87995_-2.30818
2.40329_9.50638_-2.28752
2.07875_9.12604_-2.26685
2.07875_9.12604_-2.26685
1.80434_8.70935_-2.0395
1.57388_8.26564_-2.06016
1.33431_7.82679_-2.08083
1.33431_7.82679_-2.08083
1.05954_7.40957_-2.22551
0.759195_7.00984_-2.20484
0.458848_6.61011_-2.22551
0.458848_6.61011_-2.22551
0.239026_6.1646_-1.83281
0.18584_5.66945_-1.52279
0.204674_5.16981_-1.54345
0.204674_5.16981_-1.54345
0.314877_4.6854_-1.15076
0.60207_4.28003_-0.758056
1.02253_4.01542_-0.365357
1.02253_4.01542_-0.365357
1.02253_4.01542_-0.758056
1.30972_3.61005_-1.15076
1.41993_3.12564_-1.54345
1.41993_3.12564_-1.54345
1.4181_2.62572_-1.60546
1.39561_2.12623_-1.62613
1.39561_2.12623_-1.62613
1.332_1.63074_-1.77081
1.23773_1.13971_-1.75014
1.1928_0.721433_-1.60546
1.1928_0.721433_-1.60546
1.08894_0.234965_-1.95682
0.895912_-0.226263_-1.97749
0.693393_-0.683404_-1.99816
0.693393_-0.683404_-1.99816
0.579645_-1.167_-1.60546
0.65962_-1.65731_-1.21276
0.921143_-2.0797_-0.820062
0.921143_-2.0797_-0.820062
1.18266_-2.50209_-1.21276
1.26264_-2.9924_-1.60546
1.14889_-3.476_-1.99816
1.14889_-3.476_-1.99816
0.858739_-3.87925_-2.39086
0.436353_-4.14077_-2.78356
-0.0539607_-4.22075_-3.17626
-0.0539607_-4.22075_-3.17626
-0.551328_-4.26013_-2.9489
-1.04303_-4.3508_-2.96957
-1.53473_-4.44147_-2.9489
-1.53473_-4.44147_-2.9489
-2.03152_-4.43965_-3.3416
-2.52254_-4.34538_-3.32093
-3.01541_-4.26128_-3.30027
-3.01541_-4.26128_-3.30027
-3.48122_-4.08859_-3.69297
-3.84549_-3.75079_-4.08566
-3.99822_-3.41811_-4.47836
-3.99822_-3.41811_-4.47836
-3.99822_-3.41811_-4.08566
-3.99822_-3.41811_-3.69297
-4.46403_-3.24542_-3.30027
-4.46403_-3.24542_-3.30027
-4.96047_-3.26413_-2.90757
-5.41196_-3.4714_-2.51487
-5.80108_-3.78503_-2.41153
-5.80108_-3.78503_-2.41153
-6.22878_-4.03777_-2.80423
-6.71972_-4.11785_-3.15559
-7.21971_-4.11602_-3.13492
-7.21971_-4.11602_-3.13492
-7.71898_-4.09353_-3.23826
-8.21711_-4.05042_-3.21759
-8.71524_-4.00731_-3.23826
-8.71524_-4.00731_-3.23826
-9.20957_-4.05675_-2.84556
-9.67944_-4.22704_-2.74222
-10.1421_-4.41669_-2.76289
-10.1421_-4.41669_-2.76289
-10.6306_-4.50678_-3.15559
-11.1215_-4.42301_-3.46561
-11.5938_-4.25894_-3.48628
-11.5938_-4.25894_-3.48628
-12.0852_-4.18551_-3.09358
-12.5776_-4.26583_-2.86623
-12.5776_-4.26583_-2.86623
-12.7861_-4.28234_-3.25893
-13.2587_-4.12905_-3.65163
-13.6366_-3.80658_-4.04433
-13.6366_-3.80658_-4.04433
-14.0145_-3.48412_-3.65163
-14.487_-3.33083_-3.25893
-14.9823_-3.37004_-2.86623
-14.9823_-3.37004_-2.86623
-15.4248_-3.59579_-2.47353
-15.7555_-3.96744_-2.12217
-16.0218_-4.3906_-2.14284
-16.0218_-4.3906_-2.14284
-16.2331_-4.84211_-1.87415
-16.3775_-5.32079_-1.85348
-16.512_-5.80235_-1.83281
-16.512_-5.80235_-1.83281
-16.7318_-6.24786_-2.22551
-16.8359_-6.45889_-1.83281
-16.8359_-6.45889_-1.68813
-16.8359_-6.45889_-1.68813
-16.9892_-6.93144_-2.08083
-17.3117_-7.30936_-2.47353
-17.7542_-7.53511_-2.86623
-17.7542_-7.53511_-2.86623
-17.7542_-7.53511_-2.47353
-18.0767_-7.91303_-2.08083
-18.23_-8.38558_-1.68813
-18.23_-8.38558_-1.68813
-18.1908_-8.88082_-1.29543
-18.0205_-9.35049_-1.15076
-17.8214_-9.8091_-1.17142
-17.8214_-9.8091_-1.17142
-17.7212_-10.2957_-1.56412
-17.723_-10.7957_-1.58479
-17.7249_-11.2957_-1.56412
-17.7249_-11.2957_-1.56412
-17.6957_-11.7946_-1.46078
-17.6357_-12.291_-1.44011
-17.5757_-12.7873_-1.46078
-17.5757_-12.7873_-1.46078
-17.4851_-13.2786_-1.3161
-17.3541_-13.7612_-1.29543
-17.2132_-14.2409_-1.27477
-17.2132_-14.2409_-1.27477
-17.1638_-14.7352_-1.66746
-17.3073_-15.2108_-2.06016
-17.5558_-15.6446_-2.12217
-17.5558_-15.6446_-2.12217
-17.7103_-16.0614_-1.72947
-17.7213_-16.1128_-1.83281
-17.7213_-16.1128_-1.85348
-17.7213_-16.1128_-1.85348
-17.7641_-16.6077_-1.46078
-17.6143_-17.0814_-1.06808
-17.2946_-17.4617_-0.675383
-17.2946_-17.4617_-0.675383
-16.8538_-17.6907_-0.282684
-16.3588_-17.7335_0.110015
-15.8852_-17.5837_0.502714
-15.8852_-17.5837_0.502714
-15.4844_-17.2871_0.771403
-15.1296_-16.9349_0.792072
-14.7748_-16.5826_0.771403
-14.7748_-16.5826_0.771403
-14.4057_-16.2454_0.709398
-14.0297_-15.9158_0.730066
-13.6537_-15.5862_0.709398
-13.6537_-15.5862_0.709398
