configuration 6.23696136475_-8.02296829224_-0.990618758317_0.136654585252_12.9709873199_-24.4014968872_-0.713623012343_0.700529939585
length 45.3687
time 3.20362
roughness 0.00294809
6.23696_-8.02297_-2.86743
5.74754_-8.12311_-3.0121
5.25109_-8.18255_-3.03277
4.75465_-8.24198_-3.0121
4.75465_-8.24198_-3.0121
4.28399_-8.40101_-2.61941
4.0709_-8.5039_-2.76408
4.0709_-8.5039_-2.76408
3.60069_-8.67368_-2.82609
3.1238_-8.82391_-2.84676
2.64691_-8.97413_-2.82609
2.64691_-8.97413_-2.82609
2.15364_-9.03319_-3.21879
1.66158_-8.94862_-3.4048
1.18314_-8.80365_-3.46681
1.18314_-8.80365_-3.46681
0.716394_-8.74316_-3.07411
0.236791_-8.87272_-2.68141
-0.156726_-9.17595_-2.28871
-0.156726_-9.17595_-2.28871
-0.465607_-9.56885_-2.18537
-0.758113_-9.97435_-2.20604
-1.05062_-10.3799_-2.18537
-1.05062_-10.3799_-2.18537
-1.31732_-10.8025_-2.08203
-1.56644_-11.236_-2.1027
-1.81555_-11.6695_-2.08203
-1.81555_-11.6695_-2.08203
-1.96941_-12.1419_-1.68933
-1.98215_-12.641_-1.50331
-1.95359_-13.1402_-1.52398
-1.95359_-13.1402_-1.52398
-2.0276_-13.6315_-1.91668
-2.2579_-14.0736_-2.18537
-2.54196_-14.485_-2.1647
-2.54196_-14.485_-2.1647
-2.76307_-14.9318_-1.89601
-2.92772_-15.4039_-1.91668
-3.09236_-15.876_-1.89601
-3.09236_-15.876_-1.89601
-3.33988_-16.3068_-2.28871
-3.72754_-16.6185_-2.64007
-4.16842_-16.8543_-2.66074
-4.16842_-16.8543_-2.66074
-4.63409_-17.0334_-2.88809
-5.11678_-17.1638_-2.86743
-5.59947_-17.2942_-2.88809
-5.59947_-17.2942_-2.88809
-5.59947_-17.2942_-2.49539
-5.59947_-17.2942_-2.39205
-5.59947_-17.2942_-2.41272
-5.59947_-17.2942_-2.41272
-5.89837_-17.691_-2.02002
-6.08222_-18.1555_-1.87534
-6.22721_-18.634_-1.85468
-6.22721_-18.634_-1.85468
-6.37221_-19.1125_-1.87534
-6.5172_-19.591_-1.85468
-6.65227_-20.0724_-1.83401
-6.65227_-20.0724_-1.83401
-6.68546_-20.5681_-1.44131
-6.52643_-21.0387_-1.04861
-6.1994_-21.4127_-0.65591
-6.1994_-21.4127_-0.65591
-6.1994_-21.4127_-0.263211
-6.12114_-21.418_0.129488
-5.99728_-21.3761_0.522188
-5.99728_-21.3761_0.522188
-5.54328_-21.1683_0.336172
-5.07301_-20.9985_0.356841
-4.60273_-20.8287_0.336172
-4.60273_-20.8287_0.336172
-4.11079_-20.7595_-0.0565269
-3.61191_-20.7929_-0.0771953
-3.11384_-20.8366_-0.0978637
-3.11384_-20.8366_-0.0978637
-2.61498_-20.8287_0.129488
-2.11853_-20.7693_0.10882
-1.62208_-20.7099_0.129488
-1.62208_-20.7099_0.129488
-1.1264_-20.743_-0.263211
-0.642311_-20.8681_-0.242542
-0.155739_-20.9832_-0.221874
-0.155739_-20.9832_-0.221874
0.298237_-21.185_-0.614573
0.417704_-21.2381_-0.221874
0.417704_-21.2381_0.129488
0.417704_-21.2381_0.129488
0.90195_-21.1179_0.356841
1.37222_-20.9481_0.336172
1.8425_-20.7783_0.356841
1.8425_-20.7783_0.356841
2.33179_-20.6887_0.0054782
2.83177_-20.6911_-0.0151902
3.3316_-20.7039_-0.0358585
3.3316_-20.7039_-0.0358585
3.83041_-20.7373_-0.0978637
4.32747_-20.7913_-0.118532
4.82454_-20.8453_-0.0978637
4.82454_-20.8453_-0.0978637
5.31689_-20.9299_-0.242542
5.80346_-21.045_-0.221874
6.29003_-21.16_-0.242542
6.29003_-21.16_-0.242542
6.7766_-21.2751_-0.221874
7.26545_-21.3801_-0.201206
7.75636_-21.4749_-0.180537
7.75636_-21.4749_-0.180537
8.25309_-21.4671_0.212162
8.72196_-21.2978_0.480851
9.16284_-21.0619_0.501519
9.16284_-21.0619_0.501519
9.31247_-21.0148_0.10882
9.4948_-21.0308_-0.283879
9.57081_-21.0521_-0.263211
9.57081_-21.0521_-0.263211
10.0387_-21.2262_-0.449226
10.0387_-21.2262_-0.449226
10.5197_-21.3505_-0.0565269
11.0117_-21.2813_0.336172
11.4397_-21.0291_0.728871
11.4397_-21.0291_0.728871
11.8677_-20.7768_0.336172
12.3596_-20.7076_-0.0565269
12.8406_-20.8319_-0.449226
12.8406_-20.8319_-0.449226
13.2374_-21.1308_-0.841925
13.5078_-21.549_-1.15195
13.7064_-22.0079_-1.17262
13.7064_-22.0079_-1.17262
13.806_-22.4946_-1.56532
13.7118_-22.9824_-1.95802
13.4994_-23.4348_-2.06136
13.4994_-23.4348_-2.06136
13.2593_-23.8733_-2.08203
13.0192_-24.3119_-2.06136
13.0192_-24.3119_-2.06136
