configuration 14.2292175293_13.7099370956_-0.723728341199_0.690084986176_-18.0985870361_0.542219161987_-0.683562400866_0.729892077038
length 41.9701
time 2.58229
roughness 0.00322031
14.2292_13.7099_-1.61838
14.1695_13.214_-1.76306
14.0688_12.7242_-1.78373
14.0688_12.7242_-1.78373
13.9784_12.2325_-1.72172
13.9083_11.7375_-1.70105
13.8383_11.2424_-1.72172
13.8383_11.2424_-1.72172
13.7682_10.7474_-1.70105
13.7084_10.251_-1.68038
13.7084_10.251_-1.68038
13.5588_9.77723_-2.07308
13.2392_9.39682_-2.46578
12.8224_9.12204_-2.6518
12.8224_9.12204_-2.6518
12.355_8.94855_-2.92049
11.8684_8.83387_-2.89982
11.3842_8.70915_-2.87915
11.3842_8.70915_-2.87915
10.8885_8.67634_-3.27185
10.418_8.83572_-3.66455
10.0442_9.16304_-4.05725
10.0442_9.16304_-4.05725
9.67052_9.49036_-3.66455
9.19999_9.64975_-3.27185
8.70428_9.61694_-2.87915
8.70428_9.61694_-2.87915
8.22896_9.46252_-2.77581
7.76022_9.28851_-2.79648
7.29148_9.11451_-2.77581
7.29148_9.11451_-2.77581
6.81616_8.96009_-2.87915
6.33197_8.83537_-2.89982
5.84779_8.71065_-2.87915
5.84779_8.71065_-2.87915
5.35208_8.67784_-3.27185
5.35208_8.67784_-3.27185
4.85335_8.70676_-3.12717
4.35351_8.69438_-3.1065
3.85368_8.68201_-3.12717
3.85368_8.68201_-3.12717
3.35369_8.67996_-3.14784
2.8537_8.67792_-3.12717
2.35371_8.67587_-3.14784
2.35371_8.67587_-3.14784
1.86587_8.582_-2.75514
1.45109_8.30858_-2.36244
1.15503_7.90814_-2.05242
1.15503_7.90814_-2.05242
0.883661_7.48905_-2.23843
0.578175_7.09323_-2.21776
0.280935_6.69119_-2.19709
0.280935_6.69119_-2.19709
0.0738602_6.23961_-1.8044
-0.0569243_5.9544_-2.19709
-0.0569243_5.9544_-2.19709
-0.328564_5.53489_-2.09375
-0.582744_5.10433_-2.11442
-0.836924_4.67377_-2.09375
-0.836924_4.67377_-2.09375
-1.02642_4.4574_-2.48645
-1.47184_4.23739_-2.87915
-1.96755_4.20458_-3.27185
-1.96755_4.20458_-3.27185
-2.46641_4.21285_-3.0445
-2.96452_4.16953_-3.06517
-3.46263_4.1262_-3.0445
-3.46263_4.1262_-3.0445
-3.96078_4.14477_-3.31319
-4.45428_4.22504_-3.29252
-4.94779_4.30532_-3.31319
-4.94779_4.30532_-3.31319
-5.44443_4.29303_-2.92049
-5.93336_4.18842_-2.94116
-6.42228_4.08382_-2.92049
-6.42228_4.08382_-2.92049
-6.91892_4.07152_-3.31319
-7.4063_4.18218_-3.41653
-7.88608_4.32288_-3.4372
-7.88608_4.32288_-3.4372
-8.32396_4.55754_-3.8299
-8.63871_4.94191_-4.22259
-8.67184_4.98237_-3.8299
-8.67184_4.98237_-3.8299
-9.10972_5.21703_-3.4372
-9.60407_5.26626_-3.0445
-10.0944_5.17191_-2.85848
-10.0944_5.17191_-2.85848
-10.5545_4.9791_-2.63113
-10.9882_4.73032_-2.61046
-11.4219_4.48154_-2.63113
-11.4219_4.48154_-2.63113
-11.8783_4.27911_-2.81715
-12.3539_4.12463_-2.83781
-12.8294_3.97014_-2.81715
-12.8294_3.97014_-2.81715
-13.3079_3.82554_-2.87915
-13.7921_3.70082_-2.89982
-14.2884_3.67826_-3.29252
-14.2884_3.67826_-3.29252
-14.7847_3.6557_-2.89982
-14.7847_3.6557_-2.89982
-15.281_3.63314_-3.29252
-15.6743_3.77552_-3.68522
-15.6743_3.77552_-3.29252
-15.6743_3.77552_-3.29252
-16.1559_3.90601_-3.51987
-16.1559_3.90601_-3.51987
-16.6445_3.99589_-3.12717
-17.1303_3.89195_-2.73447
-17.5393_3.61002_-2.34177
-17.5393_3.61002_-2.34177
-17.8094_3.19301_-1.94907
-17.9196_2.70737_-1.63905
-17.9589_2.20893_-1.65972
-17.9589_2.20893_-1.65972
-17.9981_1.71048_-1.63905
-18.0374_1.21203_-1.65972
-18.0869_0.7145_-1.68038
-18.0869_0.7145_-1.68038
