configuration 14.2292175293_13.7099370956_-0.723728341199_0.690084986176_-18.0985870361_0.542219161987_-0.683562400866_0.729892077038
length 42.1148
time 5.10548
roughness 0.00308816
14.2292_13.7099_-1.61838
14.139_13.2197_-1.88707
13.9884_12.7429_-1.8664
13.8378_12.2661_-1.88707
13.8378_12.2661_-1.88707
13.7273_11.7792_-1.70105
13.6675_11.2828_-1.68038
13.6077_10.7864_-1.70105
13.6077_10.7864_-1.70105
13.4483_10.3159_-2.09375
13.2811_9.93045_-1.8664
13.2811_9.93045_-1.8664
13.0464_9.49257_-2.2591
12.6621_9.17783_-2.6518
12.1947_9.00434_-2.92049
12.1947_9.00434_-2.92049
11.7038_8.90988_-2.98249
11.2093_8.83577_-3.00316
10.7149_8.76166_-2.98249
10.7149_8.76166_-2.98249
10.2172_8.71838_-3.12717
9.71734_8.706_-3.1065
9.21751_8.69362_-3.12717
9.21751_8.69362_-3.12717
8.72653_8.77349_-3.47853
8.25297_8.9339_-3.45786
7.77941_9.09432_-3.47853
7.77941_9.09432_-3.47853
7.28752_9.16393_-3.08583
6.80643_9.04001_-2.69314
6.35366_8.82789_-2.7138
6.35366_8.82789_-2.7138
5.87011_8.71394_-3.1065
5.3704_8.72222_-3.20984
5.05921_8.68214_-2.81715
5.05921_8.68214_-2.81715
5.05921_8.68214_-3.20984
5.03397_8.68898_-3.60254
4.84768_8.83276_-3.99524
4.84768_8.83276_-3.99524
4.4544_9.13629_-3.60254
3.97489_9.26621_-3.20984
3.48217_9.20275_-2.81715
3.48217_9.20275_-2.81715
3.00087_9.06811_-2.92049
2.51421_8.95342_-2.89982
2.02755_8.83873_-2.92049
2.02755_8.83873_-2.92049
1.5527_8.68447_-2.73447
1.09156_8.49124_-2.75514
0.630411_8.29802_-2.73447
0.630411_8.29802_-2.73447
0.221365_8.01608_-2.34177
-0.0486528_7.59908_-1.94907
-0.138536_7.11048_-1.55637
-0.138536_7.11048_-1.55637
-0.0747992_6.61565_-1.32902
0.0499216_6.13146_-1.30835
0.184622_5.64996_-1.28769
0.184622_5.64996_-1.28769
0.189154_5.59786_-1.68038
0.0395256_5.12414_-2.07308
-0.279999_4.74373_-2.46578
-0.279999_4.74373_-2.46578
-0.720776_4.51456_-2.85848
-1.2147_4.45094_-3.16851
-1.71434_4.46956_-3.18918
-1.71434_4.46956_-3.18918
-2.20947_4.41616_-2.87915
-2.69366_4.29144_-2.89982
-3.18032_4.17676_-2.92049
-3.18032_4.17676_-2.92049
-3.66698_4.06207_-2.89982
-4.15363_3.94738_-2.92049
-4.64029_3.83269_-2.89982
-4.64029_3.83269_-2.89982
-5.13658_3.81014_-3.29252
-5.62107_3.93072_-3.47853
-6.09463_4.09113_-3.45786
-6.09463_4.09113_-3.45786
-6.55695_4.28042_-3.60254
-6.99249_4.52554_-3.70589
-7.01688_4.53495_-3.31319
-7.01688_4.53495_-3.31319
-7.51462_4.57414_-3.12717
-8.01446_4.56177_-3.1065
-8.51393_4.53906_-3.08583
-8.51393_4.53906_-3.08583
-9.01287_4.55766_-3.27185
-9.5063_4.63793_-3.33385
-9.5063_4.63793_-3.33385
-10.0031_4.63589_-2.94116
-10.4871_4.51123_-2.83781
-10.9626_4.35674_-2.81715
-10.9626_4.35674_-2.81715
-11.4545_4.28302_-3.16851
-11.9545_4.2913_-3.14784
-12.4544_4.29959_-3.16851
-12.4544_4.29959_-3.16851
-12.9388_4.40959_-3.56121
-13.0113_4.44101_-3.54054
-13.0113_4.44101_-3.47853
-13.0113_4.44101_-3.47853
-13.4934_4.57166_-3.33385
-13.9852_4.66212_-3.31319
-14.4802_4.73217_-3.25118
-14.4802_4.73217_-3.25118
-14.6886_4.71405_-2.85848
-14.7879_4.67948_-2.75514
-14.7879_4.67948_-2.81715
-14.7879_4.67948_-2.81715
-15.2528_4.4959_-2.7138
-15.2528_4.4959_-2.7138
-15.7243_4.33186_-2.89982
-16.211_4.21717_-2.92049
-16.5062_4.1076_-2.6518
-16.5062_4.1076_-2.6518
-16.8905_3.79285_-2.2591
-17.1705_3.37946_-2.07308
-17.3975_2.93404_-2.01108
-17.3975_2.93404_-2.01108
-17.5376_2.45616_-1.70105
-17.5376_2.45616_-1.70105
-17.6581_1.97201_-1.92841
-17.7511_1.56264_-1.65972
-17.7511_1.56264_-1.65972
-17.8614_1.07652_-1.92841
-18.0603_0.618017_-2.03175
-18.0603_0.618017_-2.03175
