configuration 6.23696136475_-8.02296829224_-0.990618758317_0.136654585252_12.9709873199_-24.4014968872_-0.713623012343_0.700529939585
length 43.9598
time 1.63564
roughness 0.00389853
6.23696_-8.02297_-2.86743
5.79415_-8.24819_-2.47473
5.47124_-8.62572_-2.08203
5.31738_-9.09809_-1.68933
5.31738_-9.09809_-1.68933
5.16352_-9.57045_-2.08203
4.84061_-9.94799_-2.47473
4.41114_-10.2011_-2.74342
4.41114_-10.2011_-2.74342
3.92443_-10.3007_-3.13611
3.43666_-10.2064_-3.52881
2.97982_-10.0034_-3.59082
2.97982_-10.0034_-3.59082
2.58301_-9.70448_-3.98352
2.33078_-9.27648_-4.37622
2.26154_-8.78453_-4.76892
2.26154_-8.78453_-4.76892
2.26154_-8.78453_-4.37622
2.26154_-8.78453_-3.98352
2.26154_-8.78453_-3.59082
2.26154_-8.78453_-3.59082
1.78055_-8.66024_-3.19812
1.28861_-8.72948_-2.80542
0.860603_-8.9817_-2.41272
0.860603_-8.9817_-2.41272
0.484225_-9.31084_-2.43339
0.107847_-9.63997_-2.41272
-0.268531_-9.96911_-2.43339
-0.268531_-9.96911_-2.43339
-0.615949_-10.3277_-2.24737
-0.933019_-10.7143_-2.26804
-1.25009_-11.1009_-2.24737
-1.25009_-11.1009_-2.24737
-1.4796_-11.5415_-1.85468
-1.52303_-12.0364_-1.46198
-1.46359_-12.5328_-1.44131
-1.46359_-12.5328_-1.44131
-1.49678_-13.0285_-1.83401
-1.71714_-13.4738_-2.22671
-2.09111_-13.8008_-2.61941
-2.09111_-13.8008_-2.61941
-2.46508_-14.1278_-2.22671
-2.68544_-14.5731_-1.83401
-2.71863_-15.0688_-1.44131
-2.71863_-15.0688_-1.44131
-2.75182_-15.5644_-1.83401
-2.97217_-16.0097_-2.22671
-3.34614_-16.3367_-2.61941
-3.34614_-16.3367_-2.61941
-3.75999_-16.6165_-2.47473
-4.14965_-16.9298_-2.45406
-4.53931_-17.2431_-2.47473
-4.53931_-17.2431_-2.47473
-4.94152_-17.54_-2.53673
-5.34984_-17.8286_-2.51606
-5.75817_-18.1171_-2.53673
-5.75817_-18.1171_-2.53673
-6.10386_-18.4739_-2.14403
-6.30611_-18.929_-1.83401
-6.4312_-19.4131_-1.81334
-6.4312_-19.4131_-1.81334
-6.45414_-19.9094_-1.42064
-6.28543_-20.3766_-1.02794
-5.95074_-20.7438_-0.635241
-5.95074_-20.7438_-0.635241
-5.50103_-20.9549_-0.242542
-5.00732_-21.0292_-0.0565269
-4.50786_-21.0523_-0.0358585
-4.50786_-21.0523_-0.0358585
-4.01339_-20.9931_0.274167
-3.5307_-20.8627_0.253499
-3.04801_-20.7324_0.274167
-3.04801_-20.7324_0.274167
-2.56055_-20.6221_0.170825
-2.06699_-20.5422_0.150157
-1.8058_-20.5542_-0.242542
-1.8058_-20.5542_-0.242542
-1.31209_-20.6286_-0.0565269
-0.813216_-20.662_-0.0771953
-0.314342_-20.6954_-0.0565269
-0.314342_-20.6954_-0.0565269
0.166652_-20.8197_-0.449226
0.614767_-21.0415_-0.469894
1.06288_-21.2633_-0.449226
1.06288_-21.2633_-0.449226
1.54388_-21.3876_-0.0565269
2.03582_-21.3183_0.336172
2.49428_-21.1199_0.480851
2.49428_-21.1199_0.480851
2.9711_-20.9804_0.0881517
3.47055_-20.9622_-0.0151902
3.97038_-20.975_-0.0358585
3.97038_-20.975_-0.0358585
4.46824_-21.0187_-0.1392
4.96265_-21.0932_-0.159869
5.45706_-21.1676_-0.1392
5.45706_-21.1676_-0.1392
5.95555_-21.1701_0.129488
6.452_-21.1106_0.10882
6.94957_-21.0615_0.0881517
6.94957_-21.0615_0.0881517
7.44346_-21.1151_-0.304547
7.89471_-21.3269_-0.573236
8.31756_-21.5938_-0.552568
8.31756_-21.5938_-0.552568
8.78316_-21.767_-0.159869
9.27962_-21.7489_0.23283
9.74064_-21.5605_0.542856
9.74064_-21.5605_0.542856
10.2079_-21.3918_0.150157
10.7053_-21.3427_0.046815
11.2051_-21.3348_-0.0151902
11.2051_-21.3348_-0.0151902
11.6908_-21.4391_-0.407889
12.0997_-21.7213_-0.800588
12.3694_-22.1386_-1.19329
12.3694_-22.1386_-1.19329
12.5195_-22.615_-1.33797
12.6398_-23.1003_-1.3173
12.7602_-23.5856_-1.33797
12.7602_-23.5856_-1.33797
12.8806_-24.0709_-1.3173
12.9492_-24.4059_-1.42064
12.9492_-24.4059_-1.42064
