configuration 32.0634506226_7.0565199852_0.870200588927_0.492697610133_0.864893198013_0.272379875183_-0.736733996813_0.676182680893
length 36.1091
time 1.98142
roughness 0.00288115
32.0635_7.05652_2.11122
31.8762_7.51799_1.80119
31.7671_8.00592_1.78052
31.6845_8.19809_2.17322
31.6845_8.19809_2.17322
31.3285_8.54464_2.56592
30.867_8.7286_2.95862
30.3703_8.72195_3.35132
30.3703_8.72195_3.35132
29.8802_8.62292_3.33065
29.3901_8.52388_3.35132
28.9022_8.41474_3.37199
28.9022_8.41474_3.37199
28.4407_8.22752_3.68201
28.0093_7.97472_3.66135
27.578_7.72192_3.68201
27.578_7.72192_3.68201
27.1415_7.47812_3.62001
26.8761_7.26578_4.01271
26.8761_7.26578_4.01271
26.4942_6.94706_3.66135
26.0528_6.71234_3.59934
25.6066_6.48675_3.62001
25.6066_6.48675_3.62001
25.1476_6.28942_3.47533
24.6705_6.14038_3.41333
24.6705_6.14038_3.41333
24.2171_5.93425_3.72335
23.8022_5.65521_3.74402
23.3874_5.37616_3.72335
23.3874_5.37616_3.72335
22.927_5.1894_3.33065
22.4333_5.11071_3.26865
21.938_5.04223_3.28932
21.938_5.04223_3.28932
21.4461_4.95336_3.35132
20.9582_4.84422_3.37199
20.4702_4.73507_3.35132
20.4702_4.73507_3.35132
19.9783_4.6462_3.28932
19.4845_4.5675_3.30998
18.9907_4.4888_3.28932
18.9907_4.4888_3.28932
18.5231_4.32122_3.68201
18.097_4.05956_3.70268
17.671_3.7979_3.68201
17.671_3.7979_3.68201
17.2033_3.63032_3.28932
16.7058_3.58239_3.18597
16.2066_3.55504_3.20664
16.2066_3.55504_3.20664
15.707_3.55869_3.06196
15.209_3.60361_3.0413
14.7111_3.64853_3.06196
14.7111_3.64853_3.06196
14.2131_3.69345_3.0413
13.8462_3.72654_3.06196
13.8462_3.72654_3.06196
13.3469_3.75084_3.12397
12.8469_3.75449_3.14464
12.3469_3.7478_3.16531
12.3469_3.7478_3.16531
11.8472_3.73078_3.18597
11.3475_3.71376_3.16531
10.8478_3.69674_3.18597
10.8478_3.69674_3.18597
10.3479_3.69005_3.12397
10.3479_3.69005_3.12397
9.84815_3.70403_3.1033
9.34875_3.72833_3.08263
8.84935_3.75264_3.1033
8.84935_3.75264_3.1033
8.35618_3.82816_2.87595
7.95107_3.94289_2.85528
7.95107_3.94289_2.85528
7.45628_3.98753_3.24798
6.95969_3.9293_3.26865
6.47516_3.81035_3.496
6.47516_3.81035_3.496
5.99284_3.68132_3.30998
5.49908_3.60262_3.28932
5.16551_3.52801_3.43399
5.16551_3.52801_3.43399
4.67101_3.48036_3.0413
4.19592_3.62558_2.6486
3.75793_3.86675_2.62793
3.75793_3.86675_2.62793
3.28594_4.02176_3.02063
2.79056_3.98435_3.41333
2.3472_3.7602_3.80603
2.3472_3.7602_3.80603
2.02337_3.38346_4.19872
1.86836_2.91147_4.59142
1.90578_2.41609_4.98412
1.90578_2.41609_4.98412
1.94319_1.9207_4.59142
1.78819_1.44871_4.19872
1.50353_1.03853_4.01271
1.50353_1.03853_4.01271
1.18552_0.652704_4.03338
0.945583_0.216963_4.38474
0.945583_0.216963_4.38474
