configuration 14.2292175293_13.7099370956_-0.723728341199_0.690084986176_-18.0985870361_0.542219161987_-0.683562400866_0.729892077038
length 42.0605
time 1.91751
roughness 0.0035914
14.2292_13.7099_-1.61838
14.1593_13.2156_-1.8044
14.0385_12.7304_-1.82506
13.9077_12.2478_-1.84573
13.9077_12.2478_-1.84573
13.777_11.7652_-1.82506
13.6562_11.28_-1.8044
13.5556_10.7903_-1.74239
13.5556_10.7903_-1.74239
13.3769_10.3268_-2.13509
13.2359_9.96083_-1.74239
13.2359_9.96083_-1.74239
13.0572_9.49729_-2.13509
12.7147_9.13742_-2.52779
12.2605_8.936_-2.92049
12.2605_8.936_-2.92049
11.7636_8.90311_-3.23051
11.2652_8.94236_-3.20984
10.7667_8.98161_-3.23051
10.7667_8.98161_-3.23051
10.29_9.12142_-3.62321
10.014_9.20236_-3.23051
10.014_9.20236_-3.23051
9.5146_9.22097_-3.12717
9.01476_9.20859_-3.1065
8.51492_9.19622_-3.12717
8.51492_9.19622_-3.12717
8.07573_9.12108_-2.81715
8.07573_9.12108_-2.81715
7.58784_9.0167_-3.0445
7.08973_8.97337_-3.06517
6.59033_8.95067_-3.12717
6.59033_8.95067_-3.12717
6.09935_9.03054_-3.47853
5.63289_9.21036_-3.54054
5.63289_9.21036_-3.54054
5.14626_9.31032_-3.14784
4.65841_9.21645_-2.75514
4.21051_8.99521_-2.61046
4.21051_8.99521_-2.61046
3.7413_8.83198_-3.00316
3.24281_8.82994_-3.27185
2.74937_8.91021_-3.33385
2.74937_8.91021_-3.33385
2.25258_8.90818_-2.94116
1.79439_8.71619_-2.54846
1.42208_8.3847_-2.27977
1.42208_8.3847_-2.27977
1.17842_7.95176_-1.88707
1.04772_7.46938_-1.78373
0.962031_7.00358_-1.72172
0.962031_7.00358_-1.72172
0.821745_6.52523_-1.99041
0.613337_6.07075_-2.01108
0.395581_5.62067_-2.03175
0.395581_5.62067_-2.03175
0.0920488_5.22738_-2.42445
-0.294737_4.91065_-2.48645
-0.694337_4.61014_-2.50712
-0.694337_4.61014_-2.50712
-1.14421_4.39938_-2.89982
-1.63087_4.28469_-2.92049
-2.11753_4.17_-2.89982
-2.11753_4.17_-2.89982
-2.61381_4.14744_-3.29252
-3.08868_4.29743_-3.60254
-3.52932_4.53357_-3.66455
-3.52932_4.53357_-3.66455
-3.99985_4.69296_-3.27185
-4.4977_4.68063_-2.96182
-4.99053_4.59632_-2.98249
-4.99053_4.59632_-2.98249
-5.47677_4.48173_-2.83781
-5.95539_4.33711_-2.85848
-6.43401_4.19248_-2.83781
-6.43401_4.19248_-2.83781
-6.92794_4.13922_-3.23051
-7.40466_4.27902_-3.62321
-7.81154_4.56703_-3.8919
-7.81154_4.56703_-3.8919
-8.23403_4.82837_-3.4992
-8.72438_4.90813_-3.1065
-9.22107_4.85457_-2.96182
-9.22107_4.85457_-2.96182
-9.69517_4.70055_-2.69314
-10.1435_4.47912_-2.67247
-10.5917_4.25769_-2.69314
-10.5917_4.25769_-2.69314
-11.0728_4.13377_-3.08583
-11.5726_4.13172_-3.18918
-12.0718_4.16067_-3.20984
-12.0718_4.16067_-3.20984
-12.5645_4.0972_-2.81715
-13.0252_3.90414_-2.67247
-13.4735_3.68271_-2.69314
-13.4735_3.68271_-2.69314
-13.9546_3.55879_-3.08583
-14.4541_3.56707_-3.23051
-14.9526_3.60633_-3.20984
-14.9526_3.60633_-3.20984
-14.9526_3.60633_-2.81715
-14.9526_3.60633_-2.7138
-14.9526_3.60633_-2.69314
-14.9526_3.60633_-2.69314
-15.4336_3.4824_-3.08583
-15.7443_3.52637_-3.47853
-15.9695_3.65929_-3.87123
-15.9695_3.65929_-3.87123
-16.3973_3.91185_-3.47853
-16.8892_3.98146_-3.08583
-17.3703_3.85754_-2.69314
-17.3703_3.85754_-2.69314
-17.7673_3.55894_-2.30044
-18.0199_3.13114_-1.90774
-18.0997_2.64016_-1.55637
-18.0997_2.64016_-1.55637
-18.0977_2.14017_-1.57704
-18.0956_1.64018_-1.55637
-18.0936_1.1402_-1.57704
-18.0936_1.1402_-1.57704
-18.1019_0.640275_-1.59771
-18.1019_0.640275_-1.59771
