configuration 6.23696136475_-8.02296829224_-0.990618758317_0.136654585252_12.9709873199_-24.4014968872_-0.713623012343_0.700529939585
length 41.3281
time 1.9668
roughness 0.00351897
6.23696_-8.02297_-2.86743
5.79415_-8.24819_-2.47473
5.43221_-8.59211_-2.28871
5.09944_-8.96527_-2.30938
5.09944_-8.96527_-2.30938
4.69974_-9.2603_-2.70208
4.21756_-9.37992_-3.09478
3.71779_-9.37749_-3.19812
3.71779_-9.37749_-3.19812
3.21968_-9.40599_-2.97077
2.72991_-9.5062_-2.90876
2.72991_-9.5062_-2.90876
2.23344_-9.52432_-3.30146
1.75637_-9.37976_-3.57015
1.30376_-9.1673_-3.59082
1.30376_-9.1673_-3.59082
0.822769_-9.04301_-3.19812
0.330824_-9.11224_-2.80542
-0.0971787_-9.36447_-2.41272
-0.0971787_-9.36447_-2.41272
-0.459582_-9.70883_-2.35072
-0.814842_-10.0607_-2.37138
-0.814842_-10.0607_-2.37138
-1.09709_-10.4695_-1.97869
-1.27138_-10.9379_-1.87534
-1.42623_-11.4133_-1.89601
-1.42623_-11.4133_-1.89601
-1.64734_-11.8601_-2.1647
-1.64734_-11.8601_-2.1647
-1.90525_-12.2882_-2.06136
-2.13623_-12.7316_-2.04069
-2.3669_-13.1145_-2.18537
-2.3669_-13.1145_-2.18537
-2.60649_-13.5521_-1.95802
-2.80007_-14.0131_-1.97869
-3.0094_-14.3774_-2.20604
-3.0094_-14.3774_-2.20604
-3.26059_-14.6064_-2.59874
-3.26059_-14.6064_-2.59874
-3.64217_-14.9264_-2.28871
-3.96716_-15.3063_-2.26804
-4.29215_-15.6863_-2.28871
-4.29215_-15.6863_-2.28871
-4.61715_-16.0663_-2.26804
-4.93422_-16.4529_-2.24737
-5.24323_-16.8459_-2.22671
-5.24323_-16.8459_-2.22671
-5.46359_-17.2912_-1.83401
-5.49678_-17.7869_-1.44131
-5.49678_-17.7869_-1.83401
-5.49678_-17.7869_-1.83401
-5.71713_-18.2321_-2.22671
-5.84785_-18.4596_-1.95802
-5.84785_-18.4596_-1.95802
-5.9421_-18.9474_-1.56532
-5.84251_-19.4341_-1.17262
-5.56425_-19.8456_-0.77992
-5.56425_-19.8456_-0.77992
-5.14968_-20.1194_-0.387221
-5.14968_-20.1194_-0.387221
-4.66191_-20.2136_0.0054782
-4.16232_-20.1954_0.0674833
-3.66314_-20.1668_0.046815
-3.66314_-20.1668_0.046815
-3.16656_-20.2104_-0.221874
-2.67998_-20.3255_-0.242542
-2.19589_-20.4506_-0.263211
-2.19589_-20.4506_-0.263211
-1.70021_-20.4837_0.129488
-1.20672_-20.4039_0.191494
-1.20672_-20.4039_0.191494
-0.709046_-20.3857_-0.118532
-0.211979_-20.4397_-0.0978637
0.285088_-20.4937_-0.118532
0.285088_-20.4937_-0.118532
0.784205_-20.5064_0.0674833
1.28268_-20.4675_0.0881517
1.78116_-20.4287_0.0674833
1.78116_-20.4287_0.0674833
2.27384_-20.4925_-0.325216
2.74924_-20.6474_-0.304547
3.22465_-20.8022_-0.325216
3.22465_-20.8022_-0.325216
3.71053_-20.9171_-0.1392
4.20638_-20.9814_-0.118532
4.70222_-21.0456_-0.1392
4.70222_-21.0456_-0.1392
5.18218_-21.1803_-0.407889
5.64318_-21.3739_-0.387221
6.10418_-21.5675_-0.407889
6.10418_-21.5675_-0.407889
6.5899_-21.6718_-0.0151902
7.08988_-21.6742_0.0054782
7.58987_-21.6766_-0.0151902
7.58987_-21.6766_-0.0151902
8.07853_-21.5871_0.377509
8.49574_-21.3174_0.770208
8.77799_-20.9086_1.16291
8.77799_-20.9086_1.16291
9.06024_-20.4998_0.770208
9.47745_-20.2301_0.377509
9.96611_-20.1406_-0.0151902
9.96611_-20.1406_-0.0151902
10.4518_-20.2449_-0.407889
10.8607_-20.5271_-0.800588
11.1162_-20.9224_-1.19329
11.1162_-20.9224_-1.19329
11.3859_-21.3396_-0.800588
11.7587_-21.6721_-0.65591
12.1518_-21.9811_-0.676578
12.1518_-21.9811_-0.676578
12.471_-22.3617_-1.06928
12.6046_-22.7857_-1.46198
12.6119_-22.8378_-1.39997
12.6119_-22.8378_-1.39997
12.7121_-23.3276_-1.33797
12.8325_-23.8129_-1.3173
12.9529_-24.2981_-1.33797
12.9529_-24.2981_-1.33797
