configuration 14.2292175293_13.7099370956_-0.723728341199_0.690084986176_-18.0985870361_0.542219161987_-0.683562400866_0.729892077038
length 41.467
time 1.39042
roughness 0.00329445
14.2292_13.7099_-1.61838
14.3029_13.2186_-1.22568
14.5589_12.7929_-0.832982
14.6802_12.5912_-1.22568
14.7538_12.0999_-1.61838
14.6338_11.6178_-2.01108
14.3546_11.2055_-2.3211
14.0495_10.8103_-2.13509
13.7865_10.385_-2.11442
13.5235_9.95983_-2.13509
13.181_9.59995_-2.52779
12.7269_9.39854_-2.92049
12.2427_9.27383_-2.85848
11.7563_9.15919_-2.96182
11.2653_9.06472_-2.94116
10.7764_8.96011_-2.92049
10.2875_8.85551_-2.94116
9.79647_8.76103_-2.96182
9.30549_8.66655_-2.94116
8.80821_8.65424_-3.29252
8.31315_8.7243_-3.27185
7.81675_8.78412_-3.25118
7.34302_8.93374_-3.64388
6.8693_9.08337_-3.25118
6.37437_9.04032_-2.85848
5.91421_8.84751_-2.63113
5.44173_8.69401_-3.02383
4.94647_8.73302_-3.41653
4.48475_8.92206_-3.64388
4.01102_9.07169_-3.25118
3.5161_9.02864_-2.85848
3.03198_8.90394_-2.92049
2.55068_8.76929_-2.81715
2.07845_8.60502_-2.79648
1.60621_8.44074_-2.81715
1.17528_8.19355_-2.42445
0.871752_7.80026_-2.03175
0.741829_7.32076_-1.63905
0.621689_6.83805_-1.99041
0.422718_6.37936_-1.96974
0.223747_5.92066_-1.99041
-0.0632732_5.51517_-2.38311
-0.473312_5.23255_-2.69314
-0.921598_5.01113_-2.67247
-1.39242_4.84734_-2.94116
-1.88135_4.74273_-2.92049
-2.36801_4.62805_-2.89982
-2.81788_4.41728_-2.50712
-3.20455_4.10065_-2.40378
-3.29418_4.04674_-2.79648
-3.77527_3.91216_-2.94116
-4.2642_3.80755_-2.92049
-4.75313_3.70295_-2.94116
-5.24991_3.70092_-3.33385
-5.73968_3.80152_-3.35452
-6.22944_3.90213_-3.33385
-6.69772_4.07161_-3.64388
-7.13841_4.30778_-3.62321
-7.57911_4.54395_-3.64388
-8.05284_4.69358_-3.25118
-8.54776_4.65053_-2.85848
-9.01979_4.48632_-2.75514
-9.50027_4.35191_-2.98249
-9.9931_4.2676_-2.96182
-10.4859_4.18329_-2.98249
-10.9824_4.20179_-3.37519
-11.434_4.40887_-3.76789
-11.7363_4.73466_-4.16059
-12.0743_5.09879_-3.76789
-12.5259_5.30586_-3.37519
-13.0223_5.32436_-2.98249
-13.4995_5.18017_-2.7138
-13.9523_4.96805_-2.69314
-14.4051_4.75594_-2.7138
-14.8621_4.55322_-2.73447
-15.3192_4.35051_-2.7138
-15.7762_4.1478_-2.73447
-16.2243_3.92646_-2.63113
-16.658_3.67768_-2.61046
-16.8728_3.48642_-2.21776
-17.1173_3.052_-1.94907
-17.2972_2.58547_-1.92841
-17.477_2.11894_-1.94907
-17.6569_1.65242_-1.92841
-17.8367_1.18589_-1.94907
-18.0261_0.723181_-1.96974
