configuration 2.903195858_13.0508098602_-0.754177572005_0.656670533741_-13.4451351166_-15.4114570618_0.497552318458_0.867433968897
length 55.3508
time 2.20469
roughness 0.00246768
2.9032_13.0508_-1.7088
2.89106_12.552_-1.48145
2.93052_12.0536_-1.50212
2.96999_11.5552_-1.48145
2.99914_11.0561_-1.54345
3.00764_10.5562_-1.56412
3.01615_10.0563_-1.54345
2.93258_9.56655_-1.93615
2.66797_9.14609_-2.32885
2.30609_8.8014_-2.43219
1.99952_8.41047_-2.0395
1.80665_7.94964_-1.89482
1.64258_7.47734_-1.91549
1.42181_7.02991_-2.14284
1.1555_6.60675_-2.12217
0.889188_6.18358_-2.14284
0.614189_5.76601_-2.16351
0.330618_5.35421_-2.18417
0.0470469_4.94241_-2.16351
-0.144747_4.48413_-1.77081
-0.146565_3.98734_-1.37811
-0.0763212_3.49253_-1.48145
-0.0368566_2.9941_-1.50212
-0.00770158_2.49496_-1.52279
0.11249_2.01292_-1.13009
0.392446_1.63459_-0.737388
0.392446_1.63459_-1.13009
0.532796_1.15678_-1.44011
0.592824_0.660404_-1.46078
0.652853_0.164029_-1.44011
0.620254_-0.331693_-1.83281
0.400431_-0.777206_-2.22551
0.0760314_-1.15739_-2.32885
-0.188576_-1.57785_-1.93615
-0.272139_-2.06757_-1.54345
-0.161935_-2.55198_-1.15076
-0.0517315_-3.0364_-1.54345
-0.135294_-3.52612_-1.93615
-0.399902_-3.94658_-2.32885
-0.805271_-4.23377_-2.72155
-1.28969_-4.34397_-3.11425
-1.78932_-4.33181_-3.21759
-2.28888_-4.32999_-3.07291
-2.78802_-4.35914_-3.09358
-3.28716_-4.3883_-3.07291
-3.78672_-4.40713_-3.13492
-4.28664_-4.41563_-3.11425
-4.78656_-4.42413_-3.13492
-5.27444_-4.33047_-3.52762
-5.71236_-4.0914_-3.75497
-6.11821_-3.79938_-3.77564
-6.56817_-3.58881_-3.38294
-7.06446_-3.56646_-2.99024
-7.55398_-3.66724_-2.8869
-8.04993_-3.6962_-3.2796
-8.51921_-3.53318_-3.6723
-8.93066_-3.24985_-3.81698
-8.93066_-3.24985_-3.42428
-9.4256_-3.20701_-3.03158
-9.89926_-3.35684_-2.63888
-10.3703_-3.51663_-2.99024
-10.8676_-3.56637_-3.09358
-11.2814_-3.50454_-3.48628
-11.7727_-3.43111_-3.09358
-12.2548_-3.55131_-2.70088
-12.6541_-3.84682_-2.30818
-13.0534_-4.14232_-2.70088
-13.5259_-4.3026_-2.92824
-14.0157_-4.40341_-2.9489
-14.5125_-4.4531_-3.13492
-15.0124_-4.45127_-3.15559
-15.501_-4.54136_-2.76289
-15.9179_-4.81155_-2.37019
-16.1996_-5.22072_-1.97749
-16.4208_-5.66891_-2.08083
-16.6694_-6.10272_-2.1015
-16.9269_-6.5313_-2.12217
-17.1755_-6.96505_-2.06016
-17.415_-7.4039_-2.08083
-17.5772_-7.79147_-1.85348
-17.6815_-8.28003_-1.7088
-17.7452_-8.77595_-1.68813
-17.7883_-9.27401_-1.62613
-17.8211_-9.77292_-1.6468
-17.8539_-10.2718_-1.62613
-17.9073_-10.7688_-1.72947
-17.9812_-11.2633_-1.7088
-18.0506_-11.6249_-1.81214
-18.073_-12.1212_-1.41944
-17.9622_-12.6083_-1.27477
-17.8212_-13.088_-1.29543
-17.7003_-13.5731_-1.35744
-17.5995_-14.0628_-1.37811
-17.5088_-14.5545_-1.39878
-17.5106_-15.052_-1.75014
-17.6049_-15.543_-1.77081
-17.6063_-15.9352_-1.37811
-17.5773_-16.4328_-1.6468
-17.6204_-16.931_-1.66746
-17.6738_-17.4281_-1.68813
-17.6346_-17.9233_-1.29543
-17.4177_-18.371_-0.944072
-17.1041_-18.7601_-0.84073
-16.7069_-19.0586_-0.448031
-16.2258_-19.1823_-0.0553318
-15.7339_-19.1125_0.337367
-15.3062_-18.8597_0.730066
-15.0078_-18.4625_1.12277
-14.7866_-18.0142_1.1021
-14.5561_-17.5705_1.08143
-14.3257_-17.1267_1.1021
-14.0952_-16.683_1.08143
-13.8647_-16.2393_1.1021
-13.6343_-15.7956_1.08143
-13.448_-15.4181_1.14343
