configuration -11.8536100388_-27.1978302002_0.742596430242_0.669739159518_7.0929813385_4.64613723755_-0.0222057164121_0.999753422679
length 54.5427
time 4.15594
roughness 0.00297917
-11.8536_-27.1978_1.67388
-12.0002_-26.7231_2.06658
-12.2515_-26.291_2.12858
-12.4631_-25.9271_2.06658
-12.6684_-25.4716_1.9219
-12.8355_-25.0004_1.90123
-13.0026_-24.5292_1.9219
-13.0792_-24.0383_1.5292
-12.9621_-23.5555_1.1365
-12.747_-23.1041_1.11583
-12.62_-22.6239_1.50853
-12.6864_-22.1315_1.90123
-12.8916_-21.6763_2.08725
-13.2164_-21.3005_2.47994
-13.6371_-21.0316_2.66596
-14.0792_-20.7981_2.64529
-14.5485_-20.6314_2.95532
-15.0408_-20.5439_2.97599
-15.5331_-20.4564_2.95532
-15.9939_-20.2709_2.56262
-16.3487_-19.9232_2.16992
-16.5815_-19.4819_1.94257
-16.7583_-19.0142_1.9219
-16.9352_-18.5465_1.94257
-17.168_-18.1053_2.16992
-17.4542_-17.6953_2.19059
-17.6261_-17.3139_1.79789
-17.6722_-16.8175_1.5292
-17.636_-16.3189_1.46719
-17.5894_-15.8211_1.48786
-17.5944_-15.3218_1.67388
-17.651_-14.8251_1.69455
-17.7076_-14.3283_1.67388
-17.6613_-13.8337_1.28118
-17.5235_-13.353_1.30185
-17.3857_-12.8724_1.28118
-17.3394_-12.3778_1.67388
-17.4782_-11.9281_2.06658
-17.6785_-11.6865_2.45928
-17.6785_-11.6865_2.06658
-17.825_-11.2118_1.67388
-17.7787_-10.7172_1.28118
-17.6914_-10.226_1.50853
-17.6655_-9.72666_1.5292
-17.6395_-9.22734_1.50853
-17.5522_-8.73612_1.28118
-17.4044_-8.25845_1.26051
-17.2567_-7.78079_1.28118
-17.0247_-7.34151_0.88848
-16.6422_-7.02447_0.49578
-16.17_-6.86794_0.144418
-16.0961_-6.84173_0.537117
-15.7271_-6.50915_0.929816
-15.5134_-6.06066_1.32252
-15.3657_-5.5832_1.21917
-15.1887_-5.1156_1.19851
-15.0901_-4.96138_0.805806
-14.6827_-4.677_0.413107
-14.2012_-4.54989_0.103081
-13.7045_-4.49331_0.12375
-13.2329_-4.33699_0.516449
-12.806_-4.07677_0.578454
-12.3846_-3.80775_0.557786
-11.9199_-3.63208_0.165086
-11.4233_-3.64761_-0.227613
-10.9705_-3.85197_-0.620312
-10.5177_-4.05634_-0.227613
-10.0212_-4.07187_0.165086
-9.54847_-3.91517_0.475112
-9.07086_-3.77847_0.082413
-8.57417_-3.81459_-0.227613
-8.09087_-3.94244_-0.289618
-7.59837_-4.01954_-0.0209289
-7.09841_-4.02483_-0.000260491
-6.73002_-4.02874_-0.0209289
-6.23047_-4.01337_0.082413
-5.73178_-3.97737_0.0617446
-5.23309_-3.94136_0.082413
-4.73638_-3.88478_0.144418
-4.24088_-3.81794_0.12375
-3.7441_-3.76136_0.103081
-3.24626_-3.71505_0.082413
-2.74841_-3.66874_0.103081
-2.24952_-3.67403_-0.124271
-1.75277_-3.73087_-0.103602
-1.25602_-3.78772_-0.124271
-0.757124_-3.793_0.103081
-0.278894_-3.65613_0.454444
0.168058_-3.43202_0.475112
0.615011_-3.20791_0.454444
1.01026_-2.90694_0.847143
1.26025_-2.47763_1.23984
1.4276_-2.00648_1.21917
1.50443_-1.51566_1.61187
1.42753_-1.0227_1.83922
1.29991_-0.539269_1.81856
1.27438_-0.0431323_1.42586
1.44066_0.425008_1.03316
1.77343_0.793882_0.640459
2.1062_1.16276_1.03316
2.27247_1.6309_1.42586
2.24695_2.12703_1.81856
2.22142_2.62317_1.42586
2.38769_3.09131_1.03316
2.72046_3.46018_0.640459
3.07667_3.80892_0.909148
3.29426_3.99701_0.516449
3.29426_3.99701_0.12375
3.76582_4.15333_0.516449
4.16062_4.29333_0.165086
4.39583_4.28597_-0.227613
4.89238_4.27044_0.165086
5.37793_4.38794_0.309765
5.85253_4.54527_0.330433
6.34147_4.64239_0.0617446
6.84115_4.65776_-0.000260491
