configuration -11.8536100388_-27.1978302002_0.742596430242_0.669739159518_7.0929813385_4.64613723755_-0.0222057164121_0.999753422679
length 55.6091
time 3.59814
roughness 0.00202694
-11.8536_-27.1978_1.67388
-11.8073_-26.7032_1.28118
-11.6401_-26.2322_1.17784
-11.4534_-25.7684_1.19851
-11.3664_-25.2793_1.5912
-11.4533_-24.7889_1.90123
-11.6107_-24.3143_1.88056
-11.7282_-23.8288_1.73588
-11.8052_-23.3348_1.71521
-11.8823_-22.8408_1.73588
-12.058_-22.3761_2.12858
-12.3981_-22.014_2.52128
-12.8509_-21.8096_2.91398
-13.3466_-21.7529_3.14133
-13.8466_-21.7476_3.12066
-14.3317_-21.6405_2.72796
-14.7628_-21.3894_2.50061
-15.1605_-21.0863_2.47994
-15.4854_-20.7105_2.08725
-15.7793_-20.3074_2.3146
-16.1217_-19.9429_2.33527
-16.389_-19.5242_1.94257
-16.6563_-19.1054_2.33527
-17.0402_-18.7868_2.56262
-17.4669_-18.5264_2.62462
-17.8426_-18.2013_2.23192
-18.1112_-17.7805_2.04591
-18.2408_-17.328_1.65321
-18.2252_-16.8293_1.42586
-18.1478_-16.3353_1.40519
-18.0705_-15.8413_1.42586
-17.9932_-15.3474_1.40519
-17.9159_-14.8534_1.42586
-17.8385_-14.3594_1.40519
-17.792_-13.862_1.54987
-17.7764_-13.3623_1.5292
-17.7504_-12.863_1.50853
-17.7039_-12.3652_1.44653
-17.647_-11.8685_1.46719
-17.5902_-11.3717_1.44653
-17.5436_-10.874_1.50853
-17.5074_-10.3753_1.48786
-17.4711_-9.87662_1.50853
-17.4041_-9.38158_1.36385
-17.3064_-8.89122_1.38452
-17.2087_-8.40086_1.36385
-17.2034_-7.9041_1.75655
-17.311_-7.41587_1.81856
-17.3365_-6.91974_1.42586
-17.1702_-6.4516_1.03316
-16.8374_-6.08272_0.640459
-16.4111_-5.82284_0.454444
-15.9596_-5.60802_0.433775
-15.5082_-5.3932_0.454444
-15.0936_-5.11635_0.723133
-14.7222_-4.78163_0.743801
-14.3508_-4.44692_0.723133
-13.9213_-4.19715_0.330433
-13.4501_-4.03005_0.351102
-12.9788_-3.86295_0.330433
-12.4916_-3.75564_0.103081
-11.9937_-3.70934_0.082413
-11.4959_-3.66303_0.103081
-11.0021_-3.586_0.206423
-10.5138_-3.47847_0.227092
-10.1218_-3.46641_-0.165607
-9.63149_-3.56407_-0.227613
-9.14558_-3.68192_-0.248281
-8.65968_-3.79977_-0.227613
-8.16313_-3.8153_0.165086
-7.69844_-3.63963_0.557786
-7.27699_-3.37061_0.578454
-6.81602_-3.18537_0.185755
-6.31925_-3.19063_-0.206944
-5.86232_-3.3856_-0.599643
-5.40538_-3.58056_-0.206944
-4.91033_-3.6476_-0.0622656
-4.41102_-3.67356_-0.0415972
-4.09851_-3.63796_0.268428
-3.60301_-3.60219_-0.124271
-3.10754_-3.66928_-0.144939
-2.61207_-3.73638_-0.124271
-2.11657_-3.7006_0.268428
-1.77754_-3.67613_-0.124271
-1.28204_-3.64035_0.268428
-0.837942_-3.41767_0.661127
-0.512866_-3.042_1.05383
-0.252429_-2.61528_0.991821
0.0168097_-2.19397_1.01249
0.286049_-1.77266_0.991821
0.47153_-1.31179_1.38452
0.559046_-0.819518_1.40519
0.63637_-0.325542_1.42586
0.763966_0.15679_1.19851
0.950641_0.620626_1.17784
1.13732_1.08446_1.19851
1.34291_1.53999_1.09516
1.56725_1.98683_1.11583
1.79159_2.43366_1.09516
1.92854_2.91121_1.48786
1.95449_3.41045_1.54987
1.95812_3.75253_1.57054
2.05516_4.23976_1.17784
2.33128_4.65275_0.785138
2.74442_4.92865_0.392439
3.23169_5.02544_-0.000260491
3.73079_4.9995_-0.103602
4.22754_4.94265_-0.124271
4.72429_4.88581_-0.103602
5.22211_4.83924_-0.082934
5.71993_4.79268_-0.103602
6.21668_4.73584_-0.124271
6.71343_4.67899_-0.103602
7.08024_4.64468_-0.082934
