configuration 14.2292175293_13.7099370956_-0.723728341199_0.690084986176_-18.0985870361_0.542219161987_-0.683562400866_0.729892077038
length 43.2504
time 2.06075
roughness 0.00325353
14.2292_13.7099_-1.61838
14.3029_13.2186_-1.22568
14.5589_12.7929_-0.832982
14.6937_12.5688_-1.22568
14.7673_12.0775_-1.61838
14.6771_11.5873_-1.88707
14.507_11.1172_-1.94907
14.2625_10.6828_-2.21776
14.1714_10.4945_-1.82506
14.1714_10.4945_-1.43236
14.1426_9.9985_-1.82506
13.9262_9.5513_-2.21776
13.5552_9.22094_-2.61046
13.4352_9.16771_-2.83781
13.4352_9.16771_-2.89982
13.4352_9.16771_-2.92049
12.9539_9.03306_-2.81715
12.4784_8.87858_-2.83781
12.0028_8.72409_-2.81715
11.5101_8.66063_-3.20984
11.0155_8.73063_-3.35452
10.5257_8.83124_-3.33385
10.0309_8.90127_-3.23051
9.53242_8.94052_-3.20984
9.03397_8.97977_-3.23051
8.53841_8.93667_-2.87915
8.05422_8.81195_-2.89982
7.57004_8.68723_-2.87915
7.07433_8.65442_-3.27185
6.6038_8.81381_-3.66455
6.19017_9.09394_-3.80923
5.74753_9.3195_-3.41653
5.25227_9.3585_-3.02383
4.76953_9.23415_-2.75514
4.30449_9.0505_-2.77581
3.83575_8.87649_-2.79648
3.36702_8.70249_-2.77581
2.88387_8.57804_-3.00316
2.38797_8.51416_-3.02383
2.07477_8.47382_-3.00316
1.60556_8.3106_-2.61046
1.23453_7.98023_-2.21776
1.01817_7.53303_-1.82506
0.98941_7.03707_-1.43236
1.07371_6.54431_-1.37036
1.16819_6.05332_-1.39103
1.15995_5.5566_-1.78373
0.962252_5.10084_-2.17643
0.60519_4.75542_-2.56912
0.146405_4.56319_-2.92049
-0.344509_4.46872_-2.98249
-0.83734_4.38441_-2.96182
-1.33407_4.39265_-3.35452
-1.82165_4.50335_-3.37519
-2.30684_4.62411_-3.39586
-2.80273_4.66316_-3.0445
-3.29699_4.58909_-2.94116
-3.78358_4.47442_-2.87915
-4.26509_4.33972_-2.85848
-4.7437_4.19509_-2.83781
-5.23364_4.10082_-3.06517
-5.73254_4.06779_-3.08583
-6.0691_4.11543_-3.47853
-6.55127_4.24607_-3.33385
-7.04104_4.34668_-3.35452
-7.50503_4.44199_-3.33385
-7.99254_4.55268_-3.39586
-8.47773_4.67344_-3.37519
-8.96292_4.79419_-3.39586
-9.45888_4.82295_-3.00316
-9.93197_4.66926_-2.6518
-10.3756_4.43861_-2.67247
-10.854_4.30477_-3.06517
-11.3532_4.31305_-3.25118
-11.8508_4.3626_-3.23051
-11.9817_4.37563_-3.25118
-11.9817_4.37563_-3.18918
-11.9817_4.37563_-3.20984
-12.47_4.47594_-3.47853
-12.9401_4.6461_-3.4992
-13.4279_4.74631_-3.18918
-13.9276_4.76493_-3.16851
-14.4272_4.78355_-3.18918
-14.927_4.7815_-3.08583
-15.4259_4.74848_-3.06517
-15.924_4.70516_-3.0445
-16.3996_4.56146_-2.6518
-16.8104_4.27832_-2.42445
-17.1768_3.93823_-2.36244
-17.4554_3.52689_-1.96974
-17.5553_3.04026_-1.57704
-17.4614_2.55242_-1.18434
-17.3676_2.06457_-1.57704
-17.4675_1.57794_-1.96974
-17.7034_1.13787_-2.15576
-17.9837_0.723887_-2.17643
