configuration 6.23696136475_-8.02296829224_-0.990618758317_0.136654585252_12.9709873199_-24.4014968872_-0.713623012343_0.700529939585
length 43.3657
time 0.990058
roughness 0.00286781
6.23696_-8.02297_-2.86743
5.75175_-8.14334_-2.92943
5.26191_-8.24356_-2.9501
4.77206_-8.34379_-2.92943
4.28033_-8.43386_-2.99144
3.78521_-8.50355_-3.0121
3.2901_-8.57323_-2.99144
2.79384_-8.55029_-3.38413
2.30975_-8.4252_-3.4048
1.82835_-8.29013_-3.42547
1.33346_-8.2467_-3.03277
0.859617_-8.39596_-2.64007
0.478967_-8.71519_-2.24737
0.195147_-9.1263_-2.1027
-0.062874_-9.55457_-2.12336
-0.320895_-9.98285_-2.1027
-0.604715_-10.394_-2.24737
-0.921786_-10.7806_-2.26804
-1.23886_-11.1671_-2.24737
-1.46837_-11.6077_-1.85468
-1.58338_-12.0941_-1.75133
-1.67823_-12.585_-1.772
-1.87057_-13.0431_-2.1647
-2.22356_-13.3926_-2.5574
-2.68346_-13.5805_-2.9501
-3.14335_-13.7684_-2.5574
-3.49634_-14.118_-2.1647
-3.7361_-14.5559_-1.97869
-3.98468_-14.9885_-2.20604
-4.29365_-15.3815_-2.26804
-4.60262_-15.7745_-2.20604
-4.89513_-16.18_-2.18537
-5.18763_-16.5855_-2.20604
-5.48846_-16.9849_-2.22671
-5.79747_-17.378_-2.24737
-6.10648_-17.7711_-2.22671
-6.32684_-18.2163_-1.83401
-6.36003_-18.712_-1.44131
-6.22025_-19.19_-1.13128
-6.01219_-19.6446_-1.15195
-5.80413_-20.0993_-1.13128
-5.5091_-20.499_-0.738583
-5.08357_-20.7553_-0.345884
-4.59232_-20.8293_0.046815
-4.09791_-20.7598_0.23283
-3.61025_-20.6494_0.212162
-3.12041_-20.5492_0.191494
-2.62299_-20.5104_-0.0358585
-2.12353_-20.5335_-0.0565269
-1.62408_-20.5566_-0.0358585
-1.13773_-20.661_-0.387221
-0.672833_-20.845_-0.366553
-0.207934_-21.0291_-0.387221
0.2767_-21.1437_-0.0771953
0.775574_-21.1771_-0.0565269
1.27445_-21.2105_-0.0771953
1.77367_-21.2026_0.10882
2.27123_-21.1534_0.0881517
2.7688_-21.1042_0.10882
3.26369_-21.1477_-0.283879
3.7356_-21.3122_-0.387221
4.2005_-21.4963_-0.366553
4.6889_-21.5906_-0.0151902
5.18875_-21.5827_0.046815
5.54404_-21.4946_0.439514
6.02426_-21.3649_0.0881517
6.52183_-21.3157_0.10882
7.0194_-21.2665_0.0881517
7.51329_-21.3202_-0.304547
7.96921_-21.5228_-0.531899
8.40272_-21.7719_-0.511231
8.87509_-21.9258_-0.118532
8.97879_-21.9436_-0.221874
8.97879_-21.9436_0.170825
9.44246_-21.7653_0.563524
9.8026_-21.4231_0.956223
10.0693_-21.0004_1.05957
10.3922_-20.6229_0.666866
10.835_-20.3976_0.274167
11.3303_-20.359_-0.118532
11.8064_-20.5033_-0.469894
12.2498_-20.7343_-0.490563
12.6932_-20.9652_-0.469894
13.0838_-21.2723_-0.862593
13.3271_-21.7054_-1.25529
13.3862_-22.1987_-1.64799
13.322_-22.6943_-1.75133
13.2271_-23.1852_-1.772
13.1221_-23.6741_-1.79267
13.0171_-24.1629_-1.772
