configuration 32.0634506226_7.0565199852_0.870200588927_0.492697610133_0.864893198013_0.272379875183_-0.736733996813_0.676182680893
length 37.2924
time 0.57422
roughness 0.00318223
32.0635_7.05652_2.11122
31.8288_7.49778_2.00788
31.6218_7.95293_1.98721
31.5762_8.15707_1.59451
31.5762_8.15707_1.98721
31.2905_8.56347_2.37991
30.871_8.82961_2.77261
30.3816_8.91495_3.16531
29.894_8.81642_3.51667
29.4307_8.62845_3.53734
28.9602_8.45986_3.43399
28.4799_8.32069_3.41333
27.9997_8.18153_3.43399
27.5611_7.94827_3.82669
27.2451_7.56491_4.21939
27.2451_7.56491_3.82669
26.8065_7.33166_3.43399
26.3211_7.2125_3.33065
25.831_7.11347_3.35132
25.3455_6.99428_3.41333
24.8625_6.86507_3.39266
24.3795_6.73585_3.41333
23.9362_6.51171_3.80603
23.6123_6.13497_4.19872
23.4573_5.66297_4.59142
23.3023_5.19098_4.19872
22.9785_4.81424_3.80603
22.5351_4.5901_3.41333
22.0424_4.51157_3.18597
21.5432_4.48422_3.20664
21.0439_4.45688_3.18597
20.5441_4.45019_3.12397
20.0441_4.45384_3.14464
19.5441_4.45748_3.12397
19.0462_4.41988_3.30998
18.5525_4.34118_3.28932
18.0587_4.26248_3.30998
17.5609_4.22488_3.12397
17.0611_4.23886_3.1033
16.5613_4.25283_3.12397
16.0618_4.23582_3.22731
15.5632_4.19816_3.20664
15.0646_4.16051_3.22731
14.5659_4.17446_2.99996
14.0702_4.23992_3.02063
13.5745_4.30538_2.99996
13.0762_4.33997_3.14464
12.5762_4.34361_3.12397
12.0762_4.34726_3.14464
11.5762_4.3509_3.12397
11.0763_4.35454_3.14464
10.5763_4.35819_3.12397
10.085_4.27989_3.47533
9.61436_4.11123_3.496
9.14368_3.94258_3.47533
8.65679_3.83367_3.24798
8.15776_3.80633_3.14464
7.65939_3.84092_2.99996
7.16516_3.91661_2.97929
6.67093_3.9923_2.99996
6.17488_3.96514_3.39266
5.72699_3.7502_3.78536
5.324_3.45425_3.76469
4.87176_3.24863_3.37199
4.37525_3.23171_2.97929
3.91007_3.40609_2.58659
3.49948_3.69104_2.48325
3.10716_4.00101_2.46258
2.71485_4.31097_2.48325
2.71485_4.31097_2.87595
2.61051_4.31822_3.26865
2.43697_4.26005_3.66135
2.0622_3.93393_4.05405
1.83133_3.49332_4.40541
1.68517_3.01517_4.42608
1.53902_2.53702_4.40541
1.39286_2.05887_4.42608
1.24671_1.58071_4.40541
1.10055_1.10256_4.42608
0.96431_0.62149_4.44674
0.871268_0.265017_4.46741
