configuration 32.0634506226_7.0565199852_0.870200588927_0.492697610133_0.864893198013_0.272379875183_-0.736733996813_0.676182680893
length 36.9009
time 0.728501
roughness 0.00263868
32.0635_7.05652_2.11122
31.7931_7.47702_2.17322
31.5055_7.88604_2.19389
31.218_8.29507_2.17322
30.862_8.64162_2.56592
30.4005_8.82558_2.95862
29.9038_8.81893_3.35132
29.4183_8.69975_3.41333
28.938_8.56058_3.43399
28.4578_8.42141_3.41333
28.0145_8.19727_3.80603
27.6177_7.89305_3.78536
27.2209_7.58883_3.80603
26.8009_7.31881_3.62001
26.3595_7.08405_3.64068
25.918_6.84929_3.62001
25.5301_6.53894_4.01271
25.2905_6.10376_4.40541
25.2602_5.94914_4.63276
25.1248_5.47114_4.24006
24.8168_5.08134_3.84736
24.3831_4.83906_3.45466
23.898_4.71996_3.30998
23.4059_4.63108_3.33065
22.9158_4.53204_3.35132
22.4223_4.45338_3.24798
21.9246_4.40542_3.22731
21.4269_4.35747_3.24798
20.9303_4.29925_3.26865
20.4338_4.24102_3.24798
19.9372_4.18279_3.26865
19.4383_4.17612_3.0413
18.9403_4.22104_3.06196
18.4415_4.25566_3.08263
17.9427_4.29028_3.06196
17.4439_4.32489_3.08263
16.9451_4.35951_3.06196
16.45_4.31181_3.41333
15.967_4.18259_3.39266
15.484_4.05338_3.41333
15.001_3.92417_3.39266
14.518_3.79495_3.41333
14.035_3.66574_3.39266
13.5389_3.63857_2.99996
13.0432_3.70403_3.02063
12.5476_3.76949_2.99996
12.0489_3.79376_3.18597
11.5492_3.77674_3.16531
11.0492_3.77005_3.14464
10.55_3.79434_3.0413
10.0521_3.83926_3.06196
9.55409_3.88418_3.0413
9.07548_4.01973_2.68993
8.62791_4.24259_2.66926
8.18033_4.46545_2.68993
7.70408_4.61103_2.99996
7.20986_4.68672_2.97929
6.71563_4.76241_2.99996
6.21958_4.73524_3.39266
5.77168_4.52031_3.78536
5.38132_4.208_3.84736
4.94761_3.96573_3.45466
4.45705_3.87711_3.18597
3.95836_3.90138_2.99996
3.46413_3.97707_2.97929
2.96763_3.96016_3.37199
2.47969_3.85101_3.35132
1.99176_3.74187_3.37199
1.53952_3.53624_3.76469
1.2004_3.1732_4.15739
1.02601_2.70802_4.55009
0.950324_2.21379_4.57075
0.967483_1.90049_4.96345
1.00495_1.40447_4.61209
0.949744_0.90754_4.59142
0.884284_0.411852_4.57075
