configuration 2.903195858_13.0508098602_-0.754177572005_0.656670533741_-13.4451351166_-15.4114570618_0.497552318458_0.867433968897
length 57.4774
time 2.26807
roughness 0.00345984
2.9032_13.0508_-1.7088
2.93216_12.5549_-1.3161
3.09264_12.0818_-1.17142
3.29181_11.6232_-1.15076
3.40201_11.1387_-1.54345
3.31845_10.649_-1.93615
3.08848_10.2063_-2.16351
2.81348_9.7887_-2.14284
2.53849_9.37112_-2.16351
2.26349_8.95355_-2.14284
2.0812_8.49141_-1.75014
1.9971_7.99854_-1.72947
1.913_7.50567_-1.75014
1.73072_7.04353_-2.14284
1.38546_6.68632_-2.53554
0.929783_6.48843_-2.92824
0.474105_6.29053_-2.53554
0.128844_5.93332_-2.14284
-0.146156_5.51575_-2.16351
-0.337949_5.05747_-1.77081
-0.360351_4.55998_-1.46078
-0.300322_4.0636_-1.44011
-0.250572_3.56617_-1.50212
-0.221417_3.06703_-1.52279
-0.192262_2.56789_-1.50212
-0.0758314_2.13891_-1.10942
0.131963_1.86991_-0.71672
0.426882_1.7009_-0.324021
0.426882_1.7009_-0.71672
0.730582_1.30775_-1.10942
0.86071_0.828299_-1.50212
0.797456_0.335549_-1.89482
0.55045_-0.0954869_-2.28752
0.175588_-0.424088_-2.5562
0.175588_-0.424088_-2.16351
0.0342668_-0.761767_-1.77081
0.0327353_-1.18012_-1.37811
0.221168_-1.63979_-0.985409
0.564245_-1.99998_-0.634046
0.970096_-2.292_-0.613378
0.970096_-2.292_-1.00608
1.14899_-2.75546_-1.39878
1.1369_-3.25211_-1.79148
0.93568_-3.70633_-2.18417
0.613818_-4.0129_-2.57687
0.369888_-4.10705_-2.96957
-0.127833_-4.14646_-3.15559
-0.627821_-4.14463_-3.13492
-1.12781_-4.1428_-3.15559
-1.62267_-4.07927_-3.38294
-2.10938_-3.96479_-3.36227
-2.59609_-3.85031_-3.38294
-3.08499_-3.74593_-3.32093
-3.58284_-3.71319_-3.09358
-4.0812_-3.75265_-3.03158
-4.58012_-3.75083_-3.25893
-5.07455_-3.67694_-3.32093
-5.57197_-3.63389_-3.13492
-6.07189_-3.64239_-3.11425
-6.57181_-3.65089_-3.13492
-7.07137_-3.66972_-3.07291
-7.5698_-3.70919_-3.05225
-8.06823_-3.74865_-3.07291
-8.56098_-3.6854_-3.46561
-9.0259_-3.50202_-3.56896
-9.47876_-3.2901_-3.58962
-9.9599_-3.16638_-3.19692
-10.4518_-3.23621_-2.80423
-10.7365_-3.27663_-3.19692
-11.2284_-3.34646_-2.80423
-11.6561_-3.59919_-2.41153
-11.9956_-3.96528_-2.22551
-12.3692_-4.29276_-2.61821
-12.8396_-4.45235_-3.01091
-13.3381_-4.45053_-3.2796
-13.8074_-4.2875_-3.6723
-14.1786_-3.95729_-4.065
-14.3951_-3.51018_-4.4577
-14.3951_-3.51018_-4.065
-14.3951_-3.51018_-3.6723
-14.3951_-3.51018_-3.2796
-14.8911_-3.53915_-2.8869
-15.3382_-3.75571_-2.4942
-15.6843_-4.11378_-2.18417
-15.9416_-4.542_-2.0395
-16.172_-4.98571_-2.06016
-16.3155_-5.46133_-1.66746
-16.3277_-5.96074_-1.52279
-16.3934_-6.40036_-1.91549
-16.6492_-6.8262_-2.30818
-17.0039_-7.1783_-2.41153
-17.373_-7.51559_-2.39086
-17.6632_-7.91884_-1.99816
-17.8751_-8.3717_-2.01883
-18.087_-8.82455_-1.99816
-18.1648_-9.15544_-1.60546
-18.0849_-9.64575_-1.21276
-17.8234_-10.0681_-0.820062
-17.5618_-10.4905_-1.21276
-17.4819_-10.9808_-1.60546
-17.5956_-11.4644_-1.99816
-17.7093_-11.948_-1.60546
-17.7215_-12.4479_-1.58479
-17.7337_-12.9477_-1.60546
-17.8074_-13.4412_-1.83281
-17.9419_-13.9227_-1.85348
-18.0863_-14.4014_-1.87415
-18.1394_-14.8954_-1.48145
-17.9994_-15.372_-1.08875
-17.6876_-15.7588_-0.696051
-17.3759_-16.1456_-1.08875
-17.2358_-16.6223_-1.48145
-17.2889_-17.1162_-1.87415
-17.3224_-17.4282_-1.48145
-17.1971_-17.8547_-1.08875
-16.951_-18.16_-0.696051
-16.515_-18.3981_-0.303352
-16.021_-18.4511_0.0893468
-15.72_-18.3627_0.482046
-15.3332_-18.0509_0.874745
-15.0247_-17.6576_0.93675
-14.7327_-17.2517_0.957418
-14.4491_-16.8399_0.978087
-14.1655_-16.4281_0.957418
-13.8735_-16.0223_0.93675
-13.5815_-15.6164_0.957418
