configuration 32.0634506226_7.0565199852_0.870200588927_0.492697610133_0.864893198013_0.272379875183_-0.736733996813_0.676182680893
length 35.9552
time 3.62441
roughness 0.000959262
32.0635_7.05652_2.11122
31.8018_7.48258_2.13189
31.5401_7.90863_2.11122
31.2785_8.33469_2.13189
30.9371_8.69566_2.52459
30.4837_8.89853_2.91729
29.9871_8.91242_3.30998
29.5188_8.74462_3.66135
29.0823_8.50079_3.64068
28.6408_8.26603_3.62001
28.1994_8.03128_3.64068
27.7629_7.78744_3.66135
27.3264_7.54361_3.64068
26.8849_7.30886_3.62001
26.4435_7.0741_3.64068
25.9973_6.84855_3.57867
25.5465_6.63223_3.59934
25.0958_6.41592_3.57867
24.645_6.1996_3.59934
24.1942_5.98329_3.57867
23.7434_5.76697_3.59934
23.2926_5.55066_3.57867
22.8419_5.33435_3.59934
22.3911_5.11803_3.57867
22.0115_4.93587_3.59934
21.5316_4.80749_3.20664
21.033_4.76983_3.22731
20.5353_4.72188_3.24798
20.0376_4.67393_3.22731
19.5391_4.63627_3.20664
19.0405_4.59862_3.22731
18.5428_4.55066_3.24798
18.0451_4.50271_3.22731
17.5465_4.46506_3.20664
17.048_4.4274_3.22731
16.5765_4.38197_3.24798
16.078_4.34432_3.18597
15.5787_4.31698_3.20664
15.0795_4.28964_3.18597
14.5803_4.26229_3.20664
14.081_4.23495_3.18597
13.5818_4.20761_3.20664
13.0825_4.18026_3.18597
12.5833_4.15292_3.20664
12.084_4.12557_3.18597
11.5848_4.09823_3.20664
11.0856_4.07089_3.18597
10.5863_4.04354_3.20664
10.0877_4.00589_3.22731
9.58917_3.96823_3.20664
9.08993_3.94089_3.18597
8.59068_3.91355_3.20664
8.09211_3.87589_3.22731
7.59354_3.83823_3.20664
7.12058_3.81233_3.18597
6.62133_3.78499_3.20664
6.12209_3.75764_3.18597
5.62285_3.7303_3.20664
5.1236_3.70296_3.18597
4.62436_3.67561_3.20664
4.12512_3.64827_3.18597
3.62542_3.63125_3.16531
3.12572_3.61423_3.18597
2.62647_3.58688_3.20664
2.14656_3.4585_3.59934
1.7523_3.15623_3.99204
1.50373_2.72609_4.38474
1.3576_2.24801_4.44674
1.23133_1.76422_4.46741
1.11508_1.27793_4.48808
0.998838_0.791641_4.46741
0.872568_0.307857_4.44674
