configuration 6.23696136475_-8.02296829224_-0.990618758317_0.136654585252_12.9709873199_-24.4014968872_-0.713623012343_0.700529939585
length 40.3623
time 6.29663
roughness 0.000977807
6.23696_-8.02297_-2.86743
5.75707_-8.16331_-2.84676
5.27718_-8.30364_-2.86743
4.79728_-8.44398_-2.84676
4.31739_-8.58432_-2.86743
3.8375_-8.72465_-2.84676
3.36061_-8.87488_-2.82609
2.88372_-9.0251_-2.84676
2.40383_-9.16544_-2.86743
1.92394_-9.30578_-2.84676
1.44705_-9.456_-2.82609
0.988851_-9.65434_-2.64007
0.547972_-9.89017_-2.66074
0.107092_-10.126_-2.64007
-0.333787_-10.3618_-2.66074
-0.774667_-10.5977_-2.64007
-1.11469_-10.798_-2.57807
-1.47483_-11.1402_-2.18537
-1.74153_-11.5629_-2.08203
-1.99064_-11.9964_-2.1027
-2.23976_-12.4299_-2.08203
-2.48887_-12.8635_-2.1027
-2.73799_-13.297_-2.08203
-2.9871_-13.7305_-2.1027
-3.23622_-14.164_-2.08203
-3.48533_-14.5975_-2.1027
-3.73445_-15.031_-2.08203
-3.98356_-15.4645_-2.1027
-4.23267_-15.898_-2.08203
-4.48179_-16.3316_-2.1027
-4.7309_-16.7651_-2.08203
-4.98002_-17.1986_-2.1027
-5.22913_-17.6321_-2.08203
-5.47825_-18.0656_-2.1027
-5.72736_-18.4991_-2.08203
-5.96746_-18.9377_-2.06136
-5.96746_-18.9377_-1.66866
-5.91862_-19.4321_-1.27596
-5.68429_-19.8701_-0.883262
-5.30017_-20.1852_-0.490563
-4.82472_-20.3292_-0.0978637
-4.32664_-20.3729_-0.0771953
-3.82857_-20.4166_-0.0978637
-3.33049_-20.4604_-0.0771953
-2.83162_-20.4938_-0.0565269
-2.33274_-20.5272_-0.0771953
-1.83467_-20.5709_-0.0978637
-1.33659_-20.6146_-0.0771953
-0.837715_-20.648_-0.0565269
-0.338841_-20.6814_-0.0771953
0.159236_-20.7251_-0.0978637
0.657313_-20.7688_-0.0771953
1.15619_-20.8022_-0.0565269
1.65506_-20.8356_-0.0771953
2.15314_-20.8793_-0.0978637
2.65122_-20.923_-0.0771953
3.15009_-20.9564_-0.0565269
3.64896_-20.9898_-0.0771953
4.14704_-21.0336_-0.0978637
4.64512_-21.0773_-0.0771953
5.14399_-21.1107_-0.0565269
5.64287_-21.1441_-0.0771953
6.14094_-21.1878_-0.0978637
6.63902_-21.2315_-0.0771953
7.13789_-21.2649_-0.0565269
7.63677_-21.2983_-0.0771953
8.13484_-21.342_-0.0978637
8.63292_-21.3857_-0.0771953
9.13179_-21.4191_-0.0565269
9.63067_-21.4525_-0.0771953
10.1287_-21.4962_-0.0978637
10.6268_-21.5399_-0.0771953
11.1257_-21.5733_-0.0565269
11.6246_-21.6068_-0.0771953
12.0169_-21.6494_-0.1392
12.486_-21.813_-0.531899
12.8568_-22.1436_-0.924599
13.0728_-22.591_-1.3173
13.1115_-23.0869_-1.66866
13.0575_-23.584_-1.68933
13.0035_-24.081_-1.66866
12.9759_-24.3956_-1.64799
