configuration 6.23696136475_-8.02296829224_-0.990618758317_0.136654585252_12.9709873199_-24.4014968872_-0.713623012343_0.700529939585
length 41.1125
time 9.15022
roughness 0.00106174
6.23696_-8.02297_-2.86743
5.76014_-8.17317_-2.80542
5.28646_-8.33322_-2.82609
4.81277_-8.49327_-2.80542
4.33909_-8.65332_-2.82609
3.86541_-8.81337_-2.80542
3.39513_-8.98317_-2.78475
2.92486_-9.15297_-2.80542
2.45118_-9.31302_-2.82609
1.97749_-9.47307_-2.80542
1.50722_-9.64287_-2.78475
1.03695_-9.81268_-2.80542
0.563263_-9.97273_-2.82609
0.0895795_-10.1328_-2.80542
-0.380695_-10.3026_-2.78475
-0.850969_-10.4724_-2.80542
-1.27897_-10.7246_-2.41272
-1.5864_-11.1157_-2.06136
-1.81739_-11.5591_-2.04069
-2.04838_-12.0025_-2.06136
-2.27936_-12.446_-2.04069
-2.51035_-12.8894_-2.06136
-2.74134_-13.3328_-2.04069
-2.97232_-13.7763_-2.06136
-3.21243_-14.2149_-2.08203
-3.45253_-14.6534_-2.06136
-3.68351_-15.0969_-2.04069
-3.9145_-15.5403_-2.06136
-4.1546_-15.9789_-2.08203
-4.39471_-16.4174_-2.06136
-4.62569_-16.8609_-2.04069
-4.85668_-17.3043_-2.06136
-5.09678_-17.7429_-2.08203
-5.33688_-18.1814_-2.06136
-5.56787_-18.6249_-2.04069
-5.71949_-18.9018_-2.1027
-5.88308_-19.3709_-1.71
-5.8547_-19.8669_-1.3173
-5.63868_-20.3143_-0.924599
-5.26791_-20.6449_-0.531899
-4.79882_-20.8085_-0.1392
-4.30096_-20.8522_-0.0358585
-3.8015_-20.8753_-0.0565269
-3.30204_-20.8984_-0.0358585
-2.80258_-20.9215_-0.0565269
-2.30312_-20.9445_-0.0358585
-1.80367_-20.9676_-0.0565269
-1.30421_-20.9907_-0.0358585
-0.804751_-21.0138_-0.0565269
-0.305293_-21.0369_-0.0358585
0.194165_-21.06_-0.0565269
0.693623_-21.0831_-0.0358585
1.19308_-21.1062_-0.0565269
1.69254_-21.1292_-0.0358585
2.192_-21.1523_-0.0565269
2.69145_-21.1754_-0.0358585
3.19091_-21.1985_-0.0565269
3.69037_-21.2216_-0.0358585
4.18983_-21.2447_-0.0565269
4.68928_-21.2678_-0.0358585
5.18874_-21.2909_-0.0565269
5.6882_-21.3139_-0.0358585
6.18766_-21.337_-0.0565269
6.68653_-21.3704_-0.0771953
7.18541_-21.4038_-0.0565269
7.68486_-21.4269_-0.0358585
8.18432_-21.45_-0.0565269
8.6832_-21.4834_-0.0771953
9.18207_-21.5168_-0.0565269
9.68153_-21.5399_-0.0358585
10.181_-21.563_-0.0565269
10.6799_-21.5964_-0.0771953
11.1787_-21.6298_-0.0565269
11.6782_-21.6529_-0.0358585
12.1776_-21.676_-0.0565269
12.6586_-21.8003_-0.449226
13.0555_-22.0992_-0.841925
13.3077_-22.5272_-1.23462
13.3769_-23.0191_-1.62732
13.2823_-23.5086_-1.89601
13.1177_-23.9807_-1.91668
12.988_-24.4086_-1.81334
