configuration: 15.8554_6.16796_-0.208899_0.977937_26.6816_-6.15157_-0.650133_0.75982
length: 37.3288
time: 7.58209
15.8554_6.16796_-0.208899_0.977937
15.8554_6.16796_-0.395671_0.918392
15.8554_6.16796_-0.567238_0.823554
15.8554_6.16796_-0.717006_0.697067
15.7448_5.68364_-0.83922_0.543792
15.4572_5.27852_0.929183_-0.36962
15.0366_5.01427_0.983438_-0.181243
14.5468_4.93113_0.999901_0.0140989
14.0529_5.00167_0.991848_0.127428
13.5617_5.09269_0.998464_0.0554078
13.0685_5.17357_0.99427_0.106902
12.5769_5.26465_0.997105_0.0760311
12.0835_5.34556_0.996267_0.0863311
11.5919_5.43665_0.995321_0.0966219
11.1003_5.52774_0.996267_0.0863311
10.6784_5.67124_0.970992_0.239112
10.2019_5.81166_0.998983_0.0450867
9.70789_5.75902_0.988584_-0.150672
9.27164_5.52135_0.940194_-0.34064
8.95955_5.13483_-0.855673_0.517517
8.67924_4.72209_0.908853_-0.417117
8.38174_4.32077_0.876328_-0.481714
8.10088_3.9072_0.890839_-0.454319
7.89806_3.51046_-0.810014_0.58641
7.838_3.01731_-0.680047_0.733169
7.97122_2.53871_-0.523946_0.851752
8.23679_2.11592_-0.442576_0.896731
8.52842_1.70988_-0.47016_0.882581
8.81164_1.29784_-0.461014_0.887393
9.09486_0.885793_-0.47016_0.882581
9.37807_0.473751_-0.461014_0.887393
9.66129_0.0617088_-0.47016_0.882581
9.94451_-0.350333_-0.461014_0.887393
10.2277_-0.762376_-0.47016_0.882581
10.5024_-1.18018_-0.479255_0.877675
10.777_-1.59799_-0.47016_0.882581
11.0602_-2.01003_-0.461014_0.887393
11.2399_-2.41659_-0.625278_0.780402
11.4408_-2.87098_-0.461014_0.887393
11.8002_-3.21392_-0.279034_0.960281
12.2077_-3.50319_-0.328258_0.944588
12.6094_-3.80091_-0.298821_0.954309
13.011_-4.09862_-0.328258_0.944588
13.4126_-4.39633_-0.298821_0.954309
13.8142_-4.69405_-0.328258_0.944588
14.2158_-4.99176_-0.298821_0.954309
14.6174_-5.28947_-0.328258_0.944588
15.019_-5.58719_-0.298821_0.954309
15.4206_-5.8849_-0.328258_0.944588
15.8222_-6.18261_-0.298821_0.954309
16.2238_-6.48033_-0.328258_0.944588
16.6254_-6.77804_-0.298821_0.954309
17.027_-7.07575_-0.328258_0.944588
17.4286_-7.37347_-0.298821_0.954309
17.8302_-7.67118_-0.328258_0.944588
18.2318_-7.96889_-0.298821_0.954309
18.6334_-8.26661_-0.328258_0.944588
19.035_-8.56432_-0.298821_0.954309
19.4366_-8.86204_-0.328258_0.944588
19.8382_-9.15975_-0.298821_0.954309
20.2398_-9.45746_-0.328258_0.944588
20.6415_-9.75518_-0.298821_0.954309
21.0431_-10.0529_-0.328258_0.944588
21.4447_-10.3506_-0.298821_0.954309
21.8463_-10.6483_-0.328258_0.944588
22.2421_-10.8506_-0.137671_0.990478
22.2421_-10.8506_0.058207_0.998305
22.7147_-10.6978_0.251848_0.967767
23.1_-10.3831_0.417117_0.908853
23.4593_-10.0364_0.330905_0.943664
23.8399_-9.71225_0.359998_0.932953
24.2137_-9.38024_0.350337_0.936624
24.5876_-9.04823_0.359998_0.932953
24.9614_-8.71622_0.350337_0.936624
25.2654_-8.32333_0.526332_0.850279
25.5286_-7.89905_0.445089_0.895487
25.8094_-7.4856_0.490745_0.871303
26.0817_-7.06632_0.4635_0.886097
26.3539_-6.64704_0.490745_0.871303
26.6262_-6.22776_0.4635_0.886097
26.7014_-6.15514_0.281726_0.959495
26.7014_-6.15514_0.0891241_0.996021
26.7014_-6.15514_-0.106902_0.99427
26.7014_-6.15514_-0.298821_0.954309
26.7014_-6.15514_-0.479255_0.877675
