configuration: 4.2209_-5.97307_0.128343_0.99173_6.2098_26.0866_0.979253_0.20264
length: 34.8819
time: 0.870423
4.2209_-5.97307_0.128343_0.99173
4.66742_-5.75531_0.319354_0.947636
4.99662_-5.38324_0.498092_0.867124
5.15838_-4.91352_0.657689_0.75329
5.30094_-4.43636_0.5335_0.8458
5.42335_-3.95489_0.688257_0.725467
5.41351_-3.45542_0.738891_0.673825
5.41862_-3.21914_0.657689_0.75329
5.41862_-3.21914_0.498092_0.867124
5.72518_-2.82605_0.377461_0.926026
6.00583_-2.41613_0.550867_0.834593
6.10825_-1.93001_0.703103_0.711088
6.01684_-1.4417_0.828319_0.560256
5.92542_-0.953384_0.703103_0.711088
5.84402_-0.462658_0.816564_0.577255
5.77287_0.0290131_0.688257_0.725467
5.76302_0.52848_0.738891_0.673825
5.74285_1.02785_0.703103_0.711088
5.84526_1.51397_0.550867_0.834593
5.94768_2.00009_0.703103_0.711088
5.96882_2.49957_0.680723_0.732541
5.94868_2.99808_0.759423_0.650598
5.96968_3.49443_0.617905_0.786253
6.06258_3.9855_0.657689_0.75329
6.03227_4.48137_0.792011_0.610507
6.00197_4.97724_0.657689_0.75329
6.04372_5.47527_0.695717_0.718316
6.00299_5.97253_0.772706_0.634764
6.00347_6.46932_0.634023_0.773314
6.19402_6.92811_0.470974_0.882147
6.38458_7.38691_0.634023_0.773314
6.56584_7.85014_0.489105_0.872225
6.73727_8.31642_0.649869_0.760046
6.88966_8.79053_0.524731_0.851268
7.09086_9.24802_0.567997_0.82303
7.1731_9.73796_0.717649_0.696405
7.15291_10.2375_0.724807_0.688952
7.11096_10.5768_0.772706_0.634764
7.11096_10.5768_0.881695_0.471819
7.11096_10.5768_0.956801_0.290743
6.71703_10.884_0.933285_0.359137
6.42044_11.2825_0.845288_0.534311
6.29894_11.7642_0.724807_0.688952
6.32006_12.2631_0.657689_0.75329
6.32006_12.2631_0.498092_0.867124
6.64191_12.6423_0.33887_0.940833
7.07905_12.8784_0.148812_0.988866
7.5162_13.1144_0.33887_0.940833
7.82974_13.4997_0.515906_0.856645
8.14328_13.8851_0.33887_0.940833
8.45683_14.2704_0.515906_0.856645
8.67682_14.7194_0.542212_0.840241
8.96588_15.1234_0.367871_0.929877
9.25495_15.5274_0.542212_0.840241
9.36739_16.0113_0.695717_0.718316
9.28609_16.5014_0.822485_0.568786
9.144_16.9804_0.779225_0.626745
9.03177_17.4676_0.78566_0.618659
8.93981_17.9588_0.752659_0.658411
8.80794_18.4396_0.834065_0.551666
8.71179_18.9003_0.710414_0.703784
8.61031_19.3866_0.834065_0.551666
8.40051_19.8404_0.850764_0.525547
8.18135_20.2898_0.845288_0.534311
7.99053_20.7517_0.816564_0.577255
7.73664_21.1787_0.913491_0.40686
7.48275_21.6057_0.816564_0.577255
7.26405_22.0542_0.876772_0.480906
6.97404_22.4612_0.90044_0.43498
6.72843_22.8944_0.822485_0.568786
6.53756_23.3565_0.839721_0.543018
6.33715_23.8145_0.834065_0.551666
6.23567_24.3009_0.710414_0.703784
6.13419_24.7872_0.834065_0.551666
6.11282_24.8896_0.710414_0.703784
6.20517_25.3777_0.559462_0.828856
6.32508_25.7259_0.601524_0.798855
6.36658_26.2209_0.745815_0.666154
