configuration: 10.7963_-15.2471_0.90794_0.419101_-2.84447_-11.9004_-0.297597_0.954691
length: 37.4378
time: 1.57172
10.7963_-15.2471_0.90794_0.419101
10.4065_-14.9392_0.972256_0.233917
10.0166_-14.6312_0.90794_0.419101
9.77429_-14.1975_0.808732_0.588178
9.53197_-13.7638_0.90794_0.419101
9.28965_-13.3302_0.808732_0.588178
9.04733_-12.8965_0.90794_0.419101
8.805_-12.4628_0.808732_0.588178
8.74709_-11.9694_0.678444_0.734652
8.87528_-11.5165_0.522085_0.852894
8.87528_-11.5165_0.345661_0.938359
8.87528_-11.5165_0.155955_0.987764
9.36431_-11.4176_0.0429049_0.999079
9.84145_-11.2793_0.236991_0.971512
10.2779_-11.0355_0.266992_0.963699
10.7039_-10.7738_0.276936_0.960888
10.7039_-10.7738_0.0841552_0.996453
11.1916_-10.6646_0.135508_0.990776
11.6116_-10.4522_0.326195_0.945303
12.0367_-10.1911_0.216862_0.976202
12.2053_-10.0672_0.403143_0.915137
12.5231_-9.68152_0.44987_0.893094
12.891_-9.34768_0.266992_0.963699
13.2589_-9.01384_0.44987_0.893094
13.4711_-8.56463_0.61546_0.788168
13.4952_-8.06842_0.757398_0.652954
13.3275_-7.60076_0.87023_0.492646
13.1599_-7.1331_0.757398_0.652954
13.0309_-6.65115_0.826575_0.562827
12.8429_-6.18785_0.832347_0.554255
12.7755_-5.85468_0.708224_0.705988
12.6771_-5.36775_0.832347_0.554255
12.3998_-4.95555_0.924484_0.381222
12.088_-4.566_0.875274_0.483627
11.8442_-4.12971_0.849128_0.528188
11.5419_-3.73549_0.935856_0.352382
11.1118_-3.48698_0.98662_0.163035
11.1118_-3.48698_0.935856_0.352382
10.8094_-3.09276_0.849128_0.528188
10.681_-2.61286_0.729768_0.683695
10.6536_-2.11362_0.722663_0.6912
10.5351_-1.63116_0.843624_0.536934
10.241_-1.23078_0.932165_0.362034
9.81606_-0.973426_0.984883_0.173222
9.32498_-0.898277_0.999752_-0.0222478
8.8339_-0.823128_0.984883_0.173222
8.34283_-0.74798_0.999752_-0.0222478
7.86037_-0.866479_0.976202_-0.216862
7.37792_-0.984977_0.999752_-0.0222478
6.89547_-1.10348_0.976202_-0.216862
6.89547_-1.10348_0.915137_-0.403143
6.63811_-1.52841_-0.818904_0.573931
6.47238_-2.00014_-0.812929_0.582363
6.44622_-2.04542_0.910922_-0.412579
6.1977_-2.47558_-0.812929_0.582363
6.13272_-2.96811_-0.683695_0.729768
6.06773_-3.46063_-0.812929_0.582363
6.00275_-3.95316_-0.683695_0.729768
5.93776_-4.44568_-0.812929_0.582363
5.92468_-4.46832_0.910922_-0.412579
5.61489_-4.86051_0.888397_-0.459075
5.41208_-5.31401_-0.781766_0.623572
5.20926_-5.76752_0.888397_-0.459075
4.86191_-6.12438_0.948623_-0.316409
4.41404_-6.33936_0.992124_-0.125262
3.91982_-6.40775_0.999929_-0.0119152
3.43502_-6.51626_0.978391_-0.206763
3.01617_-6.78564_0.934737_-0.35534
2.58759_-7.03687_0.9861_-0.166154
2.159_-7.28811_0.934737_-0.35534
1.73516_-7.54848_0.982455_-0.186498
1.28479_-7.76466_0.966406_-0.257019
0.910063_-8.09083_0.897695_-0.440617
0.688678_-8.53557_-0.794486_0.607282
0.552493_-9.01665_-0.80072_0.599039
0.321964_-9.45672_0.902201_-0.431316
-0.0594241_-9.77507_0.969011_-0.247018
-0.440812_-10.0934_0.902201_-0.431316
-0.8222_-10.4118_0.969011_-0.247018
-1.20359_-10.7301_0.902201_-0.431316
-1.58498_-11.0485_0.969011_-0.247018
-1.96636_-11.3668_0.902201_-0.431316
-2.19689_-11.8069_-0.80072_0.599039
-2.19689_-11.8069_0.902201_-0.431316
-2.55821_-12.1085_0.969011_-0.247018
-2.61843_-12.1588_0.902201_-0.431316
-2.61843_-12.1588_-0.80072_0.599039
-2.61843_-12.1588_-0.668467_0.743742
