configuration -17.6504554749_-22.9172973633_0.256229049699_0.256229049699_76.2194671631_43.7661514282_0.386216847154_0.922408015454
length 116.636
time 4.34689
roughness 3.3191e-05
-17.6505_-22.9173_0.150019
-17.1792_-22.7581_0.501381
-16.7383_-22.5224_0.480713
-16.2974_-22.2866_0.501381
-15.8564_-22.0508_0.480713
-15.4155_-21.8151_0.501381
-14.9746_-21.5793_0.480713
-14.5337_-21.3435_0.501381
-14.0928_-21.1077_0.480713
-13.6519_-20.872_0.501381
-13.211_-20.6362_0.480713
-12.7701_-20.4004_0.501381
-12.3291_-20.1647_0.480713
-11.8882_-19.9289_0.501381
-11.4473_-19.6931_0.480713
-11.0064_-19.4573_0.501381
-10.5705_-19.2125_0.522049
-10.1345_-18.9677_0.501381
-9.6936_-18.7319_0.480713
-9.25269_-18.4961_0.501381
-8.81675_-18.2513_0.522049
-8.3808_-18.0065_0.501381
-7.93989_-17.7707_0.480713
-7.49898_-17.5349_0.501381
-7.06303_-17.2901_0.522049
-6.62709_-17.0453_0.501381
-6.18617_-16.8095_0.480713
-5.74526_-16.5737_0.501381
-5.30932_-16.3289_0.522049
-4.87337_-16.0841_0.501381
-4.43246_-15.8483_0.480713
-3.99155_-15.6125_0.501381
-3.5556_-15.3677_0.522049
-3.11966_-15.1229_0.501381
-2.67875_-14.8871_0.480713
-2.23783_-14.6513_0.501381
-1.80189_-14.4065_0.522049
-1.36594_-14.1617_0.501381
-0.925031_-13.9259_0.480713
-0.484119_-13.6901_0.501381
-0.0481742_-13.4453_0.522049
0.387771_-13.2005_0.501381
0.828683_-12.9647_0.480713
1.2696_-12.7289_0.501381
1.70554_-12.4841_0.522049
2.14149_-12.2392_0.501381
2.5824_-12.0035_0.480713
3.02331_-11.7677_0.501381
3.45925_-11.5229_0.522049
3.8952_-11.278_0.501381
4.33611_-11.0423_0.480713
4.77702_-10.8065_0.501381
5.21297_-10.5617_0.522049
5.64891_-10.3168_0.501381
6.08983_-10.0811_0.480713
6.53074_-9.84529_0.501381
6.96668_-9.60046_0.522049
7.40263_-9.35563_0.501381
7.81012_-9.06775_0.728733
8.18654_-8.73866_0.708065
8.56297_-8.40958_0.728733
8.93939_-8.08049_0.708065
9.31581_-7.75141_0.728733
9.69224_-7.42233_0.708065
10.0687_-7.09324_0.728733
10.4451_-6.76416_0.708065
10.8215_-6.43507_0.728733
11.1979_-6.10599_0.708065
11.5744_-5.77691_0.728733
11.9508_-5.44782_0.708065
12.3272_-5.11874_0.728733
12.7036_-4.78965_0.708065
13.0801_-4.46057_0.728733
13.4565_-4.13148_0.708065
13.8329_-3.8024_0.728733
14.2093_-3.47332_0.708065
14.5857_-3.14423_0.728733
14.9622_-2.81515_0.708065
15.3386_-2.48606_0.728733
15.715_-2.15698_0.708065
16.0914_-1.8279_0.728733
16.4679_-1.49881_0.708065
16.8443_-1.16973_0.728733
17.2207_-0.840643_0.708065
17.5971_-0.511559_0.728733
17.9736_-0.182475_0.708065
18.35_0.146609_0.728733
18.7264_0.475694_0.708065
19.1028_0.804778_0.728733
19.4793_1.13386_0.708065
19.8557_1.46295_0.728733
20.2321_1.79203_0.708065
20.6085_2.12111_0.728733
20.9849_2.4502_0.708065
21.3614_2.77928_0.728733
21.7378_3.10837_0.708065
22.1142_3.43745_0.728733
22.4906_3.76654_0.708065
22.8671_4.09562_0.728733
23.2435_4.4247_0.708065
23.6199_4.75379_0.728733
23.9963_5.08287_0.708065
24.3728_5.41196_0.728733
24.7492_5.74104_0.708065
25.1256_6.07012_0.728733
25.502_6.39921_0.708065
25.8785_6.72829_0.728733
26.2549_7.05738_0.708065
26.6313_7.38646_0.728733
27.0077_7.71555_0.708065
27.3841_8.04463_0.728733
27.7537_8.38142_0.749401
28.1232_8.71822_0.728733
28.4997_9.0473_0.708065
28.8761_9.37638_0.728733
29.2456_9.71318_0.749401
29.6152_10.05_0.728733
29.9916_10.3791_0.708065
30.368_10.7081_0.728733
30.7376_11.0449_0.749401
31.1071_11.3817_0.728733
31.4835_11.7108_0.708065
31.8599_12.0399_0.728733
32.2295_12.3767_0.749401
32.599_12.7135_0.728733
32.9754_13.0426_0.708065
33.3519_13.3716_0.728733
33.7214_13.7084_0.749401
34.091_14.0452_0.728733
34.4674_14.3743_0.708065
34.8438_14.7034_0.728733
35.2133_15.0402_0.749401
35.5829_15.377_0.728733
35.9593_15.7061_0.708065
36.3357_16.0352_0.728733
36.7053_16.372_0.749401
37.0748_16.7087_0.728733
37.4512_17.0378_0.708065
37.8277_17.3669_0.728733
38.1972_17.7037_0.749401
38.5667_18.0405_0.728733
38.9432_18.3696_0.708065
39.3196_18.6987_0.728733
39.6891_19.0355_0.749401
40.0587_19.3723_0.728733
40.4351_19.7013_0.708065
40.8046_20.0381_0.77007
41.121_20.4238_0.997422
41.3966_20.841_0.976753
41.6807_21.2524_0.956085
41.9648_21.6639_0.976753
42.249_22.0753_0.956085
42.5331_22.4867_0.976753
42.8172_22.8981_0.956085
43.1013_23.3095_0.976753
43.3854_23.721_0.956085
43.6696_24.1324_0.976753
43.9537_24.5438_0.956085
44.2378_24.9552_0.976753
44.5219_25.3666_0.956085
44.806_25.7781_0.976753
45.0816_26.1953_0.997422
45.3571_26.6125_0.976753
45.5964_26.9589_0.956085
45.9359_27.324_0.687396
46.319_27.6452_0.708065
46.6954_27.9743_0.728733
47.0718_28.3034_0.708065
47.4483_28.6325_0.728733
47.8247_28.9616_0.708065
48.2078_29.2828_0.687396
48.6269_29.5536_0.460044
49.0726_29.7802_0.480713
49.5183_30.0068_0.460044
49.964_30.2334_0.480713
50.4096_30.46_0.460044
50.8553_30.6866_0.480713
51.301_30.9133_0.460044
51.7467_31.1399_0.480713
52.1924_31.3665_0.460044
52.6381_31.5931_0.480713
53.0838_31.8197_0.460044
53.5295_32.0463_0.480713
53.9752_32.2729_0.460044
54.4209_32.4995_0.480713
54.8665_32.7261_0.460044
55.3122_32.9527_0.480713
55.7579_33.1793_0.460044
56.2036_33.4059_0.480713
56.6493_33.6325_0.460044
57.095_33.8592_0.480713
57.5407_34.0858_0.460044
57.9864_34.3124_0.480713
58.4321_34.539_0.460044
58.8778_34.7656_0.480713
59.3235_34.9922_0.460044
59.7691_35.2188_0.480713
60.2148_35.4454_0.460044
60.6605_35.672_0.480713
61.1062_35.8986_0.460044
61.5519_36.1252_0.480713
61.9976_36.3518_0.460044
62.4433_36.5784_0.480713
62.8842_36.8142_0.501381
63.3251_37.05_0.480713
63.7708_37.2766_0.460044
64.2165_37.5032_0.480713
64.6574_37.739_0.501381
65.0983_37.9747_0.480713
65.544_38.2014_0.460044
65.9897_38.428_0.480713
66.4306_38.6637_0.501381
66.8715_38.8995_0.480713
67.3172_39.1261_0.460044
67.7629_39.3527_0.480713
68.2038_39.5885_0.501381
68.6447_39.8243_0.480713
69.0904_40.0509_0.460044
69.5361_40.2775_0.480713
69.977_40.5132_0.501381
70.4179_40.749_0.480713
70.8636_40.9756_0.460044
71.3093_41.2022_0.480713
71.7502_41.438_0.501381
72.1911_41.6738_0.480713
72.6368_41.9004_0.460044
73.0825_42.127_0.480713
73.5234_42.3628_0.501381
73.9643_42.5985_0.480713
74.41_42.8251_0.460044
74.8557_43.0517_0.480713
75.2966_43.2875_0.501381
75.7375_43.5233_0.480713
76.1832_43.7499_0.460044
