configuration -4.52205276489_51.1520843506_-0.288179288681_0.957576470876_89.803527832_11.5547637939_-0.656431103106_0.754385980036
length 109.851
time 2.14575
roughness 7.96863e-05
-4.52205_51.1521_-0.58465
-4.06224_50.964_-0.191951
-3.56541_50.9147_-0.0059354
-3.06548_50.9065_-0.0266038
-2.56583_50.8881_-0.0472721
-2.06618_50.8696_-0.0266038
-1.56653_50.8511_-0.0472721
-1.06688_50.8327_-0.0266038
-0.567231_50.8142_-0.0472721
-0.0675809_50.7957_-0.0266038
0.432069_50.7773_-0.0472721
0.931719_50.7588_-0.0266038
1.43137_50.7404_-0.0472721
1.93102_50.7219_-0.0266038
2.43067_50.7034_-0.0472721
2.93032_50.685_-0.0266038
3.42997_50.6665_-0.0472721
3.92962_50.648_-0.0266038
4.42927_50.6296_-0.0472721
4.92892_50.6111_-0.0266038
5.42857_50.5926_-0.0472721
5.92822_50.5742_-0.0266038
6.42787_50.5557_-0.0472721
6.92752_50.5372_-0.0266038
7.42717_50.5188_-0.0472721
7.92682_50.5003_-0.0266038
8.42647_50.4819_-0.0472721
8.92612_50.4634_-0.0266038
9.42577_50.4449_-0.0472721
9.92542_50.4265_-0.0266038
10.4251_50.408_-0.0472721
10.9247_50.3895_-0.0266038
11.4244_50.3711_-0.0472721
11.924_50.3526_-0.0266038
12.4237_50.3341_-0.0472721
12.9233_50.3157_-0.0266038
13.423_50.2972_-0.0472721
13.9226_50.2787_-0.0266038
14.4223_50.2603_-0.0472721
14.9219_50.2418_-0.0266038
15.4216_50.2234_-0.0472721
15.9212_50.2049_-0.0266038
16.4211_50.1968_-0.0059354
16.9211_50.1886_-0.0266038
17.4207_50.1702_-0.0472721
17.9204_50.1517_-0.0266038
18.4203_50.1436_-0.0059354
18.9202_50.1354_-0.0266038
19.4199_50.117_-0.0472721
19.9195_50.0985_-0.0266038
20.4194_50.0904_-0.0059354
20.9194_50.0822_-0.0266038
21.419_50.0638_-0.0472721
21.9187_50.0453_-0.0266038
22.4186_50.0372_-0.0059354
22.9185_50.029_-0.0266038
23.4182_50.0106_-0.0472721
23.9178_49.9921_-0.0266038
24.4177_49.984_-0.0059354
24.9177_49.9758_-0.0266038
25.4173_49.9574_-0.0472721
25.917_49.9389_-0.0266038
26.4169_49.9308_-0.0059354
26.9168_49.9226_-0.0266038
27.4165_49.9042_-0.0472721
27.9161_49.8857_-0.0266038
28.416_49.8776_-0.0059354
28.916_49.8694_-0.0266038
29.4156_49.851_-0.0472721
29.9153_49.8325_-0.0266038
30.4152_49.8244_-0.0059354
30.9151_49.8162_-0.0266038
31.4148_49.7978_-0.0472721
31.9144_49.7793_-0.0266038
32.4143_49.7712_-0.0059354
32.9143_49.763_-0.0266038
33.4139_49.7446_-0.0472721
33.9136_49.7261_-0.0266038
34.4135_49.718_-0.0059354
34.9134_49.7098_-0.0266038
35.4131_49.6914_-0.0472721
35.9127_49.6729_-0.0266038
36.4126_49.6648_-0.0059354
36.9126_49.6566_-0.0266038
37.4122_49.6382_-0.0472721
37.9119_49.6197_-0.0266038
38.4118_49.6116_-0.0059354
38.9117_49.6034_-0.0266038
39.4114_49.585_-0.0472721
39.911_49.5665_-0.0266038
40.4109_49.5584_-0.0059354
40.9109_49.5502_-0.0266038
41.3053_49.5357_-0.0472721
41.7875_49.4158_-0.439971
42.187_49.1206_-0.83267
42.5273_48.7543_-0.812002
42.875_48.395_-0.791334
43.2228_48.0358_-0.812002
43.5705_47.6765_-0.791334
43.9183_47.3173_-0.812002
44.266_46.958_-0.791334
44.6138_46.5987_-0.812002
44.9615_46.2395_-0.791334
45.3093_45.8802_-0.812002
45.657_45.521_-0.791334
46.0048_45.1617_-0.812002
46.3525_44.8025_-0.791334
46.7002_44.4432_-0.812002
47.0405_44.0769_-0.83267
47.3807_43.7105_-0.812002
47.7285_43.3513_-0.791334
48.0762_42.992_-0.812002
48.4165_42.6256_-0.83267
48.7567_42.2593_-0.812002
49.1045_41.9_-0.791334
49.4522_41.5408_-0.812002
49.7925_41.1744_-0.83267
50.1327_40.8081_-0.812002
50.4805_40.4488_-0.791334
50.881_40.1529_-0.481308
51.3218_39.9168_-0.501976
51.7576_39.6717_-0.522645
52.1934_39.4267_-0.501976
52.6292_39.1816_-0.522645
53.065_38.9365_-0.501976
53.5008_38.6914_-0.522645
53.9366_38.4463_-0.501976
54.3724_38.2012_-0.522645
54.8082_37.9561_-0.501976
55.244_37.711_-0.522645
55.6798_37.4659_-0.501976
56.1156_37.2208_-0.522645
56.5514_36.9757_-0.501976
56.9872_36.7306_-0.522645
57.423_36.4855_-0.501976
57.8588_36.2405_-0.522645
58.2946_35.9954_-0.501976
58.7304_35.7503_-0.522645
59.1662_35.5052_-0.501976
59.602_35.2601_-0.522645
60.0378_35.015_-0.501976
60.4736_34.7699_-0.522645
60.9094_34.5248_-0.501976
61.3452_34.2797_-0.522645
61.781_34.0346_-0.501976
62.2168_33.7895_-0.522645
62.6526_33.5444_-0.501976
63.0884_33.2994_-0.522645
63.5242_33.0543_-0.501976
63.96_32.8092_-0.522645
64.3958_32.5641_-0.501976
64.8316_32.319_-0.522645
65.2674_32.0739_-0.501976
65.7032_31.8288_-0.522645
66.139_31.5837_-0.501976
66.5748_31.3386_-0.522645
67.0106_31.0935_-0.501976
67.4464_30.8484_-0.522645
67.8822_30.6033_-0.501976
68.318_30.3583_-0.522645
68.7538_30.1132_-0.501976
69.1896_29.8681_-0.522645
69.6254_29.623_-0.501976
70.0612_29.3779_-0.522645
70.497_29.1328_-0.501976
70.9328_28.8877_-0.522645
71.3686_28.6426_-0.501976
71.8093_28.4066_-0.481308
72.2501_28.1705_-0.501976
72.6859_27.9255_-0.522645
73.1217_27.6804_-0.501976
73.5625_27.4443_-0.481308
74.0033_27.2083_-0.501976
74.4391_26.9632_-0.522645
74.8749_26.7181_-0.501976
75.3156_26.4821_-0.481308
75.7564_26.246_-0.501976
76.1922_26.001_-0.522645
76.628_25.7559_-0.501976
77.0688_25.5198_-0.481308
77.5095_25.2838_-0.501976
77.9453_25.0387_-0.522645
78.3811_24.7936_-0.501976
78.8219_24.5576_-0.481308
79.2627_24.3215_-0.501976
79.6985_24.0765_-0.522645
80.1343_23.8314_-0.501976
80.575_23.5953_-0.481308
81.0158_23.3593_-0.501976
81.4516_23.1142_-0.522645
81.8874_22.8691_-0.501976
82.3282_22.6331_-0.481308
82.769_22.397_-0.501976
83.2048_22.152_-0.522645
83.6406_21.9069_-0.501976
84.0813_21.6708_-0.481308
84.5221_21.4348_-0.501976
84.9579_21.1897_-0.522645
85.3937_20.9446_-0.501976
85.8345_20.7086_-0.481308
86.2215_20.3971_-0.874007
86.4691_19.9657_-1.22537
86.6433_19.497_-1.2047
86.8271_19.032_-1.18403
87.0109_18.567_-1.2047
87.1947_18.1021_-1.18403
87.3785_17.6371_-1.2047
87.5623_17.1721_-1.18403
87.7461_16.7071_-1.2047
87.9299_16.2421_-1.18403
88.1137_15.7772_-1.2047
88.2975_15.3122_-1.18403
88.4813_14.8472_-1.2047
88.6651_14.3822_-1.18403
88.8489_13.9172_-1.2047
89.0327_13.4522_-1.18403
89.2165_12.9873_-1.2047
89.4003_12.5223_-1.18403
89.5936_12.0612_-1.16336
89.787_11.6001_-1.18403
