configuration -4.52205276489_51.1520843506_-0.288179288681_0.957576470876_89.803527832_11.5547637939_-0.656431103106_0.754385980036
length 110.067
time 3.01138
roughness 7.57416e-05
-4.52205_51.1521_-0.58465
-4.06224_50.964_-0.191951
-3.56541_50.9147_-0.0059354
-3.06548_50.9065_-0.0266038
-2.56583_50.8881_-0.0472721
-2.06618_50.8696_-0.0266038
-1.56653_50.8511_-0.0472721
-1.06688_50.8327_-0.0266038
-0.567231_50.8142_-0.0472721
-0.0675809_50.7957_-0.0266038
0.432069_50.7773_-0.0472721
0.931719_50.7588_-0.0266038
1.43137_50.7404_-0.0472721
1.93102_50.7219_-0.0266038
2.43067_50.7034_-0.0472721
2.93032_50.685_-0.0266038
3.42997_50.6665_-0.0472721
3.92962_50.648_-0.0266038
4.42927_50.6296_-0.0472721
4.92892_50.6111_-0.0266038
5.42857_50.5926_-0.0472721
5.92822_50.5742_-0.0266038
6.42787_50.5557_-0.0472721
6.92752_50.5372_-0.0266038
7.42717_50.5188_-0.0472721
7.92682_50.5003_-0.0266038
8.42647_50.4819_-0.0472721
8.92612_50.4634_-0.0266038
9.42577_50.4449_-0.0472721
9.92542_50.4265_-0.0266038
10.4251_50.408_-0.0472721
10.9247_50.3895_-0.0266038
11.4244_50.3711_-0.0472721
11.924_50.3526_-0.0266038
12.4237_50.3341_-0.0472721
12.9233_50.3157_-0.0266038
13.423_50.2972_-0.0472721
13.9226_50.2787_-0.0266038
14.4223_50.2603_-0.0472721
14.9219_50.2418_-0.0266038
15.4216_50.2234_-0.0472721
15.9212_50.2049_-0.0266038
16.4209_50.1864_-0.0472721
16.9205_50.168_-0.0266038
17.4202_50.1495_-0.0472721
17.9198_50.131_-0.0266038
18.4195_50.1126_-0.0472721
18.9191_50.0941_-0.0266038
19.4188_50.0756_-0.0472721
19.9184_50.0572_-0.0266038
20.4181_50.0387_-0.0472721
20.9177_50.0202_-0.0266038
21.4174_50.0018_-0.0472721
21.917_49.9833_-0.0266038
22.4169_49.9752_-0.0059354
22.9169_49.967_-0.0266038
23.4165_49.9486_-0.0472721
23.9162_49.9301_-0.0266038
24.4161_49.922_-0.0059354
24.916_49.9138_-0.0266038
25.4157_49.8954_-0.0472721
25.9153_49.8769_-0.0266038
26.4152_49.8688_-0.0059354
26.9152_49.8607_-0.0266038
27.4148_49.8422_-0.0472721
27.9145_49.8237_-0.0266038
28.4144_49.8156_-0.0059354
28.9143_49.8075_-0.0266038
29.414_49.789_-0.0472721
29.9136_49.7705_-0.0266038
30.4135_49.7624_-0.0059354
30.9135_49.7543_-0.0266038
31.4131_49.7358_-0.0472721
31.9128_49.7173_-0.0266038
32.4127_49.7092_-0.0059354
32.9126_49.7011_-0.0266038
33.4123_49.6826_-0.0472721
33.9119_49.6641_-0.0266038
34.4118_49.656_-0.0059354
34.9118_49.6479_-0.0266038
35.4114_49.6294_-0.0472721
35.9111_49.6109_-0.0266038
36.411_49.6028_-0.0059354
36.9109_49.5947_-0.0266038
37.4106_49.5762_-0.0472721
37.9102_49.5577_-0.0266038
38.4101_49.5496_-0.0059354
38.9101_49.5415_-0.0266038
39.4097_49.523_-0.0472721
39.9094_49.5045_-0.0266038
40.4093_49.4964_-0.0059354
40.9092_49.4883_-0.0266038
41.4089_49.4698_-0.0472721
41.891_49.35_-0.439971
42.2906_49.0548_-0.83267
42.6308_48.6884_-0.812002
42.9786_48.3291_-0.791334
43.3263_47.9699_-0.812002
43.6741_47.6106_-0.791334
44.0218_47.2514_-0.812002
44.3696_46.8921_-0.791334
44.7173_46.5329_-0.812002
45.0575_46.1665_-0.83267
45.3978_45.8002_-0.812002
45.7455_45.4409_-0.791334
46.0933_45.0816_-0.812002
46.4335_44.7153_-0.83267
46.7738_44.3489_-0.812002
47.1215_43.9897_-0.791334
47.4693_43.6304_-0.812002
47.8095_43.2641_-0.83267
48.1498_42.8977_-0.812002
48.4975_42.5384_-0.791334
48.8453_42.1792_-0.812002
49.1855_41.8128_-0.83267
49.5258_41.4465_-0.812002
49.8735_41.0872_-0.791334
50.2213_40.728_-0.812002
50.5615_40.3616_-0.83267
50.836_40.078_-0.770665
51.237_39.7818_-0.501976
51.6777_39.5458_-0.481308
52.1185_39.3097_-0.501976
52.5593_39.0737_-0.481308
53.0001_38.8377_-0.501976
53.4408_38.6016_-0.481308
53.8816_38.3656_-0.501976
54.3224_38.1296_-0.481308
54.7631_37.8935_-0.501976
55.2039_37.6575_-0.481308
55.6447_37.4215_-0.501976
56.0855_37.1854_-0.481308
56.5262_36.9494_-0.501976
56.967_36.7134_-0.481308
57.4078_36.4773_-0.501976
57.8485_36.2413_-0.481308
58.2893_36.0053_-0.501976
58.7301_35.7692_-0.481308
59.1709_35.5332_-0.501976
59.6116_35.2972_-0.481308
60.0524_35.0611_-0.501976
60.4882_34.816_-0.522645
60.924_34.571_-0.501976
61.3648_34.3349_-0.481308
61.8055_34.0989_-0.501976
62.2413_33.8538_-0.522645
62.6771_33.6087_-0.501976
63.1179_33.3727_-0.481308
63.5587_33.1366_-0.501976
63.9945_32.8915_-0.522645
64.4303_32.6465_-0.501976
64.8711_32.4104_-0.481308
65.3118_32.1744_-0.501976
65.7476_31.9293_-0.522645
66.1834_31.6842_-0.501976
66.6242_31.4482_-0.481308
67.065_31.2121_-0.501976
67.5008_30.967_-0.522645
67.9366_30.722_-0.501976
68.3773_30.4859_-0.481308
68.8181_30.2499_-0.501976
69.2539_30.0048_-0.522645
69.6897_29.7597_-0.501976
70.1305_29.5237_-0.481308
70.5713_29.2876_-0.501976
71.007_29.0425_-0.522645
71.4428_28.7975_-0.501976
71.8836_28.5614_-0.481308
72.3244_28.3254_-0.501976
72.7602_28.0803_-0.522645
73.196_27.8352_-0.501976
73.6368_27.5992_-0.481308
74.0775_27.3631_-0.501976
74.5133_27.118_-0.522645
74.9491_26.873_-0.501976
75.3899_26.6369_-0.481308
75.8307_26.4009_-0.501976
76.2665_26.1558_-0.522645
76.7023_25.9107_-0.501976
77.143_25.6747_-0.481308
77.5838_25.4386_-0.501976
78.0196_25.1935_-0.522645
78.4554_24.9485_-0.501976
78.8962_24.7124_-0.481308
79.337_24.4764_-0.501976
79.7728_24.2313_-0.522645
80.2086_23.9862_-0.501976
80.6493_23.7502_-0.481308
81.0901_23.5141_-0.501976
81.5259_23.269_-0.522645
81.9617_23.024_-0.501976
82.4025_22.7879_-0.481308
82.8432_22.5519_-0.501976
83.279_22.3068_-0.522645
83.7148_22.0617_-0.501976
84.1556_21.8257_-0.481308
84.5964_21.5896_-0.501976
85.0322_21.3446_-0.522645
85.468_21.0995_-0.501976
85.9088_20.8634_-0.481308
86.2298_20.6829_-0.543313
86.5968_20.348_-0.936012
86.8267_19.9062_-1.24604
86.9911_19.434_-1.22537
87.1555_18.9619_-1.24604
87.3199_18.4897_-1.22537
87.4844_18.0175_-1.24604
87.6488_17.5453_-1.22537
87.8132_17.0731_-1.24604
87.9776_16.601_-1.22537
88.1518_16.1323_-1.2047
88.3259_15.6636_-1.22537
88.4904_15.1914_-1.24604
88.6548_14.7192_-1.22537
88.8289_14.2505_-1.2047
89.0031_13.7819_-1.22537
89.1675_13.3097_-1.24604
89.3319_12.8375_-1.22537
89.5061_12.3688_-1.2047
89.6802_11.9001_-1.22537
89.8014_11.5522_-1.24604
