configuration 46.8230323792_-26.2805175781_0.619899316938_0.784681360082_54.818611145_35.6322822571_0.774404309534_0.632691050494
length 66.3585
time 2.87506
roughness 0.000184321
46.823_-26.2805_1.33723
46.9928_-25.8114_1.10988
47.2106_-25.3613_1.13055
47.4283_-24.9112_1.10988
47.646_-24.4611_1.13055
47.8638_-24.011_1.10988
48.0815_-23.5609_1.13055
48.2993_-23.1108_1.10988
48.517_-22.6608_1.13055
48.7348_-22.2107_1.10988
48.9525_-21.7606_1.13055
49.1702_-21.3105_1.10988
49.388_-20.8604_1.13055
49.6057_-20.4103_1.10988
49.8235_-19.9602_1.13055
50.0319_-19.5057_1.15121
50.2403_-19.0512_1.13055
50.458_-18.6012_1.10988
50.6757_-18.1511_1.13055
50.8841_-17.6966_1.15121
51.0925_-17.2421_1.13055
51.3103_-16.792_1.10988
51.528_-16.3419_1.13055
51.7364_-15.8874_1.15121
51.9448_-15.4329_1.13055
52.1625_-14.9828_1.10988
52.3803_-14.5327_1.13055
52.5887_-14.0783_1.15121
52.7971_-13.6238_1.13055
53.0148_-13.1737_1.10988
53.2509_-12.733_1.04787
53.4103_-12.2625_1.44057
53.4598_-11.765_1.50258
53.4888_-11.2659_1.52324
53.5177_-10.7667_1.50258
53.5466_-10.2676_1.52324
53.5755_-9.76842_1.50258
53.6045_-9.26927_1.52324
53.6334_-8.77011_1.50258
53.6726_-8.27166_1.48191
53.7119_-7.77321_1.50258
53.7408_-7.27406_1.52324
53.7697_-6.77491_1.50258
53.809_-6.27646_1.48191
53.8482_-5.77801_1.50258
53.8771_-5.27885_1.52324
53.906_-4.7797_1.50258
53.9453_-4.28125_1.48191
54.0851_-3.80453_1.08921
54.3391_-3.37414_0.985866
54.6195_-2.96015_0.965198
54.8999_-2.54616_0.985866
55.1802_-2.13217_0.965198
55.4606_-1.71817_0.985866
55.7409_-1.30418_0.965198
56.0213_-0.890187_0.985866
56.3016_-0.476195_0.965198
56.582_-0.0622018_0.985866
56.8624_0.351791_0.965198
57.1427_0.765784_0.985866
57.4145_1.18548_1.00653
57.6862_1.60518_0.985866
57.9666_2.01917_0.965198
58.2469_2.43317_0.985866
58.5187_2.85287_1.00653
58.7904_3.27256_0.985866
58.9786_3.73232_1.37857
59.0178_4.22971_1.60592
59.0054_4.72954_1.58525
59.0033_5.22953_1.56458
59.0013_5.72952_1.58525
58.9992_6.2295_1.56458
58.9972_6.72949_1.58525
58.9951_7.22948_1.56458
58.993_7.72946_1.58525
58.991_8.22945_1.56458
58.9889_8.72944_1.58525
58.9869_9.22942_1.56458
58.9848_9.72941_1.58525
58.9827_10.2294_1.56458
58.9807_10.7294_1.58525
58.9786_11.2294_1.56458
58.9766_11.7294_1.58525
58.9745_12.2293_1.56458
58.9724_12.7293_1.58525
58.9704_13.2293_1.56458
58.9683_13.7293_1.58525
58.9663_14.2293_1.56458
58.9642_14.7293_1.58525
58.9621_15.2293_1.56458
58.9601_15.7293_1.58525
58.958_16.2292_1.56458
58.956_16.7292_1.58525
58.9539_17.2292_1.56458
58.9519_17.7292_1.58525
58.9498_18.2292_1.56458
58.9477_18.7292_1.58525
58.9457_19.2292_1.56458
58.9436_19.7291_1.58525
58.9416_20.2291_1.56458
58.9395_20.7291_1.58525
58.9374_21.2291_1.56458
58.9354_21.7291_1.58525
58.9333_22.2291_1.56458
58.9313_22.7291_1.58525
58.9292_23.2291_1.56458
58.9271_23.729_1.58525
58.9251_24.229_1.56458
58.923_24.729_1.58525
58.921_25.229_1.56458
58.9189_25.729_1.58525
58.9168_26.229_1.56458
58.9148_26.729_1.58525
58.9127_27.229_1.56458
58.9107_27.7289_1.58525
58.8983_28.2288_1.60592
58.7843_28.7123_1.99862
58.5537_29.1557_2.10196
58.3049_29.5894_2.08129
58.0562_30.0231_2.10196
57.8074_30.4568_2.08129
57.5586_30.8905_2.10196
57.3098_31.3242_2.08129
57.061_31.7579_2.10196
56.8122_32.1916_2.08129
56.5634_32.6253_2.10196
56.3146_33.059_2.08129
56.0658_33.4927_2.10196
55.817_33.9264_2.08129
55.5682_34.3601_2.10196
55.3105_34.7886_2.12263
55.0528_35.217_2.10196
54.8344_35.6371_1.99862
