configuration 46.8230323792_-26.2805175781_0.619899316938_0.784681360082_54.818611145_35.6322822571_0.774404309534_0.632691050494
length 66.4118
time 2.82957
roughness 0.000209594
46.823_-26.2805_1.33723
46.9928_-25.8114_1.10988
47.2106_-25.3613_1.13055
47.419_-24.9068_1.15121
47.6274_-24.4523_1.13055
47.8357_-23.9978_1.15121
48.0441_-23.5433_1.13055
48.2525_-23.0888_1.15121
48.4609_-22.6343_1.13055
48.6693_-22.1798_1.15121
48.8777_-21.7253_1.13055
49.0861_-21.2709_1.15121
49.2945_-20.8164_1.13055
49.5029_-20.3619_1.15121
49.7113_-19.9074_1.13055
49.9197_-19.4529_1.15121
50.1281_-18.9984_1.13055
50.3365_-18.5439_1.15121
50.5449_-18.0894_1.13055
50.7533_-17.6349_1.15121
50.9617_-17.1804_1.13055
51.1794_-16.7303_1.10988
51.3971_-16.2803_1.13055
51.6055_-15.8258_1.15121
51.8139_-15.3713_1.13055
52.0317_-14.9212_1.10988
52.2494_-14.4711_1.13055
52.4578_-14.0166_1.15121
52.6662_-13.5621_1.13055
52.8839_-13.112_1.10988
53.1017_-12.6619_1.13055
53.2217_-12.1798_1.52324
53.2506_-11.6807_1.50258
53.2795_-11.1815_1.52324
53.3084_-10.6824_1.50258
53.3374_-10.1832_1.52324
53.3663_-9.68407_1.50258
53.3952_-9.18492_1.52324
53.4241_-8.68576_1.50258
53.4531_-8.18661_1.52324
53.482_-7.68746_1.50258
53.5109_-7.1883_1.52324
53.5398_-6.68915_1.50258
53.5688_-6.19_1.52324
53.5977_-5.69084_1.50258
53.6266_-5.19169_1.52324
53.6452_-4.69204_1.54391
53.6638_-4.1924_1.52324
53.6928_-3.69325_1.50258
53.8227_-3.21374_1.10988
54.1022_-2.80098_0.841188
54.4316_-2.42485_0.861856
54.761_-2.04871_0.841188
55.0904_-1.67258_0.861856
55.4198_-1.29644_0.841188
55.7493_-0.920306_0.861856
56.0787_-0.54417_0.841188
56.4081_-0.168035_0.861856
56.7375_0.2081_0.841188
57.0669_0.584236_0.861856
57.3963_0.960371_0.841188
57.7334_1.32962_0.820519
58.0706_1.69886_0.841188
58.4_2.075_0.861856
58.6436_2.50794_1.25456
58.7133_3.00047_1.60592
58.7113_3.50039_1.54391
58.7195_4.00031_1.56458
58.7175_4.5003_1.58525
58.7154_5.00028_1.56458
58.7133_5.50027_1.58525
58.7113_6.00026_1.56458
58.7092_6.50024_1.58525
58.7072_7.00023_1.56458
58.7051_7.50022_1.58525
58.7031_8.0002_1.56458
58.7113_8.50013_1.54391
58.7196_9.00005_1.56458
58.7175_9.50004_1.58525
58.7155_10_1.56458
58.7238_10.4999_1.54391
58.732_10.9999_1.56458
58.73_11.4999_1.58525
58.7279_11.9998_1.56458
58.7362_12.4998_1.54391
58.7445_12.9997_1.56458
58.7424_13.4997_1.58525
58.7403_13.9997_1.56458
58.7486_14.4996_1.54391
58.7569_14.9995_1.56458
58.7548_15.4995_1.58525
58.7528_15.9995_1.56458
58.761_16.4994_1.54391
58.7693_16.9993_1.56458
58.7673_17.4993_1.58525
58.7652_17.9993_1.56458
58.7735_18.4992_1.54391
58.7817_18.9991_1.56458
58.7797_19.4991_1.58525
58.7776_19.9991_1.56458
58.7859_20.499_1.54391
58.7942_20.999_1.56458
58.7921_21.4989_1.58525
58.7901_21.9989_1.56458
58.7983_22.4989_1.54391
58.8066_22.9988_1.56458
58.8045_23.4988_1.58525
58.8025_23.9988_1.56458
58.8108_24.4987_1.54391
58.819_24.9986_1.56458
58.817_25.4986_1.58525
58.8149_25.9986_1.56458
58.8232_26.4985_1.54391
58.8315_26.9984_1.56458
58.8294_27.4984_1.58525
58.8079_27.9715_1.64725
58.674_28.4499_2.03995
58.4434_28.8936_2.06062
58.2036_29.3323_2.08129
57.9638_29.771_2.06062
57.724_30.2098_2.08129
57.4843_30.6485_2.06062
57.2445_31.0873_2.08129
57.0047_31.526_2.06062
56.774_31.9696_2.03995
56.5434_32.4132_2.06062
56.3036_32.852_2.08129
56.0638_33.2907_2.06062
55.8332_33.7343_2.03995
55.6025_34.1779_2.06062
55.3627_34.6167_2.08129
55.123_35.0554_2.06062
54.8923_35.499_2.03995
