configuration -4.52205276489_51.1520843506_-0.288179288681_0.957576470876_89.803527832_11.5547637939_-0.656431103106_0.754385980036
length 109.839
time 3.7086
roughness 7.77199e-05
-4.52205_51.1521_-0.58465
-4.06224_50.964_-0.191951
-3.56541_50.9147_-0.0059354
-3.06548_50.9065_-0.0266038
-2.56556_50.8984_-0.0059354
-2.06563_50.8903_-0.0266038
-1.56571_50.8821_-0.0059354
-1.06578_50.874_-0.0266038
-0.565857_50.8659_-0.0059354
-0.0659316_50.8577_-0.0266038
0.433993_50.8496_-0.0059354
0.933918_50.8415_-0.0266038
1.43384_50.8333_-0.0059354
1.93377_50.8252_-0.0266038
2.43369_50.8171_-0.0059354
2.93362_50.8089_-0.0266038
3.43354_50.8008_-0.0059354
3.93347_50.7927_-0.0266038
4.43339_50.7845_-0.0059354
4.93332_50.7764_-0.0266038
5.43324_50.7683_-0.0059354
5.93317_50.7601_-0.0266038
6.43309_50.752_-0.0059354
6.93302_50.7439_-0.0266038
7.43294_50.7357_-0.0059354
7.93287_50.7276_-0.0266038
8.43279_50.7194_-0.0059354
8.93272_50.7113_-0.0266038
9.43264_50.7032_-0.0059354
9.93257_50.695_-0.0266038
10.4325_50.6869_-0.0059354
10.9324_50.6788_-0.0266038
11.4323_50.6706_-0.0059354
11.9323_50.6625_-0.0266038
12.4322_50.6544_-0.0059354
12.9321_50.6462_-0.0266038
13.432_50.6381_-0.0059354
13.932_50.63_-0.0266038
14.4319_50.6218_-0.0059354
14.9318_50.6137_-0.0266038
15.4317_50.6056_-0.0059354
15.9317_50.5974_-0.0266038
16.4316_50.5893_-0.0059354
16.9315_50.5812_-0.0266038
17.4314_50.573_-0.0059354
17.9314_50.5649_-0.0266038
18.4313_50.5568_-0.0059354
18.9312_50.5486_-0.0266038
19.4311_50.5405_-0.0059354
19.9311_50.5324_-0.0266038
20.431_50.5242_-0.0059354
20.9309_50.5161_-0.0266038
21.4308_50.508_-0.0059354
21.9308_50.4998_-0.0266038
22.4307_50.4917_-0.0059354
22.9306_50.4836_-0.0266038
23.4303_50.4651_-0.0472721
23.9299_50.4466_-0.0266038
24.4298_50.4385_-0.0059354
24.9298_50.4304_-0.0266038
25.4294_50.4119_-0.0472721
25.9291_50.3934_-0.0266038
26.429_50.3853_-0.0059354
26.9289_50.3772_-0.0266038
27.4286_50.3587_-0.0472721
27.9282_50.3402_-0.0266038
28.4281_50.3321_-0.0059354
28.9281_50.324_-0.0266038
29.4277_50.3055_-0.0472721
29.9274_50.287_-0.0266038
30.4273_50.2789_-0.0059354
30.9272_50.2708_-0.0266038
31.4269_50.2523_-0.0472721
31.9265_50.2338_-0.0266038
32.4264_50.2257_-0.0059354
32.9264_50.2176_-0.0266038
33.426_50.1991_-0.0472721
33.9257_50.1806_-0.0266038
34.4256_50.1725_-0.0059354
34.9255_50.1644_-0.0266038
35.4252_50.1459_-0.0472721
35.9248_50.1274_-0.0266038
36.4247_50.1193_-0.0059354
36.9247_50.1112_-0.0266038
37.4243_50.0927_-0.0472721
37.924_50.0742_-0.0266038
38.4239_50.0661_-0.0059354
38.9238_50.058_-0.0266038
39.4235_50.0395_-0.0472721
39.9231_50.021_-0.0266038
40.423_50.0129_-0.0059354
40.9097_49.9131_-0.398634
41.3211_49.6347_-0.791334
41.6762_49.2827_-0.770665
42.0385_48.9381_-0.749997
42.4008_48.5935_-0.770665
42.7631_48.2489_-0.749997
43.1254_47.9044_-0.770665
43.4877_47.5598_-0.749997
43.85_47.2152_-0.770665
44.2123_46.8706_-0.749997
44.5746_46.5261_-0.770665
44.9369_46.1815_-0.749997
45.2992_45.8369_-0.770665
45.6543_45.4849_-0.791334
46.0094_45.1329_-0.770665
46.3717_44.7884_-0.749997
46.734_44.4438_-0.770665
47.0891_44.0918_-0.791334
47.4442_43.7398_-0.770665
47.8065_43.3952_-0.749997
48.1688_43.0507_-0.770665
48.5239_42.6987_-0.791334
48.879_42.3467_-0.770665
49.2413_42.0021_-0.749997
49.6036_41.6575_-0.770665
49.9587_41.3055_-0.791334
50.3138_40.9536_-0.770665
50.6761_40.609_-0.749997
51.0002_40.3007_-0.770665
51.4012_40.0045_-0.501976
51.837_39.7594_-0.522645
52.2728_39.5143_-0.501976
52.7086_39.2692_-0.522645
53.1444_39.0241_-0.501976
53.5802_38.779_-0.522645
54.016_38.5339_-0.501976
54.4518_38.2888_-0.522645
54.8876_38.0437_-0.501976
55.3234_37.7986_-0.522645
55.7592_37.5535_-0.501976
56.195_37.3084_-0.522645
56.6308_37.0634_-0.501976
57.0666_36.8183_-0.522645
57.5024_36.5732_-0.501976
57.9382_36.3281_-0.522645
58.374_36.083_-0.501976
58.8098_35.8379_-0.522645
59.2456_35.5928_-0.501976
59.6814_35.3477_-0.522645
60.1172_35.1026_-0.501976
60.553_34.8575_-0.522645
60.9888_34.6124_-0.501976
61.4246_34.3673_-0.522645
61.8604_34.1223_-0.501976
62.2962_33.8772_-0.522645
62.732_33.6321_-0.501976
63.1678_33.387_-0.522645
63.6036_33.1419_-0.501976
64.0394_32.8968_-0.522645
64.4752_32.6517_-0.501976
64.911_32.4066_-0.522645
65.3467_32.1615_-0.501976
65.7825_31.9164_-0.522645
66.2183_31.6713_-0.501976
66.6541_31.4262_-0.522645
67.0899_31.1811_-0.501976
67.5257_30.9361_-0.522645
67.9615_30.691_-0.501976
68.3973_30.4459_-0.522645
68.8331_30.2008_-0.501976
69.2689_29.9557_-0.522645
69.7047_29.7106_-0.501976
70.1405_29.4655_-0.522645
70.5763_29.2204_-0.501976
71.0121_28.9753_-0.522645
71.4479_28.7302_-0.501976
71.8837_28.4851_-0.522645
72.3195_28.24_-0.501976
72.7553_27.995_-0.522645
73.1911_27.7499_-0.501976
73.6269_27.5048_-0.522645
74.0627_27.2597_-0.501976
74.4985_27.0146_-0.522645
74.9343_26.7695_-0.501976
75.3701_26.5244_-0.522645
75.8059_26.2793_-0.501976
76.2417_26.0342_-0.522645
76.6775_25.7891_-0.501976
77.1133_25.544_-0.522645
77.5491_25.2989_-0.501976
77.9849_25.0539_-0.522645
78.4207_24.8088_-0.501976
78.8565_24.5637_-0.522645
79.2923_24.3186_-0.501976
79.7281_24.0735_-0.522645
80.1639_23.8284_-0.501976
80.5997_23.5833_-0.522645
81.0304_23.3293_-0.543313
81.461_23.0752_-0.522645
81.8968_22.8301_-0.501976
82.3326_22.585_-0.522645
82.7632_22.331_-0.543313
83.1939_22.0769_-0.522645
83.6297_21.8318_-0.501976
84.0655_21.5867_-0.522645
84.4961_21.3327_-0.543313
84.9268_21.0787_-0.522645
85.3626_20.8336_-0.501976
85.7984_20.5885_-0.522645
86.1883_20.3692_-0.501976
86.5688_20.0498_-0.894675
86.8075_19.6133_-1.24604
86.9719_19.1412_-1.22537
87.146_18.6725_-1.2047
87.3202_18.2038_-1.22537
87.4943_17.7351_-1.2047
87.6685_17.2664_-1.22537
87.8426_16.7977_-1.2047
88.0168_16.3291_-1.22537
88.1909_15.8604_-1.2047
88.3651_15.3917_-1.22537
88.5392_14.923_-1.2047
88.7134_14.4543_-1.22537
88.8875_13.9857_-1.2047
89.0617_13.517_-1.22537
89.2358_13.0483_-1.2047
89.41_12.5796_-1.22537
89.5841_12.1109_-1.2047
89.7679_11.6459_-1.18403
