configuration 72.6459350586_2.13817882538_-0.994211695618_0.107438839792_19.5581073761_50.1696281433_0.955633460234_0.294558465643
length 83.5757
time 4.72667
roughness 0.000174056
72.6459_2.13818_-2.9263
72.1489_2.11848_-3.27766
71.6528_2.18118_-3.25699
71.1568_2.24388_-3.27766
70.6608_2.30658_-3.25699
70.1647_2.36928_-3.27766
69.6687_2.43198_-3.25699
69.1726_2.49468_-3.27766
68.6766_2.55739_-3.25699
68.1805_2.62009_-3.27766
67.6845_2.68279_-3.25699
67.1885_2.74549_-3.27766
66.6924_2.80819_-3.25699
66.1964_2.87089_-3.27766
65.7003_2.93359_-3.25699
65.2043_2.99629_-3.27766
64.7082_3.05899_-3.25699
64.2122_3.12169_-3.27766
63.7161_3.18439_-3.25699
63.2201_3.24709_-3.27766
62.7505_3.40921_-3.67036
62.3787_3.7387_-4.06306
62.0723_4.13379_-4.04239
61.7578_4.52247_-4.02172
61.4432_4.91114_-4.04239
61.1368_5.30623_-4.06306
60.8304_5.70133_-4.04239
60.5159_6.09_-4.02172
60.2014_6.47868_-4.04239
59.8949_6.87377_-4.06306
59.5885_7.26886_-4.04239
59.274_7.65754_-4.02172
58.9595_8.04621_-4.04239
58.6531_8.4413_-4.06306
58.3466_8.8364_-4.04239
58.0321_9.22507_-4.02172
57.7176_9.61375_-4.04239
57.4112_10.0088_-4.06306
57.1048_10.4039_-4.04239
56.7902_10.7926_-4.02172
56.4757_11.1813_-4.04239
56.1693_11.5764_-4.06306
55.8629_11.9715_-4.04239
55.5484_12.3601_-4.02172
55.2338_12.7488_-4.04239
54.8553_13.0705_-3.64969
54.388_13.2428_-3.33967
53.8988_13.3462_-3.36034
53.4119_13.4597_-3.381
52.925_13.5733_-3.36034
52.4381_13.6868_-3.381
51.9511_13.8004_-3.36034
51.4642_13.9139_-3.381
50.9773_14.0274_-3.36034
50.4903_14.141_-3.381
50.0034_14.2545_-3.36034
49.5165_14.368_-3.381
49.0295_14.4816_-3.36034
48.5426_14.5951_-3.381
48.0557_14.7086_-3.36034
47.5688_14.8222_-3.381
47.0818_14.9357_-3.36034
46.5949_15.0493_-3.381
46.108_15.1628_-3.36034
45.621_15.2763_-3.381
45.1341_15.3899_-3.36034
44.6472_15.5034_-3.381
44.1603_15.6169_-3.36034
43.6733_15.7305_-3.381
43.1864_15.844_-3.36034
42.6995_15.9576_-3.381
42.2125_16.0711_-3.36034
41.7256_16.1846_-3.381
41.2387_16.2982_-3.36034
40.7517_16.4117_-3.381
40.2648_16.5252_-3.36034
39.7779_16.6388_-3.381
39.2934_16.7624_-3.40167
38.8089_16.8859_-3.381
38.322_16.9995_-3.36034
37.8351_17.113_-3.381
37.3506_17.2366_-3.40167
36.8661_17.3602_-3.381
36.3792_17.4737_-3.36034
35.8923_17.5872_-3.381
35.4078_17.7108_-3.40167
34.9233_17.8344_-3.381
34.4364_17.9479_-3.36034
33.9494_18.0615_-3.381
33.465_18.185_-3.40167
32.9805_18.3086_-3.381
32.4935_18.4222_-3.36034
32.0066_18.5357_-3.381
31.5221_18.6593_-3.40167
31.0377_18.7828_-3.381
30.5507_18.8964_-3.36034
30.0638_19.0099_-3.381
29.5793_19.1335_-3.40167
29.0948_19.2571_-3.381
28.6079_19.3706_-3.36034
28.121_19.4841_-3.381
27.6365_19.6077_-3.40167
27.152_19.7313_-3.381
26.6651_19.8448_-3.36034
26.1782_19.9584_-3.381
25.7278_20.1681_-3.7737
25.392_20.5342_-4.1664
25.2218_21.0009_-4.5591
25.1403_21.4942_-4.53843
25.0589_21.9875_-4.5591
24.9774_22.4808_-4.53843
24.896_22.9741_-4.5591
24.8146_23.4675_-4.53843
24.7331_23.9608_-4.5591
24.6517_24.4541_-4.53843
24.5702_24.9474_-4.5591
24.4888_25.4407_-4.53843
24.4073_25.934_-4.5591
24.3259_26.4273_-4.53843
24.2444_26.9206_-4.5591
24.163_27.414_-4.53843
24.0815_27.9073_-4.5591
24.0001_28.4006_-4.53843
23.9187_28.8939_-4.5591
23.8372_29.3872_-4.53843
23.7558_29.8805_-4.5591
23.6743_30.3738_-4.53843
23.5929_30.8671_-4.5591
23.5114_31.3605_-4.53843
23.43_31.8538_-4.5591
23.3485_32.3471_-4.53843
23.2671_32.8404_-4.5591
23.1857_33.3337_-4.53843
23.1042_33.827_-4.5591
23.0228_34.3203_-4.53843
22.9413_34.8137_-4.5591
22.8599_35.307_-4.53843
22.7784_35.8003_-4.5591
22.697_36.2936_-4.53843
22.6155_36.7869_-4.5591
22.5341_37.2802_-4.53843
22.4526_37.7735_-4.5591
22.3712_38.2668_-4.53843
22.2898_38.7602_-4.5591
22.2083_39.2535_-4.53843
22.1269_39.7468_-4.5591
22.0353_40.2382_-4.4971
21.9234_40.7256_-4.47643
21.8015_41.2105_-4.45576
21.6796_41.6954_-4.47643
21.5577_42.1803_-4.45576
21.4358_42.6652_-4.47643
21.3139_43.1501_-4.45576
21.192_43.635_-4.47643
21.0701_44.1199_-4.45576
20.9482_44.6048_-4.47643
20.8263_45.0897_-4.45576
20.7044_45.5746_-4.47643
20.5824_46.0595_-4.45576
20.4605_46.5444_-4.47643
20.3386_47.0293_-4.45576
20.2167_47.5142_-4.47643
20.0948_47.9991_-4.45576
19.9729_48.484_-4.47643
19.851_48.9689_-4.45576
19.7291_49.4538_-4.47643
19.6173_49.9411_-4.4971
