configuration -17.6504554749_-22.9172973633_0.256229049699_0.256229049699_76.2194671631_43.7661514282_0.386216847154_0.922408015454
length 126.185
time 300
roughness 0.00515041
-17.6505_-22.9173_0.150019
-17.1792_-22.7581_0.501381
-16.7383_-22.5224_0.480713
-16.2974_-22.2866_0.501381
-15.8564_-22.0508_0.480713
-15.4155_-21.8151_0.501381
-14.9746_-21.5793_0.480713
-14.5337_-21.3435_0.501381
-14.0978_-21.0987_0.522049
-13.6618_-20.8538_0.501381
-13.305_-20.6637_0.728733
-12.9033_-20.3673_0.542718
-12.4778_-20.1047_0.563386
-12.0524_-19.842_0.542718
-11.6269_-19.5794_0.563386
-11.2015_-19.3167_0.542718
-11.2015_-19.3167_0.542718
-10.8199_-18.9968_0.852743
-10.4948_-18.6169_0.873412
-10.1698_-18.2369_0.852743
-9.83694_-17.8638_0.832075
-9.50412_-17.4907_0.852743
-9.17907_-17.1108_0.873412
-8.85403_-16.7309_0.852743
-8.5212_-16.3578_0.832075
-8.21415_-16.001_1.57614
-8.11984_-15.5132_1.18344
-7.84604_-15.0987_0.790738
-7.43446_-14.8205_0.398039
-6.96436_-14.6508_0.294697
-6.48745_-14.5007_0.315366
-6.01054_-14.3505_0.294697
-5.53363_-14.2004_0.315366
-5.05672_-14.0502_0.294697
-4.57681_-13.9099_0.274029
-4.25054_-13.8112_0.625391
-3.84218_-13.5227_0.604723
-3.43381_-13.2342_0.625391
-3.02545_-12.9457_0.604723
-2.61709_-12.6572_0.625391
-2.20872_-12.3687_0.604723
-2.20872_-12.3687_0.604723
-1.7783_-12.1151_0.460044
-1.33261_-11.8885_0.480713
-0.891698_-11.6527_0.501381
-0.450786_-11.4169_0.480713
-0.00987411_-11.1812_0.501381
0.431038_-10.9454_0.480713
0.876728_-10.7188_0.460044
1.32242_-10.4922_0.480713
1.57105_-10.3596_-0.656048
2.01219_-10.5895_-0.304686
2.48757_-10.7444_-0.325354
2.96296_-10.8993_-0.304686
3.43835_-11.0543_-0.325354
3.91373_-11.2092_-0.304686
3.91373_-11.2092_-0.304686
4.40761_-11.2629_0.0880134
4.88446_-11.1235_0.480713
5.3038_-10.8525_0.666728
5.69989_-10.5474_0.64606
6.09598_-10.2423_0.666728
6.09598_-10.2423_0.666728
6.49207_-9.93714_0.64606
6.88816_-9.63201_0.666728
7.28426_-9.32689_0.64606
7.68035_-9.02176_0.666728
8.07644_-8.71663_0.64606
8.07644_-8.71663_0.64606
8.51108_-8.47253_0.377371
8.97777_-8.29311_0.356702
9.44446_-8.11369_0.377371
9.91115_-7.93427_0.356702
10.3778_-7.75484_0.377371
10.6612_-7.63487_6.57788
11.1463_-7.5146_6.47454
11.6361_-7.41444_6.49521
12.1238_-7.30418_6.51588
12.6115_-7.19392_6.49521
13.0992_-7.08365_6.51588
13.5868_-6.97339_6.49521
14.338_-6.81972_0.708065
14.7712_-6.57645_0.315366
15.2638_-6.50719_-0.0359968
15.7636_-6.52002_-0.0153284
16.2634_-6.53285_-0.0359968
16.7632_-6.54568_-0.0153284
17.2632_-6.54818_0.00533995
17.7632_-6.55068_-0.0153284
18.263_-6.56351_-0.0359968
18.769_-6.56683_0.708065
19.1709_-6.27021_0.563386
19.5964_-6.00757_0.542718
20.0218_-5.74493_0.563386
20.4473_-5.48229_0.542718
20.8728_-5.21966_0.563386
20.8728_-5.21966_0.563386
21.2927_-4.94828_0.584054
21.7069_-4.66828_0.604723
22.1212_-4.38829_0.584054
22.5354_-4.10829_0.604723
22.9496_-3.8283_0.584054
23.3639_-3.5483_0.604723
23.7781_-3.2683_0.584054
24.1924_-2.98831_0.604723
24.7231_-2.63952_0.0673451
25.2027_-2.51003_0.460044
25.5962_-2.20685_0.852743
25.8884_-1.80197_1.03876
26.1376_-1.36849_1.05943
26.3867_-0.935012_1.03876
26.6359_-0.501534_1.05943
26.8761_-0.0629986_1.0801
27.1162_0.375536_1.05943
27.5019_1.05632_0.687396
27.931_1.3091_0.377371
28.3939_1.49812_0.398039
28.8568_1.68715_0.377371
29.3196_1.87618_0.398039
29.7825_2.06521_0.377371
30.2454_2.25424_0.398039
30.7083_2.44327_0.377371
31.1712_2.6323_0.398039
31.6301_2.83085_0.418707
31.9283_2.95985_0.728733
32.2272_3.35662_1.12143
32.3516_3.8376_1.51413
32.3644_4.33736_1.57614
32.3669_4.83734_1.55547
32.3797_5.33717_1.5348
32.3926_5.83699_1.55547
32.3951_6.33698_1.57614
32.3976_6.83696_1.55547
32.4124_7.6157_1.18344
32.6862_8.03024_0.790738
33.075_8.34282_0.563386
33.495_8.61419_0.584054
33.9092_8.89419_0.604723
34.3234_9.17418_0.584054
34.7377_9.45418_0.604723
35.1519_9.73418_0.584054
35.5662_10.0142_0.604723
35.9804_10.2942_0.584054
36.2927_10.4927_0.315366
36.7696_10.6429_0.294697
37.2465_10.793_0.315366
37.7235_10.9432_0.294697
38.2004_11.0933_0.315366
38.6773_11.2435_0.294697
38.6773_11.2435_0.294697
39.1624_11.3638_0.191355
39.6522_11.4639_0.212024
40.1421_11.5641_0.191355
40.6319_11.6642_0.212024
41.1218_11.7644_0.191355
41.6116_11.8646_0.212024
42.0993_11.9748_0.232692
42.2561_11.9805_-0.160007
42.2497_12.0041_-1.23476
42.5018_11.576_-0.842063
42.8986_11.2771_-0.449364
43.3796_11.1527_-0.0566652
43.8752_11.2016_0.25336
44.3504_11.3619_0.315366
44.8273_11.5121_0.294697
45.3042_11.6622_0.315366
45.7811_11.8124_0.294697
46.258_11.9626_0.315366
46.7349_12.1127_0.294697
47.2119_12.2629_0.315366
47.6888_12.413_0.294697
48.1687_12.5533_0.274029
48.6486_12.6936_0.294697
48.9587_12.7879_0.64606
49.4061_13.0039_0.25336
49.8975_13.0938_0.108682
50.394_13.1532_0.12935
50.8891_13.2228_0.150019
51.3842_13.2924_0.12935
51.8807_13.3518_0.108682
52.3771_13.4112_0.12935
52.8722_13.4808_0.150019
53.6272_13.5761_0.522049
54.0631_13.8209_0.501381
54.499_14.0658_0.522049
54.935_14.3106_0.501381
55.3709_14.5554_0.522049
55.8069_14.8003_0.501381
56.2428_15.0451_0.522049
56.6788_15.2899_0.501381
57.1147_15.5348_0.522049
57.529_15.7837_-0.180675
58.0257_15.7915_0.212024
58.4817_15.9888_0.604723
58.8711_16.3018_0.749401
59.2406_16.6386_0.728733
59.6101_16.9753_0.749401
59.9797_17.3121_0.728733
60.3492_17.6489_0.749401
60.7188_17.9857_0.728733
61.0883_18.3225_0.749401
61.3427_18.545_1.01809
61.5642_18.9924_1.20411
61.7483_19.4573_1.18344
61.9324_19.9222_1.20411
62.1164_20.387_1.18344
62.3005_20.8519_1.20411
62.4846_21.3168_1.18344
62.6687_21.7817_1.20411
62.8527_22.2465_1.18344
63.0368_22.7114_1.20411
63.2101_23.1771_1.1421
63.4501_23.6152_0.997422
63.7169_24.038_1.01809
63.9838_24.4608_0.997422
64.2507_24.8836_1.01809
64.5176_25.3065_0.997422
64.5176_25.3065_0.997422
64.8563_25.6707_0.64606
65.2586_25.9676_0.625391
65.6609_26.2645_0.64606
66.0632_26.5614_0.625391
66.4655_26.8582_0.64606
66.8678_27.1551_0.625391
67.2702_27.452_0.64606
67.6725_27.7489_0.625391
68.2715_28.1841_1.03876
68.4548_28.6471_1.34878
68.57_29.1337_1.32812
68.6851_29.6202_1.34878
68.7901_30.109_1.36945
68.8952_30.5979_1.34878
69.0103_31.0844_1.32812
69.1255_31.571_1.34878
69.2305_32.0598_1.36945
69.3355_32.5487_1.34878
69.415_32.8664_1.65881
69.4483_33.3633_1.34878
69.5635_33.8499_1.32812
69.6786_34.3364_1.34878
69.7937_34.823_1.32812
69.9088_35.3095_1.34878
70.024_35.7961_1.32812
70.1391_36.2826_1.34878
70.2542_36.7692_1.32812
70.4074_37.3975_0.832075
70.7479_37.7636_0.811406
71.0884_38.1298_0.832075
71.4212_38.5029_0.852743
71.754_38.876_0.832075
72.0945_39.2422_0.811406
72.0945_39.2422_0.811406
72.4497_39.5939_0.749401
72.8122_39.9383_0.77007
73.1747_40.2826_0.749401
73.5373_40.627_0.77007
73.8998_40.9713_0.749401
73.8998_40.9713_0.749401
74.2399_41.3372_0.89408
74.5571_41.7237_0.873412
74.8742_42.1103_0.89408
75.1913_42.4968_0.873412
75.5084_42.8834_0.89408
75.8256_43.2699_0.873412
76.1427_43.6565_0.89408
