configuration 72.6459350586_2.13817882538_-0.994211695618_0.107438839792_19.5581073761_50.1696281433_0.955633460234_0.294558465643
length 128.393
time 2.09186
roughness 0.000739211
72.6459_2.13818_-2.9263
72.1492_2.12877_-3.319
71.6867_2.31015_-3.7117
71.3289_2.65472_-4.1044
71.1301_3.11002_-4.4971
71.0795_3.60637_-4.72445
71.0795_3.60637_-4.33175
70.8085_4.02273_-3.93905
70.3988_4.3037_-3.54635
69.9127_4.40649_-3.15365
69.4219_4.32546_-2.80229
68.9599_4.135_-2.69895
68.5059_3.92552_-2.71962
68.0519_3.71604_-2.69895
67.5979_3.50655_-2.71962
67.1439_3.29707_-2.69895
66.6899_3.08759_-2.71962
66.2317_2.88754_-2.74028
65.7735_2.68748_-2.71962
65.3152_2.48743_-2.74028
64.857_2.28737_-2.71962
64.3845_2.12607_-2.90563
63.8996_2.00417_-2.88496
63.4173_1.87227_-2.86429
62.935_1.74037_-2.88496
62.4528_1.60847_-2.86429
61.9576_1.5683_-3.25699
61.4847_1.72068_-3.64969
61.0557_1.97732_-3.7117
60.632_2.24281_-3.69103
60.2084_2.5083_-3.7117
59.8505_2.85287_-4.1044
59.6517_3.30816_-4.4971
59.5908_3.80371_-4.68311
59.571_4.30331_-4.66244
59.5512_4.80291_-4.68311
59.47_5.29475_-4.41442
59.3282_5.7742_-4.43509
59.1863_6.25365_-4.41442
59.0445_6.7331_-4.43509
58.9027_7.21255_-4.41442
58.667_7.64988_-4.02172
58.3367_8.02517_-3.95972
57.9987_8.39361_-3.98039
57.6607_8.76205_-3.95972
57.3227_9.13049_-3.98039
57.0691_9.5577_-4.37309
56.9881_10.0485_-4.72445
56.989_10.5485_-4.70378
56.9898_11.0485_-4.72445
56.9907_11.5485_-4.70378
56.8896_12.0349_-4.31108
56.61_12.4455_-3.91838
56.1946_12.718_-3.52568
55.7065_12.8107_-3.13298
55.2086_12.7703_-2.9883
54.7123_12.7917_-3.381
54.2619_13.0014_-3.7737
53.9261_13.3675_-4.1664
53.689_13.8074_-4.26974
53.4795_14.2614_-4.29041
53.1915_14.6662_-3.89771
52.8107_14.9899_-3.79437
52.4167_15.2977_-3.81504
52.0226_15.6054_-3.79437
51.6286_15.9132_-3.81504
51.2058_16.1781_-3.58769
50.757_16.3985_-3.60836
50.3082_16.6189_-3.58769
49.8594_16.8392_-3.60836
49.4106_17.0596_-3.58769
48.9292_17.1824_-3.19499
48.4375_17.1116_-2.80229
47.9714_16.9307_-2.74028
47.5092_16.7402_-2.76095
47.0469_16.5496_-2.74028
46.5809_16.3687_-2.80229
46.1111_16.1974_-2.78162
45.6414_16.0261_-2.80229
45.1717_15.8549_-2.78162
44.7019_15.6836_-2.80229
44.2747_15.43_-2.40959
43.9771_15.0323_-2.01689
43.7567_14.5835_-2.03756
43.5363_14.1347_-2.01689
43.3159_13.6859_-2.03756
43.0101_13.2943_-2.43026
42.5977_13.0136_-2.65761
42.1576_12.7764_-2.63694
41.7224_12.5301_-2.61627
41.2873_12.2839_-2.63694
40.8745_12.0029_-2.45093
40.4859_11.6884_-2.4716
40.0972_11.3739_-2.45093
39.7085_11.0594_-2.4716
39.3198_10.7448_-2.45093
38.8825_10.5092_-2.84363
38.3883_10.4588_-3.23633
37.9028_10.572_-3.50501
37.4337_10.7449_-3.48435
36.961_10.908_-3.46368
36.4682_10.9703_-3.07098
35.9858_10.849_-2.71962
35.5275_10.649_-2.74028
35.0653_10.4584_-2.76095
34.603_10.2679_-2.74028
34.1923_9.98835_-2.34758
33.8852_9.59515_-2.12023
33.6197_9.17147_-2.1409
33.3455_8.75337_-2.16157
33.0713_8.33527_-2.1409
32.7268_7.97739_-2.5336
32.2715_7.77861_-2.9263
31.7748_7.7692_-3.319
31.3123_7.95059_-3.7117
30.9255_8.26577_-3.93905
30.6456_8.67698_-4.29041
30.4361_9.13097_-4.26974
30.2173_9.58054_-4.24908
29.9985_10.0301_-4.26974
29.7797_10.4797_-4.24908
29.5247_10.9093_-4.1044
29.2433_11.3226_-4.12507
28.9706_11.7416_-4.14573
28.6978_12.1607_-4.12507
28.4251_12.5797_-4.14573
28.1611_13.0043_-4.1664
27.897_13.4289_-4.14573
27.633_13.8535_-4.1664
27.369_14.2781_-4.14573
27.105_14.7027_-4.1664
26.7691_15.0688_-3.7737
26.3187_15.2785_-3.381
25.8224_15.2999_-2.9883
25.3291_15.2184_-2.96764
24.8376_15.1268_-2.94697
24.3408_15.1276_-3.33967
23.8821_15.3186_-3.73237
23.5315_15.6704_-4.12507
23.3421_16.1297_-4.51776
23.2607_16.623_-4.57977
23.1997_17.1192_-4.60044
23.149_17.6167_-4.62111
23.0983_18.1141_-4.60044
23.0475_18.6115_-4.62111
22.9968_19.1089_-4.60044
22.8461_19.5823_-4.20774
22.5257_19.9619_-3.81504
22.1082_20.2357_-3.62902
21.6688_20.4744_-3.64969
21.2345_20.7222_-3.67036
20.8627_21.0517_-4.06306
20.6453_21.4984_-4.45576
20.5742_21.9922_-4.68311
20.5544_22.4918_-4.66244
20.5346_22.9914_-4.68311
20.4235_23.4756_-4.29041
20.1355_23.8804_-3.89771
19.7753_24.2272_-3.91838
19.4151_24.574_-3.89771
19.055_24.9208_-3.91838
18.7754_25.3315_-4.31108
18.6743_25.8179_-4.70378
18.6855_26.3176_-4.76578
18.707_26.8172_-4.74512
18.7285_27.3167_-4.76578
18.7501_27.8162_-4.74512
18.7716_28.3158_-4.76578
18.7931_28.8153_-4.74512
18.8146_29.3148_-4.76578
18.8362_29.8143_-4.74512
18.7552_30.3045_-4.35242
18.4929_30.7264_-3.95972
18.0891_31.0157_-3.56702
17.6116_31.1588_-3.29833
17.1185_31.242_-3.319
16.6205_31.2634_-3.05031
16.1221_31.223_-3.07098
15.6238_31.1826_-3.05031
15.1254_31.1421_-3.07098
14.6264_31.112_-3.09165
14.1273_31.0819_-3.07098
13.6282_31.0518_-3.09165
13.1291_31.0216_-3.07098
12.63_30.9915_-3.09165
12.1309_30.9614_-3.07098
11.6381_31.0237_-3.46368
11.1957_31.2524_-3.7737
10.7893_31.5436_-3.75303
10.3769_31.8264_-3.73237
9.96456_32.1092_-3.75303
9.55815_32.4004_-3.7737
9.15173_32.6916_-3.75303
8.74532_32.9829_-3.7737
8.3389_33.2741_-3.75303
7.93249_33.5653_-3.7737
7.48212_33.775_-3.381
6.99519_33.8886_-3.36034
6.50602_33.992_-3.33967
6.01685_34.0955_-3.36034
5.52767_34.1989_-3.33967
5.06458_34.3805_-3.69103
4.63036_34.6283_-3.62902
4.19104_34.867_-3.64969
3.75675_35.1147_-3.67036
3.32246_35.3625_-3.64969
2.94392_35.6842_-4.04239
2.71731_36.1263_-4.43509
2.62582_36.6172_-4.62111
2.5751_37.1146_-4.60044
2.51411_37.6108_-4.57977
2.35361_38.081_-4.18707
2.10735_38.5161_-4.20774
1.8611_38.9513_-4.18707
1.61484_39.3864_-4.20774
1.36858_39.8215_-4.18707
1.25032_40.168_-4.57977
1.28196_40.6638_-4.97247
1.50092_41.1097_-5.36517
1.87387_41.4379_-5.75787
2.34402_41.5984_-6.15057
2.81417_41.7589_-5.75787
3.23304_42.0315_-5.65452
3.64046_42.3214_-5.67519
4.04788_42.6112_-5.65452
4.45529_42.901_-5.67519
4.88982_43.1469_-5.86121
5.34381_43.3564_-5.84054
5.79337_43.5752_-5.81987
6.24294_43.794_-5.84054
6.69251_44.0129_-5.81987
7.14207_44.2317_-5.84054
7.59164_44.4505_-5.81987
8.0412_44.6693_-5.84054
8.49077_44.8881_-5.81987
8.94033_45.107_-5.84054
9.3899_45.3258_-5.81987
9.83946_45.5446_-5.84054
10.289_45.7634_-5.81987
10.7386_45.9822_-5.84054
11.1882_46.2011_-5.81987
11.6377_46.4199_-5.84054
12.0917_46.6294_-5.86121
12.5457_46.8388_-5.84054
12.9953_47.0577_-5.81987
13.4448_47.2765_-5.84054
13.8988_47.486_-5.86121
14.3528_47.6954_-5.84054
14.8024_47.9143_-5.81987
15.252_48.1331_-5.84054
15.7059_48.3426_-5.86121
16.1599_48.552_-5.84054
16.6095_48.7709_-5.81987
17.0591_48.9897_-5.84054
17.5131_49.1992_-5.86121
17.9671_49.4086_-5.84054
18.4166_49.6275_-5.81987
18.8662_49.8463_-5.84054
19.3202_50.0558_-5.86121
19.5332_50.2073_-5.46851
19.5332_50.2073_-5.07581
19.5332_50.2073_-4.68311
19.5332_50.2073_-4.29041
