configuration -3.08480739594_22.5642471313_-0.424155304833_0.905589464041_28.1138801575_4.40596151352_-0.254607913402_0.967044368389
length 55.661
time 2.9582
roughness 0.00207596
-3.08481_22.5642_-0.876058
-2.69842_22.252_-0.483359
-2.22703_22.0914_-0.173333
-1.73545_22.0001_-0.194002
-1.24586_21.8986_-0.21467
-0.756268_21.7972_-0.194002
-0.756268_21.7972_-0.194002
-0.258646_21.7777_0.116024
0.238555_21.8305_0.0953557
0.735756_21.8832_0.116024
1.23296_21.936_0.0953557
1.73016_21.9887_0.116024
2.22736_22.0415_0.0953557
2.72456_22.0942_0.116024
3.22176_22.147_0.0953557
3.71995_22.1894_0.0746873
4.0314_22.2162_-0.235338
4.52781_22.1968_0.157361
5.00171_22.3499_0.467386
5.45038_22.5705_0.446718
5.89906_22.7912_0.467386
6.34307_23.0211_0.488055
6.78709_23.2509_0.467386
7.23576_23.4716_0.446718
7.68443_23.6922_0.467386
8.24486_23.9778_0.963427
8.52595_24.3913_0.984096
8.79844_24.8105_1.00476
9.07092_25.2297_0.984096
9.34341_25.649_1.00476
9.61589_26.0682_0.984096
9.88838_26.4874_1.00476
10.1609_26.9066_0.984096
10.442_27.3201_0.963427
10.723_27.7336_0.984096
10.9873_28.1402_1.08744
11.2996_28.5266_0.694738
11.687_28.8427_0.67407
12.0743_29.1588_0.694738
12.4617_29.4749_0.67407
12.8491_29.791_0.694738
13.2365_30.1071_0.67407
13.6239_30.4232_0.694738
14.0047_30.7472_0.715407
14.1459_30.8646_-0.400685
14.5999_30.6554_-0.46269
15.0496_30.4369_-0.442022
15.5037_30.2277_-0.421354
15.9579_30.0185_-0.442022
16.4076_29.7999_-0.46269
16.8573_29.5814_-0.442022
17.3114_29.3722_-0.421354
17.7655_29.163_-0.442022
18.2152_28.9445_-0.46269
18.6677_28.736_-0.400685
19.1172_28.5176_-0.504027
19.5525_28.2716_-0.524696
19.9878_28.0256_-0.504027
20.4231_27.7796_-0.524696
20.8584_27.5336_-0.504027
21.2937_27.2876_-0.524696
21.729_27.0417_-0.504027
22.1693_26.8047_-0.483359
22.5049_26.6195_-1.31009
22.7241_26.1737_-0.917395
23.0402_25.7864_-0.855389
23.3642_25.4056_-0.876058
23.6883_25.0248_-0.855389
24.0123_24.6441_-0.876058
24.0123_24.6441_-0.876058
24.2773_24.2218_-1.14475
24.4886_23.7687_-1.12408
24.7092_23.32_-1.10341
24.9299_22.8713_-1.12408
25.1412_22.4182_-1.14475
25.3526_21.9651_-1.12408
25.5732_21.5164_-1.10341
25.7939_21.0677_-1.12408
26.0274_20.5759_-0.46269
26.4201_20.2717_-0.855389
26.6666_19.8403_-1.24809
26.7904_19.3563_-1.39277
26.884_18.8652_-1.3721
26.9776_18.374_-1.39277
27.0712_17.8829_-1.3721
27.1649_17.3917_-1.39277
27.2585_16.9006_-1.3721
27.3962_16.185_-0.958731
27.6439_15.7515_-1.14475
27.8458_15.2941_-1.16542
28.0477_14.8367_-1.14475
28.2496_14.3793_-1.16542
28.4516_13.9219_-1.14475
28.6629_13.4687_-1.12408
28.8742_13.0156_-1.14475
29.0761_12.5582_-1.16542
29.3193_12.014_-1.74413
29.3307_11.5173_-1.35143
29.4841_11.0422_-1.16542
29.6861_10.5848_-1.14475
29.888_10.1274_-1.16542
30.0899_9.67_-1.14475
30.3012_9.21686_-1.12408
30.5125_8.76373_-1.14475
30.7145_8.30632_-1.16542
30.8425_8.02731_-2.24017
30.5363_7.63203_-2.2195
30.2384_7.2305_-2.19883
29.9404_6.82898_-2.2195
29.6425_6.42745_-2.19883
29.3446_6.02592_-2.2195
29.3446_6.02592_-2.2195
29.0384_5.63064_-2.24017
28.7322_5.23536_-2.2195
28.4343_4.83383_-2.19883
28.1363_4.4323_-2.2195
28.1249_4.40879_-1.8268
28.1249_4.40879_-1.8268
28.1249_4.40879_-1.4341
28.1249_4.40879_-1.0414
28.1249_4.40879_-1.0414
