configuration -17.6504554749_-22.9172973633_0.256229049699_0.256229049699_76.2194671631_43.7661514282_0.386216847154_0.922408015454
length 144.723
time 1.14221
roughness 0.000597449
-17.6505_-22.9173_0.150019
-17.1632_-22.8071_0.294697
-16.6863_-22.657_0.315366
-16.2094_-22.5068_0.294697
-15.7325_-22.3567_0.315366
-15.2555_-22.2065_0.294697
-14.8175_-21.9722_0.687396
-14.4343_-21.651_0.708065
-14.0579_-21.3219_0.728733
-13.6815_-20.9928_0.708065
-13.305_-20.6637_0.728733
-12.9033_-20.3673_0.542718
-12.4778_-20.1047_0.563386
-12.0524_-19.842_0.542718
-11.6269_-19.5794_0.563386
-11.2015_-19.3167_0.542718
-10.7608_-19.0811_0.439376
-10.3105_-18.8637_0.460044
-9.8602_-18.6464_0.439376
-9.40992_-18.429_0.460044
-8.95964_-18.2117_0.439376
-8.5599_-17.9167_0.832075
-8.30347_-17.4912_1.22477
-8.21915_-17.001_1.57614
-8.21665_-16.501_1.55547
-8.21415_-16.001_1.57614
-8.11984_-15.5132_1.18344
-7.84604_-15.0987_0.790738
-7.43446_-14.8205_0.398039
-6.94773_-14.721_0.00533995
-6.45338_-14.7851_-0.263349
-6.45338_-14.7851_0.12935
-5.9827_-14.6261_0.522049
-5.60869_-14.2992_0.914748
-5.38827_-13.8539_1.30745
-5.33442_-13.3589_1.61747
-5.37322_-12.8605_1.67948
-5.42231_-12.3629_1.65881
-5.47141_-11.8653_1.67948
-5.5205_-11.3677_1.65881
-5.56959_-10.8702_1.67948
-5.5261_-10.3753_1.28678
-5.35182_-9.90709_1.1421
-5.14869_-9.45022_1.16277
-4.95505_-8.98925_1.18344
-4.7614_-8.52828_1.16277
-4.65703_-8.04258_1.55547
-4.70601_-7.54606_1.78282
-4.80618_-7.05621_1.76215
-4.89619_-6.56439_1.74148
-4.98621_-6.07256_1.76215
-5.17403_-5.61264_2.15485
-5.49458_-5.23032_2.3822
-5.85362_-4.88235_2.36153
-6.21267_-4.53439_2.3822
-6.57171_-4.18643_2.36153
-6.84992_-3.77484_1.96884
-6.94944_-3.28812_1.57614
-6.90572_-2.79076_1.39012
-6.82096_-2.298_1.41079
-6.73621_-1.80525_1.39012
-6.55331_-1.34335_0.997422
-6.28643_-0.920535_1.01809
-6.01956_-0.497725_0.997422
-5.75268_-0.0749139_1.01809
-5.48581_0.347897_0.997422
-5.14007_0.704645_0.604723
-4.70965_0.958218_0.460044
-4.26396_1.18483_0.480713
-3.82304_1.4206_0.501381
-3.38213_1.65637_0.480713
-2.91324_1.8256_0.212024
-2.42556_1.93586_0.232692
-1.93788_2.04612_0.212024
-1.4502_2.15639_0.232692
-0.962514_2.26665_0.212024
-0.506573_2.46394_0.604723
-0.160836_2.82068_0.997422
0.0972075_3.24886_1.05943
0.346382_3.68234_1.03876
0.595556_4.11582_1.05943
0.918523_4.4933_0.666728
1.33786_4.76429_0.480713
1.77877_5.00006_0.501381
2.21969_5.23583_0.480713
2.6606_5.4716_0.501381
3.13446_5.6208_0.108682
3.63077_5.5875_-0.242681
4.11733_5.47237_-0.222012
4.60616_5.36732_-0.201344
5.09499_5.26227_-0.222012
5.54894_5.06044_-0.614711
5.92832_4.73586_-0.800727
6.28009_4.38055_-0.780058
6.63187_4.02524_-0.800727
6.98365_3.66994_-0.780058
7.39818_3.39614_-0.387359
7.88594_3.30183_0.00533995
8.37266_3.40135_0.398039
8.81797_3.62776_0.542718
9.24877_3.88155_0.522049
9.71944_4.04051_0.12935
10.2182_4.06897_-0.0153284
10.7182_4.06648_0.00533995
11.2181_4.07431_0.0260083
11.718_4.08215_0.00533995
12.2058_3.98783_-0.387359
12.6203_3.71404_-0.780058
12.9646_3.35159_-0.842063
13.3014_2.98205_-0.821395
13.6382_2.61251_-0.842063
14.035_2.31355_-0.449364
14.4995_2.12963_-0.304686
14.9749_1.97472_-0.325354
15.4503_1.8198_-0.304686
15.9256_1.66489_-0.325354
16.3903_1.48089_-0.428696
16.8472_1.27776_-0.408028
17.3041_1.07464_-0.428696
17.7609_0.871507_-0.408028
18.2178_0.668379_-0.428696
18.6787_0.474763_-0.366691
19.1473_0.300335_-0.346022
19.6159_0.125908_-0.366691
20.0844_-0.0485203_-0.346022
20.553_-0.222948_-0.366691
21.0426_-0.307164_0.0260083
21.5272_-0.197606_0.418707
21.9571_0.0556418_0.64606
22.3594_0.352517_0.625391
22.7677_0.641015_0.604723
23.1212_0.990991_0.956085
23.4138_1.39645_0.935417
23.7147_1.79578_0.914748
24.0155_2.19511_0.935417
24.3164_2.59444_0.914748
24.6904_2.92142_0.522049
25.1445_3.12912_0.336034
25.6148_3.29885_0.356702
26.0814_3.47828_0.377371
26.5481_3.6577_0.356702
26.9767_3.91019_0.708065
27.3599_4.23142_0.687396
27.7496_4.54467_0.666728
28.1393_4.85792_0.687396
28.529_5.17117_0.666728
28.9718_5.39632_0.274029
29.4671_5.43488_-0.11867
29.9431_5.29056_-0.470033
30.3912_5.06873_-0.449364
30.8438_4.8562_-0.428696
31.3272_4.74181_-0.0359968
31.8217_4.80094_0.274029
32.3044_4.93126_0.25336
32.7871_5.06158_0.274029
33.2699_5.1919_0.25336
33.7222_5.39884_0.604723
34.1364_5.67883_0.584054
34.5507_5.95883_0.604723
34.9649_6.23882_0.584054
35.3792_6.51882_0.604723
35.7326_6.8688_0.956085
36.0252_7.27426_0.935417
36.3261_7.67359_0.914748
36.627_8.07291_0.935417
36.9278_8.47224_0.914748
37.2751_8.83052_0.687396
37.6582_9.15176_0.708065
38.0413_9.47299_0.687396
38.4245_9.79422_0.708065
38.8076_10.1155_0.687396
39.131_10.4934_1.03876
39.3891_10.9217_1.01809
39.6472_11.3499_1.03876
39.9053_11.7781_1.01809
40.1633_12.2064_1.03876
40.4867_12.5843_0.687396
40.8699_12.9056_0.708065
41.2463_13.2347_0.728733
41.6227_13.5637_0.708065
41.9991_13.8928_0.728733
42.4272_14.145_0.336034
42.917_14.2347_0.0260083
43.4167_14.2528_0.0466767
43.9164_14.271_0.0260083
44.416_14.2892_0.0466767
44.8982_14.4087_0.439376
45.298_14.7037_0.832075
45.623_15.0835_0.89408
45.9401_15.4701_0.873412
46.2572_15.8567_0.89408
46.6379_16.1758_0.501381
47.1118_16.325_0.108682
47.6066_16.2815_-0.284017
48.0472_16.052_-0.676716
48.3982_15.6974_-0.904068
48.7757_15.3744_-0.511369
49.2481_15.2205_-0.11867
49.7434_15.2591_0.274029
50.1862_15.4842_0.666728
50.5092_15.8617_1.05943
50.5092_15.8617_0.666728
50.5092_15.8617_0.274029
51.0045_15.9003_-0.11867
51.4768_15.7463_-0.511369
51.8543_15.4234_-0.904068
52.1755_15.0403_-0.842063
52.5123_14.6707_-0.821395
52.8491_14.3012_-0.842063
53.1782_13.9248_-0.862732
53.5072_13.5484_-0.842063
53.904_13.2494_-0.449364
54.385_13.125_-0.0566652
54.8848_13.1225_0.0466767
55.3844_13.1407_0.0260083
55.8841_13.1589_0.0466767
56.3663_13.2784_0.439376
56.766_13.5734_0.832075
57.083_13.9598_0.935417
57.3839_14.3591_0.914748
57.6848_14.7585_0.935417
57.9856_15.1578_0.914748
58.2947_15.5508_0.89408
58.6038_15.9438_0.914748
58.9128_16.3369_0.89408
59.2219_16.7299_0.914748
59.4423_17.1751_1.30745
59.5574_17.6616_1.36945
59.6625_18.1504_1.34878
59.7675_18.6392_1.36945
59.8726_19.1281_1.34878
59.9675_19.6189_1.41079
60.0523_20.1117_1.39012
60.137_20.6044_1.41079
60.2218_21.0972_1.39012
60.3065_21.5899_1.41079
60.4798_22.0555_1.01809
60.7554_22.4727_0.956085
61.0479_22.8781_0.935417
61.3405_23.2836_0.956085
61.633_23.689_0.935417
61.8442_24.1387_1.32812
61.9694_24.6228_1.30745
62.1045_25.1042_1.28678
62.2396_25.5856_1.30745
62.3748_26.0669_1.28678
62.4183_26.5618_1.67948
62.3385_27.0552_1.78282
62.2282_27.5429_1.80349
62.118_28.0305_1.78282
62.0077_28.5182_1.80349
61.9896_29.0147_1.41079
62.163_29.4803_1.01809
62.447_29.8915_0.914748
62.7478_30.2909_0.935417
63.0487_30.6902_0.914748
63.2971_31.1224_1.18344
63.4812_31.5872_1.20411
63.6653_32.0521_1.18344
63.8494_32.517_1.20411
64.0334_32.9819_1.18344
64.3072_33.3964_0.790738
64.6697_33.7407_0.728733
65.0461_34.0698_0.708065
65.4225_34.3989_0.728733
65.799_34.728_0.708065
66.1754_35.057_0.728733
66.5518_35.3861_0.708065
66.9282_35.7152_0.728733
67.3047_36.0443_0.708065
67.6811_36.3734_0.728733
68.0575_36.7025_0.708065
68.4339_37.0315_0.728733
68.8103_37.3606_0.708065
69.1868_37.6897_0.728733
69.5632_38.0188_0.708065
69.9396_38.3479_0.728733
70.316_38.677_0.708065
70.6925_39.0061_0.728733
71.0689_39.3351_0.708065
71.4453_39.6642_0.728733
71.8686_39.9255_0.377371
72.3315_40.1145_0.398039
72.7903_40.3131_0.418707
73.2492_40.5117_0.398039
73.7081_40.7102_0.418707
74.1139_40.9969_0.811406
74.4388_41.3766_0.914748
74.7396_41.7759_0.935417
75.0405_42.1753_0.914748
75.3414_42.5746_0.935417
75.634_42.9801_0.956085
75.9265_43.3855_0.935417
76.2193_43.7578_0.873412
