configuration 46.8230323792_-26.2805175781_0.619899316938_0.784681360082_54.818611145_35.6322822571_0.774404309534_0.632691050494
length 73.4572
time 59.0569
roughness 0.00146301
46.823_-26.2805_1.33723
47.0117_-25.8196_1.0272
47.2659_-25.3891_1.04787
47.52_-24.9585_1.0272
47.7742_-24.5279_1.04787
48.0194_-24.0922_1.06854
48.2646_-23.6565_1.04787
48.5188_-23.2259_1.0272
48.773_-22.7953_1.04787
49.0182_-22.3596_1.06854
49.2141_-22.0103_1.29589
49.3146_-21.521_1.44057
49.3846_-21.0259_1.4199
49.4547_-20.5309_1.44057
49.5247_-20.0358_1.4199
49.5948_-19.5407_1.44057
49.6648_-19.0457_1.4199
49.7349_-18.5506_1.44057
49.7947_-18.0542_1.46124
49.8788_-17.406_0.923861
50.2498_-17.0757_0.531162
50.6835_-16.8269_0.510494
51.1172_-16.5781_0.531162
51.5509_-16.3293_0.510494
51.9846_-16.0805_0.531162
51.9846_-16.0805_0.531162
52.3556_-15.7501_0.923861
52.6183_-15.3255_1.10988
52.8453_-14.88_1.08921
53.0814_-14.4393_1.06854
53.3176_-13.9986_1.08921
53.5446_-13.5531_1.10988
53.7716_-13.1076_1.08921
54.0077_-12.6669_1.06854
54.1114_-12.477_2.1433
53.9289_-12.015_1.7506
53.9269_-11.5175_1.39923
54.0173_-11.0258_1.37857
54.1078_-10.5341_1.39923
54.1983_-10.0413_1.37857
54.1963_-9.54453_1.77126
54.0816_-9.05794_1.83327
53.9469_-8.57644_1.85394
53.8121_-8.09494_1.83327
53.6874_-7.61076_1.8126
53.5627_-7.12658_1.83327
53.428_-6.64507_1.85394
53.2932_-6.16357_1.83327
53.1685_-5.67939_1.8126
53.0712_-5.29834_2.08129
52.9177_-4.82586_1.68859
52.9567_-4.33059_1.29589
53.1823_-3.88795_0.903193
53.5038_-3.50514_0.841188
53.8409_-3.1359_0.820519
54.178_-2.76665_0.841188
54.5151_-2.3974_0.820519
54.8598_-2.0352_0.799851
55.2045_-1.673_0.820519
55.5144_-1.33095_0.923861
55.8854_-1.00058_0.531162
56.3139_-0.742874_0.551831
56.7423_-0.485169_0.531162
57.1708_-0.227464_0.551831
57.5993_0.0302409_0.531162
58.0277_0.287946_0.551831
58.4562_0.545651_0.531162
58.8846_0.803356_0.551831
59.2514_1.02455_1.33723
59.2699_1.521_1.72993
59.1856_2.01382_1.7506
59.1013_2.50665_1.72993
59.0272_3.00112_1.70926
58.953_3.49559_1.72993
58.8687_3.98841_1.7506
58.7844_4.48124_1.72993
58.7103_4.97571_1.70926
58.636_5.46486_1.00653
58.8533_5.91398_1.23389
59.0235_6.38413_1.21322
59.1936_6.85428_1.23389
59.3638_7.32443_1.21322
59.5339_7.79458_1.23389
59.7041_8.26473_1.21322
59.8742_8.73488_1.23389
60.0346_9.20844_1.25456
60.2225_9.74766_0.593167
60.5724_10.1004_0.985866
60.7989_10.5449_1.21322
60.9593_11.0184_1.27522
61.0587_11.3417_0.923861
61.4097_11.6956_0.655172
61.803_12.0043_0.675841
62.1963_12.313_0.655172
62.5896_12.6218_0.675841
62.9765_12.9385_0.696509
63.3633_13.2553_0.675841
63.7566_13.5641_0.655172
64.1499_13.8728_0.675841
64.5367_14.1896_0.696509
64.912_14.4865_1.31656
64.9408_14.9825_1.70926
64.7967_15.4592_2.01929
64.5846_15.9119_1.99862
64.3819_16.369_1.97795
64.1791_16.826_1.99862
63.9764_17.2831_1.97795
63.7737_17.7401_1.99862
63.5709_18.1972_1.97795
63.3682_18.6542_1.99862
63.1892_19.0309_2.18463
62.9317_19.459_2.03995
62.7103_19.9073_2.01929
62.4889_20.3555_2.03995
62.2674_20.8038_2.01929
62.046_21.2521_2.03995
62.046_21.2521_2.03995
61.8245_21.7004_2.01929
61.6031_22.1487_2.03995
61.3817_22.5969_2.01929
61.1602_23.0452_2.03995
60.9388_23.4935_2.01929
60.9388_23.4935_2.01929
60.7748_23.9647_1.79193
60.6702_24.4536_1.77126
60.5656_24.9426_1.79193
60.461_25.4315_1.77126
60.3563_25.9204_1.79193
60.2517_26.4093_1.77126
60.1471_26.8983_1.79193
60.0324_27.3849_1.8126
59.8661_28.1476_2.18463
59.6646_28.6017_1.79193
59.5906_29.0957_1.64725
59.5575_29.5946_1.62659
59.5245_30.0935_1.64725
59.4915_30.5924_1.62659
59.4687_31.0919_1.60592
59.4207_31.2955_1.99862
59.4549_31.3034_2.92869
58.9991_31.5011_2.53599
58.6537_31.8582_2.1433
58.396_32.2866_2.08129
58.1563_32.7253_2.06062
57.9165_33.1641_2.08129
57.5714_33.8032_2.53599
57.1574_34.0836_2.55666
56.7434_34.3639_2.53599
56.3294_34.6443_2.55666
55.9154_34.9247_2.53599
55.5014_35.205_2.55666
55.0874_35.4854_2.53599
54.7429_35.71_2.49466
