configuration 72.6459350586_2.13817882538_-0.994211695618_0.107438839792_19.5581073761_50.1696281433_0.955633460234_0.294558465643
length 107.167
time 1.20163
roughness 0.000997513
72.6459_2.13818_-2.9263
72.1492_2.12877_-3.319
71.6867_2.31015_-3.7117
71.3289_2.65472_-4.1044
71.1301_3.11002_-4.4971
71.0795_3.60637_-4.72445
71.0795_3.60637_-4.33175
70.8085_4.02273_-3.93905
70.3988_4.3037_-3.54635
69.9127_4.40649_-3.15365
69.4219_4.32546_-2.80229
68.9599_4.135_-2.69895
68.5059_3.92552_-2.71962
68.0519_3.71604_-2.69895
67.5979_3.50655_-2.71962
67.1439_3.29707_-2.69895
66.6899_3.08759_-2.71962
66.2317_2.88754_-2.74028
65.7735_2.68748_-2.71962
65.3152_2.48743_-2.74028
64.857_2.28737_-2.71962
64.3845_2.12607_-2.90563
63.8996_2.00417_-2.88496
63.4173_1.87227_-2.86429
62.935_1.74037_-2.88496
62.4528_1.60847_-2.86429
61.9576_1.5683_-3.25699
61.4847_1.72068_-3.64969
61.0557_1.97732_-3.7117
60.632_2.24281_-3.69103
60.2084_2.5083_-3.7117
59.8505_2.85287_-4.1044
59.6517_3.30816_-4.4971
59.5908_3.80371_-4.68311
59.571_4.30331_-4.66244
59.5512_4.80291_-4.68311
59.47_5.29475_-4.41442
59.3282_5.7742_-4.43509
59.1863_6.25365_-4.41442
59.0445_6.7331_-4.43509
58.9027_7.21255_-4.41442
58.8112_7.70303_-4.64177
58.7708_8.20138_-4.62111
58.7304_8.69974_-4.64177
58.6899_9.19809_-4.62111
58.6495_9.69644_-4.64177
58.5185_10.1756_-4.24908
58.214_10.5682_-3.85638
57.7825_10.8144_-3.46368
57.2896_10.8767_-3.07098
56.7923_10.826_-3.00897
56.2965_10.8576_-3.40167
55.8505_11.0766_-3.79437
55.5223_11.4495_-4.18707
55.2852_11.8896_-4.24908
55.0571_12.3345_-4.22841
54.7446_12.7207_-3.83571
54.357_13.0366_-3.81504
53.9694_13.3524_-3.83571
53.5818_13.6683_-3.81504
53.1942_13.9842_-3.83571
52.8734_14.3643_-4.18707
52.6182_14.7943_-4.1664
52.3542_15.2188_-4.14573
52.0902_15.6434_-4.1664
51.8261_16.068_-4.14573
51.4828_16.4271_-3.75303
51.0491_16.6745_-3.56702
50.5959_16.8855_-3.58769
50.147_17.1059_-3.60836
49.6982_17.3263_-3.58769
49.2169_17.4491_-3.19499
48.7251_17.3783_-2.80229
48.2591_17.1974_-2.74028
47.7968_17.0068_-2.76095
47.3346_16.8163_-2.74028
46.8723_16.6257_-2.76095
46.4062_16.4448_-2.78162
45.9401_16.2639_-2.76095
45.474_16.0829_-2.78162
45.0079_15.902_-2.76095
44.5916_15.631_-2.36825
44.3018_15.2266_-2.01689
44.0814_14.7778_-2.03756
43.8518_14.3337_-2.05823
43.6222_13.8895_-2.03756
43.3164_13.498_-2.43026
42.904_13.2172_-2.65761
42.4639_12.98_-2.63694
42.0287_12.7338_-2.61627
41.5936_12.4875_-2.63694
41.1202_12.3368_-3.02964
40.6252_12.3786_-3.42234
40.1839_12.6068_-3.81504
39.8029_12.9305_-3.87704
39.4357_13.2698_-3.89771
39.0147_13.5336_-3.50501
38.5248_13.6162_-3.11231
38.0406_13.5051_-2.71962
37.6294_13.2252_-2.36825
37.268_12.8796_-2.38892
36.8462_12.6173_-2.78162
36.356_12.5363_-3.17432
35.8667_12.6293_-3.48435
35.3941_12.7925_-3.46368
34.9182_12.9458_-3.44301
34.4817_13.183_-3.83571
34.1692_13.5692_-4.22841
34.0083_14.0405_-4.53843
33.9167_14.532_-4.51776
33.8251_15.0236_-4.53843
33.6836_15.502_-4.31108
33.493_15.9642_-4.33175
33.3025_16.4265_-4.31108
33.1119_16.8888_-4.33175
32.9214_17.351_-4.31108
32.6418_17.7617_-3.91838
32.2264_18.0341_-3.52568
31.7648_18.2263_-3.54635
31.3073_18.4279_-3.56702
30.8497_18.6295_-3.54635
30.3775_18.7926_-3.40167
29.8957_18.9261_-3.42234
29.4139_19.0597_-3.40167
28.9321_19.1932_-3.42234
28.4502_19.3268_-3.40167
27.9545_19.3584_-3.00897
27.4631_19.2669_-2.90563
26.9758_19.155_-2.9263
26.4863_19.0532_-2.94697
25.9968_18.9515_-2.9263
25.5001_18.9421_-3.319
25.0293_19.1046_-3.62902
24.5852_19.3342_-3.60836
24.1364_19.5546_-3.58769
23.6876_19.7749_-3.60836
23.296_20.0807_-4.00105
23.0514_20.5131_-4.39375
22.9498_21.0016_-4.62111
22.8991_21.499_-4.60044
22.8381_21.9952_-4.57977
22.6776_22.4654_-4.18707
22.3494_22.8383_-3.79437
21.9035_23.0573_-3.40167
21.4077_23.0889_-3.00897
20.9114_23.028_-3.02964
20.4125_23.0288_-3.25699
19.9153_23.0812_-3.23633
19.418_23.1337_-3.25699
18.9208_23.1861_-3.23633
18.4236_23.2386_-3.25699
17.9507_23.3909_-3.64969
17.5722_23.7127_-4.04239
17.3456_24.1548_-4.43509
17.2338_24.6419_-4.53843
17.1421_25.1334_-4.51776
17.1224_25.631_-4.82779
17.1749_26.1282_-4.80712
17.2273_26.6255_-4.82779
17.2797_27.1227_-4.80712
17.3322_27.6199_-4.82779
17.4845_28.0928_-5.22049
17.7752_28.4983_-5.44784
18.1144_28.8656_-5.46851
18.4537_29.2329_-5.44784
18.793_29.6002_-5.46851
19.1978_29.8881_-5.86121
19.682_29.9993_-6.25391
20.1719_29.9167_-6.64661
20.5928_29.6529_-7.03931
20.8808_29.2481_-7.432
20.8808_29.2481_-7.03931
20.8808_29.2481_-6.64661
21.3707_29.1654_-6.25391
21.8549_29.2766_-5.86121
22.2597_29.5646_-5.46851
22.5235_29.9855_-5.07581
22.6866_30.4581_-5.01381
22.84_30.934_-5.03447
22.9933_31.4099_-5.01381
23.1467_31.8858_-5.03447
23.209_32.3786_-4.64177
23.1378_32.8731_-4.4971
23.0361_33.3626_-4.51776
22.9343_33.8521_-4.4971
22.8325_34.3417_-4.51776
22.7308_34.8312_-4.4971
22.629_35.3207_-4.51776
22.5273_35.8102_-4.4971
22.4255_36.2998_-4.51776
22.3237_36.7893_-4.4971
22.3143_37.286_-4.88979
22.4076_37.7772_-4.91046
22.5111_38.2664_-4.93113
22.6145_38.7556_-4.91046
22.718_39.2447_-4.93113
22.7291_39.7414_-4.53843
22.6073_40.2259_-4.39375
22.4556_40.7023_-4.41442
22.3138_41.1818_-4.43509
22.1719_41.6612_-4.41442
22.0202_42.1376_-4.39375
21.8685_42.614_-4.41442
21.7266_43.0935_-4.43509
21.5848_43.5729_-4.41442
21.4331_44.0494_-4.39375
21.2814_44.5258_-4.41442
21.1395_45.0052_-4.43509
20.9977_45.4847_-4.41442
20.846_45.9611_-4.39375
20.6943_46.4375_-4.41442
20.5524_46.917_-4.43509
20.4106_47.3964_-4.41442
20.2589_47.8728_-4.39375
20.1071_48.3492_-4.41442
19.9653_48.8287_-4.43509
19.8235_49.3081_-4.41442
19.6718_49.7846_-4.39375
19.4786_50.1259_-4.00105
