configuration 72.6459350586_2.13817882538_-0.994211695618_0.107438839792_19.5581073761_50.1696281433_0.955633460234_0.294558465643
length 111.292
time 300
roughness 0.00626217
72.6459_2.13818_-2.9263
72.1492_2.12877_-3.319
71.6625_2.24226_-3.42234
71.1807_2.37582_-3.40167
70.6989_2.50938_-3.42234
70.2199_2.65287_-3.44301
69.7409_2.79637_-3.42234
69.2591_2.92993_-3.40167
68.7773_3.06349_-3.42234
68.2087_3.23794_-2.84363
67.7182_3.14651_-3.07098
67.2199_3.10608_-3.05031
66.7215_3.06565_-3.07098
66.2232_3.02522_-3.05031
65.7248_2.98479_-3.07098
65.2257_2.95467_-3.09165
64.7267_2.92455_-3.07098
64.2283_2.88412_-3.05031
63.7299_2.84369_-3.07098
63.2619_2.816_-2.9263
62.7652_2.80659_-3.319
62.2907_2.95949_-3.58769
61.8375_3.17054_-3.56702
61.3799_3.37217_-3.54635
60.9224_3.5738_-3.56702
60.4649_3.77544_-3.54635
60.0073_3.97707_-3.56702
59.5498_4.1787_-3.54635
58.8292_4.50499_-3.91838
58.5154_4.89283_-4.14573
58.2513_5.31743_-4.1664
57.9873_5.74202_-4.14573
57.7233_6.16662_-4.1664
57.4593_6.59121_-4.14573
57.4593_6.59121_-4.14573
57.2697_7.05111_-4.4971
57.1578_7.53842_-4.47643
57.0359_8.02333_-4.45576
56.914_8.50823_-4.47643
56.7921_8.99313_-4.45576
56.6702_9.47803_-4.47643
56.5584_9.96535_-4.4971
56.4465_10.4527_-4.47643
56.2887_11.0829_-3.93905
55.9082_11.4062_-3.75303
55.5018_11.6974_-3.7737
55.1387_11.9521_-4.00105
54.8408_12.3531_-4.14573
54.5767_12.7777_-4.1664
54.3127_13.2023_-4.14573
54.04_13.6213_-4.12507
53.7672_14.0404_-4.14573
53.5032_14.465_-4.1664
53.2392_14.8896_-4.14573
52.9664_15.3086_-4.12507
52.955_15.3273_-3.21566
52.4619_15.2667_-2.82296
52.0137_15.0485_-2.55427
51.6003_14.7672_-2.5336
51.2388_14.4955_-2.16157
50.8869_14.1448_-2.55427
50.4678_13.8721_-2.57494
50.0184_13.5941_-2.57494
49.5993_13.3214_-2.55427
49.1803_13.0486_-2.57494
48.7612_12.7759_-2.55427
48.3422_12.5031_-2.57494
47.9176_12.2391_-2.59561
47.9176_12.2391_-2.59561
47.4508_12.0689_-2.9883
46.9545_12.0903_-3.381
46.4728_12.2238_-3.44301
45.9938_12.3673_-3.42234
45.5148_12.5108_-3.44301
45.0389_12.6642_-3.46368
44.5631_12.8175_-3.44301
44.0841_12.961_-3.42234
43.7251_13.0686_-2.34758
43.3144_12.789_-2.74028
42.828_12.6879_-3.13298
42.3353_12.7606_-3.44301
41.8564_12.9041_-3.42234
41.3774_13.0476_-3.44301
40.8985_13.191_-3.42234
40.4195_13.3345_-3.44301
39.9406_13.478_-3.42234
39.3646_13.6388_-3.95972
39.0503_14.0271_-4.1044
38.769_14.4405_-4.12507
38.4876_14.8538_-4.1044
38.2063_15.2671_-4.12507
37.9249_15.6804_-4.1044
37.6436_16.0937_-4.12507
37.3708_16.5128_-4.14573
37.0981_16.9318_-4.12507
36.6849_17.5522_-3.7117
36.2225_17.7336_-3.319
35.7256_17.786_-3.17432
35.2258_17.7972_-3.15365
34.7259_17.8084_-3.17432
34.226_17.8196_-3.15365
33.7262_17.8308_-3.17432
33.2263_17.842_-3.15365
32.7264_17.8532_-3.17432
32.2974_17.8697_-4.00105
31.9059_18.1755_-3.60836
31.4447_18.3675_-3.46368
30.9721_18.5306_-3.48435
30.4995_18.6938_-3.46368
30.0269_18.8569_-3.48435
29.5542_19.0201_-3.46368
29.0816_19.1833_-3.48435
28.609_19.3464_-3.46368
28.1364_19.5096_-3.48435
27.687_19.6757_-3.58769
27.2893_19.9733_-3.98039
27.0266_20.3958_-4.33175
26.8456_20.8619_-4.35242
26.6744_21.3316_-4.37309
26.5025_21.8025_-4.35242
26.3509_22.2787_-4.45576
26.229_22.7636_-4.47643
26.1171_23.2509_-4.4971
26.0053_23.7382_-4.47643
25.8832_24.2236_-4.45576
25.7316_24.6998_-4.35242
25.5506_25.1659_-4.33175
25.3697_25.632_-4.35242
25.1887_26.0981_-4.33175
24.9982_26.5603_-4.31108
24.8077_27.0226_-4.33175
24.6267_27.4887_-4.35242
24.4458_27.9548_-4.33175
24.3663_28.1423_-3.21566
23.8876_28.275_-3.60836
23.4704_28.5486_-3.83571
23.0828_28.8645_-3.81504
22.6952_29.1804_-3.83571
22.3076_29.4962_-3.81504
21.92_29.8121_-3.83571
21.5984_29.9869_-3.44301
21.6347_30.0519_-2.59561
21.1817_29.8429_-2.82296
20.7085_29.6813_-2.80229
20.2353_29.5198_-2.82296
19.7621_29.3583_-2.80229
19.2924_29.187_-2.78162
19.2924_29.187_-2.78162
18.8108_29.0553_-2.96764
18.3193_28.9637_-2.94697
17.8277_28.8721_-2.96764
17.3362_28.7804_-2.94697
16.8447_28.6888_-2.96764
16.3532_28.5972_-2.94697
15.8617_28.5056_-2.96764
15.3701_28.4139_-2.94697
14.8786_28.3223_-2.96764
14.3952_28.2322_-3.02964
13.9002_28.2741_-3.42234
13.4588_28.5022_-3.81504
13.0713_28.8181_-3.83571
12.6837_29.1339_-3.81504
12.2961_29.4498_-3.83571
11.9085_29.7657_-3.81504
11.5209_30.0815_-3.83571
11.1333_30.3974_-3.81504
10.7457_30.7132_-3.83571
10.6757_30.7628_-4.62111
10.5347_31.2392_-4.22841
10.2975_31.6794_-4.20774
10.0513_32.1145_-4.18707
9.80502_32.5497_-4.20774
9.55876_32.9848_-4.18707
9.4405_33.3312_-4.57977
9.4405_33.3312_-4.97247
9.37378_33.2987_-5.84054
9.77256_33.595_-5.44784
10.0276_34.0213_-5.05514
10.1001_34.5128_-4.66244
9.97894_34.9946_-4.26974
9.68266_35.3934_-3.87704
9.30174_35.7171_-3.81504
8.9077_36.0249_-3.79437
8.51367_36.3327_-3.81504
8.11964_36.6405_-3.79437
7.7256_36.9483_-3.81504
7.4701_37.0803_-3.42234
7.4701_37.0803_-3.02964
7.4701_37.0803_-2.63694
7.49521_37.1406_-7.78337
7.49521_37.1406_-8.17607
7.49521_37.1406_-8.56877
7.49521_37.1406_-8.96146
7.01601_37.0096_-9.35416
6.52314_37.0719_-9.74686
6.09163_37.318_-10.1396
5.78717_37.7106_-10.5323
5.65611_38.1898_-10.925
5.70828_38.6845_-11.2763
5.85177_39.1634_-11.297
5.99201_39.6244_-5.4065
6.22921_40.0609_-5.01381
6.28131_40.555_-4.62111
6.28131_40.555_-4.62111
6.32324_41.0506_-4.97247
6.45681_41.5325_-4.99314
6.59037_42.0143_-4.97247
6.71395_42.4988_-4.9518
6.83752_42.9832_-4.97247
6.97108_43.4651_-4.99314
6.99769_43.5704_-5.81987
7.44263_43.7984_-5.7992
7.88277_44.0356_-5.77853
8.32291_44.2728_-5.7992
8.76786_44.5009_-5.81987
9.2128_44.729_-5.7992
9.2128_44.729_-5.7992
9.65294_44.9662_-5.77853
10.0931_45.2034_-5.7992
10.5332_45.4406_-5.77853
10.9734_45.6778_-5.7992
11.4183_45.9059_-5.81987
11.8633_46.1339_-5.7992
12.3082_46.362_-5.81987
12.7531_46.5901_-5.7992
13.1933_46.8273_-5.77853
13.6334_47.0645_-5.7992
14.0784_47.2926_-5.81987
14.5233_47.5206_-5.7992
14.9635_47.7578_-5.77853
15.4036_47.995_-5.7992
15.8485_48.2231_-5.81987
15.8485_48.2231_-5.81987
16.3025_48.4326_-5.88188
16.7607_48.6326_-5.86121
17.2189_48.8327_-5.88188
17.6771_49.0327_-5.86121
18.1311_49.2422_-5.84054
18.5851_49.4517_-5.86121
19.0434_49.6517_-5.88188
19.5016_49.8518_-5.86121
19.6507_49.9579_-5.46851
19.678_49.9334_-4.31108
