configuration -4.52205276489_51.1520843506_-0.288179288681_0.957576470876_89.803527832_11.5547637939_-0.656431103106_0.754385980036
length 131.194
time 2.16635
roughness 0.000780886
-4.52205_51.1521_-0.58465
-4.09681_50.8892_-0.522645
-3.66102_50.6441_-0.501976
-3.22522_50.399_-0.522645
-2.78942_50.154_-0.501976
-2.35362_49.9089_-0.522645
-1.88304_49.7496_-0.129946
-1.3841_49.7312_0.0560697
-0.884629_49.754_0.0354013
-0.384795_49.7666_0.014733
0.115039_49.7791_0.0354013
0.605412_49.6995_-0.357298
1.02799_49.4383_-0.749997
1.39733_49.1013_-0.729328
1.76667_48.7643_-0.749997
2.13601_48.4272_-0.729328
2.5639_48.1748_-0.336629
3.04352_48.0343_-0.233287
3.52875_47.9137_-0.253956
4.01398_47.7931_-0.233287
4.4992_47.6725_-0.253956
4.99517_47.6439_0.138743
5.48111_47.7586_0.324759
5.95329_47.923_0.345427
6.42547_48.0874_0.324759
6.89765_48.2519_0.345427
7.38324_48.3664_0.118075
7.88033_48.4202_0.0974065
8.37742_48.474_0.118075
8.87451_48.5277_0.0974065
9.3716_48.5815_0.118075
9.86688_48.5427_-0.274624
10.3096_48.3172_-0.667323
10.6991_48.0038_-0.687992
11.0886_47.6903_-0.667323
11.4781_47.3768_-0.687992
11.8801_47.0798_-0.58465
12.2999_46.8082_-0.563981
12.7196_46.5366_-0.58465
13.1394_46.2649_-0.563981
13.5592_45.9933_-0.58465
14.019_45.8052_-0.191951
14.5158_45.8074_0.200748
14.9739_45.9995_0.593447
15.3913_46.2748_0.572779
15.8143_46.5415_0.552111
16.2799_46.7145_0.159412
16.7764_46.6962_-0.233287
17.228_46.4892_-0.625987
17.6239_46.1839_-0.687992
18.0134_45.8704_-0.667323
18.4155_45.5733_-0.605318
18.8296_45.2931_-0.58465
19.2436_45.0129_-0.605318
19.6577_44.7326_-0.58465
20.0718_44.4524_-0.605318
20.5201_44.2356_-0.295293
20.997_44.0852_-0.315961
21.4738_43.9347_-0.295293
21.9506_43.7843_-0.315961
22.4274_43.6339_-0.295293
22.9218_43.5848_0.0974065
23.4176_43.6488_0.159412
23.912_43.7231_0.138743
24.4079_43.7871_0.118075
24.9038_43.8511_0.138743
25.3997_43.8225_-0.253956
25.8824_43.6919_-0.274624
26.3622_43.5513_-0.295293
26.842_43.4108_-0.274624
27.3219_43.2702_-0.295293
27.8162_43.2212_0.0974065
28.2917_43.365_0.490106
28.676_43.6799_0.882805
28.9559_44.0934_1.06882
29.2009_44.5292_1.04815
29.3602_44.9997_1.44085
29.3374_45.4966_1.79221
29.2327_45.9855_1.77154
29.1381_46.4765_1.75088
29.0434_46.9675_1.77154
29.0412_47.4642_1.37885
29.2293_47.924_0.986146
29.5791_48.2769_0.593447
30.0372_48.469_0.200748
30.5327_48.533_0.0560697
30.5327_48.533_0.448769
30.5327_48.533_0.841468
30.7851_48.9609_1.23417
30.8545_49.4528_1.62687
30.7305_49.9338_2.01957
30.7305_49.9338_1.62687
30.7305_49.9338_1.23417
30.9829_50.3617_0.841468
31.3798_50.6604_0.448769
31.8609_50.7845_0.0560697
32.3604_50.7764_-0.0886089
32.8588_50.7373_-0.0679405
33.3573_50.6982_-0.0886089
33.8558_50.6591_-0.0679405
34.3542_50.62_-0.0886089
34.8537_50.6119_0.0560697
35.3532_50.6347_0.0354013
35.853_50.6473_0.014733
36.3529_50.6598_0.0354013
36.8527_50.6723_0.014733
37.3413_50.5826_-0.377966
37.7758_50.3382_-0.646655
38.178_50.0411_-0.625987
38.5801_49.744_-0.646655
38.9822_49.4469_-0.625987
39.4339_49.24_-0.233287
39.9254_49.1497_-0.129946
40.4205_49.0798_-0.150614
40.914_48.9996_-0.171282
41.4076_48.9195_-0.150614
41.8948_48.8091_-0.295293
42.3746_48.6685_-0.274624
42.8572_48.5379_-0.253956
43.3399_48.4073_-0.274624
43.8225_48.2767_-0.253956
44.3174_48.2172_0.014733
44.8174_48.2194_-0.0059354
45.3173_48.2113_-0.0266038
45.8173_48.2031_-0.0059354
46.3172_48.195_-0.0266038
46.8068_48.2789_0.366095
47.2271_48.5438_0.758794
47.5559_48.9195_0.94481
47.8531_49.3217_0.924141
48.1502_49.7238_0.94481
48.5142_50.0619_0.552111
48.9799_50.2349_0.159412
49.4743_50.3092_0.138743
49.9702_50.3732_0.118075
50.4661_50.4372_0.138743
50.964_50.4807_0.0354013
51.4634_50.5035_0.0560697
51.9629_50.5264_0.0354013
52.4624_50.5493_0.0560697
52.9612_50.5824_0.0767381
53.4396_50.7164_0.469437
53.8923_50.9287_0.407432
54.3493_51.1315_0.4281
54.802_51.3438_0.448769
55.2547_51.556_0.4281
55.7382_51.6701_0.0354013
56.2285_51.5905_-0.357298
56.6511_51.3293_-0.749997
56.9911_50.9633_-0.894675
57.308_50.5765_-0.874007
57.6249_50.1898_-0.894675
57.9418_49.803_-0.874007
58.2587_49.4163_-0.894675
58.5756_49.0295_-0.874007
58.8924_48.6428_-0.894675
59.2729_48.3234_-0.501976
59.7467_48.1739_-0.109277
60.2416_48.2171_0.283422
60.7202_48.3619_0.30409
61.1957_48.5165_0.324759
61.6884_48.5801_-0.0679405
62.1679_48.4504_-0.46064
62.5613_48.147_-0.853339
62.8861_47.7669_-0.874007
63.203_47.3801_-0.894675
63.5835_47.0607_-0.501976
64.0573_46.9112_-0.109277
64.5565_46.8928_0.0354013
65.056_46.9156_0.0560697
65.5555_46.9385_0.0354013
66.0458_46.8589_-0.357298
66.4684_46.5977_-0.749997
66.7844_46.2121_-1.01869
67.051_45.7891_-0.998017
67.3263_45.3717_-0.977349
67.6016_44.9544_-0.998017
67.8769_44.537_-0.977349
68.1522_44.1196_-0.998017
68.4275_43.7023_-0.977349
68.7028_43.2849_-0.998017
68.8854_42.8229_-1.39072
68.9392_42.3262_-1.53539
68.9517_41.8264_-1.55606
68.9642_41.3266_-1.53539
68.9768_40.8267_-1.55606
69.0808_40.341_-1.16336
69.3292_39.9083_-0.936012
69.6216_39.5026_-0.956681
69.9139_39.097_-0.936012
70.2062_38.6913_-0.956681
70.4078_38.2373_-1.34938
70.4202_37.7406_-1.74208
70.2417_37.277_-2.13478
69.9367_36.8817_-2.32079
69.5922_36.5194_-2.34146
69.3223_36.1023_-1.94876
69.2325_35.6137_-1.55606
69.3366_35.1279_-1.16336
69.6022_34.7066_-0.853339
69.927_34.3265_-0.874007
70.2518_33.9464_-0.853339
70.5844_33.5731_-0.83267
70.917_33.1998_-0.853339
71.2419_32.8197_-0.874007
71.5667_32.4396_-0.853339
71.8232_32.0134_-1.2047
72.007_31.5484_-1.18403
72.1908_31.0834_-1.2047
72.3746_30.6184_-1.18403
72.5584_30.1534_-1.2047
72.8233_29.7332_-0.812002
73.2289_29.4463_-0.419303
73.7134_29.3364_-0.0266038
74.2104_29.3798_0.200748
74.7014_29.4744_0.18008
74.7014_29.4744_-0.212619
74.7014_29.4744_-0.605318
74.7014_29.4744_-0.998017
74.7014_29.4744_-1.39072
74.6933_28.9777_-1.78342
74.6852_28.481_-1.39072
74.8678_28.019_-0.998017
75.1762_27.6263_-0.812002
75.5165_27.26_-0.83267
75.8567_26.8936_-0.812002
76.197_26.5272_-0.83267
76.5296_26.1539_-0.853339
76.8622_25.7806_-0.83267
77.2024_25.4143_-0.812002
77.5427_25.0479_-0.83267
77.8753_24.6746_-0.853339
78.2079_24.3013_-0.83267
78.5481_23.9349_-0.812002
78.8884_23.5685_-0.83267
79.221_23.1952_-0.853339
79.5536_22.8219_-0.83267
79.8938_22.4555_-0.812002
80.2341_22.0892_-0.83267
80.5667_21.7159_-0.853339
80.8993_21.3425_-0.83267
81.2989_21.0473_-0.439971
81.781_20.9275_-0.0472721
82.2723_21.0013_0.345427
82.7145_21.2314_0.614116
83.1261_21.5152_0.593447
83.5842_21.7074_0.200748
84.081_21.7096_-0.191951
84.5408_21.5215_-0.58465
84.9549_21.2412_-0.605318
85.3689_20.961_-0.58465
85.7218_20.6112_-0.977349
85.9613_20.1732_-1.16336
86.1642_19.7162_-1.1427
86.367_19.2592_-1.16336
86.5699_18.8022_-1.1427
86.7728_18.3452_-1.16336
86.9756_17.8882_-1.1427
87.1785_17.4313_-1.16336
87.3813_16.9743_-1.1427
87.5842_16.5173_-1.16336
87.787_16.0603_-1.1427
87.9899_15.6033_-1.16336
88.1928_15.1463_-1.1427
88.3956_14.6893_-1.16336
88.5985_14.2323_-1.1427
88.8013_13.7753_-1.16336
89.0042_13.3183_-1.1427
89.207_12.8613_-1.16336
89.4099_12.4044_-1.1427
89.6221_11.9517_-1.12203
89.7951_11.5393_-1.22537
