configuration -3.08480739594_22.5642471313_-0.424155304833_0.905589464041_28.1138801575_4.40596151352_-0.254607913402_0.967044368389
length 57.2628
time 12.3588
roughness 0.00194738
-3.08481_22.5642_-0.876058
-2.69842_22.252_-0.483359
-2.22703_22.0914_-0.173333
-1.73545_22.0001_-0.194002
-1.24586_21.8986_-0.21467
-0.756268_21.7972_-0.194002
-0.259476_21.7983_0.198698
0.215304_21.9517_0.42605
0.672709_22.1536_0.405381
1.13419_22.346_0.384713
1.59567_22.5384_0.405381
2.08165_22.6415_0.0126822
2.57009_22.5508_-0.380017
3.00408_22.3055_-0.648706
3.40561_22.0076_-0.628037
3.81321_21.718_-0.607369
4.26863_21.5195_-0.21467
4.75601_21.408_-0.235338
5.2434_21.2964_-0.21467
5.73079_21.1849_-0.235338
6.21818_21.0733_-0.21467
6.71529_21.0436_0.0953557
7.21348_21.0861_0.0746873
7.71166_21.1285_0.0953557
8.20985_21.171_0.0746873
8.70803_21.2134_0.0953557
9.18384_21.3563_0.488055
9.56875_21.6704_0.880754
9.80417_22.1079_1.27345
9.90548_22.5968_1.45947
9.96616_23.0931_1.4388
10.1264_23.5633_1.0461
10.3987_23.9823_0.942759
10.6883_24.3899_0.963427
10.9779_24.7975_0.942759
11.2675_25.2051_0.963427
11.5131_25.6398_1.14944
11.7223_26.0939_1.12877
11.9315_26.5481_1.14944
12.1407_27.0022_1.12877
12.3499_27.4563_1.14944
12.6376_27.8613_0.756744
13.0584_28.1254_0.364045
13.5483_28.2083_-0.0286546
14.0353_28.1073_-0.380017
14.5016_27.9267_-0.359349
14.9597_27.727_-0.46269
15.4094_27.5085_-0.442022
15.8635_27.2993_-0.421354
16.3177_27.0901_-0.442022
16.7718_26.8809_-0.421354
17.2341_26.6906_-0.359349
17.7003_26.51_-0.380017
18.1665_26.3293_-0.359349
18.6327_26.1487_-0.380017
19.0989_25.968_-0.359349
19.588_25.8772_-0.00798619
20.0879_25.868_-0.0286546
20.5875_25.8485_-0.0493229
21.0871_25.829_-0.0286546
21.5867_25.8095_-0.0493229
22.0686_25.6887_-0.442022
22.4676_25.3927_-0.834721
22.7229_24.9665_-1.22742
22.8666_24.4878_-1.33076
22.9905_24.0034_-1.31009
23.1144_23.519_-1.33076
23.2382_23.0346_-1.31009
23.3621_22.5502_-1.33076
23.486_22.0658_-1.31009
23.6099_21.5814_-1.33076
23.7338_21.097_-1.31009
23.8576_20.6126_-1.33076
23.9815_20.1282_-1.31009
24.1054_19.6438_-1.33076
24.2293_19.1594_-1.31009
24.3531_18.675_-1.33076
24.477_18.1906_-1.31009
24.6009_17.7062_-1.33076
24.7248_17.2218_-1.31009
24.8487_16.7374_-1.33076
24.9725_16.253_-1.31009
25.0964_15.7686_-1.33076
25.2203_15.2842_-1.31009
25.3442_14.7998_-1.33076
25.4681_14.3154_-1.31009
25.6873_13.8696_-0.917395
26.0604_13.5416_-0.524696
26.5307_13.3814_-0.131996
27.0296_13.362_0.0540189
27.5291_13.3838_0.0333506
28.0193_13.3032_-0.359349
28.4472_13.0496_-0.710711
28.8295_12.7273_-0.690042
29.2118_12.4051_-0.710711
29.5941_12.0828_-0.690042
29.9082_11.6979_-1.08274
30.0511_11.2221_-1.47544
30.001_10.7278_-1.86814
29.8594_10.2483_-1.84747
29.7179_9.76875_-1.86814
29.5764_9.28921_-1.84747
29.4348_8.80967_-1.86814
29.2933_8.33013_-1.84747
29.1517_7.85059_-1.86814
29.0102_7.37106_-1.84747
28.9498_6.87674_-1.53745
28.9613_6.37688_-1.55811
28.9728_5.87702_-1.53745
28.9843_5.37716_-1.55811
28.9958_4.8773_-1.53745
28.9152_4.38709_-1.93014
28.6945_4.03169_-2.32284
28.482_3.87926_-2.71554
28.2529_3.82568_-3.10824
28.0207_3.86386_-3.50094
28.0207_3.86386_-3.89364
27.975_3.9276_-4.28634
27.9571_4.00398_-4.67904
27.8916_4.28404_-4.28634
27.8916_4.28404_-4.67904
27.8916_4.28404_-5.07174
27.8916_4.28404_-5.46444
27.8916_4.28404_-5.65045
28.1286_4.39455_-6.04315
