configuration -17.6504554749_-22.9172973633_0.256229049699_0.256229049699_76.2194671631_43.7661514282_0.386216847154_0.922408015454
length 127.776
time 20.1098
roughness 0.000632426
-17.6505_-22.9173_0.150019
-17.1792_-22.7581_0.501381
-16.7383_-22.5224_0.480713
-16.2974_-22.2866_0.501381
-15.8564_-22.0508_0.480713
-15.4155_-21.8151_0.501381
-14.9746_-21.5793_0.480713
-14.5337_-21.3435_0.501381
-14.0978_-21.0987_0.522049
-13.6618_-20.8538_0.501381
-13.305_-20.6637_0.728733
-12.8976_-20.3759_0.501381
-12.4616_-20.131_0.522049
-12.0257_-19.8862_0.501381
-11.5847_-19.6504_0.480713
-11.1438_-19.4147_0.501381
-10.7079_-19.1698_0.522049
-10.2719_-18.925_0.501381
-9.83103_-18.6892_0.480713
-9.39012_-18.4535_0.501381
-8.95964_-18.2117_0.439376
-8.5599_-17.9167_0.832075
-8.27663_-17.5065_1.10076
-8.0548_-17.0584_1.12143
-7.83296_-16.6103_1.10076
-7.61113_-16.1622_1.12143
-7.38929_-15.7142_1.10076
-7.16746_-15.2661_1.12143
-6.94562_-14.818_1.10076
-6.64672_-14.2009_0.604723
-6.19437_-13.994_0.25336
-5.71166_-13.8637_0.274029
-5.22896_-13.7334_0.25336
-4.74366_-13.613_0.232692
-4.25836_-13.4927_0.25336
-3.77565_-13.3624_0.274029
-3.29294_-13.2321_0.25336
-3.05747_-13.1184_0.64606
-3.03649_-13.1737_1.5968
-2.95228_-12.6841_1.20411
-2.68711_-12.264_0.811406
-2.28136_-11.9774_0.418707
-1.80833_-11.8176_0.232692
-1.32303_-11.6973_0.25336
-0.83773_-11.577_0.232692
-0.352432_-11.4567_0.25336
0.132867_-11.3363_0.232692
0.618165_-11.216_0.25336
1.05206_-11.1062_0.398039
1.53879_-11.0067_0.00533995
2.03877_-11.0092_-0.0153284
2.5386_-11.022_-0.0359968
3.03842_-11.0348_-0.0153284
3.53825_-11.0477_-0.0359968
4.03808_-11.0605_-0.0153284
4.5379_-11.0733_-0.0359968
5.03773_-11.0862_-0.0153284
5.53756_-11.099_-0.0359968
6.01398_-11.1217_-0.139339
6.51192_-11.1139_0.170687
7.00374_-11.0239_0.191355
7.49556_-10.9339_0.170687
7.98914_-10.854_0.150019
8.48272_-10.7742_0.170687
8.97454_-10.6842_0.191355
9.46636_-10.5942_0.170687
9.95994_-10.5143_0.150019
10.6221_-10.4034_0.64606
11.0182_-10.0983_0.666728
11.4079_-9.78507_0.687396
11.7976_-9.47182_0.666728
12.1873_-9.15858_0.687396
12.577_-8.84533_0.666728
12.9667_-8.53208_0.687396
13.3564_-8.21883_0.666728
13.7525_-7.91371_0.64606
14.1486_-7.60858_0.666728
14.4678_-7.35026_0.439376
14.8675_-7.05528_0.832075
15.1595_-6.65069_1.05943
15.3996_-6.21215_1.0801
15.6398_-5.77361_1.05943
15.8799_-5.33508_1.0801
16.1201_-4.89654_1.05943
16.3693_-4.46307_1.03876
16.6185_-4.02959_1.05943
16.9929_-3.36057_0.687396
17.3163_-2.9826_1.03876
17.5655_-2.54912_1.05943
17.8147_-2.11564_1.03876
18.0639_-1.68217_1.05943
18.313_-1.24869_1.03876
18.5622_-0.815209_1.05943
18.8114_-0.381731_1.03876
19.0605_0.0517466_1.05943
19.2927_0.444889_0.274029
19.7502_0.642851_0.542718
20.181_0.89664_0.522049
20.6118_1.15043_0.542718
21.0425_1.40422_0.522049
21.4733_1.65801_0.542718
21.4733_1.65801_0.542718
21.8751_1.95446_0.728733
22.2515_2.28355_0.708065
22.6279_2.61263_0.728733
23.0044_2.94171_0.708065
23.3808_3.2708_0.728733
23.7572_3.59988_0.708065
24.1403_3.92112_0.687396
24.5235_4.24235_0.708065
24.8999_4.57144_0.728733
25.2678_4.89316_0.625391
25.6762_5.18166_0.604723
26.0904_5.46165_0.584054
26.5047_5.74165_0.604723
26.913_6.03015_0.625391
27.3214_6.31864_0.604723
27.7356_6.59864_0.584054
28.1499_6.87863_0.604723
28.5582_7.16713_0.625391
28.9666_7.45563_0.604723
29.2292_7.6361_0.25336
29.6766_7.85206_0.64606
30.0663_8.16526_0.708065
30.4494_8.4865_0.687396
30.8326_8.80773_0.708065
31.2157_9.12896_0.687396
31.5988_9.4502_0.708065
31.982_9.77143_0.687396
32.3651_10.0927_0.708065
32.7416_10.4218_0.728733
33.1205_10.7394_0.666728
33.5634_10.9646_0.274029
34.0578_11.0237_-0.0359968
34.5577_11.0109_-0.0153284
35.0575_10.9981_-0.0359968
35.5569_10.9749_-0.0566652
36.0564_10.9518_-0.0359968
36.4436_11.0144_0.356702
36.455_10.9468_1.16277
36.6949_11.3847_0.976753
36.979_11.7961_0.956085
37.2631_12.2075_0.976753
37.5472_12.6189_0.956085
37.8313_13.0304_0.976753
38.1155_13.4418_0.956085
38.3996_13.8532_0.976753
38.6837_14.2646_0.956085
38.9678_14.676_0.976753
39.1372_14.9302_1.32812
39.3483_15.3799_0.935417
39.7155_15.7145_0.542718
40.1652_15.9316_0.356702
40.6354_16.1013_0.336034
41.1057_16.271_0.356702
41.576_16.4408_0.336034
42.0463_16.6105_0.356702
42.5166_16.7803_0.336034
43.2475_17.0374_0.708065
43.5546_17.4279_1.10076
43.6889_17.9062_1.49346
43.7017_18.4058_1.5968
43.6836_18.9055_1.61747
43.6654_19.4051_1.5968
43.6472_19.9048_1.61747
43.6291_20.4044_1.5968
43.6109_20.9041_1.61747
43.5922_21.6352_1.9895
43.4826_22.1197_1.5968
43.5263_22.6167_1.36945
43.6213_23.1076_1.39012
43.7162_23.5985_1.36945
43.8111_24.0894_1.39012
43.8959_24.5822_1.41079
43.9806_25.0749_1.39012
44.0755_25.5658_1.36945
44.1705_26.0567_1.39012
44.2395_26.4666_1.57614
44.3338_26.9543_1.18344
44.5645_27.3971_0.997422
44.84_27.8143_0.976753
45.1156_28.2315_0.997422
45.3912_28.6487_0.976753
45.6753_29.0601_0.956085
45.9594_29.4716_0.976753
46.235_29.8888_0.997422
46.6232_30.471_0.542718
47.0117_30.7833_0.811406
47.3597_31.1423_0.790738
47.7076_31.5014_0.811406
48.0556_31.8604_0.790738
48.4036_32.2195_0.811406
48.4036_32.2195_0.811406
48.7728_32.556_0.666728
49.1625_32.8692_0.687396
49.5456_33.1905_0.708065
49.9288_33.5117_0.687396
50.3185_33.8249_0.666728
50.7082_34.1382_0.687396
51.0913_34.4594_0.708065
51.4745_34.7807_0.687396
51.8642_35.0939_0.666728
52.1111_35.2958_0.356702
52.5814_35.4655_0.336034
53.0517_35.6353_0.356702
53.522_35.805_0.336034
53.9923_35.9748_0.356702
54.4626_36.1445_0.336034
54.4626_36.1445_0.336034
54.9328_36.3142_0.356702
55.4031_36.484_0.336034
55.8734_36.6537_0.356702
56.3437_36.8235_0.336034
56.814_36.9932_0.356702
56.814_36.9932_0.356702
57.3003_37.1031_0.0880134
57.7987_37.1419_0.0673451
58.2972_37.1807_0.0880134
58.7948_37.2298_0.108682
59.2924_37.2789_0.0880134
59.7909_37.3177_0.0673451
60.2893_37.3565_0.0880134
60.7869_37.4056_0.108682
61.3267_37.454_-0.552706
61.7741_37.2324_-0.366691
62.239_37.0484_-0.387359
62.7039_36.8643_-0.366691
63.1687_36.6802_-0.387359
63.6336_36.4961_-0.366691
64.0985_36.3121_-0.387359
64.5634_36.128_-0.366691
65.0282_35.9439_-0.387359
65.2642_35.8555_0.625391
65.6665_36.1524_0.64606
66.0688_36.4493_0.625391
66.4772_36.7378_0.604723
66.8856_37.0263_0.625391
67.2879_37.3231_0.64606
67.2879_37.3231_0.64606
67.7019_37.603_0.542718
68.1274_37.8656_0.563386
68.5528_38.1283_0.542718
68.9783_38.3909_0.563386
69.4037_38.6536_0.542718
69.8345_38.9074_0.522049
70.2653_39.1611_0.542718
70.6908_39.4238_0.563386
71.1162_39.6864_0.542718
71.5194_39.9232_0.687396
71.8345_40.3073_1.0801
72.0279_40.7676_1.26611
72.1828_41.243_1.24544
72.3475_41.7151_1.22477
72.5122_42.1872_1.24544
72.6671_42.6625_1.26611
72.822_43.1379_1.24544
72.9868_43.61_1.22477
73.1082_43.8116_0.832075
73.0677_43.8507_-0.0153284
73.5675_43.8378_-0.0359968
74.0673_43.825_-0.0153284
74.5672_43.8122_-0.0359968
75.067_43.7993_-0.0153284
75.5668_43.7865_-0.0359968
75.5668_43.7865_-0.0359968
76.0666_43.7737_-0.0153284
76.221_43.8019_0.377371
76.221_43.8019_0.377371
