configuration -4.52205276489_51.1520843506_-0.288179288681_0.957576470876_89.803527832_11.5547637939_-0.656431103106_0.754385980036
length 159.215
time 4.08759
roughness 0.000607236
-4.52205_51.1521_-0.58465
-4.09681_50.8892_-0.522645
-3.66102_50.6441_-0.501976
-3.22522_50.399_-0.522645
-2.78942_50.154_-0.501976
-2.35362_49.9089_-0.522645
-1.88304_49.7496_-0.129946
-1.3841_49.7312_0.0560697
-0.884629_49.754_0.0354013
-0.384795_49.7666_0.014733
0.115039_49.7791_0.0354013
0.605412_49.6995_-0.357298
1.02799_49.4383_-0.749997
1.39733_49.1013_-0.729328
1.76667_48.7643_-0.749997
2.13601_48.4272_-0.729328
2.5639_48.1748_-0.336629
3.04352_48.0343_-0.233287
3.52875_47.9137_-0.253956
4.01398_47.7931_-0.233287
4.4992_47.6725_-0.253956
4.97241_47.5124_-0.398634
5.43117_47.3135_-0.419303
5.88992_47.1147_-0.398634
6.34868_46.9159_-0.419303
6.80744_46.7171_-0.398634
7.2662_46.5182_-0.419303
7.72496_46.3194_-0.398634
8.18371_46.1206_-0.419303
8.64247_45.9218_-0.398634
9.10123_45.7229_-0.419303
9.55999_45.5241_-0.398634
10.0187_45.3253_-0.419303
10.4775_45.1264_-0.398634
10.9363_44.9276_-0.419303
11.395_44.7288_-0.398634
11.8817_44.629_-0.0059354
12.3695_44.723_0.386764
12.8173_44.9444_0.531442
13.251_45.1933_0.510774
13.6846_45.4422_0.531442
14.1232_45.6821_0.469437
14.5714_45.9036_0.448769
15.0196_46.1252_0.469437
15.4678_46.3468_0.448769
15.9161_46.5683_0.469437
16.1427_46.6318_0.0767381
16.6359_46.5725_-0.315961
17.0689_46.329_-0.70866
17.3758_45.9383_-1.10136
17.5098_45.4599_-1.49406
17.6438_44.9816_-1.10136
17.9506_44.5909_-0.70866
18.3742_44.329_-0.398634
18.833_44.1302_-0.419303
19.2875_43.9219_-0.439971
19.7421_43.7137_-0.419303
20.1966_43.5054_-0.439971
20.6512_43.2971_-0.419303
21.1057_43.0889_-0.439971
21.5603_42.8806_-0.419303
21.9955_42.6358_-0.605318
22.4095_42.3556_-0.58465
22.8236_42.0754_-0.605318
23.2377_41.7951_-0.58465
23.6517_41.5149_-0.605318
24.0475_41.2096_-0.70866
24.4304_40.8882_-0.687992
24.8134_40.5667_-0.70866
25.1963_40.2453_-0.687992
25.5793_39.9238_-0.70866
25.975_39.6186_-0.605318
26.3891_39.3383_-0.58465
26.8032_39.0581_-0.605318
27.2173_38.7778_-0.58465
27.6313_38.4976_-0.605318
27.9769_38.1406_-0.998017
28.2257_37.7072_-1.10136
28.4472_37.259_-1.12203
28.6688_36.8108_-1.10136
28.8904_36.3625_-1.12203
29.0144_35.8815_-1.51473
29.0063_35.382_-1.65941
28.9672_34.8835_-1.63874
28.9281_34.3851_-1.65941
28.889_33.8866_-1.63874
28.809_33.3938_-1.82475
28.6784_32.9112_-1.84542
28.5478_32.4285_-1.82475
28.4272_31.9433_-1.80408
28.3066_31.4581_-1.82475
28.0904_31.0108_-2.21745
27.769_30.628_-2.32079
27.432_30.2587_-2.30012
27.1027_29.8824_-2.27946
26.7734_29.5062_-2.30012
26.521_29.0783_-1.90743
26.4515_28.5864_-1.51473
26.5756_28.1054_-1.12203
26.833_27.6776_-0.936012
27.1337_27.2781_-0.915344
27.3538_26.8327_-1.30804
27.3868_26.337_-1.70074
27.2664_25.8528_-1.92809
27.0964_25.3826_-1.90743
26.9264_24.9124_-1.92809
26.8468_24.4221_-1.53539
26.88_23.9233_-1.47339
26.9235_23.4252_-1.49406
26.9669_22.9271_-1.47339
27.0104_22.429_-1.49406
26.9511_21.9357_-1.88676
26.8007_21.4589_-1.86609
26.6601_20.9791_-1.84542
26.5196_20.4992_-1.86609
26.379_20.0194_-1.84542
26.3402_19.5241_-1.45272
26.4448_19.0359_-1.26671
26.5896_18.5574_-1.28737
26.7343_18.0788_-1.26671
26.8791_17.6002_-1.28737
27.1084_17.1595_-0.894675
27.4889_16.8401_-0.501976
27.9431_16.632_-0.357298
28.4133_16.462_-0.336629
28.8835_16.292_-0.357298
29.35_16.1123_-0.377966
29.8128_15.923_-0.398634
30.2756_15.7337_-0.377966
30.7384_15.5444_-0.398634
31.2011_15.3551_-0.377966
31.6182_15.0852_-0.770665
31.9426_14.7056_-0.956681
32.2264_14.294_-0.977349
32.5103_13.8824_-0.956681
32.7942_13.4708_-0.977349
32.9863_13.0127_-1.37005
33.0606_12.5185_-1.47339
33.104_12.0204_-1.49406
33.1475_11.5223_-1.47339
33.191_11.0242_-1.49406
33.325_10.5458_-1.10136
33.6318_10.1551_-0.70866
34.0649_9.91157_-0.315961
34.5581_9.85229_0.0767381
35.0455_9.95674_0.345427
35.5177_10.1212_0.324759
35.9932_10.2758_0.30409
36.4687_10.4304_0.324759
36.9441_10.5851_0.30409
37.4196_10.7397_0.324759
37.8844_10.9234_0.4281
38.3371_11.1357_0.448769
38.7898_11.3479_0.4281
39.2425_11.5602_0.448769
39.6952_11.7724_0.4281
40.1787_11.8865_0.0354013
40.6691_11.8069_-0.357298
41.0917_11.5457_-0.749997
41.3821_11.1427_-1.1427
41.5265_10.6655_-1.41138
41.5265_10.6655_-1.01869
41.8645_10.3015_-0.625987
42.3162_10.0946_-0.233287
42.8126_10.0762_0.159412
43.2783_10.2493_0.552111
43.6956_10.5245_0.614116
44.1072_10.8084_0.593447
44.5188_11.0923_0.614116
44.9304_11.3762_0.593447
45.342_11.66_0.614116
45.6844_12.02_1.00681
45.8629_12.4836_1.39951
45.8505_12.9803_1.79221
45.7157_13.4615_1.89555
45.561_13.937_1.87489
45.5076_14.4309_1.48219
45.6473_14.9077_1.08949
45.9587_15.2947_0.696789
46.3854_15.5515_0.386764
46.8465_15.7449_0.407432
47.2897_15.9754_0.552111
47.7127_16.2421_0.572779
48.1356_16.5087_0.552111
48.5586_16.7753_0.572779
48.9816_17.0419_0.552111
49.4472_17.215_0.159412
49.9452_17.2172_-0.150614
50.4403_17.1473_-0.129946
50.9354_17.0773_-0.150614
51.4305_17.0074_-0.129946
51.9256_16.9375_-0.150614
52.4206_16.8676_-0.129946
52.9157_16.7977_-0.150614
53.4108_16.7278_-0.129946
53.9059_16.6579_-0.150614
54.3731_16.489_-0.543313
54.74_16.1541_-0.936012
55.0407_15.7546_-0.915344
55.3495_15.3614_-0.894675
55.6584_14.9682_-0.915344
56.0322_14.641_-0.522645
56.5028_14.4817_-0.129946
57.0002_14.4323_-0.0679405
57.4987_14.3933_-0.0886089
57.9972_14.3542_-0.0679405
58.4899_14.4178_0.324759
58.9207_14.6651_0.717458
59.2241_15.0585_1.11016
59.3539_15.538_1.50286
59.2903_16.0307_1.89555
59.2267_16.5234_1.50286
59.276_17.0209_1.44085
59.3357_17.5173_1.46152
59.3954_18.0137_1.44085
59.4653_18.5088_1.42018
59.6342_18.976_1.02748
59.9143_19.3899_0.924141
60.2197_19.7858_0.903473
60.5251_20.1817_0.924141
60.8304_20.5776_0.903473
61.0558_21.0203_1.29617
61.0947_21.5156_1.68887
60.941_21.988_2.08157
60.6493_22.3928_2.30892
60.3167_22.7661_2.28825
60.0694_23.197_1.89555
60.0058_23.6897_1.50286
60.1356_24.1692_1.11016
60.439_24.5626_0.717458
60.8191_24.8874_0.696789
61.255_25.1258_0.30409
61.7335_25.2706_0.283422
62.215_25.4054_0.262753
62.6965_25.5403_0.283422
63.1779_25.6751_0.262753
63.6564_25.8199_0.324759
64.1319_25.9745_0.30409
64.6074_26.1291_0.324759
65.0829_26.2838_0.30409
65.5583_26.4384_0.324759
66.0231_26.6221_0.4281
66.4758_26.8344_0.448769
66.9285_27.0466_0.4281
67.3812_27.2589_0.448769
67.8339_27.4712_0.4281
67.9866_27.5072_0.0354013
68.477_27.4276_-0.357298
68.8996_27.1664_-0.749997
69.19_26.7633_-1.1427
69.3041_26.2798_-1.53539
69.4182_25.7963_-1.1427
69.7087_25.3933_-0.749997
70.1263_25.123_-0.398634
70.5851_24.9242_-0.419303
71.0396_24.7159_-0.439971
71.5217_24.5961_-0.0472721
72.0211_24.6086_0.0974065
72.5192_24.6521_0.0767381
73.0173_24.6956_0.0974065
73.5154_24.7391_0.0767381
74.0001_24.8534_0.386764
74.4612_25.0468_0.407432
74.9223_25.2402_0.386764
75.3873_25.424_0.366095
75.8523_25.6078_0.386764
76.267_25.8813_0.779463
76.596_26.2572_0.924141
76.9013_26.6531_0.903473
77.2067_27.049_0.924141
77.5121_27.4449_0.903473
77.8898_27.7677_0.510774
78.3421_27.9798_0.366095
78.8071_28.1636_0.386764
79.272_28.3474_0.366095
79.737_28.5312_0.386764
79.9681_28.5757_-0.0059354
80.4548_28.4759_-0.398634
80.8662_28.1974_-0.791334
81.1397_27.7827_-1.18403
81.2337_27.2949_-1.57673
81.3278_26.8071_-1.18403
81.6013_26.3924_-0.791334
82.0127_26.114_-0.398634
82.4994_26.0142_-0.0059354
82.9872_26.1082_0.386764
83.475_26.2022_-0.0059354
83.9719_26.1529_-0.191951
84.4636_26.0626_-0.171282
84.9554_25.9723_-0.191951
85.4472_25.882_-0.171282
85.9108_25.7034_-0.563981
86.2926_25.3829_-0.83267
86.6328_25.0165_-0.812002
86.9806_24.6573_-0.791334
87.3283_24.298_-0.812002
87.653_23.9181_-0.915344
87.9618_23.5249_-0.894675
88.2787_23.1381_-0.874007
88.5956_22.7514_-0.894675
88.9045_22.3582_-0.915344
89.1246_21.9128_-1.30804
89.1987_21.4194_-1.53539
89.2216_20.92_-1.51473
89.2548_20.4211_-1.49406
89.2879_19.9222_-1.51473
89.3211_19.4233_-1.49406
89.3543_18.9244_-1.51473
89.3875_18.4255_-1.49406
89.4206_17.9266_-1.51473
89.4538_17.4278_-1.49406
89.487_16.9289_-1.51473
89.5202_16.43_-1.49406
89.5533_15.9311_-1.51473
89.5865_15.4322_-1.49406
89.6197_14.9333_-1.51473
89.6426_14.4338_-1.53539
89.6654_13.9344_-1.51473
89.6986_13.4355_-1.49406
89.7318_12.9366_-1.51473
89.7546_12.4371_-1.53539
89.7775_11.9377_-1.51473
89.8037_11.5438_-1.49406
