configuration -17.6504554749_-22.9172973633_0.256229049699_0.256229049699_76.2194671631_43.7661514282_0.386216847154_0.922408015454
length 134.239
time 1.02388
roughness 0.000579935
-17.6505_-22.9173_0.150019
-17.1632_-22.8071_0.294697
-16.6863_-22.657_0.315366
-16.2094_-22.5068_0.294697
-15.7325_-22.3567_0.315366
-15.2555_-22.2065_0.294697
-14.8121_-21.981_0.64606
-14.4098_-21.6842_0.625391
-14.0075_-21.3873_0.64606
-13.6052_-21.0904_0.625391
-13.1968_-20.8019_0.604723
-12.7885_-20.5134_0.625391
-12.3862_-20.2165_0.64606
-11.9838_-19.9197_0.625391
-11.5755_-19.6312_0.604723
-11.1671_-19.3427_0.625391
-10.7776_-19.0296_0.728733
-10.4012_-18.7005_0.708065
-10.0247_-18.3714_0.728733
-9.64832_-18.0423_0.708065
-9.27189_-17.7132_0.728733
-8.87015_-17.4168_0.542718
-8.4447_-17.1541_0.563386
-8.01924_-16.8915_0.542718
-7.58845_-16.6377_0.522049
-7.15766_-16.3839_0.542718
-6.71693_-16.1482_0.439376
-6.26665_-15.9309_0.460044
-5.81638_-15.7136_0.439376
-5.3661_-15.4962_0.460044
-4.91582_-15.2789_0.439376
-4.48564_-15.0254_0.625391
-4.08333_-14.7286_0.64606
-3.68101_-14.4317_0.625391
-3.2787_-14.1348_0.64606
-2.87639_-13.8379_0.625391
-2.42462_-13.6313_0.232692
-1.92815_-13.6132_-0.160007
-1.46257_-13.7865_-0.552706
-1.04543_-14.062_-0.614711
-0.634005_-14.3462_-0.594043
-0.175983_-14.5386_-0.201344
0.320804_-14.541_0.191355
0.81066_-14.4409_0.212024
1.30052_-14.3407_0.191355
1.79037_-14.2406_0.212024
2.28023_-14.1404_0.191355
2.77205_-14.0504_0.170687
3.26387_-13.9604_0.191355
3.75569_-13.8704_0.170687
4.24751_-13.7803_0.191355
4.73737_-13.6802_0.212024
5.22723_-13.58_0.191355
5.71708_-13.4799_0.212024
6.20694_-13.3797_0.191355
6.69679_-13.2795_0.212024
7.16949_-13.1199_0.439376
7.62416_-12.9119_0.418707
8.08304_-12.7133_0.398039
8.54191_-12.5148_0.418707
9.00079_-12.3162_0.398039
9.42455_-12.0546_0.708065
9.8077_-11.7334_0.687396
10.1974_-11.4202_0.666728
10.5871_-11.1069_0.687396
10.9768_-10.7937_0.666728
11.3961_-10.5227_0.480713
11.8371_-10.2869_0.501381
12.273_-10.0421_0.522049
12.7089_-9.79724_0.501381
13.1449_-9.55241_0.522049
13.6156_-9.39345_0.12935
14.1107_-9.32384_0.150019
14.6058_-9.25422_0.12935
15.1009_-9.18461_0.150019
15.596_-9.11499_0.12935
16.0917_-9.14825_-0.263349
16.5468_-9.35057_-0.573374
16.9696_-9.61745_-0.552706
17.3924_-9.88432_-0.573374
17.8152_-10.1512_-0.552706
18.2808_-10.3245_-0.160007
18.7773_-10.3065_0.232692
19.229_-10.0998_0.625391
19.5752_-9.74259_0.976753
19.8593_-9.33117_0.956085
20.2195_-8.98901_0.563386
20.6688_-8.77212_0.336034
21.1391_-8.60239_0.356702
21.6094_-8.43265_0.336034
22.0797_-8.26291_0.356702
22.102_-8.24917_0.749401
22.3927_-7.84631_1.1421
22.507_-7.36286_1.5348
22.4277_-6.87244_1.9275
22.1668_-6.44971_2.3202
22.1668_-6.44971_1.9275
22.1668_-6.44971_1.5348
22.2812_-5.96626_1.1421
22.5719_-5.5634_0.749401
22.9946_-5.30244_0.356702
23.4173_-5.04148_0.749401
23.7869_-4.70468_0.728733
24.1564_-4.36789_0.749401
24.5259_-4.0311_0.728733
24.8955_-3.6943_0.749401
25.265_-3.35751_0.728733
25.6346_-3.02072_0.749401
26.0041_-2.68392_0.728733
26.3737_-2.34713_0.749401
26.7432_-2.01034_0.728733
27.1712_-1.75817_0.336034
27.6632_-1.689_-0.0566652
28.1473_-1.80354_-0.408028
28.6121_-1.98759_-0.346022
29.0806_-2.16202_-0.366691
29.5702_-2.24623_0.0260083
30.0548_-2.13668_0.418707
30.4669_-1.85811_0.77007
30.8294_-1.51375_0.749401
31.1919_-1.16939_0.77007
31.483_-0.766009_1.12143
31.7048_-0.317924_1.10076
31.9359_0.125481_1.0801
32.1669_0.568886_1.10076
32.398_1.01229_1.0801
32.7131_1.39637_0.687396
33.1321_1.66717_0.460044
33.5824_1.88452_0.439376
34.0327_2.10186_0.460044
34.4829_2.31921_0.439376
34.8892_2.60623_0.790738
35.2445_2.95801_0.77007
35.5998_3.30979_0.790738
35.9551_3.66156_0.77007
36.3105_4.01334_0.790738
36.5842_4.42788_1.18344
36.6786_4.91564_1.57614
36.599_5.40725_1.88616
36.4489_5.88416_1.86549
36.2987_6.36107_1.88616
36.2397_6.85435_1.49346
36.374_7.33265_1.10076
36.6811_7.72316_0.708065
37.1143_7.96643_0.315366
37.5941_8.10668_0.25336
38.0465_8.31361_0.604723
38.4607_8.59361_0.584054
38.8749_8.8736_0.604723
39.2892_9.1536_0.584054
39.7034_9.4336_0.604723
40.0491_9.79034_0.997422
40.3247_10.2075_0.976753
40.6088_10.619_0.956085
40.8929_11.0304_0.976753
41.1771_11.4418_0.956085
41.5165_11.8069_0.687396
41.8997_12.1281_0.708065
42.2761_12.4572_0.728733
42.6525_12.7863_0.708065
43.0289_13.1154_0.728733
43.3364_13.5064_1.0801
43.5766_13.9449_1.05943
43.8167_14.3834_1.0801
44.0569_14.822_1.05943
44.2971_15.2605_1.0801
44.6122_15.6446_0.687396
44.9885_15.9736_0.749401
45.3581_16.3104_0.728733
45.7345_16.6395_0.708065
46.1109_16.9686_0.728733
46.539_17.2208_0.336034
47.0309_17.2899_-0.0566652
47.5203_17.1953_-0.325354
47.9957_17.0404_-0.304686
48.4711_16.8855_-0.325354
48.9358_16.7015_-0.428696
49.3884_16.4889_-0.449364
49.8409_16.2764_-0.428696
50.2935_16.0639_-0.449364
50.7461_15.8514_-0.428696
51.1789_15.6025_-0.614711
51.5904_15.3184_-0.594043
52.0018_15.0343_-0.614711
52.4132_14.7502_-0.594043
52.8246_14.4661_-0.614711
53.2786_14.2642_-0.222012
53.7746_14.2103_0.00533995
54.2745_14.2181_0.0260083
54.7744_14.226_0.00533995
55.2744_14.2338_0.0260083
55.764_14.1496_-0.366691
56.2206_13.9465_-0.470033
56.6687_13.7247_-0.449364
57.1213_13.5122_-0.428696
57.5739_13.2996_-0.449364
58.0549_13.1753_-0.0566652
58.5468_13.2445_0.336034
58.9748_13.4966_0.728733
59.2738_13.8934_1.12143
59.4577_14.3579_1.26611
59.6126_14.8333_1.24544
59.7675_15.3086_1.26611
59.9225_15.784_1.24544
60.0774_16.2594_1.26611
60.2323_16.7348_1.24544
60.4444_17.1864_1.01809
60.7024_17.6147_1.03876
60.9605_18.0429_1.01809
61.2186_18.4711_1.03876
61.4767_18.8994_1.01809
61.7348_19.3276_1.03876
61.9928_19.7558_1.01809
62.2509_20.1841_1.03876
62.509_20.6123_1.01809
62.7671_21.0405_1.03876
63.0252_21.4688_1.01809
63.2832_21.897_1.03876
63.5413_22.3252_1.01809
63.7994_22.7535_1.03876
64.0575_23.1817_1.01809
64.2308_23.6473_1.41079
64.2127_24.1438_1.80349
64.0434_24.6131_2.03084
63.826_25.0633_2.01017
63.6087_25.5136_2.03084
63.4792_25.9932_1.63814
63.5431_26.4859_1.24544
63.7907_26.9166_0.852743
64.1235_27.2897_0.832075
64.4563_27.6628_0.852743
64.7039_28.0935_1.24544
64.8087_28.5813_1.47279
64.8525_29.0794_1.49346
64.8963_29.5775_1.47279
64.9401_30.0755_1.49346
65.0743_30.5539_1.10076
65.3493_30.9702_0.873412
65.6744_31.3501_0.852743
65.9994_31.73_0.873412
66.3244_32.1099_0.852743
66.572_32.5406_1.24544
66.6462_33.0325_1.5968
66.6384_33.5324_1.57614
66.6305_34.0324_1.5968
66.6227_34.5323_1.57614
66.717_35.02_1.18344
66.9908_35.4346_0.790738
67.3533_35.7789_0.728733
67.7228_36.1157_0.749401
68.0923_36.4525_0.728733
68.4619_36.7893_0.749401
68.8314_37.1261_0.728733
69.201_37.4629_0.749401
69.5705_37.7996_0.728733
69.94_38.1364_0.749401
70.3096_38.4732_0.728733
70.6791_38.81_0.749401
71.0487_39.1468_0.728733
71.4182_39.4836_0.749401
71.7878_39.8204_0.728733
72.1642_40.1495_0.708065
72.5406_40.4786_0.728733
72.9101_40.8154_0.749401
73.2797_41.1522_0.728733
73.6561_41.4812_0.708065
74.0325_41.8103_0.728733
74.4021_42.1471_0.749401
74.7716_42.4839_0.728733
75.148_42.813_0.708065
75.5245_43.1421_0.728733
75.894_43.4789_0.749401
76.2052_43.7625_0.728733
