configuration -17.6504554749_-22.9172973633_0.256229049699_0.256229049699_76.2194671631_43.7661514282_0.386216847154_0.922408015454
length 140.815
time 38.8802
roughness 0.000770462
-17.6505_-22.9173_0.150019
-17.1632_-22.8071_0.294697
-16.6863_-22.657_0.315366
-16.2094_-22.5068_0.294697
-15.7325_-22.3567_0.315366
-15.2555_-22.2065_0.294697
-14.8175_-21.9722_0.687396
-14.4343_-21.651_0.708065
-14.0579_-21.3219_0.728733
-13.6815_-20.9928_0.708065
-13.305_-20.6637_0.728733
-12.9033_-20.3673_0.542718
-12.4778_-20.1047_0.563386
-12.0524_-19.842_0.542718
-11.6269_-19.5794_0.563386
-11.2015_-19.3167_0.542718
-10.7608_-19.0811_0.439376
-10.3105_-18.8637_0.460044
-9.8602_-18.6464_0.439376
-9.40992_-18.429_0.460044
-8.95964_-18.2117_0.439376
-8.5599_-17.9167_0.832075
-8.30347_-17.4912_1.22477
-8.21915_-17.001_1.57614
-8.21665_-16.501_1.55547
-8.21415_-16.001_1.57614
-8.11984_-15.5132_1.18344
-7.84604_-15.0987_0.790738
-7.43446_-14.8205_0.398039
-6.94773_-14.721_0.00533995
-6.45338_-14.7851_-0.263349
-6.45338_-14.7851_0.12935
-5.9827_-14.6261_0.522049
-5.60869_-14.2992_0.914748
-5.38827_-13.8539_1.30745
-5.33442_-13.3589_1.61747
-5.37322_-12.8605_1.67948
-5.42231_-12.3629_1.65881
-5.47141_-11.8653_1.67948
-5.5205_-11.3677_1.65881
-5.56959_-10.8702_1.67948
-5.5261_-10.3753_1.28678
-5.29653_-9.9347_0.89408
-4.92203_-9.6073_0.542718
-4.50215_-9.33596_0.604723
-4.08791_-9.05597_0.584054
-3.62799_-8.86815_0.191355
-3.13449_-8.78833_0.12935
-2.63803_-8.72896_0.108682
-2.14158_-8.66959_0.12935
-1.64512_-8.61023_0.108682
-1.15024_-8.65372_-0.284017
-0.709669_-8.8833_-0.676716
-0.316645_-9.19236_-0.656048
0.0826835_-9.49324_-0.63538
0.482012_-9.79412_-0.656048
0.923147_-10.024_-0.304686
1.39853_-10.1789_-0.325354
1.87392_-10.3338_-0.304686
2.34931_-10.4887_-0.325354
2.82469_-10.6436_-0.304686
3.30856_-10.7688_-0.201344
3.79946_-10.8637_-0.180675
4.29035_-10.9586_-0.201344
4.78125_-11.0535_-0.180675
5.27215_-11.1484_-0.201344
5.76894_-11.1509_0.191355
6.22886_-10.9631_0.584054
6.61119_-10.6426_0.811406
6.95165_-10.2764_0.832075
7.29212_-9.91024_0.811406
7.66135_-9.57373_0.666728
8.05744_-9.26861_0.64606
8.45353_-8.96348_0.666728
8.84962_-8.65835_0.64606
9.24572_-8.35323_0.666728
9.68856_-8.12807_0.274029
10.1839_-8.08952_-0.11867
10.6599_-8.23383_-0.470033
11.108_-8.45567_-0.449364
11.5561_-8.6775_-0.470033
12.0344_-8.81177_-0.0773335
12.5276_-8.75279_0.315366
12.9813_-8.54524_0.542718
13.4121_-8.29145_0.522049
13.8429_-8.03766_0.542718
14.2174_-7.71026_0.89408
14.5346_-7.3237_0.873412
14.8596_-6.94379_0.852743
15.1846_-6.56387_0.873412
15.5097_-6.18395_0.852743
15.9032_-5.88078_0.460044
16.3829_-5.75129_0.0673451
16.8813_-5.71249_0.0880134
17.3789_-5.6634_0.108682
17.8765_-5.6143_0.0880134
18.3533_-5.47493_0.480713
18.7667_-5.19553_0.708065
19.1498_-4.8743_0.687396
19.533_-4.55306_0.708065
19.9161_-4.23183_0.687396
20.2312_-3.84775_1.0801
20.3754_-3.37232_1.47279
20.4294_-2.87526_1.45213
20.4835_-2.3782_1.47279
20.5375_-1.88114_1.45213
20.6915_-1.40879_1.05943
21.0144_-1.03131_0.666728
21.4041_-0.71806_0.687396
21.7938_-0.404812_0.666728
22.1835_-0.0915649_0.687396
22.5796_0.213518_0.625391
22.9819_0.510394_0.64606
23.3842_0.807269_0.625391
23.7865_1.10414_0.64606
24.1888_1.40102_0.625391
24.6406_1.60769_0.232692
25.1337_1.68745_0.0880134
25.6322_1.72625_0.0673451
26.1307_1.76505_0.0880134
26.6283_1.81414_0.108682
27.1021_1.96334_0.501381
27.5158_2.24294_0.687396
27.8989_2.56417_0.708065
28.2821_2.88541_0.687396
28.6652_3.20664_0.708065
28.989_3.58505_1.01809
29.2559_4.00786_0.997422
29.5227_4.43067_1.01809
29.7896_4.85348_0.997422
30.0565_5.27629_1.01809
30.3569_5.67505_0.832075
30.6898_6.04817_0.852743
31.0226_6.42128_0.832075
31.3554_6.7944_0.852743
31.6882_7.16752_0.832075
32.088_7.4625_0.439376
32.5427_7.67049_0.418707
32.9973_7.87849_0.439376
33.452_8.08648_0.418707
33.9067_8.29448_0.439376
34.3694_8.48343_0.336034
34.8397_8.65317_0.356702
35.31_8.82291_0.336034
35.7803_8.99264_0.356702
36.2506_9.16238_0.336034
36.6786_9.41455_0.728733
36.9775_9.81132_1.12143
37.1019_10.2923_1.51413
37.053_10.7879_1.82416
36.9327_11.2732_1.80349
36.9146_11.7697_1.41079
37.0879_12.2352_1.01809
37.4191_12.6064_0.666728
37.8088_12.9197_0.687396
38.1985_13.2329_0.666728
38.6413_13.4581_0.274029
39.124_13.5884_0.25336
39.6067_13.7187_0.274029
40.0894_13.8491_0.25336
40.5721_13.9794_0.274029
41.025_14.1866_0.584054
41.4449_14.4579_0.563386
41.8704_14.7206_0.542718
42.2959_14.9832_0.563386
42.7213_15.2458_0.542718
43.1231_15.5423_0.728733
43.4995_15.8714_0.708065
43.8826_16.1926_0.687396
44.2658_16.5139_0.708065
44.6489_16.8351_0.687396
44.964_17.2192_1.0801
45.1081_17.6946_1.47279
45.0594_18.189_1.86549
44.8897_18.6591_1.96884
44.7007_19.122_1.94817
44.4566_19.5566_2.21686
44.1597_19.9589_2.19619
43.8712_20.3673_2.17552
43.5827_20.7757_2.19619
43.2942_21.184_2.17552
43.0969_21.64_1.78282
43.0891_22.1367_1.39012
43.2436_22.6107_1.12143
43.4561_23.0632_1.1421
43.6592_23.5201_1.16277
43.8624_23.977_1.1421
44.0655_24.4338_1.16277
44.2686_24.8907_1.1421
44.4717_25.3476_1.16277
44.6749_25.8044_1.1421
44.9656_26.2073_0.749401
45.3727_26.4949_0.480713
45.8136_26.7307_0.501381
46.2496_26.9756_0.522049
46.6855_27.2204_0.501381
46.6855_27.2204_0.89408
46.6855_27.2204_1.28678
46.6901_27.2725_1.67948
46.5723_27.6466_2.07218
46.3371_27.9271_2.46488
46.3371_27.9271_2.07218
46.1879_28.4009_1.67948
46.2314_28.8958_1.28678
46.461_29.3364_0.89408
46.8224_29.6797_0.625391
47.2526_29.9332_0.439376
47.7029_30.1505_0.460044
48.1531_30.3679_0.439376
48.6034_30.5852_0.460044
49.0537_30.8026_0.439376
49.504_31.0199_0.460044
49.9543_31.2373_0.439376
50.4045_31.4546_0.460044
50.8548_31.6719_0.439376
51.3051_31.8893_0.460044
51.7554_32.1066_0.439376
52.2056_32.324_0.460044
52.6559_32.5413_0.439376
53.1062_32.7587_0.460044
53.5565_32.976_0.439376
53.9921_33.2207_0.584054
54.412_33.492_0.563386
54.8374_33.7547_0.542718
55.2629_34.0173_0.563386
55.6884_34.28_0.542718
56.0555_34.6146_0.935417
56.3396_35.026_0.997422
56.6152_35.4432_0.976753
56.8907_35.8604_0.997422
57.1663_36.2776_0.976753
57.4061_36.7155_1.16277
57.6092_37.1723_1.1421
57.8124_37.6292_1.16277
58.0155_38.0861_1.1421
58.2186_38.543_1.16277
58.5009_38.9517_0.77007
58.9182_39.2214_0.377371
59.3947_39.3714_0.232692
59.88_39.4917_0.25336
60.3627_39.6221_0.274029
60.8454_39.7524_0.25336
61.3281_39.8827_0.274029
61.8108_40.013_0.25336
62.2935_40.1433_0.274029
62.7762_40.2737_0.25336
63.2458_40.4432_0.439376
63.6961_40.6605_0.460044
64.1464_40.8779_0.439376
64.5967_41.0952_0.460044
65.047_41.3126_0.439376
65.5292_41.4321_0.0466767
66.0204_41.358_-0.346022
66.4459_41.1016_-0.738721
66.7409_40.7019_-1.13142
66.9104_40.2322_-1.31744
67.0799_39.7626_-1.13142
67.2879_39.3079_-1.15209
67.4864_38.8491_-1.17276
67.685_38.3902_-1.15209
67.8835_37.9313_-1.17276
68.1617_37.5197_-0.780058
68.5763_37.2459_-0.387359
69.064_37.1516_0.00533995
69.3978_37.0871_-0.387359
69.3978_37.0871_-0.780058
69.8123_36.8133_-0.387359
70.3_36.719_0.00533995
70.8_36.7268_0.0260083
71.2996_36.745_0.0466767
71.7993_36.7631_0.0260083
72.0798_36.8266_0.418707
72.4856_37.1132_0.811406
72.7508_37.5333_1.20411
72.835_38.0229_1.5968
72.7254_38.5075_1.9895
72.7081_38.584_1.5968
72.7923_39.0736_1.20411
73.0575_39.4937_0.811406
73.4633_39.7804_0.418707
73.9478_39.8899_0.0260083
74.4324_39.9995_0.418707
74.8381_40.2861_0.811406
75.1033_40.7062_1.20411
75.1875_41.1958_1.5968
75.0953_41.6039_1.9895
74.9857_42.0884_1.5968
75.0699_42.5781_1.20411
75.2186_42.8247_0.852743
75.5664_43.1836_0.749401
75.9359_43.5204_0.728733
76.2133_43.7629_0.708065
