configuration 46.8230323792_-26.2805175781_0.619899316938_0.784681360082_54.818611145_35.6322822571_0.774404309534_0.632691050494
length 113.888
time 1.50001
roughness 0.000911539
46.823_-26.2805_1.33723
46.9134_-25.789_1.44057
46.9732_-25.2926_1.46124
47.033_-24.7962_1.44057
47.0928_-24.2998_1.46124
47.1526_-23.8034_1.44057
47.1198_-23.3077_1.83327
46.8998_-22.8623_2.22597
46.5261_-22.535_2.61867
46.0555_-22.3756_3.01137
45.5591_-22.3158_3.03204
45.0854_-22.1662_2.63934
44.6497_-21.921_2.61867
44.2139_-21.6757_2.63934
43.7782_-21.4305_2.61867
43.3425_-21.1853_2.63934
42.9621_-20.8658_2.24664
42.67_-20.4603_2.1433
42.3948_-20.0428_2.16396
42.111_-19.6311_2.18463
41.8273_-19.2195_2.16396
41.4745_-18.8696_2.55666
41.0148_-18.6814_2.94936
40.5199_-18.6114_3.0527
40.0224_-18.5619_3.03204
39.5249_-18.5123_3.0527
39.0254_-18.4937_3.15605
38.5254_-18.4958_3.13538
38.0255_-18.4979_3.15605
37.5255_-18.4999_3.13538
37.0255_-18.502_3.15605
36.5291_-18.5555_3.34206
36.0402_-18.6601_3.36273
35.5512_-18.7648_3.34206
35.0623_-18.8694_3.36273
34.5734_-18.974_3.34206
34.1152_-19.166_3.73476
33.7654_-19.5187_4.12746
33.4936_-19.9384_4.14813
33.2219_-20.3581_4.12746
32.9501_-20.7778_4.14813
32.6077_-21.1377_3.75543
32.1535_-21.3391_3.36273
31.6569_-21.3515_2.97003
31.1892_-21.1822_2.61867
30.7534_-20.937_2.63934
30.3177_-20.6918_2.61867
29.882_-20.4465_2.63934
29.4462_-20.2013_2.61867
29.0105_-19.9561_2.63934
28.5748_-19.7109_2.61867
28.201_-19.3836_2.22597
27.9622_-18.9466_1.91594
27.7882_-18.4779_1.93661
27.6045_-18.0128_1.95728
27.4209_-17.5478_1.93661
27.3371_-17.0581_1.54391
27.3454_-16.5582_1.56458
27.3433_-16.0582_1.58525
27.3412_-15.5582_1.56458
27.3392_-15.0582_1.58525
27.2352_-14.5724_1.97795
27.0231_-14.1197_2.03995
26.8017_-13.6715_2.01929
26.5802_-13.2232_2.03995
26.3588_-12.7749_2.01929
26.1949_-12.3037_1.79193
26.0802_-11.817_1.8126
25.9655_-11.3304_1.79193
25.8508_-10.8437_1.8126
25.736_-10.3571_1.79193
25.7237_-9.86042_1.39923
25.8641_-9.38165_1.17188
26.0536_-8.91894_1.19255
26.2334_-8.45241_1.21322
26.4132_-7.98587_1.19255
26.6832_-7.56886_0.799851
27.0923_-7.28692_0.407152
27.5493_-7.08419_0.42782
28.0021_-6.87206_0.448489
28.4548_-6.65993_0.42782
28.858_-6.36959_0.820519
29.163_-5.97433_1.00653
29.4347_-5.55463_0.985866
29.7151_-5.14063_0.965198
29.9955_-4.72664_0.985866
30.3086_-4.33777_0.799851
30.6533_-3.97557_0.820519
30.9904_-3.60632_0.841188
31.3275_-3.23707_0.820519
31.6646_-2.86783_0.841188
31.9172_-2.44001_1.23389
31.9868_-1.94812_1.62659
31.8925_-1.4586_1.89527
31.7381_-0.983081_1.87461
31.5934_-0.504468_1.85394
31.4991_-0.0141858_1.66792
31.4557_0.483923_1.64725
31.4124_0.982032_1.66792
31.369_1.48014_1.64725
31.3257_1.97825_1.66792
31.3749_2.4726_1.27522
31.6095_2.91049_0.882525
31.9749_3.24962_0.613836
32.3806_3.54182_0.634504
32.7802_3.84235_0.655172
33.2078_4.09951_0.42782
33.6605_4.31164_0.448489
34.1088_4.53308_0.469157
34.5571_4.75452_0.448489
35.0054_4.97597_0.469157
35.4219_5.25057_0.696509
35.8088_5.56736_0.675841
36.1956_5.88414_0.696509
36.5824_6.20093_0.675841
36.9692_6.51771_0.696509
37.2808_6.90465_1.08921
37.4206_7.38137_1.48191
37.3673_7.8753_1.87461
37.1744_8.33578_2.06062
36.9437_8.77939_2.03995
36.8099_9.25781_1.64725
36.8693_9.75104_1.25456
37.1129_10.184_0.861856
37.4978_10.4991_0.510494
37.9315_10.7479_0.531162
38.3025_11.0783_0.923861
38.5188_11.5255_1.31656
38.5476_12.0215_1.70926
38.4633_12.5142_1.77126
38.3586_13.0032_1.79193
38.3463_13.4998_1.39923
38.525_13.9634_1.00653
38.8675_14.3232_0.613836
39.2849_14.5984_0.551831
39.7133_14.8561_0.531162
40.0844_15.1865_0.923861
40.3816_15.5885_0.94453
40.6704_15.9966_0.965198
40.9593_16.4047_0.94453
41.2481_16.8129_0.965198
41.6052_17.1583_0.572499
42.0673_17.3408_0.1798
42.564_17.3326_-0.212899
43.0197_17.1349_-0.605598
43.3951_16.8062_-0.83295
43.7946_16.5108_-0.440251
44.2699_16.3607_-0.171562
44.7617_16.2703_-0.192231
45.2534_16.1798_-0.171562
45.7451_16.0894_-0.192231
46.2419_16.0914_0.200468
46.7285_16.2061_0.262473
47.2127_16.3308_0.241805
47.6969_16.4556_0.262473
48.1811_16.5803_0.241805
48.6773_16.6029_-0.150894
49.1445_16.4338_-0.543593
49.5114_16.0989_-0.936292
49.7504_15.6614_-1.20498
49.9147_15.1893_-1.26699
50.153_14.7533_-0.874287
50.5339_14.4334_-0.522925
50.9644_14.1792_-0.543593
51.395_13.9251_-0.522925
51.8256_13.6709_-0.543593
52.2927_13.5018_-0.150894
52.789_13.5244_0.241805
53.2437_13.7261_0.593167
53.6667_13.9926_0.531162
54.0951_14.2503_0.551831
54.5005_14.5422_0.696509
54.8873_14.859_0.675841
55.2806_15.1677_0.655172
55.6739_15.4765_0.675841
56.0672_15.7852_0.655172
56.4729_16.0774_0.593167
56.8846_16.3611_0.613836
57.2962_16.6449_0.593167
57.7079_16.9286_0.613836
58.1196_17.2124_0.593167
58.4694_17.5651_0.985866
58.7235_17.9955_1.08921
58.9596_18.4362_1.06854
59.1958_18.8769_1.08921
59.4319_19.3176_1.06854
59.5815_19.7914_1.46124
59.5385_20.2863_1.85394
59.3938_20.7649_1.87461
59.2492_21.2435_1.85394
59.1046_21.7221_1.87461
59.0513_22.216_1.48191
59.1111_22.7124_1.4199
59.1811_23.2074_1.44057
59.2512_23.7025_1.4199
59.3212_24.1976_1.44057
59.4806_24.6681_1.04787
59.7772_25.0693_0.820519
60.1143_25.4385_0.841188
60.4437_25.8147_0.861856
60.7731_26.1908_0.841188
61.0257_26.6186_1.23389
61.0953_27.1105_1.62659
60.9713_27.5916_2.01929
60.7054_28.0137_2.24664
60.3967_28.407_2.22597
60.0879_28.8003_2.24664
59.7792_29.1936_2.22597
59.4705_29.5869_2.24664
59.1618_29.9802_2.22597
58.853_30.3735_2.24664
58.5443_30.7668_2.22597
58.2438_31.1664_2.2053
57.9433_31.566_2.22597
57.6345_31.9593_2.24664
57.3258_32.3526_2.22597
56.9521_32.6799_2.61867
56.4816_32.8393_3.01137
55.9827_32.8475_3.23872
55.4846_32.8042_3.21805
54.9857_32.7711_3.19738
54.4938_32.8407_2.80468
54.066_33.0933_2.41198
53.7674_33.4903_2.01929
53.6434_33.9714_1.62659
53.713_34.4633_1.23389
53.9656_34.8911_0.841188
54.3246_35.2385_0.696509
54.7115_35.5552_0.675841
54.7955_35.6554_1.06854
