configuration -4.52205276489_51.1520843506_-0.288179288681_0.957576470876_89.803527832_11.5547637939_-0.656431103106_0.754385980036
length 132.173
time 300
roughness 0.00283594
-4.52205_51.1521_-0.58465
-4.08191_50.9164_-0.398634
-3.61914_50.7271_-0.377966
-3.15637_50.5378_-0.398634
-2.6936_50.3485_-0.377966
-2.23083_50.1592_-0.398634
-2.23083_50.1592_-0.398634
-1.75763_49.999_-0.253956
-1.275_49.8684_-0.274624
-0.792367_49.7378_-0.253956
-0.309737_49.6072_-0.274624
0.172894_49.4766_-0.253956
0.655524_49.346_-0.274624
1.13815_49.2154_-0.253956
1.62079_49.0848_-0.274624
2.10342_48.9542_-0.253956
2.42319_48.8645_0.0560697
2.9151_48.795_-0.336629
3.38162_48.6153_-0.398634
3.84038_48.4165_-0.419303
4.29913_48.2177_-0.398634
4.75789_48.0188_-0.419303
4.75789_48.0188_-0.419303
5.20326_47.7921_-0.522645
5.6339_47.538_-0.543313
6.06454_47.284_-0.522645
6.49518_47.0299_-0.543313
6.92582_46.7759_-0.522645
7.35646_46.5218_-0.543313
7.7871_46.2678_-0.522645
8.21774_46.0137_-0.543313
8.64839_45.7597_-0.522645
8.96822_45.5797_-0.253956
9.41549_45.3635_-0.646655
9.74597_44.9926_-1.03935
9.99488_44.5589_-1.06002
10.2348_44.1203_-1.08069
10.4656_43.6767_-1.10136
10.6964_43.2332_-1.08069
10.9363_42.7945_-1.06002
11.1762_42.3558_-1.08069
11.4256_41.8857_-0.377966
11.9143_41.7959_0.014733
12.4119_41.8394_0.159412
12.9047_41.9238_0.18008
13.3975_42.0083_0.159412
13.8903_42.0928_0.18008
14.3831_42.1772_0.159412
14.8759_42.2617_0.18008
15.3688_42.3462_0.159412
15.99_42.4384_-0.377966
16.4566_42.2587_-0.357298
16.9268_42.0887_-0.336629
17.397_41.9187_-0.357298
17.8672_41.7486_-0.336629
18.3408_41.5884_-0.315961
18.8144_41.4281_-0.336629
19.3653_41.2271_5.90522
19.7998_40.9827_5.63653
20.1957_40.6774_5.61586
20.5916_40.372_5.63653
20.9875_40.0666_5.61586
21.3834_39.7613_5.63653
21.3834_39.7613_5.63653
21.8179_39.5169_5.90522
22.2807_39.3276_5.88455
22.7435_39.1383_5.90522
23.2062_38.949_5.88455
23.669_38.7597_5.90522
24.1318_38.5704_5.88455
24.5905_38.3716_5.86388
25.0493_38.1727_5.88455
25.5121_37.9834_5.90522
25.9154_37.8187_6.0499
26.367_37.6118_5.6572
26.7356_37.2755_5.42985
27.0682_36.9021_5.45051
27.4008_36.5288_5.42985
27.7334_36.1555_5.45051
28.066_35.7822_5.42985
28.3908_35.4021_5.40918
28.7156_35.022_5.42985
28.981_34.7294_4.64445
28.901_34.2366_4.45843
28.7804_33.7513_4.4791
28.6598_33.2661_4.45843
28.5392_32.7809_4.4791
28.4186_32.2957_4.45843
28.4186_32.2957_4.45843
28.298_31.8104_4.4791
28.1774_31.3252_4.45843
28.0568_30.84_4.4791
27.9362_30.3548_4.45843
27.8056_29.8721_4.43776
27.675_29.3895_4.45843
27.5543_28.9043_4.4791
27.4337_28.419_4.45843
27.3435_28.074_5.3265
27.5451_27.6199_4.93381
27.5575_27.1233_4.54111
27.4173_26.6445_4.31375
27.228_26.1817_4.33442
27.0483_25.7151_4.35509
26.8686_25.2486_4.33442
26.6793_24.7858_4.31375
26.49_24.323_4.33442
26.206_23.5928_4.00373
25.9625_23.1598_4.39643
25.9032_22.6666_4.78913
25.9467_22.1685_4.8098
25.9902_21.6704_4.78913
26.0336_21.1723_4.8098
26.0771_20.6742_4.78913
26.1178_20.2104_3.67303
25.7468_19.8799_4.06573
25.5306_19.4326_4.45843
25.502_18.9366_4.85113
25.6654_18.4675_5.24383
25.9959_18.0966_5.63653
26.404_17.8079_5.69854
26.8181_17.5276_5.67787
27.2321_17.2474_5.69854
27.6462_16.9671_5.67787
28.0085_16.7043_5.78121
28.4627_16.4962_5.92589
28.9293_16.3165_5.90522
29.3958_16.1368_5.92589
29.8624_15.9571_5.90522
30.329_15.7774_5.92589
30.7992_15.6074_5.94656
31.2694_15.4374_5.92589
31.736_15.2577_5.90522
32.2026_15.078_5.92589
32.6436_14.9189_6.02923
33.1364_14.8389_6.21524
33.6356_14.8101_6.23591
34.1348_14.7813_6.21524
34.6339_14.7525_6.23591
35.1331_14.7237_6.21524
35.1331_14.7237_6.21524
35.6214_14.6236_5.94656
36.095_14.4633_5.96722
36.5686_14.3031_5.94656
37.0422_14.1428_5.96722
37.5158_13.9825_5.94656
37.9895_13.8223_5.96722
38.4663_13.6718_5.98789
38.9431_13.5214_5.96722
39.4167_13.3611_5.94656
39.7634_13.2516_6.25658
40.2631_13.2332_6.23591
40.7627_13.2147_6.25658
41.2624_13.1962_6.23591
41.762_13.1778_6.25658
42.2617_13.1593_6.23591
42.2617_13.1593_6.23591
42.7613_13.1408_6.25658
43.261_13.1224_6.23591
43.7606_13.1039_6.25658
44.2603_13.0854_6.23591
44.7599_13.067_6.25658
44.7599_13.067_6.25658
45.2581_13.1001_6.4426
45.7526_13.1744_6.42193
46.2484_13.2384_6.40126
46.7443_13.3024_6.42193
47.2402_13.3665_6.40126
47.7361_13.4305_6.42193
48.2305_13.5047_6.4426
48.7249_13.579_6.42193
49.2208_13.643_6.40126
49.6382_13.7061_6.62861
50.0991_13.8994_6.73195
50.5473_14.121_6.75262
50.9955_14.3426_6.73195
51.4482_14.5548_6.71129
51.9009_14.7671_6.73195
52.3491_14.9887_6.75262
52.7973_15.2102_6.73195
53.25_15.4225_6.71129
53.8053_15.6921_6.17391
54.3002_15.7353_6.56661
54.7817_15.8701_6.54594
55.2632_16.005_6.56661
55.7446_16.1398_6.54594
56.2261_16.2747_6.56661
56.7076_16.4095_6.54594
57.189_16.5444_6.56661
57.6705_16.6792_6.54594
58.1736_16.8052_7.20733
58.4538_17.2191_7.31067
58.7078_17.6497_7.33134
58.9619_18.0804_7.31067
59.2247_18.5057_7.29
59.4876_18.931_7.31067
59.7417_19.3616_7.33134
59.9957_19.7922_7.31067
60.2586_20.2175_7.29
60.6372_20.8449_6.87663
61.0601_21.1115_6.81463
61.4885_21.3694_6.8353
61.9115_21.636_6.85596
62.3344_21.9026_6.8353
62.7628_22.1604_6.81463
62.7628_22.1604_6.81463
63.2107_22.3818_6.66995
63.6756_22.5656_6.64928
64.1406_22.7494_6.66995
64.6056_22.9332_6.64928
65.0706_23.117_6.66995
65.5356_23.3008_6.64928
66.0043_23.4749_6.62861
66.4729_23.6491_6.64928
66.9379_23.8329_6.66995
67.2788_23.9593_6.35992
67.7783_23.9615_6.21524
68.2768_23.9224_6.19458
68.7752_23.8833_6.21524
69.2737_23.8442_6.19458
69.7722_23.8051_6.21524
70.2706_23.766_6.19458
70.7691_23.7269_6.21524
71.2675_23.6878_6.19458
71.9164_23.6334_5.69854
72.3304_23.3532_5.67787
72.7445_23.073_5.69854
73.1586_22.7927_5.67787
73.5727_22.5125_5.69854
73.9867_22.2322_5.67787
73.9867_22.2322_5.67787
74.4425_22.0347_6.07057
74.9396_22.0163_6.42193
75.4341_22.0906_6.4426
75.9285_22.1648_6.42193
76.423_22.2391_6.4426
76.9174_22.3133_6.42193
77.4133_22.3774_6.40126
77.9092_22.4414_6.42193
78.3089_22.5027_5.51252
78.7208_22.2239_5.86388
79.1796_22.025_5.88455
79.6424_21.8357_5.90522
80.1051_21.6464_5.88455
80.565_21.447_5.86388
81.0495_21.3372_6.25658
81.5486_21.36_6.40126
82.0444_21.424_6.42193
82.5403_21.488_6.40126
83.0362_21.5521_6.42193
83.5321_21.6161_6.40126
84.0279_21.6801_6.42193
84.3412_21.6621_6.02923
84.3442_21.7244_5.11982
84.5926_21.2917_5.34717
84.8849_20.886_5.3265
85.1772_20.4804_5.34717
85.4696_20.0747_5.3265
85.7619_19.6691_5.34717
85.7619_19.6691_5.34717
86.0193_19.2413_5.16116
86.2409_18.7931_5.18183
86.4625_18.3449_5.16116
86.684_17.8967_5.18183
86.9056_17.4485_5.16116
86.9056_17.4485_5.16116
87.1272_17.0002_5.18183
87.3487_16.552_5.16116
87.5703_16.1038_5.18183
87.7919_15.6556_5.16116
88.0134_15.2074_5.18183
88.0134_15.2074_5.18183
88.235_14.7592_5.16116
88.4566_14.3109_5.18183
88.6782_13.8627_5.16116
88.8997_13.4145_5.18183
89.1213_12.9663_5.16116
89.3429_12.5181_5.18183
89.5644_12.0699_5.16116
89.7767_11.6172_5.14049
