configuration -4.52205276489_51.1520843506_-0.288179288681_0.957576470876_89.803527832_11.5547637939_-0.656431103106_0.754385980036
length 143.341
time 3.20163
roughness 0.000731132
-4.52205_51.1521_-0.58465
-4.09681_50.8892_-0.522645
-3.66102_50.6441_-0.501976
-3.22522_50.399_-0.522645
-2.78942_50.154_-0.501976
-2.35362_49.9089_-0.522645
-1.88304_49.7496_-0.129946
-1.3841_49.7312_0.0560697
-0.884629_49.754_0.0354013
-0.384795_49.7666_0.014733
0.115039_49.7791_0.0354013
0.605412_49.6995_-0.357298
1.02799_49.4383_-0.749997
1.39733_49.1013_-0.729328
1.76667_48.7643_-0.749997
2.13601_48.4272_-0.729328
2.43473_48.0303_-1.12203
2.55881_47.5492_-1.51473
2.48934_47.0573_-1.90743
2.30012_46.5948_-2.01077
2.09185_46.1402_-1.9901
1.98201_45.6557_-1.5974
1.98421_45.1558_-1.53539
1.99674_44.656_-1.55606
2.00927_44.1561_-1.53539
2.0218_43.6563_-1.55606
1.97252_43.1598_-1.78342
1.86196_42.6722_-1.80408
1.75141_42.1846_-1.78342
1.64086_41.697_-1.80408
1.5303_41.2093_-1.78342
1.52222_40.7126_-1.39072
1.70484_40.2506_-0.998017
1.98015_39.8332_-0.977349
2.26403_39.4216_-0.956681
2.5479_39.0101_-0.977349
2.90073_38.6603_-0.58465
3.35347_38.4529_-0.274624
3.8333_38.3123_-0.295293
4.31012_38.1619_-0.315961
4.78694_38.0114_-0.295293
5.22489_37.7769_-0.687992
5.53976_37.3927_-1.08069
5.68361_36.9171_-1.47339
5.63453_36.4228_-1.86609
5.46458_35.9528_-1.96943
5.36478_35.4661_-1.57673
5.4588_34.9783_-1.18403
5.73235_34.5636_-0.791334
6.14377_34.2852_-0.398634
6.60253_34.0863_-0.419303
7.05261_33.8687_-0.481308
7.49817_33.6419_-0.46064
7.94372_33.415_-0.481308
8.38928_33.1881_-0.46064
8.83484_32.9612_-0.481308
9.28492_32.7437_-0.419303
9.74368_32.5448_-0.398634
10.2024_32.346_-0.419303
10.6612_32.1472_-0.398634
11.12_31.9483_-0.419303
11.6007_31.8183_-0.109277
12.0971_31.7586_-0.129946
12.5935_31.6989_-0.109277
13.0899_31.6393_-0.129946
13.5863_31.5796_-0.109277
14.0777_31.4894_-0.253956
14.5603_31.3588_-0.274624
15.0429_31.2282_-0.253956
15.5256_31.0975_-0.274624
16.0082_30.9669_-0.253956
16.5022_30.8972_-0.0266038
17.0019_30.8787_-0.0472721
17.501_30.8499_-0.0679405
18.0002_30.8211_-0.0472721
18.4994_30.7924_-0.0679405
18.9789_30.6626_-0.46064
19.3723_30.3592_-0.853339
19.6971_29.9791_-0.874007
20.0219_29.599_-0.853339
20.3467_29.2188_-0.874007
20.5851_28.783_-1.26671
20.6795_28.2931_-1.49406
20.723_27.795_-1.47339
20.7768_27.2979_-1.45272
20.8305_26.8008_-1.47339
20.9744_26.3253_-1.08069
21.2893_25.941_-0.687992
21.6971_25.6525_-0.543313
22.1277_25.3985_-0.522645
22.5584_25.1444_-0.543313
22.9254_24.8096_-0.936012
23.1363_24.3598_-1.32871
23.159_23.8635_-1.72141
23.0891_23.3684_-1.70074
23.0192_22.8733_-1.72141
23.0419_22.377_-1.32871
23.2528_21.9272_-0.936012
23.5451_21.5216_-0.956681
23.8374_21.116_-0.936012
24.1297_20.7103_-0.956681
24.4541_20.3308_-0.770665
24.8092_19.9788_-0.791334
25.1569_19.6195_-0.812002
25.5047_19.2603_-0.791334
25.8524_18.901_-0.812002
26.2346_18.5802_-0.58465
26.6486_18.3_-0.605318
27.0568_18.0113_-0.625987
27.465_17.7225_-0.605318
27.8732_17.4338_-0.625987
28.3249_17.2268_-0.233287
28.8213_17.2085_0.159412
29.3048_17.3332_0.345427
29.777_17.4976_0.324759
30.2491_17.662_0.345427
30.7366_17.7665_0.0767381
31.2347_17.81_0.0974065
31.7328_17.8534_0.0767381
32.2309_17.8969_0.0974065
32.729_17.9404_0.0767381
33.2222_17.8811_-0.315961
33.666_17.6552_-0.625987
34.0742_17.3664_-0.605318
34.4824_17.0777_-0.625987
34.8906_16.7889_-0.605318
35.3464_16.5914_-0.212619
35.8436_16.5627_0.0974065
36.3416_16.6062_0.0767381
36.8397_16.6497_0.0974065
37.3378_16.6931_0.0767381
37.8253_16.7976_0.345427
38.294_16.9717_0.366095
38.7626_17.1459_0.345427
39.2313_17.32_0.366095
39.7_17.4942_0.345427
40.1913_17.568_-0.0472721
40.6734_17.4481_-0.439971
41.073_17.1529_-0.83267
41.3472_16.7372_-1.1427
41.5594_16.2845_-1.12203
41.6835_15.8035_-1.51473
41.7064_15.304_-1.53539
41.7189_14.8042_-1.55606
41.7314_14.3043_-1.53539
41.744_13.8045_-1.55606
41.8481_13.3187_-1.16336
42.1301_12.9098_-0.770665
42.4994_12.5728_-0.70866
42.8756_12.2435_-0.729328
43.245_11.9065_-0.749997
43.6676_11.6453_-0.357298
44.1442_11.4949_-0.253956
44.6268_11.3643_-0.274624
45.1066_11.2237_-0.295293
45.5865_11.0832_-0.274624
46.0817_11.0443_0.118075
46.5542_11.198_0.510774
46.9319_11.5207_0.903473
47.2289_11.9228_0.965478
47.5483_12.2319_0.572779
48.0103_12.4146_0.18008
48.5081_12.4477_-0.0472721
49.0078_12.4292_-0.0266038
49.5077_12.4211_-0.0059354
50.0076_12.4129_-0.0266038
50.4973_12.4969_0.366095
50.9541_12.6996_0.469437
51.4023_12.9212_0.448769
51.855_13.1335_0.4281
52.3077_13.3457_0.448769
52.7888_13.4698_0.0560697
53.2807_13.4003_-0.336629
53.7509_13.2303_-0.357298
54.2174_13.0506_-0.377966
54.684_12.8709_-0.357298
55.1744_12.7913_0.0354013
55.6742_12.8038_0.014733
56.1742_12.806_-0.0059354
56.6742_12.8082_0.014733
57.1742_12.8104_-0.0059354
57.662_12.9045_0.386764
58.0767_13.178_0.779463
58.3552_13.5894_1.17216
58.4954_14.0682_1.39951
58.5755_14.5618_1.42018
58.7445_15.0289_1.02748
59.0074_15.4542_1.00681
59.279_15.874_0.986146
59.5506_16.2938_1.00681
59.8222_16.7136_0.986146
60.0103_17.1734_1.37885
60.0699_17.6694_1.52352
60.0987_18.1685_1.50286
60.1275_18.6677_1.52352
60.1563_19.1669_1.50286
60.2861_19.6464_1.11016
60.5895_20.0398_0.717458
61.0002_20.323_0.490106
61.4437_20.5538_0.469437
61.8873_20.7846_0.490106
62.3041_21.0595_0.676121
62.6973_21.3684_0.655453
63.0968_21.669_0.634784
63.4963_21.9696_0.655453
63.8895_22.2785_0.676121
64.295_22.5707_0.572779
64.7123_22.846_0.593447
65.1297_23.1213_0.572779
65.5471_23.3966_0.593447
65.9644_23.6719_0.572779
66.3503_23.9881_0.800131
66.7023_24.3432_0.779463
67.0543_24.6983_0.800131
67.4063_25.0534_0.779463
67.7583_25.4085_0.800131
68.1673_25.6906_0.407432
68.653_25.7947_0.014733
69.1416_25.7049_-0.377966
69.6003_25.5061_-0.439971
70.0549_25.2979_-0.419303
70.5394_25.188_-0.0266038
71.0393_25.1902_0.0354013
71.5388_25.2131_0.0560697
72.0382_25.2359_0.0354013
72.5377_25.2588_0.0560697
73.0296_25.1893_-0.336629
73.4632_24.9455_-0.687992
73.8527_24.632_-0.667323
74.2422_24.3185_-0.687992
74.6317_24.0051_-0.667323
75.0212_23.6916_-0.687992
75.4108_23.3781_-0.667323
75.8003_23.0646_-0.687992
76.1898_22.7511_-0.667323
76.5793_22.4377_-0.687992
77.0173_22.2031_-0.295293
77.5116_22.1541_0.0974065
77.9871_22.2979_0.490106
78.3714_22.6128_0.882805
78.6335_23.0368_1.15149
78.887_23.4665_0.924141
79.1841_23.8687_0.94481
79.4812_24.2708_0.924141
79.7784_24.6729_0.94481
80.0755_25.0751_0.924141
80.4464_25.4056_0.531442
80.9156_25.5689_0.138743
81.4115_25.5403_-0.253956
81.8588_25.3241_-0.646655
82.2483_25.0107_-0.70866
82.5551_24.62_-1.10136
82.7859_24.1764_-1.08069
83.0258_23.7378_-1.06002
83.2657_23.2991_-1.08069
83.5056_22.8604_-1.06002
83.7807_22.4434_-0.915344
84.0813_22.0439_-0.936012
84.3736_21.6382_-0.956681
84.666_21.2326_-0.936012
84.9583_20.827_-0.956681
85.2159_20.3989_-1.10136
85.4467_19.9554_-1.08069
85.6775_19.5119_-1.10136
85.9082_19.0683_-1.08069
86.139_18.6248_-1.10136
86.3698_18.1812_-1.08069
86.6006_17.7377_-1.10136
86.8314_17.2942_-1.08069
87.0622_16.8506_-1.10136
87.2929_16.4071_-1.08069
87.5237_15.9635_-1.10136
87.7545_15.52_-1.08069
87.9853_15.0764_-1.10136
88.2161_14.6329_-1.08069
88.4469_14.1894_-1.10136
88.5809_13.711_-1.49406
88.5216_13.2177_-1.88676
88.2781_12.7847_-2.27946
87.9058_12.4531_-2.54815
87.4943_12.1692_-2.52748
87.4943_12.1692_-2.13478
87.4943_12.1692_-1.74208
87.5067_11.6726_-1.34938
87.7083_11.2185_-0.956681
88.0683_10.8762_-0.563981
88.5318_10.6976_-0.171282
89.0285_10.7101_0.221417
89.4826_10.9116_0.614116
89.8249_11.2716_1.00681
89.9511_11.4042_0.614116
89.9511_11.4042_0.221417
89.9511_11.4042_-0.171282
89.9511_11.4042_-0.563981
89.9511_11.4042_-0.956681
