configuration -4.52205276489_51.1520843506_-0.288179288681_0.957576470876_89.803527832_11.5547637939_-0.656431103106_0.754385980036
length 129.795
time 2.33986
roughness 0.000595104
-4.52205_51.1521_-0.58465
-4.09681_50.8892_-0.522645
-3.66102_50.6441_-0.501976
-3.22522_50.399_-0.522645
-2.78942_50.154_-0.501976
-2.35362_49.9089_-0.522645
-1.88304_49.7496_-0.129946
-1.3841_49.7312_0.0560697
-0.884629_49.754_0.0354013
-0.384795_49.7666_0.014733
0.115039_49.7791_0.0354013
0.605412_49.6995_-0.357298
1.02799_49.4383_-0.749997
1.39733_49.1013_-0.729328
1.76667_48.7643_-0.749997
2.13601_48.4272_-0.729328
2.5639_48.1748_-0.336629
3.04352_48.0343_-0.233287
3.52875_47.9137_-0.253956
4.01398_47.7931_-0.233287
4.4992_47.6725_-0.253956
4.97241_47.5124_-0.398634
5.43117_47.3135_-0.419303
5.88992_47.1147_-0.398634
6.34868_46.9159_-0.419303
6.80744_46.7171_-0.398634
7.2662_46.5182_-0.419303
7.72496_46.3194_-0.398634
8.18371_46.1206_-0.419303
8.64247_45.9218_-0.398634
9.10123_45.7229_-0.419303
9.58572_45.6131_-0.0266038
10.0754_45.697_0.366095
10.5322_45.8998_0.469437
10.9804_46.1213_0.448769
11.4286_46.3429_0.469437
11.8893_46.5361_0.324759
12.3648_46.6907_0.30409
12.8403_46.8454_0.324759
13.3157_47_0.30409
13.7912_47.1546_0.324759
14.2839_47.2183_-0.0679405
14.7635_47.0885_-0.46064
15.1568_46.7851_-0.853339
15.4313_46.3689_-1.12203
15.6529_45.9207_-1.10136
15.9598_45.53_-0.70866
16.3615_45.2332_-0.563981
16.7813_44.9616_-0.58465
17.1954_44.6813_-0.605318
17.6095_44.4011_-0.58465
18.0496_44.1654_-0.398634
18.5084_43.9665_-0.419303
18.9629_43.7583_-0.439971
19.4175_43.55_-0.419303
19.872_43.3417_-0.439971
20.3541_43.2219_-0.0472721
20.8454_43.2957_0.345427
21.2711_43.5519_0.738126
21.5833_43.9398_1.04815
21.8373_44.3705_1.02748
22.0063_44.8377_1.42018
22.035_45.3361_1.6062
22.0225_45.8359_1.58553
22.0203_46.3359_1.56486
22.0181_46.8359_1.58553
22.1078_47.3245_1.19283
22.3344_47.7695_1.00681
22.5973_48.1948_1.02748
22.8513_48.6254_1.04815
23.1054_49.056_1.02748
23.3683_49.4813_1.00681
23.6311_49.9066_1.02748
23.894_50.3319_1.00681
24.1657_50.7517_0.986146
24.4373_51.1715_1.00681
24.7002_51.5968_1.02748
24.9542_52.0274_1.04815
25.2083_52.4581_1.02748
25.4623_52.8887_1.04815
25.7164_53.3194_1.02748
26.0512_53.6863_0.634784
26.501_53.8972_0.242085
26.9971_53.9405_-0.0679405
27.4963_53.9118_-0.0472721
27.996_53.8933_-0.0266038
28.4959_53.8955_0.0354013
28.9957_53.908_0.014733
29.4955_53.9206_0.0354013
29.9954_53.9331_0.014733
30.4952_53.9456_0.0354013
30.9856_53.866_-0.357298
31.4082_53.6048_-0.749997
31.6986_53.2017_-1.1427
31.8127_52.7182_-1.53539
31.7432_52.2257_-1.88676
31.7432_52.2257_-1.49406
31.8771_51.7473_-1.10136
32.184_51.3566_-0.70866
32.617_51.1131_-0.315961
33.1096_51.0435_0.0354013
33.6062_51.0973_0.18008
34.099_51.1817_0.159412
34.5918_51.2662_0.18008
35.0846_51.3507_0.159412
35.5775_51.4351_0.18008
36.0742_51.427_-0.212619
36.53_51.2295_-0.605318
36.8982_50.8935_-0.874007
37.2231_50.5134_-0.853339
37.5557_50.14_-0.83267
37.9552_49.8448_-0.439971
38.4248_49.6751_-0.253956
38.9074_49.5444_-0.274624
39.39_49.4138_-0.253956
39.8726_49.2832_-0.274624
40.3679_49.2444_0.118075
40.8638_49.3084_0.138743
41.3597_49.3724_0.118075
41.8555_49.4365_0.138743
42.3514_49.5005_0.118075
42.8473_49.5645_0.138743
43.3417_49.6388_0.159412
43.8362_49.713_0.138743
44.3306_49.7873_0.159412
44.8251_49.8616_0.138743
45.321_49.833_-0.253956
45.7733_49.6258_-0.605318
46.1873_49.3455_-0.58465
46.6014_49.0653_-0.605318
47.0155_48.785_-0.58465
47.4753_48.5969_-0.191951
47.9721_48.5991_0.200748
48.456_48.7239_0.30409
48.9346_48.8687_0.283422
49.4132_49.0135_0.30409
49.8946_49.1483_0.242085
50.3787_49.2732_0.262753
50.8629_49.3981_0.242085
51.347_49.5229_0.262753
51.8311_49.6478_0.242085
52.3125_49.7826_0.30409
52.7911_49.9274_0.283422
53.2697_50.0722_0.30409
53.7483_50.2169_0.283422
54.2268_50.3617_0.30409
54.7207_50.4151_-0.0886089
55.1975_50.2755_-0.481308
55.5845_49.964_-0.874007
55.9093_49.5839_-0.853339
56.242_49.2106_-0.83267
56.6415_48.9154_-0.439971
57.1236_48.7955_-0.0472721
57.6228_48.7667_-0.0679405
58.1213_48.7276_-0.0886089
58.6197_48.6886_-0.0679405
59.1124_48.7522_0.324759
59.5642_48.964_0.552111
59.9926_49.2218_0.531442
60.4209_49.4796_0.552111
60.8493_49.7374_0.531442
61.3185_49.9008_0.138743
61.8145_49.8722_-0.253956
62.2617_49.656_-0.646655
62.6376_49.327_-0.791334
62.9854_48.9677_-0.812002
63.2593_48.5525_-1.16336
63.4621_48.0955_-1.1427
63.665_47.6385_-1.16336
63.8679_47.1815_-1.1427
64.0707_46.7245_-1.16336
64.3528_46.3156_-0.770665
64.7417_46.0025_-0.58465
65.1558_45.7223_-0.605318
65.564_45.4335_-0.625987
65.9722_45.1448_-0.605318
66.3177_44.7879_-0.998017
66.5003_44.3258_-1.39072
66.5025_43.8284_-1.74208
66.4224_43.3349_-1.72141
66.3423_42.8414_-1.74208
66.3547_42.3447_-1.34938
66.5563_41.8907_-0.956681
66.8569_41.4912_-0.894675
67.1657_41.098_-0.915344
67.4664_40.6985_-0.936012
67.6773_40.2487_-1.32871
67.7411_39.7539_-1.55606
67.7537_39.254_-1.53539
67.7765_38.7546_-1.51473
67.7994_38.2551_-1.53539
67.9135_37.7716_-1.1427
68.1793_37.3499_-0.874007
68.5041_36.9698_-0.853339
68.829_36.5897_-0.874007
69.1538_36.2095_-0.853339
69.4786_35.8294_-0.874007
69.8034_35.4493_-0.853339
70.1282_35.0692_-0.874007
70.4451_34.6825_-0.894675
70.762_34.2957_-0.874007
71.1095_33.9368_-0.729328
71.4788_33.5998_-0.749997
71.8482_33.2628_-0.729328
72.2175_32.9257_-0.749997
72.5868_32.5887_-0.729328
73.0147_32.3363_-0.336629
73.4849_32.1663_-0.357298
73.9551_31.9963_-0.336629
74.4253_31.8263_-0.357298
74.8955_31.6562_-0.336629
75.3234_31.4038_-0.729328
75.6553_31.0313_-0.956681
75.9476_30.6257_-0.936012
76.2399_30.22_-0.956681
76.5323_29.8144_-0.936012
76.8992_29.4795_-0.543313
77.335_29.2345_-0.481308
77.7805_29.0076_-0.46064
78.2261_28.7807_-0.481308
78.6716_28.5539_-0.46064
79.065_28.2504_-0.853339
79.3654_27.8513_-0.998017
79.632_27.4283_-1.01869
79.8987_27.0053_-0.998017
80.1653_26.5824_-1.01869
80.4319_26.1594_-0.998017
80.6985_25.7364_-1.01869
80.9651_25.3135_-0.998017
81.2318_24.8905_-1.01869
81.4984_24.4675_-0.998017
81.765_24.0446_-1.01869
82.0316_23.6216_-0.998017
82.2983_23.1986_-1.01869
82.5649_22.7756_-0.998017
82.8402_22.3583_-0.977349
83.193_22.0085_-0.58465
83.6128_21.7369_-0.563981
84.0381_21.474_-0.543313
84.4634_21.2111_-0.563981
84.8887_20.9482_-0.543313
85.2557_20.6134_-0.936012
85.5131_20.1856_-1.12203
85.7347_19.7374_-1.10136
85.9563_19.2892_-1.12203
86.1778_18.8409_-1.10136
86.3994_18.3927_-1.12203
86.621_17.9445_-1.10136
86.8425_17.4963_-1.12203
87.0641_17.0481_-1.10136
87.2857_16.5999_-1.12203
87.5072_16.1516_-1.10136
87.7288_15.7034_-1.12203
87.9504_15.2552_-1.10136
88.1719_14.807_-1.12203
88.3935_14.3588_-1.10136
88.6151_13.9106_-1.12203
88.8366_13.4623_-1.10136
89.0582_13.0141_-1.12203
89.2798_12.5659_-1.10136
89.5106_12.1224_-1.08069
89.7414_11.6788_-1.10136
