configuration -17.6504554749_-22.9172973633_0.256229049699_0.256229049699_76.2194671631_43.7661514282_0.386216847154_0.922408015454
length 149.494
time 74.8961
roughness 0.000647317
-17.6505_-22.9173_0.150019
-17.1632_-22.8071_0.294697
-16.6863_-22.657_0.315366
-16.2094_-22.5068_0.294697
-15.7325_-22.3567_0.315366
-15.2555_-22.2065_0.294697
-14.8175_-21.9722_0.687396
-14.4343_-21.651_0.708065
-14.0579_-21.3219_0.728733
-13.6815_-20.9928_0.708065
-13.305_-20.6637_0.728733
-12.9033_-20.3673_0.542718
-12.4778_-20.1047_0.563386
-12.0524_-19.842_0.542718
-11.6269_-19.5794_0.563386
-11.2015_-19.3167_0.542718
-10.7608_-19.0811_0.439376
-10.3105_-18.8637_0.460044
-9.8602_-18.6464_0.439376
-9.40992_-18.429_0.460044
-8.95964_-18.2117_0.439376
-8.5599_-17.9167_0.832075
-8.30347_-17.4912_1.22477
-8.21915_-17.001_1.57614
-8.21665_-16.501_1.55547
-8.21415_-16.001_1.57614
-8.11984_-15.5132_1.18344
-7.84604_-15.0987_0.790738
-7.43446_-14.8205_0.398039
-6.94773_-14.721_0.00533995
-6.45338_-14.7851_-0.263349
-6.45338_-14.7851_0.12935
-5.9827_-14.6261_0.522049
-5.60869_-14.2992_0.914748
-5.38827_-13.8539_1.30745
-5.33442_-13.3589_1.61747
-5.37322_-12.8605_1.67948
-5.42231_-12.3629_1.65881
-5.47141_-11.8653_1.67948
-5.5205_-11.3677_1.65881
-5.56959_-10.8702_1.67948
-5.5261_-10.3753_1.28678
-5.35182_-9.90709_1.1421
-5.14869_-9.45022_1.16277
-4.95505_-8.98925_1.18344
-4.7614_-8.52828_1.16277
-4.65703_-8.04258_1.55547
-4.70601_-7.54606_1.78282
-4.80618_-7.05621_1.76215
-4.89619_-6.56439_1.74148
-4.98621_-6.07256_1.76215
-5.17403_-5.61264_2.15485
-5.49458_-5.23032_2.3822
-5.85362_-4.88235_2.36153
-6.21267_-4.53439_2.3822
-6.57171_-4.18643_2.36153
-6.84992_-3.77484_1.96884
-6.94944_-3.28812_1.57614
-6.90572_-2.79076_1.39012
-6.82096_-2.298_1.41079
-6.73621_-1.80525_1.39012
-6.55331_-1.34335_0.997422
-6.28643_-0.920535_1.01809
-6.01956_-0.497725_0.997422
-5.75268_-0.0749139_1.01809
-5.48581_0.347897_0.997422
-5.21025_0.765101_0.976753
-4.9347_1.18231_0.997422
-4.65914_1.59951_0.976753
-4.38358_2.01672_0.997422
-4.10803_2.43392_0.976753
-3.75499_2.78345_0.584054
-3.32438_3.03713_0.480713
-2.88347_3.2729_0.501381
-2.44256_3.50867_0.480713
-2.00165_3.74444_0.501381
-1.53975_3.93307_0.274029
-1.05984_4.07334_0.294697
-0.579929_4.21361_0.274029
-0.100018_4.35388_0.294697
0.379894_4.49415_0.274029
0.87519_4.5327_-0.11867
1.36952_4.45815_-0.180675
1.86042_4.36323_-0.201344
2.35132_4.26831_-0.180675
2.84221_4.17338_-0.201344
3.339_4.1709_0.191355
3.80743_4.33997_0.501381
4.24834_4.57574_0.480713
4.68925_4.81151_0.501381
5.13016_5.04728_0.480713
5.607_5.18665_0.0880134
6.10645_5.20481_-0.0153284
6.60644_5.20231_0.00533995
7.10642_5.19982_-0.0153284
7.60641_5.19732_0.00533995
8.09416_5.103_-0.387359
8.5207_4.84595_-0.697385
8.90725_4.52883_-0.676716
9.30027_4.21976_-0.656048
9.6933_3.91069_-0.676716
10.1339_3.68112_-0.284017
10.6288_3.63762_0.108682
11.1026_3.78682_0.501381
11.5333_4.04058_0.563386
11.9588_4.30321_0.542718
12.4261_4.47187_0.150019
12.9223_4.44886_-0.242681
13.3973_4.29408_-0.387359
13.8622_4.11_-0.366691
14.3271_3.92593_-0.387359
14.7839_3.72283_-0.449364
15.2365_3.5103_-0.428696
15.689_3.29777_-0.449364
16.1416_3.08525_-0.428696
16.5942_2.87272_-0.449364
17.0752_2.74836_-0.0566652
17.5671_2.81753_0.336034
18.0063_3.05236_0.64606
18.4086_3.34924_0.625391
18.8169_3.63773_0.604723
19.2253_3.92623_0.625391
19.6337_4.21473_0.604723
20.042_4.50322_0.625391
20.4504_4.79172_0.604723
20.8588_5.08022_0.625391
21.2671_5.36872_0.604723
21.6755_5.65721_0.625391
22.0838_5.94571_0.604723
22.4922_6.23421_0.625391
22.9006_6.52271_0.604723
23.3565_6.71999_0.212024
23.8532_6.72778_-0.180675
24.3234_6.56373_-0.490701
24.7669_6.33268_-0.470033
25.2149_6.11084_-0.449364
25.6959_5.98648_-0.0566652
26.1879_6.05565_0.336034
26.6372_6.27254_0.563386
27.0626_6.53518_0.542718
27.4881_6.79782_0.563386
27.8483_7.13997_0.956085
28.1408_7.54543_0.935417
28.4417_7.94476_0.914748
28.7426_8.34409_0.935417
29.0435_8.74342_0.914748
29.4175_9.0704_0.522049
29.879_9.25886_0.25336
30.3617_9.38918_0.274029
30.8416_9.52945_0.294697
31.3215_9.66972_0.274029
31.8168_9.70828_-0.11867
32.2892_9.55435_-0.511369
32.7277_9.31419_-0.490701
33.1662_9.07403_-0.511369
33.6048_8.83386_-0.490701
34.0802_8.68973_-0.0980019
34.5746_8.73851_0.294697
35.0127_8.97278_0.687396
35.3958_9.29401_0.708065
35.779_9.61525_0.687396
36.1621_9.93648_0.708065
36.5453_10.2577_0.687396
36.9284_10.5789_0.708065
37.3116_10.9002_0.687396
37.6947_11.2214_0.708065
38.1279_11.4647_0.315366
38.6127_11.5849_0.170687
39.1046_11.6749_0.191355
39.5964_11.7649_0.170687
40.0882_11.8549_0.191355
40.5481_12.0428_0.584054
40.9735_12.3054_0.522049
41.4043_12.5592_0.542718
41.8351_12.8129_0.522049
42.2659_13.0667_0.542718
42.6331_13.4014_0.935417
42.9256_13.8068_0.956085
43.2098_14.2183_0.976753
43.4939_14.6297_0.956085
43.778_15.0411_0.976753
44.1171_15.4058_0.666728
44.5068_15.719_0.687396
44.89_16.0403_0.708065
45.2731_16.3615_0.687396
45.6562_16.6828_0.708065
46.0894_16.926_0.315366
46.5827_16.985_-0.0773335
47.0747_16.9004_-0.263349
47.5561_16.7652_-0.284017
48.0375_16.6301_-0.263349
48.5092_16.4655_-0.408028
48.9701_16.2719_-0.387359
49.435_16.0878_-0.366691
49.8999_15.9037_-0.387359
50.3648_15.7197_-0.366691
50.8072_15.4891_-0.594043
51.2244_15.2135_-0.573374
51.6416_14.938_-0.594043
52.0588_14.6624_-0.573374
52.476_14.3869_-0.594043
52.9341_14.1945_-0.201344
53.4311_14.1508_0.0260083
53.931_14.1586_0.00533995
54.4309_14.1665_0.0260083
54.9309_14.1743_0.00533995
55.4186_14.08_-0.387359
55.8754_13.8769_-0.449364
56.328_13.6644_-0.428696
56.7806_13.4518_-0.449364
57.2331_13.2393_-0.428696
57.7166_13.1249_-0.0359968
58.207_13.2042_0.356702
58.6297_13.4652_0.749401
58.9204_13.8681_1.1421
59.1044_14.3327_1.24544
59.2691_14.8048_1.22477
59.4338_15.2769_1.24544
59.5888_15.7523_1.26611
59.7437_16.2277_1.24544
59.9084_16.6998_1.22477
60.1297_17.1469_0.997422
60.3966_17.5697_1.01809
60.6547_17.9979_1.03876
60.9128_18.4262_1.01809
61.1709_18.8544_1.03876
61.4289_19.2826_1.01809
61.687_19.7109_1.03876
61.9451_20.1391_1.01809
62.2032_20.5673_1.03876
62.4613_20.9956_1.01809
62.7453_21.4068_0.914748
63.0543_21.7999_0.89408
63.3634_22.1929_0.914748
63.6725_22.5859_0.89408
63.9815_22.9789_0.914748
64.2019_23.4241_1.30745
64.2866_23.9162_1.49346
64.3304_24.4143_1.47279
64.3741_24.9123_1.49346
64.4179_25.4104_1.47279
64.4617_25.9085_1.49346
64.4952_26.4074_1.51413
64.5286_26.9062_1.49346
64.5621_27.4051_1.51413
64.5956_27.904_1.49346
64.7299_28.3823_1.10076
64.9964_28.8045_0.914748
65.2972_29.2038_0.935417
65.5981_29.6031_0.914748
65.899_30.0025_0.935417
66.1999_30.4018_0.914748
66.5007_30.8011_0.935417
66.8016_31.2004_0.914748
67.1025_31.5998_0.935417
67.4034_31.9991_0.914748
67.6238_32.4443_1.30745
67.6674_32.9398_1.65881
67.6286_33.4383_1.63814
67.5898_33.9368_1.65881
67.551_34.4353_1.63814
67.4215_34.9149_2.03084
67.1679_35.3453_2.17552
66.8879_35.7596_2.15485
66.6165_36.1795_2.13418
66.3451_36.5994_2.15485
66.1573_37.0594_1.76215
66.1598_37.5562_1.36945
66.3522_38.0142_0.976753
66.661_38.4069_0.832075
66.9938_38.78_0.852743
67.3874_39.0832_0.460044
67.8331_39.3098_0.480713
68.274_39.5455_0.501381
68.7149_39.7813_0.480713
69.1558_40.0171_0.501381
69.5365_40.3363_0.89408
69.7661_40.7768_1.28678
69.8912_41.2608_1.34878
70.0064_41.7474_1.32812
70.1215_42.2339_1.34878
70.3233_42.6879_0.956085
70.6835_43.03_0.563386
71.1472_43.2083_0.170687
71.6423_43.2779_0.108682
72.1398_43.327_0.0880134
72.6374_43.3761_0.108682
73.135_43.4252_0.0880134
73.6326_43.4743_0.108682
74.129_43.5337_0.12935
74.6255_43.593_0.108682
75.1204_43.5495_-0.284017
75.5609_43.32_-0.676716
75.7289_43.1196_-1.06942
75.7917_42.9201_-1.46211
75.7734_42.7117_-1.85481
75.568_42.3175_-2.24751
75.4077_42.1831_-2.64021
75.2331_42.1282_-3.03291
75.0508_42.1442_-3.42561
74.9744_42.1639_-3.3636
74.7594_42.2595_-3.7563
74.6513_42.3733_-4.149
74.6098_42.4405_-4.16967
74.6098_42.4405_-4.149
74.6098_42.4405_-4.12833
74.6098_42.4405_-4.52103
74.6098_42.4405_-4.91373
74.6098_42.4405_-5.30643
74.7957_42.6244_-5.69913
75.0377_42.7233_-6.09183
75.4976_42.9111_-5.69913
75.8321_43.2422_-5.30643
76.1246_43.6476_-5.36844
