configuration 46.8230323792_-26.2805175781_0.619899316938_0.784681360082_54.818611145_35.6322822571_0.774404309534_0.632691050494
length 96.5486
time 1.06253
roughness 0.00138186
46.823_-26.2805_1.33723
47.0301_-25.8289_0.94453
47.3514_-25.4464_0.799851
47.6961_-25.0842_0.820519
48.0332_-24.7149_0.841188
48.3703_-24.3457_0.820519
48.6316_-23.9232_1.21322
48.792_-23.4497_1.27522
48.9327_-22.9699_1.29589
49.0734_-22.4901_1.27522
49.2141_-22.0103_1.29589
49.2531_-21.5151_1.68859
49.1688_-21.0225_1.79193
49.0541_-20.5358_1.8126
48.9394_-20.0491_1.79193
48.8247_-19.5625_1.8126
48.8021_-19.0662_1.4199
48.9711_-18.5991_1.0272
49.2598_-18.1913_0.882525
49.5733_-17.8019_0.903193
49.8788_-17.406_0.923861
50.2498_-17.0757_0.531162
50.6835_-16.8269_0.510494
51.1172_-16.5781_0.531162
51.5509_-16.3293_0.510494
51.9846_-16.0805_0.531162
52.4019_-15.8054_0.634504
52.8076_-15.5132_0.613836
53.2193_-15.2295_0.593167
53.6309_-14.9457_0.613836
54.0426_-14.6619_0.593167
54.3925_-14.3092_0.985866
54.5807_-13.8494_1.37857
54.5786_-13.3527_1.77126
54.3866_-12.8945_2.16396
54.1114_-12.477_2.1433
53.9289_-12.015_1.7506
53.9372_-11.5182_1.3579
54.0276_-11.0266_1.4199
54.1079_-10.5331_1.39923
54.1983_-10.0413_1.37857
54.2271_-9.54365_1.64725
54.1941_-9.04476_1.62659
54.1714_-8.54528_1.60592
54.1487_-8.04581_1.62659
54.126_-7.54633_1.60592
54.012_-7.06279_1.99862
53.7906_-6.61457_2.06062
53.5508_-6.17583_2.08129
53.311_-5.73708_2.06062
53.0712_-5.29834_2.08129
52.9177_-4.82586_1.68859
52.9567_-4.33059_1.29589
53.1823_-3.88795_0.903193
53.5538_-3.55715_0.551831
53.9768_-3.29065_0.572499
54.3338_-2.94522_0.965198
54.6227_-2.53711_0.94453
54.9199_-2.13506_0.923861
55.2172_-1.73301_0.94453
55.5144_-1.33095_0.923861
55.8854_-1.00058_0.531162
56.3546_-0.837336_0.138463
56.8525_-0.794014_0.0351213
57.3523_-0.781622_0.0144529
57.8522_-0.76923_0.0351213
58.3357_-0.655261_0.42782
58.7389_-0.364923_0.820519
59.0002_0.057583_1.21322
59.1408_0.536962_1.3579
59.2514_1.02455_1.33723
59.2699_1.521_1.72993
59.097_1.98673_2.12263
58.8134_2.39822_2.22597
58.5129_2.79781_2.2053
58.2123_3.19741_2.22597
57.9923_3.64282_1.83327
57.9595_4.13853_1.44057
58.1188_4.60906_1.04787
58.373_5.03963_1.0272
58.636_5.46486_1.00653
58.8147_5.92841_1.39923
58.8229_6.42634_1.70926
58.7591_6.92223_1.68859
58.6952_7.41812_1.70926
58.6313_7.91401_1.68859
58.5879_8.41205_1.62659
58.5549_8.91095_1.64725
58.5219_9.40985_1.62659
58.4888_9.90875_1.64725
58.4558_10.4076_1.62659
58.3319_10.8887_2.01929
58.0333_11.2858_2.41198
57.6054_11.5383_2.80468
57.1287_11.6889_2.86669
56.6461_11.8196_2.88736
56.1806_11.9991_2.66
55.7351_12.2261_2.68067
55.2896_12.4531_2.66
54.8441_12.68_2.68067
54.3986_12.907_2.66
54.0117_13.2186_2.26731
53.7113_13.6181_2.16396
53.4275_14.0297_2.18463
53.1438_14.4414_2.16396
52.86_14.8531_2.18463
52.5001_15.1955_2.57733
52.047_15.4033_2.84602
51.5702_15.5539_2.82535
51.0934_15.7045_2.84602
50.6167_15.855_2.82535
50.1837_16.0987_2.43265
49.8647_16.2782_2.82535
49.8647_16.2782_3.21805
49.8647_16.2782_3.61075
49.8647_16.2782_4.00345
49.4739_15.9715_3.61075
48.9955_15.8376_3.21805
48.5023_15.897_2.82535
48.0693_16.1407_2.43265
47.7073_16.4852_2.32931
47.3018_16.7722_2.72201
46.8354_16.952_2.82535
46.3619_17.1124_2.80468
45.8883_17.2728_2.82535
45.4148_17.4331_2.80468
44.9869_17.6857_2.41198
44.6632_18.0648_2.1433
44.388_18.4822_2.16396
44.1128_18.8996_2.1433
43.8376_19.3171_2.16396
43.4849_19.6669_2.55666
43.0652_19.9387_2.57733
42.64_20.2017_2.598
42.2147_20.4647_2.57733
41.7895_20.7277_2.598
41.4226_21.0627_2.2053
41.2119_21.5125_1.8126
41.1893_22.0088_1.4199
41.3583_22.476_1.0272
41.6386_22.8898_0.923861
41.96_23.2725_0.820519
42.2971_23.6417_0.841188
42.6343_24.011_0.820519
42.9714_24.3802_0.841188
43.3085_24.7495_0.820519
43.6532_25.1117_0.799851
44.0053_25.4667_0.779183
44.3573_25.8217_0.799851
44.7094_26.1767_0.779183
45.0615_26.5317_0.799851
45.3315_26.9487_1.19255
45.4214_27.4373_1.58525
45.3884_27.936_1.68859
45.3347_28.4331_1.66792
45.2811_28.9302_1.68859
45.3099_29.4268_1.33723
45.4206_29.9144_1.3579
45.5313_30.4019_1.33723
45.642_30.8895_1.3579
45.7527_31.3771_1.33723
45.7711_31.8736_1.72993
45.5982_32.3393_2.12263
45.2981_32.7383_2.30864
44.9656_33.1117_2.28797
44.6409_33.4919_2.26731
44.4027_33.9279_1.87461
44.3494_34.4218_1.48191
44.4892_34.8985_1.08921
44.8008_35.2854_0.696509
45.194_35.5941_0.634504
45.5739_35.9186_0.779183
45.926_36.2736_0.799851
46.2781_36.6286_0.779183
46.6301_36.9836_0.799851
46.9822_37.3386_0.779183
47.397_37.612_0.386484
47.8848_37.7059_-0.00621545
48.3715_37.6059_-0.398915
48.7828_37.3274_-0.791614
49.0563_36.9126_-1.18431
49.3297_36.4978_-0.791614
49.741_36.2193_-0.398915
50.2243_36.099_-0.0888889
50.7218_36.0495_-0.109557
51.2194_35.9999_-0.0888889
51.7133_36.0532_0.30381
52.1818_36.2272_0.407152
52.643_36.4204_0.386484
53.108_36.6041_0.365815
53.573_36.7877_0.386484
54.0609_36.8816_-0.00621545
54.5475_36.7817_-0.398915
54.9588_36.5031_-0.791614
55.2323_36.0883_-1.18431
55.3015_35.7289_-1.57701
55.2646_35.5496_-1.96971
55.162_35.398_-2.36241
55.031_35.3117_-2.75511
54.877_35.282_-3.14781
54.7489_35.3083_-3.54051
54.6407_35.3816_-3.93321
54.5831_35.469_-4.32591
