configuration -3.08480739594_22.5642471313_-0.424155304833_0.905589464041_28.1138801575_4.40596151352_-0.254607913402_0.967044368389
length 59.7826
time 0.441053
roughness 0.00125288
-3.08481_22.5642_-0.876058
-2.69842_22.252_-0.483359
-2.22703_22.0914_-0.173333
-1.73545_22.0001_-0.194002
-1.24586_21.8986_-0.21467
-0.756268_21.7972_-0.194002
-0.259476_21.7983_0.198698
0.215304_21.9517_0.42605
0.672709_22.1536_0.405381
1.13419_22.346_0.384713
1.59567_22.5384_0.405381
2.08165_22.6415_0.0126822
2.57646_22.581_-0.256007
3.06144_22.4594_-0.235338
3.54642_22.3378_-0.256007
4.0314_22.2162_-0.235338
4.52779_22.1762_0.0746873
5.02675_22.2084_0.0540189
5.5257_22.2405_0.0746873
6.02466_22.2727_0.0540189
6.52362_22.3049_0.0746873
7.00227_22.4379_0.467386
7.3936_22.7439_0.860085
7.69128_23.1451_1.00476
7.96377_23.5643_0.984096
8.24486_23.9778_0.963427
8.54275_24.3793_0.901422
8.84893_24.7746_0.922091
9.1551_25.1699_0.901422
9.46128_25.5651_0.922091
9.76745_25.9604_0.901422
10.0395_26.379_1.08744
10.2765_26.8193_1.06677
10.5134_27.2596_1.08744
10.7504_27.6999_1.06677
10.9873_28.1402_1.08744
11.2058_28.5898_1.14944
11.4056_29.0482_1.17011
11.6053_29.5065_1.14944
11.8051_29.9649_1.17011
12.0049_30.4232_1.14944
12.2926_30.8282_0.756744
12.7134_31.0923_0.364045
13.2032_31.1752_-0.0286546
13.6875_31.0643_-0.421354
14.1459_30.8646_-0.400685
14.5999_30.6554_-0.46269
15.045_30.4276_-0.483359
15.4901_30.1998_-0.46269
15.9352_29.972_-0.483359
16.3803_29.7443_-0.46269
16.8343_29.5351_-0.400685
17.2927_29.3353_-0.421354
17.751_29.1356_-0.400685
18.2094_28.9358_-0.421354
18.6677_28.736_-0.400685
19.1526_28.625_-0.0493229
19.6517_28.5952_-0.0699913
20.1501_28.5551_-0.0906597
20.6485_28.515_-0.0699913
21.1468_28.4749_-0.0906597
21.6233_28.3342_-0.483359
22.0097_28.022_-0.876058
22.2472_27.5856_-1.26876
22.381_27.1039_-1.33076
22.5049_26.6195_-1.31009
22.6288_26.1351_-1.33076
22.7527_25.6507_-1.31009
22.8765_25.1663_-1.33076
23.0004_24.6819_-1.31009
23.1243_24.1975_-1.33076
23.2482_23.7131_-1.31009
23.372_23.2287_-1.33076
23.4959_22.7443_-1.31009
23.6198_22.2599_-1.33076
23.7437_21.7755_-1.31009
23.9629_21.3297_-0.917395
24.3297_20.9937_-0.566032
24.7489_20.7212_-0.586701
25.1681_20.4487_-0.566032
25.5873_20.1762_-0.586701
26.0468_19.9872_-0.194002
26.5383_19.8959_-0.173333
27.0299_19.8045_-0.194002
27.5215_19.7132_-0.173333
28.0131_19.6219_-0.194002
28.4725_19.4329_-0.586701
28.8469_19.1038_-0.855389
29.1788_18.7298_-0.834721
29.5106_18.3558_-0.855389
29.8425_17.9818_-0.834721
30.0978_17.5556_-1.22742
30.1705_17.0642_-1.62012
30.1407_16.5651_-1.64079
30.1109_16.066_-1.62012
30.0811_15.5669_-1.64079
30.0204_15.0708_-1.74413
29.9291_14.5792_-1.7648
29.8378_14.0876_-1.74413
29.7465_13.5961_-1.7648
29.6552_13.1045_-1.74413
29.5945_12.6084_-1.64079
29.5647_12.1093_-1.62012
29.5349_11.6102_-1.64079
29.5051_11.1111_-1.62012
29.4753_10.612_-1.64079
29.5379_10.1191_-1.24809
29.7395_9.66239_-1.06207
29.9785_9.22322_-1.08274
30.2175_8.78405_-1.06207
30.4565_8.34489_-1.08274
30.5994_7.86908_-1.47544
30.5493_7.37482_-1.86814
30.3316_6.92691_-2.17817
30.0506_6.51341_-2.1575
29.7695_6.09991_-2.17817
29.4477_5.71817_-2.36418
29.0877_5.37115_-2.38485
28.7277_5.02414_-2.36418
28.375_4.66977_-2.34351
28.1755_4.36285_-1.95081
28.1755_4.36285_-1.55811
28.1755_4.36285_-1.16542
