configuration -3.08480739594_22.5642471313_-0.424155304833_0.905589464041_28.1138801575_4.40596151352_-0.254607913402_0.967044368389
length 51.7291
time 300
roughness 0.017752
-3.08481_22.5642_-0.876058
-2.69842_22.252_-0.483359
-2.22703_22.0914_-0.173333
-1.73545_22.0001_-0.194002
-1.24586_21.8986_-0.21467
-0.756268_21.7972_-0.194002
-0.756268_21.7972_-0.194002
-0.258646_21.7777_0.116024
0.238555_21.8305_0.0953557
0.735756_21.8832_0.116024
1.23296_21.936_0.0953557
1.73016_21.9887_0.116024
2.22736_22.0415_0.0953557
2.72456_22.0942_0.116024
3.22176_22.147_0.0953557
3.71995_22.1894_0.0746873
4.0314_22.2162_-0.235338
4.51369_22.0846_-0.297343
4.9902_21.9332_-0.318012
5.46671_21.7818_-0.297343
5.94322_21.6304_-0.318012
6.41651_21.4691_-0.33868
6.88979_21.3079_-0.318012
7.3663_21.1565_-0.297343
7.84281_21.005_-0.318012
8.371_20.8214_-0.938063
8.73729_20.4858_-0.545364
9.19044_20.277_-0.318012
9.66695_20.1256_-0.297343
10.1465_19.9841_-0.276675
10.6268_19.8422_-0.297343
11.1174_19.7511_-0.0699913
11.6157_19.711_-0.0906597
12.1141_19.6709_-0.0699913
12.6125_19.6308_-0.0906597
13.1109_19.5906_-0.0699913
13.6093_19.5505_-0.0906597
14.1076_19.5104_-0.0699913
14.606_19.4703_-0.0906597
15.1044_19.4302_-0.0699913
15.2305_19.3958_-0.46269
15.2305_19.3958_-0.855389
15.2305_19.3958_-1.24809
15.2305_19.3958_-1.64079
15.2305_19.3958_-2.03349
15.2428_19.4302_-2.96356
15.2428_19.4302_-3.35626
15.2428_19.4302_-3.74896
15.2428_19.4302_-4.14166
15.0611_19.8926_-4.53436
15.0702_20.3893_-4.92706
15.2687_20.8447_-5.31976
15.6263_21.1895_-5.71246
16.0819_21.3907_-6.02248
16.5663_21.5145_-6.04315
17.0507_21.6384_-6.02248
17.5325_21.7723_-6.00181
18.0142_21.9061_-6.02248
18.4986_22.03_-6.04315
18.794_22.108_-5.00973
18.8559_22.2232_-5.40243
19.2409_22.5372_-5.79513
19.7167_22.6801_-6.18783
20.2109_22.63_-6.58053
20.6484_22.3946_-6.97323
21.0097_22.0496_-7.11791
21.3415_21.6756_-7.13857
21.6733_21.3016_-7.11791
22.0052_20.9276_-7.13857
22.337_20.5536_-7.11791
22.7001_20.1654_-0.938063
22.8239_20.3117_-0.938063
23.1902_19.9761_-0.545364
23.657_19.8062_-0.152665
24.1534_19.8279_0.240034
24.6288_19.9814_0.384713
25.0902_20.1738_0.405381
25.5517_20.3662_0.384713
26.0091_20.5681_0.446718
26.0274_20.5759_-0.46269
26.4201_20.2717_-0.855389
26.6666_19.8403_-1.24809
26.7904_19.3563_-1.39277
26.884_18.8652_-1.3721
26.9776_18.374_-1.39277
27.0712_17.8829_-1.3721
27.1649_17.3917_-1.39277
27.2585_16.9006_-1.3721
27.3962_16.185_-0.958731
27.7198_15.8048_-0.772716
28.0742_15.4521_-0.793384
28.4285_15.0993_-0.772716
28.7829_14.7466_-0.793384
29.1373_14.3939_-0.772716
29.1373_14.3939_-0.772716
29.4444_14.0012_-1.0414
29.7013_13.5723_-1.02074
29.9583_13.1434_-1.0414
30.2063_12.7093_-1.06207
30.4543_12.2751_-1.0414
30.7113_11.8462_-1.02074
30.9682_11.4173_-1.0414
31.2163_10.9832_-1.06207
31.3397_10.7761_-2.05416
31.1119_10.331_-2.03349
30.8841_9.88591_-2.05416
30.6563_9.44082_-2.03349
30.4286_8.99573_-2.05416
30.2008_8.55064_-2.03349
30.2008_8.55064_-2.03349
29.9822_8.10094_-2.01282
29.7637_7.65124_-2.03349
29.5452_7.20154_-2.01282
29.3266_6.75184_-2.03349
29.1081_6.30213_-2.01282
28.8895_5.85243_-2.03349
28.671_5.40273_-2.01282
28.4525_4.95303_-2.03349
28.1846_4.41538_-1.24809
