configuration 72.6459350586_2.13817882538_-0.994211695618_0.107438839792_19.5581073761_50.1696281433_0.955633460234_0.294558465643
length 87.1718
time 1.30999
roughness 0.000708604
72.6459_2.13818_-2.9263
72.1488_2.10818_-3.23633
71.6506_2.15033_-3.21566
71.1524_2.19247_-3.23633
70.6542_2.23462_-3.21566
70.2101_2.19859_-2.90563
70.2101_2.19859_-2.90563
69.7159_2.12746_-3.09165
69.2163_2.10766_-3.11231
68.7167_2.08786_-3.09165
68.2171_2.06806_-3.11231
67.7175_2.04826_-3.09165
67.7175_2.04826_-3.09165
67.226_2.12073_-3.48435
66.7689_2.32219_-3.62902
66.3296_2.56092_-3.64969
65.8953_2.80868_-3.67036
65.8211_2.83427_-3.27766
65.8211_2.83427_-3.27766
65.3241_2.81458_-2.9263
64.8393_2.69269_-2.86429
64.4744_2.66309_-3.25699
64.4744_2.66309_-3.64969
64.4744_2.66309_-3.64969
64.0509_2.92847_-3.75303
63.6445_3.2197_-3.7737
63.2381_3.51094_-3.75303
62.8316_3.80217_-3.7737
62.4252_4.0934_-3.75303
62.4252_4.0934_-3.75303
62.0518_4.4243_-3.98039
61.7138_4.79274_-3.95972
61.3758_5.16118_-3.98039
61.0378_5.52962_-3.95972
60.6998_5.89806_-3.98039
60.6998_5.89806_-3.98039
60.34_6.24455_-3.83571
59.959_6.56835_-3.85638
59.5848_6.89996_-3.87704
59.2106_7.23156_-3.85638
58.8364_7.56317_-3.87704
58.8364_7.56317_-3.87704
58.4836_7.91717_-3.98039
58.1456_8.28561_-3.95972
57.8076_8.65405_-3.98039
57.4696_9.02249_-3.95972
57.1316_9.39093_-3.98039
57.1316_9.39093_-3.98039
56.7717_9.73742_-3.83571
56.3907_10.0612_-3.85638
56.0098_10.385_-3.83571
55.6288_10.7088_-3.85638
55.2478_11.0326_-3.83571
55.2478_11.0326_-3.83571
55.2478_11.0326_-4.22841
55.2404_11.0577_-4.62111
55.2623_11.2657_-5.01381
55.3622_11.4495_-5.4065
55.3622_11.4495_-5.01381
55.3622_11.4495_-5.01381
55.4143_11.9436_-4.62111
55.2734_12.42_-4.22841
54.9609_12.8061_-3.83571
54.5288_13.0526_-3.48435
54.0596_13.2255_-3.50501
54.0596_13.2255_-3.50501
53.6387_13.4893_-3.89771
53.2858_13.8434_-3.95972
52.9478_14.2119_-3.98039
52.6098_14.5803_-3.95972
52.2718_14.9487_-3.98039
52.2718_14.9487_-3.98039
51.874_15.2464_-3.58769
51.397_15.3893_-3.27766
50.9023_15.4623_-3.29833
50.4077_15.5352_-3.27766
49.9131_15.6081_-3.29833
49.9131_15.6081_-3.29833
49.4323_15.7414_-3.52568
48.9668_15.924_-3.50501
48.5013_16.1065_-3.52568
48.0358_16.2891_-3.50501
47.5704_16.4716_-3.52568
47.5704_16.4716_-3.52568
47.1129_16.6732_-3.58769
46.6596_16.8843_-3.56702
46.2064_17.0953_-3.58769
45.7531_17.3064_-3.56702
45.2998_17.5174_-3.58769
45.2998_17.5174_-3.58769
44.9021_17.8151_-3.98039
44.5796_18.1971_-4.04239
44.2732_18.5922_-4.06306
43.9668_18.9873_-4.04239
43.6604_19.3824_-4.06306
43.6604_19.3824_-4.06306
43.2886_19.7119_-3.67036
42.819_19.874_-3.27766
42.3231_19.8441_-2.88496
41.8437_19.7022_-2.82296
41.3673_19.5505_-2.84363
41.3673_19.5505_-2.84363
40.93_19.3148_-2.45093
40.6161_18.9297_-2.05823
40.434_18.4652_-1.83088
40.3004_17.9834_-1.85154
40.1668_17.5016_-1.83088
40.1668_17.5016_-1.83088
39.9479_17.0557_-2.22357
39.5749_16.7275_-2.61627
39.1048_16.567_-3.00897
38.6059_16.5472_-3.19499
38.1069_16.579_-3.21566
38.1069_16.579_-3.21566
37.6087_16.6212_-3.23633
37.1105_16.6633_-3.21566
36.6123_16.7055_-3.23633
36.1141_16.7476_-3.21566
35.6159_16.7898_-3.23633
35.6159_16.7898_-3.23633
35.1199_16.8525_-3.29833
34.6269_16.9356_-3.319
34.1338_17.0188_-3.29833
33.6408_17.1019_-3.319
33.1478_17.1851_-3.29833
33.1478_17.1851_-3.29833
32.6547_17.2682_-3.319
32.1635_17.3615_-3.33967
31.6723_17.4548_-3.319
31.1793_17.538_-3.29833
31.1793_17.538_-3.29833
30.7053_17.6907_-3.60836
30.2565_17.9111_-3.58769
29.8032_18.1221_-3.56702
29.35_18.3332_-3.58769
28.9012_18.5536_-3.60836
28.9012_18.5536_-3.60836
28.4724_18.81_-3.75303
28.0601_19.0928_-3.73237
27.6477_19.3756_-3.75303
27.2354_19.6583_-3.73237
26.8231_19.9411_-3.75303
26.8231_19.9411_-3.75303
26.4797_20.3002_-4.14573
26.2902_20.7601_-4.4971
26.1783_21.2474_-4.47643
26.0664_21.7347_-4.4971
25.9546_22.222_-4.47643
25.9546_22.222_-4.47643
25.8427_22.7093_-4.4971
25.7309_23.1967_-4.47643
25.619_23.684_-4.4971
25.5072_24.1713_-4.47643
25.3953_24.6586_-4.4971
25.3953_24.6586_-4.4971
25.3241_25.1531_-4.64177
25.294_25.6522_-4.66244
25.2639_26.1512_-4.64177
25.2338_26.6503_-4.66244
25.2036_27.1494_-4.64177
25.2036_27.1494_-4.64177
25.1223_27.642_-4.45576
25.0004_28.1269_-4.47643
24.8885_28.6142_-4.4971
24.7767_29.1016_-4.47643
24.6648_29.5889_-4.4971
24.6648_29.5889_-4.4971
24.553_30.0762_-4.47643
24.4311_30.5611_-4.45576
24.3092_31.046_-4.47643
24.1873_31.5309_-4.45576
24.0654_32.0158_-4.47643
24.0654_32.0158_-4.47643
23.9236_32.4951_-4.37309
23.7621_32.9682_-4.39375
23.6005_33.4414_-4.37309
23.439_33.9146_-4.39375
23.2775_34.3878_-4.37309
23.2775_34.3878_-4.37309
23.1357_34.867_-4.47643
23.0238_35.3543_-4.4971
22.912_35.8417_-4.47643
22.8001_36.329_-4.4971
22.6883_36.8163_-4.47643
22.6883_36.8163_-4.47643
22.5764_37.3036_-4.4971
22.4645_37.7909_-4.47643
22.3527_38.2782_-4.4971
22.2408_38.7656_-4.47643
22.129_39.2529_-4.4971
22.129_39.2529_-4.4971
21.9971_39.735_-4.39375
21.8454_40.2114_-4.41442
21.6937_40.6878_-4.39375
21.542_41.1642_-4.41442
21.3903_41.6406_-4.39375
21.3903_41.6406_-4.39375
21.2584_42.1227_-4.4971
21.1566_42.6122_-4.51776
21.0549_43.1018_-4.4971
20.9531_43.5913_-4.51776
20.8514_44.0808_-4.4971
20.8514_44.0808_-4.4971
20.6711_44.545_-4.18707
20.4249_44.9802_-4.20774
20.1786_45.4153_-4.18707
19.9324_45.8505_-4.20774
19.6861_46.2856_-4.18707
19.6861_46.2856_-4.18707
19.5256_46.7558_-4.57977
19.4955_47.2544_-4.72445
19.5067_47.7543_-4.74512
19.5179_48.2542_-4.72445
19.5291_48.754_-4.74512
19.5291_48.754_-4.74512
19.5403_49.2539_-4.72445
19.5515_49.7538_-4.74512
19.4833_50.1665_-4.35242
19.4833_50.1665_-4.35242
