configuration 72.6459350586_2.13817882538_-0.994211695618_0.107438839792_19.5581073761_50.1696281433_0.955633460234_0.294558465643
length 89.97
time 2.18719
roughness 0.000825273
72.6459_2.13818_-2.9263
72.1492_2.12877_-3.319
71.6748_2.28167_-3.58769
71.2215_2.49272_-3.56702
70.7682_2.70376_-3.58769
70.315_2.91481_-3.56702
70.315_2.91481_-3.56702
69.8311_3.02762_-3.17432
69.341_2.9467_-2.78162
68.9191_2.68436_-2.38892
68.6126_2.29189_-2.0789
68.4094_2.05281_-2.4716
68.4094_2.05281_-2.4716
67.9673_1.82621_-2.86429
67.4781_1.72453_-3.00897
66.9819_1.66354_-3.02964
66.4856_1.60255_-3.00897
65.9907_1.53132_-2.9883
65.9907_1.53132_-2.9883
65.4944_1.55271_-3.381
65.044_1.7624_-3.7737
64.6376_2.05364_-3.75303
64.2312_2.34487_-3.7737
63.8248_2.63611_-3.75303
63.8248_2.63611_-3.75303
63.4514_2.96701_-3.98039
63.1134_3.33545_-3.95972
62.7754_3.70388_-3.98039
62.4374_4.07232_-3.95972
62.0994_4.44076_-3.98039
62.0994_4.44076_-3.98039
61.7539_4.80209_-3.91838
61.3937_5.14887_-3.89771
61.0335_5.49566_-3.91838
60.6734_5.84245_-3.89771
60.3132_6.18923_-3.91838
60.3132_6.18923_-3.91838
59.9831_6.56426_-4.06306
59.685_6.9656_-4.08373
59.3951_7.37302_-4.1044
59.3951_7.37302_-4.1044
59.1584_7.81221_-4.33175
58.9679_8.27448_-4.31108
58.7678_8.7327_-4.29041
58.5678_9.19092_-4.31108
58.4474_9.48288_-4.33175
58.4474_9.48288_-4.33175
58.1764_9.89924_-3.93905
57.7667_10.1802_-3.54635
57.2888_10.3234_-3.319
56.7942_10.3963_-3.25699
56.7942_10.3963_-3.25699
56.3214_10.5487_-3.64969
55.9428_10.8704_-4.04239
55.7162_11.3125_-4.43509
55.676_11.8077_-4.82779
55.8284_12.2805_-5.22049
55.8284_12.2805_-5.22049
55.8605_12.3801_-4.82779
55.8203_12.8753_-4.43509
55.5937_13.3174_-4.04239
55.2152_13.6391_-3.64969
54.7511_13.8211_-3.381
54.7511_13.8211_-3.381
54.2666_13.9447_-3.40167
53.7821_14.0683_-3.381
53.2977_14.1918_-3.40167
52.8132_14.3154_-3.381
52.3287_14.439_-3.40167
52.3287_14.439_-3.40167
51.8469_14.5725_-3.42234
51.3651_14.7061_-3.40167
50.8832_14.8397_-3.42234
50.4014_14.9732_-3.40167
49.9196_15.1068_-3.42234
49.9196_15.1068_-3.42234
49.4783_15.3349_-3.81504
49.1042_15.6664_-3.91838
48.7441_16.0132_-3.89771
48.3839_16.36_-3.91838
48.0237_16.7067_-3.89771
48.0237_16.7067_-3.89771
47.6027_16.9705_-3.50501
47.114_17.0634_-3.15365
46.6142_17.0746_-3.17432
46.1146_17.0961_-3.19499
45.6151_17.1176_-3.17432
45.6151_17.1176_-3.17432
45.1313_17.2304_-3.56702
44.6698_17.4225_-3.50501
44.2043_17.6051_-3.52568
43.7427_17.7972_-3.54635
43.2811_17.9894_-3.52568
43.2811_17.9894_-3.52568
42.793_18.0821_-3.13298
42.3066_17.981_-2.74028
41.8444_17.7904_-2.76095
41.3821_17.5999_-2.74028
40.9239_17.3998_-2.71962
40.9239_17.3998_-2.71962
40.4485_17.2484_-2.94697
39.957_17.1568_-2.96764
39.4654_17.0652_-2.94697
38.9739_16.9736_-2.96764
38.4824_16.882_-2.94697
38.4824_16.882_-2.94697
37.9877_16.8108_-3.05031
37.4903_16.76_-3.02964
36.9929_16.7093_-3.05031
36.4955_16.6586_-3.02964
35.9981_16.6079_-3.05031
35.9981_16.6079_-3.05031
35.504_16.66_-3.44301
35.0675_16.8972_-3.83571
34.7076_17.2437_-3.98039
34.3696_17.6121_-3.95972
34.0241_17.9735_-3.93905
34.0241_17.9735_-3.93905
33.6144_18.2544_-3.54635
33.1283_18.3572_-3.15365
32.6285_18.3684_-3.17432
32.1286_18.3796_-3.15365
31.6287_18.3908_-3.17432
31.6287_18.3908_-3.17432
31.1319_18.4432_-3.319
30.6407_18.5365_-3.33967
30.1495_18.6298_-3.319
29.6565_18.713_-3.29833
29.1634_18.7961_-3.319
29.1634_18.7961_-3.319
28.6667_18.7867_-2.9263
28.2114_18.588_-2.5336
27.804_18.2981_-2.51293
27.4027_17.9999_-2.49226
27.0014_17.7017_-2.51293
27.0014_17.7017_-2.51293
26.5503_17.4936_-2.90563
26.0539_17.4739_-3.29833
25.5877_17.6457_-3.69103
25.2228_17.9828_-4.08373
25.0146_18.4339_-4.47643
25.0146_18.4339_-4.47643
24.9847_18.9304_-4.82779
25.0371_19.4277_-4.80712
25.0793_19.9259_-4.78645
25.1214_20.4241_-4.80712
25.1636_20.9223_-4.78645
25.1636_20.9223_-4.78645
25.1954_21.4213_-4.76578
25.2272_21.9203_-4.78645
25.2591_22.4192_-4.76578
25.2909_22.9182_-4.78645
25.3228_23.4172_-4.76578
25.3228_23.4172_-4.76578
25.2825_23.914_-4.4971
25.1807_24.4036_-4.51776
25.0789_24.8931_-4.4971
24.9772_25.3826_-4.51776
24.8754_25.8721_-4.4971
24.8754_25.8721_-4.4971
24.7737_26.3617_-4.51776
24.682_26.8532_-4.53843
24.5904_27.3447_-4.51776
24.4988_27.8362_-4.53843
24.4072_28.3278_-4.51776
24.4072_28.3278_-4.51776
24.2853_28.8125_-4.41442
24.1336_29.2889_-4.39375
23.9819_29.7653_-4.41442
23.8302_30.2417_-4.39375
23.6784_30.7181_-4.41442
23.6784_30.7181_-4.41442
23.5566_31.2028_-4.51776
23.4548_31.6924_-4.4971
23.3531_32.1819_-4.51776
23.2513_32.6714_-4.4971
23.1495_33.1609_-4.51776
23.1495_33.1609_-4.51776
23.0989_33.6576_-4.70378
23.0894_34.1575_-4.68311
23.0696_34.6571_-4.66244
23.0498_35.1567_-4.68311
23.0404_35.6566_-4.70378
23.0404_35.6566_-4.70378
22.9795_36.1518_-4.47643
22.8576_36.6367_-4.45576
22.7357_37.1216_-4.47643
22.6138_37.6065_-4.45576
22.4919_38.0914_-4.47643
22.4919_38.0914_-4.47643
22.4003_38.5828_-4.57977
22.3291_39.0777_-4.5591
22.2578_39.5725_-4.57977
22.1866_40.0674_-4.5591
22.1154_40.5623_-4.57977
22.1154_40.5623_-4.57977
22.0137_41.0514_-4.43509
21.8818_41.5337_-4.45576
21.7499_42.016_-4.43509
21.618_42.4983_-4.45576
21.4861_42.9805_-4.43509
21.4861_42.9805_-4.43509
21.3542_43.4628_-4.45576
21.2223_43.9451_-4.43509
21.0904_44.4274_-4.45576
20.9585_44.9097_-4.43509
20.8266_45.3919_-4.45576
20.8266_45.3919_-4.45576
20.7453_45.8846_-4.64177
20.7048_46.3829_-4.62111
20.6644_46.8813_-4.64177
20.624_47.3796_-4.62111
20.5835_47.878_-4.64177
20.5835_47.878_-4.64177
20.4623_48.3604_-4.29041
20.2622_48.8186_-4.31108
20.0622_49.2768_-4.29041
19.9147_49.6145_-4.31108
19.9147_49.6145_-4.31108
19.669_50.0487_-4.08373
19.669_50.0487_-4.08373
