configuration -4.52205276489_51.1520843506_-0.288179288681_0.957576470876_89.803527832_11.5547637939_-0.656431103106_0.754385980036
length 119.224
time 2.19192
roughness 0.000667621
-4.52205_51.1521_-0.58465
-4.06224_50.964_-0.191951
-3.57245_50.8635_-0.212619
-3.08265_50.7631_-0.191951
-2.59088_50.6728_-0.171282
-2.09912_50.5825_-0.191951
-2.09912_50.5825_-0.191951
-1.60425_50.5126_-0.0886089
-1.1067_50.4632_-0.109277
-0.610283_50.4035_-0.129946
-0.113864_50.3439_-0.109277
0.382554_50.2842_-0.129946
0.382554_50.2842_-0.129946
0.877634_50.2143_-0.150614
1.37116_50.1342_-0.171282
1.86469_50.0541_-0.150614
2.35822_49.9739_-0.171282
2.85175_49.8938_-0.150614
2.85175_49.8938_-0.150614
3.34683_49.8239_-0.129946
3.84191_49.754_-0.150614
4.33699_49.6841_-0.129946
4.83207_49.6142_-0.150614
5.32715_49.5443_-0.129946
5.32715_49.5443_-0.129946
5.80834_49.414_-0.398634
6.27111_49.2247_-0.377966
6.73769_49.045_-0.357298
7.20427_48.8653_-0.377966
7.67085_48.6856_-0.357298
7.67085_48.6856_-0.357298
8.1601_48.5958_-0.0059354
8.66003_48.5877_-0.0266038
9.15968_48.5692_-0.0472721
9.65933_48.5507_-0.0266038
10.159_48.5323_-0.0472721
10.159_48.5323_-0.0472721
10.6581_48.5035_-0.0679405
11.1573_48.4747_-0.0472721
11.6565_48.4459_-0.0679405
12.1556_48.4171_-0.0472721
12.6548_48.3883_-0.0679405
12.6548_48.3883_-0.0679405
13.1475_48.4519_0.324759
13.5783_48.6993_0.717458
13.8985_49.0807_1.02748
14.1614_49.506_1.00681
14.4243_49.9313_1.02748
14.4243_49.9313_1.02748
14.7592_50.2983_0.634784
15.209_50.5092_0.242085
15.7052_50.5319_-0.150614
16.1988_50.4518_-0.171282
16.6923_50.3716_-0.150614
16.6923_50.3716_-0.150614
17.1768_50.2512_-0.336629
17.6505_50.0909_-0.315961
18.1241_49.9307_-0.336629
18.5977_49.7704_-0.315961
19.0745_49.62_-0.295293
19.0745_49.62_-0.295293
19.5407_49.4404_-0.439971
19.9952_49.2321_-0.419303
20.4498_49.0239_-0.439971
20.9043_48.8156_-0.419303
21.3589_48.6073_-0.439971
21.3589_48.6073_-0.439971
21.841_48.4875_-0.0472721
22.3323_48.5613_0.345427
22.7972_48.7451_0.407432
23.2583_48.9384_0.386764
23.7194_49.1318_0.407432
23.7194_49.1318_0.407432
24.2051_49.2359_0.014733
24.6938_49.1462_-0.377966
25.1565_48.9569_-0.398634
25.6153_48.758_-0.419303
26.074_48.5592_-0.398634
26.074_48.5592_-0.398634
26.5285_48.351_-0.46064
26.9787_48.1333_-0.439971
27.4288_47.9157_-0.46064
27.879_47.6981_-0.439971
28.3291_47.4805_-0.46064
28.3291_47.4805_-0.46064
28.8087_47.3507_-0.0679405
29.3014_47.4143_0.324759
29.7322_47.6617_0.717458
30.0356_48.055_1.11016
30.1654_48.5346_1.50286
30.1654_48.5346_1.50286
30.2952_49.0141_1.11016
30.5986_49.4075_0.717458
31.0093_49.6908_0.490106
31.4528_49.9216_0.469437
31.8964_50.1523_0.490106
31.8964_50.1523_0.490106
32.3719_50.2962_0.0974065
32.8712_50.2984_-0.0886089
33.3696_50.2593_-0.0679405
33.8681_50.2202_-0.0886089
34.3666_50.1811_-0.0679405
34.3666_50.1811_-0.0679405
34.8549_50.0809_-0.336629
35.3285_49.9207_-0.315961
35.8021_49.7604_-0.336629
36.2757_49.6002_-0.315961
36.7493_49.4399_-0.336629
36.7493_49.4399_-0.336629
37.2403_49.3602_0.014733
37.7403_49.3624_-0.0059354
38.2403_49.3646_0.014733
38.7403_49.3668_-0.0059354
39.2403_49.369_0.014733
39.2403_49.369_0.014733
39.726_49.4731_0.407432
40.1871_49.6664_0.386764
40.6482_49.8598_0.407432
41.1093_50.0532_0.386764
41.5743_50.237_0.366095
41.5743_50.237_0.366095
42.0639_50.3209_-0.0266038
42.5512_50.2209_-0.377966
43.0178_50.0412_-0.357298
43.4844_49.8615_-0.377966
43.9472_49.6722_-0.398634
43.9472_49.6722_-0.398634
44.3586_49.3938_-0.791334
44.6583_48.9955_-1.06002
44.9072_48.5619_-1.03935
45.1651_48.1335_-1.01869
45.4229_47.7051_-1.03935
45.4229_47.7051_-1.03935
45.7534_47.3341_-0.646655
46.1615_47.0454_-0.58465
46.5756_46.7652_-0.605318
46.9896_46.485_-0.58465
47.4037_46.2047_-0.605318
47.4037_46.2047_-0.605318
47.7492_45.8478_-0.998017
47.9319_45.3858_-1.39072
47.9238_44.889_-1.78342
47.7262_44.4332_-2.17611
47.3693_44.0877_-2.56881
47.3693_44.0877_-2.56881
47.0123_43.7422_-2.17611
46.7676_43.307_-1.9901
46.6751_42.899_-1.5974
46.6751_42.899_-1.5974
46.759_42.4093_-1.2047
47.0239_41.9891_-0.812002
47.4295_41.7022_-0.419303
47.914_41.5923_-0.0266038
48.4036_41.6762_0.366095
48.4036_41.6762_0.366095
48.8933_41.7602_-0.0266038
49.3778_41.6503_-0.419303
49.8279_41.4327_-0.481308
50.2687_41.1967_-0.501976
50.7094_40.9607_-0.481308
50.7094_40.9607_-0.481308
51.1286_40.6894_-0.667323
51.5245_40.3841_-0.646655
51.9266_40.087_-0.625987
52.3288_39.7898_-0.646655
52.7309_39.4927_-0.625987
52.7309_39.4927_-0.625987
53.1449_39.2125_-0.563981
53.5702_38.9496_-0.543313
53.9955_38.6867_-0.563981
54.4208_38.4238_-0.543313
54.8461_38.161_-0.563981
54.8461_38.161_-0.563981
55.2541_37.8723_-0.667323
55.6501_37.567_-0.646655
56.046_37.2616_-0.667323
56.4419_36.9562_-0.646655
56.8378_36.6509_-0.667323
56.8378_36.6509_-0.667323
57.2458_36.3623_-0.563981
57.6656_36.0906_-0.58465
58.0854_35.819_-0.563981
58.5051_35.5474_-0.58465
58.9249_35.2758_-0.563981
58.9249_35.2758_-0.563981
59.3885_35.0972_-0.171282
59.8866_35.0685_0.0560697
60.3855_35.1017_0.0767381
60.8844_35.1348_0.0560697
61.3838_35.1577_0.0354013
61.3838_35.1577_0.0354013
61.8742_35.0781_-0.357298
62.2968_34.8169_-0.749997
62.6661_34.4799_-0.729328
63.0424_34.1506_-0.70866
63.4186_33.8213_-0.729328
63.4186_33.8213_-0.729328
63.8079_33.5079_-0.625987
64.2101_33.2108_-0.646655
64.6122_32.9137_-0.625987
65.0143_32.6166_-0.646655
65.4165_32.3194_-0.625987
65.4165_32.3194_-0.625987
65.8058_32.0061_-0.729328
66.1821_31.6768_-0.70866
66.565_31.3553_-0.687992
66.948_31.0339_-0.70866
67.3309_30.7124_-0.687992
67.3309_30.7124_-0.687992
67.7204_30.3989_-0.667323
68.11_30.0854_-0.687992
68.4995_29.772_-0.667323
68.889_29.4585_-0.687992
69.2785_29.145_-0.667323
69.2785_29.145_-0.667323
69.6614_28.8236_-0.729328
70.0376_28.4943_-0.70866
70.4138_28.165_-0.729328
70.7901_27.8357_-0.70866
71.1663_27.5064_-0.729328
71.1663_27.5064_-0.729328
71.5425_27.1771_-0.70866
71.9255_26.8556_-0.687992
72.3084_26.5341_-0.70866
72.6914_26.2127_-0.687992
73.0743_25.8912_-0.70866
73.0743_25.8912_-0.70866
73.4573_25.5697_-0.687992
73.8402_25.2483_-0.70866
74.2165_24.919_-0.729328
74.5927_24.5897_-0.70866
74.9757_24.2682_-0.687992
74.9757_24.2682_-0.687992
75.3586_23.9467_-0.70866
75.7348_23.6174_-0.729328
76.1111_23.2881_-0.70866
76.494_22.9667_-0.687992
76.877_22.6452_-0.70866
76.877_22.6452_-0.70866
77.31_22.4017_-0.315961
77.7969_22.2913_-0.129946
78.292_22.2214_-0.150614
78.7871_22.1515_-0.129946
79.2821_22.0815_-0.150614
79.2821_22.0815_-0.150614
79.7784_22.1043_0.242085
80.2535_22.2588_0.386764
80.7146_22.4521_0.407432
81.1757_22.6455_0.386764
81.6367_22.8389_0.407432
81.6367_22.8389_0.407432
82.1225_22.943_0.014733
82.6111_22.8532_-0.377966
83.0282_22.5833_-0.770665
83.3361_22.1913_-1.03935
83.594_21.7629_-1.01869
83.594_21.7629_-1.01869
83.932_21.3989_-0.625987
84.3758_21.1729_-0.315961
84.8526_21.0225_-0.295293
85.3295_20.872_-0.315961
85.8063_20.7216_-0.295293
85.8063_20.7216_-0.295293
86.2442_20.4871_-0.687992
86.5591_20.1028_-1.08069
86.7029_19.6273_-1.47339
86.6539_19.1329_-1.86609
86.4193_18.695_-2.25879
86.4193_18.695_-2.25879
86.1848_18.257_-1.86609
86.1358_17.7627_-1.47339
86.2796_17.2871_-1.08069
86.5285_16.8536_-1.01869
86.7951_16.4306_-0.998017
86.7951_16.4306_-0.998017
87.0617_16.0076_-1.01869
87.3195_15.5793_-1.03935
87.5774_15.1509_-1.01869
87.844_14.7279_-0.998017
88.1106_14.3049_-1.01869
88.1106_14.3049_-1.01869
88.3684_13.8765_-1.03935
88.6263_13.4481_-1.01869
88.8929_13.0252_-0.998017
89.1595_12.6022_-1.01869
89.4173_12.1738_-1.03935
89.4173_12.1738_-1.03935
89.6752_11.7454_-1.01869
89.6752_11.7454_-1.01869
