configuration -4.52205276489_51.1520843506_-0.288179288681_0.957576470876_89.803527832_11.5547637939_-0.656431103106_0.754385980036
length 114.939
time 2.4406
roughness 0.000542753
-4.52205_51.1521_-0.58465
-4.06931_50.9446_-0.274624
-3.58948_50.8041_-0.295293
-3.10966_50.6635_-0.274624
-2.62983_50.523_-0.295293
-2.15_50.3824_-0.274624
-2.15_50.3824_-0.274624
-1.65556_50.323_0.0354013
-1.15572_50.3355_0.014733
-0.65589_50.3481_0.0354013
-0.156056_50.3606_0.014733
0.343778_50.3731_0.0354013
0.343778_50.3731_0.0354013
0.843612_50.3857_0.014733
1.3436_50.3879_-0.0059354
1.84358_50.3901_0.014733
2.34357_50.3923_-0.0059354
2.84356_50.3945_0.014733
2.84356_50.3945_0.014733
3.34341_50.3863_-0.0472721
3.84306_50.3679_-0.0266038
4.34271_50.3494_-0.0472721
4.84236_50.3309_-0.0266038
5.34201_50.3125_-0.0472721
5.34201_50.3125_-0.0472721
5.84166_50.294_-0.0266038
6.34131_50.2755_-0.0472721
6.84096_50.2571_-0.0266038
7.34061_50.2386_-0.0472721
7.84026_50.2201_-0.0266038
7.84026_50.2201_-0.0266038
8.33988_50.2327_0.0767381
8.83798_50.2761_0.0974065
9.33608_50.3196_0.0767381
9.83417_50.3631_0.0974065
10.3323_50.4066_0.0767381
10.3323_50.4066_0.0767381
10.8255_50.3473_-0.315961
11.2956_50.1773_-0.377966
11.7622_49.9976_-0.357298
12.2288_49.8179_-0.377966
12.6954_49.6382_-0.357298
12.6954_49.6382_-0.357298
13.1858_49.5586_0.0354013
13.6852_49.5815_0.0560697
14.1847_49.6043_0.0354013
14.6842_49.6272_0.0560697
15.1836_49.65_0.0354013
15.1836_49.65_0.0354013
15.674_49.5704_-0.357298
16.1406_49.3907_-0.377966
16.6034_49.2014_-0.398634
17.0661_49.0121_-0.377966
17.5289_48.8228_-0.398634
17.5289_48.8228_-0.398634
18.0156_48.723_-0.0059354
18.5129_48.7664_0.18008
19.0058_48.8509_0.159412
19.4986_48.9353_0.18008
19.9914_49.0198_0.159412
19.9914_49.0198_0.159412
20.4878_49.0015_-0.233287
20.953_48.8223_-0.501976
21.3938_48.5863_-0.481308
21.8345_48.3502_-0.501976
22.2753_48.1142_-0.481308
22.2753_48.1142_-0.481308
22.7521_47.9745_-0.0886089
23.2512_47.9458_-0.0266038
23.7508_47.9273_-0.0472721
24.2505_47.9088_-0.0266038
24.7501_47.8904_-0.0472721
24.7501_47.8904_-0.0472721
25.2445_47.8206_-0.233287
25.7321_47.71_-0.212619
26.2197_47.5995_-0.233287
26.7073_47.4889_-0.212619
27.195_47.3783_-0.233287
27.195_47.3783_-0.233287
27.6914_47.36_0.159412
28.1571_47.533_0.552111
28.5211_47.8711_0.94481
28.7281_48.3228_1.33751
28.7464_48.8192_1.73021
28.7464_48.8192_1.73021
28.7647_49.3157_1.33751
28.9717_49.7673_0.94481
29.2399_50.0164_0.552111
29.2399_50.0164_0.552111
29.7056_50.1894_0.159412
30.204_50.2123_-0.0679405
30.7032_50.1835_-0.0472721
31.2023_50.1547_-0.0679405
31.7015_50.1259_-0.0472721
31.7015_50.1259_-0.0472721
32.1975_50.0663_-0.191951
32.6873_49.9658_-0.212619
33.1771_49.8654_-0.191951
33.6669_49.7649_-0.212619
34.1567_49.6645_-0.191951
34.1567_49.6645_-0.191951
34.6442_49.5539_-0.253956
35.1294_49.4333_-0.233287
35.6147_49.3127_-0.253956
36.0973_49.1821_-0.274624
36.0973_49.1821_-0.274624
36.5909_49.1124_-0.0059354
37.0908_49.1043_-0.0266038
37.5907_49.0961_-0.0059354
38.0907_49.088_-0.0266038
38.5906_49.0799_-0.0059354
38.5906_49.0799_-0.0059354
39.0905_49.0717_-0.0266038
39.5902_49.0533_-0.0472721
40.0893_49.0245_-0.0679405
40.5344_48.9803_-0.129946
40.5344_48.9803_-0.129946
41.0295_48.9104_-0.150614
41.5246_48.8405_-0.129946
42.0197_48.7706_-0.150614
42.1918_48.7083_-0.543313
42.1918_48.7083_-0.936012
42.1918_48.7083_-0.936012
42.5522_48.3655_-0.58465
42.9663_48.0853_-0.605318
43.3745_47.7966_-0.625987
43.7827_47.5078_-0.605318
44.1909_47.2191_-0.625987
44.1909_47.2191_-0.625987
44.6105_46.9476_-0.522645
45.0411_46.6935_-0.543313
45.4718_46.4395_-0.522645
45.9024_46.1854_-0.543313
46.333_45.9314_-0.522645
46.333_45.9314_-0.522645
46.7468_45.6514_-0.667323
47.1427_45.346_-0.646655
47.5386_45.0406_-0.667323
47.9345_44.7353_-0.646655
48.3304_44.4299_-0.667323
48.3304_44.4299_-0.667323
48.6531_44.0522_-1.06002
48.8266_43.5854_-1.37005
48.9212_43.0945_-1.39072
49.0057_42.6017_-1.41138
49.08_42.1072_-1.43205
49.08_42.1072_-1.43205
49.2433_41.6381_-1.03935
49.5665_41.2599_-0.687992
49.9494_40.9384_-0.70866
50.3324_40.617_-0.687992
50.7153_40.2955_-0.70866
50.7153_40.2955_-0.70866
51.1048_39.9821_-0.646655
51.5069_39.685_-0.625987
51.9091_39.3878_-0.646655
52.3112_39.0907_-0.625987
52.7133_38.7936_-0.646655
52.7133_38.7936_-0.646655
53.1272_38.5135_-0.543313
53.5579_38.2594_-0.522645
53.9885_38.0054_-0.543313
54.4192_37.7514_-0.522645
54.8498_37.4973_-0.543313
54.8498_37.4973_-0.543313
55.2637_37.2172_-0.646655
55.6658_36.9201_-0.625987
56.068_36.623_-0.646655
56.4701_36.3258_-0.625987
56.8722_36.0287_-0.646655
56.8722_36.0287_-0.646655
57.3195_35.8125_-0.253956
57.8123_35.7325_-0.0679405
58.3115_35.7037_-0.0472721
58.8107_35.6749_-0.0679405
59.3091_35.6358_-0.0886089
59.3091_35.6358_-0.0886089
59.7859_35.4962_-0.481308
60.2108_35.2335_-0.625987
60.613_34.9364_-0.646655
61.0151_34.6393_-0.625987
61.4172_34.3421_-0.646655
61.4172_34.3421_-0.646655
61.8645_34.1259_-0.253956
62.3541_34.0255_-0.150614
62.8476_33.9454_-0.171282
63.3411_33.8653_-0.150614
63.8347_33.7851_-0.171282
63.8347_33.7851_-0.171282
64.2983_33.6066_-0.563981
64.7181_33.335_-0.58465
65.1321_33.0547_-0.605318
65.5462_32.7745_-0.58465
65.9603_32.4942_-0.605318
65.9603_32.4942_-0.605318
66.3427_32.1732_-0.791334
66.6978_31.8212_-0.770665
67.0529_31.4693_-0.791334
67.408_31.1173_-0.770665
67.7631_30.7653_-0.791334
67.7631_30.7653_-0.791334
68.1692_30.478_-0.439971
68.6193_30.2604_-0.46064
69.0695_30.0428_-0.439971
69.5196_29.8252_-0.46064
69.9698_29.6075_-0.439971
69.9698_29.6075_-0.439971
70.3822_29.3284_-0.749997
70.7515_28.9914_-0.729328
71.1209_28.6544_-0.749997
71.4902_28.3174_-0.729328
71.8596_27.9804_-0.749997
71.8596_27.9804_-0.749997
72.1995_27.6143_-0.894675
72.5083_27.2211_-0.915344
72.8172_26.8279_-0.894675
73.126_26.4347_-0.915344
73.4348_26.0415_-0.894675
73.4348_26.0415_-0.894675
73.8027_25.7058_-0.58465
74.2168_25.4256_-0.605318
74.6309_25.1453_-0.58465
75.0449_24.8651_-0.605318
75.459_24.5848_-0.58465
75.459_24.5848_-0.58465
75.8546_24.2797_-0.729328
76.2239_23.9427_-0.749997
76.5933_23.6057_-0.729328
76.9626_23.2687_-0.749997
77.3319_22.9317_-0.729328
77.3319_22.9317_-0.729328
77.7598_22.6793_-0.336629
78.2517_22.6098_0.0560697
78.7328_22.7339_0.448769
79.166_22.9826_0.593447
79.5834_23.2579_0.572779
79.5834_23.2579_0.572779
80.0454_23.4405_0.18008
80.5422_23.4324_-0.212619
80.998_23.2349_-0.605318
81.3513_22.8847_-0.956681
81.6436_22.479_-0.936012
81.6436_22.479_-0.936012
82.0106_22.1442_-0.543313
82.4777_21.9753_-0.150614
82.9751_21.9259_-0.0472721
83.4742_21.8971_-0.0679405
83.55_21.8766_-0.46064
83.55_21.8766_-0.46064
84.0295_21.7468_-0.0679405
84.528_21.7077_-0.0886089
85.0264_21.6686_-0.0679405
85.5249_21.6295_-0.0886089
86.0233_21.5905_-0.0679405
86.0233_21.5905_-0.0679405
86.5029_21.4607_-0.46064
86.8963_21.1573_-0.853339
87.1436_20.7264_-1.24604
87.2883_20.2479_-1.30804
87.4232_19.7664_-1.28737
87.4232_19.7664_-1.28737
87.548_19.2824_-1.34938
87.6528_18.7935_-1.37005
87.7576_18.3046_-1.34938
87.8623_17.8157_-1.37005
87.957_17.3247_-1.39072
87.957_17.3247_-1.39072
88.0817_16.841_-1.24604
88.2363_16.3655_-1.26671
88.391_15.89_-1.24604
88.5456_15.4146_-1.26671
88.7002_14.9391_-1.24604
88.7002_14.9391_-1.24604
88.8549_14.4636_-1.26671
89.0095_13.9881_-1.24604
89.1641_13.5126_-1.26671
89.3188_13.0372_-1.24604
89.4734_12.5617_-1.26671
89.4734_12.5617_-1.26671
89.628_12.0862_-1.24604
89.7827_11.6107_-1.26671
89.7827_11.6107_-1.26671
