configuration 72.6459350586_2.13817882538_-0.994211695618_0.107438839792_19.5581073761_50.1696281433_0.955633460234_0.294558465643
length 92.4631
time 1.25642
roughness 0.0011086
72.6459_2.13818_-2.9263
72.1492_2.12877_-3.319
71.6867_2.31015_-3.7117
71.2868_2.60947_-3.85638
70.9058_2.93327_-3.83571
70.5248_3.25707_-3.85638
70.5248_3.25707_-3.85638
70.0933_3.50324_-3.46368
69.6004_3.56554_-3.07098
69.1212_3.43449_-2.67828
68.7287_3.13003_-2.28558
68.4825_2.69852_-1.89288
68.4825_2.69852_-1.89288
68.2363_2.267_-2.28558
67.8438_1.96254_-2.67828
67.3646_1.83149_-3.07098
66.8717_1.89379_-3.46368
66.4064_2.07626_-3.56702
66.4064_2.07626_-3.56702
65.9577_2.2966_-3.62902
65.5184_2.53533_-3.64969
65.1755_2.73092_-3.67036
65.1755_2.73092_-3.67036
64.7189_2.93213_-3.44301
64.243_3.08549_-3.46368
63.7672_3.23885_-3.44301
63.2913_3.39221_-3.46368
62.8154_3.54557_-3.44301
62.8154_3.54557_-3.44301
62.3503_3.72796_-3.58769
61.897_3.93901_-3.56702
61.4438_4.15006_-3.58769
60.9905_4.3611_-3.56702
60.5372_4.57215_-3.58769
60.5372_4.57215_-3.58769
60.1329_4.86189_-3.93905
59.78_5.21605_-3.91838
59.427_5.5702_-3.93905
59.0741_5.92436_-3.91838
58.7212_6.27852_-3.93905
58.7212_6.27852_-3.93905
58.3283_6.58538_-3.67036
57.894_6.83313_-3.64969
57.4499_7.0627_-3.58769
57.4499_7.0627_-3.58769
57.0522_7.36035_-3.98039
56.7805_7.77773_-4.29041
56.571_8.23172_-4.26974
56.3615_8.68572_-4.29041
56.1615_9.14394_-4.31108
56.1615_9.14394_-4.31108
56.0604_9.63034_-4.70378
56.1531_10.1184_-5.09648
56.3452_10.58_-5.11715
56.5469_11.0375_-5.13782
56.7485_11.4951_-5.11715
56.7485_11.4951_-5.11715
56.8513_11.9811_-4.72445
56.7602_12.4695_-4.33175
56.4892_12.8859_-3.93905
56.1363_13.24_-3.91838
55.7834_13.5942_-3.93905
55.7834_13.5942_-3.93905
55.3737_13.8751_-3.54635
54.9047_14.048_-3.44301
54.4258_14.1914_-3.42234
53.9468_14.3349_-3.44301
53.4678_14.4784_-3.42234
53.4678_14.4784_-3.42234
53.0265_14.7066_-3.81504
52.6325_15.0143_-3.79437
52.2385_15.3221_-3.81504
51.8444_15.6299_-3.79437
51.4504_15.9377_-3.81504
51.4504_15.9377_-3.81504
51.0091_16.1658_-3.42234
50.514_16.2077_-3.02964
50.0278_16.0961_-2.80229
49.5546_15.9345_-2.82296
49.0814_15.773_-2.80229
49.0814_15.773_-2.80229
48.5897_15.7022_-3.19499
48.0941_15.7649_-3.33967
47.6029_15.8582_-3.319
47.1098_15.9413_-3.29833
46.6168_16.0245_-3.319
46.6168_16.0245_-3.319
46.1222_16.0974_-3.25699
45.6262_16.1601_-3.27766
45.1301_16.2228_-3.25699
44.6341_16.2855_-3.27766
44.1381_16.3482_-3.25699
44.1381_16.3482_-3.25699
43.6652_16.5006_-3.64969
43.2867_16.8223_-4.04239
43.0601_17.2644_-4.43509
42.9341_17.553_-4.1664
42.9341_17.553_-4.1664
42.5982_17.9191_-3.7737
42.1479_18.1288_-3.381
41.6515_18.1501_-2.9883
41.1848_17.98_-2.59561
40.8114_17.6513_-2.24424
40.8114_17.6513_-2.24424
40.4317_17.3309_-2.63694
39.9584_17.1802_-3.02964
39.4594_17.181_-3.25699
38.9634_17.2437_-3.27766
38.4674_17.3064_-3.25699
38.4674_17.3064_-3.25699
37.9745_17.3895_-3.36034
37.4854_17.493_-3.33967
36.9962_17.5964_-3.36034
36.507_17.6999_-3.33967
36.0179_17.8033_-3.36034
36.0179_17.8033_-3.36034
35.5393_17.9467_-3.50501
35.0738_18.1293_-3.52568
34.6084_18.3118_-3.50501
34.1392_18.4847_-3.48435
33.6701_18.6576_-3.50501
33.6701_18.6576_-3.50501
33.1802_18.7402_-3.11231
32.696_18.6291_-2.71962
32.2912_18.3411_-2.32692
32.0274_17.9201_-1.93422
31.8747_17.6764_-2.32692
31.8747_17.6764_-2.32692
31.4698_17.3884_-2.71962
30.9856_17.2773_-3.11231
30.4958_17.3599_-3.50501
30.0632_17.6067_-3.81504
29.6692_17.9145_-3.79437
29.6692_17.9145_-3.79437
29.2751_18.2222_-3.81504
28.8811_18.53_-3.79437
28.4871_18.8378_-3.81504
28.093_19.1456_-3.79437
27.699_19.4534_-3.81504
27.699_19.4534_-3.81504
27.2664_19.7001_-3.50501
26.801_19.8827_-3.52568
26.3355_20.0652_-3.50501
25.87_20.2478_-3.52568
25.4046_20.4303_-3.50501
25.4046_20.4303_-3.50501
24.9836_20.6941_-3.89771
24.6956_21.0989_-4.29041
24.5845_21.5831_-4.68311
24.5957_22.0828_-4.78645
24.6275_22.5818_-4.76578
24.6275_22.5818_-4.76578
24.5668_23.0755_-4.41442
24.425_23.5549_-4.43509
24.2831_24.0344_-4.41442
24.1413_24.5138_-4.43509
23.9995_24.9933_-4.41442
23.9995_24.9933_-4.41442
23.908_25.4838_-4.64177
23.8676_25.9821_-4.62111
23.8272_26.4805_-4.64177
23.7868_26.9788_-4.62111
23.7463_27.4772_-4.64177
23.7463_27.4772_-4.64177
23.7369_27.9769_-4.74512
23.7584_28.4764_-4.76578
23.7799_28.9759_-4.74512
23.8014_29.4755_-4.76578
23.8229_29.975_-4.74512
23.8229_29.975_-4.74512
23.7826_30.4723_-4.51776
23.6808_30.9618_-4.4971
23.5791_31.4513_-4.51776
23.4773_31.9409_-4.4971
23.3756_32.4304_-4.51776
23.3756_32.4304_-4.51776
23.2738_32.9199_-4.4971
23.172_33.4094_-4.51776
23.0703_33.899_-4.4971
22.9685_34.3885_-4.51776
22.8667_34.878_-4.4971
22.8667_34.878_-4.4971
22.765_35.3675_-4.51776
22.6632_35.8571_-4.4971
22.5615_36.3466_-4.51776
22.4597_36.8361_-4.4971
22.3579_37.3256_-4.51776
22.3579_37.3256_-4.51776
22.3588_37.8224_-4.91046
22.5497_38.2811_-5.30316
22.8947_38.6394_-5.65452
23.3021_38.9292_-5.67519
23.7096_39.2191_-5.65452
23.7096_39.2191_-5.65452
24.0466_39.584_-5.26183
24.2184_40.0501_-4.86913
24.1988_40.5466_-4.47643
24.0279_41.0153_-4.24908
23.809_41.4649_-4.26974
23.809_41.4649_-4.26974
23.5902_41.9144_-4.24908
23.3714_42.364_-4.26974
23.1526_42.8136_-4.24908
22.9338_43.2631_-4.26974
22.7149_43.7127_-4.24908
22.7149_43.7127_-4.24908
22.4961_44.1622_-4.26974
22.2773_44.6118_-4.24908
22.0585_45.0614_-4.26974
21.8397_45.5109_-4.24908
21.6208_45.9605_-4.26974
21.6208_45.9605_-4.26974
21.4997_46.4423_-4.66244
21.5621_46.9358_-5.01381
21.7155_47.4117_-5.03447
21.8688_47.8876_-5.01381
21.9325_48.223_-4.78645
21.9325_48.223_-4.78645
21.8719_48.7161_-4.39375
21.6272_49.1484_-4.00105
21.2357_49.4542_-3.60836
20.7825_49.6652_-3.54635
20.3209_49.8574_-3.52568
20.3209_49.8574_-3.52568
19.8593_50.0495_-3.54635
19.5731_50.1828_-3.60836
19.5731_50.1828_-3.60836
