configuration -4.52205276489_51.1520843506_-0.288179288681_0.957576470876_89.803527832_11.5547637939_-0.656431103106_0.754385980036
length 119.005
time 3.73842
roughness 0.000547073
-4.52205_51.1521_-0.58465
-4.06224_50.964_-0.191951
-3.56738_50.8941_-0.0886089
-3.06983_50.8447_-0.109277
-2.57228_50.7953_-0.0886089
-2.07474_50.7459_-0.109277
-2.07474_50.7459_-0.109277
-1.58339_50.6557_-0.253956
-1.09816_50.5351_-0.233287
-0.612937_50.4145_-0.253956
-0.12771_50.2939_-0.233287
0.357516_50.1733_-0.253956
0.357516_50.1733_-0.253956
0.837276_50.0327_-0.315961
1.3141_49.8823_-0.295293
1.79092_49.7319_-0.315961
2.26774_49.5814_-0.295293
2.74456_49.431_-0.315961
2.74456_49.431_-0.315961
3.21094_49.2514_-0.419303
3.6697_49.0525_-0.398634
4.12846_48.8537_-0.419303
4.58721_48.6549_-0.398634
5.04597_48.456_-0.419303
5.04597_48.456_-0.419303
5.53047_48.3462_-0.0266038
6.03012_48.3277_-0.0472721
6.52977_48.3093_-0.0266038
7.02942_48.2908_-0.0472721
7.52907_48.2723_-0.0266038
7.52907_48.2723_-0.0266038
8.01357_48.1625_-0.419303
8.46812_47.9542_-0.439971
8.92267_47.746_-0.419303
9.37722_47.5377_-0.439971
9.83177_47.3294_-0.419303
9.83177_47.3294_-0.419303
10.2982_47.1498_-0.315961
10.775_46.9994_-0.295293
11.2518_46.8489_-0.315961
11.7286_46.6985_-0.295293
12.2054_46.548_-0.315961
12.2054_46.548_-0.315961
12.6879_46.4175_-0.212619
13.1755_46.3069_-0.233287
13.6631_46.1964_-0.212619
14.1507_46.0858_-0.233287
14.6383_45.9753_-0.212619
14.6383_45.9753_-0.212619
15.1281_45.8748_-0.191951
15.6179_45.7744_-0.212619
16.1077_45.6739_-0.191951
16.5975_45.5734_-0.212619
17.0873_45.473_-0.191951
17.0873_45.473_-0.191951
17.585_45.4443_0.0767381
18.0831_45.4878_0.0974065
18.5812_45.5313_0.0767381
19.0793_45.5747_0.0974065
19.5774_45.6182_0.0767381
19.5774_45.6182_0.0767381
20.0557_45.7522_0.469437
20.4464_46.0591_0.862136
20.69_46.4921_1.25484
20.8205_46.9745_1.35818
20.9311_47.4621_1.33751
20.9311_47.4621_1.33751
21.1196_47.923_1.02748
21.3737_48.3537_1.04815
21.6277_48.7843_1.02748
21.8818_49.215_1.04815
22.1358_49.6456_1.02748
22.1358_49.6456_1.02748
22.4707_50.0126_0.634784
22.9205_50.2235_0.242085
23.4161_50.2771_-0.0266038
23.9152_50.2483_-0.0886089
24.4136_50.2092_-0.0679405
24.4136_50.2092_-0.0679405
24.9133_50.2011_0.0354013
25.4128_50.2239_0.0560697
25.9123_50.2468_0.0354013
26.4117_50.2697_0.0560697
26.9106_50.3028_0.0767381
26.9106_50.3028_0.0767381
27.4098_50.2947_-0.109277
27.9063_50.2351_-0.129946
28.4027_50.1754_-0.109277
28.4027_50.1754_-0.109277
28.9002_50.1982_0.200748
29.3867_50.313_0.262753
29.6215_50.3286_-0.129946
29.6215_50.3286_-0.129946
30.1184_50.3513_0.221417
30.6073_50.4561_0.200748
31.0962_50.5609_0.221417
31.5851_50.6656_0.200748
32.074_50.7704_0.221417
32.074_50.7704_0.221417
32.5706_50.7828_-0.171282
33.0342_50.6043_-0.563981
33.4595_50.3414_-0.543313
33.8848_50.0785_-0.563981
34.3101_49.8156_-0.543313
34.3101_49.8156_-0.543313
34.7675_49.6174_-0.274624
34.7675_49.6174_-0.274624
35.2586_49.5272_-0.0886089
35.7561_49.4778_-0.109277
36.2537_49.4284_-0.0886089
36.7512_49.379_-0.109277
37.2488_49.3296_-0.0886089
37.2488_49.3296_-0.0886089
37.7289_49.1997_-0.439971
38.1835_48.9914_-0.419303
38.638_48.7831_-0.439971
39.0926_48.5749_-0.419303
39.2711_48.5344_-0.0266038
39.2711_48.5344_-0.0266038
39.7607_48.6183_0.366095
40.181_48.8832_0.758794
40.4679_49.2888_1.15149
40.5777_49.7733_1.54419
40.5446_50.2715_1.73021
40.5446_50.2715_1.73021
40.5446_50.2715_1.33751
40.6862_50.5805_0.94481
41.0502_50.9186_0.552111
41.5159_51.0916_0.159412
42.0124_51.0733_-0.233287
42.0124_51.0733_-0.233287
42.464_50.8664_-0.625987
42.8599_50.561_-0.687992
43.2494_50.2476_-0.667323
43.6389_49.9341_-0.687992
44.0284_49.6206_-0.667323
44.0284_49.6206_-0.667323
44.3511_49.2429_-1.06002
44.5819_48.7994_-1.12203
44.7942_48.3467_-1.1427
45.0064_47.894_-1.12203
45.2187_47.4413_-1.1427
45.2187_47.4413_-1.1427
45.5091_47.0383_-0.749997
45.8853_46.709_-0.687992
46.2748_46.3956_-0.667323
46.6643_46.0821_-0.687992
47.0538_45.7686_-0.667323
47.0538_45.7686_-0.667323
47.3766_45.3909_-1.06002
47.5302_44.9185_-1.45272
47.5942_44.4226_-1.43205
47.6583_43.9267_-1.45272
47.7796_43.5538_-1.06002
47.7796_43.5538_-1.06002
48.0374_43.1254_-0.998017
48.3127_42.7081_-0.977349
48.588_42.2907_-0.998017
48.8633_41.8733_-0.977349
49.1386_41.4559_-0.998017
49.1386_41.4559_-0.998017
49.4841_41.099_-0.605318
49.9144_40.8452_-0.46064
50.3599_40.6183_-0.481308
50.8007_40.3823_-0.501976
51.2415_40.1462_-0.481308
51.2415_40.1462_-0.481308
51.687_39.9194_-0.46064
52.1326_39.6925_-0.481308
52.5734_39.4564_-0.501976
53.0141_39.2204_-0.481308
53.4597_38.9935_-0.46064
53.4597_38.9935_-0.46064
53.9053_38.7667_-0.481308
54.346_38.5306_-0.501976
54.7868_38.2946_-0.481308
55.2276_38.0586_-0.501976
55.6683_37.8225_-0.481308
55.6683_37.8225_-0.481308
56.1227_37.6144_-0.377966
56.5893_37.4347_-0.357298
57.0559_37.255_-0.377966
57.5224_37.0753_-0.357298
57.989_36.8956_-0.377966
57.989_36.8956_-0.377966
58.418_36.6425_-0.687992
58.8075_36.329_-0.667323
59.197_36.0156_-0.687992
59.5865_35.7021_-0.667323
59.976_35.3886_-0.687992
59.976_35.3886_-0.687992
60.3655_35.0751_-0.667323
60.755_34.7616_-0.687992
61.1446_34.4482_-0.667323
61.5341_34.1347_-0.687992
61.9236_33.8212_-0.667323
61.9236_33.8212_-0.667323
62.3316_33.5326_-0.563981
62.7514_33.261_-0.58465
63.1712_32.9893_-0.563981
63.5909_32.7177_-0.58465
64.0107_32.4461_-0.563981
64.0107_32.4461_-0.563981
64.4413_32.1921_-0.501976
64.8821_31.956_-0.481308
65.3228_31.72_-0.501976
65.7636_31.484_-0.481308
66.2044_31.2479_-0.501976
66.2044_31.2479_-0.501976
66.6451_31.0119_-0.481308
67.0859_30.7759_-0.501976
67.5267_30.5398_-0.481308
67.9675_30.3038_-0.501976
68.4082_30.0678_-0.481308
68.4082_30.0678_-0.481308
68.8152_29.7799_-0.749997
69.1845_29.4429_-0.729328
69.5608_29.1136_-0.70866
69.937_28.7843_-0.729328
70.3132_28.455_-0.70866
70.3132_28.455_-0.70866
70.6894_28.1257_-0.729328
71.0657_27.7964_-0.70866
71.4419_27.467_-0.729328
71.8181_27.1377_-0.70866
72.1944_26.8084_-0.729328
72.1944_26.8084_-0.729328
72.5706_26.4791_-0.70866
72.9468_26.1498_-0.729328
73.323_25.8205_-0.70866
73.6993_25.4912_-0.729328
74.0755_25.1619_-0.70866
74.0755_25.1619_-0.70866
74.4517_24.8326_-0.729328
74.828_24.5033_-0.70866
75.2042_24.174_-0.729328
75.5804_23.8447_-0.70866
75.9566_23.5153_-0.729328
75.9566_23.5153_-0.729328
76.3845_23.2629_-0.336629
76.8764_23.1935_0.0560697
77.3575_23.3175_0.448769
77.7544_23.6163_0.841468
78.025_24.0344_1.15149
78.025_24.0344_1.15149
78.3119_24.4399_0.758794
78.7321_24.7049_0.366095
79.2218_24.7888_-0.0266038
79.7063_24.6789_-0.419303
80.1415_24.4342_-0.605318
80.1415_24.4342_-0.605318
80.487_24.0772_-0.998017
80.7448_23.6489_-1.06002
80.9937_23.2153_-1.03935
81.2426_22.7817_-1.06002
81.4915_22.348_-1.03935
81.4915_22.348_-1.03935
81.822_21.9771_-0.646655
82.2693_21.7609_-0.253956
82.7621_21.6809_-0.0679405
83.2606_21.6418_-0.0886089
83.759_21.6027_-0.0679405
83.759_21.6027_-0.0679405
84.2386_21.4729_-0.46064
84.6451_21.1853_-0.770665
85.0074_20.8407_-0.749997
85.3697_20.4962_-0.770665
85.732_20.1516_-0.749997
85.732_20.1516_-0.749997
86.0225_19.7485_-1.1427
86.2347_19.2958_-1.12203
86.447_18.8431_-1.1427
86.6593_18.3904_-1.12203
86.8715_17.9377_-1.1427
86.8715_17.9377_-1.1427
87.0838_17.485_-1.12203
87.296_17.0323_-1.1427
87.5083_16.5796_-1.12203
87.7205_16.1269_-1.1427
87.9234_15.6699_-1.16336
87.9234_15.6699_-1.16336
88.1263_15.213_-1.1427
88.3385_14.7603_-1.12203
88.5508_14.3076_-1.1427
88.7536_13.8506_-1.16336
88.9565_13.3936_-1.1427
88.9565_13.3936_-1.1427
89.1687_12.9409_-1.12203
89.381_12.4882_-1.1427
89.5839_12.0312_-1.16336
89.7961_11.5785_-1.10136
89.7961_11.5785_-1.10136
