configuration -17.6504554749_-22.9172973633_0.256229049699_0.256229049699_76.2194671631_43.7661514282_0.386216847154_0.922408015454
length 125.654
time 1.17071
roughness 0.00043587
-17.6505_-22.9173_0.150019
-17.1832_-22.7486_0.542718
-16.816_-22.414_0.935417
-16.5859_-21.9724_1.24544
-16.4212_-21.5003_1.22477
-16.2564_-21.0282_1.24544
-16.0089_-20.5975_0.852743
-15.6153_-20.2943_0.460044
-15.1357_-20.1648_0.0673451
-14.6361_-20.1467_0.00533995
-14.1362_-20.1388_0.0260083
-13.6516_-20.0293_0.418707
-13.2217_-19.776_0.64606
-12.8194_-19.4791_0.625391
-12.4111_-19.1906_0.604723
-12.0027_-18.9022_0.625391
-11.5829_-18.6309_0.522049
-11.147_-18.3861_0.501381
-10.711_-18.1412_0.522049
-10.2751_-17.8964_0.501381
-9.83915_-17.6516_0.522049
-9.40836_-17.3978_0.542718
-8.97757_-17.144_0.522049
-8.54678_-16.8902_0.542718
-8.11598_-16.6364_0.522049
-7.68519_-16.3826_0.542718
-7.27113_-16.1027_0.64606
-6.86882_-15.8059_0.625391
-6.46045_-15.5174_0.604723
-6.05209_-15.2289_0.625391
-5.64373_-14.9404_0.604723
-5.18779_-14.7431_0.212024
-4.69105_-14.7353_-0.180675
-4.21709_-14.8898_-0.449364
-3.76451_-15.1023_-0.428696
-3.31194_-15.3148_-0.449364
-2.8686_-15.5458_-0.511369
-2.43006_-15.786_-0.490701
-1.99153_-16.0261_-0.511369
-1.55299_-16.2663_-0.490701
-1.11446_-16.5065_-0.511369
-0.642112_-16.6604_-0.11867
-0.146816_-16.6218_0.274029
0.310688_-16.4239_0.542718
0.741481_-16.1701_0.522049
1.17743_-15.9253_0.501381
1.61834_-15.6895_0.480713
2.05925_-15.4537_0.501381
2.50016_-15.2179_0.480713
2.94107_-14.9822_0.501381
3.38199_-14.7464_0.480713
3.82768_-14.5198_0.460044
4.27796_-14.3025_0.439376
4.72823_-14.0851_0.460044
5.17851_-13.8678_0.439376
5.62879_-13.6504_0.460044
6.04783_-13.3796_0.687396
6.43753_-13.0664_0.666728
6.82723_-12.7531_0.687396
7.21694_-12.4399_0.666728
7.60664_-12.1266_0.687396
7.99634_-11.8134_0.666728
8.38604_-11.5001_0.687396
8.77574_-11.1869_0.666728
9.16544_-10.8736_0.687396
9.55514_-10.5604_0.666728
9.94485_-10.2471_0.687396
10.3345_-9.93389_0.666728
10.7242_-9.62064_0.687396
11.1139_-9.3074_0.666728
11.5037_-8.99415_0.687396
11.8997_-8.68906_0.625391
12.308_-8.40057_0.604723
12.7164_-8.11207_0.625391
13.1248_-7.82357_0.604723
13.5331_-7.53508_0.625391
13.9292_-7.22999_0.687396
14.3189_-6.91674_0.666728
14.7086_-6.6035_0.687396
15.0983_-6.29025_0.666728
15.488_-5.977_0.687396
15.9171_-5.72422_0.377371
16.3799_-5.53519_0.398039
16.8388_-5.33664_0.418707
17.2977_-5.13809_0.398039
17.7566_-4.93953_0.418707
18.1687_-4.66097_0.77007
18.5312_-4.31661_0.749401
18.9007_-3.97981_0.728733
19.2703_-3.64302_0.749401
19.6398_-3.30623_0.728733
20.0528_-3.02707_0.460044
20.5031_-2.80972_0.439376
20.9534_-2.59237_0.460044
21.4036_-2.37502_0.439376
21.8539_-2.15768_0.460044
22.273_-1.88688_0.687396
22.6627_-1.57363_0.666728
23.0524_-1.26038_0.687396
23.4421_-0.947137_0.666728
23.8318_-0.63389_0.687396
24.2215_-0.320642_0.666728
24.6112_-0.00739512_0.687396
25.0009_0.305852_0.666728
25.3906_0.6191_0.687396
25.7803_0.932347_0.666728
26.2098_1.18538_0.398039
26.6727_1.37441_0.377371
27.1355_1.56344_0.398039
27.5944_1.76199_0.418707
28.0533_1.96055_0.398039
28.4771_2.22214_0.708065
28.8602_2.54337_0.687396
29.2499_2.85662_0.666728
29.6396_3.16987_0.687396
30.0293_3.48312_0.666728
30.4375_3.77149_0.563386
30.863_4.03413_0.542718
31.2884_4.29677_0.563386
31.7139_4.55941_0.542718
32.1393_4.82204_0.563386
32.5535_5.102_0.625391
32.9558_5.39888_0.64606
33.3581_5.69575_0.625391
33.7604_5.99263_0.64606
34.1628_6.2895_0.625391
34.5386_6.61812_0.811406
34.8791_6.98428_0.832075
35.2196_7.35044_0.811406
35.56_7.7166_0.832075
35.9005_8.08276_0.811406
36.2764_8.41137_0.625391
36.6787_8.70825_0.64606
37.0748_9.01337_0.666728
37.4709_9.3185_0.64606
37.867_9.62363_0.666728
38.3056_9.85819_0.315366
38.7793_10.0182_0.336034
39.2531_10.1782_0.315366
39.7268_10.3381_0.336034
40.2005_10.4981_0.315366
40.6336_10.7414_0.708065
41.01_11.0705_0.728733
41.3865_11.3996_0.708065
41.7629_11.7286_0.728733
42.1393_12.0577_0.708065
42.5679_12.3102_0.356702
43.0346_12.4896_0.377371
43.4975_12.6787_0.398039
43.9604_12.8677_0.377371
44.4232_13.0567_0.398039
44.8685_13.2831_0.542718
45.2993_13.5369_0.522049
45.7301_13.7907_0.542718
46.1609_14.0445_0.522049
46.5917_14.2983_0.542718
47.059_14.467_0.150019
47.5553_14.4439_-0.242681
48.0049_14.2328_-0.63538
48.2865_14.0934_-0.284017
48.7728_13.9783_-0.180675
49.2656_13.8935_-0.160007
49.7584_13.8088_-0.180675
50.2511_13.724_-0.160007
50.7439_13.6393_-0.180675
51.2418_13.6162_0.0880134
51.7403_13.655_0.0673451
52.2388_13.6938_0.0880134
52.7373_13.7326_0.0673451
53.2358_13.7714_0.0880134
53.7126_13.9108_0.480713
54.1067_14.2143_0.832075
54.4471_14.5805_0.811406
54.7951_14.9395_0.790738
55.1431_15.2986_0.811406
55.5488_15.5852_0.418707
56.0334_15.6948_0.0260083
56.523_15.6106_-0.366691
56.9431_15.3454_-0.75939
57.2796_14.9762_-0.904068
57.2796_14.9762_-0.511369
57.7519_14.8223_-0.11867
58.2472_14.8608_0.274029
58.6901_15.086_0.666728
59.013_15.4634_1.05943
59.2622_15.8969_1.03876
59.5203_16.3252_1.01809
59.7784_16.7534_1.03876
60.0364_17.1816_1.01809
60.2945_17.6099_1.03876
60.5526_18.0381_1.01809
60.8195_18.4609_0.997422
61.0864_18.8837_1.01809
61.3532_19.3065_0.997422
61.6201_19.7293_1.01809
61.7934_20.1949_1.41079
61.8062_20.6933_1.67948
61.7571_21.1908_1.65881
61.708_21.6884_1.67948
61.6589_22.186_1.65881
61.7126_22.6799_1.26611
61.9513_23.1156_0.873412
62.2989_23.4743_0.728733
62.6754_23.8034_0.708065
63.0585_24.1247_0.687396
63.398_24.4897_0.956085
63.6905_24.8952_0.935417
63.9831_25.3006_0.956085
64.2756_25.7061_0.935417
64.5682_26.1116_0.956085
64.8771_26.5044_0.852743
65.2022_26.8843_0.873412
65.5272_27.2643_0.852743
65.8523_27.6442_0.873412
66.1773_28.0241_0.852743
66.4779_28.4231_0.997422
66.7448_28.8459_1.01809
67.0117_29.2687_0.997422
67.2786_29.6915_1.01809
67.5454_30.1143_0.997422
67.8123_30.5371_1.01809
68.0792_30.9599_0.997422
68.3461_31.3827_1.01809
68.6129_31.8056_0.997422
68.8798_32.2284_1.01809
69.2181_32.5922_0.625391
69.6531_32.8365_0.398039
70.112_33.0351_0.418707
70.5709_33.2336_0.398039
71.0298_33.4322_0.418707
71.0298_33.4322_0.0260083
71.5143_33.5417_0.418707
71.9264_33.8203_0.77007
72.2817_34.1721_0.790738
72.637_34.5238_0.77007
72.9924_34.8756_0.790738
73.2662_35.2902_1.18344
73.4406_35.7587_1.24544
73.6053_36.2307_1.22477
73.77_36.7028_1.24544
73.9347_37.1749_1.22477
74.0994_37.647_1.24544
74.2641_38.1191_1.22477
74.4288_38.5912_1.24544
74.5935_39.0632_1.22477
74.7582_39.5353_1.24544
74.9229_40.0074_1.22477
75.0876_40.4795_1.24544
75.2523_40.9516_1.22477
75.417_41.4237_1.24544
75.5817_41.8957_1.22477
75.7464_42.3678_1.24544
75.9112_42.8399_1.22477
76.0759_43.312_1.24544
76.2768_43.7398_1.01809
