configuration -4.52205276489_51.1520843506_-0.288179288681_0.957576470876_89.803527832_11.5547637939_-0.656431103106_0.754385980036
length 124.224
time 1.17751
roughness 0.000559732
-4.52205_51.1521_-0.58465
-4.08191_50.9164_-0.398634
-3.61914_50.7271_-0.377966
-3.15637_50.5378_-0.398634
-2.6936_50.3485_-0.377966
-2.23083_50.1592_-0.398634
-1.75203_50.0189_-0.171282
-1.2585_49.9388_-0.150614
-0.764972_49.8587_-0.171282
-0.271442_49.7785_-0.150614
0.222087_49.6984_-0.171282
0.720183_49.6697_0.0560697
1.21965_49.6925_0.0354013
1.71912_49.7154_0.0560697
2.21859_49.7383_0.0354013
2.71806_49.7611_0.0560697
3.21608_49.8046_0.118075
3.71317_49.8584_0.0974065
4.21027_49.9121_0.118075
4.70736_49.9659_0.0974065
5.20445_50.0197_0.118075
5.70357_50.0322_-0.0679405
6.20273_50.0034_-0.0472721
6.7019_49.9746_-0.0679405
7.20106_49.9458_-0.0472721
7.70022_49.917_-0.0679405
8.19868_49.8779_-0.0886089
8.69623_49.8285_-0.109277
9.19377_49.7791_-0.0886089
9.69132_49.7298_-0.109277
10.1877_49.6701_-0.129946
10.6719_49.5497_-0.357298
11.1421_49.3797_-0.336629
11.6157_49.2195_-0.315961
12.0893_49.0592_-0.336629
12.563_48.8989_-0.315961
13.0562_48.8397_0.0767381
13.5436_48.9441_0.345427
14.0158_49.1085_0.324759
14.488_49.2729_0.345427
14.9602_49.4374_0.324759
15.4324_49.6018_0.345427
15.9045_49.7662_0.324759
16.3767_49.9306_0.345427
16.8489_50.0951_0.324759
17.3211_50.2595_0.345427
17.8124_50.3333_-0.0472721
18.2975_50.2233_-0.398634
18.7603_50.034_-0.377966
19.2268_49.8543_-0.357298
19.6934_49.6746_-0.377966
20.1668_49.5144_-0.274624
20.6467_49.3738_-0.295293
21.1265_49.2333_-0.274624
21.6063_49.0927_-0.295293
22.0861_48.9522_-0.274624
22.5755_48.8518_-0.129946
23.0719_48.7921_-0.109277
23.5684_48.7325_-0.129946
24.0648_48.6728_-0.109277
24.5612_48.6132_-0.129946
25.0569_48.6461_0.262753
25.5384_48.781_0.283422
26.0169_48.9257_0.30409
26.4955_49.0705_0.283422
26.9741_49.2153_0.30409
27.468_49.2687_-0.0886089
27.9447_49.1291_-0.481308
28.3903_48.9022_-0.46064
28.8359_48.6753_-0.481308
29.2814_48.4484_-0.46064
29.761_48.3187_-0.0679405
30.2537_48.3823_0.324759
30.6845_48.6296_0.717458
30.9879_49.023_1.11016
31.1674_49.4889_1.29617
31.3928_49.9316_0.903473
31.7705_50.2543_0.510774
32.2429_50.408_0.118075
32.7419_50.4308_-0.0266038
33.2416_50.4124_-0.0472721
33.7267_50.3024_-0.398634
34.1895_50.1131_-0.377966
34.6561_49.9334_-0.357298
35.1226_49.7537_-0.377966
35.5892_49.574_-0.357298
36.0796_49.4944_0.0354013
36.5795_49.4966_-0.0266038
37.0794_49.4884_-0.0059354
37.5794_49.4906_0.014733
38.0794_49.4928_-0.0059354
38.5738_49.5567_0.262753
39.058_49.6815_0.242085
39.5446_49.7964_0.221417
40.0312_49.9112_0.242085
40.5178_50.026_0.221417
40.9719_50.2276_0.614116
41.3372_50.5668_0.882805
41.6586_50.9498_0.862136
41.9801_51.3327_0.882805
42.3644_51.6476_0.490106
42.7486_51.9625_0.882805
42.9831_52.4004_1.2755
43.1436_52.7001_0.882805
43.1436_52.7001_0.490106
43.548_52.9915_0.758794
43.7471_53.117_0.366095
43.7471_53.117_-0.0266038
44.2462_53.0882_-0.0886089
44.7447_53.0491_-0.0679405
45.2431_53.01_-0.0886089
45.7416_52.9709_-0.0679405
46.2407_52.9422_-0.0472721
46.7359_52.9957_0.262753
47.2173_53.1306_0.283422
47.6988_53.2654_0.262753
48.1802_53.4003_0.283422
48.6617_53.5351_0.262753
49.1574_53.5681_-0.129946
49.6416_53.4477_-0.357298
50.1082_53.268_-0.377966
50.5709_53.0787_-0.398634
51.0409_52.9088_-0.295293
51.5208_52.7682_-0.274624
52.0006_52.6277_-0.295293
52.4774_52.4772_-0.315961
52.9542_52.3268_-0.295293
53.3975_52.1011_-0.646655
53.8056_51.8124_-0.58465
54.2197_51.5321_-0.605318
54.6279_51.2434_-0.625987
55.0361_50.9546_-0.605318
55.4919_50.7571_-0.212619
55.9887_50.749_0.18008
56.4507_50.9316_0.572779
56.8076_51.2771_0.965478
57.0704_51.7023_1.06882
57.3898_52.0828_0.676121
57.8305_52.3121_0.283422
58.3254_52.3553_-0.109277
58.8218_52.2956_-0.129946
59.3169_52.2257_-0.150614
59.7841_52.0568_-0.543313
60.1725_51.7442_-0.812002
60.5202_51.385_-0.791334
60.8753_51.033_-0.770665
61.2304_50.681_-0.791334
61.5782_50.3218_-0.812002
61.9184_49.9554_-0.83267
62.2587_49.589_-0.812002
62.5989_49.2227_-0.83267
62.9391_48.8563_-0.812002
63.2558_48.4699_-0.956681
63.5481_48.0643_-0.936012
63.8404_47.6586_-0.956681
64.1327_47.253_-0.936012
64.4251_46.8474_-0.956681
64.7417_46.4609_-0.812002
65.0819_46.0946_-0.83267
65.4145_45.7213_-0.853339
65.7471_45.3479_-0.83267
66.0797_44.9746_-0.853339
66.3884_44.5816_-0.956681
66.6808_44.176_-0.936012
66.9731_43.7703_-0.956681
67.2654_43.3647_-0.936012
67.5577_42.959_-0.956681
67.8664_42.566_-0.853339
68.1912_42.1859_-0.874007
68.5161_41.8058_-0.853339
68.8409_41.4257_-0.874007
69.1657_41.0456_-0.853339
69.5591_40.7422_-0.46064
70.0386_40.6124_-0.0679405
70.5313_40.676_0.324759
70.9782_40.8969_0.593447
71.3956_41.1722_0.572779
71.8576_41.3548_0.18008
72.3543_41.3468_-0.212619
72.8101_41.1492_-0.605318
73.1634_40.799_-0.956681
73.4557_40.3934_-0.936012
73.7481_39.9877_-0.956681
74.0404_39.5821_-0.936012
74.3327_39.1765_-0.956681
74.625_38.7708_-0.936012
74.9173_38.3652_-0.956681
75.2097_37.9596_-0.936012
75.502_37.5539_-0.956681
75.7943_37.1483_-0.936012
76.0866_36.7427_-0.956681
76.3789_36.337_-0.936012
76.6877_35.9439_-0.874007
77.0046_35.5571_-0.894675
77.3215_35.1704_-0.874007
77.6384_34.7836_-0.894675
77.9553_34.3969_-0.874007
78.2641_34.0038_-0.936012
78.5564_33.5981_-0.956681
78.8487_33.1925_-0.936012
79.1411_32.7868_-0.956681
79.4334_32.3812_-0.936012
79.7729_32.0156_-0.70866
80.1559_31.6942_-0.687992
80.5454_31.3807_-0.667323
80.8225_31.1381_-0.770665
81.1045_30.7292_-1.16336
81.3074_30.2722_-1.1427
81.5102_29.8152_-1.16336
81.7036_29.3541_-1.18403
81.897_28.893_-1.16336
82.0998_28.436_-1.1427
82.3121_27.9833_-1.12203
82.5244_27.5306_-1.1427
82.7272_27.0737_-1.16336
82.9301_26.6167_-1.1427
83.1423_26.164_-1.12203
83.3546_25.7113_-1.1427
83.5574_25.2543_-1.16336
83.7603_24.7973_-1.1427
83.9725_24.3446_-1.12203
84.2553_23.9346_-0.812002
84.5955_23.5683_-0.83267
84.9358_23.2019_-0.812002
85.276_22.8355_-0.83267
85.6163_22.4692_-0.812002
85.8812_22.0489_-1.2047
86.0554_21.5802_-1.22537
86.2295_21.1116_-1.2047
86.4037_20.6429_-1.22537
86.5778_20.1742_-1.2047
86.752_19.7055_-1.22537
86.9261_19.2368_-1.2047
87.1003_18.7681_-1.22537
87.2744_18.2995_-1.2047
87.4486_17.8308_-1.22537
87.7047_17.4051_-0.83267
88.1043_17.1099_-0.439971
88.5822_16.9699_-0.129946
89.0773_16.9_-0.150614
89.5724_16.8301_-0.129946
90.0429_16.6709_-0.522645
90.4168_16.3437_-0.915344
90.6369_15.8983_-1.30804
90.6699_15.4026_-1.70074
90.5796_14.911_-1.80408
90.4691_14.4234_-1.78342
90.3585_13.9358_-1.80408
90.248_13.4482_-1.78342
90.1374_12.9606_-1.80408
90.0268_12.473_-1.78342
89.9163_11.9854_-1.80408
89.8447_11.5442_-1.65941
