configuration 72.6459350586_2.13817882538_-0.994211695618_0.107438839792_19.5581073761_50.1696281433_0.955633460234_0.294558465643
length 100.923
time 0.951093
roughness 0.000872823
72.6459_2.13818_-2.9263
72.1492_2.12877_-3.319
71.6867_2.31015_-3.7117
71.2744_2.59289_-3.7737
70.8741_2.89246_-3.79437
70.4738_3.19203_-3.7737
70.0235_3.40173_-3.381
69.5271_3.42311_-2.9883
69.0459_3.2915_-2.76095
68.5798_3.11055_-2.78162
68.1137_2.9296_-2.76095
67.6267_2.82836_-3.11231
67.1271_2.80856_-3.09165
66.6275_2.78876_-3.11231
66.1279_2.76896_-3.09165
65.6283_2.74916_-3.11231
65.13_2.78096_-3.29833
64.6354_2.85389_-3.27766
64.1407_2.92683_-3.29833
63.6461_2.99977_-3.27766
63.1514_3.07271_-3.29833
62.6853_3.2445_-3.69103
62.3058_3.56701_-4.00105
61.9755_3.94236_-3.98039
61.6375_4.3108_-3.95972
61.2995_4.67924_-3.98039
60.9018_4.97689_-3.58769
60.4204_5.09968_-3.19499
59.9206_5.11087_-3.13298
59.4207_5.1014_-3.11231
58.9208_5.09193_-3.13298
58.4344_4.99082_-2.74028
58.0237_4.71127_-2.34758
57.7513_4.29584_-1.95489
57.618_3.81505_-1.72753
57.5348_3.32202_-1.7482
57.5443_2.82531_-1.3555
57.6661_2.34048_-1.2935
57.808_1.86103_-1.27283
57.9498_1.38158_-1.2935
58.0917_0.902128_-1.27283
58.1421_0.407897_-1.66553
57.9995_-0.0679981_-2.05823
57.6856_-0.453107_-2.45093
57.2906_-0.759484_-2.51293
56.8893_-1.05767_-2.49226
56.4426_-1.27509_-2.88496
55.9487_-1.34617_-3.11231
55.4488_-1.35564_-3.13298
54.9489_-1.36512_-3.11231
54.449_-1.37459_-3.13298
53.949_-1.37372_-3.15365
53.4492_-1.36253_-3.17432
52.9493_-1.35133_-3.15365
52.4494_-1.34014_-3.17432
51.9496_-1.32894_-3.15365
51.4612_-1.41998_-2.76095
51.0448_-1.69098_-2.36825
50.7639_-2.10069_-1.97555
50.6611_-2.58674_-1.58286
50.6016_-2.86813_-1.97555
50.3206_-3.27784_-2.36825
49.9042_-3.54884_-2.76095
49.4159_-3.63988_-3.15365
48.9248_-3.55706_-3.46368
48.4489_-3.4037_-3.44301
48.007_-3.17528_-3.79437
47.6067_-2.87571_-3.7737
47.2064_-2.57614_-3.79437
46.8061_-2.27657_-3.7737
46.4058_-1.977_-3.79437
46.039_-1.63821_-3.98039
45.701_-1.26977_-3.95972
45.3555_-0.908396_-3.93905
45.0099_-0.547021_-3.95972
44.6644_-0.185647_-3.93905
44.3934_0.23072_-4.33175
44.2029_0.692981_-4.31108
44.0028_1.15121_-4.29041
43.8028_1.60943_-4.31108
43.6027_2.06765_-4.29041
43.3147_2.47247_-3.89771
42.8938_2.73626_-3.50501
42.4039_2.81887_-3.11231
41.9057_2.77846_-3.00897
41.4108_2.70723_-2.9883
40.9145_2.72861_-3.381
40.4641_2.93831_-3.7737
40.0977_3.27686_-4.00105
39.7673_3.6522_-3.98039
39.437_4.02755_-4.00105
39.0774_4.37384_-3.81504
38.6833_4.68162_-3.79437
38.2893_4.9894_-3.81504
37.8953_5.29718_-3.79437
37.5012_5.60496_-3.81504
37.1343_5.94394_-3.95972
36.7887_6.30532_-3.93905
36.4432_6.66669_-3.95972
36.0976_7.02807_-3.93905
35.7521_7.38944_-3.95972
35.4898_7.81132_-4.35242
35.3185_8.28106_-4.37309
35.1472_8.7508_-4.35242
34.9663_9.2169_-4.33175
34.7853_9.683_-4.35242
34.523_10.1049_-3.95972
34.1192_10.3943_-3.56702
33.6416_10.5373_-3.29833
33.147_10.6103_-3.27766
32.6524_10.6832_-3.29833
32.1862_10.855_-3.69103
31.8213_11.1921_-4.08373
31.54_11.6053_-4.14573
31.2759_12.0299_-4.1664
31.0119_12.4545_-4.14573
30.8224_12.9144_-4.4971
30.7005_13.3993_-4.43509
30.5686_13.8815_-4.45576
30.4467_14.3664_-4.47643
30.3248_14.8513_-4.45576
30.2129_15.3386_-4.51776
30.1112_15.8281_-4.4971
30.0094_16.3176_-4.51776
29.9076_16.8072_-4.4971
29.8059_17.2967_-4.51776
29.6165_17.756_-4.12507
29.2659_18.1079_-3.73237
28.8072_18.2988_-3.33967
28.3104_18.2997_-2.94697
27.8511_18.1103_-2.55427
27.3918_17.921_-2.94697
26.895_17.9219_-3.33967
26.4201_18.0749_-3.56702
25.9626_18.2765_-3.54635
25.5051_18.4782_-3.56702
25.1013_18.7675_-3.95972
24.8389_19.1894_-4.35242
24.7072_19.671_-4.53843
24.6156_20.1625_-4.51776
24.524_20.6541_-4.53843
24.4425_21.1474_-4.5591
24.3611_21.6407_-4.53843
24.2796_22.134_-4.5591
24.1982_22.6273_-4.53843
24.1167_23.1206_-4.5591
24.0558_23.6168_-4.62111
24.0153_24.1152_-4.64177
23.9749_24.6135_-4.62111
23.9345_25.1119_-4.64177
23.894_25.6102_-4.62111
23.8639_26.1092_-4.68311
23.8441_26.6088_-4.66244
23.8243_27.1084_-4.68311
23.8045_27.608_-4.66244
23.7847_28.1076_-4.68311
23.8573_28.5997_-5.03447
24.0107_29.0756_-5.01381
24.1541_29.5546_-4.99314
24.2976_30.0336_-5.01381
24.4411_30.5125_-4.99314
24.483_31.0075_-4.60044
24.4323_31.5049_-4.62111
24.3816_32.0024_-4.60044
24.3308_32.4998_-4.62111
24.2801_32.9972_-4.60044
24.322_33.4922_-4.99314
24.5412_33.9387_-5.3445
24.8325_34.3451_-5.32383
25.1237_34.7515_-5.3445
25.4149_35.158_-5.32383
25.6153_35.6126_-4.93113
25.6264_36.1092_-4.53843
25.4752_36.5842_-4.26974
25.2657_37.0382_-4.29041
25.0656_37.4964_-4.31108
24.8562_37.9504_-4.24908
24.6373_38.3999_-4.26974
24.4185_38.8495_-4.24908
24.1997_39.2991_-4.26974
23.9809_39.7486_-4.24908
23.7809_40.2067_-4.35242
23.6096_40.6764_-4.37309
23.4384_41.1461_-4.35242
23.2671_41.6159_-4.37309
23.0958_42.0856_-4.35242
22.9053_42.5478_-4.29041
22.7052_43.006_-4.31108
22.5052_43.4643_-4.29041
22.3051_43.9225_-4.31108
22.1051_44.3807_-4.29041
21.905_44.8389_-4.31108
21.705_45.2972_-4.29041
21.5049_45.7554_-4.31108
21.3049_46.2136_-4.29041
21.1048_46.6718_-4.31108
20.9048_47.1301_-4.29041
20.7047_47.5883_-4.31108
20.5047_48.0465_-4.29041
20.3046_48.5047_-4.31108
20.1045_48.963_-4.29041
19.8951_49.417_-4.26974
19.6856_49.8709_-4.29041
19.5037_50.1266_-3.89771
