configuration -17.6504554749_-22.9172973633_0.256229049699_0.256229049699_76.2194671631_43.7661514282_0.386216847154_0.922408015454
length 123.5
time 10.3167
roughness 0.00035923
-17.6505_-22.9173_0.150019
-17.1569_-22.8375_0.170687
-16.6651_-22.7475_0.191355
-16.1732_-22.6574_0.170687
-15.6814_-22.5674_0.191355
-15.1896_-22.4774_0.170687
-14.7047_-22.3572_0.315366
-14.231_-22.1972_0.336034
-13.7573_-22.0372_0.315366
-13.2836_-21.8772_0.336034
-12.8099_-21.7173_0.315366
-12.3562_-21.5097_0.542718
-11.9254_-21.2559_0.522049
-11.4946_-21.0021_0.542718
-11.0638_-20.7483_0.522049
-10.633_-20.4945_0.542718
-10.1657_-20.3259_0.150019
-9.67215_-20.2461_0.170687
-9.18033_-20.156_0.191355
-8.68851_-20.066_0.170687
-8.19669_-19.976_0.191355
-7.73676_-19.7882_0.584054
-7.31683_-19.5168_0.563386
-6.89689_-19.2454_0.584054
-6.47696_-18.9741_0.563386
-6.05702_-18.7027_0.584054
-5.62641_-18.449_0.480713
-5.18072_-18.2224_0.460044
-4.73503_-17.9958_0.480713
-4.28934_-17.7692_0.460044
-3.84365_-17.5426_0.480713
-3.41304_-17.2889_0.584054
-2.9988_-17.0089_0.604723
-2.58456_-16.7289_0.584054
-2.17033_-16.4489_0.604723
-1.75609_-16.1689_0.584054
-1.32548_-15.9152_0.480713
-0.884568_-15.6795_0.501381
-0.443656_-15.4437_0.480713
-0.00274369_-15.2079_0.501381
0.438168_-14.9722_0.480713
0.874051_-14.7274_0.542718
1.29951_-14.4647_0.563386
1.72496_-14.2021_0.542718
2.15042_-13.9394_0.563386
2.57587_-13.6768_0.542718
2.99575_-13.4055_0.604723
3.40999_-13.1255_0.584054
3.82422_-12.8455_0.604723
4.23846_-12.5655_0.584054
4.6527_-12.2855_0.604723
5.08803_-12.041_0.418707
5.5427_-11.833_0.439376
5.99737_-11.625_0.418707
6.45205_-11.417_0.439376
6.90672_-11.209_0.418707
7.3366_-10.9558_0.64606
7.73891_-10.6589_0.625391
8.14122_-10.362_0.64606
8.54354_-10.0651_0.625391
8.94585_-9.76826_0.64606
9.34194_-9.46313_0.666728
9.73164_-9.14989_0.687396
10.1213_-8.83664_0.666728
10.511_-8.52339_0.687396
10.9007_-8.21014_0.666728
11.303_-7.91331_0.604723
11.7172_-7.63332_0.584054
12.1315_-7.35332_0.604723
12.5457_-7.07332_0.584054
12.96_-6.79333_0.604723
13.3742_-6.51333_0.584054
13.7884_-6.23333_0.604723
14.2027_-5.95334_0.584054
14.6169_-5.67334_0.604723
15.0311_-5.39335_0.584054
15.4395_-5.10489_0.64606
15.8355_-4.79976_0.666728
16.2316_-4.49464_0.64606
16.6277_-4.18951_0.666728
17.0238_-3.88438_0.64606
17.4712_-3.66843_0.25336
17.9565_-3.54811_0.232692
18.4442_-3.43784_0.212024
18.9319_-3.32758_0.232692
19.4196_-3.21732_0.212024
19.8755_-3.02003_0.604723
20.2778_-2.7232_0.666728
20.6739_-2.41807_0.64606
21.0699_-2.11295_0.666728
21.466_-1.80782_0.64606
21.8801_-1.52794_0.542718
22.3056_-1.26531_0.563386
22.731_-1.00267_0.542718
23.1565_-0.740028_0.563386
23.5819_-0.477389_0.542718
24.0272_-0.250975_0.398039
24.4861_-0.0524202_0.418707
24.945_0.146135_0.398039
25.4039_0.34469_0.418707
25.8627_0.543244_0.398039
26.2805_0.813231_0.749401
26.6569_1.14227_0.687396
27.04_1.4635_0.708065
27.4165_1.79259_0.728733
27.7929_2.12167_0.708065
28.1888_2.42667_0.604723
28.603_2.70666_0.584054
29.0173_2.98666_0.604723
29.4315_3.26666_0.584054
29.8458_3.54665_0.604723
30.2417_3.85165_0.708065
30.6181_4.18073_0.728733
30.9945_4.50982_0.708065
31.3709_4.8389_0.728733
31.7474_5.16798_0.708065
32.1711_5.42958_0.398039
32.63_5.62813_0.418707
33.0847_5.83613_0.439376
33.5394_6.04412_0.418707
33.994_6.25212_0.439376
34.4127_6.52268_0.708065
34.7959_6.84392_0.687396
35.1856_7.15717_0.666728
35.5753_7.47041_0.687396
35.9584_7.79165_0.708065
36.3916_8.03491_0.315366
36.8653_8.1949_0.336034
37.339_8.35488_0.315366
37.8127_8.51486_0.336034
38.2864_8.67485_0.315366
38.7353_8.89155_0.584054
39.1553_9.16292_0.563386
39.5807_9.42556_0.542718
40.0062_9.6882_0.563386
40.4316_9.95084_0.542718
40.8334_10.2473_0.728733
41.2029_10.5841_0.749401
41.5724_10.9209_0.728733
41.942_11.2577_0.749401
42.3115_11.5945_0.728733
42.7396_11.8466_0.336034
43.2219_11.9768_0.191355
43.7117_12.077_0.212024
44.2016_12.1772_0.191355
44.6914_12.2773_0.212024
45.1474_12.4746_0.604723
45.53_12.7954_0.790738
45.8853_13.1472_0.77007
46.2406_13.4989_0.790738
46.5959_13.8507_0.77007
47.0026_14.1381_0.460044
47.4483_14.3647_0.480713
47.894_14.5913_0.460044
48.3397_14.8179_0.480713
48.7854_15.0445_0.460044
49.2628_15.184_0.108682
49.7593_15.2434_0.12935
50.2544_15.313_0.150019
50.7495_15.3826_0.12935
51.2447_15.4523_0.150019
51.712_15.6209_0.542718
52.1318_15.8922_0.604723
52.5461_16.1722_0.584054
52.9603_16.4522_0.604723
53.3745_16.7322_0.584054
53.8345_16.9201_0.191355
54.3313_16.9176_-0.201344
54.7893_16.7252_-0.594043
55.1388_16.3721_-0.986742
55.3834_15.9366_-1.13142
55.6784_15.5368_-0.738721
56.1039_15.2804_-0.346022
56.5822_15.1354_-0.242681
57.0687_15.0203_-0.222012
57.5553_14.9051_-0.242681
58.0516_14.8821_0.150019
58.5188_15.0508_0.542718
58.886_15.3854_0.935417
59.1255_15.8226_1.20411
59.3095_16.2875_1.18344
59.522_16.7399_1.0801
59.753_17.1833_1.10076
59.9841_17.6267_1.0801
60.2151_18.0701_1.10076
60.4462_18.5135_1.0801
60.6863_18.9521_1.05943
60.9355_19.3855_1.03876
61.1847_19.819_1.05943
61.4339_20.2525_1.03876
61.683_20.686_1.05943
61.9411_21.1141_0.997422
62.2166_21.5313_0.976753
62.4922_21.9486_0.997422
62.7677_22.3658_0.976753
63.0433_22.783_0.997422
63.3274_23.1943_0.935417
63.6283_23.5937_0.914748
63.9291_23.993_0.935417
64.23_24.3923_0.914748
64.5309_24.7916_0.935417
64.8399_25.1846_0.873412
65.157_25.5712_0.89408
65.4742_25.9577_0.873412
65.7913_26.3443_0.89408
66.1084_26.7308_0.873412
66.4007_27.1359_1.01809
66.6676_27.5587_0.997422
66.9345_27.9816_1.01809
67.2014_28.4044_0.997422
67.4682_28.8272_1.01809
67.7263_29.2554_1.03876
67.9755_29.6889_1.05943
68.2247_30.1224_1.03876
68.4738_30.5558_1.05943
68.723_30.9893_1.03876
69.0537_31.3601_0.64606
69.462_31.6485_0.584054
69.8762_31.9285_0.604723
70.2905_32.2085_0.584054
70.7047_32.4885_0.604723
71.0873_32.8093_0.790738
71.4426_33.1611_0.77007
71.7979_33.5128_0.790738
72.1532_33.8646_0.77007
72.5086_34.2164_0.790738
72.7823_34.6309_1.18344
72.9664_35.0958_1.20411
73.1409_35.5644_1.22477
73.3153_36.033_1.20411
73.4897_36.5015_1.22477
73.7461_36.927_0.832075
74.1459_37.222_0.439376
74.6047_37.4205_0.377371
74.9561_37.6476_0.77007
75.2384_38.0564_1.16277
75.4224_38.5212_1.22477
75.5871_38.9933_1.24544
75.7518_39.4654_1.22477
75.9262_39.9339_1.20411
76.1914_40.354_0.811406
76.5467_40.7058_0.749401
76.6844_40.8966_1.1421
76.6844_40.8966_1.5348
76.7075_41.3961_1.51413
76.7258_41.7904_1.5348
76.6667_42.2848_1.84483
76.5264_42.7648_1.86549
76.3762_43.2417_1.88616
76.2261_43.7186_1.86549
76.221_43.7706_1.47279
