configuration -3.08480739594_22.5642471313_-0.424155304833_0.905589464041_28.1138801575_4.40596151352_-0.254607913402_0.967044368389
length 45.8826
time 0.712032
roughness 0.00230167
-3.08481_22.5642_-0.876058
-2.69842_22.252_-0.483359
-2.22195_22.1113_-0.0906597
-1.72393_22.1331_0.178029
-1.23095_22.2166_0.157361
-0.737975_22.3_0.178029
-0.240084_22.3321_-0.0493229
0.259527_22.3126_-0.0286546
0.759138_22.2931_-0.0493229
1.25875_22.2736_-0.0286546
1.75836_22.2542_-0.0493229
2.24024_22.1333_-0.442022
2.69852_21.9336_-0.380017
3.1609_21.7433_-0.400685
3.62328_21.5531_-0.380017
4.08566_21.3628_-0.400685
4.57212_21.262_-0.00798619
5.06012_21.355_0.384713
5.51307_21.5663_0.488055
5.95708_21.7962_0.467386
6.40109_22.026_0.488055
6.8497_22.2466_0.42605
7.30284_22.458_0.446718
7.75597_22.6693_0.42605
8.20911_22.8806_0.446718
8.66224_23.092_0.42605
9.14599_23.2051_0.0333506
9.63619_23.1245_-0.359349
10.0582_22.8624_-0.752048
10.4269_22.5246_-0.731379
10.8024_22.1945_-0.710711
11.2095_21.9054_-0.524696
11.6396_21.6504_-0.545364
12.0643_21.3867_-0.566032
12.4891_21.1229_-0.545364
12.9139_20.8591_-0.566032
13.3331_20.5867_-0.586701
13.7466_20.3056_-0.607369
14.1601_20.0245_-0.586701
14.5736_19.7434_-0.607369
14.9871_19.4623_-0.586701
15.4465_19.2733_-0.194002
15.9433_19.2744_0.198698
16.4018_19.4656_0.591397
16.8017_19.7653_0.694738
17.1891_20.0814_0.67407
17.6303_20.3098_0.281371
18.1253_20.352_-0.111328
18.5988_20.2015_-0.504027
18.9925_19.8966_-0.814053
19.3395_19.5366_-0.793384
19.6384_19.1377_-1.06207
19.8864_18.7036_-1.0414
20.1345_18.2694_-1.06207
20.3825_17.8353_-1.0414
20.6305_17.4012_-1.06207
20.8786_16.967_-1.0414
21.1266_16.5329_-1.06207
21.3746_16.0988_-1.0414
21.6226_15.6646_-1.06207
21.8707_15.2305_-1.0414
22.1187_14.7963_-1.06207
22.3667_14.3622_-1.0414
22.6147_13.9281_-1.06207
22.8628_13.4939_-1.0414
23.1108_13.0598_-1.06207
23.4253_12.6744_-0.710711
23.8008_12.3443_-0.731379
24.1695_12.0065_-0.752048
24.5381_11.6688_-0.731379
24.9068_11.331_-0.752048
25.3288_11.0689_-0.359349
25.819_10.9883_0.0333506
26.3143_11.0512_0.219366
26.8034_11.155_0.198698
27.2946_11.2486_0.178029
27.7913_11.2395_-0.21467
28.2467_11.041_-0.607369
28.5915_10.6834_-1.00007
28.7732_10.221_-1.39277
28.7846_9.7231_-1.70279
28.8166_9.22734_-1.31009
29.0071_8.79573_-1.00007
29.2178_8.34395_-1.26876
29.3616_7.86508_-1.28943
29.5054_7.38621_-1.26876
29.659_6.91042_-1.24809
29.6755_6.78072_-1.64079
29.5448_6.30145_-2.03349
29.2814_5.87729_-2.2195
28.9752_5.48201_-2.24017
28.6609_5.09314_-2.26084
28.3466_4.70427_-2.24017
28.1799_4.3784_-1.84747
28.1799_4.3784_-1.45477
28.1799_4.3784_-1.06207
