configuration -4.52205276489_51.1520843506_-0.288179288681_0.957576470876_89.803527832_11.5547637939_-0.656431103106_0.754385980036
length 124.191
time 1.04418
roughness 0.000400662
-4.52205_51.1521_-0.58465
-4.07325_50.9351_-0.315961
-3.59964_50.7749_-0.336629
-3.12603_50.6146_-0.315961
-2.65242_50.4543_-0.336629
-2.17881_50.2941_-0.315961
-1.69189_50.1837_-0.129946
-1.19681_50.1138_-0.150614
-0.703279_50.0336_-0.171282
-0.20975_49.9535_-0.150614
0.283779_49.8734_-0.171282
0.778788_49.8035_-0.109277
1.27521_49.7438_-0.129946
1.77163_49.6842_-0.109277
2.26804_49.6245_-0.129946
2.76446_49.5648_-0.109277
3.25104_49.4545_-0.336629
3.72465_49.2942_-0.315961
4.19826_49.134_-0.336629
4.67187_48.9737_-0.315961
5.14548_48.8135_-0.336629
5.63739_48.744_0.0560697
6.13542_48.7875_0.118075
6.63129_48.8515_0.138743
7.12717_48.9155_0.118075
7.62304_48.9795_0.138743
8.12006_49.0333_0.0767381
8.61816_49.0768_0.0974065
9.11525_49.1305_0.118075
9.61234_49.1843_0.0974065
10.1094_49.2381_0.118075
10.6065_49.2918_0.0974065
11.1046_49.3353_0.0767381
11.6027_49.3788_0.0974065
12.1008_49.4223_0.0767381
12.5989_49.4658_0.0974065
13.0977_49.4989_0.0354013
13.5976_49.5115_0.014733
14.0974_49.524_0.0354013
14.5972_49.5365_0.014733
15.0971_49.5491_0.0354013
15.5959_49.5822_0.0974065
16.094_49.6257_0.0767381
16.5921_49.6692_0.0974065
17.0902_49.7127_0.0767381
17.5883_49.7562_0.0974065
18.0841_49.8202_0.159412
18.5785_49.8944_0.138743
19.073_49.9687_0.159412
19.5674_50.043_0.138743
20.0619_50.1172_0.159412
20.5583_50.0989_-0.233287
21.0192_49.9103_-0.543313
21.4499_49.6563_-0.522645
21.8857_49.4112_-0.501976
22.3215_49.1661_-0.522645
22.7712_48.9487_-0.377966
23.234_48.7594_-0.398634
23.6968_48.5701_-0.377966
24.1596_48.3808_-0.398634
24.6223_48.1914_-0.377966
25.1109_48.1017_0.014733
25.6039_48.1758_0.283422
26.0854_48.3106_0.262753
26.5695_48.4355_0.242085
27.0537_48.5603_0.262753
27.499_48.7805_0.655453
27.8262_49.1543_1.04815
27.9855_49.6249_1.44085
28.0348_50.1224_1.50286
28.0636_50.6215_1.52352
27.9898_51.1128_1.91622
27.8157_51.5815_1.93689
27.6319_52.0465_1.95756
27.4481_52.5115_1.93689
27.2643_52.9765_1.95756
27.2643_52.9765_1.56486
27.3641_53.4631_1.17216
27.6426_53.8745_0.779463
28.0573_54.1481_0.386764
28.5451_54.2421_-0.0059354
29.0404_54.1826_-0.233287
29.528_54.072_-0.212619
30.0178_53.9716_-0.191951
30.5076_53.8711_-0.212619
30.9974_53.7707_-0.191951
31.4909_53.6906_-0.129946
31.986_53.6206_-0.150614
32.4811_53.5507_-0.129946
32.9761_53.4808_-0.150614
33.4712_53.4109_-0.129946
33.9418_53.2517_-0.522645
34.3614_52.9802_-0.625987
34.7696_52.6914_-0.605318
35.1778_52.4027_-0.625987
35.586_52.1139_-0.605318
36.0162_51.8601_-0.46064
36.4618_51.6332_-0.481308
36.9026_51.3972_-0.501976
37.3433_51.1612_-0.481308
37.7841_50.9251_-0.501976
38.2524_50.7558_-0.191951
38.7422_50.6554_-0.212619
39.2298_50.5448_-0.233287
39.7175_50.4342_-0.212619
40.2051_50.3237_-0.233287
40.6743_50.154_-0.46064
41.1244_49.9364_-0.439971
41.579_49.7282_-0.419303
42.0335_49.5199_-0.439971
42.4881_49.3116_-0.419303
42.8451_49.2307_-0.0266038
43.3347_49.3146_0.366095
43.755_49.5795_0.758794
44.0419_49.9851_1.15149
44.1517_50.4696_1.54419
44.2616_50.9541_1.15149
44.5485_51.3597_0.758794
44.9687_51.6246_0.366095
45.4495_51.7593_0.18008
45.9423_51.8437_0.159412
46.4227_51.9783_0.386764
46.8877_52.1621_0.366095
47.3527_52.3459_0.386764
47.8177_52.5297_0.366095
48.2827_52.7135_0.386764
48.7705_52.8075_-0.0059354
49.2704_52.7994_-0.0266038
49.7703_52.7912_-0.0059354
50.2703_52.7831_-0.0266038
50.7702_52.775_-0.0059354
51.2618_52.6952_-0.315961
51.7386_52.5447_-0.295293
52.2184_52.4042_-0.274624
52.6982_52.2636_-0.295293
53.1781_52.123_-0.274624
53.6733_52.0842_0.118075
54.1704_52.138_0.0974065
54.6675_52.1917_0.118075
55.1646_52.2455_0.0974065
55.6617_52.2993_0.118075
56.157_52.2604_-0.274624
56.6396_52.1298_-0.253956
57.1222_51.9992_-0.274624
57.6049_51.8686_-0.253956
58.0875_51.738_-0.274624
58.5302_51.5126_-0.667323
58.8845_51.1613_-0.894675
59.2014_50.7746_-0.874007
59.5263_50.3945_-0.853339
59.8511_50.0144_-0.874007
60.168_49.6276_-0.894675
60.4768_49.2344_-0.915344
60.7856_48.8412_-0.894675
61.0945_48.448_-0.915344
61.4033_48.0548_-0.894675
61.7838_47.7354_-0.501976
62.2246_47.4993_-0.481308
62.6654_47.2633_-0.501976
63.1061_47.0273_-0.481308
63.5469_46.7912_-0.501976
63.9274_46.4718_-0.894675
64.2362_46.0786_-0.915344
64.5369_45.6791_-0.936012
64.8375_45.2796_-0.915344
65.1382_44.8801_-0.936012
65.4777_44.5145_-0.70866
65.8539_44.1852_-0.729328
66.2301_43.8559_-0.70866
66.6064_43.5266_-0.729328
66.9826_43.1973_-0.70866
67.3298_42.8385_-0.894675
67.6467_42.4518_-0.874007
67.9716_42.0717_-0.853339
68.2964_41.6916_-0.874007
68.6212_41.3115_-0.853339
68.9299_40.9184_-0.956681
69.2138_40.5068_-0.977349
69.4976_40.0953_-0.956681
69.7815_39.6837_-0.977349
70.0654_39.2721_-0.956681
70.3577_38.8664_-0.936012
70.65_38.4608_-0.956681
70.9424_38.0552_-0.936012
71.2347_37.6495_-0.956681
71.527_37.2439_-0.936012
71.894_36.909_-0.543313
72.3514_36.7108_-0.274624
72.8312_36.5703_-0.295293
73.311_36.4297_-0.274624
73.7908_36.2891_-0.295293
74.2288_36.0546_-0.687992
74.552_35.6765_-1.03935
74.8098_35.2481_-1.01869
75.0764_34.8251_-0.998017
75.343_34.4021_-1.01869
75.6097_33.9792_-0.998017
75.8763_33.5562_-1.01869
76.1429_33.1332_-0.998017
76.4095_32.7102_-1.01869
76.6761_32.2873_-0.998017
76.9428_31.8643_-1.01869
77.2094_31.4413_-0.998017
77.476_31.0184_-1.01869
77.7426_30.5954_-0.998017
78.0093_30.1724_-1.01869
78.2759_29.7495_-0.998017
78.5425_29.3265_-1.01869
78.8091_28.9035_-0.998017
79.0758_28.4806_-1.01869
79.3424_28.0576_-0.998017
79.609_27.6346_-1.01869
79.8756_27.2116_-0.998017
80.1422_26.7887_-1.01869
80.4089_26.3657_-0.998017
80.6755_25.9427_-1.01869
80.9421_25.5198_-0.998017
81.2087_25.0968_-1.01869
81.4754_24.6738_-0.998017
81.742_24.2509_-1.01869
82.0086_23.8279_-0.998017
82.3471_23.4634_-0.646655
82.7493_23.1663_-0.625987
83.1514_22.8692_-0.646655
83.5535_22.5721_-0.625987
83.9557_22.2749_-0.646655
84.3316_21.9459_-0.791334
84.6867_21.5939_-0.770665
85.0418_21.2419_-0.791334
85.3969_20.8899_-0.770665
85.752_20.538_-0.791334
86.0255_20.1233_-1.18403
86.2189_19.6622_-1.16336
86.4217_19.2052_-1.1427
86.6246_18.7482_-1.16336
86.8274_18.2912_-1.1427
87.0303_17.8342_-1.16336
87.2332_17.3772_-1.1427
87.436_16.9202_-1.16336
87.6389_16.4632_-1.1427
87.8417_16.0062_-1.16336
88.0813_15.5682_-0.977349
88.3652_15.1566_-0.956681
88.649_14.745_-0.977349
88.9329_14.3334_-0.956681
89.2252_13.9278_-0.936012
89.4361_13.478_-1.32871
89.5409_12.9892_-1.39072
89.6355_12.4982_-1.37005
89.7301_12.0073_-1.39072
89.8057_11.5663_-1.41138
