configuration 46.8230323792_-26.2805175781_0.619899316938_0.784681360082_54.818611145_35.6322822571_0.774404309534_0.632691050494
length 74.4837
time 0.550372
roughness 0.00115877
46.823_-26.2805_1.33723
47.021_-25.8242_0.985866
47.2927_-25.4045_1.00653
47.5645_-24.9848_0.985866
47.8362_-24.5651_1.00653
48.1079_-24.1454_0.985866
48.3155_-23.6927_1.29589
48.4562_-23.2129_1.27522
48.5969_-22.7331_1.29589
48.7376_-22.2533_1.27522
48.8783_-21.7735_1.29589
48.9686_-21.2825_1.48191
49.0181_-20.785_1.46124
49.0676_-20.2874_1.48191
49.1172_-19.7899_1.46124
49.1667_-19.2924_1.48191
49.257_-18.8013_1.29589
49.3878_-18.3187_1.31656
49.5185_-17.8361_1.29589
49.6493_-17.3535_1.31656
49.78_-16.8709_1.29589
50.0055_-16.4283_0.903193
50.3833_-16.1057_0.510494
50.8221_-15.8659_0.489825
51.2608_-15.6261_0.510494
51.6996_-15.3863_0.489825
52.0839_-15.0716_0.882525
52.3186_-14.6337_1.27522
52.4493_-14.1512_1.33723
52.56_-13.6636_1.3579
52.6707_-13.176_1.33723
52.7814_-12.6884_1.3579
52.8819_-12.1986_1.37857
52.9825_-11.7089_1.3579
53.0831_-11.2191_1.37857
53.1837_-10.7293_1.3579
53.1919_-10.2326_1.7506
53.0673_-9.74884_1.89527
52.9128_-9.27332_1.87461
52.7583_-8.79779_1.89527
52.6038_-8.32227_1.87461
52.5402_-7.82892_1.52324
52.5692_-7.32976_1.50258
52.6084_-6.83131_1.48191
52.6476_-6.33286_1.50258
52.641_-6.281_1.89527
52.5775_-5.78828_1.50258
52.6373_-5.29209_1.39923
52.7175_-4.79858_1.4199
52.7978_-4.30507_1.39923
52.878_-3.81157_1.4199
53.0183_-3.33321_1.15121
53.2173_-2.87451_1.17188
53.4067_-2.4118_1.19255
53.5961_-1.94908_1.17188
53.7856_-1.48636_1.19255
54.0556_-1.06935_0.799851
54.4646_-0.787405_0.407152
54.9504_-0.683454_0.0144529
55.2847_-0.744942_-0.378246
55.2847_-0.744942_0.0144529
55.7796_-0.804564_-0.254236
56.2622_-0.935309_-0.274904
56.7448_-1.06605_-0.254236
57.2274_-1.1968_-0.274904
57.7072_-1.33749_-0.295573
58.2016_-1.3867_0.0971264
58.6771_-1.24299_0.489825
59.0615_-0.92823_0.882525
59.3414_-0.514826_1.06854
59.5776_-0.0741205_1.08921
59.7174_0.4026_1.48191
59.6947_0.900582_1.7506
59.6104_1.39341_1.72993
59.5363_1.88788_1.70926
59.4621_2.38234_1.72993
59.4395_2.88075_1.50258
59.4684_3.37991_1.52324
59.4973_3.87906_1.50258
59.5263_4.37821_1.52324
59.5552_4.87737_1.50258
59.5841_5.37652_1.52324
59.6027_5.87616_1.54391
59.6213_6.37581_1.52324
59.6399_6.87545_1.54391
59.6585_7.3751_1.52324
59.6771_7.87474_1.54391
59.6854_8.37467_1.56458
59.6937_8.87459_1.54391
59.702_9.37451_1.56458
59.7102_9.87443_1.54391
59.6772_10.3726_1.72993
59.5929_10.8655_1.7506
59.5086_11.3583_1.72993
59.4243_11.8511_1.7506
59.3399_12.3439_1.72993
59.2556_12.8368_1.7506
59.1611_13.3277_1.77126
59.0666_13.8187_1.7506
58.9721_14.3097_1.77126
58.8776_14.8007_1.7506
58.8859_15.2974_1.3579
59.0362_15.7735_1.17188
59.2257_16.2362_1.19255
59.4151_16.6989_1.17188
59.6045_17.1617_1.19255
59.6944_17.6503_1.58525
59.6923_18.1502_1.56458
59.6903_18.6502_1.58525
59.6882_19.1502_1.56458
59.6861_19.6502_1.58525
59.776_20.1388_1.19255
60.0117_20.5786_0.965198
60.292_20.9926_0.985866
60.5724_21.4066_0.965198
60.8527_21.8205_0.985866
61.041_22.2803_1.37857
61.0389_22.7771_1.77126
60.8751_23.2479_2.03995
60.6537_23.6962_2.01929
60.4322_24.1445_2.03995
60.2984_24.6229_1.64725
60.3375_25.1194_1.33723
60.4482_25.6069_1.3579
60.5588_26.0945_1.33723
60.6695_26.5821_1.3579
60.6778_27.0788_1.7506
60.4953_27.5409_2.1433
60.2115_27.9525_2.2053
59.9193_28.3582_2.18463
59.6356_28.7699_2.16396
59.3518_29.1816_2.18463
59.0681_29.5932_2.16396
58.7843_30.0049_2.18463
58.4921_30.4106_2.2053
58.1999_30.8163_2.18463
57.9985_31.2705_1.79193
57.9861_31.7671_1.39923
58.1648_32.2306_1.00653
58.5002_32.598_0.655172
58.8935_32.9067_0.675841
58.8935_32.9067_1.06854
59.0431_33.3805_1.46124
59.0001_33.8754_1.85394
58.7709_34.3162_2.24664
58.3905_34.6357_2.63934
57.9222_34.8051_2.94936
57.4324_34.9057_2.92869
56.9426_35.0063_2.94936
56.4529_35.1069_2.92869
55.9631_35.2075_2.94936
55.484_35.348_2.76335
55.0213_35.5374_2.74268
54.8481_35.6547_2.34998
