configuration 46.8230323792_-26.2805175781_0.619899316938_0.784681360082_54.818611145_35.6322822571_0.774404309534_0.632691050494
length 76.1244
time 0.601011
roughness 0.000999816
46.823_-26.2805_1.33723
46.9637_-25.8009_1.23389
47.1241_-25.3274_1.25456
47.2845_-24.8538_1.23389
47.4449_-24.3802_1.25456
47.6053_-23.9067_1.23389
47.7558_-23.43_1.29589
47.8866_-22.9474_1.31656
48.0173_-22.4648_1.29589
48.148_-21.9822_1.31656
48.2788_-21.4996_1.29589
48.3691_-21.0085_1.48191
48.4186_-20.511_1.46124
48.4784_-20.0146_1.44057
48.5382_-19.5182_1.46124
48.598_-19.0218_1.44057
48.7382_-18.5439_1.13055
48.9466_-18.0894_1.15121
49.155_-17.6349_1.13055
49.3634_-17.1805_1.15121
49.5717_-16.726_1.13055
49.8671_-16.3265_0.737846
50.2928_-16.0704_0.345147
50.7841_-15.9968_-0.0475522
51.2662_-16.1167_-0.440251
51.6961_-16.3705_-0.626267
51.6961_-16.3705_-0.233568
52.1926_-16.389_0.159132
52.6583_-16.2161_0.551831
53.0224_-15.8782_0.94453
53.2295_-15.4266_1.33723
53.3199_-14.935_1.44057
53.39_-14.44_1.4199
53.4702_-13.9465_1.39923
53.5505_-13.453_1.4199
53.6307_-12.9595_1.39923
53.7008_-12.4645_1.46124
53.7606_-11.9681_1.44057
53.8204_-11.4717_1.46124
53.8802_-10.9753_1.44057
53.94_-10.4789_1.46124
53.9586_-9.97965_1.60592
53.9462_-9.47981_1.58525
53.9441_-8.97982_1.56458
53.9421_-8.47983_1.58525
53.94_-7.97985_1.56458
53.8461_-7.49201_1.95728
53.5727_-7.07723_2.34998
53.2177_-6.72514_2.37065
52.8555_-6.38047_2.39132
52.4933_-6.03579_2.37065
52.2113_-5.62675_1.97795
52.1074_-5.14096_1.58525
52.1973_-4.65236_1.19255
52.3771_-4.18583_1.21322
52.5569_-3.7193_1.19255
52.7558_-3.26066_1.13055
52.9642_-2.80617_1.15121
53.1726_-2.35168_1.13055
53.381_-1.89718_1.15121
53.5894_-1.44269_1.13055
53.8848_-1.04321_0.737846
54.3105_-0.787153_0.345147
54.8018_-0.713504_-0.0475522
55.2839_-0.833475_-0.440251
55.7023_-1.10441_-0.70894
56.1353_-1.34805_-0.316241
56.6285_-1.40747_0.076458
57.1069_-1.27362_0.469157
57.3537_-1.07988_0.861856
57.4435_-0.920374_1.25456
57.6514_-0.466852_1.0272
57.9056_-0.0362826_1.04787
58.1598_0.394287_1.0272
58.4228_0.819512_1.00653
58.6858_1.24474_1.0272
58.8841_1.70207_1.29589
59.0248_2.18186_1.27522
59.1655_2.66165_1.29589
59.3062_3.14143_1.27522
59.4469_3.62122_1.29589
59.5575_4.1086_1.39923
59.6378_4.60211_1.4199
59.7181_5.09561_1.39923
59.7983_5.58912_1.4199
59.8786_6.08263_1.39923
59.8766_6.58005_1.7506
59.7922_7.07288_1.72993
59.7079_7.56571_1.7506
59.6236_8.05854_1.72993
59.5392_8.55137_1.7506
59.5475_9.04809_1.3579
59.7171_9.51684_1.08921
59.9441_9.96233_1.10988
60.1711_10.4078_1.08921
60.3981_10.8533_1.10988
60.5874_11.3156_1.25456
60.7478_11.7892_1.23389
60.9082_12.2628_1.25456
61.0686_12.7363_1.23389
61.229_13.2099_1.25456
61.3991_13.68_1.19255
61.5789_14.1465_1.21322
61.7588_14.613_1.19255
61.9386_15.0796_1.21322
62.1184_15.5461_1.19255
62.336_15.9958_1.04787
62.5901_16.4264_1.0272
62.8443_16.8569_1.04787
63.0985_17.2875_1.0272
63.3526_17.7181_1.04787
63.5219_18.1858_1.39923
63.6124_18.6776_1.37857
63.713_19.1673_1.3579
63.8135_19.6571_1.37857
63.9141_20.1469_1.3579
63.9224_20.6436_1.7506
63.8178_21.1325_1.8126
63.693_21.6166_1.83327
63.5683_22.1008_1.8126
63.4435_22.585_1.83327
63.4004_23.0806_1.48191
63.4397_23.579_1.50258
63.4789_24.0775_1.48191
63.5181_24.5759_1.50258
63.5574_25.0744_1.48191
63.5347_25.5723_1.7506
63.4504_26.0652_1.72993
63.3763_26.5596_1.70926
63.3021_27.0541_1.72993
63.2178_27.5469_1.7506
63.0353_28.009_2.1433
62.7116_28.3881_2.41198
62.3423_28.7252_2.39132
61.9731_29.0623_2.41198
61.6038_29.3994_2.39132
61.2346_29.7365_2.41198
60.8653_30.0736_2.39132
60.4961_30.4108_2.41198
60.1269_30.7479_2.39132
59.7576_31.085_2.41198
59.459_31.482_2.01929
59.2755_31.9467_1.87461
59.121_32.4222_1.89527
58.9665_32.8977_1.87461
58.812_33.3732_1.89527
58.5648_33.8042_2.28797
58.1898_34.1326_2.55666
57.7758_34.4129_2.53599
57.3677_34.7018_2.51533
56.9596_34.9906_2.53599
56.5074_35.198_2.88736
56.0222_35.3187_2.90803
55.537_35.4395_2.88736
55.0544_35.5702_2.86669
54.8447_35.677_2.47399
