configuration -17.6504554749_-22.9172973633_0.256229049699_0.256229049699_76.2194671631_43.7661514282_0.386216847154_0.922408015454
length 120.946
time 1.17986
roughness 0.000178783
-17.6505_-22.9173_0.150019
-17.1587_-22.8273_0.212024
-16.671_-22.717_0.232692
-16.1833_-22.6068_0.212024
-15.6957_-22.4965_0.232692
-15.208_-22.3862_0.212024
-14.7431_-22.2075_0.522049
-14.3072_-21.9627_0.501381
-13.8663_-21.7269_0.480713
-13.4254_-21.4912_0.501381
-12.9845_-21.2554_0.480713
-12.51_-21.106_0.12935
-12.0149_-21.0364_0.150019
-11.5213_-20.9566_0.170687
-11.0277_-20.8767_0.150019
-10.5341_-20.7969_0.170687
-10.0467_-20.6867_0.274029
-9.56676_-20.5464_0.294697
-9.08685_-20.4061_0.274029
-8.60694_-20.2659_0.294697
-8.12703_-20.1256_0.274029
-7.66952_-19.9276_0.542718
-7.23873_-19.6738_0.522049
-6.80794_-19.4201_0.542718
-6.37714_-19.1663_0.522049
-5.94635_-18.9125_0.542718
-5.53229_-18.6326_0.64606
-5.1362_-18.3275_0.666728
-4.74011_-18.0223_0.64606
-4.34401_-17.7172_0.666728
-3.94792_-17.4121_0.64606
-3.53962_-17.1236_0.584054
-3.11968_-16.8523_0.563386
-2.69975_-16.5809_0.584054
-2.27981_-16.3095_0.563386
-1.85987_-16.0381_0.584054
-1.44563_-15.7581_0.604723
-1.0314_-15.4781_0.584054
-0.617158_-15.1981_0.604723
-0.20292_-14.9181_0.584054
0.211318_-14.6382_0.604723
0.625556_-14.3582_0.584054
1.03979_-14.0782_0.604723
1.45403_-13.7982_0.584054
1.86827_-13.5182_0.604723
2.28251_-13.2382_0.584054
2.69081_-12.9497_0.64606
3.08691_-12.6446_0.666728
3.483_-12.3395_0.64606
3.87909_-12.0343_0.666728
4.27518_-11.7292_0.64606
4.67127_-11.4241_0.666728
5.06737_-11.119_0.64606
5.46346_-10.8138_0.666728
5.85955_-10.5087_0.64606
6.25564_-10.2036_0.666728
6.6579_-9.90674_0.604723
7.06626_-9.61825_0.625391
7.47462_-9.32975_0.604723
7.88299_-9.04125_0.625391
8.29135_-8.75275_0.604723
8.69971_-8.46426_0.625391
9.10203_-8.16738_0.64606
9.50434_-7.87051_0.625391
9.90665_-7.57363_0.64606
10.309_-7.27675_0.625391
10.7341_-7.01434_0.480713
11.175_-6.77857_0.501381
11.6159_-6.5428_0.480713
12.0568_-6.30703_0.501381
12.4977_-6.07126_0.480713
12.917_-5.80027_0.666728
13.3131_-5.49514_0.64606
13.7092_-5.19002_0.666728
14.1053_-4.88489_0.64606
14.5014_-4.57976_0.666728
14.926_-4.31769_0.439376
15.3762_-4.10034_0.460044
15.8265_-3.88299_0.439376
16.2812_-3.67499_0.418707
16.7359_-3.467_0.439376
17.1861_-3.24965_0.460044
17.6318_-3.02304_0.480713
18.0775_-2.79643_0.460044
18.5232_-2.56983_0.480713
18.9689_-2.34322_0.460044
19.4485_-2.21373_0.0673451
19.9482_-2.2059_-0.0359968
20.4481_-2.21873_-0.0153284
20.9479_-2.23155_-0.0359968
21.4474_-2.25471_-0.0566652
21.9393_-2.18554_0.336034
22.373_-1.94196_0.687396
22.7627_-1.62872_0.666728
23.1524_-1.31547_0.687396
23.5421_-1.00222_0.666728
23.9444_-0.705388_0.604723
24.3586_-0.425392_0.584054
24.7729_-0.145396_0.604723
25.1871_0.1346_0.584054
25.6013_0.414596_0.604723
26.0266_0.677123_0.501381
26.4675_0.912893_0.480713
26.9084_1.14866_0.501381
27.3493_1.38443_0.480713
27.7903_1.6202_0.501381
28.2359_1.84678_0.439376
28.6862_2.06413_0.460044
29.1319_2.29074_0.480713
29.5775_2.51734_0.460044
30.0278_2.73469_0.439376
30.4465_3.00526_0.708065
30.8229_3.33434_0.728733
31.1993_3.66342_0.708065
31.5758_3.99251_0.728733
31.9522_4.32159_0.708065
32.3286_4.65068_0.728733
32.705_4.97976_0.708065
33.0815_5.30885_0.728733
33.4579_5.63793_0.708065
33.8343_5.96701_0.728733
34.2361_6.26347_0.542718
34.6615_6.52611_0.563386
35.087_6.78874_0.542718
35.5124_7.05138_0.563386
35.9379_7.31402_0.542718
36.3331_7.6185_0.77007
36.6956_7.96286_0.749401
37.0581_8.30721_0.77007
37.4206_8.65157_0.749401
37.7831_8.99593_0.77007
38.2004_9.26557_0.377371
38.6592_9.4641_0.439376
39.1139_9.67209_0.418707
39.5727_9.87065_0.398039
40.0316_10.0692_0.418707
40.4722_10.3048_0.563386
40.8976_10.5674_0.542718
41.3231_10.83_0.563386
41.7485_11.0927_0.542718
42.174_11.3553_0.563386
42.5628_11.6679_0.790738
42.9182_12.0197_0.77007
43.2807_12.364_0.749401
43.6432_12.7084_0.77007
44.0057_13.0528_0.749401
44.3682_13.3971_0.77007
44.7307_13.7415_0.749401
45.0932_14.0858_0.77007
45.4557_14.4302_0.749401
45.8182_14.7746_0.77007
46.2354_15.0442_0.377371
46.7241_15.1336_-0.0153284
47.2189_15.0694_-0.242681
47.6972_14.9245_-0.346022
48.1805_14.7995_-0.160007
48.6733_14.7147_-0.180675
49.1661_14.63_-0.160007
49.6605_14.5554_-0.139339
50.1549_14.4808_-0.160007
50.6476_14.3961_-0.180675
51.1385_14.3012_-0.201344
51.6273_14.1961_-0.222012
52.1162_14.0911_-0.201344
52.6071_13.9961_-0.180675
53.1038_14.0039_0.212024
53.589_14.1242_0.274029
54.0717_14.2546_0.25336
54.557_14.3749_0.232692
55.0423_14.4952_0.25336
55.4897_14.7111_0.64606
55.8363_15.0688_0.956085
56.1289_15.4742_0.935417
56.4214_15.8797_0.956085
56.714_16.2851_0.935417
57.0388_16.6647_0.790738
57.3867_17.0238_0.811406
57.7272_17.3899_0.832075
58.0677_17.7561_0.811406
58.4081_18.1223_0.832075
58.741_18.4954_0.852743
59.066_18.8753_0.873412
59.391_19.2552_0.852743
59.7161_19.6351_0.873412
60.0411_20.015_0.852743
60.3333_20.4199_1.03876
60.5914_20.8482_1.01809
60.8494_21.2764_1.03876
61.1075_21.7046_1.01809
61.3656_22.1329_1.03876
61.6324_22.5556_0.976753
61.9166_22.967_0.956085
62.2007_23.3785_0.976753
62.4848_23.7899_0.956085
62.7689_24.2013_0.976753
63.053_24.6127_0.956085
63.3372_25.0241_0.976753
63.6213_25.4356_0.956085
63.9054_25.847_0.976753
64.1895_26.2584_0.956085
64.4736_26.6698_0.976753
64.7578_27.0813_0.956085
65.0419_27.4927_0.976753
65.326_27.9041_0.956085
65.6101_28.3155_0.976753
65.8942_28.7269_0.956085
66.1784_29.1384_0.976753
66.4625_29.5498_0.956085
66.7466_29.9612_0.976753
67.0307_30.3726_0.956085
67.3909_30.7148_0.563386
67.8267_30.9595_0.460044
68.2769_31.1769_0.439376
68.7272_31.3942_0.460044
69.1775_31.6115_0.439376
69.5772_31.9065_0.832075
69.8692_32.3111_1.05943
70.1093_32.7497_1.0801
70.3495_33.1882_1.05943
70.5897_33.6267_1.0801
70.8298_34.0653_1.05943
71.07_34.5038_1.0801
71.3101_34.9423_1.05943
71.5503_35.3809_1.0801
71.7905_35.8194_1.05943
72.0306_36.2579_1.0801
72.2708_36.6965_1.05943
72.511_37.135_1.0801
72.7511_37.5735_1.05943
72.9913_38.0121_1.0801
73.2314_38.4506_1.05943
73.4806_38.8841_1.03876
73.7298_39.3176_1.05943
73.97_39.7561_1.0801
74.2101_40.1946_1.05943
74.4593_40.6281_1.03876
74.7085_41.0616_1.05943
74.9486_41.5001_1.0801
75.1888_41.9387_1.05943
75.438_42.3721_1.03876
75.6871_42.8056_1.05943
75.9273_43.2442_1.0801
76.1675_43.6827_1.05943
