configuration -4.52205276489_51.1520843506_-0.288179288681_0.957576470876_89.803527832_11.5547637939_-0.656431103106_0.754385980036
length 124.829
time 1.43538
roughness 0.000558081
-4.52205_51.1521_-0.58465
-4.06224_50.964_-0.191951
-3.56457_50.9353_0.0767381
-3.06568_50.9685_0.0560697
-2.56679_51.0016_0.0767381
-2.06791_51.0348_0.0560697
-1.57599_50.9654_-0.336629
-1.10238_50.8051_-0.315961
-0.625562_50.6547_-0.295293
-0.148741_50.5042_-0.315961
0.32808_50.3538_-0.295293
0.798075_50.1838_-0.398634
1.25683_49.985_-0.419303
1.71559_49.7862_-0.398634
2.17435_49.5873_-0.419303
2.63311_49.3885_-0.398634
3.11977_49.2887_-0.0059354
3.61823_49.3218_0.138743
4.11411_49.3859_0.118075
4.60998_49.4499_0.138743
5.10586_49.5139_0.118075
5.60498_49.5264_-0.0679405
6.10414_49.4977_-0.0472721
6.60379_49.4792_-0.0266038
7.10344_49.4607_-0.0472721
7.60309_49.4423_-0.0266038
8.0988_49.3827_-0.212619
8.5886_49.2822_-0.191951
9.08037_49.1919_-0.171282
9.57213_49.1016_-0.191951
10.0639_49.0113_-0.171282
10.5589_48.9414_-0.109277
11.0553_48.8817_-0.129946
11.5517_48.8221_-0.109277
12.0482_48.7624_-0.129946
12.5446_48.7028_-0.109277
13.022_48.5629_-0.46064
13.4721_48.3453_-0.439971
13.9223_48.1277_-0.46064
14.3724_47.9101_-0.439971
14.8226_47.6925_-0.46064
15.277_47.4842_-0.398634
15.7398_47.2949_-0.377966
16.2026_47.1056_-0.398634
16.6653_46.9163_-0.377966
17.1281_46.727_-0.398634
17.6148_46.6272_-0.0059354
18.1092_46.691_0.262753
18.5933_46.8159_0.242085
19.0775_46.9408_0.262753
19.5616_47.0656_0.242085
20.0579_47.0884_-0.150614
20.5291_46.9289_-0.501976
20.9698_46.6929_-0.481308
21.4154_46.466_-0.46064
21.861_46.2391_-0.481308
21.861_46.2391_-0.0886089
22.3549_46.2926_0.30409
22.7907_46.5309_0.696789
23.1022_46.9179_1.08949
23.2419_47.3947_1.48219
23.3815_47.8715_1.08949
23.5212_48.3482_1.48219
23.4678_48.8421_1.87489
23.2294_49.278_2.26759
23.1792_49.3698_1.87489
23.1792_49.3698_1.48219
23.3189_49.8465_1.08949
23.6303_50.2336_0.696789
24.0235_50.5423_0.634784
24.4291_50.8347_0.614116
24.8407_51.1185_0.593447
25.2581_51.3938_0.572779
25.6755_51.6692_0.593447
26.0871_51.953_0.614116
26.4455_52.1122_0.221417
26.9381_52.1966_0.118075
27.4352_52.2503_0.0974065
27.9323_52.3041_0.118075
28.4294_52.3579_0.0974065
28.9265_52.4116_0.118075
29.3989_52.5653_0.510774
29.7766_52.888_0.903473
30.0299_53.3174_1.17216
30.2287_53.7761_1.15149
30.4276_54.2349_1.17216
30.706_54.6463_0.779463
31.1207_54.9199_0.386764
31.6085_55.0139_-0.0059354
32.1085_55.0161_0.014733
32.6083_55.0286_0.0354013
33.1057_54.9896_-0.191951
33.5975_54.8993_-0.171282
34.091_54.8192_-0.150614
34.5846_54.7391_-0.171282
35.0781_54.6589_-0.150614
35.5626_54.5385_-0.336629
36.0362_54.3782_-0.315961
36.5131_54.2278_-0.295293
36.9899_54.0773_-0.315961
37.4667_53.9269_-0.295293
37.9329_53.7473_-0.439971
38.383_53.5297_-0.46064
38.8332_53.3121_-0.439971
39.2833_53.0945_-0.46064
39.7335_52.8769_-0.439971
40.152_52.6061_-0.70866
40.5349_52.2846_-0.687992
40.9179_51.9631_-0.70866
41.3009_51.6417_-0.687992
41.6838_51.3202_-0.70866
42.1168_51.0767_-0.315961
42.6101_51.0174_0.0767381
43.1_51.1118_0.30409
43.5754_51.2665_0.324759
44.0509_51.4211_0.30409
44.5448_51.4745_-0.0886089
45.0216_51.3349_-0.481308
45.4286_51.047_-0.749997
45.7979_50.71_-0.729328
46.1741_50.3807_-0.70866
46.5504_50.0514_-0.729328
46.9266_49.7221_-0.70866
47.3028_49.3927_-0.729328
47.6791_49.0634_-0.70866
48.0553_48.7341_-0.729328
48.4832_48.4817_-0.336629
48.9751_48.4122_0.0560697
49.4561_48.5363_0.448769
49.8531_48.835_0.841468
50.1664_49.2244_0.94481
50.5304_49.5625_0.552111
50.9588_49.8203_0.531442
51.3872_50.0781_0.552111
51.8156_50.3359_0.531442
52.244_50.5938_0.552111
52.7097_50.7668_0.159412
53.2081_50.7896_-0.0679405
53.7073_50.7608_-0.0472721
54.2064_50.732_-0.0679405
54.7056_50.7032_-0.0472721
55.1877_50.5834_-0.439971
55.5873_50.2882_-0.83267
55.9199_49.9149_-0.853339
56.2525_49.5416_-0.83267
56.5851_49.1682_-0.853339
56.9785_48.8648_-0.46064
57.458_48.7351_-0.0679405
57.9565_48.696_-0.0886089
58.4549_48.6569_-0.0679405
58.9534_48.6178_-0.0886089
59.4301_48.4781_-0.481308
59.8371_48.1902_-0.749997
60.2065_47.8532_-0.729328
60.5758_47.5162_-0.749997
60.9451_47.1792_-0.729328
61.328_46.8578_-0.667323
61.7239_46.5524_-0.646655
62.1199_46.2471_-0.667323
62.5158_45.9417_-0.646655
62.9117_45.6363_-0.667323
63.2584_45.2782_-0.936012
63.559_44.8786_-0.915344
63.8679_44.4854_-0.894675
64.1767_44.0922_-0.915344
64.4855_43.699_-0.894675
64.7944_43.3058_-0.915344
65.1032_42.9126_-0.894675
65.412_42.5194_-0.915344
65.7209_42.1262_-0.894675
66.0297_41.733_-0.915344
66.3837_41.382_-0.646655
66.7796_41.0767_-0.667323
67.1692_40.7632_-0.687992
67.5587_40.4497_-0.667323
67.9482_40.1362_-0.687992
68.356_39.8477_-0.543313
68.7813_39.5849_-0.563981
69.2066_39.322_-0.543313
69.6319_39.0591_-0.563981
70.0572_38.7962_-0.543313
70.4711_38.5161_-0.646655
70.8733_38.2189_-0.625987
71.2754_37.9218_-0.646655
71.6775_37.6247_-0.625987
72.0797_37.3276_-0.646655
72.5044_37.0651_-0.46064
72.9545_36.8475_-0.439971
73.4047_36.6298_-0.46064
73.8502_36.403_-0.481308
74.2958_36.1761_-0.46064
74.7413_35.9492_-0.481308
75.1869_35.7224_-0.46064
75.6324_35.4955_-0.481308
76.0732_35.2594_-0.501976
76.514_35.0234_-0.481308
76.901_34.7119_-0.874007
77.1845_34.3009_-1.06002
77.4244_33.8623_-1.08069
77.6643_33.4236_-1.06002
77.9042_32.9849_-1.08069
78.1441_32.5462_-1.06002
78.384_32.1075_-1.08069
78.6239_31.6689_-1.06002
78.8638_31.2302_-1.08069
79.1037_30.7915_-1.06002
79.3788_30.3745_-0.915344
79.6876_29.9813_-0.894675
79.9964_29.5881_-0.915344
80.3053_29.1949_-0.894675
80.6141_28.8017_-0.915344
80.9064_28.3961_-0.977349
81.1902_27.9845_-0.956681
81.4741_27.5729_-0.977349
81.758_27.1613_-0.956681
82.0503_26.7557_-0.936012
82.3078_26.3279_-1.12203
82.5293_25.8797_-1.10136
82.7601_25.4361_-1.08069
82.9909_24.9926_-1.10136
83.2125_24.5444_-1.12203
83.434_24.0962_-1.10136
83.6648_23.6526_-1.08069
83.8956_23.2091_-1.10136
84.1172_22.7609_-1.12203
84.3387_22.3126_-1.10136
84.5695_21.8691_-1.08069
84.8003_21.4256_-1.10136
85.0219_20.9773_-1.12203
85.2435_20.5291_-1.10136
85.4742_20.0856_-1.08069
85.7891_19.7013_-0.687992
86.2271_19.4668_-0.295293
86.7214_19.4177_0.0974065
87.2138_19.5021_0.242085
87.7004_19.617_0.221417
88.1971_19.6294_-0.171282
88.6607_19.4509_-0.563981
89.0206_19.1085_-0.956681
89.2222_18.6544_-1.34938
89.2964_18.1604_-1.49406
89.3296_17.6615_-1.51473
89.3628_17.1626_-1.49406
89.4062_16.6645_-1.47339
89.4497_16.1664_-1.49406
89.4829_15.6675_-1.51473
89.5161_15.1686_-1.49406
89.5596_14.6705_-1.47339
89.603_14.1724_-1.49406
89.6362_13.6736_-1.51473
89.6694_13.1747_-1.49406
89.7129_12.6766_-1.47339
89.7563_12.1785_-1.49406
89.7895_11.6796_-1.51473
