configuration -17.6504554749_-22.9172973633_0.256229049699_0.256229049699_76.2194671631_43.7661514282_0.386216847154_0.922408015454
length 126.652
time 1.40936
roughness 0.000524342
-17.6505_-22.9173_0.150019
-17.1832_-22.7486_0.542718
-16.7633_-22.4773_0.604723
-16.3491_-22.1973_0.584054
-15.9291_-21.9259_0.563386
-15.5092_-21.6546_0.584054
-15.0493_-21.4667_0.191355
-14.5532_-21.4074_0.0466767
-14.054_-21.3789_0.0673451
-13.5549_-21.3504_0.0466767
-13.0557_-21.322_0.0673451
-12.5761_-21.1925_0.460044
-12.1352_-20.9567_0.522049
-11.6993_-20.7119_0.501381
-11.2633_-20.4671_0.522049
-10.8274_-20.2222_0.501381
-10.3914_-19.9774_0.522049
-9.95549_-19.7326_0.501381
-9.51955_-19.4877_0.522049
-9.0836_-19.2429_0.501381
-8.64766_-18.9981_0.522049
-8.21687_-18.7443_0.542718
-7.78607_-18.4905_0.522049
-7.35528_-18.2367_0.542718
-6.92449_-17.9829_0.522049
-6.4937_-17.7291_0.542718
-6.07964_-17.4492_0.64606
-5.67732_-17.1524_0.625391
-5.27501_-16.8555_0.64606
-4.8727_-16.5586_0.625391
-4.47038_-16.2617_0.64606
-4.04051_-16.0085_0.418707
-3.58584_-15.8005_0.439376
-3.13556_-15.5832_0.460044
-2.68528_-15.3658_0.439376
-2.235_-15.1485_0.460044
-1.78931_-14.9218_0.480713
-1.3484_-14.6861_0.501381
-0.907486_-14.4503_0.480713
-0.466573_-14.2145_0.501381
-0.0256614_-13.9788_0.480713
0.420029_-13.7522_0.460044
0.870308_-13.5348_0.439376
1.32059_-13.3175_0.460044
1.77086_-13.1001_0.439376
2.22114_-12.8828_0.460044
2.67575_-12.6748_0.398039
3.13463_-12.4762_0.418707
3.5935_-12.2777_0.398039
4.05238_-12.0791_0.418707
4.51126_-11.8806_0.398039
4.96587_-11.6726_0.460044
5.41614_-11.4553_0.439376
5.86642_-11.2379_0.460044
6.3167_-11.0206_0.439376
6.76698_-10.8032_0.460044
7.19183_-10.541_0.64606
7.59414_-10.2441_0.625391
7.99646_-9.94721_0.64606
8.39877_-9.65033_0.625391
8.80108_-9.35345_0.64606
9.24024_-9.11862_0.336034
9.71054_-8.94888_0.356702
10.1808_-8.77915_0.336034
10.6511_-8.60941_0.356702
11.1214_-8.43967_0.336034
11.5917_-8.26993_0.356702
12.0584_-8.09051_0.377371
12.5251_-7.91108_0.356702
12.9918_-7.73166_0.377371
13.4585_-7.55224_0.356702
13.8871_-7.29975_0.708065
14.2702_-6.97851_0.687396
14.6599_-6.66527_0.666728
15.0496_-6.35202_0.687396
15.4393_-6.03877_0.666728
15.8354_-5.73365_0.64606
16.2315_-5.42852_0.666728
16.6276_-5.12339_0.64606
17.0237_-4.81827_0.666728
17.4198_-4.51314_0.64606
17.8159_-4.20801_0.666728
18.2056_-3.89477_0.687396
18.5953_-3.58152_0.666728
18.985_-3.26827_0.687396
19.3747_-2.95502_0.666728
19.8133_-2.72046_0.315366
20.287_-2.56048_0.336034
20.7607_-2.40049_0.315366
21.2344_-2.24051_0.336034
21.7082_-2.08053_0.315366
22.1413_-1.83726_0.708065
22.5245_-1.51603_0.687396
22.9076_-1.19479_0.708065
23.2907_-0.873558_0.687396
23.6739_-0.552324_0.708065
24.0635_-0.239121_0.64606
24.4658_0.0577541_0.625391
24.8682_0.354629_0.64606
25.2705_0.651505_0.625391
25.6728_0.94838_0.64606
26.1119_1.18321_0.336034
26.5822_1.35295_0.356702
27.0489_1.53237_0.377371
27.5156_1.7118_0.356702
27.9823_1.89122_0.377371
28.4114_2.144_0.687396
28.8011_2.45724_0.666728
29.1972_2.76237_0.64606
29.5933_3.0675_0.666728
29.9894_3.37262_0.64606
30.3201_3.74335_1.03876
30.5417_4.19106_1.18344
30.7354_4.65203_1.16277
30.9385_5.1089_1.1421
31.1416_5.56577_1.16277
31.4239_5.97456_0.77007
31.8192_6.27903_0.542718
32.2446_6.54167_0.563386
32.6645_6.81305_0.584054
33.0845_7.08442_0.563386
33.4927_7.3728_0.666728
33.8888_7.67792_0.64606
34.2849_7.98305_0.666728
34.6809_8.28817_0.64606
35.077_8.5933_0.666728
35.4601_8.91449_0.728733
35.8366_9.24357_0.708065
36.2197_9.56481_0.687396
36.6028_9.88604_0.708065
36.986_10.2073_0.687396
37.4241_10.4415_0.294697
37.9162_10.5211_0.0260083
38.4158_10.5393_0.0466767
38.9155_10.5575_0.0260083
39.4152_10.5756_0.0466767
39.8974_10.6952_0.439376
40.3099_10.9741_0.749401
40.6795_11.3109_0.728733
41.049_11.6477_0.749401
41.4186_11.9844_0.728733
41.8466_12.2366_0.336034
42.3169_12.4063_0.356702
42.7836_12.5858_0.377371
43.2503_12.7652_0.356702
43.717_12.9446_0.377371
44.1987_13.0747_0.150019
44.6922_13.1545_0.170687
45.1858_13.2343_0.150019
45.6794_13.3142_0.170687
46.173_13.394_0.150019
46.6403_13.5626_0.542718
47.0483_13.8509_0.687396
47.438_14.1641_0.666728
47.8277_14.4774_0.687396
48.2174_14.7906_0.666728
48.6469_15.0437_0.398039
49.1058_15.2422_0.418707
49.5604_15.4502_0.439376
50.0151_15.6582_0.418707
50.4698_15.8662_0.439376
50.9453_16.0159_0.170687
51.4388_16.0958_0.150019
51.9324_16.1756_0.170687
52.426_16.2554_0.150019
52.9222_16.2324_-0.242681
53.3719_16.0212_-0.63538
53.7066_15.6541_-1.02808
53.8752_15.1868_-1.42078
53.8522_14.6905_-1.81348
53.8522_14.6905_-1.42078
54.0209_14.2232_-1.02808
54.3555_13.856_-0.63538
54.8052_13.6449_-0.242681
55.3014_13.6219_0.150019
55.7687_13.7905_0.542718
56.1359_14.1252_0.935417
56.3471_14.5748_1.32812
56.3701_15.0711_1.72081
56.2302_15.5496_1.9895
56.2302_15.5496_1.5968
56.2834_15.8588_1.20411
56.5486_16.2789_0.811406
56.9543_16.5656_0.418707
57.4389_16.6751_0.0260083
57.9235_16.7847_0.418707
58.3292_17.0713_0.811406
58.6379_17.4638_0.997422
58.9134_17.881_0.976753
59.189_18.2982_0.997422
59.5347_18.6549_0.604723
59.97_18.8994_0.418707
60.4289_19.098_0.398039
60.8878_19.2965_0.418707
61.3467_19.4951_0.398039
61.7582_19.7733_0.790738
62.0409_20.1826_1.1421
62.2534_20.6352_1.12143
62.466_21.0878_1.1421
62.6785_21.5403_1.12143
62.9185_21.9787_1.01809
63.1766_22.4069_1.03876
63.4347_22.8352_1.01809
63.6928_23.2634_1.03876
63.9509_23.6916_1.01809
64.2177_24.1144_0.997422
64.4933_24.5316_0.976753
64.7689_24.9489_0.997422
65.0444_25.3661_0.976753
65.32_25.7833_0.997422
65.5319_26.2345_1.26611
65.6868_26.7099_1.24544
65.8417_27.1853_1.26611
65.9966_27.6606_1.24544
66.1515_28.136_1.26611
66.3901_28.5718_0.873412
66.7229_28.9448_0.811406
67.0709_29.3039_0.790738
67.4189_29.6629_0.811406
67.7668_30.022_0.790738
68.1494_30.3427_0.604723
68.5578_30.6312_0.625391
68.9661_30.9197_0.604723
69.3745_31.2082_0.625391
69.7829_31.4967_0.604723
70.1286_31.8535_0.997422
70.3777_32.2868_1.10076
70.6087_32.7302_1.0801
70.8398_33.1736_1.10076
71.0616_33.6217_1.12143
71.2834_34.0697_1.10076
71.5145_34.5132_1.0801
71.7455_34.9566_1.10076
71.9674_35.4046_1.12143
72.1892_35.8527_1.10076
72.4963_36.2432_0.708065
72.9295_36.4865_0.315366
73.4227_36.5455_-0.0773335
73.901_36.4112_-0.470033
74.3395_36.1711_-0.532038
74.3395_36.1711_-0.139339
74.8355_36.1994_0.25336
75.2829_36.4154_0.64606
75.6136_36.7861_1.03876
75.7772_37.2552_1.43146
75.8313_37.7521_1.49346
75.8648_38.251_1.51413
75.8982_38.7499_1.49346
75.9317_39.2487_1.51413
75.9652_39.7476_1.49346
75.9987_40.2465_1.51413
76.0321_40.7454_1.49346
76.0656_41.2442_1.51413
76.0991_41.7431_1.49346
76.1326_42.242_1.51413
76.166_42.7408_1.49346
76.1995_43.2397_1.51413
76.2227_43.7392_1.5348
