configuration 46.8230323792_-26.2805175781_0.619899316938_0.784681360082_54.818611145_35.6322822571_0.774404309534_0.632691050494
length 74.2312
time 4.07083
roughness 0.00126078
46.823_-26.2805_1.33723
46.9637_-25.8009_1.23389
47.1338_-25.3308_1.21322
47.304_-24.8606_1.23389
47.4741_-24.3905_1.21322
47.6443_-23.9203_1.23389
47.7749_-23.4382_1.37857
47.8653_-22.9464_1.39923
47.9558_-22.4547_1.37857
48.0564_-21.9649_1.3579
48.157_-21.4751_1.37857
48.2876_-20.993_1.23389
48.448_-20.5194_1.25456
48.6084_-20.0458_1.23389
48.7688_-19.5723_1.25456
48.9292_-19.0987_1.23389
49.0396_-18.6122_1.46124
49.0994_-18.1157_1.44057
49.1695_-17.6207_1.4199
49.2395_-17.1256_1.44057
49.3096_-16.6306_1.4199
49.3185_-16.606_1.0272
49.6534_-16.2391_0.634504
50.1033_-16.0283_0.241805
50.5996_-16.0057_-0.150894
51.0667_-16.1748_-0.543593
51.0667_-16.1748_-0.150894
51.563_-16.1522_0.241805
52.0129_-15.9415_0.634504
52.3478_-15.5746_1.0272
52.5365_-15.1137_1.33723
52.6967_-14.6408_1.15121
52.8956_-14.1821_1.17188
53.0946_-13.7234_1.15121
53.2936_-13.2647_1.17188
53.4925_-12.806_1.15121
53.6723_-12.3397_1.25456
53.8327_-11.8661_1.23389
54.0028_-11.396_1.21322
54.173_-10.9258_1.23389
54.3431_-10.4557_1.21322
54.4229_-9.96531_1.60592
54.3795_-9.46742_1.70926
54.3054_-8.97295_1.72993
54.2313_-8.47848_1.70926
54.1572_-7.98402_1.72993
54.0426_-7.49778_1.87461
53.8979_-7.01916_1.85394
53.7632_-6.53766_1.83327
53.6285_-6.05616_1.85394
53.4839_-5.57755_1.87461
53.4306_-5.08362_1.48191
53.5409_-4.59749_1.21322
53.7111_-4.12734_1.23389
53.8715_-3.65378_1.25456
54.0319_-3.18021_1.23389
54.1423_-2.69367_1.46124
54.2021_-2.19727_1.44057
54.2619_-1.70087_1.46124
54.3217_-1.20446_1.44057
54.3815_-0.708061_1.46124
54.5312_-0.234332_1.06854
54.8507_0.146082_0.675841
55.2914_0.375267_0.283142
55.7864_0.418331_-0.109557
56.2601_0.268717_-0.502256
56.7338_0.119104_-0.109557
57.2288_0.162168_0.283142
57.6695_0.391352_0.675841
57.989_0.771767_1.06854
58.1972_1.22587_1.21322
58.277_1.71622_1.60592
58.2646_2.21606_1.58525
58.2625_2.71605_1.56458
58.2605_3.21603_1.58525
58.2481_3.71587_1.60592
58.3178_4.2084_1.25456
58.4684_4.68517_1.27522
58.6189_5.16195_1.25456
58.7695_5.63873_1.27522
58.9201_6.11551_1.25456
59.0508_6.5979_1.3579
59.1514_7.08767_1.37857
59.252_7.57743_1.3579
59.3525_8.0672_1.37857
59.4531_8.55697_1.3579
59.4923_9.05393_1.62659
59.4695_9.55341_1.60592
59.4571_10.0532_1.58525
59.4448_10.5531_1.60592
59.4324_11.0529_1.58525
59.3788_11.5493_1.77126
59.2843_12.0403_1.7506
59.1898_12.5313_1.77126
59.0953_13.0223_1.7506
59.0008_13.5132_1.77126
58.9063_14.0042_1.7506
58.8119_14.4952_1.77126
58.7174_14.9862_1.7506
58.6229_15.4772_1.77126
58.5284_15.9681_1.7506
58.5366_16.4649_1.3579
58.7343_16.9206_0.965198
59.0913_17.2661_0.572499
59.5534_17.4486_0.1798
60.0444_17.543_0.200468
60.5026_17.7351_0.593167
60.8524_18.0878_0.985866
61.0789_18.5323_1.21322
61.2587_18.9989_1.19255
61.4386_19.4654_1.21322
61.5183_19.9557_1.60592
61.4044_20.4393_1.99862
61.2016_20.8963_1.97795
60.9989_21.3534_1.99862
60.7962_21.8104_1.97795
60.5657_22.2537_2.12263
60.308_22.6821_2.10196
60.0503_23.1106_2.12263
59.7926_23.539_2.10196
59.5349_23.9675_2.12263
59.362_24.4332_1.72993
59.3805_24.9297_1.33723
59.5875_25.3813_0.94453
59.8764_25.7894_0.965198
60.1567_26.2034_0.985866
60.345_26.6631_1.37857
60.3429_27.1599_1.77126
60.2182_27.6439_1.87461
60.0736_28.1225_1.85394
59.929_28.6011_1.87461
59.8757_29.095_1.48191
59.9959_29.5783_1.17188
60.1854_30.041_1.19255
60.3652_30.5076_1.21322
60.545_30.9741_1.19255
60.6349_31.4627_1.58525
60.5309_31.9485_1.97795
60.249_32.3575_2.37065
59.854_32.6623_2.598
59.4235_32.9165_2.61867
58.9929_33.1707_2.598
58.5623_33.4248_2.61867
58.1317_33.679_2.598
57.7012_33.9332_2.61867
57.2706_34.1873_2.598
56.8454_34.4503_2.57733
56.4202_34.7134_2.598
55.9896_34.9675_2.61867
55.559_35.2217_2.598
55.1338_35.4847_2.57733
54.8876_35.719_2.18463
