configuration -4.52205276489_51.1520843506_-0.288179288681_0.957576470876_89.803527832_11.5547637939_-0.656431103106_0.754385980036
length 126.947
time 0.829817
roughness 0.000733546
-4.52205_51.1521_-0.58465
-4.06224_50.964_-0.191951
-3.56541_50.9147_-0.0059354
-3.06548_50.9065_-0.0266038
-2.56556_50.8984_-0.0059354
-2.06563_50.8903_-0.0266038
-1.56992_50.8307_-0.212619
-1.0823_50.7201_-0.233287
-0.594688_50.6096_-0.212619
-0.107072_50.499_-0.233287
0.380543_50.3885_-0.212619
0.873862_50.3084_-0.109277
1.37028_50.2487_-0.129946
1.8667_50.1891_-0.109277
2.36312_50.1294_-0.129946
2.85954_50.0697_-0.109277
3.34331_49.9495_-0.377966
3.8099_49.7698_-0.357298
4.28009_49.5998_-0.336629
4.75029_49.4298_-0.357298
5.22049_49.2597_-0.336629
5.7124_49.1903_0.0560697
6.19345_49.3143_0.448769
6.6034_49.5971_0.758794
7.02366_49.862_0.366095
7.51211_49.9562_0.014733
8.01194_49.9687_0.0354013
8.51141_49.9915_0.0560697
9.01088_50.0144_0.0354013
9.50933_49.9857_-0.150614
10.0044_49.9157_-0.129946
10.4995_49.8458_-0.150614
10.9946_49.7759_-0.129946
11.4896_49.706_-0.150614
11.9568_49.5371_-0.543313
12.3238_49.2022_-0.936012
12.5347_48.7524_-1.32871
12.5574_48.2562_-1.72141
12.3885_47.789_-2.11411
12.3885_47.789_-1.72141
12.3885_47.789_-1.32871
12.5994_47.3392_-0.936012
12.9664_47.0043_-0.543313
13.4336_46.8354_-0.150614
13.9298_46.8581_0.242085
14.3796_47.069_0.634784
14.7145_47.436_1.02748
14.9412_47.8811_1.17216
15.1305_48.3439_1.19283
15.4004_48.761_0.800131
15.8093_49.0431_0.407432
16.2951_49.1471_0.014733
16.7861_49.0674_-0.336629
17.2597_48.9072_-0.315961
17.7333_48.7469_-0.336629
18.2035_48.5769_-0.357298
18.6737_48.4069_-0.336629
19.1439_48.2368_-0.357298
19.6141_48.0668_-0.336629
20.0806_47.8871_-0.398634
20.5394_47.6883_-0.419303
20.9981_47.4895_-0.398634
21.4569_47.2907_-0.419303
21.9157_47.0918_-0.398634
22.4023_46.992_-0.0059354
22.8901_47.0861_0.386764
23.3048_47.3596_0.779463
23.5833_47.771_1.17216
23.6933_48.2561_1.52352
23.8131_48.7383_1.13083
24.1083_49.1378_0.738126
24.534_49.394_0.345427
25.023_49.4883_0.0354013
25.5224_49.5111_0.0560697
26.0035_49.6352_0.448769
26.442_49.875_0.552111
26.8649_50.1416_0.572779
27.2879_50.4082_0.552111
27.7109_50.6749_0.572779
28.1729_50.8575_0.18008
28.6696_50.8494_-0.212619
29.1458_50.6992_-0.398634
29.6085_50.5099_-0.377966
30.0713_50.3206_-0.398634
30.5474_50.1703_-0.212619
31.0351_50.0598_-0.233287
31.5227_49.9492_-0.212619
32.0103_49.8387_-0.233287
32.4979_49.7281_-0.212619
32.9926_49.6583_-0.0679405
33.491_49.6192_-0.0886089
33.9895_49.5801_-0.0679405
34.4879_49.541_-0.0886089
34.9864_49.5019_-0.0679405
35.4791_49.5655_0.324759
35.9439_49.7492_0.4281
36.4009_49.9521_0.407432
36.8579_50.1549_0.4281
37.3149_50.3578_0.407432
37.8006_50.4619_0.014733
38.2893_50.3721_-0.377966
38.739_50.1547_-0.522645
39.1748_49.9096_-0.501976
39.6106_49.6645_-0.522645
40.072_49.4758_-0.253956
40.5546_49.3452_-0.274624
41.0373_49.2146_-0.253956
41.5199_49.084_-0.274624
42.0025_48.9534_-0.253956
42.4984_48.9145_0.0974065
42.9965_48.9579_0.0767381
43.4946_49.0014_0.0974065
43.9927_49.0449_0.0767381
44.4908_49.0884_0.0974065
44.9663_49.2322_0.490106
45.3506_49.5471_0.882805
45.5851_49.985_1.2755
45.6752_50.4758_1.50286
45.7143_50.9742_1.48219
45.854_51.451_1.08949
46.1655_51.838_0.696789
46.6013_52.0764_0.30409
47.0853_52.2012_0.200748
47.5742_52.3059_0.221417
48.0554_52.4407_0.324759
48.5276_52.6052_0.345427
48.9998_52.7696_0.324759
49.472_52.934_0.345427
49.9442_53.0984_0.324759
50.4369_53.1621_-0.0679405
50.9252_53.0619_-0.336629
51.3988_52.9016_-0.315961
51.8724_52.7414_-0.336629
52.346_52.5811_-0.315961
52.7996_52.3733_-0.543313
53.2302_52.1192_-0.522645
53.6609_51.8652_-0.543313
54.0915_51.6112_-0.522645
54.5222_51.3571_-0.543313
54.9036_51.0369_-0.853339
55.2362_50.6636_-0.83267
55.5688_50.2903_-0.853339
55.9014_49.917_-0.83267
56.234_49.5437_-0.853339
56.6274_49.2403_-0.46064
57.0966_49.0706_-0.233287
57.5818_48.95_-0.253956
58.0644_48.8194_-0.274624
58.5471_48.6888_-0.253956
59.043_48.6602_0.138743
59.5122_48.8235_0.531442
59.9173_49.1154_0.717458
60.2974_49.4403_0.696789
60.6775_49.7651_0.717458
61.1083_50.0124_0.324759
61.601_50.076_-0.0679405
62.0806_49.9463_-0.46064
62.474_49.6428_-0.853339
62.8066_49.2695_-0.83267
63.1754_48.933_-0.646655
63.5713_48.6276_-0.667323
63.9608_48.3141_-0.687992
64.3503_48.0007_-0.667323
64.7398_47.6872_-0.687992
65.1533_47.4073_-0.501976
65.5941_47.1713_-0.481308
66.0349_46.9353_-0.501976
66.4756_46.6992_-0.481308
66.9164_46.4632_-0.501976
67.2969_46.1438_-0.894675
67.5805_45.7326_-1.03935
67.8384_45.3042_-1.01869
68.0962_44.8758_-1.03935
68.354_44.4474_-1.01869
68.6542_44.0485_-0.83267
68.9868_43.6751_-0.853339
69.3194_43.3018_-0.83267
69.652_42.9285_-0.853339
69.9847_42.5552_-0.83267
70.2764_42.1504_-1.06002
70.5253_41.7168_-1.03935
70.7831_41.2884_-1.01869
71.0409_40.86_-1.03935
71.2987_40.4316_-1.01869
71.6368_40.0676_-0.625987
72.0564_39.7961_-0.522645
72.4871_39.5421_-0.543313
72.9177_39.288_-0.522645
73.3483_39.034_-0.543313
73.7367_38.7214_-0.812002
74.0844_38.3622_-0.791334
74.4322_38.0029_-0.812002
74.7799_37.6437_-0.791334
75.1277_37.2844_-0.812002
75.4679_36.9181_-0.83267
75.8082_36.5517_-0.812002
76.1559_36.1924_-0.791334
76.5037_35.8332_-0.812002
76.8439_35.4668_-0.83267
77.1989_35.115_-0.729328
77.5682_34.778_-0.749997
77.9376_34.441_-0.729328
78.3069_34.1039_-0.749997
78.6762_33.7669_-0.729328
78.975_33.37_-1.12203
79.1965_32.9218_-1.10136
79.4181_32.4735_-1.12203
79.6397_32.0253_-1.10136
79.8612_31.5771_-1.12203
80.1599_31.1802_-0.729328
80.5362_30.8509_-0.70866
80.9124_30.5215_-0.729328
81.2886_30.1922_-0.70866
81.6649_29.8629_-0.729328
81.9636_29.466_-1.12203
82.1851_29.0178_-1.10136
82.4067_28.5695_-1.12203
82.6283_28.1213_-1.10136
82.8498_27.6731_-1.12203
83.0527_27.2162_-1.18403
83.246_26.7551_-1.16336
83.4394_26.294_-1.18403
83.6328_25.8329_-1.16336
83.8356_25.3759_-1.1427
84.0479_24.9232_-1.12203
84.2602_24.4705_-1.1427
84.4724_24.0178_-1.12203
84.6847_23.5651_-1.1427
84.8969_23.1124_-1.12203
85.0998_22.6555_-1.18403
85.2931_22.1944_-1.16336
85.4865_21.7333_-1.18403
85.6799_21.2723_-1.16336
85.8732_20.8112_-1.18403
86.1468_20.3965_-0.791334
86.5292_20.0755_-0.605318
86.9433_19.7952_-0.58465
87.3573_19.515_-0.605318
87.7655_19.2262_-0.625987
88.1036_18.8622_-1.01869
88.2864_18.3996_-1.37005
88.3912_17.9107_-1.34938
88.496_17.4218_-1.37005
88.6007_16.9329_-1.34938
88.8023_16.4789_-0.956681
89.1342_16.1063_-0.729328
89.5104_15.777_-0.70866
89.8866_15.4477_-0.729328
90.2629_15.1184_-0.70866
90.5697_14.7277_-1.10136
90.7037_14.2493_-1.49406
90.6444_13.7561_-1.88676
90.4009_13.3231_-2.27946
90.1953_13.1616_-2.67216
89.8046_12.8547_-2.27946
89.561_12.4217_-1.88676
89.5018_11.9285_-1.49406
89.5897_11.518_-1.22537
