configuration 46.8230323792_-26.2805175781_0.619899316938_0.784681360082_54.818611145_35.6322822571_0.774404309534_0.632691050494
length 66.9077
time 1.98163
roughness 0.000229496
46.823_-26.2805_1.33723
46.9928_-25.8114_1.10988
47.2198_-25.3659_1.08921
47.4468_-24.9204_1.10988
47.6738_-24.4749_1.08921
47.9008_-24.0294_1.10988
48.1278_-23.5839_1.08921
48.3548_-23.1384_1.10988
48.5818_-22.6929_1.08921
48.8088_-22.2474_1.10988
49.0358_-21.8019_1.08921
49.2628_-21.3565_1.10988
49.4898_-20.911_1.08921
49.7168_-20.4655_1.10988
49.9438_-20.02_1.08921
50.1708_-19.5745_1.10988
50.3978_-19.129_1.08921
50.6248_-18.6835_1.10988
50.8518_-18.238_1.08921
51.0788_-17.7925_1.10988
51.3058_-17.347_1.08921
51.5328_-16.9015_1.10988
51.7598_-16.456_1.08921
51.9868_-16.0105_1.10988
52.2045_-15.5605_1.13055
52.4223_-15.1104_1.10988
52.6493_-14.6649_1.08921
52.8763_-14.2194_1.10988
53.094_-13.7693_1.13055
53.3117_-13.3192_1.10988
53.5387_-12.8737_1.08921
53.7657_-12.4282_1.10988
53.8956_-11.9487_1.50258
53.8936_-11.4492_1.64725
53.8605_-10.9503_1.62659
53.8378_-10.4508_1.60592
53.8151_-9.95131_1.62659
53.7924_-9.45184_1.60592
53.7697_-8.95237_1.62659
53.747_-8.45289_1.60592
53.7242_-7.95342_1.62659
53.7015_-7.45394_1.60592
53.6788_-6.95447_1.62659
53.6458_-6.45557_1.64725
53.6127_-5.95667_1.62659
53.59_-5.45719_1.60592
53.5673_-4.95772_1.62659
53.5342_-4.45882_1.64725
53.5012_-3.95992_1.62659
53.5708_-3.46803_1.23389
53.8233_-3.04021_0.841188
54.1605_-2.67097_0.820519
54.4976_-2.30172_0.841188
54.8347_-1.93247_0.820519
55.1718_-1.56323_0.841188
55.5089_-1.19398_0.820519
55.846_-0.824731_0.841188
56.1832_-0.455484_0.820519
56.5203_-0.0862372_0.841188
56.8574_0.28301_0.820519
57.1945_0.652257_0.841188
57.5239_1.02839_0.861856
57.8533_1.40453_0.841188
58.1905_1.77377_0.820519
58.5276_2.14302_0.841188
58.7801_2.57084_1.23389
58.86_3.06182_1.58525
58.8579_3.56181_1.56458
58.8558_4.06179_1.58525
58.8538_4.56178_1.56458
58.8517_5.06177_1.58525
58.8497_5.56175_1.56458
58.8476_6.06174_1.58525
58.8456_6.56173_1.56458
58.8435_7.06171_1.58525
58.8414_7.5617_1.56458
58.8394_8.06169_1.58525
58.8373_8.56167_1.56458
58.8353_9.06166_1.58525
58.8332_9.56165_1.56458
58.8311_10.0616_1.58525
58.8291_10.5616_1.56458
58.827_11.0616_1.58525
58.825_11.5616_1.56458
58.8229_12.0616_1.58525
58.8208_12.5616_1.56458
58.8188_13.0616_1.58525
58.8167_13.5615_1.56458
58.8147_14.0615_1.58525
58.8126_14.5615_1.56458
58.8105_15.0615_1.58525
58.8085_15.5615_1.56458
58.8064_16.0615_1.58525
58.8044_16.5615_1.56458
58.8023_17.0615_1.58525
58.8002_17.5614_1.56458
58.7982_18.0614_1.58525
58.7961_18.5614_1.56458
58.8044_19.0613_1.54391
58.8127_19.5613_1.56458
58.8106_20.0612_1.58525
58.8086_20.5612_1.56458
58.8168_21.0612_1.54391
58.8251_21.5611_1.56458
58.823_22.0611_1.58525
58.821_22.561_1.56458
58.8293_23.061_1.54391
58.8375_23.5609_1.56458
58.8355_24.0609_1.58525
58.8334_24.5609_1.56458
58.8417_25.0608_1.54391
58.85_25.5607_1.56458
58.8479_26.0607_1.58525
58.8458_26.5607_1.56458
58.8541_27.0606_1.54391
58.8624_27.5605_1.56458
58.852_27.9814_1.62659
58.728_28.4625_2.01929
58.4974_28.906_2.08129
58.2576_29.3448_2.06062
58.0178_29.7835_2.08129
57.7781_30.2223_2.06062
57.5383_30.661_2.08129
57.2985_31.0997_2.06062
57.0587_31.5385_2.08129
56.8189_31.9772_2.06062
56.5792_32.416_2.08129
56.3394_32.8547_2.06062
56.0996_33.2935_2.08129
55.8598_33.7322_2.06062
55.6201_34.171_2.08129
55.3803_34.6097_2.06062
55.1405_35.0484_2.08129
54.9007_35.4872_2.06062
