configuration 72.6459350586_2.13817882538_-0.994211695618_0.107438839792_19.5581073761_50.1696281433_0.955633460234_0.294558465643
length 84.0144
time 3.65272
roughness 0.000161651
72.6459_2.13818_-2.9263
72.1488_2.10818_-3.23633
71.6506_2.15033_-3.21566
71.1517_2.18217_-3.19499
70.6527_2.21401_-3.21566
70.1537_2.24585_-3.19499
69.6547_2.2777_-3.21566
69.1557_2.30954_-3.19499
68.6568_2.34138_-3.21566
68.1578_2.37322_-3.19499
67.6588_2.40507_-3.21566
67.1598_2.43691_-3.19499
66.6609_2.46875_-3.21566
66.1619_2.5006_-3.19499
65.6629_2.53244_-3.21566
65.1639_2.56428_-3.19499
64.6644_2.58581_-3.17432
64.1649_2.60733_-3.19499
63.6659_2.63917_-3.21566
63.1669_2.67101_-3.19499
62.6856_2.7938_-3.58769
62.2878_3.09146_-3.98039
61.9734_3.47997_-4.08373
61.6752_3.88131_-4.06306
61.377_4.28265_-4.08373
61.0788_4.68399_-4.06306
60.7807_5.08533_-4.08373
60.4825_5.48667_-4.06306
60.1843_5.88801_-4.08373
59.8861_6.28935_-4.06306
59.5879_6.69069_-4.08373
59.2897_7.09203_-4.06306
58.9833_7.48712_-4.04239
58.6769_7.88222_-4.06306
58.3787_8.28356_-4.08373
58.0805_8.6849_-4.06306
57.7741_9.07999_-4.04239
57.4677_9.47508_-4.06306
57.1695_9.87642_-4.08373
56.8713_10.2778_-4.06306
56.5649_10.6729_-4.04239
56.2584_11.0679_-4.06306
55.9602_11.4693_-4.08373
55.6621_11.8706_-4.06306
55.3556_12.2657_-4.04239
55.0492_12.6608_-4.06306
54.751_13.0622_-4.08373
54.4528_13.4635_-4.06306
54.1464_13.8586_-4.04239
53.7679_14.1803_-3.64969
53.2977_14.3426_-3.29833
52.8047_14.4258_-3.319
52.3116_14.5089_-3.29833
51.8186_14.5921_-3.319
51.3256_14.6752_-3.29833
50.8325_14.7584_-3.319
50.3395_14.8415_-3.29833
49.8465_14.9247_-3.319
49.3534_15.0078_-3.29833
48.8604_15.091_-3.319
48.3674_15.1741_-3.29833
47.8744_15.2573_-3.319
47.3813_15.3404_-3.29833
46.8883_15.4235_-3.319
46.3953_15.5067_-3.29833
45.9022_15.5898_-3.319
45.4092_15.673_-3.29833
44.9162_15.7561_-3.319
44.4232_15.8393_-3.29833
43.9301_15.9224_-3.319
43.4371_16.0056_-3.29833
42.9441_16.0887_-3.319
42.4529_16.182_-3.33967
41.9617_16.2754_-3.319
41.4686_16.3585_-3.29833
40.9756_16.4416_-3.319
40.4844_16.535_-3.33967
39.9932_16.6283_-3.319
39.5002_16.7114_-3.29833
39.0071_16.7946_-3.319
38.5159_16.8879_-3.33967
38.0247_16.9812_-3.319
37.5317_17.0644_-3.29833
37.0387_17.1475_-3.319
36.5475_17.2408_-3.33967
36.0562_17.3341_-3.319
35.5632_17.4173_-3.29833
35.0702_17.5004_-3.319
34.579_17.5937_-3.33967
34.0878_17.6871_-3.319
33.5947_17.7702_-3.29833
33.1017_17.8534_-3.319
32.6105_17.9467_-3.33967
32.1193_18.04_-3.319
31.6263_18.1231_-3.29833
31.1332_18.2063_-3.319
30.642_18.2996_-3.33967
30.1508_18.3929_-3.319
29.6578_18.4761_-3.29833
29.1648_18.5592_-3.319
28.6736_18.6525_-3.33967
28.1824_18.7459_-3.319
27.7238_18.8628_-3.46368
27.2923_19.109_-3.85638
26.9878_19.5016_-4.24908
26.8169_19.9703_-4.47643
26.705_20.4576_-4.4971
26.5932_20.9449_-4.47643
26.4713_21.4298_-4.45576
26.3494_21.9147_-4.47643
26.2375_22.4021_-4.4971
26.1257_22.8894_-4.47643
26.0038_23.3743_-4.45576
25.8819_23.8592_-4.47643
25.77_24.3465_-4.4971
25.6581_24.8338_-4.47643
25.5362_25.3187_-4.45576
25.4143_25.8036_-4.47643
25.3025_26.2909_-4.4971
25.1906_26.7783_-4.47643
25.0687_27.2632_-4.45576
24.9468_27.7481_-4.47643
24.8349_28.2354_-4.4971
24.7231_28.7227_-4.47643
24.6012_29.2076_-4.45576
24.4793_29.6925_-4.47643
24.3674_30.1798_-4.4971
24.2556_30.6671_-4.47643
24.1337_31.152_-4.45576
24.0118_31.6369_-4.47643
23.8999_32.1243_-4.4971
23.788_32.6116_-4.47643
23.6661_33.0965_-4.45576
23.5442_33.5814_-4.47643
23.4324_34.0687_-4.4971
23.3205_34.556_-4.47643
23.1986_35.0409_-4.45576
23.0767_35.5258_-4.47643
22.9649_36.0131_-4.4971
22.853_36.5005_-4.47643
22.7311_36.9854_-4.45576
22.6092_37.4703_-4.47643
22.4973_37.9576_-4.4971
22.3855_38.4449_-4.47643
22.2636_38.9298_-4.45576
22.1417_39.4147_-4.47643
22.0298_39.902_-4.4971
21.918_40.3893_-4.47643
21.7961_40.8743_-4.45576
21.6741_41.3592_-4.47643
21.5623_41.8465_-4.4971
21.4504_42.3338_-4.47643
21.3285_42.8187_-4.45576
21.2066_43.3036_-4.47643
21.0948_43.7909_-4.4971
20.9829_44.2782_-4.47643
20.861_44.7631_-4.45576
20.7391_45.248_-4.47643
20.6272_45.7354_-4.4971
20.5154_46.2227_-4.47643
20.3935_46.7076_-4.45576
20.2716_47.1925_-4.47643
20.1597_47.6798_-4.4971
20.0479_48.1671_-4.47643
19.926_48.652_-4.45576
19.8041_49.1369_-4.47643
19.6922_49.6242_-4.4971
19.5803_50.1116_-4.47643
