configuration -26.5221767426_12.7890510559_0.0_1.0_-6.20937108994_31.1862716675_0.294171904018_0.955752525964
length 34.8149
time 2.95339
roughness 0.000915279
-26.5222_12.7891_-0
-26.0251_12.8354_0.186015
-25.5328_12.9228_0.165347
-25.0405_13.0102_0.186015
-24.5482_13.0976_0.165347
-24.0559_13.185_0.186015
-23.5636_13.2724_0.165347
-23.0713_13.3597_0.186015
-22.579_13.4471_0.165347
-22.0867_13.5345_0.186015
-21.5944_13.6219_0.165347
-21.1021_13.7093_0.186015
-20.6098_13.7967_0.165347
-20.1175_13.8841_0.186015
-19.6252_13.9715_0.165347
-19.1329_14.0589_0.186015
-18.6406_14.1462_0.165347
-18.1483_14.2336_0.186015
-17.656_14.321_0.165347
-17.162_14.3982_0.144679
-16.668_14.4754_0.165347
-16.1758_14.5628_0.186015
-15.6835_14.6502_0.165347
-15.1895_14.7274_0.144679
-14.6955_14.8046_0.165347
-14.2032_14.892_0.186015
-13.8132_14.9529_0.12401
-13.3417_15.1093_0.516709
-12.966_15.4343_0.909408
-12.7432_15.8784_1.30211
-12.6154_16.3617_1.32278
-12.5898_16.8579_1.71547
-12.6771_17.3501_1.77748
-12.7747_17.8405_1.75681
-12.8722_18.3309_1.77748
-12.9698_18.8213_1.75681
-13.0673_19.3116_1.77748
-13.1649_19.802_1.75681
-13.2624_20.2924_1.77748
-13.3599_20.7828_1.75681
-13.4575_21.2732_1.77748
-13.555_21.7636_1.75681
-13.6526_22.2539_1.77748
-13.7501_22.7443_1.75681
-13.8477_23.2347_1.77748
-13.9452_23.7251_1.75681
-14.0427_24.2155_1.77748
-14.1504_24.7037_1.79815
-14.2194_25.0922_1.69481
-14.1835_25.5877_1.30211
-14.0068_26.0547_1.11609
-13.7918_26.5061_1.13676
-13.5769_26.9576_1.11609
-13.3527_27.4045_1.09542
-13.0435_27.7933_0.702725
-12.6234_28.0616_0.434036
-12.172_28.2766_0.454704
-11.7205_28.4915_0.434036
-11.2691_28.7065_0.454704
-10.8222_28.9307_0.475373
-10.3753_29.1549_0.454704
-9.92386_29.3699_0.434036
-9.47243_29.5848_0.454704
-9.02554_29.809_0.475373
-8.57864_30.0333_0.454704
-8.12721_30.2482_0.434036
-7.67578_30.4631_0.454704
-7.22888_30.6874_0.475373
-6.78199_30.9116_0.454704
-6.33056_31.1265_0.434036
