configuration -26.5221767426_12.7890510559_0.0_1.0_-6.20937108994_31.1862716675_0.294171904018_0.955752525964
length 34.9974
time 2.06103
roughness 0.000937148
-26.5222_12.7891_-0
-26.0251_12.8354_0.186015
-25.5328_12.9228_0.165347
-25.0405_13.0102_0.186015
-24.5482_13.0976_0.165347
-24.0559_13.185_0.186015
-23.5636_13.2724_0.165347
-23.0713_13.3597_0.186015
-22.579_13.4471_0.165347
-22.0867_13.5345_0.186015
-21.5944_13.6219_0.165347
-21.1004_13.6991_0.144679
-20.6064_13.7763_0.165347
-20.1141_13.8637_0.186015
-19.6218_13.9511_0.165347
-19.1278_14.0283_0.144679
-18.6338_14.1055_0.165347
-18.1415_14.1929_0.186015
-17.6492_14.2802_0.165347
-17.1552_14.3574_0.144679
-16.6612_14.4346_0.165347
-16.1689_14.522_0.186015
-15.6767_14.6094_0.165347
-15.1827_14.6866_0.144679
-14.6887_14.7638_0.165347
-14.1964_14.8512_0.186015
-13.7024_14.9284_0.12401
-13.2309_15.0848_0.516709
-12.8552_15.4098_0.909408
-12.6324_15.8538_1.30211
-12.5965_16.3493_1.69481
-12.6737_16.8432_1.75681
-12.7712_17.3336_1.77748
-12.8687_17.824_1.75681
-12.9663_18.3144_1.77748
-13.0638_18.8048_1.75681
-13.1614_19.2952_1.77748
-13.2589_19.7856_1.75681
-13.3463_20.2778_1.73614
-13.4337_20.7701_1.75681
-13.5312_21.2605_1.77748
-13.6288_21.7509_1.75681
-13.7162_22.2432_1.73614
-13.8036_22.7355_1.75681
-13.9011_23.2259_1.77748
-13.9986_23.7163_1.75681
-14.086_24.2086_1.73614
-14.1734_24.7009_1.75681
-14.2198_25.198_1.5708
-14.1429_25.69_1.26077
-13.9933_26.1115_1.19877
-13.7878_26.5671_1.09542
-13.5544_27.0093_1.07476
-13.321_27.4515_1.09542
-13.0968_27.8984_1.11609
-13.0968_27.8984_0.723393
-13.0968_27.8984_0.330694
-12.6331_28.0848_0.434036
-12.1816_28.2998_0.454704
-11.7302_28.5147_0.434036
-11.2788_28.7297_0.454704
-10.8274_28.9446_0.434036
-10.3759_29.1595_0.454704
-9.92449_29.3745_0.434036
-9.47305_29.5894_0.454704
-9.02616_29.8136_0.475373
-8.57926_30.0379_0.454704
-8.12783_30.2528_0.434036
-7.6764_30.4677_0.454704
-7.2295_30.692_0.475373
-6.78261_30.9162_0.454704
-6.33118_31.1311_0.434036
