configuration -1.36608982086_8.91640663147_-0.333444235273_0.942769824487_9.04581165314_-18.3528499603_-0.788205594687_0.615412008742
length 33.7224
time 2.80249
roughness 0.000412833
-1.36609_8.91641_-0.679909
-0.994195_8.58253_-0.783251
-0.636263_8.23343_-0.762583
-0.271193_7.89179_-0.741914
0.0938782_7.55016_-0.762583
0.458949_7.20852_-0.741914
0.82402_6.86689_-0.762583
1.18909_6.52525_-0.741914
1.55416_6.18362_-0.762583
1.91923_5.84198_-0.741914
2.2843_5.50035_-0.762583
2.64937_5.15871_-0.741914
3.01444_4.81708_-0.762583
3.37951_4.47544_-0.741914
3.74459_4.13381_-0.762583
4.10252_3.7847_-0.783251
4.46045_3.43559_-0.762583
4.82552_3.09396_-0.741914
5.19059_2.75232_-0.762583
5.54852_2.40321_-0.783251
5.90646_2.05411_-0.762583
6.27153_1.71247_-0.741914
6.6366_1.37084_-0.762583
6.99453_1.02173_-0.783251
7.35246_0.672624_-0.762583
7.71753_0.330989_-0.741914
8.0826_-0.0106462_-0.762583
8.44054_-0.359753_-0.783251
8.79847_-0.70886_-0.762583
9.16354_-1.05049_-0.741914
9.52861_-1.39213_-0.762583
9.88654_-1.74124_-0.783251
10.2445_-2.09034_-0.762583
10.6095_-2.43198_-0.741914
10.9118_-2.82701_-1.09328
11.1462_-3.26867_-1.07261
11.3806_-3.71034_-1.09328
11.6149_-4.152_-1.07261
11.8493_-4.59366_-1.09328
12.0837_-5.03532_-1.07261
12.3271_-5.47205_-1.05194
12.5705_-5.90877_-1.07261
12.8049_-6.35044_-1.09328
12.9427_-6.82772_-1.48598
12.8875_-7.32143_-1.87867
12.731_-7.79632_-1.89934
12.5648_-8.26787_-1.92001
12.3986_-8.73943_-1.89934
12.2324_-9.21098_-1.92001
12.0662_-9.68254_-1.89934
11.9_-10.1541_-1.92001
11.7337_-10.6256_-1.89934
11.5675_-11.0972_-1.92001
11.4013_-11.5688_-1.89934
11.2351_-12.0403_-1.92001
11.0689_-12.5119_-1.89934
10.9027_-12.9834_-1.92001
10.7365_-13.455_-1.89934
10.5703_-13.9265_-1.92001
10.404_-14.3981_-1.89934
10.2378_-14.8696_-1.92001
10.0716_-15.3412_-1.89934
9.91518_-15.8161_-1.87867
9.75875_-16.291_-1.89934
9.59254_-16.7625_-1.92001
9.42633_-17.2341_-1.89934
9.26989_-17.709_-1.87867
9.11346_-18.1839_-1.89934
