configuration -11.6824054718_1.45032453537_1.45032453537_1.45032453537_24.2991828918_-14.4915781021_0.382683601539_0.382683601539
length 46.1326
time 4.49034
roughness 0.000834206
-11.6824_1.45032_2.22212
-11.7284_1.54427_1.82942
-11.7593_2.0401_1.43672
-11.5981_2.51002_1.04402
-11.2694_2.88249_0.651323
-10.8231_3.1008_0.258624
-10.3384_3.22367_0.237956
-9.85379_3.34654_0.258624
-9.36913_3.46941_0.237956
-8.88447_3.59228_0.258624
-8.39981_3.71516_0.237956
-7.91515_3.83803_0.258624
-7.43049_3.9609_0.237956
-6.9434_4.07373_0.217287
-6.4563_4.18655_0.237956
-6.15586_4.28289_0.382634
-5.71713_4.52047_0.609986
-5.30437_4.80265_0.589318
-4.89161_5.08482_0.609986
-4.48478_5.37546_0.630655
-4.07794_5.6661_0.609986
-3.66518_5.94828_0.589318
-3.20625_6.13852_0.196619
-2.70946_6.13865_-0.19608
-2.25043_5.94866_-0.588779
-1.83752_5.66671_-0.609448
-1.42461_5.38476_-0.588779
-1.0117_5.10281_-0.609448
-0.598788_4.82086_-0.588779
-0.185877_4.53891_-0.609448
0.227033_4.25696_-0.588779
0.639944_3.97501_-0.609448
1.05285_3.69306_-0.588779
1.46576_3.41111_-0.609448
1.87868_3.12916_-0.588779
2.29159_2.84721_-0.609448
2.7045_2.56526_-0.588779
3.11741_2.28331_-0.609448
3.53032_2.00136_-0.588779
3.94323_1.7194_-0.609448
4.35614_1.43745_-0.588779
4.76905_1.1555_-0.609448
5.18196_0.873554_-0.588779
5.59487_0.591604_-0.609448
6.00778_0.309654_-0.588779
6.42069_0.0277033_-0.609448
6.8336_-0.254247_-0.588779
7.24651_-0.536197_-0.609448
7.65942_-0.818147_-0.588779
8.07233_-1.1001_-0.609448
8.48525_-1.38205_-0.588779
8.89816_-1.664_-0.609448
9.31107_-1.94595_-0.588779
9.72972_-2.2193_-0.568111
10.1484_-2.49266_-0.588779
10.4482_-2.70663_-0.650784
10.8228_-3.0372_-0.795463
11.1764_-3.39066_-0.774795
11.5373_-3.73672_-0.754126
11.8981_-4.08279_-0.774795
12.259_-4.42886_-0.754126
12.6199_-4.77493_-0.774795
12.9808_-5.12099_-0.754126
13.3416_-5.46706_-0.774795
13.7025_-5.81313_-0.754126
14.0634_-6.1592_-0.774795
14.417_-6.51265_-0.795463
14.7707_-6.8661_-0.774795
15.1315_-7.21217_-0.754126
15.4924_-7.55824_-0.774795
15.846_-7.91169_-0.795463
16.1997_-8.26514_-0.774795
16.5606_-8.61121_-0.754126
16.9214_-8.95727_-0.774795
17.2751_-9.31073_-0.795463
17.6287_-9.66418_-0.774795
17.9896_-10.0102_-0.754126
18.3505_-10.3563_-0.774795
18.7041_-10.7098_-0.795463
19.0577_-11.0632_-0.774795
19.4186_-11.4093_-0.754126
19.7795_-11.7554_-0.774795
20.1331_-12.1088_-0.795463
20.4868_-12.4623_-0.774795
20.8476_-12.8083_-0.754126
21.2085_-13.1544_-0.774795
21.5622_-13.5078_-0.795463
21.9008_-13.8756_-0.857468
22.2241_-14.257_-0.878136
22.6098_-14.5701_-0.485437
23.086_-14.7117_-0.0927383
23.583_-14.6807_0.217287
24.0676_-14.5579_0.279292
