configuration -1.36608982086_8.91640663147_-0.333444235273_0.942769824487_9.04581165314_-18.3528499603_-0.788205594687_0.615412008742
length 34.0758
time 2.02332
roughness 0.000425283
-1.36609_8.91641_-0.679909
-0.987267_8.5902_-0.741914
-0.622196_8.24856_-0.762583
-0.257125_7.90693_-0.741914
0.107945_7.56529_-0.762583
0.473016_7.22366_-0.741914
0.838087_6.88202_-0.762583
1.20316_6.54039_-0.741914
1.56823_6.19875_-0.762583
1.9333_5.85712_-0.741914
2.29837_5.51548_-0.762583
2.66344_5.17385_-0.741914
3.02851_4.83221_-0.762583
3.39358_4.49058_-0.741914
3.75865_4.14894_-0.762583
4.12372_3.80731_-0.741914
4.48879_3.46567_-0.762583
4.85386_3.12404_-0.741914
5.21894_2.7824_-0.762583
5.58401_2.44077_-0.741914
5.94908_2.09913_-0.762583
6.31415_1.7575_-0.741914
6.67922_1.41586_-0.762583
7.04429_1.07423_-0.741914
7.40936_0.732592_-0.762583
7.77443_0.390957_-0.741914
8.1395_0.0493215_-0.762583
8.50457_-0.292313_-0.741914
8.86964_-0.633948_-0.762583
9.23471_-0.975583_-0.741914
9.59978_-1.31722_-0.762583
9.95772_-1.66633_-0.783251
10.3156_-2.01543_-0.762583
10.6807_-2.35707_-0.741914
11.0458_-2.6987_-0.762583
11.3311_-3.10537_-1.15528
11.5377_-3.5607_-1.13461
11.7442_-4.01604_-1.15528
11.9508_-4.47138_-1.13461
12.1573_-4.92671_-1.15528
12.3639_-5.38205_-1.13461
12.5704_-5.83738_-1.15528
12.7769_-6.29272_-1.13461
12.9835_-6.74806_-1.15528
13.0915_-7.23297_-1.54798
13.0057_-7.7223_-1.94068
12.8298_-8.19032_-1.92001
12.6539_-8.65834_-1.94068
12.478_-9.12636_-1.92001
12.302_-9.59437_-1.94068
12.1261_-10.0624_-1.92001
11.9502_-10.5304_-1.94068
11.7743_-10.9984_-1.92001
11.5983_-11.4665_-1.94068
11.4224_-11.9345_-1.92001
11.2465_-12.4025_-1.94068
11.0706_-12.8705_-1.92001
10.8946_-13.3385_-1.94068
10.7187_-13.8065_-1.92001
10.5428_-14.2746_-1.94068
10.3669_-14.7426_-1.92001
10.191_-15.2106_-1.94068
10.015_-15.6786_-1.92001
9.84882_-16.1502_-1.89934
9.68261_-16.6217_-1.92001
9.50668_-17.0898_-1.94068
9.33076_-17.5578_-1.92001
9.16455_-18.0293_-1.89934
9.05082_-18.352_-1.92001
