configuration -1.36608982086_8.91640663147_-0.333444235273_0.942769824487_9.04581165314_-18.3528499603_-0.788205594687_0.615412008742
length 34.0095
time 1.77676
roughness 0.000353078
-1.36609_8.91641_-0.679909
-0.994195_8.58253_-0.783251
-0.636263_8.23343_-0.762583
-0.278331_7.88432_-0.783251
0.0796012_7.53521_-0.762583
0.437533_7.1861_-0.783251
0.795466_6.837_-0.762583
1.1534_6.48789_-0.783251
1.51133_6.13878_-0.762583
1.86926_5.78968_-0.783251
2.22719_5.44057_-0.762583
2.58513_5.09146_-0.783251
2.94306_4.74236_-0.762583
3.30099_4.39325_-0.783251
3.65892_4.04414_-0.762583
4.01686_3.69504_-0.783251
4.37479_3.34593_-0.762583
4.73272_2.99682_-0.783251
5.09065_2.64771_-0.762583
5.44858_2.29861_-0.783251
5.80652_1.9495_-0.762583
6.16445_1.60039_-0.783251
6.52238_1.25129_-0.762583
6.88031_0.90218_-0.783251
7.23825_0.553073_-0.762583
7.59618_0.203966_-0.783251
7.95411_-0.145141_-0.762583
8.31204_-0.494248_-0.783251
8.66268_-0.850677_-0.803919
9.01332_-1.20711_-0.783251
9.37126_-1.55621_-0.762583
9.72919_-1.90532_-0.783251
10.0798_-2.26175_-0.803919
10.4305_-2.61818_-0.783251
10.7884_-2.96729_-0.762583
11.0836_-3.2674_-0.824588
11.3871_-3.66389_-1.0106
11.6483_-4.09019_-1.03127
11.9096_-4.51648_-1.0106
12.1709_-4.94277_-1.03127
12.4322_-5.36906_-1.0106
12.6935_-5.79535_-1.03127
12.9547_-6.22164_-1.0106
13.1315_-6.68591_-1.4033
13.1172_-7.1825_-1.796
12.9707_-7.66011_-1.94068
12.7948_-8.12813_-1.92001
12.6189_-8.59615_-1.94068
12.443_-9.06417_-1.92001
12.267_-9.53219_-1.94068
12.0911_-10.0002_-1.92001
11.9152_-10.4682_-1.94068
11.7393_-10.9363_-1.92001
11.5731_-11.4078_-1.89934
11.4069_-11.8794_-1.92001
11.2309_-12.3474_-1.94068
11.055_-12.8154_-1.92001
10.8888_-13.287_-1.89934
10.7226_-13.7585_-1.92001
10.5467_-14.2265_-1.94068
10.3707_-14.6945_-1.92001
10.2045_-15.1661_-1.89934
10.0383_-15.6377_-1.92001
9.86238_-16.1057_-1.94068
9.68646_-16.5737_-1.92001
9.52025_-17.0453_-1.89934
9.35404_-17.5168_-1.92001
9.17811_-17.9848_-1.94068
9.04691_-18.3571_-1.87867
