configuration 0.916432738304_-13.7452163696_0.573727795176_0.819046040857_7.25410509109_23.1360397339_0.890376127727_0.455225604699
length 44.138
time 300
roughness 0.00273281
0.916433_-13.7452_1.2221
0.970657_-13.6558_0.829401
0.970657_-13.6558_0.829401
1.34057_-13.3205_0.643386
1.73748_-13.0164_0.664054
2.13438_-12.7123_0.643386
2.399_-12.5241_0.850069
2.52991_-12.2978_1.24277
2.55144_-12.2219_1.34611
2.55757_-12.1963_1.32544
2.55757_-12.1963_1.32544
2.65376_-11.7059_1.42878
2.72964_-11.2117_1.40812
2.80552_-10.7175_1.42878
2.89968_-10.0975_1.44945
2.97555_-9.60338_1.38745
3.07178_-9.11274_1.36678
3.16802_-8.6221_1.38745
3.24406_-8.26753_1.30477
3.40018_-7.79277_1.20143
3.58549_-7.32839_1.18076
3.77081_-6.86401_1.20143
3.9693_-6.34491_0.58138
4.37838_-6.05755_0.643386
4.78149_-5.76175_0.622717
5.18459_-5.46595_0.643386
5.18459_-5.46595_0.643386
5.5994_-5.18718_0.540044
6.02556_-4.92568_0.560712
6.44622_-4.65543_0.58138
6.78885_-4.44304_0.292023
7.22757_-4.20995_0.684722
7.60456_-3.58821_1.03608
7.87252_-3.16617_0.97408
8.15774_-2.75551_0.953411
8.45139_-2.35084_0.932743
8.74503_-1.94616_0.953411
9.12646_-1.40113_1.30477
9.20218_-0.907983_1.53213
9.22667_-0.408592_1.51146
9.25116_0.0907985_1.53213
9.27566_0.590189_1.51146
9.30015_1.08958_1.53213
9.30919_1.47944_1.80081
9.30919_1.47944_2.19351
9.30919_1.47944_2.58621
9.30919_1.47944_2.97891
9.30919_1.47944_2.97891
9.30919_1.47944_2.97891
8.84407_1.654_2.58621
8.46653_1.97876_2.27619
8.14632_2.36276_2.25552
7.82612_2.74676_2.27619
7.33772_3.32243_1.80081
7.19879_3.80251_1.90416
7.04008_4.27664_1.88349
6.88136_4.75077_1.90416
6.75781_5.08207_1.53213
6.84363_5.57312_1.26344
6.99981_6.04809_1.24277
7.156_6.52306_1.26344
7.30234_7.00116_1.28411
7.44867_7.47926_1.26344
7.59184_7.90889_1.71814
7.61618_8.40509_1.32544
7.82214_8.72362_1.71814
7.65474_9.19136_2.11084
7.32834_9.56673_2.4622
6.93615_9.87685_2.48287
6.53762_10.1788_2.50354
6.1391_10.4807_2.48287
5.86459_10.7964_2.09017
5.86459_10.7964_1.69747
5.78781_10.7467_0.808733
6.09749_11.1383_0.994748
6.36549_11.5604_1.01542
6.62472_11.988_1.03608
6.62472_11.988_1.03608
6.94911_12.3651_0.684722
7.33311_12.6853_0.705391
7.71711_13.0055_0.684722
8.10765_13.3177_0.664054
8.36961_13.5249_0.891406
8.66313_13.9294_0.994748
8.9398_14.3459_0.97408
9.21647_14.7624_0.994748
9.50131_15.197_1.59413
9.46385_15.6953_1.69747
9.40582_16.1919_1.6768
9.34778_16.6886_1.69747
9.34778_16.6886_1.69747
9.19966_17.1634_2.04883
8.97424_17.6097_2.02817
8.74883_18.056_2.04883
8.51423_18.4976_2.0695
8.27964_18.9391_2.04883
8.08031_19.3338_1.78015
7.97135_19.8218_1.80081
7.86239_20.3098_1.78015
7.76354_20.7999_1.75948
7.66469_21.29_1.78015
7.55574_21.778_1.80081
7.44678_22.266_1.78015
7.32777_22.7515_1.84215
7.21269_23.1277_1.98683
