configuration -26.5221767426_12.7890510559_0.0_1.0_-6.20937108994_31.1862716675_0.294171904018_0.955752525964
length 44.1014
time 7.63926
roughness 0.0047288
-26.5222_12.7891_-0
-26.0349_12.886_0.392699
-25.6219_13.162_0.785398
-25.2647_13.5118_0.76473
-24.9003_13.8543_0.744061
-24.536_14.1967_0.76473
-24.1717_14.5391_0.744061
-23.7475_14.7978_0.351362
-23.2567_14.8745_-0.0413367
-22.7683_14.7773_-0.351362
-22.2774_14.7006_0.0413367
-21.7946_14.8176_0.434036
-21.3933_15.1105_0.826735
-21.0159_15.4368_0.599383
-20.606_15.7231_0.620051
-20.1961_16.0095_0.599383
-19.7392_16.2043_0.206684
-19.2424_16.2094_-0.186015
-18.7693_16.0525_-0.454704
-18.343_15.7925_-0.64072
-17.9453_15.4895_-0.661388
-17.5476_15.1864_-0.64072
-17.099_14.9729_-0.24802
-16.6108_14.8652_-0.186015
-16.1185_14.7779_-0.165347
-15.6459_14.621_-0.475373
-15.199_14.3968_-0.454704
-14.7521_14.1726_-0.475373
-14.2794_14.0158_-0.165347
-13.7871_13.9284_-0.186015
-13.2968_13.8308_-0.206684
-13.2968_13.8308_-0.599383
-13.2968_13.8308_-0.992082
-13.2968_13.8308_-1.38478
-13.2968_13.8308_-1.77748
-13.2968_13.8308_-2.17018
-13.5396_13.593_-2.56288
-13.5396_13.593_-2.95558
-13.5396_13.593_-3.34828
-13.5396_13.593_-3.74098
-13.5396_13.593_-4.13367
-13.7249_14.0539_-4.52637
-13.7198_14.5506_-4.91907
-13.525_15.0076_-5.31177
-13.1769_15.363_-5.66313
-12.773_15.6577_-5.64247
-12.3284_15.8808_-5.99383
-11.8477_16.0185_-6.0145
-11.3671_16.1562_-5.99383
-10.9277_16.3881_-5.60113
-10.6106_16.7705_-5.20843
-10.4244_17.2334_-4.98108
-10.2867_17.7141_-5.00175
-10.1391_18.1918_-5.02241
-9.9915_18.6695_-5.00175
-9.94536_19.1641_-4.60905
-10.092_19.6388_-4.21635
-10.4092_20.0212_-3.82365
-10.5594_20.2023_-4.21635
-10.7061_20.6769_-4.60905
-10.6599_21.1716_-5.00175
-10.6599_21.1716_-4.60905
-10.6599_21.1716_-4.21635
-10.7434_21.2722_-3.82365
-11.1827_21.5041_-3.43095
-11.6774_21.5503_-3.03825
-12.1712_21.4731_-2.93491
-12.6679_21.468_-3.32761
-13.1288_21.6533_-3.72031
-13.5059_21.9794_-3.989
-13.9011_22.2805_-3.5963
-14.3814_22.4074_-3.2036
-14.8811_22.4126_-3.10026
-14.8811_22.4126_-3.49295
-15.3052_22.6713_-3.88565
-15.5981_23.0726_-4.27835
-15.715_23.5554_-4.67105
-15.6383_24.0463_-5.06375
-15.3881_24.4762_-5.41511
-15.1198_24.8963_-5.14642
-14.9049_25.3478_-5.16709
-14.6899_25.7992_-5.14642
-14.3971_26.2005_-5.53912
-14.0328_26.5429_-5.51846
-13.6684_26.8853_-5.53912
-13.6684_26.8853_-5.14642
-13.6561_26.9362_-4.75373
-13.7207_27.3495_-4.36103
-13.7207_27.3495_-4.75373
-13.6961_27.4511_-5.14642
-13.4032_27.8524_-5.53912
-12.984_28.1202_-5.89049
-12.5241_28.3163_-5.86982
-12.0683_28.5219_-5.84915
-11.6125_28.7274_-5.86982
-11.1568_28.933_-5.84915
-10.701_29.1386_-5.86982
-10.2452_29.3441_-5.84915
-9.78941_29.5497_-5.86982
-9.33364_29.7553_-5.84915
-8.87786_29.9608_-5.86982
-8.42208_30.1664_-5.84915
-7.9663_30.372_-5.86982
-7.51052_30.5775_-5.84915
-7.05909_30.7925_-5.82848
-6.60766_31.0074_-5.84915
-6.20374_31.1997_-5.82848
