configuration -11.6824054718_1.45032453537_1.45032453537_1.45032453537_24.2991828918_-14.4915781021_0.382683601539_0.382683601539
length 56.8281
time 123.686
roughness 0.00345047
-11.6824_1.45032_2.22212
-11.6824_1.45032_1.82942
-11.6824_1.45032_1.43672
-11.5212_1.92024_1.04402
-11.36_2.39016_1.43672
-11.2983_2.88633_1.45739
-11.2366_3.3825_1.43672
-11.0754_3.85242_1.04402
-10.7467_4.22489_0.651323
-10.3004_4.4432_0.258624
-9.80461_4.47411_-0.134075
-9.33469_4.31293_-0.526774
-8.8999_4.06604_-0.506106
-8.8999_4.06604_-0.898805
-8.67242_3.62439_-1.2915
-8.63126_3.12931_-1.6842
-8.63126_3.12931_-1.2915
-8.63126_3.12931_-0.898805
-8.63126_3.12931_-0.506106
-8.53165_3.09743_-0.113407
-8.32319_3.11476_0.279292
-8.13723_3.21054_0.671992
-7.71933_3.48373_0.485976
-7.27966_3.72182_0.506645
-6.84_3.95991_0.485976
-6.38257_4.1607_0.341298
-5.91317_4.33292_0.361966
-5.44377_4.50513_0.341298
-5.01707_4.75954_0.733997
-4.66377_5.11304_0.837338
-4.32523_5.48098_0.81667
-3.98669_5.84893_0.837338
-3.65583_6.22379_0.858007
-3.32498_6.59866_0.837338
-3.06168_7.0207_1.1887
-2.87047_7.48268_1.16803
-2.67926_7.94466_1.1887
-2.40765_8.36063_0.796002
-1.99753_8.641_0.403303
-1.51134_8.74308_0.0106036
-1.02309_8.65134_-0.382096
-0.607117_8.37973_-0.774795
-0.246246_8.03366_-0.754126
0.175251_7.77071_-0.361427
0.658941_7.64836_-0.134075
1.15373_7.5764_-0.154743
1.62022_7.40555_-0.547442
2.03295_7.12372_-0.650784
2.4276_6.81672_-0.671453
2.74877_6.43771_-1.06415
2.9959_6.00306_-1.04348
3.24302_5.56841_-1.06415
3.49015_5.13376_-1.04348
3.73727_4.69911_-1.06415
3.98439_4.26446_-1.04348
4.29843_3.87796_-0.733458
4.66638_3.53942_-0.754126
5.03432_3.20089_-0.733458
5.38782_2.84759_-0.8368
5.72655_2.47982_-0.816131
6.06528_2.11206_-0.8368
6.46363_1.8152_-0.444101
6.94525_1.69337_-0.0514015
7.44058_1.74488_0.258624
7.44058_1.74488_-0.134075
7.9105_1.58369_-0.526774
8.28297_1.25495_-0.919473
8.61374_0.880585_-0.774795
8.96739_0.527133_-0.795463
9.32103_0.173681_-0.774795
9.6014_-0.236438_-1.16749
9.70348_-0.72263_-1.56019
9.61173_-1.21088_-1.95289
9.61173_-1.21088_-1.56019
9.71381_-1.69707_-1.16749
9.99418_-2.10719_-0.774795
10.3621_-2.44568_-0.712789
10.7437_-2.76872_-0.692121
11.1253_-3.09176_-0.712789
11.5002_-3.42262_-0.733458
11.875_-3.75348_-0.712789
12.2567_-4.07652_-0.692121
12.6383_-4.39956_-0.712789
13.0132_-4.73042_-0.733458
13.388_-5.06128_-0.712789
13.82_-5.30659_-0.32009
14.313_-5.3679_0.0726087
14.5984_-5.4034_-0.32009
15.0914_-5.46472_0.0726087
15.5874_-5.40277_0.175951
16.0805_-5.32034_0.155282
16.0805_-5.32034_-0.237417
16.5313_-5.52914_-0.630116
16.8679_-5.89455_-1.02282
17.1239_-6.324_-1.04348
17.371_-6.75865_-1.06415
17.6182_-7.1933_-1.04348
17.7796_-7.66313_-1.43618
17.7489_-8.15898_-1.82888
17.6064_-8.63816_-1.89089
17.3786_-9.081_-2.20091
17.0882_-9.488_-2.18024
16.7978_-9.89499_-2.20091
16.589_-10.3458_-1.80821
16.5686_-10.8422_-1.41551
16.7206_-11.3164_-1.10549
17.0259_-11.7083_-0.712789
17.4579_-11.9536_-0.32009
17.9443_-12.066_-0.134075
18.425_-12.1982_-0.402764
18.887_-12.3895_-0.382096
19.3528_-12.5711_-0.361427
19.7965_-12.7993_-0.588779
20.2151_-13.0727_-0.568111
20.6338_-13.346_-0.588779
20.9667_-13.6787_-0.981478
21.1569_-14.1377_-1.37418
21.157_-14.6083_-1.76688
21.157_-14.6083_-1.37418
21.157_-14.6083_-0.981478
21.157_-14.6083_-0.588779
21.6126_-14.808_-0.237417
22.0849_-14.97_-0.423432
22.5386_-15.1801_-0.444101
22.9878_-15.3996_-0.464769
23.4668_-15.5314_-0.0720699
23.9598_-15.4698_0.320629
24.3917_-15.2242_0.713328
24.3917_-15.2242_1.10603
24.4887_-14.8713_1.49873
24.4466_-14.534_1.89143
24.4466_-14.534_1.49873
24.4525_-14.5084_1.1887
24.4525_-14.5084_0.796002
