configuration 0.916432738304_-13.7452163696_0.573727795176_0.819046040857_7.25410509109_23.1360397339_0.890376127727_0.455225604699
length 46.3827
time 2.47578
roughness 0.00404296
0.916433_-13.7452_1.2221
1.174_-13.3204_0.829401
1.57453_-13.0265_0.436702
2.02538_-12.8104_0.45737
2.41975_-12.5082_0.850069
2.66848_-12.0782_1.24277
2.73371_-11.5857_1.63547
2.77864_-11.0897_1.32544
2.89507_-10.6035_1.34611
3.00143_-10.1149_1.36678
3.00524_-9.61816_1.75948
2.82797_-9.15338_2.11084
2.57534_-8.72191_2.09017
2.41764_-8.25081_1.69747
2.45222_-7.75522_1.30477
2.67383_-7.3106_0.912074
3.04872_-6.98462_0.519375
3.5033_-6.77813_0.33336
3.97743_-6.61942_0.312692
4.44811_-6.45096_0.374697
4.91528_-6.27279_0.354028
5.38245_-6.09461_0.374697
5.80042_-5.82609_0.767396
6.16384_-5.4827_0.746727
6.53428_-5.1469_0.726059
6.83429_-4.75092_1.11876
6.95994_-4.27028_1.51146
6.95344_-3.77076_1.65614
7.00848_-3.27702_1.26344
7.23062_-2.83132_0.953411
7.51584_-2.42066_0.97408
7.70947_-1.96315_1.36678
7.75448_-1.46626_1.59413
7.74798_-0.966312_1.57346
7.8436_-0.478808_1.18076
8.11851_-0.0650047_0.788064
8.47475_0.285821_0.767396
8.75815_0.693854_1.16009
8.86382_1.17928_1.55279
8.82641_1.67715_1.73881
8.64938_2.14133_2.13151
8.30818_2.50243_2.52421
7.85478_2.70547_2.91691
7.85478_2.70547_2.52421
7.51358_3.06657_2.13151
7.33655_3.53075_1.73881
7.21763_4.01595_1.88349
7.06875_4.49326_1.86282
6.91987_4.97057_1.88349
6.67776_5.40438_2.27619
6.28807_5.71251_2.66889
5.85024_5.95381_2.60688
5.85024_5.95381_2.21418
5.63548_6.40179_1.82148
5.6085_6.89785_1.42878
5.77341_7.36647_1.03608
6.10509_7.73632_0.643386
6.55307_7.95108_0.250687
7.00104_8.16584_0.643386
7.33273_8.53569_1.03608
7.56487_8.97829_1.13943
7.58922_9.08_1.53213
7.51121_9.57063_1.92482
7.25138_9.99406_2.31752
6.94775_10.3904_2.13151
6.68625_10.8166_2.11084
6.42475_11.2427_2.13151
6.42475_11.2427_1.82148
6.39777_11.7388_1.42878
6.56268_12.2074_1.03608
6.8559_12.6115_0.850069
7.20468_12.9695_0.746727
7.57512_13.3053_0.726059
7.94556_13.6411_0.746727
8.33576_13.953_0.602049
8.75075_14.2319_0.58138
9.16573_14.5108_0.602049
9.51242_14.8666_0.994748
9.69655_15.328_1.38745
9.6901_15.8248_1.78015
9.68364_16.3215_1.38745
9.86777_16.7829_0.994748
10.2145_17.1387_0.602049
10.5611_17.4946_0.994748
10.7453_17.956_1.38745
10.7388_18.4527_1.78015
10.5428_18.9092_2.17285
10.247_19.3122_2.23485
9.9348_19.7028_2.25552
9.63077_20.0996_2.19351
9.34337_20.5088_2.17285
9.05596_20.9179_2.19351
8.70654_21.2727_2.50354
8.30801_21.5747_2.48287
7.91582_21.8848_2.4622
7.59766_22.2663_2.0695
7.39105_22.7212_1.92482
7.22305_23.1357_1.98683
