configuration -11.6824054718_1.45032453537_1.45032453537_1.45032453537_24.2991828918_-14.4915781021_0.382683601539_0.382683601539
length 55.8046
time 7.54247
roughness 0.00376064
-11.6824_1.45032_2.22212
-11.6824_1.45032_1.82942
-11.6824_1.45032_1.43672
-11.5212_1.92024_1.04402
-11.36_2.39016_1.43672
-11.2983_2.88633_1.45739
-11.2366_3.3825_1.43672
-11.0754_3.85242_1.04402
-10.7467_4.22489_0.651323
-10.3004_4.4432_0.258624
-9.80461_4.47411_-0.134075
-9.33469_4.31293_-0.526774
-8.8999_4.06604_-0.506106
-8.8999_4.06604_-0.898805
-8.67242_3.62439_-1.2915
-8.63126_3.12931_-1.6842
-8.63126_3.12931_-1.2915
-8.63126_3.12931_-0.898805
-8.63126_3.12931_-0.506106
-8.53165_3.09743_-0.113407
-8.32319_3.11476_0.279292
-8.13723_3.21054_0.671992
-7.73655_3.50949_0.609986
-7.32971_3.80013_0.630655
-6.92287_4.09077_0.609986
-6.5562_4.42849_0.878675
-6.23316_4.81012_0.858007
-5.91012_5.19174_0.878675
-5.52456_5.50502_0.485976
-5.04845_5.6469_0.0932771
-4.5514_5.61617_-0.216749
-4.5514_5.61617_0.175951
-4.5514_5.61617_0.56865
-4.19302_5.96022_0.961349
-3.83465_6.30427_0.56865
-3.37189_6.48498_0.175951
-2.8752_6.47485_-0.216749
-2.37851_6.46471_0.175951
-1.91575_6.64543_0.56865
-1.50305_6.92756_0.630655
-1.05237_7.1366_0.237956
-0.55655_7.18816_-0.0307332
-0.0566629_7.17796_-0.0100648
0.429585_7.07614_-0.402764
0.846091_6.80418_-0.754126
1.21404_6.46565_-0.733458
1.21404_6.46565_-0.340759
1.70566_6.39416_0.0519403
2.18722_6.51624_0.444639
2.66878_6.63833_0.0519403
3.1604_6.56683_-0.340759
3.58724_6.31265_-0.733458
4.01408_6.05846_-0.340759
4.5057_5.98697_0.0519403
5.00473_6.01809_0.0726087
5.49772_5.95677_-0.32009
5.96336_5.77522_-0.423432
6.42129_5.5745_-0.402764
6.83156_5.29435_-0.795463
7.10339_4.87853_-1.18816
7.2259_4.39532_-1.45685
7.29811_3.90064_-1.39485
7.39071_3.4093_-1.37418
7.48331_2.91796_-1.39485
7.66402_2.4552_-1.00215
7.97865_2.06798_-0.774795
8.33229_1.71453_-0.795463
8.60412_1.2987_-1.18816
8.69613_0.810503_-1.58086
8.69627_0.310512_-1.56019
8.79835_-0.17568_-1.16749
9.07871_-0.585799_-0.774795
9.44661_-0.924287_-0.712789
9.87861_-1.1696_-0.32009
10.3516_-1.33182_-0.340759
10.821_-1.50378_-0.361427
11.2425_-1.76673_-0.754126
11.6034_-2.1128_-0.774795
11.9643_-2.45886_-0.754126
12.2531_-2.8631_-1.14683
12.3652_-3.34708_-1.53952
12.2835_-3.83712_-1.93222
12.2835_-3.83712_-1.53952
12.3956_-4.3211_-1.14683
12.6844_-4.72534_-0.754126
13.0592_-5.05615_-0.692121
13.4409_-5.37919_-0.712789
13.8225_-5.70223_-0.692121
14.2171_-6.00918_-0.630116
14.618_-6.30795_-0.650784
15.0189_-6.60673_-0.630116
15.4002_-6.92949_-0.774795
15.7538_-7.28294_-0.795463
16.1075_-7.6364_-0.774795
16.3878_-8.04651_-1.16749
16.4899_-8.53271_-1.56019
16.3982_-9.02096_-1.95289
16.2459_-9.49674_-1.80821
16.1233_-9.98147_-1.82888
16.0007_-10.4662_-1.80821
15.9803_-10.9626_-1.41551
16.1514_-11.429_-1.02282
16.488_-11.7944_-0.630116
16.9308_-12.0222_-0.32009
17.4037_-12.1844_-0.340759
17.8767_-12.3466_-0.32009
18.3496_-12.5088_-0.340759
18.8226_-12.6711_-0.32009
19.2955_-12.8333_-0.340759
19.7685_-12.9955_-0.32009
20.2447_-13.1479_-0.299422
20.7209_-13.3003_-0.32009
21.1637_-13.5281_-0.630116
21.5646_-13.8269_-0.650784
21.9655_-14.1257_-0.630116
22.3021_-14.4911_-1.02282
22.5024_-14.9475_-1.2915
22.6452_-15.4267_-1.27084
22.8195_-15.7486_-0.878136
23.2053_-16.0617_-0.485437
23.6815_-16.2033_-0.0927383
23.8635_-16.1844_0.299961
24.1164_-16.0474_0.69266
24.2812_-15.8444_1.08536
24.4228_-15.3682_1.47806
24.4021_-14.8701_1.74675
24.4096_-14.5041_1.35405
24.4096_-14.5041_0.961349
