configuration -26.5221767426_12.7890510559_0.0_1.0_-6.20937108994_31.1862716675_0.294171904018_0.955752525964
length 42.1257
time 13.7548
roughness 0.00495193
-26.5222_12.7891_-0
-26.0282_12.7223_-0.268689
-25.5448_12.5945_-0.24802
-25.0614_12.4668_-0.268689
-24.5659_12.4309_0.12401
-24.0944_12.5873_0.516709
-23.679_12.8649_0.661388
-23.235_13.0877_0.268689
-22.7395_13.1236_-0.12401
-22.2519_13.0161_-0.310026
-21.7808_12.8489_-0.372031
-21.3131_12.6719_-0.351362
-20.8455_12.495_-0.372031
-20.3563_12.4082_0.0206684
-19.8712_12.5152_0.413367
-19.4639_12.7996_0.806067
-19.0566_13.0841_0.413367
-18.5715_13.1911_0.0206684
-18.0735_13.155_-0.165347
-17.577_13.1704_0.227352
-17.1241_13.3746_0.620051
-16.7839_13.7367_1.01275
-16.5061_14.1523_0.950745
-16.2114_14.5562_0.930077
-15.9167_14.9601_0.950745
-15.5547_15.3003_0.558046
-15.09_15.4761_0.165347
-14.5935_15.4607_-0.227352
-14.4266_15.3855_-0.620051
-14.4087_15.3664_-1.01275
-14.2118_15.1568_-0.620051
-13.7589_14.9526_-0.227352
-13.2623_14.9372_0.165347
-12.7977_15.113_0.558046
-12.4357_15.4532_0.950745
-12.1494_15.8631_0.971414
-11.9165_16.3043_1.19877
-11.7395_16.772_1.21943
-11.5626_17.2396_1.19877
-11.3208_17.6756_0.930077
-11.0261_18.0795_0.950745
-10.7314_18.4833_0.930077
-10.4989_18.9238_1.2401
-10.3317_19.395_1.21943
-10.1644_19.8661_1.2401
-10.0979_20.3585_1.6328
-10.2248_20.8388_2.0255
-10.5259_21.2339_2.4182
-10.9553_21.4838_2.8109
-11.4405_21.6014_2.99691
-11.9345_21.6786_2.97625
-12.3992_21.8544_2.58355
-12.7612_22.1946_2.19085
-12.9654_22.6475_1.79815
-13.1697_23.1003_2.19085
-13.5317_23.4406_2.58355
-13.9638_23.692_2.64555
-14.1851_23.8756_2.25285
-14.4171_24.3149_1.86015
-14.4632_24.8096_1.46745
-14.5093_25.3042_1.86015
-14.7413_25.7436_2.25285
-14.8848_25.9319_2.19085
-15.089_26.3848_1.79815
-15.1044_26.8814_1.40545
-14.9286_27.346_1.01275
-14.6063_27.689_0.620051
-14.368_27.7965_0.227352
-14.1327_27.8038_-0.165347
-13.6362_27.8192_0.227352
-13.1833_28.0234_0.620051
-12.7988_28.3423_0.76473
-12.3801_28.6097_0.372031
-11.9162_28.7963_0.392699
-11.4563_28.9924_0.413367
-11.049_29.2769_0.806067
-10.7143_29.6481_0.868072
-10.3872_30.0263_0.847403
-10.0681_30.4111_0.909408
-9.76505_30.8088_0.930077
-9.46204_31.2066_0.909408
-9.10592_31.5554_0.64072
-8.70821_31.8584_0.661388
-8.31049_32.1614_0.64072
-7.86195_32.375_0.24802
-7.36582_32.4006_-0.144679
-6.89763_32.2345_-0.537378
-6.52867_31.9018_-0.930077
-6.2869_31.4659_-1.19877
-6.13208_31.2235_-0.806067
-6.13208_31.2235_-0.413367
-6.13208_31.2235_-0.0206684
