configuration -11.6824054718_1.45032453537_1.45032453537_1.45032453537_24.2991828918_-14.4915781021_0.382683601539_0.382683601539
length 50.0531
time 300
roughness 0.0193724
-11.6824_1.45032_2.22212
-11.6824_1.45032_1.82942
-11.6824_1.45032_1.43672
-11.6824_1.45032_1.04402
-11.6824_1.45032_1.04402
-11.0696_1.82808_1.04402
-10.7409_2.20055_0.651323
-10.3401_2.49954_0.630655
-9.83989_2.84301_0.651323
-9.40198_3.08015_0.341298
-8.92912_3.24263_0.320629
-8.3427_3.44177_0.258624
-7.89645_3.66008_0.651323
-7.51516_3.98319_0.754665
-7.1474_4.32192_0.733997
-6.73213_4.70211_-5.59053
-6.3575_5.03312_-5.52852
-5.99681_5.37938_-5.50785
-5.63613_5.72565_-5.52852
-5.27544_6.07191_-5.50785
-4.92199_6.42555_-5.48718
-4.69931_6.64111_-6.37592
-4.20518_6.69249_-5.98322
-3.73239_6.85494_-5.92122
-3.26299_7.02715_-5.94189
-2.79359_7.19937_-5.92122
-2.3242_7.37158_-5.94189
-1.9983_7.49331_-6.70662
-1.52312_7.34122_-6.47927
-1.03375_7.23875_-6.49993
-0.544369_7.13627_-6.47927
-0.0549919_7.0338_-6.49993
0.434385_6.93132_-6.47927
0.885415_6.84777_-6.70662
1.3391_6.63763_-6.72729
1.79279_6.42749_-6.70662
2.25072_6.22677_-6.68595
2.25072_6.22677_-6.68595
2.67903_5.97171_-6.95464
3.06724_5.65663_-6.97531
3.44887_5.33359_-6.99597
3.89121_4.94463_-7.244
4.24304_4.59299_-6.89263
4.8033_4.23917_-7.59536
5.02161_3.79291_-7.20266
5.39407_3.46417_-6.80996
5.85468_3.27353_-6.54127
6.34176_3.16098_-6.47927
6.58336_3.06098_-6.87196
6.58336_3.06098_-7.26466
6.60119_3.1084_-8.23608
6.50944_2.62015_-7.84338
6.54054_2.12134_-7.74004
6.59226_1.62403_-7.7607
6.64397_1.12673_-7.74004
6.67512_0.769955_-7.53335
6.86642_0.30847_-7.38867
7.09537_-0.136022_-7.36801
7.32432_-0.580514_-7.38867
7.59197_-1.09274_-7.306
7.92854_-1.45815_-6.9133
8.36239_-1.70452_-6.68595
8.82438_-1.89573_-6.66528
9.29021_-2.07735_-6.64461
9.75605_-2.25898_-6.66528
10.1648_-2.41698_-6.97531
10.6018_-2.65331_-6.58261
11.0863_-2.77587_-6.47927
11.5777_-2.86821_-6.4586
12.0691_-2.96055_-6.47927
12.4554_-3.03869_-7.14065
12.8416_-3.35217_-6.78929
13.2814_-3.59002_-6.76862
13.726_-3.81873_-6.74795
14.0514_-3.99198_-6.80996
14.0514_-3.99198_-6.99597
14.3651_-4.37804_-7.34734
14.6122_-4.81269_-7.32667
14.8593_-5.24734_-7.34734
15.0857_-5.67445_-7.09932
15.0857_-5.67445_-7.09932
15.3841_-6.07434_-7.32667
15.6312_-6.50899_-7.34734
15.8783_-6.94364_-7.32667
16.0412_-7.21951_-6.76862
16.4532_-7.50086_-6.99597
16.8281_-7.83172_-7.01664
17.2029_-8.16258_-6.99597
17.5778_-8.49344_-7.01664
17.9457_-8.83197_-7.03731
18.3144_-9.17104_-7.01664
18.6892_-9.5019_-6.99597
19.0641_-9.83276_-7.01664
19.439_-10.1636_-6.99597
19.439_-10.1636_-6.99597
19.7923_-10.5168_-7.14065
20.1155_-10.8982_-7.16132
20.4308_-11.2863_-7.18199
20.7461_-11.6743_-7.16132
21.2566_-12.2869_-6.8513
21.6151_-12.6307_-7.244
21.8148_-13.0856_-7.63669
21.8307_-13.8437_-8.02939
21.8411_-14.3404_-7.63669
22.0408_-14.7953_-7.244
22.3993_-15.1391_-6.8513
22.8622_-15.3196_-6.4586
23.3589_-15.3092_-6.0659
23.8184_-15.1187_-5.71454
24.2311_-14.8366_-5.65253
24.5833_-14.5788_-5.17716
