configuration -1.36608982086_8.91640663147_-0.333444235273_0.942769824487_9.04581165314_-18.3528499603_-0.788205594687_0.615412008742
length 44.6435
time 17.1492
roughness 0.00502362
-1.36609_8.91641_-0.679909
-1.04813_8.5347_-1.07261
-0.84176_8.07975_-1.21729
-0.663829_7.61249_-1.19662
-0.395523_7.19438_-0.803919
0.0123636_6.91077_-0.41122
0.480183_6.73493_-0.307878
0.951671_6.56874_-0.369883
1.41595_6.38318_-0.390552
1.88024_6.19762_-0.369883
2.36957_6.11184_0.0228156
2.86877_6.13873_0.0848207
3.3665_6.18624_0.105489
3.86124_6.14116_-0.28721
4.33259_5.97502_-0.390552
4.79688_5.78946_-0.369883
5.21614_5.52295_-0.762583
5.50149_5.11629_-1.15528
5.63981_4.63737_-1.42397
5.71807_4.14354_-1.4033
5.79632_3.64971_-1.42397
5.86436_3.15437_-1.44464
5.9426_2.66061_-1.38263
6.03105_2.1685_-1.4033
6.1093_1.67467_-1.42397
6.17734_1.17933_-1.44464
6.24537_0.683991_-1.42397
6.3134_0.18865_-1.44464
6.45159_-0.289794_-1.13461
6.65813_-0.74513_-1.15528
6.85522_-1.20464_-1.17595
6.85522_-1.20464_-1.56865
6.78962_-1.53816_-1.96135
6.5145_-1.95182_-2.35405
6.5145_-1.95182_-2.74675
6.5145_-1.95182_-3.13945
6.5145_-1.95182_-3.53214
6.5145_-1.95182_-3.92484
6.5145_-1.95182_-4.31754
6.5145_-1.95182_-4.71024
6.5145_-1.95182_-5.10294
6.5145_-1.95182_-5.49564
6.92698_-1.67493_-5.88834
7.41402_-1.57696_-6.28104
7.90817_-1.64267_-6.54973
8.38911_-1.77935_-6.5704
8.80574_-1.8173_-6.1777
9.00546_-1.75512_-5.785
9.16618_-1.62124_-5.3923
9.54789_-1.30328_-5.785
9.94733_-1.17891_-6.1777
10.3379_-1.2145_-6.5704
10.3379_-1.2145_-6.96309
10.3881_-1.27477_-7.35579
10.4736_-1.54939_-7.74849
10.6019_-2.03058_-7.43847
10.8084_-2.48592_-7.4178
11.0243_-2.93689_-7.39713
11.2495_-3.3833_-7.37646
11.4747_-3.82971_-7.39713
11.6999_-4.27612_-7.37646
11.8467_-4.46001_-6.98376
12.2817_-4.70003_-6.59106
12.7754_-4.75532_-6.19836
13.2691_-4.81061_-6.59106
13.7197_-5.02394_-6.85975
14.1416_-5.29217_-6.83908
14.5044_-5.63162_-7.23178
14.7096_-6.08404_-7.62448
14.7878_-6.57745_-7.76916
14.9256_-7.05473_-7.37646
15.22_-7.45638_-7.06644
15.5707_-7.81281_-7.0871
15.5707_-7.81281_-7.4798
15.6586_-8.30177_-7.8725
15.5526_-8.78714_-8.2652
15.5526_-8.78714_-8.6579
15.5526_-8.78714_-9.0506
15.5526_-8.78714_-9.4433
15.0673_-8.68122_-9.836
14.6582_-8.44435_-10.0634
14.6582_-8.44435_-10.1254
14.2233_-8.20434_-9.73266
13.7295_-8.14904_-9.33996
13.2523_-8.28689_-8.94726
12.8641_-8.5969_-8.55456
12.5878_-9.01233_-8.32721
12.3553_-9.455_-8.34788
12.039_-9.83807_-8.74057
11.9058_-9.99937_-8.34788
11.9058_-9.99937_-7.95518
11.8195_-10.4914_-8.09985
11.7029_-10.9776_-8.07919
11.5862_-11.4638_-8.09985
11.5616_-11.96_-7.70716
11.6398_-12.4538_-7.68649
11.7283_-12.9459_-7.66582
11.7242_-13.4427_-8.05852
11.549_-13.9089_-8.36854
11.3074_-14.3466_-8.34788
10.9911_-14.7297_-8.74057
10.5523_-14.9626_-9.13327
10.0577_-15.0098_-9.52597
9.56318_-15.057_-9.13327
9.12434_-15.2898_-8.74057
8.80802_-15.6729_-8.34788
8.66238_-16.1479_-7.95518
8.68917_-16.6451_-7.64515
8.78776_-17.1353_-7.66582
8.88636_-17.6255_-7.64515
8.99506_-18.1135_-7.62448
