configuration -26.5221767426_12.7890510559_0.0_1.0_-6.20937108994_31.1862716675_0.294171904018_0.955752525964
length 37.7996
time 11.8365
roughness 0.00529039
-26.5222_12.7891_-0
-26.0282_12.7223_-0.268689
-25.5448_12.5945_-0.24802
-25.0614_12.4668_-0.268689
-24.5659_12.4309_0.12401
-24.0944_12.5873_0.516709
-23.679_12.8649_0.661388
-23.235_13.0877_0.268689
-22.7395_13.1236_-0.12401
-22.2519_13.0161_-0.310026
-21.7843_12.9627_0.0826735
-21.6837_12.9915_0.475373
-21.6019_13.0566_0.868072
-21.213_13.3657_0.475373
-20.7354_13.5026_0.0826735
-20.2367_13.4871_-0.144679
-19.7406_13.5128_0.24802
-19.2921_13.7263_0.64072
-18.936_14.0752_0.909408
-18.6168_14.46_0.847403
-18.282_14.8313_0.826735
-17.9472_15.2026_0.847403
-17.552_15.5037_0.454704
-17.0717_15.6306_0.0620051
-16.5794_15.5641_-0.330694
-16.1048_15.4066_-0.310026
-15.8304_15.2545_-0.702725
-15.8304_15.2545_-1.09542
-15.5213_14.8656_-0.702725
-15.0868_14.6246_-0.310026
-14.5932_14.5683_0.0826735
-14.5932_14.5683_-0.310026
-14.5932_14.5683_-0.702725
-14.5932_14.5683_-1.09542
-14.5932_14.5683_-0.702725
-14.3874_14.4542_-0.310026
-13.8939_14.3978_0.0826735
-13.4163_14.5346_0.475373
-13.0274_14.8438_0.868072
-12.7865_15.2783_1.26077
-12.6096_15.7457_1.15743
-12.4135_16.2056_1.1781
-12.227_16.6695_1.19877
-12.227_16.6695_1.59146
-12.227_16.6695_1.98416
-12.227_16.6695_2.37686
-12.6406_16.9459_2.72823
-13.1005_17.142_2.74889
-13.5644_17.3285_2.76956
-13.7186_17.427_2.37686
-14.0031_17.8343_1.98416
-14.1101_18.3195_1.59146
-14.1152_18.8194_1.5708
-14.1101_19.3194_1.55013
-14.1049_19.8193_1.5708
-14.2018_20.3066_1.9635
-14.4074_20.7623_2.0255
-14.6223_21.2137_2.00483
-14.7393_21.6966_1.61213
-14.6626_22.1874_1.21943
-14.4572_22.6428_1.07476
-14.3105_23.1174_1.46745
-14.3567_23.6121_1.86015
-14.5886_24.0514_2.25285
-14.8205_24.4908_1.86015
-14.8666_24.9854_1.46745
-14.72_25.4601_1.07476
-14.4182_25.8562_0.76473
-14.061_26.2061_0.785398
-13.7111_26.5632_0.806067
-13.4173_26.9659_1.07476
-13.1748_27.4032_1.05409
-12.9323_27.8404_1.07476
-12.6151_28.2228_0.682056
-12.1896_28.4824_0.413367
-11.7338_28.688_0.434036
-11.278_28.8935_0.413367
-10.8222_29.0991_0.434036
-10.3664_29.3047_0.413367
-9.92981_29.5468_0.599383
-9.51991_29.8331_0.620051
-9.11002_30.1194_0.599383
-8.66446_30.343_0.330694
-8.19326_30.5102_0.351362
-7.72206_30.6775_0.330694
-7.24751_30.8349_0.310026
-6.77296_30.9924_0.330694
-6.30176_31.1596_0.351362
