configuration -26.5221767426_12.7890510559_0.0_1.0_-6.20937108994_31.1862716675_0.294171904018_0.955752525964
length 38.1488
time 1.31814
roughness 0.00294644
-26.5222_12.7891_-0
-26.0349_12.886_0.392699
-25.6219_13.162_0.785398
-25.2647_13.5118_0.76473
-25.2647_13.5118_0.76473
-24.9149_13.869_0.826735
-24.58_14.2403_0.847403
-24.2452_14.6117_0.826735
-24.2452_14.6117_0.826735
-23.8882_14.9614_0.723393
-23.5169_15.2962_0.744061
-23.1455_15.631_0.723393
-23.1455_15.631_0.723393
-22.7742_15.9658_0.744061
-22.4029_16.3006_0.723393
-22.0315_16.6355_0.744061
-22.0315_16.6355_0.744061
-21.6074_16.8941_0.351362
-21.1247_17.0217_0.165347
-20.6324_17.1091_0.186015
-20.6324_17.1091_0.186015
-20.1356_17.104_-0.206684
-19.6786_16.9091_-0.599383
-19.3013_16.5827_-0.826735
-19.3013_16.5827_-0.826735
-18.9372_16.2406_-0.682056
-18.5524_15.9214_-0.702725
-18.1675_15.6023_-0.682056
-18.1675_15.6023_-0.682056
-17.7762_15.2911_-0.661388
-17.3848_14.9799_-0.682056
-16.9934_14.6688_-0.661388
-16.9934_14.6688_-0.661388
-16.5494_14.446_-0.268689
-16.0539_14.4101_0.12401
-15.56_14.4873_0.186015
-15.56_14.4873_0.186015
-15.0647_14.5542_0.0826735
-14.5669_14.6006_0.103342
-14.0701_14.6573_0.12401
-14.0701_14.6573_0.12401
-13.5986_14.8138_0.516709
-13.2228_15.1388_0.909408
-13_15.5828_1.30211
-13_15.5828_1.30211
-12.8823_16.0687_1.36411
-12.7848_16.5591_1.38478
-12.6872_17.0494_1.36411
-12.6872_17.0494_1.36411
-12.5497_17.5297_1.21943
-12.3727_17.9973_1.19877
-12.1862_18.4612_1.1781
-12.1862_18.4612_1.1781
-11.9996_18.9251_1.19877
-11.8227_19.3927_1.21943
-11.6458_19.8604_1.19877
-11.6458_19.8604_1.19877
-11.5589_20.3495_1.59146
-11.6258_20.8439_1.81882
-11.7435_21.3299_1.79815
-11.7435_21.3299_1.79815
-11.9477_21.7827_2.19085
-12.3097_22.123_2.58355
-12.7744_22.2988_2.97625
-12.7744_22.2988_2.97625
-13.239_22.4746_2.58355
-13.6227_22.7928_2.31486
-13.9498_23.1709_2.25285
-13.9498_23.1709_2.25285
-14.1817_23.6103_1.86015
-14.2278_24.1049_1.46745
-14.1105_24.5894_1.19877
-14.1105_24.5894_1.19877
-14.1105_24.5894_1.42612
-14.1105_24.5894_1.42612
-14.1361_25.0855_1.81882
-14.2303_25.4143_1.88082
-14.2303_25.4143_1.88082
-14.2867_25.9079_1.48812
-14.1498_26.3855_1.09542
-13.8563_26.7878_0.785398
-13.8563_26.7878_0.785398
-13.4991_27.1377_0.76473
-13.1348_27.4801_0.744061
-12.7704_27.8225_0.76473
-12.7704_27.8225_0.76473
-12.3518_28.0899_0.372031
-11.8694_28.2174_0.144679
-11.3754_28.2946_0.165347
-11.3754_28.2946_0.165347
-10.9107_28.4704_0.558046
-10.4839_28.7307_0.537378
-10.0518_28.9822_0.516709
-10.0518_28.9822_0.516709
-9.61961_29.2337_0.537378
-9.18747_29.4852_0.516709
-8.75533_29.7367_0.537378
-8.75533_29.7367_0.537378
-8.37201_30.0546_0.847403
-8.04494_30.4328_0.868072
-7.77473_30.7203_0.76473
-7.77473_30.7203_0.76473
-7.35604_30.9877_0.372031
-6.87368_31.1151_0.144679
-6.37698_31.1719_0.0826735
-6.37698_31.1719_0.0826735
