configuration -1.36608982086_8.91640663147_-0.333444235273_0.942769824487_9.04581165314_-18.3528499603_-0.788205594687_0.615412008742
length 34.3647
time 1.54214
roughness 0.00253792
-1.36609_8.91641_-0.679909
-0.994195_8.58253_-0.783251
-0.636263_8.23343_-0.762583
-0.278331_7.88432_-0.783251
-0.278331_7.88432_-0.783251
0.0935633_7.55044_-0.679909
0.479102_7.23209_-0.700577
0.864641_6.91373_-0.679909
0.864641_6.91373_-0.679909
1.20682_6.55122_-0.948598
1.5024_6.14796_-0.92793
1.79799_5.7447_-0.948598
1.79799_5.7447_-0.948598
2.13289_5.37487_-0.721246
2.50494_5.04086_-0.741914
2.87001_4.69922_-0.762583
2.87001_4.69922_-0.762583
3.25522_4.38114_-0.617904
3.66573_4.0957_-0.597236
4.07625_3.81027_-0.617904
4.07625_3.81027_-0.617904
4.41725_3.449_-1.0106
4.4352_3.42998_-0.617904
4.4352_3.42998_-0.597236
4.4352_3.42998_-0.597236
4.88124_3.20739_-0.328547
5.35279_3.04117_-0.349215
5.82435_2.87496_-0.328547
5.82435_2.87496_-0.328547
6.25426_2.62601_-0.721246
6.55618_2.23148_-1.11394
6.77209_1.78051_-1.13461
6.77209_1.78051_-1.13461
6.99724_1.33416_-1.07261
7.26803_0.980309_-0.762583
7.26803_0.980309_-0.762583
7.57068_0.584826_-1.07261
7.80504_0.143164_-1.09328
8.03023_-0.303248_-1.11394
8.03023_-0.303248_-1.11394
8.33214_-0.697773_-0.721246
8.72401_-1.00796_-0.617904
9.13452_-1.29339_-0.597236
9.13452_-1.29339_-0.597236
9.55085_-1.57028_-0.576567
9.9728_-1.8385_-0.555899
10.3948_-2.10673_-0.576567
10.3948_-2.10673_-0.576567
10.7504_-2.4536_-0.969266
11.0026_-2.88483_-1.11394
11.2185_-3.3358_-1.13461
11.2185_-3.3358_-1.13461
11.4877_-3.75535_-0.865924
11.8156_-4.13282_-0.845256
12.1435_-4.51029_-0.865924
12.1435_-4.51029_-0.865924
12.4388_-4.91321_-1.0106
12.7089_-5.33401_-0.989935
12.9789_-5.75481_-1.0106
12.9789_-5.75481_-1.0106
13.1557_-6.21908_-1.4033
13.1414_-6.71567_-1.796
12.9381_-7.16897_-2.1887
12.9381_-7.16897_-2.1887
12.7348_-7.62227_-1.796
12.5636_-8.00399_-2.1887
12.5636_-8.00399_-2.1887
12.3603_-8.4573_-1.796
12.2437_-8.94348_-1.81667
12.127_-9.42967_-1.796
12.127_-9.42967_-1.796
11.9237_-9.88297_-2.1887
11.6383_-10.2935_-2.16803
11.3528_-10.704_-2.1887
11.3528_-10.704_-2.1887
11.1118_-11.1408_-1.96135
10.9262_-11.6051_-1.94068
10.7407_-12.0694_-1.96135
10.7407_-12.0694_-1.96135
10.5844_-12.5439_-1.81667
10.4577_-13.0275_-1.83734
10.331_-13.5112_-1.81667
10.331_-13.5112_-1.81667
10.2043_-13.9949_-1.83734
10.0776_-14.4786_-1.81667
9.95086_-14.9622_-1.83734
9.95086_-14.9622_-1.83734
9.79449_-15.4369_-1.94068
9.61857_-15.9049_-1.92001
9.44265_-16.373_-1.94068
9.44265_-16.373_-1.94068
9.34665_-16.861_-1.58932
9.3132_-17.0143_-1.98202
9.3132_-17.0143_-1.98202
9.16693_-17.4913_-1.75466
9.09081_-17.9854_-1.69266
9.04224_-18.3506_-1.71333
9.04224_-18.3506_-1.71333
