configuration -26.5221767426_12.7890510559_0.0_1.0_-6.20937108994_31.1862716675_0.294171904018_0.955752525964
length 38.642
time 0.950045
roughness 0.00436508
-26.5222_12.7891_-0
-26.0349_12.886_0.392699
-25.6219_13.162_0.785398
-25.2647_13.5118_0.76473
-25.2647_13.5118_0.76473
-24.9003_13.8543_0.744061
-24.536_14.1967_0.76473
-24.1717_14.5391_0.744061
-24.1717_14.5391_0.744061
-23.7475_14.7978_0.351362
-23.2578_14.8847_1.11022e-16
-22.7578_14.8899_0.0206684
-22.7578_14.8899_0.0206684
-22.2727_14.9969_0.413367
-21.8654_15.2814_0.806067
-21.523_15.6457_0.826735
-21.523_15.6457_0.826735
-21.523_15.6457_0.434036
-21.0401_15.7627_0.0413367
-20.5493_15.686_-0.351362
-20.5493_15.686_-0.351362
-20.1252_15.4273_-0.744061
-19.8324_15.026_-1.13676
-19.7154_14.5431_-1.52946
-19.7154_14.5431_-1.52946
-19.5984_14.0603_-1.13676
-19.3056_13.659_-0.744061
-18.8814_13.4003_-0.351362
-18.8814_13.4003_-0.351362
-18.3906_13.3236_0.0413367
-17.8998_13.4107_0.310026
-17.4221_13.5583_0.289357
-17.4221_13.5583_0.289357
-16.9677_13.7633_0.558046
-16.552_14.041_0.620051
-16.552_14.041_0.620051
-16.0991_14.2453_0.227352
-15.6026_14.2607_-0.165347
-15.1379_14.0849_-0.558046
-15.1379_14.0849_-0.558046
-14.6733_13.9091_-0.165347
-14.1767_13.9245_0.227352
-13.7239_14.1287_0.620051
-13.7239_14.1287_0.620051
-13.3533_14.4628_0.847403
-13.0262_14.841_0.868072
-12.6992_15.2192_0.847403
-12.6992_15.2192_0.847403
-12.4401_15.6439_1.19877
-12.2536_16.1077_1.1781
-12.067_16.5716_1.19877
-12.067_16.5716_1.19877
-11.9802_17.0608_1.59146
-12.0872_17.5459_1.98416
-12.3021_17.9973_2.04617
-12.3021_17.9973_2.04617
-12.498_18.4568_1.90149
-12.6652_18.928_1.92216
-12.8325_19.3992_1.90149
-12.8325_19.3992_1.90149
-12.899_19.8915_1.50879
-12.7721_20.3718_1.11609
-12.5387_20.8139_1.05409
-12.5387_20.8139_1.05409
-12.3823_21.2854_1.44679
-12.4182_21.7809_1.83949
-12.5459_22.2643_1.81882
-12.5459_22.2643_1.81882
-12.7595_22.7129_2.21152
-13.1012_23.0764_2.43887
-13.486_23.3956_2.45954
-13.486_23.3956_2.45954
-13.8032_23.778_2.06684
-13.8032_23.778_2.06684
-13.999_24.2373_1.88082
-14.1466_24.715_1.86015
-14.2843_25.1957_1.83949
-14.2843_25.1957_1.83949
-14.2843_25.1957_1.44679
-14.2843_25.1957_1.05409
-14.2843_25.1957_0.661388
-14.2843_25.1957_0.661388
-14.1133_25.3934_1.05409
-13.9568_25.8649_1.44679
-13.9927_26.3604_1.83949
-13.9927_26.3604_1.83949
-14.0286_26.8559_1.44679
-13.8722_27.3274_1.05409
-13.5781_27.7305_0.826735
-13.5781_27.7305_0.826735
-13.1768_28.0233_0.434036
-12.7131_28.2098_0.330694
-12.2385_28.3672_0.310026
-12.2385_28.3672_0.310026
-11.7751_28.5536_0.454704
-11.3236_28.7686_0.434036
-10.8722_28.9835_0.454704
-10.8722_28.9835_0.454704
-10.4208_29.1985_0.434036
-9.96932_29.4134_0.454704
-9.51789_29.6283_0.434036
-9.51789_29.6283_0.434036
-9.06646_29.8433_0.454704
-8.61503_30.0582_0.434036
-8.16359_30.2732_0.454704
-8.16359_30.2732_0.454704
-7.71216_30.4881_0.434036
-7.26073_30.703_0.454704
-6.80929_30.918_0.434036
-6.80929_30.918_0.434036
-6.35352_31.1235_0.413367
-6.35352_31.1235_0.413367
