configuration -26.5221767426_12.7890510559_0.0_1.0_-6.20937108994_31.1862716675_0.294171904018_0.955752525964
length 38.053
time 1.44413
roughness 0.00451423
-26.5222_12.7891_-0
-26.0349_12.886_0.392699
-25.6219_13.162_0.785398
-25.2795_13.5263_0.847403
-25.2795_13.5263_0.847403
-24.8843_13.8273_0.454704
-24.4208_14.0137_0.310026
-23.9463_14.1712_0.330694
-23.9463_14.1712_0.330694
-23.4911_14.3764_0.516709
-23.0539_14.6189_0.496041
-22.6117_14.8524_0.475373
-22.6117_14.8524_0.475373
-22.1342_14.9892_0.0826735
-21.6406_14.9328_-0.310026
-21.2061_14.6919_-0.702725
-21.2061_14.6919_-0.702725
-20.7913_14.4147_-0.475373
-20.3444_14.1905_-0.454704
-19.8887_13.9849_-0.392699
-19.8887_13.9849_-0.392699
-19.4014_13.888_0
-18.9142_13.9849_0.392699
-18.4726_14.218_0.578714
-18.4726_14.218_0.578714
-18.0117_14.4034_0.186015
-17.5194_14.4908_0.165347
-17.0254_14.568_0.144679
-17.0254_14.568_0.144679
-16.5496_14.715_0.454704
-16.1027_14.9392_0.475373
-15.6606_15.1726_0.496041
-15.6606_15.1726_0.496041
-15.1859_15.3193_0.103342
-14.6913_15.2731_-0.289357
-14.2519_15.0412_-0.682056
-14.2519_15.0412_-0.682056
-13.8126_14.8093_-0.289357
-13.318_14.7632_0.103342
-13.0432_14.8481_0.496041
-13.0432_14.8481_0.496041
-12.6608_15.1652_0.88874
-12.4288_15.6046_1.28144
-12.3827_16.0992_1.67414
-12.3827_16.0992_1.67414
-12.3366_16.5939_1.28144
-12.1503_17.0571_1.09542
-11.9169_17.4992_1.07476
-11.9169_17.4992_1.07476
-11.7702_17.9739_1.46745
-11.8163_18.4685_1.86015
-12.0483_18.9079_2.25285
-12.0483_18.9079_2.25285
-12.2802_19.3472_1.86015
-12.4278_19.8249_1.88082
-12.5852_20.2995_1.90149
-12.5852_20.2995_1.90149
-12.6518_20.7918_1.50879
-12.5249_21.2721_1.11609
-12.2825_21.7092_1.01275
-12.2825_21.7092_1.01275
-12.1067_22.1738_1.40545
-12.1221_22.6704_1.79815
-12.3263_23.1232_2.19085
-12.3263_23.1232_2.19085
-12.6883_23.4634_2.58355
-13.153_23.6392_2.97625
-13.6495_23.6238_3.36894
-13.6495_23.6238_3.36894
-13.6495_23.6238_2.97625
-14.1142_23.7996_2.58355
-14.4762_24.1399_2.19085
-14.4762_24.1399_2.19085
-14.6804_24.5927_1.79815
-14.6958_25.0893_1.40545
-14.52_25.5539_1.01275
-14.52_25.5539_1.01275
-14.2597_25.9808_1.03342
-13.9993_26.4076_1.01275
-13.7302_26.829_0.992082
-13.7302_26.829_0.992082
-13.4356_27.2327_0.88874
-13.1086_27.6109_0.826735
-12.8697_27.9244_1.01275
-12.8697_27.9244_1.01275
-12.5295_28.2864_0.620051
-12.0843_28.5097_0.310026
-11.5968_28.6172_0.12401
-11.5968_28.6172_0.12401
-11.1215_28.7641_0.475373
-10.6746_28.9883_0.454704
-10.2277_29.2125_0.475373
-10.2277_29.2125_0.475373
-9.78083_29.4368_0.454704
-9.33393_29.661_0.475373
-8.88704_29.8852_0.454704
-8.88704_29.8852_0.454704
-8.42355_30.0716_0.310026
-7.94585_30.2192_0.289357
-7.94585_30.2192_0.289357
-7.4869_30.4149_0.516709
-7.05476_30.6664_0.537378
-6.6279_30.9268_0.558046
-6.6279_30.9268_0.558046
-6.20105_31.1871_0.537378
-6.20105_31.1871_0.537378
