configuration -26.5221767426_12.7890510559_0.0_1.0_-6.20937108994_31.1862716675_0.294171904018_0.955752525964
length 39.1667
time 1.55903
roughness 0.00349202
-26.5222_12.7891_-0
-26.0222_12.7839_-0.0206684
-25.5222_12.7787_0
-25.0223_12.7736_-0.0206684
-25.0223_12.7736_-0.0206684
-24.5243_12.8096_0.165347
-24.032_12.897_0.186015
-23.5397_12.9844_0.165347
-23.5397_12.9844_0.165347
-23.0751_13.1602_0.558046
-22.6914_13.4784_0.826735
-22.3489_13.8428_0.806067
-22.3489_13.8428_0.806067
-22.0065_14.2071_0.826735
-21.6641_14.5714_0.806067
-21.3217_14.9358_0.826735
-21.3217_14.9358_0.826735
-20.9947_15.3139_0.88874
-20.6755_15.6988_0.868072
-20.3563_16.0836_0.88874
-20.3563_16.0836_0.88874
-19.9739_16.4008_0.496041
-19.4993_16.5474_0.103342
-19.0046_16.5013_-0.289357
-19.0046_16.5013_-0.289357
-18.5149_16.4039_-0.103342
-18.0182_16.3472_-0.12401
-17.5214_16.2904_-0.103342
-17.5214_16.2904_-0.103342
-17.0467_16.1438_-0.496041
-16.6644_15.8266_-0.88874
-16.4324_15.3873_-1.28144
-16.4324_15.3873_-1.28144
-16.2005_14.948_-0.88874
-15.9791_14.7644_-0.496041
-15.9541_14.7566_-0.103342
-15.9541_14.7566_-0.103342
-15.7198_14.7785_0.289357
-15.7198_14.7785_0.289357
-15.2263_14.8452_-0.0206684
-14.7266_14.8297_-0.0413367
-14.2273_14.8039_-0.0620051
-14.2273_14.8039_-0.0620051
-13.7349_14.8704_0.330694
-13.4821_14.9429_0.227352
-13.4821_14.9429_0.227352
-13.0292_15.1471_0.620051
-12.689_15.5091_1.01275
-12.4558_15.9509_1.15743
-12.4558_15.9509_1.15743
-12.2692_16.4147_1.21943
-12.102_16.8859_1.2401
-11.9348_17.3571_1.21943
-11.9348_17.3571_1.21943
-11.7774_17.8316_1.28144
-11.6397_18.3123_1.30211
-11.5019_18.7929_1.28144
-11.5019_18.7929_1.28144
-11.4147_19.2842_1.50879
-11.3786_19.7828_1.48812
-11.3322_20.2807_1.46745
-11.3322_20.2807_1.46745
-11.3783_20.7753_1.86015
-11.6102_21.2147_2.25285
-11.9865_21.54_2.60421
-11.9865_21.54_2.60421
-12.4547_21.7062_2.99691
-12.9508_21.6805_3.38961
-13.3993_21.467_3.78231
-13.3993_21.467_3.78231
-13.3993_21.467_3.38961
-13.3993_21.467_2.99691
-13.8675_21.6331_2.60421
-13.8675_21.6331_2.60421
-14.2365_21.9658_2.21152
-14.45_22.4144_1.81882
-14.4757_22.9105_1.42612
-14.4757_22.9105_1.42612
-14.3384_23.3897_1.15743
-14.2652_23.7216_1.55013
-14.2652_23.7216_1.55013
-14.2704_24.2215_1.61213
-14.2962_24.7209_1.6328
-14.2487_25.137_1.28144
-14.2487_25.137_1.28144
-14.0815_25.608_1.1781
-13.9584_25.9551_1.28144
-13.9584_25.9551_1.28144
-13.9122_26.4497_1.67414
-13.8782_26.8142_1.28144
-13.8782_26.8142_1.28144
-13.6463_27.2535_0.88874
-13.2639_27.5707_0.496041
-12.8218_27.8041_0.475373
-12.8218_27.8041_0.475373
-12.3749_28.0283_0.454704
-11.928_28.2526_0.475373
-11.4811_28.4768_0.454704
-11.4811_28.4768_0.454704
-11.039_28.7102_0.516709
-10.6068_28.9616_0.537378
-10.1747_29.2131_0.516709
-10.1747_29.2131_0.516709
-9.73259_29.4465_0.454704
-9.28116_29.6614_0.434036
-8.82538_29.867_0.413367
-8.82538_29.867_0.413367
-8.37867_30.0911_0.516709
-7.94653_30.3426_0.537378
-7.51968_30.603_0.558046
-7.51968_30.603_0.558046
-7.07789_30.8362_0.413367
-6.61796_31.0323_0.392699
-6.20645_31.2078_0.413367
-6.20645_31.2078_0.413367
