configuration 0.916432738304_-13.7452163696_0.573727795176_0.819046040857_7.25410509109_23.1360397339_0.890376127727_0.455225604699
length 41.4371
time 2.22732
roughness 0.00272649
0.916433_-13.7452_1.2221
1.03261_-13.26_1.44945
1.09826_-12.7643_1.42878
1.17414_-12.2701_1.40812
1.17414_-12.2701_1.40812
1.26021_-11.7776_1.38745
1.34629_-11.2851_1.40812
1.43236_-10.7926_1.38745
1.43236_-10.7926_1.38745
1.54874_-10.3065_1.28411
1.68517_-9.82551_1.30477
1.81162_-9.34177_1.32544
1.81162_-9.34177_1.32544
1.99638_-8.87878_1.05675
2.23772_-8.44089_1.07742
2.47905_-8.003_1.05675
2.47905_-8.003_1.05675
2.76387_-7.59292_0.870738
3.08993_-7.21388_0.850069
3.22084_-6.98754_1.24277
3.22084_-6.98754_1.24277
3.46957_-6.5575_0.850069
3.82551_-6.20697_0.705391
4.20281_-5.87889_0.726059
4.20281_-5.87889_0.726059
4.50283_-5.48292_1.11876
4.62847_-5.00228_1.51146
4.65297_-4.50289_1.53213
4.65297_-4.50289_1.53213
4.76865_-4.01975_1.13943
5.06042_-3.61766_0.746727
5.45676_-3.31403_0.560712
5.45676_-3.31403_0.560712
5.81786_-2.97284_0.953411
6.0209_-2.51943_1.34611
6.07617_-2.02358_1.57346
6.07617_-2.02358_1.57346
6.09034_-1.52386_1.51146
6.11483_-1.02447_1.53213
6.13932_-0.525075_1.51146
6.13932_-0.525075_1.51146
6.20491_-0.0298359_1.36678
6.31127_0.458713_1.34611
6.41762_0.947261_1.36678
6.41762_0.947261_1.36678
6.44202_1.44466_1.6768
6.38398_1.94127_1.69747
6.32594_2.43789_1.6768
6.32594_2.43789_1.6768
6.2988_2.93693_1.57346
6.30263_3.4369_1.55279
6.30263_3.4369_1.55279
6.32827_3.80427_1.44945
6.32827_3.80427_1.44945
6.34241_4.30334_1.63547
6.30495_4.80193_1.65614
6.25718_5.29963_1.6768
6.25718_5.29963_1.6768
6.1889_5.79487_1.73881
6.11039_6.28866_1.71814
6.0421_6.78396_1.69747
6.0421_6.78396_1.69747
5.9333_7.27124_1.88349
5.78441_7.74855_1.86282
5.63553_8.22586_1.88349
5.63553_8.22586_1.88349
5.60214_8.51154_1.49079
5.60214_8.51154_1.49079
5.60214_8.51154_1.42878
5.60214_8.51154_1.42878
5.57516_9.0076_1.82148
5.52495_9.37178_1.59413
5.52495_9.37178_1.59413
5.61048_9.86116_1.20143
5.87677_10.2806_0.808733
6.07298_10.5896_1.20143
6.07298_10.5896_1.20143
6.28654_11.0412_1.05675
6.52787_11.4791_1.07742
6.7692_11.917_1.05675
6.7692_11.917_1.05675
7.04564_12.3331_0.912074
7.35576_12.7253_0.891406
7.66587_13.1175_0.912074
7.66587_13.1175_0.912074
8.00683_13.4822_0.726059
8.37727_13.818_0.746727
8.74772_14.1538_0.726059
8.74772_14.1538_0.726059
9.04773_14.5498_1.11876
9.18346_15.0284_1.47012
9.18346_15.0284_1.47012
9.19761_15.5277_1.6148
9.18078_16.0274_1.59413
9.16395_16.5271_1.6148
9.16395_16.5271_1.6148
9.07551_17.0177_1.88349
8.92663_17.495_1.86282
8.78764_17.9753_1.84215
8.78764_17.9753_1.84215
8.64866_18.4556_1.86282
8.50967_18.9359_1.84215
8.37068_19.4162_1.86282
8.37068_19.4162_1.86282
8.13759_19.8549_2.25552
7.75436_20.171_2.64822
7.27932_20.3164_3.04092
7.27932_20.3164_3.04092
6.80428_20.4618_2.64822
6.42104_20.7779_2.25552
6.18795_21.2167_1.86282
6.18795_21.2167_1.86282
6.14049_21.7112_1.47012
6.28589_22.1862_1.07742
6.59442_22.5764_0.726059
6.59442_22.5764_0.726059
6.97172_22.9045_0.705391
7.19877_23.1916_1.09809
7.19877_23.1916_1.49079
7.19877_23.1916_1.49079
