configuration -26.5221767426_12.7890510559_0.0_1.0_-6.20937108994_31.1862716675_0.294171904018_0.955752525964
length 39.1281
time 1.91136
roughness 0.00375087
-26.5222_12.7891_-0
-26.0349_12.886_0.392699
-25.6219_13.162_0.785398
-25.2576_13.5043_0.723393
-25.2576_13.5043_0.723393
-24.8862_13.8392_0.744061
-24.5219_14.1816_0.76473
-24.1576_14.524_0.744061
-24.1576_14.524_0.744061
-23.7862_14.8588_0.723393
-23.4149_15.1936_0.744061
-23.0436_15.5284_0.723393
-23.0436_15.5284_0.723393
-22.6524_15.8395_0.620051
-22.2425_16.1258_0.599383
-21.8326_16.4121_0.620051
-21.8326_16.4121_0.620051
-21.3797_16.6163_0.227352
-20.884_16.6729_2.77556e-17
-20.384_16.6781_0.0206684
-20.384_16.6781_0.0206684
-19.8989_16.7851_0.413367
-19.4916_17.0696_0.806067
-19.1492_17.4339_0.826735
-19.1492_17.4339_0.826735
-19.1492_17.4339_0.434036
-18.6664_17.5509_0.0413367
-18.1755_17.4742_-0.351362
-18.1755_17.4742_-0.351362
-17.74_17.2326_-0.661388
-17.3423_16.9296_-0.64072
-16.9446_16.6266_-0.661388
-16.9446_16.6266_-0.661388
-16.7051_16.3497_-1.05409
-16.5487_15.8782_-1.44679
-16.5846_15.3827_-1.83949
-16.5846_15.3827_-1.83949
-16.5846_15.3827_-1.44679
-16.4282_14.9112_-1.05409
-16.1032_14.5355_-0.661388
-16.1032_14.5355_-0.661388
-15.6591_14.3127_-0.268689
-15.1637_14.2768_0.12401
-14.6697_14.3539_0.186015
-14.6697_14.3539_0.186015
-14.1867_14.4816_0.330694
-13.7155_14.6488_0.351362
-13.3768_14.7932_0.454704
-13.3768_14.7932_0.454704
-12.9816_15.0943_0.847403
-12.6959_15.5033_1.07476
-12.4625_15.9455_1.09542
-12.4625_15.9455_1.09542
-12.3257_16.4231_1.48812
-12.382_16.9167_1.88082
-12.623_17.3511_2.27352
-12.623_17.3511_2.27352
-12.9797_17.7005_2.45954
-13.3677_17.9715_2.60421
-13.3677_17.9715_2.60421
-13.7366_18.3042_2.21152
-13.9502_18.7527_1.81882
-14.0201_18.9789_1.92216
-14.0201_18.9789_1.92216
-14.1375_19.4638_1.69481
-14.2045_19.9593_1.71547
-14.2715_20.4548_1.69481
-14.2715_20.4548_1.69481
-14.3588_20.9469_1.79815
-14.4766_21.4328_1.81882
-14.564_21.7635_1.83949
-14.564_21.7635_1.83949
-14.6307_22.2575_1.5708
-14.6258_22.7312_1.55013
-14.6258_22.7312_1.55013
-14.7127_23.2203_1.94283
-14.9181_23.6759_2.04617
-15.0502_24.074_1.73614
-15.0502_24.074_1.73614
-15.0348_24.5705_1.34344
-14.8306_25.0234_0.950745
-14.4892_25.3866_0.682056
-14.4892_25.3866_0.682056
-14.172_25.769_1.07476
-14.172_25.769_1.07476
-13.9386_26.2112_1.09542
-13.7144_26.6581_1.11609
-13.4902_27.105_1.09542
-13.4902_27.105_1.09542
-13.181_27.4938_0.702725
-12.8028_27.8209_0.723393
-12.4246_28.148_0.702725
-12.4246_28.148_0.702725
-11.9902_28.3889_0.310026
-11.7044_28.4215_-0.0826735
-11.4531_28.3495_-0.475373
-11.4531_28.3495_-0.475373
-10.9755_28.2127_-0.0826735
-10.4819_28.2691_0.310026
-10.0474_28.51_0.702725
-10.0474_28.51_0.702725
-9.6499_28.8129_0.599383
-9.24_29.0992_0.620051
-8.8301_29.3855_0.599383
-8.8301_29.3855_0.599383
-8.4202_29.6718_0.620051
-8.01031_29.9581_0.599383
-7.59458_30.2359_0.578714
-7.59458_30.2359_0.578714
-7.17885_30.5137_0.599383
-6.76895_30.8_0.620051
-6.35906_31.0863_0.599383
-6.35906_31.0863_0.599383
