configuration -1.36608982086_8.91640663147_-0.333444235273_0.942769824487_9.04581165314_-18.3528499603_-0.788205594687_0.615412008742
length 37.0985
time 0.793824
roughness 0.00431496
-1.36609_8.91641_-0.679909
-0.939957_8.65774_-0.41122
-0.483738_8.45315_-0.431889
-0.0275194_8.24856_-0.41122
-0.0275194_8.24856_-0.41122
0.380367_7.96496_-0.803919
0.731008_7.60853_-0.783251
1.08165_7.2521_-0.803919
1.08165_7.2521_-0.803919
1.1805_7.09806_-1.19662
1.26838_6.6091_-1.58932
1.16245_6.12373_-1.98202
1.16245_6.12373_-1.98202
1.05652_5.63836_-1.58932
1.13978_5.17514_-1.19662
1.26687_4.97708_-0.803919
1.26687_4.97708_-0.803919
1.62475_4.62803_-0.741914
1.98982_4.28639_-0.762583
2.35489_3.94476_-0.741914
2.35489_3.94476_-0.741914
2.64859_3.54408_-1.13461
2.83606_3.08079_-1.23796
3.0043_2.60996_-1.21729
3.0043_2.60996_-1.21729
3.23796_2.16961_-0.948598
3.52515_1.76033_-0.969266
3.81234_1.35105_-0.948598
3.81234_1.35105_-0.948598
4.16159_0.996038_-0.638572
4.56611_0.702183_-0.617904
4.97064_0.408328_-0.638572
4.97064_0.408328_-0.638572
5.3041_0.0400829_-1.03127
5.51021_-0.414281_-1.25862
5.66868_-0.888495_-1.23796
5.66868_-0.888495_-1.23796
5.66868_-0.888495_-0.845256
6.06449_-1.18871_-0.452557
6.54507_-1.31461_-0.0598579
6.54507_-1.31461_-0.0598579
7.03724_-1.24701_0.332841
7.46608_-0.996212_0.72554
7.7663_-0.600395_1.11824
7.7663_-0.600395_1.11824
7.86111_-0.4754_0.72554
8.15453_-0.303801_0.332841
8.46537_-0.261107_-0.0598579
8.46537_-0.261107_-0.0598579
8.94595_-0.387001_-0.452557
9.34177_-0.687221_-0.845256
9.59257_-1.11606_-1.23796
9.59257_-1.11606_-1.23796
9.84336_-1.5449_-0.845256
10.2392_-1.84512_-0.452557
10.6866_-2.06839_-0.473225
10.6866_-2.06839_-0.473225
11.0761_-2.37672_-0.865924
11.318_-2.81065_-1.25862
11.4366_-3.29592_-1.4033
11.4366_-3.29592_-1.4033
11.6134_-3.76019_-1.0106
11.9544_-4.12147_-0.617904
12.3707_-4.39831_-0.555899
12.3707_-4.39831_-0.555899
12.7334_-4.73776_-0.948598
12.9387_-5.19019_-1.3413
12.9551_-5.68671_-1.734
12.9551_-5.68671_-1.734
12.951_-6.18469_-1.42397
13.0191_-6.68003_-1.44464
13.0871_-7.17537_-1.42397
13.0871_-7.17537_-1.42397
13.0625_-7.67156_-1.81667
12.916_-8.14937_-1.92001
12.7498_-8.62093_-1.89934
12.7498_-8.62093_-1.89934
12.5008_-9.05084_-2.29204
12.1668_-9.4229_-2.31271
11.8328_-9.79495_-2.29204
11.8328_-9.79495_-2.29204
11.5838_-10.2249_-1.89934
11.4876_-10.714_-1.63065
11.4526_-11.2127_-1.65132
11.4526_-11.2127_-1.65132
11.3168_-11.6906_-2.04402
11.0752_-12.1283_-2.10603
10.8158_-12.5557_-2.1267
10.8158_-12.5557_-2.1267
10.6215_-13.0143_-1.81667
10.4948_-13.4979_-1.83734
10.3581_-13.9789_-1.85801
10.3581_-13.9789_-1.85801
10.2516_-14.4669_-1.71333
10.1754_-14.9611_-1.734
10.0993_-15.4553_-1.71333
10.0993_-15.4553_-1.71333
9.97286_-15.9379_-1.94068
9.79694_-16.4059_-1.92001
9.62102_-16.8739_-1.94068
9.62102_-16.8739_-1.94068
9.43546_-17.3382_-1.96135
9.2499_-17.8025_-1.94068
9.07398_-18.2705_-1.92001
9.07398_-18.2705_-1.92001
