configuration -26.5221767426_12.7890510559_0.0_1.0_-6.20937108994_31.1862716675_0.294171904018_0.955752525964
length 42.8119
time 1.00171
roughness 0.00378526
-26.5222_12.7891_-0
-26.0349_12.886_0.392699
-25.6098_13.1453_0.702725
-25.2249_13.4645_0.682056
-24.8401_13.7837_0.702725
-24.4552_14.1028_0.682056
-24.0704_14.422_0.702725
-23.7365_14.7923_0.971414
-23.4502_15.2022_0.950745
-23.1555_15.606_0.930077
-22.7998_15.9545_0.620051
-22.3959_16.2493_0.64072
-21.9981_16.5523_0.661388
-21.6008_16.7516_0.268689
-21.1054_16.7875_-0.12401
-20.6338_16.6311_-0.516709
-20.2581_16.3061_-0.909408
-19.9551_15.9084_-0.930077
-19.6603_15.5045_-0.950745
-19.4561_15.0516_-1.34344
-19.4407_14.5551_-1.73614
-19.5483_14.067_-1.83949
-19.5842_13.5715_-1.44679
-19.4278_13.1_-1.05409
-19.1028_12.7242_-0.661388
-18.6588_12.5014_-0.268689
-18.1633_12.4655_0.12401
-17.6917_12.622_0.516709
-17.265_12.8823_0.578714
-16.8436_13.1514_0.558046
-16.4167_13.4118_0.537378
-16.0265_13.722_0.806067
-15.6841_14.0864_0.826735
-15.3417_14.4507_0.806067
-14.9344_14.7352_0.413367
-14.451_14.8523_0.0620051
-13.9512_14.8575_-0.0413367
-13.4604_14.9342_0.351362
-13.0363_15.1929_0.744061
-12.7434_15.5942_1.13676
-12.5666_16.0614_1.28144
-12.419_16.5391_1.26077
-12.2616_17.0137_1.2401
-12.1643_17.5026_1.50879
-12.1282_18.0013_1.48812
-12.0921_18.5_1.50879
-12.1586_18.9923_1.90149
-12.3451_19.456_2.00483
-12.4857_19.7678_1.98416
-12.633_20.2445_1.75681
-12.7306_20.7349_1.77748
-12.8281_21.2253_1.75681
-13.0135_21.6862_2.14951
-13.3611_22.0411_2.54221
-13.8181_22.2359_2.93491
-14.2751_22.4308_2.54221
-14.6227_22.7857_2.14951
-14.7593_23.1253_1.75681
-14.9447_23.5862_2.14951
-15.2923_23.9411_2.54221
-15.7241_24.1924_2.68689
-15.7865_24.2399_2.29419
-15.8917_24.4207_1.90149
-15.9197_24.628_1.50879
-15.9249_25.1275_1.65347
-15.8685_25.6211_1.26077
-15.6452_26.0662_0.950745
-15.3589_26.4761_0.971414
-15.004_26.8238_0.578714
-14.558_27.0475_0.351362
-14.0904_27.2245_0.372031
-13.6348_27.4299_0.475373
-13.1926_27.6633_0.496041
-12.7554_27.9058_0.516709
-12.3133_28.1392_0.454704
-11.8664_28.3634_0.475373
-11.4195_28.5877_0.454704
-10.9598_28.7837_0.351362
-10.4921_28.9606_0.372031
-10.0245_29.1375_0.351362
-9.53364_29.2142_-0.0413367
-9.0373_29.1576_-0.186015
-8.59283_29.1622_0.206684
-8.13584_29.357_0.599383
-7.7882_29.7119_0.992082
-7.65162_30.0515_1.38478
-7.46626_30.5125_0.992082
-7.11862_30.8674_0.599383
-6.66163_31.0622_0.206684
-6.20971_31.2018_0.392699
