configuration 0.916432738304_-13.7452163696_0.573727795176_0.819046040857_7.25410509109_23.1360397339_0.890376127727_0.455225604699
length 45.4953
time 0.613496
roughness 0.00320889
0.916433_-13.7452_1.2221
1.0726_-13.2703_1.28411
1.20902_-12.7893_1.30477
1.34544_-12.3083_1.28411
1.5305_-11.8446_1.09809
1.75353_-11.3971_1.11876
1.97656_-10.9496_1.09809
2.18082_-10.4934_1.20143
2.3565_-10.0253_1.2221
2.53218_-9.55722_1.20143
2.69813_-9.08565_1.26344
2.84446_-8.60755_1.28411
2.9908_-8.12945_1.26344
3.21294_-7.68375_0.953411
3.49816_-7.27309_0.97408
3.78338_-6.86243_0.953411
3.98642_-6.40902_1.34611
4.08265_-5.91845_1.40812
4.16872_-5.42592_1.38745
4.35285_-4.96451_0.994748
4.69954_-4.60869_0.602049
5.15601_-4.41262_0.20935
5.61248_-4.21656_0.602049
5.95917_-3.86074_0.994748
6.1433_-3.39933_1.38745
6.15741_-2.90153_1.69747
6.17743_-2.61461_1.30477
6.21202_-2.11902_1.69747
6.0639_-1.64415_2.04883
5.83848_-1.19786_2.02817
5.71027_-0.717891_1.63547
5.7755_-0.225398_1.24277
5.97021_0.234659_1.09809
6.10576_0.712602_1.49079
6.04809_1.20604_1.88349
5.86046_1.66903_2.02817
5.73226_2.14899_1.63547
5.79749_2.64149_1.24277
6.01077_3.09252_1.01542
6.26106_3.52527_1.07742
6.4933_3.96806_1.09809
6.72553_4.41084_1.07742
6.88092_4.88338_1.42878
6.95679_5.37758_1.40812
7.04287_5.87011_1.38745
7.08791_6.36735_1.57346
7.09175_6.86733_1.55279
7.09558_7.36731_1.57346
6.99736_7.85429_1.96616
6.72026_8.26663_2.35886
6.30646_8.54153_2.75156
5.89265_8.81643_2.35886
5.61555_9.22876_1.96616
5.51733_9.71575_1.57346
5.61295_10.2033_1.18076
5.85377_10.6402_0.953411
6.13899_11.0509_0.97408
6.44884_11.4427_0.829401
6.78267_11.815_0.850069
7.11649_12.1872_0.829401
7.49934_12.5064_0.560712
7.92_12.7767_0.58138
8.34067_13.0469_0.560712
8.80484_13.224_0.168013
9.30144_13.2099_-0.224686
9.79803_13.1958_0.168013
10.2622_13.3729_0.560712
10.6233_13.714_0.953411
10.8264_14.1675_1.34611
10.861_14.6642_1.65614
10.8236_15.1628_1.63547
10.8888_15.6553_1.24277
11.1375_16.0854_0.850069
11.52_16.4043_0.540044
11.8881_16.738_0.932743
12.1004_17.1871_1.32544
12.1762_17.6806_1.51146
12.3018_18.1612_1.11876
12.4084_18.4852_1.38745
12.4019_18.982_1.78015
12.2059_19.4384_2.17285
11.85_19.7851_2.56554
11.4394_20.0703_2.50354
11.0348_20.3639_2.52421
10.6301_20.6576_2.50354
10.2254_20.9512_2.52421
9.82073_21.2449_2.50354
9.41605_21.5385_2.52421
9.01138_21.8322_2.50354
8.61285_22.1341_2.48287
8.21433_22.4361_2.50354
7.80965_22.7297_2.52421
7.40498_23.0234_2.50354
