configuration -0.154660820961_0.194828033447_-0.382683650256_0.923879442258_17.3081588745_3.5618417263_0.0_1.0
length 28.6508
time 0.87576
roughness 0.00551418
-0.154661_0.194828_-0.785399
0.155837_-0.195705_-1.01275
0.407286_-0.627785_-1.07476
0.724429_-1.01018_-0.682057
1.1158_-1.32134_-0.661388
1.50717_-1.6325_-0.682057
1.87834_-1.96717_-0.785399
2.22822_-2.32436_-0.806067
2.57063_-2.68869_-0.826735
2.95434_-3.00692_-0.558047
3.38119_-3.26729_-0.537378
3.69189_-3.54743_-0.930077
4.06085_-3.88011_-0.537378
4.52904_-4.04626_-0.144679
5.02517_-4.02061_0.24802
5.47371_-3.80704_0.640719
5.80639_-3.43808_1.03342
6.03042_-2.99157_1.1781
6.28975_-2.56642_0.868071
6.60893_-2.18156_0.88874
6.92009_-1.79019_0.909408
7.29585_-1.46522_0.516709
7.76163_-1.28899_0.206683
8.25201_-1.19145_0.186015
8.71293_-1.00609_0.578714
9.06783_-0.658451_0.971413
9.35414_-0.248554_0.950745
9.55839_0.20431_1.34344
9.57379_0.700865_1.73614
9.398_1.16551_2.12884
9.06489_1.53495_2.4802
8.66718_1.83796_2.50087
8.26946_2.14096_2.4802
7.94448_2.51672_2.08751
7.78804_2.98824_1.69481
7.82395_3.48373_1.30211
7.82395_3.48373_0.909408
7.82395_3.48373_0.516709
8.1997_3.80871_0.909408
8.43192_4.24861_1.26077
8.58937_4.72316_1.2401
8.83925_5.15254_0.847403
9.23442_5.45361_0.454704
9.69416_5.64963_0.351362
10.1839_5.73657_-4.71694e-07
10.6839_5.74174_0.0206679
11.1839_5.7469_-4.71694e-07
11.6821_5.78301_0.144678
12.1761_5.8602_0.165347
12.6701_5.9374_0.144678
13.1662_5.91174_-0.248021
13.6329_5.73519_-0.475373
14.0798_5.51096_-0.454705
14.5395_5.31495_-0.351363
15.0107_5.14772_-0.330694
15.4853_4.99027_-0.310026
15.9197_4.74932_-0.702725
16.2979_4.42225_-0.723394
16.6761_4.09518_-0.702725
17.0609_3.776_-0.682057
17.3384_3.62952_-0.289358
