configuration 0.916432738304_-13.7452163696_0.573727795176_0.819046040857_7.25410509109_23.1360397339_0.890376127727_0.455225604699
length 45.9694
time 3.02588
roughness 0.00401895
0.916433_-13.7452_1.2221
0.991825_-13.2542_1.6148
0.883424_-12.7687_1.96616
0.785206_-12.2817_1.57346
0.809688_-11.7825_1.47012
0.875326_-11.2869_1.40812
0.86886_-10.7896_1.75948
0.759917_-10.3016_1.82148
0.737196_-9.88391_1.42878
0.737196_-9.88391_1.07742
1.05332_-9.50068_0.684722
1.45017_-9.19665_0.622717
1.8593_-8.90925_0.602049
2.2358_-8.58187_0.829401
2.56962_-8.20965_0.850069
2.89568_-7.8306_0.870738
3.2443_-7.47279_0.726059
3.61475_-7.13699_0.746727
3.98519_-6.80118_0.726059
4.2852_-6.40521_1.11876
4.41085_-5.92457_1.51146
4.44565_-5.42579_1.49079
4.55169_-4.9387_1.2221
4.71766_-4.46706_1.24277
4.87385_-3.99209_1.26344
5.11364_-3.557_0.870738
5.50168_-3.24679_0.478039
5.97392_-3.08871_0.168013
6.4381_-2.91167_0.560712
6.7992_-2.57048_0.953411
7.00224_-2.11707_1.34611
7.20528_-1.66367_0.953411
7.52317_-1.27829_0.808733
7.86461_-0.913045_0.829401
8.12218_-0.488235_1.2221
8.19757_0.00280392_1.6148
8.08917_0.488281_1.96616
7.81207_0.900612_2.35886
7.43334_1.22639_2.50354
7.03482_1.52834_2.48287
6.70884_1.90323_2.09017
6.55114_2.37433_1.69747
6.53434_2.87332_1.51146
6.62023_3.3648_1.28411
6.76656_3.8429_1.26344
6.9129_4.32099_1.28411
7.009_4.81094_1.47012
7.06439_5.30785_1.44945
7.11978_5.80476_1.47012
7.14426_6.30394_1.57346
7.14809_6.80392_1.55279
7.15193_7.30389_1.57346
7.05371_7.79088_1.96616
6.7766_8.20321_2.35886
6.3628_8.47811_2.75156
6.21035_8.57939_2.35886
6.02075_8.86152_1.96616
5.85234_9.33206_1.86282
5.80488_9.82659_1.47012
5.91918_10.2296_1.11876
6.14221_10.6771_1.09809
6.37444_11.1199_1.07742
6.60668_11.5626_1.09809
6.74223_12.0406_1.49079
6.68456_12.534_1.88349
6.68153_12.56_1.49079
6.81708_13.0379_1.09809
7.12521_13.4276_0.705391
7.55902_13.6697_0.312692
8.01777_13.8668_0.498707
8.45931_14.1014_0.478039
8.9056_14.3268_0.45737
9.29997_14.6289_0.850069
9.5487_15.0589_1.24277
9.61393_15.5514_1.63547
9.61737_15.5774_1.24277
9.8661_16.0074_0.850069
10.2605_16.3095_0.45737
10.6548_16.6116_0.850069
10.9809_16.9907_0.870738
11.299_17.3764_0.891406
11.5298_17.8163_1.28411
11.5746_18.3111_1.6768
11.4267_18.7854_2.0695
11.2688_19.2571_1.71814
11.1903_19.7509_1.73881
11.1118_20.2447_1.71814
10.9444_20.7124_2.11084
10.6107_21.0805_2.50354
10.1944_21.357_2.60688
9.82457_21.6887_2.21418
9.6098_22.1367_1.82148
9.46286_22.4432_2.21418
9.09302_22.7749_2.60688
8.62439_22.9398_2.99958
8.13019_23.0157_2.97891
7.63599_23.0915_2.99958
7.29069_23.2131_2.60688
