configuration -0.154660820961_0.194828033447_-0.382683650256_0.923879442258_17.3081588745_3.5618417263_0.0_1.0
length 33.0164
time 1.59179
roughness 0.00444157
-0.154661_0.194828_-0.785399
0.121343_-0.218241_-1.1781
0.278659_-0.692388_-1.32278
0.396384_-1.17832_-1.34344
0.600634_-1.63119_-0.950746
0.903598_-2.02885_-0.88874
1.22278_-2.4137_-0.868072
1.59945_-2.73947_-0.558047
2.0263_-2.99983_-0.537378
2.46828_-3.23314_-0.434036
2.92406_-3.43871_-0.413368
3.38399_-3.63481_-0.3927
3.79705_-3.91081_-0.785399
4.07306_-4.32388_-1.1781
4.34906_-4.73695_-0.785399
4.76213_-5.01296_-0.3927
5.24789_-5.12006_-0.0413372
5.73873_-5.04336_0.351362
6.18467_-4.81962_0.578714
6.60605_-4.55049_0.558046
7.01577_-4.2643_0.661387
7.41349_-3.96129_0.640719
7.81121_-3.65828_0.661387
7.81121_-3.65828_1.05409
7.96765_-3.18676_1.44679
7.93174_-2.69127_1.83948
7.73623_-2.23271_2.10817
7.47587_-1.80586_2.12884
7.2155_-1.37901_2.10817
6.98219_-0.937036_2.00483
6.77663_-0.481257_1.98416
6.57106_-0.0254784_2.00483
6.38459_0.438208_1.90149
6.21736_0.909405_1.92216
6.04043_1.37705_1.94283
5.9536_1.86619_1.55013
5.97942_2.36545_1.48812
6.01556_2.86413_1.50879
6.14249_3.34443_1.11609
6.41104_3.76491_0.88874
6.73807_4.14304_0.826734
7.11543_4.46941_0.599382
7.53116_4.74719_0.578714
7.90819_4.98799_0.558046
8.35866_5.20247_0.330693
8.58464_5.33398_0.723393
8.99367_5.61968_0.49604
9.43583_5.8531_0.475372
9.878_6.08651_0.49604
10.3373_6.28233_0.310025
10.815_6.42994_0.289357
11.2927_6.57755_0.310025
11.7863_6.6339_-0.082674
12.2638_6.49708_-0.475373
12.701_6.25461_-0.537378
13.1332_6.00312_-0.51671
13.5653_5.75164_-0.537378
13.9975_5.50015_-0.51671
14.469_5.34371_-0.124011
14.9645_5.37961_0.268688
15.4085_5.6024_0.661387
15.8525_5.82519_0.268688
16.348_5.8611_-0.124011
16.8196_5.70466_-0.51671
17.1953_5.37968_-0.909409
17.4181_4.93564_-1.30211
17.454_4.44015_-1.69481
17.3768_3.94622_-1.75681
17.3809_3.55404_-1.36411
17.3809_3.55404_-0.971414
17.3809_3.55404_-0.578715
