configuration -1.36608982086_8.91640663147_-0.333444235273_0.942769824487_9.04581165314_-18.3528499603_-0.788205594687_0.615412008742
length 34.7544
time 1.00417
roughness 0.00249193
-1.36609_8.91641_-0.679909
-1.00133_8.57506_-0.824588
-0.658131_8.21146_-0.803919
-0.314932_7.84786_-0.824588
0.0356592_7.49148_-0.762583
0.40073_7.14985_-0.741914
0.765801_6.80821_-0.762583
1.05988_6.40702_-1.11394
1.28506_5.96061_-1.09328
1.51942_5.51894_-1.07261
1.82983_5.13024_-0.721246
2.20188_4.79623_-0.741914
2.57393_4.46221_-0.721246
2.87585_4.06769_-1.11394
3.08236_3.61241_-1.17595
3.27945_3.15291_-1.15528
3.56481_2.74624_-0.762583
3.98407_2.47973_-0.369883
4.45555_2.31354_-0.307878
4.89052_2.07353_-0.700577
5.25544_1.73204_-0.803919
5.60608_1.37561_-0.783251
5.98463_1.04963_-0.638572
6.383_0.747479_-0.659241
6.77503_0.437158_-0.679909
7.20599_0.187599_-0.369883
7.67027_0.00204097_-0.390552
8.13456_-0.183517_-0.369883
8.59484_-0.378603_-0.431889
9.04673_-0.592574_-0.452557
9.49863_-0.806545_-0.431889
9.90056_-1.09852_-0.824588
10.2438_-1.46212_-0.803919
10.587_-1.82572_-0.824588
10.9226_-2.19634_-0.845256
11.2505_-2.57381_-0.865924
11.5783_-2.95128_-0.845256
11.8291_-3.38012_-1.23796
11.9376_-3.86711_-1.46531
11.9954_-4.36375_-1.44464
12.1528_-4.83493_-1.05194
12.4396_-5.24363_-0.865924
12.7596_-5.6278_-0.886593
12.9925_-6.06664_-1.27929
13.0397_-6.56118_-1.67199
12.9636_-7.05513_-1.77533
12.857_-7.54363_-1.796
12.7504_-8.03212_-1.77533
12.6438_-8.52061_-1.796
12.4973_-8.99823_-1.94068
12.3214_-9.46625_-1.92001
12.1455_-9.93426_-1.94068
11.9695_-10.4023_-1.92001
11.7936_-10.8703_-1.94068
11.6177_-11.3383_-1.92001
11.5421_-11.8293_-1.52731
11.5689_-12.3286_-1.50664
11.5958_-12.8279_-1.52731
11.5202_-13.3189_-1.92001
11.3252_-13.779_-2.02335
11.1019_-14.2264_-2.04402
10.8427_-14.6534_-2.1887
10.5406_-15.0517_-2.25071
10.2302_-15.4438_-2.23004
10.0084_-15.8883_-1.83734
9.95299_-16.3832_-1.52731
9.97988_-16.8825_-1.50664
9.9144_-17.3749_-1.89934
9.66544_-17.8048_-2.29204
9.30932_-18.1552_-2.43672
9.11458_-18.4012_-2.04402
