configuration -26.5221767426_12.7890510559_0.0_1.0_-6.20937108994_31.1862716675_0.294171904018_0.955752525964
length 37.6705
time 0.670578
roughness 0.00350129
-26.5222_12.7891_-0
-26.0349_12.886_0.392699
-25.6219_13.162_0.785398
-25.2647_13.5118_0.76473
-24.9301_13.8829_0.909408
-24.6271_14.2806_0.930077
-24.3241_14.6783_0.909408
-23.9484_15.0033_0.516709
-23.4769_15.1597_0.12401
-22.978_15.1855_-0.0206684
-22.4888_15.2724_0.372031
-22.0701_15.5398_0.76473
-21.7516_15.9238_0.992082
-21.7516_15.9238_0.599383
-21.7516_15.9238_0.206684
-21.7516_15.9238_-0.186015
-21.2907_15.7384_-0.578714
-20.887_15.4438_-0.682056
-20.4956_15.1327_-0.661388
-20.0697_14.8729_-0.434036
-19.6139_14.6673_-0.413367
-19.1581_14.4617_-0.434036
-18.6753_14.3448_-0.0413367
-18.1767_14.3705_0.144679
-17.6812_14.4375_0.12401
-17.1822_14.453_-0.0620051
-16.6828_14.4272_-0.0413367
-16.1835_14.4013_-0.0620051
-15.6858_14.3549_-0.12401
-15.1903_14.2879_-0.144679
-14.6948_14.221_-0.12401
-14.3558_14.2455_0.268689
-13.9117_14.4683_0.661388
-13.5867_14.8441_1.05409
-13.2927_15.2471_0.826735
-12.9502_15.6115_0.806067
-12.6078_15.9758_0.826735
-12.3491_16.3999_1.21943
-12.1917_16.8744_1.28144
-12.0441_17.3521_1.26077
-11.9877_17.8457_1.65347
-12.105_18.3297_1.9635
-12.3011_18.7896_1.98416
-12.5856_19.1969_2.37686
-12.9568_19.5317_2.43887
-13.3417_19.8509_2.45954
-13.6588_20.2332_2.06684
-13.8055_20.7079_1.67414
-13.7594_21.2025_1.28144
-13.7132_21.6972_1.67414
-13.8599_22.1718_2.06684
-14.1373_22.587_2.25285
-14.3692_23.0263_1.86015
-14.4564_23.5176_1.6328
-14.4822_24.0169_1.61213
-14.5593_24.5098_1.83949
-14.697_24.9905_1.86015
-14.8247_25.4738_1.79815
-14.8401_25.9704_1.40545
-14.6643_26.435_1.01275
-14.3241_26.797_0.620051
-13.9464_27.1236_0.806067
-13.5966_27.4808_0.785398
-13.2467_27.838_0.806067
-12.8394_28.1225_0.413367
-12.3579_28.2497_0.103342
-11.8612_28.3064_0.12401
-11.3691_28.3938_0.227352
-10.8808_28.5014_0.206684
-10.3926_28.6091_0.227352
-9.93498_28.8042_0.578714
-9.5136_29.0733_0.558046
-9.09222_29.3424_0.578714
-8.67084_29.6116_0.558046
-8.24946_29.8807_0.578714
-7.82808_30.1498_0.558046
-7.4067_30.4189_0.578714
-6.98532_30.6881_0.558046
-6.56394_30.9572_0.578714
-6.2091_31.1838_0.558046
