configuration 0.916432738304_-13.7452163696_0.573727795176_0.819046040857_7.25410509109_23.1360397339_0.890376127727_0.455225604699
length 44.455
time 1.06951
roughness 0.00374493
0.916433_-13.7452_1.2221
1.06271_-13.2673_1.32544
1.18916_-12.7836_1.30477
1.31561_-12.2999_1.32544
1.33995_-11.8037_1.71814
1.17255_-11.3359_2.11084
0.838889_-10.9678_2.50354
0.505233_-10.5998_2.11084
0.33783_-10.132_1.71814
0.357042_-9.7403_1.32544
0.569411_-9.29118_0.932743
0.937483_-8.95753_0.540044
1.36895_-8.70489_0.519375
1.74384_-8.37891_0.912074
1.99343_-7.9474_1.18076
2.17874_-7.48302_1.20143
2.44503_-7.06362_0.808733
2.85155_-6.77805_0.416034
2.89434_-6.74799_0.808733
3.27111_-6.42038_0.622717
3.68603_-6.14154_0.560712
4.04713_-5.80034_0.953411
4.25017_-5.34694_1.34611
4.32599_-4.85316_1.49079
4.46154_-4.37522_1.09809
4.76967_-3.98553_0.705391
5.20348_-3.74342_0.312692
5.63728_-3.50131_0.705391
5.94542_-3.11162_1.09809
6.11089_-2.64139_1.36678
6.30452_-2.18389_0.97408
6.65849_-1.8353_0.58138
7.09471_-1.59185_0.436702
7.49524_-1.29794_0.829401
7.75281_-0.87313_1.2221
7.83844_-0.383125_1.57346
7.83194_0.116824_1.59413
7.81511_0.616532_1.6148
7.79828_1.11624_1.59413
7.69002_1.60109_1.98683
7.40445_2.00761_2.37953
6.98506_2.2739_2.77223
6.56566_2.54019_2.37953
6.28009_2.94671_1.98683
6.17183_3.43156_1.59413
6.18599_3.93114_1.49079
6.2208_4.42992_1.51146
6.24529_4.92931_1.53213
6.36098_5.41244_1.13943
6.60211_5.84996_0.994748
6.87878_6.26643_0.97408
7.0724_6.72393_1.36678
7.17876_7.21248_1.34611
7.29519_7.69873_1.32544
7.31952_8.19492_1.71814
7.15212_8.66266_2.11084
6.81846_9.03074_2.50354
6.48481_9.39881_2.11084
6.31741_9.86655_1.71814
6.30061_10.3652_1.49079
6.30834_10.5229_1.55279
6.30834_10.5229_1.6148
6.30834_10.5229_1.59413
6.3225_11.0224_1.49079
6.36761_11.5204_1.47012
6.41272_12.0183_1.49079
6.54827_12.4963_1.09809
6.85641_12.886_0.705391
7.29021_13.1281_0.312692
7.72402_13.3702_0.705391
8.07996_13.7207_0.850069
8.41379_14.0929_0.829401
8.81431_14.3869_0.436702
9.26954_14.5936_0.416034
9.72895_14.791_0.395365
10.1413_15.0681_0.788064
10.4162_15.4819_1.18076
10.5821_15.9533_1.28411
10.6577_16.446_1.55279
10.6719_16.9458_1.53213
10.6861_17.4456_1.55279
10.5979_17.9345_1.94549
10.3728_18.3802_2.13151
10.1113_18.8063_2.11084
9.84112_19.2269_2.17285
9.56223_19.6419_2.15218
9.28335_20.0569_2.17285
9.00446_20.4719_2.15218
8.73421_20.8926_2.13151
8.46396_21.3132_2.15218
8.18507_21.7282_2.17285
7.90618_22.1432_2.15218
7.63593_22.5639_2.13151
7.36568_22.9845_2.15218
