configuration -26.5221767426_12.7890510559_0.0_1.0_-6.20937108994_31.1862716675_0.294171904018_0.955752525964
length 38.7113
time 1.47609
roughness 0.00348201
-26.5222_12.7891_-0
-26.0349_12.886_0.392699
-25.5986_13.128_0.620051
-25.1887_13.4143_0.599383
-24.7977_13.7252_0.744061
-24.4263_14.06_0.723393
-24.055_14.3948_0.744061
-23.6907_14.7372_0.76473
-23.3335_15.0871_0.785398
-22.9763_15.437_0.76473
-22.5576_15.7044_0.372031
-22.0685_15.7912_-0.0206684
-21.5687_15.7757_-0.0413367
-21.0758_15.6987_-0.268689
-20.5982_15.5511_-0.330694
-20.1236_15.3936_-0.310026
-19.6735_15.1793_-0.578714
-19.2521_14.9102_-0.558046
-18.8308_14.6411_-0.578714
-18.3698_14.4557_-0.186015
-17.9254_14.4603_0.206684
-17.4286_14.4654_-0.186015
-16.9677_14.2801_-0.578714
-16.6128_13.9324_-0.971414
-16.2579_13.5848_-0.578714
-15.797_13.3994_-0.186015
-15.3002_13.4046_0.206684
-14.8432_13.5994_0.599383
-14.473_13.9332_0.868072
-14.1028_14.2671_0.599383
-13.6814_14.5361_0.537378
-13.5455_14.6587_0.930077
-13.2112_15.0295_0.744061
-12.8468_15.3719_0.76473
-12.4825_15.7143_0.744061
-12.1897_16.1157_1.13676
-11.9936_16.5755_1.19877
-11.807_17.0394_1.1781
-11.7101_17.5267_1.5708
-11.7667_18.0224_1.79815
-11.8844_18.5083_1.81882
-12.098_18.9568_2.21152
-12.4468_19.313_2.4802
-12.8445_19.616_2.50087
-13.1772_19.9849_2.10817
-13.4287_20.4171_2.08751
-13.6802_20.8492_2.10817
-13.9745_21.2525_2.29419
-14.3093_21.6239_2.31486
-14.6441_21.9952_2.29419
-14.894_22.4246_1.90149
-14.981_22.9149_1.59146
-14.9965_23.4147_1.61213
-14.9198_23.9055_1.21943
-14.7238_24.3652_1.11609
-14.4996_24.8121_1.09542
-14.3628_25.2897_1.48812
-14.3369_25.789_1.55013
-14.3214_26.2887_1.52946
-14.2045_26.7715_1.13676
-13.9116_27.1728_0.744061
-13.4875_27.4315_0.351362
-13.0634_27.6902_0.744061
-12.7291_28.061_0.930077
-12.426_28.4588_0.909408
-12.0503_28.7837_0.516709
-11.5878_28.9697_0.24802
-11.1019_29.0875_0.227352
-10.6083_29.1646_0.0826735
-10.1096_29.2007_0.0620051
-9.61028_29.2265_0.0413367
-9.11053_29.2214_-0.0620051
-8.6112_29.1956_-0.0413367
-8.32704_29.24_0.351362
-7.90291_29.4987_0.744061
-7.57654_29.876_0.971414
-7.259_30.1871_0.578714
-6.86819_30.4978_0.76473
-6.51837_30.8549_0.826735
-6.20537_31.1745_0.76473
