configuration -1.36608982086_8.91640663147_-0.333444235273_0.942769824487_9.04581165314_-18.3528499603_-0.788205594687_0.615412008742
length 37.6335
time 1.45154
roughness 0.00367406
-1.36609_8.91641_-0.679909
-0.950359_8.63991_-0.493894
-0.507695_8.40745_-0.473225
-0.0650297_8.17499_-0.493894
0.318043_7.85867_-0.886593
0.569451_7.42879_-1.19662
0.757001_6.9653_-1.17595
0.934907_6.49811_-1.23796
1.10314_6.02727_-1.21729
1.27138_5.55644_-1.23796
1.52218_5.1276_-0.845256
1.85779_4.75698_-0.824588
2.20099_4.39338_-0.803919
2.55887_4.04432_-0.741914
2.92394_3.70269_-0.762583
3.28901_3.36105_-0.741914
3.42312_3.27965_-0.349215
3.91412_3.204_0.043484
4.3967_3.32201_0.436183
4.87927_3.44002_0.043484
5.37027_3.36437_-0.349215
5.79495_3.10658_-0.741914
6.08864_2.7059_-1.13461
6.22683_2.22746_-1.44464
6.29486_1.73212_-1.42397
6.46202_1.26429_-1.03127
6.75719_0.861608_-0.845256
7.08507_0.484135_-0.865924
7.41295_0.106663_-0.845256
7.74083_-0.270809_-0.865924
8.06871_-0.648282_-0.845256
8.46453_-0.948502_-0.452557
8.94511_-1.0744_-0.0598579
9.44449_-1.09915_-0.0391895
9.92756_-1.21508_-0.431889
10.3295_-1.50706_-0.824588
10.6412_-1.89742_-0.969266
10.9758_-2.26693_-0.700577
11.3547_-2.59319_-0.721246
11.7336_-2.91945_-0.700577
12.1435_-3.20447_-0.514562
12.5907_-3.42764_-0.41122
12.9986_-3.71125_-0.803919
13.2669_-4.12936_-1.19662
13.3548_-4.61831_-1.58932
13.4427_-5.10727_-1.19662
13.711_-5.52538_-0.803919
13.9793_-5.94349_-1.19662
14.0672_-6.43245_-1.58932
13.9912_-6.92514_-1.85801
13.806_-7.38876_-2.04402
13.5735_-7.83142_-2.06469
13.341_-8.27409_-2.04402
13.2112_-8.4381_-2.43672
12.9029_-8.82763_-2.04402
12.6984_-9.28365_-1.94068
12.502_-9.59258_-2.33338
12.0953_-9.87794_-2.72608
11.6121_-9.9961_-3.07744
11.1135_-10.0333_-3.05677
10.6362_-10.1712_-2.66407
10.248_-10.4812_-2.27137
10.008_-10.9161_-1.87867
9.90157_-11.4039_-1.69266
9.83566_-11.8996_-1.71333
9.76976_-12.3952_-1.69266
9.75535_-12.8943_-1.50664
9.78225_-13.3935_-1.52731
9.80915_-13.8928_-1.50664
9.77418_-14.3901_-1.77533
9.67769_-14.8807_-1.75466
9.59136_-15.3731_-1.734
9.53574_-15.8698_-1.63065
9.51099_-16.3692_-1.60999
9.48624_-16.8686_-1.63065
9.39003_-17.3577_-1.89934
9.22382_-17.8292_-1.92001
9.05761_-18.3008_-1.89934
