configuration -11.6824054718_1.45032453537_1.45032453537_1.45032453537_24.2991828918_-14.4915781021_0.382683601539_0.382683601539
length 53.7704
time 2.4887
roughness 0.0021403
-11.6824_1.45032_2.22212
-11.9007_1.89658_1.82942
-11.9316_2.39241_1.43672
-11.7705_2.86233_1.04402
-11.4417_3.2348_0.651323
-11.0291_3.51685_0.547981
-10.5997_3.7729_0.527313
-10.1298_3.93434_0.134614
-9.631_3.95511_-0.0514015
-9.13143_3.93458_-0.0307332
-8.64199_3.84261_-0.340759
-8.1725_3.67065_-0.361427
-7.83721_3.61479_0.031272
-7.35323_3.7269_0.423971
-6.9364_3.99939_0.733997
-6.56863_4.33812_0.754665
-6.20795_4.68439_0.775333
-5.9278_5.09466_1.16803
-5.82598_5.5809_1.56073
-5.91799_6.0691_1.95343
-6.01_6.5573_1.56073
-5.90819_7.04355_1.16803
-5.67067_7.48272_0.982017
-5.42399_7.91713_1.1267
-5.21385_8.37081_1.14736
-5.00371_8.8245_1.1267
-4.70685_9.22284_0.733997
-4.28014_9.47726_0.341298
-3.79409_9.58985_0.113945
-3.2957_9.57968_-0.154743
-2.8025_9.49752_-0.175412
-2.31111_9.40518_-0.19608
-1.85208_9.21519_-0.588779
-1.43917_8.93324_-0.609448
-1.03218_8.64281_-0.630116
-0.672384_8.29778_-0.898805
-0.357089_7.90973_-0.878136
-0.0417952_7.52168_-0.898805
0.303974_7.16151_-0.712789
0.678839_6.83065_-0.733458
1.04679_6.49212_-0.754126
1.44684_6.19398_-0.526774
1.88162_5.94709_-0.506106
2.32141_5.70924_-0.485437
2.70715_5.39617_-0.878136
2.98014_4.97856_-1.10549
3.2091_4.53407_-1.08482
3.49067_4.12219_-0.857468
3.81391_3.74075_-0.878136
4.13716_3.3593_-0.857468
4.47584_2.99159_-0.795463
4.82211_2.6309_-0.816131
5.16837_2.27022_-0.795463
5.56184_1.96414_-0.526774
5.99662_1.71725_-0.506106
6.4314_1.47036_-0.526774
6.82487_1.16428_-0.795463
7.17851_0.810831_-0.774795
7.53938_0.464763_-0.754126
7.82817_0.0605262_-1.14683
7.99041_-0.411657_-1.33284
8.14444_-0.743732_-0.940142
8.46741_-1.12485_-0.795463
8.81367_-1.48554_-0.816131
9.15993_-1.84622_-0.795463
9.5702_-2.12637_-0.402764
10.0565_-2.22819_-0.0100648
10.5447_-2.13618_0.382634
11.0328_-2.04417_-0.0100648
11.5191_-2.14599_-0.402764
11.9294_-2.42613_-0.795463
12.2359_-2.81977_-1.02282
12.5008_-3.24384_-1.00215
12.7657_-3.66791_-1.02282
13.08_-4.05479_-0.754126
13.448_-4.39333_-0.733458
13.8159_-4.73187_-0.754126
14.1544_-5.09932_-0.898805
14.4697_-5.48736_-0.878136
14.7849_-5.87541_-0.898805
15.1579_-6.20458_-0.547442
15.5875_-6.4604_-0.526774
16.0223_-6.70729_-0.506106
16.422_-7.00517_-0.774795
16.7828_-7.35123_-0.754126
17.1437_-7.6973_-0.774795
17.5046_-8.04337_-0.754126
17.8655_-8.38944_-0.774795
18.2263_-8.73551_-0.754126
18.5872_-9.08157_-0.774795
18.9481_-9.42764_-0.754126
19.3089_-9.77371_-0.774795
19.6698_-10.1198_-0.754126
20.0307_-10.4658_-0.774795
20.3916_-10.8119_-0.754126
20.7524_-11.158_-0.774795
21.1133_-11.504_-0.754126
21.4812_-11.8426_-0.733458
21.7783_-12.2408_-1.12616
21.9793_-12.6985_-1.18816
22.0713_-13.1867_-1.58086
22.0404_-13.6855_-1.6842
21.9787_-14.1817_-1.70487
22.008_-14.6514_-1.31217
22.008_-14.6514_-1.16749
22.2884_-15.0616_-0.774795
22.7044_-15.3332_-0.382096
22.9099_-15.3718_0.0106036
23.3961_-15.2697_0.403303
23.8125_-14.9975_0.754665
24.1659_-14.644_0.81667
