configuration 0.916432738304_-13.7452163696_0.573727795176_0.819046040857_7.25410509109_23.1360397339_0.890376127727_0.455225604699
length 39.1997
time 4.89407
roughness 0.000455366
0.916433_-13.7452_1.2221
1.10172_-13.2809_1.16009
1.30607_-12.8246_1.13943
1.51042_-12.3683_1.16009
1.7053_-11.9078_1.18076
1.90017_-11.4474_1.16009
2.10452_-10.991_1.13943
2.30887_-10.5347_1.16009
2.50374_-10.0743_1.18076
2.69862_-9.6138_1.16009
2.90297_-9.15747_1.13943
3.10732_-8.70115_1.16009
3.30219_-8.2407_1.18076
3.49707_-7.78025_1.16009
3.70142_-7.32392_1.13943
3.90577_-6.8676_1.16009
4.10064_-6.40715_1.18076
4.29552_-5.9467_1.16009
4.49987_-5.49037_1.13943
4.7136_-5.03837_1.11876
4.92734_-4.58636_1.13943
5.14107_-4.13436_1.11876
5.35481_-3.68235_1.13943
5.56855_-3.23035_1.11876
5.78228_-2.77835_1.13943
5.99602_-2.32634_1.11876
6.20976_-1.87434_1.13943
6.43276_-1.42691_1.07742
6.57816_-0.951872_1.47012
6.60264_-0.452694_1.57346
6.60647_0.0472824_1.55279
6.61031_0.547259_1.57346
6.60381_1.04721_1.59413
6.59731_1.54716_1.57346
6.60114_2.04713_1.55279
6.60498_2.54711_1.57346
6.59848_3.04706_1.59413
6.59198_3.54701_1.57346
6.59581_4.04698_1.55279
6.59964_4.54696_1.57346
6.59314_5.04691_1.59413
6.58664_5.54686_1.57346
6.59048_6.04683_1.55279
6.59431_6.54681_1.57346
6.58781_7.04676_1.59413
6.58131_7.54671_1.57346
6.58515_8.04668_1.55279
6.58898_8.54666_1.57346
6.58248_9.04661_1.59413
6.57598_9.54656_1.57346
6.57981_10.0465_1.55279
6.58365_10.5465_1.57346
6.57715_11.0465_1.59413
6.66267_11.5358_1.20143
6.88539_11.9827_1.01542
7.14461_12.4102_1.03608
7.40384_12.8378_1.01542
7.66306_13.2653_1.03608
7.92228_13.6929_1.01542
8.18151_14.1204_1.03608
8.43184_14.5532_1.05675
8.68217_14.986_1.03608
8.87318_15.3011_1.01542
9.04774_15.7662_1.40812
9.03101_16.2627_1.80081
8.91199_16.7483_1.82148
8.78296_17.2314_1.84215
8.65393_17.7144_1.82148
8.5249_18.1975_1.84215
8.39587_18.6805_1.82148
8.26684_19.1636_1.84215
8.13781_19.6466_1.82148
8.01879_20.1323_1.80081
7.89977_20.6179_1.82148
7.77074_21.1009_1.84215
7.6417_21.584_1.82148
7.52268_22.0696_1.80081
7.40366_22.5552_1.82148
7.27463_23.0383_1.84215
