configuration -0.154660820961_0.194828033447_-0.382683650256_0.923879442258_17.3081588745_3.5618417263_0.0_1.0
length 27.7355
time 1.52992
roughness 0.00208299
-0.154661_0.194828_-0.785399
0.195214_-0.162354_-0.806067
0.545088_-0.519536_-0.785399
0.894963_-0.876718_-0.806067
1.24484_-1.2339_-0.785399
1.59471_-1.59108_-0.806067
1.94459_-1.94826_-0.785399
2.29446_-2.30545_-0.806067
2.64434_-2.66263_-0.785399
2.99421_-3.01981_-0.806067
3.33663_-3.38415_-0.826735
3.67905_-3.74848_-0.806067
4.02892_-4.10566_-0.785399
4.37879_-4.46285_-0.806067
4.46454_-4.52274_-0.413368
4.94968_-4.62971_-0.0206688
5.43882_-4.54288_0.37203
5.85751_-4.27547_0.764729
6.14199_-3.86819_1.15743
6.28929_-3.39151_1.38478
6.37667_-2.89921_1.40545
6.45387_-2.40522_1.42612
6.53106_-1.91122_1.40545
6.69761_-1.47103_1.01275
6.88321_-1.00952_1.36411
6.99087_-0.521254_1.34344
7.10859_-0.0353197_1.32278
7.22632_0.450614_1.34344
7.34404_0.936548_1.32278
7.46177_1.42248_1.34344
7.57949_1.90842_1.32278
7.69722_2.39435_1.34344
7.81494_2.88028_1.32278
7.99149_3.34693_1.09542
8.22491_3.78909_1.07475
8.50229_4.20423_0.88874
8.82148_4.58908_0.868071
9.14066_4.97393_0.88874
9.45984_5.35879_0.868071
9.74686_5.62854_0.640719
10.1954_5.84211_0.24802
10.6915_5.86777_-0.144679
11.1768_5.75021_-0.330694
11.648_5.58298_-0.351363
12.1192_5.41576_-0.330694
12.5904_5.24853_-0.351363
13.0616_5.08131_-0.330694
13.5328_4.91408_-0.351363
14.004_4.74686_-0.330694
14.4752_4.57963_-0.351363
14.9464_4.41241_-0.330694
15.4176_4.24518_-0.351363
15.8888_4.07795_-0.330694
16.36_3.91073_-0.351363
16.8276_3.7338_-0.372031
17.2987_3.5666_-0.310026
