configuration 72.6459350586_2.13817882538_-0.994211695618_0.107438839792_19.5581073761_50.1696281433_0.955633460234_0.294558465643
length 83.2581
time 5.63023
roughness 0.000158624
72.6459_2.13818_-2.9263
72.1489_2.11848_-3.27766
71.6528_2.18118_-3.25699
71.1568_2.24388_-3.27766
70.6608_2.30658_-3.25699
70.1635_2.35902_-3.23633
69.6663_2.41145_-3.25699
69.1702_2.47415_-3.27766
68.6742_2.53686_-3.25699
68.177_2.58929_-3.23633
67.6797_2.64173_-3.25699
67.1837_2.70443_-3.27766
66.6876_2.76713_-3.25699
66.1904_2.81956_-3.23633
65.6932_2.872_-3.25699
65.1971_2.9347_-3.27766
64.7011_2.9974_-3.25699
64.2039_3.04984_-3.23633
63.7066_3.10227_-3.25699
63.2933_3.18079_-3.40167
62.8474_3.39975_-3.79437
62.488_3.7458_-4.02172
62.1655_4.12789_-4.00105
61.843_4.50998_-4.02172
61.5205_4.89207_-4.00105
61.198_5.27416_-4.02172
60.8756_5.65626_-4.00105
60.5531_6.03835_-4.02172
60.2306_6.42044_-4.00105
59.9081_6.80253_-4.02172
59.5856_7.18462_-4.00105
59.2631_7.56672_-4.02172
58.9406_7.94881_-4.00105
58.6182_8.3309_-4.02172
58.2957_8.71299_-4.00105
57.9732_9.09508_-4.02172
57.6507_9.47718_-4.00105
57.3282_9.85927_-4.02172
57.0057_10.2414_-4.00105
56.6832_10.6235_-4.02172
56.3608_11.0055_-4.00105
56.0383_11.3876_-4.02172
55.7158_11.7697_-4.00105
55.3855_12.1451_-3.98039
55.0552_12.5204_-4.00105
54.7327_12.9025_-4.02172
54.3476_13.2163_-3.62902
53.8768_13.3789_-3.319
53.3856_13.4722_-3.33967
52.8965_13.5756_-3.36034
52.4073_13.6791_-3.33967
51.9181_13.7825_-3.36034
51.4289_13.886_-3.33967
50.9398_13.9894_-3.36034
50.4506_14.0929_-3.33967
49.9614_14.1963_-3.36034
49.4722_14.2998_-3.33967
48.9831_14.4032_-3.36034
48.4939_14.5067_-3.33967
48.0047_14.6101_-3.36034
47.5156_14.7136_-3.33967
47.0264_14.817_-3.36034
46.5372_14.9205_-3.33967
46.048_15.0239_-3.36034
45.5589_15.1274_-3.33967
45.0697_15.2308_-3.36034
44.5805_15.3343_-3.33967
44.0914_15.4377_-3.36034
43.6022_15.5412_-3.33967
43.113_15.6446_-3.36034
42.6238_15.7481_-3.33967
42.1347_15.8515_-3.36034
41.6477_15.9651_-3.381
41.1608_16.0786_-3.36034
40.6716_16.182_-3.33967
40.1825_16.2855_-3.36034
39.6955_16.399_-3.381
39.2086_16.5126_-3.36034
38.7194_16.616_-3.33967
38.2303_16.7195_-3.36034
37.7433_16.833_-3.381
37.2564_16.9465_-3.36034
36.7672_17.05_-3.33967
36.2781_17.1534_-3.36034
35.7911_17.267_-3.381
35.3042_17.3805_-3.36034
34.815_17.484_-3.33967
34.3259_17.5874_-3.36034
33.8389_17.701_-3.381
33.352_17.8145_-3.36034
32.8628_17.9179_-3.33967
32.3737_18.0214_-3.36034
31.8867_18.1349_-3.381
31.3998_18.2485_-3.36034
30.9106_18.3519_-3.33967
30.4215_18.4554_-3.36034
29.9345_18.5689_-3.381
29.4476_18.6824_-3.36034
28.9584_18.7859_-3.33967
28.4692_18.8893_-3.36034
27.9823_19.0029_-3.381
27.4954_19.1164_-3.36034
27.1879_19.1881_-3.381
26.7375_19.3978_-3.7737
26.4016_19.7639_-4.1664
26.2216_20.2276_-4.51776
26.1199_20.7171_-4.4971
26.008_21.2045_-4.47643
25.8962_21.6918_-4.4971
25.7843_22.1791_-4.47643
25.6724_22.6664_-4.4971
25.5606_23.1537_-4.47643
25.4487_23.641_-4.4971
25.3369_24.1284_-4.47643
25.225_24.6157_-4.4971
25.1132_25.103_-4.47643
25.0013_25.5903_-4.4971
24.8894_26.0776_-4.47643
24.7776_26.565_-4.4971
24.6657_27.0523_-4.47643
24.5539_27.5396_-4.4971
24.442_28.0269_-4.47643
24.3302_28.5142_-4.4971
24.2183_29.0016_-4.47643
24.1064_29.4889_-4.4971
23.9946_29.9762_-4.47643
23.8827_30.4635_-4.4971
23.7709_30.9508_-4.47643
23.659_31.4381_-4.4971
23.5472_31.9255_-4.47643
23.4353_32.4128_-4.4971
23.3335_32.9023_-4.51776
23.2318_33.3918_-4.4971
23.1199_33.8791_-4.47643
23.0081_34.3665_-4.4971
22.9063_34.856_-4.51776
22.8045_35.3455_-4.4971
22.6927_35.8328_-4.47643
22.5808_36.3202_-4.4971
22.4791_36.8097_-4.51776
22.3773_37.2992_-4.4971
22.2654_37.7865_-4.47643
22.1536_38.2738_-4.4971
22.0518_38.7634_-4.51776
21.9501_39.2529_-4.4971
21.8382_39.7402_-4.47643
21.7263_40.2275_-4.4971
21.6246_40.7171_-4.51776
21.5228_41.2066_-4.4971
21.411_41.6939_-4.47643
21.2991_42.1812_-4.4971
21.1973_42.6707_-4.51776
21.0956_43.1603_-4.4971
20.9837_43.6476_-4.47643
20.8719_44.1349_-4.4971
20.7701_44.6244_-4.51776
20.6683_45.114_-4.4971
20.5565_45.6013_-4.47643
20.4446_46.0886_-4.4971
20.3429_46.5781_-4.51776
20.2411_47.0676_-4.4971
20.1293_47.555_-4.47643
20.0174_48.0423_-4.4971
19.9156_48.5318_-4.51776
19.8139_49.0213_-4.4971
19.702_49.5087_-4.47643
19.5902_49.996_-4.4971
