configuration 46.8230323792_-26.2805175781_0.619899316938_0.784681360082_54.818611145_35.6322822571_0.774404309534_0.632691050494
length 66.6133
time 2.67987
roughness 0.000229219
46.823_-26.2805_1.33723
46.9928_-25.8114_1.10988
47.2106_-25.3613_1.13055
47.419_-24.9068_1.15121
47.6274_-24.4523_1.13055
47.8357_-23.9978_1.15121
48.0441_-23.5433_1.13055
48.2525_-23.0888_1.15121
48.4609_-22.6343_1.13055
48.6693_-22.1798_1.15121
48.8777_-21.7253_1.13055
49.0861_-21.2709_1.15121
49.2945_-20.8164_1.13055
49.5029_-20.3619_1.15121
49.7113_-19.9074_1.13055
49.9197_-19.4529_1.15121
50.1281_-18.9984_1.13055
50.3365_-18.5439_1.15121
50.5449_-18.0894_1.13055
50.7533_-17.6349_1.15121
50.9617_-17.1804_1.13055
51.17_-16.7259_1.15121
51.3784_-16.2714_1.13055
51.5868_-15.817_1.15121
51.7952_-15.3625_1.13055
52.0036_-14.908_1.15121
52.212_-14.4535_1.13055
52.4204_-13.999_1.15121
52.6288_-13.5445_1.13055
52.8372_-13.09_1.15121
53.0456_-12.6355_1.13055
53.254_-12.181_1.15121
53.3856_-11.894_1.13055
53.5056_-11.4119_1.52324
53.5138_-10.912_1.58525
53.5015_-10.4122_1.60592
53.4891_-9.91235_1.58525
53.4767_-9.41251_1.60592
53.4643_-8.91268_1.58525
53.4519_-8.41284_1.60592
53.4395_-7.913_1.58525
53.4271_-7.41316_1.60592
53.4147_-6.91333_1.58525
53.4023_-6.41349_1.60592
53.3796_-5.91401_1.62659
53.3569_-5.41454_1.60592
53.3445_-4.9147_1.58525
53.3218_-4.4153_1.64725
53.3812_-3.92207_1.25456
53.6248_-3.48913_0.861856
53.9543_-3.11299_0.841188
54.2837_-2.73686_0.861856
54.6131_-2.36072_0.841188
54.9425_-1.98458_0.861856
55.2719_-1.60845_0.841188
55.609_-1.2392_0.820519
55.9461_-0.869956_0.841188
56.2756_-0.49382_0.861856
56.605_-0.117685_0.841188
56.9421_0.251562_0.820519
57.2792_0.620809_0.841188
57.6086_0.996944_0.861856
57.938_1.37308_0.841188
58.2042_1.66459_0.820519
58.4655_2.0871_1.21322
58.5555_2.57632_1.56458
58.5638_3.07624_1.54391
58.572_3.57617_1.56458
58.5803_4.07609_1.54391
58.5886_4.57601_1.56458
58.5969_5.07593_1.54391
58.6051_5.57586_1.56458
58.6134_6.07578_1.54391
58.6217_6.5757_1.56458
58.63_7.07563_1.54391
58.6382_7.57555_1.56458
58.6362_8.07553_1.58525
58.6341_8.57552_1.56458
58.6424_9.07544_1.54391
58.6507_9.57537_1.56458
58.6486_10.0754_1.58525
58.6465_10.5753_1.56458
58.6548_11.0753_1.54391
58.6631_11.5752_1.56458
58.661_12.0752_1.58525
58.659_12.5752_1.56458
58.6672_13.0751_1.54391
58.6755_13.575_1.56458
58.6735_14.075_1.58525
58.6714_14.575_1.56458
58.6797_15.0749_1.54391
58.6879_15.5748_1.56458
58.6859_16.0748_1.58525
58.6838_16.5748_1.56458
58.6921_17.0747_1.54391
58.7004_17.5746_1.56458
58.6983_18.0746_1.58525
58.6963_18.5746_1.56458
58.7045_19.0745_1.54391
58.7128_19.5745_1.56458
58.7107_20.0744_1.58525
58.7087_20.5744_1.56458
58.717_21.0744_1.54391
58.7252_21.5743_1.56458
58.7232_22.0743_1.58525
58.7211_22.5743_1.56458
58.7294_23.0742_1.54391
58.7377_23.5741_1.56458
58.7356_24.0741_1.58525
58.7335_24.5741_1.56458
58.7418_25.074_1.54391
58.7501_25.5739_1.56458
58.748_26.0739_1.58525
58.746_26.5739_1.56458
58.7543_27.0738_1.54391
58.7625_27.5737_1.56458
58.7608_27.9948_1.58525
58.6568_28.4806_1.97795
58.4355_28.9287_2.08129
58.1957_29.3674_2.06062
57.9559_29.8062_2.08129
57.7162_30.2449_2.06062
57.4764_30.6836_2.08129
57.2366_31.1224_2.06062
56.9968_31.5611_2.08129
56.757_31.9999_2.06062
56.5173_32.4386_2.08129
56.2775_32.8774_2.06062
56.0468_33.321_2.03995
55.8162_33.7646_2.06062
55.5764_34.2033_2.08129
55.3366_34.6421_2.06062
55.1059_35.0857_2.03995
54.8753_35.5293_2.06062
