configuration -3.08480739594_22.5642471313_-0.424155304833_0.905589464041_28.1138801575_4.40596151352_-0.254607913402_0.967044368389
length 39.2732
time 0.206846
roughness 0.000373899
-3.08481_22.5642_-0.876058
-2.69842_22.252_-0.483359
-2.22998_22.0815_-0.21467
-1.74259_21.97_-0.235338
-1.2552_21.8584_-0.21467
-0.767816_21.7468_-0.235338
-0.280429_21.6353_-0.21467
0.206959_21.5237_-0.235338
0.694347_21.4122_-0.21467
1.18174_21.3006_-0.235338
1.66912_21.1891_-0.21467
2.15651_21.0775_-0.235338
2.6439_20.966_-0.21467
3.13129_20.8544_-0.235338
3.61867_20.7429_-0.21467
4.10606_20.6313_-0.235338
4.59345_20.5198_-0.21467
5.08084_20.4082_-0.235338
5.56823_20.2967_-0.21467
6.05561_20.1851_-0.235338
6.543_20.0736_-0.21467
7.03039_19.962_-0.235338
7.51778_19.8504_-0.21467
8.00517_19.7389_-0.235338
8.49255_19.6273_-0.21467
8.97994_19.5158_-0.235338
9.46733_19.4042_-0.21467
9.95472_19.2927_-0.235338
10.4421_19.1811_-0.21467
10.9295_19.0696_-0.235338
11.4169_18.958_-0.21467
11.9043_18.8465_-0.235338
12.3917_18.7349_-0.21467
12.879_18.6234_-0.235338
13.3664_18.5118_-0.21467
13.8538_18.4003_-0.235338
14.3412_18.2887_-0.21467
14.8286_18.1771_-0.235338
15.316_18.0656_-0.21467
15.8034_17.954_-0.235338
16.2908_17.8425_-0.21467
16.7781_17.7309_-0.235338
17.2655_17.6194_-0.21467
17.7529_17.5078_-0.235338
18.2403_17.3963_-0.21467
18.7277_17.2847_-0.235338
19.2151_17.1732_-0.21467
19.7025_17.0616_-0.235338
20.1899_16.9501_-0.21467
20.6773_16.8385_-0.235338
21.1646_16.727_-0.21467
21.6201_16.5285_-0.607369
21.9648_16.1708_-1.00007
22.2128_15.7369_-1.10341
22.4426_15.2928_-1.08274
22.6725_14.8488_-1.10341
22.9024_14.4048_-1.08274
23.1323_13.9608_-1.10341
23.3621_13.5168_-1.08274
23.592_13.0728_-1.10341
23.8219_12.6287_-1.08274
24.0518_12.1847_-1.10341
24.2816_11.7407_-1.08274
24.5115_11.2967_-1.10341
24.7414_10.8527_-1.08274
24.9713_10.4087_-1.10341
25.2011_9.96466_-1.08274
25.431_9.52064_-1.10341
25.6609_9.07663_-1.08274
25.8908_8.63262_-1.10341
26.1206_8.1886_-1.08274
26.3505_7.74459_-1.10341
26.5804_7.30057_-1.08274
26.8102_6.85656_-1.10341
27.0401_6.41254_-1.08274
27.2791_5.97337_-1.06207
27.5181_5.5342_-1.08274
27.748_5.09019_-1.10341
27.9779_4.64617_-1.08274
