configuration 46.8230323792_-26.2805175781_0.619899316938_0.784681360082_54.818611145_35.6322822571_0.774404309534_0.632691050494
length 66.6778
time 1.91568
roughness 0.000221857
46.823_-26.2805_1.33723
46.9928_-25.8114_1.10988
47.2106_-25.3613_1.13055
47.4283_-24.9112_1.10988
47.646_-24.4611_1.13055
47.8638_-24.011_1.10988
48.0815_-23.5609_1.13055
48.2993_-23.1108_1.10988
48.517_-22.6608_1.13055
48.7348_-22.2107_1.10988
48.9525_-21.7606_1.13055
49.1702_-21.3105_1.10988
49.388_-20.8604_1.13055
49.6057_-20.4103_1.10988
49.8327_-19.9648_1.08921
50.0597_-19.5193_1.10988
50.2775_-19.0692_1.13055
50.4952_-18.6192_1.10988
50.7222_-18.1737_1.08921
50.9492_-17.7282_1.10988
51.1669_-17.2781_1.13055
51.3847_-16.828_1.10988
51.6117_-16.3825_1.08921
51.8387_-15.937_1.10988
52.0564_-15.4869_1.13055
52.2742_-15.0368_1.10988
52.5012_-14.5913_1.08921
52.7282_-14.1459_1.10988
52.9459_-13.6958_1.13055
53.1637_-13.2457_1.10988
53.2936_-12.7662_1.50258
53.3225_-12.267_1.52324
53.3411_-11.7674_1.54391
53.3597_-11.2677_1.52324
53.3783_-10.7681_1.54391
53.3969_-10.2684_1.52324
53.4155_-9.76879_1.54391
53.4341_-9.26914_1.52324
53.463_-8.76999_1.50258
53.492_-8.27084_1.52324
53.5106_-7.77119_1.54391
53.5292_-7.27155_1.52324
53.5581_-6.77239_1.50258
53.587_-6.27324_1.52324
53.6056_-5.77359_1.54391
53.6242_-5.27395_1.52324
53.6532_-4.7748_1.50258
53.6821_-4.27564_1.52324
53.7007_-3.776_1.54391
53.7296_-3.27692_1.48191
53.8694_-2.80019_1.08921
54.1655_-2.39974_0.779183
54.5175_-2.04474_0.799851
54.8622_-1.68254_0.820519
55.2069_-1.32034_0.799851
55.5516_-0.958139_0.820519
55.8962_-0.595938_0.799851
56.2409_-0.233737_0.820519
56.5856_0.128464_0.799851
56.9303_0.490665_0.820519
57.2749_0.852866_0.799851
57.6196_1.21507_0.820519
57.9643_1.57727_0.799851
58.309_1.93947_0.820519
58.5629_2.20635_0.799851
58.833_2.62337_1.19255
58.9228_3.11197_1.58525
58.9208_3.61195_1.56458
58.9187_4.11194_1.58525
58.9166_4.61193_1.56458
58.9146_5.11191_1.58525
58.9125_5.6119_1.56458
58.9105_6.11189_1.58525
58.9084_6.61187_1.56458
58.9063_7.11186_1.58525
58.9043_7.61185_1.56458
58.9022_8.11183_1.58525
58.9002_8.61182_1.56458
58.9084_9.11174_1.54391
58.9167_9.61167_1.56458
58.9147_10.1117_1.58525
58.9126_10.6116_1.56458
58.9209_11.1116_1.54391
58.9291_11.6115_1.56458
58.9271_12.1115_1.58525
58.925_12.6115_1.56458
58.9333_13.1114_1.54391
58.9416_13.6113_1.56458
58.9395_14.1113_1.58525
58.9375_14.6113_1.56458
58.9457_15.1112_1.54391
58.954_15.6111_1.56458
58.9519_16.1111_1.58525
58.9499_16.6111_1.56458
58.9582_17.111_1.54391
58.9664_17.6109_1.56458
58.9644_18.1109_1.58525
58.9623_18.6109_1.56458
58.9706_19.1108_1.54391
58.9789_19.6108_1.56458
58.9768_20.1107_1.58525
58.9747_20.6107_1.56458
58.983_21.1107_1.54391
58.9913_21.6106_1.56458
58.9892_22.1106_1.58525
58.9872_22.6106_1.56458
58.9955_23.1105_1.54391
59.0037_23.6104_1.56458
59.0017_24.1104_1.58525
58.9996_24.6104_1.56458
59.0079_25.1103_1.54391
59.0162_25.6102_1.56458
59.0141_26.1102_1.58525
59.012_26.6102_1.56458
59.0203_27.1101_1.54391
59.0118_27.452_1.64725
58.878_27.9304_2.03995
58.6473_28.374_2.06062
58.4167_28.8176_2.03995
58.186_29.2612_2.06062
57.9553_29.7048_2.03995
57.7247_30.1484_2.06062
57.494_30.592_2.03995
57.2634_31.0356_2.06062
57.0327_31.4792_2.03995
56.802_31.9228_2.06062
56.5623_32.3616_2.08129
56.3225_32.8003_2.06062
56.0918_33.2439_2.03995
55.8612_33.6876_2.06062
55.6214_34.1263_2.08129
55.3816_34.565_2.06062
55.1509_35.0086_2.03995
54.9203_35.4523_2.06062
