configuration -4.52205276489_51.1520843506_-0.288179288681_0.957576470876_89.803527832_11.5547637939_-0.656431103106_0.754385980036
length 110.447
time 2.34491
roughness 8.64277e-05
-4.52205_51.1521_-0.58465
-4.06224_50.964_-0.191951
-3.56541_50.9147_-0.0059354
-3.06548_50.9065_-0.0266038
-2.56583_50.8881_-0.0472721
-2.06618_50.8696_-0.0266038
-1.56653_50.8511_-0.0472721
-1.06688_50.8327_-0.0266038
-0.567231_50.8142_-0.0472721
-0.0675809_50.7957_-0.0266038
0.432069_50.7773_-0.0472721
0.931719_50.7588_-0.0266038
1.43137_50.7404_-0.0472721
1.93102_50.7219_-0.0266038
2.43067_50.7034_-0.0472721
2.93032_50.685_-0.0266038
3.42997_50.6665_-0.0472721
3.92962_50.648_-0.0266038
4.42927_50.6296_-0.0472721
4.92892_50.6111_-0.0266038
5.42857_50.5926_-0.0472721
5.92822_50.5742_-0.0266038
6.42787_50.5557_-0.0472721
6.92752_50.5372_-0.0266038
7.42717_50.5188_-0.0472721
7.92682_50.5003_-0.0266038
8.42647_50.4819_-0.0472721
8.92612_50.4634_-0.0266038
9.42577_50.4449_-0.0472721
9.92542_50.4265_-0.0266038
10.4251_50.408_-0.0472721
10.9247_50.3895_-0.0266038
11.4244_50.3711_-0.0472721
11.924_50.3526_-0.0266038
12.4237_50.3341_-0.0472721
12.9233_50.3157_-0.0266038
13.423_50.2972_-0.0472721
13.9226_50.2787_-0.0266038
14.4223_50.2603_-0.0472721
14.9219_50.2418_-0.0266038
15.4216_50.2234_-0.0472721
15.9212_50.2049_-0.0266038
16.4209_50.1864_-0.0472721
16.9205_50.168_-0.0266038
17.4204_50.1598_-0.0059354
17.9204_50.1517_-0.0266038
18.42_50.1332_-0.0472721
18.9197_50.1148_-0.0266038
19.4196_50.1066_-0.0059354
19.9195_50.0985_-0.0266038
20.4192_50.08_-0.0472721
20.9188_50.0616_-0.0266038
21.4187_50.0534_-0.0059354
21.9187_50.0453_-0.0266038
22.4183_50.0268_-0.0472721
22.918_50.0084_-0.0266038
23.4179_50.0002_-0.0059354
23.9178_49.9921_-0.0266038
24.4175_49.9736_-0.0472721
24.9171_49.9552_-0.0266038
25.417_49.947_-0.0059354
25.917_49.9389_-0.0266038
26.4166_49.9204_-0.0472721
26.9163_49.902_-0.0266038
27.4162_49.8938_-0.0059354
27.9161_49.8857_-0.0266038
28.4158_49.8672_-0.0472721
28.9154_49.8488_-0.0266038
29.4153_49.8406_-0.0059354
29.9153_49.8325_-0.0266038
30.4149_49.814_-0.0472721
30.9146_49.7956_-0.0266038
31.4145_49.7874_-0.0059354
31.9144_49.7793_-0.0266038
32.4141_49.7608_-0.0472721
32.9137_49.7424_-0.0266038
33.4136_49.7342_-0.0059354
33.9136_49.7261_-0.0266038
34.4132_49.7076_-0.0472721
34.9129_49.6892_-0.0266038
35.4128_49.681_-0.0059354
35.9127_49.6729_-0.0266038
36.4124_49.6544_-0.0472721
36.912_49.636_-0.0266038
37.4119_49.6278_-0.0059354
37.9119_49.6197_-0.0266038
38.4115_49.6013_-0.0472721
38.9112_49.5828_-0.0266038
39.4111_49.5747_-0.0059354
39.911_49.5665_-0.0266038
40.4107_49.5481_-0.0472721
40.9103_49.5296_-0.0266038
41.4102_49.5215_-0.0059354
41.9102_49.5133_-0.0266038
42.3947_49.4035_-0.419303
42.8002_49.1166_-0.812002
43.1328_48.7433_-0.874007
43.4497_48.3566_-0.894675
43.7666_47.9698_-0.874007
44.0835_47.5831_-0.894675
44.4004_47.1963_-0.874007
44.7173_46.8096_-0.894675
45.0342_46.4229_-0.874007
45.3511_46.0361_-0.894675
45.668_45.6494_-0.874007
45.9849_45.2626_-0.894675
46.3017_44.8759_-0.874007
46.6186_44.4892_-0.894675
46.9355_44.1024_-0.874007
47.2524_43.7157_-0.894675
47.5693_43.3289_-0.874007
47.8941_42.9488_-0.853339
48.219_42.5687_-0.874007
48.5359_42.182_-0.894675
48.8527_41.7952_-0.874007
49.1776_41.4151_-0.853339
49.5024_41.035_-0.874007
49.8193_40.6483_-0.894675
50.1362_40.2615_-0.874007
50.461_39.8814_-0.853339
50.7516_39.5413_-0.874007
51.1386_39.2298_-0.481308
51.5794_38.9938_-0.501976
52.0202_38.7578_-0.481308
52.461_38.5217_-0.501976
52.9017_38.2857_-0.481308
53.3425_38.0497_-0.501976
53.7833_37.8136_-0.481308
54.224_37.5776_-0.501976
54.6648_37.3416_-0.481308
55.1056_37.1055_-0.501976
55.5464_36.8695_-0.481308
55.9871_36.6335_-0.501976
56.4279_36.3974_-0.481308
56.8687_36.1614_-0.501976
57.3094_35.9254_-0.481308
57.7502_35.6893_-0.501976
58.191_35.4533_-0.481308
58.6318_35.2173_-0.501976
59.0725_34.9812_-0.481308
59.5133_34.7452_-0.501976
59.9541_34.5092_-0.481308
60.3948_34.2731_-0.501976
60.8356_34.0371_-0.481308
61.2764_33.8011_-0.501976
61.7172_33.565_-0.481308
62.1579_33.329_-0.501976
62.5987_33.093_-0.481308
63.0395_32.857_-0.501976
63.4802_32.6209_-0.481308
63.921_32.3849_-0.501976
64.3618_32.1489_-0.481308
64.8026_31.9128_-0.501976
65.2433_31.6768_-0.481308
65.6841_31.4408_-0.501976
66.1249_31.2047_-0.481308
66.5656_30.9687_-0.501976
67.0064_30.7327_-0.481308
67.4472_30.4966_-0.501976
67.888_30.2606_-0.481308
68.3287_30.0246_-0.501976
68.7695_29.7885_-0.481308
69.2103_29.5525_-0.501976
69.651_29.3165_-0.481308
70.0918_29.0804_-0.501976
70.5326_28.8444_-0.481308
70.9734_28.6084_-0.501976
71.4141_28.3723_-0.481308
71.8597_28.1455_-0.46064
72.3052_27.9186_-0.481308
72.746_27.6825_-0.501976
73.1868_27.4465_-0.481308
73.6323_27.2196_-0.46064
74.0779_26.9928_-0.481308
74.5187_26.7567_-0.501976
74.9594_26.5207_-0.481308
75.405_26.2938_-0.46064
75.8506_26.067_-0.481308
76.2913_25.8309_-0.501976
76.7321_25.5949_-0.481308
77.1777_25.368_-0.46064
77.6232_25.1411_-0.481308
78.064_24.9051_-0.501976
78.5048_24.6691_-0.481308
78.9503_24.4422_-0.46064
79.3959_24.2153_-0.481308
79.8366_23.9793_-0.501976
80.2774_23.7433_-0.481308
80.723_23.5164_-0.46064
81.1685_23.2895_-0.481308
81.6093_23.0535_-0.501976
82.0501_22.8175_-0.481308
82.4956_22.5906_-0.46064
82.9412_22.3637_-0.481308
83.3819_22.1277_-0.501976
83.8227_21.8916_-0.481308
84.2683_21.6648_-0.46064
84.7138_21.4379_-0.481308
85.1546_21.2019_-0.501976
85.5954_20.9658_-0.481308
86.0409_20.739_-0.46064
86.4343_20.4355_-0.853339
86.6816_20.0047_-1.24604
86.8461_19.5325_-1.22537
87.0202_19.0638_-1.2047
87.1943_18.5951_-1.22537
87.3685_18.1265_-1.2047
87.5426_17.6578_-1.22537
87.7168_17.1891_-1.2047
87.8909_16.7204_-1.22537
88.0651_16.2517_-1.2047
88.2392_15.7831_-1.22537
88.4134_15.3144_-1.2047
88.5875_14.8457_-1.22537
88.7617_14.377_-1.2047
88.9358_13.9083_-1.22537
89.11_13.4396_-1.2047
89.2841_12.971_-1.22537
89.4583_12.5023_-1.2047
89.6324_12.0336_-1.22537
89.7969_11.5614_-1.24604
