configuration 72.6459350586_2.13817882538_-0.994211695618_0.107438839792_19.5581073761_50.1696281433_0.955633460234_0.294558465643
length 88.152
time 1.02903
roughness 7.69621e-05
72.6459_2.13818_-2.9263
72.1545_2.04657_-2.9883
71.6612_1.96512_-2.96764
71.1679_1.88368_-2.9883
70.6745_1.80223_-2.96764
70.1812_1.72079_-2.9883
69.6879_1.63934_-2.96764
69.1946_1.5579_-2.9883
68.7013_1.47645_-2.96764
68.208_1.39501_-2.9883
67.7147_1.31356_-2.96764
67.2213_1.23212_-2.9883
66.728_1.15067_-2.96764
66.2365_1.05905_-2.94697
65.745_0.967426_-2.96764
65.2517_0.885981_-2.9883
64.7584_0.804536_-2.96764
64.2668_0.712913_-2.94697
63.7753_0.62129_-2.96764
63.282_0.539845_-2.9883
62.7887_0.4584_-2.96764
62.2972_0.366777_-2.94697
61.8056_0.275154_-2.96764
61.3123_0.193709_-2.9883
60.819_0.112263_-2.96764
60.3275_0.0206404_-2.94697
59.836_-0.0709826_-2.96764
59.3426_-0.152428_-2.9883
58.8493_-0.233873_-2.96764
58.3578_-0.325496_-2.94697
57.8663_-0.417119_-2.96764
57.373_-0.498564_-2.9883
56.8797_-0.580009_-2.96764
56.3881_-0.671632_-2.94697
55.8966_-0.763255_-2.96764
55.4033_-0.8447_-2.9883
54.91_-0.926145_-2.96764
54.4185_-1.01777_-2.94697
53.9269_-1.10939_-2.96764
53.4336_-1.19084_-2.9883
52.9403_-1.27228_-2.96764
52.4488_-1.3639_-2.94697
51.9573_-1.45553_-2.96764
51.4639_-1.53697_-2.9883
50.9706_-1.61842_-2.96764
50.4791_-1.71004_-2.94697
49.9876_-1.80166_-2.96764
49.4943_-1.88311_-2.9883
49.001_-1.96455_-2.96764
48.5094_-2.05618_-2.94697
48.0179_-2.1478_-2.96764
47.5246_-2.22925_-2.9883
47.0313_-2.31069_-2.96764
46.5398_-2.40231_-2.94697
46.0482_-2.49394_-2.96764
45.6836_-2.54642_-3.02964
45.1886_-2.50454_-3.42234
44.7473_-2.27641_-3.81504
44.3951_-1.92301_-4.04239
44.0887_-1.52792_-4.06306
43.7823_-1.13282_-4.04239
43.4758_-0.737732_-4.06306
43.1694_-0.342639_-4.04239
42.863_0.052453_-4.06306
42.5566_0.447545_-4.04239
42.2502_0.842638_-4.06306
41.9437_1.23773_-4.04239
41.6373_1.63282_-4.06306
41.3309_2.02791_-4.04239
41.0245_2.42301_-4.06306
40.7181_2.8181_-4.04239
40.4116_3.21319_-4.06306
40.1052_3.60828_-4.04239
39.7988_4.00338_-4.06306
39.4924_4.39847_-4.04239
39.186_4.79356_-4.06306
38.8795_5.18865_-4.04239
38.5731_5.58375_-4.06306
38.2667_5.97884_-4.04239
37.9603_6.37393_-4.06306
37.6539_6.76902_-4.04239
37.3474_7.16411_-4.06306
37.041_7.55921_-4.04239
36.7346_7.9543_-4.06306
36.4282_8.34939_-4.04239
36.1137_8.73807_-4.02172
35.7991_9.12674_-4.04239
35.4927_9.52183_-4.06306
35.1863_9.91693_-4.04239
34.8718_10.3056_-4.02172
34.5573_10.6943_-4.04239
34.2508_11.0894_-4.06306
33.9444_11.4845_-4.04239
33.6299_11.8731_-4.02172
33.3154_12.2618_-4.04239
33.009_12.6569_-4.06306
32.7025_13.052_-4.04239
32.388_13.4407_-4.02172
32.0735_13.8293_-4.04239
31.7671_14.2244_-4.06306
31.4607_14.6195_-4.04239
31.1461_15.0082_-4.02172
30.8316_15.3969_-4.04239
30.5252_15.792_-4.06306
30.2188_16.1871_-4.04239
29.9043_16.5757_-4.02172
29.5898_16.9644_-4.04239
29.2833_17.3595_-4.06306
28.9769_17.7546_-4.04239
28.6624_18.1433_-4.02172
28.3479_18.532_-4.04239
28.0415_18.927_-4.06306
27.735_19.3221_-4.04239
27.4205_19.7108_-4.02172
27.106_20.0995_-4.04239
26.7996_20.4946_-4.06306
26.4932_20.8897_-4.04239
26.1786_21.2783_-4.02172
25.8641_21.667_-4.04239
25.6375_22.1091_-4.43509
25.5156_22.594_-4.4971
25.4139_23.0835_-4.51776
25.3121_23.573_-4.4971
25.2103_24.0625_-4.51776
25.1086_24.5521_-4.4971
25.0068_25.0416_-4.51776
24.905_25.5311_-4.4971
24.8033_26.0206_-4.51776
24.7015_26.5102_-4.4971
24.5998_26.9997_-4.51776
24.498_27.4892_-4.4971
24.3962_27.9787_-4.51776
24.2945_28.4683_-4.4971
24.1927_28.9578_-4.51776
24.091_29.4473_-4.4971
23.9791_29.9346_-4.47643
23.8672_30.422_-4.4971
23.7655_30.9115_-4.51776
23.6637_31.401_-4.4971
23.5519_31.8883_-4.47643
23.44_32.3756_-4.4971
23.3382_32.8652_-4.51776
23.2365_33.3547_-4.4971
23.1246_33.842_-4.47643
23.0128_34.3293_-4.4971
22.911_34.8189_-4.51776
22.8092_35.3084_-4.4971
22.6974_35.7957_-4.47643
22.5855_36.283_-4.4971
22.4838_36.7725_-4.51776
22.382_37.2621_-4.4971
22.2701_37.7494_-4.47643
22.1583_38.2367_-4.4971
22.0565_38.7262_-4.51776
21.9548_39.2158_-4.4971
21.8429_39.7031_-4.47643
21.7311_40.1904_-4.4971
21.6293_40.6799_-4.51776
21.5275_41.1694_-4.4971
21.4157_41.6568_-4.47643
21.3038_42.1441_-4.4971
21.2021_42.6336_-4.51776
21.1003_43.1231_-4.4971
20.9884_43.6105_-4.47643
20.8766_44.0978_-4.4971
20.7748_44.5873_-4.51776
20.6731_45.0768_-4.4971
20.5612_45.5641_-4.47643
20.4493_46.0515_-4.4971
20.3476_46.541_-4.51776
20.2458_47.0305_-4.4971
20.134_47.5178_-4.47643
20.0221_48.0052_-4.4971
19.9203_48.4947_-4.51776
19.8186_48.9842_-4.4971
19.7067_49.4715_-4.47643
19.5949_49.9588_-4.4971
