configuration 72.6459350586_2.13817882538_-0.994211695618_0.107438839792_19.5581073761_50.1696281433_0.955633460234_0.294558465643
length 88.2125
time 1.86821
roughness 8.60793e-05
72.6459_2.13818_-2.9263
72.1545_2.04657_-2.9883
71.6612_1.96512_-2.96764
71.1679_1.88368_-2.9883
70.6745_1.80223_-2.96764
70.1812_1.72079_-2.9883
69.6879_1.63934_-2.96764
69.1946_1.5579_-2.9883
68.7013_1.47645_-2.96764
68.208_1.39501_-2.9883
67.7147_1.31356_-2.96764
67.2213_1.23212_-2.9883
66.728_1.15067_-2.96764
66.2347_1.06923_-2.9883
65.7414_0.987782_-2.96764
65.2481_0.906337_-2.9883
64.7532_0.835104_-3.00897
64.2583_0.763872_-2.9883
63.765_0.682427_-2.96764
63.2717_0.600982_-2.9883
62.7768_0.529749_-3.00897
62.2819_0.458517_-2.9883
61.7886_0.377071_-2.96764
61.2953_0.295626_-2.9883
60.8004_0.224394_-3.00897
60.3055_0.153161_-2.9883
59.8122_0.0717161_-2.96764
59.3189_-0.00972902_-2.9883
58.824_-0.0809615_-3.00897
58.3291_-0.152194_-2.9883
57.8358_-0.233639_-2.96764
57.3425_-0.315084_-2.9883
56.8476_-0.386317_-3.00897
56.3527_-0.457549_-2.9883
55.8594_-0.538994_-2.96764
55.3661_-0.62044_-2.9883
54.8712_-0.691672_-3.00897
54.3763_-0.762905_-2.9883
53.883_-0.84435_-2.96764
53.3896_-0.925795_-2.9883
52.8948_-0.997027_-3.00897
52.3999_-1.06826_-2.9883
51.9066_-1.14971_-2.96764
51.4132_-1.23115_-2.9883
50.9184_-1.30238_-3.00897
50.4235_-1.37362_-2.9883
49.9301_-1.45506_-2.96764
49.4368_-1.53651_-2.9883
48.9419_-1.60774_-3.00897
48.4471_-1.67897_-2.9883
47.9537_-1.76042_-2.96764
47.4604_-1.84186_-2.9883
46.9655_-1.91309_-3.00897
46.4706_-1.98433_-2.9883
45.9773_-2.06577_-2.96764
45.4807_-2.05465_-3.36034
45.0261_-1.8543_-3.75303
44.6599_-1.51605_-4.02172
44.3374_-1.13396_-4.00105
44.0149_-0.751864_-4.02172
43.6924_-0.369772_-4.00105
43.3699_0.01232_-4.02172
43.0475_0.394412_-4.00105
42.725_0.776504_-4.02172
42.4025_1.1586_-4.00105
42.08_1.54069_-4.02172
41.7575_1.92278_-4.00105
41.435_2.30487_-4.02172
41.1125_2.68696_-4.00105
40.7901_3.06906_-4.02172
40.4676_3.45115_-4.00105
40.1373_3.82649_-3.98039
39.8069_4.20184_-4.00105
39.4845_4.58393_-4.02172
39.162_4.96602_-4.00105
38.8317_5.34137_-3.98039
38.5013_5.71671_-4.00105
38.1789_6.09881_-4.02172
37.8564_6.4809_-4.00105
37.5261_6.85624_-3.98039
37.1958_7.23159_-4.00105
36.8733_7.61368_-4.02172
36.5508_7.99577_-4.00105
36.2205_8.37112_-3.98039
35.8902_8.74646_-4.00105
35.5677_9.12856_-4.02172
35.2452_9.51065_-4.00105
34.9149_9.88599_-3.98039
34.5846_10.2613_-4.00105
34.2621_10.6434_-4.02172
33.9396_11.0255_-4.00105
33.6093_11.4009_-3.98039
33.279_11.7762_-4.00105
32.9565_12.1583_-4.02172
32.634_12.5404_-4.00105
32.3037_12.9157_-3.98039
31.9734_13.2911_-4.00105
31.6509_13.6732_-4.02172
31.3284_14.0553_-4.00105
30.9981_14.4306_-3.98039
30.6678_14.806_-4.00105
30.3453_15.1881_-4.02172
30.0228_15.5701_-4.00105
29.6925_15.9455_-3.98039
29.3622_16.3208_-4.00105
29.0397_16.7029_-4.02172
28.7172_17.085_-4.00105
28.3869_17.4604_-3.98039
28.0566_17.8357_-4.00105
27.7341_18.2178_-4.02172
27.4116_18.5999_-4.00105
27.0813_18.9752_-3.98039
26.751_19.3506_-4.00105
26.4285_19.7327_-4.02172
26.106_20.1148_-4.00105
25.7757_20.4901_-3.98039
25.4454_20.8655_-4.00105
25.1229_21.2476_-4.02172
24.8872_21.6849_-4.41442
24.7754_22.1718_-4.5591
24.7042_22.6667_-4.57977
24.633_23.1616_-4.5591
24.5617_23.6565_-4.57977
24.4905_24.1513_-4.5591
24.4193_24.6462_-4.57977
24.348_25.1411_-4.5591
24.2768_25.636_-4.57977
24.2056_26.1309_-4.5591
24.1343_26.6258_-4.57977
24.0631_27.1207_-4.5591
23.9919_27.6156_-4.57977
23.9206_28.1105_-4.5591
23.8494_28.6054_-4.57977
23.7782_29.1003_-4.5591
23.707_29.5951_-4.57977
23.6357_30.09_-4.5591
23.5645_30.5849_-4.57977
23.4933_31.0798_-4.5591
23.422_31.5747_-4.57977
23.3508_32.0696_-4.5591
23.2796_32.5645_-4.57977
23.2083_33.0594_-4.5591
23.1371_33.5543_-4.57977
23.0659_34.0492_-4.5591
22.9946_34.5441_-4.57977
22.9234_35.0389_-4.5591
22.8522_35.5338_-4.57977
22.7809_36.0287_-4.5591
22.7097_36.5236_-4.57977
22.6385_37.0185_-4.5591
22.5672_37.5134_-4.57977
22.496_38.0083_-4.5591
22.4146_38.5016_-4.53843
22.3331_38.9949_-4.5591
22.2619_39.4898_-4.57977
22.2218_39.8824_-4.64177
22.1405_40.3751_-4.45576
22.0086_40.8573_-4.43509
21.8767_41.3396_-4.45576
21.7448_41.8219_-4.43509
21.6129_42.3042_-4.45576
21.491_42.7891_-4.47643
21.3691_43.274_-4.45576
21.2372_43.7563_-4.43509
21.1053_44.2385_-4.45576
20.9834_44.7234_-4.47643
20.8615_45.2083_-4.45576
20.7296_45.6906_-4.43509
20.5977_46.1729_-4.45576
20.4758_46.6578_-4.47643
20.3539_47.1427_-4.45576
20.222_47.625_-4.43509
20.0901_48.1073_-4.45576
19.9682_48.5922_-4.47643
19.8463_49.0771_-4.45576
19.7144_49.5594_-4.43509
19.5825_50.0416_-4.45576
