configuration 72.6459350586_2.13817882538_-0.994211695618_0.107438839792_19.5581073761_50.1696281433_0.955633460234_0.294558465643
length 117.004
time 300
roughness 0.0058761
72.6459_2.13818_-2.9263
72.1492_2.12877_-3.319
71.6867_2.31015_-3.7117
71.2933_2.6175_-3.89771
70.926_2.95677_-3.87704
70.5587_3.29603_-3.89771
70.1914_3.6353_-3.87704
69.8172_3.96691_-3.85638
69.443_4.29852_-3.87704
69.4219_4.32546_-2.80229
68.9599_4.135_-2.69895
68.5059_3.92552_-2.71962
68.0476_3.72546_-2.74028
67.5894_3.52541_-2.71962
67.1354_3.31593_-2.69895
66.6814_3.10645_-2.71962
66.2232_2.90639_-2.74028
65.765_2.70634_-2.71962
65.311_2.49686_-2.69895
64.857_2.28737_-2.71962
64.3728_2.17623_-3.11231
63.8732_2.18742_-3.21566
63.3749_2.22957_-3.23633
62.8767_2.27172_-3.21566
62.3785_2.31387_-3.23633
61.8803_2.35602_-3.21566
61.3821_2.39816_-3.23633
60.8839_2.44031_-3.21566
60.2084_2.5083_-3.7117
59.8505_2.85287_-4.1044
59.6517_3.30816_-4.4971
59.55_3.79769_-4.51776
59.4583_4.28921_-4.53843
59.3667_4.78074_-4.51776
59.2751_5.27226_-4.53843
59.1835_5.76379_-4.51776
59.0918_6.25531_-4.53843
59.0002_6.74684_-4.51776
58.9027_7.21255_-4.41442
58.7411_7.68567_-4.35242
58.5602_8.15177_-4.33175
58.3793_8.61787_-4.35242
58.1983_9.08397_-4.33175
58.0078_9.54623_-4.31108
57.8172_10.0085_-4.33175
57.6363_10.4746_-4.35242
57.4553_10.9407_-4.33175
57.1704_11.6446_-3.91838
56.8326_12.0128_-4.02172
56.5101_12.3949_-4.00105
56.1798_12.7703_-3.98039
55.8495_13.1456_-4.00105
55.527_13.5277_-4.02172
55.2045_13.9098_-4.00105
54.8742_14.2852_-3.98039
54.5439_14.6605_-4.00105
54.2214_15.0426_-4.02172
53.9398_15.3624_-3.79437
53.4939_15.5813_-3.40167
53.0015_15.6644_-3.21566
52.5033_15.7065_-3.23633
52.0051_15.7487_-3.21566
51.5069_15.7908_-3.23633
51.0087_15.833_-3.21566
50.5097_15.8648_-3.19499
50.0107_15.8967_-3.21566
49.3263_15.9517_-2.76095
48.8871_15.715_-2.5336
48.4738_15.4337_-2.55427
48.0547_15.1609_-2.57494
47.6357_14.8882_-2.55427
47.2166_14.6155_-2.57494
46.7976_14.3427_-2.55427
46.3785_14.07_-2.57494
45.9595_13.7972_-2.55427
45.3557_13.3927_-2.1409
45.0112_13.0349_-2.5336
44.5816_12.7799_-2.67828
44.1366_12.5518_-2.65761
43.6917_12.3238_-2.67828
43.2467_12.0957_-2.65761
43.2467_12.0957_-2.65761
42.7851_11.9054_-2.84363
42.3057_11.7636_-2.86429
41.8262_11.6218_-2.84363
41.3468_11.4799_-2.86429
40.8673_11.3381_-2.84363
40.3879_11.1962_-2.86429
39.9056_11.0643_-2.88496
39.4233_10.9324_-2.86429
38.8795_10.7705_-3.48435
38.3957_10.8939_-3.29833
37.9011_10.9668_-3.27766
37.4064_11.0398_-3.29833
36.9118_11.1127_-3.27766
36.4171_11.1857_-3.29833
35.9225_11.2586_-3.27766
35.4279_11.3315_-3.29833
34.9862_11.4943_-3.69103
34.9425_11.4103_-4.72445
34.8515_11.8986_-4.33175
34.5805_12.315_-3.93905
34.1707_12.596_-3.54635
33.6863_12.7089_-3.19499
33.1873_12.7408_-3.21566
32.6884_12.7726_-3.19499
32.1888_12.7941_-3.17432
31.6893_12.8157_-3.19499
31.37_12.8384_-3.98039
30.9722_13.136_-3.58769
30.5147_13.3376_-3.52568
30.0493_13.5202_-3.50501
29.5838_13.7028_-3.52568
29.1222_13.8949_-3.54635
28.6606_14.087_-3.52568
28.0265_14.3418_-4.1044
27.6686_14.6864_-3.7117
27.2251_14.9156_-3.52568
26.7635_15.1078_-3.54635
26.3019_15.2999_-3.52568
25.8403_15.492_-3.54635
25.3787_15.6842_-3.52568
24.9171_15.8763_-3.54635
24.4555_16.0684_-3.52568
23.8419_16.3249_-4.06306
23.5437_16.7262_-4.08373
23.2455_17.1276_-4.06306
22.9473_17.5289_-4.08373
22.6491_17.9302_-4.06306
22.3509_18.3316_-4.08373
22.3509_18.3316_-4.08373
22.1332_18.7788_-4.43509
22.0013_19.2611_-4.45576
21.8694_19.7434_-4.43509
21.7375_20.2257_-4.45576
21.6056_20.708_-4.43509
21.4737_21.1902_-4.45576
21.3418_21.6725_-4.43509
21.2_22.152_-4.41442
21.1347_22.3998_-5.44784
21.3897_22.8261_-5.05514
21.4622_23.3176_-4.66244
21.3411_23.7994_-4.26974
21.113_24.2443_-4.20774
20.8758_24.6844_-4.22841
20.6386_25.1245_-4.20774
20.4014_25.5647_-4.22841
20.1733_26.0096_-4.24908
19.9453_26.4546_-4.22841
19.766_26.7951_-4.45576
19.6046_27.2679_-4.31108
19.4046_27.7261_-4.29041
19.2045_28.1843_-4.31108
19.0045_28.6425_-4.29041
18.8044_29.1008_-4.31108
18.6044_29.559_-4.29041
18.4043_30.0172_-4.31108
18.2042_30.4754_-4.29041
18.0261_30.8882_-3.58769
17.5545_31.051_-3.36034
17.0676_31.1646_-3.381
16.5806_31.2781_-3.36034
16.0937_31.3916_-3.381
15.6068_31.5052_-3.36034
15.6068_31.5052_-3.36034
15.1199_31.6187_-3.381
14.6329_31.7323_-3.36034
14.146_31.8458_-3.381
13.6591_31.9593_-3.36034
13.1721_32.0729_-3.381
13.1721_32.0729_-3.381
12.6795_32.1559_-3.23633
12.1823_32.2084_-3.25699
11.6851_32.2608_-3.23633
11.1878_32.3132_-3.25699
10.6918_32.3759_-3.27766
10.1957_32.4387_-3.25699
9.88843_32.4669_-4.02172
9.50332_32.7807_-3.62902
9.02743_32.9233_-3.23633
8.52852_32.9551_-3.17432
8.02866_32.9663_-3.15365
7.52879_32.9775_-3.17432
7.17229_33.0606_-3.56702
7.17229_33.0606_-3.95972
7.17229_33.0606_-4.35242
7.17229_33.0606_-4.74512
7.17229_33.0606_-5.13782
7.15778_32.9794_-6.17123
7.63115_33.1302_-5.77853
8.0108_33.4506_-5.38584
8.23893_33.8919_-4.99314
8.2911_34.3866_-4.64177
8.26098_34.8857_-4.66244
8.23085_35.3847_-4.64177
8.20073_35.8838_-4.66244
8.17061_36.3829_-4.64177
8.1327_37.0413_-4.47643
8.08213_37.5373_-4.74512
8.10366_38.0368_-4.76578
8.1458_38.5349_-4.82779
8.13734_38.6392_-4.43509
8.15495_38.6413_-3.381
7.70458_38.851_-3.7737
7.36874_39.2171_-4.1664
7.19856_39.6838_-4.5591
7.21995_40.1802_-4.9518
7.60084_40.5885_-5.77853
7.98049_40.9089_-5.38584
8.20862_41.3502_-4.99314
8.2505_41.8452_-4.60044
8.09975_42.3186_-4.20774
7.79455_42.7121_-3.89771
7.40729_43.0277_-3.75303
7.40019_43.0329_-8.87879
7.40019_43.0329_-9.27149
7.40019_43.0329_-9.66419
7.40019_43.0329_-10.0569
7.06435_43.399_-10.4496
6.89417_43.8657_-10.8423
6.91556_44.362_-11.235
7.12526_44.8124_-11.6277
7.49134_45.1482_-12.0204
7.95807_45.3184_-12.4131
8.4063_45.0729_-6.5226
8.90263_45.0515_-6.1299
9.38065_45.1929_-5.86121
9.83888_45.3929_-5.88188
10.2971_45.593_-5.86121
10.7511_45.8025_-5.84054
11.0555_45.9419_-6.23324
11.5373_46.063_-5.84054
11.9721_46.3091_-5.69586
12.3911_46.5818_-5.71653
12.9737_46.9531_-5.81987
13.3795_47.2418_-5.50985
13.7408_47.5874_-5.53051
14.1022_47.9329_-5.50985
14.4564_48.2858_-5.48918
14.8105_48.6388_-5.50985
15.1719_48.9843_-5.53051
15.5333_49.3299_-5.50985
15.8874_49.6828_-5.48918
16.268_50.0584_-6.15057
16.7662_50.0988_-6.25391
17.2661_50.1082_-6.27458
17.766_50.1177_-6.25391
18.2659_50.1272_-6.27458
18.7658_50.1367_-6.25391
18.7658_50.1367_-6.25391
19.2654_50.1565_-6.23324
19.5443_50.2266_-5.84054
19.5443_50.2266_-5.44784
19.5443_50.2266_-5.05514
19.5443_50.2266_-4.66244
19.5443_50.2266_-4.66244
19.5443_50.2266_-4.26974
19.5443_50.2266_-4.26974
