configuration -4.52205276489_51.1520843506_-0.288179288681_0.957576470876_89.803527832_11.5547637939_-0.656431103106_0.754385980036
length 128.122
time 300
roughness 0.000679888
-4.52205_51.1521_-0.58465
-4.09681_50.8892_-0.522645
-3.66102_50.6441_-0.501976
-3.22522_50.399_-0.522645
-2.78942_50.154_-0.501976
-2.35362_49.9089_-0.522645
-2.35362_49.9089_-0.522645
-1.88583_49.7397_-0.171282
-1.39406_49.6494_-0.191951
-0.902292_49.5591_-0.171282
-0.410524_49.4688_-0.191951
0.0792721_49.3683_-0.212619
0.569068_49.2679_-0.191951
1.06084_49.1776_-0.171282
1.5526_49.0873_-0.191951
2.0424_48.9868_-0.212619
2.44439_48.9137_-0.398634
2.89434_48.6962_-0.501976
3.33014_48.4511_-0.522645
3.76594_48.206_-0.501976
4.20174_47.9609_-0.522645
4.63238_47.7069_-0.543313
5.06302_47.4528_-0.522645
5.49882_47.2077_-0.501976
5.93462_46.9627_-0.522645
6.36526_46.7086_-0.543313
6.69425_46.522_-0.233287
7.18863_46.4522_-0.0472721
7.68779_46.4234_-0.0679405
8.18695_46.3947_-0.0472721
8.68611_46.3659_-0.0679405
9.18528_46.3371_-0.0472721
9.68444_46.3083_-0.0679405
10.1836_46.2795_-0.0472721
10.6828_46.2507_-0.0679405
11.3376_46.2057_0.469437
11.816_46.3397_0.0767381
12.3146_46.3213_-0.150614
12.8081_46.2412_-0.171282
13.3016_46.161_-0.150614
13.7952_46.0809_-0.171282
14.2887_46.0008_-0.150614
14.7838_45.9309_-0.129946
15.2789_45.861_-0.150614
15.5733_45.8132_-1.10136
15.8802_45.4225_-0.70866
16.3132_45.179_-0.315961
16.8035_45.089_-0.0472721
17.3031_45.0705_-0.0266038
17.8028_45.052_-0.0472721
18.3024_45.0336_-0.0266038
18.8024_45.0254_-0.0059354
19.3023_45.0173_-0.0266038
19.6461_45.0076_0.841468
19.9595_45.397_0.94481
20.2482_45.8051_0.965478
20.537_46.2133_0.94481
20.8257_46.6215_0.965478
21.1144_47.0297_0.94481
21.4032_47.4379_0.965478
21.6919_47.8461_0.94481
21.9807_48.2543_0.965478
22.408_48.8742_0.552111
22.772_49.2122_0.94481
23.0608_49.6204_0.965478
23.3495_50.0286_0.94481
23.6382_50.4368_0.965478
23.927_50.845_0.94481
24.2157_51.2532_0.965478
24.5045_51.6614_0.94481
24.7932_52.0696_0.965478
25.0819_52.4778_0.94481
25.3772_52.8773_0.924141
25.7417_53.2158_0.572779
26.1591_53.4912_0.593447
26.5707_53.775_0.614116
26.9823_54.0589_0.593447
27.3939_54.3428_0.614116
27.8055_54.6267_0.593447
28.217_54.9105_0.614116
28.6286_55.1944_0.593447
28.9293_55.3934_-0.233287
29.419_55.2929_-0.171282
29.9108_55.2026_-0.191951
30.4026_55.1123_-0.171282
30.8943_55.022_-0.191951
31.3861_54.9317_-0.171282
31.8779_54.8414_-0.191951
32.3696_54.7511_-0.171282
32.8614_54.6608_-0.191951
33.3532_54.5705_-0.171282
33.8432_54.491_-0.233287
34.3284_54.3704_-0.253956
34.8111_54.2398_-0.274624
35.2937_54.1092_-0.253956
35.7763_53.9785_-0.274624
36.2561_53.838_-0.295293
36.736_53.6974_-0.274624
37.2186_53.5668_-0.253956
37.7012_53.4362_-0.274624
38.1811_53.2957_-0.295293
38.6417_53.171_-0.150614
39.1088_53.0021_-0.543313
39.5286_52.7305_-0.605318
39.9368_52.4418_-0.625987
40.3449_52.153_-0.605318
40.7531_51.8643_-0.625987
41.1613_51.5756_-0.605318
41.5695_51.2868_-0.625987
41.9717_50.9897_-0.646655
42.2921_50.7609_0.262753
42.7842_50.8452_0.0767381
43.2823_50.8887_0.0974065
43.7804_50.9322_0.0767381
44.2785_50.9757_0.0974065
44.7766_51.0191_0.0767381
44.7766_51.0191_0.0767381
45.276_51.042_0.014733
45.7758_51.0545_0.0354013
46.2757_51.0671_0.014733
46.7757_51.0693_-0.0059354
47.2757_51.0715_0.014733
47.2757_51.0715_0.014733
47.7755_51.0633_-0.0472721
48.2752_51.0449_-0.0266038
48.7748_51.0264_-0.0472721
49.2745_51.0079_-0.0266038
49.7741_50.9895_-0.0472721
50.2733_50.9607_-0.0679405
50.7724_50.9319_-0.0472721
51.2721_50.9134_-0.0266038
51.9435_50.8851_-0.522645
52.414_50.7258_-0.129946
52.9125_50.728_0.138743
53.407_50.8023_0.159412
53.9014_50.8765_0.138743
54.3959_50.9508_0.159412
54.8903_51.0251_0.138743
55.3848_51.0993_0.159412
55.8792_51.1736_0.138743
56.3737_51.2479_0.159412
56.8681_51.3221_0.138743
57.3641_51.2935_-0.253956
57.8438_51.153_-0.315961
58.3206_51.0025_-0.295293
58.7975_50.8521_-0.315961
59.2711_50.6918_-0.336629
59.7447_50.5316_-0.315961
60.2215_50.3811_-0.295293
60.6983_50.2307_-0.315961
61.1427_50.0816_0.469437
61.6211_50.2156_0.0767381
62.1144_50.1563_-0.315961
62.5767_49.9672_-0.46064
63.0223_49.7403_-0.481308
63.4678_49.5134_-0.46064
63.9134_49.2866_-0.481308
64.359_49.0597_-0.46064
64.8045_48.8328_-0.481308
65.4543_48.5091_-0.853339
65.7547_48.1099_-0.998017
66.03_47.6925_-0.977349
66.3053_47.2752_-0.998017
66.5806_46.8578_-0.977349
66.8559_46.4404_-0.998017
67.1312_46.023_-0.977349
67.4065_45.6057_-0.998017
67.6818_45.1883_-0.977349
67.9571_44.7709_-0.998017
68.2324_44.3536_-0.977349
68.5078_43.9362_-0.998017
68.7744_43.5132_-1.01869
69.041_43.0903_-0.998017
69.3076_42.6673_-1.01869
69.5742_42.2443_-0.998017
69.8496_41.827_-0.977349
70.1249_41.4096_-0.998017
70.3915_40.9866_-1.01869
70.754_40.4178_-0.522645
71.1278_40.0906_-0.915344
71.4201_39.685_-0.977349
71.6954_39.2676_-0.998017
71.9707_38.8503_-0.977349
72.246_38.4329_-0.998017
72.246_38.4329_-0.998017
72.4286_37.9709_-1.39072
72.5029_37.4765_-1.45272
72.5669_36.9806_-1.43205
72.6309_36.4848_-1.45272
72.695_35.9889_-1.43205
72.7692_35.4944_-1.41138
72.8435_35_-1.43205
72.9075_34.5041_-1.45272
72.9824_33.9809_-0.791334
73.3516_33.644_-0.687992
73.7411_33.3305_-0.667323
74.1306_33.017_-0.687992
74.5201_32.7035_-0.667323
74.9096_32.3901_-0.687992
75.2992_32.0766_-0.667323
75.6951_31.7712_-0.646655
76.091_31.4659_-0.667323
76.4805_31.1524_-0.687992
76.7503_30.9386_-0.998017
77.0958_30.5816_-0.605318
77.5209_30.3188_-0.501976
77.9617_30.0828_-0.481308
78.4025_29.8468_-0.501976
78.8432_29.6107_-0.481308
79.284_29.3747_-0.501976
79.7248_29.1387_-0.481308
80.1656_28.9026_-0.501976
80.2404_28.879_-0.109277
80.2441_28.861_0.986146
80.5939_29.2139_0.593447
81.052_29.406_0.200748
81.5493_29.4185_-0.150614
82.0444_29.3486_-0.129946
82.5394_29.2787_-0.150614
83.0345_29.2088_-0.129946
83.5309_29.1491_-0.109277
84.0274_29.0894_-0.129946
84.4864_29.0281_0.262753
84.9821_29.0611_-0.129946
85.4565_28.9114_-0.481308
85.8973_28.6754_-0.501976
86.338_28.4394_-0.481308
86.7836_28.2125_-0.46064
87.3936_27.8915_-1.06002
87.6853_27.4868_-0.83267
88.0256_27.1204_-0.812002
88.3658_26.7541_-0.83267
88.7061_26.3877_-0.812002
89.0463_26.0213_-0.83267
89.3866_25.655_-0.812002
89.7035_25.3144_-1.43205
89.7366_24.8159_-1.57673
89.7388_24.3159_-1.55606
89.741_23.816_-1.57673
89.7432_23.316_-1.55606
89.7454_22.816_-1.57673
89.7454_22.816_-1.57673
89.7476_22.316_-1.55606
89.7498_21.816_-1.57673
89.752_21.316_-1.55606
89.7542_20.816_-1.57673
89.7564_20.3161_-1.55606
89.7564_20.3161_-1.55606
89.7586_19.8161_-1.57673
89.7608_19.3161_-1.55606
89.763_18.8161_-1.57673
89.7652_18.3161_-1.55606
89.7674_17.8161_-1.57673
89.7674_17.8161_-1.57673
89.7696_17.3161_-1.55606
89.7718_16.8161_-1.57673
89.774_16.3162_-1.55606
89.7762_15.8162_-1.57673
89.7784_15.3162_-1.55606
89.7784_15.3162_-1.55606
89.7806_14.8162_-1.57673
89.7828_14.3162_-1.55606
89.785_13.8162_-1.57673
89.7872_13.3162_-1.55606
89.7894_12.8163_-1.57673
89.7916_12.3163_-1.55606
89.8041_11.8164_-1.53539
