configuration -17.6504554749_-22.9172973633_0.256229049699_0.256229049699_76.2194671631_43.7661514282_0.386216847154_0.922408015454
length 143.932
time 0.949812
roughness 0.000633931
-17.6505_-22.9173_0.150019
-17.1632_-22.8071_0.294697
-16.6863_-22.657_0.315366
-16.2094_-22.5068_0.294697
-15.7325_-22.3567_0.315366
-15.2555_-22.2065_0.294697
-14.8175_-21.9722_0.687396
-14.4343_-21.651_0.708065
-14.0579_-21.3219_0.728733
-13.6815_-20.9928_0.708065
-13.305_-20.6637_0.728733
-12.9033_-20.3673_0.542718
-12.4778_-20.1047_0.563386
-12.0524_-19.842_0.542718
-11.6269_-19.5794_0.563386
-11.2015_-19.3167_0.542718
-10.7608_-19.0811_0.439376
-10.3105_-18.8637_0.460044
-9.8602_-18.6464_0.439376
-9.40992_-18.429_0.460044
-8.95964_-18.2117_0.439376
-8.52946_-17.9582_0.625391
-8.12715_-17.6614_0.64606
-7.72484_-17.3645_0.625391
-7.32252_-17.0676_0.64606
-6.92021_-16.7707_0.625391
-6.58192_-16.4069_1.01809
-6.40861_-15.9413_1.41079
-6.3855_-15.443_1.63814
-6.41399_-14.9438_1.61747
-6.43216_-14.4441_1.5968
-6.43216_-14.4441_1.20411
-6.16699_-14.024_0.811406
-5.76124_-13.7374_0.418707
-5.27667_-13.6278_0.0260083
-4.78707_-13.712_-0.366691
-4.78707_-13.712_0.0260083
-4.30251_-13.6025_0.418707
-3.89676_-13.3158_0.811406
-3.63159_-12.8957_1.20411
-3.54737_-12.4061_1.5968
-3.58616_-11.9078_1.70015
-3.64552_-11.4114_1.67948
-3.70489_-10.9149_1.70015
-3.76426_-10.4185_1.67948
-3.82362_-9.92201_1.70015
-3.90344_-9.4285_1.76215
-4.0036_-8.93865_1.78282
-4.10376_-8.44879_1.76215
-4.20393_-7.95893_1.78282
-4.30409_-7.46908_1.76215
-4.49191_-7.00916_2.15485
-4.81245_-6.62683_2.3822
-5.1715_-6.27887_2.36153
-5.52328_-5.92356_2.34087
-5.87505_-5.56825_2.36153
-6.15326_-5.15666_1.96884
-6.25278_-4.66994_1.57614
-6.20906_-4.17258_1.39012
-6.12431_-3.67982_1.41079
-6.04975_-3.18542_1.43146
-5.8861_-2.71636_1.03876
-5.62802_-2.28812_1.01809
-5.36994_-1.85988_1.03876
-5.11186_-1.43165_1.01809
-4.85378_-1.00341_1.03876
-4.5957_-0.575177_1.01809
-4.32882_-0.152367_0.997422
-4.06195_0.270444_1.01809
-3.79507_0.693255_0.997422
-3.5282_1.11607_1.01809
-3.18991_1.47988_0.625391
-2.76482_1.7423_0.480713
-2.3239_1.97807_0.501381
-1.88299_2.21384_0.480713
-1.44208_2.44961_0.501381
-1.00613_2.69444_0.522049
-0.570189_2.93927_0.501381
-0.134244_3.18411_0.522049
0.301701_3.42894_0.501381
0.737647_3.67377_0.522049
1.19554_3.8719_0.294697
1.67545_4.01217_0.274029
2.15537_4.15244_0.294697
2.63528_4.29271_0.274029
3.11519_4.43298_0.294697
3.60958_4.48176_-0.0980019
4.10377_4.40724_-0.201344
4.59467_4.31232_-0.180675
5.08557_4.21739_-0.201344
5.57647_4.12247_-0.180675
6.0732_4.13026_0.212024
6.53803_4.30896_0.522049
6.97397_4.5538_0.501381
7.40992_4.79863_0.522049
7.84586_5.04346_0.501381
8.31973_5.19266_0.108682
8.81461_5.14916_-0.284017
9.25518_4.91959_-0.676716
9.60621_4.56504_-0.904068
9.91945_4.17534_-0.8834
10.2707_3.82054_-0.697385
10.6573_3.50341_-0.676716
11.0438_3.18629_-0.697385
11.4304_2.86916_-0.676716
11.8169_2.55204_-0.697385
12.2527_2.31341_-0.304686
12.7281_2.1585_-0.325354
13.2034_2.00358_-0.304686
13.6819_1.85853_-0.284017
14.1604_1.71347_-0.304686
14.6288_1.53912_-0.408028
15.0898_1.34547_-0.387359
15.5507_1.15183_-0.408028
16.0117_0.958187_-0.387359
16.4727_0.764545_-0.408028
16.9375_0.580496_-0.346022
17.4096_0.415789_-0.325354
17.8817_0.251083_-0.346022
18.3537_0.0863763_-0.325354
18.8258_-0.0783303_-0.346022
19.3171_-0.152409_0.0466767
19.7993_-0.0328606_0.439376
20.2238_0.229217_0.666728
20.6199_0.534344_0.64606
21.016_0.83947_0.666728
21.4121_1.1446_0.64606
21.8082_1.44972_0.666728
22.2043_1.75485_0.64606
22.6004_2.05998_0.666728
22.9964_2.3651_0.64606
23.4048_2.65356_0.584054
23.819_2.93356_0.604723
24.2332_3.21355_0.584054
24.6475_3.49355_0.604723
25.0617_3.77354_0.584054
25.4638_4.07029_0.687396
25.8535_4.38354_0.666728
26.2496_4.68867_0.64606
26.6457_4.99379_0.666728
27.0418_5.29892_0.64606
27.3884_5.65653_0.956085
27.681_6.062_0.935417
27.9818_6.46132_0.914748
28.2827_6.86065_0.935417
28.5836_7.25998_0.914748
28.9576_7.58696_0.522049
29.4155_7.78509_0.294697
29.8924_7.93525_0.315366
30.3693_8.08541_0.294697
30.8462_8.23557_0.315366
31.2794_8.47883_0.708065
31.669_8.79204_0.64606
32.0651_9.09716_0.666728
32.4612_9.40229_0.64606
32.8573_9.70742_0.666728
33.1803_10.0849_1.05943
33.3342_10.5572_1.45213
33.2957_11.0525_1.84483
33.1653_11.5353_1.82416
33.035_12.018_1.84483
32.9965_12.5133_1.45213
33.1504_12.9856_1.05943
33.4734_13.3631_0.666728
33.9162_13.5882_0.274029
34.4056_13.6883_0.12935
34.8836_13.828_0.439376
35.3383_14.036_0.418707
35.7972_14.2346_0.398039
36.2561_14.4331_0.418707
36.7149_14.6317_0.398039
37.1265_14.9099_0.790738
37.4745_15.2689_0.811406
37.815_15.6351_0.832075
38.1554_16.0013_0.811406
38.4959_16.3674_0.832075
38.8715_16.6958_0.604723
39.2857_16.9758_0.584054
39.7_17.2558_0.604723
40.1142_17.5358_0.584054
40.5285_17.8158_0.604723
40.8742_18.1725_0.997422
41.1583_18.5839_0.935417
41.4508_18.9894_0.956085
41.735_19.4008_0.976753
42.0191_19.8122_0.956085
42.2209_20.2662_1.34878
42.2337_20.7628_1.74148
42.0937_21.2417_1.96884
41.8951_21.7005_1.9895
41.6966_22.1594_1.96884
41.5971_22.6461_1.57614
41.6914_23.1339_1.18344
41.9652_23.5484_0.790738
42.3601_23.8527_0.522049
42.7909_24.1064_0.542718
43.158_24.4411_0.935417
43.3692_24.8908_1.32812
43.3922_25.387_1.72081
43.2236_25.8543_2.11351
42.9698_26.2851_2.09285
42.9698_26.2851_1.70015
43.003_26.7808_1.30745
43.2235_27.226_0.914748
43.5975_27.553_0.522049
44.0681_27.7119_0.12935
44.5426_27.8613_0.480713
44.9883_28.0879_0.460044
45.434_28.3145_0.480713
45.8797_28.5412_0.460044
46.3254_28.7678_0.480713
46.7711_28.9944_0.460044
47.2168_29.221_0.480713
47.6624_29.4476_0.460044
48.1081_29.6742_0.480713
48.5538_29.9008_0.460044
49.0288_30.0504_0.150019
49.5224_30.1302_0.170687
50.016_30.21_0.150019
50.5096_30.2899_0.170687
51.0031_30.3697_0.150019
51.4744_30.5289_0.501381
51.9153_30.7646_0.480713
52.3563_31.0004_0.501381
52.7972_31.2362_0.480713
53.2381_31.4719_0.501381
53.7119_31.6211_0.108682
54.2109_31.6496_0.00533995
54.7109_31.6471_-0.0153284
55.2109_31.6446_0.00533995
55.7109_31.6421_-0.0153284
56.2107_31.6293_-0.0359968
56.7101_31.6061_-0.0566652
57.2096_31.583_-0.0359968
57.709_31.5598_-0.0566652
58.2085_31.5367_-0.0359968
58.6919_31.4223_-0.428696
59.1352_31.1913_-0.532038
59.5634_30.9332_-0.552706
59.9916_30.6752_-0.532038
60.4199_30.4171_-0.552706
60.8854_30.2438_-0.160007
61.3819_30.2618_0.232692
61.8549_30.4216_0.418707
62.3096_30.6296_0.439376
62.7643_30.8376_0.418707
63.2489_30.9471_0.0260083
63.7385_30.8629_-0.366691
64.1586_30.5977_-0.75939
64.4872_30.2219_-0.945405
64.7841_29.8195_-0.924737
64.7841_29.8195_-0.532038
64.7841_29.8195_-0.139339
65.28_29.8478_0.25336
65.7274_30.0638_0.64606
66.0581_30.4345_1.03876
66.2415_30.8976_1.34878
66.3566_31.3841_1.32812
66.4717_31.8707_1.34878
66.5869_32.3572_1.32812
66.702_32.8438_1.34878
66.9038_33.2977_0.956085
67.2128_33.6906_0.852743
67.5456_34.0637_0.832075
67.8784_34.4368_0.852743
68.2112_34.8099_0.832075
68.5441_35.1831_0.852743
68.8769_35.5562_0.832075
69.2097_35.9293_0.852743
69.5426_36.3024_0.832075
69.8754_36.6755_0.852743
70.2082_37.0486_0.832075
70.541_37.4218_0.852743
70.8739_37.7949_0.832075
71.2067_38.168_0.852743
71.5395_38.5411_0.832075
71.8874_38.9001_0.77007
72.2499_39.2445_0.749401
72.6124_39.5888_0.77007
72.9749_39.9332_0.749401
73.3374_40.2775_0.77007
73.6197_40.6863_1.16277
73.7241_41.172_1.55547
73.6347_41.6607_1.94817
73.3994_42.1007_2.17552
73.1109_42.5091_2.19619
73.1109_42.5091_1.80349
73.0929_43.0055_1.41079
73.2662_43.4711_1.01809
73.6045_43.8349_0.625391
74.0562_44.0416_0.232692
74.5527_44.0596_-0.160007
75.0455_43.9749_-0.180675
75.5382_43.8901_-0.160007
76.031_43.8054_-0.180675
76.214_43.8082_0.212024
