configuration -3.08480739594_22.5642471313_-0.424155304833_0.905589464041_28.1138801575_4.40596151352_-0.254607913402_0.967044368389
length 61.0337
time 1.48741
roughness 0.00175569
-3.08481_22.5642_-0.876058
-2.69842_22.252_-0.483359
-2.22703_22.0914_-0.173333
-1.73545_22.0001_-0.194002
-1.24586_21.8986_-0.21467
-0.756268_21.7972_-0.194002
-0.259476_21.7983_0.198698
0.215304_21.9517_0.42605
0.672709_22.1536_0.405381
1.13419_22.346_0.384713
1.59567_22.5384_0.405381
2.08165_22.6415_0.0126822
2.57646_22.581_-0.256007
3.06144_22.4594_-0.235338
3.54642_22.3378_-0.256007
4.0314_22.2162_-0.235338
4.52779_22.1762_0.0746873
5.02675_22.2084_0.0540189
5.5257_22.2405_0.0746873
6.02466_22.2727_0.0540189
6.52362_22.3049_0.0746873
7.00227_22.4379_0.467386
7.3936_22.7439_0.860085
7.69128_23.1451_1.00476
7.96377_23.5643_0.984096
8.24486_23.9778_0.963427
8.54275_24.3793_0.901422
8.84893_24.7746_0.922091
9.1551_25.1699_0.901422
9.46128_25.5651_0.922091
9.76745_25.9604_0.901422
10.0395_26.379_1.08744
10.2765_26.8193_1.06677
10.5134_27.2596_1.08744
10.7504_27.6999_1.06677
10.9873_28.1402_1.08744
11.2058_28.5898_1.14944
11.4056_29.0482_1.17011
11.6053_29.5065_1.14944
11.8051_29.9649_1.17011
12.0049_30.4232_1.14944
12.2926_30.8282_0.756744
12.7134_31.0923_0.364045
13.189_31.2459_0.260703
13.6707_31.3797_0.281371
14.1525_31.5136_0.260703
14.6481_31.5558_-0.0906597
15.1471_31.526_-0.0286546
15.6468_31.5065_-0.0493229
16.1459_31.4767_-0.0699913
16.645_31.4469_-0.0493229
17.1298_31.3359_-0.400685
17.5922_31.1457_-0.380017
18.0546_30.9554_-0.400685
18.517_30.7652_-0.380017
18.9794_30.5749_-0.400685
19.4377_30.3751_-0.421354
19.8918_30.1659_-0.442022
20.346_29.9567_-0.421354
20.8001_29.7475_-0.442022
21.2542_29.5383_-0.421354
21.7385_29.4275_-0.0286546
22.2381_29.408_-0.0493229
22.7377_29.3885_-0.0286546
23.2373_29.369_-0.0493229
23.7364_29.3392_-0.0699913
24.2157_29.2085_-0.46269
24.6084_28.9043_-0.855389
24.8549_28.4729_-1.24809
24.9175_27.9801_-1.64079
24.8466_27.4856_-1.78547
24.8375_26.9888_-1.39277
25.0192_26.5265_-1.00007
25.364_26.1688_-0.607369
25.7775_25.8877_-0.586701
26.1967_25.6152_-0.566032
26.1967_25.6152_-0.958731
26.3973_25.1607_-1.35143
26.4088_24.6641_-1.74413
26.2293_24.2008_-2.13683
25.8862_23.8416_-2.52953
25.8862_23.8416_-2.13683
25.7067_23.3783_-1.74413
25.7181_22.8817_-1.35143
25.9187_22.4272_-0.958731
26.278_22.0841_-0.566032
26.6373_21.741_-0.958731
26.8379_21.2865_-1.35143
26.8493_20.7898_-1.74413
26.758_20.2983_-1.7648
26.6667_19.8067_-1.74413
26.6473_19.3086_-1.47544
26.7_18.8114_-1.45477
26.7528_18.3142_-1.47544
26.8055_17.817_-1.45477
26.8582_17.3198_-1.47544
26.8904_16.8209_-1.53745
26.9019_16.321_-1.55811
26.9134_15.8211_-1.53745
26.9249_15.3213_-1.55811
26.9364_14.8214_-1.53745
26.9789_14.3235_-1.4341
27.0419_13.8275_-1.45477
27.0946_13.3303_-1.47544
27.1474_12.8331_-1.45477
27.2001_12.3359_-1.47544
27.343_11.86_-1.08274
27.6571_11.4751_-0.690042
28.0901_11.2304_-0.33868
28.56_11.0594_-0.359349
29.0298_10.8884_-0.33868
29.4572_10.6351_-0.731379
29.7551_10.2376_-1.12408
29.8782_9.75627_-1.51678
29.8077_9.2645_-1.90948
29.5988_8.81103_-2.09549
29.3995_8.35366_-1.86814
29.248_7.87715_-1.88881
29.0966_7.40064_-1.86814
28.9452_6.92412_-1.88881
28.784_6.45084_-1.90948
28.6227_5.97756_-1.88881
28.4713_5.50105_-1.86814
28.3199_5.02454_-1.88881
28.1587_4.55126_-1.90948
28.1364_4.39597_-1.51678
28.1364_4.39597_-1.12408
