configuration -4.52205276489_51.1520843506_-0.288179288681_0.957576470876_89.803527832_11.5547637939_-0.656431103106_0.754385980036
length 174.238
time 300
roughness 0.00060282
-4.52205_51.1521_-0.58465
-4.06931_50.9446_-0.274624
-3.58668_50.814_-0.253956
-3.10405_50.6834_-0.274624
-2.62142_50.5528_-0.253956
-2.13879_50.4222_-0.274624
-1.65896_50.2817_-0.295293
-1.17913_50.1411_-0.274624
-0.696504_50.0105_-0.253956
-0.213873_49.8799_-0.274624
0.115039_49.7791_0.0354013
0.605412_49.6995_-0.357298
1.02799_49.4383_-0.749997
1.31844_49.0352_-1.1427
1.48263_48.5637_-1.32871
1.6075_48.0796_-1.30804
1.73238_47.5954_-1.32871
1.85725_47.1113_-1.30804
1.98212_46.6271_-1.32871
2.09185_46.1402_-1.9901
1.97186_45.6575_-1.63874
1.93277_45.159_-1.65941
1.88338_44.6615_-1.68007
1.83399_44.1639_-1.65941
1.7846_43.6664_-1.68007
1.73521_43.1688_-1.65941
1.68582_42.6713_-1.68007
1.63643_42.1737_-1.65941
1.58704_41.6762_-1.68007
1.5303_41.2093_-1.78342
1.52222_40.7126_-1.39072
1.61685_40.2217_-1.37005
1.71148_39.7307_-1.39072
1.80612_39.2398_-1.37005
1.90075_38.7488_-1.39072
1.99538_38.2578_-1.37005
2.09001_37.7669_-1.39072
2.17447_37.2741_-1.41138
2.29119_36.6257_-1.90743
2.12117_36.1555_-1.92809
1.95115_35.6853_-1.90743
1.78113_35.2151_-1.92809
1.61111_34.7449_-1.90743
1.45085_34.2713_-1.88676
1.29058_33.7977_-1.90743
1.12057_33.3275_-1.92809
0.950546_32.8573_-1.90743
0.825758_32.4826_-1.08069
0.969604_32.0071_-1.47339
1.01308_31.509_-1.49406
1.05656_31.0109_-1.47339
1.11033_30.5138_-1.45272
1.16409_30.0167_-1.47339
1.20758_29.5186_-1.49406
1.25106_29.0205_-1.47339
1.30482_28.5234_-1.45272
1.3803_27.7991_-1.03935
1.54367_27.3299_-1.43205
1.51507_26.8339_-1.82475
1.37453_26.3542_-1.88676
1.21427_25.8806_-1.90743
1.054_25.4069_-1.88676
0.893739_24.9333_-1.90743
0.733474_24.4597_-1.88676
0.573209_23.9861_-1.90743
0.412944_23.5125_-1.88676
0.274885_23.0759_-2.03144
0.0572684_22.6257_-2.01077
-0.160348_22.1756_-2.03144
-0.377964_21.7254_-2.01077
-0.595581_21.2753_-2.03144
-0.813197_20.8251_-2.01077
-0.813197_20.8251_-2.01077
-0.933033_20.343_-1.61807
-0.930835_19.8432_-1.51473
-0.907975_19.3437_-1.53539
-0.885116_18.8443_-1.51473
-0.851939_18.3454_-1.49406
-0.818762_17.8465_-1.51473
-0.795903_17.347_-1.53539
-0.773043_16.8476_-1.51473
-0.735212_16.1914_-1.01869
-0.419265_15.8058_-0.749997
-0.0569676_15.4613_-0.770665
0.30533_15.1167_-0.749997
0.667627_14.7721_-0.770665
1.02992_14.4275_-0.749997
1.39222_14.083_-0.770665
1.75452_13.7384_-0.749997
2.11682_13.3938_-0.770665
2.47912_13.0492_-0.749997
2.74327_12.8145_-1.06002
2.89691_12.3421_-1.45272
2.95067_11.845_-1.47339
2.99415_11.3469_-1.49406
3.03763_10.8488_-1.47339
3.08111_10.3507_-1.49406
3.12459_9.85261_-1.47339
3.16808_9.35451_-1.49406
3.21156_8.85641_-1.47339
3.25018_8.33906_-2.13478
3.07163_7.87546_-1.74208
3.08408_7.37882_-1.34938
3.28564_6.92476_-0.956681
3.61754_6.55224_-0.729328
4.00783_6.23803_-0.70866
4.36262_5.88634_-0.853339
4.68744_5.50623_-0.874007
5.01226_5.12612_-0.853339
5.33708_4.74601_-0.874007
5.6619_4.3659_-0.853339
5.98672_3.98579_-0.874007
6.31154_3.60568_-0.853339
6.63635_3.22557_-0.874007
6.91954_2.8853_-1.61807
6.99333_2.39402_-1.22537
7.2495_1.96837_-0.83267
7.61832_1.63183_-0.646655
8.02046_1.33472_-0.625987
8.42259_1.0376_-0.646655
8.82473_0.740488_-0.625987
9.22687_0.443373_-0.646655
9.629_0.146258_-0.625987
10.0372_-0.142482_-0.605318
10.4293_-0.431959_-0.58465
10.8375_-0.720658_-0.646655
11.2396_-1.01777_-0.625987
11.6417_-1.31489_-0.646655
12.0439_-1.612_-0.625987
12.446_-1.90912_-0.646655
12.8481_-2.20623_-0.625987
13.2503_-2.50335_-0.646655
13.714_-2.83542_-1.1427
14.0045_-3.23846_-0.749997
14.4058_-3.53494_-0.522645
14.8416_-3.78003_-0.501976
15.2774_-4.02512_-0.522645
15.6199_-4.21429_0.510774
16.0923_-4.06065_0.118075
16.5876_-4.09949_-0.274624
17.0354_-4.316_-0.625987
17.4436_-4.60474_-0.605318
17.8577_-4.88498_-0.58465
18.2718_-5.16522_-0.605318
18.6858_-5.44546_-0.58465
19.0999_-5.72571_-0.605318
19.5081_-6.01445_-0.625987
19.8449_-6.24515_-0.812002
20.1927_-6.6044_-0.791334
20.5404_-6.96365_-0.812002
20.8882_-7.3229_-0.791334
21.2359_-7.68216_-0.812002
21.5837_-8.04141_-0.791334
21.5837_-8.04141_-0.791334
21.9951_-8.31986_-0.398634
22.4539_-8.51869_-0.419303
22.9126_-8.71752_-0.398634
23.3714_-8.91634_-0.419303
23.8301_-9.11517_-0.398634
24.2889_-9.314_-0.419303
24.7477_-9.51283_-0.398634
25.2064_-9.71166_-0.419303
25.661_-9.91992_-0.439971
25.9467_-10.0525_-0.749997
26.2372_-10.4555_-1.1427
26.3915_-10.93_-1.37005
26.4962_-11.4189_-1.34938
26.6111_-11.9055_-1.32871
26.7259_-12.3921_-1.34938
26.8307_-12.881_-1.37005
26.9354_-13.3699_-1.34938
27.0503_-13.8565_-1.32871
27.1978_-14.5261_-1.82475
27.1692_-15.022_-1.43205
27.323_-15.4951_-1.08069
27.5538_-15.9386_-1.10136
27.7846_-16.3822_-1.08069
28.0154_-16.8257_-1.10136
28.2462_-17.2692_-1.08069
28.4861_-17.7079_-1.06002
28.726_-18.1466_-1.08069
28.8092_-18.4219_-1.47339
28.8618_-18.4177_-2.40347
28.8618_-18.4177_-2.01077
28.8618_-18.4177_-1.61807
28.9356_-18.909_-1.22537
29.1918_-19.3347_-0.83267
29.5913_-19.6299_-0.439971
29.5913_-19.6299_-0.439971
30.05_-19.8287_-0.377966
30.5166_-20.0084_-0.357298
30.9832_-20.1881_-0.377966
31.4498_-20.3678_-0.357298
31.9163_-20.5475_-0.377966
32.3829_-20.7272_-0.357298
32.8495_-20.9069_-0.377966
33.3161_-21.0866_-0.357298
33.7827_-21.2663_-0.377966
34.2376_-21.4414_-0.439971
34.65_-21.7205_-0.749997
35.0193_-22.0576_-0.729328
35.3887_-22.3946_-0.749997
35.758_-22.7316_-0.729328
36.1274_-23.0686_-0.749997
36.4967_-23.4056_-0.729328
36.866_-23.7426_-0.749997
37.044_-23.8526_-0.357298
37.0279_-23.889_0.634784
37.4777_-23.6781_0.242085
37.974_-23.6554_-0.150614
38.4636_-23.7558_-0.253956
38.9488_-23.8764_-0.233287
39.434_-23.997_-0.253956
39.434_-23.997_-0.253956
39.9236_-24.0975_-0.150614
40.4171_-24.1776_-0.171282
40.9107_-24.2577_-0.150614
41.4042_-24.3378_-0.171282
41.8977_-24.418_-0.150614
42.3928_-24.4879_-0.129946
42.8879_-24.5578_-0.150614
43.3814_-24.6379_-0.171282
43.8749_-24.718_-0.150614
44.3396_-24.7833_-0.0472721
44.8393_-24.8018_-0.0266038
45.3392_-24.8099_-0.0059354
45.8391_-24.8181_-0.0266038
46.3391_-24.8262_-0.0059354
46.839_-24.8343_-0.0266038
46.839_-24.8343_-0.0266038
47.3386_-24.8218_0.0767381
47.8375_-24.7886_0.0560697
48.337_-24.7658_0.0354013
48.8364_-24.7429_0.0560697
49.3353_-24.7097_0.0767381
49.8342_-24.6765_0.0560697
50.3337_-24.6537_0.0354013
50.8332_-24.6308_0.0560697
51.332_-24.5976_0.0767381
51.684_-24.5803_-0.233287
52.1805_-24.5987_0.159412
52.6714_-24.5041_0.221417
53.158_-24.3892_0.242085
53.6446_-24.2744_0.221417
54.1313_-24.1596_0.242085
54.6154_-24.0347_0.262753
55.0996_-23.9098_0.242085
55.5862_-23.795_0.221417
56.3433_-23.6098_0.593447
56.7859_-23.3795_0.366095
57.2509_-23.1957_0.386764
57.7159_-23.0119_0.366095
58.1809_-22.8281_0.386764
58.6459_-22.6443_0.366095
59.1109_-22.4605_0.386764
59.5719_-22.2671_0.407432
60.033_-22.0738_0.386764
60.498_-21.89_0.366095
60.9231_-21.7113_0.510774
61.3079_-21.396_0.862136
61.6372_-21.0198_0.841468
61.9665_-20.6436_0.862136
62.2958_-20.2674_0.841468
62.6251_-19.8911_0.862136
62.6251_-19.8911_0.862136
62.9544_-19.5149_0.841468
63.2837_-19.1387_0.862136
63.613_-18.7625_0.841468
63.9423_-18.3862_0.862136
64.2716_-18.01_0.841468
64.2716_-18.01_0.841468
64.6086_-17.6407_0.8208
64.9457_-17.2713_0.841468
65.2827_-16.902_0.8208
65.6197_-16.5326_0.841468
65.9567_-16.1633_0.8208
66.2937_-15.7939_0.841468
66.623_-15.4177_0.862136
66.9523_-15.0415_0.841468
67.2893_-14.6722_0.8208
67.6256_-14.3037_0.841468
68.0225_-14.0049_0.448769
68.5015_-13.8708_0.0974065
68.9996_-13.8273_0.0767381
69.4977_-13.7838_0.0974065
69.9958_-13.7403_0.0767381
70.4939_-13.6969_0.0974065
70.991_-13.6431_0.118075
71.4881_-13.5893_0.0974065
72.1167_-13.5381_-0.439971
72.5988_-13.6579_-0.0472721
73.0954_-13.6146_0.221417
73.582_-13.4998_0.242085
74.0686_-13.3849_0.221417
74.5553_-13.2701_0.242085
75.0419_-13.1552_0.221417
75.4078_-13.1461_-0.171282
75.4173_-13.062_-0.977349
75.4173_-13.062_-0.58465
75.8771_-13.2501_-0.191951
76.3739_-13.2479_0.200748
76.832_-13.0558_0.593447
77.1817_-12.703_0.986146
77.1817_-12.703_0.986146
77.5315_-12.3502_0.593447
77.9695_-12.1106_0.407432
78.4306_-11.9172_0.386764
78.8917_-11.7239_0.407432
79.3528_-11.5305_0.386764
79.8139_-11.3371_0.407432
80.275_-11.1438_0.386764
80.736_-10.9504_0.407432
81.155_-10.7687_1.19283
81.4249_-10.3516_0.800131
81.7979_-10.0193_0.655453
82.1974_-9.71865_0.634784
82.5969_-9.418_0.655453
82.9964_-9.11736_0.634784
83.3959_-8.81672_0.655453
83.7954_-8.51608_0.634784
84.1949_-8.21544_0.655453
84.6203_-7.88019_1.31684
84.7509_-7.39756_1.29617
84.8815_-6.91493_1.31684
85.0121_-6.4323_1.29617
85.1427_-5.94967_1.31684
85.2733_-5.46704_1.29617
85.2733_-5.46704_1.29617
85.4039_-4.98441_1.31684
85.5346_-4.50178_1.29617
85.6652_-4.01915_1.31684
85.7958_-3.53652_1.29617
85.9264_-3.05389_1.31684
85.9264_-3.05389_1.31684
86.057_-2.57126_1.29617
86.1876_-2.08863_1.31684
86.3182_-1.606_1.29617
86.4488_-1.12337_1.31684
86.5794_-0.640737_1.29617
86.5794_-0.640737_1.29617
86.8049_-0.198031_0.903473
87.163_0.148679_0.634784
87.5625_0.44932_0.655453
87.9621_0.749961_0.634784
88.3616_1.0506_0.655453
88.7611_1.35124_0.634784
89.1606_1.65188_0.655453
89.5601_1.95253_0.634784
89.9141_2.21516_1.46152
89.9326_2.71438_1.6062
89.92_3.21422_1.58553
89.9178_3.7142_1.56486
89.9156_4.21419_1.58553
89.9031_4.71402_1.6062
89.9031_4.71402_1.6062
89.8906_5.21386_1.58553
89.8884_5.71384_1.56486
89.8862_6.21383_1.58553
89.8736_6.71366_1.6062
89.8611_7.2135_1.58553
89.8611_7.2135_1.58553
89.8589_7.71349_1.56486
89.8567_8.21347_1.58553
89.8442_8.71331_1.6062
89.8316_9.21314_1.58553
89.8294_9.71313_1.56486
89.8294_9.71313_1.56486
89.8273_10.2131_1.58553
89.8147_10.7129_1.6062
89.8022_11.2128_1.58553
89.8636_11.5471_1.19283
89.8636_11.5471_0.800131
89.8636_11.5471_0.800131
89.8636_11.5471_0.407432
89.8636_11.5471_0.014733
89.8636_11.5471_-0.377966
89.8636_11.5471_-0.770665
89.8636_11.5471_-0.770665
