configuration -17.6504554749_-22.9172973633_0.256229049699_0.256229049699_76.2194671631_43.7661514282_0.386216847154_0.922408015454
length 130.707
time 300
roughness 0.000659466
-17.6505_-22.9173_0.150019
-17.1832_-22.7486_0.542718
-16.7633_-22.4773_0.604723
-16.3549_-22.1888_0.625391
-15.9466_-21.9003_0.604723
-15.5382_-21.6118_0.625391
-15.5382_-21.6118_0.625391
-15.1131_-21.3494_0.480713
-14.6722_-21.1136_0.501381
-14.2313_-20.8779_0.480713
-13.7904_-20.6421_0.501381
-13.3495_-20.4063_0.480713
-12.9038_-20.1797_0.460044
-12.4581_-19.9531_0.480713
-12.0172_-19.7173_0.501381
-11.5763_-19.4816_0.480713
-11.2154_-19.3009_0.708065
-10.8134_-19.0043_0.563386
-10.388_-18.7416_0.542718
-9.95716_-18.4878_0.522049
-9.52637_-18.2341_0.542718
-9.10044_-17.9711_0.563386
-8.72551_-17.6433_0.873412
-8.40839_-17.2568_0.89408
-8.09127_-16.8702_0.873412
-7.76622_-16.4903_0.852743
-7.44118_-16.1104_0.873412
-7.12405_-15.7238_0.89408
-6.80693_-15.3373_0.873412
-6.48188_-14.9574_0.852743
-6.20517_-14.6316_1.5968
-6.12096_-14.142_1.20411
-5.85579_-13.7219_0.811406
-5.45004_-13.4352_0.418707
-4.98014_-13.2656_0.274029
-4.49743_-13.1353_0.25336
-4.01472_-13.005_0.274029
-3.53202_-12.8747_0.25336
-3.04672_-12.7544_0.232692
-2.34622_-12.5682_-0.366691
-1.85662_-12.6525_0.0260083
-1.37206_-12.5429_0.418707
-0.959939_-12.2643_0.77007
-0.597436_-11.92_0.749401
-0.234934_-11.5756_0.77007
0.120375_-11.2238_0.790738
0.475683_-10.8721_0.77007
0.787203_-10.5741_0.356702
1.27762_-10.4947_-0.0359968
1.76891_-10.5792_-0.304686
2.24739_-10.7243_-0.284017
2.72588_-10.8694_-0.304686
3.20437_-11.0144_-0.284017
3.68575_-11.1496_-0.263349
4.16713_-11.2847_-0.284017
4.64562_-11.4297_-0.304686
5.35398_-11.6337_-0.676716
5.79455_-11.8633_-0.284017
6.2809_-11.9783_-0.180675
6.7718_-12.0733_-0.201344
7.26063_-12.1783_-0.222012
7.74946_-12.2834_-0.201344
8.24036_-12.3783_-0.180675
8.73125_-12.4732_-0.201344
9.22009_-12.5783_-0.222012
9.70892_-12.6833_-0.201344
10.1772_-12.7736_-0.0980019
10.6743_-12.8276_-0.11867
11.1714_-12.8817_-0.0980019
11.6684_-12.9357_-0.11867
12.1655_-12.9898_-0.0980019
12.6625_-13.0439_-0.11867
13.1596_-13.0979_-0.0980019
13.891_-13.1612_0.0673451
14.3818_-13.0714_0.294697
14.8617_-12.9311_0.274029
15.3444_-12.8008_0.25336
15.8271_-12.6705_0.274029
16.307_-12.5302_0.294697
16.7869_-12.3899_0.274029
17.3375_-12.2362_0.377371
17.7775_-12.001_0.604723
18.1917_-11.721_0.584054
18.606_-11.441_0.604723
19.0202_-11.161_0.584054
19.4345_-10.881_0.604723
19.8487_-10.601_0.584054
20.2686_-10.3296_0.563386
20.6886_-10.0582_0.584054
21.1028_-9.77822_0.604723
21.4793_-9.5236_0.749401
21.77_-9.12074_1.1421
21.9146_-8.64368_1.41079
21.9994_-8.15092_1.39012
22.0841_-7.65817_1.41079
22.1587_-7.16377_1.43146
22.2332_-6.66937_1.41079
22.318_-6.17661_1.39012
22.4028_-5.68386_1.41079
22.4502_-5.32666_0.64606
22.8463_-5.02153_0.666728
23.2424_-4.71641_0.64606
23.6385_-4.41128_0.666728
24.0346_-4.10615_0.64606
24.4281_-3.80287_0.687396
24.8241_-3.49779_0.625391
25.2264_-3.20091_0.64606
25.6287_-2.90404_0.625391
26.031_-2.60716_0.64606
26.4334_-2.31029_0.625391
26.8357_-2.01341_0.64606
27.1494_-1.77998_0.666728
27.5391_-1.46674_0.687396
27.9288_-1.15349_0.666728
28.3982_-0.770615_0.687396
28.7879_-0.457368_0.666728
29.1776_-0.14412_0.687396
29.5607_0.177114_0.708065
29.9438_0.498348_0.687396
30.3335_0.811596_0.666728
30.7232_1.12484_0.687396
31.1064_1.44608_0.708065
31.4895_1.76731_0.687396
31.8792_2.08056_0.666728
32.2605_2.38685_0.77007
32.5428_2.79564_1.16277
32.7268_3.26045_1.22477
32.8915_3.73253_1.24544
33.0562_4.20462_1.22477
33.2209_4.6767_1.24544
33.3856_5.14878_1.22477
33.5504_5.62087_1.24544
33.7151_6.09295_1.22477
33.9442_6.72428_0.728733
34.3138_7.06107_0.749401
34.6763_7.40543_0.77007
35.0388_7.74979_0.749401
35.4013_8.09415_0.77007
35.7566_8.44593_0.790738
36.1119_8.7977_0.77007
36.4744_9.14206_0.749401
36.8369_9.48642_0.77007
37.1922_9.8382_0.790738
37.5519_10.1798_0.728733
37.9799_10.432_0.336034
38.4596_10.5722_0.232692
38.9449_10.6925_0.25336
39.4276_10.8229_0.274029
39.9104_10.9532_0.25336
40.3957_11.0735_0.232692
40.881_11.1938_0.25336
41.3637_11.3241_0.274029
41.6416_11.4012_-0.676716
42.0822_11.1716_-0.284017
42.5771_11.1281_0.108682
43.0685_11.218_0.25336
43.5538_11.3383_0.232692
44.0391_11.4587_0.25336
44.0391_11.4587_0.25336
44.5124_11.6185_0.398039
44.9713_11.8171_0.418707
45.4301_12.0156_0.398039
45.893_12.2046_0.377371
46.3559_12.3937_0.398039
46.8148_12.5922_0.418707
47.2736_12.7908_0.398039
47.7365_12.9798_0.377371
48.3531_13.2445_0.914748
48.7271_13.5715_0.522049
49.1978_13.7304_0.12935
49.696_13.7692_0.0260083
50.196_13.7771_0.00533995
50.6959_13.7849_0.0260083
51.1958_13.7927_0.00533995
51.6958_13.8006_0.0260083
52.1957_13.8084_0.00533995
52.8353_13.8043_0.542718
53.2607_14.0669_0.563386
53.6807_14.3383_0.584054
54.1006_14.6097_0.563386
54.5205_14.881_0.584054
54.9348_15.161_0.604723
55.349_15.441_0.584054
55.769_15.7124_0.563386
56.1889_15.9838_0.584054
56.2131_15.9937_0.191355
56.2131_15.9937_-0.201344
56.2066_15.9996_-1.31744
56.4225_15.5522_-0.924737
56.7933_15.2215_-0.532038
57.2623_15.0579_-0.139339
57.7611_15.0348_0.0466767
58.2607_15.0529_0.0260083
58.7604_15.0711_0.0466767
59.2601_15.0893_0.0260083
59.7597_15.1074_0.0466767
60.2589_15.1359_0.0673451
60.539_15.1516_0.956085
60.8057_15.5742_1.05943
61.0459_16.0128_1.0801
61.2861_16.4513_1.05943
61.5262_16.8898_1.0801
61.7664_17.3284_1.05943
61.7664_17.3284_1.05943
62.0664_17.7265_0.790738
62.4217_18.0783_0.77007
62.777_18.4301_0.790738
63.1323_18.7818_0.77007
63.4876_19.1336_0.790738
63.8429_19.4854_0.77007
64.1982_19.8372_0.790738
64.5535_20.1889_0.77007
64.9088_20.5407_0.790738
65.1346_20.774_1.1421
65.3378_21.2309_1.16277
65.5409_21.6877_1.1421
65.744_22.1446_1.16277
65.9471_22.6015_1.1421
66.1503_23.0583_1.16277
66.3534_23.5152_1.1421
66.5659_23.9678_1.12143
66.7785_24.4204_1.1421
67.0574_25.0401_0.64606
67.3881_25.4109_1.03876
67.6191_25.8541_1.1421
67.8316_26.3067_1.12143
68.0442_26.7592_1.1421
68.2567_27.2118_1.12143
68.2567_27.2118_1.12143
68.4692_27.6644_1.1421
68.6817_28.117_1.12143
68.8943_28.5695_1.1421
69.1068_29.0221_1.12143
69.3286_29.4702_1.10076
69.3286_29.4702_1.10076
69.5505_29.9183_1.12143
69.763_30.3709_1.1421
69.9755_30.8234_1.12143
70.1973_31.2715_1.10076
70.4192_31.7196_1.12143
70.4192_31.7196_1.12143
70.6317_32.1722_1.1421
70.8442_32.6247_1.12143
71.0661_33.0728_1.10076
71.2879_33.5209_1.12143
71.5004_33.9735_1.1421
71.5004_33.9735_1.1421
71.7911_34.3764_0.749401
72.2139_34.6373_0.356702
72.6906_34.7874_0.25336
73.1733_34.9177_0.274029
73.656_35.0481_0.25336
74.1387_35.1784_0.274029
74.6214_35.3087_0.25336
75.1041_35.439_0.274029
75.4071_35.5931_0.666728
75.4432_35.5448_1.47279
75.487_36.0428_1.49346
75.5307_36.5409_1.47279
75.5745_37.039_1.49346
75.6183_37.537_1.47279
75.6621_38.0351_1.49346
75.7058_38.5332_1.47279
75.7496_39.0313_1.49346
75.7934_39.5293_1.47279
75.8475_40.0264_1.45213
75.9015_40.5234_1.47279
75.9453_41.0215_1.49346
75.9891_41.5196_1.47279
76.0431_42.0166_1.45213
76.0972_42.5137_1.47279
76.141_43.0118_1.49346
76.141_43.0118_1.49346
76.1848_43.5098_1.47279
76.1848_43.5098_1.47279
