configuration 46.8230323792_-26.2805175781_0.619899316938_0.784681360082_54.818611145_35.6322822571_0.774404309534_0.632691050494
length 88.2838
time 5.89035
roughness 0.00126663
46.823_-26.2805_1.33723
47.0117_-25.8196_1.0272
47.2659_-25.3891_1.04787
47.52_-24.9585_1.0272
47.7742_-24.5279_1.04787
48.0194_-24.0922_1.06854
48.2646_-23.6565_1.04787
48.5188_-23.2259_1.0272
48.773_-22.7953_1.04787
49.0182_-22.3596_1.06854
49.2141_-22.0103_1.29589
49.2531_-21.5151_1.68859
49.1688_-21.0225_1.79193
49.0541_-20.5358_1.8126
48.9394_-20.0491_1.79193
48.8247_-19.5625_1.8126
48.8247_-19.5625_1.8126
48.8021_-19.0662_1.4199
48.9711_-18.5991_1.0272
49.2253_-18.1685_1.04787
49.4705_-17.7328_1.06854
49.7157_-17.297_1.04787
49.9699_-16.8665_1.0272
50.2241_-16.4359_1.04787
50.4693_-16.0002_1.06854
50.7739_-15.4688_0.489825
51.2076_-15.22_0.551831
51.6306_-14.9535_0.572499
52.0481_-14.6783_0.593167
52.4655_-14.4031_0.572499
52.8888_-14.1365_0.551831
53.2529_-13.7985_0.94453
53.46_-13.3469_1.33723
53.499_-12.8505_1.64725
53.4557_-12.3523_1.66792
53.4124_-11.8542_1.64725
53.3793_-11.3553_1.62659
53.3463_-10.8564_1.64725
53.303_-10.3583_1.66792
53.2596_-9.86022_1.64725
53.2418_-9.49594_1.37857
53.2706_-8.99828_1.64725
53.2376_-8.49938_1.62659
53.2046_-8.00048_1.64725
53.1715_-7.50158_1.62659
53.1385_-7.00269_1.64725
53.1055_-6.50379_1.62659
53.0827_-6.00431_1.60592
53.06_-5.50484_1.62659
53.0126_-4.8017_2.08129
52.8591_-4.32922_1.68859
52.8981_-3.83395_1.29589
53.0871_-3.37223_1.06854
53.3323_-2.9365_1.04787
53.5775_-2.50076_1.06854
53.8227_-2.06503_1.04787
54.068_-1.6293_1.06854
54.3132_-1.19357_1.04787
54.621_-0.661884_0.510494
55.0598_-0.422105_0.489825
55.5034_-0.191445_0.469157
55.947_0.0392144_0.489825
56.3906_0.269874_0.469157
56.8389_0.491317_0.448489
57.2872_0.712759_0.469157
57.7308_0.943419_0.489825
58.1744_1.17408_0.469157
58.521_1.34781_1.29589
58.5702_1.84279_1.64725
58.5372_2.34169_1.62659
58.5145_2.84117_1.60592
58.4918_3.34064_1.62659
58.469_3.84012_1.60592
58.4463_4.33959_1.62659
58.4236_4.83906_1.60592
58.4009_5.33854_1.62659
58.3803_5.89222_1.00653
58.559_6.35577_1.39923
58.5467_6.85241_1.79193
58.422_7.33652_1.85394
58.2872_7.81802_1.83327
58.1525_8.29952_1.85394
58.0178_8.78102_1.83327
57.8831_9.26252_1.85394
57.8446_9.70535_1.46124
57.7517_9.69297_0.675841
58.0713_10.0734_1.06854
58.2209_10.5471_1.46124
58.1778_11.042_1.85394
57.9575_11.488_2.2053
57.6399_11.8761_2.22597
57.4199_12.3215_1.83327
57.3153_12.8102_1.72993
57.2412_13.3047_1.70926
57.167_13.7992_1.72993
57.0827_14.292_1.7506
56.9984_14.7848_1.72993
56.9243_15.2793_1.70926
56.8501_15.7738_1.72993
56.7643_16.2696_2.43265
56.3314_16.5133_2.82535
55.8445_16.6238_3.01137
55.3494_16.6939_2.9907
54.8559_16.7741_2.97003
54.3624_16.8544_2.9907
53.8689_16.9346_2.97003
53.3754_17.0149_2.9907
52.8819_17.0952_2.97003
52.3884_17.1754_2.9907
51.9148_17.242_3.09404
51.4164_17.2812_3.03204
50.92_17.341_3.01137
50.4236_17.4008_3.03204
49.9272_17.4606_3.01137
49.4322_17.5307_2.9907
48.9371_17.6007_3.01137
48.4407_17.6605_3.03204
47.9443_17.7203_3.01137
47.4492_17.7904_2.9907
46.9807_17.8466_2.88736
46.5112_18.0165_2.70134
46.0567_18.2249_2.72201
45.6022_18.4333_2.70134
45.1477_18.6416_2.72201
44.6933_18.85_2.70134
44.2388_19.0584_2.72201
43.7843_19.2668_2.70134
43.3298_19.4752_2.72201
42.8753_19.6836_2.70134
42.6041_19.8134_2.34998
42.3044_20.2118_2.08129
42.0647_20.6505_2.06062
41.8249_21.0893_2.08129
41.5851_21.528_2.06062
41.3453_21.9668_2.08129
41.1055_22.4055_2.06062
40.8658_22.8443_2.08129
40.617_23.278_2.10196
40.574_23.4014_1.70926
40.5529_23.3931_0.779183
40.9328_23.7175_0.634504
41.3324_24.018_0.655172
41.7257_24.3267_0.675841
42.1189_24.6355_0.655172
42.5185_24.936_0.634504
42.5185_24.936_0.634504
42.9118_25.2447_0.696509
43.2986_25.5615_0.675841
43.6854_25.8782_0.696509
44.0723_26.195_0.675841
44.4591_26.5118_0.696509
44.8459_26.8286_0.675841
45.2328_27.1454_0.696509
45.6196_27.4622_0.675841
46.0064_27.779_0.696509
46.3843_28.1018_0.717178
46.6878_28.4951_1.10988
46.8962_28.9495_1.17188
47.0952_29.4082_1.15121
47.2941_29.8669_1.17188
47.4931_30.3256_1.15121
47.692_30.7843_1.17188
47.891_31.243_1.15121
48.0899_31.7017_1.17188
48.2353_32.0709_1.95728
48.1414_32.5588_1.56458
48.2414_33.0454_1.17188
48.4948_33.4747_0.903193
48.8084_33.8641_0.882525
49.122_34.2535_0.903193
49.4356_34.643_0.882525
49.7491_35.0324_0.903193
50.0627_35.4218_0.882525
50.2762_35.6666_-0.0268838
50.7761_35.6583_-0.00621545
51.276_35.6501_-0.0268838
51.7759_35.6418_-0.00621545
52.2759_35.6439_0.0144529
52.7759_35.6459_-0.00621545
52.7759_35.6459_-0.00621545
53.2758_35.6376_-0.0268838
53.7758_35.6294_-0.00621545
54.2757_35.6314_0.0144529
54.7757_35.6335_-0.00621545
54.8271_35.6434_0.386484
54.8271_35.6434_0.386484
54.8271_35.6434_0.779183
54.8271_35.6434_1.17188
54.8271_35.6434_1.17188
