configuration -4.52205276489_51.1520843506_-0.288179288681_0.957576470876_89.803527832_11.5547637939_-0.656431103106_0.754385980036
length 131.002
time 4.31089
roughness 0.000530717
-4.52205_51.1521_-0.58465
-4.09681_50.8892_-0.522645
-3.66102_50.6441_-0.501976
-3.22522_50.399_-0.522645
-2.78942_50.154_-0.501976
-2.35362_49.9089_-0.522645
-1.88304_49.7496_-0.129946
-1.3841_49.7312_0.0560697
-0.884629_49.754_0.0354013
-0.384795_49.7666_0.014733
0.115039_49.7791_0.0354013
0.605412_49.6995_-0.357298
1.02799_49.4383_-0.749997
1.39733_49.1013_-0.729328
1.76667_48.7643_-0.749997
2.13601_48.4272_-0.729328
2.5639_48.1748_-0.336629
3.04352_48.0343_-0.233287
3.52875_47.9137_-0.253956
4.01398_47.7931_-0.233287
4.4992_47.6725_-0.253956
4.99517_47.6439_0.138743
5.48111_47.7586_0.324759
5.95329_47.923_0.345427
6.42547_48.0874_0.324759
6.89765_48.2519_0.345427
7.38324_48.3664_0.118075
7.88033_48.4202_0.0974065
8.37742_48.474_0.118075
8.87451_48.5277_0.0974065
9.3716_48.5815_0.118075
9.86688_48.5427_-0.274624
10.3096_48.3172_-0.667323
10.6991_48.0038_-0.687992
11.0886_47.6903_-0.667323
11.4781_47.3768_-0.687992
11.9022_47.1147_-0.419303
12.3567_46.9064_-0.439971
12.8113_46.6982_-0.419303
13.2658_46.4899_-0.439971
13.7204_46.2816_-0.419303
14.1555_46.0369_-0.605318
14.5696_45.7566_-0.58465
14.9894_45.485_-0.563981
15.4092_45.2134_-0.58465
15.8289_44.9418_-0.563981
16.2925_44.7632_-0.171282
16.7892_44.7757_0.221417
17.2432_44.9772_0.614116
17.6363_45.2859_0.717458
18.0164_45.6107_0.696789
18.3362_45.9917_1.04815
18.5902_46.4224_1.02748
18.8443_46.853_1.04815
19.0983_47.2837_1.02748
19.3524_47.7143_1.04815
19.6568_48.109_0.779463
20.0088_48.4641_0.800131
20.3534_48.8264_0.8208
20.698_49.1887_0.800131
21.0425_49.551_0.8208
21.4016_49.8986_0.717458
21.7818_50.2234_0.696789
22.1619_50.5483_0.717458
22.542_50.8731_0.696789
22.9221_51.1979_0.717458
23.2662_51.5597_0.903473
23.5715_51.9556_0.924141
23.8769_52.3515_0.903473
24.1823_52.7474_0.924141
24.4876_53.1433_0.903473
24.8653_53.4661_0.510774
25.3377_53.6197_0.118075
25.8368_53.6425_-0.0266038
26.3367_53.6344_-0.0059354
26.8366_53.6263_-0.0266038
27.3211_53.5164_-0.419303
27.7267_53.2295_-0.812002
28.0593_52.8563_-0.874007
28.3841_52.4762_-0.853339
28.7089_52.0961_-0.874007
29.0959_51.7846_-0.481308
29.5727_51.6449_-0.0886089
30.0721_51.6265_0.014733
30.5721_51.6287_-0.0059354
31.072_51.6205_-0.0266038
31.5702_51.6537_0.159412
32.0647_51.7279_0.138743
32.5591_51.8022_0.159412
33.0535_51.8764_0.138743
33.548_51.9507_0.159412
34.0444_51.9324_-0.233287
34.527_51.8018_-0.295293
35.0068_51.6612_-0.274624
35.4867_51.5207_-0.295293
35.9665_51.3801_-0.274624
36.4609_51.3207_0.0354013
36.9608_51.3332_0.014733
37.4608_51.3354_-0.0059354
37.9607_51.3376_0.014733
38.4607_51.3398_-0.0059354
38.96_51.3627_0.0974065
39.4581_51.4061_0.0767381
39.9562_51.4496_0.0974065
40.4543_51.4931_0.0767381
40.9524_51.5366_0.0974065
41.4482_51.6006_0.159412
41.9426_51.6749_0.138743
42.4371_51.7491_0.159412
42.9315_51.8234_0.138743
43.426_51.8976_0.159412
43.9243_51.9101_-0.109277
44.4218_51.8607_-0.0886089
44.9203_51.8216_-0.0679405
45.4188_51.7826_-0.0886089
45.9172_51.7435_-0.0679405
46.4168_51.7457_0.0767381
46.9157_51.7788_0.0560697
47.4146_51.812_0.0767381
47.9135_51.8452_0.0560697
48.4123_51.8784_0.0767381
48.9094_51.9321_0.138743
49.4038_52.0064_0.159412
49.8983_52.0806_0.138743
50.3927_52.1549_0.159412
50.8871_52.2292_0.138743
51.3831_52.2006_-0.253956
51.8304_51.9843_-0.646655
52.1919_51.6405_-0.874007
52.5167_51.2604_-0.853339
52.8415_50.8803_-0.874007
53.2286_50.5688_-0.481308
53.7053_50.4291_-0.0886089
54.2029_50.3798_-0.109277
54.6993_50.3201_-0.129946
55.1957_50.2604_-0.109277
55.6906_50.3036_0.283422
56.1692_50.4484_0.30409
56.6478_50.5932_0.283422
57.1263_50.738_0.30409
57.6049_50.8827_0.283422
58.0998_50.9259_-0.109277
58.5736_50.7764_-0.501976
58.9745_50.4802_-0.770665
59.3368_50.1356_-0.749997
59.7062_49.7986_-0.729328
60.0134_49.4074_-1.08069
60.2533_48.9688_-1.06002
60.5022_48.5351_-1.03935
60.7512_48.1015_-1.06002
61.0001_47.6679_-1.03935
61.2837_47.2566_-0.894675
61.5925_46.8634_-0.915344
61.9014_46.4702_-0.894675
62.2102_46.077_-0.915344
62.519_45.6838_-0.894675
62.8279_45.2906_-0.915344
63.1367_44.8974_-0.894675
63.4455_44.5042_-0.915344
63.7544_44.111_-0.894675
64.0632_43.7178_-0.915344
64.437_43.3906_-0.522645
64.8728_43.1455_-0.501976
65.3136_42.9094_-0.481308
65.7544_42.6734_-0.501976
66.1951_42.4374_-0.481308
66.5822_42.1259_-0.874007
66.891_41.7327_-0.936012
67.1916_41.3332_-0.915344
67.4922_40.9337_-0.936012
67.7929_40.5342_-0.915344
68.0935_40.1347_-0.936012
68.3942_39.7352_-0.915344
68.6948_39.3357_-0.936012
68.9954_38.9362_-0.915344
69.2961_38.5367_-0.936012
69.5967_38.1372_-0.915344
69.8974_37.7377_-0.936012
70.198_37.3382_-0.915344
70.4987_36.9387_-0.936012
70.7993_36.5391_-0.915344
71.0194_36.0938_-1.30804
71.0524_35.5981_-1.70074
70.952_35.1087_-1.84542
70.8115_34.6289_-1.86609
70.6709_34.1491_-1.84542
70.6321_33.6538_-1.45272
70.7857_33.1814_-1.06002
71.1085_32.8037_-0.667323
71.498_32.4902_-0.687992
71.8809_32.1687_-0.70866
72.3139_31.9252_-0.315961
72.7876_31.7649_-0.336629
73.2612_31.6047_-0.315961
73.7348_31.4444_-0.336629
74.2084_31.2841_-0.315961
74.6414_31.0406_-0.70866
74.9809_30.675_-0.936012
75.2816_30.2755_-0.915344
75.5904_29.8823_-0.894675
75.8992_29.4891_-0.915344
76.1194_29.0438_-1.30804
76.2641_28.5653_-1.24604
76.4188_28.0898_-1.26671
76.5635_27.6112_-1.28737
76.7083_27.1326_-1.26671
76.9467_26.6968_-0.874007
77.2715_26.3167_-0.853339
77.5963_25.9365_-0.874007
77.9211_25.5564_-0.853339
78.246_25.1763_-0.874007
78.5311_24.9468_-0.481308
79.0079_24.8072_-0.0886089
79.5018_24.8606_0.30409
79.9377_25.099_0.696789
80.2491_25.486_1.08949
80.5204_25.9052_0.903473
80.8257_26.3011_0.924141
81.1311_26.697_0.903473
81.4365_27.0929_0.924141
81.7418_27.4888_0.903473
82.1195_27.8115_0.510774
82.5759_28.0141_0.324759
83.048_28.1785_0.345427
83.5202_28.343_0.324759
83.9924_28.5074_0.345427
83.9924_28.5074_-0.0472721
84.1446_28.4695_-0.439971
84.5232_28.1899_-0.83267
84.7524_27.809_-1.22537
84.8106_27.4212_-1.61807
84.8844_26.9299_-1.22537
85.1406_26.5042_-0.83267
85.4809_26.1379_-0.812002
85.8286_25.7786_-0.791334
86.1764_25.4194_-0.812002
86.5089_25.0461_-0.874007
86.8337_24.666_-0.853339
87.1586_24.2859_-0.874007
87.4834_23.9058_-0.853339
87.8082_23.5257_-0.874007
88.0466_23.0898_-1.26671
88.1613_22.6036_-1.41138
88.2356_22.1091_-1.43205
88.3098_21.6147_-1.41138
88.3841_21.1202_-1.43205
88.4583_20.6258_-1.41138
88.5326_20.1313_-1.43205
88.6069_19.6369_-1.41138
88.6811_19.1425_-1.43205
88.7554_18.648_-1.41138
88.7576_18.15_-1.72141
88.6775_17.6565_-1.74208
88.5973_17.163_-1.72141
88.5172_16.6694_-1.74208
88.4371_16.1759_-1.72141
88.4598_15.6796_-1.32871
88.5946_15.1982_-1.26671
88.7493_14.7228_-1.24604
88.9039_14.2473_-1.26671
89.0585_13.7718_-1.24604
89.2132_13.2963_-1.26671
89.3678_12.8208_-1.24604
89.5322_12.3487_-1.22537
89.6966_11.8765_-1.24604
89.7957_11.5491_-1.30804
