configuration -3.08480739594_22.5642471313_-0.424155304833_0.905589464041_28.1138801575_4.40596151352_-0.254607913402_0.967044368389
length 47.4784
time 300
roughness 0.051479
-3.08481_22.5642_-0.876058
-2.69842_22.252_-0.483359
-2.22703_22.0914_-0.173333
-1.73545_22.0001_-0.194002
-1.24586_21.8986_-0.21467
-0.756268_21.7972_-0.194002
-0.756268_21.7972_-0.194002
-0.258646_21.7777_0.116024
0.238555_21.8305_0.0953557
0.735756_21.8832_0.116024
1.23296_21.936_0.0953557
1.73016_21.9887_0.116024
2.22736_22.0415_0.0953557
2.72456_22.0942_0.116024
3.22176_22.147_0.0953557
3.71995_22.1894_0.0746873
4.0314_22.2162_-0.235338
4.51638_22.0946_-0.256007
5.00135_21.973_-0.235338
5.48633_21.8514_-0.256007
5.96869_21.7198_-0.276675
6.45106_21.5882_-0.256007
6.93603_21.4666_-0.235338
7.42101_21.345_-0.256007
7.90337_21.2134_-0.276675
8.59613_21.0334_-0.690042
9.00904_20.7527_-0.504027
9.44932_20.5158_-0.483359
9.88961_20.2788_-0.504027
10.3299_20.0419_-0.483359
10.7702_19.805_-0.504027
11.2105_19.568_-0.483359
11.6508_19.3311_-0.504027
12.091_19.0942_-0.483359
12.5313_18.8572_-0.504027
12.8745_18.6714_-0.235338
13.3568_18.5399_-0.297343
13.8333_18.3884_-0.318012
14.3098_18.237_-0.297343
14.7863_18.0856_-0.318012
15.2628_17.9342_-0.297343
15.2628_17.9342_-0.297343
15.7534_17.8431_-0.0699913
16.2518_17.8029_-0.0906597
16.7501_17.7628_-0.0699913
17.2485_17.7227_-0.0906597
17.7469_17.6826_-0.0699913
18.2453_17.6425_-0.0906597
18.7427_17.592_-0.111328
19.2402_17.5416_-0.0906597
19.7385_17.5015_-0.0699913
20.1734_17.4666_0.0746873
20.6665_17.4064_-0.318012
21.099_17.1619_-0.710711
21.405_16.7706_-1.10341
21.5481_16.2942_-1.45477
21.5805_15.7938_-1.47544
21.6435_15.2978_-1.41344
21.727_14.8049_-1.39277
21.8104_14.3119_-1.41344
21.8939_13.8189_-1.39277
21.9773_13.3259_-1.41344
22.0608_12.833_-1.39277
22.1544_12.3418_-1.3721
22.248_11.8507_-1.39277
22.3764_11.099_-1.02074
22.7137_10.7343_-0.628037
23.1649_10.5265_-0.235338
23.6613_10.5071_0.157361
24.1274_10.6792_0.55006
24.4921_11.0165_0.942759
24.4921_11.0165_0.942759
24.8568_11.3538_0.55006
25.3228_11.5259_0.157361
25.8193_11.5065_-0.235338
26.2705_11.2987_-0.628037
26.6234_10.9474_-0.938063
26.9943_10.3872_-0.669374
27.4365_10.1609_-0.276675
27.9189_10.0293_-0.256007
28.4039_9.9077_-0.235338
28.8888_9.7861_-0.256007
29.3738_9.6645_-0.235338
29.8612_9.55295_-0.21467
30.2687_9.37535_-0.607369
30.2687_9.37535_-1.00007
30.3023_9.44484_-8.10999
30.1608_8.96537_-8.17199
30.0094_8.48886_-8.15133
29.8579_8.01235_-8.17199
29.7065_7.53584_-8.15133
29.5551_7.05933_-8.17199
29.3939_6.58605_-8.19266
29.3539_6.51857_-8.58536
29.3539_6.51857_-8.97806
29.3539_6.51857_-9.37076
29.3718_6.50722_-3.87297
29.3043_6.54721_-3.48027
28.8126_6.61768_-3.08757
28.3313_6.4946_-2.69487
27.9337_6.19669_-2.30218
27.6804_5.76933_-1.90948
27.6099_5.27756_-1.51678
27.733_4.79625_-1.12408
28.0152_4.41961_-0.731379
28.087_4.47813_-6.2085
