configuration 46.8230323792_-26.2805175781_0.619899316938_0.784681360082_54.818611145_35.6322822571_0.774404309534_0.632691050494
length 70.7697
time 300
roughness 0.0164484
46.823_-26.2805_1.33723
47.0117_-25.8196_1.0272
47.2659_-25.3891_1.04787
47.52_-24.9585_1.0272
47.7742_-24.5279_1.04787
48.0194_-24.0922_1.06854
48.2646_-23.6565_1.04787
48.5188_-23.2259_1.0272
48.773_-22.7953_1.04787
49.0182_-22.3596_1.06854
49.2141_-22.0103_1.29589
49.3146_-21.521_1.44057
49.3846_-21.0259_1.4199
49.4547_-20.5309_1.44057
49.5247_-20.0358_1.4199
49.5948_-19.5407_1.44057
49.6648_-19.0457_1.4199
49.7349_-18.5506_1.44057
49.7947_-18.0542_1.46124
49.8788_-17.406_0.923861
50.1843_-17.0102_0.903193
50.4898_-16.6144_0.923861
50.7952_-16.2186_0.903193
51.1007_-15.8227_0.923861
51.4062_-15.4269_0.903193
51.7117_-15.0311_0.923861
52.0171_-14.6353_0.903193
52.3307_-14.2458_0.882525
52.6791_-13.8096_1.54391
52.6461_-13.3114_1.72993
52.572_-12.817_1.70926
52.4979_-12.3225_1.72993
52.4237_-11.828_1.70926
52.3496_-11.3336_1.72993
52.2755_-10.8391_1.70926
52.2014_-10.3446_1.72993
52.117_-9.8518_1.7506
52.0327_-9.35897_1.72993
51.9735_-8.95625_1.95728
51.8796_-8.46841_1.56458
51.9795_-7.98178_1.17188
52.2153_-7.5417_0.985866
52.4871_-7.122_1.00653
52.7588_-6.7023_0.985866
53.0306_-6.2826_1.00653
53.3023_-5.8629_0.985866
53.574_-5.44321_1.00653
53.796_-5.09453_0.221137
54.2501_-4.8931_0.613836
54.5926_-4.53321_1.00653
54.8377_-4.09767_1.10988
55.0647_-3.65218_1.08921
55.3008_-3.21147_1.06854
55.537_-2.77076_1.08921
55.764_-2.32527_1.10988
55.991_-1.87978_1.08921
56.2893_-1.32429_1.62659
56.3589_-0.832397_1.23389
56.5762_-0.38327_1.00653
56.8392_0.0419553_1.0272
57.1022_0.46718_1.00653
57.3652_0.892405_1.0272
57.3652_0.892405_1.0272
57.5827_1.34185_1.21322
57.7625_1.80838_1.19255
57.9423_2.27492_1.21322
58.1222_2.74145_1.19255
58.302_3.20798_1.21322
58.4818_3.67451_1.19255
58.6713_4.13723_1.17188
58.8607_4.59994_1.19255
59.1_5.20396_1.72993
59.0979_5.70196_1.4199
59.168_6.19702_1.44057
59.238_6.69208_1.4199
59.3081_7.18714_1.44057
59.3781_7.6822_1.4199
59.3781_7.6822_1.4199
59.5472_8.14934_1.0272
59.8102_8.57457_1.00653
60.0732_8.99979_1.0272
60.3362_9.42502_1.00653
60.5992_9.85024_1.0272
60.8623_10.2755_1.00653
61.1253_10.7007_1.0272
61.3794_11.1313_1.04787
61.781_11.8027_1.25456
61.9414_12.2762_1.23389
62.1018_12.7498_1.25456
62.2622_13.2234_1.23389
62.4226_13.6969_1.25456
62.583_14.1705_1.23389
62.7531_14.6406_1.21322
62.8845_15.019_0.221137
63.2908_15.1993_0.613836
63.417_15.3319_1.00653
63.4734_15.4782_1.39923
63.4702_15.6089_1.79193
63.4398_15.7096_1.93661
63.4398_15.7096_1.93661
63.356_16.1993_1.54391
63.466_16.6838_1.15121
63.9588_17.0385_1.48191
63.9877_17.5376_1.54391
63.996_18.0375_1.56458
64.0043_18.5375_1.54391
64.0126_19.0374_1.56458
64.0208_19.5373_1.54391
64.0208_19.5373_1.54391
64.0084_20.0369_1.64725
63.9651_20.5351_1.66792
63.9218_21.0332_1.64725
63.8784_21.5313_1.66792
63.8351_22.0294_1.64725
63.7917_22.5275_1.66792
63.7484_23.0256_1.64725
63.7051_23.5237_1.66792
63.6534_23.9745_0.923861
63.8698_24.4217_1.31656
63.8985_24.9177_1.70926
63.7448_25.3908_2.06062
63.505_25.8295_2.08129
63.2652_26.2683_2.06062
63.0255_26.707_2.08129
62.7767_27.1407_2.10196
62.5279_27.5744_2.08129
62.4681_27.6967_3.15605
61.9795_27.7866_2.76335
61.5625_28.0566_2.37065
61.2382_28.4363_2.18463
60.946_28.842_2.2053
60.6455_29.2416_2.22597
60.3449_29.6412_2.2053
60.0527_30.0469_2.18463
59.7522_30.4554_8.34381
59.4375_30.8397_8.73651
59.0481_31.1533_8.75717
58.6586_31.4669_8.73651
58.2758_31.7885_8.71584
57.8929_32.11_8.73651
57.5676_32.3771_2.72201
57.1621_32.6642_2.32931
56.8375_33.0442_2.22597
56.5288_33.4375_2.24664
56.5288_33.4375_2.24664
56.2201_33.8308_2.22597
55.9195_34.2304_2.2053
55.619_34.63_2.22597
55.3103_35.0233_2.24664
54.831_35.646_2.24664
