configuration -3.08480739594_22.5642471313_-0.424155304833_0.905589464041_28.1138801575_4.40596151352_-0.254607913402_0.967044368389
length 49.4627
time 47.9691
roughness 0.00318951
-3.08481_22.5642_-0.876058
-2.69842_22.252_-0.483359
-2.22703_22.0914_-0.173333
-1.73545_22.0001_-0.194002
-1.24586_21.8986_-0.21467
-0.756268_21.7972_-0.194002
-0.259476_21.7983_0.198698
0.215304_21.9517_0.42605
0.672709_22.1536_0.405381
1.13419_22.346_0.384713
1.59567_22.5384_0.405381
2.08165_22.6415_0.0126822
2.57646_22.581_-0.256007
3.06144_22.4594_-0.235338
3.54642_22.3378_-0.256007
4.0314_22.2162_-0.235338
4.52779_22.1762_0.0746873
5.02675_22.2084_0.0540189
5.5257_22.2405_0.0746873
6.02466_22.2727_0.0540189
6.52362_22.3049_0.0746873
7.01674_22.2446_-0.318012
7.44925_22.0002_-0.710711
7.83154_21.6779_-0.690042
8.21384_21.3557_-0.710711
8.59613_21.0334_-0.690042
9.0336_20.798_-0.297343
9.51314_20.6564_-0.276675
9.9955_20.5249_-0.256007
10.4779_20.3933_-0.276675
10.9602_20.2617_-0.256007
11.407_20.0445_-0.648706
11.7892_19.7224_-0.752048
12.1508_19.3771_-0.772716
12.5124_19.0318_-0.752048
12.8739_18.6865_-0.772716
13.2905_18.4157_-0.380017
13.7636_18.2545_-0.276675
14.2431_18.113_-0.297343
14.7226_17.9715_-0.276675
15.2022_17.8299_-0.297343
15.6964_17.7798_0.0953557
16.1946_17.8223_0.0746873
16.6936_17.8544_0.0540189
17.1925_17.8866_0.0746873
17.6915_17.9188_0.0540189
18.1728_18.0418_0.446718
18.6215_18.2625_0.467386
19.0701_18.4831_0.446718
19.5188_18.7038_0.467386
19.9675_18.9244_0.446718
20.4444_19.0677_0.136692
20.939_19.1409_0.157361
21.4336_19.2141_0.136692
21.9282_19.2874_0.157361
22.4228_19.3606_0.136692
22.9187_19.331_-0.256007
23.3656_19.1139_-0.648706
23.7477_18.7918_-0.752048
24.1163_18.454_-0.731379
24.485_18.1162_-0.752048
24.7746_17.7126_-1.14475
24.8877_17.2288_-1.53745
24.8992_16.729_-1.55811
24.9004_16.229_-1.57878
24.9016_15.729_-1.55811
24.8309_15.236_-1.86814
24.6894_14.7565_-1.84747
24.5479_14.277_-1.86814
24.4063_13.7974_-1.84747
24.2648_13.3179_-1.86814
24.2147_12.8236_-1.47544
24.3576_12.3478_-1.08274
24.6562_11.9493_-0.772716
25.0106_11.5966_-0.793384
25.3649_11.2439_-0.772716
25.7403_10.9139_-0.669374
26.1292_10.5996_-0.690042
26.5181_10.2854_-0.669374
26.907_9.97109_-0.690042
27.2958_9.65681_-0.669374
27.6178_9.27847_-1.06207
27.7705_8.80572_-1.45477
27.8232_8.30852_-1.47544
27.8657_7.81033_-1.49611
27.8978_7.31138_-1.51678
27.8978_7.31138_-1.90948
27.8978_7.31138_-2.30218
27.8978_7.31138_-2.69487
27.6952_7.25955_-3.08757
27.3846_7.30406_-3.48027
27.2034_7.33002_-3.08757
26.7221_7.20694_-2.69487
26.3245_6.90903_-2.30218
26.0712_6.48166_-1.90948
26.0008_5.98989_-1.51678
26.0008_5.98989_-1.12408
26.0948_5.86435_-0.731379
26.2523_5.77103_-0.33868
26.3797_5.73907_-0.152665
26.4056_5.73427_-0.21467
26.4056_5.73427_-0.607369
26.6234_5.50838_-1.00007
26.805_5.04599_-1.39277
26.7959_4.54928_-1.78547
26.5974_4.09386_-2.17817
26.5974_4.09386_-1.78547
26.5974_4.09386_-1.39277
26.6357_3.99652_-1.00007
26.8172_3.80828_-0.607369
27.0329_3.71426_-0.21467
27.5296_3.70515_0.178029
27.992_3.88683_0.570728
28.312_4.19533_0.963427
28.312_4.19533_0.570728
28.312_4.19533_0.178029
