configuration -3.08480739594_22.5642471313_-0.424155304833_0.905589464041_28.1138801575_4.40596151352_-0.254607913402_0.967044368389
length 55.8439
time 0.304613
roughness 0.00169884
-3.08481_22.5642_-0.876058
-2.69842_22.252_-0.483359
-2.22703_22.0914_-0.173333
-1.73545_22.0001_-0.194002
-1.24586_21.8986_-0.21467
-0.756268_21.7972_-0.194002
-0.259476_21.7983_0.198698
0.215304_21.9517_0.42605
0.672709_22.1536_0.405381
1.13419_22.346_0.384713
1.59567_22.5384_0.405381
2.08165_22.6415_0.0126822
2.57009_22.5508_-0.380017
3.00408_22.3055_-0.648706
3.40561_22.0076_-0.628037
3.81321_21.718_-0.607369
4.26863_21.5195_-0.21467
4.75601_21.408_-0.235338
5.2434_21.2964_-0.21467
5.73079_21.1849_-0.235338
6.21818_21.0733_-0.21467
6.71529_21.0436_0.0953557
7.21348_21.0861_0.0746873
7.71166_21.1285_0.0953557
8.20985_21.171_0.0746873
8.70803_21.2134_0.0953557
9.18384_21.3563_0.488055
9.56875_21.6704_0.880754
9.80417_22.1079_1.27345
9.90548_22.5968_1.45947
9.96616_23.0931_1.4388
10.1264_23.5633_1.0461
10.3987_23.9823_0.942759
10.6883_24.3899_0.963427
10.9779_24.7975_0.942759
11.2675_25.2051_0.963427
11.5131_25.6398_1.14944
11.7223_26.0939_1.12877
11.9315_26.5481_1.14944
12.1407_27.0022_1.12877
12.3499_27.4563_1.14944
12.6376_27.8613_0.756744
13.0584_28.1254_0.364045
13.5483_28.2083_-0.0286546
14.0353_28.1073_-0.380017
14.5016_27.9267_-0.359349
14.9597_27.727_-0.46269
15.4094_27.5085_-0.442022
15.8635_27.2993_-0.421354
16.3177_27.0901_-0.442022
16.7718_26.8809_-0.421354
17.2341_26.6906_-0.359349
17.7003_26.51_-0.380017
18.1665_26.3293_-0.359349
18.6327_26.1487_-0.380017
19.0989_25.968_-0.359349
19.588_25.8772_-0.00798619
20.0879_25.868_-0.0286546
20.5875_25.8485_-0.0493229
21.0871_25.829_-0.0286546
21.5867_25.8095_-0.0493229
22.0686_25.6887_-0.442022
22.4676_25.3927_-0.834721
22.7229_24.9665_-1.22742
22.8666_24.4878_-1.33076
22.9905_24.0034_-1.31009
23.1144_23.519_-1.33076
23.2382_23.0346_-1.31009
23.3621_22.5502_-1.33076
23.486_22.0658_-1.31009
23.6099_21.5814_-1.33076
23.7338_21.097_-1.31009
23.8576_20.6126_-1.33076
23.9815_20.1282_-1.31009
24.1054_19.6438_-1.33076
24.2293_19.1594_-1.31009
24.4485_18.7136_-0.917395
24.8217_18.3856_-0.524696
25.271_18.1673_-0.380017
25.7334_17.977_-0.400685
26.1917_17.7773_-0.421354
26.5967_17.4895_-0.814053
26.8608_17.0687_-1.20675
26.9437_16.5789_-1.59945
26.8427_16.0918_-1.95081
26.6621_15.6256_-1.93014
26.5815_15.1354_-1.53745
26.6239_14.6374_-1.4341
26.6971_14.1428_-1.41344
26.7704_13.6482_-1.4341
26.8436_13.1536_-1.41344
27.0157_12.6876_-1.02074
27.3151_12.2881_-0.834721
27.647_11.9141_-0.855389
27.9788_11.5401_-0.834721
28.3106_11.1661_-0.855389
28.6647_10.8136_-0.710711
29.0403_10.4836_-0.731379
29.4158_10.1535_-0.710711
29.7914_9.82341_-0.731379
30.1669_9.49333_-0.710711
30.473_9.10201_-1.10341
30.606_8.62335_-1.49611
30.5457_8.13023_-1.88881
30.3278_7.68187_-2.1575
30.0467_7.26838_-2.17817
29.7656_6.85488_-2.1575
29.4845_6.44139_-2.17817
29.2034_6.02789_-2.1575
28.9223_5.61439_-2.17817
28.6412_5.2009_-2.1575
28.3688_4.78168_-2.13683
28.2082_4.36721_-1.74413
28.2082_4.36721_-1.35143
28.2082_4.36721_-0.958731
