configuration -3.08480739594_22.5642471313_-0.424155304833_0.905589464041_28.1138801575_4.40596151352_-0.254607913402_0.967044368389
length 54.333
time 7.19931
roughness 0.00170145
-3.08481_22.5642_-0.876058
-2.69842_22.252_-0.483359
-2.22703_22.0914_-0.173333
-1.73545_22.0001_-0.194002
-1.24586_21.8986_-0.21467
-0.756268_21.7972_-0.194002
-0.756268_21.7972_-0.194002
-0.258646_21.7777_0.116024
0.238555_21.8305_0.0953557
0.735756_21.8832_0.116024
1.23296_21.936_0.0953557
1.73016_21.9887_0.116024
2.22736_22.0415_0.0953557
2.72456_22.0942_0.116024
3.22176_22.147_0.0953557
3.71995_22.1894_0.0746873
4.0314_22.2162_-0.235338
4.52781_22.1968_0.157361
5.00171_22.3499_0.467386
5.45038_22.5705_0.446718
5.89906_22.7912_0.467386
6.34307_23.0211_0.488055
6.78709_23.2509_0.467386
7.23576_23.4716_0.446718
7.68443_23.6922_0.467386
8.24486_23.9778_0.963427
8.52595_24.3913_0.984096
8.79844_24.8105_1.00476
9.07092_25.2297_0.984096
9.34341_25.649_1.00476
9.61589_26.0682_0.984096
9.88838_26.4874_1.00476
10.1609_26.9066_0.984096
10.442_27.3201_0.963427
10.723_27.7336_0.984096
10.9873_28.1402_1.08744
11.2996_28.5266_0.694738
11.687_28.8427_0.67407
12.0743_29.1588_0.694738
12.4617_29.4749_0.67407
12.8491_29.791_0.694738
13.2365_30.1071_0.67407
13.6239_30.4232_0.694738
14.0047_30.7472_0.715407
14.1459_30.8646_-0.400685
14.5999_30.6554_-0.46269
15.0496_30.4369_-0.442022
15.5037_30.2277_-0.421354
15.9579_30.0185_-0.442022
16.4076_29.7999_-0.46269
16.8573_29.5814_-0.442022
17.3114_29.3722_-0.421354
17.7655_29.163_-0.442022
18.2152_28.9445_-0.46269
18.6677_28.736_-0.400685
19.1172_28.5176_-0.504027
19.5525_28.2716_-0.524696
19.9878_28.0256_-0.504027
20.4231_27.7796_-0.524696
20.8584_27.5336_-0.504027
21.2937_27.2876_-0.524696
21.729_27.0417_-0.504027
22.1693_26.8047_-0.483359
22.5049_26.6195_-1.31009
22.706_26.164_-1.00007
22.9805_25.746_-0.9794
23.2635_25.3338_-0.958731
23.5465_24.9217_-0.9794
23.8215_24.5028_-1.00007
24.0695_24.0688_-1.10341
24.2901_23.6201_-1.12408
24.5107_23.1715_-1.10341
24.7406_22.7274_-1.08274
24.9705_22.2834_-1.10341
25.1911_21.8348_-1.12408
25.4118_21.3861_-1.10341
25.6417_20.9421_-1.08274
25.8715_20.4981_-1.10341
26.0133_20.2149_-1.45477
26.0763_19.7189_-1.4341
26.1393_19.2229_-1.45477
26.2023_18.7269_-1.4341
26.2653_18.2309_-1.45477
26.3283_17.7349_-1.4341
26.3913_17.2389_-1.45477
26.4544_16.7428_-1.4341
26.5174_16.2468_-1.45477
26.5804_15.7508_-1.4341
26.6434_15.2548_-1.45477
26.6343_14.7564_-1.72346
26.5633_14.2615_-1.70279
26.4924_13.7665_-1.72346
26.4215_13.2716_-1.70279
26.3608_12.7753_-1.68212
26.3001_12.279_-1.70279
26.2292_11.7841_-1.72346
26.1583_11.2892_-1.70279
26.0643_10.5607_-1.28943
26.1373_10.0676_-1.55811
26.1488_9.5677_-1.53745
26.1604_9.06784_-1.55811
26.1719_8.56799_-1.53745
26.1834_8.06813_-1.55811
26.1834_8.06813_-1.55811
26.2865_7.58215_-1.16542
26.5251_7.1436_-0.9794
26.7996_6.72567_-1.00007
27.074_6.30774_-0.9794
27.3485_5.88981_-1.00007
27.6229_5.47187_-0.9794
27.8974_5.05394_-1.00007
28.1631_4.63043_-1.02074
28.3371_4.36791_0.0746873
