configuration 46.8230323792_-26.2805175781_0.619899316938_0.784681360082_54.818611145_35.6322822571_0.774404309534_0.632691050494
length 75.814
time 0.727829
roughness 0.00111601
46.823_-26.2805_1.33723
47.0301_-25.8289_0.94453
47.3514_-25.4464_0.799851
47.6961_-25.0842_0.820519
48.0332_-24.7149_0.841188
48.3703_-24.3457_0.820519
48.6316_-23.9232_1.21322
48.792_-23.4497_1.27522
48.9327_-22.9699_1.29589
49.0734_-22.4901_1.27522
49.2141_-22.0103_1.29589
49.2531_-21.5151_1.68859
49.1688_-21.0225_1.79193
49.0541_-20.5358_1.8126
48.9394_-20.0491_1.79193
48.8247_-19.5625_1.8126
48.8021_-19.0662_1.4199
48.9711_-18.5991_1.0272
49.2598_-18.1913_0.882525
49.5733_-17.8019_0.903193
49.8788_-17.406_0.923861
50.2498_-17.0757_0.531162
50.6835_-16.8269_0.510494
51.1172_-16.5781_0.531162
51.5509_-16.3293_0.510494
51.9846_-16.0805_0.531162
52.4019_-15.8054_0.634504
52.8076_-15.5132_0.613836
53.2193_-15.2295_0.593167
53.6309_-14.9457_0.613836
54.0426_-14.6619_0.593167
54.3925_-14.3092_0.985866
54.5807_-13.8494_1.37857
54.5786_-13.3527_1.77126
54.3866_-12.8945_2.16396
54.1114_-12.477_2.1433
53.9289_-12.015_1.7506
53.9372_-11.5182_1.3579
54.0276_-11.0266_1.4199
54.1079_-10.5331_1.39923
54.1983_-10.0413_1.37857
54.2271_-9.54365_1.64725
54.1941_-9.04476_1.62659
54.1714_-8.54528_1.60592
54.1487_-8.04581_1.62659
54.126_-7.54633_1.60592
54.012_-7.06279_1.99862
53.7906_-6.61457_2.06062
53.5508_-6.17583_2.08129
53.311_-5.73708_2.06062
53.0712_-5.29834_2.08129
52.9177_-4.82586_1.68859
52.9567_-4.33059_1.29589
53.1823_-3.88795_0.903193
53.5538_-3.55715_0.551831
53.9768_-3.29065_0.572499
54.3338_-2.94522_0.965198
54.6227_-2.53711_0.94453
54.9199_-2.13506_0.923861
55.2172_-1.73301_0.94453
55.5144_-1.33095_0.923861
55.8854_-1.00058_0.531162
56.3546_-0.837336_0.138463
56.8525_-0.794014_0.0351213
57.3523_-0.781622_0.0144529
57.8522_-0.76923_0.0351213
58.3357_-0.655261_0.42782
58.7389_-0.364923_0.820519
59.0002_0.057583_1.21322
59.1408_0.536962_1.3579
59.2514_1.02455_1.33723
59.2699_1.521_1.72993
59.097_1.98673_2.12263
58.8134_2.39822_2.22597
58.5129_2.79781_2.2053
58.2123_3.19741_2.22597
57.9923_3.64282_1.83327
57.9595_4.13853_1.44057
58.1188_4.60906_1.04787
58.373_5.03963_1.0272
58.636_5.46486_1.00653
58.8147_5.92841_1.39923
58.8229_6.42634_1.70926
58.7591_6.92223_1.68859
58.6952_7.41812_1.70926
58.6313_7.91401_1.68859
58.5879_8.41205_1.62659
58.5549_8.91095_1.64725
58.5219_9.40985_1.62659
58.4888_9.90875_1.64725
58.4558_10.4076_1.62659
58.5254_10.8995_1.23389
58.7779_11.3274_0.841188
59.1692_11.6345_0.489825
59.608_11.8743_0.510494
60.0417_12.1231_0.531162
60.453_12.4066_0.675841
60.8463_12.7153_0.655172
61.2396_13.024_0.675841
61.6329_13.3328_0.655172
62.0262_13.6415_0.675841
62.3457_14.0219_1.06854
62.5818_14.4626_1.08921
62.8088_14.9081_1.10988
63.0358_15.3536_1.08921
63.2628_15.7991_1.10988
63.4128_16.274_1.4199
63.4931_16.7675_1.39923
63.5835_17.2592_1.37857
63.674_17.751_1.39923
63.7644_18.2427_1.37857
63.865_18.7325_1.3579
63.9757_19.22_1.33723
64.0864_19.7076_1.3579
64.1971_20.1952_1.33723
64.3077_20.6828_1.3579
64.316_21.1795_1.7506
64.1335_21.6416_2.1433
63.8583_22.059_2.16396
63.5831_22.4765_2.1433
63.3079_22.8939_2.16396
62.9916_23.2802_2.34998
62.6439_23.6396_2.32931
62.2963_23.9989_2.34998
61.9486_24.3583_2.32931
61.601_24.7176_2.34998
61.2929_25.1101_2.12263
61.0352_25.5385_2.10196
60.7775_25.967_2.12263
60.511_26.39_2.1433
60.2445_26.8131_2.12263
60.0328_27.2649_1.89527
59.8685_27.7371_1.91594
59.6945_28.2058_1.93661
59.5205_28.6746_1.91594
59.3465_29.1433_1.93661
59.0817_29.5636_2.32931
58.6996_29.8845_2.55666
58.2856_30.1649_2.53599
57.8775_30.4537_2.51533
57.4694_30.7426_2.53599
57.0738_31.0479_2.43265
56.6909_31.3695_2.45332
56.308_31.6911_2.43265
55.9252_32.0126_2.45332
55.5423_32.3342_2.43265
55.2356_32.725_2.03995
55.0917_33.2011_1.68859
55.038_33.6982_1.66792
54.9844_34.1954_1.68859
54.9308_34.6925_1.66792
54.8772_35.1896_1.68859
54.82_35.6333_1.70926
