configuration 46.8230323792_-26.2805175781_0.619899316938_0.784681360082_54.818611145_35.6322822571_0.774404309534_0.632691050494
length 88.018
time 44.8274
roughness 0.00164092
46.823_-26.2805_1.33723
47.0301_-25.8289_0.94453
47.3514_-25.4464_0.799851
47.6961_-25.0842_0.820519
48.0332_-24.7149_0.841188
48.3703_-24.3457_0.820519
48.6316_-23.9232_1.21322
48.792_-23.4497_1.27522
48.9327_-22.9699_1.29589
49.0734_-22.4901_1.27522
49.2141_-22.0103_1.29589
49.2531_-21.5151_1.68859
49.1688_-21.0225_1.79193
49.0541_-20.5358_1.8126
48.9394_-20.0491_1.79193
48.8247_-19.5625_1.8126
48.8021_-19.0662_1.4199
48.9711_-18.5991_1.0272
49.2598_-18.1913_0.882525
49.5733_-17.8019_0.903193
49.8788_-17.406_0.923861
50.2498_-17.0757_0.531162
50.6835_-16.8269_0.510494
51.1172_-16.5781_0.531162
51.5509_-16.3293_0.510494
51.9846_-16.0805_0.531162
52.4019_-15.8054_0.634504
52.8076_-15.5132_0.613836
53.2193_-15.2295_0.593167
53.6309_-14.9457_0.613836
54.0426_-14.6619_0.593167
54.3925_-14.3092_0.985866
54.5807_-13.8494_1.37857
54.5786_-13.3527_1.77126
54.3866_-12.8945_2.16396
54.1114_-12.477_2.1433
53.9289_-12.015_1.7506
53.9372_-11.5182_1.3579
54.0276_-11.0266_1.4199
54.1079_-10.5331_1.39923
54.1983_-10.0413_1.37857
54.2271_-9.54365_1.64725
54.1941_-9.04476_1.62659
54.1714_-8.54528_1.60592
54.1487_-8.04581_1.62659
54.126_-7.54633_1.60592
54.012_-7.06279_1.99862
53.7906_-6.61457_2.06062
53.5508_-6.17583_2.08129
53.311_-5.73708_2.06062
53.0712_-5.29834_2.08129
52.9177_-4.82586_1.68859
52.9567_-4.33059_1.29589
53.1823_-3.88795_0.903193
53.5538_-3.55715_0.551831
53.9768_-3.29065_0.572499
54.3338_-2.94522_0.965198
54.5315_-2.48946_1.3579
54.581_-1.99299_1.58525
54.5789_-1.493_1.56458
54.5872_-0.993076_1.54391
54.6972_-0.508609_1.15121
54.9842_-0.103109_0.758514
55.4045_0.161691_0.365815
55.8942_0.245478_-0.0268838
56.3941_0.237204_-0.00621545
56.8819_0.331093_0.386484
57.2967_0.604524_0.779183
57.5753_1.01587_1.17188
57.7355_1.48903_1.31656
57.8663_1.97162_1.29589
57.9053_2.46689_1.68859
57.7908_2.9525_1.91594
57.6265_3.42473_1.89527
57.4622_3.89696_1.91594
57.2979_4.36919_1.89527
57.2345_4.86191_1.50258
57.3644_5.34141_1.10988
57.6183_5.77162_0.965198
57.8987_6.18561_0.985866
58.1704_6.60531_1.00653
58.3491_7.06886_1.39923
58.3573_7.56679_1.70926
58.2934_8.06268_1.68859
58.2296_8.55857_1.70926
58.1657_9.05446_1.68859
58.0122_9.52695_2.08129
57.697_9.9118_2.43265
57.3209_10.2412_2.41198
56.9447_10.5706_2.43265
56.5686_10.9_2.41198
56.27_11.2971_2.01929
56.146_11.7782_1.62659
56.144_12.2779_1.52324
56.1626_12.7776_1.54391
56.1812_13.2772_1.52324
56.3012_13.7593_1.13055
56.5965_14.1588_0.737846
57.0174_14.4239_0.386484
57.4785_14.6172_0.407152
57.9397_14.8104_0.386484
58.3544_15.0838_0.779183
58.7138_15.4315_0.758514
59.0731_15.7791_0.779183
59.4325_16.1268_0.758514
59.7918_16.4744_0.779183
60.1902_16.7741_0.510494
60.6239_17.0229_0.531162
61.0524_17.2806_0.551831
61.4808_17.5383_0.531162
61.9093_17.796_0.551831
62.2734_18.1339_0.94453
62.5623_18.5421_0.965198
62.8511_18.9502_0.94453
63.14_19.3583_0.965198
63.4203_19.7723_0.985866
63.6086_20.232_1.37857
63.6065_20.7288_1.77126
63.4818_21.2128_1.87461
63.3372_21.6914_1.85394
63.1926_22.17_1.87461
62.9811_22.6214_2.1433
62.7146_23.0445_2.12263
62.4481_23.4675_2.1433
62.1815_23.8906_2.12263
61.915_24.3136_2.1433
61.7326_24.7757_1.7506
61.6381_25.2666_1.77126
61.5334_25.7556_1.79193
61.4288_26.2445_1.77126
61.3242_26.7334_1.79193
61.3119_27.2301_1.39923
61.4906_27.6936_1.00653
61.833_28.0535_0.613836
62.2611_28.311_0.469157
62.7047_28.5416_0.489825
63.0891_28.8564_0.882525
63.3331_29.2899_1.23389
63.5032_29.76_1.21322
63.683_30.2266_1.19255
63.8629_30.6931_1.21322
64.0427_31.1596_1.19255
64.2225_31.6262_1.21322
64.4024_32.0927_1.19255
64.5822_32.5592_1.21322
64.762_33.0258_1.19255
64.8519_33.5144_1.58525
64.7479_34.0002_1.97795
64.466_34.4092_2.37065
64.049_34.6792_2.76335
63.5633_34.7894_3.07337
63.0649_34.8287_3.0527
62.5674_34.8782_3.03204
62.0698_34.9277_3.0527
61.5723_34.9773_3.03204
61.0748_35.0268_3.0527
60.5772_35.0763_3.03204
60.0797_35.1259_3.0527
59.5822_35.1754_3.03204
59.0846_35.2249_3.0527
58.5871_35.2744_3.03204
58.0922_35.2314_3.42473
57.988_35.2223_3.03204
57.988_35.2223_2.63934
57.988_35.2223_2.24664
57.988_35.2223_1.85394
57.988_35.2223_2.24664
57.6076_35.5418_2.63934
57.1338_35.6914_3.03204
56.6389_35.6484_3.42473
56.1981_35.4192_3.81743
55.7574_35.19_3.42473
55.4696_35.0624_3.69342
55.0038_34.8895_3.30072
54.5871_34.7347_3.69342
54.223_34.3968_4.08612
54.016_33.9452_4.47882
53.8852_33.66_4.08612
53.8852_33.66_3.69342
53.8852_33.66_4.08612
53.8852_33.66_4.47882
53.8852_33.66_4.87152
53.8852_33.66_5.26422
54.0097_33.5258_5.65692
54.0097_33.5258_6.04962
54.0097_33.5258_6.44232
54.0587_33.544_6.83502
54.4037_33.8642_7.22771
54.578_34.2445_7.62041
54.6786_34.7342_7.68242
54.7589_35.2277_7.70309
54.7919_35.6471_7.84777
