configuration 46.8230323792_-26.2805175781_0.619899316938_0.784681360082_54.818611145_35.6322822571_0.774404309534_0.632691050494
length 68.1594
time 0.745271
roughness 0.000812948
46.823_-26.2805_1.33723
46.9538_-25.798_1.27522
47.1043_-25.3212_1.25456
47.2549_-24.8444_1.27522
47.4055_-24.3677_1.25456
47.5561_-23.8909_1.27522
47.5561_-23.8909_1.27522
47.7819_-23.4477_0.923861
48.0791_-23.0456_0.94453
48.368_-22.6375_0.965198
48.6568_-22.2294_0.94453
48.9457_-21.8213_0.965198
48.9457_-21.8213_0.965198
49.1434_-21.3655_1.3579
49.2134_-20.8709_1.50258
49.2526_-20.3724_1.48191
49.2918_-19.874_1.50258
49.3311_-19.3755_1.48191
49.3311_-19.3755_1.48191
49.4011_-18.8807_1.37857
49.5017_-18.3909_1.3579
49.6023_-17.9011_1.37857
49.7029_-17.4114_1.3579
49.8034_-16.9216_1.37857
49.8034_-16.9216_1.37857
49.9917_-16.4619_0.985866
50.3415_-16.1091_0.593167
50.7532_-15.8254_0.613836
51.1589_-15.5332_0.634504
51.5646_-15.2409_0.613836
51.5646_-15.2409_0.613836
51.9071_-14.8811_1.00653
52.143_-14.4407_1.15121
52.3514_-13.9862_1.13055
52.5598_-13.5318_1.15121
52.7682_-13.0773_1.13055
52.7682_-13.0773_1.13055
52.9283_-12.6047_1.3579
53.039_-12.1171_1.33723
53.1497_-11.6295_1.3579
53.2603_-11.142_1.33723
53.371_-10.6544_1.3579
53.371_-10.6544_1.3579
53.441_-10.1597_1.50258
53.4803_-9.66128_1.48191
53.5298_-9.16375_1.46124
53.5793_-8.66622_1.48191
53.6288_-8.16868_1.46124
53.6288_-8.16868_1.46124
53.6784_-7.67115_1.48191
53.7176_-7.1727_1.50258
53.7568_-6.67425_1.48191
53.7961_-6.1758_1.50258
53.8353_-5.67736_1.48191
53.8353_-5.67736_1.48191
53.8642_-5.17827_1.54391
53.8725_-4.67835_1.56458
53.8808_-4.17843_1.54391
53.8891_-3.6785_1.56458
53.8973_-3.17858_1.54391
53.8973_-3.17858_1.54391
53.9774_-2.68655_1.27522
54.1181_-2.20676_1.29589
54.2587_-1.72697_1.27522
54.3994_-1.24718_1.29589
54.5401_-0.767395_1.27522
54.5401_-0.767395_1.27522
54.7748_-0.329508_0.882525
55.1591_-0.0147483_0.489825
55.6347_0.128965_0.0971264
56.1306_0.0899293_-0.254236
56.6158_-0.0308139_-0.233568
56.6158_-0.0308139_-0.233568
57.1122_-0.0492993_0.159132
57.578_0.123605_0.551831
57.9421_0.461577_0.94453
58.1491_0.913162_1.33723
58.2088_1.4085_1.56458
58.2088_1.4085_1.56458
58.2887_1.90005_1.25456
58.4393_2.37682_1.27522
58.5899_2.8536_1.25456
58.7405_3.33038_1.27522
58.8911_3.80716_1.25456
58.8911_3.80716_1.25456
58.9505_4.30039_1.64725
58.9071_4.7985_1.66792
58.8638_5.29661_1.64725
58.8205_5.79472_1.66792
58.7771_6.29282_1.64725
58.7771_6.29282_1.64725
58.7544_6.79223_1.58525
58.7523_7.29221_1.56458
58.7503_7.7922_1.58525
58.7482_8.29219_1.56458
58.7462_8.79218_1.58525
58.7462_8.79218_1.58525
58.7648_9.29161_1.48191
58.804_9.79006_1.50258
58.8432_10.2885_1.48191
58.8825_10.787_1.50258
58.9217_11.2854_1.48191
58.9217_11.2854_1.48191
58.899_11.7834_1.7506
58.8147_12.2762_1.72993
58.7304_12.769_1.7506
58.6461_13.2619_1.72993
58.5617_13.7547_1.7506
58.5617_13.7547_1.7506
58.5288_14.2525_1.52324
58.5474_14.7522_1.54391
58.5557_15.2521_1.56458
58.5639_15.752_1.54391
58.5722_16.2519_1.56458
58.5722_16.2519_1.56458
58.5805_16.7519_1.54391
58.5887_17.2518_1.56458
58.5867_17.7518_1.58525
58.5846_18.2518_1.56458
58.5929_18.7517_1.54391
58.5929_18.7517_1.54391
58.5527_19.0636_1.85394
58.5527_19.0636_1.85394
58.5097_19.5586_1.46124
58.5695_20.055_1.44057
58.6395_20.55_1.4199
58.7095_21.0451_1.44057
58.7796_21.5401_1.4199
58.7796_21.5401_1.4199
58.8188_22.0382_1.56458
58.8271_22.5381_1.54391
58.8457_23.0377_1.52324
58.8643_23.5374_1.54391
58.8726_24.0373_1.56458
58.8726_24.0373_1.56458
58.9725_24.5239_1.17188
59.2511_24.9353_0.779183
59.5003_25.3033_1.17188
59.5003_25.3033_1.17188
59.6003_25.79_1.56458
59.5064_26.2778_1.95728
59.2943_26.7304_2.06062
59.0637_27.174_2.03995
58.8422_27.6223_2.01929
58.8422_27.6223_2.01929
58.6208_28.0705_2.03995
58.3993_28.5188_2.01929
58.1779_28.9671_2.03995
57.9565_29.4154_2.01929
57.735_29.8637_2.03995
57.735_29.8637_2.03995
57.5044_30.3073_2.06062
57.2737_30.7509_2.03995
57.043_31.1945_2.06062
56.8124_31.6381_2.03995
56.5817_32.0817_2.06062
56.5817_32.0817_2.06062
56.3511_32.5253_2.03995
56.1296_32.9736_2.01929
55.9082_33.4219_2.03995
55.6867_33.8701_2.01929
55.4653_34.3184_2.03995
55.4653_34.3184_2.03995
55.3015_34.7892_1.77126
55.207_35.2802_1.7506
55.0889_35.7385_1.89527
55.0889_35.7385_1.89527
