configuration 72.6459350586_2.13817882538_-0.994211695618_0.107438839792_19.5581073761_50.1696281433_0.955633460234_0.294558465643
length 90.1628
time 1.69232
roughness 0.00121307
72.6459_2.13818_-2.9263
72.1492_2.12877_-3.319
71.6785_2.29128_-3.62902
71.2343_2.52088_-3.60836
70.7902_2.75048_-3.62902
70.346_2.98007_-3.60836
70.346_2.98007_-3.60836
69.8812_3.16237_-3.42234
69.4023_3.30586_-3.44301
68.9264_3.45922_-3.46368
68.4505_3.61258_-3.44301
67.9746_3.76594_-3.46368
67.9746_3.76594_-3.46368
67.4817_3.82824_-3.07098
67.0025_3.69718_-2.67828
66.6099_3.39272_-2.28558
66.3638_2.96121_-1.89288
66.3015_2.46834_-1.50018
66.3015_2.46834_-1.50018
66.3015_2.46834_-1.89288
66.0553_2.03682_-2.28558
65.6627_1.73236_-2.67828
65.1835_1.60131_-3.07098
64.6907_1.66361_-3.46368
64.6907_1.66361_-3.46368
64.2384_1.8742_-3.69103
63.8093_2.13088_-3.67036
63.375_2.37864_-3.64969
62.9407_2.62639_-3.67036
62.5064_2.87415_-3.64969
62.5064_2.87415_-3.64969
62.1208_3.18839_-4.00105
61.7905_3.56374_-3.98039
61.4525_3.93217_-3.95972
61.1145_4.30061_-3.98039
60.7765_4.66905_-3.95972
60.7765_4.66905_-3.95972
60.3727_4.95842_-3.56702
59.9194_5.16947_-3.58769
59.4706_5.38984_-3.60836
59.0218_5.61021_-3.58769
58.573_5.83058_-3.60836
58.573_5.83058_-3.60836
58.1619_6.11251_-3.87704
57.7877_6.44411_-3.85638
57.4135_6.77572_-3.87704
57.0393_7.10732_-3.85638
56.6651_7.43893_-3.87704
56.6651_7.43893_-3.87704
56.3688_7.8377_-4.26974
56.2477_8.3195_-4.66244
56.3201_8.81098_-5.05514
56.5027_9.27639_-5.11715
56.6948_9.73799_-5.09648
56.6948_9.73799_-5.09648
56.7875_10.2261_-4.70378
56.6864_10.7124_-4.31108
56.4069_11.1231_-3.91838
56.0262_11.4467_-3.7737
55.6198_11.7379_-3.75303
55.6198_11.7379_-3.75303
55.2464_12.0688_-3.98039
54.9084_12.4372_-3.95972
54.5704_12.8057_-3.98039
54.2324_13.1741_-3.95972
53.8944_13.5425_-3.98039
53.8944_13.5425_-3.98039
53.4966_13.8402_-3.58769
53.0222_13.9931_-3.319
52.531_14.0864_-3.33967
52.0398_14.1797_-3.319
51.5486_14.2731_-3.33967
51.5486_14.2731_-3.33967
51.0594_14.3765_-3.36034
50.5724_14.49_-3.381
50.0855_14.6036_-3.36034
49.5986_14.7171_-3.381
49.1117_14.8306_-3.36034
49.1117_14.8306_-3.36034
48.6524_15.0218_-3.7117
48.2287_15.2873_-3.69103
47.8051_15.5528_-3.7117
47.3814_15.8183_-3.69103
46.9577_16.0838_-3.7117
46.9577_16.0838_-3.7117
46.4952_16.2652_-3.319
46.1292_16.2582_-2.9263
45.9375_16.1745_-2.5336
45.9375_16.1745_-2.9263
45.9375_16.1745_-3.319
45.9375_16.1745_-3.319
45.4417_16.2372_-3.21566
44.9427_16.269_-3.19499
44.4432_16.2906_-3.17432
43.9436_16.3121_-3.19499
43.9183_16.3186_-3.58769
43.9183_16.3186_-3.58769
43.4369_16.4413_-3.19499
42.9452_16.3706_-2.80229
42.4792_16.1896_-2.74028
42.0209_15.9896_-2.71962
41.9955_15.9837_-3.11231
41.9955_15.9837_-3.11231
41.5056_16.0663_-3.50501
41.0846_16.3301_-3.89771
40.6858_16.5801_-3.50501
40.6858_16.5801_-3.50501
40.1959_16.6627_-3.11231
39.6963_16.6429_-3.09165
39.1967_16.6231_-3.11231
38.6971_16.6033_-3.09165
38.1975_16.5835_-3.11231
38.1975_16.5835_-3.11231
37.7035_16.6459_-3.42234
37.2216_16.7795_-3.40167
36.7398_16.913_-3.42234
36.258_17.0466_-3.40167
35.7762_17.1802_-3.42234
35.7762_17.1802_-3.42234
35.2857_17.2734_-3.23633
34.7884_17.3258_-3.25699
34.2924_17.3885_-3.27766
33.7963_17.4512_-3.25699
33.2991_17.5036_-3.23633
33.2991_17.5036_-3.23633
32.8232_17.6462_-3.62902
32.3839_17.8849_-3.64969
31.9446_18.1237_-3.62902
31.5004_18.3532_-3.60836
31.0563_18.5828_-3.62902
31.0563_18.5828_-3.62902
30.5804_18.7254_-3.23633
30.0809_18.7366_-3.09165
29.5818_18.7065_-3.07098
29.0828_18.6764_-3.09165
28.5837_18.6462_-3.07098
28.5837_18.6462_-3.07098
28.0908_18.7085_-3.46368
27.6593_18.9547_-3.85638
27.3548_19.3473_-4.24908
27.1645_19.8091_-4.39375
27.101_20.2497_-4.74512
27.101_20.2497_-4.74512
27.101_20.2497_-4.35242
26.8387_20.6716_-3.95972
26.4349_20.9609_-3.56702
25.9511_21.0737_-3.17432
25.4609_20.9928_-2.78162
25.4609_20.9928_-2.78162
24.9708_20.9119_-3.17432
24.4869_21.0247_-3.56702
24.0831_21.3141_-3.95972
23.8208_21.736_-4.35242
23.7093_22.2218_-4.62111
23.7093_22.2218_-4.62111
23.6585_22.7192_-4.60044
23.6078_23.2166_-4.62111
23.5571_23.714_-4.60044
23.4961_24.2103_-4.57977
23.4351_24.7066_-4.60044
23.4351_24.7066_-4.60044
23.3639_25.2014_-4.53843
23.2825_25.6947_-4.5591
23.201_26.188_-4.53843
23.1196_26.6813_-4.5591
23.0381_27.1746_-4.53843
23.0381_27.1746_-4.53843
22.9263_27.6617_-4.43509
22.7845_28.1412_-4.41442
22.6426_28.6206_-4.43509
22.5008_29.1001_-4.41442
22.359_29.5795_-4.43509
22.359_29.5795_-4.43509
22.3188_30.0747_-4.82779
22.4712_30.5476_-5.22049
22.5995_30.9457_-4.82779
22.5995_30.9457_-4.43509
22.5995_30.9457_-4.43509
22.5182_31.438_-4.66244
22.4984_31.9376_-4.68311
22.4786_32.4372_-4.66244
22.4588_32.9368_-4.68311
22.439_33.4364_-4.66244
22.439_33.4364_-4.66244
22.4192_33.936_-4.68311
22.3994_34.4356_-4.66244
22.3693_34.9347_-4.64177
22.3392_35.4338_-4.66244
22.3194_35.9334_-4.68311
22.3194_35.9334_-4.68311
22.3306_36.433_-4.78645
22.3727_36.9312_-4.80712
22.4149_37.4294_-4.78645
22.457_37.9277_-4.80712
22.4992_38.4259_-4.78645
22.4992_38.4259_-4.78645
22.4487_38.9207_-4.43509
22.3168_39.403_-4.45576
22.1949_39.8879_-4.47643
22.073_40.3728_-4.45576
21.9511_40.8577_-4.47643
21.9511_40.8577_-4.47643
21.8192_41.3399_-4.41442
21.6774_41.8194_-4.43509
21.5455_42.3017_-4.45576
21.4136_42.7839_-4.43509
21.2717_43.2634_-4.41442
21.2717_43.2634_-4.41442
21.2213_43.7576_-4.80712
21.3639_44.2335_-5.19982
21.6377_44.651_-5.38584
21.9536_45.0386_-5.4065
22.2694_45.4262_-5.38584
22.2694_45.4262_-5.38584
22.4975_45.8675_-4.99314
22.5394_46.3625_-4.60044
22.3887_46.8359_-4.20774
22.0995_47.2425_-3.98039
21.7691_47.6178_-4.00105
21.7691_47.6178_-4.00105
21.4388_47.9932_-3.98039
21.1085_48.3685_-4.00105
20.786_48.7506_-4.02172
20.4636_49.1327_-4.00105
20.1332_49.508_-3.98039
20.1332_49.508_-3.98039
19.8029_49.8834_-4.00105
19.5484_50.1495_-3.89771
19.5484_50.1495_-3.89771
