configuration -17.6504554749_-22.9172973633_0.256229049699_0.256229049699_76.2194671631_43.7661514282_0.386216847154_0.922408015454
length 122.661
time 1.86432
roughness 0.000383723
-17.6505_-22.9173_0.150019
-17.1832_-22.7486_0.542718
-16.7633_-22.4773_0.604723
-16.3491_-22.1973_0.584054
-15.9348_-21.9173_0.604723
-15.5206_-21.6373_0.584054
-15.5206_-21.6373_0.584054
-15.1123_-21.3489_0.64606
-14.7162_-21.0437_0.666728
-14.3201_-20.7386_0.64606
-13.924_-20.4335_0.666728
-13.5279_-20.1284_0.64606
-13.5279_-20.1284_0.64606
-13.1318_-19.8232_0.666728
-12.7357_-19.5181_0.64606
-12.3396_-19.213_0.666728
-11.9435_-18.9079_0.64606
-11.5474_-18.6027_0.666728
-11.5474_-18.6027_0.666728
-11.1452_-18.3059_0.604723
-10.7368_-18.0174_0.625391
-10.3285_-17.7289_0.604723
-9.9201_-17.4404_0.625391
-9.51173_-17.1519_0.604723
-9.51173_-17.1519_0.604723
-9.06737_-16.926_0.336034
-8.59708_-16.7562_0.356702
-8.12678_-16.5865_0.336034
-7.65648_-16.4168_0.356702
-7.18618_-16.247_0.336034
-7.18618_-16.247_0.336034
-6.75815_-15.9948_0.728733
-6.38172_-15.6658_0.708065
-5.99858_-15.3445_0.687396
-5.61543_-15.0233_0.708065
-5.23229_-14.7021_0.687396
-5.23229_-14.7021_0.687396
-4.83625_-14.397_0.625391
-4.42789_-14.1085_0.604723
-4.01953_-13.82_0.625391
-3.61117_-13.5315_0.604723
-3.2028_-13.243_0.625391
-3.2028_-13.243_0.625391
-2.79444_-12.9545_0.604723
-2.38608_-12.666_0.625391
-1.97771_-12.3775_0.604723
-1.56935_-12.089_0.625391
-1.16099_-11.8005_0.604723
-1.16099_-11.8005_0.604723
-1.16099_-11.8005_0.212024
-0.664255_-11.7927_-0.180675
-0.202354_-11.9756_-0.573374
0.154394_-12.3213_-0.966074
0.351679_-12.7773_-1.35877
0.351679_-12.7773_-1.35877
0.351679_-12.7773_-0.966074
0.708428_-13.123_-0.573374
1.17033_-13.3059_-0.180675
1.66706_-13.2981_0.212024
2.123_-13.1009_0.604723
2.123_-13.1009_0.604723
2.52526_-12.804_0.666728
2.92135_-12.4989_0.64606
3.31744_-12.1938_0.666728
3.71353_-11.8886_0.64606
4.10963_-11.5835_0.666728
4.10963_-11.5835_0.666728
4.49933_-11.2703_0.687396
4.88903_-10.957_0.666728
5.27873_-10.6438_0.687396
5.66843_-10.3305_0.666728
6.05813_-10.0173_0.687396
6.05813_-10.0173_0.687396
6.4345_-9.68824_0.749401
6.80405_-9.35145_0.728733
7.17359_-9.01465_0.749401
7.54313_-8.67786_0.728733
7.91267_-8.34107_0.749401
7.91267_-8.34107_0.749401
8.27517_-7.99671_0.77007
8.63768_-7.65235_0.749401
9.00018_-7.30799_0.77007
9.36268_-6.96363_0.749401
9.72519_-6.61927_0.77007
9.72519_-6.61927_0.77007
10.0877_-6.27491_0.749401
10.4572_-5.93812_0.728733
10.8268_-5.60133_0.749401
11.1963_-5.26453_0.728733
11.5659_-4.92774_0.749401
11.5659_-4.92774_0.749401
11.9886_-4.66678_0.356702
12.479_-4.58746_-0.0359968
12.968_-4.68201_-0.346022
13.4365_-4.85643_-0.366691
13.9051_-5.03086_-0.346022
13.9051_-5.03086_-0.346022
14.3963_-5.10494_0.0466767
14.8785_-4.98539_0.439376
15.2848_-4.69837_0.790738
15.6401_-4.34659_0.77007
15.9954_-3.99482_0.790738
15.9954_-3.99482_0.790738
16.3648_-3.65817_0.687396
16.7545_-3.34492_0.666728
17.1442_-3.03167_0.687396
17.5339_-2.71843_0.666728
17.9236_-2.40518_0.687396
17.9236_-2.40518_0.687396
18.3133_-2.09193_0.666728
18.703_-1.77868_0.687396
19.0927_-1.46544_0.666728
19.4824_-1.15219_0.687396
19.8721_-0.838942_0.666728
19.8721_-0.838942_0.666728
20.1951_-0.461455_1.05943
20.4074_-0.00926708_1.20411
20.5819_0.459312_1.22477
20.7563_0.92789_1.20411
20.9307_1.39647_1.22477
20.9307_1.39647_1.22477
21.1872_1.82197_0.832075
21.5423_2.17359_0.728733
21.9119_2.51039_0.749401
22.2814_2.84718_0.728733
22.6509_3.18397_0.749401
22.6509_3.18397_0.749401
22.9753_3.56308_0.976753
23.2594_3.9745_0.956085
23.552_4.37996_0.935417
23.8445_4.78542_0.956085
24.1371_5.19088_0.935417
24.1371_5.19088_0.935417
24.491_5.54126_0.625391
24.8933_5.83813_0.64606
25.2956_6.13501_0.625391
25.6979_6.43188_0.64606
26.1002_6.72876_0.625391
26.1002_6.72876_0.625391
26.4963_7.03384_0.687396
26.8794_7.35508_0.708065
27.2626_7.67631_0.687396
27.6457_7.99755_0.708065
28.0289_8.31878_0.687396
28.0289_8.31878_0.687396
28.3982_8.65543_0.790738
28.7535_9.00721_0.77007
29.1089_9.35898_0.790738
29.4642_9.71076_0.77007
29.8195_10.0625_0.790738
29.8195_10.0625_0.790738
30.2021_10.3833_0.604723
30.6104_10.6718_0.625391
31.0188_10.9603_0.604723
31.4272_11.2488_0.625391
31.8355_11.5373_0.604723
31.8355_11.5373_0.604723
32.2111_11.8657_0.832075
32.544_12.2388_0.852743
32.8768_12.6119_0.832075
33.2173_12.9781_0.811406
33.5577_13.3442_0.832075
33.5577_13.3442_0.832075
33.9056_13.7032_0.77007
34.261_14.055_0.790738
34.6089_14.4141_0.811406
34.9569_14.7731_0.790738
35.3048_15.1321_0.811406
35.3048_15.1321_0.811406
35.6872_15.4527_0.584054
36.1014_15.7327_0.604723
36.5098_16.0212_0.625391
36.9181_16.3097_0.604723
37.3265_16.5982_0.625391
37.3265_16.5982_0.625391
37.7349_16.8867_0.604723
38.1432_17.1752_0.625391
38.5516_17.4637_0.604723
38.9599_17.7522_0.625391
39.3683_18.0407_0.604723
39.3683_18.0407_0.604723
39.7706_18.3375_0.666728
40.1603_18.6508_0.687396
40.55_18.964_0.666728
40.9397_19.2772_0.687396
41.3294_19.5905_0.666728
41.3294_19.5905_0.666728
41.7191_19.9037_0.687396
42.1088_20.217_0.666728
42.4985_20.5302_0.687396
42.8882_20.8435_0.666728
43.2779_21.1567_0.687396
43.2779_21.1567_0.687396
43.593_21.5408_1.0801
43.7863_22.0011_1.26611
43.9413_22.4765_1.24544
44.0962_22.9519_1.26611
44.2412_23.4304_1.28678
44.2412_23.4304_1.28678
44.2847_23.9253_1.67948
44.1355_24.3991_2.07218
43.8163_24.7798_2.46488
43.3758_25.0094_2.85758
42.8809_25.0529_3.25027
42.8809_25.0529_3.25027
42.8809_25.0529_2.85758
42.8809_25.0529_2.46488
42.8809_25.0529_2.07218
42.8024_25.3023_1.67948
42.8459_25.7972_1.28678
42.8459_25.7972_1.28678
43.0754_26.2377_0.89408
43.4561_26.5569_0.501381
43.897_26.7927_0.480713
44.338_27.0285_0.501381
44.7789_27.2642_0.480713
44.7789_27.2642_0.480713
45.1982_27.5352_0.666728
45.5943_27.8404_0.64606
45.9966_28.1372_0.625391
46.3989_28.4341_0.64606
46.8012_28.731_0.625391
46.8012_28.731_0.625391
47.2263_28.9934_0.480713
47.672_29.22_0.460044
48.1177_29.4466_0.480713
48.5634_29.6732_0.460044
49.0091_29.8998_0.480713
49.0091_29.8998_0.480713
49.4548_30.1264_0.460044
49.9005_30.353_0.480713
50.3462_30.5796_0.460044
50.7919_30.8063_0.480713
51.2375_31.0329_0.460044
51.2375_31.0329_0.460044
51.7036_31.212_0.274029
52.1835_31.3523_0.294697
52.6634_31.4926_0.274029
53.1433_31.6328_0.294697
53.6232_31.7731_0.274029
53.6232_31.7731_0.274029
54.0892_31.9523_0.460044
54.5349_32.1789_0.480713
54.9806_32.4055_0.460044
55.4263_32.6321_0.480713
55.872_32.8587_0.460044
55.872_32.8587_0.460044
56.3177_33.0853_0.480713
56.7586_33.3211_0.501381
57.1995_33.5569_0.480713
57.6404_33.7926_0.501381
58.0813_34.0284_0.480713
58.0813_34.0284_0.480713
58.5007_34.2994_0.666728
58.8968_34.6045_0.64606
59.2929_34.9096_0.666728
59.689_35.2148_0.64606
60.0913_35.5116_0.625391
60.0913_35.5116_0.625391
60.5164_35.7741_0.480713
60.9621_36.0007_0.460044
61.4077_36.2273_0.480713
61.8534_36.4539_0.460044
62.2991_36.6805_0.480713
62.2991_36.6805_0.480713
62.7448_36.9071_0.460044
63.1905_37.1337_0.480713
63.6362_37.3603_0.460044
64.0819_37.5869_0.480713
64.5276_37.8135_0.460044
64.5276_37.8135_0.460044
64.9863_38.012_0.356702
65.4529_38.1914_0.377371
65.9158_38.3804_0.398039
66.3787_38.5695_0.377371
66.8454_38.7489_0.356702
66.8454_38.7489_0.356702
67.2997_38.9567_0.501381
67.7406_39.1925_0.480713
68.1815_39.4283_0.501381
68.6224_39.664_0.480713
69.0633_39.8998_0.501381
69.0633_39.8998_0.501381
69.5042_40.1356_0.480713
69.9452_40.3713_0.501381
70.3861_40.6071_0.480713
70.827_40.8429_0.501381
71.2679_41.0787_0.480713
71.2679_41.0787_0.480713
71.7088_41.3144_0.501381
72.1497_41.5502_0.480713
72.5906_41.786_0.501381
73.0315_42.0217_0.480713
73.4725_42.2575_0.501381
73.4725_42.2575_0.501381
73.9084_42.5023_0.522049
74.3443_42.7472_0.501381
74.7853_42.9829_0.480713
75.2262_43.2187_0.501381
75.6621_43.4635_0.522049
75.6621_43.4635_0.522049
76.0981_43.7084_0.501381
76.0981_43.7084_0.501381
