configuration -17.6504554749_-22.9172973633_0.256229049699_0.256229049699_76.2194671631_43.7661514282_0.386216847154_0.922408015454
length 121.915
time 2.14912
roughness 0.000380956
-17.6505_-22.9173_0.150019
-17.1832_-22.7486_0.542718
-16.7577_-22.486_0.563386
-16.3378_-22.2146_0.584054
-15.9178_-21.9433_0.563386
-15.4979_-21.6719_0.584054
-15.4979_-21.6719_0.584054
-15.0837_-21.3919_0.604723
-14.6753_-21.1034_0.625391
-14.2669_-20.8149_0.604723
-13.8586_-20.5264_0.625391
-13.4502_-20.2379_0.604723
-13.4502_-20.2379_0.604723
-13.0418_-19.9494_0.625391
-12.6395_-19.6525_0.64606
-12.2372_-19.3556_0.625391
-11.8349_-19.0588_0.64606
-11.4326_-18.7619_0.625391
-11.4326_-18.7619_0.625391
-11.0242_-18.4734_0.604723
-10.6159_-18.1849_0.625391
-10.2075_-17.8964_0.604723
-9.79914_-17.6079_0.625391
-9.39078_-17.3194_0.604723
-9.39078_-17.3194_0.604723
-8.96551_-17.0569_0.501381
-8.52459_-16.8211_0.480713
-8.08368_-16.5853_0.501381
-7.64277_-16.3496_0.480713
-7.19708_-16.123_0.460044
-7.19708_-16.123_0.460044
-6.77223_-15.8607_0.64606
-6.36992_-15.5638_0.625391
-5.9676_-15.2669_0.64606
-5.56529_-14.9701_0.625391
-5.16298_-14.6732_0.64606
-5.16298_-14.6732_0.64606
-4.71558_-14.4572_0.25336
-4.21959_-14.4289_-0.139339
-3.75053_-14.5926_-0.532038
-3.37979_-14.9233_-0.924737
-3.32126_-14.9755_-0.532038
-3.32126_-14.9755_-0.532038
-2.85219_-15.1392_-0.139339
-2.35621_-15.1108_0.25336
-1.89051_-14.9318_0.480713
-1.44482_-14.7052_0.460044
-0.994546_-14.4878_0.439376
-0.994546_-14.4878_0.439376
-0.575864_-14.2173_0.708065
-0.19272_-13.8961_0.687396
0.196982_-13.5828_0.666728
0.586683_-13.2696_0.687396
0.976385_-12.9563_0.666728
0.976385_-12.9563_0.666728
1.39572_-12.6853_0.480713
1.84594_-12.468_0.418707
1.84594_-12.468_0.418707
2.29615_-12.2507_0.480713
2.74184_-12.0241_0.460044
3.18753_-11.7975_0.480713
3.63322_-11.5709_0.460044
3.63322_-11.5709_0.460044
4.07407_-11.3351_0.522049
4.50487_-11.0813_0.542718
4.93566_-10.8275_0.522049
5.36645_-10.5738_0.542718
5.7919_-10.3111_0.563386
5.7919_-10.3111_0.563386
6.18077_-9.99854_0.790738
6.53608_-9.64676_0.77007
6.89859_-9.3024_0.749401
7.26109_-8.95804_0.77007
7.62359_-8.61368_0.749401
7.62359_-8.61368_0.749401
7.99996_-8.28465_0.687396
8.3831_-7.96341_0.708065
8.76625_-7.64218_0.687396
9.14939_-7.32094_0.708065
9.53254_-6.99971_0.687396
9.53254_-6.99971_0.687396
9.92224_-6.68646_0.666728
10.3119_-6.37322_0.687396
10.7016_-6.05997_0.666728
11.0913_-5.74672_0.687396
11.481_-5.43347_0.666728
11.481_-5.43347_0.666728
11.8503_-5.09697_0.811406
12.1982_-4.73792_0.790738
12.5535_-4.38615_0.77007
12.9089_-4.03437_0.790738
13.2568_-3.67532_0.811406
13.2568_-3.67532_0.811406
13.626_-3.33882_0.666728
14.0157_-3.02557_0.687396
14.4054_-2.71232_0.666728
14.7951_-2.39908_0.687396
15.1848_-2.08583_0.666728
15.1848_-2.08583_0.666728
15.5809_-1.7807_0.64606
15.9833_-1.48383_0.625391
16.3856_-1.18695_0.64606
16.7879_-0.890076_0.625391
17.1902_-0.5932_0.64606
17.1902_-0.5932_0.64606
17.5798_-0.279998_0.708065
17.963_0.0412366_0.687396
18.3461_0.362471_0.708065
18.7293_0.683705_0.687396
19.1124_1.00494_0.708065
19.1124_1.00494_0.708065
19.4956_1.32617_0.687396
19.8853_1.63942_0.666728
20.275_1.95267_0.687396
20.6647_2.26592_0.666728
21.0544_2.57916_0.687396
21.0544_2.57916_0.687396
21.4166_2.92323_0.832075
21.757_3.28939_0.811406
22.0975_3.65555_0.832075
22.438_4.02171_0.811406
22.7784_4.38787_0.832075
22.7784_4.38787_0.832075
23.1474_4.72418_0.64606
23.5435_5.02931_0.666728
23.9396_5.33443_0.64606
24.3357_5.63956_0.666728
24.7318_5.94469_0.64606
24.7318_5.94469_0.64606
25.1148_6.26578_0.749401
25.4773_6.61014_0.77007
25.8398_6.9545_0.749401
26.2023_7.29886_0.77007
26.5648_7.64322_0.749401
26.5648_7.64322_0.749401
26.9126_8.00211_0.852743
27.2454_8.37523_0.832075
27.5783_8.74835_0.852743
27.9111_9.12146_0.832075
28.2439_9.49458_0.852743
28.2439_9.49458_0.852743
28.5917_9.85347_0.749401
28.9613_10.1903_0.728733
29.3308_10.5271_0.749401
29.7004_10.8639_0.728733
30.0768_11.1929_0.708065
30.0768_11.1929_0.708065
30.4599_11.5142_0.687396
30.8496_11.8274_0.666728
31.2393_12.1407_0.687396
31.629_12.4539_0.666728
32.0187_12.7672_0.687396
32.0187_12.7672_0.687396
32.4148_13.0722_0.625391
32.8231_13.3607_0.604723
33.2315_13.6492_0.625391
33.6399_13.9377_0.604723
34.0482_14.2262_0.625391
34.0482_14.2262_0.625391
34.4443_14.5313_0.687396
34.834_14.8446_0.666728
35.2237_15.1578_0.687396
35.6134_15.4711_0.666728
36.0031_15.7843_0.687396
36.0031_15.7843_0.687396
36.3991_16.0894_0.625391
36.8014_16.3863_0.64606
37.2037_16.6831_0.625391
37.606_16.98_0.64606
38.0084_17.2769_0.625391
38.0084_17.2769_0.625391
38.3912_17.5979_0.77007
38.7465_17.9496_0.790738
39.1018_18.3014_0.77007
39.4571_18.6532_0.790738
39.8124_19.005_0.77007
39.8124_19.005_0.77007
40.2016_19.3178_0.584054
40.6158_19.5978_0.604723
41.03_19.8778_0.584054
41.4443_20.1577_0.604723
41.8585_20.4377_0.584054
41.8585_20.4377_0.584054
42.2477_20.7505_0.77007
42.6102_21.0949_0.749401
42.9727_21.4393_0.77007
43.3352_21.7836_0.749401
43.6977_22.128_0.77007
43.6977_22.128_0.77007
43.98_22.5368_1.16277
44.1147_23.0167_1.43146
44.1893_23.5111_1.41079
44.274_24.0039_1.39012
44.3588_24.4966_1.41079
44.3588_24.4966_1.41079
44.4025_24.9943_1.55547
44.405_25.4943_1.57614
44.4075_25.9942_1.55547
44.4203_26.4941_1.5348
44.4565_26.6467_1.1421
44.4565_26.6467_1.1421
44.7472_27.0496_0.749401
45.1543_27.3372_0.480713
45.5952_27.573_0.501381
46.0361_27.8088_0.480713
46.477_28.0445_0.501381
46.477_28.0445_0.501381
46.9078_28.2983_0.563386
47.3332_28.5609_0.542718
47.764_28.8147_0.522049
48.1948_29.0685_0.542718
48.6256_29.3223_0.522049
48.6256_29.3223_0.522049
49.0796_29.53_0.336034
49.5499_29.6997_0.356702
50.0202_29.8695_0.336034
50.4905_30.0392_0.356702
50.9608_30.209_0.336034
50.9608_30.209_0.336034
51.4345_30.3689_0.315366
51.9114_30.5191_0.294697
52.3913_30.6594_0.274029
52.8713_30.7996_0.294697
53.3482_30.9498_0.315366
53.3482_30.9498_0.315366
53.828_31.0901_0.25336
54.3133_31.2104_0.232692
54.7986_31.3307_0.25336
55.2813_31.461_0.274029
55.764_31.5913_0.25336
55.764_31.5913_0.25336
56.2114_31.8073_0.64606
56.5421_32.178_1.03876
56.7058_32.6471_1.43146
56.6775_33.1431_1.82416
56.4615_33.5905_2.21686
56.4615_33.5905_2.21686
56.2455_34.0379_1.82416
56.2172_34.5339_1.43146
56.3809_35.0029_1.03876
56.7116_35.3737_0.64606
57.1462_35.6178_0.377371
57.1462_35.6178_0.377371
57.6255_35.7578_0.191355
58.1153_35.858_0.212024
58.6052_35.9582_0.191355
59.095_36.0583_0.212024
59.5849_36.1585_0.191355
59.5849_36.1585_0.191355
60.0826_36.1869_-0.0773335
60.5814_36.1534_-0.0566652
61.0803_36.1199_-0.0773335
61.5792_36.0865_-0.0566652
62.0786_36.0633_-0.0359968
62.0786_36.0633_-0.0359968
62.5691_36.1426_0.356702
63.0233_36.3504_0.501381
63.4593_36.5953_0.522049
63.8952_36.8401_0.501381
64.3312_37.0849_0.522049
64.3312_37.0849_0.522049
64.739_37.373_0.708065
65.1221_37.6943_0.687396
65.5052_38.0155_0.708065
65.8884_38.3367_0.687396
66.2715_38.658_0.708065
66.2715_38.658_0.708065
66.6902_38.9285_0.439376
67.1405_39.1459_0.460044
67.5862_39.3725_0.480713
68.0319_39.5991_0.460044
68.4776_39.8257_0.480713
68.4776_39.8257_0.480713
68.8909_40.1051_0.708065
69.2673_40.4342_0.728733
69.6438_40.7633_0.708065
70.0202_41.0923_0.728733
70.3966_41.4214_0.708065
70.3966_41.4214_0.708065
70.8298_41.6647_0.315366
71.3231_41.7237_-0.0773335
71.8046_41.5992_-0.428696
72.2572_41.3866_-0.449364
72.7053_41.1648_-0.470033
72.7053_41.1648_-0.470033
73.1836_41.0305_-0.0773335
73.6769_41.0895_0.315366
74.11_41.3328_0.708065
74.2696_41.4224_0.315366
74.2696_41.4224_0.315366
74.7028_41.6657_0.708065
75.0346_42.0377_0.976753
75.3187_42.4491_0.956085
75.6029_42.8605_0.976753
75.887_43.2719_0.956085
75.887_43.2719_0.956085
76.0564_43.5067_0.935417
76.0564_43.5067_0.935417
76.2411_43.7628_0.956085
76.2411_43.7628_0.956085
