configuration -4.52205276489_51.1520843506_-0.288179288681_0.957576470876_89.803527832_11.5547637939_-0.656431103106_0.754385980036
length 116.755
time 1.51918
roughness 0.000527622
-4.52205_51.1521_-0.58465
-4.06931_50.9446_-0.274624
-3.59256_50.7942_-0.336629
-3.11895_50.634_-0.315961
-2.64213_50.4835_-0.295293
-2.16531_50.3331_-0.315961
-2.16531_50.3331_-0.315961
-1.68288_50.2025_-0.212619
-1.19527_50.092_-0.233287
-0.707653_49.9814_-0.212619
-0.220037_49.8709_-0.233287
0.267579_49.7603_-0.212619
0.267579_49.7603_-0.212619
0.755194_49.6498_-0.233287
1.24281_49.5392_-0.212619
1.73043_49.4286_-0.233287
2.21804_49.3181_-0.212619
2.70566_49.2075_-0.233287
2.70566_49.2075_-0.233287
3.19327_49.097_-0.212619
3.68307_48.9965_-0.191951
4.17287_48.8961_-0.212619
4.66266_48.7956_-0.191951
5.15246_48.6952_-0.212619
5.15246_48.6952_-0.212619
5.62506_48.5353_-0.439971
6.07961_48.327_-0.419303
6.53836_48.1282_-0.398634
6.99712_47.9293_-0.419303
7.45588_47.7305_-0.398634
7.45588_47.7305_-0.398634
7.92588_47.5606_-0.295293
8.4027_47.4101_-0.315961
8.87952_47.2597_-0.295293
9.35634_47.1092_-0.315961
9.83316_46.9588_-0.295293
9.83316_46.9588_-0.295293
10.31_46.8083_-0.315961
10.7836_46.6481_-0.336629
11.2572_46.4878_-0.315961
11.7308_46.3275_-0.336629
12.2044_46.1673_-0.315961
12.2044_46.1673_-0.315961
12.6977_46.108_0.0767381
13.176_46.242_0.469437
13.5667_46.5488_0.862136
13.8551_46.9565_1.04815
14.1091_47.3871_1.02748
14.1091_47.3871_1.02748
14.444_47.7541_0.634784
14.8938_47.965_0.242085
15.3901_47.9877_-0.150614
15.8717_47.8574_-0.377966
16.3382_47.6777_-0.357298
16.3382_47.6777_-0.357298
16.8275_47.5878_-0.0059354
17.3274_47.5797_-0.0266038
17.8271_47.5612_-0.0472721
18.3267_47.5428_-0.0266038
18.8264_47.5243_-0.0472721
18.8264_47.5243_-0.0472721
19.3167_47.4342_-0.315961
19.7935_47.2838_-0.295293
20.2703_47.1334_-0.315961
20.7471_46.9829_-0.295293
21.2239_46.8325_-0.315961
21.2239_46.8325_-0.315961
21.7172_46.7732_0.0767381
22.2161_46.8064_0.0560697
22.715_46.8396_0.0767381
23.2139_46.8727_0.0560697
23.7127_46.9059_0.0767381
23.7127_46.9059_0.0767381
24.206_46.8466_-0.315961
24.6641_46.6481_-0.501976
25.1049_46.412_-0.481308
25.5456_46.176_-0.501976
25.9864_45.94_-0.481308
25.9864_45.94_-0.481308
26.4632_45.8003_-0.0886089
26.9571_45.8537_0.30409
27.393_46.0921_0.696789
27.7044_46.4791_1.08949
27.9405_46.9199_1.06882
27.9405_46.9199_1.06882
28.1673_47.3654_1.13083
28.3756_47.8199_1.15149
28.5838_48.2745_1.13083
28.6771_48.4007_0.738126
28.6771_48.4007_0.738126
29.0434_48.7409_0.758794
29.4098_49.0812_0.738126
29.7761_49.4214_0.758794
30.1354_49.7692_0.779463
30.4946_50.1169_0.758794
30.4946_50.1169_0.758794
30.9149_50.3818_0.366095
31.4046_50.4658_-0.0266038
31.9003_50.4062_-0.212619
32.3901_50.3057_-0.191951
32.8799_50.2053_-0.212619
32.8799_50.2053_-0.212619
33.3446_50.0263_-0.522645
33.7804_49.7812_-0.501976
34.2212_49.5452_-0.481308
34.6619_49.3091_-0.501976
35.1027_49.0731_-0.481308
35.1027_49.0731_-0.481308
35.5795_48.9335_-0.0886089
36.0786_48.9047_-0.0266038
36.5782_48.8862_-0.0472721
37.0779_48.8677_-0.0266038
37.5775_48.8493_-0.0472721
37.5775_48.8493_-0.0472721
38.0735_48.7897_-0.191951
38.5633_48.6892_-0.212619
39.0531_48.5888_-0.191951
39.5429_48.4883_-0.212619
40.0327_48.3879_-0.191951
40.0327_48.3879_-0.191951
40.5295_48.39_0.200748
41.0074_48.5346_0.386764
41.4685_48.728_0.407432
41.9254_48.9308_0.4281
42.3824_49.1337_0.407432
42.3824_49.1337_0.407432
42.8682_49.2378_0.014733
43.3568_49.148_-0.377966
43.7858_48.895_-0.687992
44.1753_48.5815_-0.667323
44.5712_48.2762_-0.646655
44.5712_48.2762_-0.646655
44.9733_47.9791_-0.625987
45.3815_47.6903_-0.605318
45.7897_47.4016_-0.625987
46.1979_47.1128_-0.605318
46.6061_46.8241_-0.625987
46.6061_46.8241_-0.625987
47.0257_46.5526_-0.522645
47.4563_46.2985_-0.543313
47.887_46.0445_-0.522645
48.3176_45.7904_-0.543313
48.7482_45.5364_-0.522645
48.7482_45.5364_-0.522645
49.1221_45.2092_-0.915344
49.3422_44.7638_-1.30804
49.3752_44.2681_-1.70074
49.2159_43.7976_-2.09344
48.8887_43.4237_-2.48614
48.8887_43.4237_-2.48614
48.8887_43.4237_-2.09344
48.7295_42.9532_-1.70074
48.7625_42.4575_-1.30804
48.9826_42.0121_-0.915344
49.3564_41.6849_-0.522645
49.3564_41.6849_-0.522645
49.7871_41.4309_-0.543313
50.2177_41.1768_-0.522645
50.6484_40.9228_-0.543313
51.079_40.6687_-0.522645
51.5096_40.4147_-0.543313
51.5096_40.4147_-0.543313
51.9235_40.1346_-0.646655
52.3257_39.8374_-0.625987
52.7278_39.5403_-0.646655
53.1299_39.2432_-0.625987
53.5321_38.9461_-0.646655
53.5321_38.9461_-0.646655
53.9402_38.6574_-0.58465
54.3543_38.3772_-0.605318
54.7684_38.0969_-0.58465
55.1824_37.8167_-0.605318
55.5965_37.5364_-0.58465
55.5965_37.5364_-0.58465
56.027_37.2825_-0.481308
56.4677_37.0465_-0.501976
56.9085_36.8104_-0.481308
57.3493_36.5744_-0.501976
57.79_36.3384_-0.481308
57.79_36.3384_-0.481308
58.2092_36.0671_-0.667323
58.6051_35.7618_-0.646655
59.001_35.4564_-0.667323
59.3969_35.151_-0.646655
59.7929_34.8457_-0.667323
59.7929_34.8457_-0.667323
60.1758_34.5243_-0.729328
60.552_34.1949_-0.70866
60.9282_33.8656_-0.729328
61.3044_33.5363_-0.70866
61.6807_33.207_-0.729328
61.6807_33.207_-0.729328
62.0636_32.8856_-0.667323
62.4595_32.5802_-0.646655
62.8554_32.2749_-0.667323
63.2513_31.9695_-0.646655
63.6472_31.6642_-0.667323
63.6472_31.6642_-0.667323
64.0431_31.3588_-0.646655
64.4453_31.0617_-0.625987
64.8474_30.7646_-0.646655
65.2495_30.4674_-0.625987
65.6517_30.1703_-0.646655
65.6517_30.1703_-0.646655
66.0476_29.865_-0.667323
66.4435_29.5596_-0.646655
66.8394_29.2542_-0.667323
67.2353_28.9489_-0.646655
67.6312_28.6435_-0.667323
67.6312_28.6435_-0.667323
68.0697_28.4087_-0.315961
68.5433_28.2484_-0.336629
69.0135_28.0784_-0.357298
69.4837_27.9084_-0.336629
69.9539_27.7384_-0.357298
69.9539_27.7384_-0.357298
70.3824_27.4856_-0.70866
70.7653_27.1642_-0.687992
71.1548_26.8507_-0.667323
71.5443_26.5372_-0.687992
71.9339_26.2237_-0.667323
71.9339_26.2237_-0.667323
72.3359_25.9267_-0.605318
72.7441_25.6379_-0.625987
73.1523_25.3492_-0.605318
73.5605_25.0604_-0.625987
73.9687_24.7717_-0.605318
73.9687_24.7717_-0.605318
74.3938_24.5089_-0.501976
74.8296_24.2638_-0.522645
75.2654_24.0187_-0.501976
75.7012_23.7736_-0.522645
76.137_23.5285_-0.501976
76.137_23.5285_-0.501976
76.5621_23.2658_-0.605318
76.9703_22.977_-0.625987
77.3785_22.6883_-0.605318
77.7867_22.3995_-0.625987
78.1949_22.1108_-0.605318
78.1949_22.1108_-0.605318
78.6507_21.9132_-0.212619
79.1475_21.9052_0.18008
79.6095_22.0878_0.572779
79.9013_22.2031_0.18008
79.9013_22.2031_-0.212619
79.9013_22.2031_-0.212619
80.398_22.195_0.18008
80.8788_22.3297_0.366095
81.3437_22.5135_0.386764
81.8048_22.7069_0.407432
82.2139_22.7945_0.014733
82.2139_22.7945_0.014733
82.7025_22.7048_-0.377966
83.1523_22.4874_-0.522645
83.5829_22.2333_-0.543313
84.0082_21.9704_-0.563981
84.428_21.6988_-0.58465
84.428_21.6988_-0.58465
84.7884_21.356_-0.936012
85.0891_20.9565_-0.915344
85.3979_20.5633_-0.894675
85.7068_20.1701_-0.915344
86.0156_19.7769_-0.894675
86.0156_19.7769_-0.894675
86.3244_19.3836_-0.915344
86.6251_18.9841_-0.936012
86.9257_18.5846_-0.915344
87.2263_18.1851_-0.936012
87.527_17.7856_-0.915344
87.527_17.7856_-0.915344
87.7659_17.3487_-1.22537
87.9304_16.8765_-1.24604
88.0948_16.4043_-1.22537
88.2592_15.9321_-1.24604
88.4236_15.46_-1.22537
88.4236_15.46_-1.22537
88.5978_14.9913_-1.2047
88.7816_14.5263_-1.18403
88.9654_14.0613_-1.2047
89.1492_13.5963_-1.18403
89.1492_13.5963_-1.18403
89.3135_13.1244_-1.28737
89.4583_12.6458_-1.26671
89.6129_12.1703_-1.24604
89.7676_11.6948_-1.26671
89.7676_11.6948_-1.26671
