configuration -3.08480739594_22.5642471313_-0.424155304833_0.905589464041_28.1138801575_4.40596151352_-0.254607913402_0.967044368389
length 41.9226
time 0.711743
roughness 0.00148875
-3.08481_22.5642_-0.876058
-2.69842_22.252_-0.483359
-2.24879_22.0335_-0.421354
-1.79466_21.8243_-0.442022
-1.34054_21.6151_-0.421354
-0.886418_21.4059_-0.442022
-0.886418_21.4059_-0.442022
-0.436717_21.1873_-0.46269
0.0129853_20.9688_-0.442022
0.462687_20.7503_-0.46269
0.912389_20.5317_-0.442022
1.36209_20.3132_-0.46269
1.36209_20.3132_-0.46269
1.83918_20.1724_-0.111328
2.33547_20.1117_-0.131996
2.83177_20.051_-0.111328
3.32806_19.9903_-0.131996
3.82436_19.9296_-0.111328
3.82436_19.9296_-0.111328
4.31552_19.8384_-0.256007
4.8005_19.7168_-0.235338
5.28547_19.5952_-0.256007
5.77045_19.4736_-0.235338
6.25784_19.362_-0.21467
6.25784_19.362_-0.21467
6.75455_19.3529_0.178029
7.22119_19.5252_0.529391
7.65011_19.7822_0.55006
8.07902_20.0391_0.529391
8.50794_20.2961_0.55006
8.50794_20.2961_0.55006
8.97398_20.4682_0.157361
9.4704_20.4488_-0.235338
9.92161_20.2409_-0.628037
10.3103_19.9268_-0.731379
10.6859_19.5967_-0.710711
10.6859_19.5967_-0.710711
11.0985_19.3162_-0.483359
11.5388_19.0793_-0.504027
11.9791_18.8424_-0.483359
12.4193_18.6054_-0.504027
12.8596_18.3685_-0.483359
12.8596_18.3685_-0.483359
13.3361_18.2278_-0.0906597
13.8354_18.229_0.0953557
14.3326_18.2818_0.116024
14.8298_18.3345_0.0953557
15.327_18.3873_0.116024
15.327_18.3873_0.116024
15.8261_18.4091_-0.0286546
16.326_18.3999_-0.00798619
16.8259_18.3908_-0.0286546
17.3255_18.3713_-0.0493229
17.8251_18.3518_-0.0286546
17.8251_18.3518_-0.0286546
18.3149_18.4347_0.364045
18.763_18.655_0.55006
19.1865_18.9208_0.570728
19.6245_19.0929_0.178029
19.6245_19.0929_-0.21467
19.6245_19.0929_-0.21467
20.0799_18.8944_-0.607369
20.4247_18.5367_-1.00007
20.6449_18.089_-1.22742
20.8181_17.62_-1.20675
20.9913_17.151_-1.22742
20.9913_17.151_-1.22742
21.0641_16.6595_-1.62012
21.0343_16.1604_-1.64079
21.0044_15.6613_-1.62012
20.9746_15.1622_-1.64079
20.9448_14.6631_-1.62012
20.9448_14.6631_-1.62012
21.0176_14.1717_-1.22742
21.2557_13.7343_-0.917395
21.5555_13.3341_-0.938063
21.8553_12.934_-0.917395
22.1551_12.5339_-0.938063
22.1551_12.5339_-0.938063
22.4631_12.1401_-0.876058
22.7871_11.7593_-0.855389
23.1112_11.3786_-0.876058
23.4352_10.9978_-0.855389
23.7593_10.617_-0.876058
23.7593_10.617_-0.876058
24.0589_10.2171_-0.9794
24.342_9.80488_-0.958731
24.625_9.39271_-0.9794
24.908_8.98054_-0.958731
25.1911_8.56837_-0.9794
25.1911_8.56837_-0.9794
25.4741_8.15619_-0.958731
25.7656_7.74996_-0.938063
26.0571_7.34373_-0.958731
26.3401_6.93156_-0.9794
26.6231_6.51938_-0.958731
26.6231_6.51938_-0.958731
26.9146_6.11315_-0.938063
27.2061_5.70692_-0.958731
27.4891_5.29475_-0.9794
27.7722_4.88257_-0.958731
28.0637_4.47634_-0.938063
28.0637_4.47634_-0.938063
