configuration 46.8230323792_-26.2805175781_0.619899316938_0.784681360082_54.818611145_35.6322822571_0.774404309534_0.632691050494
length 73.0896
time 1.68249
roughness 0.00135333
46.823_-26.2805_1.33723
46.9236_-25.7908_1.39923
47.0039_-25.2973_1.4199
47.0841_-24.8038_1.39923
47.1644_-24.3103_1.4199
47.2447_-23.8168_1.39923
47.2447_-23.8168_1.39923
47.3553_-23.3294_1.29589
47.4861_-22.8468_1.31656
47.6168_-22.3642_1.29589
47.7475_-21.8816_1.31656
47.8783_-21.399_1.29589
47.8783_-21.399_1.29589
47.999_-20.9139_1.3579
48.0996_-20.4241_1.37857
48.2002_-19.9344_1.3579
48.3008_-19.4446_1.37857
48.4014_-18.9548_1.3579
48.4014_-18.9548_1.3579
48.5419_-18.4755_1.21322
48.7121_-18.0053_1.23389
48.8725_-17.5318_1.25456
49.0329_-17.0582_1.23389
49.1933_-16.5846_1.25456
49.1933_-16.5846_1.25456
49.4369_-16.1517_0.861856
49.8277_-15.8449_0.469157
50.2804_-15.6328_0.407152
50.7375_-15.4301_0.42782
51.1945_-15.2274_0.407152
51.1945_-15.2274_0.407152
51.6377_-14.9969_0.551831
52.0662_-14.7392_0.531162
52.4947_-14.4815_0.551831
52.9231_-14.2238_0.531162
53.3516_-13.9661_0.551831
53.3516_-13.9661_0.551831
53.7157_-13.6281_0.94453
53.9227_-13.1765_1.33723
53.9824_-12.6812_1.56458
53.9907_-12.1813_1.54391
53.999_-11.6813_1.56458
53.999_-11.6813_1.56458
53.9051_-11.1935_1.95728
53.6747_-10.7505_2.1433
53.4082_-10.3275_2.12263
53.1417_-9.90444_2.1433
52.9881_-9.51534_1.7506
52.9881_-9.51534_1.7506
52.9963_-9.01861_1.3579
53.107_-8.53103_1.33723
53.2177_-8.04344_1.3579
53.3284_-7.55586_1.33723
53.439_-7.06827_1.3579
53.439_-7.06827_1.3579
53.4988_-6.57258_1.54391
53.5174_-6.07293_1.52324
53.536_-5.57329_1.54391
53.5546_-5.07364_1.52324
53.5732_-4.574_1.54391
53.5732_-4.574_1.54391
53.6329_-4.0783_1.3579
53.7335_-3.58853_1.37857
53.8239_-3.09679_1.39923
53.9144_-2.60505_1.37857
54.0048_-2.11331_1.39923
54.0048_-2.11331_1.39923
54.1835_-1.64976_1.00653
54.526_-1.28987_0.613836
54.9801_-1.08844_0.221137
55.4727_-1.00415_0.117795
55.9708_-0.960817_0.0557897
55.9708_-0.960817_0.0557897
56.4518_-0.836879_0.448489
56.8489_-0.538272_0.841188
57.1105_-0.115223_1.19255
57.2904_0.351309_1.21322
57.4702_0.81784_1.19255
57.4702_0.81784_1.19255
57.5601_1.30644_1.58525
57.5374_1.80584_1.64725
57.5043_2.30474_1.62659
57.4713_2.80364_1.64725
57.4382_3.30254_1.62659
57.4382_3.30254_1.62659
57.5078_3.79443_1.23389
57.7431_4.23338_0.923861
58.0485_4.62921_0.903193
58.0485_4.62921_0.903193
58.2741_5.07185_1.29589
58.3746_5.5612_1.44057
58.4446_6.05626_1.4199
58.5147_6.55132_1.44057
58.5847_7.04638_1.4199
58.5847_7.04638_1.4199
58.5621_7.54266_1.8126
58.3605_7.99737_2.16396
58.2118_8.33242_1.8126
58.2118_8.33242_1.8126
58.0011_8.78228_2.2053
57.6616_9.14795_2.43265
57.2855_9.47737_2.41198
56.9094_9.80678_2.43265
56.5332_10.1362_2.41198
56.5332_10.1362_2.41198
56.2346_10.5332_2.01929
56.1107_11.0143_1.62659
56.1803_11.5062_1.23389
56.3696_11.9687_1.13055
56.578_12.4232_1.15121
56.578_12.4232_1.15121
56.688_12.9077_1.54391
56.6756_13.4073_1.64725
56.6323_13.9054_1.66792
56.589_14.4035_1.64725
56.5456_14.9016_1.66792
56.5456_14.9016_1.66792
56.5948_15.396_1.27522
56.8295_15.8339_0.882525
57.2138_16.1486_0.489825
57.6894_16.2923_0.0971264
58.1882_16.3254_0.0351213
58.1882_16.3254_0.0351213
58.6718_16.4393_0.42782
59.0749_16.7297_0.820519
59.3541_17.142_1.13055
59.3541_17.142_1.13055
59.4741_17.6241_1.52324
59.4207_18.1192_1.83327
59.2959_18.6034_1.8126
59.1712_19.0876_1.83327
59.0465_19.5718_1.8126
59.0465_19.5718_1.8126
58.9725_20.0656_1.62659
58.9601_20.5653_1.56458
58.9848_20.8799_1.4199
58.9848_20.8799_1.4199
58.9622_21.3761_1.8126
58.7515_21.826_2.2053
58.7515_21.826_2.2053
58.5407_22.2759_1.8126
58.5181_22.7722_1.4199
58.5984_23.2657_1.39923
58.6888_23.7574_1.37857
58.7793_24.2491_1.39923
58.7793_24.2491_1.39923
58.8697_24.7409_1.37857
58.9703_25.2307_1.3579
59.081_25.7182_1.33723
59.1917_26.2058_1.3579
59.2923_26.6956_1.37857
59.2923_26.6956_1.37857
59.4805_27.1553_0.985866
59.7609_27.5693_0.965198
60.0497_27.9775_0.94453
60.2572_28.3129_1.08921
60.2572_28.3129_1.08921
60.397_28.7896_1.48191
60.3437_29.2835_1.87461
60.1054_29.7195_2.26731
59.7807_30.0997_2.28797
59.4482_30.4731_2.30864
59.4482_30.4731_2.30864
59.1157_30.8465_2.28797
58.7832_31.2199_2.30864
58.4507_31.5933_2.28797
58.1182_31.9667_2.30864
57.7857_32.3401_2.28797
57.7857_32.3401_2.28797
57.5203_32.7615_1.97795
57.3176_33.2185_1.99862
57.1148_33.6756_1.97795
56.9121_34.1326_1.99862
56.7094_34.5897_1.97795
56.7094_34.5897_1.97795
56.4274_34.9987_2.37065
56.0104_35.2687_2.76335
55.5371_35.429_2.86669
55.0573_35.5697_2.84602
54.8498_35.6809_2.45332
54.8498_35.6809_2.45332
