configuration -3.08480739594_22.5642471313_-0.424155304833_0.905589464041_28.1138801575_4.40596151352_-0.254607913402_0.967044368389
length 40.7453
time 0.330696
roughness 0.00216835
-3.08481_22.5642_-0.876058
-2.69842_22.252_-0.483359
-2.24449_22.0429_-0.380017
-1.77828_21.8622_-0.359349
-1.31207_21.6816_-0.380017
-0.845857_21.5009_-0.359349
-0.845857_21.5009_-0.359349
-0.355648_21.4203_0.0333506
0.137893_21.4934_0.260703
0.622295_21.6173_0.240034
1.1067_21.7411_0.260703
1.5911_21.865_0.240034
1.5911_21.865_0.240034
2.08742_21.8867_-0.152665
2.5768_21.7853_-0.256007
3.05916_21.6537_-0.276675
3.54152_21.5221_-0.256007
4.02388_21.3905_-0.276675
4.02388_21.3905_-0.276675
4.49696_21.2293_-0.380017
4.95934_21.0391_-0.400685
5.4134_20.8299_-0.46269
5.4134_20.8299_-0.46269
5.89268_20.6991_-0.0699913
6.38551_20.7618_0.322708
6.84226_20.9634_0.508723
7.27112_21.2203_0.570728
7.56315_21.335_0.178029
7.56315_21.335_0.178029
8.06117_21.3568_-0.0906597
8.55861_21.3064_-0.111328
9.05606_21.256_-0.0906597
9.5535_21.2056_-0.111328
10.0498_21.1449_-0.131996
10.0498_21.1449_-0.131996
10.5485_21.1151_0.0126822
11.0483_21.1266_0.0333506
11.5482_21.1381_0.0126822
12.048_21.1496_0.0333506
12.5479_21.1611_0.0126822
12.5479_21.1611_0.0126822
13.0363_21.0704_-0.380017
13.4648_20.8165_-0.690042
13.8536_20.5022_-0.669374
14.2425_20.1879_-0.690042
14.6314_19.8737_-0.669374
14.6314_19.8737_-0.669374
14.9924_19.5288_-0.855389
15.3165_19.1481_-0.876058
15.6405_18.7673_-0.855389
15.9646_18.3865_-0.876058
16.2886_18.0057_-0.855389
16.2886_18.0057_-0.855389
16.6814_17.7015_-0.46269
17.1606_17.5708_-0.0699913
17.659_17.5306_-0.0906597
18.1574_17.4905_-0.0699913
18.6558_17.4504_-0.0906597
18.6558_17.4504_-0.0906597
19.1322_17.3098_-0.483359
19.5186_16.9975_-0.876058
19.8183_16.5975_-0.9794
20.1013_16.1854_-0.958731
20.3844_15.7732_-0.9794
20.3844_15.7732_-0.9794
20.6674_15.361_-0.958731
20.9504_14.9489_-0.9794
21.2335_14.5367_-0.958731
21.5165_14.1245_-0.9794
21.7995_13.7123_-0.958731
21.7995_13.7123_-0.958731
22.1074_13.3187_-0.855389
22.4393_12.9447_-0.834721
22.7711_12.5707_-0.855389
23.1029_12.1967_-0.834721
23.4348_11.8227_-0.855389
23.4348_11.8227_-0.855389
23.6812_11.3913_-1.24809
23.7438_10.8985_-1.64079
23.6131_10.4192_-2.03349
23.3167_10.0197_-2.38485
23.3167_10.0197_-1.99215
23.3167_10.0197_-1.99215
23.2058_9.53548_-1.59945
23.2887_9.04565_-1.20675
23.5528_8.62484_-0.814053
23.9578_8.33712_-0.421354
24.4119_8.12792_-0.442022
24.4119_8.12792_-0.442022
24.8109_7.83189_-0.834721
25.1504_7.46483_-0.814053
25.4974_7.10486_-0.793384
25.8444_6.7449_-0.814053
26.1914_6.38494_-0.793384
26.1914_6.38494_-0.793384
26.5384_6.02497_-0.814053
26.8854_5.66501_-0.793384
27.2324_5.30504_-0.814053
27.5794_4.94508_-0.793384
27.9338_4.59236_-0.772716
27.9338_4.59236_-0.772716
