configuration 72.6459350586_2.13817882538_-0.994211695618_0.107438839792_19.5581073761_50.1696281433_0.955633460234_0.294558465643
length 93.0123
time 2.21045
roughness 0.00121553
72.6459_2.13818_-2.9263
72.1492_2.12877_-3.319
71.6785_2.29128_-3.62902
71.2343_2.52088_-3.60836
70.7902_2.75048_-3.62902
70.346_2.98007_-3.60836
70.346_2.98007_-3.60836
69.8673_3.11278_-3.21566
69.3742_3.05218_-2.82296
68.931_2.82503_-2.51293
68.5425_2.51064_-2.40959
68.3401_2.39053_-2.80229
68.3401_2.39053_-2.80229
67.8494_2.3095_-3.15365
67.3506_2.34133_-3.25699
67.3506_2.34133_-3.25699
66.8554_2.30116_-2.86429
66.3942_2.11103_-2.63694
65.954_1.87382_-2.65761
65.5139_1.6366_-2.63694
65.0787_1.39035_-2.61627
65.0787_1.39035_-2.61627
65.0787_1.39035_-3.00897
65.0787_1.39035_-3.40167
65.0787_1.39035_-3.40167
64.6328_1.60931_-3.79437
64.2734_1.95535_-4.02172
63.9509_2.33745_-4.00105
63.6793_2.65921_-4.02172
63.6793_2.65921_-4.02172
63.2942_2.97305_-3.62902
62.8455_3.19338_-3.56702
62.388_3.39502_-3.54635
61.9304_3.59665_-3.56702
61.4729_3.79828_-3.54635
61.4729_3.79828_-3.54635
61.0342_4.03667_-3.73237
60.6161_4.31086_-3.7117
60.1924_4.57635_-3.69103
59.7687_4.84185_-3.7117
59.345_5.10734_-3.69103
59.345_5.10734_-3.69103
58.9059_5.34596_-3.58769
58.4527_5.55701_-3.56702
57.9994_5.76805_-3.58769
57.5461_5.9791_-3.56702
57.0929_6.19015_-3.58769
57.0929_6.19015_-3.58769
56.6951_6.4878_-3.98039
56.4415_6.91501_-4.37309
56.3708_7.40674_-4.76578
56.4935_7.88812_-5.15848
56.7912_8.28587_-5.55118
56.7912_8.28587_-5.55118
56.7912_8.28587_-5.15848
56.914_8.76725_-4.76578
56.8432_9.25898_-4.37309
56.5896_9.68619_-3.98039
56.1919_9.98384_-3.58769
56.1919_9.98384_-3.58769
55.7941_10.2815_-3.98039
55.5136_10.6936_-4.24908
55.2948_11.1431_-4.26974
55.076_11.5927_-4.24908
54.8479_12.0377_-4.22841
54.8479_12.0377_-4.22841
54.6674_12.5028_-4.45576
54.5455_12.9877_-4.47643
54.4236_13.4726_-4.45576
54.2634_13.8017_-4.06306
54.2634_13.8017_-4.06306
53.941_14.1836_-3.95972
53.5955_14.545_-3.93905
53.2499_14.9064_-3.95972
52.9044_15.2678_-3.93905
52.5588_15.6291_-3.95972
52.5588_15.6291_-3.95972
52.5588_15.6291_-3.56702
52.075_15.742_-3.17432
51.5849_15.661_-2.78162
51.163_15.3987_-2.38892
50.8736_14.9949_-1.99622
50.8736_14.9949_-1.99622
50.5843_14.5911_-2.38892
50.1624_14.3287_-2.78162
49.6722_14.2478_-3.17432
49.1786_14.3206_-3.40167
48.6941_14.4442_-3.381
48.6941_14.4442_-3.381
48.2344_14.6355_-3.69103
47.8053_14.8922_-3.67036
47.3762_15.1489_-3.69103
46.9472_15.4056_-3.67036
46.5181_15.6622_-3.69103
46.5181_15.6622_-3.69103
46.1532_15.9993_-4.08373
45.855_16.4007_-4.06306
45.5485_16.7958_-4.04239
45.2421_17.1909_-4.06306
44.9357_17.5859_-4.04239
44.9357_17.5859_-4.04239
44.5572_17.9077_-3.64969
44.0843_18.0601_-3.25699
43.5852_18.0816_-3.11231
43.0853_18.0721_-3.13298
42.5853_18.073_-3.15365
42.5853_18.073_-3.15365
42.0875_18.1151_-3.29833
41.5929_18.188_-3.27766
41.0969_18.2507_-3.25699
40.6008_18.3134_-3.27766
40.1048_18.3761_-3.25699
40.1048_18.3761_-3.25699
39.6096_18.3359_-2.86429
39.1273_18.204_-2.88496
38.645_18.0721_-2.86429
38.1628_17.9402_-2.88496
37.6805_17.8083_-2.86429
37.6805_17.8083_-2.86429
37.1853_17.7682_-3.25699
36.7088_17.9109_-3.60836
36.2646_18.1405_-3.62902
35.8205_18.3701_-3.60836
35.3763_18.5997_-3.62902
35.3763_18.5997_-3.62902
34.9004_18.7423_-3.23633
34.4016_18.7328_-3.00897
33.9067_18.6616_-2.9883
33.4394_18.5844_-2.96764
33.4394_18.5844_-2.96764
32.9427_18.5956_-3.36034
32.4535_18.699_-3.33967
31.9643_18.8025_-3.36034
31.4752_18.9059_-3.33967
30.986_19.0094_-3.36034
30.986_19.0094_-3.36034
30.4893_19.0205_-2.96764
30.0262_18.8407_-2.57494
29.6672_18.4974_-2.18224
29.4668_18.0428_-1.78954
29.3735_17.5516_-1.72753
29.3735_17.5516_-1.72753
29.3735_17.5516_-2.12023
29.0364_17.1867_-2.51293
28.5853_16.9786_-2.90563
28.0889_16.9589_-3.29833
27.6228_17.1307_-3.69103
27.6228_17.1307_-3.69103
27.2578_17.4678_-4.08373
27.0121_17.902_-4.31108
26.8216_18.3643_-4.33175
26.631_18.8265_-4.31108
26.4405_19.2888_-4.33175
26.4405_19.2888_-4.33175
26.2989_19.7675_-4.51776
26.1971_20.2571_-4.4971
26.0852_20.7444_-4.47643
25.9734_21.2317_-4.4971
25.8615_21.719_-4.47643
25.8615_21.719_-4.47643
25.7497_22.2063_-4.4971
25.6378_22.6937_-4.47643
25.526_23.181_-4.4971
25.4141_23.6683_-4.47643
25.3022_24.1556_-4.4971
25.3022_24.1556_-4.4971
25.2005_24.6451_-4.51776
25.1089_25.1367_-4.53843
25.0172_25.6282_-4.51776
24.9256_26.1197_-4.53843
24.834_26.6112_-4.51776
24.834_26.6112_-4.51776
24.8348_27.108_-4.91046
24.9282_27.5992_-4.88979
25.0215_28.0904_-4.91046
25.1148_28.5817_-4.88979
25.1979_29.0747_-4.86913
25.1979_29.0747_-4.86913
25.1885_29.572_-4.51776
25.0969_30.0635_-4.53843
25.0053_30.5551_-4.51776
24.9136_31.0466_-4.53843
24.8322_31.5399_-4.5591
24.8322_31.5399_-4.5591
24.7006_32.0212_-4.33175
24.5196_32.4873_-4.35242
24.3484_32.957_-4.37309
24.1771_33.4267_-4.35242
24.0058_33.8965_-4.37309
24.0058_33.8965_-4.37309
23.8249_34.3625_-4.31108
23.6343_34.8248_-4.33175
23.4534_35.2909_-4.35242
23.2725_35.757_-4.33175
23.0915_36.2231_-4.35242
23.0915_36.2231_-4.35242
23.0106_36.7132_-4.74512
23.0321_37.2128_-4.76578
23.0639_37.7117_-4.78645
23.0958_38.2107_-4.76578
23.1276_38.7097_-4.78645
23.1276_38.7097_-4.78645
23.067_39.2028_-4.39375
22.8224_39.6351_-4.00105
22.4559_39.9737_-3.7737
22.0556_40.2732_-3.79437
21.6552_40.5728_-3.7737
21.6552_40.5728_-3.7737
21.5138_40.727_-4.1664
21.3437_41.1937_-4.5591
21.365_41.69_-4.9518
21.5747_42.1404_-5.3445
21.9408_42.4762_-5.7372
21.9408_42.4762_-5.7372
22.3069_42.8121_-5.3445
22.5166_43.2624_-4.9518
22.538_43.7588_-4.5591
22.3678_44.2255_-4.1664
22.0866_44.6387_-4.06306
22.0866_44.6387_-4.06306
21.8319_45.0677_-4.29041
21.6319_45.5259_-4.31108
21.4318_45.9841_-4.29041
21.2318_46.4424_-4.31108
21.0317_46.9006_-4.29041
21.0317_46.9006_-4.29041
20.8222_47.3546_-4.26974
20.6128_47.8086_-4.29041
20.4127_48.2668_-4.31108
20.2126_48.725_-4.29041
20.0032_49.179_-4.26974
20.0032_49.179_-4.26974
19.7937_49.633_-4.29041
19.5936_50.0912_-4.31108
19.5936_50.0912_-4.31108
