configuration -4.52205276489_51.1520843506_-0.288179288681_0.957576470876_89.803527832_11.5547637939_-0.656431103106_0.754385980036
length 116.024
time 2.87791
roughness 0.000541685
-4.52205_51.1521_-0.58465
-4.07325_50.9351_-0.315961
-3.59964_50.7749_-0.336629
-3.12603_50.6146_-0.315961
-2.65242_50.4543_-0.336629
-2.17881_50.2941_-0.315961
-2.17881_50.2941_-0.315961
-1.68725_50.2143_-0.0059354
-1.18732_50.2061_-0.0266038
-0.687396_50.198_-0.0059354
-0.187471_50.1898_-0.0266038
0.312454_50.1817_-0.0059354
0.312454_50.1817_-0.0059354
0.812033_50.1633_-0.0679405
1.31119_50.1345_-0.0472721
1.81036_50.1057_-0.0679405
2.30952_50.0769_-0.0472721
2.80868_50.0481_-0.0679405
2.80868_50.0481_-0.0679405
3.30323_50.1016_0.283422
3.78469_50.2364_0.262753
4.26615_50.3713_0.283422
4.74762_50.5061_0.262753
5.22908_50.641_0.283422
5.22908_50.641_0.283422
5.72399_50.6842_-0.109277
6.22154_50.6348_-0.0886089
6.71908_50.5854_-0.109277
7.21663_50.536_-0.0886089
7.71417_50.4866_-0.109277
7.71417_50.4866_-0.109277
8.19795_50.3664_-0.377966
8.66453_50.1867_-0.357298
9.13473_50.0167_-0.336629
9.60492_49.8467_-0.357298
10.0751_49.6766_-0.336629
10.0751_49.6766_-0.336629
10.567_49.6072_0.0560697
11.0608_49.6813_0.242085
11.5474_49.7962_0.221417
12.034_49.911_0.242085
12.5206_50.0258_0.221417
12.5206_50.0258_0.221417
13.0173_50.0383_-0.171282
13.489_49.8787_-0.481308
13.9346_49.6518_-0.46064
14.3847_49.4342_-0.439971
14.8349_49.2166_-0.46064
14.8349_49.2166_-0.46064
15.3144_49.0868_-0.0679405
15.814_49.089_0.0767381
16.3129_49.1222_0.0560697
16.8123_49.145_0.0354013
17.3118_49.1679_0.0560697
17.3118_49.1679_0.0560697
17.8037_49.0984_-0.336629
18.2739_48.9284_-0.357298
18.7405_48.7487_-0.377966
19.2033_48.5594_-0.398634
19.2033_48.5594_-0.398634
19.6732_48.3895_-0.295293
20.1531_48.2489_-0.274624
20.6357_48.1183_-0.253956
20.949_48.1002_0.138743
20.949_48.1002_0.138743
21.4181_48.2636_0.531442
21.8294_48.5472_0.676121
22.2161_48.8641_0.696789
22.5962_49.1889_0.717458
22.9695_49.5215_0.738126
22.9695_49.5215_0.738126
23.3952_49.7777_0.345427
23.8762_49.9125_0.200748
24.3672_50.0071_0.18008
24.86_50.0916_0.159412
24.86_50.0916_0.159412
25.3582_50.1247_-0.0266038
25.8581_50.1165_-0.0059354
26.358_50.1084_-0.0266038
26.8579_50.1003_-0.0059354
27.3579_50.0921_-0.0266038
27.3579_50.0921_-0.0266038
27.8578_50.0943_0.0354013
28.3576_50.1069_0.014733
28.8574_50.1194_0.0354013
28.8574_50.1194_0.0354013
29.3567_50.101_-0.109277
29.8542_50.0516_-0.0886089
30.3518_50.0022_-0.109277
30.8493_49.9528_-0.0886089
31.3468_49.9034_-0.109277
31.3468_49.9034_-0.109277
31.8461_49.8953_0.0767381
32.345_49.9285_0.0560697
32.8444_49.9513_0.0354013
33.3439_49.9742_0.0560697
33.8434_49.997_0.0354013
33.8434_49.997_0.0354013
34.3378_49.9376_-0.274624
34.8176_49.7971_-0.295293
35.2944_49.6466_-0.315961
35.7713_49.4962_-0.295293
36.2481_49.3457_-0.315961
36.2481_49.3457_-0.315961
36.7413_49.2864_0.0767381
37.2312_49.3809_0.30409
37.7067_49.5355_0.324759
37.992_49.5723_-0.0679405
37.992_49.5723_-0.0679405
38.4911_49.5435_-0.0472721
38.9908_49.5251_-0.0266038
39.4904_49.5066_-0.0472721
39.9901_49.4882_-0.0266038
40.49_49.48_-0.0059354
40.49_49.48_-0.0059354
40.986_49.5337_0.221417
41.4727_49.6485_0.242085
41.9593_49.7633_0.221417
42.4459_49.8782_0.242085
42.5243_49.8818_-0.150614
42.5243_49.8818_-0.150614
42.9915_49.7128_-0.543313
43.4112_49.4413_-0.605318
43.8252_49.161_-0.58465
44.2393_48.8808_-0.605318
44.6534_48.6005_-0.58465
44.6534_48.6005_-0.58465
45.0615_48.3118_-0.646655
45.4637_48.0147_-0.625987
45.8658_47.7176_-0.646655
46.2679_47.4205_-0.625987
46.6701_47.1234_-0.646655
46.6701_47.1234_-0.646655
47.0595_46.8099_-0.70866
47.4425_46.4885_-0.687992
47.8254_46.167_-0.70866
48.2084_45.8455_-0.687992
48.5913_45.5241_-0.70866
48.5913_45.5241_-0.70866
48.8982_45.1334_-1.10136
49.0322_44.655_-1.49406
48.9729_44.1618_-1.88676
48.7294_43.7288_-2.27946
48.6397_43.5692_-1.88676
48.6397_43.5692_-1.88676
48.5804_43.076_-1.49406
48.7046_42.5943_-1.1427
48.9169_42.1416_-1.12203
49.1291_41.6889_-1.1427
49.3414_41.2362_-1.12203
49.3414_41.2362_-1.12203
49.6401_40.8393_-0.729328
50.0474_40.5511_-0.501976
50.4882_40.3151_-0.481308
50.929_40.0791_-0.501976
51.3697_39.843_-0.481308
51.3697_39.843_-0.481308
51.8105_39.607_-0.501976
52.2463_39.3619_-0.522645
52.6821_39.1168_-0.501976
53.1179_38.8717_-0.522645
53.5537_38.6266_-0.501976
53.5537_38.6266_-0.501976
53.9731_38.3552_-0.646655
54.3753_38.0581_-0.625987
54.7774_37.761_-0.646655
55.1795_37.4639_-0.625987
55.5817_37.1668_-0.646655
55.5817_37.1668_-0.646655
56.0011_36.8954_-0.501976
56.4369_36.6503_-0.522645
56.8727_36.4052_-0.501976
57.3135_36.1692_-0.481308
57.7542_35.9331_-0.501976
57.7542_35.9331_-0.501976
58.228_35.7837_-0.109277
58.7229_35.8269_0.283422
59.1912_36.0009_0.4281
59.6482_36.2037_0.407432
60.1052_36.4066_0.4281
60.1052_36.4066_0.4281
60.5887_36.5207_0.0354013
61.0791_36.4411_-0.357298
61.5016_36.1799_-0.749997
61.871_35.8428_-0.729328
62.2472_35.5135_-0.70866
62.2472_35.5135_-0.70866
62.6234_35.1842_-0.729328
62.9997_34.8549_-0.70866
63.3759_34.5256_-0.729328
63.7521_34.1963_-0.70866
64.1283_33.867_-0.729328
64.1283_33.867_-0.729328
64.5177_33.5536_-0.625987
64.9259_33.2649_-0.605318
65.3341_32.9762_-0.625987
65.7423_32.6874_-0.605318
66.1505_32.3987_-0.625987
66.1505_32.3987_-0.625987
66.5645_32.1185_-0.563981
66.9842_31.8469_-0.58465
67.404_31.5752_-0.563981
67.8293_31.3123_-0.543313
68.2546_31.0494_-0.563981
68.2546_31.0494_-0.563981
68.6626_30.7608_-0.667323
69.0521_30.4473_-0.687992
69.4351_30.1259_-0.70866
69.818_29.8044_-0.687992
70.2076_29.4909_-0.667323
70.2076_29.4909_-0.667323
70.5905_29.1695_-0.729328
70.9598_28.8325_-0.749997
71.3291_28.4955_-0.729328
71.6985_28.1585_-0.749997
72.0678_27.8215_-0.729328
72.0678_27.8215_-0.729328
72.4372_27.4845_-0.749997
72.8065_27.1474_-0.729328
73.1759_26.8104_-0.749997
73.5452_26.4734_-0.729328
73.9145_26.1364_-0.749997
73.9145_26.1364_-0.749997
74.2973_25.8151_-0.646655
74.6995_25.518_-0.625987
75.1016_25.2208_-0.646655
75.5037_24.9237_-0.625987
75.9059_24.6266_-0.646655
75.9059_24.6266_-0.646655
76.2887_24.3053_-0.749997
76.651_23.9607_-0.770665
77.0133_23.6161_-0.749997
77.3756_23.2716_-0.770665
77.7379_22.927_-0.749997
77.7379_22.927_-0.749997
78.1604_22.6658_-0.357298
78.6508_22.5862_0.0354013
79.1496_22.6193_0.0974065
79.6467_22.6731_0.118075
80.1438_22.7269_0.0974065
80.1438_22.7269_0.0974065
80.6382_22.6778_-0.295293
81.1003_22.4888_-0.481308
81.5458_22.2619_-0.46064
81.9914_22.035_-0.481308
82.4369_21.8081_-0.46064
82.4369_21.8081_-0.46064
82.7903_21.7125_-0.0679405
83.1793_21.7627_0.324759
83.4967_21.945_0.717458
83.7043_22.2141_1.11016
83.7863_22.517_1.50286
83.7863_22.517_1.50286
83.7863_22.517_1.11016
83.7863_22.517_0.717458
84.2172_22.7643_0.324759
84.7099_22.828_-0.0679405
85.1894_22.6982_-0.46064
85.1894_22.6982_-0.46064
85.5828_22.3948_-0.853339
85.8301_21.9639_-1.24604
86.0042_21.4953_-1.18403
86.188_21.0303_-1.2047
86.3622_20.5616_-1.22537
86.3622_20.5616_-1.22537
86.5363_20.093_-1.2047
86.7105_19.6243_-1.22537
86.8846_19.1556_-1.2047
87.0684_18.6906_-1.18403
87.2522_18.2256_-1.2047
87.2522_18.2256_-1.2047
87.4264_17.7569_-1.22537
87.6005_17.2883_-1.2047
87.7843_16.8233_-1.18403
87.9681_16.3583_-1.2047
88.1423_15.8896_-1.22537
88.1423_15.8896_-1.22537
88.3164_15.4209_-1.2047
88.5002_14.9559_-1.18403
88.684_14.491_-1.2047
88.8581_14.0223_-1.22537
89.0323_13.5536_-1.2047
89.0323_13.5536_-1.2047
89.2161_13.0886_-1.18403
89.3999_12.6236_-1.2047
89.574_12.1549_-1.22537
89.7482_11.6863_-1.2047
89.7482_11.6863_-1.2047
