configuration -3.08480739594_22.5642471313_-0.424155304833_0.905589464041_28.1138801575_4.40596151352_-0.254607913402_0.967044368389
length 46.5046
time 2.09652
roughness 0.00243666
-3.08481_22.5642_-0.876058
-2.69842_22.252_-0.483359
-2.22195_22.1113_-0.0906597
-1.72793_22.1638_0.302039
-1.29157_22.4012_0.694738
-0.924667_22.7406_0.79808
-0.515132_23.0218_0.405381
-0.0291525_23.1249_0.0126822
0.469523_23.0951_-0.131996
0.964458_23.0242_-0.152665
1.45939_22.9533_-0.131996
1.95516_22.9852_0.260703
2.43956_23.1091_0.240034
2.92396_23.233_0.260703
3.40836_23.3568_0.240034
3.89522_23.4707_0.219366
4.37034_23.6241_0.405381
4.82775_23.826_0.42605
5.28515_24.028_0.405381
5.74663_24.2204_0.384713
6.20811_24.4128_0.405381
6.69409_24.5159_0.0126822
7.18253_24.4252_-0.380017
7.62699_24.1977_-0.566032
8.05175_23.9339_-0.545364
8.4765_23.6702_-0.566032
8.93974_23.4907_-0.173333
9.4374_23.4506_0.0126822
9.93726_23.4621_0.0333506
10.4371_23.4736_0.0126822
10.937_23.4851_0.0333506
11.4207_23.5982_0.42605
11.8646_23.828_0.529391
12.2987_24.076_0.508723
12.7328_24.3241_0.529391
13.167_24.5721_0.508723
13.6148_24.7167_0.116024
14.11_24.6769_-0.276675
14.5523_24.4505_-0.669374
14.8742_24.0722_-1.06207
15.0269_23.5994_-1.45477
15.1796_23.1267_-1.06207
15.5015_22.7484_-0.669374
15.9438_22.522_-0.276675
16.431_22.4105_-0.173333
16.9225_22.3192_-0.194002
17.4202_22.2998_0.116024
17.9162_22.3628_0.136692
18.4122_22.4258_0.116024
18.9094_22.4786_0.0953557
19.4066_22.5313_0.116024
19.9018_22.4914_-0.276675
20.344_22.2651_-0.669374
20.666_21.8868_-1.06207
20.8187_21.414_-1.45477
20.8095_20.9156_-1.72346
20.8312_20.4193_-1.33076
21.0135_19.9553_-1.06207
21.2615_19.5212_-1.0414
21.5096_19.087_-1.06207
21.7576_18.6529_-1.0414
21.9874_18.2091_-1.14475
22.1893_17.7517_-1.16542
22.3912_17.2943_-1.14475
22.5931_16.8369_-1.16542
22.795_16.3795_-1.14475
22.997_15.9221_-1.16542
23.1989_15.4647_-1.14475
23.4008_15.0072_-1.16542
23.6027_14.5498_-1.14475
23.8046_14.0924_-1.16542
24.0066_13.635_-1.14475
24.2085_13.1776_-1.16542
24.4104_12.7202_-1.14475
24.6123_12.2628_-1.16542
24.8142_11.8054_-1.14475
25.0958_11.3953_-0.793384
25.4428_11.0354_-0.814053
25.7898_10.6754_-0.793384
26.1368_10.3155_-0.814053
26.4839_9.95549_-0.793384
26.8524_9.61786_-0.690042
27.2412_9.30358_-0.669374
27.6301_8.98931_-0.690042
27.7458_8.8475_-1.08274
27.9664_8.39889_-1.14475
28.1778_7.94575_-1.12408
28.3891_7.49262_-1.14475
28.6004_7.03948_-1.12408
28.8211_6.59081_-1.10341
28.9541_6.11216_-1.49611
28.8938_5.61904_-1.88881
28.6759_5.17068_-2.1575
28.3864_4.76314_-2.2195
28.1921_4.36335_-1.8268
28.1921_4.36335_-1.4341
28.1921_4.36335_-1.0414
