configuration 46.8230323792_-26.2805175781_0.619899316938_0.784681360082_54.818611145_35.6322822571_0.774404309534_0.632691050494
length 77.9812
time 1.70667
roughness 0.00119906
46.823_-26.2805_1.33723
46.9134_-25.789_1.44057
46.9732_-25.2926_1.46124
47.033_-24.7962_1.44057
47.0928_-24.2998_1.46124
47.1526_-23.8034_1.44057
47.2124_-23.307_1.46124
47.2722_-22.8106_1.44057
47.332_-22.3142_1.46124
47.3918_-21.8178_1.44057
47.4517_-21.3214_1.46124
47.5819_-20.8407_1.15121
47.7808_-20.382_1.17188
47.9798_-19.9233_1.15121
48.1787_-19.4646_1.17188
48.3777_-19.0059_1.15121
48.5379_-18.533_1.33723
48.6586_-18.0478_1.31656
48.7794_-17.5626_1.33723
48.9001_-17.0774_1.31656
49.0208_-16.5922_1.33723
49.2279_-16.1406_0.94453
49.592_-15.8027_0.551831
50.0306_-15.563_0.448489
50.4833_-15.3509_0.42782
50.9361_-15.1387_0.448489
51.4172_-15.0148_0.0557897
51.9091_-15.0844_-0.336909
52.3674_-15.2832_-0.481588
52.8129_-15.5102_-0.46092
53.2584_-15.7372_-0.481588
53.7351_-15.877_-0.0888889
54.229_-15.8237_0.30381
54.665_-15.5854_0.696509
54.9765_-15.1985_1.08921
55.1848_-14.7442_1.19255
55.2747_-14.2556_1.58525
55.1708_-13.7698_1.97795
54.8888_-13.3608_2.37065
54.4718_-13.0908_2.76335
53.9984_-12.9304_2.86669
53.5558_-12.7049_2.47399
53.2332_-12.3271_2.08129
53.0796_-11.8546_1.68859
53.0673_-11.3555_1.50258
53.0962_-10.8564_1.52324
53.1864_-10.3661_1.25456
53.337_-9.88931_1.27522
53.4875_-9.41253_1.25456
53.6381_-8.93575_1.27522
53.7887_-8.45897_1.25456
53.8481_-7.96575_1.64725
53.7339_-7.48103_1.95728
53.5502_-7.01599_1.93661
53.3762_-6.54726_1.91594
53.2022_-6.07853_1.93661
53.1184_-5.58885_1.54391
53.2085_-5.09907_1.23389
53.3688_-4.62551_1.25456
53.5292_-4.15194_1.23389
53.6896_-3.67838_1.25456
53.8598_-3.20829_1.19255
54.0396_-2.74176_1.21322
54.2194_-2.27523_1.19255
54.3993_-1.8087_1.21322
54.5791_-1.34217_1.19255
54.8491_-0.925152_0.799851
55.2154_-0.585151_0.696509
55.5956_-0.260438_0.717178
55.9758_0.0642745_0.696509
56.3626_0.38106_0.675841
56.8034_0.610245_0.283142
57.2983_0.653308_-0.109557
57.7849_0.542855_-0.336909
58.255_0.372704_-0.357578
58.7216_0.192873_-0.378246
59.2101_0.103006_0.0144529
59.6959_0.206957_0.407152
60.105_0.488902_0.799851
60.375_0.905916_1.19255
60.5055_1.38748_1.4199
60.5447_1.8855_1.56458
60.5426_2.38549_1.58525
60.5405_2.88548_1.56458
60.5385_3.38546_1.58525
60.5364_3.88545_1.56458
60.5137_4.38471_1.66792
60.4704_4.88282_1.64725
60.427_5.38093_1.66792
60.3837_5.87904_1.64725
60.3403_6.37715_1.66792
60.1966_6.8527_2.06062
60.0832_7.22814_1.66792
60.0398_7.72625_1.64725
59.9965_8.22436_1.66792
59.9532_8.72246_1.64725
59.9098_9.22057_1.66792
59.8665_9.71868_1.64725
59.9259_10.2119_1.25456
60.0765_10.6887_1.27522
60.2172_11.1685_1.29589
60.3578_11.6483_1.27522
60.4985_12.1281_1.29589
60.5375_12.6233_1.68859
60.4431_13.1139_1.83327
60.3184_13.5981_1.8126
60.1936_14.0822_1.83327
60.0689_14.5664_1.8126
59.9442_15.0506_1.83327
59.8194_15.5348_1.8126
59.6947_16.019_1.83327
59.57_16.5032_1.8126
59.4452_16.9873_1.83327
59.3205_17.4715_1.8126
59.1958_17.9557_1.83327
59.071_18.4399_1.8126
58.9463_18.9241_1.83327
58.8215_19.4082_1.8126
58.799_19.9045_1.4199
58.968_20.3717_1.0272
59.2883_20.753_0.717178
59.6617_21.0855_0.737846
60.0282_21.4257_0.758514
60.3239_21.8256_1.10988
60.4495_22.1152_1.21322
60.5292_22.6056_1.60592
60.4153_23.0891_1.99862
60.1757_23.5275_2.1433
59.9092_23.9505_2.12263
59.6427_24.3736_2.1433
59.4602_24.8356_1.7506
59.3657_25.3266_1.77126
59.2712_25.8176_1.7506
59.1767_26.3086_1.77126
59.0822_26.7996_1.7506
58.9186_27.2699_2.06062
58.6879_27.7135_2.03995
58.4665_28.1618_2.01929
58.245_28.6101_2.03995
58.0236_29.0584_2.01929
57.8997_29.5394_1.62659
57.9693_30.0313_1.23389
58.1956_30.4755_0.965198
58.4759_30.8895_0.985866
58.7563_31.3035_0.965198
58.954_31.7593_1.3579
58.9622_32.256_1.7506
58.7797_32.718_2.1433
58.4343_33.0751_2.53599
58.0262_33.3639_2.51533
57.6181_33.6528_2.53599
57.21_33.9417_2.51533
56.8018_34.2305_2.53599
56.3937_34.5194_2.51533
55.9856_34.8082_2.53599
55.5775_35.0971_2.51533
55.1694_35.3859_2.53599
54.8785_35.6866_2.1433
