configuration -17.6504554749_-22.9172973633_0.256229049699_0.256229049699_76.2194671631_43.7661514282_0.386216847154_0.922408015454
length 122.404
time 0.794863
roughness 0.000307382
-17.6505_-22.9173_0.150019
-17.1832_-22.7486_0.542718
-16.7524_-22.4949_0.522049
-16.3216_-22.2411_0.542718
-15.8908_-21.9873_0.522049
-15.46_-21.7335_0.542718
-15.0104_-21.5164_0.356702
-14.5437_-21.337_0.377371
-14.0808_-21.148_0.398039
-13.6179_-20.959_0.377371
-13.155_-20.7699_0.398039
-12.7147_-20.5345_0.584054
-12.2948_-20.2631_0.563386
-11.8749_-19.9918_0.584054
-11.4549_-19.7204_0.563386
-11.035_-19.449_0.584054
-10.682_-19.0995_0.976753
-10.4608_-18.6527_1.24544
-10.3059_-18.1773_1.26611
-10.1608_-17.6989_1.28678
-10.0158_-17.2204_1.26611
-9.77713_-16.7846_0.873412
-9.38992_-16.4734_0.480713
-8.93971_-16.2561_0.418707
-8.48083_-16.0575_0.398039
-8.02196_-15.859_0.418707
-7.56728_-15.651_0.439376
-7.117_-15.4336_0.460044
-6.66673_-15.2163_0.439376
-6.21645_-14.9989_0.460044
-5.76617_-14.7816_0.439376
-5.33599_-14.5281_0.625391
-4.92763_-14.2397_0.604723
-4.51926_-13.9512_0.625391
-4.1109_-13.6627_0.604723
-3.70254_-13.3742_0.625391
-3.29417_-13.0857_0.604723
-2.88581_-12.7972_0.625391
-2.47745_-12.5087_0.604723
-2.06909_-12.2202_0.625391
-1.66072_-11.9317_0.604723
-1.20478_-11.7344_0.212024
-0.709033_-11.6751_0.0260083
-0.209372_-11.6569_0.0466767
0.289806_-11.6284_0.0673451
0.788985_-11.6_0.0466767
1.28022_-11.674_-0.346022
1.70572_-11.9305_-0.738721
2.026_-12.3125_-1.00741
2.29737_-12.7324_-0.986742
2.57737_-13.1466_-0.966074
2.93412_-13.4924_-0.573374
3.39602_-13.6753_-0.180675
3.89275_-13.6675_0.212024
4.38043_-13.5572_0.232692
4.86811_-13.447_0.212024
5.337_-13.2777_0.480713
5.7827_-13.0511_0.460044
6.23297_-12.8338_0.439376
6.68325_-12.6164_0.460044
7.13353_-12.3991_0.439376
7.55221_-12.1285_0.708065
7.93536_-11.8073_0.687396
8.32506_-11.494_0.666728
8.71476_-11.1808_0.687396
9.10446_-10.8675_0.666728
9.50055_-10.5624_0.64606
9.90287_-10.2655_0.625391
10.3052_-9.96866_0.64606
10.7075_-9.67178_0.625391
11.1098_-9.37491_0.64606
11.5059_-9.06978_0.666728
11.8956_-8.75654_0.687396
12.2853_-8.44329_0.666728
12.675_-8.13004_0.687396
13.0647_-7.81679_0.666728
13.4608_-7.51167_0.64606
13.8569_-7.20654_0.666728
14.253_-6.90141_0.64606
14.6491_-6.59629_0.666728
15.0452_-6.29116_0.64606
15.4348_-5.97796_0.708065
15.818_-5.65672_0.687396
16.2011_-5.33549_0.708065
16.5842_-5.01426_0.687396
16.9674_-4.69302_0.708065
17.3633_-4.38802_0.604723
17.7717_-4.09953_0.625391
18.18_-3.81103_0.604723
18.5884_-3.52253_0.625391
18.9968_-3.23404_0.604723
19.3927_-2.92904_0.708065
19.7758_-2.6078_0.687396
20.159_-2.28657_0.708065
20.5421_-1.96534_0.687396
20.9253_-1.6441_0.708065
21.3084_-1.32287_0.687396
21.6916_-1.00163_0.708065
22.0747_-0.680398_0.687396
22.4644_-0.367151_0.666728
22.8541_-0.0539036_0.687396
23.2677_0.225694_0.501381
23.7087_0.461464_0.480713
24.1496_0.697235_0.501381
24.5905_0.933005_0.480713
25.0314_1.16878_0.501381
25.4673_1.41361_0.522049
25.9033_1.65844_0.501381
26.3392_1.90327_0.522049
26.7752_2.1481_0.501381
27.2111_2.39294_0.522049
27.6189_2.68102_0.708065
28.002_3.00226_0.687396
28.3852_3.32349_0.708065
28.7683_3.64473_0.687396
29.1515_3.96596_0.708065
29.5474_4.27096_0.604723
29.9616_4.55095_0.584054
30.3759_4.83095_0.604723
30.7901_5.11095_0.584054
31.2044_5.39094_0.604723
31.6567_5.59787_0.25336
32.1394_5.7282_0.274029
32.6221_5.85852_0.25336
33.1074_5.97884_0.232692
33.5927_6.09916_0.25336
34.0623_6.26865_0.439376
34.517_6.47665_0.418707
34.9717_6.68464_0.439376
35.4264_6.89264_0.418707
35.881_7.10064_0.439376
36.3399_7.29916_0.377371
36.8065_7.47859_0.356702
37.2732_7.65801_0.377371
37.7399_7.83743_0.356702
38.2066_8.01685_0.377371
38.6801_8.17677_0.274029
39.16_8.31704_0.294697
39.6399_8.45731_0.274029
40.1198_8.59758_0.294697
40.5998_8.73785_0.274029
41.0426_8.96301_0.666728
41.4387_9.26813_0.64606
41.8348_9.57326_0.666728
42.2309_9.87839_0.64606
42.627_10.1835_0.666728
43.0167_10.4968_0.687396
43.3998_10.818_0.708065
43.783_11.1392_0.687396
44.1661_11.4605_0.708065
44.5492_11.7817_0.687396
44.9873_12.016_0.294697
45.47_12.1463_0.232692
45.9553_12.2666_0.25336
46.4406_12.3869_0.232692
46.9259_12.5072_0.25336
47.3733_12.7232_0.64606
47.7563_13.0443_0.749401
48.1188_13.3886_0.77007
48.4813_13.733_0.749401
48.8438_14.0774_0.77007
49.261_14.347_0.377371
49.7497_14.4364_-0.0153284
50.2495_14.4236_-0.0359968
50.7493_14.4108_-0.0153284
51.2492_14.3979_-0.0359968
51.7396_14.4773_0.356702
52.1623_14.7382_0.749401
52.5025_15.1041_0.89408
52.8196_15.4906_0.873412
53.1367_15.8772_0.89408
53.5174_16.1964_0.501381
53.9913_16.3456_0.108682
54.4905_16.3534_-0.0773335
54.9894_16.3199_-0.0566652
55.4883_16.2864_-0.0773335
55.9815_16.3454_0.315366
56.4398_16.5437_0.501381
56.8807_16.7795_0.480713
57.3216_17.0152_0.501381
57.7625_17.251_0.480713
58.1497_17.5622_0.873412
58.4505_17.9614_0.976753
58.7346_18.3728_0.956085
59.0187_18.7842_0.976753
59.3028_19.1957_0.956085
59.6037_19.5949_0.89408
59.9127_19.988_0.914748
60.2218_20.381_0.89408
60.5309_20.774_0.914748
60.8399_21.167_0.89408
61.1324_21.5723_0.997422
61.4079_21.9895_0.976753
61.692_22.4009_0.956085
61.9762_22.8124_0.976753
62.2603_23.2238_0.956085
62.5849_23.6032_0.77007
62.9402_23.9549_0.790738
63.2955_24.3067_0.77007
63.6508_24.6585_0.790738
64.0061_25.0103_0.77007
64.3386_25.3831_0.914748
64.6477_25.7761_0.89408
64.9568_26.1691_0.914748
65.2658_26.5621_0.89408
65.5749_26.9552_0.914748
65.8324_27.3825_1.1421
66.045_27.8351_1.12143
66.2668_28.2832_1.10076
66.4886_28.7312_1.12143
66.7105_29.1793_1.10076
66.9683_29.6072_0.956085
67.2524_30.0186_0.976753
67.5366_30.43_0.956085
67.8207_30.8415_0.976753
68.1048_31.2529_0.956085
68.465_31.595_0.563386
68.8849_31.8664_0.584054
69.3049_32.1378_0.563386
69.7248_32.4092_0.584054
70.0778_32.7587_0.976753
70.3358_33.1867_1.0801
70.576_33.6253_1.05943
70.8161_34.0638_1.0801
71.0563_34.5023_1.05943
71.2965_34.9409_1.0801
71.5366_35.3794_1.05943
71.7768_35.8179_1.0801
72.0169_36.2565_1.05943
72.2571_36.695_1.0801
72.4973_37.1336_1.05943
72.7464_37.567_1.03876
72.9956_38.0005_1.05943
73.2358_38.439_1.0801
73.4759_38.8776_1.05943
73.7251_39.3111_1.03876
73.9743_39.7445_1.05943
74.2144_40.1831_1.0801
74.4546_40.6216_1.05943
74.7038_41.0551_1.03876
74.953_41.4886_1.05943
75.1931_41.9271_1.0801
75.4333_42.3656_1.05943
75.6825_42.7991_1.03876
75.9316_43.2326_1.05943
76.1718_43.6711_1.0801
