configuration -17.6504554749_-22.9172973633_0.256229049699_0.256229049699_76.2194671631_43.7661514282_0.386216847154_0.922408015454
length 124.632
time 1.07795
roughness 0.00034
-17.6505_-22.9173_0.150019
-17.1832_-22.7486_0.542718
-16.7577_-22.486_0.563386
-16.3378_-22.2146_0.584054
-15.9178_-21.9433_0.563386
-15.4979_-21.6719_0.584054
-15.078_-21.4005_0.563386
-14.658_-21.1291_0.584054
-14.2381_-20.8578_0.563386
-13.8182_-20.5864_0.584054
-13.3982_-20.315_0.563386
-12.9345_-20.1367_0.170687
-12.4364_-20.1083_-0.0566652
-11.9369_-20.1315_-0.0359968
-11.4371_-20.1443_-0.0153284
-10.9373_-20.1571_-0.0359968
-10.4469_-20.0778_0.356702
-10.0021_-19.8517_0.584054
-9.5879_-19.5717_0.604723
-9.17366_-19.2917_0.584054
-8.75942_-19.0117_0.604723
-8.3241_-18.7672_0.418707
-7.86522_-18.5686_0.398039
-7.40634_-18.3701_0.418707
-6.94747_-18.1715_0.398039
-6.48859_-17.973_0.418707
-6.05327_-17.7285_0.604723
-5.63903_-17.4485_0.584054
-5.22479_-17.1685_0.604723
-4.81055_-16.8885_0.584054
-4.39632_-16.6085_0.604723
-3.98795_-16.32_0.625391
-3.57959_-16.0315_0.604723
-3.17123_-15.743_0.625391
-2.76286_-15.4545_0.604723
-2.3545_-15.166_0.625391
-1.94032_-14.8861_0.563386
-1.51487_-14.6234_0.542718
-1.08941_-14.3608_0.563386
-0.663956_-14.0982_0.542718
-0.238501_-13.8355_0.563386
0.19223_-13.5818_0.501381
0.633142_-13.346_0.480713
1.07405_-13.1102_0.501381
1.51497_-12.8744_0.480713
1.95588_-12.6387_0.501381
2.37546_-12.3675_0.64606
2.77155_-12.0624_0.666728
3.16764_-11.7573_0.64606
3.56373_-11.4522_0.666728
3.95982_-11.147_0.64606
4.39447_-10.9029_0.377371
4.85735_-10.7139_0.398039
5.31622_-10.5153_0.418707
5.7751_-10.3168_0.398039
6.23398_-10.1182_0.418707
6.68865_-9.91024_0.439376
7.14332_-9.70224_0.418707
7.598_-9.49424_0.439376
8.05267_-9.28625_0.418707
8.50735_-9.07825_0.439376
8.93189_-8.81617_0.666728
9.32799_-8.51105_0.64606
9.7303_-8.21417_0.625391
10.1326_-7.9173_0.64606
10.5349_-7.62042_0.625391
10.96_-7.35801_0.480713
11.4009_-7.12224_0.501381
11.8369_-6.87741_0.522049
12.2728_-6.63257_0.501381
12.7088_-6.38774_0.522049
13.1736_-6.20903_0.212024
13.6613_-6.09877_0.232692
14.149_-5.98851_0.212024
14.6366_-5.87824_0.232692
15.1243_-5.76798_0.212024
15.597_-5.60834_0.439376
16.0517_-5.40034_0.418707
16.5064_-5.19235_0.439376
16.961_-4.98435_0.418707
17.4157_-4.77635_0.439376
17.8344_-4.50579_0.708065
18.2175_-4.18456_0.687396
18.6007_-3.86332_0.708065
18.9838_-3.54209_0.687396
19.367_-3.22085_0.708065
19.7857_-2.95029_0.439376
20.2359_-2.73294_0.460044
20.6862_-2.51559_0.439376
21.1365_-2.29824_0.460044
21.5868_-2.08089_0.439376
22.0623_-1.93118_0.170687
22.5541_-1.84117_0.191355
23.0439_-1.74101_0.212024
23.5338_-1.64085_0.191355
24.0236_-1.54069_0.212024
24.4999_-1.39074_0.398039
24.9628_-1.20171_0.377371
25.4256_-1.01268_0.398039
25.8885_-0.823655_0.377371
26.3514_-0.634626_0.398039
26.7917_-0.399192_0.584054
27.2116_-0.127816_0.563386
27.6316_0.143559_0.584054
28.0515_0.414934_0.563386
28.4714_0.68631_0.584054
28.8672_0.991176_0.728733
29.2436_1.32026_0.708065
29.62_1.64934_0.728733
29.9965_1.97843_0.708065
30.3729_2.30751_0.728733
30.756_2.6287_0.666728
31.1457_2.94195_0.687396
31.5354_3.2552_0.666728
31.9251_3.56844_0.687396
32.3148_3.88169_0.666728
32.6979_4.20288_0.728733
33.0674_4.53967_0.749401
33.2204_4.75171_1.1421
33.2204_4.75171_1.5348
33.3348_5.23515_1.1421
33.6255_5.63802_0.749401
34.0149_5.951_0.604723
34.4232_6.2395_0.625391
34.8255_6.53637_0.64606
35.1721_6.89399_0.956085
35.4562_7.30541_0.976753
35.7403_7.71683_0.956085
36.0245_8.12825_0.976753
36.3086_8.53967_0.956085
36.6688_8.88183_0.563386
37.1093_9.1174_0.418707
37.564_9.32539_0.439376
38.0187_9.53339_0.418707
38.4733_9.74138_0.439376
38.9488_9.89109_0.170687
39.4406_9.98111_0.191355
39.9305_10.0813_0.212024
40.4203_10.1814_0.191355
40.9102_10.2816_0.212024
41.3661_10.4789_0.604723
41.7119_10.8356_0.997422
41.9609_11.2689_1.10076
42.1828_11.717_1.12143
42.4046_12.1651_1.10076
42.7117_12.5556_0.708065
43.1449_12.7989_0.315366
43.6298_12.9191_0.170687
44.1216_13.0091_0.191355
44.6134_13.0991_0.170687
45.0771_13.2774_0.563386
45.4726_13.5821_0.749401
45.8351_13.9264_0.77007
46.1976_14.2708_0.749401
46.5601_14.6152_0.77007
46.943_14.9361_0.625391
47.3453_15.233_0.64606
47.7476_15.5299_0.625391
48.1499_15.8267_0.64606
48.5522_16.1236_0.625391
49.004_16.3303_0.232692
49.5004_16.3483_-0.160007
49.966_16.175_-0.552706
50.3298_15.8367_-0.945405
50.6267_15.4344_-0.924737
50.9974_15.1037_-0.532038
51.4665_14.9401_-0.139339
51.9653_14.9273_0.0880134
52.4638_14.9661_0.0673451
52.9622_15.0049_0.0880134
53.4561_14.9511_-0.304686
53.9024_14.7302_-0.614711
54.3138_14.4461_-0.594043
54.731_14.1705_-0.573374
55.1482_13.895_-0.594043
55.6063_13.7026_-0.201344
56.1036_13.6692_0.0673451
56.6021_13.708_0.0880134
57.1006_13.7468_0.0673451
57.5998_13.7753_0.0466767
58.082_13.8948_0.439376
58.5323_14.1122_0.460044
58.978_14.3388_0.480713
59.4236_14.5654_0.460044
59.8693_14.792_0.480713
60.2565_15.1032_0.873412
60.5573_15.5024_0.976753
60.8329_15.9196_0.997422
61.1084_16.3368_0.976753
61.384_16.754_0.997422
61.642_17.1822_1.05943
61.8822_17.6207_1.0801
62.1223_18.0593_1.05943
62.3625_18.4978_1.0801
62.6027_18.9363_1.05943
62.8518_19.3698_1.03876
63.1099_19.798_1.01809
63.368_20.2263_1.03876
63.6261_20.6545_1.01809
63.8842_21.0827_1.03876
64.0964_21.5347_1.22477
64.2708_22.0033_1.20411
64.4549_22.4681_1.18344
64.639_22.933_1.20411
64.823_23.3979_1.18344
65.0167_23.8588_1.16277
65.2198_24.3157_1.1421
65.4229_24.7726_1.16277
65.6261_25.2295_1.1421
65.8292_25.6863_1.16277
66.0509_26.1342_1.05943
66.3001_26.5677_1.03876
66.5493_27.0012_1.05943
66.7985_27.4347_1.03876
67.0476_27.8681_1.05943
67.2505_28.3244_1.24544
67.4054_28.7997_1.26611
67.5603_29.2751_1.24544
67.7152_29.7505_1.26611
67.8701_30.2259_1.24544
68.1177_30.6566_0.852743
68.4581_31.0227_0.790738
68.8061_31.3818_0.811406
69.154_31.7408_0.790738
69.502_32.0998_0.811406
69.7937_32.5041_1.0801
70.0339_32.9426_1.05943
70.283_33.3761_1.03876
70.5322_33.8096_1.05943
70.7814_34.2431_1.03876
71.0306_34.6765_1.05943
71.2797_35.11_1.03876
71.5289_35.5435_1.05943
71.7781_35.977_1.03876
72.0273_36.4105_1.05943
72.2764_36.8439_1.03876
72.5256_37.2774_1.05943
72.7748_37.7109_1.03876
73.024_38.1444_1.05943
73.2731_38.5778_1.03876
73.5223_39.0113_1.05943
73.7715_39.4448_1.03876
74.0207_39.8783_1.05943
74.2698_40.3118_1.03876
74.519_40.7452_1.05943
74.7682_41.1787_1.03876
75.0174_41.6122_1.05943
75.2575_42.0507_1.0801
75.4977_42.4893_1.05943
75.7469_42.9227_1.03876
75.996_43.3562_1.05943
76.2405_43.7619_0.997422
