configuration 72.6459350586_2.13817882538_-0.994211695618_0.107438839792_19.5581073761_50.1696281433_0.955633460234_0.294558465643
length 106.779
time 1.00599
roughness 0.000946214
72.6459_2.13818_-2.9263
72.1488_2.10818_-3.23633
71.6506_2.15033_-3.21566
71.1524_2.19247_-3.23633
70.6542_2.23462_-3.21566
70.156_2.27677_-3.23633
69.6618_2.22637_-2.84363
69.1853_2.07466_-2.82296
68.7122_1.91313_-2.80229
68.239_1.7516_-2.82296
67.7658_1.59006_-2.80229
67.2741_1.51929_-3.19499
66.7821_1.60226_-3.42234
66.3031_1.74575_-3.44301
65.8242_1.88924_-3.42234
65.3452_2.03273_-3.44301
64.8512_2.08483_-3.05031
64.3653_1.97331_-2.78162
63.8956_1.80203_-2.80229
63.4224_1.6405_-2.82296
62.9492_1.47897_-2.80229
62.4575_1.40819_-3.19499
61.9761_1.53098_-3.58769
61.5593_1.80435_-3.85638
61.1783_2.12815_-3.83571
60.7973_2.45195_-3.85638
60.7973_2.45195_-3.46368
60.3044_2.51425_-3.07098
59.8252_2.3832_-2.67828
59.4327_2.07874_-2.28558
59.1865_1.64723_-1.89288
58.9403_1.21571_-2.28558
58.5478_0.911252_-2.67828
58.0938_0.7018_-2.74028
57.6316_0.511259_-2.76095
57.1693_0.320718_-2.74028
56.7586_0.0411681_-2.34758
56.4862_-0.374261_-1.95489
56.3935_-0.862326_-1.56219
56.4645_-1.35574_-1.2935
56.6063_-1.83519_-1.27283
56.6567_-2.32942_-1.66553
56.5142_-2.80531_-2.05823
56.2003_-3.19042_-2.45093
55.8182_-3.51291_-2.43026
55.4429_-3.84322_-2.40959
55.0157_-4.09679_-2.80229
54.5239_-4.16756_-3.19499
54.03_-4.09473_-3.381
53.5431_-3.98119_-3.36034
53.0561_-3.86765_-3.381
52.5598_-3.84627_-2.9883
52.0684_-3.93788_-2.9263
51.581_-4.04973_-2.90563
51.0937_-4.16159_-2.9263
50.6064_-4.27345_-2.90563
50.11_-4.29312_-3.29833
49.6439_-4.12133_-3.69103
49.2789_-3.78423_-4.08373
49.0063_-3.36537_-4.18707
48.7511_-2.93541_-4.1664
48.4153_-2.56932_-3.7737
47.9649_-2.35963_-3.381
47.4686_-2.33824_-2.9883
47.0018_-2.50842_-2.59561
46.6213_-2.82962_-2.28558
46.2287_-3.13408_-2.67828
45.7495_-3.26514_-3.07098
45.2566_-3.20284_-3.46368
44.8251_-2.95667_-3.85638
44.4878_-2.58902_-4.08373
44.1433_-2.22872_-3.81504
43.7557_-1.91286_-3.83571
43.3748_-1.58906_-3.85638
42.9938_-1.26526_-3.83571
42.6128_-0.941458_-3.85638
42.2528_-0.594819_-3.95972
41.9072_-0.233445_-3.93905
41.5617_0.12793_-3.95972
41.2162_0.489305_-3.93905
40.8706_0.85068_-3.95972
40.5177_1.20479_-3.89771
40.1575_1.55157_-3.91838
39.8046_1.90573_-3.93905
39.4517_2.25988_-3.91838
39.0915_2.60667_-3.89771
38.8035_3.01148_-4.29041
38.6035_3.46971_-4.31108
38.4129_3.93197_-4.33175
38.2224_4.39423_-4.31108
38.0318_4.85649_-4.33175
37.8318_5.31465_-4.26974
37.6223_5.76864_-4.29041
37.4128_6.22263_-4.26974
37.2034_6.67662_-4.29041
36.9939_7.13062_-4.26974
36.7939_7.58878_-4.33175
36.6129_8.05488_-4.35242
36.432_8.52098_-4.33175
36.251_8.98708_-4.35242
36.0701_9.45318_-4.33175
35.7991_9.86954_-3.93905
35.4062_10.1764_-3.67036
34.9771_10.4331_-3.69103
34.5481_10.6898_-3.67036
34.119_10.9464_-3.69103
33.7541_11.2835_-4.08373
33.5459_11.7346_-4.47643
33.424_12.2195_-4.45576
33.2921_12.7018_-4.43509
33.1602_13.1841_-4.45576
32.9988_13.6569_-4.31108
32.7988_14.1151_-4.29041
32.5987_14.5733_-4.31108
32.3987_15.0315_-4.29041
32.1986_15.4898_-4.31108
32.0081_15.952_-4.33175
31.8271_16.4181_-4.35242
31.6462_16.8842_-4.33175
31.4652_17.3503_-4.35242
31.2843_17.8164_-4.33175
31.0133_18.2328_-3.93905
30.6036_18.5138_-3.54635
30.142_18.7059_-3.52568
29.6804_18.898_-3.54635
29.2188_19.0902_-3.52568
28.7307_19.1829_-3.13298
28.2443_19.0818_-2.74028
27.7861_18.8817_-2.71962
27.3321_18.6722_-2.69895
26.8781_18.4627_-2.71962
26.4548_18.1995_-2.45093
26.0727_17.877_-2.43026
25.6906_17.5545_-2.45093
25.3085_17.2321_-2.43026
24.9264_16.9096_-2.45093
24.4891_16.6739_-2.84363
23.9948_16.6235_-3.23633
23.5189_16.7661_-3.62902
23.1338_17.0799_-4.02172
22.8113_17.462_-4.00105
22.5667_17.8943_-4.39375
22.4753_18.3844_-4.66244
22.4452_18.8835_-4.64177
22.4151_19.3826_-4.66244
22.385_19.8816_-4.64177
22.4167_20.3791_-4.91046
22.51_20.8703_-4.88979
22.5932_21.3634_-4.86913
22.6763_21.8564_-4.88979
22.7595_22.3494_-4.86913
22.7603_22.8474_-4.5591
22.6891_23.3423_-4.57977
22.6281_23.8386_-4.60044
22.5671_24.3348_-4.57977
22.5061_24.8311_-4.60044
22.4967_25.3303_-4.78645
22.5285_25.8293_-4.76578
22.55_26.3288_-4.74512
22.5715_26.8283_-4.76578
22.5931_27.3278_-4.74512
22.7059_27.8117_-5.13782
22.9953_28.2155_-5.53051
23.4171_28.4778_-5.92321
23.901_28.5995_-6.15057
24.3973_28.6604_-6.17123
24.8706_28.8112_-5.77853
25.2503_29.1316_-5.38584
25.4784_29.5729_-4.99314
25.5511_30.0661_-4.72445
25.552_30.5661_-4.70378
25.4709_31.0574_-4.39375
25.3192_31.5339_-4.41442
25.1674_32.0103_-4.39375
25.0157_32.4867_-4.41442
24.864_32.9631_-4.39375
24.7523_33.4497_-4.57977
24.6913_33.946_-4.60044
24.6303_34.4422_-4.57977
24.5693_34.9385_-4.60044
24.5083_35.4348_-4.57977
24.3867_35.9186_-4.35242
24.2154_36.3884_-4.37309
24.0441_36.8581_-4.35242
23.8729_37.3278_-4.37309
23.7016_37.7976_-4.35242
23.58_38.2814_-4.57977
23.5087_38.7763_-4.5591
23.4375_39.2712_-4.57977
23.3663_39.7661_-4.5591
23.295_40.261_-4.57977
23.2443_40.7584_-4.64177
23.2039_41.2567_-4.62111
23.1635_41.7551_-4.64177
23.123_42.2534_-4.62111
23.0826_42.7518_-4.64177
22.9515_43.231_-4.24908
22.7054_43.6659_-4.14573
22.4326_44.085_-4.12507
22.1599_44.504_-4.14573
21.8959_44.9286_-4.1664
21.7257_45.3953_-4.5591
21.7471_45.8917_-4.9518
21.9568_46.342_-5.3445
22.2725_46.7295_-5.44784
22.6118_47.0967_-5.46851
22.8756_47.5177_-5.07581
22.9582_48.0076_-4.68311
22.847_48.4918_-4.29041
22.559_48.8966_-3.89771
22.1381_49.1604_-3.50501
21.6726_49.3429_-3.52568
21.2071_49.5255_-3.50501
20.7417_49.7081_-3.52568
20.2762_49.8906_-3.50501
19.8107_50.0732_-3.52568
