configuration -4.52205276489_51.1520843506_-0.288179288681_0.957576470876_89.803527832_11.5547637939_-0.656431103106_0.754385980036
length 128.005
time 1.05411
roughness 0.000529791
-4.52205_51.1521_-0.58465
-4.08191_50.9164_-0.398634
-3.61914_50.7271_-0.377966
-3.15637_50.5378_-0.398634
-2.6936_50.3485_-0.377966
-2.23083_50.1592_-0.398634
-1.76806_49.9699_-0.377966
-1.30148_49.7902_-0.357298
-0.8349_49.6105_-0.377966
-0.368318_49.4308_-0.357298
0.098264_49.2511_-0.377966
0.586887_49.1613_0.014733
1.08556_49.1945_0.118075
1.58144_49.2585_0.138743
2.07731_49.3226_0.118075
2.57319_49.3866_0.138743
3.07021_49.4403_0.0767381
3.5683_49.4838_0.0974065
4.0664_49.5273_0.0767381
4.5645_49.5708_0.0974065
5.0626_49.6143_0.0767381
5.56027_49.5856_-0.191951
6.05203_49.4952_-0.171282
6.54556_49.4151_-0.150614
7.03909_49.335_-0.171282
7.53262_49.2549_-0.150614
8.02897_49.1952_-0.0886089
8.52743_49.1561_-0.0679405
9.02589_49.117_-0.0886089
9.52344_49.0676_-0.109277
10.021_49.0182_-0.0886089
10.5097_48.918_-0.315961
10.9866_48.7676_-0.295293
11.4664_48.627_-0.274624
11.9462_48.4865_-0.295293
12.426_48.3459_-0.274624
12.921_48.2968_0.0767381
13.4199_48.3299_0.0560697
13.9194_48.3528_0.0354013
14.4189_48.3757_0.0560697
14.9183_48.3985_0.0354013
15.4178_48.4214_0.0560697
15.9167_48.4545_0.0767381
16.4156_48.4877_0.0560697
16.9145_48.5209_0.0767381
17.4134_48.5541_0.0560697
17.9053_48.4846_-0.336629
18.3718_48.3049_-0.398634
18.8346_48.1156_-0.377966
19.2973_47.9263_-0.398634
19.7601_47.737_-0.377966
20.2487_47.6473_0.014733
20.7345_47.7514_0.407432
21.1497_48.0253_0.758794
21.5161_48.3655_0.738126
21.8894_48.6981_0.717458
22.3202_48.9455_0.324759
22.8129_49.0091_-0.0679405
23.3092_48.9494_-0.171282
23.8027_48.8693_-0.150614
24.2962_48.7892_-0.171282
24.7679_48.6296_-0.481308
25.2135_48.4027_-0.46064
25.659_48.1758_-0.481308
26.1046_47.9489_-0.46064
26.5502_47.7221_-0.481308
26.9957_47.4952_-0.46064
27.4413_47.2683_-0.481308
27.8868_47.0415_-0.46064
28.3324_46.8146_-0.481308
28.7779_46.5877_-0.46064
29.2575_46.4579_-0.0679405
29.7502_46.5216_0.324759
30.181_46.7689_0.717458
30.4844_47.1623_1.11016
30.7113_47.6078_1.08949
30.8808_48.0766_1.35818
30.9914_48.5642_1.33751
31.1019_49.0518_1.35818
31.2125_49.5394_1.33751
31.323_50.0271_1.35818
31.5206_50.4829_0.965478
31.8776_50.8284_0.572779
32.3396_51.011_0.18008
32.8363_51.003_-0.212619
33.3239_50.8924_-0.233287
33.7755_50.6855_-0.625987
34.1837_50.3967_-0.605318
34.5919_50.108_-0.625987
35.0001_49.8192_-0.605318
35.4083_49.5305_-0.625987
35.86_49.3236_-0.233287
36.3566_49.2949_0.118075
36.8537_49.3487_0.0974065
37.3518_49.3922_0.0767381
37.8499_49.4357_0.0974065
38.3254_49.5795_0.490106
38.7096_49.8944_0.882805
38.9442_50.3323_1.2755
38.9932_50.8267_1.6682
38.9292_51.3225_1.73021
38.9476_51.8189_1.33751
39.1545_52.2706_0.94481
39.4908_52.6391_0.717458
39.8641_52.9717_0.738126
40.2374_53.3043_0.717458
40.6683_53.5517_0.324759
41.161_53.6153_-0.0679405
41.6584_53.5659_-0.129946
42.1549_53.5062_-0.109277
42.6524_53.4569_-0.0886089
43.1515_53.4281_-0.0266038
43.6512_53.4096_-0.0472721
44.1508_53.3911_-0.0266038
44.6505_53.3727_-0.0472721
45.1501_53.3542_-0.0266038
45.6491_53.3771_0.118075
46.1462_53.4308_0.0974065
46.6433_53.4846_0.118075
47.1404_53.5384_0.0974065
47.6375_53.5921_0.118075
48.1328_53.5533_-0.274624
48.3921_53.4279_-0.625987
48.8437_53.221_-0.233287
49.3381_53.1512_-0.0472721
49.8372_53.1224_-0.0679405
50.3364_53.0936_-0.0472721
50.8356_53.0648_-0.0679405
51.333_53.0154_-0.129946
51.8295_52.9558_-0.109277
52.3259_52.8961_-0.129946
52.8223_52.8365_-0.109277
53.3187_52.7768_-0.129946
53.7931_52.6271_-0.481308
54.2387_52.4002_-0.46064
54.6888_52.1826_-0.439971
55.139_51.965_-0.46064
55.5891_51.7474_-0.439971
56.0135_51.4851_-0.667323
56.4094_51.1797_-0.646655
56.8053_50.8743_-0.667323
57.2012_50.569_-0.646655
57.5971_50.2636_-0.667323
57.9515_49.9124_-0.894675
58.2684_49.5256_-0.874007
58.5853_49.1389_-0.894675
58.9022_48.7522_-0.874007
59.219_48.3654_-0.894675
59.5996_48.046_-0.501976
60.0577_47.8475_-0.315961
60.5313_47.6872_-0.336629
61.0049_47.5269_-0.315961
61.4785_47.3667_-0.336629
61.9175_47.1316_-0.646655
62.3196_46.8345_-0.625987
62.7278_46.5457_-0.605318
63.136_46.257_-0.625987
63.5442_45.9682_-0.605318
64_45.7707_-0.212619
64.4968_45.7626_0.18008
64.9588_45.9452_0.572779
65.3157_46.2907_0.965478
65.5873_46.7105_1.02748
65.9222_47.0774_0.634784
66.372_47.2883_0.242085
66.8683_47.3111_-0.150614
67.3466_47.1709_-0.419303
67.8012_46.9626_-0.439971
68.2008_46.6674_-0.83267
68.5255_46.2874_-0.894675
68.8424_45.9006_-0.874007
69.1593_45.5139_-0.894675
69.4762_45.1272_-0.874007
69.7767_44.7278_-0.977349
70.052_44.3104_-0.998017
70.3273_43.8931_-0.977349
70.6027_43.4757_-0.998017
70.878_43.0583_-0.977349
71.1445_42.6354_-1.03935
71.4024_42.207_-1.01869
71.6602_41.7787_-1.03935
71.918_41.3503_-1.01869
72.1758_40.9219_-1.03935
72.4595_40.5106_-0.894675
72.7683_40.1174_-0.915344
73.069_39.7179_-0.936012
73.3696_39.3184_-0.915344
73.6702_38.9189_-0.936012
73.979_38.5258_-0.874007
74.2959_38.139_-0.894675
74.6128_37.7523_-0.874007
74.9297_37.3655_-0.894675
75.2466_36.9788_-0.874007
75.5301_36.5678_-1.06002
75.779_36.1342_-1.03935
76.0279_35.7005_-1.06002
76.2768_35.2669_-1.03935
76.5257_34.8333_-1.06002
76.7747_34.3996_-1.03935
77.0325_33.9713_-1.01869
77.2903_33.5429_-1.03935
77.5481_33.1145_-1.01869
77.806_32.6861_-1.03935
78.0549_32.2525_-1.06002
78.3038_31.8188_-1.03935
78.5527_31.3852_-1.06002
78.8016_30.9516_-1.03935
79.0505_30.518_-1.06002
79.3256_30.1009_-0.915344
79.6262_29.7014_-0.936012
79.9186_29.2958_-0.956681
80.2109_28.8902_-0.936012
80.5032_28.4845_-0.956681
80.8632_28.1422_-0.563981
81.3268_27.9636_-0.171282
81.8234_27.9761_0.221417
82.2775_28.1776_0.614116
82.6831_28.4699_0.634784
83.1329_28.6808_0.242085
83.6292_28.7036_-0.150614
84.0964_28.5346_-0.543313
84.5042_28.2461_-0.687992
84.8938_27.9327_-0.667323
85.2165_27.555_-1.06002
85.3997_27.0914_-1.32871
85.5246_26.6072_-1.30804
85.6595_26.1258_-1.28737
85.7943_25.6443_-1.30804
85.9586_25.1725_-1.16336
86.152_24.7114_-1.18403
86.3358_24.2465_-1.2047
86.5196_23.7815_-1.18403
86.7129_23.3204_-1.16336
86.8772_22.8486_-1.30804
87.0021_22.3645_-1.32871
87.127_21.8803_-1.30804
87.2518_21.3962_-1.32871
87.3767_20.912_-1.30804
87.5016_20.4279_-1.32871
87.6264_19.9437_-1.30804
87.7513_19.4596_-1.32871
87.8762_18.9754_-1.30804
88.0011_18.4913_-1.32871
88.0341_17.995_-1.68007
87.9847_17.4974_-1.65941
87.9353_16.9999_-1.68007
87.8859_16.5023_-1.65941
87.8365_16.0048_-1.68007
87.8797_15.5099_-1.28737
88.0632_15.0455_-1.10136
88.2848_14.5973_-1.12203
88.5064_14.1491_-1.10136
88.728_13.7009_-1.12203
88.9495_13.2527_-1.10136
89.1711_12.8045_-1.12203
89.3927_12.3562_-1.10136
89.6234_11.9127_-1.08069
89.7835_11.5522_-1.22537
