configuration 46.8230323792_-26.2805175781_0.619899316938_0.784681360082_54.818611145_35.6322822571_0.774404309534_0.632691050494
length 77.1423
time 0.621216
roughness 0.00159317
46.823_-26.2805_1.33723
46.9928_-25.8114_1.10988
47.2106_-25.3613_1.13055
47.4283_-24.9112_1.10988
47.646_-24.4611_1.13055
47.8638_-24.011_1.10988
48.0999_-23.5704_1.04787
48.3451_-23.1346_1.06854
48.5903_-22.6989_1.04787
48.8356_-22.2632_1.06854
49.0808_-21.8275_1.04787
49.2793_-21.3697_1.27522
49.4299_-20.893_1.25456
49.5805_-20.4162_1.27522
49.731_-19.9394_1.25456
49.8816_-19.4626_1.27522
50.0223_-18.9828_1.29589
50.153_-18.5002_1.31656
50.2838_-18.0176_1.29589
50.4145_-17.535_1.31656
50.5453_-17.0525_1.29589
50.7343_-16.5907_1.06854
50.9795_-16.155_1.04787
51.2247_-15.7193_1.06854
51.4699_-15.2835_1.04787
51.7152_-14.8478_1.06854
51.7152_-14.8478_0.675841
52.1559_-14.6186_0.283142
52.6509_-14.5756_-0.109557
53.1246_-14.7252_-0.502256
53.505_-15.0447_-0.894955
53.505_-15.0447_-0.502256
53.505_-15.0447_-0.109557
53.9999_-15.0016_0.283142
54.4407_-14.7724_0.675841
54.7602_-14.392_1.06854
54.7602_-14.392_1.46124
54.7602_-14.392_1.85394
54.7481_-14.3688_2.24664
54.519_-13.928_1.85394
54.4656_-13.4335_1.50258
54.4945_-12.9343_1.52324
54.5131_-12.4347_1.54391
54.5317_-11.935_1.52324
54.5503_-11.4354_1.54391
54.5586_-10.9355_1.56458
54.5669_-10.4356_1.54391
54.5752_-9.93563_1.56458
54.5834_-9.43571_1.54391
54.4997_-8.94603_1.93661
54.2349_-8.52569_2.32931
53.8872_-8.16634_2.34998
53.5396_-7.80699_2.32931
53.1994_-7.44054_2.30864
52.9434_-7.01481_1.91594
52.8697_-6.52351_1.52324
52.8883_-6.02387_1.54391
52.9069_-5.52422_1.52324
52.9255_-5.02458_1.54391
53.0156_-4.53479_1.23389
53.176_-4.06123_1.25456
53.3266_-3.58445_1.27522
53.4772_-3.10767_1.25456
53.6277_-2.63089_1.27522
53.8074_-2.16476_1.13055
54.0158_-1.71027_1.15121
54.2148_-1.25156_1.17188
54.4137_-0.792862_1.15121
54.6127_-0.33416_1.17188
54.8912_0.0771852_0.779183
55.306_0.350616_0.386484
55.7939_0.444505_-0.00621545
56.2919_0.405303_-0.150894
56.7854_0.325039_-0.171562
57.282_0.337352_0.221137
57.7362_0.538783_0.613836
58.0786_0.898668_1.00653
58.2573_1.36222_1.39923
58.3273_1.85721_1.46124
58.4278_2.34628_1.27522
58.5685_2.82607_1.29589
58.7092_3.30585_1.27522
58.8499_3.78564_1.29589
58.9905_4.26543_1.27522
59.0398_4.75978_1.66792
58.9759_5.2556_1.72993
58.9018_5.75007_1.70926
58.8379_6.24596_1.68859
58.774_6.74185_1.70926
58.8027_7.23782_1.31656
59.0191_7.68503_0.923861
59.3901_8.0154_0.531162
59.8346_8.17005_0.138463
60.1478_8.1519_-0.254236
60.1478_8.1519_0.138463
60.6171_8.31514_0.531162
60.9881_8.64552_0.923861
61.2044_9.09272_1.31656
61.2435_9.58862_1.66792
61.2414_10.0879_1.48191
61.2806_10.5863_1.50258
61.3199_11.0848_1.48191
61.3591_11.5832_1.50258
61.3983_12.0817_1.48191
61.3451_12.5756_1.87461
61.2004_13.0542_1.85394
61.0657_13.5357_1.83327
60.931_14.0172_1.85394
60.7963_14.4987_1.83327
60.7532_14.9943_1.48191
60.7924_15.4927_1.50258
60.8213_15.9919_1.52324
60.8503_16.4911_1.50258
60.8792_16.9902_1.52324
60.9287_17.4875_1.4199
60.9987_17.9826_1.44057
61.0688_18.4776_1.4199
61.1388_18.9727_1.44057
61.1986_19.4691_1.46124
61.1556_19.964_1.85394
60.9913_20.4361_1.95728
60.8077_20.9011_1.93661
60.624_21.3661_1.95728
60.4403_21.8312_1.93661
60.3566_22.3208_1.54391
60.4665_22.8053_1.15121
60.7114_23.2404_0.965198
60.9918_23.6544_0.985866
61.2721_24.0684_0.965198
61.4698_24.5242_1.3579
61.478_25.0209_1.7506
61.2955_25.483_2.1433
61.029_25.906_2.12263
60.7625_26.329_2.1433
60.58_26.7911_1.7506
60.5882_27.2878_1.3579
60.7859_27.7436_0.965198
61.143_28.089_0.572499
61.5944_28.3005_0.30381
62.0303_28.5388_0.696509
62.3419_28.9257_1.08921
62.4817_29.4024_1.48191
62.4284_29.8963_1.87461
62.2642_30.3685_1.93661
61.9994_30.7888_2.32931
61.6173_31.1097_2.55666
61.2033_31.3901_2.53599
60.7893_31.6704_2.55666
60.3753_31.9508_2.53599
59.9613_32.2312_2.55666
59.5416_32.5029_2.57733
59.1219_32.7747_2.55666
58.7079_33.055_2.53599
58.294_33.3354_2.55666
57.8342_33.5236_2.94936
57.3425_33.614_2.97003
56.8507_33.7045_2.94936
56.359_33.7949_2.97003
55.8672_33.8854_2.94936
55.4075_34.0736_2.55666
55.0547_34.4234_2.16396
54.8627_34.8816_1.77126
54.8092_35.378_1.58525
