configuration 72.6459350586_2.13817882538_-0.994211695618_0.107438839792_19.5581073761_50.1696281433_0.955633460234_0.294558465643
length 97.1029
time 0.823034
roughness 0.000956983
72.6459_2.13818_-2.9263
72.1492_2.12877_-3.319
71.6867_2.31015_-3.7117
71.2868_2.60947_-3.85638
70.9126_2.94108_-3.87704
70.5384_3.27268_-3.85638
70.1068_3.51885_-3.46368
69.6206_3.63223_-3.27766
69.126_3.70517_-3.29833
68.6313_3.77811_-3.27766
68.1367_3.85105_-3.29833
67.6403_3.83137_-2.90563
67.161_3.68959_-2.80229
66.6879_3.52806_-2.82296
66.2147_3.36653_-2.80229
65.7415_3.205_-2.82296
65.3091_2.96032_-2.43026
64.927_2.63783_-2.45093
64.5384_2.32331_-2.4716
64.1497_2.00879_-2.45093
63.761_1.69428_-2.4716
63.3189_1.46767_-2.86429
62.8237_1.4275_-3.25699
62.3509_1.57988_-3.64969
61.9116_1.81861_-3.62902
61.4723_2.05733_-3.64969
60.9994_2.20971_-3.25699
60.5043_2.16954_-2.86429
60.022_2.03764_-2.88496
59.5371_1.91574_-2.90563
59.0522_1.79383_-2.88496
58.6055_1.57641_-2.49226
58.276_1.2046_-2.09956
58.1139_0.735005_-1.70687
58.1438_0.239114_-1.31417
58.3522_-0.212555_-0.962804
58.551_-0.667848_-1.3555
58.5604_-1.16455_-1.7482
58.379_-1.62705_-2.1409
58.0344_-1.98493_-2.5336
57.5908_-2.21231_-2.80229
57.1116_-2.35409_-2.90563
56.6267_-2.47599_-2.88496
56.1418_-2.5979_-2.90563
55.6569_-2.7198_-2.88496
55.172_-2.8417_-2.90563
54.6756_-2.86138_-3.29833
54.2094_-2.68959_-3.69103
53.7972_-2.40694_-3.79437
53.3969_-2.10737_-3.7737
52.9966_-1.80779_-3.79437
52.5507_-1.58883_-3.40167
52.0617_-1.48543_-3.29833
51.5687_-1.40228_-3.319
51.0757_-1.31914_-3.29833
50.5826_-1.23599_-3.319
50.0859_-1.2454_-2.9263
49.6306_-1.44417_-2.5336
49.2861_-1.80205_-2.1409
49.1047_-2.26455_-1.7482
48.971_-2.60533_-2.1409
48.6265_-2.96321_-2.5336
48.1712_-3.16199_-2.9263
47.6745_-3.1714_-3.319
47.1904_-3.04793_-3.46368
46.7145_-2.89457_-3.44301
46.278_-2.65737_-3.83571
45.9655_-2.27118_-4.22841
45.7374_-1.82623_-4.24908
45.5094_-1.38128_-4.22841
45.2813_-0.936335_-4.24908
45.0719_-0.482408_-4.31108
44.8718_-0.0241836_-4.29041
44.6717_0.434041_-4.31108
44.4717_0.892265_-4.29041
44.2716_1.35049_-4.31108
44.0259_1.7847_-4.08373
43.7361_2.19212_-4.1044
43.4547_2.60544_-4.12507
43.1734_3.01876_-4.1044
42.892_3.43208_-4.12507
42.646_3.86685_-4.26974
42.4272_4.31642_-4.24908
42.2083_4.76598_-4.26974
41.9895_5.21555_-4.24908
41.7707_5.66511_-4.26974
41.4744_6.06389_-3.87704
41.1071_6.40316_-3.89771
40.747_6.74994_-3.91838
40.3868_7.09673_-3.89771
40.0266_7.44352_-3.91838
39.6164_7.72484_-3.56702
39.1631_7.93589_-3.58769
38.7098_8.14694_-3.56702
38.2566_8.35798_-3.58769
37.8033_8.56903_-3.56702
37.3869_8.84213_-3.87704
37.0127_9.17373_-3.85638
36.6385_9.50534_-3.87704
36.2643_9.83694_-3.85638
35.89_10.1685_-3.87704
35.5938_10.5673_-4.26974
35.3937_11.0255_-4.33175
35.2032_11.4877_-4.31108
35.0127_11.95_-4.33175
34.8221_12.4123_-4.31108
34.6509_12.8818_-4.41442
34.4992_13.3582_-4.39375
34.3475_13.8346_-4.41442
34.1958_14.3111_-4.39375
34.044_14.7875_-4.41442
33.8084_15.2248_-4.02172
33.4232_15.5386_-3.62902
32.9745_15.759_-3.56702
32.517_15.9606_-3.54635
32.0594_16.1622_-3.56702
31.6556_16.4516_-3.95972
31.3933_16.8735_-4.35242
31.222_17.3432_-4.37309
31.0507_17.813_-4.35242
30.8795_18.2827_-4.37309
30.6259_18.7099_-3.98039
30.2281_19.0076_-3.58769
29.7468_19.1304_-3.19499
29.2478_19.1622_-3.21566
28.7488_19.194_-3.19499
28.2674_19.3168_-3.58769
27.8335_19.5644_-3.73237
27.4212_19.8472_-3.75303
27.0088_20.1299_-3.73237
26.5965_20.4127_-3.75303
26.2531_20.7718_-4.14573
26.0733_21.2349_-4.53843
26.033_21.7325_-4.72445
26.0338_22.2325_-4.70378
26.0347_22.7325_-4.72445
25.9739_23.2273_-4.45576
25.842_23.7096_-4.43509
25.7101_24.1918_-4.45576
25.5782_24.6741_-4.43509
25.4463_25.1564_-4.45576
25.2289_25.6031_-4.06306
24.8635_25.9406_-3.7117
24.4454_26.2148_-3.73237
24.033_26.4976_-3.75303
23.6207_26.7804_-3.73237
23.27_27.1322_-4.12507
23.0807_27.5916_-4.51776
23.061_28.0892_-4.82779
23.1134_28.5864_-4.80712
23.1555_29.0846_-4.78645
23.1874_29.5836_-4.76578
23.2192_30.0826_-4.78645
23.2511_30.5815_-4.76578
23.2829_31.0805_-4.78645
23.3148_31.5795_-4.76578
23.4375_32.0609_-5.15848
23.6851_32.4948_-5.30316
23.9679_32.9071_-5.32383
24.2742_33.2675_-5.50985
24.5551_33.6773_-5.11715
24.6983_34.1552_-4.88979
24.7916_34.6464_-4.91046
24.885_35.1376_-4.88979
24.9783_35.6288_-4.91046
24.9791_36.1256_-4.51776
24.8375_36.6044_-4.33175
24.6566_37.0705_-4.35242
24.4756_37.5366_-4.33175
24.2947_38.0027_-4.35242
24.1831_38.4885_-4.62111
24.1324_38.9859_-4.60044
24.0817_39.4834_-4.62111
24.031_39.9808_-4.60044
23.9803_40.4782_-4.62111
23.849_40.958_-4.26974
23.6395_41.412_-4.29041
23.4301_41.866_-4.26974
23.2206_42.32_-4.29041
23.0111_42.774_-4.26974
22.8016_43.228_-4.29041
22.5921_43.6819_-4.26974
22.3827_44.1359_-4.29041
22.1732_44.5899_-4.26974
21.9637_45.0439_-4.29041
21.7542_45.4979_-4.26974
21.5447_45.9519_-4.29041
21.3353_46.4059_-4.26974
21.1258_46.8599_-4.29041
20.9163_47.3139_-4.26974
20.7355_47.7796_-4.41442
20.5838_48.256_-4.39375
20.3886_48.657_-4.12507
20.1335_49.0868_-4.22841
19.8963_49.527_-4.20774
19.6591_49.9671_-4.22841
