configuration -3.08480739594_22.5642471313_-0.424155304833_0.905589464041_28.1138801575_4.40596151352_-0.254607913402_0.967044368389
length 44.8321
time 2.2858
roughness 0.00313003
-3.08481_22.5642_-0.876058
-2.69842_22.252_-0.483359
-2.22195_22.1113_-0.0906597
-1.72793_22.1638_0.302039
-1.29157_22.4012_0.694738
-0.970972_22.7816_1.0461
-0.643004_23.1547_0.653402
-0.197202_23.3739_0.260703
0.298563_23.4059_-0.131996
0.772635_23.2553_-0.483359
1.21772_23.0275_-0.46269
1.69481_22.8866_-0.111328
2.1911_22.826_-0.131996
2.6874_22.7653_-0.111328
3.18369_22.7046_-0.131996
3.67999_22.6439_-0.111328
4.15345_22.4935_-0.504027
4.58351_22.2386_-0.566032
5.00827_21.9748_-0.545364
5.43303_21.7111_-0.566032
5.85779_21.4473_-0.545364
6.32463_21.2774_-0.152665
6.82095_21.2991_0.240034
7.28899_21.4719_0.467386
7.73766_21.6926_0.446718
8.19079_21.9039_0.42605
8.67454_22.017_0.0333506
9.16475_21.9364_-0.359349
9.58679_21.6743_-0.752048
9.94838_21.329_-0.772716
10.3028_20.9763_-0.793384
10.6845_20.6545_-0.607369
11.0921_20.3649_-0.628037
11.4997_20.0753_-0.607369
11.9073_19.7858_-0.628037
12.3149_19.4962_-0.607369
12.7628_19.2785_-0.297343
13.2393_19.1271_-0.318012
13.7126_18.9659_-0.33868
14.1859_18.8046_-0.318012
14.6592_18.6434_-0.33868
15.1509_18.5729_0.0540189
15.6322_18.696_0.446718
16.0298_18.9939_0.839417
16.3357_19.3889_0.984096
16.6168_19.8023_0.963427
16.9745_20.1471_0.570728
17.4368_20.3288_0.178029
17.9336_20.3197_-0.21467
18.389_20.1212_-0.607369
18.7707_19.7994_-0.793384
19.0696_19.4005_-1.06207
19.3086_18.9613_-1.08274
19.5476_18.5222_-1.06207
19.7866_18.083_-1.08274
20.0257_17.6438_-1.06207
20.2737_17.2097_-1.0414
20.5306_16.7808_-1.02074
20.7876_16.3519_-1.0414
21.0445_15.9229_-1.02074
21.3015_15.494_-1.0414
21.6312_15.1224_-0.648706
22.05_14.8502_-0.504027
22.4903_14.6132_-0.483359
22.9306_14.3763_-0.504027
23.3709_14.1394_-0.483359
23.8061_13.8934_-0.545364
24.2309_13.6296_-0.566032
24.6556_13.3659_-0.545364
25.0804_13.1021_-0.566032
25.5052_12.8384_-0.545364
25.8715_12.5027_-0.938063
26.1629_12.0965_-0.958731
26.446_11.6843_-0.9794
26.729_11.2722_-0.958731
27.012_10.86_-0.9794
27.2865_10.4421_-1.00007
27.5609_10.0241_-0.9794
27.8354_9.6062_-1.00007
28.1098_9.18827_-0.9794
28.3843_8.77033_-1.00007
28.566_8.30795_-1.39277
28.5569_7.81124_-1.78547
28.4971_7.44786_-1.68212
28.5393_6.95286_-1.28943
28.7677_6.51169_-0.896726
28.8999_6.25627_-1.28943
28.8999_6.25627_-1.68212
28.8999_6.25627_-2.07482
28.8999_6.25627_-2.46752
28.8999_6.25627_-2.86022
28.5981_6.1_-2.46752
28.2779_5.72015_-2.07482
28.1274_5.24668_-1.68212
28.1696_4.75169_-1.28943
28.374_4.35695_-0.896726
