configuration -3.08480739594_22.5642471313_-0.424155304833_0.905589464041_28.1138801575_4.40596151352_-0.254607913402_0.967044368389
length 41.6841
time 0.292568
roughness 0.00150559
-3.08481_22.5642_-0.876058
-2.69842_22.252_-0.483359
-2.26319_22.006_-0.545364
-1.83307_21.7511_-0.524696
-1.40295_21.4962_-0.545364
-0.972832_21.2412_-0.524696
-0.502579_21.081_-0.131996
-0.00471086_21.0925_0.178029
0.488266_21.176_0.157361
0.981244_21.2594_0.178029
1.47422_21.3429_0.157361
1.97064_21.3235_-0.235338
2.45293_21.1919_-0.297343
2.93247_21.0504_-0.276675
3.41201_20.9088_-0.297343
3.89155_20.7673_-0.276675
4.38674_20.7274_0.116024
4.87256_20.841_0.343376
5.34508_21.0045_0.322708
5.82087_21.1581_0.302039
6.29667_21.3118_0.322708
6.76918_21.4753_0.343376
7.2417_21.6387_0.322708
7.71422_21.8022_0.343376
8.18674_21.9656_0.322708
8.65925_22.1291_0.343376
9.15069_22.2019_-0.0493229
9.63558_22.0909_-0.400685
10.1017_21.9102_-0.33868
10.5716_21.7393_-0.359349
11.0378_21.5586_-0.380017
11.4604_21.2962_-0.731379
11.8359_20.9661_-0.710711
12.2182_20.6439_-0.690042
12.6005_20.3216_-0.710711
12.9828_19.9994_-0.690042
13.378_19.6932_-0.628037
13.7856_19.4037_-0.607369
14.1932_19.1141_-0.628037
14.6008_18.8245_-0.607369
15.0084_18.5349_-0.628037
15.4558_18.3175_-0.276675
15.9354_18.176_-0.297343
16.4149_18.0344_-0.276675
16.8944_17.8929_-0.297343
17.374_17.7514_-0.276675
17.8354_17.5615_-0.504027
18.2707_17.3155_-0.524696
18.706_17.0695_-0.504027
19.1413_16.8236_-0.524696
19.5766_16.5776_-0.504027
19.9564_16.2574_-0.896726
20.2562_15.8573_-0.958731
20.5392_15.4451_-0.9794
20.8222_15.033_-0.958731
21.1053_14.6208_-0.9794
21.4286_14.2408_-0.752048
21.7902_13.8955_-0.772716
22.1518_13.5502_-0.752048
22.5134_13.2049_-0.772716
22.875_12.8596_-0.752048
23.297_12.5975_-0.359349
23.7847_12.4964_-0.0493229
24.2843_12.477_-0.0286546
24.7839_12.4575_-0.0493229
25.2835_12.438_-0.0286546
25.7678_12.3271_-0.421354
26.1728_12.0394_-0.814053
26.4719_11.6401_-1.0414
26.7289_11.2112_-1.02074
26.9946_10.7877_-1.00007
27.286_10.3817_-0.896726
27.594_9.98781_-0.917395
27.9021_9.59397_-0.896726
28.0944_9.22245_-1.28943
28.1572_8.72842_-1.59945
28.148_8.22852_-1.57878
28.1388_7.72861_-1.59945
28.1297_7.2287_-1.57878
28.1308_6.72871_-1.55811
28.132_6.22872_-1.57878
28.1229_5.72882_-1.59945
28.1137_5.22891_-1.57878
28.1149_4.72892_-1.55811
28.18_4.42198_-1.16542
