configuration -17.6504554749_-22.9172973633_0.256229049699_0.256229049699_76.2194671631_43.7661514282_0.386216847154_0.922408015454
length 125.776
time 1.15016
roughness 0.000372781
-17.6505_-22.9173_0.150019
-17.1832_-22.7486_0.542718
-16.7633_-22.4773_0.604723
-16.3549_-22.1888_0.625391
-15.9466_-21.9003_0.604723
-15.5382_-21.6118_0.625391
-15.0864_-21.4051_0.232692
-14.5988_-21.2949_0.212024
-14.1089_-21.1947_0.191355
-13.619_-21.0946_0.212024
-13.1292_-20.9944_0.191355
-12.6693_-20.8066_0.584054
-12.255_-20.5266_0.604723
-11.8408_-20.2466_0.584054
-11.4265_-19.9666_0.604723
-11.0123_-19.6866_0.584054
-10.5869_-19.424_0.522049
-10.151_-19.1792_0.501381
-9.71503_-18.9343_0.522049
-9.27908_-18.6895_0.501381
-8.84313_-18.4447_0.522049
-8.41234_-18.1909_0.542718
-7.98155_-17.9371_0.522049
-7.55076_-17.6833_0.542718
-7.11997_-17.4295_0.522049
-6.68917_-17.1757_0.542718
-6.25838_-16.9219_0.522049
-5.82244_-16.6771_0.501381
-5.38649_-16.4323_0.522049
-4.95055_-16.1874_0.501381
-4.5146_-15.9426_0.522049
-4.08381_-15.6888_0.542718
-3.65302_-15.435_0.522049
-3.22222_-15.1812_0.542718
-2.79143_-14.9274_0.522049
-2.36064_-14.6737_0.542718
-1.94076_-14.4023_0.604723
-1.52653_-14.1223_0.584054
-1.11229_-13.8423_0.604723
-0.698049_-13.5623_0.584054
-0.283811_-13.2823_0.604723
0.17213_-13.085_0.212024
0.668863_-13.0773_-0.180675
1.16162_-13.162_-0.160007
1.65437_-13.2468_-0.180675
2.14713_-13.3315_-0.160007
2.64359_-13.3135_0.232692
3.10463_-13.1252_0.542718
3.53542_-12.8714_0.522049
3.97137_-12.6266_0.501381
4.40731_-12.3818_0.522049
4.83271_-12.1192_0.584054
5.24695_-11.8392_0.604723
5.66118_-11.5592_0.584054
6.07542_-11.2792_0.604723
6.48966_-10.9992_0.584054
6.91505_-10.7366_0.522049
7.34585_-10.4828_0.542718
7.7713_-10.2201_0.563386
8.19676_-9.9575_0.542718
8.62221_-9.69486_0.563386
9.05294_-9.44111_0.501381
9.48889_-9.19627_0.522049
9.91968_-8.94248_0.542718
10.3505_-8.6887_0.522049
10.7813_-8.43491_0.542718
11.1953_-8.15503_0.64606
11.5976_-7.85815_0.625391
12.006_-7.56966_0.604723
12.4144_-7.28116_0.625391
12.8227_-6.99266_0.604723
13.237_-6.71267_0.584054
13.6512_-6.43267_0.604723
14.0654_-6.15267_0.584054
14.4797_-5.87268_0.604723
14.8939_-5.59268_0.584054
15.2961_-5.29593_0.687396
15.6858_-4.98268_0.666728
16.0755_-4.66944_0.687396
16.4652_-4.35619_0.666728
16.8549_-4.04294_0.687396
17.2839_-3.79016_0.377371
17.7468_-3.60113_0.398039
18.2057_-3.40258_0.418707
18.6646_-3.20402_0.398039
19.1235_-3.00547_0.418707
19.5476_-2.74362_0.687396
19.9373_-2.43037_0.666728
20.327_-2.11712_0.687396
20.7167_-1.80387_0.666728
21.1064_-1.49063_0.687396
21.5445_-1.25636_0.294697
22.0318_-1.1462_0.150019
22.5254_-1.06636_0.170687
23.019_-0.986532_0.150019
23.5125_-0.9067_0.170687
23.988_-0.75699_0.439376
24.4383_-0.539641_0.460044
24.8886_-0.322293_0.439376
25.3389_-0.104945_0.460044
25.7891_0.112404_0.439376
26.1889_0.40738_0.832075
26.5217_0.780498_0.852743
26.8545_1.15362_0.832075
27.1874_1.52673_0.852743
27.5124_1.90665_0.873412
27.8527_2.27265_0.77007
28.208_2.62443_0.790738
28.5633_2.97621_0.77007
28.9186_3.32798_0.790738
29.274_3.67976_0.77007
29.6434_4.01651_0.708065
30.0266_4.33774_0.687396
30.4097_4.65898_0.708065
30.7929_4.98021_0.687396
31.176_5.30144_0.708065
31.5657_5.61465_0.64606
31.968_5.91152_0.625391
32.3703_6.2084_0.64606
32.7726_6.50527_0.625391
33.1749_6.80215_0.64606
33.6183_7.0276_0.294697
34.0952_7.17776_0.315366
34.5689_7.33774_0.336034
35.0426_7.49772_0.315366
35.5164_7.6577_0.336034
35.9657_7.87459_0.563386
36.3911_8.13723_0.542718
36.8219_8.39102_0.522049
37.2527_8.64481_0.542718
37.6835_8.8986_0.522049
38.0717_9.2106_0.832075
38.4121_9.57676_0.811406
38.7601_9.9358_0.790738
39.108_10.2948_0.811406
39.456_10.6539_0.790738
39.8321_10.9827_0.64606
40.2344_11.2796_0.625391
40.6367_11.5764_0.64606
41.0391_11.8733_0.625391
41.4414_12.1702_0.64606
41.8243_12.4913_0.749401
42.1939_12.8281_0.728733
42.5634_13.1649_0.749401
42.933_13.5017_0.728733
43.3025_13.8385_0.749401
43.7252_14.0994_0.356702
44.2146_14.189_0.00533995
44.7145_14.1968_0.0260083
45.2141_14.215_0.0466767
45.7138_14.2332_0.0260083
46.1984_14.3427_0.418707
46.6041_14.6294_0.811406
46.9521_14.9884_0.790738
47.3074_15.3402_0.77007
47.6627_15.692_0.790738
47.8577_15.8237_0.398039
48.3444_15.9233_0.00533995
48.8321_15.8289_-0.387359
49.2467_15.5552_-0.780058
49.5249_15.1436_-1.17276
49.8031_14.732_-0.780058
50.2176_14.4582_-0.387359
50.698_14.3233_-0.160007
51.1907_14.2386_-0.180675
51.6835_14.1538_-0.160007
52.18_14.1719_0.232692
52.653_14.3316_0.418707
53.1077_14.5396_0.439376
53.5623_14.7476_0.418707
54.017_14.9556_0.439376
54.4992_15.0752_0.0466767
54.9904_15.0011_-0.346022
55.4159_14.7446_-0.738721
55.7109_14.3449_-1.13142
55.8972_14.0924_-0.738721
56.3179_13.8269_-0.387359
56.7827_13.6429_-0.366691
57.2476_13.4588_-0.387359
57.7125_13.2747_-0.366691
58.1811_13.1003_-0.346022
58.6723_13.0262_0.0466767
59.0022_13.108_0.439376
59.4085_13.395_0.790738
59.7565_13.7541_0.811406
60.0969_14.1202_0.832075
60.4374_14.4864_0.811406
60.7854_14.8454_0.790738
61.0592_15.26_1.18344
61.2432_15.7248_1.20411
61.4177_16.1934_1.22477
61.5921_16.662_1.20411
61.7665_17.1306_1.22477
61.9695_17.5871_1.0801
62.2096_18.0256_1.05943
62.4498_18.4641_1.0801
62.69_18.9027_1.05943
62.9301_19.3412_1.0801
63.1426_19.7936_1.18344
63.3362_20.2545_1.16277
63.5298_20.7155_1.18344
63.7235_21.1765_1.16277
63.9171_21.6375_1.18344
64.1296_22.0898_1.0801
64.3606_22.5332_1.10076
64.5917_22.9766_1.0801
64.8227_23.4201_1.10076
65.0538_23.8635_1.0801
65.3029_24.2969_1.01809
65.561_24.7251_1.03876
65.8191_25.1533_1.01809
66.0771_25.5816_1.03876
66.3352_26.0098_1.01809
66.5843_26.4432_1.0801
66.8245_26.8818_1.05943
67.0647_27.3203_1.0801
67.3048_27.7588_1.05943
67.545_28.1974_1.0801
67.8367_28.6016_0.811406
68.1772_28.9678_0.832075
68.51_29.3409_0.852743
68.8428_29.714_0.832075
69.1756_30.0871_0.852743
69.4504_30.5031_1.12143
69.6722_30.9512_1.10076
69.9033_31.3946_1.0801
70.1343_31.838_1.10076
70.3654_32.2814_1.0801
70.5964_32.7248_1.10076
70.8274_33.1682_1.0801
71.0585_33.6116_1.10076
71.2895_34.055_1.0801
71.5206_34.4984_1.10076
71.7785_34.9263_0.956085
72.0626_35.3377_0.976753
72.3467_35.7491_0.956085
72.6308_36.1605_0.976753
72.9149_36.572_0.956085
73.247_36.9443_0.728733
73.6166_37.2811_0.749401
73.9791_37.6254_0.77007
74.3416_37.9698_0.749401
74.7041_38.3142_0.77007
74.9864_38.723_1.16277
75.18_39.1839_1.18344
75.3641_39.6488_1.20411
75.5482_40.1137_1.18344
75.7323_40.5785_1.20411
75.8572_41.0616_1.43146
75.9215_41.5574_1.45213
75.9858_42.0533_1.43146
76.0501_42.5491_1.45213
76.1144_43.0449_1.43146
76.189_43.5393_1.41079
