configuration -4.52205276489_51.1520843506_-0.288179288681_0.957576470876_89.803527832_11.5547637939_-0.656431103106_0.754385980036
length 121.869
time 0.763177
roughness 0.000434572
-4.52205_51.1521_-0.58465
-4.06224_50.964_-0.191951
-3.56485_50.925_0.0354013
-3.06501_50.9375_0.014733
-2.56518_50.95_0.0354013
-2.06535_50.9626_0.014733
-1.56536_50.9648_-0.0059354
-1.06537_50.967_0.014733
-0.565387_50.9692_-0.0059354
-0.0654004_50.9714_0.014733
0.434586_50.9736_-0.0059354
0.934165_50.9551_-0.0679405
1.43262_50.916_-0.0886089
1.93109_50.8769_-0.0679405
2.42955_50.8378_-0.0886089
2.92801_50.7987_-0.0679405
3.42758_50.7803_-0.0059354
3.92751_50.7721_-0.0266038
4.42743_50.764_-0.0059354
4.92736_50.7559_-0.0266038
5.42728_50.7477_-0.0059354
5.92705_50.7603_0.0560697
6.42652_50.7831_0.0354013
6.92598_50.806_0.0560697
7.42545_50.8288_0.0354013
7.92492_50.8517_0.0560697
8.42295_50.8952_0.118075
8.91882_50.9592_0.138743
9.4147_51.0232_0.118075
9.91057_51.0872_0.138743
10.4064_51.1513_0.118075
10.9051_51.1844_0.014733
11.4051_51.1866_-0.0059354
11.9051_51.1888_0.014733
12.4051_51.191_-0.0059354
12.9051_51.1932_0.014733
13.4027_51.2367_0.159412
13.8972_51.3109_0.138743
14.3916_51.3852_0.159412
14.8861_51.4595_0.138743
15.3805_51.5337_0.159412
15.875_51.608_0.138743
16.3708_51.672_0.118075
16.8667_51.736_0.138743
17.3626_51.8001_0.118075
17.8585_51.8641_0.138743
18.3569_51.8972_-0.0059354
18.8569_51.8994_0.014733
19.3567_51.912_0.0354013
19.8566_51.9245_0.014733
20.3564_51.937_0.0354013
20.8468_51.8574_-0.357298
21.2963_51.6401_-0.543313
21.7269_51.3861_-0.522645
22.1576_51.132_-0.543313
22.5882_50.878_-0.522645
23.0588_50.7187_-0.129946
23.5573_50.7209_0.138743
24.0532_50.785_0.118075
24.5503_50.8387_0.0974065
25.0474_50.8925_0.118075
25.5426_50.8536_-0.274624
26.016_50.6934_-0.377966
26.4788_50.5041_-0.398634
26.9416_50.3148_-0.377966
27.4043_50.1255_-0.398634
27.8631_49.9267_-0.419303
28.3219_49.7279_-0.398634
28.7806_49.529_-0.419303
29.2394_49.3302_-0.398634
29.6981_49.1314_-0.419303
30.1826_49.0215_-0.0266038
30.6723_49.1055_0.366095
31.1199_49.3267_0.552111
31.5482_49.5845_0.531442
31.9819_49.8335_0.510774
32.4543_49.9871_0.118075
32.952_49.9687_-0.191951
33.4437_49.8784_-0.171282
33.9373_49.7983_-0.150614
34.4308_49.7182_-0.171282
34.9127_49.5877_-0.357298
35.3829_49.4177_-0.336629
35.8565_49.2574_-0.315961
36.3302_49.0972_-0.336629
36.8038_48.9369_-0.315961
37.2941_48.8469_-0.0472721
37.7932_48.8181_-0.0679405
38.2917_48.779_-0.0886089
38.7901_48.7399_-0.0679405
39.2886_48.7008_-0.0886089
39.7825_48.7542_0.30409
40.2289_48.9749_0.614116
40.6405_49.2588_0.593447
41.0521_49.5427_0.614116
41.4637_49.8265_0.593447
41.8693_50.1188_0.655453
42.2688_50.4195_0.634784
42.6683_50.7201_0.655453
43.0678_51.0207_0.634784
43.4673_51.3214_0.655453
43.9127_51.5415_0.262753
44.3968_51.6664_0.242085
44.881_51.7913_0.262753
45.3651_51.9161_0.242085
45.8493_52.041_0.262753
46.3379_52.1457_0.159412
46.8324_52.22_0.138743
47.3268_52.2942_0.159412
47.8213_52.3685_0.138743
48.3157_52.4428_0.159412
48.8122_52.4244_-0.233287
49.2686_52.2266_-0.58465
49.6884_51.955_-0.563981
50.1081_51.6834_-0.58465
50.5279_51.4117_-0.563981
50.9166_51.0989_-0.791334
51.2643_50.7397_-0.812002
51.6121_50.3804_-0.791334
51.9598_50.0212_-0.812002
52.3076_49.6619_-0.791334
52.719_49.3835_-0.398634
53.2057_49.2837_-0.0059354
53.6935_49.3777_0.386764
54.1312_49.6171_0.614116
54.5369_49.9094_0.634784
54.9867_50.1203_0.242085
55.483_50.143_-0.150614
55.9501_49.9741_-0.543313
56.364_49.694_-0.646655
56.7662_49.3968_-0.625987
56.7662_49.3968_-0.233287
57.2626_49.3785_0.159412
57.7283_49.5515_0.552111
58.0923_49.8896_0.94481
58.2993_50.3412_1.33751
58.5062_50.7929_0.94481
58.8702_51.131_0.552111
59.3359_51.304_0.159412
59.8287_51.3885_0.18008
60.3197_51.4831_0.200748
60.8165_51.4853_-0.191951
61.2763_51.2972_-0.58465
61.6441_50.9615_-0.894675
61.961_50.5748_-0.874007
62.2858_50.1947_-0.853339
62.6334_49.8356_-0.749997
62.9957_49.491_-0.770665
63.358_49.1464_-0.749997
63.7203_48.8018_-0.770665
64.0826_48.4573_-0.749997
64.4068_48.078_-0.977349
64.6906_47.6664_-0.956681
64.9745_47.2548_-0.977349
65.2584_46.8432_-0.956681
65.5423_46.4316_-0.977349
65.8951_46.0819_-0.58465
66.3352_45.8462_-0.398634
66.794_45.6473_-0.419303
67.2527_45.4485_-0.398634
67.7115_45.2497_-0.419303
68.1296_44.9791_-0.729328
68.5058_44.6498_-0.70866
68.8888_44.3284_-0.687992
69.2717_44.0069_-0.70866
69.648_43.6776_-0.729328
69.9799_43.3051_-0.956681
70.2722_42.8994_-0.936012
70.5728_42.4999_-0.915344
70.8735_42.1004_-0.936012
71.1741_41.7009_-0.915344
71.5479_41.3737_-0.522645
71.9786_41.1197_-0.543313
72.4092_40.8656_-0.522645
72.8399_40.6116_-0.543313
73.2705_40.3575_-0.522645
73.6443_40.0303_-0.915344
73.9281_39.6189_-1.01869
74.1947_39.196_-0.998017
74.4613_38.773_-1.01869
74.7279_38.35_-0.998017
74.9857_37.9217_-1.06002
75.2346_37.4881_-1.03935
75.4836_37.0544_-1.06002
75.7325_36.6208_-1.03935
75.9814_36.1872_-1.06002
76.2479_35.7644_-0.956681
76.5318_35.3528_-0.977349
76.8157_34.9412_-0.956681
77.0995_34.5296_-0.977349
77.3834_34.118_-0.956681
77.6499_33.6952_-1.06002
77.8898_33.2566_-1.08069
78.1297_32.8179_-1.06002
78.3696_32.3792_-1.08069
78.6095_31.9405_-1.06002
78.8673_31.5122_-0.998017
79.1426_31.0948_-0.977349
79.4179_30.6775_-0.998017
79.6932_30.2601_-0.977349
79.9685_29.8427_-0.998017
80.3141_29.4858_-0.605318
80.7699_29.2882_-0.212619
81.2575_29.1777_-0.233287
81.7427_29.0571_-0.253956
82.228_28.9364_-0.233287
82.7076_28.796_-0.336629
83.1812_28.6357_-0.315961
83.6548_28.4754_-0.336629
84.1284_28.3152_-0.315961
84.602_28.1549_-0.336629
85.0299_27.9025_-0.729328
85.3286_27.5055_-1.12203
85.5502_27.0573_-1.10136
85.781_26.6138_-1.08069
86.0118_26.1702_-1.10136
86.1757_25.6994_-1.37005
86.2703_25.2085_-1.39072
86.365_24.7175_-1.37005
86.4596_24.2266_-1.39072
86.5542_23.7356_-1.37005
86.669_23.2491_-1.30804
86.7939_22.7649_-1.32871
86.9188_22.2808_-1.30804
87.0437_21.7966_-1.32871
87.1685_21.3125_-1.30804
87.3034_20.831_-1.28737
87.4382_20.3496_-1.30804
87.5631_19.8654_-1.32871
87.688_19.3813_-1.30804
87.8228_18.8998_-1.28737
87.9577_18.4183_-1.30804
88.0825_17.9342_-1.32871
88.2074_17.45_-1.30804
88.3423_16.9686_-1.28737
88.4771_16.4871_-1.30804
88.602_16.003_-1.32871
88.7269_15.5188_-1.30804
88.8617_15.0374_-1.28737
88.9966_14.5559_-1.30804
89.1214_14.0718_-1.32871
89.2463_13.5876_-1.30804
89.3811_13.1061_-1.28737
89.516_12.6247_-1.30804
89.6409_12.1405_-1.32871
89.7657_11.6564_-1.30804
