configuration -1.36608982086_8.91640663147_-0.333444235273_0.942769824487_9.04581165314_-18.3528499603_-0.788205594687_0.615412008742
length 33.6901
time 3.04442
roughness 0.000353405
-1.36609_8.91641_-0.679909
-0.994195_8.58253_-0.783251
-0.636263_8.23343_-0.762583
-0.278331_7.88432_-0.783251
0.0796012_7.53521_-0.762583
0.437533_7.1861_-0.783251
0.795466_6.837_-0.762583
1.1534_6.48789_-0.783251
1.51133_6.13878_-0.762583
1.86926_5.78968_-0.783251
2.22719_5.44057_-0.762583
2.58513_5.09146_-0.783251
2.94306_4.74236_-0.762583
3.30099_4.39325_-0.783251
3.65892_4.04414_-0.762583
4.01686_3.69504_-0.783251
4.37479_3.34593_-0.762583
4.73272_2.99682_-0.783251
5.08336_2.64039_-0.803919
5.434_2.28396_-0.783251
5.79193_1.93486_-0.762583
6.14987_1.58575_-0.783251
6.50051_1.22932_-0.803919
6.85115_0.872889_-0.783251
7.20908_0.523782_-0.762583
7.56701_0.174675_-0.783251
7.91765_-0.181755_-0.803919
8.26829_-0.538184_-0.783251
8.62623_-0.887291_-0.762583
8.98416_-1.2364_-0.783251
9.3348_-1.59283_-0.803919
9.68544_-1.94926_-0.783251
10.0434_-2.29836_-0.762583
10.4013_-2.64747_-0.783251
10.7519_-3.0039_-0.803919
11.0552_-3.40012_-1.03127
11.3076_-3.83172_-1.05194
11.56_-4.26332_-1.03127
11.8124_-4.69492_-1.05194
12.0648_-5.12652_-1.03127
12.3261_-5.55281_-1.0106
12.5874_-5.9791_-1.03127
12.8398_-6.4107_-1.05194
12.9972_-6.88188_-1.44464
12.9624_-7.37745_-1.83734
12.8158_-7.85541_-1.89934
12.6496_-8.32696_-1.92001
12.4834_-8.79852_-1.89934
12.3172_-9.27007_-1.92001
12.151_-9.74163_-1.89934
11.9848_-10.2132_-1.92001
11.8186_-10.6847_-1.89934
11.6523_-11.1563_-1.92001
11.4861_-11.6278_-1.89934
11.3199_-12.0994_-1.92001
11.1537_-12.571_-1.89934
10.9875_-13.0425_-1.92001
10.8116_-13.5105_-1.94068
10.6356_-13.9786_-1.92001
10.4694_-14.4501_-1.89934
10.3032_-14.9217_-1.92001
10.1273_-15.3897_-1.94068
9.95137_-15.8577_-1.92001
9.78516_-16.3293_-1.89934
9.61894_-16.8008_-1.92001
9.44302_-17.2688_-1.94068
9.2671_-17.7369_-1.92001
9.10088_-18.2084_-1.89934
