configuration -26.5221767426_12.7890510559_0.0_1.0_-6.20937108994_31.1862716675_0.294171904018_0.955752525964
length 35.4393
time 2.84681
roughness 0.000959839
-26.5222_12.7891_-0
-26.0251_12.8354_0.186015
-25.5328_12.9228_0.165347
-25.0405_13.0102_0.186015
-24.5482_13.0976_0.165347
-24.0559_13.185_0.186015
-23.5636_13.2724_0.165347
-23.0713_13.3597_0.186015
-22.579_13.4471_0.165347
-22.0867_13.5345_0.186015
-21.5944_13.6219_0.165347
-21.1004_13.6991_0.144679
-20.6064_13.7763_0.165347
-20.1141_13.8637_0.186015
-19.6218_13.9511_0.165347
-19.1278_14.0283_0.144679
-18.6338_14.1055_0.165347
-18.1415_14.1929_0.186015
-17.6492_14.2802_0.165347
-17.1552_14.3574_0.144679
-16.6612_14.4346_0.165347
-16.1689_14.522_0.186015
-15.6767_14.6094_0.165347
-15.1827_14.6866_0.144679
-14.6887_14.7638_0.165347
-14.1964_14.8512_0.186015
-13.7041_14.9386_0.165347
-13.2101_15.0158_0.144679
-12.7419_15.1819_0.537378
-12.3729_15.5146_0.930077
-12.1594_15.9631_1.32278
-12.1337_16.4593_1.71547
-12.2312_16.9494_1.81882
-12.3489_17.4354_1.79815
-12.4667_17.9213_1.81882
-12.5844_18.4073_1.79815
-12.7021_18.8932_1.81882
-12.8198_19.3791_1.79815
-12.9376_19.8651_1.81882
-13.0553_20.351_1.79815
-13.173_20.8369_1.81882
-13.2907_21.3229_1.79815
-13.4085_21.8088_1.81882
-13.5262_22.2947_1.79815
-13.6439_22.7807_1.81882
-13.7616_23.2666_1.79815
-13.8794_23.7525_1.81882
-13.9971_24.2385_1.79815
-14.1148_24.7244_1.81882
-14.2325_25.2103_1.79815
-14.2479_25.7069_1.40545
-14.0816_26.1757_1.05409
-13.8212_26.6025_0.992082
-13.5521_27.0238_1.01275
-13.3735_27.3459_1.11609
-13.0724_27.7411_0.723393
-12.6579_28.018_0.454704
-12.2111_28.2422_0.475373
-11.7642_28.4665_0.454704
-11.3173_28.6907_0.475373
-10.8704_28.9149_0.454704
-10.4189_29.1298_0.434036
-9.96751_29.3448_0.454704
-9.52061_29.569_0.475373
-9.07372_29.7932_0.454704
-8.62228_30.0082_0.434036
-8.17085_30.2231_0.454704
-7.72396_30.4473_0.475373
-7.27706_30.6716_0.454704
-6.82563_30.8865_0.434036
-6.3742_31.1014_0.454704
