configuration -26.5221767426_12.7890510559_0.0_1.0_-6.20937108994_31.1862716675_0.294171904018_0.955752525964
length 35.2809
time 1.88481
roughness 0.00087788
-26.5222_12.7891_-0
-26.0251_12.8354_0.186015
-25.5328_12.9228_0.165347
-25.0405_13.0102_0.186015
-24.5482_13.0976_0.165347
-24.0559_13.185_0.186015
-23.5636_13.2724_0.165347
-23.0713_13.3597_0.186015
-22.579_13.4471_0.165347
-22.0867_13.5345_0.186015
-21.5944_13.6219_0.165347
-21.1021_13.7093_0.186015
-20.6098_13.7967_0.165347
-20.1175_13.8841_0.186015
-19.6252_13.9715_0.165347
-19.1329_14.0589_0.186015
-18.6406_14.1462_0.165347
-18.1483_14.2336_0.186015
-17.6579_14.3312_0.206684
-17.1676_14.4287_0.186015
-16.6753_14.5161_0.165347
-16.183_14.6035_0.186015
-15.6926_14.701_0.206684
-15.2022_14.7986_0.186015
-14.7099_14.886_0.165347
-14.2176_14.9734_0.186015
-13.7272_15.0709_0.206684
-13.2368_15.1684_0.186015
-12.7759_15.3538_0.578714
-12.421_15.7014_0.971414
-12.2262_16.1584_1.36411
-12.2211_16.6552_1.75681
-12.3287_17.1434_1.81882
-12.4464_17.6293_1.79815
-12.5541_18.1176_1.77748
-12.6617_18.6058_1.79815
-12.7795_19.0918_1.81882
-12.8972_19.5777_1.79815
-13.0048_20.066_1.77748
-13.1125_20.5542_1.79815
-13.2302_21.0402_1.81882
-13.348_21.5261_1.79815
-13.4556_22.0144_1.77748
-13.5633_22.5026_1.79815
-13.681_22.9886_1.81882
-13.7987_23.4745_1.79815
-13.9064_23.9628_1.77748
-14.014_24.451_1.79815
-14.1318_24.937_1.81882
-14.199_25.1914_1.83949
-14.2658_25.6854_1.5708
-14.2399_26.1845_1.46745
-14.0933_26.6592_1.07476
-13.7837_27.0485_0.723393
-13.4055_27.3756_0.702725
-13.0207_27.6948_0.682056
-12.6002_27.9633_0.454704
-12.1533_28.1875_0.475373
-11.7064_28.4118_0.454704
-11.2595_28.636_0.475373
-10.8126_28.8602_0.454704
-10.3657_29.0844_0.475373
-9.91883_29.3087_0.454704
-9.47194_29.5329_0.475373
-9.02505_29.7571_0.454704
-8.57815_29.9813_0.475373
-8.13126_30.2056_0.454704
-7.68436_30.4298_0.475373
-7.23747_30.654_0.454704
-6.79058_30.8782_0.475373
-6.34841_31.1117_0.496041
