configuration 0.916432738304_-13.7452163696_0.573727795176_0.819046040857_7.25410509109_23.1360397339_0.890376127727_0.455225604699
length 39.5026
time 6.76316
roughness 0.000466203
0.916433_-13.7452_1.2221
1.10172_-13.2809_1.16009
1.2966_-12.8205_1.18076
1.49147_-12.36_1.16009
1.68635_-11.8996_1.18076
1.88122_-11.4391_1.16009
2.0761_-10.9786_1.18076
2.27097_-10.5182_1.16009
2.46585_-10.0577_1.18076
2.66072_-9.5973_1.16009
2.8556_-9.13685_1.18076
3.05047_-8.67639_1.16009
3.24535_-8.21594_1.18076
3.44022_-7.75549_1.16009
3.6351_-7.29504_1.18076
3.82997_-6.83459_1.16009
4.02485_-6.37414_1.18076
4.21972_-5.91369_1.16009
4.37848_-5.61099_1.01542
4.62878_-5.17824_1.07742
4.87011_-4.74035_1.05675
5.11145_-4.30246_1.07742
5.35278_-3.86457_1.05675
5.59412_-3.42668_1.07742
5.81712_-2.97925_1.13943
5.9328_-2.49611_1.53213
5.95729_-1.99672_1.51146
5.98178_-1.49733_1.53213
6.00628_-0.997941_1.51146
6.03077_-0.49855_1.53213
6.05526_0.000840857_1.51146
6.07975_0.500232_1.53213
6.10425_0.999623_1.51146
6.12874_1.49901_1.53213
6.15323_1.9984_1.51146
6.17772_2.4978_1.53213
6.20221_2.99719_1.51146
6.22671_3.49658_1.53213
6.2512_3.99597_1.51146
6.27569_4.49536_1.53213
6.30018_4.99475_1.51146
6.32468_5.49414_1.53213
6.34917_5.99353_1.51146
6.37366_6.49292_1.53213
6.39815_6.99231_1.51146
6.42264_7.4917_1.53213
6.43681_7.99149_1.55279
6.45098_8.49128_1.53213
6.47547_8.99068_1.51146
6.49996_9.49007_1.53213
6.51413_9.98986_1.55279
6.52829_10.4896_1.53213
6.55279_10.989_1.51146
6.56954_11.3307_1.53213
6.68523_11.8139_1.13943
6.9352_12.2461_0.953411
7.22042_12.6567_0.97408
7.50564_13.0674_0.953411
7.79086_13.478_0.97408
8.07608_13.8887_0.953411
8.3613_14.2994_0.97408
8.64652_14.71_0.953411
8.93174_15.1207_0.97408
9.20841_15.5371_0.994748
9.39254_15.9986_1.38745
9.38608_16.4953_1.78015
9.2571_16.9782_1.88349
9.09839_17.4523_1.90416
8.93967_17.9264_1.88349
8.78096_18.4005_1.90416
8.62224_18.8747_1.88349
8.47336_19.352_1.86282
8.32447_19.8293_1.88349
8.16576_20.3034_1.90416
8.00704_20.7776_1.88349
7.85816_21.2549_1.86282
7.70928_21.7322_1.88349
7.55056_22.2063_1.90416
7.39184_22.6804_1.88349
7.23225_23.1264_1.94549
