configuration -0.154660820961_0.194828033447_-0.382683650256_0.923879442258_17.3081588745_3.5618417263_0.0_1.0
length 27.0033
time 1.64438
roughness 0.00190633
-0.154661_0.194828_-0.785399
0.202521_-0.155047_-0.76473
0.566857_-0.497465_-0.744062
0.931193_-0.839883_-0.76473
1.29553_-1.1823_-0.744062
1.65987_-1.52472_-0.76473
2.0242_-1.86714_-0.744062
2.38854_-2.20956_-0.76473
2.75287_-2.55197_-0.744062
3.11721_-2.89439_-0.76473
3.48155_-3.23681_-0.744062
3.84588_-3.57923_-0.76473
4.21022_-3.92165_-0.744062
4.57455_-4.26407_-0.76473
4.57455_-4.26407_-0.372031
5.0637_-4.3509_0.0206679
5.54884_-4.24393_0.413367
5.95612_-3.95945_0.806066
6.22353_-3.54076_1.19877
6.37101_-3.06346_1.34344
6.48874_-2.57753_1.32278
6.60646_-2.0916_1.34344
6.72419_-1.60566_1.32278
6.84191_-1.11973_1.34344
6.95964_-0.633794_1.32278
7.07736_-0.14786_1.34344
7.19509_0.338074_1.32278
7.31281_0.824008_1.34344
7.43054_1.30994_1.32278
7.55828_1.79334_1.30211
7.68603_2.27674_1.32278
7.80375_2.76267_1.34344
7.92148_3.2486_1.32278
8.13504_3.69715_0.930076
8.43805_4.09487_0.909408
8.74106_4.49258_0.930076
9.04406_4.8903_0.909408
9.35523_5.28167_0.88874
9.58931_5.53073_0.744061
10.0134_5.78943_0.351362
10.5043_5.86613_-0.0413372
10.9927_5.76898_-0.351363
11.4639_5.60175_-0.330694
11.9351_5.43453_-0.351363
12.4063_5.2673_-0.330694
12.8775_5.10008_-0.351363
13.3487_4.93285_-0.330694
13.8199_4.76563_-0.351363
14.2911_4.5984_-0.330694
14.7623_4.43118_-0.351363
15.2335_4.26395_-0.330694
15.708_4.1065_-0.310026
16.1826_3.94905_-0.330694
16.6538_3.78182_-0.351363
17.125_3.6146_-0.330694
