configuration -26.5221767426_12.7890510559_0.0_1.0_-6.20937108994_31.1862716675_0.294171904018_0.955752525964
length 34.4861
time 2.21274
roughness 0.000860978
-26.5222_12.7891_-0
-26.0251_12.8354_0.186015
-25.5328_12.9228_0.165347
-25.0405_13.0102_0.186015
-24.5482_13.0976_0.165347
-24.0559_13.185_0.186015
-23.5636_13.2724_0.165347
-23.0713_13.3597_0.186015
-22.579_13.4471_0.165347
-22.0867_13.5345_0.186015
-21.5944_13.6219_0.165347
-21.1021_13.7093_0.186015
-20.6098_13.7967_0.165347
-20.1175_13.8841_0.186015
-19.6252_13.9715_0.165347
-19.1329_14.0589_0.186015
-18.6406_14.1462_0.165347
-18.1466_14.2234_0.144679
-17.6526_14.3006_0.165347
-17.1603_14.388_0.186015
-16.668_14.4754_0.165347
-16.1741_14.5526_0.144679
-15.6801_14.6298_0.165347
-15.1878_14.7172_0.186015
-14.6955_14.8046_0.165347
-14.3043_14.8574_0.103342
-13.8125_14.9447_0.24802
-13.3639_15.1583_0.64072
-13.0313_15.5273_1.03342
-12.8651_15.9955_1.42612
-12.8702_16.4934_1.73614
-12.9474_16.9874_1.71547
-13.0246_17.4814_1.73614
-13.1018_17.9754_1.71547
-13.179_18.4694_1.73614
-13.2562_18.9634_1.71547
-13.3334_19.4574_1.73614
-13.4208_19.9497_1.75681
-13.5082_20.442_1.73614
-13.5854_20.936_1.71547
-13.6626_21.43_1.73614
-13.75_21.9223_1.75681
-13.8374_22.4146_1.73614
-13.9146_22.9086_1.71547
-13.9917_23.4026_1.73614
-14.0791_23.8949_1.75681
-14.1665_24.3872_1.73614
-14.2437_24.8812_1.71547
-14.2324_25.2475_1.36411
-14.1814_25.4788_1.34344
-14.0145_25.949_1.11609
-13.7995_26.4004_1.13676
-13.5846_26.8518_1.11609
-13.3604_27.2987_1.09542
-13.0512_27.6876_0.702725
-12.6364_27.9648_0.475373
-12.1895_28.189_0.454704
-11.7426_28.4132_0.475373
-11.2957_28.6375_0.454704
-10.8488_28.8617_0.475373
-10.4019_29.0859_0.454704
-9.95501_29.3101_0.475373
-9.50811_29.5344_0.454704
-9.06122_29.7586_0.475373
-8.61432_29.9828_0.454704
-8.16743_30.207_0.475373
-7.72054_30.4313_0.454704
-7.27364_30.6555_0.475373
-6.82675_30.8797_0.454704
-6.37985_31.1039_0.475373
