configuration 0.916432738304_-13.7452163696_0.573727795176_0.819046040857_7.25410509109_23.1360397339_0.890376127727_0.455225604699
length 39.3411
time 4.59256
roughness 0.000465347
0.916433_-13.7452_1.2221
1.10172_-13.2809_1.16009
1.2966_-12.8205_1.18076
1.49147_-12.36_1.16009
1.68635_-11.8996_1.18076
1.88122_-11.4391_1.16009
2.0761_-10.9786_1.18076
2.27097_-10.5182_1.16009
2.47532_-10.0619_1.13943
2.67967_-9.60555_1.16009
2.87455_-9.1451_1.18076
3.06942_-8.68465_1.16009
3.27377_-8.22832_1.13943
3.47812_-7.772_1.16009
3.67299_-7.31155_1.18076
3.86787_-6.8511_1.16009
4.07222_-6.39477_1.13943
4.27657_-5.93845_1.16009
4.47144_-5.47799_1.18076
4.68509_-5.02618_1.07742
4.91732_-4.5834_1.09809
5.14955_-4.14061_1.07742
5.38179_-3.69783_1.09809
5.61402_-3.25504_1.07742
5.84625_-2.81226_1.09809
5.9818_-2.33431_1.49079
6.00629_-1.83499_1.55279
6.02046_-1.3352_1.53213
6.04495_-0.835812_1.51146
6.06944_-0.336421_1.53213
6.08361_0.163369_1.55279
6.09777_0.66316_1.53213
6.12227_1.16255_1.51146
6.14676_1.66194_1.53213
6.16092_2.16173_1.55279
6.17509_2.66152_1.53213
6.19958_3.16091_1.51146
6.22408_3.6603_1.53213
6.23824_4.16009_1.55279
6.25241_4.65988_1.53213
6.2769_5.15928_1.51146
6.30139_5.65867_1.53213
6.31556_6.15846_1.55279
6.32972_6.65825_1.53213
6.35422_7.15764_1.51146
6.37871_7.65703_1.53213
6.39287_8.15682_1.55279
6.40704_8.65661_1.53213
6.43153_9.156_1.51146
6.45603_9.65539_1.53213
6.47019_10.1552_1.55279
6.48436_10.655_1.53213
6.50885_11.1544_1.51146
6.53334_11.6538_1.53213
6.64903_12.1369_1.13943
6.899_12.5691_0.953411
7.19265_12.9738_0.932743
7.48629_13.3784_0.953411
7.77994_13.7831_0.932743
8.07358_14.1878_0.953411
8.36723_14.5925_0.932743
8.66087_14.9971_0.953411
8.95452_15.4018_0.932743
9.16689_15.8509_1.32544
9.19122_16.3471_1.71814
9.08236_16.8347_1.86282
8.94337_17.315_1.84215
8.80438_17.7953_1.86282
8.6654_18.2755_1.84215
8.52641_18.7558_1.86282
8.38742_19.2361_1.84215
8.24844_19.7164_1.86282
8.10945_20.1967_1.84215
7.97046_20.677_1.86282
7.83148_21.1573_1.84215
7.69249_21.6375_1.86282
7.5535_22.1178_1.84215
7.41452_22.5981_1.86282
7.27553_23.0784_1.84215
