configuration 0.916432738304_-13.7452163696_0.573727795176_0.819046040857_7.25410509109_23.1360397339_0.890376127727_0.455225604699
length 39.3558
time 2.46561
roughness 0.000484858
0.916433_-13.7452_1.2221
1.09211_-13.2771_1.20143
1.26779_-12.809_1.2221
1.44347_-12.3409_1.20143
1.61915_-11.8728_1.2221
1.79483_-11.4047_1.20143
1.97051_-10.9366_1.2221
2.14619_-10.4684_1.20143
2.32187_-10.0003_1.2221
2.49755_-9.53222_1.20143
2.67323_-9.06411_1.2221
2.84892_-8.596_1.20143
3.0246_-8.12789_1.2221
3.20028_-7.65978_1.20143
3.38559_-7.1954_1.18076
3.57091_-6.73102_1.20143
3.74659_-6.26291_1.2221
3.92227_-5.7948_1.20143
4.15401_-5.35296_0.97408
4.43068_-4.93649_0.994748
4.70735_-4.52002_0.97408
4.98402_-4.10356_0.994748
5.26069_-3.68709_0.97408
5.53736_-3.27062_0.994748
5.80537_-2.84853_1.01542
5.97992_-2.38341_1.40812
6.02499_-1.88589_1.55279
6.03916_-1.38609_1.53213
6.05333_-0.886304_1.55279
6.06749_-0.386514_1.53213
6.08166_0.113276_1.55279
6.09582_0.613067_1.53213
6.10999_1.11286_1.55279
6.12416_1.61265_1.53213
6.14865_2.11204_1.51146
6.17314_2.61143_1.53213
6.18731_3.11122_1.55279
6.20147_3.61101_1.53213
6.22596_4.1104_1.51146
6.25046_4.60979_1.53213
6.26462_5.10958_1.55279
6.27879_5.60937_1.53213
6.30328_6.10876_1.51146
6.32777_6.60815_1.53213
6.34194_7.10794_1.55279
6.35611_7.60773_1.53213
6.3806_8.10713_1.51146
6.40509_8.60652_1.53213
6.41926_9.10631_1.55279
6.43342_9.6061_1.53213
6.45791_10.1055_1.51146
6.48241_10.6049_1.53213
6.49657_11.1047_1.55279
6.60225_11.5901_1.16009
6.83428_12.0325_1.01542
7.11091_12.4489_0.953411
7.38754_12.8653_1.01542
7.65555_13.2874_0.994748
7.92355_13.7095_1.01542
8.18278_14.1371_1.03608
8.442_14.5646_1.01542
8.71001_14.9867_0.994748
8.97801_15.4088_1.01542
9.15257_15.8739_1.40812
9.13585_16.3704_1.80081
9.00683_16.8534_1.86282
8.86785_17.3337_1.84215
8.73881_17.8167_1.82148
8.60978_18.2998_1.84215
8.4708_18.7801_1.86282
8.33181_19.2604_1.84215
8.20278_19.7434_1.82148
8.07375_20.2265_1.84215
7.93476_20.7068_1.86282
7.79577_21.187_1.84215
7.66674_21.6701_1.82148
7.53771_22.1532_1.84215
7.39872_22.6334_1.86282
7.25974_23.1137_1.84215
