configuration -26.5221767426_12.7890510559_0.0_1.0_-6.20937108994_31.1862716675_0.294171904018_0.955752525964
length 34.3575
time 2.54121
roughness 0.000826542
-26.5222_12.7891_-0
-26.0251_12.8354_0.186015
-25.5328_12.9228_0.165347
-25.0405_13.0102_0.186015
-24.5482_13.0976_0.165347
-24.0559_13.185_0.186015
-23.5636_13.2724_0.165347
-23.0713_13.3597_0.186015
-22.579_13.4471_0.165347
-22.0867_13.5345_0.186015
-21.5944_13.6219_0.165347
-21.1021_13.7093_0.186015
-20.6098_13.7967_0.165347
-20.1175_13.8841_0.186015
-19.6252_13.9715_0.165347
-19.1329_14.0589_0.186015
-18.6406_14.1462_0.165347
-18.1483_14.2336_0.186015
-17.656_14.321_0.165347
-17.1637_14.4084_0.186015
-16.6714_14.4958_0.165347
-16.1775_14.573_0.144679
-15.6835_14.6502_0.165347
-15.1912_14.7376_0.186015
-14.6989_14.825_0.165347
-14.2049_14.9022_0.144679
-13.8179_14.9791_0.24802
-13.3693_15.1927_0.64072
-13.0367_15.5617_1.03342
-12.8705_16.0298_1.42612
-12.8757_16.5278_1.73614
-12.9529_17.0218_1.71547
-13.0301_17.5158_1.73614
-13.1072_18.0098_1.71547
-13.1844_18.5038_1.73614
-13.2616_18.9978_1.71547
-13.3388_19.4918_1.73614
-13.416_19.9858_1.71547
-13.4932_20.4798_1.73614
-13.5704_20.9738_1.71547
-13.6476_21.4678_1.73614
-13.7248_21.9618_1.71547
-13.802_22.4558_1.73614
-13.8792_22.9498_1.71547
-13.9462_23.4452_1.69481
-14.0131_23.9407_1.71547
-14.0903_24.4347_1.73614
-14.1675_24.9287_1.71547
-14.1727_25.4272_1.44679
-14.0652_25.9148_1.26077
-13.8693_26.374_1.07476
-13.6359_26.8162_1.09542
-13.4025_27.2584_1.07476
-13.0854_27.6408_0.682056
-12.6649_27.9093_0.454704
-12.218_28.1335_0.475373
-11.7711_28.3578_0.454704
-11.3242_28.582_0.475373
-10.8773_28.8062_0.454704
-10.4304_29.0304_0.475373
-9.98354_29.2547_0.454704
-9.53664_29.4789_0.475373
-9.08975_29.7031_0.454704
-8.64285_29.9273_0.475373
-8.20069_30.1607_0.496041
-7.75852_30.3942_0.475373
-7.31163_30.6184_0.454704
-6.86474_30.8426_0.475373
-6.42257_31.076_0.496041
