configuration -11.6824054718_1.45032453537_1.45032453537_1.45032453537_24.2991828918_-14.4915781021_0.382683601539_0.382683601539
length 46.2406
time 3.99811
roughness 0.000859079
-11.6824_1.45032_2.22212
-11.6824_1.45032_1.82942
-11.7133_1.94615_1.43672
-11.5521_2.41607_1.04402
-11.2234_2.78854_0.651323
-10.7771_3.00685_0.258624
-10.2925_3.12972_0.237956
-9.80539_3.24255_0.217287
-9.3183_3.35538_0.237956
-8.8312_3.46821_0.217287
-8.34411_3.58104_0.237956
-7.85945_3.70391_0.258624
-7.37479_3.82678_0.237956
-6.8877_3.93961_0.217287
-6.4006_4.05244_0.237956
-5.94993_4.26148_0.630655
-5.54918_4.56047_0.651323
-5.14844_4.85945_0.630655
-4.7416_5.1501_0.609986
-4.33476_5.44074_0.630655
-3.93402_5.73973_0.651323
-3.59655_5.99151_0.630655
-3.14587_6.20055_0.237956
-2.64951_6.22121_-0.154743
-2.18302_6.05035_-0.547442
-1.75881_5.78571_-0.568111
-1.34016_5.51235_-0.588779
-0.921514_5.239_-0.568111
-0.502864_4.96564_-0.588779
-0.0842148_4.69228_-0.568111
0.334435_4.41893_-0.588779
0.753084_4.14557_-0.568111
1.17173_3.87221_-0.588779
1.59038_3.59886_-0.568111
2.00903_3.3255_-0.588779
2.42768_3.05214_-0.568111
2.84633_2.77879_-0.588779
3.26498_2.50543_-0.568111
3.68363_2.23207_-0.588779
4.10228_1.95872_-0.568111
4.52649_1.69407_-0.547442
4.9507_1.42943_-0.568111
5.36935_1.15607_-0.588779
5.788_0.882714_-0.568111
6.21221_0.618068_-0.547442
6.63642_0.353422_-0.568111
7.05507_0.0800655_-0.588779
7.47372_-0.193291_-0.568111
7.89792_-0.457937_-0.547442
8.32213_-0.722583_-0.568111
8.74078_-0.995939_-0.588779
9.15943_-1.2693_-0.568111
9.58364_-1.53394_-0.547442
10.0079_-1.79859_-0.568111
10.4265_-2.07194_-0.588779
10.8507_-2.33655_-0.526774
11.2373_-2.65038_-0.8368
11.5761_-3.01815_-0.816131
11.9223_-3.37883_-0.795463
12.2686_-3.73952_-0.816131
12.6148_-4.1002_-0.795463
12.9611_-4.46089_-0.816131
13.3074_-4.82157_-0.795463
13.6536_-5.18226_-0.816131
13.9999_-5.54294_-0.795463
14.3462_-5.90363_-0.816131
14.6849_-6.27139_-0.8368
15.0236_-6.63916_-0.816131
15.3699_-6.99984_-0.795463
15.7161_-7.36053_-0.816131
16.0549_-7.72829_-0.8368
16.3936_-8.09605_-0.816131
16.7399_-8.45674_-0.795463
17.0861_-8.81742_-0.816131
17.4249_-9.18519_-0.8368
17.7636_-9.55295_-0.816131
18.1099_-9.91364_-0.795463
18.4561_-10.2743_-0.816131
18.7949_-10.6421_-0.8368
19.1336_-11.0099_-0.816131
19.4799_-11.3705_-0.795463
19.8261_-11.7312_-0.816131
20.1649_-12.099_-0.8368
20.5036_-12.4667_-0.816131
20.8498_-12.8274_-0.795463
21.1961_-13.1881_-0.816131
21.5348_-13.5559_-0.8368
21.8736_-13.9236_-0.816131
22.19_-14.2398_-0.754126
22.6114_-14.5028_-0.361427
23.1015_-14.5844_0.031272
23.6004_-14.5533_0.0932771
24.0987_-14.5119_0.0726087
