configuration -0.154660820961_0.194828033447_-0.382683650256_0.923879442258_17.3081588745_3.5618417263_0.0_1.0
length 33.3827
time 121.87
roughness 0.00361822
-0.154661_0.194828_-0.785399
0.0341836_-0.087798_-0.785399
0.218262_-0.705488_-0.785399
0.440863_-0.997667_-1.05409
0.440863_-0.997667_-1.05409
0.701189_-1.42446_-0.992082
0.978969_-1.84019_-0.971414
1.25675_-2.25591_-0.992082
1.53453_-2.67164_-0.971414
1.82084_-3.08154_-0.950746
2.00356_-3.35488_-0.558047
2.46166_-3.5502_-0.248021
2.94759_-3.66792_-0.227353
3.43353_-3.78565_-0.248021
3.91946_-3.90338_-0.227353
4.40539_-4.0211_-0.248021
4.87387_-4.14519_-0.351363
5.3647_-4.22189_0.0413363
5.85047_-4.11479_0.392699
6.29896_-3.88998_0.454704
6.69413_-3.58891_0.847403
7.01327_-3.20411_0.909408
7.31628_-2.8064_0.930076
7.61929_-2.40868_0.909408
7.9223_-2.01097_0.930076
8.09006_-1.77057_1.77748
7.90446_-1.30906_2.12884
7.64409_-0.882208_2.10817
7.38373_-0.455356_2.12884
7.1146_-0.0339767_2.14951
6.84547_0.387403_2.12884
6.66281_0.690866_2.58355
6.30081_1.03109_2.19085
6.09656_1.48396_1.79815
5.99903_1.97427_1.73614
5.92183_2.46827_1.71547
5.82435_3.10997_1.40545
6.00014_3.57462_1.01275
6.34037_3.93663_0.620051
6.79324_4.14088_0.227352
7.49657_4.26731_0.640719
7.91212_4.54497_0.537377
8.34426_4.79646_0.516709
8.78151_5.03896_0.49604
9.21876_5.28146_0.516709
9.71713_5.56099_0.37203
10.1418_5.82002_0.723393
10.5131_6.15483_0.744061
10.8845_6.48965_0.723393
11.2558_6.82446_0.744061
11.6206_7.16718_0.682056
12.0243_7.46178_0.578714
12.4401_7.73956_0.599382
12.85_8.02587_0.620051
13.2599_8.31219_0.599382
13.6756_8.58997_0.578714
13.9357_8.76916_-0.124011
14.4072_8.61272_-0.51671
14.783_8.28774_-0.909409
15.0428_7.8618_-1.13676
15.2577_7.41037_-1.11609
15.4727_6.95893_-1.13676
15.6769_6.50632_-1.07476
15.9194_6.06907_-1.05409
16.1619_5.63182_-1.07476
16.4044_5.19458_-1.05409
16.4044_5.19458_-1.05409
16.6559_4.76243_-1.03342
16.9163_4.33558_-1.01275
17.1766_3.90873_-1.03342
17.3656_3.60107_-0.682057
