configuration -1.36608982086_8.91640663147_-0.333444235273_0.942769824487_9.04581165314_-18.3528499603_-0.788205594687_0.615412008742
length 40.2947
time 300
roughness 0.00251653
-1.36609_8.91641_-0.679909
-0.945034_8.64876_-0.452557
-0.493141_8.43478_-0.431889
-0.0412476_8.22081_-0.452557
0.410646_8.00684_-0.431889
0.866865_7.80226_-0.41122
1.31057_7.59211_-0.555899
1.68072_7.2598_-0.907261
1.98458_6.86274_-0.92793
2.28017_6.45948_-0.948598
2.57576_6.05622_-0.92793
2.87962_5.65915_-0.907261
3.09861_5.36407_-0.349215
3.58376_5.24764_-0.121863
4.08064_5.19199_-0.101195
4.57753_5.13634_-0.121863
5.07441_5.08069_-0.101195
5.42078_5.04328_-0.886593
5.77092_4.68736_-0.700577
6.15646_4.369_-0.679909
6.5485_4.05868_-0.659241
6.79353_3.87491_-0.948598
7.04558_3.44392_-1.13461
7.25212_2.98859_-1.15528
7.45867_2.53325_-1.13461
7.66521_2.07791_-1.15528
7.87175_1.62258_-1.13461
8.02105_1.32574_-1.54798
8.09907_0.83339_-1.27929
8.23781_0.353033_-1.29996
8.37654_-0.127324_-1.27929
8.51528_-0.607681_-1.29996
8.74154_-1.34805_-1.11394
9.04345_-1.74258_-0.721246
9.44148_-2.04447_-0.576567
9.86343_-2.31269_-0.555899
10.2908_-2.57214_-0.53523
10.9187_-2.96309_-0.948598
11.2059_-3.37237_-0.969266
11.2059_-3.37237_-0.969266
11.5176_-3.76273_-0.824588
11.8608_-4.12633_-0.803919
12.2114_-4.48276_-0.783251
12.5621_-4.83919_-0.803919
12.9053_-5.20279_-0.824588
13.1378_-5.44864_-0.452557
13.6052_-5.62431_-0.266542
14.0889_-5.75102_-0.245873
14.5725_-5.87772_-0.266542
15.0562_-6.00443_-0.245873
15.5424_-6.12111_-0.225205
16.0056_-6.23655_-0.617904
16.3466_-6.59782_-1.0106
16.545_-7.13342_-1.796
16.3888_-7.60763_-1.98202
16.1842_-8.06385_-2.00268
15.8828_-8.67372_-2.5814
15.4289_-8.87964_-2.85009
14.9515_-9.02828_-2.82942
14.4741_-9.17691_-2.85009
13.9967_-9.32555_-2.82942
13.5193_-9.47418_-2.85009
13.0929_-9.61492_-3.13945
12.6059_-9.71289_-2.74675
12.1934_-9.98978_-2.35405
11.9183_-10.4034_-1.96135
11.9183_-10.4034_-1.96135
11.7424_-10.8714_-1.89934
11.5762_-11.3429_-1.92001
11.41_-11.8145_-1.89934
11.41_-11.8145_-1.89934
11.2438_-12.2861_-1.92001
11.0776_-12.7576_-1.89934
10.9113_-13.2292_-1.92001
10.9113_-13.2292_-1.92001
10.7451_-13.7007_-1.89934
10.5789_-14.1723_-1.92001
10.403_-14.6403_-1.94068
10.403_-14.6403_-1.94068
10.2271_-15.1083_-1.92001
10.0609_-15.5799_-1.89934
9.89464_-16.0514_-1.92001
9.89464_-16.0514_-1.92001
9.71872_-16.5194_-1.94068
9.5428_-16.9875_-1.92001
9.37658_-17.459_-1.89934
9.21037_-17.9306_-1.92001
9.05297_-18.3493_-1.94068
