configuration -26.5221767426_12.7890510559_0.0_1.0_-6.20937108994_31.1862716675_0.294171904018_0.955752525964
length 41.6666
time 12.5446
roughness 0.00617579
-26.5222_12.7891_-0
-26.0282_12.7223_-0.268689
-25.5448_12.5945_-0.24802
-25.0614_12.4668_-0.268689
-24.5659_12.4309_0.12401
-24.0944_12.5873_0.516709
-23.679_12.8649_0.661388
-23.235_13.0877_0.268689
-22.7395_13.1236_-0.12401
-22.2519_13.0161_-0.310026
-21.7843_12.9627_0.0826735
-21.6837_12.9915_0.475373
-21.6019_13.0566_0.868072
-21.213_13.3657_0.475373
-20.7354_13.5026_0.0826735
-20.2367_13.4871_-0.144679
-19.7406_13.5128_0.24802
-19.2921_13.7263_0.64072
-18.936_14.0752_0.909408
-18.8568_14.2112_1.1781
-18.7551_14.3634_0.785398
-18.342_14.6394_0.392699
-17.8548_14.7363_-1.11022e-16
-17.547_14.6751_-0.392699
-17.5036_14.6461_-0.785398
-17.4745_14.6026_-1.1781
-17.1985_14.1895_-0.785398
-16.7854_13.9135_-0.392699
-16.2982_13.8166_-1.11022e-16
-15.8011_13.863_0.186015
-15.3088_13.9503_0.165347
-14.8165_14.0377_0.186015
-14.3261_14.1353_0.206684
-13.8357_14.2328_0.186015
-13.3453_14.3304_0.206684
-13.3453_14.3304_-0.186015
-13.3453_14.3304_-0.578714
-13.2332_14.2206_-0.971414
-13.1922_14.1244_-1.36411
-13.189_13.8106_-1.75681
-13.3061_13.5195_-2.14951
-13.3061_13.5195_-2.54221
-13.3061_13.5195_-2.93491
-13.3061_13.5195_-3.32761
-13.3061_13.5195_-3.72031
-13.3061_13.5195_-4.11301
-13.5009_13.9765_-4.50571
-13.506_14.4733_-4.8984
-13.3207_14.9342_-5.2911
-12.973_15.2891_-5.6838
-12.6254_15.644_-5.2911
-12.3923_16.0855_-5.10509
-12.2058_16.5494_-5.08442
-12.0192_17.0133_-5.10509
-11.8327_17.4772_-5.08442
-11.6461_17.9411_-5.10509
-11.3701_18.3541_-5.49779
-10.9736_18.6562_-5.76648
-10.5363_18.8987_-5.78714
-10.5363_18.8987_-5.39445
-10.5363_18.8987_-5.00175
-10.5072_19.2111_-4.60905
-10.5072_19.2111_-4.21635
-10.6574_19.3923_-3.82365
-10.9811_19.5632_-3.43095
-11.4205_19.7951_-3.82365
-11.7376_20.1775_-4.21635
-11.8843_20.6521_-4.60905
-12.0309_21.1268_-4.21635
-12.3481_21.5092_-3.82365
-12.7785_21.7597_-3.51362
-12.7785_21.7597_-3.90632
-12.7785_21.7597_-4.29902
-12.8855_22.2448_-4.69172
-12.8855_22.2448_-4.29902
-12.8855_22.2448_-3.90632
-13.2821_22.4981_-3.51362
-13.7008_22.7655_-3.90632
-13.9853_23.1728_-4.29902
-14.0923_23.658_-4.69172
-14.1598_23.9644_-4.29902
-14.4443_24.3716_-3.90632
-14.863_24.639_-3.51362
-15.0833_24.7798_-3.90632
-15.3678_25.1871_-4.29902
-15.4748_25.6722_-4.69172
-15.388_26.1613_-5.08442
-15.1206_26.58_-5.47712
-14.7187_26.8732_-5.82848
-14.2718_27.0975_-5.80781
-13.8297_27.3309_-5.78714
-13.3875_27.5643_-5.80781
-12.9406_27.7885_-5.82848
-12.4937_28.0127_-5.80781
-12.0468_28.237_-5.82848
-11.5999_28.4612_-5.80781
-11.153_28.6854_-5.82848
-10.7061_28.9096_-5.80781
-10.2592_29.1339_-5.82848
-9.81236_29.3581_-5.80781
-9.36546_29.5823_-5.82848
-8.91857_29.8065_-5.80781
-8.47167_30.0308_-5.82848
-8.02478_30.255_-5.80781
-7.57788_30.4792_-5.82848
-7.13099_30.7034_-5.80781
-6.68883_30.9369_-5.78714
-6.24666_31.1703_-5.80781
