configuration -1.36608982086_8.91640663147_-0.333444235273_0.942769824487_9.04581165314_-18.3528499603_-0.788205594687_0.615412008742
length 36.5929
time 6.66616
roughness 0.00332548
-1.36609_8.91641_-0.679909
-0.930564_8.67608_-0.328547
-0.459009_8.50987_-0.349215
0.00901029_8.33395_-0.369883
0.00901029_8.33395_-0.369883
0.428268_8.06744_-0.762583
0.778859_7.71106_-0.824588
1.11447_7.34044_-0.845256
1.45008_6.96983_-0.824588
1.78569_6.59921_-0.845256
2.02685_6.32364_-1.27929
2.2419_5.87446_-0.969266
2.52057_5.45933_-0.989935
2.79924_5.0442_-0.969266
3.07791_4.62907_-0.989935
3.51511_3.95941_-1.29996
3.73885_3.51585_-0.907261
4.109_3.18354_-0.555899
4.53641_2.9241_-0.53523
4.96382_2.66465_-0.555899
5.39123_2.40521_-0.53523
5.8507_2.1444_-0.741914
6.16146_1.75526_-1.05194
6.4049_1.31854_-1.07261
6.64833_0.881811_-1.05194
6.89177_0.445086_-1.07261
7.13521_0.00836143_-1.05194
7.30024_-0.278735_-0.245873
7.78867_-0.385329_-0.183868
8.28115_-0.471659_-0.1632
8.77363_-0.55799_-0.183868
8.77363_-0.55799_-0.183868
9.23494_-0.742361_-0.576567
9.61966_-1.06004_-0.803919
9.9703_-1.41647_-0.783251
10.3209_-1.7729_-0.803919
10.6034_-2.07705_-0.183868
11.0647_-2.26142_-0.576567
11.481_-2.53831_-0.597236
11.8973_-2.81519_-0.576567
11.8973_-2.81519_-0.576567
12.253_-3.16207_-0.969266
12.5402_-3.57135_-0.948598
12.8274_-3.98063_-0.969266
13.1146_-4.38991_-0.948598
13.3197_-4.69152_-1.42397
13.4183_-5.18149_-1.32063
13.537_-5.66717_-1.3413
13.6558_-6.15285_-1.32063
13.7846_-6.63597_-1.29996
13.9223_-7.18222_-1.94068
13.6815_-7.61867_-2.20937
13.3876_-8.0232_-2.1887
13.0937_-8.42772_-2.20937
12.7999_-8.83225_-2.1887
12.5145_-9.24276_-2.16803
12.2576_-9.61167_-1.94068
12.0914_-10.0832_-1.87867
11.935_-10.558_-1.89934
11.7786_-11.0329_-1.87867
11.7786_-11.0329_-1.87867
11.632_-11.511_-1.85801
11.4953_-11.9919_-1.83734
11.3586_-12.4729_-1.85801
11.222_-12.9538_-1.83734
11.0853_-13.4347_-1.85801
10.9435_-13.8968_-1.96135
10.6684_-14.3105_-2.35405
10.2667_-14.6049_-2.66407
9.82505_-14.8393_-2.6434
9.38338_-15.0736_-2.66407
8.93697_-15.2988_-2.68474
8.59422_-15.4739_-1.96135
8.49835_-15.9613_-1.56865
8.54578_-16.4583_-1.38263
8.67477_-16.9426_-1.32063
8.79354_-17.4283_-1.3413
8.90225_-17.9163_-1.36197
8.98388_-18.3519_-1.58932
