configuration 0.916432738304_-13.7452163696_0.573727795176_0.819046040857_7.25410509109_23.1360397339_0.890376127727_0.455225604699
length 49.7638
time 41.8389
roughness 0.00266666
0.916433_-13.7452_1.2221
0.970657_-13.6558_0.829401
0.970657_-13.6558_0.829401
1.30448_-13.2836_0.850069
1.63054_-12.9045_0.870738
1.9487_-12.5188_0.891406
2.26685_-12.1331_0.870738
2.59291_-11.7541_0.850069
2.73371_-11.5857_1.63547
2.70656_-11.0864_1.6148
2.6794_-10.5872_1.63547
2.65225_-10.0879_1.6148
2.62509_-9.58869_1.63547
2.59794_-9.08943_1.6148
2.57534_-8.72191_2.09017
2.57534_-8.72191_1.69747
2.60992_-8.22632_1.30477
2.83153_-7.7817_0.912074
2.83153_-7.7817_0.912074
3.16507_-7.40979_0.767396
3.52131_-7.05896_0.788064
3.97743_-6.61942_0.312692
4.43169_-6.41308_0.540044
4.85784_-6.15158_0.560712
5.284_-5.89008_0.540044
5.71547_-5.63744_0.519375
6.14694_-5.3848_0.540044
6.53428_-5.1469_0.726059
6.85937_-4.76898_0.994748
7.12737_-4.34689_1.01542
7.39537_-3.92479_0.994748
7.39537_-3.92479_0.994748
7.61793_-3.47826_1.2221
7.7839_-3.00662_1.24277
7.94987_-2.53497_1.2221
8.11584_-2.06333_1.24277
8.2818_-1.59169_1.2221
8.42656_-1.22135_1.6148
8.3891_-0.722832_1.6768
8.33106_-0.226221_1.69747
8.27303_0.270391_1.6768
8.27303_0.270391_1.6768
8.12509_0.744648_2.0695
7.85507_1.16495_2.21418
7.55928_1.56806_2.19351
7.26348_1.97116_2.21418
7.06783_2.21975_1.82148
6.85307_2.66773_2.21418
6.51774_3.03764_2.4002
6.15249_3.37909_2.37953
5.84268_3.66489_1.78015
5.7642_4.15847_1.6768
5.71644_4.65617_1.65614
5.66867_5.15388_1.6768
5.62091_5.65158_1.65614
5.57315_6.14928_1.6768
5.53916_6.60577_1.44945
5.50194_7.10117_1.84215
5.31455_7.56356_2.0695
5.07996_8.0051_2.04883
4.84537_8.44665_2.0695
4.64014_8.80742_1.44945
4.79533_9.27935_1.05675
5.10421_9.66999_0.746727
5.46763_10.0134_0.767396
5.83105_10.3568_0.746727
6.2015_10.6926_0.726059
6.48534_10.9525_1.44945
6.60153_11.4377_1.2221
6.77721_11.9058_1.20143
6.95289_12.3739_1.2221
7.12857_12.842_1.20143
7.31388_13.3064_1.18076
7.32466_13.338_0.33336
7.8168_13.4059_-0.0593391
8.31558_13.371_-0.0800074
8.81435_13.3362_-0.0593391
9.31313_13.3014_-0.0800074
9.81191_13.2666_-0.0593391
10.2665_13.225_0.126676
10.7376_13.3827_0.519375
11.1637_13.6442_0.58138
11.5787_13.9231_0.602049
11.9937_14.2019_0.58138
12.4144_14.4722_0.560712
12.7441_14.6868_0.168013
12.7441_14.6868_0.560712
13.0291_14.9561_0.953411
13.2322_15.4095_1.34611
13.2322_15.4095_1.34611
13.3784_15.8872_1.20143
13.5637_16.3516_1.18076
13.7586_16.8121_1.16009
13.9056_17.1413_1.53213
13.8276_17.632_1.92482
13.5763_18.0612_2.27619
13.2244_18.4188_2.33819
12.8525_18.7524_2.48287
12.4603_19.0625_2.4622
12.0681_19.3726_2.48287
12.0681_19.3726_2.48287
11.6759_19.6827_2.4622
11.2837_19.9928_2.48287
10.8915_20.303_2.4622
10.8915_20.303_2.4622
10.4993_20.6131_2.48287
10.1008_20.915_2.50354
9.70227_21.217_2.48287
9.30375_21.5189_2.50354
8.89907_21.8126_2.52421
8.50186_22.1135_2.4622
8.11615_22.4317_2.44153
7.73045_22.7498_2.4622
7.34474_23.068_2.44153
7.34474_23.068_2.44153
