configuration -1.36608982086_8.91640663147_-0.333444235273_0.942769824487_9.04581165314_-18.3528499603_-0.788205594687_0.615412008742
length 40.5431
time 9.79158
roughness 0.00370412
-1.36609_8.91641_-0.679909
-0.930564_8.67608_-0.328547
-0.459009_8.50987_-0.349215
0.00901029_8.33395_-0.369883
0.455748_8.111_-0.555899
0.883158_7.85155_-0.53523
1.31057_7.59211_-0.555899
1.77559_7.41731_-0.1632
2.27364_7.38229_0.0228156
2.77336_7.39886_0.043484
3.26436_7.32322_-0.349215
3.72858_7.13769_-0.41122
4.1848_6.9331_-0.431889
4.66787_6.81716_-0.0391895
5.16643_6.84402_0.146826
5.66177_6.91205_0.126157
6.15734_6.87721_-0.266542
6.60185_6.65538_-0.659241
6.94369_6.29322_-0.969266
7.19588_5.86199_-1.11394
7.42107_5.41558_-1.09328
7.64625_4.96917_-1.11394
7.77421_4.48914_-1.50664
7.8011_3.98987_-1.52731
7.828_3.4906_-1.50664
7.8549_2.99133_-1.52731
7.88179_2.49207_-1.50664
7.90869_1.9928_-1.52731
7.93558_1.49353_-1.50664
7.96248_0.994266_-1.52731
7.98937_0.494998_-1.50664
8.01627_-0.00426878_-1.52731
8.04316_-0.503536_-1.50664
8.07006_-1.0028_-1.52731
8.17565_-1.43458_-1.13461
8.33023_-1.64546_-0.741914
8.53139_-1.76757_-0.349215
9.02239_-1.84322_0.043484
9.5199_-1.79574_0.146826
9.8594_-1.81256_-0.245873
10.3456_-1.92924_-0.225205
10.8341_-2.03585_-0.204537
11.3226_-2.14246_-0.225205
11.7759_-2.34574_-0.617904
12.1169_-2.70701_-1.0106
12.2937_-3.17129_-1.4033
12.4705_-3.63556_-1.0106
12.7818_-4.02542_-0.783251
13.1324_-4.38185_-0.803919
13.4007_-4.79996_-1.19662
13.5393_-5.27963_-1.38263
13.6379_-5.76981_-1.36197
13.8056_-6.23924_-1.09328
14.0308_-6.68565_-1.11394
14.2467_-7.13662_-1.13461
14.3647_-7.61919_-1.52731
14.2891_-8.11019_-1.92001
14.0847_-8.56602_-2.06469
13.7683_-8.9491_-2.45739
13.6851_-9.04991_-2.06469
13.3688_-9.43298_-2.45739
12.9299_-9.66584_-2.85009
12.4614_-9.71056_-3.24279
12.4614_-9.71056_-2.85009
12.0226_-9.94342_-2.45739
11.7063_-10.3265_-2.06469
11.5407_-10.7962_-1.75466
11.4442_-11.2868_-1.77533
11.3477_-11.7774_-1.75466
11.2211_-12.2606_-1.89934
11.0549_-12.7322_-1.92001
10.8887_-13.2037_-1.89934
10.7225_-13.6753_-1.92001
10.5563_-14.1468_-1.89934
10.3901_-14.6184_-1.92001
10.3423_-14.9285_-1.52731
10.4603_-15.4111_-1.13461
10.754_-15.8117_-0.741914
11.0477_-16.2124_-1.13461
11.1657_-16.695_-1.52731
11.0901_-17.186_-1.92001
10.8323_-17.6107_-2.31271
10.4316_-17.9044_-2.70541
9.96473_-18.0822_-2.85009
9.48438_-18.2209_-2.87076
9.08751_-18.4211_-2.47806
