configuration -1.36608982086_8.91640663147_-0.333444235273_0.942769824487_9.04581165314_-18.3528499603_-0.788205594687_0.615412008742
length 43.8641
time 19.9994
roughness 0.004178
-1.36609_8.91641_-0.679909
-1.04813_8.5347_-1.07261
-0.84176_8.07975_-1.21729
-0.663829_7.61249_-1.19662
-0.395523_7.19438_-0.803919
0.0123636_6.91077_-0.41122
0.480183_6.73493_-0.307878
0.951671_6.56874_-0.369883
1.41595_6.38318_-0.390552
1.88024_6.19762_-0.369883
2.2995_5.93111_-0.762583
2.58485_5.52445_-1.15528
2.75294_5.05401_-1.29996
2.97669_4.61046_-0.907261
3.35314_4.28629_-0.514562
3.81251_4.09159_-0.28721
4.25234_3.86061_-0.679909
4.57031_3.4789_-1.07261
4.73787_3.00994_-1.38263
4.73787_3.00994_-0.989935
5.08627_2.65579_-0.597236
5.54368_2.46192_-0.204537
6.00108_2.26806_-0.597236
6.39278_1.958_-0.741914
6.75785_1.61637_-0.762583
7.11579_1.26726_-0.783251
7.46643_0.91083_-0.803919
7.81707_0.5544_-0.783251
8.09396_0.141925_-1.17595
8.19192_-0.345113_-1.56865
8.14662_-0.842333_-1.75466
8.15184_-1.26065_-1.36197
8.25491_-1.50095_-0.969266
8.44209_-1.68352_-0.576567
8.9034_-1.86789_-0.183868
9.40016_-1.86169_0.208831
9.87077_-1.85581_-0.183868
10.3321_-2.04019_-0.576567
10.7301_-2.34208_-0.721246
11.109_-2.66834_-0.700577
11.544_-2.90835_-0.307878
12.0274_-3.035_-0.204537
12.5159_-3.14161_-0.225205
12.9692_-3.34489_-0.617904
13.3475_-3.67068_-0.803919
13.6907_-4.03428_-0.824588
14.0751_-4.35169_-0.555899
14.4971_-4.61991_-0.576567
14.919_-4.88814_-0.555899
15.2892_-5.22044_-0.907261
15.6012_-5.61114_-0.886593
15.9212_-5.99531_-0.865924
16.1631_-6.42924_-1.25862
16.2205_-6.92271_-1.65132
16.1649_-7.41952_-1.71333
16.1916_-7.91559_-1.32063
16.3879_-8.37327_-1.0106
16.6579_-8.79407_-0.989935
16.8443_-9.25459_-1.38263
16.8402_-9.75137_-1.77533
16.6463_-10.2088_-2.16803
16.6463_-10.2088_-2.56073
16.6463_-10.2088_-2.95343
16.1757_-10.2049_-3.34613
15.6789_-10.2009_-2.95343
15.2184_-10.3872_-2.56073
14.8092_-10.6744_-2.49873
14.8092_-10.6744_-2.89142
14.8092_-10.6744_-3.28412
14.5872_-10.5961_-3.67682
14.1964_-10.2867_-3.94551
13.8532_-9.92313_-3.96618
13.5176_-9.55252_-3.98685
13.1218_-9.2523_-3.59415
12.6412_-9.1264_-3.20145
12.149_-9.194_-2.80875
12.149_-9.194_-2.41605
12.149_-9.194_-2.02335
12.149_-9.194_-1.63065
12.0329_-9.6777_-1.98202
11.8283_-10.1339_-2.00268
11.6237_-10.5901_-1.98202
11.5178_-11.0755_-1.58932
11.555_-11.5734_-1.4033
11.6536_-12.0635_-1.3413
11.67_-12.56_-1.734
11.5239_-13.0366_-2.00268
11.3099_-13.4885_-2.02335
11.0959_-13.9404_-2.00268
10.882_-14.3923_-2.02335
10.668_-14.8442_-2.00268
10.454_-15.2961_-2.02335
10.2401_-15.748_-2.00268
10.0355_-16.2042_-1.98202
9.83088_-16.6604_-2.00268
9.61691_-17.1123_-2.02335
9.40294_-17.5642_-2.00268
9.19835_-18.0204_-1.98202
9.04761_-18.3566_-2.00268
