configuration -26.5221767426_12.7890510559_0.0_1.0_-6.20937108994_31.1862716675_0.294171904018_0.955752525964
length 42.8545
time 14.3899
roughness 0.00574
-26.5222_12.7891_-0
-26.0282_12.7223_-0.268689
-25.5448_12.5945_-0.24802
-25.0614_12.4668_-0.268689
-24.5659_12.4309_0.12401
-24.0944_12.5873_0.516709
-23.679_12.8649_0.661388
-23.308_13.1994_0.806067
-22.9656_13.5637_0.826735
-22.6231_13.9281_0.806067
-22.2159_14.2126_0.413367
-21.7307_14.3195_0.0206684
-21.2416_14.2327_-0.372031
-20.7524_14.1459_0.0206684
-20.2673_14.2528_0.413367
-19.86_14.5373_0.806067
-19.4527_14.8218_0.413367
-18.9676_14.9288_0.0206684
-18.4784_14.8419_-0.372031
-17.9961_14.7145_-0.144679
-17.5021_14.6373_-0.165347
-17.0098_14.5499_-0.186015
-16.513_14.555_0.206684
-16.056_14.7499_0.599383
-15.7084_15.1048_0.992082
-15.7084_15.1048_0.599383
-15.4198_15.2278_0.206684
-15.0276_15.2319_-0.186015
-14.5308_15.237_0.206684
-14.4524_15.2378_-0.186015
-14.4524_15.2378_-0.578714
-13.9915_15.0525_-0.186015
-13.4947_15.0576_0.206684
-13.0289_15.2338_0.516709
-12.6532_15.5588_0.909408
-12.367_15.9685_1.01275
-12.0978_16.3899_0.992082
-11.7502_16.7448_0.599383
-11.2932_16.9396_0.206684
-10.7982_17.0066_0.0620051
-10.3179_17.1335_0.454704
-9.92268_17.4346_0.847403
-9.67281_17.8639_1.2401
-9.60626_18.3562_1.6328
-9.73319_18.8366_2.0255
-9.99318_19.2628_2.21152
-10.3621_19.5955_2.60421
-10.6332_19.6917_2.99691
-10.8943_19.6782_3.38961
-11.3904_19.6525_2.99691
-11.8586_19.8187_2.60421
-12.2276_20.1513_2.21152
-12.4965_20.5724_2.06684
-12.739_21.0096_2.08751
-12.9905_21.4417_2.10817
-13.3232_21.8107_2.50087
-13.7717_22.0243_2.89357
-14.2678_22.0499_3.28627
-14.765_22.0653_2.93491
-15.0865_22.1794_2.66622
-15.4753_22.4886_2.27352
-15.7436_22.9087_2.00483
-15.9492_23.3645_1.98416
-15.9492_23.3645_1.59146
-15.9492_23.3645_1.19877
-15.9492_23.3645_0.806067
-15.9492_23.3645_1.19877
-15.9309_23.4675_1.59146
-16.0154_23.8505_1.98416
-16.1223_24.3356_1.59146
-16.0355_24.8248_1.19877
-15.7681_25.2434_0.806067
-15.7681_25.2434_1.19877
-15.7681_25.2434_1.59146
-15.8413_25.5754_1.98416
-15.9483_26.0605_1.59146
-15.8614_26.5497_1.19877
-15.594_26.9684_0.806067
-15.1868_27.2528_0.413367
-14.7268_27.4489_0.392699
-14.2669_27.645_0.413367
-13.8111_27.8506_0.434036
-13.3553_28.0562_0.413367
-12.8954_28.2523_0.392699
-12.4355_28.4484_0.413367
-11.9797_28.6539_0.434036
-11.5239_28.8595_0.413367
-11.064_29.0556_0.392699
-10.6041_29.2517_0.413367
-10.1483_29.4573_0.434036
-9.71676_29.7084_0.620051
-9.30686_29.9947_0.599383
-8.89697_30.281_0.620051
-8.4441_30.4853_0.227352
-7.94755_30.5007_-0.165347
-7.4829_30.3249_-0.558046
-7.4829_30.3249_-0.165347
-7.4829_30.3249_0.227352
-7.03003_30.5291_0.620051
-6.60883_30.7981_0.516709
-6.53438_30.8228_0.12401
-6.13732_30.9546_0.516709
