configuration -11.6824054718_1.45032453537_1.45032453537_1.45032453537_24.2991828918_-14.4915781021_0.382683601539_0.382683601539
length 55.2372
time 56.6965
roughness 0.00421938
-11.6824_1.45032_2.22212
-11.6824_1.45032_1.82942
-11.6824_1.45032_1.43672
-11.5212_1.92024_1.04402
-11.36_2.39016_1.43672
-11.2983_2.88633_1.45739
-11.2366_3.3825_1.43672
-11.0754_3.85242_1.04402
-10.7467_4.22489_0.651323
-10.3004_4.4432_0.258624
-9.80461_4.47411_-0.134075
-9.33469_4.31293_-0.526774
-8.8999_4.06604_-0.506106
-8.8999_4.06604_-0.898805
-8.67242_3.62439_-1.2915
-8.63126_3.12931_-1.6842
-8.63126_3.12931_-1.2915
-8.63126_3.12931_-0.898805
-8.63126_3.12931_-0.506106
-8.53165_3.09743_-0.113407
-8.32319_3.11476_0.279292
-8.13723_3.21054_0.671992
-7.73655_3.50949_0.609986
-7.32971_3.80013_0.630655
-6.92287_4.09077_0.609986
-6.5562_4.42849_0.878675
-6.23316_4.81012_0.858007
-5.91012_5.19174_0.878675
-5.52456_5.50502_0.485976
-5.04845_5.6469_0.0932771
-4.5514_5.61617_-0.216749
-4.5514_5.61617_0.175951
-4.5514_5.61617_0.56865
-4.19302_5.96022_0.961349
-3.83465_6.30427_0.56865
-3.37189_6.48498_0.175951
-2.8752_6.47485_-0.216749
-2.37851_6.46471_0.175951
-1.91575_6.64543_0.56865
-1.50305_6.92756_0.630655
-1.05237_7.1366_0.237956
-0.55655_7.18816_-0.0307332
-0.0566629_7.17796_-0.0100648
0.431536_7.26997_0.382634
0.847361_7.5418_0.775333
1.12751_7.95207_1.16803
1.12751_7.95207_0.775333
1.54333_8.2239_0.382634
2.03153_8.31592_-0.0100648
2.51778_8.2141_-0.402764
2.92805_7.93395_-0.795463
3.27431_7.57326_-0.816131
3.61305_7.2055_-0.8368
3.94411_6.83081_-0.857468
4.27517_6.45613_-0.8368
4.6139_6.08836_-0.816131
4.96016_5.72768_-0.795463
5.30643_5.36699_-0.816131
5.65269_5.00631_-0.795463
5.99895_4.64562_-0.816131
6.34521_4.28494_-0.795463
6.61704_3.86911_-1.18816
6.74962_3.38813_-1.41551
6.83205_2.89498_-1.39485
6.92465_2.40364_-1.37418
7.01726_1.91229_-1.39485
7.10986_1.42095_-1.37418
7.3001_0.962028_-0.981478
7.63017_0.588461_-0.712789
8.00503_0.257602_-0.733458
8.3799_-0.0732568_-0.712789
8.76152_-0.396298_-0.692121
9.14314_-0.719339_-0.712789
9.28773_-0.905003_-1.10549
9.35026_-1.13187_-1.49819
9.32767_-1.3135_-1.89089
9.32767_-1.3135_-1.49819
9.45968_-1.79243_-1.10549
9.76493_-2.18439_-0.712789
10.1465_-2.50743_-0.692121
10.5282_-2.83047_-0.712789
10.903_-3.16133_-0.733458
11.2779_-3.49219_-0.712789
11.6595_-3.81523_-0.692121
12.0411_-4.13827_-0.712789
12.4228_-4.46131_-0.692121
12.8044_-4.78435_-0.712789
13.186_-5.10739_-0.692121
13.623_-5.34372_-0.299422
14.1171_-5.39484_0.0932771
14.5933_-5.25296_0.485976
15.0694_-5.11107_0.0932771
15.5635_-5.16219_-0.299422
16.0005_-5.39852_-0.692121
16.3611_-5.74429_-0.8368
16.6998_-6.11205_-0.816131
17.0385_-6.47982_-0.8368
17.3773_-6.84758_-0.816131
17.716_-7.21535_-0.8368
18.0547_-7.58311_-0.816131
18.3935_-7.95088_-0.8368
18.7322_-8.31864_-0.816131
19.0709_-8.6864_-0.8368
19.402_-9.06109_-0.857468
19.733_-9.43578_-0.8368
20.0718_-9.80354_-0.816131
20.335_-10.2249_-1.20883
20.4169_-10.7149_-1.60153
20.305_-11.1989_-1.99423
20.2285_-11.5301_-1.60153
20.2673_-11.7622_-1.20883
20.3781_-11.9396_-0.816131
20.6413_-12.361_-1.20883
20.7232_-12.851_-1.60153
20.6113_-13.335_-1.99423
20.4995_-13.8191_-1.60153
20.5814_-14.3091_-1.20883
20.7615_-14.5974_-0.816131
20.7615_-14.5974_-0.423432
20.7615_-14.5974_-0.0307332
20.9678_-14.5629_0.361966
21.4566_-14.4707_0.0106036
21.9566_-14.4706_-0.0100648
22.4566_-14.4705_0.0106036
22.8163_-14.5381_-0.382096
23.1666_-14.7668_-0.774795
23.388_-15.0906_-1.16749
23.388_-15.0906_-0.774795
23.6069_-15.2335_-0.382096
24.0952_-15.3253_0.0106036
24.0952_-15.3253_0.403303
24.0952_-15.3253_0.796002
24.0952_-15.3253_1.1887
24.1869_-14.837_1.5814
24.1224_-14.53_1.9741
24.1224_-14.53_1.5814
24.1369_-14.4529_1.1887
24.1655_-14.4091_0.796002
