configuration 0.916432738304_-13.7452163696_0.573727795176_0.819046040857_7.25410509109_23.1360397339_0.890376127727_0.455225604699
length 42.9765
time 300
roughness 0.00224602
0.916433_-13.7452_1.2221
0.970657_-13.6558_0.829401
0.970657_-13.6558_0.829401
1.34057_-13.3205_0.643386
1.73748_-13.0164_0.664054
2.13438_-12.7123_0.643386
2.399_-12.5241_0.850069
2.52991_-12.2978_1.24277
2.55144_-12.2219_1.34611
2.55757_-12.1963_1.32544
2.55757_-12.1963_1.32544
2.65376_-11.7059_1.42878
2.72964_-11.2117_1.40812
2.80552_-10.7175_1.42878
2.89968_-10.0975_1.44945
2.97555_-9.60338_1.38745
3.07178_-9.11274_1.36678
3.16802_-8.6221_1.38745
3.24406_-8.26753_1.30477
3.40018_-7.79277_1.20143
3.58549_-7.32839_1.18076
3.77081_-6.86401_1.20143
3.9693_-6.34491_0.58138
4.37838_-6.05755_0.643386
4.78149_-5.76175_0.622717
5.18459_-5.46595_0.643386
5.18459_-5.46595_0.643386
5.5877_-5.17015_0.622717
5.9908_-4.87436_0.643386
6.39391_-4.57856_0.622717
6.79701_-4.28276_0.643386
7.13711_-4.03658_1.47012
7.2332_-3.54663_1.28411
7.36963_-3.06561_1.30477
7.50605_-2.58459_1.28411
7.71442_-1.87105_1.34611
7.72849_-1.37446_1.73881
7.61958_-0.886689_1.84215
7.48059_-0.406404_1.86282
7.3029_0.135268_2.44153
6.91075_0.445341_2.50354
6.50608_0.738986_2.52421
6.09542_1.0242_2.54488
5.72013_1.29686_3.02025
5.2482_1.45204_2.62755
4.87157_1.77602_2.23485
4.6476_2.21946_1.84215
4.61037_2.71486_1.44945
4.69641_3.20717_1.34611
4.80277_3.69572_1.36678
4.88499_4.10513_1.44945
4.98115_4.59535_1.30477
5.18714_5.32268_1.13943
5.30283_5.80582_1.53213
5.24502_6.30045_1.84215
5.11599_6.78351_1.82148
4.98696_7.26656_1.84215
4.85792_7.74962_1.82148
4.75202_8.185_1.55279
4.82767_8.67772_1.28411
4.96409_9.15874_1.30477
5.10051_9.63976_1.28411
5.24685_10.1179_1.26344
5.38457_10.5915_1.03608
5.60003_11.0355_0.891406
5.93372_11.4076_0.788064
6.28996_11.7584_0.767396
6.64621_12.1092_0.788064
6.99513_12.4674_0.808733
7.51374_12.9952_0.58138
8.19945_13.1701_0.58138
8.55342_13.5186_0.97408
8.75672_13.9726_1.32544
8.87315_14.4589_1.34611
8.98958_14.9451_1.32544
9.10601_15.4314_1.34611
9.21845_15.925_1.26344
9.27349_16.4188_1.65614
9.18491_16.9101_1.84215
9.02596_17.3851_1.86282
8.87708_17.8624_1.88349
8.7282_18.3398_1.86282
8.57931_18.8171_1.88349
8.57931_18.8171_1.88349
8.4604_19.3023_1.73881
8.38188_19.7961_1.71814
8.30337_20.2898_1.73881
8.22486_20.7836_1.71814
8.15657_21.2789_1.69747
8.09522_21.6856_2.09017
7.84258_22.117_2.11084
7.58995_22.5485_2.09017
7.34628_22.9851_2.0695
7.34628_22.9851_2.0695
