configuration 0.916432738304_-13.7452163696_0.573727795176_0.819046040857_7.25410509109_23.1360397339_0.890376127727_0.455225604699
length 40.6486
time 300
roughness 0.0255116
0.916433_-13.7452_1.2221
1.04271_-13.2622_1.40812
1.12878_-12.7696_1.38745
1.21486_-12.2771_1.40812
1.21486_-12.2771_1.40812
1.38941_-11.812_1.01542
1.69887_-11.4206_0.788064
2.22473_-10.898_0.788064
2.49963_-10.4842_1.18076
2.68495_-10.0199_1.20143
2.86063_-9.55175_1.2221
3.03631_-9.08364_1.20143
3.23532_-8.55919_1.30477
3.37175_-8.07817_1.28411
3.51808_-7.60007_1.26344
3.66442_-7.12197_1.28411
3.81076_-6.64387_1.26344
3.95709_-6.16578_1.28411
4.08535_-5.7154_7.50529
4.34291_-5.29059_7.11259
4.67674_-4.91836_7.13325
5.01056_-4.54613_7.11259
5.35201_-4.18089_7.09192
5.7652_-3.72407_7.44328
5.90122_-3.24449_7.71197
5.9771_-2.75029_7.6913
6.05298_-2.25609_7.71197
6.12885_-1.76189_7.6913
6.20473_-1.26769_7.71197
6.26432_-0.836764_7.93932
6.20629_-0.340224_8.00133
6.138_0.155082_7.98066
6.07996_0.651693_7.95999
6.02192_1.1483_7.98066
5.94822_1.7022_8.39403
5.71373_2.14355_8.29068
5.49759_2.59441_8.31135
5.28145_3.04527_8.29068
5.0653_3.49613_8.31135
4.84916_3.94698_8.29068
4.67276_4.34153_8.084
4.54375_4.82452_8.146
4.40476_5.3048_8.12534
4.26577_5.78509_8.146
4.12679_6.26537_8.12534
3.99776_6.74843_8.10467
3.89274_7.12594_7.71197
4.05764_7.59456_7.31927
4.30798_8.02737_7.33994
4.55831_8.46018_7.31927
4.81753_8.88772_7.2986
5.07676_9.31527_7.31927
5.31245_9.72333_6.78189
5.694_10.0415_7.17459
5.92475_10.4814_7.56729
5.99013_10.9751_7.87732
5.96298_11.4743_7.93932
5.92002_11.7954_7.05058
6.27627_12.1462_7.07125
6.62519_12.5043_7.09192
6.97411_12.8624_7.07125
7.32303_13.2205_7.09192
7.67195_13.5786_7.07125
7.88276_13.7941_6.74056
7.88276_13.7941_6.74056
8.27713_14.0962_7.13325
8.57036_14.5003_7.31927
8.82069_14.9332_7.33994
9.06202_15.371_7.36061
9.27509_15.746_7.75331
9.25831_16.2442_8.02199
9.16961_16.7362_8.04266
9.07076_17.2264_8.06333
8.97191_17.7165_8.04266
8.88321_18.2085_8.02199
8.79952_18.6735_8.20801
8.63103_19.1442_8.18734
8.47232_19.6184_8.16667
8.3136_20.0925_8.18734
8.3136_20.0925_8.18734
8.14512_20.5633_8.20801
7.97664_21.034_8.18734
7.80816_21.5048_8.20801
7.62999_21.9719_8.22868
7.45181_22.4391_8.20801
7.29174_22.8861_8.02199
