configuration -26.5221767426_12.7890510559_0.0_1.0_-6.20937108994_31.1862716675_0.294171904018_0.955752525964
length 40.4116
time 288.6
roughness 0.0247203
-26.5222_12.7891_-0
-26.5222_12.7891_-1.11022e-16
-26.0265_12.7325_-0.227352
-25.5431_12.6047_-0.289357
-25.0614_12.4668_-0.268689
-24.5659_12.4309_0.12401
-24.0759_12.5284_0.268689
-23.5925_12.6561_0.24802
-23.1091_12.7838_0.268689
-22.6257_12.9116_0.24802
-22.2519_13.0161_-0.310026
-21.7583_12.9597_0.0826735
-21.2743_13.077_0.392699
-20.8144_13.2731_0.413367
-20.3544_13.4692_0.392699
-19.8906_13.6557_0.372031
-19.5114_13.8116_0.868072
-19.1225_14.1208_0.475373
-18.6449_14.2576_0.0826735
-18.1457_14.2525_-0.103342
-17.6478_14.206_-0.0826735
-17.15_14.1596_-0.103342
-16.7573_14.1187_-0.206684
-16.2605_14.1136_0.186015
-15.7701_14.2111_0.206684
-15.2797_14.3086_0.186015
-14.7874_14.396_0.165347
-14.2952_14.4834_0.186015
-13.8743_14.5665_-0.206684
-13.5104_14.7128_-6.09717
-13.0585_15.0995_-6.09717
-12.5976_15.2849_-5.70447
-12.1877_15.5711_-5.64247
-11.7838_15.8658_-5.66313
-11.3799_16.1606_-5.64247
-10.976_16.4553_-5.66313
-10.6962_16.662_-5.24977
-10.4359_17.0888_-5.27044
-10.1755_17.5157_-5.24977
-9.91513_17.9426_-5.27044
-9.68583_18.3137_-4.98108
-9.6537_18.757_-4.58838
-9.6537_18.757_-4.58838
-9.81015_19.2285_-4.19568
-10.1313_19.6565_-3.80298
-10.5024_19.991_-3.94766
-10.8522_20.3482_-3.92699
-11.2021_20.7053_-3.94766
-11.552_21.0625_-3.92699
-11.9092_21.4124_-3.90632
-12.255_21.7528_-3.76164
-12.7078_21.957_-3.36894
-13.2014_22.0341_-3.22427
-13.7001_22.0703_-3.2036
-13.7001_22.0703_-3.2036
-14.1804_22.1972_-3.5963
-14.5756_22.4983_-3.989
-14.8255_22.9276_-4.3817
-14.9531_23.4106_-4.52637
-15.0405_23.9029_-4.54704
-15.1177_24.3969_-4.56771
-15.1201_24.4327_-5.39445
-14.8882_24.872_-5.00175
-14.8215_25.3656_-4.69172
-14.8266_25.8655_-4.71239
-14.8318_26.3655_-4.69172
-14.8473_26.8652_-4.67105
-14.8496_27.225_-5.39445
-14.4672_27.5421_-5.78714
-14.0159_27.757_-5.89049
-13.556_27.9531_-5.86982
-13.556_27.9531_-5.86982
-13.1142_28.1863_-5.72514
-12.6874_28.4467_-5.74581
-12.2552_28.6981_-5.76648
-11.8231_28.9496_-5.74581
-11.3962_29.21_-5.72514
-10.9897_29.458_-5.58046
-10.5552_29.699_-5.97316
-10.0623_29.7656_-6.32452
-9.56294_29.7398_-6.34519
-9.06361_29.7139_-6.32452
-8.32782_29.6726_-5.66313
-7.92393_29.9673_-5.64247
-7.52004_30.262_-5.66313
-7.11014_30.5483_-5.6838
-7.11014_30.5483_-5.6838
-6.70024_30.8346_-5.66313
-6.29635_31.1294_-5.64247
-6.29635_31.1294_-5.64247
