configuration 0.916432738304_-13.7452163696_0.573727795176_0.819046040857_7.25410509109_23.1360397339_0.890376127727_0.455225604699
length 44.705
time 71.4699
roughness 0.00352405
0.916433_-13.7452_1.2221
0.970657_-13.6558_0.829401
0.970657_-13.6558_0.829401
1.30448_-13.2836_0.850069
1.63054_-12.9045_0.870738
1.9487_-12.5188_0.891406
2.26685_-12.1331_0.870738
2.59291_-11.7541_0.850069
2.73371_-11.5857_1.63547
2.75815_-11.0874_1.40812
2.84423_-10.5948_1.38745
2.94046_-10.1042_1.36678
3.0367_-9.61356_1.38745
3.12277_-9.12104_1.40812
3.21878_-8.63115_1.30477
3.22243_-8.57899_1.30477
3.35885_-8.09797_1.28411
3.50519_-7.61987_1.26344
3.65152_-7.14177_1.28411
3.79786_-6.66368_1.26344
3.89114_-6.36085_0.58138
4.32242_-6.10832_0.478039
4.76396_-5.87373_0.498707
5.2055_-5.63914_0.478039
5.64704_-5.40455_0.498707
6.08858_-5.16996_0.478039
6.50505_-4.95986_0.292023
6.94377_-4.72677_0.684722
7.28419_-4.36262_0.953411
7.56941_-3.95196_0.97408
7.85463_-3.5413_0.953411
8.14828_-3.13662_0.932743
8.40165_-2.78698_0.622717
8.74091_-2.42407_1.01542
8.91546_-1.95896_1.40812
8.97083_-1.46225_1.51146
8.99532_-0.962863_1.53213
9.00949_-0.463073_1.55279
9.0314_0.0108552_1.65614
8.90303_0.491438_2.0075
8.68689_0.942296_2.02817
8.46147_1.38859_2.04883
8.23606_1.83489_2.02817
8.06213_2.1958_2.66889
7.67245_2.50393_2.27619
7.43034_2.93774_1.88349
7.35214_3.42956_1.57346
7.35214_3.42956_1.57346
7.29422_3.92511_1.80081
7.18527_4.41308_1.78015
7.07631_4.90106_1.80081
6.96735_5.38903_1.78015
6.85839_5.87701_1.80081
6.75539_6.29696_2.0695
6.55835_6.75571_1.88349
6.39963_7.22984_1.90416
6.24092_7.70397_1.88349
6.0822_8.17811_1.90416
5.91372_8.64886_1.92482
5.78907_9.00219_1.44945
5.86493_9.49632_1.38745
5.95101_9.98884_1.40812
6.02689_10.483_1.42878
6.10277_10.9772_1.40812
6.18884_11.4698_1.38745
6.24194_11.8195_0.912074
6.56006_12.2051_0.850069
6.88612_12.5842_0.870738
7.21218_12.9632_0.850069
7.53824_13.3423_0.870738
7.8643_13.7213_0.850069
8.07327_13.951_1.65614
8.1283_14.4447_1.26344
8.36809_14.8798_0.870738
8.71672_15.2376_0.726059
9.10066_15.5578_0.664054
9.27118_15.756_1.05675
9.31373_15.7227_1.84215
9.1847_16.2058_1.82148
9.05567_16.6888_1.84215
8.91668_17.1691_1.86282
8.91668_17.1691_1.86282
8.71052_17.623_2.13151
8.44027_18.0436_2.15218
8.17002_18.4643_2.13151
7.89977_18.885_2.15218
7.62952_19.3056_2.13151
7.37572_19.7006_2.31752
7.01078_20.0417_2.4622
6.62508_20.3599_2.44153
6.23938_20.678_2.4622
5.85367_20.9962_2.44153
5.46797_21.3143_2.4622
5.29759_21.4492_1.6148
5.37298_21.9403_1.2221
5.63055_22.3651_0.829401
6.03108_22.659_0.436702
6.03108_22.659_0.436702
6.48631_22.8658_0.416034
6.94154_23.0726_0.436702
7.22502_23.1986_0.746727
7.22502_23.1986_1.13943
7.22502_23.1986_1.53213
7.22502_23.1986_1.53213
