configuration -11.6824054718_1.45032453537_1.45032453537_1.45032453537_24.2991828918_-14.4915781021_0.382683601539_0.382683601539
length 48.1494
time 1.74642
roughness 0.00279025
-11.6824_1.45032_2.22212
-11.6824_1.45032_1.82942
-11.6954_1.6591_1.43672
-11.5342_2.12901_1.04402
-11.5342_2.12901_1.04402
-11.2055_2.50148_0.651323
-10.7592_2.71979_0.258624
-10.2634_2.75071_-0.134075
-10.2634_2.75071_-0.134075
-9.76758_2.78163_0.258624
-9.29167_2.93423_0.361966
-8.82227_3.10644_0.341298
-8.82227_3.10644_0.341298
-8.3741_3.32569_0.56865
-7.9556_3.59927_0.589318
-7.9556_3.59927_0.589318
-7.51656_3.83702_0.403303
-7.05874_4.03799_0.423971
-6.60091_4.23895_0.403303
-6.60091_4.23895_0.403303
-6.12034_4.37142_0.134614
-5.62559_4.44364_0.155282
-5.13084_4.51586_0.134614
-5.13084_4.51586_0.134614
-5.13084_4.51586_0.527313
-5.05247_4.58511_0.920012
-4.97212_4.74956_1.31271
-4.97212_4.74956_1.31271
-4.75406_5.19593_0.920012
-4.38817_5.53293_0.56865
-3.95878_5.78895_0.506645
-3.95878_5.78895_0.506645
-3.51912_6.02704_0.485976
-3.07945_6.26513_0.506645
-2.85537_6.33698_0.113945
-2.85537_6.33698_0.113945
-2.36026_6.29609_-0.278754
-1.91331_6.07774_-0.630116
-1.50632_5.78732_-0.609448
-1.50632_5.78732_-0.609448
-1.09341_5.50537_-0.588779
-0.680498_5.22342_-0.609448
-0.267587_4.94146_-0.588779
-0.267587_4.94146_-0.588779
0.145323_4.65951_-0.609448
0.552319_4.36909_-0.630116
0.959314_4.07867_-0.609448
0.959314_4.07867_-0.609448
1.3779_3.80535_-0.547442
1.80211_3.5407_-0.568111
2.22076_3.26735_-0.588779
2.22076_3.26735_-0.588779
2.6215_2.9687_-0.692121
3.00972_2.65362_-0.671453
3.39793_2.33853_-0.692121
3.39793_2.33853_-0.692121
3.78615_2.02345_-0.671453
4.17437_1.70836_-0.692121
4.56258_1.39328_-0.671453
4.56258_1.39328_-0.671453
4.9508_1.07819_-0.692121
5.33902_0.763106_-0.671453
5.72723_0.448021_-0.692121
5.72723_0.448021_-0.692121
6.04051_0.0624557_-1.08482
6.18239_-0.413647_-1.47752
6.13128_-0.907803_-1.87022
6.13128_-0.907803_-1.87022
6.08016_-1.40196_-1.47752
6.22204_-1.87806_-1.08482
6.53532_-2.26363_-0.692121
6.53532_-2.26363_-0.692121
6.9723_-2.49996_-0.299422
7.46646_-2.55107_0.0932771
7.94256_-2.40919_0.485976
7.94256_-2.40919_0.485976
8.38223_-2.1711_0.506645
8.82189_-1.93302_0.485976
9.26638_-1.70407_0.465308
9.26638_-1.70407_0.465308
9.26638_-1.70407_0.0726087
9.57775_-1.74279_-0.32009
9.96428_-1.96228_-0.712789
9.96428_-1.96228_-0.712789
10.3023_-2.32926_-0.940142
10.5844_-2.74196_-1.00215
10.5844_-2.74196_-1.00215
10.9142_-3.11515_-0.692121
11.2958_-3.43819_-0.712789
11.6774_-3.76123_-0.692121
11.6774_-3.76123_-0.692121
12.0305_-4.11418_-0.878136
12.3458_-4.50223_-0.898805
12.6611_-4.89028_-0.878136
12.6611_-4.89028_-0.878136
12.9921_-5.26491_-0.816131
13.3309_-5.63268_-0.8368
13.6696_-6.00044_-0.816131
13.6696_-6.00044_-0.816131
14.0372_-6.33869_-0.671453
14.4319_-6.64568_-0.650784
14.8265_-6.95268_-0.671453
14.8265_-6.95268_-0.671453
15.2334_-7.24297_-0.568111
15.6576_-7.50762_-0.547442
16.0039_-7.82629_-0.940142
16.0039_-7.82629_-0.940142
16.3695_-8.16266_-0.547442
16.7937_-8.4273_-0.568111
17.2179_-8.69195_-0.547442
17.2179_-8.69195_-0.547442
17.6117_-8.99829_-0.774795
17.9654_-9.35174_-0.795463
18.319_-9.70519_-0.774795
18.319_-9.70519_-0.774795
18.5994_-10.1153_-1.16749
18.7617_-10.5878_-1.31217
18.8846_-11.0724_-1.33284
18.8846_-11.0724_-1.33284
19.0936_-11.5231_-0.940142
19.4592_-11.8595_-0.547442
19.894_-12.1063_-0.485437
19.894_-12.1063_-0.485437
20.2797_-12.4194_-0.878136
20.5163_-12.8562_-1.27084
20.5676_-13.3504_-1.66353
20.5676_-13.3504_-1.66353
20.5974_-13.6364_-1.27084
20.8339_-14.0733_-0.878136
21.2197_-14.3864_-0.485437
21.2197_-14.3864_-0.485437
21.6959_-14.528_-0.0927383
22.1952_-14.5485_0.0106036
22.6951_-14.538_0.031272
22.6951_-14.538_0.031272
23.195_-14.5276_0.0106036
23.6949_-14.5171_0.031272
24.1944_-14.4963_0.0519403
24.1944_-14.4963_0.0519403
