configuration 0.916432738304_-13.7452163696_0.573727795176_0.819046040857_7.25410509109_23.1360397339_0.890376127727_0.455225604699
length 39.9969
time 2.45255
roughness 0.00176373
0.916433_-13.7452_1.2221
1.06271_-13.2673_1.32544
1.18916_-12.7836_1.30477
1.31561_-12.2999_1.32544
1.31561_-12.2999_1.32544
1.48135_-11.8289_1.13943
1.68569_-11.3726_1.16009
1.88057_-10.9121_1.18076
1.88057_-10.9121_1.18076
2.03662_-10.4375_1.32544
2.16308_-9.9538_1.30477
2.28953_-9.47007_1.32544
2.28953_-9.47007_1.32544
2.5019_-9.02095_0.932743
2.81992_-8.63542_0.829401
3.15374_-8.26319_0.850069
3.15374_-8.26319_0.850069
3.40247_-7.83315_1.24277
3.52882_-7.34982_1.38745
3.6149_-6.8573_1.40812
3.6149_-6.8573_1.40812
3.71112_-6.36673_1.34611
3.81747_-5.87818_1.36678
3.92383_-5.38963_1.34611
3.92383_-5.38963_1.34611
4.12687_-4.93622_0.953411
4.43686_-4.54419_0.850069
4.77068_-4.17197_0.829401
4.77068_-4.17197_0.829401
4.85853_-4.07401_0.850069
4.85853_-4.07401_0.912074
4.85853_-4.07401_0.932743
4.85853_-4.07401_0.932743
5.2266_-3.74036_0.540044
5.45907_-3.52962_0.932743
5.45907_-3.52962_0.932743
5.69037_-3.0886_1.24277
5.85634_-2.61696_1.2221
6.03202_-2.14885_1.20143
6.03202_-2.14885_1.20143
6.12777_-1.66072_1.55279
6.14193_-1.16093_1.53213
6.16642_-0.661538_1.51146
6.16642_-0.661538_1.51146
6.22179_-0.164837_1.40812
6.30787_0.327689_1.38745
6.39394_0.820216_1.40812
6.39394_0.820216_1.40812
6.4287_1.31828_1.59413
6.41187_1.81799_1.6148
6.39504_2.3177_1.59413
6.39504_2.3177_1.59413
6.35759_2.81607_1.69747
6.29955_3.31268_1.6768
6.25178_3.81039_1.65614
6.25178_3.81039_1.65614
6.2762_4.30829_1.38745
6.37244_4.79893_1.36678
6.46868_5.28957_1.38745
6.46868_5.28957_1.38745
6.52402_5.78606_1.53213
6.54851_6.28545_1.51146
6.573_6.78484_1.53213
6.573_6.78484_1.53213
6.63856_7.2798_1.34611
6.74491_7.76835_1.36678
6.85127_8.2569_1.34611
6.85127_8.2569_1.34611
6.90654_8.75275_1.57346
6.91037_9.25272_1.55279
6.92454_9.75252_1.53213
6.92454_9.75252_1.53213
6.84653_10.2431_1.92482
6.61264_10.6834_2.19351
6.32524_11.0925_2.17285
6.32524_11.0925_2.17285
6.32524_11.0925_1.98683
6.32524_11.0925_1.98683
6.21697_11.5774_1.59413
6.3025_12.0667_1.20143
6.49871_12.3758_0.808733
6.49871_12.3758_0.808733
6.88189_12.6953_0.58138
7.30799_12.9567_0.519375
7.73946_13.2094_0.540044
7.73946_13.2094_0.540044
8.11483_13.5358_0.891406
8.41673_13.9342_0.953411
8.65642_14.3117_1.05675
8.65642_14.3117_1.05675
8.86998_14.7634_1.20143
9.04566_15.2315_1.2221
9.04566_15.2315_1.2221
9.12105_15.7225_1.6148
9.07331_16.22_1.71814
9.00502_16.7153_1.69747
9.00502_16.7153_1.69747
8.89621_17.2026_1.88349
8.74733_17.6799_1.86282
8.6471_17.9793_1.92482
8.6471_17.9793_1.92482
8.41321_18.4195_2.19351
8.12581_18.8287_2.17285
7.83841_19.2378_2.19351
7.83841_19.2378_2.19351
7.63295_19.6901_1.80081
7.5545_20.1835_1.65614
7.50674_20.6812_1.6768
7.50674_20.6812_1.6768
7.45898_21.1789_1.65614
7.41121_21.6766_1.6768
7.35318_22.1732_1.69747
7.35318_22.1732_1.69747
7.29514_22.6698_1.6768
7.18272_23.1285_1.94549
7.18272_23.1285_1.94549
