configuration -1.36608982086_8.91640663147_-0.333444235273_0.942769824487_9.04581165314_-18.3528499603_-0.788205594687_0.615412008742
length 36.3326
time 1.06137
roughness 0.00334287
-1.36609_8.91641_-0.679909
-0.987267_8.5902_-0.741914
-0.615214_8.25618_-0.721246
-0.236337_7.92992_-0.700577
-0.236337_7.92992_-0.700577
0.10613_7.5671_-0.92793
0.40172_7.16384_-0.948598
0.697309_6.76058_-0.92793
0.697309_6.76058_-0.92793
0.967112_6.34014_-1.07261
1.21055_5.90341_-1.05194
1.45399_5.46669_-1.07261
1.45399_5.46669_-1.07261
1.6508_5.00784_-1.25862
1.79943_4.53045_-1.27929
1.94807_4.05306_-1.25862
1.94807_4.05306_-1.25862
2.18995_3.61913_-0.865924
2.57948_3.31079_-0.473225
3.05735_3.17499_-0.0805263
3.05735_3.17499_-0.0805263
3.55611_3.13993_-0.0598579
4.05549_3.11518_-0.0391895
4.55527_3.10075_-0.0185212
4.55527_3.10075_-0.0185212
5.04064_2.99482_-0.41122
5.49686_2.79024_-0.431889
5.95308_2.58565_-0.41122
5.95308_2.58565_-0.41122
6.36097_2.30205_-0.803919
6.64702_1.89439_-1.11394
6.86292_1.44342_-1.13461
6.86292_1.44342_-1.13461
6.98093_0.960849_-1.52731
6.90529_0.469849_-1.92001
6.90529_0.469849_-1.92001
6.82964_-0.0211509_-1.52731
6.94765_-0.503725_-1.13461
7.24135_-0.904405_-0.741914
7.24135_-0.904405_-0.741914
7.66602_-1.16219_-0.349215
8.15702_-1.23784_0.043484
8.65166_-1.1699_0.229499
8.65166_-1.1699_0.229499
9.14818_-1.15344_-0.1632
9.61321_-1.32824_-0.555899
9.97594_-1.66769_-0.948598
9.97594_-1.66769_-0.948598
10.2715_-2.07094_-0.92793
10.5671_-2.4742_-0.948598
10.8627_-2.87746_-0.92793
10.8627_-2.87746_-0.92793
11.0867_-3.32159_-1.27929
11.2155_-3.80464_-1.3413
11.3775_-4.16182_-0.948598
11.3775_-4.16182_-0.948598
11.6813_-4.55883_-0.886593
12.0013_-4.943_-0.865924
12.3292_-5.32047_-0.845256
12.3292_-5.32047_-0.845256
12.58_-5.74931_-1.23796
12.58_-5.74931_-1.23796
12.7483_-6.22014_-1.21729
12.9165_-6.69098_-1.23796
13.0164_-7.09939_-1.42397
13.0164_-7.09939_-1.42397
12.9918_-7.59558_-1.81667
12.8453_-8.07339_-1.92001
12.6693_-8.54141_-1.94068
12.6693_-8.54141_-1.94068
12.4028_-8.96067_-2.33338
12.0394_-9.30373_-2.43672
12.0394_-9.30373_-2.43672
11.731_-9.69325_-2.04402
11.5171_-10.1451_-1.98202
11.3125_-10.6013_-2.00268
11.3125_-10.6013_-2.00268
11.1079_-11.0575_-1.98202
10.9128_-11.5179_-1.96135
10.7177_-11.9782_-1.98202
10.7177_-11.9782_-1.98202
10.5615_-12.4524_-1.796
10.4448_-12.9386_-1.81667
10.3181_-13.4223_-1.83734
10.3181_-13.4223_-1.83734
10.1914_-13.906_-1.81667
10.0647_-14.3896_-1.83734
9.938_-14.8733_-1.81667
9.938_-14.8733_-1.81667
9.9134_-15.3695_-1.42397
10.032_-15.8545_-1.23796
10.2099_-16.3217_-1.17595
10.2099_-16.3217_-1.17595
10.3079_-16.8087_-1.56865
10.212_-17.2962_-1.96135
9.93689_-17.7098_-2.35405
9.93689_-17.7098_-2.35405
9.55326_-18.0294_-2.54006
9.13252_-18.2994_-2.60207
9.055_-18.3696_-2.20937
9.055_-18.3696_-2.20937
