configuration 0.916432738304_-13.7452163696_0.573727795176_0.819046040857_7.25410509109_23.1360397339_0.890376127727_0.455225604699
length 40.8229
time 0.868568
roughness 0.00227726
0.916433_-13.7452_1.2221
1.09211_-13.2771_1.20143
1.26779_-12.809_1.2221
1.44347_-12.3409_1.20143
1.44347_-12.3409_1.20143
1.60942_-11.8693_1.26344
1.75575_-11.3912_1.28411
1.90209_-10.9131_1.26344
1.90209_-10.9131_1.26344
2.03849_-10.4322_1.32544
2.15492_-9.94592_1.34611
2.27135_-9.45967_1.32544
2.27135_-9.45967_1.32544
2.41763_-8.98178_1.2221
2.58359_-8.51014_1.24277
2.74956_-8.0385_1.2221
2.74956_-8.0385_1.2221
2.93485_-7.57418_1.16009
3.12973_-7.11373_1.18076
3.3246_-6.65328_1.16009
3.3246_-6.65328_1.16009
3.36935_-6.58886_0.767396
3.78732_-6.32033_0.374697
4.27623_-6.2322_-0.0180023
4.27623_-6.2322_-0.0180023
4.76515_-6.14407_0.374697
5.18312_-5.87554_0.767396
5.46651_-5.46751_1.16009
5.46651_-5.46751_1.16009
5.60253_-4.98793_1.42878
5.67841_-4.49373_1.40812
5.76448_-4.0012_1.38745
5.76448_-4.0012_1.38745
5.81982_-3.50471_1.53213
5.84432_-3.00532_1.51146
5.86881_-2.50593_1.53213
5.86881_-2.50593_1.53213
5.8933_-2.00654_1.51146
5.91779_-1.50715_1.53213
5.94228_-1.00776_1.51146
5.94228_-1.00776_1.51146
5.99765_-0.511057_1.40812
6.07353_-0.016857_1.42878
6.14941_0.477343_1.40812
6.14941_0.477343_1.40812
6.15322_0.975328_1.71814
6.08494_1.47063_1.69747
6.01665_1.96594_1.71814
6.01665_1.96594_1.71814
5.91784_2.45585_1.82148
5.79882_2.94147_1.80081
5.6798_3.42709_1.82148
5.6798_3.42709_1.82148
5.64252_3.92312_1.47012
5.68763_4.42107_1.49079
5.72244_4.91985_1.51146
5.72244_4.91985_1.51146
5.7778_5.41655_1.40812
5.86388_5.90908_1.38745
5.94995_6.40161_1.40812
5.94995_6.40161_1.40812
6.00532_6.89831_1.51146
6.04013_7.39709_1.49079
6.07494_7.89586_1.51146
6.07494_7.89586_1.51146
6.10974_8.39464_1.49079
6.14455_8.89342_1.51146
6.17936_9.3922_1.49079
6.17936_9.3922_1.49079
6.25517_9.88598_1.34611
6.3716_10.3722_1.32544
6.48803_10.8585_1.34611
6.48803_10.8585_1.34611
6.55359_11.3534_1.53213
6.57808_11.8528_1.51146
6.61289_12.3516_1.49079
6.61289_12.3516_1.49079
6.74844_12.8295_1.09809
6.9917_13.1372_0.705391
7.22002_13.2646_0.312692
7.22002_13.2646_0.312692
7.65383_13.5067_0.705391
7.96196_13.8964_1.09809
8.09751_14.3743_1.49079
8.09751_14.3743_1.49079
8.14032_14.5253_1.09809
8.44845_14.915_0.705391
8.88226_15.1571_0.312692
8.88226_15.1571_0.312692
9.31606_15.3992_0.705391
9.6242_15.7889_1.09809
9.75975_16.2668_1.49079
9.75975_16.2668_1.49079
9.70208_16.7602_1.88349
9.53362_17.2309_1.94549
9.35545_17.6981_1.92482
9.35545_17.6981_1.92482
9.17728_18.1653_1.94549
8.9991_18.6324_1.92482
8.82093_19.0996_1.94549
8.82093_19.0996_1.94549
8.55241_19.5176_2.33819
8.19434_19.8664_2.4002
7.8291_20.2079_2.37953
7.8291_20.2079_2.37953
7.54353_20.6144_1.98683
7.41501_21.0955_1.6768
7.36725_21.5932_1.65614
7.36725_21.5932_1.65614
7.32978_22.0918_1.63547
7.29232_22.5904_1.65614
7.25485_23.089_1.63547
7.25485_23.089_1.63547
