configuration 0.916432738304_-13.7452163696_0.573727795176_0.819046040857_7.25410509109_23.1360397339_0.890376127727_0.455225604699
length 43.7204
time 3.10274
roughness 0.0026219
0.916433_-13.7452_1.2221
1.06271_-13.2673_1.32544
1.18916_-12.7836_1.30477
1.32558_-12.3026_1.28411
1.32558_-12.3026_1.28411
1.46201_-11.8215_1.30477
1.59843_-11.3405_1.28411
1.73486_-10.8595_1.30477
1.73486_-10.8595_1.30477
1.76944_-10.3639_1.69747
1.69094_-9.8702_1.75948
1.59209_-9.38008_1.78015
1.59209_-9.38008_1.78015
1.58563_-8.88333_1.38745
1.76976_-8.42192_0.994748
2.11645_-8.0661_0.602049
2.11645_-8.0661_0.602049
2.46314_-7.71027_0.994748
2.72233_-7.28279_1.05675
2.97266_-6.84998_1.03608
2.97266_-6.84998_1.03608
3.29705_-6.47287_0.684722
3.68106_-6.15267_0.705391
4.06506_-5.83246_0.684722
4.06506_-5.83246_0.684722
4.38118_-5.44922_1.07742
4.61341_-5.00643_1.09809
4.83644_-4.55894_1.11876
4.83644_-4.55894_1.11876
5.13646_-4.16297_0.726059
5.56517_-3.91195_0.33336
6.05731_-3.8441_-0.0593391
6.05731_-3.8441_-0.0593391
6.54944_-3.77624_0.33336
6.97815_-3.52522_0.726059
7.27817_-3.12925_1.11876
7.27817_-3.12925_1.11876
7.40381_-2.64861_1.51146
7.40765_-2.14884_1.6148
7.39082_-1.64914_1.59413
7.39082_-1.64914_1.59413
7.40498_-1.14956_1.49079
7.43978_-0.650781_1.51146
7.47459_-0.152003_1.49079
7.47459_-0.152003_1.49079
7.48875_0.347574_1.59413
7.48225_0.847523_1.57346
7.47575_1.34747_1.59413
7.47575_1.34747_1.59413
7.50022_1.84644_1.44945
7.55561_2.34335_1.47012
7.611_2.84026_1.44945
7.611_2.84026_1.44945
7.68687_3.33439_1.38745
7.77294_3.82692_1.40812
7.85902_4.31945_1.38745
7.85902_4.31945_1.38745
7.89375_4.81716_1.6148
7.87692_5.31687_1.59413
7.86009_5.81657_1.6148
7.86009_5.81657_1.6148
7.74183_6.29909_2.0075
7.50734_6.74044_2.11084
7.25471_7.17191_2.09017
7.25471_7.17191_2.09017
6.93614_7.55394_2.44153
6.52606_7.83876_2.62755
6.52606_7.83876_2.23485
6.52606_7.83876_2.23485
6.2059_8.2227_2.29686
5.87782_8.60001_2.27619
5.57447_8.9638_2.25552
5.57447_8.9638_2.25552
5.46405_9.17161_1.86282
5.46405_9.17161_1.47012
5.46405_9.17161_1.40812
5.46405_9.17161_1.40812
5.61962_9.64469_1.09809
5.86092_10.0825_1.03608
6.03263_10.466_1.26344
6.03263_10.466_1.26344
6.24573_10.9166_0.994748
6.40079_11.3052_1.38745
6.40079_11.3052_1.38745
6.58492_11.7666_0.994748
6.93161_12.1224_0.602049
7.36271_12.3748_0.45737
7.36271_12.3748_0.45737
7.75708_12.677_0.850069
8.03292_13.0922_1.11876
8.25596_13.5397_1.09809
8.25596_13.5397_1.09809
8.46022_13.9958_1.20143
8.62603_14.4113_1.18076
8.62603_14.4113_1.18076
8.8209_14.8718_1.16009
8.8209_14.8718_1.16009
9.1043_15.2798_0.767396
9.52227_15.5483_0.374697
9.99295_15.7168_0.312692
9.99295_15.7168_0.312692
10.4268_15.9589_0.705391
10.7349_16.3486_1.09809
10.8704_16.8265_1.49079
10.8704_16.8265_1.49079
10.8128_17.3199_1.88349
10.5973_17.7694_2.15218
10.3184_18.1844_2.17285
10.3184_18.1844_2.17285
10.0395_18.5994_2.15218
9.76925_19.0201_2.13151
9.499_19.4407_2.15218
9.499_19.4407_2.15218
9.22875_19.8614_2.13151
8.96725_20.2876_2.11084
8.70575_20.7137_2.13151
8.70575_20.7137_2.13151
8.44425_21.1399_2.11084
8.19161_21.5713_2.09017
7.93897_22.0028_2.11084
7.93897_22.0028_2.11084
7.67747_22.429_2.13151
7.41597_22.8551_2.11084
7.25082_23.1243_2.13151
7.25082_23.1243_2.13151
