configuration 0.916432738304_-13.7452163696_0.573727795176_0.819046040857_7.25410509109_23.1360397339_0.890376127727_0.455225604699
length 41.4022
time 1.38691
roughness 0.0030421
0.916433_-13.7452_1.2221
1.06271_-13.2673_1.32544
1.18916_-12.7836_1.30477
1.31561_-12.2999_1.32544
1.31561_-12.2999_1.32544
1.45202_-11.8189_1.26344
1.59835_-11.3408_1.28411
1.74469_-10.8627_1.26344
1.74469_-10.8627_1.26344
1.85089_-10.3749_1.44945
1.91654_-9.87919_1.42878
1.99242_-9.38499_1.40812
1.99242_-9.38499_1.40812
2.07849_-8.89246_1.38745
2.16457_-8.39994_1.40812
2.25064_-7.90741_1.38745
2.25064_-7.90741_1.38745
2.43478_-7.446_0.994748
2.74445_-7.05436_0.808733
3.0859_-6.68911_0.829401
3.0859_-6.68911_0.829401
3.45581_-6.35379_0.643386
3.85892_-6.05799_0.622717
4.26202_-5.76219_0.643386
4.26202_-5.76219_0.643386
4.59371_-5.39235_1.03608
4.76849_-4.92663_1.38745
4.86473_-4.43599_1.36678
4.86473_-4.43599_1.36678
5.05836_-3.97848_0.97408
5.41233_-3.6299_0.58138
5.87275_-3.44331_0.188681
5.87275_-3.44331_0.188681
6.33317_-3.25672_0.58138
6.68714_-2.90814_0.97408
6.88077_-2.45063_1.36678
6.88077_-2.45063_1.36678
6.93608_-1.95443_1.55279
6.93991_-1.45445_1.57346
6.94375_-0.954475_1.55279
6.94375_-0.954475_1.55279
6.98882_-0.456948_1.40812
7.07489_0.0355785_1.38745
7.16097_0.528105_1.40812
7.16097_0.528105_1.40812
7.19573_1.02617_1.59413
7.18923_1.52612_1.57346
7.18273_2.02607_1.59413
7.18273_2.02607_1.59413
7.22774_2.52296_1.36678
7.32397_3.0136_1.38745
7.41005_3.50613_1.40812
7.41005_3.50613_1.40812
7.39333_4.00264_1.80081
7.18787_4.45496_2.19351
6.82496_4.79422_2.58621
6.82496_4.79422_2.58621
6.46204_5.13348_2.19351
6.25659_5.5858_1.80081
6.23986_6.08231_1.40812
6.23986_6.08231_1.40812
6.29523_6.57901_1.51146
6.33004_7.07779_1.49079
6.36485_7.57657_1.51146
6.36485_7.57657_1.51146
6.42021_8.07327_1.40812
6.50629_8.5658_1.38745
6.59236_9.05832_1.40812
6.59236_9.05832_1.40812
6.57564_9.55483_1.80081
6.54556_9.86823_1.53213
6.54556_9.86823_1.53213
6.47577_10.3072_1.92482
6.47577_10.3072_1.53213
6.47577_10.3072_1.13943
6.47577_10.3072_1.13943
6.59145_10.7904_1.53213
6.58495_11.2901_1.63547
6.60899_11.4715_1.24277
6.60899_11.4715_1.24277
6.72525_11.9571_1.42878
6.80113_12.4513_1.40812
6.877_12.9455_1.42878
6.877_12.9455_1.42878
7.04191_13.4141_1.03608
7.3736_13.784_0.643386
7.65137_14.0255_0.788064
7.65137_14.0255_0.788064
8.05841_14.3114_0.436702
8.50927_14.5276_0.45737
8.96013_14.7437_0.436702
8.96013_14.7437_0.436702
9.36066_15.0376_0.829401
9.61822_15.4624_1.2221
9.69362_15.9535_1.6148
9.69362_15.9535_1.6148
9.57536_16.436_2.0075
9.34087_16.8773_2.11084
9.08823_17.3088_2.09017
9.08823_17.3088_2.09017
8.87227_17.7593_1.94549
8.68448_18.2227_1.96616
8.48715_18.6821_1.98683
8.48715_18.6821_1.98683
8.37889_19.1669_1.59413
8.37889_19.1669_1.59413
8.34144_19.6653_1.69747
8.27315_20.1606_1.71814
8.18446_20.6526_1.78015
8.18446_20.6526_1.78015
7.99763_21.1136_2.13151
7.72738_21.5343_2.15218
7.59972_21.8493_1.75948
7.59972_21.8493_1.75948
7.48075_22.3347_1.86282
7.34176_22.815_1.84215
7.22002_23.1342_2.02817
7.22002_23.1342_2.02817
