configuration -1.36608982086_8.91640663147_-0.333444235273_0.942769824487_9.04581165314_-18.3528499603_-0.788205594687_0.615412008742
length 37.2849
time 0.875918
roughness 0.00471105
-1.36609_8.91641_-0.679909
-1.00133_8.57506_-0.824588
-0.658131_8.21146_-0.803919
-0.307491_7.85503_-0.783251
0.0575282_7.51345_-0.721246
0.436405_7.18719_-0.700577
0.815282_6.86093_-0.721246
1.19416_6.53468_-0.700577
1.5797_6.21632_-0.679909
1.96524_5.89796_-0.700577
2.34411_5.57171_-0.721246
2.72299_5.24545_-0.700577
3.10187_4.91919_-0.721246
3.40378_4.52467_-1.11394
3.60079_4.06536_-1.21729
3.76903_3.59452_-1.23796
4.01982_3.16568_-0.845256
4.35544_2.79507_-0.824588
4.69864_2.43147_-0.803919
4.96694_2.01336_-1.19662
5.13515_1.54259_-1.25862
5.28379_1.0652_-1.27929
5.43243_0.587811_-1.25862
5.58106_0.110424_-1.27929
5.7297_-0.366963_-1.25862
5.7297_-0.366963_-0.865924
6.11922_-0.675299_-0.473225
6.5971_-0.811099_-0.0805263
7.07497_-0.946898_-0.473225
7.4645_-1.25523_-0.865924
7.70638_-1.68917_-1.25862
7.70638_-1.68917_-0.865924
8.09591_-1.9975_-0.473225
8.57378_-2.1333_-0.0805263
9.06725_-2.07589_0.312173
9.50118_-1.83401_0.704872
9.80951_-1.44448_1.09757
9.80951_-1.44448_0.704872
9.80951_-1.44448_0.312173
9.80951_-1.44448_-0.0805263
10.277_-1.39009_0.312173
10.277_-1.39009_-0.0805263
10.7549_-1.52589_-0.473225
11.1444_-1.83422_-0.865924
11.3863_-2.26816_-1.25862
11.4437_-2.76162_-1.65132
11.4086_-3.26038_-1.63065
11.3839_-3.75976_-1.60999
11.4616_-4.25043_-1.21729
11.7212_-4.674_-0.824588
11.9963_-4.87377_-0.431889
12.4387_-5.10613_-0.53523
12.8714_-5.35669_-0.514562
13.2281_-5.6638_-0.907261
13.4518_-6.10735_-1.29996
13.4888_-6.60277_-1.69266
13.3924_-7.09294_-1.83734
13.1705_-7.53746_-2.23004
12.8152_-7.88705_-2.49873
12.4119_-8.18264_-2.51939
12.4119_-8.18264_-2.1267
12.3751_-8.28054_-1.734
12.3916_-8.77706_-1.3413
12.408_-9.27358_-1.734
12.2815_-9.75656_-1.92001
12.1056_-10.2246_-1.94068
11.9394_-10.6961_-1.87867
11.783_-11.171_-1.89934
11.6265_-11.6458_-1.87867
11.4999_-12.1293_-1.77533
11.3933_-12.6178_-1.796
11.2867_-13.1063_-1.77533
11.0928_-13.5637_-2.16803
10.7386_-13.9121_-2.56073
10.2781_-14.0985_-2.95343
9.81761_-14.2848_-2.56073
9.46346_-14.6332_-2.16803
9.26959_-15.0906_-1.77533
9.20375_-15.5858_-1.63065
9.17899_-16.0852_-1.60999
9.15424_-16.5846_-1.63065
9.11918_-17.0833_-1.65132
9.08411_-17.5821_-1.63065
9.05936_-18.0815_-1.60999
