configuration -1.36608982086_8.91640663147_-0.333444235273_0.942769824487_9.04581165314_-18.3528499603_-0.788205594687_0.615412008742
length 40.4892
time 1.15099
roughness 0.00375567
-1.36609_8.91641_-0.679909
-0.987267_8.5902_-0.741914
-0.615214_8.25618_-0.721246
-0.24316_7.92216_-0.741914
0.0505387_7.52148_-1.13461
0.266448_7.07051_-1.11394
0.482358_6.61954_-1.13461
0.776057_6.21886_-0.741914
1.20073_5.96107_-0.349215
1.65829_5.84121_-0.1632
2.12332_5.66641_-0.555899
2.48606_5.32696_-0.948598
2.75597_4.90634_-1.05194
2.95264_4.44781_-1.27929
3.10128_3.97043_-1.25862
3.24991_3.49304_-1.27929
3.48278_3.0542_-0.886593
3.80279_2.67003_-0.865924
4.1228_2.28587_-0.886593
4.3742_1.85598_-1.19662
4.56175_1.3925_-1.17595
4.75884_0.932994_-1.15528
5.0442_0.52633_-0.762583
5.43568_0.216451_-0.576567
5.85763_-0.051773_-0.555899
6.32266_-0.226571_-0.1632
6.79305_-0.210972_0.229499
6.98354_-0.124563_0.622198
7.43596_0.0806598_0.229499
7.93248_0.0971253_-0.1632
8.39751_-0.0776726_-0.555899
8.83509_-0.319131_-0.452557
9.28698_-0.533102_-0.431889
9.73888_-0.747073_-0.452557
10.0097_-0.952486_-0.845256
10.2605_-1.38133_-1.23796
10.3281_-1.8735_-1.63065
10.3957_-2.36567_-1.23796
10.6465_-2.79451_-0.845256
11.0365_-3.10324_-0.493894
11.4196_-3.41957_-0.886593
11.7234_-3.81657_-0.948598
12.0106_-4.22586_-0.969266
12.3662_-4.57273_-0.576567
12.8276_-4.7571_-0.183868
13.2459_-4.75188_0.208831
13.7426_-4.74568_-0.183868
14.2039_-4.93005_-0.576567
14.5596_-5.27692_-0.969266
14.8296_-5.69766_-1.03127
15.082_-6.12927_-1.05194
15.3344_-6.56087_-1.03127
15.5016_-7.02869_-1.42397
15.477_-7.52488_-1.81667
15.292_-7.98777_-2.08536
15.0688_-8.43496_-1.98202
14.8642_-8.89117_-2.00268
14.6596_-9.34739_-1.98202
14.4184_-9.78454_-2.16803
14.2879_-9.91289_-2.56073
14.2879_-9.91289_-2.95343
13.7912_-9.90883_-3.34613
13.3293_-9.72422_-3.69749
12.913_-9.44737_-3.7595
12.913_-9.44737_-3.3668
12.4164_-9.43304_-2.9741
11.9521_-9.60983_-2.5814
11.5691_-9.92888_-2.31271
11.2275_-10.294_-2.33338
10.8858_-10.659_-2.31271
10.6281_-11.0837_-1.92001
10.5015_-11.5667_-1.734
10.4254_-12.0608_-1.71333
10.411_-12.5596_-1.48598
10.4482_-13.0582_-1.50664
10.4751_-13.5574_-1.52731
10.4095_-14.0505_-1.87867
10.263_-14.5285_-1.85801
10.1164_-15.0066_-1.87867
9.95994_-15.4815_-1.89934
9.80351_-15.9563_-1.87867
9.65693_-16.4344_-1.85801
9.51034_-16.9124_-1.87867
9.35391_-17.3873_-1.89934
9.19748_-17.8622_-1.87867
9.0509_-18.3402_-1.85801
