configuration 0.916432738304_-13.7452163696_0.573727795176_0.819046040857_7.25410509109_23.1360397339_0.890376127727_0.455225604699
length 44.2017
time 0.595596
roughness 0.00296895
0.916433_-13.7452_1.2221
1.12061_-13.2893_1.07742
1.35284_-12.8465_1.09809
1.57587_-12.399_1.11876
1.74149_-11.9284_1.34611
1.85792_-11.4421_1.32544
1.98437_-10.9584_1.30477
2.07032_-10.4666_1.49079
2.11543_-9.96861_1.47012
2.16054_-9.47066_1.49079
2.25657_-8.98106_1.26344
2.40291_-8.50297_1.28411
2.53933_-8.02195_1.30477
2.69545_-7.54718_1.20143
2.88077_-7.0828_1.18076
3.06608_-6.61842_1.20143
3.13616_-6.50805_0.808733
3.54268_-6.22249_0.416034
4.02753_-6.11422_0.0233344
4.51238_-6.00596_0.416034
4.9189_-5.7204_0.808733
5.18519_-5.301_1.20143
5.35113_-4.82943_1.26344
5.49747_-4.35133_1.28411
5.64381_-3.87323_1.26344
5.71938_-3.381_1.57346
5.72322_-2.88102_1.55279
5.72705_-2.38105_1.57346
5.6388_-1.8915_1.92482
5.46063_-1.42434_1.94549
5.28246_-0.95717_1.92482
5.20445_-0.46654_1.53213
5.3003_0.0221483_1.2221
5.46627_0.49379_1.24277
5.56222_0.982966_1.51146
5.59702_1.48174_1.49079
5.63183_1.98052_1.51146
5.57112_2.42086_1.90416
5.3201_2.84957_2.29686
4.92413_3.14958_2.68955
4.47212_3.36332_2.71022
4.0158_3.56767_2.73089
3.55535_3.76254_2.75156
3.14154_4.03744_2.35886
2.86444_4.44977_1.96616
2.76622_4.93676_1.57346
2.85186_5.42677_1.2221
3.01782_5.89841_1.24277
3.18379_6.37005_1.2221
3.42416_6.8062_0.912074
3.73428_7.19839_0.891406
4.0444_7.59059_0.912074
4.3295_8.00107_1.01542
4.5975_8.42317_0.994748
4.86551_8.84527_1.01542
5.04006_9.31038_1.40812
5.07482_9.80845_1.59413
5.05799_10.3082_1.6148
5.13338_10.7992_1.2221
5.35028_11.1569_0.829401
5.35028_11.1569_1.2221
5.60785_11.5817_0.829401
6.00837_11.8756_0.436702
6.47156_12.0634_0.33336
6.90027_12.3144_0.726059
7.20029_12.7104_1.11876
7.32593_13.191_1.51146
7.45158_13.6716_1.11876
7.75159_14.0676_0.726059
8.15412_14.363_0.540044
8.62186_14.5304_0.147345
8.93607_14.5605_0.0440028
9.41858_14.6788_0.436702
9.81911_14.9727_0.829401
10.0947_15.3875_1.13943
10.2104_15.8707_1.53213
10.2245_16.3704_1.55279
10.2284_16.8704_1.57346
10.1301_17.3574_1.96616
9.92339_17.8126_2.02817
9.69798_18.2589_2.04883
9.55988_18.7361_1.65614
9.51212_19.2338_1.6768
9.46435_19.7315_1.65614
9.32626_20.2087_2.04883
9.06498_20.6345_2.19351
8.76918_21.0376_2.21418
8.47338_21.4407_2.19351
8.17758_21.8438_2.21418
7.88178_22.2469_2.19351
7.59438_22.6561_2.17285
7.30698_23.0652_2.19351
