configuration -26.5221767426_12.7890510559_0.0_1.0_-6.20937108994_31.1862716675_0.294171904018_0.955752525964
length 37.7341
time 2.07385
roughness 0.00297076
-26.5222_12.7891_-0
-26.0349_12.886_0.392699
-25.6219_13.162_0.785398
-25.2647_13.5118_0.76473
-24.846_13.7793_0.372031
-24.3568_13.8661_-0.0206684
-23.8717_13.7591_-0.413367
-23.3866_13.6521_-0.0206684
-22.8898_13.6985_0.206684
-22.3994_13.796_0.186015
-21.9071_13.8834_0.165347
-21.4131_13.9606_0.144679
-20.9191_14.0378_0.165347
-20.4212_14.043_-0.144679
-19.9272_13.9658_-0.165347
-19.4349_13.8784_-0.186015
-19.1994_13.8564_0
-18.6994_13.8616_0.0206684
-18.1997_13.8771_0.0413367
-17.7003_13.9029_0.0620051
-17.2013_13.8874_-0.12401
-16.7045_13.8307_-0.103342
-16.2078_13.774_-0.12401
-15.7123_13.8099_0.268689
-15.2682_14.0327_0.661388
-15.1981_14.0679_0.268689
-14.7352_14.254_0.496041
-14.298_14.4965_0.516709
-13.8659_14.748_0.537378
-13.469_15.0504_0.76473
-13.1118_15.4002_0.785398
-12.7546_15.7501_0.76473
-12.4528_16.1462_1.07476
-12.238_16.5975_1.1781
-12.0514_17.0614_1.19877
-11.8649_17.5253_1.1781
-11.6783_17.9891_1.19877
-11.4918_18.453_1.1781
-11.2957_18.913_1.15743
-11.0996_19.3729_1.1781
-11.0026_19.8601_1.5708
-11.0996_20.3474_1.9635
-11.361_20.7387_2.35619
-11.7322_21.0734_2.45954
-12.1236_21.3845_2.4802
-12.5149_21.6957_2.45954
-12.8321_22.0781_2.06684
-13.0375_22.5335_1.92216
-13.2047_23.0047_1.90149
-13.2179_23.0273_2.29419
-13.613_23.3283_2.68689
-14.0933_23.4553_3.07959
-14.5736_23.5822_2.68689
-14.9688_23.8833_2.29419
-15.2187_24.3126_1.90149
-15.2852_24.805_1.50879
-15.1583_25.2853_1.11609
-14.9341_25.7322_1.09542
-14.7007_26.1743_1.07476
-14.4673_26.6165_1.09542
-14.2338_27.0587_1.07476
-13.9167_27.4411_0.682056
-13.4774_27.673_0.289357
-12.994_27.8007_0.227352
-12.5081_27.9184_0.24802
-12.0247_28.0462_0.268689
-11.5413_28.1739_0.24802
-11.0788_28.3599_0.516709
-10.6467_28.6114_0.537378
-10.2145_28.8629_0.516709
-9.75939_29.0681_0.330694
-9.2882_29.2354_0.351362
-8.817_29.4026_0.330694
-8.37659_29.6351_0.64072
-7.9727_29.9298_0.620051
-7.5628_30.2161_0.599383
-7.15291_30.5024_0.620051
-6.74901_30.7972_0.64072
-6.34512_31.0919_0.620051
