configuration -0.154660820961_0.194828033447_-0.382683650256_0.923879442258_17.3081588745_3.5618417263_0.0_1.0
length 30.2605
time 0.643102
roughness 0.00604968
-0.154661_0.194828_-0.785399
0.121343_-0.218241_-1.1781
0.28691_-0.516771_-0.950746
0.28691_-0.516771_-0.76473
0.636735_-0.873902_-0.826735
0.97155_-1.24524_-0.847404
1.29862_-1.62341_-0.868072
1.6815_-1.94096_-0.51671
2.11364_-2.19245_-0.537378
2.5405_-2.45281_-0.558047
2.94404_-2.74728_-0.702725
3.3289_-3.06647_-0.682057
3.71375_-3.38565_-0.702725
4.1482_-3.6266_-0.310026
4.63372_-3.74423_-0.165347
5.12772_-3.82142_-0.144679
5.62385_-3.79576_0.24802
6.07239_-3.5822_0.640719
6.41306_-3.21973_0.992081
6.70766_-2.81601_0.88874
7.01882_-2.42464_0.909408
7.32998_-2.03327_0.88874
7.5619_-1.59393_1.28144
7.60804_-1.09929_1.67414
7.47104_-0.621092_2.0255
7.16997_-0.22592_2.4182
6.79179_0.10115_2.43887
6.40694_0.420334_2.45954
6.0898_0.802727_2.06684
5.94313_1.27738_1.67414
5.98927_1.77202_1.28144
6.22119_2.21136_0.88874
6.54821_2.58948_0.826734
6.88303_2.96082_0.847403
7.2254_3.3251_0.785398
7.57527_3.68228_0.806066
7.92515_4.03946_0.785398
8.20115_4.45253_1.1781
8.29297_4.91414_1.5708
8.29297_4.91414_1.1781
8.56897_5.3272_0.785398
8.98204_5.60321_0.392699
9.46929_5.70013_-4.71694e-07
9.77703_5.76134_0.392699
10.0814_5.96471_0.785398
10.2848_6.26908_1.1781
10.5608_6.68214_0.785398
10.9738_6.95815_0.392699
11.4611_7.05507_-4.71694e-07
11.9483_7.15199_0.392699
12.4122_7.33854_0.37203
12.8761_7.5251_0.392699
13.3633_7.62201_-4.71694e-07
13.8506_7.52509_-0.3927
14.3063_7.31956_-0.454705
14.7015_7.01849_-0.847404
14.9514_6.58911_-1.2401
15.0179_6.09679_-1.6328
15.0844_5.60448_-1.2401
15.3343_5.1751_-0.847404
15.7295_4.87403_-0.454705
16.144_4.59708_-0.723394
16.5153_4.26226_-0.744062
16.8866_3.92745_-0.723394
17.2648_3.60038_-0.702725
