configuration -26.5221767426_12.7890510559_0.0_1.0_-6.20937108994_31.1862716675_0.294171904018_0.955752525964
length 42.2536
time 1.59815
roughness 0.00443435
-26.5222_12.7891_-0
-26.0225_12.8045_0.0620051
-25.5232_12.8304_0.0413367
-25.0238_12.8562_0.0620051
-24.5375_12.9634_0.372031
-24.0699_13.1404_0.351362
-23.6022_13.3173_0.372031
-23.1836_13.5847_0.76473
-22.8337_13.9418_0.826735
-22.4913_14.3062_0.806067
-22.1414_14.6633_0.785398
-21.7916_15.0205_0.806067
-21.4417_15.3777_0.785398
-21.1312_15.7682_1.01275
-20.8621_16.1896_0.992082
-20.5843_16.6053_0.971414
-20.2294_16.953_0.578714
-19.7835_17.1767_0.351362
-19.3158_17.3536_0.372031
-18.8267_17.4405_-0.0206684
-18.3415_17.3335_-0.413367
-17.8857_17.1279_-0.434036
-17.6957_16.9892_-0.826735
-17.437_16.5651_-1.21943
-17.3603_16.0743_-1.61213
-17.2836_15.5834_-1.21943
-17.0249_15.1593_-0.826735
-16.6608_14.8172_-0.682056
-16.2215_14.5853_-0.289357
-15.7789_14.544_0.103342
-15.7264_14.5478_0.0413367
-15.2356_14.4711_-0.351362
-14.8115_14.2124_-0.744061
-14.5659_14.0626_-0.351362
-14.0751_13.9859_0.0413367
-14.0497_13.9921_0.434036
-14.0497_13.9921_0.826735
-13.6926_14.3418_0.723393
-13.3213_14.6766_0.744061
-12.95_15.0114_0.723393
-12.6404_15.4008_1.07476
-12.3979_15.838_1.05409
-12.1554_16.2753_1.07476
-11.95_16.7307_1.21943
-11.7731_17.1983_1.19877
-11.5865_17.6622_1.1781
-11.4896_18.1494_1.5708
-11.5564_18.6435_1.83949
-11.6841_19.1269_1.81882
-11.751_19.6213_1.59146
-11.7665_20.121_1.61213
-11.782_20.6208_1.59146
-11.8889_21.1059_1.98416
-12.1734_21.5132_2.37686
-12.5921_21.7806_2.76956
-12.9226_21.9917_2.37686
-13.2071_22.399_1.98416
-13.3141_22.8841_1.59146
-13.421_23.3693_1.98416
-13.6171_23.8292_1.9635
-13.8037_24.2931_1.94283
-14.0711_24.7118_2.33553
-14.4784_24.9963_2.72823
-14.9576_25.1336_2.99691
-14.9576_25.1336_2.60421
-14.9576_25.1336_2.21152
-15.1037_25.4405_1.81882
-15.1294_25.9366_1.42612
-14.9632_26.4048_1.03342
-14.6306_26.7737_0.64072
-14.2043_27.0337_0.454704
-13.7574_27.2579_0.475373
-13.3153_27.4914_0.496041
-12.953_27.7918_0.88874
-12.7699_28.1386_1.28144
-12.7359_28.5031_1.67414
-12.7238_28.6333_1.28144
-12.4918_29.0726_0.88874
-12.1296_29.3731_0.496041
-11.6549_29.5197_0.103342
-11.1588_29.4838_-0.24802
-10.6754_29.3561_-0.268689
-10.192_29.2283_-0.24802
-9.70859_29.1006_-0.268689
-9.22794_28.9629_-0.289357
-8.73329_28.9167_0.103342
-8.25864_29.0634_0.496041
-7.86928_29.373_0.847403
-7.60122_29.7927_1.15743
-7.41469_30.2565_1.21943
-7.23776_30.7241_1.19877
-6.97036_31.1428_0.806067
-6.60595_31.3973_0.413367
-6.29955_31.4649_0.0206684
