configuration -0.154660820961_0.194828033447_-0.382683650256_0.923879442258_17.3081588745_3.5618417263_0.0_1.0
length 29.9912
time 0.691561
roughness 0.00542983
-0.154661_0.194828_-0.785399
0.209623_-0.147541_-0.723394
0.580959_-0.482357_-0.744062
0.952294_-0.817172_-0.723394
1.31658_-1.15954_-0.785399
1.52795_-1.39397_-0.88874
1.84713_-1.77882_-0.868072
2.1742_-2.157_-0.847404
2.50127_-2.53517_-0.868072
2.84354_-2.89936_-0.76473
3.20073_-3.24923_-0.785399
3.55791_-3.59911_-0.76473
3.97659_-3.86651_-0.372031
4.46446_-3.96356_-0.0206688
4.96436_-3.95839_0.0413363
5.44718_-3.84142_0.434035
5.86731_-3.5731_0.702724
6.25216_-3.25391_0.682056
6.66171_-2.96784_0.537377
7.08856_-2.70748_0.558046
7.51541_-2.44712_0.537377
7.88437_-2.11444_0.930076
8.09794_-1.6659_1.32278
8.22568_-1.1825_1.30211
8.25781_-0.739165_1.69481
8.20017_-0.565448_2.08751
8.20017_-0.565448_1.73614
8.02437_-0.100798_2.12884
7.71388_0.289736_2.35619
7.364_0.646918_2.33553
7.09659_1.0656_1.94283
7.02348_1.47752_1.55013
7.11052_1.96785_1.2401
7.27774_2.43905_1.21943
7.44497_2.91024_1.2401
7.48699_3.22118_1.6328
7.36007_3.70149_2.0255
7.059_4.09666_2.4182
7.059_4.09666_2.0255
6.97883_4.40001_1.6328
7.04538_4.89233_1.2401
7.13744_5.05052_0.847403
7.53261_5.35159_0.454704
8.0028_5.51846_0.227352
8.49106_5.62611_0.206683
8.98145_5.72366_0.186015
9.47183_5.8212_0.206683
9.96221_5.91874_0.186015
10.459_5.91361_-0.206684
10.9205_5.72801_-0.558047
11.3419_5.45888_-0.578715
11.7958_5.25413_-0.268689
12.2765_5.11643_-0.289358
12.7542_4.96882_-0.310026
13.2478_4.91246_0.082673
13.7254_5.04929_0.475372
14.1142_5.35846_0.868071
14.5031_5.66763_0.475372
14.9807_5.80446_0.082673
15.4743_5.74811_-0.310026
15.9087_5.50715_-0.702725
16.2425_5.13693_-0.971414
16.5203_4.7212_-0.992082
16.7981_4.30547_-0.971414
17.0844_3.89558_-0.950746
17.3702_3.62697_-0.558047
