configuration -14.0353517532_151.94859314_0.0_1.0_147.259887695_176.039077759_0.145212769539_0.989400450557
length 180.958
time 4.85259
roughness 3.9671e-05
-14.0354_151.949_-0
-13.5357_151.933_-0.0620051
-13.0363_151.907_-0.0413367
-12.537_151.881_-0.0620051
-12.0377_151.856_-0.0413367
-11.5384_151.83_-0.0620051
-11.0391_151.804_-0.0413367
-10.5397_151.778_-0.0620051
-10.0404_151.752_-0.0413367
-9.54108_151.727_-0.0620051
-9.04176_151.701_-0.0413367
-8.54243_151.675_-0.0620051
-8.04311_151.649_-0.0413367
-7.54379_151.623_-0.0620051
-7.04446_151.597_-0.0413367
-6.54514_151.572_-0.0620051
-6.04582_151.546_-0.0413367
-5.54649_151.52_-0.0620051
-5.04717_151.494_-0.0413367
-4.54784_151.468_-0.0620051
-4.04852_151.442_-0.0413367
-3.5492_151.417_-0.0620051
-3.04987_151.391_-0.0413367
-2.55055_151.365_-0.0620051
-2.05122_151.339_-0.0413367
-1.5519_151.313_-0.0620051
-1.05258_151.288_-0.0413367
-0.553254_151.262_-0.0620051
-0.0539298_151.236_-0.0413367
0.445394_151.21_-0.0620051
0.944718_151.184_-0.0413367
1.44404_151.158_-0.0620051
1.94337_151.133_-0.0413367
2.44269_151.107_-0.0620051
2.94201_151.081_-0.0413367
3.44134_151.055_-0.0620051
3.94066_151.029_-0.0413367
4.43998_151.003_-0.0620051
4.93931_150.978_-0.0413367
5.43863_150.952_-0.0620051
5.93796_150.926_-0.0413367
6.43728_150.9_-0.0620051
6.9366_150.874_-0.0413367
7.43593_150.849_-0.0620051
7.93525_150.823_-0.0413367
8.43457_150.797_-0.0620051
8.9339_150.771_-0.0413367
9.43365_150.756_-0.0206684
9.9334_150.74_-0.0413367
10.4327_150.714_-0.0620051
10.932_150.688_-0.0413367
11.4318_150.673_-0.0206684
11.9298_150.709_0.165347
12.4238_150.786_0.144679
12.9178_150.863_0.165347
13.4118_150.941_0.144679
13.9058_151.018_0.165347
14.3998_151.095_0.144679
14.8937_151.172_0.165347
15.3877_151.249_0.144679
15.8817_151.327_0.165347
16.374_151.414_0.186015
16.8663_151.501_0.165347
17.3603_151.579_0.144679
17.8543_151.656_0.165347
18.3466_151.743_0.186015
18.8389_151.83_0.165347
19.3329_151.908_0.144679
19.8269_151.985_0.165347
20.3192_152.072_0.186015
20.8115_152.16_0.165347
21.3055_152.237_0.144679
21.7995_152.314_0.165347
22.2918_152.401_0.186015
22.7841_152.489_0.165347
23.2781_152.566_0.144679
23.7721_152.643_0.165347
24.2644_152.731_0.186015
24.7567_152.818_0.165347
25.2507_152.895_0.144679
25.7447_152.972_0.165347
26.2369_153.06_0.186015
26.7292_153.147_0.165347
27.2232_153.224_0.144679
27.7172_153.302_0.165347
28.2095_153.389_0.186015
28.7018_153.476_0.165347
29.1958_153.554_0.144679
29.6898_153.631_0.165347
30.1821_153.718_0.186015
30.6744_153.805_0.165347
31.1684_153.883_0.144679
31.6405_154.039_0.496041
32.0827_154.273_0.475373
32.5249_154.506_0.496041
32.967_154.74_0.475373
33.4092_154.973_0.496041
33.8513_155.206_0.475373
34.2935_155.44_0.496041
34.7357_155.673_0.475373
35.1778_155.907_0.496041
35.62_156.14_0.475373
36.0622_156.373_0.496041
36.5043_156.607_0.475373
36.9465_156.84_0.496041
37.3887_157.074_0.475373
37.8308_157.307_0.496041
38.273_157.541_0.475373
38.7152_157.774_0.496041
39.1573_158.007_0.475373
39.5995_158.241_0.496041
40.0417_158.474_0.475373
40.4838_158.708_0.496041
40.926_158.941_0.475373
41.3681_159.174_0.496041
41.8103_159.408_0.475373
42.2525_159.641_0.496041
42.6946_159.875_0.475373
43.1368_160.108_0.496041
43.579_160.341_0.475373
44.0211_160.575_0.496041
44.4633_160.808_0.475373
44.9055_161.042_0.496041
45.3476_161.275_0.475373
45.7898_161.509_0.496041
46.232_161.742_0.475373
46.6741_161.975_0.496041
47.1163_162.209_0.475373
47.5585_162.442_0.496041
48.0006_162.676_0.475373
48.4475_162.9_0.454704
48.8944_163.124_0.475373
49.3366_163.357_0.496041
49.7787_163.591_0.475373
50.2256_163.815_0.454704
50.6725_164.039_0.475373
51.1147_164.273_0.496041
51.5569_164.506_0.475373
52.0038_164.73_0.454704
52.4506_164.955_0.475373
52.8928_165.188_0.496041
53.335_165.421_0.475373
53.7819_165.646_0.454704
54.2288_165.87_0.475373
54.6709_166.103_0.496041
55.0898_166.324_0.475373
55.5494_166.52_0.330694
56.0206_166.688_0.351362
56.4918_166.855_0.330694
56.9629_167.022_0.351362
57.4341_167.189_0.330694
57.9053_167.356_0.351362
58.3765_167.524_0.330694
58.8477_167.691_0.351362
59.3189_167.858_0.330694
59.7901_168.025_0.351362
60.2613_168.193_0.330694
60.7325_168.36_0.351362
61.2037_168.527_0.330694
61.6749_168.694_0.351362
62.1461_168.861_0.330694
62.6173_169.029_0.351362
63.0885_169.196_0.330694
63.5597_169.363_0.351362
64.0309_169.53_0.330694
64.5021_169.698_0.351362
64.9733_169.865_0.330694
65.4445_170.032_0.351362
65.9157_170.199_0.330694
66.3869_170.367_0.351362
66.8581_170.534_0.330694
67.3293_170.701_0.351362
67.8005_170.868_0.330694
68.2717_171.035_0.351362
68.7429_171.203_0.330694
69.2141_171.37_0.351362
69.6853_171.537_0.330694
70.1565_171.704_0.351362
70.6277_171.872_0.330694
71.0989_172.039_0.351362
71.5701_172.206_0.330694
72.0413_172.373_0.351362
72.5125_172.54_0.330694
72.987_172.698_0.310026
73.4616_172.855_0.330694
73.9328_173.023_0.351362
74.404_173.19_0.330694
74.8785_173.347_0.310026
75.3531_173.505_0.330694
75.7747_173.654_0.351362
76.2655_173.731_-0.0413367
76.7483_173.614_-0.434036
77.1496_173.321_-0.826735
77.4605_172.93_-0.971414
77.7383_172.514_-0.992082
78.0161_172.099_-0.971414
78.2939_171.683_-0.992082
78.5717_171.267_-0.971414
78.8494_170.852_-0.992082
79.1272_170.436_-0.971414
79.405_170.02_-0.992082
79.6828_169.604_-0.971414
79.9606_169.189_-0.992082
80.2383_168.773_-0.971414
80.5161_168.357_-0.992082
80.7939_167.941_-0.971414
81.0717_167.526_-0.992082
81.3495_167.11_-0.971414
81.6272_166.694_-0.992082
81.905_166.279_-0.971414
82.1828_165.863_-0.992082
82.4606_165.447_-0.971414
82.7384_165.031_-0.992082
83.0161_164.616_-0.971414
83.2939_164.2_-0.992082
83.5717_163.784_-0.971414
83.8495_163.368_-0.992082
84.1273_162.953_-0.971414
84.405_162.537_-0.992082
84.6828_162.121_-0.971414
84.9606_161.706_-0.992082
85.2384_161.29_-0.971414
85.5162_160.874_-0.992082
85.7939_160.458_-0.971414
86.0717_160.043_-0.992082
86.3495_159.627_-0.971414
86.6273_159.211_-0.992082
86.9051_158.795_-0.971414
87.1828_158.38_-0.992082
87.4606_157.964_-0.971414
87.7384_157.548_-0.992082
88.0162_157.133_-0.971414
88.294_156.717_-0.992082
88.5717_156.301_-0.971414
88.858_155.891_-0.950745
89.1444_155.481_-0.971414
89.4221_155.066_-0.992082
89.6999_154.65_-0.971414
89.941_154.305_-0.950745
90.303_153.964_-0.558046
90.7677_153.789_-0.165347
91.2642_153.804_0.227352
91.7415_153.952_0.372031
92.2054_154.138_0.392699
92.6693_154.325_0.372031
93.1332_154.511_0.392699
93.5971_154.698_0.372031
94.061_154.884_0.392699
94.5248_155.071_0.372031
94.9887_155.257_0.392699
95.4526_155.444_0.372031
95.9165_155.63_0.392699
96.3804_155.817_0.372031
96.8443_156.004_0.392699
97.3081_156.19_0.372031
97.772_156.377_0.392699
98.2359_156.563_0.372031
98.6998_156.75_0.392699
99.1637_156.936_0.372031
99.6276_157.123_0.392699
100.091_157.309_0.372031
100.555_157.496_0.392699
101.019_157.683_0.372031
101.483_157.869_0.392699
101.947_158.056_0.372031
102.411_158.242_0.392699
102.875_158.429_0.372031
103.339_158.615_0.392699
103.803_158.802_0.372031
104.266_158.988_0.392699
104.73_159.175_0.372031
105.194_159.362_0.392699
105.658_159.548_0.372031
106.122_159.735_0.392699
106.586_159.921_0.372031
107.05_160.108_0.392699
107.514_160.294_0.372031
107.977_160.481_0.392699
108.441_160.667_0.372031
108.905_160.854_0.392699
109.369_161.041_0.372031
109.833_161.227_0.392699
110.297_161.414_0.372031
110.761_161.6_0.392699
111.225_161.787_0.372031
111.689_161.973_0.392699
112.152_162.16_0.372031
112.616_162.346_0.392699
113.08_162.533_0.372031
113.544_162.72_0.392699
114.008_162.906_0.372031
114.472_163.093_0.392699
114.936_163.279_0.372031
115.4_163.466_0.392699
115.864_163.652_0.372031
116.327_163.839_0.392699
116.791_164.025_0.372031
117.255_164.212_0.392699
117.719_164.399_0.372031
118.183_164.585_0.392699
118.647_164.772_0.372031
119.111_164.958_0.392699
119.575_165.145_0.372031
120.038_165.331_0.392699
120.502_165.518_0.372031
120.966_165.704_0.392699
121.43_165.891_0.372031
121.894_166.078_0.392699
122.358_166.264_0.372031
122.822_166.451_0.392699
123.286_166.637_0.372031
123.75_166.824_0.392699
124.213_167.01_0.372031
124.677_167.197_0.392699
125.141_167.383_0.372031
125.605_167.57_0.392699
126.069_167.757_0.372031
126.533_167.943_0.392699
126.997_168.13_0.372031
127.461_168.316_0.392699
127.925_168.503_0.372031
128.392_168.68_0.351362
128.86_168.857_0.372031
129.324_169.043_0.392699
129.788_169.23_0.372031
130.255_169.407_0.351362
130.723_169.584_0.372031
131.187_169.77_0.392699
131.651_169.957_0.372031
132.118_170.134_0.351362
132.586_170.311_0.372031
133.05_170.497_0.392699
133.514_170.684_0.372031
133.981_170.861_0.351362
134.449_171.038_0.372031
134.913_171.224_0.392699
135.377_171.411_0.372031
135.844_171.588_0.351362
136.312_171.764_0.372031
136.776_171.951_0.392699
137.24_172.138_0.372031
137.707_172.315_0.351362
138.175_172.491_0.372031
138.639_172.678_0.392699
139.103_172.865_0.372031
139.57_173.041_0.351362
140.038_173.218_0.372031
140.502_173.405_0.392699
140.966_173.592_0.372031
141.433_173.768_0.351362
141.901_173.945_0.372031
142.365_174.132_0.392699
142.829_174.318_0.372031
143.297_174.495_0.351362
143.764_174.672_0.372031
144.228_174.859_0.392699
144.692_175.045_0.372031
145.16_175.222_0.351362
145.627_175.399_0.372031
146.091_175.586_0.392699
146.555_175.772_0.372031
147.023_175.949_0.351362
