configuration 161.70602417_-18.2518405914_0.169978369946_0.985447793519_193.750076294_109.599342346_0.85380148664_0.520598714377
length 172.27
time 7.30886
roughness 5.84847e-05
161.706_-18.2518_0.341615
162.159_-18.0416_0.527631
162.593_-17.7943_0.506962
163.033_-17.5561_0.486294
163.473_-17.3179_0.506962
163.912_-17.0797_0.486294
164.352_-16.8414_0.506962
164.791_-16.6032_0.486294
165.231_-16.365_0.506962
165.671_-16.1268_0.486294
166.11_-15.8885_0.506962
166.55_-15.6503_0.486294
166.989_-15.4121_0.506962
167.429_-15.1738_0.486294
167.869_-14.9356_0.506962
168.308_-14.6974_0.486294
168.748_-14.4592_0.506962
169.187_-14.2209_0.486294
169.627_-13.9827_0.506962
170.066_-13.7445_0.486294
170.506_-13.5062_0.506962
170.946_-13.268_0.486294
171.385_-13.0298_0.506962
171.825_-12.7916_0.486294
172.264_-12.5533_0.506962
172.704_-12.3151_0.486294
173.144_-12.0769_0.506962
173.583_-11.8387_0.486294
174.023_-11.6004_0.506962
174.462_-11.3622_0.486294
174.902_-11.124_0.506962
175.342_-10.8857_0.486294
175.781_-10.6475_0.506962
176.221_-10.4093_0.486294
176.66_-10.1711_0.506962
177.1_-9.93283_0.486294
177.539_-9.69461_0.506962
177.979_-9.45638_0.486294
178.419_-9.21815_0.506962
178.858_-8.97992_0.486294
179.298_-8.7417_0.506962
179.737_-8.50347_0.486294
180.177_-8.26524_0.506962
180.617_-8.02701_0.486294
181.056_-7.78879_0.506962
181.496_-7.55056_0.486294
181.935_-7.31233_0.506962
182.375_-7.0741_0.486294
182.815_-6.83588_0.506962
183.254_-6.59765_0.486294
183.694_-6.35942_0.506962
184.133_-6.12119_0.486294
184.573_-5.88296_0.506962
185.013_-5.64474_0.486294
185.452_-5.40651_0.506962
185.892_-5.16828_0.486294
186.331_-4.93005_0.506962
186.771_-4.69183_0.486294
187.21_-4.4536_0.506962
187.65_-4.21537_0.486294
188.09_-3.97714_0.506962
188.524_-3.72988_0.527631
188.959_-3.48262_0.506962
189.398_-3.24439_0.486294
189.838_-3.00616_0.506962
190.273_-2.7589_0.527631
190.707_-2.51164_0.506962
191.147_-2.27341_0.486294
191.586_-2.03519_0.506962
192.021_-1.78792_0.527631
192.455_-1.54066_0.506962
192.895_-1.30243_0.486294
193.335_-1.06421_0.506962
193.769_-0.816945_0.527631
194.158_-0.595711_0.506962
194.537_-0.274411_0.899662
194.764_0.167432_1.29236
194.805_0.662553_1.68506
194.682_1.14572_1.95375
194.5_1.6114_1.93308
194.328_2.08075_1.91241
194.155_2.55009_1.93308
193.983_3.01943_1.91241
193.811_3.48878_1.93308
193.629_3.95446_1.95375
193.447_4.42014_1.93308
193.274_4.88948_1.91241
193.102_5.35882_1.93308
192.92_5.8245_1.95375
192.738_6.29018_1.93308
192.565_6.75953_1.91241
192.393_7.22887_1.93308
192.211_7.69455_1.95375
192.029_8.16023_1.93308
191.857_8.62957_1.91241
191.684_9.09892_1.93308
191.502_9.5646_1.95375
191.32_10.0303_1.93308
191.148_10.4996_1.91241
190.976_10.969_1.93308
190.794_11.4346_1.95375
190.611_11.9003_1.93308
190.439_12.3697_1.91241
190.267_12.839_1.93308
190.085_13.3047_1.95375
189.903_13.7704_1.93308
189.73_14.2397_1.91241
189.558_14.7091_1.93308
189.376_15.1747_1.95375
189.194_15.6404_1.93308
189.022_16.1098_1.91241
188.849_16.5791_1.93308
188.667_17.0448_1.95375
188.485_17.5105_1.93308
188.313_17.9798_1.91241
188.14_18.4491_1.93308
187.958_18.9148_1.95375
187.776_19.3805_1.93308
187.604_19.8499_1.91241
187.432_20.3192_1.93308
187.25_20.7849_1.95375
187.068_21.2506_1.93308
186.895_21.7199_1.91241
186.723_22.1892_1.93308
186.541_22.6549_1.95375
186.359_23.1206_1.93308
186.186_23.5899_1.91241
186.014_24.0593_1.93308
185.832_24.525_1.95375
185.65_24.9906_1.93308
185.478_25.46_1.91241
185.305_25.9293_1.93308
185.123_26.395_1.95375
184.941_26.8607_1.93308
184.769_27.33_1.91241
184.597_27.7994_1.93308
184.415_28.2651_1.95375
184.233_28.7307_1.93308
184.06_29.2001_1.91241
183.888_29.6694_1.93308
183.706_30.1351_1.95375
183.524_30.6008_1.93308
183.351_31.0701_1.91241
183.179_31.5395_1.93308
182.997_32.0052_1.95375
182.815_32.4708_1.93308
182.643_32.9402_1.91241
182.47_33.4095_1.93308
182.288_33.8752_1.95375
182.106_34.3409_1.93308
181.934_34.8102_1.91241
181.762_35.2796_1.93308
181.579_35.7452_1.95375
181.397_36.2109_1.93308
181.225_36.6803_1.91241
181.053_37.1496_1.93308
180.871_37.6153_1.95375
180.689_38.081_1.93308
180.516_38.5503_1.91241
180.344_39.0197_1.93308
180.162_39.4853_1.95375
179.98_39.951_1.93308
179.808_40.4204_1.91241
179.635_40.8897_1.93308
179.453_41.3554_1.95375
179.271_41.8211_1.93308
179.099_42.2904_1.91241
178.926_42.7598_1.93308
178.744_43.2254_1.95375
178.562_43.6911_1.93308
178.39_44.1605_1.91241
178.218_44.6298_1.93308
178.036_45.0955_1.95375
177.854_45.5612_1.93308
177.681_46.0305_1.91241
177.509_46.4998_1.93308
177.327_46.9655_1.95375
177.145_47.4312_1.93308
176.972_47.9006_1.91241
176.8_48.3699_1.93308
176.618_48.8356_1.95375
176.436_49.3013_1.93308
176.264_49.7706_1.91241
176.091_50.2399_1.93308
175.909_50.7056_1.95375
175.727_51.1713_1.93308
175.555_51.6406_1.91241
175.383_52.11_1.93308
175.201_52.5757_1.95375
175.019_53.0413_1.93308
174.846_53.5107_1.91241
174.674_53.98_1.93308
174.492_54.4457_1.95375
174.31_54.9114_1.93308
174.137_55.3807_1.91241
173.965_55.8501_1.93308
173.783_56.3158_1.95375
173.601_56.7814_1.93308
173.429_57.2508_1.91241
173.256_57.7201_1.93308
173.074_58.1858_1.95375
172.892_58.6515_1.93308
172.72_59.1208_1.91241
172.547_59.5902_1.93308
172.365_60.0559_1.95375
172.183_60.5215_1.93308
172.011_60.9909_1.91241
171.839_61.4602_1.93308
171.657_61.9259_1.95375
171.475_62.3916_1.93308
171.302_62.8609_1.91241
171.13_63.3303_1.93308
170.948_63.7959_1.95375
170.766_64.2616_1.93308
170.594_64.731_1.91241
170.421_65.2003_1.93308
170.239_65.666_1.95375
170.057_66.1317_1.93308
169.885_66.601_1.91241
169.712_67.0704_1.93308
169.53_67.536_1.95375
169.348_68.0017_1.93308
169.176_68.4711_1.91241
169.004_68.9404_1.93308
168.822_69.4061_1.95375
168.64_69.8718_1.93308
168.467_70.3411_1.91241
168.295_70.8105_1.93308
168.113_71.2761_1.95375
167.931_71.7418_1.93308
167.758_72.2112_1.91241
167.586_72.6805_1.93308
167.404_73.1462_1.95375
167.222_73.6119_1.93308
167.05_74.0812_1.91241
166.877_74.5505_1.93308
166.695_75.0162_1.95375
166.513_75.4819_1.93308
166.341_75.9512_1.91241
166.169_76.4206_1.93308
165.987_76.8863_1.95375
165.805_77.352_1.93308
165.632_77.8213_1.91241
165.46_78.2906_1.93308
165.278_78.7563_1.95375
165.096_79.222_1.93308
164.923_79.6913_1.91241
164.751_80.1607_1.93308
164.569_80.6264_1.95375
164.477_81.1145_1.56105
164.578_81.6008_1.16835
164.858_82.0112_0.775651
165.264_82.3008_0.465626
165.708_82.5299_0.486294
166.152_82.759_0.465626
166.597_82.9881_0.486294
167.041_83.2172_0.465626
167.486_83.4462_0.486294
167.93_83.6753_0.465626
168.375_83.9044_0.486294
168.819_84.1335_0.465626
169.263_84.3626_0.486294
169.708_84.5917_0.465626
170.152_84.8208_0.486294
170.597_85.0499_0.465626
171.041_85.279_0.486294
171.485_85.5081_0.465626
171.93_85.7372_0.486294
172.374_85.9663_0.465626
172.819_86.1953_0.486294
173.263_86.4244_0.465626
173.708_86.6535_0.486294
174.152_86.8826_0.465626
174.596_87.1117_0.486294
175.041_87.3408_0.465626
175.485_87.5699_0.486294
175.93_87.799_0.465626
176.374_88.0281_0.486294
176.819_88.2572_0.465626
177.263_88.4863_0.486294
177.707_88.7154_0.465626
178.152_88.9445_0.486294
178.596_89.1735_0.465626
179.041_89.4026_0.486294
179.485_89.6317_0.465626
179.929_89.8608_0.486294
180.374_90.0899_0.465626
180.818_90.319_0.486294
181.263_90.5481_0.465626
181.707_90.7772_0.486294
182.152_91.0063_0.465626
182.596_91.2354_0.486294
183.04_91.4645_0.465626
183.485_91.6936_0.486294
183.929_91.9226_0.465626
184.374_92.1517_0.486294
184.818_92.3808_0.465626
185.262_92.6099_0.486294
185.707_92.839_0.465626
186.151_93.0681_0.486294
186.596_93.2972_0.465626
187.04_93.5263_0.486294
187.485_93.7554_0.465626
187.929_93.9845_0.486294
188.373_94.2136_0.465626
188.818_94.4427_0.486294
189.262_94.6717_0.465626
189.707_94.9008_0.486294
190.151_95.1299_0.465626
190.595_95.359_0.486294
191.04_95.5881_0.465626
191.484_95.8172_0.486294
191.929_96.0463_0.465626
192.373_96.2754_0.486294
192.818_96.5045_0.465626
193.262_96.7336_0.486294
193.706_96.9627_0.465626
194.151_97.1918_0.486294
194.595_97.4208_0.465626
194.987_97.7262_0.858325
195.232_98.1583_1.25102
195.293_98.6513_1.64372
195.242_99.1485_1.70573
195.169_99.6433_1.7264
195.097_100.138_1.70573
195.024_100.633_1.7264
194.952_101.127_1.70573
194.88_101.622_1.7264
194.807_102.117_1.70573
194.735_102.612_1.7264
194.663_103.106_1.70573
194.59_103.601_1.7264
194.518_104.096_1.70573
194.445_104.591_1.7264
194.373_105.085_1.70573
194.301_105.58_1.7264
194.228_106.075_1.70573
194.166_106.571_1.68506
194.104_107.067_1.70573
194.032_107.562_1.7264
193.959_108.056_1.70573
193.897_108.552_1.68506
193.835_109.049_1.70573
193.763_109.543_1.7264
