configuration 176.556686401_134.7056427_-0.977472527886_0.211062685542_59.5791053772_36.8438796997_0.982426073578_-0.18665210943
length 181.59
time 4.61531
roughness 3.77501e-05
176.557_134.706_-2.71627
176.103_134.495_-2.6956
175.65_134.284_-2.71627
175.197_134.073_-2.6956
174.744_133.862_-2.71627
174.29_133.651_-2.6956
173.837_133.44_-2.71627
173.384_133.229_-2.6956
172.93_133.018_-2.71627
172.477_132.807_-2.6956
172.024_132.596_-2.71627
171.571_132.385_-2.6956
171.117_132.174_-2.71627
170.664_131.963_-2.6956
170.211_131.752_-2.71627
169.757_131.541_-2.6956
169.304_131.33_-2.71627
168.851_131.119_-2.6956
168.397_130.908_-2.71627
167.944_130.697_-2.6956
167.491_130.486_-2.71627
167.038_130.275_-2.6956
166.584_130.064_-2.71627
166.131_129.853_-2.6956
165.678_129.642_-2.71627
165.224_129.431_-2.6956
164.771_129.22_-2.71627
164.318_129.009_-2.6956
163.865_128.798_-2.71627
163.411_128.587_-2.6956
162.958_128.376_-2.71627
162.505_128.165_-2.6956
162.051_127.954_-2.71627
161.598_127.743_-2.6956
161.145_127.532_-2.71627
160.692_127.321_-2.6956
160.238_127.11_-2.71627
159.785_126.899_-2.6956
159.332_126.688_-2.71627
158.878_126.477_-2.6956
158.425_126.266_-2.71627
157.972_126.055_-2.6956
157.519_125.844_-2.71627
157.065_125.633_-2.6956
156.612_125.422_-2.71627
156.159_125.211_-2.6956
155.705_125_-2.71627
155.252_124.789_-2.6956
154.799_124.578_-2.71627
154.346_124.367_-2.6956
153.892_124.156_-2.71627
153.439_123.945_-2.6956
152.986_123.734_-2.71627
152.532_123.523_-2.6956
152.079_123.312_-2.71627
151.626_123.101_-2.6956
151.173_122.89_-2.71627
150.719_122.679_-2.6956
150.266_122.468_-2.71627
149.813_122.257_-2.6956
149.359_122.046_-2.71627
148.906_121.835_-2.6956
148.453_121.624_-2.71627
148_121.413_-2.6956
147.546_121.202_-2.71627
147.093_120.991_-2.6956
146.64_120.78_-2.71627
146.186_120.569_-2.6956
145.733_120.358_-2.71627
145.28_120.147_-2.6956
144.827_119.936_-2.71627
144.373_119.725_-2.6956
143.92_119.514_-2.71627
143.467_119.303_-2.6956
143.013_119.092_-2.71627
142.56_118.881_-2.6956
142.107_118.67_-2.71627
141.653_118.459_-2.6956
141.2_118.248_-2.71627
140.747_118.037_-2.6956
140.294_117.826_-2.71627
139.84_117.615_-2.6956
139.387_117.404_-2.71627
138.934_117.193_-2.6956
138.48_116.982_-2.71627
138.027_116.771_-2.6956
137.574_116.56_-2.71627
137.121_116.349_-2.6956
136.667_116.138_-2.71627
136.214_115.927_-2.6956
135.761_115.716_-2.71627
135.307_115.505_-2.6956
134.854_115.294_-2.71627
134.401_115.083_-2.6956
133.948_114.872_-2.71627
133.494_114.661_-2.6956
133.041_114.45_-2.71627
132.588_114.239_-2.6956
132.134_114.028_-2.71627
131.681_113.817_-2.6956
131.228_113.606_-2.71627
130.775_113.395_-2.6956
130.321_113.184_-2.71627
129.868_112.973_-2.6956
129.415_112.762_-2.71627
128.957_112.56_-2.73694
128.5_112.358_-2.71627
128.046_112.147_-2.6956
127.593_111.936_-2.71627
127.135_111.735_-2.73694
126.678_111.533_-2.71627
126.225_111.322_-2.6956
125.771_111.111_-2.71627
125.314_110.91_-2.73694
124.856_110.708_-2.71627
124.403_110.497_-2.6956
123.95_110.286_-2.71627
123.492_110.085_-2.73694
123.035_109.883_-2.71627
122.581_109.672_-2.6956
122.128_109.461_-2.71627
121.67_109.259_-2.73694
121.213_109.058_-2.71627
120.76_108.847_-2.6956
120.306_108.636_-2.71627
119.849_108.434_-2.73694
119.391_108.233_-2.71627
118.938_108.022_-2.6956
118.485_107.811_-2.71627
118.027_107.609_-2.73694
117.57_107.407_-2.71627
117.116_107.196_-2.6956
116.663_106.985_-2.71627
116.205_106.784_-2.73694
115.748_106.582_-2.71627
115.295_106.371_-2.6956
114.841_106.16_-2.71627
114.384_105.959_-2.73694
113.926_105.757_-2.71627
113.473_105.546_-2.6956
113.02_105.335_-2.71627
112.562_105.134_-2.73694
112.104_104.932_-2.71627
111.651_104.721_-2.6956
111.198_104.51_-2.71627
110.74_104.308_-2.73694
110.331_104.027_-2.34424
110.06_103.611_-1.95154
109.968_103.123_-1.55884
110.051_102.632_-1.24881
110.205_102.156_-1.26948
110.348_101.677_-1.29015
110.491_101.198_-1.26948
110.635_100.719_-1.29015
110.778_100.24_-1.26948
110.922_99.7609_-1.29015
111.065_99.2819_-1.26948
111.209_98.8029_-1.29015
111.352_98.3239_-1.26948
111.496_97.845_-1.29015
111.639_97.366_-1.26948
111.782_96.887_-1.29015
111.926_96.408_-1.26948
112.069_95.9291_-1.29015
112.213_95.4501_-1.26948
112.356_94.9711_-1.29015
112.5_94.4922_-1.26948
112.643_94.0132_-1.29015
112.787_93.5342_-1.26948
112.93_93.0552_-1.29015
113.073_92.5763_-1.26948
113.217_92.0973_-1.29015
113.36_91.6183_-1.26948
113.504_91.1393_-1.29015
113.647_90.6604_-1.26948
113.791_90.1814_-1.29015
113.934_89.7024_-1.26948
114.078_89.2235_-1.29015
114.221_88.7445_-1.26948
114.364_88.2655_-1.29015
114.508_87.7865_-1.26948
114.651_87.3076_-1.29015
114.795_86.8286_-1.26948
114.938_86.3496_-1.29015
115.082_85.8706_-1.26948
115.225_85.3917_-1.29015
115.369_84.9127_-1.26948
115.512_84.4337_-1.29015
115.655_83.9547_-1.26948
115.799_83.4758_-1.29015
115.942_82.9968_-1.26948
116.086_82.5178_-1.29015
116.229_82.0389_-1.26948
116.373_81.5599_-1.29015
116.516_81.0809_-1.26948
116.659_80.6019_-1.29015
116.803_80.123_-1.26948
116.946_79.644_-1.29015
117.09_79.165_-1.26948
117.233_78.686_-1.29015
117.377_78.2071_-1.26948
117.52_77.7281_-1.29015
117.664_77.2491_-1.26948
117.807_76.7702_-1.29015
117.95_76.2912_-1.26948
118.094_75.8122_-1.29015
118.237_75.3332_-1.26948
118.381_74.8543_-1.29015
118.524_74.3753_-1.26948
118.668_73.8963_-1.29015
118.811_73.4173_-1.26948
118.955_72.9384_-1.29015
119.098_72.4594_-1.26948
119.241_71.9804_-1.29015
119.385_71.5014_-1.26948
119.528_71.0225_-1.29015
119.672_70.5435_-1.26948
119.815_70.0645_-1.29015
119.959_69.5856_-1.26948
120.102_69.1066_-1.29015
120.246_68.6276_-1.26948
120.389_68.1486_-1.29015
120.523_67.6668_-1.31082
120.656_67.185_-1.29015
120.799_66.706_-1.26948
120.943_66.227_-1.29015
120.985_65.732_-1.68285
120.834_65.2586_-2.07555
120.513_64.879_-2.46825
120.086_64.6231_-2.73694
119.628_64.4216_-2.71627
119.175_64.2106_-2.6956
118.722_63.9996_-2.71627
118.268_63.7886_-2.6956
117.815_63.5776_-2.71627
117.362_63.3666_-2.6956
116.908_63.1556_-2.71627
116.455_62.9446_-2.6956
116.002_62.7336_-2.71627
115.549_62.5226_-2.6956
115.095_62.3116_-2.71627
114.642_62.1006_-2.6956
114.189_61.8896_-2.71627
113.735_61.6786_-2.6956
113.282_61.4676_-2.71627
112.829_61.2566_-2.6956
112.376_61.0456_-2.71627
111.922_60.8346_-2.6956
111.469_60.6236_-2.71627
111.016_60.4126_-2.6956
110.562_60.2016_-2.71627
110.109_59.9906_-2.6956
109.656_59.7796_-2.71627
109.202_59.5686_-2.6956
108.749_59.3576_-2.71627
108.296_59.1466_-2.6956
107.843_58.9356_-2.71627
107.389_58.7246_-2.6956
106.936_58.5136_-2.71627
106.483_58.3026_-2.6956
106.029_58.0916_-2.71627
105.576_57.8806_-2.6956
105.123_57.6696_-2.71627
104.67_57.4586_-2.6956
104.216_57.2476_-2.71627
103.763_57.0366_-2.6956
103.31_56.8256_-2.71627
102.856_56.6146_-2.6956
102.403_56.4036_-2.71627
101.95_56.1926_-2.6956
101.497_55.9816_-2.71627
101.043_55.7706_-2.6956
100.59_55.5596_-2.71627
100.137_55.3486_-2.6956
99.6834_55.1376_-2.71627
99.2301_54.9266_-2.6956
98.7769_54.7156_-2.71627
98.3236_54.5046_-2.6956
97.8703_54.2936_-2.71627
97.417_54.0826_-2.6956
96.9637_53.8716_-2.71627
96.5104_53.6606_-2.6956
96.0571_53.4496_-2.71627
95.6038_53.2386_-2.6956
95.1506_53.0276_-2.71627
94.6973_52.8166_-2.6956
94.244_52.6056_-2.71627
93.7907_52.3946_-2.6956
93.3374_52.1836_-2.71627
92.8841_51.9726_-2.6956
92.4308_51.7616_-2.71627
91.9775_51.5506_-2.6956
91.5242_51.3396_-2.71627
91.071_51.1286_-2.6956
90.6177_50.9176_-2.71627
90.1644_50.7066_-2.6956
89.7111_50.4956_-2.71627
89.2578_50.2846_-2.6956
88.8045_50.0736_-2.71627
88.347_49.872_-2.73694
87.8894_49.6704_-2.71627
87.4361_49.4594_-2.6956
86.9828_49.2484_-2.71627
86.5253_49.0468_-2.73694
86.0677_48.8452_-2.71627
85.6144_48.6342_-2.6956
85.1612_48.4232_-2.71627
84.7036_48.2216_-2.73694
84.2461_48.0201_-2.71627
83.7928_47.8091_-2.6956
83.3395_47.5981_-2.71627
82.8819_47.3965_-2.73694
82.4244_47.1949_-2.71627
81.9711_46.9839_-2.6956
81.5178_46.7729_-2.71627
81.0602_46.5713_-2.73694
80.6027_46.3697_-2.71627
80.1494_46.1587_-2.6956
79.6961_45.9477_-2.71627
79.2386_45.7461_-2.73694
78.781_45.5445_-2.71627
78.3277_45.3335_-2.6956
77.8744_45.1225_-2.71627
77.4169_44.9209_-2.73694
76.9593_44.7194_-2.71627
76.506_44.5084_-2.6956
76.0528_44.2974_-2.71627
75.5952_44.0958_-2.73694
75.1377_43.8942_-2.71627
74.6844_43.6832_-2.6956
74.2311_43.4722_-2.71627
73.7735_43.2706_-2.73694
73.316_43.069_-2.71627
72.8627_42.858_-2.6956
72.4094_42.647_-2.71627
71.9518_42.4454_-2.73694
71.4943_42.2438_-2.71627
71.041_42.0328_-2.6956
70.5877_41.8218_-2.71627
70.1302_41.6203_-2.73694
69.6726_41.4187_-2.71627
69.2193_41.2077_-2.6956
68.766_40.9967_-2.71627
68.3085_40.7951_-2.73694
67.8509_40.5935_-2.71627
67.3976_40.3825_-2.6956
66.9444_40.1715_-2.71627
66.4868_39.9699_-2.73694
66.0293_39.7683_-2.71627
65.576_39.5573_-2.6956
65.1227_39.3463_-2.71627
64.6651_39.1447_-2.73694
64.2076_38.9431_-2.71627
63.7543_38.7321_-2.6956
63.301_38.5211_-2.71627
62.8434_38.3196_-2.73694
62.3859_38.118_-2.71627
61.9326_37.907_-2.6956
61.4793_37.696_-2.71627
61.0218_37.4944_-2.73694
60.5642_37.2928_-2.71627
60.1109_37.0818_-2.6956
59.6576_36.8708_-2.71627
