configuration -14.0353517532_151.94859314_0.0_1.0_147.259887695_176.039077759_0.145212769539_0.989400450557
length 181.44
time 3.17666
roughness 4.16536e-05
-14.0354_151.949_-0
-13.5357_151.933_-0.0620051
-13.037_151.897_-0.0826735
-12.5383_151.861_-0.0620051
-12.0396_151.825_-0.0826735
-11.5409_151.789_-0.0620051
-11.0423_151.752_-0.0826735
-10.5436_151.716_-0.0620051
-10.0449_151.68_-0.0826735
-9.5462_151.644_-0.0620051
-9.04752_151.608_-0.0826735
-8.54884_151.572_-0.0620051
-8.05015_151.536_-0.0826735
-7.55147_151.499_-0.0620051
-7.05279_151.463_-0.0826735
-6.5541_151.427_-0.0620051
-6.05542_151.391_-0.0826735
-5.55674_151.355_-0.0620051
-5.05805_151.319_-0.0826735
-4.55937_151.283_-0.0620051
-4.06069_151.246_-0.0826735
-3.562_151.21_-0.0620051
-3.06332_151.174_-0.0826735
-2.56464_151.138_-0.0620051
-2.06595_151.102_-0.0826735
-1.56727_151.066_-0.0620051
-1.06859_151.03_-0.0826735
-0.569902_150.994_-0.0620051
-0.0712189_150.957_-0.0826735
0.426611_150.911_-0.103342
0.924441_150.865_-0.0826735
1.42312_150.828_-0.0620051
1.92181_150.792_-0.0826735
2.41964_150.746_-0.103342
2.91747_150.699_-0.0826735
3.41615_150.663_-0.0620051
3.91484_150.627_-0.0826735
4.41267_150.581_-0.103342
4.9105_150.534_-0.0826735
5.40918_150.498_-0.0620051
5.90786_150.462_-0.0826735
6.40569_150.416_-0.103342
6.90352_150.369_-0.0826735
7.40221_150.333_-0.0620051
7.90089_150.297_-0.0826735
8.39872_150.25_-0.103342
8.89655_150.204_-0.0826735
9.39523_150.168_-0.0620051
9.89392_150.132_-0.0826735
10.3917_150.085_-0.103342
10.8896_150.039_-0.0826735
11.3883_150.003_-0.0620051
11.8869_149.967_-0.0826735
12.3848_149.92_-0.103342
12.8826_149.874_-0.0826735
13.3804_149.899_0.186015
13.8727_149.987_0.165347
14.365_150.074_0.186015
14.8573_150.162_0.165347
15.3496_150.249_0.186015
15.8419_150.336_0.165347
16.3342_150.424_0.186015
16.8265_150.511_0.165347
17.3188_150.598_0.186015
17.8111_150.686_0.165347
18.3034_150.773_0.186015
18.7938_150.871_0.206684
19.2842_150.968_0.186015
19.7764_151.056_0.165347
20.2687_151.143_0.186015
20.7591_151.241_0.206684
21.2495_151.338_0.186015
21.7418_151.426_0.165347
22.2341_151.513_0.186015
22.7245_151.611_0.206684
23.2149_151.708_0.186015
23.7072_151.795_0.165347
24.1995_151.883_0.186015
24.6898_151.98_0.206684
25.1802_152.078_0.186015
25.6725_152.165_0.165347
26.1648_152.253_0.186015
26.6552_152.35_0.206684
27.1456_152.448_0.186015
27.6379_152.535_0.165347
28.1302_152.623_0.186015
28.6206_152.72_0.206684
29.1109_152.818_0.186015
29.6032_152.905_0.165347
30.0955_152.992_0.186015
30.5859_153.09_0.206684
30.92_153.164_0.227352
31.382_153.349_0.537378
31.8142_153.601_0.516709
32.2463_153.852_0.537378
32.6785_154.104_0.516709
33.1106_154.355_0.537378
33.5427_154.607_0.516709
33.9749_154.858_0.537378
34.407_155.11_0.516709
34.8392_155.361_0.537378
35.2713_155.613_0.516709
35.7034_155.864_0.537378
36.1356_156.116_0.516709
36.5677_156.367_0.537378
36.9999_156.619_0.516709
37.432_156.87_0.537378
37.8641_157.122_0.516709
38.2963_157.373_0.537378
38.7284_157.625_0.516709
39.1657_157.867_0.496041
39.6029_158.11_0.516709
40.0351_158.361_0.537378
40.4672_158.613_0.516709
40.9045_158.855_0.496041
41.3417_159.098_0.516709
41.7738_159.349_0.537378
42.206_159.601_0.516709
42.6432_159.843_0.496041
43.0805_160.086_0.516709
43.5126_160.337_0.537378
43.9448_160.589_0.516709
44.382_160.831_0.496041
44.8193_161.074_0.516709
45.2514_161.325_0.537378
45.6835_161.577_0.516709
46.1208_161.819_0.496041
46.558_162.062_0.516709
46.9902_162.313_0.537378
47.4223_162.565_0.516709
47.8596_162.807_0.496041
48.2968_163.05_0.516709
48.7289_163.301_0.537378
49.1611_163.553_0.516709
49.5983_163.795_0.496041
50.0356_164.038_0.516709
50.4677_164.289_0.537378
50.8999_164.541_0.516709
51.3371_164.783_0.496041
51.7237_165.008_0.558046
52.1742_165.222_0.330694
52.6454_165.39_0.351362
53.113_165.567_0.372031
53.5807_165.744_0.351362
54.0483_165.92_0.372031
54.5159_166.097_0.351362
54.9836_166.274_0.372031
55.4512_166.451_0.351362
55.9224_166.618_0.330694
56.3936_166.786_0.351362
56.8612_166.963_0.372031
57.3289_167.14_0.351362
57.8001_167.307_0.330694
58.2713_167.474_0.351362
58.7389_167.651_0.372031
59.2066_167.828_0.351362
59.6778_167.995_0.330694
60.149_168.162_0.351362
60.6166_168.339_0.372031
61.0842_168.516_0.351362
61.5554_168.683_0.330694
62.0266_168.851_0.351362
62.4943_169.028_0.372031
62.9619_169.204_0.351362
63.4331_169.372_0.330694
63.9043_169.539_0.351362
64.372_169.716_0.372031
64.8396_169.893_0.351362
65.3108_170.06_0.330694
65.782_170.227_0.351362
66.2496_170.404_0.372031
66.7173_170.581_0.351362
67.1885_170.748_0.330694
67.6597_170.916_0.351362
68.1273_171.092_0.372031
68.5949_171.269_0.351362
69.0661_171.437_0.330694
69.5373_171.604_0.351362
70.005_171.781_0.372031
70.4726_171.958_0.351362
70.9438_172.125_0.330694
71.415_172.292_0.351362
71.8827_172.469_0.372031
72.3503_172.646_0.351362
72.8215_172.813_0.330694
73.2927_172.98_0.351362
73.7603_173.157_0.372031
74.228_173.334_0.351362
74.6992_173.502_0.330694
75.1704_173.669_0.351362
75.638_173.846_0.372031
76.1272_173.933_-0.0206684
76.6123_173.826_-0.413367
77.0196_173.541_-0.806067
77.3303_173.15_-0.992082
77.6081_172.735_-0.971414
77.8858_172.319_-0.992082
78.1636_171.903_-0.971414
78.4414_171.487_-0.992082
78.7192_171.072_-0.971414
78.997_170.656_-0.992082
79.2747_170.24_-0.971414
79.5525_169.824_-0.992082
79.8303_169.409_-0.971414
80.1081_168.993_-0.992082
80.3859_168.577_-0.971414
80.6636_168.162_-0.992082
80.9414_167.746_-0.971414
81.2192_167.33_-0.992082
81.497_166.914_-0.971414
81.7748_166.499_-0.992082
82.0526_166.083_-0.971414
82.3303_165.667_-0.992082
82.6081_165.251_-0.971414
82.8944_164.842_-0.950745
83.1807_164.432_-0.971414
83.4585_164.016_-0.992082
83.7363_163.6_-0.971414
84.0226_163.19_-0.950745
84.3089_162.78_-0.971414
84.5867_162.365_-0.992082
84.8645_161.949_-0.971414
85.1508_161.539_-0.950745
85.4371_161.129_-0.971414
85.7149_160.713_-0.992082
85.9927_160.298_-0.971414
86.279_159.888_-0.950745
86.5653_159.478_-0.971414
86.8431_159.062_-0.992082
87.1209_158.646_-0.971414
87.4072_158.237_-0.950745
87.6935_157.827_-0.971414
87.9713_157.411_-0.992082
88.249_156.995_-0.971414
88.5354_156.585_-0.950745
88.8217_156.175_-0.971414
89.0994_155.76_-0.992082
89.3772_155.344_-0.971414
89.6635_154.934_-0.950745
89.9498_154.524_-0.971414
90.3047_154.177_-0.578714
90.7657_153.991_-0.186015
91.2624_153.996_0.206684
91.7395_154.144_0.392699
92.2033_154.33_0.372031
92.6672_154.517_0.392699
93.1311_154.703_0.372031
93.595_154.89_0.392699
94.0589_155.076_0.372031
94.5228_155.263_0.392699
94.9866_155.45_0.372031
95.4505_155.636_0.392699
95.9144_155.823_0.372031
96.3783_156.009_0.392699
96.8422_156.196_0.372031
97.3061_156.382_0.392699
97.77_156.569_0.372031
98.2338_156.755_0.392699
98.6977_156.942_0.372031
99.1616_157.129_0.392699
99.6255_157.315_0.372031
100.089_157.502_0.392699
100.553_157.688_0.372031
101.017_157.875_0.392699
101.481_158.061_0.372031
101.945_158.248_0.392699
102.409_158.434_0.372031
102.873_158.621_0.392699
103.337_158.808_0.372031
103.8_158.994_0.392699
104.264_159.181_0.372031
104.728_159.367_0.392699
105.192_159.554_0.372031
105.656_159.74_0.392699
106.12_159.927_0.372031
106.584_160.113_0.392699
107.048_160.3_0.372031
107.512_160.487_0.392699
107.975_160.673_0.372031
108.439_160.86_0.392699
108.903_161.046_0.372031
109.367_161.233_0.392699
109.831_161.419_0.372031
110.295_161.606_0.392699
110.759_161.792_0.372031
111.223_161.979_0.392699
111.686_162.166_0.372031
112.154_162.342_0.351362
112.622_162.519_0.372031
113.086_162.706_0.392699
113.55_162.892_0.372031
114.017_163.069_0.351362
114.485_163.246_0.372031
114.949_163.433_0.392699
115.413_163.619_0.372031
115.88_163.796_0.351362
116.348_163.973_0.372031
116.812_164.16_0.392699
117.276_164.346_0.372031
117.743_164.523_0.351362
118.211_164.7_0.372031
118.675_164.887_0.392699
119.139_165.073_0.372031
119.606_165.25_0.351362
120.074_165.427_0.372031
120.538_165.614_0.392699
121.002_165.8_0.372031
121.469_165.977_0.351362
121.937_166.154_0.372031
122.401_166.341_0.392699
122.865_166.527_0.372031
123.332_166.704_0.351362
123.8_166.881_0.372031
124.264_167.068_0.392699
124.728_167.254_0.372031
125.195_167.431_0.351362
125.663_167.608_0.372031
126.127_167.795_0.392699
126.591_167.981_0.372031
127.059_168.158_0.351362
127.526_168.335_0.372031
127.99_168.522_0.392699
128.454_168.708_0.372031
128.922_168.885_0.351362
129.389_169.062_0.372031
129.853_169.249_0.392699
130.317_169.435_0.372031
130.785_169.612_0.351362
131.252_169.789_0.372031
131.716_169.976_0.392699
132.18_170.162_0.372031
132.648_170.339_0.351362
133.115_170.516_0.372031
133.579_170.703_0.392699
134.043_170.889_0.372031
134.511_171.066_0.351362
134.978_171.243_0.372031
135.442_171.43_0.392699
135.906_171.616_0.372031
136.374_171.793_0.351362
136.841_171.97_0.372031
137.305_172.156_0.392699
137.769_172.343_0.372031
138.237_172.52_0.351362
138.704_172.697_0.372031
139.168_172.883_0.392699
139.632_173.07_0.372031
140.1_173.247_0.351362
140.568_173.424_0.372031
141.031_173.61_0.392699
141.495_173.797_0.372031
141.963_173.974_0.351362
142.431_174.151_0.372031
142.894_174.337_0.392699
143.358_174.524_0.372031
143.826_174.701_0.351362
144.294_174.878_0.372031
144.757_175.064_0.392699
145.221_175.251_0.372031
145.689_175.428_0.351362
146.157_175.605_0.372031
146.621_175.791_0.392699
147.084_175.978_0.372031
