configuration 133.385482788_115.927223206_-0.986328190641_0.164792901387_34.5528411865_13.6445770264_-0.541385985877_0.840774175564
length 178.315
time 6.08073
roughness 5.93691e-05
133.385_115.927_-2.8105
132.922_115.741_-2.70715
132.471_115.525_-2.68649
132.019_115.31_-2.70715
131.568_115.095_-2.68649
131.116_114.88_-2.70715
130.665_114.665_-2.68649
130.214_114.45_-2.70715
129.762_114.235_-2.68649
129.311_114.02_-2.70715
128.86_113.804_-2.68649
128.408_113.589_-2.70715
127.957_113.374_-2.68649
127.506_113.159_-2.70715
127.054_112.944_-2.68649
126.603_112.729_-2.70715
126.152_112.514_-2.68649
125.7_112.299_-2.70715
125.249_112.083_-2.68649
124.798_111.868_-2.70715
124.346_111.653_-2.68649
123.895_111.438_-2.70715
123.444_111.223_-2.68649
122.992_111.008_-2.70715
122.541_110.793_-2.68649
122.09_110.578_-2.70715
121.638_110.363_-2.68649
121.187_110.147_-2.70715
120.731_109.942_-2.72782
120.275_109.736_-2.70715
119.824_109.521_-2.68649
119.373_109.306_-2.70715
118.917_109.1_-2.72782
118.461_108.894_-2.70715
118.01_108.679_-2.68649
117.559_108.464_-2.70715
117.103_108.258_-2.72782
116.647_108.052_-2.70715
116.196_107.837_-2.68649
115.745_107.622_-2.70715
115.289_107.416_-2.72782
114.833_107.211_-2.70715
114.382_106.996_-2.68649
113.931_106.78_-2.70715
113.475_106.575_-2.72782
113.019_106.369_-2.70715
112.568_106.154_-2.68649
112.116_105.939_-2.70715
111.661_105.733_-2.72782
111.205_105.527_-2.70715
110.754_105.312_-2.68649
110.302_105.097_-2.70715
109.847_104.891_-2.72782
109.391_104.685_-2.70715
108.94_104.47_-2.68649
108.488_104.255_-2.70715
108.033_104.049_-2.72782
107.577_103.844_-2.70715
107.126_103.629_-2.68649
106.674_103.413_-2.70715
106.218_103.208_-2.72782
105.763_103.002_-2.70715
105.311_102.787_-2.68649
104.86_102.572_-2.70715
104.404_102.366_-2.72782
103.949_102.16_-2.70715
103.497_101.945_-2.68649
103.046_101.73_-2.70715
102.59_101.524_-2.72782
102.135_101.318_-2.70715
101.683_101.103_-2.68649
101.232_100.888_-2.70715
100.776_100.682_-2.72782
100.321_100.477_-2.70715
99.8692_100.262_-2.68649
99.4179_100.046_-2.70715
98.9622_99.8407_-2.72782
98.5065_99.635_-2.70715
98.0551_99.4199_-2.68649
97.6038_99.2047_-2.70715
97.1481_98.999_-2.72782
96.6924_98.7932_-2.70715
96.241_98.5781_-2.68649
95.7897_98.363_-2.70715
95.334_98.1573_-2.72782
94.8783_97.9515_-2.70715
94.4269_97.7364_-2.68649
93.9756_97.5213_-2.70715
93.5199_97.3155_-2.72782
93.0642_97.1098_-2.70715
92.6129_96.8946_-2.68649
92.1615_96.6795_-2.70715
91.7058_96.4738_-2.72782
91.2501_96.268_-2.70715
90.7988_96.0529_-2.68649
90.3474_95.8378_-2.70715
89.8917_95.632_-2.72782
89.436_95.4263_-2.70715
88.9847_95.2112_-2.68649
88.5333_94.996_-2.70715
88.0777_94.7903_-2.72782
87.622_94.5845_-2.70715
87.1706_94.3694_-2.68649
86.7193_94.1543_-2.70715
86.2636_93.9485_-2.72782
85.8079_93.7428_-2.70715
85.3565_93.5277_-2.68649
84.9052_93.3126_-2.70715
84.4495_93.1068_-2.72782
83.9938_92.9011_-2.70715
83.5424_92.6859_-2.68649
83.0911_92.4708_-2.70715
82.6354_92.2651_-2.72782
82.1797_92.0593_-2.70715
81.7284_91.8442_-2.68649
81.277_91.6291_-2.70715
80.8213_91.4233_-2.72782
80.3656_91.2176_-2.70715
79.9143_91.0025_-2.68649
79.4629_90.7873_-2.70715
79.0072_90.5816_-2.72782
78.5515_90.3758_-2.70715
78.1002_90.1607_-2.68649
77.6488_89.9456_-2.70715
77.1931_89.7398_-2.72782
76.7375_89.5341_-2.70715
76.2861_89.319_-2.68649
75.8348_89.1039_-2.70715
75.3791_88.8981_-2.72782
74.9234_88.6924_-2.70715
74.472_88.4772_-2.68649
74.0207_88.2621_-2.70715
73.6195_87.9691_-2.31446
73.361_87.5449_-1.92176
73.2845_87.054_-1.52906
73.3918_86.5683_-1.1777
73.5785_86.1045_-1.19836
73.7652_85.6407_-1.1777
73.952_85.1769_-1.19836
74.1387_84.7131_-1.1777
74.3255_84.2493_-1.19836
74.5122_83.7854_-1.1777
74.6989_83.3216_-1.19836
74.8857_82.8578_-1.1777
75.0724_82.394_-1.19836
75.2592_81.9302_-1.1777
75.4459_81.4664_-1.19836
75.6326_81.0026_-1.1777
75.8194_80.5388_-1.19836
76.0061_80.075_-1.1777
76.1929_79.6112_-1.19836
76.3796_79.1473_-1.1777
76.5663_78.6835_-1.19836
76.7531_78.2197_-1.1777
76.9398_77.7559_-1.19836
77.1266_77.2921_-1.1777
77.3133_76.8283_-1.19836
77.5001_76.3645_-1.1777
77.6868_75.9007_-1.19836
77.8735_75.4369_-1.1777
78.0603_74.9731_-1.19836
78.247_74.5093_-1.1777
78.4338_74.0454_-1.19836
78.6205_73.5816_-1.1777
78.8072_73.1178_-1.19836
78.994_72.654_-1.1777
79.1807_72.1902_-1.19836
79.3675_71.7264_-1.1777
79.5542_71.2626_-1.19836
79.7409_70.7988_-1.1777
79.9277_70.335_-1.19836
80.1144_69.8712_-1.1777
80.3012_69.4074_-1.19836
80.4879_68.9435_-1.1777
80.6747_68.4797_-1.19836
80.8614_68.0159_-1.1777
81.0481_67.5521_-1.19836
81.2349_67.0883_-1.1777
81.4216_66.6245_-1.19836
81.6084_66.1607_-1.1777
81.7951_65.6969_-1.19836
81.9722_65.2293_-1.21903
82.1493_64.7617_-1.19836
82.3361_64.2979_-1.1777
82.5228_63.8341_-1.19836
82.6999_63.3666_-1.21903
82.877_62.899_-1.19836
83.0638_62.4352_-1.1777
83.2505_61.9714_-1.19836
83.4276_61.5038_-1.21903
83.6048_61.0362_-1.19836
83.7915_60.5724_-1.1777
83.9782_60.1086_-1.19836
84.1554_59.641_-1.21903
84.3325_59.1735_-1.19836
84.5192_58.7097_-1.1777
84.706_58.2459_-1.19836
84.8831_57.7783_-1.21903
85.0602_57.3107_-1.19836
85.2469_56.8469_-1.1777
85.4337_56.3831_-1.19836
85.6108_55.9155_-1.21903
85.7879_55.448_-1.19836
85.9746_54.9842_-1.1777
86.1614_54.5203_-1.19836
86.3385_54.0528_-1.21903
86.5156_53.5852_-1.19836
86.7023_53.1214_-1.1777
86.8891_52.6576_-1.19836
87.0662_52.19_-1.21903
87.2624_51.7304_-1.11569
87.3895_51.2501_-1.50839
87.3232_50.7578_-1.90109
87.0735_50.3283_-2.29379
86.6784_50.0271_-2.68649
86.2271_49.8119_-2.70715
85.7757_49.5968_-2.68649
85.3244_49.3817_-2.70715
84.873_49.1666_-2.68649
84.4217_48.9514_-2.70715
83.9704_48.7363_-2.68649
83.519_48.5212_-2.70715
83.0677_48.3061_-2.68649
82.6163_48.091_-2.70715
82.165_47.8758_-2.68649
81.7136_47.6607_-2.70715
81.2623_47.4456_-2.68649
80.8109_47.2305_-2.70715
80.3596_47.0153_-2.68649
79.9082_46.8002_-2.70715
79.4569_46.5851_-2.68649
79.0055_46.37_-2.70715
78.5542_46.1549_-2.68649
78.1028_45.9397_-2.70715
77.6515_45.7246_-2.68649
77.2002_45.5095_-2.70715
76.7488_45.2944_-2.68649
76.2975_45.0792_-2.70715
75.8461_44.8641_-2.68649
75.3948_44.649_-2.70715
74.9434_44.4339_-2.68649
74.4921_44.2188_-2.70715
74.0407_44.0036_-2.68649
73.5894_43.7885_-2.70715
73.138_43.5734_-2.68649
72.6867_43.3583_-2.70715
72.2353_43.1431_-2.68649
71.784_42.928_-2.70715
71.3327_42.7129_-2.68649
70.8813_42.4978_-2.70715
70.43_42.2827_-2.68649
69.9786_42.0675_-2.70715
69.5273_41.8524_-2.68649
69.0759_41.6373_-2.70715
68.6246_41.4222_-2.68649
68.1732_41.207_-2.70715
67.7219_40.9919_-2.68649
67.2705_40.7768_-2.70715
66.8192_40.5617_-2.68649
66.3724_40.3373_-2.66582
65.9256_40.1129_-2.68649
65.4742_39.8977_-2.70715
65.0229_39.6826_-2.68649
64.5761_39.4582_-2.66582
64.1293_39.2338_-2.68649
63.6779_39.0187_-2.70715
63.2266_38.8036_-2.68649
62.7798_38.5792_-2.66582
62.333_38.3548_-2.68649
61.8816_38.1396_-2.70715
61.4303_37.9245_-2.68649
60.9835_37.7001_-2.66582
60.5367_37.4757_-2.68649
60.0853_37.2606_-2.70715
59.634_37.0455_-2.68649
59.1872_36.8211_-2.66582
58.7404_36.5967_-2.68649
58.289_36.3815_-2.70715
57.8377_36.1664_-2.68649
57.3909_35.942_-2.66582
56.9441_35.7176_-2.68649
56.4927_35.5025_-2.70715
56.0414_35.2874_-2.68649
55.5946_35.063_-2.66582
55.1478_34.8386_-2.68649
54.6964_34.6234_-2.70715
54.2451_34.4083_-2.68649
53.7983_34.1839_-2.66582
53.3515_33.9595_-2.68649
52.9001_33.7444_-2.70715
52.4488_33.5293_-2.68649
52.002_33.3048_-2.66582
51.5552_33.0804_-2.68649
51.1038_32.8653_-2.70715
50.6525_32.6502_-2.68649
50.2057_32.4258_-2.66582
49.7589_32.2014_-2.68649
49.3075_31.9863_-2.70715
48.8562_31.7711_-2.68649
48.4094_31.5467_-2.66582
47.9626_31.3223_-2.68649
47.5112_31.1072_-2.70715
47.0599_30.8921_-2.68649
46.6131_30.6677_-2.66582
46.1663_30.4433_-2.68649
45.7149_30.2282_-2.70715
45.2636_30.013_-2.68649
44.8168_29.7886_-2.66582
44.37_29.5642_-2.68649
43.9186_29.3491_-2.70715
43.4673_29.134_-2.68649
43.0205_28.9096_-2.66582
42.5737_28.6852_-2.68649
42.1223_28.4701_-2.70715
41.671_28.2549_-2.68649
41.2242_28.0305_-2.66582
40.7774_27.8061_-2.68649
40.326_27.591_-2.70715
39.8747_27.3759_-2.68649
39.4279_27.1515_-2.66582
38.9811_26.9271_-2.68649
38.5297_26.712_-2.70715
38.0784_26.4968_-2.68649
37.6316_26.2724_-2.66582
37.1848_26.048_-2.68649
36.7334_25.8329_-2.70715
36.2821_25.6178_-2.68649
35.8353_25.3934_-2.66582
35.3885_25.169_-2.68649
34.9371_24.9538_-2.70715
34.4858_24.7387_-2.68649
34.039_24.5143_-2.66582
33.5922_24.2899_-2.68649
33.2085_24.1167_-2.74849
32.7955_23.8405_-2.35579
32.5197_23.4273_-1.96309
32.423_22.94_-1.57039
32.4798_22.4444_-1.34304
32.5977_21.9585_-1.32237
32.7156_21.4726_-1.34304
32.8335_20.9867_-1.32237
32.9514_20.5008_-1.34304
33.0694_20.0149_-1.32237
33.1873_19.529_-1.34304
33.3052_19.0432_-1.32237
33.4231_18.5573_-1.34304
33.531_18.069_-1.36371
33.6388_17.5808_-1.34304
33.7567_17.0949_-1.32237
33.8747_16.6091_-1.34304
33.9825_16.1208_-1.36371
34.0904_15.6326_-1.34304
34.2083_15.1467_-1.32237
34.3262_14.6608_-1.34304
34.4341_14.1726_-1.36371
34.5419_13.6844_-1.34304
