configuration 176.556686401_134.7056427_-0.977472527886_0.211062685542_59.5791053772_36.8438796997_0.982426073578_-0.18665210943
length 192.264
time 37.2997
roughness 0.000442201
176.557_134.706_-2.71627
176.134_134.441_-2.44758
175.753_134.117_-2.42691
175.379_133.786_-2.40624
175.005_133.454_-2.42691
174.623_133.13_-2.44758
174.186_132.893_-2.84028
173.692_132.841_-3.23298
173.198_132.912_-3.33632
172.708_133.014_-3.35699
172.219_133.115_-3.33632
171.729_133.217_-3.35699
171.24_133.319_-3.33632
170.75_133.421_-3.35699
170.31_133.503_-2.48892
169.929_133.18_-2.38557
169.562_132.84_-2.40624
169.195_132.501_-2.38557
168.835_132.154_-2.36491
168.474_131.808_-2.38557
168.107_131.468_-2.40624
167.74_131.129_-2.38557
167.38_130.782_-2.36491
167.019_130.436_-2.38557
166.654_130.098_-2.40624
166.227_129.843_-2.79894
165.737_129.76_-3.1503
165.237_129.759_-3.12964
164.737_129.759_-3.1503
164.237_129.758_-3.12964
163.737_129.757_-3.1503
163.237_129.756_-3.12964
162.737_129.745_-3.10897
162.323_129.737_-2.28223
161.97_129.383_-2.42691
161.596_129.052_-2.40624
161.222_128.72_-2.42691
160.847_128.389_-2.40624
160.473_128.057_-2.42691
160.473_128.057_-2.42691
160.042_127.811_-2.81961
159.563_127.668_-2.88162
159.078_127.544_-2.90228
158.594_127.421_-2.88162
158.109_127.297_-2.90228
157.625_127.174_-2.88162
157.14_127.05_-2.90228
156.656_126.926_-2.88162
155.993_126.767_-2.38557
155.705_126.363_-1.99288
155.514_125.9_-1.93087
155.343_125.431_-1.9102
155.172_124.961_-1.93087
155_124.491_-1.9102
155_124.491_-1.9102
154.747_124.064_-2.3029
154.355_123.758_-2.65426
153.915_123.519_-2.6336
153.476_123.281_-2.65426
153.037_123.042_-2.6336
152.597_122.803_-2.65426
152.153_122.574_-2.67493
151.683_122.325_-2.22023
151.683_122.325_-2.22023
151.311_121.995_-2.61293
150.842_121.833_-3.00563
150.343_121.802_-3.1503
149.843_121.811_-3.17097
149.344_121.831_-3.19164
148.844_121.851_-3.17097
148.344_121.86_-3.1503
147.844_121.87_-3.17097
147.345_121.89_-3.19164
147.097_121.894_-2.11689
146.761_121.528_-2.50958
146.337_121.262_-2.65426
145.898_121.024_-2.6336
145.459_120.785_-2.65426
145.019_120.546_-2.6336
144.58_120.308_-2.65426
144.136_120.078_-2.67493
143.692_119.848_-2.65426
143.482_119.732_-3.64635
143.008_119.882_-3.25365
142.51_119.871_-2.98496
142.017_119.788_-2.96429
141.524_119.705_-2.98496
141.031_119.622_-2.96429
140.538_119.539_-2.98496
140.045_119.456_-2.96429
139.554_119.363_-2.94362
139.119_119.285_-2.28223
138.781_118.916_-2.34424
138.435_118.555_-2.32357
138.09_118.194_-2.34424
137.744_117.832_-2.32357
137.399_117.471_-2.34424
137.399_117.471_-2.34424
136.989_117.19_-2.73694
136.503_117.087_-3.12964
136.003_117.076_-3.10897
135.503_117.065_-3.12964
135.003_117.064_-3.1503
134.503_117.064_-3.12964
134.003_117.052_-3.10897
133.621_116.963_-2.71627
133.597_117.052_-1.93087
133.334_116.63_-2.32357
132.954_116.307_-2.55092
132.542_116.025_-2.53025
132.129_115.742_-2.55092
131.717_115.459_-2.53025
131.305_115.176_-2.55092
130.892_114.894_-2.53025
130.486_114.602_-2.50958
130.208_114.412_-3.41899
129.713_114.452_-3.02629
129.24_114.3_-2.6336
128.822_114.026_-2.48892
128.422_113.727_-2.50958
128.016_113.435_-2.53025
127.609_113.144_-2.50958
127.209_112.845_-2.48892
126.808_112.545_-2.50958
126.402_112.254_-2.53025
126.129_112.051_-2.79894
125.641_111.948_-3.06763
125.143_111.906_-3.04696
124.646_111.854_-3.02629
124.149_111.802_-3.04696
123.651_111.749_-3.02629
123.154_111.697_-3.04696
122.656_111.655_-3.06763
122.158_111.613_-3.04696
121.501_111.546_-2.50958
121.058_111.318_-2.81961
120.585_111.155_-2.79894
120.113_110.991_-2.81961
119.64_110.828_-2.79894
119.168_110.665_-2.81961
118.695_110.502_-2.79894
118.222_110.339_-2.81961
117.746_110.186_-2.84028
117.081_109.959_-2.40624
116.714_109.62_-2.38557
116.354_109.273_-2.36491
115.993_108.926_-2.38557
115.626_108.587_-2.40624
115.259_108.248_-2.38557
114.899_107.901_-2.36491
114.538_107.554_-2.38557
114.171_107.215_-2.40624
113.951_107.008_-2.22023
113.629_106.626_-2.32357
113.291_106.258_-2.3029
112.96_105.882_-2.28223
112.63_105.507_-2.3029
112.299_105.132_-2.28223
111.969_104.756_-2.3029
111.631_104.388_-2.32357
111.293_104.019_-2.3029
110.963_103.644_-2.28223
110.64_103.277_-2.38557
110.352_102.873_-1.99288
110.181_102.403_-1.8482
110.039_101.924_-1.86887
109.897_101.444_-1.8482
109.755_100.965_-1.86887
109.613_100.486_-1.8482
109.471_100.006_-1.86887
109.33_99.5267_-1.8482
109.213_99.1001_-1.14547
109.46_98.6664_-0.959457
109.743_98.254_-0.980125
110.026_97.8416_-0.959457
110.309_97.4292_-0.980125
110.591_97.0169_-0.959457
110.874_96.6045_-0.980125
111.157_96.1921_-0.959457
111.448_95.7857_-0.938789
111.739_95.3792_-0.959457
111.967_95.0484_-1.22815
112.07_94.5606_-1.49683
112.102_94.0617_-1.5175
112.134_93.5627_-1.49683
112.165_93.0637_-1.5175
112.197_92.5647_-1.49683
112.229_92.0657_-1.5175
112.261_91.5668_-1.49683
112.303_91.0685_-1.47617
112.354_90.4321_-0.938789
112.669_90.0447_-0.835447
113.009_89.6774_-0.814778
113.348_89.3101_-0.835447
113.687_88.9428_-0.814778
114.026_88.5755_-0.835447
114.365_88.2082_-0.814778
114.705_87.8409_-0.835447
115.044_87.4736_-0.814778
115.391_87.1133_-0.79411
115.685_86.7958_-1.02146
115.984_86.396_-0.835447
116.323_86.0287_-0.814778
116.662_85.6614_-0.835447
116.994_85.2872_-0.856115
117.325_84.913_-0.835447
117.664_84.5457_-0.814778
118.004_84.1783_-0.835447
118.335_83.8041_-0.856115
118.667_83.4299_-0.835447
118.976_83.0957_-0.980125
119.167_82.637_-1.37282
119.189_82.1395_-1.68285
119.138_81.6421_-1.66218
119.097_81.1437_-1.64151
119.057_80.6454_-1.66218
119.016_80.147_-1.64151
118.976_79.6487_-1.66218
118.935_79.1503_-1.64151
118.897_78.7217_-0.814778
119.251_78.3688_-0.752773
119.619_78.0308_-0.732105
119.988_77.6927_-0.752773
120.356_77.3547_-0.732105
120.725_77.0166_-0.752773
121.086_76.6711_-0.773442
121.447_76.3255_-0.752773
121.816_75.9875_-0.732105
122.184_75.6494_-0.752773
122.524_75.3237_-0.856115
122.77_74.8922_-1.24881
122.874_74.404_-1.47617
122.916_73.9058_-1.49683
122.958_73.4076_-1.47617
123_72.9094_-1.49683
123.042_72.4112_-1.47617
123.084_71.913_-1.49683
123.126_71.4147_-1.47617
123.17_71.0586_-0.525421
123.543_70.7304_-0.91812
123.762_70.2844_-1.31082
123.793_69.7886_-1.70352
123.732_69.2924_-1.68285
123.671_68.7961_-1.70352
123.61_68.2999_-1.68285
123.549_67.8036_-1.70352
123.452_67.0253_-1.00079
123.634_66.5628_-1.39349
123.624_66.0661_-1.78619
123.426_65.6108_-2.17889
123.068_65.2663_-2.57159
122.605_65.085_-2.96429
122.109_65.0224_-3.06763
121.61_64.9906_-3.0883
121.111_64.9588_-3.06763
120.613_64.9167_-3.04696
120.115_64.8746_-3.06763
119.745_64.8518_-2.71627
119.301_64.6223_-2.61293
118.867_64.3746_-2.6336
118.428_64.1359_-2.65426
117.988_63.8972_-2.6336
117.554_63.6495_-2.61293
117.12_63.4018_-2.6336
116.68_63.1631_-2.65426
116.241_62.9244_-2.6336
115.807_62.6767_-2.61293
115.397_62.4544_-2.75761
114.94_62.2528_-2.6956
114.486_62.0418_-2.71627
114.033_61.8308_-2.6956
113.58_61.6198_-2.71627
113.126_61.4088_-2.6956
113.126_61.4088_-2.6956
112.655_61.246_-2.92295
112.168_61.1326_-2.90228
111.681_61.0191_-2.92295
111.194_60.9056_-2.90228
110.707_60.7921_-2.92295
110.22_60.6786_-2.90228
109.733_60.5651_-2.92295
109.246_60.4516_-2.90228
108.484_60.2695_-2.53025
108.055_60.0131_-2.67493
107.606_59.7927_-2.6956
107.153_59.5818_-2.71627
106.7_59.3708_-2.6956
106.246_59.1595_-2.71627
105.788_58.9579_-2.73694
105.327_58.7658_-2.75761
104.865_58.5737_-2.73694
104.404_58.3816_-2.75761
103.942_58.1895_-2.73694
103.48_57.9975_-2.75761
103.019_57.8054_-2.73694
102.557_57.6133_-2.75761
102.092_57.4308_-2.77827
101.637_57.2414_-2.79894
101.171_57.0589_-2.73694
100.709_56.8668_-2.75761
100.248_56.6747_-2.73694
99.7862_56.4826_-2.75761
99.3246_56.2905_-2.73694
98.863_56.0985_-2.75761
98.3975_55.916_-2.77827
97.932_55.7334_-2.75761
97.4704_55.5414_-2.73694
97.0168_55.3526_-2.67493
96.5636_55.1416_-2.73694
96.106_54.94_-2.71627
95.6527_54.729_-2.6956
95.1995_54.518_-2.71627
94.7419_54.3165_-2.73694
94.2844_54.1149_-2.71627
93.8311_53.9039_-2.6956
93.3778_53.6929_-2.71627
92.9202_53.4913_-2.73694
92.4686_53.281_-2.67493
92.0703_52.983_-2.32357
91.7247_52.6217_-2.34424
91.3717_52.2676_-2.36491
91.0187_51.9134_-2.34424
90.6658_51.5593_-2.36491
90.3128_51.2052_-2.34424
89.9672_50.8439_-2.32357
89.6216_50.4825_-2.34424
89.2301_50.0954_-1.72419
89.0599_49.6287_-2.11689
88.724_49.2627_-2.50958
88.3237_48.9631_-2.48892
87.9296_48.6554_-2.46825
87.5355_48.3477_-2.48892
87.1415_48.0399_-2.46825
86.7474_47.7322_-2.48892
86.3533_47.4244_-2.46825
85.9593_47.1167_-2.48892
85.6743_46.9071_-2.75761
85.2168_46.7055_-2.6956
84.768_46.4852_-2.67493
84.3191_46.2649_-2.6956
83.8703_46.0446_-2.67493
83.4261_45.815_-2.65426
82.982_45.5854_-2.67493
82.5331_45.3651_-2.6956
82.0843_45.1448_-2.67493
81.6401_44.9152_-2.65426
81.2114_44.7048_-2.79894
80.7422_44.532_-2.77827
80.2731_44.3591_-2.79894
79.8039_44.1863_-2.77827
79.3347_44.0134_-2.79894
78.8656_43.8406_-2.77827
78.8656_43.8406_-2.77827
78.3844_43.7073_-2.96429
77.8932_43.614_-2.94362
77.404_43.5106_-2.92295
76.9148_43.4072_-2.94362
76.4236_43.3139_-2.96429
75.9324_43.2207_-2.94362
75.4432_43.1173_-2.92295
74.954_43.0139_-2.94362
74.4628_42.9206_-2.96429
74.0449_42.8321_-2.73694
73.5832_42.64_-2.75761
73.1216_42.448_-2.73694
72.66_42.2559_-2.75761
72.1984_42.0638_-2.73694
71.7368_41.8717_-2.75761
71.7368_41.8717_-2.75761
71.2713_41.6892_-2.77827
70.8058_41.5067_-2.75761
70.3403_41.3242_-2.77827
69.8748_41.1417_-2.75761
69.4093_40.9592_-2.77827
68.9438_40.7767_-2.75761
68.4783_40.5941_-2.77827
68.0128_40.4116_-2.75761
67.5473_40.2291_-2.77827
67.0816_40.0576_-2.71627
66.6241_39.8561_-2.73694
66.1624_39.664_-2.75761
65.7008_39.4719_-2.73694
65.2433_39.2703_-2.71627
64.7857_39.0687_-2.73694
64.7857_39.0687_-2.73694
64.3241_38.8766_-2.75761
63.8625_38.6845_-2.73694
63.4049_38.4829_-2.71627
62.9474_38.2814_-2.73694
62.4857_38.0893_-2.75761
62.4857_38.0893_-2.75761
62.0327_37.8784_-2.65426
61.5933_37.6397_-2.6336
61.154_37.401_-2.65426
60.7146_37.1623_-2.6336
60.2753_36.9236_-2.65426
59.6274_36.5625_-2.90228
