configuration 161.70602417_-18.2518405914_0.169978369946_0.985447793519_193.750076294_109.599342346_0.85380148664_0.520598714377
length 179.399
time 150.96
roughness 0.00514842
161.706_-18.2518_0.341615
162.198_-18.1799_-0.0510836
162.695_-18.2312_-0.154426
163.188_-18.3132_-0.175094
163.681_-18.3952_-0.154426
164.235_-18.4928_5.7774
164.708_-18.6441_6.1701
165.203_-18.6028_6.5628
165.664_-18.4116_6.79015
166.099_-18.1643_6.81082
166.528_-17.9081_6.83148
166.957_-17.6519_6.81082
167.266_-17.483_-0.113089
167.761_-17.4417_0.27961
168.226_-17.2599_0.465626
168.675_-17.04_0.444957
169.124_-16.8202_0.465626
169.706_-16.5299_0.878993
170.079_-16.2_0.568968
170.497_-15.9263_0.589636
170.91_-15.644_0.610304
171.322_-15.3617_0.589636
171.735_-15.0794_0.610304
172.148_-14.7971_0.589636
172.56_-14.5148_0.610304
173.216_-14.0758_1.06501
173.506_-13.6696_0.837656
173.844_-13.3016_0.816988
174.182_-12.9335_0.837656
174.521_-12.5654_0.816988
174.867_-12.2045_0.79632
175.213_-11.8435_0.816988
175.695_-11.3171_-4.84615
175.856_-10.8472_-5.23885
176.112_-10.4175_-5.25951
176.376_-9.9932_-5.28018
176.641_-9.56891_-5.25951
176.905_-9.14462_-5.28018
177.179_-8.72588_-5.30085
177.545_-8.15235_0.858325
177.936_-7.84698_0.465626
178.398_-7.65554_0.320947
178.871_-7.49291_0.341615
179.343_-7.33029_0.320947
179.816_-7.16766_0.341615
179.816_-7.16766_0.341615
180.295_-7.02478_0.238274
180.782_-6.91179_0.217605
181.269_-6.79881_0.238274
181.756_-6.68583_0.217605
182.246_-6.58293_0.196937
182.735_-6.48004_0.217605
183.222_-6.36706_0.238274
183.709_-6.25407_0.217605
184.198_-6.15118_0.196937
184.68_-6.03953_0.176268
185.176_-5.98771_0.0315898
185.676_-5.96675_0.0522582
186.175_-5.93548_0.0729266
186.674_-5.9042_0.0522582
187.173_-5.87292_0.0729266
187.672_-5.84165_0.0522582
188.172_-5.82069_0.0315898
188.671_-5.79974_0.0522582
189.41_-5.76047_0.465626
189.802_-5.4551_0.858325
190.092_-5.0486_1.04434
190.347_-4.61893_1.02367
190.603_-4.18926_1.04434
190.859_-3.75959_1.02367
191.115_-3.32992_1.04434
191.37_-2.90025_1.02367
191.635_-2.47596_1.003
191.923_-2.00533_0.382952
192.345_-1.74168_0.734315
192.712_-1.40283_0.754983
193.08_-1.06398_0.734315
193.455_-0.732795_0.713646
193.829_-0.401615_0.734315
194.197_-0.0627647_0.754983
194.565_0.276086_0.734315
194.939_0.607266_0.713646
195.314_0.938446_0.734315
195.479_1.08989_1.64372
195.428_1.58712_1.70573
195.365_2.08323_1.68506
195.303_2.57935_1.70573
195.241_3.07546_1.68506
195.179_3.57158_1.70573
195.179_3.57158_1.70573
195.097_4.06463_1.76773
194.994_4.55392_1.7884
194.891_5.04321_1.76773
194.788_5.5325_1.7884
194.685_6.02179_1.76773
194.582_6.51108_1.7884
194.469_6.99813_1.80907
194.356_7.48519_1.7884
194.253_7.97448_1.76773
194.161_8.36776_1.99509
193.932_8.81198_2.09843
193.685_9.24656_2.07776
193.438_9.68113_2.09843
193.19_10.1157_2.07776
192.943_10.5503_2.09843
192.943_10.5503_2.09843
192.705_10.9898_2.03642
192.485_11.4389_2.01575
192.265_11.8879_2.03642
192.045_12.337_2.01575
191.826_12.786_2.03642
191.606_13.2351_2.01575
191.395_13.6886_1.99509
191.185_14.1421_2.01575
190.965_14.5912_2.03642
190.748_15.0332_2.09843
190.519_15.4774_1.99509
190.309_15.9309_2.01575
190.098_16.3844_1.99509
189.888_16.8379_2.01575
189.668_17.287_2.03642
189.448_17.7361_2.01575
189.238_18.1896_1.99509
189.027_18.6431_2.01575
188.807_19.0921_2.03642
188.638_19.4383_2.26377
188.383_19.866_1.95375
188.201_20.3317_1.93308
188.019_20.7973_1.95375
187.837_21.263_1.93308
187.655_21.7287_1.95375
187.473_22.1944_1.93308
187.291_22.6601_1.95375
187.109_23.1258_1.93308
186.916_23.641_2.59447
186.55_23.9773_2.20177
186.332_24.424_1.85041
186.189_24.9032_1.87108
186.046_25.3823_1.85041
185.903_25.8614_1.87108
185.76_26.3405_1.85041
185.617_26.8196_1.87108
185.474_27.2988_1.85041
185.331_27.7779_1.87108
185.24_28.0758_2.1811
185.021_28.5231_1.87108
184.868_28.9992_1.89174
184.706_29.472_1.91241
184.543_29.9448_1.89174
184.38_30.4176_1.91241
184.218_30.8904_1.89174
184.065_31.3664_1.87108
183.912_31.8425_1.89174
183.749_32.3153_1.91241
183.64_32.6369_2.22244
183.375_33.0603_2.03642
183.155_33.5094_2.01575
182.936_33.9584_2.03642
182.706_34.4029_2.05709
182.477_34.8473_2.03642
182.257_35.2963_2.01575
182.038_35.7454_2.03642
181.809_36.1898_2.05709
181.563_36.6759_1.3957
181.562_37.1734_1.74706
181.48_37.6665_1.7264
181.397_38.1596_1.74706
181.315_38.6527_1.7264
181.232_39.1459_1.74706
181.15_39.639_1.7264
181.039_40.3874_1.41637
181.019_40.8837_1.80907
180.837_41.348_2.07776
180.599_41.7876_2.05709
180.37_42.232_2.03642
180.141_42.6764_2.05709
179.902_43.116_2.07776
179.647_43.606_2.07776
179.333_43.9919_2.42912
178.951_44.3148_2.44979
178.569_44.6378_2.42912
178.188_44.9607_2.44979
177.806_45.2836_2.42912
177.296_45.7373_1.87108
177.086_46.1894_2.13976
176.821_46.6134_2.1191
176.556_47.0374_2.13976
176.282_47.4558_2.16043
176.008_47.8742_2.13976
175.743_48.2982_2.1191
175.478_48.7222_2.13976
175.205_49.1406_2.16043
174.878_49.6473_1.54038
174.806_50.1395_1.89174
174.653_50.6155_1.87108
174.51_51.0946_1.85041
174.367_51.5738_1.87108
174.224_52.0529_1.85041
174.081_52.532_1.87108
173.928_53.0081_1.89174
173.775_53.4841_1.87108
173.658_53.867_2.65647
173.272_54.1799_2.26377
173.036_54.6167_1.87108
172.963_55.1095_1.56105
172.963_55.6095_1.58172
172.963_56.1095_1.56105
172.973_56.6093_1.54038
172.983_57.1092_1.56105
172.983_57.6092_1.58172
172.982_58.1092_1.56105
172.995_58.4168_1.91241
172.749_58.8491_2.26377
172.434_59.2371_2.24311
172.118_59.625_2.26377
171.803_60.013_2.24311
171.487_60.4009_2.26377
171.172_60.7889_2.24311
170.865_61.1833_2.22244
170.557_61.5776_2.24311
170.242_61.9656_2.26377
170.017_62.2558_1.95375
169.816_62.7135_2.01575
169.605_63.167_1.99509
169.395_63.6205_2.01575
169.184_64.0741_1.99509
168.974_64.5276_2.01575
168.974_64.5276_2.01575
168.851_65.0091_1.62305
168.862_65.5085_1.47838
168.903_66.0069_1.49904
168.944_66.5052_1.47838
168.985_67.0035_1.49904
169.026_67.5018_1.47838
169.066_68.0001_1.49904
169.107_68.4984_1.47838
169.172_69.1693_1.97442
168.892_69.5793_2.36712
168.517_69.9099_2.47046
168.129_70.2249_2.44979
167.74_70.5398_2.47046
167.346_70.8467_2.49113
166.951_71.1536_2.47046
166.562_71.4685_2.44979
166.174_71.7835_2.47046
165.659_72.1914_2.9665
165.196_72.3717_2.5738
164.837_72.7155_2.1811
164.59_73.1494_1.99509
164.389_73.6072_1.97442
164.188_74.065_1.99509
163.987_74.5227_1.97442
163.795_74.9845_1.95375
163.604_75.4464_1.97442
163.41_75.8846_1.31303
163.562_76.3606_1.20969
163.734_76.8302_1.23036
163.905_77.2997_1.20969
164.077_77.7693_1.23036
164.249_78.2388_1.20969
164.249_78.2388_1.20969
164.411_78.7118_1.27169
164.553_79.191_1.29236
164.686_79.6732_1.31303
164.818_80.1553_1.29236
164.961_80.6346_1.27169
165.103_81.1139_1.29236
165.236_81.596_1.31303
165.368_82.0781_1.29236
165.51_82.5574_1.27169
165.522_82.5837_0.444957
165.962_82.8218_0.548299
166.386_83.0868_0.568968
166.81_83.3518_0.548299
167.234_83.6168_0.568968
167.658_83.8819_0.548299
168.081_84.1469_0.568968
168.505_84.4119_0.548299
168.929_84.6769_0.568968
169.353_84.9419_0.548299
169.777_85.2064_0.568968
170.216_85.4445_0.424289
170.669_85.655_0.444957
171.123_85.8655_0.424289
171.576_86.0761_0.444957
172.03_86.2866_0.424289
172.483_86.4971_0.444957
172.933_86.717_0.465626
173.382_86.9368_0.444957
173.835_87.1474_0.424289
174.28_87.354_0.362284
174.724_87.5826_0.589636
175.142_87.8563_0.568968
175.561_88.13_0.589636
175.979_88.4037_0.568968
176.403_88.6687_0.548299
176.827_88.9337_0.568968
177.245_89.2074_0.589636
177.664_89.4812_0.568968
178.088_89.7462_0.548299
178.366_89.9215_0.238274
178.85_90.0446_0.258942
179.332_90.1776_0.27961
179.814_90.3106_0.258942
180.296_90.4436_0.27961
180.778_90.5766_0.258942
180.778_90.5766_0.258942
181.243_90.7582_0.486294
181.682_90.9965_0.506962
182.122_91.2347_0.486294
182.562_91.4729_0.506962
183.001_91.7112_0.486294
183.441_91.9494_0.506962
183.88_92.1876_0.486294
184.32_92.4258_0.506962
184.835_92.6985_1.08568
185.148_93.0843_0.692978
185.581_93.3303_0.341615
186.05_93.5027_0.362284
186.519_93.675_0.341615
186.989_93.8474_0.362284
187.458_94.0198_0.341615
187.927_94.1921_0.362284
188.397_94.3645_0.341615
188.866_94.5369_0.362284
189.322_94.7046_0.424289
189.806_94.8169_0.0315898
190.304_94.7759_-0.195762
190.793_94.6736_-0.216431
191.28_94.5612_-0.237099
191.767_94.4488_-0.216431
192.257_94.3465_-0.195762
192.388_94.3466_0.196937
192.4_94.3182_1.04434
192.698_94.7183_0.816988
193.036_95.0864_0.837656
193.375_95.4545_0.816988
193.721_95.8154_0.79632
194.066_96.1764_0.816988
194.405_96.5445_0.837656
194.852_97.0273_1.04434
195.098_97.4621_1.06501
195.336_97.902_1.08568
195.574_98.3418_1.06501
195.811_98.7817_1.08568
196.049_99.2216_1.06501
196.049_99.2216_1.06501
196.2_99.6948_1.45771
196.169_100.191_1.80907
196.046_100.676_1.82974
195.913_101.158_1.85041
195.78_101.641_1.82974
195.657_102.126_1.80907
195.534_102.61_1.82974
195.411_103.095_1.80907
195.288_103.58_1.82974
195.165_104.064_1.80907
195.165_104.064_1.80907
195.042_104.549_1.82974
194.919_105.033_1.80907
194.796_105.518_1.82974
194.673_106.003_1.80907
194.55_106.487_1.82974
194.55_106.487_1.82974
194.427_106.972_1.80907
194.304_107.457_1.82974
194.181_107.941_1.80907
194.058_108.426_1.82974
193.935_108.91_1.80907
193.935_108.91_1.80907
193.812_109.395_1.82974
193.812_109.395_1.82974
