configuration 161.70602417_-18.2518405914_0.169978369946_0.985447793519_193.750076294_109.599342346_0.85380148664_0.520598714377
length 195.353
time 7.40301
roughness 0.000477366
161.706_-18.2518_0.341615
162.198_-18.1799_-0.0510836
162.695_-18.2312_-0.154426
163.186_-18.3234_-0.216431
163.378_-18.4073_-0.60913
163.378_-18.4073_-1.00183
163.722_-18.7655_-0.60913
164.177_-18.9648_-0.216431
164.671_-19.0366_-0.071752
165.17_-19.0776_-0.0924204
165.667_-19.1289_-0.113089
166.162_-19.0875_0.27961
166.635_-18.925_0.382952
167.096_-18.7334_0.403621
167.558_-18.5418_0.382952
168.02_-18.3502_0.403621
168.43_-18.0697_0.79632
168.761_-17.6948_0.899662
169.076_-17.3065_0.878993
169.391_-16.9182_0.899662
169.706_-16.5299_0.878993
169.978_-16.112_1.10635
170.207_-15.6674_1.08568
170.445_-15.2275_1.06501
170.682_-14.7876_1.08568
170.92_-14.3478_1.06501
171.081_-13.8772_1.41637
171.163_-13.384_1.3957
171.255_-12.8925_1.37503
171.348_-12.4011_1.3957
171.44_-11.9097_1.37503
171.63_-11.4506_0.982335
171.981_-11.0991_0.589636
172.424_-10.8705_0.362284
172.89_-10.6885_0.382952
173.355_-10.5065_0.362284
173.831_-10.3537_0.258942
174.316_-10.2307_0.238274
174.801_-10.1077_0.258942
175.285_-9.98464_0.238274
175.77_-9.86161_0.258942
176.216_-9.64316_0.651641
176.576_-9.29752_0.878993
176.899_-8.9158_0.858325
177.222_-8.53407_0.878993
177.545_-8.15235_0.858325
177.936_-7.84698_0.465626
178.398_-7.65554_0.320947
178.871_-7.49291_0.341615
179.343_-7.33029_0.320947
179.816_-7.16766_0.341615
180.292_-7.01487_0.27961
180.774_-6.88185_0.258942
181.256_-6.74884_0.27961
181.738_-6.61582_0.258942
182.22_-6.48281_0.27961
182.707_-6.36987_0.176268
183.2_-6.28729_0.1556
183.693_-6.2047_0.176268
184.186_-6.12212_0.1556
184.68_-6.03953_0.176268
185.176_-6.04951_-0.216431
185.661_-6.17195_-0.278436
186.143_-6.30439_-0.257767
186.625_-6.43684_-0.278436
187.107_-6.56929_-0.257767
187.603_-6.59978_0.134932
188.077_-6.44775_0.486294
188.521_-6.21866_0.465626
188.966_-5.98956_0.486294
189.41_-5.76047_0.465626
189.802_-5.4551_0.858325
190.047_-5.02302_1.25102
190.108_-4.53001_1.64372
190.067_-4.03175_1.66439
190.025_-3.53349_1.64372
190.086_-3.04048_1.25102
190.331_-2.6084_0.858325
190.723_-2.30303_0.465626
191.181_-2.102_0.362284
191.647_-1.91998_0.382952
192.135_-1.82781_-0.0097469
192.621_-1.92948_-0.402446
193.079_-2.13005_-0.423114
193.533_-2.34005_-0.443783
193.986_-2.55005_-0.423114
193.986_-2.55005_-0.0304153
194.476_-2.46799_0.362284
194.898_-2.20467_0.754983
195.186_-1.80019_1.14768
195.328_-1.32233_1.41637
195.348_-0.823824_1.64372
195.317_-0.324812_1.62305
195.286_0.1742_1.64372
195.255_0.673212_1.62305
195.223_1.17222_1.64372
195.171_1.66945_1.70573
195.109_2.16556_1.68506
195.047_2.66168_1.70573
194.985_3.15779_1.68506
194.923_3.65391_1.70573
194.892_4.15249_1.56105
194.891_4.65248_1.58172
194.891_5.15247_1.56105
194.891_5.65247_1.58172
194.88_6.15234_1.60239
194.768_6.63629_1.99509
194.557_7.08979_2.01575
194.347_7.5433_1.99509
194.136_7.99681_2.01575
193.926_8.45031_1.99509
193.697_8.89454_2.09843
193.45_9.32911_2.07776
193.202_9.76368_2.09843
192.955_10.1983_2.07776
192.708_10.6328_2.09843
192.379_11.005_2.49113
191.932_11.2229_2.88383
191.445_11.3353_2.94583
190.956_11.4377_2.92516
190.466_11.54_2.94583
190.007_11.7298_2.55313
189.648_12.074_2.20177
189.349_12.4747_2.22244
189.05_12.8753_2.20177
188.751_13.276_2.22244
188.532_13.7221_1.82974
188.419_14.2091_1.76773
188.316_14.6984_1.7884
188.214_15.1877_1.76773
188.111_15.677_1.7884
187.958_16.1524_1.97442
187.766_16.6142_1.95375
187.575_17.076_1.97442
187.383_17.5378_1.95375
187.192_17.9997_1.97442
187.049_18.4778_1.74706
186.966_18.9709_1.7264
186.884_19.464_1.74706
186.801_19.9571_1.7264
186.719_20.4503_1.74706
186.538_20.913_2.13976
186.264_21.3314_2.16043
185.982_21.744_2.1811
185.699_22.1567_2.16043
185.417_22.5694_2.1811
185.217_23.0242_1.7884
185.196_23.5212_1.43704
185.258_24.0174_1.45771
185.309_24.5147_1.47838
185.361_25.0121_1.45771
185.319_25.5072_1.85041
185.186_25.9891_1.82974
185.063_26.4738_1.80907
184.94_26.9584_1.82974
184.817_27.443_1.80907
184.608_27.8936_2.20177
184.256_28.2455_2.51179
183.855_28.5442_2.49113
183.454_28.8428_2.51179
183.053_29.1415_2.49113
182.724_29.5137_2.09843
182.485_29.9532_2.03642
182.266_30.4022_2.01575
182.046_30.8513_2.03642
181.826_31.3004_2.01575
181.704_31.7819_1.62305
181.734_32.2799_1.3957
181.816_32.7731_1.41637
181.888_33.2679_1.43704
181.96_33.7627_1.41637
181.939_34.2591_1.80907
181.73_34.7097_2.20177
181.371_35.0539_2.55313
180.958_35.3357_2.53246
180.545_35.6175_2.55313
180.193_35.9686_2.16043
180.003_36.4274_1.76773
179.941_36.9231_1.62305
179.909_37.4221_1.64372
179.878_37.9211_1.62305
179.756_38.4027_2.01575
179.518_38.8421_2.1191
179.253_39.2661_2.13976
178.988_39.69_2.1191
178.723_40.114_2.13976
178.432_40.5206_2.24311
178.117_40.9085_2.26377
177.801_41.2965_2.24311
177.486_41.6844_2.26377
177.17_42.0724_2.24311
176.871_42.473_2.1811
176.581_42.8797_2.20177
176.29_43.2865_2.1811
175.999_43.6932_2.20177
175.708_44.1_2.1811
175.508_44.5548_1.7884
175.436_45.0491_1.64372
175.395_45.5474_1.66439
175.353_46.0456_1.64372
175.311_46.5439_1.66439
175.189_47.0266_1.97442
174.997_47.4884_1.95375
174.806_47.9502_1.97442
174.614_48.412_1.95375
174.422_48.8738_1.97442
174.32_49.36_1.58172
174.32_49.86_1.56105
174.32_50.36_1.58172
174.319_50.86_1.56105
174.319_51.36_1.58172
174.401_51.8507_1.23036
174.563_52.3237_1.25102
174.725_52.7966_1.23036
174.887_53.2696_1.25102
175.049_53.7426_1.23036
175.12_54.2343_1.62305
174.998_54.7158_2.01575
174.701_55.1139_2.40845
174.295_55.4036_2.6358
173.86_55.6503_2.61514
173.411_55.8695_2.75982
172.945_56.0509_2.78048
172.479_56.2324_2.75982
172.013_56.4139_2.78048
171.547_56.5954_2.75982
171.131_56.8668_2.36712
170.851_57.2769_1.97442
170.669_57.7425_1.91241
170.496_58.2118_1.93308
170.314_58.6775_1.95375
170.222_59.1657_1.56105
170.324_59.652_1.16835
170.524_60.11_1.14768
170.734_60.5637_1.12701
170.944_61.0175_1.14768
171.056_61.5015_1.54038
171.076_62.0011_1.51971
171.107_62.5002_1.49904
171.138_62.9992_1.51971
171.168_63.4983_1.49904
171.107_63.9912_1.89174
170.861_64.423_2.28444
170.487_64.7527_2.55313
170.068_65.026_2.5738
169.65_65.2992_2.55313
169.198_65.5084_2.86316
168.718_65.6507_2.84249
168.239_65.7931_2.86316
167.76_65.9355_2.84249
167.281_66.0779_2.86316
166.839_66.305_2.47046
166.517_66.6839_2.07776
166.317_67.141_1.89174
166.154_67.6138_1.91241
165.982_68.0832_1.93308
165.9_68.5731_1.54038
166.011_69.0572_1.14768
166.258_69.4914_0.961667
166.539_69.9044_0.982335
166.821_70.3175_0.961667
167.021_70.7725_1.35437
167.031_71.2692_1.74706
166.878_71.7439_2.01575
166.668_72.1974_1.99509
166.467_72.6551_1.97442
166.211_73.0832_2.24311
165.904_73.4776_2.22244
165.605_73.8782_2.20177
165.306_74.2789_2.22244
165.006_74.6795_2.20177
164.797_75.1301_1.80907
164.746_75.626_1.54038
164.756_76.1258_1.56105
164.766_76.6257_1.54038
164.776_77.1256_1.56105
164.683_77.6138_1.95375
164.412_78.0295_2.34645
164.001_78.3095_2.73915
163.52_78.4416_3.00784
163.026_78.5134_2.98717
163.026_78.5134_2.59447
163.026_78.5134_2.20177
162.816_78.964_1.80907
162.796_79.4604_1.41637
162.966_79.9269_1.02367
163.185_80.3756_1.20969
163.367_80.8415_1.18902
163.548_81.3074_1.20969
163.73_81.7733_1.18902
163.911_82.2392_1.20969
164.174_82.6607_0.816988
164.578_82.9496_0.424289
165.036_83.1508_0.403621
165.498_83.3424_0.382952
165.96_83.534_0.403621
166.429_83.7063_0.300279
166.908_83.8492_0.27961
167.387_83.9922_0.300279
167.866_84.1351_0.27961
168.345_84.2781_0.300279
168.782_84.5148_0.692978
169.15_84.8535_0.79632
169.503_85.2072_0.775651
169.856_85.561_0.79632
170.21_85.9147_0.775651
170.563_86.2685_0.79632
170.916_86.6222_0.775651
171.27_86.976_0.79632
171.623_87.3297_0.775651
171.976_87.6835_0.79632
172.386_87.964_0.403621
172.855_88.1363_0.300279
173.332_88.2891_0.320947
173.804_88.4517_0.341615
174.277_88.6144_0.320947
174.77_88.6761_-0.071752
175.249_88.5445_-0.464451
175.641_88.2396_-0.85715
175.914_87.8224_-1.12584
176.125_87.3689_-1.14651
176.414_86.9648_-0.753808
176.835_86.702_-0.361109
177.325_86.6205_0.0315898
177.809_86.7327_0.424289
178.253_86.9617_0.527631
178.693_87.1999_0.465626
179.137_87.429_0.486294
179.582_87.6581_0.465626
180.026_87.8872_0.486294
180.471_88.1163_0.465626
180.863_88.4217_0.858325
181.152_88.8282_1.04434
181.408_89.2578_1.02367
181.664_89.6875_1.04434
181.919_90.1172_1.02367
182.175_90.5468_1.04434
182.431_90.9765_1.02367
182.687_91.4062_1.04434
182.942_91.8358_1.02367
183.198_92.2655_1.04434
183.527_92.6381_0.651641
183.973_92.8565_0.258942
184.455_92.9896_0.27961
184.934_93.1325_0.300279
185.413_93.2754_0.27961
185.9_93.3884_0.176268
186.391_93.4811_0.196937
186.882_93.5739_0.176268
187.374_93.6667_0.196937
187.865_93.7594_0.176268
188.363_93.8009_-0.0097469
188.863_93.8012_0.0109215
189.363_93.8015_-0.0097469
189.863_93.8018_0.0109215
190.363_93.8021_-0.0097469
190.851_93.8943_0.382952
191.266_94.1662_0.775651
191.546_94.5766_1.16835
191.679_95.0573_1.43704
191.75_95.5521_1.41637
191.921_96.0186_1.02367
192.257_96.3843_0.630973
192.696_96.6219_0.362284
193.161_96.8039_0.382952
193.627_96.9859_0.362284
194.048_97.2492_0.754983
194.337_97.6537_1.14768
194.448_98.1378_1.54038
194.438_98.6375_1.64372
194.406_99.1365_1.62305
194.406_99.1365_1.23036
194.66_99.5634_0.837656
195.059_99.8606_0.444957
195.54_99.9828_0.0522582
196.032_99.9115_-0.340441
196.032_99.9115_0.0522582
196.513_100.034_0.444957
196.911_100.331_0.837656
197.165_100.758_1.23036
197.237_101.249_1.62305
197.124_101.734_1.97442
196.923_102.192_1.99509
196.722_102.65_1.97442
196.521_103.107_1.99509
196.32_103.565_1.97442
196.128_104.027_1.95375
195.937_104.489_1.97442
195.736_104.947_1.99509
195.534_105.404_1.97442
195.343_105.866_1.95375
195.151_106.328_1.97442
194.95_106.786_1.99509
194.749_107.243_1.97442
194.557_107.705_1.95375
194.366_108.167_1.97442
194.165_108.625_1.99509
193.964_109.083_1.97442
193.772_109.544_1.95375
