configuration 133.385482788_115.927223206_-0.986328190641_0.164792901387_34.5528411865_13.6445770264_-0.541385985877_0.840774175564
length 308.453
time 20.7727
roughness 0.000274174
133.385_115.927_-2.8105
133.385_115.927_-3.2032
133.385_115.927_-3.59589
132.99_116.228_-3.98859
132.74_116.657_-4.38129
132.673_117.15_-4.77399
132.673_117.15_-5.16669
132.673_117.15_-5.55939
133.103_117.4_-5.95209
133.595_117.466_-6.34479
134.075_117.34_-6.73749
134.556_117.213_-6.34479
135.054_117.177_-6.36546
135.553_117.141_-6.34479
136.052_117.105_-6.36546
136.55_117.069_-6.34479
137.043_117.136_-5.95209
137.506_117.323_-5.84875
137.958_117.538_-5.82808
138.409_117.753_-5.84875
138.86_117.968_-5.82808
139.32_118.164_-5.93142
139.788_118.341_-5.91075
140.255_118.518_-5.93142
140.723_118.696_-5.91075
141.19_118.873_-5.93142
141.681_118.95_-6.32412
142.164_118.833_-6.71682
142.565_118.54_-7.10952
142.86_118.137_-7.33687
143.111_117.705_-7.3162
143.111_117.705_-6.9235
143.56_117.492_-6.5308
144.056_117.466_-6.1381
144.524_117.633_-5.74541
144.893_117.966_-5.35271
144.893_117.966_-5.74541
145.361_118.132_-6.1381
145.857_118.106_-6.5308
146.306_117.893_-6.9235
146.639_117.524_-7.3162
146.89_117.092_-7.33687
147.142_116.66_-7.3162
147.394_116.228_-7.33687
147.645_115.796_-7.3162
147.897_115.364_-7.33687
148.054_114.893_-7.72957
148.121_114.397_-7.7089
148.188_113.902_-7.72957
148.255_113.406_-7.7089
148.322_112.911_-7.72957
148.479_112.439_-7.33687
148.731_112.007_-7.3162
148.991_111.58_-7.29553
149.252_111.154_-7.3162
149.512_110.727_-7.29553
149.755_110.29_-7.39888
149.979_109.843_-7.37821
150.204_109.396_-7.39888
150.428_108.95_-7.37821
150.652_108.503_-7.39888
150.82_108.033_-7.62623
150.937_107.547_-7.60556
151.055_107.061_-7.62623
151.173_106.575_-7.60556
151.291_106.089_-7.62623
151.496_105.636_-7.23353
151.858_105.296_-6.84083
152.316_105.101_-6.5308
152.799_104.974_-6.55147
153.28_104.836_-6.57214
153.72_104.604_-6.96484
154.037_104.222_-7.35754
154.184_103.747_-7.75024
154.138_103.253_-8.14294
153.952_102.789_-8.32895
153.815_102.312_-7.93625
153.851_101.815_-7.62623
153.959_101.327_-7.6469
154.067_100.839_-7.62623
154.175_100.351_-7.6469
154.332_99.877_-7.41954
154.538_99.4213_-7.44021
154.744_98.9656_-7.41954
154.949_98.51_-7.44021
155.155_98.0543_-7.41954
155.272_97.5715_-7.81224
155.196_97.0806_-8.20494
155.029_96.6093_-8.18427
154.862_96.1381_-8.20494
154.695_95.6668_-8.18427
154.628_95.1745_-7.79157
154.755_94.6942_-7.39888
155.024_94.2738_-7.17152
155.335_93.8826_-7.19219
155.647_93.4914_-7.17152
155.897_93.061_-7.48155
156.084_92.5972_-7.46088
156.28_92.1374_-7.44021
156.477_91.6775_-7.46088
156.673_91.2177_-7.44021
156.897_90.7711_-7.33687
157.14_90.3339_-7.35754
157.374_89.8918_-7.37821
157.607_89.4498_-7.35754
157.841_89.0077_-7.37821
158.008_88.538_-7.6469
158.116_88.0498_-7.62623
158.233_87.5639_-7.60556
158.351_87.078_-7.62623
158.469_86.5921_-7.60556
158.683_86.1436_-7.21286
159.052_85.8111_-6.82016
159.52_85.6451_-6.42746
160.018_85.6505_-6.11744
160.512_85.7279_-6.1381
161.009_85.7024_-6.5308
161.457_85.489_-6.9235
161.79_85.1202_-7.3162
162.005_84.6695_-7.50222
162.182_84.2019_-7.48155
162.433_83.7716_-7.17152
162.744_83.3804_-7.19219
163.047_82.9828_-7.21286
163.35_82.5852_-7.19219
163.653_82.1876_-7.21286
163.895_81.7518_-7.48155
164.082_81.2879_-7.46088
164.278_80.8281_-7.44021
164.475_80.3682_-7.46088
164.671_79.9084_-7.44021
164.778_79.4233_-7.83291
164.732_78.9265_-8.06026
164.635_78.4361_-8.03959
164.547_77.9438_-8.01893
164.46_77.4514_-8.03959
164.275_76.9904_-8.43229
163.981_76.5866_-8.53564
163.662_76.2016_-8.5563
163.343_75.8166_-8.53564
163.024_75.4317_-8.5563
162.96_75.3173_-8.16361
162.904_74.8237_-7.77091
163.041_74.3462_-7.37821
163.35_73.9574_-6.98551
163.785_73.7166_-6.59281
164.219_73.4759_-6.98551
164.569_73.1193_-7.17152
164.88_72.7281_-7.19219
165.192_72.3369_-7.17152
165.503_71.9456_-7.19219
165.726_71.5017_-7.58489
165.762_71.0062_-7.97759
165.695_70.5107_-7.99826
165.628_70.0152_-7.97759
165.562_69.5196_-7.99826
165.588_69.0235_-7.60556
165.705_68.5376_-7.62623
165.813_68.0494_-7.6469
165.921_67.5612_-7.62623
166.029_67.073_-7.6469
166.186_66.5995_-7.41954
166.392_66.1438_-7.44021
166.588_65.684_-7.46088
166.785_65.2241_-7.44021
166.981_64.7643_-7.46088
167.187_64.3086_-7.39888
167.411_63.8618_-7.37821
167.635_63.415_-7.39888
167.86_62.9682_-7.37821
168.084_62.5214_-7.39888
168.327_62.0844_-7.29553
168.587_61.6577_-7.3162
168.848_61.2309_-7.29553
169.108_60.8042_-7.3162
169.369_60.3775_-7.29553
169.621_59.9455_-7.35754
169.863_59.5083_-7.33687
170.106_59.0712_-7.35754
170.349_58.634_-7.33687
170.591_58.1969_-7.35754
170.86_57.776_-7.21286
171.164_57.3784_-7.19219
171.467_56.9808_-7.21286
171.77_56.5832_-7.19219
172.073_56.1856_-7.21286
172.287_55.7371_-7.60556
172.405_55.2512_-7.62623
172.513_54.763_-7.6469
172.62_54.2748_-7.62623
172.728_53.7866_-7.6469
172.905_53.3209_-7.33687
173.147_52.8837_-7.35754
173.39_52.4466_-7.33687
173.633_52.0094_-7.35754
173.875_51.5723_-7.33687
174.201_51.1967_-6.94417
174.645_50.974_-6.55147
175.135_50.8768_-6.40679
175.63_50.81_-6.42746
176.126_50.7432_-6.40679
176.126_50.7432_-6.79949
176.502_50.4184_-7.19219
176.725_49.9745_-7.58489
176.761_49.479_-7.97759
176.624_49.0002_-8.28762
176.507_48.5173_-7.89492
176.543_48.0197_-7.66756
176.641_47.5294_-7.6469
176.739_47.039_-7.66756
176.836_46.5487_-7.6469
176.944_46.0605_-7.62623
177.052_45.5722_-7.6469
177.16_45.084_-7.62623
177.268_44.5958_-7.6469
177.376_44.1076_-7.62623
177.391_43.611_-8.01893
177.216_43.1463_-8.41163
176.876_42.7842_-8.80432
176.46_42.5063_-8.86633
176.033_42.2457_-8.887
175.664_41.9129_-8.4943
175.451_41.4643_-8.1016
175.426_40.9681_-7.7089
175.582_40.4961_-7.35754
175.816_40.054_-7.37821
175.816_40.054_-7.77091
175.816_40.054_-8.16361
175.575_39.6195_-8.5563
175.186_39.3101_-8.949
174.709_39.1731_-9.3417
174.225_39.0557_-9.03168
173.761_38.8689_-9.05235
173.294_38.6918_-9.07301
172.826_38.5147_-9.05235
172.359_38.3376_-9.07301
171.891_38.1605_-9.05235
171.423_37.9833_-9.07301
170.956_37.8062_-9.05235
170.488_37.6291_-9.07301
170.021_37.452_-9.05235
169.557_37.2653_-9.03168
169.093_37.0785_-9.05235
168.629_36.8918_-9.03168
168.165_36.705_-9.05235
167.702_36.5183_-9.03168
167.228_36.3608_-9.17636
166.742_36.2429_-9.19702
166.256_36.1249_-9.17636
165.77_36.007_-9.19702
165.284_35.8891_-9.17636
164.788_35.8632_-9.56905
164.303_35.9806_-9.75507
163.831_36.1476_-9.77574
163.36_36.3147_-9.75507
162.889_36.4817_-9.77574
162.398_36.5582_-9.38304
161.915_36.4411_-8.99034
161.468_36.2167_-8.92833
161.026_35.9831_-8.949
160.584_35.7495_-8.92833
160.138_35.5251_-8.99034
159.682_35.3194_-9.01101
159.226_35.1136_-8.99034
158.775_34.8985_-8.96967
158.323_34.6834_-8.99034
157.868_34.4776_-9.01101
157.408_34.2813_-9.03168
156.948_34.0851_-9.01101
156.488_33.8888_-9.03168
156.028_33.6925_-9.01101
155.573_33.4867_-8.99034
155.117_33.281_-9.01101
154.661_33.0752_-8.99034
154.206_32.8695_-9.01101
153.75_32.6637_-8.99034
153.294_32.458_-9.01101
152.838_32.2522_-8.99034
152.383_32.0465_-9.01101
151.927_31.8408_-8.99034
151.471_31.635_-9.01101
151.008_31.4483_-9.07301
150.54_31.2712_-9.05235
150.072_31.0941_-9.07301
149.605_30.9169_-9.05235
149.137_30.7398_-9.07301
148.713_30.481_-8.68031
148.421_30.0795_-8.28762
148.294_29.5986_-7.93625
148.237_29.1018_-7.99826
148.17_28.6063_-7.97759
148.014_28.1347_-8.37029
147.689_27.7589_-8.76299
147.254_27.5172_-9.07301
146.786_27.34_-9.05235
146.323_27.1533_-9.03168
145.835_27.0562_-9.42438
145.338_27.1023_-9.61039
144.848_27.1997_-9.63106
144.357_27.297_-9.61039
143.867_27.3944_-9.63106
143.41_27.5891_-10.0238
143.062_27.9438_-10.4165
142.82_28.3806_-10.5611
142.605_28.8319_-10.5405
142.38_29.2787_-10.5198
142.138_29.7158_-10.4578
141.877_30.1426_-10.4371
141.616_30.5693_-10.4578
141.356_30.9961_-10.4371
141.095_31.4228_-10.4578
140.763_31.7916_-10.0651
140.314_32.005_-9.6724
139.83_32.1326_-9.69306
139.347_32.2601_-9.6724
138.864_32.3877_-9.69306
138.419_32.6103_-10.0858
138.094_32.9859_-10.4785
137.889_33.441_-10.6645
137.721_33.9121_-10.6438
137.554_34.3832_-10.6645
137.304_34.8125_-10.2718
136.969_35.1837_-10.2511
136.626_35.5479_-10.2304
136.284_35.9121_-10.2511
135.941_36.2763_-10.2304
135.674_36.6949_-10.6231
135.526_37.1721_-10.7678
135.418_37.6603_-10.7885
135.31_38.1485_-10.7678
135.203_38.6368_-10.7885
135.075_39.1199_-10.6851
134.917_39.5944_-10.6645
134.759_40.0689_-10.6851
134.602_40.5434_-10.6645
134.444_41.0179_-10.6851
134.23_41.4679_-10.4165
133.96_41.8891_-10.4371
133.691_42.3104_-10.4165
133.422_42.7317_-10.4371
133.152_43.1529_-10.4165
132.805_43.5077_-10.0238
132.359_43.7311_-9.75507
131.888_43.8981_-9.77574
131.416_44.0651_-9.75507
130.945_44.2322_-9.77574
130.521_44.4907_-10.1684
130.228_44.8919_-10.5611
130.051_45.3591_-10.7058
129.903_45.8367_-10.6851
129.755_46.3144_-10.7058
129.637_46.8_-10.8092
129.55_47.2923_-10.8298
129.462_47.7846_-10.8092
129.375_48.2768_-10.8298
129.287_48.7691_-10.8092
129.23_49.2654_-10.9538
129.204_49.7647_-10.9332
129.168_50.2634_-10.9125
129.132_50.762_-10.9332
129.095_51.2607_-10.9125
128.978_51.7447_-10.6025
128.791_52.2085_-10.6231
128.614_52.676_-10.6438
128.437_53.1436_-10.6231
128.26_53.6112_-10.6438
128.142_54.096_-10.8712
128.075_54.5915_-10.8505
127.997_55.0855_-10.8298
127.92_55.5794_-10.8505
127.843_56.0734_-10.8298
127.676_56.5421_-10.4785
127.433_56.9793_-10.4991
127.2_57.4213_-10.5198
126.966_57.8634_-10.4991
126.733_58.3055_-10.5198
126.733_58.3055_-10.9125
126.762_58.5653_-11.3052
126.902_58.8168_-11.6979
127.106_58.9796_-12.0906
127.332_59.0445_-12.4833
127.609_59.1239_-12.0906
127.998_59.4332_-11.6979
128.238_59.8677_-11.3052
128.295_60.3614_-10.9125
128.158_60.8389_-10.5198
127.991_61.3086_-10.7885
127.883_61.7968_-10.7678
127.775_62.285_-10.7885
127.667_62.7733_-10.7678
127.559_63.2615_-10.7885
127.508_63.3817_-10.3958
127.19_63.6926_-10.0031
126.802_63.8486_-9.61039
126.41_63.8444_-9.21769
126.073_63.7007_-8.82499
125.616_63.5056_-9.21769
125.12_63.5003_-9.61039
124.659_63.6855_-10.0031
124.303_64.033_-10.3958
124.154_64.1793_-10.0031
123.693_64.3645_-9.61039
123.196_64.4106_-9.42438
122.696_64.4053_-9.40371
122.196_64.3999_-9.42438
121.696_64.3945_-9.40371
121.211_64.2874_-9.01101
120.769_64.054_-8.86633
120.342_63.7934_-8.887
119.916_63.5329_-8.86633
119.489_63.2724_-8.887
119.057_63.0207_-8.90767
118.62_62.778_-8.92833
118.183_62.5354_-8.90767
117.745_62.2927_-8.92833
117.308_62.05_-8.90767
116.853_61.8445_-9.09368
116.382_61.6771_-9.07301
115.915_61.5_-9.05235
115.447_61.3229_-9.07301
114.979_61.1458_-9.05235
114.52_60.9495_-8.99034
114.068_60.7344_-8.96967
113.617_60.5193_-8.99034
113.166_60.3042_-8.96967
112.714_60.089_-8.99034
112.231_59.9719_-9.38304
111.732_59.9458_-9.36237
111.233_59.9198_-9.38304
110.734_59.8938_-9.36237
110.234_59.8678_-9.38304
109.743_59.7804_-9.11435
109.269_59.6228_-9.09368
108.794_59.4652_-9.11435
108.317_59.3174_-9.13502
107.839_59.1696_-9.11435
107.405_58.9284_-8.72165
107.02_58.6091_-8.74232
106.629_58.2978_-8.76299
106.238_57.9865_-8.74232
105.846_57.6751_-8.76299
105.522_57.2992_-8.37029
105.326_56.8402_-8.14294
105.189_56.3595_-8.12227
105.061_55.8761_-8.1016
104.933_55.3926_-8.12227
104.711_54.9485_-8.51497
104.335_54.6234_-8.90767
103.884_54.4084_-9.05235
103.42_54.2217_-9.03168
102.957_54.0349_-9.05235
102.467_53.9479_-9.44504
101.98_54.0448_-9.79641
101.512_54.2215_-9.77574
101.044_54.3982_-9.79641
100.576_54.575_-9.77574
100.086_54.6515_-9.38304
99.5972_54.5541_-9.07301
99.126_54.3867_-9.09368
98.6549_54.2193_-9.07301
98.1838_54.0519_-9.09368
97.6915_53.9852_-9.48638
97.1928_54.0211_-9.50705
96.6949_54.0673_-9.52772
96.1971_54.1136_-9.50705
95.6992_54.1598_-9.52772
95.2046_54.1135_-9.13502
94.7415_53.927_-8.949
94.2994_53.6934_-8.92833
93.8573_53.4598_-8.949
93.4153_53.2262_-8.92833
92.9641_53.0112_-9.03168
92.5003_52.8244_-9.05235
92.0365_52.6377_-9.03168
91.5727_52.451_-9.05235
91.1089_52.2642_-9.03168
90.6451_52.0775_-9.05235
90.1812_51.8907_-9.03168
89.7174_51.704_-9.05235
89.2536_51.5173_-9.03168
88.7898_51.3305_-9.05235
88.326_51.1438_-9.03168
87.8662_50.9475_-9.01101
87.4063_50.7512_-9.03168
86.9465_50.5549_-9.01101
86.4866_50.3586_-9.03168
86.0268_50.1623_-9.01101
85.5669_49.9661_-9.03168
85.1071_49.7698_-9.01101
84.6472_49.5735_-9.03168
84.1874_49.3772_-9.01101
83.7361_49.1621_-8.949
83.2893_48.9377_-8.96967
82.8379_48.7226_-8.99034
82.3866_48.5075_-8.96967
81.9352_48.2923_-8.99034
81.4885_48.068_-8.92833
81.0513_47.8253_-8.90767
80.6142_47.5826_-8.92833
80.177_47.3399_-8.90767
79.7399_47.0972_-8.92833
79.2978_46.8637_-8.949
78.8558_46.6301_-8.92833
78.4137_46.3965_-8.949
77.9716_46.1629_-8.92833
77.5295_45.9293_-8.949
77.0875_45.6957_-8.92833
76.6454_45.4621_-8.949
76.2033_45.2285_-8.92833
75.7613_44.9949_-8.949
75.3192_44.7613_-8.92833
74.8872_44.5097_-8.86633
74.4659_44.2404_-8.84566
74.0159_44.0259_-9.11435
73.5414_43.8683_-9.09368
73.067_43.7107_-9.11435
72.5925_43.553_-9.09368
72.118_43.3954_-9.11435
71.668_43.1809_-8.84566
71.2467_42.9116_-8.86633
70.8254_42.6423_-8.84566
70.4042_42.373_-8.86633
69.9829_42.1037_-8.84566
69.5329_41.8892_-9.11435
69.0584_41.7316_-9.09368
68.5873_41.5642_-9.07301
68.1162_41.3968_-9.09368
67.645_41.2293_-9.07301
67.1739_41.0619_-9.09368
66.6994_40.9043_-9.11435
66.2249_40.7466_-9.09368
65.7504_40.589_-9.11435
65.2759_40.4314_-9.09368
64.8123_40.2447_-8.99034
64.3566_40.0389_-9.01101
63.9009_39.8332_-8.99034
63.4452_39.6274_-9.01101
62.9895_39.4217_-8.99034
62.5298_39.2254_-9.05235
62.0659_39.0387_-9.03168
61.6021_38.852_-9.05235
61.1383_38.6652_-9.03168
60.6745_38.4785_-9.05235
60.2559_38.2109_-8.65965
59.8917_37.8683_-8.68031
59.5275_37.5258_-8.65965
59.1633_37.1832_-8.68031
58.7991_36.8406_-8.65965
58.4349_36.4981_-8.68031
58.0707_36.1555_-8.65965
57.7066_35.8129_-8.68031
57.3424_35.4704_-8.65965
56.9782_35.1278_-8.68031
56.614_34.7853_-8.65965
56.2498_34.4427_-8.68031
55.8856_34.1001_-8.65965
55.5214_33.7576_-8.68031
55.1572_33.415_-8.65965
54.7386_33.1474_-9.05235
54.2495_33.0604_-9.44504
53.755_33.127_-9.6724
53.269_33.2446_-9.65173
52.7831_33.3621_-9.6724
52.2948_33.4695_-9.61039
51.8025_33.5567_-9.58972
51.3102_33.6439_-9.61039
50.8197_33.7413_-9.63106
50.3293_33.8386_-9.61039
49.8325_33.8333_-9.21769
49.3756_33.6382_-8.82499
49.0204_33.29_-8.47363
48.7259_32.886_-8.4943
48.4313_32.482_-8.47363
48.0694_32.1416_-8.86633
47.608_31.9558_-9.21769
47.1198_31.848_-9.19702
46.6316_31.7401_-9.21769
46.1433_31.6323_-9.19702
45.6906_31.4278_-8.80432
45.3505_31.0657_-8.41163
45.0903_30.6387_-8.39096
44.8301_30.2118_-8.41163
44.5699_29.7848_-8.39096
44.2374_29.4157_-8.78366
43.7889_29.202_-9.17636
43.2971_29.1145_-9.32103
42.7993_29.0678_-9.3417
42.3015_29.0212_-9.32103
41.8021_29.0055_-9.46571
41.3024_29.0208_-9.44504
40.8026_29.0361_-9.46571
40.3029_29.0514_-9.44504
39.8031_29.0667_-9.46571
39.3123_28.9898_-9.07301
38.8883_28.7309_-8.68031
38.5956_28.3295_-8.28762
38.4288_27.8589_-8.1016
38.3013_27.3755_-8.12227
38.0786_26.9313_-8.51497
37.703_26.6062_-8.90767
37.2316_26.4496_-9.30037
36.7377_26.3722_-9.23836
36.2454_26.2846_-9.25903
35.7514_26.2072_-9.2797
35.256_26.14_-9.30037
34.7605_26.0729_-9.2797
34.2651_26.0057_-9.30037
33.7696_25.9385_-9.2797
33.3015_25.7722_-8.887
32.9327_25.4394_-8.4943
32.7193_24.9907_-8.1016
32.6938_24.4946_-7.7089
32.7712_24.0006_-7.68823
32.8588_23.5084_-7.66756
32.9464_23.0161_-7.68823
33.034_22.5239_-7.66756
33.1216_22.0316_-7.68823
33.2091_21.5393_-7.66756
33.2967_21.0471_-7.68823
33.3843_20.5548_-7.66756
33.4719_20.0626_-7.68823
33.5595_19.5703_-7.66756
33.6471_19.078_-7.68823
33.7245_18.5841_-7.7089
33.8019_18.0901_-7.68823
33.8894_17.5978_-7.66756
33.977_17.1056_-7.68823
34.0544_16.6116_-7.7089
34.1318_16.1177_-7.68823
34.2194_15.6254_-7.66756
34.307_15.1331_-7.68823
34.3844_14.6392_-7.7089
34.4618_14.1452_-7.68823
34.5494_13.6529_-7.66756
