configuration 133.385482788_115.927223206_-0.986328190641_0.164792901387_34.5528411865_13.6445770264_-0.541385985877_0.840774175564
length 188.94
time 43.0415
roughness 0.000403473
133.385_115.927_-2.8105
132.905_115.789_-2.91384
132.419_115.671_-2.89317
131.933_115.554_-2.91384
131.447_115.436_-2.89317
130.962_115.318_-2.91384
130.473_115.21_-2.93451
129.985_115.102_-2.91384
129.499_114.984_-2.89317
128.973_114.861_-2.27312
128.639_114.489_-2.33512
128.296_114.125_-2.31446
127.954_113.76_-2.33512
127.612_113.396_-2.31446
127.269_113.031_-2.33512
127.269_113.031_-2.33512
126.862_112.747_-2.72782
126.381_112.619_-3.03785
125.883_112.572_-3.05852
125.385_112.526_-3.03785
124.887_112.479_-3.05852
124.39_112.433_-3.03785
123.892_112.386_-3.05852
123.394_112.339_-3.03785
122.785_112.274_-2.45913
122.407_111.947_-2.39713
122.036_111.612_-2.4178
121.665_111.277_-2.39713
121.294_110.942_-2.4178
120.922_110.607_-2.39713
120.922_110.607_-2.39713
120.498_110.348_-2.78983
120.021_110.2_-2.89317
119.535_110.082_-2.91384
119.049_109.964_-2.89317
118.566_109.836_-2.8725
118.082_109.708_-2.89317
117.597_109.59_-2.91384
117.111_109.473_-2.89317
116.549_109.329_-2.27312
116.16_109.02_-2.66582
115.701_108.824_-2.8105
115.23_108.656_-2.78983
114.759_108.489_-2.8105
114.288_108.322_-2.78983
113.817_108.154_-2.8105
113.345_107.987_-2.78983
112.874_107.819_-2.8105
112.4_107.662_-2.83116
111.983_107.513_-3.57523
111.5_107.63_-3.18253
111.009_107.553_-2.78983
110.585_107.294_-2.39713
110.214_106.96_-2.4178
109.842_106.625_-2.39713
109.471_106.29_-2.4178
108.896_105.791_-2.4178
108.595_105.395_-2.0251
108.469_104.915_-1.6324
108.515_104.419_-1.32237
108.633_103.933_-1.34304
108.751_103.448_-1.32237
108.869_102.962_-1.34304
108.987_102.476_-1.32237
109.115_101.992_-1.30171
109.243_101.509_-1.32237
109.378_100.951_-1.1777
109.564_100.487_-1.19836
109.751_100.023_-1.1777
109.947_99.5632_-1.15703
110.144_99.1034_-1.1777
110.33_98.6396_-1.19836
110.517_98.1758_-1.1777
110.713_97.7159_-1.15703
110.91_97.2561_-1.1777
111.096_96.7922_-1.19836
111.292_96.334_-1.13636
111.507_95.8827_-1.11569
111.722_95.4313_-1.13636
111.937_94.98_-1.11569
112.153_94.5287_-1.13636
112.368_94.0773_-1.11569
112.583_93.626_-1.13636
112.798_93.1746_-1.11569
113.022_92.7278_-1.09502
113.247_92.281_-1.11569
113.407_91.9468_-1.38438
113.402_91.4501_-1.77708
113.285_90.9641_-1.83908
113.157_90.4807_-1.81841
113.03_89.9973_-1.83908
112.902_89.5138_-1.81841
112.775_89.0304_-1.83908
112.647_88.5469_-1.81841
112.53_88.0609_-1.79775
112.439_87.7069_-0.929675
112.708_87.286_-1.07435
112.942_86.8439_-1.09502
113.175_86.4018_-1.07435
113.409_85.9598_-1.09502
113.642_85.5177_-1.07435
113.876_85.0756_-1.09502
114.11_84.6336_-1.07435
114.343_84.1915_-1.09502
114.577_83.7494_-1.07435
114.737_83.4395_-0.764328
115.08_83.0755_-0.86767
115.407_82.6974_-0.847001
115.734_82.3194_-0.86767
116.061_81.9413_-0.847001
116.388_81.5633_-0.86767
116.716_81.1853_-0.847001
117.043_80.8072_-0.86767
117.37_80.4292_-0.847001
117.814_79.9232_-0.35096
118.238_79.6647_-0.743659
118.531_79.2635_-1.13636
118.737_78.8078_-1.15703
118.943_78.3521_-1.13636
119.149_77.8964_-1.15703
119.345_77.4365_-1.1777
119.541_76.9767_-1.15703
119.747_76.521_-1.13636
119.953_76.0653_-1.15703
120.149_75.6058_-1.1777
120.391_75.1696_-0.950343
120.686_74.7658_-0.929675
120.981_74.3621_-0.950343
121.267_73.9523_-0.971011
121.554_73.5425_-0.950343
121.848_73.1387_-0.929675
122.143_72.7349_-0.950343
122.43_72.3252_-0.971011
122.716_71.9154_-0.950343
122.941_71.6077_-0.681654
123.312_71.2732_-0.784996
123.662_70.9161_-0.805664
124.013_70.5591_-0.784996
124.363_70.2021_-0.805664
124.713_69.845_-0.784996
124.713_69.845_-0.784996
124.989_69.4321_-1.1777
125.086_68.9449_-1.57039
125.05_68.4466_-1.71507
124.973_67.9526_-1.73574
124.896_67.4585_-1.71507
124.819_66.9645_-1.73574
124.742_66.4705_-1.71507
124.665_65.9764_-1.73574
124.573_65.4457_-2.31446
124.209_65.1034_-2.45913
123.818_64.7921_-2.4798
123.427_64.4808_-2.45913
123.042_64.1614_-2.43847
122.657_63.8421_-2.45913
122.266_63.5308_-2.4798
121.875_63.2195_-2.45913
121.49_62.9001_-2.43847
121.105_62.5808_-2.45913
120.762_62.3079_-2.64515
120.311_62.0929_-2.74849
119.851_61.8966_-2.72782
119.391_61.7003_-2.74849
118.931_61.504_-2.72782
118.476_61.2983_-2.70715
118.02_61.0925_-2.72782
117.56_60.8962_-2.74849
117.1_60.6999_-2.72782
116.645_60.4942_-2.70715
116.207_60.3074_-2.85183
115.729_60.1596_-2.83116
115.255_60.002_-2.8105
114.78_59.8444_-2.83116
114.306_59.6867_-2.8105
113.831_59.5291_-2.83116
113.831_59.5291_-2.83116
113.348_59.4012_-2.93451
112.858_59.3035_-2.95518
112.367_59.2057_-2.93451
111.877_59.108_-2.95518
111.387_59.0102_-2.93451
110.896_58.9125_-2.95518
110.406_58.8148_-2.93451
109.918_58.7069_-2.91384
109.234_58.5589_-3.40988
108.738_58.5946_-3.01718
108.253_58.4769_-2.78983
107.782_58.3095_-2.8105
107.308_58.1519_-2.83116
106.833_57.9942_-2.8105
106.359_57.8366_-2.83116
105.884_57.6789_-2.8105
105.413_57.5115_-2.78983
104.942_57.3441_-2.8105
104.564_57.2188_-2.58314
104.137_56.9583_-2.60381
103.71_56.6978_-2.58314
103.284_56.4372_-2.60381
102.857_56.1767_-2.58314
102.43_55.9162_-2.60381
102.43_55.9162_-2.60381
102.027_55.6217_-2.4178
101.649_55.2945_-2.43847
101.271_54.9673_-2.4178
100.893_54.64_-2.43847
100.515_54.3128_-2.4178
100.144_53.9779_-2.39713
99.7725_53.6429_-2.4178
99.3944_53.3157_-2.43847
99.0164_52.9884_-2.4178
98.6988_52.7009_-2.23178
98.3232_52.3757_-2.62448
97.8575_52.1993_-2.93451
97.3693_52.0915_-2.91384
96.8811_51.9836_-2.93451
96.3928_51.8758_-2.91384
95.9046_51.7679_-2.93451
95.4143_51.6702_-2.95518
94.9239_51.5724_-2.93451
94.1685_51.4126_-3.30654
93.6703_51.4382_-3.07919
93.1716_51.4018_-3.05852
92.6738_51.3552_-3.03785
92.176_51.3086_-3.05852
91.6765_51.2722_-3.07919
91.1769_51.2772_-3.22386
90.6782_51.3131_-3.2032
90.1795_51.349_-3.22386
89.6808_51.385_-3.2032
89.1821_51.4209_-3.22386
88.6834_51.4569_-3.2032
88.1847_51.4928_-3.22386
87.686_51.5287_-3.2032
87.1955_51.5577_-2.50047
86.863_51.1886_-2.10777
86.6116_50.7564_-2.0871
86.3693_50.319_-2.06644
86.127_49.8817_-2.0871
85.8847_49.4444_-2.06644
85.8847_49.4444_-2.06644
85.583_49.0481_-2.37646
85.2188_48.7055_-2.39713
84.8546_48.363_-2.37646
84.4904_48.0204_-2.39713
84.1262_47.6778_-2.37646
83.762_47.3353_-2.39713
83.3978_46.9927_-2.37646
83.0336_46.6502_-2.39713
82.6694_46.3076_-2.37646
82.3468_46.0042_-2.56248
81.9312_45.7262_-2.54181
81.5156_45.4483_-2.56248
81.0999_45.1704_-2.54181
80.6843_44.8924_-2.56248
80.2687_44.6145_-2.54181
80.2687_44.6145_-2.54181
79.837_44.363_-2.68649
79.3902_44.1386_-2.66582
78.9434_43.9142_-2.68649
78.4966_43.6898_-2.66582
78.0546_43.4562_-2.64515
77.6125_43.2226_-2.66582
77.1657_42.9982_-2.68649
76.7189_42.7738_-2.66582
76.2768_42.5402_-2.64515
75.8603_42.3311_-2.78983
75.3891_42.1637_-2.8105
74.918_41.9963_-2.78983
74.4469_41.8289_-2.8105
73.9757_41.6615_-2.78983
73.5046_41.4941_-2.8105
73.0301_41.3364_-2.83116
72.5556_41.1788_-2.8105
72.0845_41.0114_-2.78983
71.6134_40.8439_-2.8105
71.2789_40.7382_-2.50047
70.8344_40.5149_-2.85183
70.3538_40.377_-2.8725
69.8732_40.2391_-2.85183
69.3956_40.0913_-2.83116
68.9179_39.9435_-2.85183
68.9179_39.9435_-2.85183
68.4237_39.8869_-3.2032
67.9244_39.9125_-3.18253
67.425_39.9382_-3.2032
66.9257_39.9638_-3.18253
66.4264_39.9894_-3.2032
65.927_40.015_-3.18253
65.4277_40.0406_-3.2032
64.929_40.0766_-3.22386
64.6952_40.0498_-2.83116
64.6787_40.0885_-1.98376
64.3944_39.6811_-2.37646
64.0302_39.3386_-2.39713
63.666_38.996_-2.37646
63.3018_38.6534_-2.39713
62.9376_38.3109_-2.37646
62.5734_37.9683_-2.39713
62.2092_37.6257_-2.37646
61.845_37.2832_-2.39713
61.4808_36.9406_-2.37646
61.126_36.5927_-2.35579
61.0391_36.5346_-2.74849
61.0391_36.5346_-3.14119
61.0391_36.5346_-3.14119
60.5409_36.4983_-2.99651
60.0469_36.4209_-2.97584
59.5529_36.3435_-2.99651
59.059_36.2661_-2.97584
58.565_36.1887_-2.99651
58.071_36.1113_-2.97584
57.5771_36.0339_-2.99651
57.0831_35.9565_-2.97584
56.7257_35.9033_-2.35579
56.3293_35.601_-2.62448
55.8921_35.3584_-2.64515
55.455_35.1157_-2.62448
55.0178_34.873_-2.64515
54.5807_34.6303_-2.62448
54.1435_34.3877_-2.64515
53.7064_34.145_-2.62448
53.2743_33.8933_-2.60381
52.8423_33.6417_-2.62448
52.5486_33.4828_-2.31446
52.1474_33.1898_-2.70715
51.6917_32.984_-2.72782
51.236_32.7783_-2.70715
50.7803_32.5725_-2.72782
50.3246_32.3668_-2.70715
49.8689_32.161_-2.72782
49.4132_31.9553_-2.70715
48.9619_31.7401_-2.68649
48.5492_31.5483_-3.43055
48.0545_31.5943_-3.03785
47.5799_31.4474_-2.64515
47.159_31.1783_-2.50047
46.7552_30.8834_-2.52114
46.3515_30.5886_-2.50047
45.9539_30.2854_-2.4798
45.5563_29.9822_-2.50047
45.1525_29.6873_-2.52114
44.7487_29.3925_-2.50047
44.4225_29.1448_-2.72782
43.9518_28.9775_-2.8725
43.4684_28.8495_-2.89317
42.9851_28.7216_-2.8725
42.5017_28.5937_-2.89317
42.0184_28.4657_-2.8725
42.0184_28.4657_-2.8725
41.5378_28.3278_-2.85183
41.0572_28.1899_-2.8725
40.5738_28.062_-2.89317
40.0905_27.9341_-2.8725
39.6099_27.7962_-2.85183
39.1293_27.6583_-2.8725
38.646_27.5303_-2.89317
38.1626_27.4024_-2.8725
37.682_27.2645_-2.85183
37.3207_27.1635_-1.77708
37.126_26.7064_-2.16978
36.7712_26.3587_-2.56248
36.3174_26.1537_-2.8725
35.834_26.0258_-2.89317
35.3445_25.9175_-2.8725
34.8955_25.7035_-2.52114
34.4917_25.4086_-2.50047
34.0879_25.1137_-2.52114
33.6841_24.8188_-2.50047
33.2804_24.524_-2.52114
32.8706_24.2375_-2.54181
32.4608_23.951_-2.52114
32.057_23.6561_-2.50047
31.952_23.5396_-2.10777
31.9393_23.5666_-1.30171
32.0772_23.086_-1.28104
32.225_22.6084_-1.26037
32.3728_22.1307_-1.28104
32.5206_21.6531_-1.26037
32.6684_21.1755_-1.28104
32.8162_20.6978_-1.26037
32.964_20.2202_-1.28104
33.1118_19.7425_-1.26037
33.2596_19.2649_-1.28104
33.3964_18.7879_-1.21903
33.4938_18.2996_-1.52906
33.5095_17.7998_-1.54973
33.5252_17.3001_-1.52906
33.5409_16.8003_-1.54973
33.5566_16.3006_-1.52906
33.5723_15.8008_-1.54973
33.588_15.3011_-1.52906
33.6037_14.8013_-1.54973
33.6073_14.4077_-0.681654
33.9988_14.0967_-0.660986
34.3903_13.7857_-0.681654
34.3903_13.7857_-0.681654
