configuration 161.70602417_-18.2518405914_0.169978369946_0.985447793519_193.750076294_109.599342346_0.85380148664_0.520598714377
length 191.854
time 11.5641
roughness 0.000492997
161.706_-18.2518_0.341615
162.198_-18.1799_-0.0510836
162.695_-18.2312_-0.154426
163.186_-18.3234_-0.216431
163.378_-18.4073_-0.60913
163.378_-18.4073_-1.00183
163.722_-18.7655_-0.60913
164.177_-18.9648_-0.216431
164.671_-19.0366_-0.071752
165.17_-19.0776_-0.0924204
165.667_-19.1289_-0.113089
166.162_-19.0875_0.27961
166.635_-18.925_0.382952
167.096_-18.7334_0.403621
167.558_-18.5418_0.382952
168.02_-18.3502_0.403621
168.43_-18.0697_0.79632
168.761_-17.6948_0.899662
169.076_-17.3065_0.878993
169.391_-16.9182_0.899662
169.706_-16.5299_0.878993
169.978_-16.112_1.10635
170.207_-15.6674_1.08568
170.445_-15.2275_1.06501
170.682_-14.7876_1.08568
170.92_-14.3478_1.06501
171.081_-13.8772_1.41637
171.163_-13.384_1.3957
171.255_-12.8925_1.37503
171.348_-12.4011_1.3957
171.44_-11.9097_1.37503
171.63_-11.4506_0.982335
171.981_-11.0991_0.589636
172.424_-10.8705_0.362284
172.89_-10.6885_0.382952
173.355_-10.5065_0.362284
173.831_-10.3537_0.258942
174.316_-10.2307_0.238274
174.801_-10.1077_0.258942
175.285_-9.98464_0.238274
175.77_-9.86161_0.258942
176.216_-9.64316_0.651641
176.576_-9.29752_0.878993
176.899_-8.9158_0.858325
177.222_-8.53407_0.878993
177.545_-8.15235_0.858325
177.936_-7.84698_0.465626
178.398_-7.65554_0.320947
178.871_-7.49291_0.341615
179.343_-7.33029_0.320947
179.816_-7.16766_0.341615
180.292_-7.01487_0.27961
180.774_-6.88185_0.258942
181.256_-6.74884_0.27961
181.738_-6.61582_0.258942
182.22_-6.48281_0.27961
182.707_-6.36987_0.176268
183.2_-6.28729_0.1556
183.693_-6.2047_0.176268
184.186_-6.12212_0.1556
184.68_-6.03953_0.176268
185.176_-6.04951_-0.216431
185.661_-6.17195_-0.278436
186.143_-6.30439_-0.257767
186.625_-6.43684_-0.278436
187.107_-6.56929_-0.257767
187.603_-6.59978_0.134932
188.077_-6.44775_0.486294
188.521_-6.21866_0.465626
188.966_-5.98956_0.486294
189.41_-5.76047_0.465626
189.802_-5.4551_0.858325
190.047_-5.02302_1.25102
190.129_-4.53177_1.56105
190.139_-4.03188_1.54038
190.159_-3.5323_1.51971
190.281_-3.05064_1.12701
190.578_-2.6522_0.734315
190.999_-2.38855_0.382952
191.461_-2.19694_0.403621
191.923_-2.00533_0.382952
192.411_-1.91316_-0.0097469
192.897_-2.01483_-0.402446
193.355_-2.2154_-0.423114
193.809_-2.4254_-0.443783
194.263_-2.6354_-0.423114
194.263_-2.6354_-0.0304153
194.753_-2.55334_0.362284
195.174_-2.29003_0.754983
195.463_-1.88554_1.14768
195.595_-1.40533_1.45771
195.605_-0.906155_1.64372
195.573_-0.407143_1.62305
195.542_0.0918692_1.64372
195.511_0.590881_1.62305
195.479_1.08989_1.64372
195.428_1.58712_1.70573
195.365_2.08323_1.68506
195.303_2.57935_1.70573
195.241_3.07546_1.68506
195.179_3.57158_1.70573
195.148_4.07016_1.56105
195.148_4.57015_1.58172
195.137_5.07003_1.60239
195.126_5.56991_1.58172
195.116_6.06979_1.60239
195.003_6.55373_1.99509
194.793_7.00724_2.01575
194.582_7.46074_1.99509
194.372_7.91425_2.01575
194.161_8.36776_1.99509
193.932_8.81198_2.09843
193.685_9.24656_2.07776
193.438_9.68113_2.09843
193.19_10.1157_2.07776
192.943_10.5503_2.09843
192.724_10.9989_1.95375
192.532_11.4608_1.97442
192.34_11.9226_1.95375
192.149_12.3844_1.97442
191.957_12.8462_1.95375
191.737_13.2949_2.09843
191.49_13.7295_2.07776
191.243_14.164_2.09843
190.996_14.5986_2.07776
190.748_15.0332_2.09843
190.567_15.497_1.7884
190.454_15.9841_1.80907
190.341_16.4711_1.7884
190.228_16.9582_1.80907
190.115_17.4452_1.7884
189.915_17.9001_2.1811
189.608_18.2943_2.28444
189.285_18.6756_2.26377
188.961_19.057_2.28444
188.638_19.4383_2.26377
188.265_19.7678_2.5738
187.846_20.041_2.55313
187.433_20.3228_2.53246
187.02_20.6046_2.55313
186.607_20.8864_2.53246
186.263_21.2447_2.13976
186.082_21.7074_1.74706
186.061_22.2055_1.47838
186.102_22.7038_1.49904
186.143_23.2021_1.47838
186.091_23.6962_1.87108
185.863_24.1383_2.22244
185.573_24.545_2.16043
185.29_24.9577_2.1811
185_25.3644_2.20177
184.79_25.815_1.80907
184.728_26.3101_1.58172
184.718_26.81_1.60239
184.707_27.3099_1.58172
184.697_27.8097_1.60239
184.584_28.2937_1.99509
184.329_28.7221_2.22244
184.03_29.1228_2.20177
183.739_29.5295_2.1811
183.448_29.9363_2.20177
183.11_30.3031_2.42912
182.735_30.6339_2.40845
182.367_30.9723_2.38778
181.999_31.3107_2.40845
181.631_31.6491_2.38778
181.342_32.0533_1.99509
181.23_32.5372_1.60239
181.26_33.0356_1.41637
181.342_33.5288_1.3957
181.424_34.022_1.41637
181.403_34.5184_1.80907
181.194_34.969_2.20177
180.887_35.3633_2.26377
180.572_35.7512_2.24311
180.264_36.1456_2.22244
180.046_36.5918_1.82974
179.994_37.0871_1.51971
180.014_37.5867_1.54038
180.024_38.0866_1.56105
180.035_38.5865_1.54038
179.952_39.0765_1.93308
179.715_39.5147_2.20177
179.424_39.9215_2.1811
179.133_40.3282_2.20177
178.843_40.735_2.1811
178.605_41.1736_1.95375
178.413_41.6354_1.97442
178.222_42.0973_1.95375
178.03_42.5591_1.97442
177.838_43.0209_1.95375
177.567_43.4366_2.34645
177.167_43.7341_2.65647
176.727_43.9718_2.6358
176.292_44.2186_2.61514
175.858_44.4653_2.6358
175.478_44.7862_2.24311
175.251_45.2277_1.85041
175.209_45.7228_1.45771
175.311_46.2115_1.27169
175.454_46.6908_1.29236
175.495_47.1859_1.68506
175.352_47.6626_2.03642
175.133_48.1117_2.01575
174.922_48.5652_1.99509
174.711_49.0187_2.01575
174.414_49.4168_2.40845
174.039_49.7475_2.42912
173.664_50.0782_2.40845
173.289_50.409_2.42912
172.914_50.7397_2.40845
172.914_50.7397_2.01575
172.792_51.2212_1.62305
172.863_51.7129_1.23036
173.118_52.1398_0.837656
173.516_52.437_0.444957
173.516_52.437_0.837656
173.77_52.8639_1.23036
173.841_53.3556_1.62305
173.719_53.8371_2.01575
173.438_54.2481_2.32578
173.174_54.6694_1.93308
172.992_55.1351_1.95375
172.801_55.5969_1.97442
172.609_56.0587_1.95375
172.417_56.5205_1.97442
172.137_56.9306_2.36712
171.769_57.2689_2.42912
171.394_57.5997_2.40845
171.019_57.9304_2.42912
170.644_58.2611_2.40845
170.347_58.6592_2.01575
170.225_59.1408_1.62305
170.204_59.6403_1.60239
170.183_60.1399_1.62305
170.162_60.6394_1.60239
170.049_61.1234_1.99509
169.761_61.5275_2.38778
169.339_61.7903_2.78048
168.863_61.9425_2.88383
168.381_62.075_2.86316
168.381_62.075_2.47046
168.059_62.4539_2.07776
167.908_62.9269_1.68506
167.948_63.422_1.29236
168.175_63.8639_0.899662
168.403_64.3057_1.29236
168.443_64.8008_1.68506
168.361_65.2937_1.7884
168.258_65.783_1.76773
168.165_66.2743_1.74706
167.984_66.737_2.13976
167.64_67.0953_2.53246
167.233_67.3856_2.51179
166.826_67.6759_2.53246
166.419_67.9662_2.51179
166.082_68.3315_2.1191
165.911_68.7978_1.7264
165.931_69.2942_1.3337
166.14_69.7451_0.940998
166.43_70.1522_0.961667
166.629_70.6072_1.35437
166.639_71.1039_1.74706
166.547_71.5952_1.76773
166.444_72.0845_1.7884
166.341_72.5738_1.76773
166.15_73.0327_2.16043
165.813_73.3989_2.47046
165.425_73.7138_2.44979
165.043_74.0367_2.42912
164.661_74.3597_2.44979
164.331_74.7327_2.13976
164.058_75.1512_2.16043
163.775_75.5638_2.1811
163.493_75.9765_2.16043
163.211_76.3892_2.1811
163.011_76.844_1.7884
163_77.3407_1.3957
163.181_77.8036_1.003
163.495_78.1911_0.775651
163.848_78.5448_0.79632
164.194_78.9058_0.816988
164.54_79.2668_0.79632
164.886_79.6278_0.816988
165.232_79.9888_0.79632
165.578_80.3497_0.816988
165.924_80.7107_0.79632
166.27_81.0717_0.816988
166.616_81.4327_0.79632
166.962_81.7937_0.816988
167.308_82.1547_0.79632
167.654_82.5156_0.816988
168_82.8766_0.79632
168.346_83.2376_0.816988
168.692_83.5986_0.79632
169.038_83.9596_0.816988
169.383_84.3205_0.79632
169.729_84.6815_0.816988
170.075_85.0425_0.79632
170.421_85.4035_0.816988
170.767_85.7645_0.79632
171.113_86.1255_0.816988
171.459_86.4864_0.79632
171.805_86.8474_0.816988
172.151_87.2084_0.79632
172.497_87.5694_0.816988
172.901_87.8583_0.424289
173.381_87.9908_0.114263
173.877_88.0529_0.134932
174.373_88.1151_0.114263
174.87_88.1772_0.134932
175.365_88.1467_-0.257767
175.812_87.9288_-0.650466
176.141_87.5566_-1.04317
176.361_87.1079_-1.18784
176.533_86.6386_-1.24985
176.533_86.6386_-0.85715
176.925_86.3337_-0.464451
177.404_86.2021_-0.071752
177.897_86.2639_0.320947
178.329_86.5095_0.713646
178.741_86.7912_0.486294
179.185_87.0203_0.465626
179.63_87.2494_0.486294
180.074_87.4785_0.465626
180.518_87.7076_0.486294
180.904_88.021_0.878993
181.185_88.4334_1.06501
181.432_88.8683_1.04434
181.688_89.298_1.02367
181.943_89.7276_1.04434
182.272_90.1002_0.651641
182.666_90.4075_0.672309
183.061_90.7149_0.651641
183.455_91.0222_0.672309
183.85_91.3295_0.651641
184.296_91.548_0.258942
184.792_91.5791_-0.133757
185.281_91.4768_-0.278436
185.763_91.3444_-0.257767
186.245_91.2119_-0.278436
186.74_91.1712_0.114263
187.213_91.323_0.506962
187.612_91.6213_0.775651
187.973_91.9676_0.754983
188.341_92.3065_0.734315
188.715_92.6377_0.713646
189.097_92.961_0.692978
189.478_93.2844_0.713646
189.859_93.6078_0.692978
190.241_93.9311_0.713646
190.672_94.1768_0.320947
191.165_94.2386_-0.071752
191.651_94.1266_-0.381778
192.116_93.9451_-0.361109
192.582_93.7636_-0.381778
193.071_93.672_0.0109215
193.557_93.7743_0.403621
194.015_93.9754_0.424289
194.472_94.1765_0.403621
194.93_94.3776_0.424289
195.334_94.6665_0.816988
195.597_95.0881_1.20969
195.679_95.5782_1.60239
195.637_96.0762_1.70573
195.565_96.5709_1.7264
195.492_97.0657_1.70573
195.42_97.5604_1.7264
195.347_98.0551_1.70573
195.275_98.5498_1.7264
195.203_99.0446_1.70573
195.13_99.5393_1.7264
195.058_100.034_1.70573
194.986_100.529_1.7264
194.913_101.023_1.70573
194.851_101.52_1.68506
194.789_102.016_1.70573
194.717_102.51_1.7264
194.644_103.005_1.70573
194.582_103.501_1.68506
194.52_103.997_1.70573
194.448_104.492_1.7264
194.375_104.987_1.70573
194.313_105.483_1.68506
194.251_105.979_1.70573
194.179_106.474_1.7264
194.106_106.969_1.70573
194.044_107.465_1.68506
193.982_107.961_1.70573
193.909_108.455_1.7264
193.837_108.95_1.70573
193.775_109.446_1.68506
