configuration 133.385482788_115.927223206_-0.986328190641_0.164792901387_34.5528411865_13.6445770264_-0.541385985877_0.840774175564
length 209.209
time 9.56535
roughness 0.000556059
133.385_115.927_-2.8105
132.893_115.86_-3.2032
132.397_115.917_-3.30654
131.904_116.004_-3.32721
131.412_116.091_-3.30654
130.92_116.179_-3.32721
130.423_116.173_-2.93451
129.966_115.978_-2.54181
129.603_115.637_-2.23178
129.292_115.245_-2.25245
128.973_114.861_-2.27312
128.732_114.426_-1.88042
128.585_113.948_-1.85975
128.438_113.47_-1.88042
128.29_112.993_-1.85975
128.143_112.515_-1.88042
127.902_112.08_-2.27312
127.513_111.771_-2.66582
127.054_111.575_-2.8105
126.583_111.407_-2.78983
126.111_111.24_-2.8105
125.624_111.132_-3.03785
125.128_111.076_-3.01718
124.631_111.019_-3.03785
124.134_110.962_-3.01718
123.637_110.905_-3.03785
123.143_110.951_-3.43055
122.679_111.137_-3.61656
122.232_111.361_-3.59589
121.785_111.585_-3.61656
121.338_111.809_-3.59589
120.858_111.936_-3.2032
120.366_111.869_-2.8105
119.937_111.619_-2.4178
119.587_111.262_-2.27312
119.26_110.884_-2.29379
119.01_110.454_-1.90109
118.944_109.962_-1.50839
118.98_109.463_-1.48772
119.027_108.965_-1.46705
119.074_108.467_-1.48772
119.074_108.467_-1.88042
118.833_108.033_-2.27312
118.444_107.724_-2.66582
117.967_107.587_-3.05852
117.473_107.643_-3.45122
116.979_107.699_-3.05852
116.502_107.562_-2.66582
116.113_107.253_-2.27312
115.872_106.818_-1.88042
115.765_106.33_-1.6944
115.765_106.33_-2.0871
115.44_105.955_-2.4798
114.996_105.732_-2.8725
114.501_105.695_-3.2652
114.022_105.832_-3.57523
113.571_106.047_-3.59589
113.124_106.271_-3.61656
112.677_106.495_-3.59589
112.225_106.71_-3.57523
111.774_106.925_-3.59589
111.293_107.051_-3.2032
110.801_106.985_-2.8105
110.372_106.735_-2.4178
110.03_106.371_-2.23178
109.719_105.979_-2.25245
109.4_105.594_-2.27312
109.081_105.209_-2.25245
108.762_104.824_-2.27312
108.443_104.439_-2.25245
108.124_104.054_-2.27312
107.883_103.62_-1.88042
107.776_103.132_-1.6944
107.709_102.637_-1.71507
107.642_102.141_-1.6944
107.575_101.646_-1.71507
107.601_101.15_-1.32237
107.729_100.666_-1.30171
107.867_100.186_-1.28104
108.005_99.705_-1.30171
108.143_99.2244_-1.28104
108.375_98.7851_-0.888338
108.757_98.4682_-0.495639
109.232_98.3217_-0.10294
109.727_98.368_0.289759
110.166_98.6001_0.682458
110.166_98.6001_0.289759
110.661_98.6464_-0.10294
111.135_98.5_-0.495639
111.518_98.183_-0.888338
111.75_97.7437_-1.28104
111.955_97.2894_-1.01235
112.216_96.8627_-1.03302
112.467_96.4306_-1.05368
112.719_95.9986_-1.03302
112.971_95.5665_-1.05368
113.273_95.1701_-0.784996
113.623_94.8131_-0.805664
113.965_94.4489_-0.826333
114.308_94.0847_-0.805664
114.651_93.7205_-0.826333
114.909_93.2965_-1.21903
114.986_92.8057_-1.61173
114.87_92.3228_-2.00443
114.655_91.8713_-2.0251
114.44_91.4198_-2.00443
114.323_90.9369_-1.61173
114.4_90.4461_-1.21903
114.659_90.0221_-0.826333
114.994_89.6509_-0.847001
115.329_89.2797_-0.826333
115.686_88.9301_-0.722991
116.064_88.6032_-0.702323
116.443_88.2762_-0.722991
116.821_87.9493_-0.702323
117.199_87.6224_-0.722991
117.501_87.2274_-1.11569
117.628_86.7471_-1.50839
117.561_86.2548_-1.90109
117.312_85.8253_-2.29379
116.948_85.4832_-2.4798
116.948_85.4832_-2.0871
116.792_85.0116_-1.6944
116.828_84.5161_-1.30171
117.051_84.0722_-0.909006
117.407_83.7235_-0.640317
117.811_83.429_-0.619649
118.215_83.1344_-0.640317
118.619_82.8398_-0.619649
119.023_82.5453_-0.640317
119.427_82.2507_-0.619649
119.767_81.8888_-1.01235
119.943_81.4243_-1.40505
119.928_80.9277_-1.79775
119.762_80.4574_-2.0251
119.547_80.0059_-2.00443
119.43_79.5231_-1.61173
119.507_79.0322_-1.21903
119.766_78.6082_-0.826333
120.15_78.2902_-0.557644
120.571_78.0212_-0.578312
120.926_77.6737_-0.971011
121.195_77.2525_-1.03302
121.456_76.8257_-1.01235
121.716_76.399_-1.03302
121.977_75.9722_-1.01235
122.153_75.5077_-1.40505
122.138_75.0111_-1.79775
121.934_74.5582_-2.19045
121.631_74.1604_-2.25245
121.312_73.7754_-2.27312
121.312_73.7754_-1.88042
121.312_73.7754_-1.48772
121.449_73.2979_-1.09502
121.758_72.9091_-0.702323
122.193_72.6684_-0.309623
122.627_72.4276_-0.702323
122.992_72.0855_-0.805664
123.342_71.7284_-0.784996
123.692_71.3714_-0.805664
124.042_71.0143_-0.784996
124.318_70.6014_-1.1777
124.415_70.1142_-1.57039
124.318_69.6269_-1.96309
124.113_69.1711_-2.0251
123.898_68.7196_-2.00443
123.781_68.2367_-1.61173
123.858_67.7459_-1.21903
124.117_67.3219_-0.826333
124.481_66.9799_-0.681654
124.866_66.6609_-0.702323
125.176_66.2721_-1.09502
125.362_65.809_-1.28104
125.51_65.3313_-1.26037
125.658_64.8537_-1.28104
125.806_64.376_-1.26037
125.862_63.8825_-1.65307
125.725_63.4048_-2.04577
125.563_63.2001_-2.43847
125.38_63.0986_-2.83116
125.172_63.0748_-3.22386
124.674_63.121_-3.24453
124.176_63.1672_-3.22386
123.679_63.2135_-3.24453
123.182_63.27_-3.2652
122.685_63.3265_-3.24453
122.19_63.2802_-2.85183
121.719_63.1128_-2.74849
121.256_62.9261_-2.76916
120.792_62.7393_-2.74849
120.328_62.5526_-2.76916
119.877_62.3377_-2.62448
119.445_62.086_-2.60381
119.013_61.8343_-2.62448
118.581_61.5827_-2.60381
118.149_61.331_-2.62448
117.734_61.0533_-2.4798
117.342_60.742_-2.45913
116.951_60.4307_-2.4798
116.56_60.1194_-2.45913
116.169_59.808_-2.4798
115.733_59.5663_-2.78983
115.266_59.3892_-2.76916
114.802_59.2025_-2.74849
114.338_59.0157_-2.76916
113.874_58.829_-2.74849
113.428_58.6048_-2.60381
112.996_58.3531_-2.62448
112.564_58.1015_-2.60381
112.132_57.8498_-2.62448
111.7_57.5981_-2.60381
111.241_57.4024_-2.8725
110.761_57.2645_-2.85183
110.283_57.1167_-2.83116
109.805_56.9689_-2.85183
109.328_56.8211_-2.83116
108.873_56.6158_-2.60381
108.441_56.3642_-2.62448
108.009_56.1125_-2.60381
107.577_55.8608_-2.62448
107.145_55.6092_-2.60381
106.677_55.4428_-2.99651
106.178_55.4272_-3.22386
105.679_55.4631_-3.2032
105.181_55.499_-3.22386
104.682_55.535_-3.2032
104.19_55.4682_-2.8105
103.739_55.2536_-2.58314
103.312_54.993_-2.60381
102.886_54.7325_-2.58314
102.459_54.472_-2.60381
102.032_54.2114_-2.58314
101.605_53.9509_-2.60381
101.179_53.6904_-2.58314
100.752_53.4298_-2.60381
100.325_53.1693_-2.58314
99.8709_52.9642_-2.85183
99.3932_52.8164_-2.83116
98.9156_52.6686_-2.85183
98.4379_52.5208_-2.83116
97.9603_52.373_-2.85183
97.5059_52.1678_-2.58314
97.0792_51.9073_-2.60381
96.6525_51.6468_-2.58314
96.2257_51.3862_-2.60381
95.799_51.1257_-2.58314
95.3486_50.911_-2.8105
94.8741_50.7534_-2.83116
94.3996_50.5957_-2.8105
93.9251_50.4381_-2.83116
93.4506_50.2805_-2.8105
92.9831_50.1034_-2.74849
92.5193_49.9166_-2.76916
92.0555_49.7299_-2.74849
91.5917_49.5431_-2.76916
91.1279_49.3564_-2.74849
90.6864_49.1231_-2.56248
90.2652_48.8538_-2.58314
89.8439_48.5846_-2.56248
89.4226_48.3153_-2.58314
89.0014_48.046_-2.56248
88.5405_47.8604_-2.95518
88.0429_47.8241_-3.18253
87.5431_47.8394_-3.16186
87.0434_47.8547_-3.18253
86.5436_47.87_-3.16186
86.0545_47.783_-2.76916
85.6134_47.5499_-2.54181
85.1978_47.272_-2.56248
84.7822_46.994_-2.54181
84.3665_46.7161_-2.56248
83.9057_46.5305_-2.95518
83.4081_46.4943_-3.18253
82.9083_46.5096_-3.16186
82.4086_46.5249_-3.18253
81.9088_46.5402_-3.16186
81.4197_46.4531_-2.76916
80.9839_46.2112_-2.50047
80.5801_45.9163_-2.52114
80.1703_45.6298_-2.54181
79.7605_45.3433_-2.52114
79.3508_45.0569_-2.54181
78.941_44.7704_-2.52114
78.5312_44.4839_-2.54181
78.1214_44.1974_-2.52114
77.7116_43.911_-2.54181
77.3018_43.6245_-2.52114
76.8921_43.338_-2.54181
76.4823_43.0515_-2.52114
76.0725_42.7651_-2.54181
75.6627_42.4786_-2.52114
75.222_42.2457_-2.78983
74.7544_42.0686_-2.76916
74.2868_41.8915_-2.78983
73.8157_41.724_-2.8105
73.3446_41.5566_-2.78983
72.8538_41.4797_-3.18253
72.3709_41.5965_-3.57523
71.924_41.8205_-3.63723
71.4866_42.0628_-3.6579
71.0493_42.3052_-3.63723
70.5746_42.4516_-3.24453
70.0799_42.4053_-2.85183
69.6407_42.1732_-2.45913
69.256_41.8539_-2.43847
68.8712_41.5345_-2.45913
68.432_41.3024_-2.85183
67.9374_41.2561_-3.24453
67.4591_41.3929_-3.59589
67.0076_41.6077_-3.57523
66.5561_41.8224_-3.59589
66.0757_41.9492_-3.2032
65.5834_41.8824_-2.8105
65.1542_41.6324_-2.4178
64.783_41.2974_-2.39713
64.4118_40.9624_-2.4178
64.0406_40.6275_-2.39713
63.6694_40.2925_-2.4178
63.2982_39.9575_-2.39713
62.927_39.6226_-2.4178
62.5558_39.2876_-2.39713
62.1317_39.0287_-2.78983
61.6642_38.8516_-2.76916
61.1966_38.6745_-2.78983
60.729_38.4974_-2.76916
60.2615_38.3203_-2.78983
59.8374_38.0614_-2.39713
59.5448_37.66_-2.00443
59.378_37.1894_-1.81841
59.2504_36.7059_-1.83908
59.1229_36.2225_-1.81841
58.9095_35.7739_-2.21111
58.5679_35.4102_-2.43847
58.1899_35.0829_-2.4178
57.8187_34.748_-2.39713
57.4475_34.413_-2.4178
57.0182_34.163_-2.8105
56.5259_34.0962_-3.2032
56.0272_34.1322_-3.22386
55.5294_34.1784_-3.24453
55.0315_34.2246_-3.22386
54.538_34.1681_-2.83116
54.1036_33.927_-2.43847
53.7396_33.5845_-2.33512
53.3898_33.2272_-2.35579
53.0401_32.8699_-2.33512
52.633_32.5853_-2.72782
52.1479_32.4781_-3.12052
51.6587_32.5647_-3.51322
51.2399_32.832_-3.90592
50.8975_33.196_-4.00926
50.8975_33.196_-3.61656
50.4198_33.3326_-3.22386
49.9263_33.2761_-2.83116
49.4919_33.035_-2.43847
49.1829_32.646_-2.04577
48.9143_32.2251_-2.23178
48.6115_31.8272_-2.21111
48.3086_31.4294_-2.23178
48.0058_31.0316_-2.21111
47.7029_30.6337_-2.23178
47.3273_30.3086_-2.62448
46.8586_30.142_-2.97584
46.3663_30.0545_-2.95518
45.8741_29.9669_-2.97584
45.3818_29.8793_-2.95518
44.884_29.8533_-3.22386
44.3853_29.8893_-3.2032
43.8866_29.9252_-3.22386
43.3879_29.9612_-3.2032
42.8892_29.9971_-3.22386
42.3956_29.9405_-2.83116
41.9613_29.6994_-2.43847
41.6523_29.3104_-2.04577
41.4375_28.859_-1.98376
41.2321_28.4031_-2.00443
40.9395_28.0017_-2.39713
40.5155_27.7428_-2.78983
40.0306_27.6251_-3.01718
39.5351_27.558_-2.99651
39.0397_27.4908_-3.01718
38.5442_27.5265_-3.40988
38.1001_27.7491_-3.80258
37.7589_28.1119_-4.1126
37.4809_28.5275_-4.13327
37.203_28.9431_-4.1126
36.8479_29.2906_-3.7199
36.3869_29.4758_-3.32721
35.8902_29.4704_-2.93451
35.4132_29.3229_-2.74849
34.9494_29.1361_-2.76916
34.5308_28.8685_-2.37646
34.1811_28.5113_-2.31446
33.8389_28.1468_-2.33512
33.4891_27.7895_-2.35579
33.1394_27.4321_-2.33512
32.8722_27.0134_-1.94242
32.7855_26.5242_-1.54973
32.8218_26.0257_-1.44638
32.889_25.5303_-1.42572
32.9562_25.0348_-1.44638
32.9205_24.5393_-1.83908
32.6979_24.0952_-2.23178
32.3222_23.77_-2.62448
31.8508_23.6134_-3.01718
31.3553_23.6491_-3.40988
31.3553_23.6491_-3.01718
30.8838_23.4925_-2.62448
30.5082_23.1673_-2.23178
30.2856_22.7232_-1.83908
30.2499_22.2277_-1.44638
30.3969_21.7525_-1.09502
30.6213_21.3057_-1.11569
30.8457_20.8589_-1.09502
31.0701_20.4121_-1.11569
31.2945_19.9653_-1.09502
31.5002_19.5098_-1.19836
31.6869_19.046_-1.1777
31.8737_18.5822_-1.19836
32.0604_18.1184_-1.1777
32.2472_17.6546_-1.19836
32.4621_17.2036_-1.05368
32.7138_16.7716_-1.03302
32.9654_16.3395_-1.05368
33.2171_15.9075_-1.03302
33.4687_15.4754_-1.05368
33.7204_15.0434_-1.03302
33.9721_14.6114_-1.05368
34.2237_14.1793_-1.03302
34.4843_13.7526_-1.01235
