configuration 176.556686401_134.7056427_-0.977472527886_0.211062685542_59.5791053772_36.8438796997_0.982426073578_-0.18665210943
length 200.2
time 1.34146
roughness 0.000378813
176.557_134.706_-2.71627
176.073_134.593_-3.10897
175.573_134.592_-3.17097
175.073_134.602_-3.1503
174.573_134.611_-3.17097
174.073_134.621_-3.1503
173.585_134.528_-2.75761
173.164_134.264_-2.40624
172.789_133.932_-2.42691
172.408_133.609_-2.44758
172.027_133.285_-2.42691
171.723_132.892_-2.03421
171.523_132.434_-1.93087
171.352_131.965_-1.9102
171.18_131.495_-1.93087
171.009_131.025_-1.9102
170.755_130.598_-2.3029
170.357_130.3_-2.6956
169.896_130.108_-2.79894
169.427_129.935_-2.77827
168.958_129.763_-2.79894
168.496_129.571_-2.6956
168.043_129.36_-2.71627
167.59_129.149_-2.6956
167.136_128.938_-2.71627
166.683_128.727_-2.6956
166.202_128.604_-3.0883
165.703_128.624_-3.27431
165.208_128.695_-3.29498
164.713_128.766_-3.27431
164.218_128.838_-3.29498
163.725_128.919_-3.31565
163.232_129_-3.29498
162.738_129.082_-3.31565
162.245_129.163_-3.29498
161.752_129.245_-3.31565
161.255_129.234_-2.92295
160.8_129.034_-2.53025
160.42_128.71_-2.34424
160.067_128.356_-2.36491
159.714_128.002_-2.34424
159.425_127.596_-2.03421
159.197_127.151_-2.05488
158.96_126.711_-2.07555
158.723_126.271_-2.05488
158.485_125.831_-2.07555
158.165_125.451_-2.46825
157.728_125.214_-2.81961
157.255_125.051_-2.79894
156.786_124.878_-2.77827
156.317_124.705_-2.79894
155.891_124.45_-2.40624
155.516_124.119_-2.42691
155.142_123.787_-2.40624
154.768_123.455_-2.42691
154.394_123.124_-2.40624
153.967_122.869_-2.79894
153.491_122.716_-2.86095
153.01_122.582_-2.88162
152.528_122.449_-2.86095
152.046_122.315_-2.88162
151.55_122.283_-3.27431
151.061_122.385_-3.41899
150.579_122.517_-3.39832
150.096_122.649_-3.41899
149.614_122.781_-3.39832
149.118_122.811_-3.00563
148.638_122.678_-2.73694
148.176_122.486_-2.75761
147.711_122.303_-2.77827
147.245_122.121_-2.75761
146.83_121.848_-2.36491
146.541_121.443_-2.01354
146.313_120.998_-2.07555
146.076_120.558_-2.05488
145.848_120.113_-2.03421
145.697_119.639_-1.72419
145.615_119.145_-1.74486
145.524_118.654_-1.76552
145.432_118.162_-1.74486
145.34_117.671_-1.76552
145.341_117.174_-1.37282
145.494_116.699_-1.14547
145.696_116.242_-1.16614
145.897_115.784_-1.14547
146.099_115.327_-1.16614
146.38_114.917_-0.773442
146.734_114.564_-0.79411
147.081_114.204_-0.814778
147.427_113.843_-0.79411
147.782_113.49_-0.773442
148.062_113.081_-1.16614
148.264_112.623_-1.14547
148.466_112.166_-1.16614
148.667_111.708_-1.14547
148.869_111.25_-1.16614
148.972_110.764_-1.55884
148.88_110.276_-1.95154
148.618_109.854_-2.3029
148.287_109.478_-2.28223
147.965_109.096_-2.26156
147.965_109.096_-1.86887
147.965_109.096_-1.47617
148.107_108.62_-1.08347
148.421_108.235_-0.690768
148.858_107.999_-0.298069
149.296_107.764_-0.690768
149.61_107.379_-1.08347
149.821_106.926_-1.18681
150.013_106.464_-1.16614
150.205_106.002_-1.18681
150.397_105.541_-1.16614
150.589_105.079_-1.18681
150.781_104.617_-1.16614
150.973_104.156_-1.18681
151.165_103.694_-1.16614
151.367_103.237_-1.14547
151.568_102.779_-1.16614
151.77_102.322_-1.14547
151.971_101.864_-1.16614
152.173_101.406_-1.14547
152.462_101.003_-0.752773
152.884_100.74_-0.360074
153.36_100.588_-0.256732
153.843_100.457_-0.277401
154.325_100.325_-0.256732
154.325_100.325_-0.649431
154.654_99.9527_-1.04213
154.816_99.4831_-1.43483
154.787_98.9872_-1.82753
154.596_98.5264_-2.09622
154.436_98.0562_-1.70352
154.385_97.5589_-1.64151
154.345_97.0605_-1.66218
154.304_96.5622_-1.64151
154.264_96.0638_-1.66218
154.316_95.5698_-1.26948
154.469_95.0939_-1.24881
154.632_94.6212_-1.22815
154.795_94.1486_-1.24881
154.958_93.676_-1.22815
155.213_93.2496_-0.835447
155.612_92.9533_-0.442748
156.092_92.822_-0.0913853
156.589_92.7712_-0.112054
157.086_92.7102_-0.132722
157.556_92.5497_-0.525421
157.929_92.2214_-0.91812
158.176_91.7884_-1.18681
158.368_91.3268_-1.16614
158.56_90.8652_-1.18681
158.652_90.3771_-1.57951
158.653_89.8771_-1.55884
158.654_89.3771_-1.57951
158.655_88.8771_-1.55884
158.656_88.3771_-1.57951
158.748_87.8891_-1.18681
158.959_87.436_-1.08347
159.198_86.9966_-1.0628
159.437_86.5573_-1.08347
159.675_86.1179_-1.0628
159.828_85.6451_-1.4555
159.859_85.1463_-1.55884
159.871_84.6464_-1.53817
159.892_84.1469_-1.5175
159.914_83.6474_-1.53817
159.904_83.1477_-1.64151
159.874_82.6486_-1.62084
159.844_82.1495_-1.64151
159.814_81.6505_-1.62084
159.783_81.1514_-1.64151
159.652_80.6722_-2.03421
159.348_80.2797_-2.42691
158.954_79.972_-2.53025
158.547_79.6809_-2.50958
158.141_79.3897_-2.53025
157.703_79.1515_-2.75761
157.241_78.9594_-2.73694
156.783_78.7578_-2.71627
156.326_78.5562_-2.73694
155.868_78.3546_-2.71627
155.429_78.1162_-2.57159
155.006_77.8507_-2.59226
154.577_77.5941_-2.61293
154.147_77.3374_-2.59226
153.718_77.0808_-2.61293
153.27_76.8607_-2.75761
152.808_76.6686_-2.73694
152.347_76.4765_-2.75761
151.885_76.2844_-2.73694
151.423_76.0923_-2.75761
150.935_75.9997_-3.1503
150.435_75.9988_-3.12964
149.935_75.998_-3.1503
149.435_75.9972_-3.12964
148.935_75.9964_-3.1503
148.447_75.9037_-2.75761
147.986_75.7116_-2.73694
147.524_75.5196_-2.75761
147.062_75.3275_-2.73694
146.601_75.1354_-2.75761
146.185_74.863_-2.36491
145.825_74.5162_-2.38557
145.458_74.177_-2.40624
145.09_73.8378_-2.38557
144.723_73.4985_-2.40624
144.302_73.2345_-2.75761
143.84_73.0424_-2.73694
143.382_72.8408_-2.71627
142.925_72.6392_-2.73694
142.467_72.4376_-2.71627
142.01_72.236_-2.73694
141.548_72.0439_-2.75761
141.087_71.8519_-2.73694
140.625_71.6598_-2.75761
140.163_71.4677_-2.73694
139.706_71.2661_-2.71627
139.248_71.0645_-2.73694
138.791_70.8629_-2.71627
138.333_70.6613_-2.73694
137.876_70.4597_-2.71627
137.392_70.347_-3.10897
136.902_70.428_-3.50167
136.463_70.6645_-3.77036
136.055_70.9544_-3.74969
135.642_71.2358_-3.72902
135.183_71.4251_-3.33632
134.686_71.4243_-2.94362
134.211_71.2713_-2.71627
133.754_71.0698_-2.73694
133.296_70.8682_-2.71627
132.838_70.6666_-2.73694
132.377_70.4745_-2.75761
131.915_70.2824_-2.73694
131.454_70.0903_-2.75761
130.992_69.8982_-2.73694
130.534_69.6966_-2.71627
130.081_69.4856_-2.6956
129.628_69.2746_-2.71627
129.175_69.0636_-2.6956
128.721_68.8526_-2.71627
128.317_68.5633_-2.32357
128.055_68.1415_-1.93087
127.974_67.6513_-1.53817
128.006_67.1524_-1.47617
128.048_66.6542_-1.49683
127.987_66.1611_-1.88953
127.743_65.7288_-2.28223
127.351_65.423_-2.67493
126.898_65.212_-2.73694
126.436_65.02_-2.75761
125.967_64.8471_-2.81961
125.494_64.684_-2.79894
125.022_64.5209_-2.81961
124.549_64.3578_-2.79894
124.077_64.1947_-2.81961
123.587_64.1017_-3.0883
123.088_64.0699_-3.06763
122.589_64.0381_-3.0883
122.09_64.0063_-3.06763
121.591_63.9745_-3.0883
121.11_63.8518_-2.6956
120.656_63.6408_-2.71627
120.199_63.4392_-2.73694
119.741_63.2376_-2.71627
119.284_63.036_-2.73694
118.798_62.9333_-3.12964
118.298_62.9325_-3.1503
117.798_62.942_-3.17097
117.298_62.9515_-3.1503
116.798_62.961_-3.17097
116.308_62.8785_-2.77827
115.846_62.6864_-2.71627
115.393_62.4754_-2.6956
114.94_62.2644_-2.71627
114.487_62.0534_-2.6956
114.018_61.8808_-2.88162
113.534_61.7573_-2.90228
113.049_61.6338_-2.88162
112.565_61.5102_-2.90228
112.08_61.3867_-2.88162
111.612_61.2141_-2.6956
111.158_61.0031_-2.71627
110.705_60.7921_-2.6956
110.252_60.5811_-2.71627
109.798_60.3701_-2.6956
109.345_60.1591_-2.71627
108.888_59.9575_-2.73694
108.43_59.7559_-2.71627
107.972_59.5543_-2.73694
107.515_59.3528_-2.71627
107.111_59.0634_-2.32357
106.797_58.6751_-2.17889
106.507_58.2677_-2.19956
106.209_57.8664_-2.22023
105.91_57.4651_-2.19956
105.545_57.128_-2.59226
105.102_56.8987_-2.73694
104.644_56.6971_-2.71627
104.187_56.4955_-2.73694
103.729_56.2939_-2.71627
103.271_56.0923_-2.73694
102.814_55.8908_-2.71627
102.356_55.6892_-2.73694
101.899_55.4876_-2.71627
101.441_55.286_-2.73694
100.984_55.0844_-2.71627
100.526_54.8828_-2.73694
100.069_54.6812_-2.71627
99.6111_54.4797_-2.73694
99.1535_54.2781_-2.71627
98.7002_54.0671_-2.6956
98.2469_53.8561_-2.71627
97.7937_53.6451_-2.6956
97.3404_53.4341_-2.71627
96.8871_53.2231_-2.6956
96.4893_52.9254_-2.3029
96.1831_52.5307_-2.15822
95.9017_52.1174_-2.17889
95.6203_51.7041_-2.15822
95.3389_51.2909_-2.17889
94.981_50.9463_-2.57159
94.5375_50.7171_-2.75761
94.072_50.5346_-2.77827
93.6065_50.3521_-2.75761
93.141_50.1696_-2.77827
92.6684_50.0065_-2.84028
92.1925_49.8532_-2.81961
91.7166_49.6999_-2.84028
91.2407_49.5466_-2.81961
90.7648_49.3932_-2.84028
90.2958_49.2205_-2.73694
89.8342_49.0284_-2.75761
89.3687_48.8459_-2.77827
88.9032_48.6634_-2.75761
88.4377_48.4809_-2.77827
87.9722_48.2984_-2.75761
87.5067_48.1158_-2.77827
87.0413_47.9333_-2.75761
86.5758_47.7508_-2.77827
86.1103_47.5683_-2.75761
85.6348_47.4152_-2.90228
85.1478_47.3017_-2.92295
84.6609_47.1882_-2.90228
84.1739_47.0747_-2.92295
83.687_46.9612_-2.90228
83.2052_46.8277_-2.84028
82.7263_46.6843_-2.86095
82.2473_46.5408_-2.84028
81.7683_46.3974_-2.86095
81.2893_46.2539_-2.84028
80.8204_46.0812_-2.73694
80.3628_45.8796_-2.71627
79.9053_45.678_-2.73694
79.4477_45.4764_-2.71627
78.9902_45.2748_-2.73694
78.5041_45.1721_-3.12964
78.0158_45.2632_-3.52234
77.5994_45.5342_-3.91503
77.2843_45.921_-4.14239
77.0101_46.3391_-4.12172
77.0101_46.3391_-3.72902
76.5508_46.5285_-3.33632
76.054_46.5277_-2.94362
75.5954_46.3368_-2.55092
75.2447_45.985_-2.15822
74.8939_45.6331_-2.55092
74.4703_45.3677_-2.61293
74.036_45.12_-2.6336
73.6017_44.8723_-2.61293
73.1673_44.6246_-2.6336
72.733_44.3769_-2.61293
72.2987_44.1292_-2.6336
71.8644_43.8814_-2.61293
71.4301_43.6337_-2.6336
70.9958_43.386_-2.61293
70.6239_43.0566_-2.22023
70.4065_42.6099_-1.82753
70.3765_42.114_-1.43483
70.4391_41.618_-1.4555
70.4915_41.1207_-1.47617
70.4915_41.1207_-1.86887
70.2558_40.6834_-2.26156
69.8706_40.3696_-2.65426
69.3947_40.2271_-3.04696
68.9005_40.2776_-3.43966
68.4063_40.328_-3.04696
67.9237_40.205_-2.73694
67.4621_40.0129_-2.75761
66.9966_39.8304_-2.77827
66.5311_39.6479_-2.75761
66.043_39.5552_-3.1503
65.5463_39.6059_-3.33632
65.0548_39.6976_-3.31565
64.5633_39.7892_-3.33632
64.0718_39.8809_-3.31565
63.5751_39.8698_-2.92295
63.1205_39.6695_-2.53025
62.7202_39.3701_-2.46825
62.3326_39.0542_-2.44758
61.945_38.7384_-2.46825
61.5573_38.4226_-2.44758
61.1697_38.1068_-2.46825
60.7757_37.799_-2.48892
60.3816_37.4913_-2.46825
59.994_37.1755_-2.44758
59.6064_36.8597_-2.46825
