configuration 133.385482788_115.927223206_-0.986328190641_0.164792901387_34.5528411865_13.6445770264_-0.541385985877_0.840774175564
length 204.595
time 15.5909
roughness 0.000424121
133.385_115.927_-2.8105
132.893_115.86_-3.2032
132.397_115.917_-3.30654
131.904_116.004_-3.32721
131.412_116.091_-3.30654
130.92_116.179_-3.32721
130.423_116.173_-2.93451
129.966_115.978_-2.54181
129.603_115.637_-2.23178
129.292_115.245_-2.25245
128.973_114.861_-2.27312
128.732_114.426_-1.88042
128.585_113.948_-1.85975
128.438_113.47_-1.88042
128.29_112.993_-1.85975
128.143_112.515_-1.88042
127.902_112.08_-2.27312
127.513_111.771_-2.66582
127.054_111.575_-2.8105
126.583_111.407_-2.78983
126.111_111.24_-2.8105
125.624_111.132_-3.03785
125.128_111.076_-3.01718
124.631_111.019_-3.03785
124.134_110.962_-3.01718
123.637_110.905_-3.03785
123.143_110.951_-3.43055
122.679_111.137_-3.61656
122.232_111.361_-3.59589
121.785_111.585_-3.61656
121.338_111.809_-3.59589
120.858_111.936_-3.2032
120.366_111.869_-2.8105
119.931_111.628_-2.45913
119.54_111.316_-2.4798
119.148_111.005_-2.45913
118.792_110.655_-2.27312
118.465_110.277_-2.29379
118.138_109.899_-2.27312
117.811_109.52_-2.29379
117.484_109.142_-2.27312
117.135_108.785_-2.4178
116.764_108.45_-2.39713
116.392_108.115_-2.4178
116.021_107.78_-2.39713
115.65_107.445_-2.4178
115.221_107.195_-2.8105
114.728_107.128_-3.2032
114.239_107.226_-3.47188
113.765_107.383_-3.45122
113.287_107.53_-3.43055
112.792_107.576_-3.03785
112.318_107.429_-2.64515
111.936_107.112_-2.25245
111.704_106.673_-1.85975
111.617_106.181_-1.6324
111.49_105.701_-2.0251
111.213_105.286_-2.29379
110.886_104.908_-2.27312
110.567_104.523_-2.25245
110.248_104.138_-2.27312
109.963_103.729_-2.0871
109.72_103.291_-2.06644
109.478_102.854_-2.0871
109.236_102.417_-2.06644
108.993_101.979_-2.0871
108.837_101.508_-1.6944
108.873_101.012_-1.30171
109.031_100.538_-1.19836
109.217_100.074_-1.1777
109.404_99.6103_-1.19836
109.491_99.1212_-1.59106
109.435_98.6251_-1.77708
109.337_98.1347_-1.75641
109.24_97.6443_-1.77708
109.143_97.1538_-1.75641
109.148_96.6571_-1.36371
109.266_96.1713_-1.30171
109.404_95.6907_-1.28104
109.542_95.2101_-1.30171
109.68_94.7295_-1.28104
109.798_94.2438_-1.38438
109.895_93.7534_-1.36371
109.993_93.2631_-1.38438
110.091_92.7727_-1.36371
110.188_92.2824_-1.38438
110.346_91.8093_-1.11569
110.561_91.358_-1.13636
110.767_90.9023_-1.15703
110.972_90.4466_-1.13636
111.178_89.9909_-1.15703
111.384_89.5352_-1.13636
111.599_89.0839_-1.11569
111.814_88.6325_-1.13636
112.029_88.1812_-1.11569
112.244_87.7298_-1.13636
112.441_87.27_-1.19836
112.618_86.8025_-1.21903
112.795_86.3349_-1.19836
112.972_85.8673_-1.21903
113.149_85.3997_-1.19836
113.345_84.94_-1.13636
113.56_84.4886_-1.11569
113.775_84.0373_-1.13636
113.991_83.5859_-1.11569
114.206_83.1346_-1.13636
114.499_82.7334_-0.743659
114.884_82.4145_-0.640317
115.281_82.1116_-0.660986
115.673_81.8006_-0.681654
116.064_81.4896_-0.660986
116.48_81.2123_-0.516307
116.912_80.961_-0.536976
117.344_80.7096_-0.516307
117.777_80.4583_-0.536976
118.209_80.207_-0.516307
118.585_79.8822_-0.909006
118.88_79.4785_-0.971011
119.166_79.0687_-0.950343
119.452_78.6589_-0.971011
119.739_78.2491_-0.950343
120.058_77.8647_-0.805664
120.401_77.5005_-0.826333
120.743_77.1363_-0.805664
121.086_76.7721_-0.826333
121.428_76.4079_-0.805664
121.696_75.9894_-1.19836
121.783_75.5002_-1.59106
121.676_75.0151_-1.98376
121.392_74.6077_-2.37646
121.028_74.2651_-2.39713
120.686_73.9009_-2.25245
120.375_73.5094_-2.23178
120.064_73.118_-2.25245
119.753_72.7265_-2.23178
119.442_72.335_-2.25245
119.21_71.8955_-1.85975
119.164_71.4009_-1.46705
119.311_70.9263_-1.07435
119.553_70.4891_-1.05368
119.796_70.052_-1.07435
120.113_69.6697_-0.681654
120.529_69.3925_-0.495639
120.966_69.1502_-0.516307
121.398_68.8989_-0.536976
121.831_68.6476_-0.516307
122.206_68.3227_-0.909006
122.466_67.8969_-1.13636
122.681_67.4455_-1.11569
122.897_66.9942_-1.13636
123.112_66.5429_-1.11569
123.205_66.189_-1.50839
123.139_65.6966_-1.90109
122.889_65.2672_-2.29379
122.494_64.9659_-2.68649
122.014_64.8388_-3.07919
121.531_64.7215_-2.72782
121.071_64.5252_-2.74849
120.607_64.3385_-2.76916
120.143_64.1517_-2.74849
119.679_63.965_-2.76916
119.244_63.723_-2.50047
118.84_63.4281_-2.52114
118.436_63.1333_-2.50047
118.032_62.8384_-2.52114
117.628_62.5435_-2.50047
117.208_62.2744_-2.64515
116.77_62.0317_-2.62448
116.333_61.7891_-2.64515
115.896_61.5464_-2.62448
115.459_61.3037_-2.64515
115_61.1077_-2.83116
114.525_60.9501_-2.8105
114.051_60.7924_-2.83116
113.576_60.6348_-2.8105
113.102_60.4771_-2.83116
112.638_60.2906_-2.68649
112.192_60.0662_-2.66582
111.745_59.8417_-2.68649
111.298_59.6173_-2.66582
110.851_59.3929_-2.68649
110.404_59.1685_-2.66582
109.962_58.9349_-2.64515
109.52_58.7014_-2.66582
109.078_58.4678_-2.64515
108.636_58.2342_-2.66582
108.185_58.0191_-2.72782
107.725_57.8228_-2.74849
107.265_57.6265_-2.72782
106.805_57.4302_-2.74849
106.345_57.2339_-2.72782
105.89_57.0282_-2.70715
105.438_56.8131_-2.68649
104.987_56.5979_-2.70715
104.536_56.3828_-2.68649
104.084_56.1677_-2.70715
103.602_56.0505_-3.09985
103.102_56.0245_-3.07919
102.603_55.9985_-3.09985
102.104_55.9725_-3.07919
101.604_55.9464_-3.09985
101.121_55.8293_-2.70715
100.69_55.578_-2.52114
100.28_55.2915_-2.54181
99.8705_55.005_-2.52114
99.4607_54.7185_-2.54181
99.0906_54.3846_-2.27312
98.7637_54.0063_-2.29379
98.4368_53.628_-2.27312
98.1178_53.243_-2.25245
97.7987_52.858_-2.27312
97.41_52.5487_-2.66582
96.9545_52.343_-2.76916
96.4907_52.1563_-2.74849
96.0269_51.9695_-2.76916
95.5631_51.7828_-2.74849
95.0758_51.6857_-3.14119
94.5767_51.7113_-3.24453
94.0799_51.7678_-3.2652
93.5832_51.8243_-3.24453
93.0864_51.8808_-3.2652
92.5909_51.8447_-2.8725
92.1469_51.6217_-2.4798
91.8221_51.2459_-2.0871
91.6075_50.7947_-1.94242
91.4308_50.327_-1.92176
91.4308_50.327_-2.31446
91.0296_50.034_-2.70715
90.5468_49.9168_-3.09985
90.056_49.9934_-3.49255
89.6317_50.2519_-3.88525
89.6317_50.2519_-3.49255
89.1409_50.3284_-3.09985
88.6581_50.2112_-2.70715
88.2569_49.9182_-2.31446
87.9716_49.5094_-2.04577
87.6626_49.1204_-2.43847
87.2652_48.8174_-2.54181
86.8495_48.5395_-2.56248
86.4339_48.2615_-2.54181
86.0183_47.9836_-2.56248
85.5575_47.798_-2.95518
85.0671_47.7003_-2.93451
84.5768_47.6025_-2.95518
84.0864_47.5048_-2.93451
83.5961_47.4071_-2.95518
83.1353_47.2215_-2.56248
82.7805_46.8737_-2.16978
82.5204_46.447_-2.06644
82.2781_46.0096_-2.0871
82.0358_45.5723_-2.06644
81.7188_45.1897_-2.45913
81.3093_44.9035_-2.60381
80.8773_44.6519_-2.62448
80.4453_44.4002_-2.60381
80.0132_44.1485_-2.62448
79.5623_43.9336_-2.76916
79.0947_43.7565_-2.78983
78.6271_43.5794_-2.76916
78.1596_43.4022_-2.78983
77.692_43.2251_-2.76916
77.692_43.2251_-3.16186
77.2068_43.3319_-3.55456
76.7994_43.6162_-3.94726
76.5318_44.0348_-4.33996
76.4448_44.5239_-4.73266
76.3578_45.013_-4.33996
76.0902_45.4316_-3.94726
75.6828_45.7159_-3.55456
75.2035_45.853_-3.28587
74.7095_45.93_-3.30654
74.213_45.9144_-2.91384
73.7602_45.71_-2.52114
73.3626_45.4069_-2.45913
72.9779_45.0875_-2.43847
72.5932_44.7682_-2.45913
72.2085_44.4488_-2.43847
71.8237_44.1295_-2.45913
71.439_43.8102_-2.43847
71.0543_43.4908_-2.45913
70.6696_43.1715_-2.43847
70.2848_42.8522_-2.45913
69.9001_42.5328_-2.43847
69.5154_42.2135_-2.45913
69.1307_41.8941_-2.43847
68.7459_41.5748_-2.45913
68.3067_41.3427_-2.85183
67.8121_41.2964_-3.24453
67.3374_41.4428_-3.63723
66.9_41.6852_-3.6579
66.4678_41.9365_-3.67857
65.9995_42.1024_-3.28587
65.5034_42.0766_-2.89317
65.0368_41.8998_-2.66582
64.59_41.6754_-2.68649
64.1432_41.451_-2.66582
63.7285_41.1737_-2.43847
63.3438_40.8543_-2.45913
62.9525_40.543_-2.4798
62.5613_40.2317_-2.45913
62.17_39.9204_-2.4798
61.8452_39.5445_-2.0871
61.689_39.0729_-1.6944
61.6222_38.5774_-1.71507
61.5554_38.0819_-1.6944
61.4886_37.5864_-1.71507
61.3227_37.1181_-2.10777
60.9974_36.7418_-2.45913
60.6127_36.4224_-2.43847
60.2347_36.0952_-2.4178
59.8566_35.768_-2.43847
59.4223_35.5269_-2.83116
58.9446_35.3791_-2.85183
58.467_35.2313_-2.83116
57.9925_35.0736_-2.8105
57.518_34.916_-2.83116
57.0244_34.8594_-3.22386
56.5468_34.9961_-3.61656
56.138_35.2813_-3.88525
55.7735_35.6236_-3.90592
55.4091_35.9659_-3.88525
54.9848_36.2244_-3.49255
54.494_36.3009_-3.09985
54.0032_36.2136_-2.83116
53.5255_36.0658_-2.85183
53.0479_35.918_-2.83116
52.5979_35.7035_-2.56248
52.1766_35.4342_-2.58314
51.7553_35.1649_-2.56248
51.3341_34.8956_-2.58314
50.9128_34.6263_-2.56248
50.481_34.3748_-2.66582
50.0341_34.1504_-2.68649
49.5873_33.926_-2.66582
49.1405_33.7016_-2.68649
48.6937_33.4771_-2.66582
48.305_33.1678_-2.27312
48.0023_32.7702_-2.16978
47.7161_32.3601_-2.19045
47.43_31.9501_-2.16978
47.1438_31.5401_-2.19045
46.8577_31.1301_-2.16978
46.5715_30.7201_-2.19045
46.2854_30.3101_-2.16978
45.9992_29.9001_-2.19045
45.7131_29.49_-2.16978
45.3583_29.1423_-2.56248
44.8975_28.9567_-2.95518
44.4007_28.9617_-3.34787
43.9437_29.1563_-3.74057
43.5278_29.4339_-3.7199
43.0668_29.6191_-3.32721
42.5701_29.6138_-2.93451
42.0818_29.5059_-2.91384
41.5936_29.3981_-2.93451
41.1033_29.3003_-2.95518
40.6094_29.2229_-3.01718
40.1139_29.1558_-2.99651
39.6185_29.0886_-3.01718
39.123_29.0214_-2.99651
38.6275_28.9543_-3.01718
38.1561_28.7976_-2.62448
37.7805_28.4725_-2.23178
37.5579_28.0284_-1.83908
37.4403_27.5425_-1.77708
37.343_27.052_-1.75641
37.1578_26.5911_-2.14911
36.8103_26.236_-2.54181
36.3534_26.041_-2.93451
35.8566_26.0357_-3.32721
35.3835_26.1924_-3.59589
34.9031_26.3192_-3.2032
34.4034_26.3345_-3.14119
33.9034_26.3394_-3.16186
33.4037_26.3547_-3.18253
32.9039_26.37_-3.16186
32.406_26.3337_-2.97584
31.912_26.2564_-2.99651
31.418_26.179_-2.97584
30.9241_26.1016_-2.99651
30.4301_26.0242_-2.97584
29.9361_25.9468_-2.99651
29.4422_25.8694_-2.97584
28.9482_25.792_-2.99651
28.4543_25.7146_-2.97584
27.9603_25.6372_-2.99651
27.9603_25.6372_-2.60381
27.902_25.5847_-2.21111
27.6887_25.136_-1.81841
27.6632_24.6399_-1.42572
27.8295_24.1718_-1.03302
28.0538_23.7253_-1.1777
28.25_23.2655_-1.15703
28.4558_22.8098_-1.13636
28.6615_22.3541_-1.15703
28.8578_21.8942_-1.1777
29.1_21.458_-0.950343
29.3865_21.0483_-0.971011
29.6729_20.6385_-0.950343
29.9594_20.2287_-0.971011
30.2459_19.8189_-0.950343
30.5324_19.4091_-0.971011
30.8189_18.9993_-0.950343
31.1053_18.5896_-0.971011
31.3918_18.1798_-0.950343
31.6783_17.77_-0.971011
31.9648_17.3602_-0.950343
32.2512_16.9504_-0.971011
32.5377_16.5406_-0.950343
32.8242_16.1309_-0.971011
33.1107_15.7211_-0.950343
33.3972_15.3113_-0.971011
33.6836_14.9015_-0.950343
33.9701_14.4917_-0.971011
34.2566_14.0819_-0.950343
34.5345_13.6664_-1.01235
