configuration 46.843963623_148.978851318_-0.536406748472_0.843959596304_156.577575684_33.1800613403_0.186652677497_0.98242596565
length 209.398
time 6.62003
roughness 0.000351331
46.844_148.979_-1.13235
47.0325_148.516_-1.23569
47.2018_148.046_-1.21502
47.3808_147.579_-1.19435
47.5598_147.112_-1.21502
47.7291_146.641_-1.23569
47.7291_146.641_-1.23569
47.8688_146.162_-1.33903
47.9786_145.674_-1.3597
48.0784_145.184_-1.38037
48.1781_144.694_-1.3597
48.2879_144.206_-1.33903
48.2879_144.206_-1.33903
48.4375_143.729_-1.19435
48.6261_143.266_-1.17368
48.8147_142.803_-1.19435
49.0033_142.34_-1.17368
49.1919_141.877_-1.19435
49.1919_141.877_-1.19435
49.3805_141.414_-1.17368
49.5786_140.955_-1.15302
49.7767_140.496_-1.17368
49.9748_140.037_-1.15302
50.173_139.578_-1.17368
50.173_139.578_-1.17368
50.4169_139.143_-0.946332
50.705_138.734_-0.967
50.9931_138.325_-0.946332
51.2812_137.917_-0.967
51.5694_137.508_-0.946332
51.5694_137.508_-0.946332
51.8976_137.132_-0.760317
52.2563_136.784_-0.780985
52.6078_136.428_-0.801653
52.9592_136.072_-0.780985
53.3107_135.717_-0.801653
53.3107_135.717_-0.801653
53.5889_135.304_-1.15302
53.7964_134.85_-1.13235
54.004_134.395_-1.15302
54.2116_133.94_-1.13235
54.2116_133.94_-1.13235
54.3307_133.457_-1.52505
54.2968_132.96_-1.7524
54.2116_132.467_-1.73173
54.1264_131.974_-1.7524
54.0412_131.482_-1.73173
54.0412_131.482_-1.73173
54.0588_130.985_-1.33903
54.1985_130.505_-1.23569
54.3678_130.035_-1.21502
54.5371_129.564_-1.23569
54.7065_129.094_-1.21502
54.7065_129.094_-1.21502
54.895_128.631_-1.15302
55.0932_128.172_-1.17368
55.2913_127.713_-1.15302
55.4894_127.254_-1.17368
55.6875_126.795_-1.15302
55.6875_126.795_-1.15302
55.9227_126.354_-1.00834
56.1849_125.928_-1.02901
56.4472_125.503_-1.00834
56.7094_125.077_-1.02901
56.9717_124.651_-1.00834
56.9717_124.651_-1.00834
57.2916_124.269_-0.739648
57.6574_123.928_-0.760317
58.0233_123.587_-0.739648
58.3891_123.246_-0.760317
58.755_122.906_-0.739648
58.755_122.906_-0.739648
59.0496_122.506_-1.13235
59.2477_122.047_-1.19435
59.4267_121.58_-1.21502
59.6057_121.113_-1.19435
59.7847_120.646_-1.21502
59.7847_120.646_-1.21502
59.9636_120.179_-1.19435
60.1522_119.716_-1.17368
60.3408_119.253_-1.19435
60.5294_118.79_-1.17368
60.718_118.327_-1.19435
60.718_118.327_-1.19435
60.8476_117.845_-1.4217
60.9168_117.35_-1.44237
60.9859_116.855_-1.4217
61.0551_116.36_-1.44237
61.1243_115.864_-1.4217
61.1243_115.864_-1.4217
61.2539_115.383_-1.19435
61.4425_114.92_-1.17368
61.6311_114.457_-1.19435
61.8197_113.994_-1.17368
62.0083_113.53_-1.19435
62.0083_113.53_-1.19435
62.2775_113.113_-0.801653
62.629_112.757_-0.780985
62.9877_112.409_-0.760317
63.3464_112.061_-0.780985
63.7051_111.712_-0.760317
63.7051_111.712_-0.760317
63.9914_111.306_-1.15302
64.1895_110.847_-1.17368
64.3877_110.388_-1.15302
64.5858_109.929_-1.17368
64.7839_109.47_-1.15302
64.7839_109.47_-1.15302
64.982_109.011_-1.17368
65.1802_108.552_-1.15302
65.3783_108.093_-1.17368
65.5764_107.634_-1.15302
65.7746_107.175_-1.17368
65.7746_107.175_-1.17368
65.9821_106.72_-1.11168
66.199_106.27_-1.13235
66.4066_105.815_-1.15302
66.6142_105.36_-1.13235
66.8218_104.905_-1.15302
66.8218_104.905_-1.15302
67.0199_104.446_-1.17368
67.2085_103.983_-1.19435
67.3971_103.52_-1.17368
67.5857_103.057_-1.19435
67.7743_102.594_-1.17368
67.7743_102.594_-1.17368
67.9724_102.135_-1.15302
68.1706_101.676_-1.17368
68.3687_101.217_-1.15302
68.5668_100.757_-1.17368
68.7649_100.298_-1.15302
68.7649_100.298_-1.15302
68.9725_99.8436_-1.13235
69.1801_99.3887_-1.15302
69.3877_98.9338_-1.13235
69.5952_98.479_-1.15302
69.7934_98.0199_-1.17368
69.7934_98.0199_-1.17368
69.9723_97.5531_-1.23569
70.1416_97.0827_-1.21502
70.3206_96.6158_-1.19435
70.4996_96.149_-1.21502
70.6786_95.6821_-1.19435
70.6786_95.6821_-1.19435
70.8282_95.2055_-1.33903
70.938_94.7177_-1.3597
71.0478_94.2299_-1.33903
71.1576_93.7421_-1.3597
71.2674_93.2543_-1.33903
71.2674_93.2543_-1.33903
71.4268_92.7811_-1.15302
71.6249_92.3221_-1.17368
71.823_91.863_-1.15302
72.0211_91.404_-1.17368
72.2193_90.9449_-1.15302
72.2193_90.9449_-1.15302
72.5055_90.5389_-0.760317
72.885_90.2136_-0.656975
73.2841_89.9124_-0.636306
73.6831_89.6111_-0.656975
74.0821_89.3099_-0.636306
74.0821_89.3099_-0.636306
74.4164_88.9424_-1.02901
74.5847_88.4749_-1.4217
74.5612_87.9787_-1.8144
74.3587_87.5244_-2.16577
74.0827_87.1074_-2.1451
74.0827_87.1074_-2.1451
73.8994_86.6457_-1.7524
73.9067_86.1489_-1.3597
74.1036_85.6928_-0.967
74.4391_85.3241_-0.698312
74.8187_84.9987_-0.71898
74.8187_84.9987_-0.71898
75.1215_84.6048_-1.11168
75.3384_84.1544_-1.13235
75.546_83.6995_-1.15302
75.7536_83.2446_-1.13235
75.9611_82.7898_-1.15302
75.9611_82.7898_-1.15302
76.1687_82.3349_-1.13235
76.3763_81.88_-1.15302
76.5839_81.4252_-1.13235
76.7914_80.9703_-1.15302
76.999_80.5154_-1.13235
76.999_80.5154_-1.13235
77.1483_80.0398_-1.40104
77.2378_79.5479_-1.38037
77.3375_79.0579_-1.3597
77.4372_78.568_-1.38037
77.537_78.078_-1.3597
77.537_78.078_-1.3597
77.7338_77.6219_-0.967
78.0134_77.2074_-0.987669
78.2844_76.7872_-1.00834
78.5554_76.367_-0.987669
78.8264_75.9469_-1.00834
78.8264_75.9469_-1.00834
79.0886_75.5212_-1.02901
79.342_75.0901_-1.04967
79.5954_74.6591_-1.02901
79.8488_74.2281_-1.04967
80.1022_73.7971_-1.02901
80.1022_73.7971_-1.02901
80.2704_73.3296_-1.4217
80.2778_72.8312_-1.69039
80.213_72.3354_-1.71106
80.2159_72.2832_-1.31836
80.2159_72.2832_-1.31836
80.3945_71.8173_-1.09101
80.6207_71.3714_-1.11168
80.8469_70.9255_-1.09101
81.0731_70.4796_-1.11168
81.2993_70.0337_-1.09101
81.2993_70.0337_-1.09101
81.5526_69.6029_-0.987669
81.8236_69.1827_-1.00834
82.0946_68.7625_-0.987669
82.3655_68.3423_-1.00834
82.6278_67.9166_-1.02901
82.6278_67.9166_-1.02901
82.796_67.4492_-1.4217
82.8754_66.9555_-1.40104
82.9649_66.4636_-1.38037
83.0545_65.9717_-1.40104
83.1441_65.4798_-1.38037
83.1441_65.4798_-1.38037
83.2935_65.0038_-1.15302
83.4916_64.5447_-1.17368
83.6897_64.0857_-1.15302
83.8878_63.6266_-1.17368
84.086_63.1675_-1.15302
84.086_63.1675_-1.15302
84.2745_62.7045_-1.21502
84.4535_62.2377_-1.19435
84.4535_62.2377_-1.19435
84.613_61.764_-1.29769
84.7528_61.284_-1.27703
84.9026_60.8069_-1.25636
85.0523_60.3299_-1.27703
85.1921_59.8499_-1.29769
85.1921_59.8499_-1.29769
85.3708_59.3837_-1.11168
85.5878_58.9332_-1.13235
85.8047_58.4827_-1.11168
86.0216_58.0322_-1.13235
86.2386_57.5817_-1.11168
86.2386_57.5817_-1.11168
86.3976_57.1093_-1.38037
86.4872_56.6174_-1.40104
86.5767_56.1255_-1.38037
86.6655_55.9076_-0.987669
86.6655_55.9076_-0.987669
86.8529_55.4475_-1.38037
86.8912_54.95_-1.60772
86.8675_54.4506_-1.62839
86.8439_53.9511_-1.60772
86.8306_53.4513_-1.58705
86.8306_53.4513_-1.58705
86.9196_52.9626_-1.19435
87.1889_52.5451_-0.801653
87.5974_52.2624_-0.408954
88.0689_52.0974_-0.264276
88.5502_51.9618_-0.284944
88.5502_51.9618_-0.284944
89.0285_51.8163_-0.305613
89.5038_51.6609_-0.326281
89.979_51.5056_-0.305613
90.4543_51.3502_-0.326281
90.9295_51.1949_-0.305613
90.9295_51.1949_-0.305613
91.4233_51.1407_0.0870866
91.9003_51.2796_0.479786
92.2878_51.5905_0.872485
92.5268_52.026_1.26518
92.5913_52.5193_1.61655
92.5913_52.5193_1.61655
92.6658_53.0104_1.22385
92.9226_53.4357_0.831148
93.3227_53.7303_0.438449
93.7924_53.8994_0.252434
94.2778_54.0192_0.231765
94.2778_54.0192_0.231765
94.7743_54.0368_-0.160934
95.2576_53.9114_-0.346949
95.7295_53.7463_-0.326281
96.2048_53.5909_-0.305613
96.68_53.4355_-0.326281
96.68_53.4355_-0.326281
97.1519_53.2704_-0.346949
97.6239_53.1053_-0.326281
98.0958_52.9401_-0.346949
98.5677_52.775_-0.326281
99.0397_52.6098_-0.346949
99.0397_52.6098_-0.346949
99.5308_52.5353_0.0457498
100.013_52.6544_0.438449
100.413_52.949_0.831148
100.67_53.3743_1.22385
100.745_53.8654_1.61655
100.745_53.8654_1.61655
100.745_53.8654_1.22385
101.001_54.2907_0.831148
101.401_54.5853_0.438449
101.884_54.7044_0.0457498
102.375_54.6299_-0.346949
102.375_54.6299_-0.346949
102.866_54.5553_0.0457498
103.348_54.6744_0.438449
103.794_54.9006_0.500454
104.235_55.1359_0.479786
104.676_55.3713_0.500454
104.676_55.3713_0.500454
105.138_55.5595_0.273102
105.619_55.6993_0.29377
106.096_55.849_0.314439
106.573_55.9988_0.29377
107.053_56.1386_0.273102
107.053_56.1386_0.273102
107.496_56.3633_0.665801
107.851_56.714_0.893153
108.168_57.1003_0.872485
108.486_57.4866_0.893153
108.795_57.8793_0.913821
108.795_57.8793_0.913821
109.169_58.2059_0.521122
109.64_58.3644_0.128423
110.136_58.3307_-0.264276
110.595_58.1372_-0.532965
111.028_57.8877_-0.512296
111.028_57.8877_-0.512296
111.501_57.7333_-0.119597
111.996_57.7714_0.273102
112.439_57.9961_0.665801
112.762_58.3733_1.0585
112.946_58.8366_1.32719
112.946_58.8366_1.32719
113.158_59.2861_0.93449
113.525_59.6204_0.541791
113.979_59.8276_0.314439
114.39_60.0576_0.707138
114.39_60.0576_0.707138
114.819_60.3097_0.355775
115.285_60.4887_0.376444
115.749_60.6773_0.397112
116.212_60.8659_0.376444
116.678_61.0449_0.355775
116.678_61.0449_0.355775
117.169_61.1238_-0.0369237
117.662_61.0489_-0.264276
117.662_61.0489_-0.264276
118.158_61.0152_0.128423
118.647_61.1148_0.273102
119.13_61.2447_0.252434
119.613_61.3746_0.273102
120.096_61.5045_0.252434
120.096_61.5045_0.252434
120.543_61.72_0.645133
120.883_62.084_0.996495
121.158_62.5009_0.975827
121.434_62.9179_0.996495
121.71_63.3348_0.975827
121.71_63.3348_0.975827
122.064_63.684_0.583128
122.524_63.8714_0.190428
123.021_63.8685_-0.202271
123.478_63.6756_-0.59497
123.828_63.3223_-0.987669
123.828_63.3223_-0.987669
124.081_62.8914_-1.09101
124.316_62.4503_-1.07034
124.561_62.0141_-1.04967
124.805_61.578_-1.07034
125.041_61.1368_-1.09101
125.041_61.1368_-1.09101
125.351_60.7493_-0.698312
125.731_60.4239_-0.71898
126.104_60.0908_-0.739648
126.477_59.7576_-0.71898
126.849_59.4244_-0.739648
126.849_59.4244_-0.739648
127.144_59.0244_-1.13235
127.323_58.5579_-1.27703
127.463_58.0779_-1.29769
127.603_57.5979_-1.27703
127.742_57.1178_-1.29769
127.742_57.1178_-1.29769
127.902_56.6442_-1.19435
128.081_56.1773_-1.21502
128.26_55.7105_-1.19435
128.439_55.2436_-1.21502
128.618_54.7767_-1.19435
128.618_54.7767_-1.19435
128.887_54.3592_-0.801653
129.26_54.0264_-0.656975
129.652_53.7169_-0.677643
130.045_53.4075_-0.656975
130.438_53.0981_-0.677643
130.438_53.0981_-0.677643
130.773_52.7297_-0.987669
131.052_52.3152_-0.967
131.341_51.9066_-0.946332
131.629_51.4979_-0.967
131.917_51.0893_-0.946332
131.917_51.0893_-0.946332
132.26_50.7276_-0.677643
132.646_50.4101_-0.698312
133.032_50.0926_-0.677643
133.419_49.7751_-0.698312
133.805_49.4576_-0.677643
133.805_49.4576_-0.677643
134.124_49.0766_-1.07034
134.272_48.6026_-1.46304
134.229_48.1078_-1.85574
134.054_47.6398_-2.00042
133.85_47.1831_-1.97975
133.85_47.1831_-1.97975
133.745_46.6975_-1.58705
133.794_46.2009_-1.3597
133.904_45.7131_-1.33903
134.014_45.2254_-1.3597
134.113_44.7354_-1.38037
134.113_44.7354_-1.38037
134.301_44.2753_-0.987669
134.65_43.922_-0.59497
135.083_43.6726_-0.450291
135.531_43.4503_-0.470959
135.979_43.2281_-0.450291
135.979_43.2281_-0.450291
136.375_42.9288_-0.84299
136.627_42.5005_-1.23569
136.776_42.0235_-1.29769
136.916_41.5435_-1.27703
137.056_41.0634_-1.29769
137.056_41.0634_-1.29769
137.135_40.5708_-1.52505
137.163_40.0716_-1.50438
137.202_39.5731_-1.48371
137.24_39.0746_-1.50438
137.278_38.5761_-1.48371
137.278_38.5761_-1.48371
137.398_38.0926_-1.17368
137.596_37.6335_-1.15302
137.794_37.1745_-1.17368
137.992_36.7154_-1.15302
138.19_36.2564_-1.17368
138.19_36.2564_-1.17368
138.46_35.8383_-0.822322
138.796_35.4685_-0.84299
139.125_35.0917_-0.863659
139.454_34.715_-0.84299
139.783_34.3383_-0.863659
139.783_34.3383_-0.863659
140.062_33.9247_-1.09101
140.297_33.4835_-1.07034
140.532_33.0424_-1.09101
140.758_32.5965_-1.11168
140.985_32.1506_-1.09101
140.985_32.1506_-1.09101
141.124_31.6736_-1.48371
141.069_31.1798_-1.87641
140.895_30.7116_-1.97975
140.691_30.2549_-2.00042
140.488_29.7982_-1.97975
140.488_29.7982_-1.97975
140.383_29.3126_-1.58705
140.472_28.8239_-1.19435
140.741_28.4064_-0.801653
141.149_28.1237_-0.408954
141.635_28.0189_-0.0162553
141.635_28.0189_-0.0162553
142.124_28.1078_0.376444
142.594_28.2771_0.314439
143.068_28.4367_0.335107
143.539_28.606_0.355775
144.009_28.7753_0.335107
144.009_28.7753_0.335107
144.479_28.9446_0.355775
144.95_29.1139_0.335107
145.42_29.2832_0.355775
145.891_29.4525_0.335107
146.361_29.6218_0.355775
146.361_29.6218_0.355775
146.832_29.7911_0.335107
147.306_29.9506_0.314439
147.779_30.1102_0.335107
148.25_30.2795_0.355775
148.72_30.4488_0.335107
148.72_30.4488_0.335107
149.209_30.5482_0.0664182
149.708_30.5762_0.0457498
150.207_30.6042_0.0664182
150.706_30.6323_0.0457498
151.206_30.6603_0.0664182
151.206_30.6603_0.0664182
151.685_30.7893_0.459117
152.136_31.0063_0.438449
152.586_31.2232_0.459117
153.037_31.4401_0.438449
153.487_31.6571_0.459117
153.487_31.6571_0.459117
153.938_31.874_0.438449
154.388_32.0909_0.459117
154.834_32.3171_0.479786
155.28_32.5433_0.459117
155.731_32.7602_0.438449
155.731_32.7602_0.438449
156.181_32.9772_0.459117
156.58_33.1796_0.479786
156.58_33.1796_0.479786
