configuration 176.556686401_134.7056427_-0.977472527886_0.211062685542_59.5791053772_36.8438796997_0.982426073578_-0.18665210943
length 189.826
time 3.11886
roughness 0.000248101
176.557_134.706_-2.71627
176.153_134.416_-2.32357
175.807_134.055_-2.34424
175.462_133.694_-2.32357
175.116_133.332_-2.34424
174.771_132.971_-2.32357
174.771_132.971_-2.32357
174.367_132.682_-2.71627
173.909_132.48_-2.73694
173.452_132.278_-2.71627
172.994_132.077_-2.73694
172.536_131.875_-2.71627
172.536_131.875_-2.71627
172.114_131.611_-2.44758
171.726_131.295_-2.46825
171.339_130.979_-2.44758
170.951_130.663_-2.46825
170.564_130.347_-2.44758
170.564_130.347_-2.44758
170.141_130.083_-2.71627
169.688_129.872_-2.6956
169.235_129.661_-2.71627
168.781_129.45_-2.6956
168.328_129.239_-2.71627
168.328_129.239_-2.71627
167.87_129.037_-2.73694
167.409_128.845_-2.75761
166.947_128.653_-2.73694
166.486_128.461_-2.75761
166.024_128.269_-2.73694
166.024_128.269_-2.73694
165.591_128.022_-2.50958
165.184_127.73_-2.53025
164.778_127.439_-2.50958
164.371_127.148_-2.53025
163.965_126.857_-2.50958
163.965_126.857_-2.50958
163.527_126.619_-2.77827
163.061_126.436_-2.75761
162.596_126.254_-2.77827
162.13_126.071_-2.75761
161.665_125.889_-2.77827
161.665_125.889_-2.77827
161.203_125.697_-2.71627
160.746_125.495_-2.73694
160.288_125.294_-2.71627
159.831_125.092_-2.73694
159.373_124.89_-2.71627
159.373_124.89_-2.71627
158.915_124.689_-2.73694
158.458_124.487_-2.71627
158_124.286_-2.73694
157.543_124.084_-2.71627
157.085_123.882_-2.73694
157.085_123.882_-2.73694
156.624_123.69_-2.75761
156.162_123.498_-2.73694
155.7_123.306_-2.75761
155.239_123.114_-2.73694
154.777_122.922_-2.75761
154.777_122.922_-2.75761
154.316_122.73_-2.73694
153.854_122.538_-2.75761
153.392_122.346_-2.73694
152.931_122.154_-2.75761
152.469_121.962_-2.73694
152.469_121.962_-2.73694
152_121.789_-2.84028
151.524_121.636_-2.81961
151.048_121.482_-2.84028
150.572_121.329_-2.81961
150.1_121.166_-2.79894
150.1_121.166_-2.79894
149.673_120.911_-2.40624
149.321_120.557_-2.3029
148.982_120.188_-2.32357
148.644_119.82_-2.3029
148.306_119.452_-2.32357
148.306_119.452_-2.32357
148_119.057_-2.13755
147.736_118.633_-2.11689
147.472_118.208_-2.13755
147.208_117.783_-2.11689
146.944_117.359_-2.13755
146.944_117.359_-2.13755
146.8_117.208_-2.53025
146.345_117.007_-2.92295
145.848_116.996_-3.31565
145.385_117.176_-3.70835
145.026_117.519_-4.10105
145.026_117.519_-4.10105
144.667_117.863_-3.70835
144.204_118.043_-3.31565
143.707_118.032_-2.92295
143.229_117.888_-2.77827
142.763_117.706_-2.75761
142.763_117.706_-2.75761
142.294_117.533_-2.81961
141.822_117.37_-2.79894
141.349_117.207_-2.81961
140.876_117.044_-2.79894
140.404_116.881_-2.81961
140.404_116.881_-2.81961
139.911_116.818_-3.21231
139.413_116.869_-3.27431
138.917_116.93_-3.25365
138.421_116.991_-3.27431
137.925_117.052_-3.25365
137.925_117.052_-3.25365
137.43_117.01_-2.86095
136.965_116.828_-2.67493
136.516_116.608_-2.6956
136.063_116.397_-2.71627
135.609_116.186_-2.6956
135.609_116.186_-2.6956
135.212_115.888_-2.3029
134.922_115.482_-2.07555
134.676_115.047_-2.09622
134.43_114.611_-2.07555
134.183_114.176_-2.09622
134.183_114.176_-2.09622
133.855_113.803_-2.48892
133.413_113.575_-2.84028
132.937_113.422_-2.81961
132.465_113.259_-2.79894
131.992_113.095_-2.81961
131.992_113.095_-2.81961
131.519_112.932_-2.79894
131.047_112.769_-2.81961
130.574_112.606_-2.79894
130.102_112.443_-2.81961
129.629_112.28_-2.79894
129.629_112.28_-2.79894
129.153_112.127_-2.86095
128.674_111.983_-2.84028
128.198_111.83_-2.81961
127.822_111.709_-2.84028
127.822_111.709_-2.84028
127.354_111.536_-2.73694
126.896_111.334_-2.71627
126.438_111.133_-2.73694
125.981_110.931_-2.71627
125.523_110.73_-2.73694
125.523_110.73_-2.73694
125.066_110.528_-2.71627
124.608_110.327_-2.73694
124.151_110.125_-2.71627
123.693_109.923_-2.73694
123.236_109.722_-2.71627
123.236_109.722_-2.71627
122.767_109.549_-2.86095
122.285_109.416_-2.88162
121.803_109.282_-2.86095
121.324_109.139_-2.84028
120.845_108.995_-2.86095
120.845_108.995_-2.86095
120.389_108.794_-2.59226
119.96_108.538_-2.61293
119.531_108.281_-2.59226
119.102_108.024_-2.61293
118.667_107.777_-2.6336
118.667_107.777_-2.6336
118.238_107.52_-2.57159
117.815_107.254_-2.59226
117.391_106.989_-2.57159
116.967_106.724_-2.59226
116.543_106.458_-2.57159
116.543_106.458_-2.57159
116.081_106.277_-2.96429
115.586_106.204_-3.02629
115.089_106.152_-3.04696
114.592_106.099_-3.02629
114.095_106.047_-3.04696
114.095_106.047_-3.04696
113.595_106.036_-3.19164
113.096_106.055_-3.17097
112.596_106.075_-3.19164
112.096_106.095_-3.17097
111.597_106.115_-3.19164
111.597_106.115_-3.19164
111.105_106.043_-2.79894
110.679_105.788_-2.40624
110.349_105.413_-2.17889
110.059_105.006_-2.19956
109.761_104.604_-2.22023
109.761_104.604_-2.22023
109.544_104.158_-1.82753
109.514_103.662_-1.43483
109.617_103.173_-1.29015
109.751_102.691_-1.31082
109.884_102.209_-1.29015
109.884_102.209_-1.29015
109.926_101.714_-1.68285
109.775_101.241_-2.07555
109.529_100.806_-2.09622
109.274_100.376_-2.11689
109.018_99.9461_-2.09622
109.018_99.9461_-2.09622
108.858_99.4759_-1.70352
108.817_98.9778_-1.60018
108.798_98.4782_-1.62084
108.778_97.9786_-1.60018
108.758_97.479_-1.62084
108.758_97.479_-1.62084
108.83_96.9875_-1.22815
109.032_96.5304_-1.08347
109.27_96.091_-1.0628
109.509_95.6517_-1.08347
109.748_95.2123_-1.0628
109.748_95.2123_-1.0628
110.069_94.8337_-0.6701
110.511_94.6071_-0.277401
111.007_94.5669_0.115298
111.48_94.7192_0.507998
111.858_95.0409_0.900697
111.858_95.0409_0.900697
111.858_95.0409_0.507998
111.858_95.0409_0.115298
112.353_95.0007_-0.277401
112.795_94.774_-0.6701
113.117_94.3955_-1.0628
113.117_94.3955_-1.0628
113.269_93.9226_-1.4555
113.27_93.4237_-1.68285
113.219_92.9263_-1.66218
113.169_92.4289_-1.68285
113.118_91.9314_-1.66218
113.118_91.9314_-1.66218
112.977_91.4551_-2.05488
112.74_91.015_-2.07555
112.493_90.5798_-2.09622
112.247_90.1447_-2.07555
112.001_89.7096_-2.09622
112.001_89.7096_-2.09622
111.84_89.2395_-1.70352
111.872_88.7437_-1.31082
112.063_88.2834_-1.04213
112.311_87.8491_-1.0628
112.559_87.4148_-1.04213
112.559_87.4148_-1.04213
112.815_86.9857_-1.02146
113.081_86.562_-1.00079
113.346_86.1383_-1.02146
113.612_85.7146_-1.00079
113.877_85.2909_-1.02146
113.877_85.2909_-1.02146
114.049_84.8247_-1.41416
114.122_84.3301_-1.43483
114.184_83.834_-1.4555
114.247_83.338_-1.43483
114.32_82.8433_-1.41416
114.32_82.8433_-1.41416
114.453_82.3625_-1.18681
114.636_81.897_-1.20748
114.818_81.4315_-1.18681
115.001_80.966_-1.20748
115.183_80.5005_-1.18681
115.183_80.5005_-1.18681
115.456_80.0851_-0.79411
115.824_79.7472_-0.690768
116.212_79.4326_-0.6701
116.601_79.1181_-0.690768
116.983_78.7955_-0.711436
116.983_78.7955_-0.711436
117.289_78.404_-1.10414
117.432_77.9275_-1.4555
117.494_77.4314_-1.43483
117.567_76.9368_-1.41416
117.64_76.4421_-1.43483
117.64_76.4421_-1.43483
117.723_75.9492_-1.37282
117.816_75.4579_-1.39349
117.91_74.9667_-1.37282
118.003_74.4755_-1.39349
118.096_73.9843_-1.37282
118.096_73.9843_-1.37282
118.21_73.4974_-1.31082
118.343_73.0156_-1.29015
118.477_72.5338_-1.31082
118.61_72.0519_-1.29015
118.744_71.5701_-1.31082
118.744_71.5701_-1.31082
118.954_71.1191_-0.959457
119.253_70.7188_-0.897452
119.433_70.3704_-1.29015
119.433_70.3704_-1.29015
119.661_69.9291_-0.897452
119.993_69.555_-0.79411
120.347_69.202_-0.773442
120.708_68.8564_-0.752773
120.708_68.8564_-1.14547
120.708_68.8564_-1.14547
120.831_68.3744_-1.49683
120.873_67.8762_-1.47617
120.915_67.378_-1.49683
120.957_66.8798_-1.47617
120.999_66.3816_-1.49683
120.999_66.3816_-1.49683
120.939_65.8885_-1.88953
120.694_65.4562_-2.28223
120.303_65.1504_-2.67493
119.854_64.9301_-2.6956
119.4_64.7191_-2.71627
119.4_64.7191_-2.71627
118.943_64.5175_-2.73694
118.481_64.3254_-2.75761
118.02_64.1333_-2.73694
117.558_63.9412_-2.75761
117.096_63.7491_-2.73694
117.096_63.7491_-2.73694
116.643_63.5382_-2.67493
116.194_63.3178_-2.6956
115.746_63.0975_-2.67493
115.297_62.8772_-2.6956
114.848_62.6569_-2.67493
114.848_62.6569_-2.67493
114.399_62.4365_-2.6956
113.946_62.2255_-2.71627
113.492_62.0145_-2.6956
113.039_61.8035_-2.71627
112.586_61.5925_-2.6956
112.586_61.5925_-2.6956
112.137_61.3722_-2.67493
111.688_61.1519_-2.6956
111.239_60.9316_-2.67493
110.791_60.7112_-2.6956
110.342_60.4909_-2.67493
110.342_60.4909_-2.67493
109.898_60.2614_-2.65426
109.453_60.0318_-2.67493
109.009_59.8023_-2.65426
108.565_59.5727_-2.67493
108.121_59.3432_-2.65426
108.121_59.3432_-2.65426
107.672_59.1229_-2.71627
107.219_58.9119_-2.6956
106.765_58.7009_-2.71627
106.312_58.4899_-2.6956
105.859_58.2789_-2.71627
105.859_58.2789_-2.71627
105.401_58.0773_-2.73694
104.944_57.8757_-2.71627
104.486_57.6741_-2.73694
104.029_57.4725_-2.71627
103.571_57.2709_-2.73694
103.571_57.2709_-2.73694
103.114_57.0694_-2.71627
102.656_56.8678_-2.73694
102.198_56.6662_-2.71627
101.741_56.4646_-2.73694
101.283_56.263_-2.71627
101.283_56.263_-2.71627
100.822_56.0709_-2.77827
100.356_55.8884_-2.75761
99.8908_55.7059_-2.77827
99.4254_55.5234_-2.75761
98.9599_55.3409_-2.77827
98.9599_55.3409_-2.77827
98.4983_55.1489_-2.71627
98.0408_54.9473_-2.73694
97.5832_54.7457_-2.71627
97.1257_54.5441_-2.73694
96.6681_54.3425_-2.71627
96.6681_54.3425_-2.71627
96.2065_54.1505_-2.77827
95.7411_53.9679_-2.75761
95.2756_53.7854_-2.77827
94.8101_53.6029_-2.75761
94.3446_53.4204_-2.77827
94.3446_53.4204_-2.77827
93.8791_53.2379_-2.75761
93.4136_53.0554_-2.77827
92.9481_52.8729_-2.75761
92.4826_52.6904_-2.77827
92.0171_52.5079_-2.75761
92.0171_52.5079_-2.75761
91.5687_52.2878_-2.61293
91.1344_52.0401_-2.6336
90.695_51.8014_-2.65426
90.2557_51.5627_-2.6336
89.8163_51.324_-2.65426
89.8163_51.324_-2.65426
89.3676_51.1037_-2.71627
88.9143_50.8927_-2.6956
88.4654_50.6724_-2.67493
88.0166_50.4521_-2.6956
87.5678_50.2317_-2.67493
87.5678_50.2317_-2.67493
87.119_50.0114_-2.6956
86.6701_49.7911_-2.67493
86.2213_49.5708_-2.6956
85.768_49.3598_-2.71627
85.3147_49.1488_-2.6956
85.3147_49.1488_-2.6956
84.8659_48.9285_-2.67493
84.4171_48.7081_-2.6956
83.9638_48.4971_-2.71627
83.5105_48.2861_-2.6956
83.0616_48.0658_-2.67493
83.0616_48.0658_-2.67493
82.6275_47.8182_-2.57159
82.2038_47.5528_-2.59226
81.7747_47.2961_-2.61293
81.3456_47.0395_-2.59226
80.9165_46.7829_-2.61293
80.9165_46.7829_-2.61293
80.4725_46.5534_-2.71627
80.015_46.3518_-2.73694
79.5574_46.1502_-2.71627
79.0999_45.9486_-2.73694
78.6423_45.7471_-2.71627
78.6423_45.7471_-2.71627
78.189_45.5361_-2.6956
77.7357_45.3251_-2.71627
77.2824_45.1141_-2.6956
76.8291_44.9031_-2.71627
76.3759_44.6921_-2.6956
76.3759_44.6921_-2.6956
75.9367_44.4535_-2.59226
75.5076_44.1968_-2.61293
75.0785_43.9402_-2.59226
74.6494_43.6836_-2.61293
74.2203_43.4269_-2.59226
74.2203_43.4269_-2.59226
73.7765_43.1976_-2.73694
73.3149_43.0055_-2.75761
72.8532_42.8134_-2.73694
72.3916_42.6213_-2.75761
71.93_42.4292_-2.73694
71.93_42.4292_-2.73694
71.4725_42.2276_-2.71627
71.0149_42.0261_-2.73694
70.5573_41.8245_-2.71627
70.1041_41.6135_-2.6956
69.6508_41.4025_-2.71627
69.6508_41.4025_-2.71627
69.202_41.1822_-2.65426
68.7627_40.9435_-2.6336
68.3233_40.7048_-2.65426
67.884_40.4661_-2.6336
67.4446_40.2274_-2.65426
67.4446_40.2274_-2.65426
67.0157_39.9709_-2.55092
66.5976_39.6968_-2.57159
66.1795_39.4226_-2.55092
65.7613_39.1485_-2.57159
65.3432_38.8743_-2.55092
65.3432_38.8743_-2.55092
64.8957_38.6547_-2.81961
64.4231_38.4916_-2.79894
63.9504_38.3284_-2.81961
63.4778_38.1653_-2.79894
63.0052_38.0022_-2.81961
63.0052_38.0022_-2.81961
62.5325_37.8391_-2.79894
62.0599_37.676_-2.81961
61.5872_37.5129_-2.79894
61.1146_37.3498_-2.81961
60.6387_37.1964_-2.84028
60.6387_37.1964_-2.84028
60.1628_37.0431_-2.81961
59.6902_36.88_-2.79894
59.6902_36.88_-2.79894
