configuration -14.0353517532_151.94859314_0.0_1.0_147.259887695_176.039077759_0.145212769539_0.989400450557
length 193.563
time 8.56342
roughness 0.000354864
-14.0354_151.949_-0
-13.5354_151.943_-0.0206684
-13.0356_151.928_-0.0413367
-12.5359_151.912_-0.0206684
-12.0361_151.897_-0.0413367
-11.5364_151.881_-0.0206684
-11.5364_151.881_-0.0206684
-11.0375_151.907_0.12401
-10.5407_151.964_0.103342
-10.044_152.021_0.12401
-9.54719_152.077_0.103342
-9.05043_152.134_0.12401
-9.05043_152.134_0.12401
-8.55153_152.139_-0.103342
-8.0537_152.093_-0.0826735
-7.55587_152.046_-0.103342
-7.05804_152_-0.0826735
-6.56021_151.954_-0.103342
-6.56021_151.954_-0.103342
-6.06089_151.938_0.0413367
-5.56114_151.954_0.0206684
-5.06139_151.969_0.0413367
-4.56164_151.985_0.0206684
-4.06189_152_0.0413367
-4.06189_152_0.0413367
-3.56894_152.077_0.268689
-3.08555_152.205_0.24802
-2.59961_152.323_0.227352
-2.11368_152.44_0.24802
-1.62774_152.558_0.227352
-1.62774_152.558_0.227352
-1.13204_152.615_-1.38778e-16
-0.632077_152.62_0.0206684
-0.132112_152.625_-1.38778e-16
0.367852_152.63_0.0206684
0.867817_152.635_-1.38778e-16
0.867817_152.635_-1.38778e-16
1.36352_152.579_-0.227352
1.84945_152.461_-0.24802
2.33539_152.343_-0.227352
2.82132_152.225_-0.24802
3.30726_152.108_-0.227352
3.30726_152.108_-0.227352
3.30726_152.108_-0.620051
3.64748_151.746_-1.01275
3.82328_151.281_-1.40545
3.80788_150.785_-1.79815
3.60363_150.332_-2.19085
3.60363_150.332_-2.19085
3.60363_150.332_-1.79815
3.60363_150.332_-1.40545
3.77943_149.867_-1.01275
4.11966_149.505_-0.620051
4.57252_149.301_-0.227352
4.57252_149.301_-0.227352
5.06907_149.285_0.165347
5.55459_149.403_0.310026
6.0323_149.551_0.289357
6.51295_149.688_0.268689
6.99361_149.826_0.289357
6.99361_149.826_0.289357
7.46809_149.983_0.351362
7.93929_150.151_0.330694
8.41049_150.318_0.351362
8.88168_150.485_0.330694
9.35288_150.652_0.351362
9.35288_150.652_0.351362
9.83968_150.76_0.0826735
10.3375_150.806_0.103342
10.8353_150.853_0.0826735
11.3332_150.899_0.103342
11.831_150.945_0.0826735
11.831_150.945_0.0826735
12.3277_151.002_0.144679
12.8232_151.069_0.12401
13.3187_151.136_0.144679
13.8142_151.203_0.12401
14.3096_151.27_0.144679
14.3096_151.27_0.144679
14.8063_151.327_0.0826735
15.305_151.363_0.0620051
15.8037_151.399_0.0826735
16.3024_151.435_0.0620051
16.8011_151.471_0.0826735
16.8011_151.471_0.0826735
17.282_151.598_0.434036
17.7378_151.804_0.413367
18.1977_152_0.392699
18.6576_152.196_0.413367
19.1176_152.392_0.392699
19.1176_152.392_0.392699
19.5851_152.569_0.330694
20.0563_152.736_0.351362
20.524_152.913_0.372031
20.9916_153.09_0.351362
21.4593_153.267_0.372031
21.4593_153.267_0.372031
21.9484_153.354_-0.0206684
22.4363_153.257_-0.372031
22.9039_153.08_-0.351362
23.3751_152.913_-0.330694
23.8463_152.746_-0.351362
23.8463_152.746_-0.351362
24.3371_152.669_0.0413367
24.8335_152.725_0.186015
25.3239_152.823_0.206684
25.8143_152.921_0.186015
26.3046_153.018_0.206684
26.3046_153.018_0.206684
26.7817_153.166_0.392699
27.2455_153.352_0.372031
27.7094_153.539_0.392699
28.1733_153.725_0.372031
28.6372_153.912_0.392699
28.6372_153.912_0.392699
29.1011_154.098_0.372031
29.5687_154.275_0.351362
30.0364_154.452_0.372031
30.504_154.629_0.351362
30.9716_154.806_0.372031
30.9716_154.806_0.372031
31.4355_154.993_0.392699
31.8994_155.179_0.372031
32.3633_155.366_0.392699
32.8272_155.552_0.372031
33.2911_155.739_0.392699
33.2911_155.739_0.392699
33.7768_155.846_0.0413367
34.2762_155.872_0.0620051
34.7755_155.898_0.0413367
35.2748_155.923_0.0620051
35.7741_155.949_0.0413367
35.7741_155.949_0.0413367
36.2705_156.006_0.186015
36.7628_156.093_0.165347
37.2551_156.181_0.186015
37.7473_156.268_0.165347
38.2396_156.355_0.186015
38.2396_156.355_0.186015
38.709_156.522_0.496041
39.1511_156.755_0.475373
39.598_156.98_0.454704
40.0449_157.204_0.475373
40.4918_157.428_0.454704
40.4918_157.428_0.454704
40.9676_157.575_0.144679
41.4616_157.652_0.165347
41.9539_157.74_0.186015
42.4462_157.827_0.165347
42.9385_157.914_0.186015
42.9385_157.914_0.186015
43.3994_158.1_0.578714
43.7543_158.447_0.971414
43.9492_158.904_1.36411
43.9852_159.402_1.6328
43.9491_159.9_1.65347
43.9491_159.9_1.65347
44.0054_160.394_1.26077
44.2464_160.828_0.868072
44.6352_161.137_0.475373
45.0821_161.362_0.454704
45.529_161.586_0.475373
45.529_161.586_0.475373
45.9804_161.801_0.413367
46.4362_162.006_0.434036
46.8876_162.221_0.454704
47.339_162.436_0.434036
47.7948_162.642_0.413367
47.7948_162.642_0.413367
48.2687_162.799_0.227352
48.7546_162.917_0.24802
49.2405_163.035_0.227352
49.7265_163.152_0.24802
50.2124_163.27_0.227352
50.2124_163.27_0.227352
50.6897_163.417_0.372031
51.1573_163.594_0.351362
51.6285_163.762_0.330694
52.0997_163.929_0.351362
52.5709_164.096_0.330694
52.5709_164.096_0.330694
53.0003_164.346_0.723393
53.3014_164.741_1.11609
53.5069_165.197_1.1781
53.703_165.657_1.15743
53.8991_166.117_1.1781
53.8991_166.117_1.1781
54.1751_166.53_0.785398
54.5882_166.806_0.392699
55.0722_166.923_0.0826735
55.57_166.969_0.103342
56.0679_167.016_0.0826735
56.0679_167.016_0.0826735
56.5454_167.153_0.475373
56.9343_167.462_0.868072
57.1753_167.896_1.26077
57.2929_168.382_1.40545
57.4502_168.798_1.01275
57.4502_168.798_1.01275
57.7904_169.16_0.620051
58.2395_169.373_0.268689
58.7202_169.511_0.289357
59.2008_169.649_0.268689
59.6815_169.787_0.289357
59.6815_169.787_0.289357
60.1761_169.833_-0.103342
60.6715_169.766_-0.165347
61.1655_169.689_-0.144679
61.6595_169.611_-0.165347
62.1535_169.534_-0.144679
62.1535_169.534_-0.144679
62.6518_169.498_-2.498e-16
63.1518_169.493_-0.0206684
63.6517_169.488_-2.498e-16
64.1517_169.483_-0.0206684
64.6516_169.477_-2.498e-16
64.6516_169.477_-2.498e-16
65.1389_169.574_0.392699
65.5988_169.77_0.413367
66.0588_169.967_0.392699
66.5187_170.163_0.413367
66.9786_170.359_0.392699
66.9786_170.359_0.392699
67.4425_170.545_0.372031
67.9101_170.722_0.351362
68.3778_170.899_0.372031
68.8454_171.076_0.351362
69.3131_171.253_0.372031
69.3131_171.253_0.372031
69.7317_171.52_0.76473
70.0162_171.928_1.15743
70.166_172.142_0.76473
70.166_172.142_0.76473
70.5846_172.409_0.372031
71.059_172.567_0.268689
71.5424_172.695_0.24802
72.0258_172.822_0.268689
72.0258_172.822_0.268689
72.4698_173.045_0.661388
72.7948_173.421_1.05409
72.9512_173.892_1.44679
73.083_174.289_1.05409
73.083_174.289_0.661388
73.083_174.289_0.661388
73.527_174.512_0.268689
74.0225_174.548_-0.12401
74.5045_174.421_-0.392699
74.9644_174.225_-0.413367
75.4243_174.029_-0.392699
75.4243_174.029_-0.392699
75.9101_173.921_-0.0413367
76.4094_173.896_-0.0620051
76.9081_173.859_-0.0826735
77.4068_173.823_-0.0620051
77.9055_173.787_-0.0826735
77.9055_173.787_-0.0826735
78.405_173.772_0.0206684
78.9048_173.787_0.0413367
79.4045_173.803_0.0206684
79.9043_173.818_0.0413367
80.404_173.834_0.0206684
80.404_173.834_0.0206684
80.404_173.834_-0.372031
80.8227_173.566_-0.76473
81.1072_173.159_-1.15743
81.2141_172.674_-1.55013
81.1273_172.185_-1.94283
81.1273_172.185_-1.94283
81.0405_171.696_-1.55013
81.1474_171.21_-1.15743
81.3984_170.779_-0.930077
81.6931_170.375_-0.950745
81.9878_169.971_-0.930077
81.9878_169.971_-0.930077
82.2741_169.562_-0.992082
82.5519_169.146_-0.971414
82.8297_168.73_-0.992082
83.1075_168.314_-0.971414
83.3852_167.899_-0.992082
83.3852_167.899_-0.992082
83.6275_167.462_-1.13676
83.8331_167.006_-1.15743
84.0387_166.55_-1.13676
84.2442_166.094_-1.15743
84.4498_165.639_-1.13676
84.4498_165.639_-1.13676
84.5668_165.156_-1.52946
84.4901_164.665_-1.92216
84.2314_164.241_-2.31486
83.8301_163.948_-2.70756
83.3472_163.831_-3.10026
83.3472_163.831_-3.10026
83.3472_163.831_-2.70756
82.9459_163.538_-2.31486
82.6872_163.114_-1.92216
82.6105_162.623_-1.52946
82.7275_162.141_-1.13676
82.7275_162.141_-1.13676
83.0203_161.739_-0.744061
83.429_161.454_-0.475373
83.6951_161.242_-0.868072
83.6951_161.242_-0.868072
84.0839_160.933_-0.475373
84.0839_160.933_-0.475373
84.4728_160.624_-0.868072
84.7757_160.226_-0.971414
85.0535_159.811_-0.992082
85.3312_159.395_-0.971414
85.609_158.979_-0.992082
85.609_158.979_-0.992082
85.9275_158.595_-0.76473
86.2847_158.245_-0.785398
86.6346_157.888_-0.806067
86.9845_157.531_-0.785398
87.3416_157.181_-0.76473
87.3416_157.181_-0.76473
87.7385_156.879_-0.537378
88.1706_156.627_-0.516709
88.6028_156.376_-0.537378
88.9261_156.15_-0.682056
88.9261_156.15_-0.682056
88.948_156.135_-0.496041
88.948_156.135_-0.496041
89.3304_155.818_-0.88874
89.5623_155.379_-1.28144
89.629_154.885_-1.59146
89.6032_154.386_-1.65347
89.6506_153.97_-1.26077
89.6506_153.97_-1.26077
89.8916_153.536_-0.868072
90.2804_153.227_-0.475373
90.758_153.09_-0.0826735
91.2516_153.146_0.310026
91.7151_153.333_0.454704
91.7151_153.333_0.454704
92.1665_153.548_0.434036
92.6179_153.762_0.454704
93.0694_153.977_0.434036
93.5208_154.192_0.454704
93.9722_154.407_0.434036
93.9722_154.407_0.434036
94.4321_154.603_0.372031
94.896_154.79_0.392699
95.3599_154.976_0.372031
95.8238_155.163_0.392699
96.2876_155.35_0.372031
96.2876_155.35_0.372031
96.7515_155.536_0.392699
97.2154_155.723_0.372031
97.6793_155.909_0.392699
98.1432_156.096_0.372031
98.6071_156.282_0.392699
98.6071_156.282_0.392699
99.067_156.478_0.413367
99.5269_156.675_0.392699
99.9869_156.871_0.413367
100.447_157.067_0.392699
100.907_157.263_0.413367
100.907_157.263_0.413367
101.367_157.459_0.392699
101.831_157.646_0.372031
102.294_157.832_0.392699
102.758_158.019_0.372031
103.222_158.205_0.392699
103.222_158.205_0.392699
103.69_158.382_0.330694
104.161_158.549_0.351362
104.632_158.717_0.330694
105.103_158.884_0.351362
105.575_159.051_0.330694
105.575_159.051_0.330694
106.042_159.228_0.392699
106.506_159.414_0.372031
106.97_159.601_0.392699
107.434_159.788_0.372031
107.898_159.974_0.392699
107.898_159.974_0.392699
108.362_160.161_0.372031
108.825_160.347_0.392699
109.289_160.534_0.372031
109.753_160.72_0.392699
110.217_160.907_0.372031
110.217_160.907_0.372031
110.653_161.149_0.64072
111.057_161.443_0.620051
111.461_161.738_0.64072
111.865_162.033_0.620051
112.269_162.328_0.64072
112.269_162.328_0.64072
112.695_162.588_0.454704
113.146_162.803_0.434036
113.598_163.017_0.454704
114.049_163.232_0.434036
114.501_163.447_0.454704
114.501_163.447_0.454704
114.952_163.662_0.434036
115.408_163.868_0.413367
115.864_164.073_0.434036
116.319_164.279_0.413367
116.775_164.485_0.434036
116.775_164.485_0.434036
117.235_164.681_0.372031
117.703_164.858_0.351362
118.17_165.034_0.372031
118.638_165.211_0.351362
119.106_165.388_0.372031
119.106_165.388_0.372031
119.58_165.546_0.268689
120.061_165.683_0.289357
120.541_165.821_0.268689
121.022_165.959_0.289357
121.502_166.097_0.268689
121.502_166.097_0.268689
121.973_166.264_0.413367
122.429_166.469_0.434036
122.885_166.675_0.413367
123.341_166.88_0.434036
123.796_167.086_0.413367
123.796_167.086_0.413367
124.264_167.263_0.310026
124.738_167.42_0.330694
125.213_167.578_0.310026
125.688_167.735_0.330694
126.162_167.893_0.310026
126.162_167.893_0.310026
126.633_168.06_0.372031
127.101_168.237_0.351362
127.568_168.414_0.372031
128.036_168.591_0.351362
128.504_168.767_0.372031
128.504_168.767_0.372031
128.971_168.944_0.351362
129.439_169.121_0.372031
129.907_169.298_0.351362
130.374_169.475_0.372031
130.842_169.652_0.351362
130.842_169.652_0.351362
131.319_169.8_0.24802
131.803_169.927_0.268689
132.286_170.055_0.24802
132.77_170.183_0.268689
133.253_170.311_0.24802
133.253_170.311_0.24802
133.727_170.468_0.392699
134.191_170.654_0.372031
134.655_170.841_0.392699
135.119_171.028_0.372031
135.583_171.214_0.392699
135.583_171.214_0.392699
136.019_171.456_0.620051
136.423_171.751_0.64072
136.827_172.046_0.620051
137.231_172.34_0.64072
137.635_172.635_0.620051
137.635_172.635_0.620051
138.087_172.839_0.227352
138.58_172.927_0.12401
139.075_172.994_0.144679
139.571_173.061_0.12401
140.066_173.128_0.144679
140.066_173.128_0.144679
140.545_173.265_0.413367
141.005_173.461_0.392699
141.469_173.647_0.372031
141.933_173.834_0.392699
142.397_174.021_0.372031
142.397_174.021_0.372031
142.861_174.207_0.392699
143.321_174.403_0.413367
143.781_174.599_0.392699
144.244_174.786_0.372031
144.708_174.972_0.392699
144.708_174.972_0.392699
145.168_175.169_0.413367
145.628_175.365_0.392699
146.092_175.551_0.372031
146.556_175.738_0.392699
147.016_175.934_0.413367
147.016_175.934_0.413367
