configuration 176.556686401_134.7056427_-0.977472527886_0.211062685542_59.5791053772_36.8438796997_0.982426073578_-0.18665210943
length 188.647
time 4.36836
roughness 0.000307545
176.557_134.706_-2.71627
176.095_134.514_-2.77827
175.63_134.331_-2.75761
175.164_134.149_-2.77827
174.699_133.966_-2.75761
174.233_133.784_-2.77827
174.233_133.784_-2.77827
173.806_133.528_-2.42691
173.425_133.204_-2.44758
173.044_132.881_-2.42691
172.663_132.557_-2.44758
172.282_132.233_-2.42691
172.282_132.233_-2.42691
171.865_131.96_-2.6956
171.417_131.74_-2.67493
170.968_131.519_-2.6956
170.519_131.299_-2.67493
170.07_131.079_-2.6956
170.07_131.079_-2.6956
169.631_130.84_-2.59226
169.202_130.583_-2.61293
168.773_130.327_-2.59226
168.344_130.07_-2.61293
167.914_129.813_-2.59226
167.914_129.813_-2.59226
167.521_129.506_-2.36491
167.168_129.152_-2.34424
166.815_128.798_-2.36491
166.462_128.444_-2.34424
166.109_128.09_-2.36491
166.109_128.09_-2.36491
165.71_127.791_-2.6336
165.276_127.544_-2.61293
164.847_127.287_-2.59226
164.418_127.03_-2.61293
163.989_126.774_-2.59226
163.989_126.774_-2.59226
163.525_126.592_-2.94362
163.036_126.489_-2.92295
162.547_126.385_-2.94362
162.058_126.282_-2.92295
161.569_126.178_-2.94362
161.569_126.178_-2.94362
161.097_126.016_-2.67493
160.649_125.796_-2.6956
160.2_125.575_-2.67493
159.751_125.355_-2.6956
159.302_125.135_-2.67493
159.302_125.135_-2.67493
158.849_124.924_-2.73694
158.387_124.731_-2.75761
157.926_124.539_-2.73694
157.468_124.338_-2.71627
157.011_124.136_-2.73694
157.011_124.136_-2.73694
156.549_123.944_-2.75761
156.083_123.762_-2.77827
155.618_123.579_-2.75761
155.153_123.397_-2.77827
154.687_123.214_-2.75761
154.687_123.214_-2.75761
154.234_123.003_-2.65426
153.795_122.765_-2.6336
153.355_122.526_-2.65426
152.916_122.287_-2.6336
152.477_122.048_-2.65426
152.477_122.048_-2.65426
152.009_121.876_-2.92295
151.522_121.763_-2.90228
151.037_121.639_-2.88162
150.553_121.516_-2.90228
150.068_121.392_-2.88162
150.068_121.392_-2.88162
149.622_121.173_-2.48892
149.278_120.813_-2.17889
148.988_120.406_-2.19956
148.69_120.005_-2.22023
148.392_119.603_-2.19956
148.392_119.603_-2.19956
148.027_119.266_-2.59226
147.561_119.094_-2.98496
147.064_119.114_-3.37766
146.613_119.322_-3.77036
146.253_119.667_-4.03904
146.253_119.667_-4.03904
145.893_119.971_-3.64635
145.42_120.121_-3.25365
144.925_120.079_-2.86095
144.484_119.851_-2.46825
144.163_119.472_-2.07555
144.163_119.472_-2.07555
143.843_119.092_-2.46825
143.401_118.864_-2.86095
142.906_118.822_-3.25365
142.433_118.973_-3.64635
142.053_119.294_-4.03904
142.053_119.294_-4.03904
141.674_119.614_-3.64635
141.2_119.765_-3.25365
140.705_119.723_-2.86095
140.245_119.531_-2.6336
139.805_119.293_-2.65426
139.805_119.293_-2.65426
139.42_118.979_-2.26156
139.106_118.59_-2.2409
138.799_118.195_-2.22023
138.493_117.8_-2.2409
138.186_117.405_-2.22023
138.186_117.405_-2.22023
137.864_117.023_-2.32357
137.526_116.655_-2.3029
137.188_116.286_-2.32357
136.85_115.918_-2.3029
136.512_115.549_-2.32357
136.512_115.549_-2.32357
136.114_115.251_-2.67493
135.669_115.022_-2.65426
135.225_114.792_-2.67493
134.781_114.563_-2.65426
134.337_114.333_-2.67493
134.337_114.333_-2.67493
133.884_114.122_-2.73694
133.426_113.921_-2.71627
132.968_113.719_-2.73694
132.511_113.517_-2.71627
132.058_113.306_-2.6956
132.058_113.306_-2.6956
131.6_113.105_-2.75761
131.135_112.922_-2.77827
130.669_112.74_-2.75761
130.204_112.557_-2.77827
129.738_112.375_-2.75761
129.738_112.375_-2.75761
129.255_112.252_-3.02629
128.758_112.199_-3.04696
128.261_112.147_-3.02629
127.763_112.095_-3.04696
127.266_112.042_-3.02629
127.266_112.042_-3.02629
126.793_111.89_-2.6336
126.359_111.642_-2.61293
125.93_111.386_-2.59226
125.501_111.129_-2.61293
125.072_110.872_-2.59226
125.072_110.872_-2.59226
124.643_110.616_-2.61293
124.213_110.359_-2.59226
123.784_110.102_-2.61293
123.355_109.846_-2.59226
122.926_109.589_-2.61293
122.926_109.589_-2.61293
122.487_109.35_-2.67493
122.038_109.13_-2.6956
121.589_108.91_-2.67493
121.14_108.689_-2.6956
120.692_108.469_-2.67493
120.692_108.469_-2.67493
120.213_108.337_-3.06763
119.714_108.346_-3.25365
119.216_108.397_-3.23298
118.719_108.448_-3.25365
118.221_108.498_-3.23298
118.221_108.498_-3.23298
117.727_108.446_-2.84028
117.291_108.209_-2.44758
116.978_107.823_-2.05488
116.769_107.369_-1.95154
116.578_106.907_-1.97221
116.578_106.907_-1.97221
116.299_106.496_-2.36491
115.883_106.224_-2.75761
115.402_106.091_-2.98496
114.908_106.018_-3.00563
114.412_105.955_-3.02629
114.412_105.955_-3.02629
113.932_105.822_-2.71627
113.474_105.621_-2.73694
113.013_105.428_-2.75761
112.551_105.236_-2.73694
112.093_105.035_-2.71627
112.093_105.035_-2.71627
111.69_104.745_-2.32357
111.427_104.324_-1.93087
111.275_103.847_-1.82753
111.144_103.365_-1.8482
111.002_102.886_-1.86887
111.002_102.886_-1.86887
110.951_102.391_-1.47617
111.074_101.909_-1.16614
111.266_101.447_-1.18681
111.458_100.986_-1.16614
111.65_100.524_-1.18681
111.65_100.524_-1.18681
111.804_100.049_-1.33149
111.927_99.5641_-1.31082
112.051_99.0796_-1.33149
112.174_98.5951_-1.31082
112.298_98.1106_-1.33149
112.298_98.1106_-1.33149
112.319_97.6143_-1.72419
112.158_97.1435_-2.07555
111.921_96.7034_-2.05488
111.684_96.2633_-2.07555
111.447_95.8232_-2.05488
111.447_95.8232_-2.05488
111.306_95.3468_-1.66218
111.358_94.8528_-1.26948
111.54_94.3877_-1.1248
111.76_93.9388_-1.10414
111.981_93.49_-1.1248
111.981_93.49_-1.1248
112.124_93.0129_-1.43483
112.196_92.5183_-1.41416
112.269_92.0236_-1.43483
112.342_91.529_-1.41416
112.415_91.0343_-1.43483
112.415_91.0343_-1.43483
112.558_90.5573_-1.1248
112.769_90.104_-1.14547
112.971_89.6464_-1.16614
113.172_89.1889_-1.14547
113.374_88.7313_-1.16614
113.374_88.7313_-1.16614
113.487_88.2469_-1.5175
113.518_87.7479_-1.49683
113.55_87.2489_-1.5175
113.582_86.7499_-1.49683
113.614_86.251_-1.5175
113.614_86.251_-1.5175
113.656_85.7528_-1.4555
113.708_85.2556_-1.47617
113.761_84.7583_-1.4555
113.813_84.2611_-1.47617
113.865_83.7639_-1.4555
113.865_83.7639_-1.4555
114.018_83.291_-1.0628
114.308_82.8854_-0.835447
114.64_82.5112_-0.856115
114.964_82.1302_-0.876783
115.287_81.7492_-0.856115
115.287_81.7492_-0.856115
115.648_81.4041_-0.6701
116.037_81.0895_-0.690768
116.419_80.767_-0.711436
116.801_80.4445_-0.690768
117.19_80.1299_-0.6701
117.19_80.1299_-0.6701
117.511_79.7513_-1.0628
117.664_79.2785_-1.4555
117.726_78.7824_-1.43483
117.789_78.2864_-1.4555
117.852_77.7903_-1.43483
117.852_77.7903_-1.43483
117.883_77.2918_-1.57951
117.884_76.7918_-1.55884
117.885_76.2918_-1.57951
117.886_75.7918_-1.55884
117.887_75.2918_-1.57951
117.887_75.2918_-1.57951
117.979_74.8037_-1.18681
118.252_74.3883_-0.79411
118.662_74.1087_-0.401411
118.749_74.0498_-0.79411
118.749_74.0498_-0.856115
118.749_74.0498_-0.856115
119.141_73.7453_-0.463416
119.621_73.6142_-0.0707169
120.113_73.6765_0.321982
120.556_73.9051_0.632008
120.722_73.9823_0.239309
120.722_73.9823_0.239309
121.218_74.0037_-0.15339
121.685_73.8334_-0.546089
122.051_73.4976_-0.938789
122.26_73.0472_-1.33149
122.364_72.5581_-1.39349
122.364_72.5581_-1.39349
122.354_72.0614_-1.78619
122.165_71.6015_-2.13755
121.901_71.1769_-2.11689
121.645_70.747_-2.09622
121.39_70.3171_-2.11689
121.39_70.3171_-2.11689
121.172_69.8681_-1.93087
120.991_69.4021_-1.95154
120.81_68.936_-1.93087
120.638_68.4663_-1.9102
120.638_68.4663_-1.9102
120.547_67.9767_-1.60018
120.538_67.4768_-1.57951
120.528_66.9769_-1.60018
120.508_66.4773_-1.62084
120.488_65.9777_-1.60018
120.488_65.9777_-1.60018
120.377_65.4935_-1.99288
120.089_65.0887_-2.38557
119.673_64.816_-2.73694
119.216_64.6144_-2.71627
118.762_64.4034_-2.6956
118.762_64.4034_-2.6956
118.313_64.1831_-2.67493
117.865_63.9628_-2.6956
117.416_63.7424_-2.67493
116.967_63.5221_-2.6956
116.518_63.3018_-2.67493
116.518_63.3018_-2.67493
116.065_63.0908_-2.73694
115.607_62.8892_-2.71627
115.15_62.6876_-2.73694
114.692_62.4861_-2.71627
114.235_62.2845_-2.73694
114.235_62.2845_-2.73694
113.773_62.0924_-2.75761
113.311_61.9003_-2.73694
112.85_61.7082_-2.75761
112.388_61.5161_-2.73694
111.927_61.324_-2.75761
111.927_61.324_-2.75761
111.461_61.1415_-2.77827
110.992_60.9687_-2.79894
110.523_60.7958_-2.77827
110.054_60.623_-2.79894
109.584_60.4501_-2.77827
109.584_60.4501_-2.77827
109.127_60.2486_-2.67493
108.678_60.0283_-2.6956
108.225_59.8173_-2.71627
107.772_59.6063_-2.6956
107.318_59.3953_-2.71627
107.318_59.3953_-2.71627
106.85_59.2226_-2.86095
106.371_59.0792_-2.84028
105.892_58.9357_-2.86095
105.413_58.7923_-2.84028
104.934_58.6489_-2.86095
104.934_58.6489_-2.86095
104.469_58.4666_-2.67493
104.02_58.2463_-2.6956
103.567_58.0353_-2.71627
103.113_57.8243_-2.6956
102.66_57.6133_-2.71627
102.66_57.6133_-2.71627
102.203_57.4117_-2.73694
101.745_57.2101_-2.71627
101.288_57.0085_-2.73694
100.83_56.8069_-2.71627
100.372_56.6053_-2.73694
100.372_56.6053_-2.73694
99.9192_56.3944_-2.67493
99.475_56.1648_-2.65426
99.0309_55.9353_-2.67493
98.5867_55.7057_-2.65426
98.1425_55.4762_-2.67493
98.1425_55.4762_-2.67493
97.6937_55.2558_-2.6956
97.2448_55.0355_-2.67493
96.796_54.8152_-2.6956
96.3472_54.5949_-2.67493
95.8983_54.3746_-2.6956
95.8983_54.3746_-2.6956
95.4495_54.1542_-2.67493
95.0007_53.9339_-2.6956
94.5519_53.7136_-2.67493
94.103_53.4933_-2.6956
93.6542_53.2729_-2.67493
93.6542_53.2729_-2.67493
93.2201_53.0253_-2.57159
92.7964_52.7599_-2.59226
92.3673_52.5033_-2.61293
91.9381_52.2466_-2.59226
91.509_51.99_-2.61293
91.509_51.99_-2.61293
91.0651_51.7605_-2.71627
90.6118_51.5495_-2.6956
90.1585_51.3385_-2.71627
89.7052_51.1275_-2.6956
89.2519_50.9165_-2.71627
89.2519_50.9165_-2.71627
88.7986_50.7055_-2.6956
88.3498_50.4852_-2.67493
87.901_50.2649_-2.6956
87.4521_50.0446_-2.67493
87.0033_49.8242_-2.6956
87.0033_49.8242_-2.6956
86.5219_49.7015_-3.0883
86.0239_49.7316_-3.31565
85.5324_49.8233_-3.33632
85.2448_49.8228_-2.94362
85.2448_49.8228_-2.94362
84.7775_49.6507_-2.6336
84.3381_49.412_-2.65426
83.8988_49.1733_-2.6336
83.4594_48.9346_-2.65426
83.0201_48.6959_-2.6336
83.0201_48.6959_-2.6336
82.576_48.4664_-2.6956
82.1271_48.2461_-2.67493
81.683_48.0165_-2.65426
81.2388_47.787_-2.67493
80.7946_47.5574_-2.65426
80.7946_47.5574_-2.65426
80.3504_47.3279_-2.67493
79.9062_47.0983_-2.65426
79.462_46.8688_-2.67493
79.0179_46.6392_-2.65426
78.5737_46.4097_-2.67493
78.5737_46.4097_-2.67493
78.1295_46.1801_-2.65426
77.6902_45.9414_-2.6336
77.2508_45.7028_-2.65426
76.8115_45.4641_-2.6336
76.3721_45.2254_-2.65426
76.3721_45.2254_-2.65426
75.928_44.9958_-2.67493
75.4791_44.7755_-2.6956
75.0303_44.5552_-2.67493
74.5815_44.3349_-2.6956
74.1326_44.1146_-2.67493
74.1326_44.1146_-2.67493
73.6884_43.885_-2.65426
73.2491_43.6463_-2.6336
72.8098_43.4076_-2.65426
72.3704_43.169_-2.6336
71.9311_42.9303_-2.65426
71.9311_42.9303_-2.65426
71.4666_42.7482_-2.88162
70.9821_42.6246_-2.90228
70.9821_42.6246_-2.90228
70.5139_42.4521_-2.67493
70.0697_42.2226_-2.65426
69.6256_41.993_-2.67493
69.1814_41.7635_-2.65426
68.7372_41.5339_-2.67493
68.7372_41.5339_-2.67493
68.293_41.3044_-2.65426
67.8488_41.0748_-2.67493
67.4047_40.8453_-2.65426
66.9605_40.6157_-2.67493
66.5163_40.3862_-2.65426
66.5163_40.3862_-2.65426
66.0632_40.1753_-2.75761
65.5977_39.9928_-2.77827
65.1322_39.8103_-2.75761
64.6667_39.6278_-2.77827
64.2012_39.4452_-2.75761
64.2012_39.4452_-2.75761
63.7528_39.2251_-2.61293
63.3185_38.9774_-2.6336
62.8842_38.7297_-2.61293
62.4498_38.482_-2.6336
62.0155_38.2343_-2.61293
62.0155_38.2343_-2.61293
61.5812_37.9866_-2.6336
61.1469_37.7388_-2.61293
60.7126_37.4911_-2.6336
60.2783_37.2434_-2.61293
59.8439_36.9957_-2.6336
59.8439_36.9957_-2.6336
59.5665_36.845_-2.65426
59.5665_36.845_-2.65426
