configuration 133.385482788_115.927223206_-0.986328190641_0.164792901387_34.5528411865_13.6445770264_-0.541385985877_0.840774175564
length 183.433
time 2.96396
roughness 0.000345298
133.385_115.927_-2.8105
132.956_115.677_-2.4178
132.655_115.282_-2.0251
132.459_114.822_-1.92176
132.292_114.351_-1.90109
132.125_113.88_-1.92176
132.125_113.88_-1.92176
131.867_113.455_-2.31446
131.466_113.162_-2.70715
130.983_113.045_-3.09985
130.483_113.029_-3.12052
129.983_113.014_-3.09985
129.983_113.014_-3.09985
129.501_112.897_-2.70715
129.099_112.604_-2.31446
128.765_112.232_-2.29379
128.438_111.854_-2.27312
128.111_111.475_-2.29379
128.111_111.475_-2.29379
127.716_111.174_-2.68649
127.256_110.978_-2.78983
126.789_110.801_-2.76916
126.321_110.624_-2.78983
125.854_110.447_-2.76916
125.854_110.447_-2.76916
125.39_110.26_-2.74849
124.93_110.064_-2.72782
124.47_109.867_-2.74849
124.01_109.671_-2.72782
123.55_109.475_-2.74849
123.55_109.475_-2.74849
123.063_109.378_-3.14119
122.573_109.464_-3.49255
122.102_109.631_-3.47188
121.627_109.789_-3.45122
121.153_109.946_-3.47188
121.153_109.946_-3.47188
120.66_110.012_-3.07919
120.18_109.885_-2.68649
119.785_109.584_-2.29379
119.458_109.206_-2.27312
119.139_108.821_-2.25245
119.139_108.821_-2.25245
118.812_108.442_-2.31446
118.478_108.071_-2.29379
118.143_107.7_-2.31446
117.808_107.328_-2.29379
117.474_106.957_-2.31446
117.474_106.957_-2.31446
117.072_106.664_-2.70715
116.59_106.546_-3.09985
116.09_106.562_-3.24453
115.595_106.628_-3.30654
115.124_106.682_-3.2032
115.124_106.682_-3.2032
114.632_106.615_-2.8105
114.203_106.365_-2.4178
113.853_106.008_-2.27312
113.527_105.63_-2.29379
113.2_105.252_-2.27312
113.2_105.252_-2.27312
112.85_104.895_-2.4178
112.737_104.829_-2.8105
112.737_104.829_-2.8105
112.308_104.579_-2.4178
111.99_104.195_-2.10777
111.73_103.768_-2.12844
111.47_103.341_-2.10777
111.21_102.914_-2.12844
111.21_102.914_-2.12844
110.958_102.482_-2.06644
110.716_102.045_-2.0871
110.465_101.613_-2.10777
110.213_101.18_-2.0871
109.962_100.748_-2.10777
109.962_100.748_-2.10777
109.796_100.28_-1.71507
109.822_99.7838_-1.32237
109.95_99.3004_-1.30171
110.078_98.8171_-1.32237
110.206_98.3337_-1.30171
110.206_98.3337_-1.30171
110.373_97.863_-1.15703
110.569_97.4031_-1.1777
110.756_96.9393_-1.19836
110.943_96.4755_-1.1777
111.13_96.0117_-1.19836
111.13_96.0117_-1.19836
111.217_95.5226_-1.59106
111.11_95.0374_-1.98376
110.834_94.6237_-2.33512
110.491_94.2592_-2.31446
110.157_93.8878_-2.29379
110.157_93.8878_-2.29379
109.907_93.4583_-1.90109
109.841_92.9659_-1.50839
109.958_92.4825_-1.15703
110.154_92.0227_-1.1777
110.351_91.5628_-1.15703
110.351_91.5628_-1.15703
110.635_91.1557_-0.764328
111.054_90.8884_-0.371629
111.531_90.7412_-0.22695
112.02_90.6337_-0.206282
112.508_90.5262_-0.22695
112.508_90.5262_-0.22695
112.961_90.3222_-0.619649
113.301_89.9603_-1.01235
113.525_89.5141_-1.19836
113.702_89.0466_-1.21903
113.88_88.579_-1.19836
113.88_88.579_-1.19836
114.047_88.1079_-1.26037
114.205_87.6334_-1.2397
114.362_87.1589_-1.26037
114.52_86.6845_-1.2397
114.678_86.21_-1.26037
114.678_86.21_-1.26037
114.874_85.7508_-1.07435
115.107_85.3087_-1.09502
115.341_84.8666_-1.07435
115.574_84.4246_-1.09502
115.808_83.9825_-1.07435
115.808_83.9825_-1.07435
115.955_83.5079_-1.46705
115.929_83.0105_-1.77708
115.832_82.5201_-1.75641
115.735_82.0297_-1.77708
115.627_81.5414_-1.79775
115.627_81.5414_-1.79775
115.612_81.0448_-1.40505
115.699_80.5526_-1.38438
115.787_80.0603_-1.40505
115.875_79.5681_-1.38438
115.962_79.0758_-1.40505
115.962_79.0758_-1.40505
116.138_78.6112_-1.01235
116.449_78.2208_-0.784996
116.799_77.8638_-0.805664
117.149_77.5067_-0.784996
117.499_77.1497_-0.805664
117.499_77.1497_-0.805664
117.767_76.7311_-1.19836
117.874_76.2448_-1.50839
117.9_75.7455_-1.52906
117.926_75.2462_-1.50839
117.952_74.7469_-1.52906
117.952_74.7469_-1.52906
118.059_74.2612_-1.1777
118.246_73.7974_-1.19836
118.433_73.3336_-1.1777
118.62_72.8697_-1.19836
118.806_72.4059_-1.1777
118.806_72.4059_-1.1777
118.993_71.9421_-1.19836
119.18_71.4783_-1.1777
119.366_71.0145_-1.19836
119.553_70.5507_-1.1777
119.74_70.0869_-1.19836
119.74_70.0869_-1.19836
119.964_69.6407_-1.01235
120.233_69.2194_-0.99168
120.311_69.0254_-1.38438
120.311_69.0254_-1.38438
120.438_68.7101_-0.99168
120.786_68.3553_-0.598981
121.243_68.1607_-0.206282
121.74_68.1557_0.186417
122.128_68.312_0.579117
122.128_68.312_0.579117
122.128_68.312_0.186417
122.128_68.312_-0.206282
122.345_68.2198_-0.598981
122.692_67.865_-0.99168
122.878_67.4042_-1.38438
122.878_67.4042_-1.38438
122.878_67.4042_-1.6944
122.878_67.4042_-1.6944
122.722_66.9326_-2.0871
122.412_66.5427_-2.39713
122.048_66.2001_-2.37646
121.691_65.8501_-2.35579
121.334_65.5001_-2.37646
121.334_65.5001_-2.37646
120.92_65.2235_-2.72782
120.464_65.0178_-2.70715
120.013_64.8027_-2.68649
119.562_64.5875_-2.70715
119.11_64.3724_-2.68649
119.11_64.3724_-2.68649
118.673_64.1299_-2.58314
118.247_63.8693_-2.60381
117.82_63.6088_-2.58314
117.393_63.3482_-2.60381
116.966_63.0877_-2.58314
116.966_63.0877_-2.58314
116.516_62.8731_-2.8105
116.045_62.7056_-2.78983
115.577_62.5285_-2.76916
115.11_62.3514_-2.78983
114.642_62.1743_-2.76916
114.642_62.1743_-2.76916
114.187_61.9686_-2.66582
113.745_61.735_-2.64515
113.303_61.5014_-2.66582
112.861_61.2679_-2.64515
112.418_61.0343_-2.66582
112.418_61.0343_-2.66582
111.967_60.8192_-2.72782
111.512_60.6134_-2.70715
111.056_60.4077_-2.72782
110.6_60.2019_-2.70715
110.144_59.9962_-2.72782
110.144_59.9962_-2.72782
109.685_59.7999_-2.74849
109.225_59.6036_-2.72782
108.765_59.4073_-2.74849
108.305_59.211_-2.72782
107.845_59.0147_-2.74849
107.845_59.0147_-2.74849
107.381_58.828_-2.76916
106.918_58.6413_-2.74849
106.454_58.4545_-2.76916
105.99_58.2678_-2.74849
105.526_58.081_-2.76916
105.526_58.081_-2.76916
105.066_57.8848_-2.70715
104.615_57.6697_-2.68649
104.164_57.4545_-2.70715
103.712_57.2394_-2.68649
103.261_57.0243_-2.70715
103.261_57.0243_-2.70715
102.814_56.7999_-2.64515
102.372_56.5663_-2.66582
101.93_56.3327_-2.64515
101.488_56.0992_-2.66582
101.046_55.8656_-2.64515
101.046_55.8656_-2.64515
100.595_55.6505_-2.74849
100.135_55.4542_-2.72782
99.6751_55.258_-2.74849
99.2152_55.0617_-2.72782
98.7554_54.8654_-2.74849
98.7554_54.8654_-2.74849
98.3042_54.6504_-2.64515
97.8621_54.4168_-2.66582
97.4201_54.1832_-2.64515
96.978_53.9496_-2.66582
96.5359_53.716_-2.64515
96.5359_53.716_-2.64515
96.1094_53.4556_-2.54181
95.6938_53.1776_-2.56248
95.2725_52.9083_-2.58314
94.8512_52.639_-2.56248
94.4299_52.3697_-2.58314
94.4299_52.3697_-2.58314
93.993_52.1272_-2.68649
93.5462_51.9027_-2.66582
93.0994_51.6783_-2.68649
92.6526_51.4539_-2.66582
92.2058_51.2295_-2.68649
92.2058_51.2295_-2.68649
91.7423_51.043_-2.83116
91.2679_50.8853_-2.8105
90.7934_50.7277_-2.83116
90.3189_50.57_-2.8105
89.8444_50.4124_-2.83116
89.8444_50.4124_-2.83116
89.3994_50.1889_-2.52114
88.9896_49.9024_-2.54181
88.574_49.6245_-2.56248
88.1584_49.3465_-2.54181
87.7427_49.0686_-2.56248
87.7427_49.0686_-2.56248
87.306_48.8261_-2.70715
86.8503_48.6203_-2.72782
86.3946_48.4146_-2.70715
85.9389_48.2088_-2.72782
85.4832_48.0031_-2.70715
85.4832_48.0031_-2.70715
85.016_47.8261_-2.85183
84.5384_47.6783_-2.83116
84.0607_47.5305_-2.85183
83.5831_47.3827_-2.83116
83.1054_47.2349_-2.85183
83.1054_47.2349_-2.85183
82.6559_47.0207_-2.54181
82.2403_46.7427_-2.56248
81.8246_46.4648_-2.54181
81.409_46.1868_-2.56248
80.9934_45.9089_-2.54181
80.9934_45.9089_-2.54181
80.5523_45.6758_-2.76916
80.0885_45.489_-2.74849
79.6286_45.2927_-2.72782
79.1688_45.0965_-2.74849
78.7089_44.9002_-2.72782
78.7089_44.9002_-2.72782
78.2724_44.6578_-2.54181
77.8626_44.3714_-2.52114
77.4528_44.0849_-2.54181
77.043_43.7984_-2.52114
76.6333_43.5119_-2.54181
76.6333_43.5119_-2.54181
76.1921_43.2788_-2.76916
75.7283_43.0921_-2.74849
75.2685_42.8958_-2.72782
74.8086_42.6995_-2.74849
74.3488_42.5032_-2.72782
74.3488_42.5032_-2.72782
73.8931_42.2975_-2.70715
73.4417_42.0824_-2.68649
72.9904_41.8672_-2.70715
72.539_41.6521_-2.68649
72.0877_41.437_-2.70715
72.0877_41.437_-2.70715
71.632_41.2313_-2.72782
71.1722_41.035_-2.74849
70.7123_40.8387_-2.72782
70.2524_40.6424_-2.74849
69.7926_40.4461_-2.72782
69.7926_40.4461_-2.72782
69.3615_40.195_-2.50047
68.9577_39.9001_-2.52114
68.5539_39.6052_-2.50047
68.1502_39.3103_-2.52114
67.7464_39.0154_-2.50047
67.7464_39.0154_-2.50047
67.2979_38.8017_-2.89317
66.8047_38.7244_-3.07919
66.3053_38.6984_-3.09985
65.806_38.6724_-3.07919
65.3067_38.6463_-3.09985
65.3067_38.6463_-3.09985
64.8239_38.5292_-2.70715
64.4039_38.2607_-2.43847
64.0192_37.9413_-2.45913
63.6345_37.622_-2.43847
63.2498_37.3027_-2.45913
63.2498_37.3027_-2.45913
62.8105_37.0706_-2.85183
62.3329_36.9228_-2.83116
61.8584_36.7651_-2.8105
61.3839_36.6075_-2.83116
60.9094_36.4498_-2.8105
60.9094_36.4498_-2.8105
60.4242_36.3321_-2.99651
59.9302_36.2547_-2.97584
59.4363_36.1773_-2.99651
59.0703_36.1354_-3.05852
59.0703_36.1354_-3.05852
58.5928_35.9984_-2.66582
58.1507_35.7648_-2.64515
57.7086_35.5312_-2.66582
57.2666_35.2976_-2.64515
56.8245_35.064_-2.66582
56.8245_35.064_-2.66582
56.3777_34.8396_-2.68649
55.9309_34.6152_-2.66582
55.4841_34.3908_-2.68649
55.0373_34.1664_-2.66582
54.5905_33.942_-2.68649
54.5905_33.942_-2.68649
54.1701_33.6732_-2.45913
53.7789_33.3619_-2.4798
53.3876_33.0506_-2.45913
52.9964_32.7393_-2.4798
52.6051_32.428_-2.45913
52.6051_32.428_-2.45913
52.1702_32.1865_-2.8105
51.6991_32.0191_-2.78983
51.228_31.8517_-2.8105
50.7568_31.6843_-2.78983
50.2857_31.5169_-2.8105
50.2857_31.5169_-2.8105
49.8146_31.3495_-2.78983
49.3434_31.182_-2.8105
48.8723_31.0146_-2.78983
48.4012_30.8472_-2.8105
47.93_30.6798_-2.78983
47.93_30.6798_-2.78983
47.4663_30.4931_-2.72782
47.0065_30.2968_-2.74849
46.5466_30.1005_-2.72782
46.0868_29.9042_-2.74849
45.6269_29.7079_-2.72782
45.6269_29.7079_-2.72782
45.1803_29.4836_-2.62448
44.7482_29.232_-2.60381
44.3162_28.9803_-2.62448
43.8842_28.7287_-2.60381
43.4521_28.477_-2.62448
43.4521_28.477_-2.62448
43.0012_28.2621_-2.76916
42.5374_28.0753_-2.74849
42.0775_27.879_-2.72782
41.6177_27.6827_-2.74849
41.1578_27.4865_-2.72782
41.1578_27.4865_-2.72782
40.6812_27.339_-2.95518
40.1889_27.2514_-2.97584
39.6967_27.1638_-2.95518
39.2044_27.0762_-2.97584
38.7121_26.9886_-2.95518
38.7121_26.9886_-2.95518
38.2199_26.901_-2.97584
37.7259_26.8236_-2.99651
37.2319_26.7463_-2.97584
36.738_26.6689_-2.99651
36.2425_26.6017_-3.01718
36.2425_26.6017_-3.01718
35.9549_26.5687_-3.03785
35.9549_26.5687_-3.03785
35.4803_26.4219_-2.64515
35.0981_26.1046_-2.25245
34.7791_25.7196_-2.27312
34.4521_25.3413_-2.29379
34.1252_24.963_-2.27312
34.1252_24.963_-2.27312
33.7365_24.6537_-2.66582
33.2897_24.4293_-2.68649
32.8429_24.2049_-2.66582
32.3961_23.9805_-2.68649
31.9493_23.756_-2.66582
31.9493_23.756_-2.66582
31.5605_23.4467_-2.27312
31.3197_23.0122_-1.88042
31.2636_22.5186_-1.48772
31.381_22.0346_-1.1777
31.5678_21.5708_-1.19836
31.5678_21.5708_-1.19836
31.7449_21.1032_-1.21903
31.922_20.6357_-1.19836
32.0991_20.1681_-1.21903
32.2762_19.7005_-1.19836
32.4534_19.233_-1.21903
32.4534_19.233_-1.21903
32.6305_18.7654_-1.19836
32.8172_18.3016_-1.1777
33.004_17.8378_-1.19836
33.1907_17.374_-1.1777
33.387_16.9141_-1.15703
33.387_16.9141_-1.15703
33.4942_16.429_-1.54973
33.4075_15.9398_-1.94242
33.3437_15.5794_-1.54973
33.3437_15.5794_-1.54973
33.4508_15.0943_-1.15703
33.7106_14.6688_-0.888338
34.0299_14.2841_-0.86767
34.3493_13.8994_-0.888338
34.5354_13.6445_-0.99168
34.5354_13.6445_-0.99168
