configuration 161.70602417_-18.2518405914_0.169978369946_0.985447793519_193.750076294_109.599342346_0.85380148664_0.520598714377
length 179.401
time 2.83001
roughness 0.000279499
161.706_-18.2518_0.341615
162.133_-17.9973_0.734315
162.429_-17.5989_1.12701
162.591_-17.1269_1.35437
162.704_-16.6397_1.3337
162.816_-16.1525_1.35437
162.816_-16.1525_0.961667
163.136_-15.8446_0.568968
163.599_-15.6637_0.176268
164.096_-15.6737_-0.216431
164.551_-15.873_-0.60913
165.006_-16.0723_-0.216431
165.503_-16.0822_0.176268
165.981_-15.9396_0.403621
166.443_-15.748_0.382952
166.904_-15.5564_0.403621
167.358_-15.3459_0.465626
167.802_-15.1168_0.486294
168.247_-14.8877_0.465626
168.691_-14.6586_0.486294
169.136_-14.4295_0.465626
169.589_-14.219_0.403621
170.051_-14.0274_0.382952
170.513_-13.8358_0.403621
170.974_-13.6442_0.382952
171.436_-13.4526_0.403621
171.912_-13.3_0.217605
172.399_-13.187_0.238274
172.883_-13.0639_0.258942
173.368_-12.9409_0.238274
173.853_-12.8179_0.258942
174.299_-12.5994_0.651641
174.699_-12.3003_0.630973
175.1_-12.0012_0.651641
175.501_-11.7021_0.630973
175.901_-11.403_0.651641
176.348_-11.1845_0.258942
176.835_-11.0716_0.196937
177.324_-10.9687_0.217605
177.813_-10.8658_0.196937
178.302_-10.7629_0.217605
178.781_-10.6201_0.362284
179.25_-10.4477_0.341615
179.72_-10.2753_0.362284
180.189_-10.103_0.341615
180.658_-9.93061_0.362284
181.116_-9.72959_0.465626
181.565_-9.50973_0.444957
182.014_-9.28987_0.465626
182.463_-9.07001_0.444957
182.912_-8.85015_0.465626
183.304_-8.54479_0.858325
183.549_-8.11271_1.25102
183.61_-7.61969_1.64372
183.569_-7.12143_1.66439
183.527_-6.62317_1.64372
183.588_-6.13016_1.25102
183.834_-5.69808_0.858325
184.226_-5.39271_0.465626
184.697_-5.23057_0.196937
185.186_-5.12768_0.217605
185.671_-5.00467_0.27961
186.153_-4.87166_0.258942
186.637_-4.74863_0.238274
187.122_-4.62561_0.258942
187.604_-4.49259_0.27961
188.086_-4.35958_0.258942
188.571_-4.23655_0.238274
189.055_-4.11353_0.258942
189.54_-3.9905_0.238274
190.024_-3.86748_0.258942
190.511_-3.75451_0.196937
191.003_-3.66175_0.176268
191.494_-3.56899_0.196937
191.985_-3.47623_0.176268
192.477_-3.38347_0.196937
192.935_-3.19309_0.589636
193.287_-2.8416_0.982335
193.476_-2.38251_1.37503
193.476_-1.88571_1.76773
193.373_-1.39643_1.7884
193.321_-0.900193_1.56105
193.321_-0.400202_1.58172
193.321_0.0997888_1.56105
193.321_0.59978_1.58172
193.32_1.09977_1.56105
193.33_1.59966_1.54038
193.34_2.09955_1.56105
193.35_2.59944_1.54038
193.36_3.09933_1.56105
193.37_3.59922_1.54038
193.288_4.08919_1.93308
193.106_4.55487_1.95375
192.924_5.02055_1.93308
192.742_5.48623_1.95375
192.56_5.95191_1.93308
192.378_6.41759_1.95375
192.187_6.87941_1.97442
191.995_7.34123_1.95375
191.803_7.80305_1.97442
191.612_8.26487_1.95375
191.43_8.73055_1.93308
191.248_9.19623_1.95375
191.066_9.66191_1.93308
190.884_10.1276_1.95375
190.702_10.5933_1.93308
190.62_11.0832_1.54038
190.64_11.5828_1.51971
190.66_12.0824_1.54038
190.681_12.582_1.51971
190.701_13.0815_1.54038
190.619_13.5715_1.93308
190.428_14.0333_1.99509
190.226_14.491_1.97442
190.025_14.9488_1.99509
189.824_15.4066_1.97442
189.633_15.8684_1.95375
189.451_16.3341_1.93308
189.269_16.7997_1.95375
189.077_17.2616_1.97442
188.885_17.7234_1.95375
188.684_18.1811_2.01575
188.474_18.6346_1.99509
188.263_19.0881_2.01575
188.053_19.5416_1.99509
187.842_19.9951_2.01575
187.641_20.4528_1.95375
187.449_20.9146_1.97442
187.258_21.3764_1.95375
187.066_21.8382_1.97442
186.875_22.3001_1.95375
186.762_22.7852_1.64372
186.72_23.2834_1.66439
186.669_23.7807_1.68506
186.617_24.278_1.66439
186.565_24.7753_1.68506
186.413_25.2483_2.07776
186.157_25.6776_2.13976
185.892_26.1016_2.1191
185.627_26.5256_2.13976
185.353_26.944_2.16043
185.125_27.3875_1.93308
184.943_27.8532_1.95375
184.76_28.3189_1.93308
184.578_28.7845_1.95375
184.396_29.2502_1.93308
184.244_29.7261_1.82974
184.111_30.2081_1.85041
183.968_30.6872_1.87108
183.825_31.1663_1.85041
183.682_31.6454_1.87108
183.569_32.1321_1.7264
183.486_32.6252_1.74706
183.394_33.1165_1.76773
183.301_33.6078_1.74706
183.208_34.0991_1.76773
183.085_34.5835_1.87108
182.932_35.0596_1.89174
182.779_35.5357_1.87108
182.627_36.0117_1.89174
182.474_36.4878_1.87108
182.302_36.9569_1.97442
182.1_37.4147_1.99509
181.899_37.8725_1.97442
181.698_38.3302_1.99509
181.497_38.788_1.97442
181.277_39.2368_2.07776
181.039_39.6764_2.05709
180.801_40.116_2.07776
180.563_40.5556_2.05709
180.324_40.9952_2.07776
180.095_41.4396_2.01575
179.875_41.8886_2.03642
179.646_42.333_2.05709
179.417_42.7774_2.03642
179.188_43.2219_2.05709
179.046_43.6979_1.66439
178.994_44.1952_1.68506
178.942_44.6925_1.66439
178.891_45.1898_1.68506
178.839_45.6871_1.66439
178.706_46.1666_2.01575
178.487_46.6157_2.03642
178.267_47.0647_2.01575
178.056_47.5182_1.99509
177.884_47.9872_1.85041
177.741_48.4663_1.87108
177.598_48.9454_1.85041
177.455_49.4245_1.87108
177.312_49.9037_1.85041
177.121_50.3645_2.07776
176.883_50.8041_2.05709
176.654_51.2485_2.03642
176.425_51.6929_2.05709
176.195_52.1373_2.03642
175.976_52.5864_2.01575
175.756_53.0354_2.03642
175.536_53.4845_2.01575
175.316_53.9336_2.03642
175.096_54.3826_2.01575
174.858_54.822_2.1191
174.602_55.2514_2.09843
174.346_55.6808_2.1191
174.081_56.1047_2.13976
173.816_56.5287_2.1191
173.577_56.9681_2.01575
173.358_57.4172_2.03642
173.138_57.8662_2.01575
172.918_58.3153_2.03642
172.698_58.7644_2.01575
172.507_59.226_1.91241
172.334_59.6953_1.93308
172.162_60.1647_1.91241
171.989_60.634_1.93308
171.817_61.1034_1.91241
171.626_61.565_2.01575
171.406_62.014_2.03642
171.186_62.4631_2.01575
170.966_62.9122_2.03642
170.746_63.3612_2.01575
170.574_63.8299_1.82974
170.441_64.3119_1.85041
170.308_64.7938_1.82974
170.175_65.2758_1.85041
170.042_65.7578_1.82974
169.889_66.2336_1.93308
169.717_66.703_1.91241
169.544_67.1723_1.93308
169.372_67.6417_1.91241
169.2_68.111_1.93308
169.057_68.5897_1.7884
168.944_69.0768_1.80907
168.831_69.5638_1.7884
168.718_70.0509_1.80907
168.605_70.538_1.7884
168.405_70.9928_2.1811
168.098_71.387_2.28444
167.775_71.7684_2.26377
167.451_72.1497_2.28444
167.128_72.531_2.26377
166.829_72.9315_2.16043
166.547_73.3442_2.1811
166.264_73.7569_2.16043
165.982_74.1695_2.1811
165.7_74.5822_2.16043
165.509_75.0411_1.76773
165.417_75.5324_1.74706
165.324_76.0237_1.76773
165.231_76.515_1.74706
165.138_77.0063_1.76773
164.948_77.4652_2.16043
164.596_77.8163_2.55313
164.178_78.0895_2.5738
163.759_78.3627_2.55313
163.34_78.6359_2.5738
162.981_78.9797_2.1811
162.782_79.4345_1.7884
162.771_79.9312_1.3957
162.951_80.3941_1.003
163.266_80.7816_0.775651
163.626_81.128_0.754983
163.987_81.4743_0.775651
164.347_81.8207_0.754983
164.708_82.1671_0.775651
165.069_82.5135_0.754983
165.49_82.7768_0.362284
165.956_82.9588_0.382952
166.421_83.1408_0.362284
166.887_83.3229_0.382952
167.353_83.5049_0.362284
167.774_83.7682_0.754983
168.134_84.1146_0.775651
168.488_84.4683_0.79632
168.841_84.8221_0.775651
169.194_85.1758_0.79632
169.548_85.5296_0.775651
169.901_85.8833_0.79632
170.254_86.2371_0.775651
170.608_86.5909_0.79632
170.961_86.9446_0.775651
171.377_87.2166_0.382952
171.839_87.4082_0.403621
172.3_87.5998_0.382952
172.762_87.7914_0.403621
173.224_87.983_0.382952
173.69_88.165_0.362284
174.159_88.3374_0.341615
174.629_88.5098_0.362284
175.098_88.6821_0.341615
175.567_88.8545_0.362284
176.037_89.0268_0.341615
176.506_89.1992_0.362284
176.975_89.3716_0.341615
177.445_89.5439_0.362284
177.914_89.7163_0.341615
178.383_89.8886_0.362284
178.853_90.061_0.341615
179.322_90.2334_0.362284
179.791_90.4057_0.341615
180.261_90.5781_0.362284
180.751_90.6601_-0.0304153
181.243_90.7322_0.320947
181.716_90.8948_0.341615
182.188_91.0574_0.320947
182.661_91.22_0.341615
183.134_91.3827_0.320947
183.603_91.555_0.382952
184.065_91.7466_0.403621
184.527_91.9382_0.382952
184.989_92.1298_0.403621
185.451_92.3214_0.382952
185.878_92.5766_0.692978
186.266_92.892_0.672309
186.661_93.1993_0.651641
187.055_93.5067_0.672309
187.449_93.814_0.651641
187.895_94.0325_0.258942
188.388_94.1149_0.0729266
188.886_94.1565_0.093595
189.383_94.2084_0.114263
189.881_94.2603_0.093595
190.375_94.3326_0.196937
190.865_94.4355_0.217605
191.354_94.5384_0.196937
191.843_94.6413_0.217605
192.311_94.7098_0.0729266
192.794_94.8322_0.424289
193.247_95.0427_0.444957
193.696_95.2626_0.465626
194.141_95.4917_0.486294
194.552_95.7734_0.713646
194.927_96.1045_0.734315
195.301_96.4357_0.713646
195.676_96.7669_0.734315
196.051_97.0981_0.713646
196.356_97.4903_1.10635
196.487_97.9693_1.49904
196.446_98.4656_1.80907
196.333_98.9527_1.7884
196.22_99.4397_1.80907
196.029_99.8997_2.1191
195.764_100.324_2.13976
195.499_100.748_2.1191
195.243_101.177_2.09843
195.081_101.647_1.70573
195.009_102.142_1.7264
194.926_102.635_1.74706
194.844_103.128_1.7264
194.761_103.621_1.74706
194.678_104.114_1.7264
194.596_104.607_1.74706
194.513_105.1_1.7264
194.431_105.593_1.74706
194.348_106.087_1.7264
194.286_106.583_1.66439
194.234_107.08_1.68506
194.182_107.577_1.66439
194.122_107.778_2.05709
194.122_107.778_2.44979
193.809_108.163_2.05709
193.667_108.639_1.66439
193.677_109.138_1.43704
193.649_109.582_1.82974
