configuration -14.0353517532_151.94859314_0.0_1.0_147.259887695_176.039077759_0.145212769539_0.989400450557
length 194.576
time 3.22353
roughness 0.000247172
-14.0354_151.949_-0
-13.5357_151.964_0.0620051
-13.0363_151.99_0.0413367
-12.537_152.016_0.0620051
-12.0377_152.042_0.0413367
-11.5384_152.067_0.0620051
-11.0406_152.114_0.12401
-10.5439_152.171_0.103342
-10.0471_152.227_0.12401
-9.55033_152.284_0.103342
-9.05356_152.341_0.12401
-8.55509_152.377_0.0206684
-8.05513_152.382_-2.77556e-17
-7.55516_152.387_0.0206684
-7.0552_152.392_-2.77556e-17
-6.55523_152.397_0.0206684
-6.05783_152.444_0.165347
-5.56383_152.521_0.144679
-5.06984_152.598_0.165347
-4.57584_152.675_0.144679
-4.08184_152.753_0.165347
-3.58955_152.84_0.186015
-3.09917_152.938_0.206684
-2.60878_153.035_0.186015
-2.1184_153.133_0.206684
-1.62801_153.23_0.186015
-1.13125_153.225_-0.206684
-0.651004_153.087_-0.351362
-0.179806_152.92_-0.330694
0.294746_152.763_-0.310026
0.769299_152.605_-0.330694
1.23299_152.419_-0.434036
1.68442_152.204_-0.454704
2.13585_151.989_-0.434036
2.58728_151.774_-0.454704
3.03872_151.559_-0.434036
3.44003_151.266_-0.826735
3.76705_150.888_-0.88874
4.07821_150.497_-0.909408
4.38937_150.105_-0.88874
4.70053_149.714_-0.909408
5.07629_149.389_-0.516709
5.54781_149.233_-0.12401
6.04685_149.217_0.0620051
6.54553_149.253_0.0826735
7.04422_149.289_0.0620051
7.52452_149.416_0.454704
7.98024_149.622_0.392699
8.44016_149.818_0.413367
8.90009_150.014_0.392699
9.36002_150.21_0.413367
9.84347_150.327_0.0620051
10.3422_150.363_0.0826735
10.8408_150.4_0.0620051
11.3395_150.436_0.0826735
11.8382_150.472_0.0620051
12.3333_150.539_0.206684
12.8237_150.636_0.186015
13.314_150.734_0.206684
13.8044_150.831_0.186015
14.2948_150.929_0.206684
14.778_151.057_0.310026
15.2557_151.204_0.289357
15.7334_151.352_0.310026
16.2111_151.499_0.289357
16.6888_151.647_0.310026
17.1634_151.805_0.330694
17.6379_151.962_0.310026
18.1125_152.119_0.330694
18.587_152.277_0.310026
19.0616_152.434_0.330694
19.5446_152.562_0.186015
20.0349_152.66_0.206684
20.5253_152.757_0.186015
21.0157_152.855_0.206684
21.5061_152.952_0.186015
22.0032_152.999_1.66533e-16
22.5032_153.004_0.0206684
23.0029_153.019_0.0413367
23.5027_153.035_0.0206684
24.0024_153.05_0.0413367
24.5023_153.055_-0.0206684
25.0023_153.05_1.59595e-16
25.5023_153.045_-0.0206684
26.0022_153.04_1.59595e-16
26.5022_153.035_-0.0206684
26.9913_153.121_0.372031
27.4512_153.318_0.434036
27.907_153.523_0.413367
28.3628_153.729_0.434036
28.8185_153.934_0.413367
29.2952_154.082_0.186015
29.7875_154.169_0.165347
30.2798_154.256_0.186015
30.7721_154.344_0.165347
31.2644_154.431_0.186015
31.7567_154.519_0.165347
32.249_154.606_0.186015
32.7413_154.693_0.165347
33.2336_154.781_0.186015
33.7259_154.868_0.165347
34.2055_155.005_0.392699
34.6654_155.202_0.413367
35.1254_155.398_0.392699
35.5892_155.584_0.372031
36.0531_155.771_0.392699
36.4662_156.047_0.785398
36.751_156.455_1.13676
36.9566_156.91_1.15743
37.1622_157.366_1.13676
37.3677_157.822_1.15743
37.6522_158.229_0.76473
38.043_158.54_0.578714
38.4588_158.818_0.599383
38.8745_159.095_0.578714
39.2902_159.373_0.599383
39.6813_159.684_0.744061
40.0456_160.027_0.76473
40.4099_160.369_0.744061
40.7813_160.704_0.723393
41.1154_161.074_0.950745
41.4101_161.478_0.930077
41.7048_161.882_0.950745
41.9911_162.292_0.971414
42.2774_162.702_0.950745
42.6394_163.042_0.558046
43.0812_163.275_0.413367
43.537_163.481_0.434036
43.9928_163.686_0.413367
44.4486_163.892_0.434036
44.9314_164.009_0.0413367
45.4222_163.932_-0.351362
45.882_163.736_-0.454704
46.3334_163.521_-0.434036
46.7848_163.306_-0.454704
47.2651_163.18_-0.0620051
47.7642_163.195_0.12401
48.2597_163.262_0.144679
48.7551_163.329_0.12401
49.2506_163.396_0.144679
49.733_163.523_0.372031
50.2006_163.7_0.351362
50.6718_163.868_0.330694
51.143_164.035_0.351362
51.6142_164.202_0.330694
52.0779_164.388_0.434036
52.5337_164.594_0.413367
52.9895_164.8_0.434036
53.4452_165.005_0.413367
53.901_165.211_0.434036
54.327_165.471_0.661388
54.7247_165.774_0.64072
55.1224_166.077_0.661388
55.5201_166.38_0.64072
55.924_166.674_0.620051
56.3555_166.925_0.434036
56.807_167.14_0.454704
57.2539_167.365_0.475373
57.7007_167.589_0.454704
58.1476_167.813_0.475373
58.6252_167.95_0.0826735
59.1219_167.914_-0.227352
59.6102_167.806_-0.206684
60.0984_167.699_-0.227352
60.5867_167.591_-0.206684
61.0835_167.586_0.186015
61.5444_167.771_0.578714
61.9143_168.105_0.88874
62.2254_168.496_0.909408
62.5366_168.887_0.88874
62.919_169.204_0.496041
63.3936_169.351_0.103342
63.8927_169.377_1.80411e-16
64.3927_169.382_0.0206684
64.8927_169.387_1.80411e-16
65.3799_169.484_0.392699
65.8356_169.69_0.454704
66.2871_169.905_0.434036
66.7385_170.12_0.454704
67.1899_170.335_0.434036
67.61_170.603_0.702725
67.9949_170.922_0.682056
68.3797_171.241_0.702725
68.7646_171.56_0.682056
69.1495_171.88_0.702725
69.5839_172.121_0.310026
70.0747_172.208_0.0413367
70.5741_172.233_0.0620051
71.0734_172.259_0.0413367
71.5727_172.285_0.0620051
72.053_172.412_0.454704
72.4482_172.713_0.847403
72.6981_173.143_1.2401
72.8055_173.63_1.46745
72.8519_174.128_1.48812
72.9887_174.605_1.09542
73.2979_174.994_0.702725
73.7324_175.235_0.310026
74.2244_175.312_1.66533e-16
74.7244_175.317_0.0206684
75.2135_175.23_-0.372031
75.6811_175.053_-0.351362
76.1523_174.886_-0.330694
76.6235_174.719_-0.351362
77.0947_174.552_-0.330694
77.5241_174.302_-0.723393
77.842_173.918_-1.03342
78.1024_173.492_-1.01275
78.3628_173.065_-1.03342
78.6231_172.638_-1.01275
78.7989_172.173_-1.40545
78.7876_171.807_-1.79815
78.7876_171.807_-1.40545
78.7876_171.807_-1.1781
78.7876_171.807_-1.15743
79.072_171.4_-0.76473
79.4907_171.133_-0.372031
79.9619_170.965_-0.310026
80.4364_170.808_-0.330694
80.9076_170.641_-0.351362
81.3317_170.382_-0.744061
81.6246_169.981_-1.13676
81.7415_169.498_-1.52946
81.7158_168.999_-1.71547
81.6488_168.504_-1.69481
81.6847_168.008_-1.30211
81.8421_167.534_-1.19877
82.019_167.066_-1.21943
82.1959_166.599_-1.19877
82.3729_166.131_-1.21943
82.4496_165.64_-1.61213
82.4341_165.14_-1.59146
82.4186_164.641_-1.61213
82.4031_164.141_-1.59146
82.3876_163.641_-1.61213
82.3944_163.51_-1.42612
82.5414_163.034_-1.11609
82.7563_162.583_-1.13676
82.9713_162.131_-1.11609
83.1955_161.684_-1.09542
83.4197_161.238_-1.11609
83.7129_160.836_-0.76473
84.0701_160.486_-0.785398
84.4273_160.136_-0.76473
84.7845_159.786_-0.785398
85.1417_159.436_-0.76473
85.4261_159.029_-1.15743
85.5834_158.555_-1.34344
85.691_158.067_-1.36411
85.7987_157.579_-1.34344
85.9164_157.093_-1.32278
86.0139_156.602_-1.42612
86.0809_156.107_-1.44679
86.1478_155.611_-1.42612
86.2148_155.116_-1.44679
86.2818_154.62_-1.42612
86.4288_154.145_-1.11609
86.6437_153.693_-1.13676
86.8587_153.242_-1.11609
87.0736_152.79_-1.13676
87.2886_152.339_-1.11609
87.5737_151.931_-0.806067
87.9162_151.566_-0.826735
88.251_151.195_-0.847403
88.5858_150.824_-0.826735
88.9206_150.452_-0.847403
89.3158_150.151_-0.454704
89.7961_150.024_-0.0620051
90.2366_150.084_0.330694
90.5982_150.294_0.723393
90.8358_150.606_1.11609
91.1369_151.001_0.723393
91.5566_151.269_0.413367
92.0124_151.475_0.434036
92.4682_151.681_0.413367
92.9239_151.886_0.434036
93.3797_152.092_0.413367
93.8355_152.297_0.434036
94.2913_152.503_0.413367
94.7471_152.708_0.434036
95.2028_152.914_0.413367
95.6446_153.147_0.558046
96.066_153.416_0.578714
96.4874_153.685_0.558046
96.9088_153.955_0.578714
97.3301_154.224_0.558046
97.7764_154.448_0.372031
98.2403_154.634_0.392699
98.7002_154.83_0.413367
99.1601_155.026_0.392699
99.6201_155.223_0.413367
100.062_155.456_0.558046
100.489_155.716_0.537378
100.916_155.976_0.558046
101.342_156.237_0.537378
101.769_156.497_0.558046
102.22_156.712_0.330694
102.694_156.869_0.310026
103.169_157.027_0.330694
103.643_157.184_0.310026
104.118_157.341_0.330694
104.582_157.528_0.434036
105.037_157.734_0.413367
105.497_157.93_0.392699
105.957_158.126_0.413367
106.417_158.322_0.392699
106.881_158.508_0.372031
107.349_158.685_0.351362
107.816_158.862_0.372031
108.284_159.039_0.351362
108.752_159.216_0.372031
109.216_159.403_0.392699
109.679_159.589_0.372031
110.143_159.776_0.392699
110.607_159.962_0.372031
111.071_160.149_0.392699
111.527_160.354_0.454704
111.978_160.569_0.434036
112.434_160.775_0.413367
112.89_160.98_0.434036
113.346_161.186_0.413367
113.805_161.382_0.392699
114.265_161.578_0.413367
114.725_161.774_0.392699
115.185_161.97_0.413367
115.645_162.167_0.392699
116.113_162.343_0.330694
116.584_162.511_0.351362
117.055_162.678_0.330694
117.526_162.845_0.351362
117.998_163.012_0.330694
118.461_163.199_0.434036
118.917_163.404_0.413367
119.373_163.61_0.434036
119.829_163.816_0.413367
120.284_164.021_0.434036
120.736_164.236_0.454704
121.187_164.451_0.434036
121.639_164.666_0.454704
122.09_164.881_0.434036
122.542_165.096_0.454704
122.993_165.311_0.434036
123.449_165.516_0.413367
123.905_165.722_0.434036
124.36_165.927_0.413367
124.816_166.133_0.434036
125.272_166.339_0.413367
125.728_166.544_0.434036
126.183_166.75_0.413367
126.639_166.955_0.434036
127.095_167.161_0.413367
127.526_167.412_0.64072
127.93_167.706_0.620051
128.34_167.993_0.599383
128.75_168.279_0.620051
129.154_168.574_0.64072
129.59_168.816_0.372031
130.054_169.002_0.392699
130.517_169.189_0.372031
130.981_169.375_0.392699
131.445_169.562_0.372031
131.913_169.739_0.351362
132.384_169.906_0.330694
132.855_170.073_0.351362
133.326_170.24_0.330694
133.798_170.408_0.351362
134.261_170.594_0.413367
134.721_170.79_0.392699
135.181_170.986_0.413367
135.641_171.182_0.392699
136.101_171.379_0.413367
136.561_171.575_0.392699
137.021_171.771_0.413367
137.481_171.967_0.392699
137.941_172.163_0.413367
138.401_172.359_0.392699
138.861_172.555_0.413367
139.321_172.751_0.392699
139.785_172.938_0.372031
140.248_173.124_0.392699
140.708_173.32_0.413367
141.168_173.517_0.392699
141.632_173.703_0.372031
142.096_173.89_0.392699
142.556_174.086_0.413367
143.016_174.282_0.392699
143.48_174.468_0.372031
143.944_174.655_0.392699
144.404_174.851_0.413367
144.864_175.047_0.392699
145.327_175.234_0.372031
145.791_175.42_0.392699
146.251_175.616_0.413367
146.711_175.813_0.392699
147.175_175.999_0.372031
