configuration 161.70602417_-18.2518405914_0.169978369946_0.985447793519_193.750076294_109.599342346_0.85380148664_0.520598714377
length 189.53
time 3.99801
roughness 0.000552491
161.706_-18.2518_0.341615
162.179_-18.0892_0.320947
162.655_-17.9364_0.300279
163.131_-17.7836_0.320947
163.604_-17.621_0.341615
164.077_-17.4583_0.320947
164.508_-17.2126_0.713646
164.813_-16.8204_1.10635
164.975_-16.3488_1.37503
165.077_-15.8594_1.35437
165.19_-15.3722_1.3337
165.398_-14.9214_0.940998
165.764_-14.5847_0.548299
166.23_-14.4135_0.1556
166.726_-14.4337_-0.237099
167.177_-14.6423_-0.629798
167.628_-14.851_-0.237099
168.124_-14.8712_0.1556
168.602_-14.7287_0.424289
169.06_-14.5276_0.403621
169.522_-14.336_0.382952
169.949_-14.0808_0.692978
170.337_-13.7654_0.672309
170.732_-13.4581_0.651641
171.126_-13.1507_0.672309
171.52_-12.8434_0.651641
171.963_-12.6155_0.300279
172.439_-12.4627_0.320947
172.915_-12.3099_0.300279
173.391_-12.157_0.320947
173.864_-11.9944_0.341615
174.29_-11.7399_0.734315
174.587_-11.3414_1.12701
174.709_-10.8598_1.51971
174.708_-10.36_1.62305
174.687_-9.86043_1.60239
174.687_-9.86043_1.20969
174.95_-9.43885_0.816988
175.354_-9.14994_0.424289
175.838_-9.03768_0.0315898
176.328_-9.11916_-0.361109
176.818_-9.20064_0.0315898
177.302_-9.08838_0.424289
177.706_-8.79947_0.816988
177.969_-8.37789_1.20969
178.091_-7.89416_1.43704
178.091_-7.89416_1.04434
178.42_-7.52159_0.651641
178.866_-7.30314_0.258942
179.362_-7.27206_-0.133757
179.832_-7.43309_-0.526456
180.302_-7.59413_-0.133757
180.798_-7.56305_0.258942
181.249_-7.3536_0.610304
181.662_-7.0713_0.589636
182.08_-6.79758_0.568968
182.543_-6.61672_0.176268
183.041_-6.60614_-0.133757
183.537_-6.66769_-0.113089
184.034_-6.71898_-0.0924204
184.532_-6.77026_-0.113089
185.027_-6.72895_0.27961
185.487_-6.53775_0.506962
185.927_-6.29952_0.486294
186.367_-6.06129_0.506962
186.806_-5.82306_0.486294
187.192_-5.50966_0.878993
187.437_-5.07703_1.23036
187.58_-4.59794_1.3337
187.58_-4.59794_0.940998
187.58_-4.59794_0.548299
188.046_-4.42668_0.1556
188.544_-4.42639_-0.154426
189.037_-4.5084_-0.175094
189.53_-4.5904_-0.154426
190.024_-4.67241_-0.175094
190.52_-4.66185_0.217605
190.999_-4.51902_0.362284
191.468_-4.34666_0.341615
191.941_-4.18404_0.320947
192.414_-4.02141_0.341615
192.841_-3.76686_0.734315
193.137_-3.36843_1.12701
193.259_-2.88676_1.51971
193.259_-2.38699_1.62305
193.227_-1.88797_1.64372
193.289_-1.39496_1.25102
193.534_-0.962878_0.858325
193.926_-0.657511_0.465626
194.404_-0.525347_0.0729266
194.903_-0.494072_0.0522582
195.385_-0.371834_0.444957
195.783_-0.0746304_0.837656
196.037_0.352291_1.23036
196.108_0.843936_1.62305
196.067_1.34212_1.68506
196.036_1.84092_1.58172
196.025_2.3408_1.60239
196.014_2.84068_1.58172
196.004_3.34056_1.60239
195.993_3.84044_1.58172
195.891_4.3266_1.97442
195.69_4.78436_1.99509
195.479_5.23786_2.01575
195.269_5.69137_1.99509
195.058_6.14488_2.01575
194.829_6.58923_2.07776
194.591_7.02882_2.05709
194.353_7.46841_2.07776
194.105_7.90298_2.09843
193.858_8.33755_2.07776
193.638_8.78642_1.97442
193.437_9.24418_1.99509
193.236_9.70194_1.97442
193.035_10.1597_1.99509
192.834_10.6175_1.97442
192.633_11.0752_1.99509
192.432_11.533_1.97442
192.231_11.9907_1.99509
192.029_12.4485_1.97442
191.828_12.9063_1.99509
191.686_13.384_1.7264
191.603_13.8771_1.74706
191.521_14.3702_1.7264
191.438_14.8633_1.74706
191.355_15.3564_1.7264
191.223_15.8374_1.95375
191.041_16.3031_1.93308
190.868_16.7724_1.91241
190.696_17.2418_1.93308
190.524_17.7111_1.91241
190.342_18.1767_1.97442
190.141_18.6345_1.99509
189.939_19.0922_1.97442
189.738_19.55_1.99509
189.537_20.0078_1.97442
189.336_20.4655_1.99509
189.135_20.9233_1.97442
188.934_21.381_1.99509
188.733_21.8388_1.97442
188.532_22.2966_1.99509
188.321_22.7501_2.01575
188.111_23.2036_1.99509
187.9_23.6571_2.01575
187.689_24.1106_1.99509
187.479_24.5641_2.01575
187.259_25.0131_2.03642
187.039_25.4622_2.01575
186.819_25.9113_2.03642
186.6_26.3603_2.01575
186.38_26.8094_2.03642
186.16_27.2584_2.01575
185.949_27.7119_1.99509
185.739_28.1655_2.01575
185.528_28.619_1.99509
185.318_29.0725_2.01575
185.136_29.5378_1.87108
184.983_30.0138_1.89174
184.83_30.4899_1.87108
184.677_30.9659_1.89174
184.525_31.442_1.87108
184.306_31.8893_2.1811
184.023_32.3019_2.16043
183.75_32.7204_2.13976
183.476_33.1388_2.16043
183.202_33.5572_2.13976
182.973_34.001_1.95375
182.782_34.4628_1.97442
182.59_34.9246_1.95375
182.399_35.3864_1.97442
182.207_35.8483_1.95375
182.115_36.3364_1.56105
182.156_36.8343_1.41637
182.238_37.3275_1.3957
182.32_37.8207_1.41637
182.402_38.314_1.3957
182.398_38.4708_1.7884
182.199_38.9256_2.1811
181.84_39.2694_2.5738
181.377_39.4497_2.9665
180.88_39.4391_3.3592
180.88_39.4391_2.9665
180.417_39.6195_2.5738
180.059_39.9632_2.1811
179.859_40.418_1.7884
179.848_40.9147_1.3957
179.951_41.4041_1.3337
180.073_41.8888_1.31303
180.196_42.3736_1.3337
180.318_42.8583_1.31303
180.44_43.3431_1.3337
180.46_43.8134_1.7264
180.288_44.2797_2.1191
179.952_44.645_2.51179
179.501_44.8537_2.90449
179.004_44.8739_3.29719
178.508_44.8941_2.90449
178.057_45.1028_2.51179
177.705_45.4547_2.20177
177.406_45.8554_2.22244
177.107_46.256_2.20177
176.897_46.7066_1.80907
176.877_47.203_1.41637
176.979_47.6922_1.31303
177.111_48.1743_1.29236
177.244_48.6565_1.31303
177.274_49.1523_1.70573
177.142_49.6328_1.97442
176.941_50.0906_1.99509
176.739_50.5484_1.97442
176.538_51.0061_1.99509
176.356_51.4716_1.89174
176.194_51.9444_1.91241
176.031_52.4172_1.89174
175.869_52.89_1.91241
175.706_53.3628_1.89174
175.543_53.8356_1.91241
175.371_54.305_1.93308
175.199_54.7743_1.91241
175.026_55.2437_1.93308
174.854_55.713_1.91241
174.599_56.1396_2.30511
174.201_56.4364_2.69781
173.743_56.6369_2.75982
173.273_56.8087_2.82182
172.841_57.0539_2.42912
172.536_57.4457_2.03642
172.404_57.9246_1.64372
172.465_58.4176_1.25102
172.637_58.8871_1.18902
172.728_59.3754_1.58172
172.626_59.8615_1.97442
172.406_60.3104_2.07776
172.168_60.75_2.05709
171.939_61.1944_2.03642
171.683_61.6234_2.1811
171.401_62.0361_2.16043
171.118_62.4488_2.1811
170.836_62.8614_2.16043
170.554_63.2741_2.1811
170.354_63.7289_1.7884
170.343_64.2256_1.3957
170.446_64.715_1.3337
170.558_65.2021_1.35437
170.671_65.6893_1.3337
170.671_65.6893_1.7264
170.508_66.1311_2.1191
170.172_66.4964_2.51179
169.721_66.7051_2.90449
169.224_66.7253_3.29719
168.728_66.7456_2.90449
168.277_66.9542_2.51179
167.941_67.3195_2.1191
167.73_67.7721_1.89174
167.568_68.2449_1.91241
167.313_68.6715_2.30511
166.915_68.9682_2.69781
166.449_69.1496_2.84249
165.973_69.3018_2.82182
165.5_69.4639_2.80115
165.073_69.7179_2.40845
164.767_70.1103_2.05709
164.529_70.5499_2.07776
164.282_70.9845_2.09843
164.035_71.419_2.07776
163.863_71.8865_1.76773
163.77_72.3778_1.74706
163.677_72.8691_1.76773
163.585_73.3604_1.74706
163.492_73.8517_1.76773
163.43_74.3474_1.62305
163.409_74.847_1.60239
163.388_75.3465_1.62305
163.367_75.8461_1.60239
163.346_76.3456_1.62305
163.356_76.8451_1.47838
163.397_77.3434_1.49904
163.438_77.8417_1.47838
163.538_78.2763_1.20969
163.62_78.7664_1.60239
163.508_79.2503_1.99509
163.288_79.6993_2.05709
163.05_80.1389_2.07776
162.802_80.5735_2.09843
162.641_81.0433_1.70573
162.671_81.5391_1.31303
162.889_81.9856_0.92033
163.227_82.3531_0.734315
163.602_82.6843_0.713646
164.029_82.9392_0.362284
164.494_83.1212_0.382952
164.956_83.3128_0.403621
165.418_83.5044_0.382952
165.88_83.696_0.403621
166.338_83.8971_0.424289
166.795_84.0982_0.403621
167.253_84.2994_0.424289
167.711_84.5005_0.403621
168.169_84.7016_0.424289
168.573_84.9905_0.816988
168.919_85.3515_0.79632
169.265_85.7125_0.816988
169.611_86.0734_0.79632
169.957_86.4344_0.816988
170.361_86.7233_0.424289
170.836_86.8758_0.196937
171.327_86.9686_0.176268
171.818_87.0613_0.196937
172.31_87.1541_0.176268
172.808_87.1647_-0.133757
173.302_87.0929_-0.154426
173.796_87.0109_-0.175094
174.293_87.0112_0.176268
174.786_87.0938_0.1556
175.279_87.1763_0.176268
175.771_87.2691_0.196937
176.133_87.3375_0.176268
176.631_87.3687_-0.0510836
177.13_87.3483_-0.0304153
177.63_87.3279_-0.0510836
178.129_87.3076_-0.0304153
178.629_87.2975_-0.0097469
179.117_87.3897_0.382952
179.583_87.5717_0.362284
180.052_87.7441_0.341615
180.522_87.9164_0.362284
180.991_88.0888_0.341615
181.418_88.3433_0.734315
181.723_88.7361_1.08568
181.961_89.1759_1.06501
182.208_89.6108_1.04434
182.454_90.0457_1.06501
182.775_90.4249_0.672309
183.163_90.7404_0.692978
183.544_91.0637_0.713646
183.926_91.3871_0.692978
184.307_91.7105_0.713646
184.739_91.9561_0.320947
185.223_92.0791_0.176268
185.714_92.1718_0.196937
186.206_92.2646_0.176268
186.697_92.3573_0.196937
187.156_92.5477_0.589636
187.522_92.8852_0.899662
187.837_93.2735_0.878993
188.152_93.6619_0.899662
188.467_94.0502_0.878993
188.852_94.3636_0.486294
189.323_94.5256_0.176268
189.815_94.6183_0.196937
190.304_94.7212_0.217605
190.793_94.8241_0.196937
191.252_95.0145_0.589636
191.611_95.3591_0.940998
191.91_95.7601_0.92033
192.208_96.1611_0.940998
192.507_96.5621_0.92033
192.879_96.8912_0.527631
193.349_97.0527_0.134932
193.845_97.1149_0.114263
194.342_97.1667_0.093595
194.84_97.2083_0.0729266
195.319_97.3405_0.465626
195.711_97.6459_0.858325
195.956_98.0779_1.25102
196.018_98.571_1.64372
195.925_99.0612_1.87108
195.802_99.5456_1.76773
195.699_100.035_1.7884
195.596_100.524_1.76773
195.493_101.013_1.7884
195.39_101.503_1.76773
195.288_101.992_1.7884
195.185_102.481_1.76773
195.082_102.971_1.7884
194.979_103.46_1.76773
194.876_103.949_1.7884
194.773_104.439_1.76773
194.68_104.93_1.74706
194.588_105.421_1.76773
194.485_105.91_1.7884
194.382_106.4_1.76773
194.289_106.891_1.74706
194.196_107.382_1.76773
194.093_107.872_1.7884
193.99_108.361_1.76773
193.898_108.852_1.74706
193.805_109.344_1.76773
