configuration 46.843963623_148.978851318_-0.536406748472_0.843959596304_156.577575684_33.1800613403_0.186652677497_0.98242596565
length 213.004
time 11.246
roughness 0.000375881
46.844_148.979_-1.13235
47.1306_148.572_-0.780985
47.4821_148.217_-0.801653
47.8261_147.854_-0.822322
48.1701_147.491_-0.801653
48.5141_147.128_-0.822322
48.7837_146.71_-1.17368
48.9819_146.251_-1.15302
49.18_145.792_-1.17368
49.3781_145.333_-1.15302
49.5762_144.874_-1.17368
49.8113_144.433_-0.987669
50.0823_144.013_-1.00834
50.3532_143.593_-0.987669
50.6242_143.173_-1.00834
50.8952_142.753_-0.987669
51.1209_142.308_-1.21502
51.2902_141.837_-1.23569
51.4595_141.367_-1.21502
51.6288_140.896_-1.23569
51.7981_140.426_-1.21502
51.9478_139.949_-1.31836
52.0777_139.466_-1.29769
52.2075_138.983_-1.31836
52.3374_138.501_-1.29769
52.4673_138.018_-1.31836
52.6169_137.541_-1.21502
52.7862_137.07_-1.23569
52.9555_136.6_-1.21502
53.1248_136.13_-1.23569
53.2942_135.659_-1.21502
53.373_135.169_-1.60772
53.2982_134.675_-1.83507
53.1626_134.194_-1.85574
53.1186_133.699_-1.46304
53.2674_133.225_-1.07034
53.5862_132.844_-0.677643
53.9912_132.551_-0.574301
54.4138_132.284_-0.553633
54.7773_131.946_-0.946332
55.0026_131.501_-1.25636
55.1621_131.028_-1.23569
55.3217_130.554_-1.25636
55.4812_130.08_-1.23569
55.6602_129.613_-1.17368
55.8583_129.154_-1.15302
56.0564_128.695_-1.17368
56.2546_128.236_-1.15302
56.4527_127.777_-1.17368
56.5721_127.293_-1.48371
56.6207_126.796_-1.46304
56.6694_126.298_-1.48371
56.7077_125.8_-1.50438
56.746_125.301_-1.48371
56.8654_124.818_-1.17368
57.054_124.355_-1.19435
57.2426_123.891_-1.17368
57.4312_123.428_-1.19435
57.6198_122.965_-1.17368
57.7189_122.479_-1.56638
57.6241_121.991_-1.95908
57.5992_121.863_-1.56638
57.5992_121.863_-1.46304
57.5992_121.863_-1.44237
57.7577_121.392_-1.04967
58.0286_120.972_-0.946332
58.3251_120.569_-0.925664
58.6216_120.167_-0.946332
58.8655_119.731_-1.17368
59.0636_119.272_-1.15302
59.2617_118.813_-1.17368
59.4599_118.354_-1.15302
59.658_117.895_-1.17368
59.884_117.45_-1.02901
60.1463_117.024_-1.00834
60.4172_116.604_-0.987669
60.6882_116.183_-1.00834
60.8005_115.89_-1.40104
60.8697_115.395_-1.46304
60.9286_114.899_-1.44237
60.9875_114.402_-1.46304
61.0464_113.906_-1.44237
61.1053_113.409_-1.46304
61.2347_112.928_-1.15302
61.4328_112.469_-1.17368
61.6214_112.006_-1.19435
61.81_111.543_-1.17368
61.9986_111.08_-1.19435
62.2679_110.663_-0.801653
62.6335_110.322_-0.698312
63.0132_109.997_-0.71898
63.3928_109.671_-0.698312
63.7724_109.346_-0.71898
64.0752_108.952_-1.11168
64.2636_108.489_-1.25636
64.4134_108.012_-1.27703
64.5631_107.535_-1.25636
64.7128_107.058_-1.27703
64.9466_106.62_-0.884327
65.3046_106.272_-0.656975
65.6973_105.963_-0.677643
66.0836_105.645_-0.698312
66.4699_105.328_-0.677643
66.7887_104.947_-1.07034
66.9671_104.481_-1.33903
67.077_103.994_-1.3597
67.1868_103.506_-1.33903
67.2966_103.018_-1.3597
67.3759_102.525_-1.46304
67.4245_102.027_-1.48371
67.4732_101.529_-1.46304
67.5218_101.032_-1.48371
67.5704_100.534_-1.46304
67.7192_100.06_-1.07034
68.038_99.6792_-0.677643
68.4308_99.3698_-0.656975
68.8298_99.0686_-0.636306
69.2289_98.7673_-0.656975
69.5555_98.393_-1.04967
69.7722_97.9429_-1.19435
69.9608_97.4798_-1.17368
70.1494_97.0168_-1.19435
70.3284_96.5499_-1.21502
70.4681_96.0703_-1.3597
70.578_95.5825_-1.33903
70.6878_95.0947_-1.3597
70.7875_94.6048_-1.38037
70.8872_94.1148_-1.3597
70.8945_93.6181_-1.7524
70.7991_93.1273_-1.77307
70.7037_92.6365_-1.7524
70.6084_92.1457_-1.77307
70.6062_91.7796_-1.38037
70.7936_91.3195_-0.987669
71.1428_90.9661_-0.59497
71.5971_90.7636_-0.243607
72.0858_90.6582_-0.181602
72.4185_90.5791_-0.284944
72.9133_90.5351_0.107755
73.3873_90.6839_0.500454
73.8129_90.946_0.603796
74.2274_91.2257_0.583128
74.6475_91.4966_0.562459
75.0928_91.7225_0.376444
75.5559_91.9111_0.397112
76.0189_92.0997_0.376444
76.482_92.2883_0.397112
76.945_92.4769_0.376444
77.4154_92.6462_0.314439
77.8893_92.8057_0.335107
78.3631_92.9653_0.314439
78.837_93.1248_0.335107
79.3108_93.2844_0.314439
79.8042_93.3429_-0.0782604
80.2823_93.2082_-0.470959
80.6923_92.9245_-0.739648
81.0651_92.5914_-0.71898
81.4379_92.2582_-0.739648
81.8631_92.0014_-0.346949
82.3543_91.9268_0.0457498
82.8366_92.0459_0.438449
83.2825_92.2721_0.500454
83.7186_92.5165_0.521122
84.093_92.8431_0.913821
84.3858_93.2483_0.975827
84.6618_93.6652_0.996495
84.9377_94.0822_0.975827
85.2137_94.4991_0.996495
85.5597_94.8556_0.603796
86.0159_95.0524_0.211097
86.5126_95.0597_-0.181602
86.9743_94.8764_-0.574301
87.3913_94.6005_-0.59497
87.8491_94.4076_-0.202271
88.3459_94.4047_0.190428
88.8104_94.5828_0.541791
89.2414_94.8362_0.521122
89.6776_95.0806_0.500454
90.0586_95.3994_0.893153
90.3514_95.8044_0.996495
90.6273_96.2214_0.975827
90.9033_96.6383_0.996495
91.1705_97.0609_1.01716
91.5092_97.4244_0.624464
91.9611_97.6307_0.231765
92.4576_97.6482_-0.160934
92.923_97.4745_-0.553633
93.3562_97.225_-0.491628
93.8315_97.0804_-0.0989288
94.3259_97.1287_0.29377
94.7642_97.3626_0.686469
95.1409_97.6913_0.748474
95.5108_98.0277_0.727806
95.9343_98.2886_0.376444
96.3974_98.4772_0.397112
96.8564_98.6753_0.417781
97.3155_98.8735_0.397112
97.7745_99.0716_0.417781
98.2506_99.221_0.190428
98.7405_99.3207_0.211097
99.2305_99.4204_0.190428
99.7204_99.5201_0.211097
100.21_99.6198_0.190428
100.67_99.8072_0.583128
101.085_100.087_0.603796
101.494_100.375_0.624464
101.902_100.663_0.603796
102.311_100.951_0.624464
102.755_101.176_0.314439
103.229_101.336_0.335107
103.703_101.496_0.314439
104.18_101.645_0.29377
104.657_101.795_0.314439
105.15_101.854_-0.0782604
105.628_101.719_-0.470959
106.019_101.411_-0.863659
106.331_101.021_-0.925664
106.628_100.619_-0.946332
106.924_100.216_-0.925664
107.221_99.8137_-0.946332
107.517_99.4111_-0.925664
107.814_99.0085_-0.946332
108.11_98.6059_-0.925664
108.39_98.1916_-1.02901
108.652_97.7659_-1.00834
108.923_97.3457_-0.987669
109.194_96.9255_-1.00834
109.465_96.5053_-0.987669
109.7_96.0648_-1.17368
109.898_95.6057_-1.15302
110.096_95.1467_-1.17368
110.294_94.6876_-1.15302
110.493_94.2286_-1.17368
110.7_93.7738_-1.11168
110.917_93.3233_-1.13235
111.134_92.8728_-1.11168
111.351_92.4223_-1.13235
111.568_91.9718_-1.11168
111.838_91.5526_-0.884327
112.151_91.1626_-0.904995
112.456_90.7662_-0.925664
112.761_90.3698_-0.904995
113.065_89.9734_-0.925664
113.281_89.5258_-1.31836
113.381_89.0361_-1.4217
113.45_88.5409_-1.44237
113.519_88.0457_-1.4217
113.588_87.5505_-1.44237
113.718_87.0692_-1.17368
113.906_86.6061_-1.19435
114.095_86.143_-1.17368
114.283_85.68_-1.19435
114.472_85.2169_-1.17368
114.67_84.7579_-1.15302
114.878_84.303_-1.13235
115.085_83.8481_-1.15302
115.293_83.3933_-1.13235
115.5_82.9384_-1.15302
115.689_82.4754_-1.21502
115.858_82.005_-1.23569
116.028_81.5345_-1.21502
116.207_81.0677_-1.19435
116.386_80.6008_-1.21502
116.62_80.161_-0.946332
116.917_79.7584_-0.925664
117.213_79.3558_-0.946332
117.51_78.9532_-0.925664
117.806_78.5506_-0.946332
118.119_78.1608_-0.84299
118.448_77.7841_-0.863659
118.776_77.4073_-0.84299
119.105_77.0306_-0.863659
119.426_76.6472_-0.884327
119.66_76.2089_-1.27703
119.719_75.7149_-1.62839
119.787_75.2229_-1.23569
120.039_74.7946_-0.84299
120.368_74.4179_-0.863659
120.697_74.0412_-0.84299
121.025_73.6644_-0.863659
121.277_73.2356_-1.21502
121.456_72.7688_-1.19435
121.635_72.3019_-1.21502
121.814_71.835_-1.19435
121.993_71.3682_-1.21502
122.254_70.9452_-0.822322
122.598_70.5824_-0.801653
122.942_70.2196_-0.822322
123.286_69.8567_-0.801653
123.63_69.4939_-0.822322
123.926_69.0922_-1.04967
124.179_68.6612_-1.02901
124.441_68.2355_-1.00834
124.704_67.8098_-1.02901
124.966_67.3841_-1.00834
125.228_66.9584_-1.02901
125.49_66.5327_-1.00834
125.753_66.107_-1.02901
126.015_65.6813_-1.00834
126.277_65.2556_-1.02901
126.512_64.8146_-1.13235
126.72_64.3598_-1.15302
126.928_63.9049_-1.13235
127.135_63.45_-1.15302
127.343_62.9952_-1.13235
127.578_62.5542_-1.02901
127.831_62.1232_-1.04967
128.085_61.6922_-1.02901
128.338_61.2611_-1.04967
128.592_60.8301_-1.02901
128.76_60.3627_-1.4217
128.839_59.869_-1.40104
128.919_59.3754_-1.4217
128.998_58.8817_-1.40104
129.077_58.3881_-1.4217
129.245_57.9206_-1.02901
129.565_57.5387_-0.71898
129.938_57.2055_-0.739648
130.311_56.8724_-0.71898
130.684_56.5392_-0.739648
130.978_56.1392_-1.13235
131.147_55.6694_-1.31836
131.277_55.1866_-1.29769
131.407_54.7037_-1.31836
131.537_54.2209_-1.29769
131.616_53.7283_-1.52505
131.634_53.2286_-1.54571
131.651_52.729_-1.52505
131.669_52.2293_-1.54571
131.687_51.7296_-1.52505
131.612_51.2384_-1.91775
131.437_50.77_-1.93841
131.263_50.3016_-1.91775
131.088_49.8332_-1.93841
130.913_49.3648_-1.91775
130.818_48.8759_-1.60772
130.805_48.3761_-1.58705
130.87_48.016_-1.19435
131.139_47.5985_-0.801653
131.548_47.3158_-0.408954
132.016_47.141_-0.305613
132.491_46.9856_-0.326281
132.963_46.8205_-0.346949
133.389_46.5637_-0.739648
133.683_46.1636_-1.13235
133.842_45.6908_-1.3597
133.952_45.203_-1.33903
134.062_44.7152_-1.3597
134.259_44.2591_-0.967
134.615_43.913_-0.574301
135.053_43.6727_-0.429623
135.506_43.4597_-0.450291
135.953_43.2375_-0.470959
136.344_42.93_-0.863659
136.587_42.4967_-1.25636
136.686_42.0077_-1.48371
136.735_41.5101_-1.46304
136.794_41.0136_-1.44237
136.76_40.518_-1.83507
136.539_40.073_-2.22777
136.206_39.7005_-2.37245
135.851_39.349_-2.35178
135.502_38.9903_-2.33111
135.237_38.5704_-1.93841
135.152_38.0809_-1.54571
135.261_37.5962_-1.15302
135.547_37.1902_-0.760317
135.927_36.865_-0.656975
136.253_36.4907_-1.04967
136.47_36.0406_-1.19435
136.659_35.5775_-1.17368
136.857_35.1184_-1.15302
137.055_34.6594_-1.17368
137.234_34.1926_-1.23569
137.394_33.7187_-1.25636
137.543_33.2417_-1.27703
137.693_32.7646_-1.25636
137.853_32.2908_-1.23569
138.022_31.8203_-1.21502
138.201_31.3535_-1.19435
138.35_30.8768_-1.33903
138.46_30.3891_-1.3597
138.56_29.8991_-1.38037
138.66_29.4092_-1.3597
138.769_28.9214_-1.33903
138.919_28.4447_-1.19435
139.108_27.9817_-1.17368
139.296_27.5186_-1.19435
139.485_27.0556_-1.17368
139.673_26.5925_-1.19435
139.943_26.175_-0.801653
140.351_25.8923_-0.408954
140.837_25.7875_-0.0162553
141.326_25.8765_0.376444
141.743_26.1457_0.769143
142.155_26.4239_0.417781
142.615_26.622_0.397112
143.074_26.8202_0.417781
143.528_27.0277_0.438449
143.983_27.2353_0.417781
144.438_27.4429_0.438449
144.889_27.6598_0.459117
145.339_27.8768_0.438449
145.79_28.0937_0.459117
146.24_28.3106_0.438449
146.691_28.5276_0.459117
147.141_28.7445_0.438449
147.592_28.9614_0.459117
148.042_29.1783_0.438449
148.497_29.3859_0.417781
148.952_29.5935_0.438449
149.402_29.8104_0.459117
149.853_30.0274_0.438449
150.308_30.2349_0.417781
150.762_30.4425_0.438449
151.193_30.6955_0.624464
151.602_30.9837_0.603796
152.01_31.2718_0.624464
152.413_31.5683_0.645133
152.821_31.8564_0.583128
153.281_32.0437_0.190428
153.778_32.0408_-0.202271
154.236_31.848_-0.59497
154.585_31.4946_-0.987669
154.773_31.0345_-1.38037
154.773_31.0345_-0.987669
154.773_31.0345_-0.59497
154.869_30.9939_-0.202271
155.366_30.991_0.190428
155.826_31.1784_0.583128
156.179_31.5276_0.975827
156.372_31.9854_1.36853
156.467_32.4762_1.38919
156.553_32.9689_1.40986
156.626_33.1649_1.01716
