configuration 46.843963623_148.978851318_-0.536406748472_0.843959596304_156.577575684_33.1800613403_0.186652677497_0.98242596565
length 208.355
time 5.57051
roughness 0.000289844
46.844_148.979_-1.13235
47.0792_148.538_-1.02901
47.3326_148.107_-1.04967
47.586_147.676_-1.02901
47.8394_147.245_-1.04967
48.0928_146.814_-1.02901
48.3094_146.364_-1.21502
48.4884_145.897_-1.19435
48.677_145.434_-1.17368
48.8656_144.971_-1.19435
49.0542_144.508_-1.17368
49.332_144.096_-0.780985
49.6907_143.748_-0.760317
50.0566_143.407_-0.739648
50.4224_143.066_-0.760317
50.7883_142.725_-0.739648
51.0829_142.325_-1.13235
51.2519_141.856_-1.31836
51.3818_141.373_-1.29769
51.5117_140.89_-1.31836
51.6416_140.407_-1.29769
51.7913_139.93_-1.23569
51.9508_139.456_-1.25636
52.1104_138.982_-1.23569
52.2699_138.509_-1.25636
52.4294_138.035_-1.23569
52.589_137.561_-1.25636
52.7485_137.087_-1.23569
52.9081_136.613_-1.25636
53.0676_136.139_-1.23569
53.2272_135.665_-1.25636
53.4156_135.203_-1.11168
53.6325_134.752_-1.13235
53.8495_134.302_-1.11168
54.0664_133.851_-1.13235
54.2833_133.401_-1.11168
54.4814_132.942_-1.21502
54.6604_132.475_-1.19435
54.8393_132.008_-1.21502
55.0183_131.541_-1.19435
55.1973_131.075_-1.21502
55.2762_130.584_-1.60772
55.1812_130.095_-1.91775
55.0063_129.627_-1.93841
54.8218_129.162_-1.95908
54.6278_128.701_-1.97975
54.5229_128.216_-1.58705
54.6119_127.727_-1.19435
54.81_127.268_-1.13235
55.0176_126.813_-1.15302
55.2252_126.358_-1.13235
55.5118_125.952_-0.780985
55.8633_125.596_-0.801653
56.2073_125.233_-0.822322
56.5513_124.87_-0.801653
56.8953_124.508_-0.822322
57.2161_124.124_-0.925664
57.5208_123.728_-0.904995
57.8256_123.332_-0.925664
58.1303_122.935_-0.904995
58.4432_122.545_-0.884327
58.6864_122.111_-1.23569
58.8557_121.641_-1.21502
59.0347_121.174_-1.19435
59.2137_120.707_-1.21502
59.3927_120.24_-1.19435
59.6619_119.823_-0.801653
60.006_119.46_-0.822322
60.3424_119.09_-0.84299
60.6789_118.72_-0.822322
61.0153_118.35_-0.84299
61.2762_117.927_-1.19435
61.4648_117.464_-1.17368
61.6534_117.001_-1.19435
61.842_116.538_-1.17368
62.0306_116.075_-1.19435
62.2096_115.608_-1.21502
62.3886_115.141_-1.19435
62.5676_114.674_-1.21502
62.7369_114.204_-1.23569
62.9062_113.733_-1.21502
63.1042_113.274_-1.11168
63.3212_112.824_-1.13235
63.5287_112.369_-1.15302
63.7363_111.914_-1.13235
63.9439_111.459_-1.15302
64.1032_110.986_-1.33903
64.2231_110.501_-1.31836
64.3529_110.018_-1.29769
64.4828_109.535_-1.31836
64.6127_109.052_-1.29769
64.7722_108.578_-1.19435
64.9512_108.112_-1.21502
65.1301_107.645_-1.19435
65.3091_107.178_-1.21502
65.4881_106.711_-1.19435
65.6767_106.248_-1.17368
65.8749_105.789_-1.15302
66.073_105.33_-1.17368
66.2711_104.871_-1.15302
66.4692_104.412_-1.17368
66.6578_103.949_-1.19435
66.8368_103.482_-1.21502
67.0158_103.015_-1.19435
67.1948_102.548_-1.21502
67.3738_102.081_-1.19435
67.5813_101.627_-1.09101
67.8075_101.181_-1.11168
68.0337_100.735_-1.09101
68.2599_100.289_-1.11168
68.4861_99.843_-1.09101
68.6936_99.3883_-1.19435
68.8725_98.9215_-1.21502
69.0515_98.4546_-1.19435
69.2305_97.9877_-1.21502
69.4095_97.5209_-1.19435
69.5391_97.0391_-1.4217
69.6083_96.5439_-1.44237
69.6774_96.0487_-1.4217
69.7568_95.5551_-1.40104
69.8362_95.0614_-1.4217
70.0044_94.594_-1.02901
70.3387_94.2265_-0.636306
70.7439_93.9335_-0.615638
71.1491_93.6406_-0.636306
71.5543_93.3477_-0.615638
71.9468_93.0384_-0.71898
72.3264_92.713_-0.698312
72.7061_92.3876_-0.71898
73.0857_92.0622_-0.698312
73.4653_91.7368_-0.71898
73.8911_91.4796_-0.367618
74.3558_91.2951_-0.388286
74.8166_91.101_-0.408954
75.2774_90.907_-0.388286
75.7382_90.7129_-0.408954
76.2238_90.6081_-0.0162553
76.7125_90.6971_0.376444
77.1578_90.9229_0.562459
77.5835_91.1852_0.541791
78.0092_91.4474_0.562459
78.4499_91.6826_0.417781
78.9048_91.8902_0.438449
79.3597_92.0977_0.417781
79.8145_92.3053_0.438449
80.2694_92.5129_0.417781
80.7243_92.7205_0.438449
81.1791_92.928_0.417781
81.634_93.1356_0.438449
82.0608_93.3411_0.459117
82.5067_93.5673_0.479786
82.9478_93.8027_0.500454
83.3889_94.038_0.479786
83.8301_94.2734_0.500454
84.2712_94.5088_0.479786
84.6786_94.796_0.748474
85.0485_95.1325_0.727806
85.4183_95.4689_0.748474
85.7882_95.8054_0.727806
86.158_96.1418_0.748474
86.581_96.4024_0.355775
87.0654_96.522_0.128423
87.5619_96.5809_0.107755
88.0584_96.6398_0.128423
88.5549_96.6987_0.107755
89.0358_96.8281_0.417781
89.4949_97.0262_0.397112
89.9579_97.2148_0.376444
90.421_97.4034_0.397112
90.884_97.592_0.376444
91.3699_97.7014_0.0664182
91.7991_97.8168_0.459117
92.2298_98.07_0.603796
92.6384_98.3581_0.624464
93.047_98.6463_0.603796
93.4557_98.9344_0.624464
93.8643_99.2225_0.603796
94.3204_99.4194_0.211097
94.8172_99.4267_-0.181602
95.2789_99.2434_-0.574301
95.6353_98.8973_-0.967
95.8322_98.4412_-1.3597
95.8322_98.4412_-0.967
95.9447_98.3319_-0.574301
96.4065_98.1486_-0.181602
96.9032_98.1559_0.211097
97.3593_98.3527_0.603796
97.7054_98.7092_0.996495
97.9727_99.1317_1.01716
98.2312_99.5597_1.03783
98.4896_99.9877_1.01716
98.7569_100.41_0.996495
99.103_100.767_0.603796
99.5591_100.964_0.211097
100.051_101.053_0.149092
100.546_101.122_0.128423
101.041_101.191_0.149092
101.539_101.24_0.0457498
102.038_101.258_0.0250815
102.538_101.275_0.0457498
103.038_101.293_0.0250815
103.537_101.311_0.0457498
104.02_101.43_0.438449
104.42_101.725_0.831148
104.703_102.135_1.09984
104.926_102.582_1.12051
105.148_103.03_1.09984
105.326_103.256_0.707138
105.759_103.499_0.314439
106.253_103.558_-0.0782604
106.731_103.423_-0.470959
107.121_103.115_-0.863659
107.382_102.691_-1.17368
107.58_102.232_-1.15302
107.778_101.773_-1.17368
107.977_101.314_-1.15302
108.175_100.855_-1.17368
108.419_100.42_-0.946332
108.707_100.011_-0.967
108.995_99.6027_-0.946332
109.283_99.194_-0.967
109.571_98.7854_-0.946332
109.815_98.3502_-1.17368
110.013_97.8911_-1.15302
110.211_97.432_-1.17368
110.409_96.973_-1.15302
110.608_96.5139_-1.17368
110.834_96.0684_-1.02901
111.096_95.6427_-1.00834
111.358_95.217_-1.02901
111.62_94.7913_-1.00834
111.739_94.5004_-1.3597
111.878_94.0207_-1.21502
112.048_93.5503_-1.23569
112.217_93.0798_-1.21502
112.386_92.6094_-1.23569
112.556_92.1389_-1.21502
112.763_91.6844_-1.07034
112.998_91.2433_-1.09101
113.234_90.8022_-1.07034
113.469_90.361_-1.09101
113.705_89.9199_-1.07034
113.921_89.4696_-1.17368
114.119_89.0106_-1.15302
114.327_88.5557_-1.13235
114.535_88.1008_-1.15302
114.742_87.646_-1.13235
114.94_87.187_-1.19435
115.129_86.7239_-1.17368
115.318_86.2608_-1.19435
115.506_85.7978_-1.17368
115.695_85.3347_-1.19435
115.964_84.9172_-0.801653
116.33_84.5766_-0.698312
116.716_84.2591_-0.677643
117.102_83.9416_-0.698312
117.482_83.6162_-0.71898
117.785_83.2224_-1.11168
117.983_82.7635_-1.21502
118.162_82.2967_-1.19435
118.341_81.8298_-1.21502
118.52_81.3629_-1.19435
118.689_80.8926_-1.25636
118.839_80.4155_-1.27703
118.988_79.9385_-1.25636
119.138_79.4614_-1.27703
119.288_78.9844_-1.25636
119.428_78.5044_-1.31836
119.557_78.0216_-1.29769
119.687_77.5387_-1.31836
119.817_77.0559_-1.29769
119.947_76.5731_-1.31836
120.116_76.1033_-1.13235
120.324_75.6484_-1.15302
120.522_75.1894_-1.17368
120.72_74.7303_-1.15302
120.918_74.2712_-1.17368
121.097_73.8044_-1.23569
121.266_73.334_-1.21502
121.436_72.8635_-1.23569
121.605_72.3931_-1.21502
121.774_71.9226_-1.23569
121.953_71.4558_-1.17368
122.142_70.9928_-1.19435
122.33_70.5297_-1.17368
122.519_70.0667_-1.19435
122.708_69.6036_-1.17368
122.877_69.1334_-1.27703
123.027_68.6563_-1.25636
123.186_68.1825_-1.23569
123.346_67.7086_-1.25636
123.495_67.2316_-1.27703
123.729_66.7932_-0.884327
124.042_66.4033_-0.904995
124.347_66.0069_-0.925664
124.652_65.6105_-0.904995
124.956_65.2141_-0.925664
125.191_64.7748_-1.23569
125.36_64.3043_-1.21502
125.539_63.8374_-1.19435
125.718_63.3706_-1.21502
125.897_62.9037_-1.19435
126.076_62.4369_-1.21502
126.255_61.97_-1.19435
126.434_61.5032_-1.21502
126.613_61.0363_-1.19435
126.802_60.5733_-1.17368
126.971_60.103_-1.27703
127.121_59.626_-1.25636
127.28_59.1521_-1.23569
127.44_58.6783_-1.25636
127.599_58.2044_-1.23569
127.851_57.7761_-0.84299
128.209_57.4281_-0.698312
128.589_57.1027_-0.71898
128.969_56.7773_-0.698312
129.348_56.4519_-0.71898
129.728_56.1265_-0.698312
130.108_55.8011_-0.71898
130.487_55.4757_-0.698312
130.867_55.1503_-0.71898
131.246_54.825_-0.698312
131.557_54.4375_-1.09101
131.696_53.9605_-1.48371
131.745_53.4629_-1.46304
131.793_52.9652_-1.48371
131.842_52.4676_-1.46304
131.798_51.9728_-1.85574
131.577_51.5272_-2.2071
131.276_51.1281_-2.22777
130.974_50.7291_-2.2071
130.673_50.33_-2.22777
130.424_49.8981_-1.95908
130.25_49.4297_-1.89708
130.185_48.9371_-1.50438
130.314_48.4574_-1.11168
130.559_48.0214_-1.00834
130.821_47.5957_-1.02901
131.083_47.17_-1.00834
131.345_46.7443_-1.02901
131.608_46.3186_-1.00834
131.879_45.8984_-0.987669
132.15_45.4782_-1.00834
132.412_45.0525_-1.02901
132.746_44.6851_-0.636306
133.157_44.4006_-0.574301
133.574_44.1246_-0.59497
133.991_43.8487_-0.574301
134.408_43.5728_-0.59497
134.555_43.424_-0.987669
134.742_42.9639_-1.38037
134.739_42.4671_-1.77307
134.547_42.0093_-2.16577
134.193_41.6601_-2.55847
133.84_41.3109_-2.16577
133.647_40.853_-1.77307
133.644_40.3562_-1.38037
133.813_39.8876_-1.07034
134.057_39.4515_-1.04967
134.293_39.0104_-1.11168
134.509_38.5599_-1.13235
134.726_38.1094_-1.11168
134.943_37.659_-1.13235
135.16_37.2085_-1.11168
135.455_36.808_-0.760317
135.821_36.4672_-0.739648
136.187_36.1263_-0.760317
136.553_35.7855_-0.739648
136.919_35.4447_-0.760317
137.339_35.1792_-0.367618
137.824_35.0639_-0.0989288
138.321_35.0094_-0.119597
138.818_34.9549_-0.0989288
139.315_34.9004_-0.119597
139.787_34.746_-0.512296
140.164_34.4227_-0.904995
140.389_33.9796_-1.29769
140.519_33.4968_-1.31836
140.638_33.0114_-1.33903
140.656_32.5149_-1.73173
140.551_32.0264_-1.83507
140.415_31.5451_-1.85574
140.279_31.0639_-1.83507
140.144_30.5826_-1.85574
140.1_30.0878_-1.46304
140.249_29.6138_-1.07034
140.567_29.2328_-0.677643
141.008_29.0028_-0.284944
141.499_28.9178_-0.057592
141.999_28.8942_-0.0369237
142.498_28.8705_-0.057592
142.997_28.8366_-0.0782604
143.496_28.8027_-0.057592
143.995_28.7791_-0.0369237
144.493_28.7348_-0.140266
144.989_28.6701_-0.119597
145.485_28.6053_-0.140266
145.981_28.5405_-0.119597
146.476_28.4757_-0.140266
146.972_28.5036_0.252434
147.438_28.6822_0.479786
147.884_28.9084_0.459117
148.335_29.1253_0.438449
148.785_29.3422_0.459117
149.236_29.5592_0.438449
149.686_29.7761_0.459117
150.136_29.993_0.438449
150.587_30.2099_0.459117
151.033_30.4361_0.479786
151.479_30.6623_0.459117
151.929_30.8793_0.438449
152.38_31.0962_0.459117
152.826_31.3224_0.479786
153.272_31.5486_0.459117
153.751_31.6776_0.0664182
154.244_31.6133_-0.326281
154.45_31.5775_-0.0162553
154.45_31.5775_0.0870866
154.45_31.5775_0.107755
154.924_31.7263_0.500454
155.332_32.0138_0.727806
155.702_32.3502_0.748474
156.065_32.6943_0.769143
156.428_33.0383_0.748474
