configuration 46.843963623_148.978851318_-0.536406748472_0.843959596304_156.577575684_33.1800613403_0.186652677497_0.98242596565
length 208.795
time 7.90577
roughness 0.000366328
46.844_148.979_-1.13235
47.0421_148.52_-1.19435
47.2307_148.057_-1.17368
47.4193_147.594_-1.19435
47.6079_147.131_-1.17368
47.7965_146.668_-1.19435
48.0657_146.25_-0.801653
48.4448_145.925_-0.615638
48.85_145.632_-0.636306
49.249_145.331_-0.656975
49.6481_145.03_-0.636306
49.9824_144.662_-1.02901
50.2176_144.221_-1.13235
50.4346_143.771_-1.11168
50.6515_143.32_-1.13235
50.8684_142.87_-1.11168
51.076_142.415_-1.17368
51.2646_141.952_-1.19435
51.4532_141.489_-1.17368
51.6418_141.026_-1.19435
51.8304_140.563_-1.17368
51.9294_140.076_-1.56638
51.8347_139.588_-1.95908
51.5605_139.174_-2.35178
51.1487_138.896_-2.74448
50.9536_138.765_-2.35178
50.6794_138.35_-1.95908
50.5846_137.863_-1.56638
50.6837_137.376_-1.17368
50.9187_136.935_-0.987669
51.1897_136.515_-1.00834
51.5315_136.155_-0.615638
51.9484_135.879_-0.553633
52.3764_135.62_-0.532965
52.8044_135.362_-0.553633
53.2324_135.103_-0.532965
53.6028_134.772_-0.925664
53.8465_134.337_-1.19435
54.0351_133.874_-1.17368
54.2333_133.415_-1.15302
54.4314_132.956_-1.17368
54.5809_132.48_-1.3597
54.6907_131.992_-1.33903
54.8106_131.507_-1.31836
54.9304_131.021_-1.33903
55.0503_130.536_-1.31836
55.2658_130.088_-0.925664
55.5943_129.712_-0.780985
55.9458_129.356_-0.801653
56.2898_128.993_-0.822322
56.6338_128.631_-0.801653
56.912_128.218_-1.15302
57.1196_127.763_-1.13235
57.3365_127.313_-1.11168
57.5534_126.862_-1.13235
57.7703_126.412_-1.11168
57.8994_125.932_-1.50438
57.8964_125.433_-1.64906
57.8625_124.934_-1.62839
57.8389_124.434_-1.60772
57.8153_123.935_-1.62839
57.884_123.443_-1.23569
58.1357_123.015_-0.84299
58.487_122.659_-0.739648
58.8598_122.326_-0.71898
59.2327_121.993_-0.739648
59.5273_121.593_-1.13235
59.7254_121.134_-1.19435
59.914_120.671_-1.17368
60.1026_120.208_-1.19435
60.2912_119.745_-1.17368
60.4893_119.286_-1.15302
60.6874_118.827_-1.17368
60.8855_118.367_-1.15302
61.0837_117.908_-1.17368
61.2818_117.449_-1.15302
61.4987_116.999_-1.09101
61.7341_116.558_-1.07034
61.9694_116.117_-1.09101
62.0133_115.966_-1.48371
62.0133_115.966_-1.87641
61.9591_115.472_-1.48371
62.0981_114.995_-1.09101
62.3243_114.549_-1.11168
62.5505_114.103_-1.09101
62.7766_113.658_-1.11168
62.9554_113.191_-1.29769
63.0952_112.711_-1.27703
63.235_112.231_-1.29769
63.3749_111.751_-1.27703
63.5147_111.271_-1.29769
63.6742_110.798_-1.19435
63.8531_110.331_-1.21502
64.0321_109.864_-1.19435
64.2111_109.397_-1.21502
64.3901_108.93_-1.19435
64.4791_108.441_-1.58705
64.3942_107.951_-1.89708
64.2194_107.482_-1.95908
64.1695_107.226_-1.56638
64.2686_106.739_-1.17368
64.5464_106.327_-0.780985
64.9257_106.002_-0.636306
65.3247_105.701_-0.656975
65.7238_105.399_-0.636306
66.0889_105.059_-0.863659
66.4176_104.683_-0.84299
66.7463_104.306_-0.863659
67.0751_103.929_-0.84299
67.4038_103.552_-0.863659
67.6467_103.119_-1.25636
67.7563_102.632_-1.44237
67.8255_102.137_-1.4217
67.9048_101.643_-1.40104
67.9842_101.149_-1.4217
68.1236_100.671_-1.15302
68.3218_100.212_-1.17368
68.5199_99.7527_-1.15302
68.7275_99.2978_-1.13235
68.9717_98.862_-0.987669
69.2513_98.4475_-0.967
69.5309_98.033_-0.987669
69.8105_97.6185_-0.967
70.0901_97.204_-0.987669
70.2969_96.751_-1.29769
70.4367_96.2709_-1.27703
70.5765_95.7909_-1.29769
70.7164_95.3108_-1.27703
70.8661_94.8338_-1.25636
71.0732_94.3799_-1.02901
71.3354_93.9542_-1.00834
71.5977_93.5285_-1.02901
71.8599_93.1028_-1.00834
72.1222_92.6771_-1.02901
72.4565_92.3096_-0.636306
72.8787_92.0426_-0.491628
73.317_91.802_-0.512296
73.7502_91.5524_-0.532965
74.1835_91.3028_-0.512296
74.6557_91.1485_-0.119597
75.151_91.1866_0.273102
75.6211_91.3557_0.417781
76.0801_91.5539_0.397112
76.5392_91.752_0.417781
76.9983_91.9501_0.397112
77.4613_92.1387_0.376444
77.9244_92.3273_0.397112
78.3874_92.5159_0.376444
78.8505_92.7045_0.397112
79.3373_92.8036_0.00441308
79.825_92.7088_-0.388286
80.2513_92.4514_-0.698312
80.6375_92.1339_-0.677643
81.0303_91.8245_-0.656975
81.4753_91.6036_-0.264276
81.9709_91.5699_0.128423
82.4417_91.7284_0.521122
82.8617_91.9993_0.624464
83.2643_92.2958_0.645133
83.6992_92.5395_0.376444
84.1623_92.7281_0.397112
84.6253_92.9167_0.376444
85.0884_93.1053_0.397112
85.5514_93.2939_0.376444
85.9967_93.5198_0.562459
86.4169_93.7908_0.583128
86.8371_94.0617_0.562459
87.2628_94.324_0.541791
87.6885_94.5862_0.562459
88.1292_94.8214_0.417781
88.5883_95.0195_0.397112
89.0473_95.2177_0.417781
89.5064_95.4158_0.397112
89.9655_95.6139_0.417781
90.4441_95.7533_0.149092
90.9377_95.8327_0.16976
91.4314_95.9121_0.149092
91.925_95.9914_0.16976
92.4187_96.0708_0.149092
92.9005_96.2004_0.376444
93.3673_96.3794_0.355775
93.8342_96.5584_0.376444
94.301_96.7374_0.355775
94.7679_96.9164_0.376444
95.1972_97.1688_0.686469
95.5806_97.4896_0.707138
95.9641_97.8105_0.686469
96.3475_98.1314_0.707138
96.731_98.4523_0.686469
97.1693_98.6861_0.29377
97.6566_98.7958_0.149092
98.1503_98.8752_0.16976
98.6422_98.9648_0.190428
99.1341_99.0543_0.16976
99.598_99.2322_0.562459
99.9938_99.5365_0.748474
100.357_99.8805_0.769143
100.719_100.225_0.748474
101.082_100.569_0.769143
101.452_100.905_0.707138
101.829_101.234_0.727806
102.206_101.562_0.707138
102.582_101.891_0.727806
102.959_102.22_0.707138
103.392_102.463_0.314439
103.881_102.562_0.0870866
104.38_102.601_0.0664182
104.878_102.639_0.0870866
105.376_102.688_0.107755
105.871_102.644_-0.284944
106.311_102.414_-0.677643
106.63_102.033_-1.07034
106.856_101.587_-1.13235
107.073_101.136_-1.11168
107.29_100.686_-1.13235
107.498_100.231_-1.15302
107.705_99.7761_-1.13235
107.913_99.3213_-1.15302
108.12_98.8664_-1.13235
108.382_98.4416_-0.904995
108.687_98.0452_-0.925664
108.983_97.6426_-0.946332
109.28_97.2401_-0.925664
109.576_96.8375_-0.946332
109.82_96.4022_-1.17368
110.018_95.9432_-1.15302
110.226_95.4883_-1.13235
110.433_95.0334_-1.15302
110.641_94.5786_-1.13235
110.858_94.1281_-1.11168
111.084_93.6822_-1.09101
111.31_93.2363_-1.11168
111.536_92.7904_-1.09101
111.763_92.3445_-1.11168
111.961_91.8856_-1.21502
112.13_91.4152_-1.23569
112.299_90.9447_-1.21502
112.469_90.4743_-1.23569
112.638_90.0038_-1.21502
112.836_89.5449_-1.11168
113.053_89.0945_-1.13235
113.27_88.644_-1.11168
113.487_88.1935_-1.13235
113.704_87.743_-1.11168
113.974_87.3237_-0.884327
114.287_86.9337_-0.904995
114.6_86.5438_-0.884327
114.913_86.1538_-0.904995
115.226_85.7638_-0.884327
115.53_85.3674_-0.946332
115.818_84.9588_-0.967
116.107_84.5502_-0.946332
116.395_84.1416_-0.967
116.683_83.7329_-0.946332
116.918_83.2931_-1.21502
117.096_82.8263_-1.19435
117.275_82.3594_-1.21502
117.454_81.8925_-1.19435
117.633_81.4257_-1.21502
117.85_80.9759_-1.02901
118.103_80.5448_-1.04967
118.357_80.1138_-1.02901
118.61_79.6828_-1.04967
118.864_79.2517_-1.02901
119.117_78.8207_-1.04967
119.361_78.3845_-1.07034
119.606_77.9484_-1.04967
119.85_77.5122_-1.07034
120.095_77.076_-1.04967
120.273_76.611_-1.3597
120.383_76.1233_-1.33903
120.503_75.6378_-1.31836
120.623_75.1524_-1.33903
120.742_74.667_-1.31836
120.958_74.2194_-0.925664
121.271_73.8295_-0.863659
121.6_73.4528_-0.84299
121.928_73.076_-0.863659
122.257_72.6993_-0.84299
122.586_72.3226_-0.863659
122.915_71.9458_-0.84299
123.243_71.5691_-0.863659
123.572_71.1924_-0.84299
123.901_70.8157_-0.863659
124.144_70.3823_-1.25636
124.283_69.9023_-1.31836
124.413_69.4195_-1.29769
124.543_68.9366_-1.31836
124.673_68.4538_-1.29769
124.823_67.9768_-1.23569
124.992_67.5064_-1.21502
125.161_67.0359_-1.23569
125.331_66.5655_-1.21502
125.5_66.095_-1.23569
125.64_65.6152_-1.33903
125.76_65.1298_-1.31836
125.879_64.6444_-1.33903
125.999_64.159_-1.31836
126.119_63.6735_-1.33903
126.325_63.2216_-0.946332
126.654_62.8454_-0.760317
127.012_62.4971_-0.780985
127.364_62.1415_-0.801653
127.715_61.7858_-0.780985
127.993_61.374_-1.17368
128.153_60.9005_-1.31836
128.282_60.4177_-1.29769
128.422_59.9377_-1.27703
128.562_59.4576_-1.29769
128.787_59.0146_-0.904995
129.1_58.6246_-0.884327
129.421_58.2411_-0.863659
129.741_57.8577_-0.884327
130.062_57.4743_-0.863659
130.305_57.0409_-1.25636
130.364_56.5475_-1.64906
130.229_56.0694_-2.04176
129.998_55.6262_-2.06242
129.766_55.183_-2.04176
129.631_54.7048_-1.64906
129.69_54.2115_-1.25636
129.915_53.7673_-0.946332
130.203_53.3587_-0.967
130.483_52.9442_-0.987669
130.803_52.5616_-0.760317
131.169_52.2208_-0.739648
131.535_51.88_-0.760317
131.901_51.5392_-0.739648
132.266_51.1984_-0.760317
132.327_51.1129_-1.15302
132.436_50.6282_-1.54571
132.351_50.1387_-1.93841
132.086_49.7188_-2.33111
131.68_49.4326_-2.72381
131.274_49.1463_-2.33111
131.008_48.7264_-1.93841
130.923_48.2369_-1.54571
131.023_47.7495_-1.19435
131.211_47.2864_-1.17368
131.489_46.8746_-0.780985
131.893_46.5828_-0.470959
132.336_46.3513_-0.491628
132.774_46.1108_-0.512296
133.212_45.8702_-0.491628
133.596_45.5547_-0.884327
133.83_45.1164_-1.27703
133.878_44.622_-1.66973
133.802_44.3718_-2.06242
133.802_44.3718_-1.66973
133.851_43.8774_-1.27703
134.084_43.4391_-0.884327
134.468_43.1236_-0.491628
134.916_42.9014_-0.429623
135.373_42.6979_-0.408954
135.781_42.4152_-0.801653
136.102_42.0321_-0.946332
136.39_41.6234_-0.967
136.678_41.2148_-0.946332
136.966_40.8062_-0.967
137.163_40.3501_-1.3597
137.17_39.8533_-1.7524
137.085_39.3606_-1.73173
137_38.868_-1.7524
136.915_38.3753_-1.73173
136.932_37.8788_-1.33903
137.139_37.4268_-0.946332
137.427_37.0182_-0.967
137.706_36.6037_-0.987669
137.986_36.1892_-0.967
138.183_35.7331_-1.3597
138.2_35.236_-1.71106
138.136_34.7402_-1.69039
138.081_34.2432_-1.66973
138.027_33.7462_-1.69039
138.065_33.2509_-1.29769
138.289_32.8078_-0.904995
138.61_32.4244_-0.84299
138.939_32.0477_-0.863659
139.268_31.671_-0.84299
139.519_31.2427_-1.23569
139.588_30.7507_-1.62839
139.463_30.2698_-2.02109
139.205_29.8424_-2.2071
138.904_29.4434_-2.22777
138.695_29.0218_-1.83507
138.674_28.7087_-1.44237
138.765_28.4362_-1.04967
138.937_28.2391_-0.656975
139.148_28.1345_-0.264276
139.638_28.0392_-0.119597
140.135_27.9847_-0.0989288
140.632_27.9302_-0.119597
141.129_27.8757_-0.0989288
141.627_27.8314_-0.0782604
142.121_27.89_0.314439
142.595_28.0495_0.335107
143.069_28.2091_0.314439
143.546_28.3588_0.29377
144.023_28.5085_0.314439
144.493_28.6778_0.376444
144.96_28.8568_0.355775
145.427_29.0358_0.376444
145.894_29.2147_0.355775
146.364_29.384_0.335107
146.834_29.5533_0.355775
147.301_29.7323_0.376444
147.768_29.9113_0.355775
148.239_30.0806_0.335107
148.709_30.2499_0.355775
149.2_30.3288_-0.0369237
149.698_30.2949_-0.0989288
150.195_30.2403_-0.119597
150.691_30.2784_0.273102
151.153_30.4666_0.500454
151.589_30.7111_0.521122
152.025_30.9555_0.500454
152.461_31.1999_0.521122
152.907_31.426_0.417781
153.362_31.6336_0.438449
153.817_31.8412_0.417781
154.272_32.0487_0.438449
154.722_32.2657_0.459117
155.173_32.4826_0.438449
155.623_32.6995_0.459117
156.069_32.9257_0.479786
156.515_33.1519_0.459117
