configuration 133.385482788_115.927223206_-0.986328190641_0.164792901387_34.5528411865_13.6445770264_-0.541385985877_0.840774175564
length 177.695
time 20.0261
roughness 5.52252e-05
133.385_115.927_-2.8105
132.922_115.741_-2.70715
132.466_115.535_-2.72782
132.01_115.329_-2.70715
131.555_115.123_-2.72782
131.099_114.918_-2.70715
130.643_114.712_-2.72782
130.188_114.506_-2.70715
129.732_114.3_-2.72782
129.276_114.095_-2.70715
128.821_113.889_-2.72782
128.365_113.683_-2.70715
127.909_113.477_-2.72782
127.454_113.272_-2.70715
126.998_113.066_-2.72782
126.542_112.86_-2.70715
126.086_112.654_-2.72782
125.631_112.449_-2.70715
125.175_112.243_-2.72782
124.719_112.037_-2.70715
124.264_111.831_-2.72782
123.808_111.626_-2.70715
123.352_111.42_-2.72782
122.897_111.214_-2.70715
122.441_111.008_-2.72782
121.985_110.803_-2.70715
121.529_110.597_-2.72782
121.074_110.391_-2.70715
120.618_110.185_-2.72782
120.162_109.98_-2.70715
119.707_109.774_-2.72782
119.251_109.568_-2.70715
118.795_109.362_-2.72782
118.34_109.157_-2.70715
117.884_108.951_-2.72782
117.428_108.745_-2.70715
116.973_108.539_-2.72782
116.517_108.334_-2.70715
116.061_108.128_-2.72782
115.605_107.922_-2.70715
115.15_107.716_-2.72782
114.694_107.511_-2.70715
114.238_107.305_-2.72782
113.783_107.099_-2.70715
113.327_106.893_-2.72782
112.871_106.688_-2.70715
112.416_106.482_-2.72782
111.96_106.276_-2.70715
111.504_106.07_-2.72782
111.048_105.865_-2.70715
110.593_105.659_-2.72782
110.137_105.453_-2.70715
109.681_105.247_-2.72782
109.226_105.042_-2.70715
108.77_104.836_-2.72782
108.314_104.63_-2.70715
107.859_104.424_-2.72782
107.403_104.219_-2.70715
106.947_104.013_-2.72782
106.492_103.807_-2.70715
106.036_103.601_-2.72782
105.58_103.396_-2.70715
105.124_103.19_-2.72782
104.669_102.984_-2.70715
104.213_102.778_-2.72782
103.757_102.573_-2.70715
103.302_102.367_-2.72782
102.846_102.161_-2.70715
102.39_101.955_-2.72782
101.935_101.75_-2.70715
101.479_101.544_-2.72782
101.023_101.338_-2.70715
100.567_101.132_-2.72782
100.112_100.927_-2.70715
99.6561_100.721_-2.72782
99.2004_100.515_-2.70715
98.7447_100.309_-2.72782
98.289_100.104_-2.70715
97.8333_99.8979_-2.72782
97.3776_99.6922_-2.70715
96.9219_99.4864_-2.72782
96.4662_99.2807_-2.70715
96.0105_99.0749_-2.72782
95.5548_98.8692_-2.70715
95.0991_98.6634_-2.72782
94.6434_98.4577_-2.70715
94.1877_98.2519_-2.72782
93.732_98.0462_-2.70715
93.2763_97.8405_-2.72782
92.8206_97.6347_-2.70715
92.3649_97.429_-2.72782
91.9092_97.2232_-2.70715
91.4536_97.0175_-2.72782
90.9979_96.8117_-2.70715
90.5422_96.606_-2.72782
90.0865_96.4002_-2.70715
89.6308_96.1945_-2.72782
89.1751_95.9887_-2.70715
88.7194_95.783_-2.72782
88.2637_95.5772_-2.70715
87.808_95.3715_-2.72782
87.3523_95.1657_-2.70715
86.8966_94.96_-2.72782
86.4409_94.7542_-2.70715
85.9852_94.5485_-2.72782
85.5295_94.3427_-2.70715
85.0738_94.137_-2.72782
84.6181_93.9312_-2.70715
84.1624_93.7255_-2.72782
83.7067_93.5197_-2.70715
83.251_93.314_-2.72782
82.7953_93.1082_-2.70715
82.344_92.8931_-2.68649
81.8926_92.678_-2.70715
81.4369_92.4722_-2.72782
80.9812_92.2665_-2.70715
80.5299_92.0514_-2.68649
80.0786_91.8363_-2.70715
79.6229_91.6305_-2.72782
79.1672_91.4248_-2.70715
78.7158_91.2096_-2.68649
78.2645_90.9945_-2.70715
77.8088_90.7888_-2.72782
77.3531_90.583_-2.70715
76.9017_90.3679_-2.68649
76.4504_90.1528_-2.70715
75.9947_89.947_-2.72782
75.539_89.7413_-2.70715
75.0876_89.5262_-2.68649
74.6363_89.311_-2.70715
74.2351_89.018_-2.31446
73.9766_88.5938_-1.92176
73.9001_88.1029_-1.52906
73.9974_87.6145_-1.21903
74.1648_87.1434_-1.2397
74.3323_86.6723_-1.21903
74.4997_86.2012_-1.2397
74.6671_85.73_-1.21903
74.8345_85.2589_-1.2397
75.0019_84.7878_-1.21903
75.1693_84.3166_-1.2397
75.3367_83.8455_-1.21903
75.5042_83.3744_-1.2397
75.6716_82.9032_-1.21903
75.839_82.4321_-1.2397
76.0064_81.961_-1.21903
76.1738_81.4899_-1.2397
76.3412_81.0187_-1.21903
76.5086_80.5476_-1.2397
76.6761_80.0765_-1.21903
76.8435_79.6053_-1.2397
77.0109_79.1342_-1.21903
77.1783_78.6631_-1.2397
77.3457_78.1919_-1.21903
77.5131_77.7208_-1.2397
77.6805_77.2497_-1.21903
77.848_76.7786_-1.2397
78.0154_76.3074_-1.21903
78.1828_75.8363_-1.2397
78.3502_75.3652_-1.21903
78.5176_74.894_-1.2397
78.685_74.4229_-1.21903
78.8525_73.9518_-1.2397
79.0199_73.4806_-1.21903
79.1873_73.0095_-1.2397
79.3547_72.5384_-1.21903
79.5221_72.0673_-1.2397
79.6895_71.5961_-1.21903
79.8569_71.125_-1.2397
80.0244_70.6539_-1.21903
80.1918_70.1827_-1.2397
80.3592_69.7116_-1.21903
80.5266_69.2405_-1.2397
80.694_68.7693_-1.21903
80.8614_68.2982_-1.2397
81.0288_67.8271_-1.21903
81.1963_67.356_-1.2397
81.3637_66.8848_-1.21903
81.5311_66.4137_-1.2397
81.6985_65.9426_-1.21903
81.8659_65.4714_-1.2397
82.0333_65.0003_-1.21903
82.2007_64.5292_-1.2397
82.3682_64.058_-1.21903
82.5356_63.5869_-1.2397
82.703_63.1158_-1.21903
82.8704_62.6447_-1.2397
83.028_62.1702_-1.26037
83.1857_61.6957_-1.2397
83.3531_61.2245_-1.21903
83.5205_60.7534_-1.2397
83.6782_60.2789_-1.26037
83.8358_59.8044_-1.2397
84.0032_59.3333_-1.21903
84.1706_58.8622_-1.2397
84.3283_58.3877_-1.26037
84.4859_57.9132_-1.2397
84.6533_57.4421_-1.21903
84.8207_56.9709_-1.2397
84.9784_56.4965_-1.26037
85.136_56.022_-1.2397
85.3034_55.5508_-1.21903
85.4709_55.0797_-1.2397
85.6285_54.6052_-1.26037
85.7861_54.1307_-1.2397
85.9536_53.6596_-1.21903
86.121_53.1885_-1.2397
86.2786_52.714_-1.26037
86.4363_52.2395_-1.2397
86.6037_51.7684_-1.21903
86.6806_51.2775_-1.61173
86.5638_50.7947_-2.00443
86.2711_50.3932_-2.39713
85.8865_50.074_-2.50047
85.489_49.7709_-2.4798
85.0914_49.4677_-2.50047
84.6938_49.1645_-2.4798
84.2962_48.8614_-2.50047
83.8924_48.5665_-2.52114
83.4886_48.2716_-2.50047
83.091_47.9684_-2.4798
82.7892_47.7574_-2.58314
82.3523_47.5149_-2.68649
81.9009_47.2997_-2.70715
81.4496_47.0846_-2.68649
80.9982_46.8695_-2.70715
80.5469_46.6544_-2.68649
80.0955_46.4393_-2.70715
79.6442_46.2241_-2.68649
79.1928_46.009_-2.70715
78.7415_45.7939_-2.68649
78.2901_45.5788_-2.70715
77.8388_45.3636_-2.68649
77.3874_45.1485_-2.70715
76.9361_44.9334_-2.68649
76.4847_44.7183_-2.70715
76.0334_44.5032_-2.68649
75.5821_44.288_-2.70715
75.1307_44.0729_-2.68649
74.6794_43.8578_-2.70715
74.228_43.6427_-2.68649
73.7767_43.4275_-2.70715
73.3253_43.2124_-2.68649
72.874_42.9973_-2.70715
72.4226_42.7822_-2.68649
71.9713_42.5671_-2.70715
71.5199_42.3519_-2.68649
71.0686_42.1368_-2.70715
70.6172_41.9217_-2.68649
70.1659_41.7066_-2.70715
69.7146_41.4914_-2.68649
69.2632_41.2763_-2.70715
68.8119_41.0612_-2.68649
68.3605_40.8461_-2.70715
67.9092_40.631_-2.68649
67.4578_40.4158_-2.70715
67.0065_40.2007_-2.68649
66.5551_39.9856_-2.70715
66.1038_39.7705_-2.68649
65.6524_39.5553_-2.70715
65.2011_39.3402_-2.68649
64.7497_39.1251_-2.70715
64.2984_38.91_-2.68649
63.8471_38.6949_-2.70715
63.3957_38.4797_-2.68649
62.9444_38.2646_-2.70715
62.493_38.0495_-2.68649
62.0417_37.8344_-2.70715
61.5903_37.6192_-2.68649
61.139_37.4041_-2.70715
60.6876_37.189_-2.68649
60.2363_36.9739_-2.70715
59.7849_36.7588_-2.68649
59.3336_36.5436_-2.70715
58.8822_36.3285_-2.68649
58.4309_36.1134_-2.70715
57.9795_35.8983_-2.68649
57.5282_35.6831_-2.70715
57.0769_35.468_-2.68649
56.6255_35.2529_-2.70715
56.1742_35.0378_-2.68649
55.7228_34.8227_-2.70715
55.2715_34.6075_-2.68649
54.8201_34.3924_-2.70715
54.3688_34.1773_-2.68649
53.9174_33.9622_-2.70715
53.4661_33.747_-2.68649
53.0147_33.5319_-2.70715
52.5634_33.3168_-2.68649
52.112_33.1017_-2.70715
51.6607_32.8866_-2.68649
51.2094_32.6714_-2.70715
50.758_32.4563_-2.68649
50.3067_32.2412_-2.70715
49.8553_32.0261_-2.68649
49.404_31.8109_-2.70715
48.9526_31.5958_-2.68649
48.5013_31.3807_-2.70715
48.0499_31.1656_-2.68649
47.5986_30.9505_-2.70715
47.1472_30.7353_-2.68649
46.6959_30.5202_-2.70715
46.2445_30.3051_-2.68649
45.7932_30.09_-2.70715
45.3419_29.8748_-2.68649
44.8905_29.6597_-2.70715
44.4392_29.4446_-2.68649
43.9878_29.2295_-2.70715
43.5365_29.0144_-2.68649
43.0851_28.7992_-2.70715
42.6338_28.5841_-2.68649
42.1824_28.369_-2.70715
41.7311_28.1539_-2.68649
41.2843_27.9295_-2.66582
40.8375_27.7051_-2.68649
40.3861_27.4899_-2.70715
39.9348_27.2748_-2.68649
39.488_27.0504_-2.66582
39.0412_26.826_-2.68649
38.5898_26.6109_-2.70715
38.1385_26.3958_-2.68649
37.6917_26.1714_-2.66582
37.2449_25.947_-2.68649
36.7935_25.7318_-2.70715
36.3422_25.5167_-2.68649
35.8954_25.2923_-2.66582
35.4486_25.0679_-2.68649
34.9972_24.8528_-2.70715
34.5459_24.6377_-2.68649
34.0991_24.4132_-2.66582
33.6523_24.1888_-2.68649
33.2009_23.9737_-2.70715
32.7496_23.7586_-2.68649
32.3028_23.5342_-2.66582
31.914_23.2249_-2.27312
31.6733_22.7903_-1.88042
31.6171_22.2967_-1.48772
31.7246_21.81_-1.21903
31.892_21.3388_-1.2397
32.0595_20.8677_-1.21903
32.2269_20.3966_-1.2397
32.3943_19.9254_-1.21903
32.5617_19.4543_-1.2397
32.7194_18.9798_-1.26037
32.877_18.5053_-1.2397
33.0444_18.0342_-1.21903
33.2118_17.5631_-1.2397
33.3695_17.0886_-1.26037
33.5271_16.6141_-1.2397
33.6945_16.143_-1.21903
33.8619_15.6718_-1.2397
34.0196_15.1973_-1.26037
34.1772_14.7228_-1.2397
34.3446_14.2517_-1.21903
34.512_13.7806_-1.2397
