configuration 133.385482788_115.927223206_-0.986328190641_0.164792901387_34.5528411865_13.6445770264_-0.541385985877_0.840774175564
length 178.751
time 2.05406
roughness 5.83442e-05
133.385_115.927_-2.8105
132.922_115.741_-2.70715
132.466_115.535_-2.72782
132.01_115.329_-2.70715
131.555_115.123_-2.72782
131.099_114.918_-2.70715
130.643_114.712_-2.72782
130.188_114.506_-2.70715
129.732_114.3_-2.72782
129.276_114.095_-2.70715
128.821_113.889_-2.72782
128.365_113.683_-2.70715
127.909_113.477_-2.72782
127.454_113.272_-2.70715
126.998_113.066_-2.72782
126.542_112.86_-2.70715
126.086_112.654_-2.72782
125.631_112.449_-2.70715
125.175_112.243_-2.72782
124.719_112.037_-2.70715
124.268_111.822_-2.68649
123.817_111.607_-2.70715
123.361_111.401_-2.72782
122.905_111.195_-2.70715
122.454_110.98_-2.68649
122.003_110.765_-2.70715
121.547_110.559_-2.72782
121.091_110.354_-2.70715
120.64_110.138_-2.68649
120.188_109.923_-2.70715
119.733_109.718_-2.72782
119.277_109.512_-2.70715
118.826_109.297_-2.68649
118.374_109.082_-2.70715
117.919_108.876_-2.72782
117.463_108.67_-2.70715
117.012_108.455_-2.68649
116.56_108.24_-2.70715
116.105_108.034_-2.72782
115.649_107.828_-2.70715
115.198_107.613_-2.68649
114.746_107.398_-2.70715
114.291_107.192_-2.72782
113.835_106.987_-2.70715
113.383_106.772_-2.68649
112.932_106.556_-2.70715
112.476_106.351_-2.72782
112.021_106.145_-2.70715
111.569_105.93_-2.68649
111.118_105.715_-2.70715
110.662_105.509_-2.72782
110.207_105.303_-2.70715
109.755_105.088_-2.68649
109.304_104.873_-2.70715
108.848_104.667_-2.72782
108.393_104.461_-2.70715
107.941_104.246_-2.68649
107.49_104.031_-2.70715
107.034_103.825_-2.72782
106.579_103.62_-2.70715
106.127_103.405_-2.68649
105.676_103.189_-2.70715
105.22_102.984_-2.72782
104.764_102.778_-2.70715
104.313_102.563_-2.68649
103.862_102.348_-2.70715
103.406_102.142_-2.72782
102.95_101.936_-2.70715
102.499_101.721_-2.68649
102.048_101.506_-2.70715
101.592_101.3_-2.72782
101.136_101.094_-2.70715
100.685_100.879_-2.68649
100.234_100.664_-2.70715
99.7779_100.458_-2.72782
99.3222_100.253_-2.70715
98.8708_100.038_-2.68649
98.4195_99.8225_-2.70715
97.9638_99.6167_-2.72782
97.5081_99.411_-2.70715
97.0567_99.1958_-2.68649
96.6054_98.9807_-2.70715
96.1497_98.775_-2.72782
95.694_98.5692_-2.70715
95.2427_98.3541_-2.68649
94.7913_98.139_-2.70715
94.3356_97.9332_-2.72782
93.8799_97.7275_-2.70715
93.4286_97.5124_-2.68649
92.9772_97.2972_-2.70715
92.5215_97.0915_-2.72782
92.0658_96.8857_-2.70715
91.6145_96.6706_-2.68649
91.1631_96.4555_-2.70715
90.7074_96.2498_-2.72782
90.2517_96.044_-2.70715
89.8004_95.8289_-2.68649
89.3491_95.6138_-2.70715
88.8934_95.408_-2.72782
88.4377_95.2023_-2.70715
87.9863_94.9871_-2.68649
87.535_94.772_-2.70715
87.0793_94.5663_-2.72782
86.6236_94.3605_-2.70715
86.1722_94.1454_-2.68649
85.7209_93.9303_-2.70715
85.2652_93.7245_-2.72782
84.8095_93.5188_-2.70715
84.3581_93.3037_-2.68649
83.9068_93.0885_-2.70715
83.4511_92.8828_-2.72782
82.9954_92.677_-2.70715
82.5441_92.4619_-2.68649
82.0927_92.2468_-2.70715
81.637_92.041_-2.72782
81.1813_91.8353_-2.70715
80.73_91.6202_-2.68649
80.2786_91.4051_-2.70715
79.8229_91.1993_-2.72782
79.3672_90.9936_-2.70715
78.9159_90.7784_-2.68649
78.4645_90.5633_-2.70715
78.0088_90.3576_-2.72782
77.5532_90.1518_-2.70715
77.1018_89.9367_-2.68649
76.6505_89.7216_-2.70715
76.1948_89.5158_-2.72782
75.7391_89.3101_-2.70715
75.2877_89.095_-2.68649
74.8364_88.8798_-2.70715
74.3807_88.6741_-2.72782
74.0482_88.5156_-2.66582
73.6594_88.2063_-2.27312
73.4186_87.7717_-1.88042
73.3625_87.2781_-1.48772
73.4799_86.7942_-1.1777
73.6667_86.3303_-1.19836
73.8438_85.8628_-1.21903
74.0209_85.3952_-1.19836
74.198_84.9276_-1.21903
74.3751_84.4601_-1.19836
74.5523_83.9925_-1.21903
74.7294_83.5249_-1.19836
74.9065_83.0574_-1.21903
75.0836_82.5898_-1.19836
75.2607_82.1222_-1.21903
75.4378_81.6547_-1.19836
75.615_81.1871_-1.21903
75.7921_80.7195_-1.19836
75.9692_80.2519_-1.21903
76.1463_79.7844_-1.19836
76.3234_79.3168_-1.21903
76.5005_78.8492_-1.19836
76.6776_78.3817_-1.21903
76.8548_77.9141_-1.19836
77.0319_77.4465_-1.21903
77.209_76.979_-1.19836
77.3861_76.5114_-1.21903
77.5632_76.0438_-1.19836
77.7403_75.5763_-1.21903
77.9175_75.1087_-1.19836
78.0946_74.6411_-1.21903
78.2717_74.1735_-1.19836
78.4488_73.706_-1.21903
78.6259_73.2384_-1.19836
78.803_72.7708_-1.21903
78.9801_72.3033_-1.19836
79.1669_71.8395_-1.1777
79.3536_71.3756_-1.19836
79.5307_70.9081_-1.21903
79.7079_70.4405_-1.19836
79.8946_69.9767_-1.1777
80.0813_69.5129_-1.19836
80.2585_69.0453_-1.21903
80.4356_68.5778_-1.19836
80.6223_68.1139_-1.1777
80.8091_67.6501_-1.19836
80.9862_67.1826_-1.21903
81.1633_66.715_-1.19836
81.35_66.2512_-1.1777
81.5368_65.7874_-1.19836
81.7139_65.3198_-1.21903
81.891_64.8522_-1.19836
82.0777_64.3884_-1.1777
82.2645_63.9246_-1.19836
82.4416_63.4571_-1.21903
82.6187_62.9895_-1.19836
82.8055_62.5257_-1.1777
82.9922_62.0619_-1.19836
83.1693_61.5943_-1.21903
83.3464_61.1267_-1.19836
83.5332_60.6629_-1.1777
83.7199_60.1991_-1.19836
83.897_59.7315_-1.21903
84.0741_59.264_-1.19836
84.2609_58.8002_-1.1777
84.4476_58.3363_-1.19836
84.6247_57.8688_-1.21903
84.8019_57.4012_-1.19836
84.9886_56.9374_-1.1777
85.1753_56.4736_-1.19836
85.3525_56.006_-1.21903
85.5296_55.5385_-1.19836
85.7163_55.0746_-1.1777
85.903_54.6108_-1.19836
86.0802_54.1433_-1.21903
86.2573_53.6757_-1.19836
86.444_53.2119_-1.1777
86.6308_52.7481_-1.19836
86.8079_52.2805_-1.21903
86.985_51.8129_-1.19836
87.1717_51.3491_-1.1777
87.2689_50.8619_-1.57039
87.1721_50.3746_-1.96309
86.8963_49.9615_-2.35579
86.4886_49.6764_-2.70715
86.0373_49.4613_-2.68649
85.5859_49.2462_-2.70715
85.1346_49.0311_-2.68649
84.6832_48.816_-2.70715
84.2319_48.6008_-2.68649
83.7805_48.3857_-2.70715
83.3292_48.1706_-2.68649
82.8778_47.9555_-2.70715
82.4265_47.7403_-2.68649
81.9751_47.5252_-2.70715
81.5238_47.3101_-2.68649
81.0724_47.095_-2.70715
80.6211_46.8799_-2.68649
80.1698_46.6647_-2.70715
79.7184_46.4496_-2.68649
79.2671_46.2345_-2.70715
78.8157_46.0194_-2.68649
78.3644_45.8042_-2.70715
77.913_45.5891_-2.68649
77.4617_45.374_-2.70715
77.0103_45.1589_-2.68649
76.559_44.9438_-2.70715
76.1076_44.7286_-2.68649
75.6563_44.5135_-2.70715
75.2049_44.2984_-2.68649
74.7536_44.0833_-2.70715
74.3023_43.8681_-2.68649
73.8509_43.653_-2.70715
73.3996_43.4379_-2.68649
72.9482_43.2228_-2.70715
72.4969_43.0077_-2.68649
72.0455_42.7925_-2.70715
71.5942_42.5774_-2.68649
71.1428_42.3623_-2.70715
70.6915_42.1472_-2.68649
70.2401_41.932_-2.70715
69.7888_41.7169_-2.68649
69.3374_41.5018_-2.70715
68.8861_41.2867_-2.68649
68.4348_41.0716_-2.70715
67.9834_40.8564_-2.68649
67.5321_40.6413_-2.70715
67.0807_40.4262_-2.68649
66.6294_40.2111_-2.70715
66.178_39.9959_-2.68649
65.7267_39.7808_-2.70715
65.2753_39.5657_-2.68649
64.824_39.3506_-2.70715
64.3726_39.1355_-2.68649
63.9213_38.9203_-2.70715
63.4699_38.7052_-2.68649
63.0186_38.4901_-2.70715
62.5672_38.275_-2.68649
62.1159_38.0598_-2.70715
61.6646_37.8447_-2.68649
61.2132_37.6296_-2.70715
60.7619_37.4145_-2.68649
60.3105_37.1994_-2.70715
59.8592_36.9842_-2.68649
59.4078_36.7691_-2.70715
58.9565_36.554_-2.68649
58.5051_36.3389_-2.70715
58.0538_36.1237_-2.68649
57.6024_35.9086_-2.70715
57.1511_35.6935_-2.68649
56.7043_35.4691_-2.66582
56.2575_35.2447_-2.68649
55.8061_35.0296_-2.70715
55.3548_34.8144_-2.68649
54.908_34.59_-2.66582
54.4612_34.3656_-2.68649
54.0098_34.1505_-2.70715
53.5585_33.9354_-2.68649
53.1117_33.711_-2.66582
52.6649_33.4866_-2.68649
52.2135_33.2715_-2.70715
51.7622_33.0563_-2.68649
51.3154_32.8319_-2.66582
50.8686_32.6075_-2.68649
50.4172_32.3924_-2.70715
49.9659_32.1773_-2.68649
49.5191_31.9529_-2.66582
49.0723_31.7285_-2.68649
48.6209_31.5134_-2.70715
48.1696_31.2982_-2.68649
47.7228_31.0738_-2.66582
47.276_30.8494_-2.68649
46.8246_30.6343_-2.70715
46.3733_30.4192_-2.68649
45.9265_30.1948_-2.66582
45.4797_29.9704_-2.68649
45.0283_29.7552_-2.70715
44.577_29.5401_-2.68649
44.1302_29.3157_-2.66582
43.6834_29.0913_-2.68649
43.232_28.8762_-2.70715
42.7807_28.6611_-2.68649
42.3339_28.4367_-2.66582
41.8871_28.2123_-2.68649
41.4357_27.9971_-2.70715
40.9844_27.782_-2.68649
40.5376_27.5576_-2.66582
40.0908_27.3332_-2.68649
39.6394_27.1181_-2.70715
39.1881_26.903_-2.68649
38.7413_26.6786_-2.66582
38.2945_26.4542_-2.68649
37.8431_26.239_-2.70715
37.3918_26.0239_-2.68649
36.945_25.7995_-2.66582
36.4982_25.5751_-2.68649
36.0468_25.36_-2.70715
35.5955_25.1449_-2.68649
35.1487_24.9205_-2.66582
34.7019_24.6961_-2.68649
34.2505_24.4809_-2.70715
33.7992_24.2658_-2.68649
33.3524_24.0414_-2.66582
32.9056_23.817_-2.68649
32.4542_23.6019_-2.70715
32.053_23.3089_-2.31446
31.7945_22.8847_-1.92176
31.718_22.3938_-1.52906
31.8154_21.9054_-1.21903
31.9828_21.4343_-1.2397
32.1404_20.9598_-1.26037
32.2981_20.4853_-1.2397
32.4557_20.0108_-1.26037
32.6133_19.5363_-1.2397
32.771_19.0618_-1.26037
32.9286_18.5873_-1.2397
33.0863_18.1128_-1.26037
33.2439_17.6383_-1.2397
33.4015_17.1639_-1.26037
33.5592_16.6894_-1.2397
33.7168_16.2149_-1.26037
33.8745_15.7404_-1.2397
34.0321_15.2659_-1.26037
34.1898_14.7914_-1.2397
34.3474_14.3169_-1.26037
34.4952_13.8393_-1.28104
