configuration 14.2292175293_13.7099370956_-0.723728341199_0.690084986176_-18.0985870361_0.542219161987_-0.683562400866_0.729892077038
length 41.1922
time 3.88737
roughness 0.00102541
14.2292_13.7099_-1.61838
14.1797_13.2126_-1.72172
14.1096_12.7176_-1.70105
14.0396_12.2225_-1.72172
13.9695_11.7274_-1.70105
13.9097_11.231_-1.68038
13.7601_10.7573_-2.07308
13.5059_10.3268_-2.13509
13.2342_9.90713_-2.15576
12.9538_9.49315_-2.17643
12.5967_9.14773_-2.56912
12.1347_8.96525_-2.96182
11.6373_8.92199_-3.14784
11.1373_8.93028_-3.16851
10.6374_8.93857_-3.14784
10.1375_8.94686_-3.16851
9.63757_8.95515_-3.14784
9.13765_8.96344_-3.16851
8.63772_8.97173_-3.14784
8.1378_8.98002_-3.16851
7.63788_8.98831_-3.14784
7.13796_8.9966_-3.16851
6.63804_9.00489_-3.14784
6.13811_9.01318_-3.16851
5.63819_9.02147_-3.14784
5.13827_9.02976_-3.16851
4.63835_9.03805_-3.14784
4.13842_9.04634_-3.16851
3.6385_9.05463_-3.14784
3.13851_9.05258_-3.12717
2.74481_9.02653_-3.02383
2.27233_8.87303_-2.63113
1.89455_8.55041_-2.23843
1.62318_8.13131_-2.05242
1.38701_7.69062_-2.07308
1.14178_7.25489_-2.09375
0.896555_6.81917_-2.07308
0.660385_6.37847_-2.05242
0.424215_5.93777_-2.07308
0.178987_5.50205_-2.09375
-0.0662403_5.06633_-2.07308
-0.385765_4.68592_-2.46578
-0.826542_4.45675_-2.85848
-1.32046_4.39313_-3.16851
-1.82038_4.40142_-3.14784
-2.32037_4.39938_-3.12717
-2.82036_4.39734_-3.14784
-3.32035_4.39529_-3.12717
-3.82033_4.39325_-3.14784
-4.32025_4.40154_-3.16851
-4.82018_4.40983_-3.14784
-5.32016_4.40778_-3.12717
-5.82015_4.40574_-3.14784
-6.32007_4.41403_-3.16851
-6.82_4.42232_-3.14784
-7.31998_4.42028_-3.12717
-7.81982_4.4079_-3.1065
-8.3193_4.3852_-3.08583
-8.81877_4.36249_-3.1065
-9.31861_4.35012_-3.12717
-9.81845_4.33774_-3.1065
-10.3179_4.31504_-3.08583
-10.8168_4.28201_-3.06517
-11.3157_4.24899_-3.08583
-11.8146_4.21597_-3.06517
-12.3135_4.18295_-3.08583
-12.8124_4.14993_-3.06517
-13.3113_4.11691_-3.08583
-13.8102_4.08388_-3.06517
-14.3091_4.05086_-3.08583
-14.808_4.01784_-3.06517
-15.3069_3.98482_-3.08583
-15.8064_3.96211_-3.1065
-16.2781_3.92109_-3.00316
-16.7473_3.75786_-2.61046
-17.1183_3.4275_-2.21776
-17.3442_2.98429_-1.8664
-17.4948_2.50752_-1.88707
-17.6454_2.03074_-1.8664
-17.7861_1.55096_-1.84573
-17.9268_1.07117_-1.8664
-18.0774_0.594401_-1.88707
