configuration -11.8536100388_-27.1978302002_0.742596430242_0.669739159518_7.0929813385_4.64613723755_-0.0222057164121_0.999753422679
length 55.4948
time 5.96589
roughness 0.000862916
-11.8536_-27.1978_1.67388
-11.869_-26.6985_1.5292
-11.843_-26.1992_1.50853
-11.8171_-25.6999_1.5292
-11.7911_-25.2006_1.50853
-11.7652_-24.7012_1.5292
-11.7392_-24.2019_1.50853
-11.7132_-23.7026_1.5292
-11.6873_-23.2033_1.50853
-11.6613_-22.704_1.5292
-11.6354_-22.2046_1.50853
-11.5991_-21.706_1.48786
-11.6553_-21.2124_1.88056
-11.8962_-20.7779_2.27326
-12.285_-20.4686_2.66596
-12.7625_-20.3316_3.05866
-13.2612_-20.2954_3.07933
-13.7599_-20.2591_3.05866
-14.2585_-20.2228_3.07933
-14.7572_-20.1866_3.05866
-15.1593_-20.0712_2.66596
-15.5481_-19.762_2.27326
-15.8509_-19.3643_2.16992
-16.1371_-18.9544_2.19059
-16.4233_-18.5444_2.16992
-16.701_-18.1286_2.14925
-16.9787_-17.7128_2.16992
-17.2649_-17.3028_2.19059
-17.469_-16.8499_1.79789
-17.5152_-16.3536_1.5292
-17.4995_-15.8538_1.54987
-17.4839_-15.3541_1.5292
-17.4683_-14.8543_1.54987
-17.4526_-14.3546_1.5292
-17.437_-13.8548_1.54987
-17.4214_-13.3551_1.5292
-17.4058_-12.8553_1.54987
-17.3901_-12.3556_1.5292
-17.3745_-11.8558_1.54987
-17.3589_-11.3561_1.5292
-17.3432_-10.8563_1.54987
-17.3276_-10.3566_1.5292
-17.312_-9.85685_1.54987
-17.2964_-9.3571_1.5292
-17.2704_-8.85778_1.50853
-17.2445_-8.35847_1.5292
-17.2288_-7.85872_1.54987
-17.2132_-7.35897_1.5292
-17.0961_-6.87618_1.1365
-16.8032_-6.47494_0.743801
-16.425_-6.14802_0.681796
-16.04_-5.82894_0.702464
-15.6618_-5.50197_0.723133
-15.2835_-5.17499_0.702464
-14.9052_-4.84802_0.723133
-14.527_-4.52105_0.702464
-14.1768_-4.24278_0.640459
-13.7282_-4.02933_0.24776
-13.2349_-3.95237_0.0617446
-12.7355_-3.92668_0.0410763
-12.2362_-3.90098_0.0617446
-11.7369_-3.87529_0.0410763
-11.2375_-3.8496_0.0617446
-10.7382_-3.8239_0.0410763
-10.2389_-3.79821_0.0617446
-9.73955_-3.77252_0.0410763
-9.24022_-3.74682_0.0617446
-8.74089_-3.72113_0.0410763
-8.24156_-3.69544_0.0617446
-7.74286_-3.65943_0.082413
-7.24417_-3.62342_0.0617446
-6.74484_-3.59773_0.0410763
-6.24551_-3.57203_0.0617446
-5.74682_-3.53603_0.082413
-5.24812_-3.50002_0.0617446
-4.74879_-3.47432_0.0410763
-4.24946_-3.44863_0.0617446
-3.75077_-3.41262_0.082413
-3.25208_-3.37662_0.0617446
-2.75275_-3.35092_0.0410763
-2.25342_-3.32523_0.0617446
-1.75472_-3.28922_0.082413
-1.25603_-3.25321_0.0617446
-0.756701_-3.22752_0.0410763
-0.310566_-3.19531_0.103081
0.164123_-3.04877_0.49578
0.546598_-2.73172_0.88848
0.778633_-2.29245_1.28118
0.926367_-1.81478_1.26051
1.0741_-1.33711_1.28118
1.22184_-0.859446_1.26051
1.36957_-0.381779_1.28118
1.51731_0.095888_1.26051
1.66504_0.573555_1.28118
1.81277_1.05122_1.26051
1.97035_1.52573_1.23984
2.12792_2.00024_1.26051
2.27566_2.47791_1.28118
2.42339_2.95558_1.26051
2.58097_3.43009_1.23984
2.72189_3.82685_1.21917
2.9807_4.25091_0.826474
3.38209_4.54364_0.433775
3.86494_4.66049_0.0410763
4.36484_4.66552_-0.0209289
4.8648_4.66022_-0.000260491
5.36476_4.65493_-0.0209289
5.86473_4.64963_-0.000260491
6.36469_4.64433_-0.0209289
6.86465_4.63904_-0.000260491
