configuration 2.903195858_13.0508098602_-0.754177572005_0.656670533741_-13.4451351166_-15.4114570618_0.497552318458_0.867433968897
length 50.8296
time 7.70729
roughness 0.000805042
2.9032_13.0508_-1.7088
2.8293_12.5563_-1.72947
2.7452_12.0634_-1.75014
2.6611_11.5706_-1.72947
2.577_11.0777_-1.75014
2.4929_10.5848_-1.72947
2.4088_10.092_-1.75014
2.32469_9.59911_-1.72947
2.24059_9.10624_-1.75014
2.15649_8.61337_-1.72947
2.07239_8.1205_-1.75014
1.98829_7.62764_-1.72947
1.90419_7.13477_-1.75014
1.82009_6.6419_-1.72947
1.73599_6.14903_-1.75014
1.65189_5.65617_-1.72947
1.56779_5.1633_-1.75014
1.48369_4.67043_-1.72947
1.39959_4.17757_-1.75014
1.31549_3.6847_-1.72947
1.23139_3.19183_-1.75014
1.14729_2.69896_-1.72947
1.06318_2.2061_-1.75014
0.979084_1.71323_-1.72947
0.894983_1.22036_-1.75014
0.810882_0.727495_-1.72947
0.726782_0.234627_-1.75014
0.642681_-0.25824_-1.72947
0.55858_-0.751107_-1.75014
0.47448_-1.24397_-1.72947
0.390379_-1.73684_-1.75014
0.306278_-2.22971_-1.72947
0.24016_-2.67216_-1.7088
0.0771325_-3.14144_-2.1015
-0.253072_-3.51261_-2.4942
-0.700182_-3.72917_-2.8869
-1.10145_-3.8561_-2.78356
-1.58922_-3.95651_-3.09358
-2.08886_-3.97534_-3.11425
-2.5885_-3.99417_-3.09358
-3.08813_-4.01301_-3.11425
-3.58777_-4.03184_-3.09358
-4.0874_-4.05067_-3.11425
-4.58704_-4.06951_-3.09358
-5.08618_-4.09866_-3.07291
-5.58532_-4.12782_-3.09358
-6.08496_-4.14665_-3.11425
-6.58459_-4.16548_-3.09358
-7.08373_-4.19464_-3.07291
-7.58287_-4.22379_-3.09358
-8.08251_-4.24263_-3.11425
-8.58215_-4.26146_-3.09358
-9.08129_-4.29062_-3.07291
-9.58043_-4.31977_-3.09358
-10.0801_-4.3386_-3.11425
-10.5797_-4.35744_-3.09358
-11.0788_-4.38659_-3.07291
-11.578_-4.41575_-3.09358
-12.0776_-4.43458_-3.11425
-12.5773_-4.45341_-3.09358
-13.0764_-4.48257_-3.07291
-13.5755_-4.51172_-3.09358
-14.0752_-4.53056_-3.11425
-14.5748_-4.54939_-3.09358
-15.0568_-4.66958_-2.70088
-15.4562_-4.96509_-2.30818
-15.7727_-5.3519_-2.20484
-16.073_-5.75163_-2.22551
-16.3734_-6.15136_-2.20484
-16.6737_-6.55109_-2.22551
-16.974_-6.95082_-2.20484
-17.1846_-7.40078_-1.81214
-17.2379_-7.89642_-1.54345
-17.219_-8.39606_-1.52279
-17.2012_-8.8694_-1.54345
-17.1927_-9.36932_-1.56412
-17.1945_-9.86931_-1.58479
-17.1963_-10.3693_-1.56412
-17.1982_-10.8693_-1.58479
-17.2103_-11.3691_-1.60546
-17.2225_-11.869_-1.58479
-17.2243_-12.369_-1.56412
-17.2262_-12.8689_-1.58479
-17.2383_-13.3688_-1.60546
-17.2505_-13.8686_-1.58479
-17.2523_-14.3686_-1.56412
-17.2541_-14.8686_-1.58479
-17.2663_-15.3684_-1.60546
-17.2785_-15.8683_-1.58479
-17.2803_-16.3683_-1.56412
-17.2821_-16.8683_-1.58479
-17.2821_-16.8683_-1.19209
-17.0119_-17.2852_-0.799393
-16.6028_-17.5669_-0.406694
-16.1169_-17.6706_-0.013995
-15.6284_-17.5806_0.378704
-15.2115_-17.3104_0.771403
-14.864_-16.9509_0.833408
-14.5241_-16.5843_0.81274
-14.1841_-16.2177_0.833408
-13.8441_-15.8511_0.81274
-13.5041_-15.4844_0.833408
