configuration 32.0634506226_7.0565199852_0.870200588927_0.492697610133_0.864893198013_0.272379875183_-0.736733996813_0.676182680893
length 35.337
time 2.64741
roughness 0.000836777
32.0635_7.05652_2.11122
31.8018_7.48258_2.13189
31.5401_7.90863_2.11122
31.2785_8.33469_2.13189
30.9371_8.69566_2.52459
30.4837_8.89853_2.91729
29.9871_8.91242_3.30998
29.5188_8.74462_3.66135
29.0823_8.50079_3.64068
28.6458_8.25696_3.66135
28.2093_8.01313_3.64068
27.7678_7.77837_3.62001
27.3216_7.55279_3.59934
26.8754_7.3272_3.62001
26.4292_7.10162_3.59934
25.983_6.87603_3.62001
25.5368_6.65045_3.59934
25.0906_6.42487_3.62001
24.6443_6.19928_3.59934
24.1981_5.9737_3.62001
23.7567_5.73894_3.64068
23.3152_5.50418_3.62001
22.869_5.2786_3.59934
22.4026_5.1005_3.41333
21.9171_4.98131_3.35132
21.4235_4.90265_3.24798
20.9269_4.84442_3.26865
20.4304_4.7862_3.24798
19.9338_4.72797_3.26865
19.4372_4.66974_3.24798
18.9406_4.61152_3.26865
18.444_4.55329_3.24798
17.9463_4.50534_3.22731
17.4486_4.45739_3.24798
16.952_4.39916_3.26865
16.6116_4.36635_3.20664
16.1123_4.33901_3.18597
15.6126_4.32199_3.16531
15.1129_4.30497_3.18597
14.6132_4.28795_3.16531
14.1135_4.27093_3.18597
13.6138_4.25391_3.16531
13.1141_4.23689_3.18597
12.6144_4.21987_3.16531
12.1147_4.20285_3.18597
11.615_4.18583_3.16531
11.1153_4.16881_3.18597
10.6156_4.15179_3.16531
10.1159_4.13477_3.18597
9.6162_4.11775_3.16531
9.1165_4.10073_3.18597
8.6168_4.08371_3.16531
8.1171_4.06669_3.18597
7.6174_4.04967_3.16531
7.11769_4.03265_3.18597
6.61799_4.01563_3.16531
6.11829_3.99861_3.18597
5.61859_3.98159_3.16531
5.11889_3.96457_3.18597
4.61919_3.94755_3.16531
4.11924_3.94086_3.14464
3.6193_3.93417_3.16531
3.13448_3.82573_3.558
2.72807_3.54001_3.9507
2.43546_3.13643_4.21939
2.19429_2.69845_4.19872
1.95312_2.26046_4.21939
1.71195_1.82248_4.19872
1.47079_1.3845_4.21939
1.22962_0.946515_4.19872
0.988448_0.508533_4.21939
