configuration 32.0634506226_7.0565199852_0.870200588927_0.492697610133_0.864893198013_0.272379875183_-0.736733996813_0.676182680893
length 35.9769
time 2.46316
roughness 0.000950183
32.0635_7.05652_2.11122
31.8018_7.48258_2.13189
31.5401_7.90863_2.11122
31.2785_8.33469_2.13189
30.9371_8.69566_2.52459
30.4837_8.89853_2.91729
29.9871_8.91242_3.30998
29.5188_8.74462_3.66135
29.0823_8.50079_3.64068
28.6408_8.26603_3.62001
28.1994_8.03128_3.64068
27.7579_7.79652_3.62001
27.3165_7.56176_3.64068
26.875_7.327_3.62001
26.4336_7.09224_3.64068
25.9921_6.85749_3.62001
25.5507_6.62273_3.64068
25.1092_6.38797_3.62001
24.663_6.16239_3.59934
24.2168_5.9368_3.62001
23.7753_5.70205_3.64068
23.3339_5.46729_3.62001
22.8877_5.2417_3.59934
22.4415_5.01612_3.62001
21.9667_4.86782_3.26865
21.4701_4.80959_3.24798
20.9735_4.75136_3.26865
20.4769_4.69314_3.24798
19.9803_4.63491_3.26865
19.485_4.56643_3.28932
18.9897_4.49796_3.26865
18.4931_4.43973_3.24798
17.9966_4.3815_3.26865
17.5013_4.31303_3.28932
17.0031_4.2754_3.14464
16.5032_4.26871_3.16531
16.0035_4.25169_3.18597
15.5038_4.23467_3.16531
15.0038_4.22798_3.14464
14.5039_4.22129_3.16531
14.0042_4.20427_3.18597
13.5045_4.18725_3.16531
13.0045_4.18057_3.14464
12.5046_4.17388_3.16531
12.0049_4.15686_3.18597
11.5052_4.13984_3.16531
11.0052_4.13315_3.14464
10.5053_4.12646_3.16531
10.0056_4.10944_3.18597
9.5059_4.09242_3.16531
9.00595_4.08573_3.14464
8.506_4.07904_3.16531
8.0063_4.06202_3.18597
7.5066_4.045_3.16531
7.00666_4.03831_3.14464
6.50671_4.03162_3.16531
6.08591_4.01729_3.18597
5.58843_3.96936_3.28932
5.09315_3.90088_3.26865
4.59787_3.8324_3.28932
4.10259_3.76393_3.26865
3.60732_3.69545_3.28932
3.11204_3.62697_3.26865
2.61545_3.56875_3.24798
2.14124_3.42063_3.64068
1.75982_3.10233_4.03338
1.52924_2.66229_4.42608
1.393_2.18122_4.44674
1.25675_1.70015_4.42608
1.12051_1.21908_4.44674
0.994242_0.735292_4.46741
0.874618_0.27697_4.44674
