configuration 14.2292175293_13.7099370956_-0.723728341199_0.690084986176_-18.0985870361_0.542219161987_-0.683562400866_0.729892077038
length 43.6508
time 14.3697
roughness 0.000575511
14.2292_13.7099_-1.61838
14.1797_13.2126_-1.72172
14.0994_12.7191_-1.74239
14.0191_12.2256_-1.72172
13.9389_11.7321_-1.74239
13.8586_11.2386_-1.72172
13.7885_10.7435_-1.70105
13.7314_10.4331_-1.8044
13.5243_9.98153_-2.19709
13.1602_9.64357_-2.58979
12.6945_9.47068_-2.98249
12.1968_9.42739_-3.12717
11.6968_9.42534_-3.14784
11.1968_9.4233_-3.12717
10.6968_9.42126_-3.14784
10.1968_9.41921_-3.12717
9.69685_9.41717_-3.14784
9.19686_9.41513_-3.12717
8.69687_9.41308_-3.14784
8.19689_9.41104_-3.12717
7.6969_9.40899_-3.14784
7.19691_9.40695_-3.12717
6.69692_9.40491_-3.14784
6.19694_9.40286_-3.12717
5.69695_9.40082_-3.14784
5.19696_9.39878_-3.12717
4.69698_9.39673_-3.14784
4.19699_9.39469_-3.12717
3.697_9.39264_-3.14784
3.19702_9.3906_-3.12717
2.69703_9.38856_-3.14784
2.19704_9.38651_-3.12717
1.69706_9.38447_-3.14784
1.19707_9.38243_-3.12717
0.697082_9.38038_-3.14784
0.197095_9.37834_-3.12717
-0.302892_9.37629_-3.14784
-0.802879_9.37425_-3.12717
-1.30287_9.37221_-3.14784
-1.80285_9.37016_-3.12717
-2.30269_9.35779_-3.1065
-2.80253_9.34541_-3.12717
-3.30252_9.34337_-3.14784
-3.8025_9.34132_-3.12717
-4.30234_9.32895_-3.1065
-4.80218_9.31657_-3.12717
-5.30217_9.31453_-3.14784
-5.80215_9.31248_-3.12717
-6.30199_9.30011_-3.1065
-6.80183_9.28773_-3.12717
-7.30181_9.28569_-3.14784
-7.8018_9.28364_-3.12717
-8.30164_9.27127_-3.1065
-8.80148_9.25889_-3.12717
-9.30146_9.25684_-3.14784
-9.80145_9.2548_-3.12717
-10.3013_9.24242_-3.1065
-10.8011_9.23005_-3.12717
-11.3011_9.228_-3.14784
-11.8011_9.22596_-3.12717
-12.3009_9.21358_-3.1065
-12.8008_9.20121_-3.12717
-13.3008_9.19916_-3.14784
-13.8008_9.19712_-3.12717
-14.3006_9.18474_-3.1065
-14.8004_9.17237_-3.12717
-15.3004_9.17032_-3.14784
-15.8004_9.16828_-3.12717
-16.3002_9.1559_-3.1065
-16.7838_9.04195_-2.7138
-17.1869_8.75162_-2.3211
-17.4483_8.32913_-1.92841
-17.5485_7.84131_-1.61838
-17.5774_7.34216_-1.63905
-17.6167_6.84371_-1.65972
-17.6559_6.34526_-1.63905
-17.6952_5.84682_-1.65972
-17.7344_5.34837_-1.63905
-17.7737_4.84992_-1.65972
-17.8129_4.35147_-1.63905
-17.8522_3.85302_-1.65972
-17.8914_3.35458_-1.63905
-17.9307_2.85613_-1.65972
-17.9699_2.35768_-1.63905
-18.0092_1.85923_-1.65972
-18.0484_1.36078_-1.63905
-18.0774_0.861631_-1.61838
-18.0956_0.546376_-1.63905
