configuration 32.0634506226_7.0565199852_0.870200588927_0.492697610133_0.864893198013_0.272379875183_-0.736733996813_0.676182680893
length 36.0055
time 2.79326
roughness 0.000909132
32.0635_7.05652_2.11122
31.8018_7.48258_2.13189
31.5401_7.90863_2.11122
31.2785_8.33469_2.13189
30.9371_8.69566_2.52459
30.4837_8.89853_2.91729
29.9871_8.91242_3.30998
29.5188_8.74462_3.66135
29.0823_8.50079_3.64068
28.6408_8.26603_3.62001
28.1994_8.03128_3.64068
27.7579_7.79652_3.62001
27.3165_7.56176_3.64068
26.875_7.327_3.62001
26.4336_7.09224_3.64068
25.9921_6.85749_3.62001
25.5507_6.62273_3.64068
25.1092_6.38797_3.62001
24.6678_6.15321_3.64068
24.2263_5.91846_3.62001
23.7801_5.69287_3.59934
23.3339_5.46729_3.62001
22.8924_5.23253_3.64068
22.451_4.99777_3.62001
22.0162_4.81083_3.47533
21.5293_4.70192_3.24798
21.0316_4.65396_3.22731
20.5339_4.60601_3.24798
20.0362_4.55806_3.22731
19.5386_4.51011_3.24798
19.042_4.45188_3.26865
18.5454_4.39366_3.24798
18.0477_4.3457_3.22731
17.5482_4.32869_3.12397
17.0482_4.33234_3.14464
16.5482_4.33598_3.12397
16.0483_4.33963_3.14464
15.5483_4.34327_3.12397
15.0485_4.35725_3.1033
14.5487_4.37122_3.12397
14.0487_4.37487_3.14464
13.5487_4.37851_3.12397
13.0489_4.39249_3.1033
12.5497_4.37549_3.24798
12.052_4.32753_3.22731
11.5534_4.28988_3.20664
11.0548_4.25222_3.22731
10.5563_4.21457_3.20664
10.0577_4.17691_3.22731
9.55913_4.13926_3.20664
9.06056_4.1016_3.22731
8.56199_4.06394_3.20664
8.06342_4.02629_3.22731
7.56485_3.98863_3.20664
7.06628_3.95098_3.22731
6.56771_3.91332_3.20664
6.06914_3.87567_3.22731
5.57056_3.83801_3.20664
5.07199_3.80036_3.22731
4.57431_3.7524_3.24798
4.07662_3.70445_3.22731
3.57805_3.6668_3.20664
3.07948_3.62914_3.22731
2.58179_3.58119_3.24798
2.10759_3.43308_3.64068
1.72616_3.11477_4.03338
1.49558_2.67473_4.42608
1.35934_2.19366_4.44674
1.23307_1.70988_4.46741
1.1068_1.22609_4.44674
0.98053_0.742311_4.46741
0.870403_0.281615_4.48808
