configuration 14.2292175293_13.7099370956_-0.723728341199_0.690084986176_-18.0985870361_0.542219161987_-0.683562400866_0.729892077038
length 56.6354
time 7.28433
roughness 0.0041797
14.2292_13.7099_-1.61838
14.1092_13.2279_-2.01108
13.8139_12.8284_-2.40378
13.3882_12.5723_-2.79648
13.3882_12.5723_-2.40378
13.0928_12.1729_-2.01108
12.9728_11.6908_-1.61838
13.0465_11.1995_-1.22568
13.2853_10.7625_-0.915655
13.5858_10.3629_-0.936323
13.5858_10.3629_-1.32902
13.6084_9.86658_-1.72172
13.4393_9.39945_-2.11442
13.1043_9.03257_-2.50712
12.6544_8.82181_-2.89982
12.1678_8.70712_-2.92049
11.6712_8.66393_-3.18918
11.1715_8.68255_-3.16851
10.6716_8.69084_-3.14784
10.1824_8.78084_-3.4992
9.71584_8.96068_-3.51987
9.24931_9.14053_-3.4992
8.75897_9.22029_-3.1065
8.27542_9.10634_-2.7138
7.87229_8.81601_-2.3211
7.87229_8.81601_-2.7138
7.38874_8.70206_-3.1065
6.89839_8.78182_-3.4992
6.41058_8.88203_-3.18918
5.91093_8.90065_-3.16851
5.41129_8.91927_-3.18918
4.9292_9.03925_-3.58188
4.52973_9.33459_-3.97457
4.27369_9.76032_-4.36727
4.27369_9.76032_-3.97457
3.87421_10.0557_-3.58188
3.39213_10.1756_-3.18918
2.90082_10.102_-2.79648
2.46381_9.8632_-2.48645
2.06421_9.56269_-2.50712
1.72924_9.19581_-2.11442
1.54055_8.73494_-1.8044
1.41979_8.24976_-1.82506
1.39103_7.7538_-1.43236
1.47533_7.26103_-1.37036
1.57994_6.77211_-1.34969
1.59223_6.27547_-1.74239
1.43246_5.80379_-2.05242
1.20545_5.35831_-2.03175
0.960326_4.92277_-2.13509
0.697301_4.49755_-2.11442
0.434277_4.07234_-2.13509
0.255582_3.60879_-1.74239
0.267879_3.11215_-1.34969
0.460115_2.65337_-0.998329
0.642594_2.1913_-1.39103
0.634357_1.69458_-1.78373
0.436659_1.23881_-2.17643
0.23896_0.783052_-1.78373
0.230723_0.286327_-1.39103
0.413202_-0.175739_-0.998329
0.652762_-0.614117_-1.14301
0.855476_-1.07117_-1.16368
1.05819_-1.52822_-1.14301
1.17214_-2.01177_-1.53571
1.09238_-2.50212_-1.92841
0.831036_-2.92462_-2.3211
0.501658_-3.30069_-2.2591
0.188057_-3.69011_-2.23843
-0.125543_-4.07952_-2.2591
-0.50991_-4.39427_-2.6518
-0.985467_-4.53797_-3.0445
-1.48488_-4.55033_-3.18918
-1.97515_-4.46014_-3.45786
-2.45192_-4.30955_-3.4372
-2.9287_-4.15896_-3.45786
-3.40547_-4.00837_-3.4372
-3.88224_-3.85778_-3.45786
-4.35902_-3.70719_-3.4372
-4.85337_-3.65796_-3.0445
-5.32892_-3.80166_-2.6518
-5.71329_-4.11641_-2.2591
-5.77398_-4.1661_-2.6518
-6.24954_-4.3098_-3.0445
-6.74388_-4.26057_-3.4372
-7.20594_-4.07139_-3.62321
-7.65142_-3.84438_-3.60254
-8.1015_-3.62663_-3.58188
-8.58359_-3.50664_-3.18918
-9.07489_-3.58027_-2.79648
-9.50638_-3.82778_-2.44511
-9.94233_-4.06601_-2.83781
-10.4363_-4.11928_-3.23051
-10.913_-3.97947_-3.62321
-11.3897_-3.83967_-3.23051
-11.8836_-3.89294_-2.83781
-12.3196_-4.13117_-2.44511
-12.7555_-4.3694_-2.83781
-13.2494_-4.42267_-3.23051
-13.7262_-4.28286_-3.62321
-13.7262_-4.28286_-3.23051
-14.2201_-4.33613_-2.83781
-14.656_-4.57436_-2.44511
-15.092_-4.81259_-2.83781
-15.5859_-4.86586_-3.23051
-16.079_-4.78565_-3.37519
-16.5754_-4.76715_-2.98249
-17.0664_-4.86161_-2.92049
-17.5553_-4.96622_-2.94116
-17.5553_-4.96622_-3.33385
-17.5553_-4.96622_-3.72655
-17.7038_-4.81891_-4.11925
-17.8958_-4.36072_-4.51195
-17.8978_-3.86393_-4.90465
-17.7096_-3.40418_-5.29735
-17.5213_-2.94443_-4.90465
-17.5234_-2.44764_-4.51195
-17.6967_-1.98077_-4.20193
-17.8502_-1.50828_-4.59463
-17.914_-1.01239_-4.57396
-17.9779_-0.516494_-4.59463
-18.0315_-0.0193849_-4.61529
-18.0851_0.477724_-4.59463
-18.1094_0.552327_-4.20193
-18.1094_0.552327_-3.80923
-18.1094_0.552327_-3.41653
-18.1094_0.552327_-3.02383
-18.1094_0.552327_-2.63113
-18.1094_0.552327_-2.23843
