configuration 14.2292175293_13.7099370956_-0.723728341199_0.690084986176_-18.0985870361_0.542219161987_-0.683562400866_0.729892077038
length 74.818
time 8.465
roughness 0.00273324
14.2292_13.7099_-1.61838
14.1092_13.2279_-2.01108
13.8642_12.7925_-2.15576
13.5925_12.3728_-2.13509
13.4138_11.9093_-1.74239
13.4261_11.4126_-1.34969
13.6275_10.9585_-0.956992
13.8289_10.5044_-1.34969
13.9436_10.0177_-1.32902
14.0583_9.53104_-1.34969
14.0583_9.53104_-0.956992
14.2856_9.31474_-0.564293
14.6759_9.16426_-0.171594
15.1726_9.17656_0.221105
15.5311_9.33557_0.613805
15.6933_9.50604_1.0065
15.6933_9.50604_0.613805
15.6933_9.50604_0.221105
16.1899_9.51834_-0.171594
16.6849_9.44828_-0.109588
17.1813_9.38847_-0.130257
17.6777_9.32865_-0.109588
18.1668_9.22819_-0.295604
18.6466_9.08748_-0.274935
19.1292_8.95672_-0.254267
19.6251_8.92796_0.138432
20.0943_9.09119_0.531131
20.4654_9.42156_0.92383
20.4654_9.42156_0.531131
20.9346_9.58478_0.138432
21.4306_9.55603_-0.254267
21.9157_9.43527_-0.233599
22.4009_9.31451_-0.254267
22.8861_9.19375_-0.233599
23.3377_8.98668_-0.626298
23.6757_8.62255_-1.019
23.8681_8.16324_-1.32902
23.8907_7.66696_-1.72172
23.8104_7.17346_-1.74239
23.7199_6.68172_-1.76306
23.6193_6.19195_-1.78373
23.5086_5.70437_-1.8044
23.3979_5.21679_-1.78373
23.3691_4.71963_-1.4737
23.4124_4.22151_-1.49437
23.4557_3.7234_-1.4737
23.4372_3.22525_-1.74239
23.3569_2.73175_-1.72172
23.2868_2.23669_-1.70105
23.2786_1.73784_-1.4737
23.3219_1.23972_-1.49437
23.3652_0.741614_-1.4737
23.4085_0.243504_-1.49437
23.4519_-0.254606_-1.4737
23.4952_-0.752717_-1.49437
23.4358_-1.24594_-1.88707
23.2186_-1.69468_-2.15576
22.9469_-2.11437_-2.13509
22.6044_-2.47424_-2.52779
22.1763_-2.73171_-2.67247
21.7327_-2.96236_-2.6518
21.2571_-3.10606_-3.0445
20.7628_-3.05683_-3.4372
20.3249_-2.82217_-3.8299
20.3249_-2.82217_-3.4372
19.8306_-2.77294_-3.0445
19.355_-2.91664_-2.6518
18.9267_-3.17422_-2.54846
18.5093_-3.4494_-2.56912
18.0918_-3.72458_-2.54846
17.6585_-3.97315_-2.69314
17.2057_-4.18526_-2.7138
16.7529_-4.39738_-2.69314
16.2719_-4.5213_-3.08583
15.7749_-4.48217_-3.35452
15.2851_-4.38156_-3.33385
14.7875_-4.36302_-3.02383
14.2904_-4.41663_-3.0445
13.7923_-4.45995_-3.06517
13.293_-4.45168_-3.25118
12.7966_-4.39186_-3.27185
12.3002_-4.33204_-3.25118
11.8013_-4.30311_-3.14784
11.3014_-4.29482_-3.16851
10.8015_-4.28653_-3.14784
10.3148_-4.18657_-3.54054
9.90349_-3.90799_-3.93324
9.61246_-3.50388_-4.24326
9.30572_-3.11309_-3.85056
8.87279_-2.86943_-3.45786
8.38125_-2.78948_-3.14784
7.8934_-2.88335_-2.75514
7.47252_-3.14848_-2.40378
7.0991_-3.48097_-2.42445
6.68289_-3.75532_-2.69314
6.2346_-3.97675_-2.67247
5.78632_-4.19818_-2.69314
5.30523_-4.3221_-3.08583
4.81334_-4.25249_-3.47853
4.38553_-3.99993_-3.87123
3.95772_-3.74738_-3.47853
3.46583_-3.67776_-3.08583
2.98474_-3.80169_-2.69314
2.50365_-3.92561_-3.08583
2.0081_-3.87626_-3.39586
1.52291_-3.7555_-3.37519
1.02646_-3.737_-2.98249
0.556647_-3.90044_-2.63113
0.117894_-4.14021_-2.6518
-0.357663_-4.2839_-3.0445
-0.852011_-4.23468_-3.4372
-1.3318_-4.09397_-3.41653
-1.82706_-4.05497_-3.02383
-2.30322_-4.19885_-2.67247
-2.75151_-4.42028_-2.69314
-3.2326_-4.5442_-3.08583
-3.72449_-4.47459_-3.47853
-4.1523_-4.22203_-3.87123
-4.58011_-3.96948_-3.47853
-5.05367_-3.80907_-3.45786
-5.52723_-3.64865_-3.47853
-6.01553_-3.54835_-3.20984
-6.51468_-3.51941_-3.18918
-7.01383_-3.49047_-3.20984
-7.50656_-3.55393_-2.81715
-7.98208_-3.70841_-2.83781
-8.45761_-3.8629_-2.81715
-8.95033_-3.92636_-3.20984
-9.42984_-3.79644_-3.60254
-9.87532_-3.56943_-3.62321
-9.87532_-3.56943_-3.23051
-9.87532_-3.56943_-2.83781
-10.3113_-3.80766_-2.44511
-10.7472_-4.04589_-2.83781
-11.2411_-4.09916_-3.23051
-11.7179_-3.95935_-3.62321
-12.1946_-3.81955_-3.23051
-12.6885_-3.87281_-2.83781
-13.1245_-4.11105_-2.44511
-13.5604_-4.34928_-2.83781
-14.0543_-4.40254_-3.23051
-14.531_-4.26274_-3.62321
-15.0078_-4.12293_-3.23051
-15.5017_-4.1762_-2.83781
-15.9376_-4.41443_-2.44511
-15.9376_-4.41443_-2.83781
-16.4316_-4.4677_-3.23051
-16.9083_-4.32789_-3.62321
-17.2952_-4.0163_-4.01591
-17.4457_-3.74096_-4.40861
-17.4625_-3.58499_-4.80131
-17.4336_-3.0859_-4.7393
-17.4149_-2.58626_-4.75997
-17.4382_-2.43111_-4.36727
-17.65_-1.97899_-4.18126
-17.9165_-1.556_-4.11925
-18.0074_-1.33896_-4.51195
-18.0094_-0.842167_-4.90465
-17.8212_-0.382417_-5.29735
-17.4854_-0.0146507_-5.60738
-17.4686_0.00537056_-5.21468
-17.3741_0.304565_-4.82198
-17.399_0.591101_-4.42928
-17.399_0.591101_-4.03658
-17.399_0.591101_-3.64388
-17.399_0.591101_-3.25118
-17.8979_0.589061_-3.02383
-18.0969_0.524431_-2.63113
-18.0969_0.524431_-2.23843
