configuration 32.0634506226_7.0565199852_0.870200588927_0.492697610133_0.864893198013_0.272379875183_-0.736733996813_0.676182680893
length 36.4245
time 12.145
roughness 0.00500997
32.0635_7.05652_2.11122
31.8107_7.48789_2.09055
31.5621_7.89214_2.50392
31.3945_8.35982_2.50392
30.9453_8.57202_2.89662
30.4493_8.61676_3.20664
29.9514_8.55851_3.22731
29.46_8.46975_3.41333
28.9798_8.33058_3.43399
28.4996_8.19141_3.41333
28.4996_8.19141_3.41333
28.0462_7.98528_3.72335
27.6314_7.70624_3.74402
27.2223_7.41868_3.76469
27.2223_7.41868_3.76469
26.7701_7.21305_3.37199
26.2735_7.17554_3.06196
25.7747_7.21016_3.08263
25.2759_7.24478_3.06196
24.778_7.2897_3.0413
24.3945_7.32236_3.76469
24.2695_7.18861_4.15739
24.2695_7.18861_4.15739
24.0105_6.76097_4.17806
23.7514_6.33332_4.15739
23.4924_5.90568_4.17806
23.2422_5.47278_4.19872
22.992_5.03987_4.17806
22.7128_4.72832_3.78536
22.7128_4.72832_3.39266
22.7749_4.68816_2.54525
22.3173_4.88162_2.93795
21.8199_4.90583_3.24798
21.3233_4.8476_3.26865
20.8268_4.78937_3.24798
20.3302_4.73115_3.26865
19.9291_4.67101_2.7106
19.4459_4.78651_3.1033
18.9531_4.71838_3.45466
18.4791_4.55949_3.47533
18.005_4.40059_3.45466
17.5277_4.25153_3.43399
17.0579_4.09418_3.41333
16.5652_4.01565_3.18597
16.0659_3.98831_3.20664
15.5667_3.96096_3.18597
14.8389_3.92659_2.62793
14.3669_4.08159_3.02063
13.868_4.08523_3.24798
13.3703_4.03728_3.22731
12.8726_3.98933_3.24798
12.4608_3.93763_2.62793
11.9888_4.09264_3.02063
11.4902_4.12724_3.12397
10.9903_4.13089_3.14464
10.9903_4.13089_3.14464
10.4919_4.16548_2.99996
9.99766_4.24117_2.97929
9.37119_4.35605_2.35924
8.95729_4.6308_2.75194
8.46975_4.72624_3.14464
7.97072_4.6989_3.24798
7.47413_4.64068_3.26865
6.97885_4.5722_3.28932
6.4962_4.50572_3.18597
6.00564_4.4171_3.45466
5.53157_4.2582_3.47533
5.0575_4.09931_3.45466
4.58343_3.94041_3.47533
4.11274_3.77176_3.496
3.80232_3.66164_2.6486
3.32723_3.80686_3.0413
2.83272_3.75922_3.43399
2.39409_3.52596_3.82669
2.06985_3.14873_4.17806
1.81968_2.71583_4.19872
1.59361_2.32807_4.38474
1.4376_1.85304_4.40541
1.2816_1.37801_4.38474
1.12559_0.902985_4.40541
0.96031_0.432686_4.26073
