configuration 6.23696136475_-8.02296829224_-0.990618758317_0.136654585252_12.9709873199_-24.4014968872_-0.713623012343_0.700529939585
length 45.764
time 1.60732
roughness 0.00465906
6.23696_-8.02297_-2.86743
5.79415_-8.24819_-2.47473
5.47124_-8.62572_-2.08203
5.31738_-9.09809_-1.68933
5.31738_-9.09809_-2.08203
4.99446_-9.47562_-2.47473
4.55166_-9.70084_-2.86743
4.55166_-9.70084_-3.26012
4.37763_-9.64415_-3.65282
4.17892_-9.4742_-4.04552
4.17892_-9.4742_-3.65282
3.70656_-9.32034_-3.26012
3.21127_-9.35896_-2.86743
2.71598_-9.39758_-3.26012
2.24361_-9.24372_-3.65282
1.8154_-8.98574_-3.71483
1.35347_-8.8029_-3.32213
0.856742_-8.81076_-2.92943
0.38407_-8.97047_-2.70208
-0.0156295_-9.2655_-2.30938
-0.356047_-9.6317_-2.33005
-0.696464_-9.99791_-2.30938
-1.09616_-10.2929_-2.70208
-1.57834_-10.4126_-3.09478
-2.06959_-10.3385_-3.48748
-2.56084_-10.2645_-3.09478
-3.04302_-10.3842_-2.70208
-3.44272_-10.6792_-2.30938
-3.69909_-11.1047_-1.91668
-3.84402_-11.583_-1.81334
-3.96911_-12.0671_-1.83401
-4.18947_-12.5124_-2.22671
-4.56344_-12.8394_-2.61941
-4.99935_-13.0843_-2.64007
-5.46775_-13.2534_-2.9501
-5.95759_-13.3536_-2.92943
-6.44526_-13.464_-2.90876
-6.897_-13.6707_-2.51606
-7.23524_-14.0346_-2.12336
-7.40848_-14.5002_-1.73067
-7.39036_-14.9966_-1.33797
-7.18364_-15.4484_-0.945267
-6.84751_-15.8171_-0.717915
-6.84751_-15.8171_-1.11061
-6.71795_-16.2967_-1.50331
-6.7818_-16.7894_-1.89601
-6.86615_-17.2802_-1.58599
-6.87891_-17.78_-1.60665
-6.89167_-18.2798_-1.58599
-6.80216_-18.7685_-1.19329
-6.59419_-19.2229_-1.08995
-6.36752_-19.6686_-1.11061
-6.0643_-20.0621_-0.717915
-5.63356_-20.3096_-0.325216
-5.14988_-20.4346_-0.180537
-4.67965_-20.5986_-0.490563
-4.23622_-20.8296_-0.469894
-3.7881_-21.0514_-0.449226
-3.30711_-21.1756_-0.0565269
-2.81516_-21.1064_0.336172
-2.38716_-20.8542_0.728871
-1.95916_-20.602_0.336172
-1.46721_-20.5327_-0.0565269
-0.975497_-20.6172_-0.283879
-0.494096_-20.7523_-0.263211
-0.0126949_-20.8874_-0.283879
0.468706_-21.0224_-0.263211
0.950107_-21.1575_-0.283879
1.43151_-21.2926_-0.263211
1.9156_-21.4177_-0.242542
2.41186_-21.4406_0.150157
2.87913_-21.2719_0.542856
3.24626_-20.9372_0.935555
3.61339_-20.6025_0.542856
4.08066_-20.4338_0.150157
4.57692_-20.4567_-0.242542
5.04453_-20.6307_-0.469894
5.49264_-20.8525_-0.449226
5.94524_-21.065_-0.428558
6.41964_-21.2195_-0.201206
6.90848_-21.3245_-0.221874
7.39733_-21.4295_-0.201206
7.89412_-21.4319_0.191494
8.37919_-21.3115_0.294835
8.85908_-21.1712_0.274167
9.35437_-21.1326_-0.118532
9.82674_-21.2864_-0.511231
10.2182_-21.5942_-0.821257
10.2182_-21.5942_-0.428558
10.7017_-21.7085_-0.0358585
11.1921_-21.6292_0.356841
11.6825_-21.5498_-0.0358585
12.166_-21.6641_-0.428558
12.5933_-21.9216_-0.65591
12.9204_-22.2955_-1.04861
13.0794_-22.7662_-1.44131
13.0873_-23.265_-1.66866
13.0333_-23.7621_-1.68933
12.9793_-24.2592_-1.66866
