configuration -11.8536100388_-27.1978302002_0.742596430242_0.669739159518_7.0929813385_4.64613723755_-0.0222057164121_0.999753422679
length 98.2935
time 127.491
roughness 0.0024581
-11.8536_-27.1978_1.67388
-11.9306_-26.704_1.77722
-12.0281_-26.2136_1.75655
-12.1255_-25.7232_1.77722
-12.1305_-25.2264_1.38452
-11.945_-24.7656_0.991821
-11.6758_-24.3443_1.01249
-11.4998_-23.8797_1.40519
-11.5151_-23.3831_1.79789
-11.6226_-22.8948_1.77722
-11.7302_-22.4065_1.79789
-11.8377_-21.9182_1.77722
-11.9452_-21.4299_1.79789
-11.9476_-21.3515_1.40519
-11.7717_-20.8869_1.01249
-11.4314_-20.525_0.619791
-10.9785_-20.3209_0.227092
-10.4821_-20.2747_-0.0415972
-9.98239_-20.2903_-0.0209289
-9.98239_-20.2903_0.37177
-9.49322_-20.2036_-0.0209289
-8.99347_-20.2193_-0.0415972
-8.49415_-20.2452_-0.0622656
-7.99911_-20.3123_-0.206944
-7.51087_-20.42_-0.227613
-7.02497_-20.5379_-0.248281
-6.5297_-20.5946_0.0204079
-6.02974_-20.5895_-0.000260491
-5.52977_-20.5845_0.0204079
-5.03181_-20.6207_-0.165607
-4.53783_-20.698_-0.144939
-4.04386_-20.7754_-0.165607
-3.56762_-20.9226_-0.434296
-3.11624_-21.1377_-0.454965
-2.66486_-21.3528_-0.434296
-2.18207_-21.4699_-0.0415972
-1.69121_-21.3933_0.351102
-1.26702_-21.1347_0.743801
-1.26702_-21.1347_0.351102
-1.26702_-21.1347_-0.0415972
-0.784226_-21.2518_-0.434296
-0.305522_-21.3891_-0.124271
0.189947_-21.4562_-0.144939
0.685415_-21.5233_-0.124271
1.15689_-21.6798_-0.51697
1.53256_-22.0049_-0.909669
1.79226_-22.4309_-1.13702
1.79226_-22.4309_-0.744322
1.79226_-22.4309_-0.351623
2.28308_-22.5078_0.0410763
2.76593_-22.3909_0.433775
3.16732_-22.0982_0.826474
3.39889_-21.7188_1.21917
3.39889_-21.7188_0.826474
3.39889_-21.7188_0.433775
3.39889_-21.7188_0.0410763
3.88174_-21.6019_0.433775
4.28313_-21.3092_0.826474
4.56869_-20.9006_1.09516
4.87797_-20.5118_0.702464
5.31248_-20.271_0.309765
5.80608_-20.2147_-0.082934
6.30561_-20.2304_0.0204079
6.80537_-20.215_0.0410763
7.30512_-20.1996_0.0204079
7.79425_-20.2866_-0.372291
8.26184_-20.4636_-0.351623
8.72944_-20.6407_-0.372291
9.21856_-20.7276_0.0204079
9.71598_-20.6814_0.165086
10.2083_-20.5941_0.185755
10.7054_-20.5479_-0.000260491
11.2054_-20.5532_-0.0209289
11.7054_-20.5585_-0.000260491
12.1926_-20.4617_0.392439
12.629_-20.2198_0.619791
13.039_-19.9336_0.599122
13.039_-19.9336_0.991821
13.039_-19.9336_1.38452
13.039_-19.9336_1.77722
13.039_-19.9336_2.16992
13.039_-19.9336_2.56262
13.039_-19.9336_2.95532
13.039_-19.9336_3.34802
13.039_-19.9336_3.74071
13.039_-19.9336_4.13341
12.9316_-20.2004_4.52611
12.9366_-20.6972_4.91881
13.1313_-21.1542_5.31151
13.4861_-21.502_5.70421
13.947_-21.6874_6.09691
14.4438_-21.6824_6.48961
14.9008_-21.4877_6.88231
15.2783_-21.1614_7.10966
15.6054_-20.7834_7.17166
15.9879_-20.4663_6.77897
16.4625_-20.3198_6.38627
16.9617_-20.2941_6.28292
17.4489_-20.3912_5.89023
17.8619_-20.6673_5.49753
18.219_-21.0172_5.5182
18.5969_-21.3443_5.62154
18.9882_-21.6555_5.60087
19.3795_-21.9668_5.62154
19.3795_-21.9668_6.01424
19.5359_-21.9782_6.40694
19.8586_-21.8712_6.79963
20.268_-21.5854_6.98565
20.6529_-21.2663_6.96498
21.0444_-20.9553_6.94431
21.4885_-20.7326_6.55161
21.984_-20.6968_6.15891
22.4715_-20.8045_5.9729
22.9651_-20.8609_6.3656
23.4427_-20.7242_6.7583
23.8316_-20.4152_7.151
23.8316_-20.4152_6.7583
23.8316_-20.4152_6.3656
23.8836_-20.4211_5.9729
23.8836_-20.4211_6.3656
24.3612_-20.2844_6.7583
24.7502_-19.9753_7.151
24.9912_-19.541_7.5437
25.058_-19.048_7.89506
25.0426_-18.5483_7.87439
25.0376_-18.0483_7.85372
25.0429_-17.5483_7.83305
25.0482_-17.0484_7.85372
25.0431_-16.5484_7.87439
25.0278_-16.0487_7.89506
25.0124_-15.5489_7.87439
25.0691_-15.0536_7.6057
25.1969_-14.5703_7.58503
25.3248_-14.0869_7.6057
25.3918_-13.5925_7.83305
25.3971_-13.0925_7.85372
25.4024_-12.5926_7.83305
25.4076_-12.0926_7.85372
25.4026_-11.5926_7.87439
25.3976_-11.0927_7.85372
25.3008_-10.6054_8.24642
25.0416_-10.1802_8.55645
24.7225_-9.79525_8.53578
24.7225_-9.79525_8.14308
24.7225_-9.79525_7.75038
24.7534_-9.69533_7.35768
24.9002_-9.22072_7.75038
24.8542_-8.72606_8.14308
24.6871_-8.25502_8.24642
24.6871_-8.25502_7.85372
24.7076_-8.15245_7.46102
24.882_-7.89161_7.06832
25.1581_-7.47861_7.46102
25.2551_-6.99139_7.85372
25.1783_-6.49934_8.16375
25.0508_-6.01612_8.0604
24.9433_-5.52783_8.08107
24.8357_-5.03954_8.0604
24.8307_-4.54277_7.66771
24.9485_-4.05707_7.56436
25.0864_-3.57645_7.58503
25.1224_-3.08097_7.97773
24.9661_-2.60941_8.37043
24.6412_-2.23357_8.76313
24.3163_-1.85773_8.37043
24.16_-1.38617_7.97773
24.124_-0.887689_7.87439
24.0371_-0.397332_8.18442
23.8798_0.0772619_8.16375
23.7224_0.551856_8.18442
23.656_1.04419_7.79172
23.7831_1.52446_7.39902
24.0842_1.91956_7.00632
24.3854_2.31465_7.39902
24.5125_2.79492_7.79172
24.446_3.28726_8.18442
24.1963_3.7167_8.57711
23.8395_4.06637_8.72179
23.4614_4.39354_8.70112
23.0321_4.64353_9.09382
22.5491_4.77128_9.2385
22.0588_4.86896_9.21783
21.5973_5.05468_8.86647
21.1705_5.31515_8.88714
20.7438_5.57562_8.86647
20.4503_5.68673_9.25917
20.2151_5.6795_9.65187
19.9767_5.57206_10.0446
19.6134_5.23076_10.3133
19.3021_4.83947_10.3339
18.9909_4.44818_10.3133
18.8298_4.31469_9.92056
18.3551_4.16815_9.52786
17.8605_4.21442_9.13516
17.3659_4.26068_9.52786
16.8704_4.19385_9.58986
16.3781_4.10659_9.61053
15.9172_3.92135_10.0032
15.5622_3.57381_10.3959
15.348_3.12423_10.706
15.348_3.12423_10.3133
15.348_3.12423_9.92056
15.348_3.12423_9.52786
15.348_3.12423_9.13516
15.348_3.12423_8.74246
15.348_3.12423_8.34976
15.0309_3.5067_8.74246
14.5916_3.73874_9.13516
14.0974_3.79529_9.48652
13.5984_3.8109_9.30051
13.1029_3.878_9.27984
12.6075_3.94509_9.30051
12.112_4.01219_9.27984
11.6165_4.07929_9.30051
11.1211_4.14639_9.27984
10.6256_4.21349_9.30051
10.1288_4.27033_9.32118
9.63209_4.32718_9.30051
9.14003_4.41465_9.19717
8.65413_4.53251_9.1765
8.16822_4.65036_9.19717
7.68781_4.78813_9.09382
7.2133_4.94571_9.11449
6.73879_5.10328_9.09382
6.73879_5.10328_9.48652
6.73879_5.10328_9.87922
6.73879_5.10328_10.2719
6.63353_4.92252_10.6646
6.60546_4.71523_11.0573
6.65217_4.53827_11.45
6.65217_4.53827_11.0573
6.65217_4.53827_10.6646
6.65217_4.53827_10.2719
6.65217_4.53827_9.87922
6.65217_4.53827_9.48652
6.65217_4.53827_9.30051
6.15667_4.50249_9.69321
5.71258_4.27981_10.0859
5.3875_3.90414_10.4786
5.3875_3.90414_10.0859
5.3875_3.90414_9.69321
4.90681_3.76656_9.71387
4.5944_3.7375_9.32118
4.5944_3.7375_8.92848
4.5944_3.7375_8.53578
4.5944_3.7375_8.26709
4.5944_3.7375_8.28776
4.5944_3.7375_7.89506
4.61866_3.8925_7.50236
4.85022_4.27191_7.10966
5.25161_4.56465_6.71696
5.73447_4.68149_6.32426
6.19945_4.60871_5.93156
6.32861_4.58849_6.32426
6.46013_4.59253_6.30359
6.46013_4.59253_6.3656
6.46013_4.59253_6.34493
6.66238_4.64592_6.73763
6.8288_4.77265_7.13033
6.8288_4.77265_6.73763
