configuration 14.2292175293_13.7099370956_-0.723728341199_0.690084986176_-18.0985870361_0.542219161987_-0.683562400866_0.729892077038
length 70.6028
time 200.837
roughness 0.00170393
14.2292_13.7099_-1.61838
14.1593_13.2156_-1.8044
14.0485_12.728_-1.78373
13.9378_12.2404_-1.8044
13.8171_11.7552_-1.82506
13.6963_11.27_-1.8044
13.6275_10.9585_-1.51504
13.7514_10.4774_-1.12234
14.05_10.0804_-0.72964
14.4328_9.75883_-0.667635
14.8286_9.45334_-0.646966
15.1726_9.17656_-0.171594
15.1726_9.17656_-0.171594
15.6707_9.15799_0.0970952
16.1688_9.20132_0.0764269
16.6669_9.24464_0.0970952
17.165_9.28797_0.0764269
17.6777_9.32865_-0.109588
18.177_9.31004_0.0350901
18.6764_9.33275_0.0557585
19.1759_9.35545_0.0350901
19.6754_9.37816_0.0557585
20.4654_9.42156_-0.254267
20.9582_9.34139_-0.0682518
21.4566_9.30214_-0.0889201
21.9551_9.26289_-0.0682518
22.4535_9.22363_-0.0889201
22.8861_9.19375_-0.233599
23.3377_8.98668_-0.626298
23.6757_8.62255_-1.019
23.8485_8.15681_-1.4117
23.8609_7.65847_-1.68038
23.8011_7.16207_-1.70105
23.7199_6.68172_-1.76306
23.6499_6.18687_-1.65972
23.6106_5.68842_-1.63905
23.5714_5.18998_-1.65972
23.5321_4.69153_-1.63905
23.4929_4.19308_-1.65972
23.4557_3.7234_-1.4737
23.4272_3.4372_-1.4737
23.4396_2.93779_-1.61838
23.421_2.43815_-1.59771
23.4024_1.9385_-1.61838
23.3837_1.43886_-1.59771
23.3652_0.741614_-1.4737
23.3466_0.243463_-1.74239
23.2664_-0.250041_-1.72172
23.1861_-0.743545_-1.74239
23.0956_-1.23528_-1.76306
23.0052_-1.72702_-1.74239
22.9469_-2.11437_-2.13509
22.6044_-2.47424_-2.52779
22.1503_-2.67566_-2.92049
21.6542_-2.72916_-3.14784
21.1542_-2.7312_-3.12717
20.6543_-2.73324_-3.14784
20.0275_-2.74228_-2.87915
19.5635_-2.92554_-2.6518
19.1247_-3.16531_-2.63113
18.686_-3.40507_-2.6518
18.0918_-3.72458_-2.54846
17.6336_-3.91657_-2.94116
17.1368_-3.9186_-3.33385
16.6771_-3.73036_-3.33385
16.1811_-3.6706_-3.18918
15.6815_-3.65198_-3.16851
15.1818_-3.63336_-3.18918
14.6822_-3.61474_-3.16851
14.1825_-3.59612_-3.18918
13.8425_-3.58006_-3.29252
13.3452_-3.53054_-3.18918
12.8461_-3.5016_-3.20984
12.3469_-3.47265_-3.18918
11.8473_-3.45403_-3.16851
11.2419_-3.42999_-3.25118
10.7469_-3.35994_-3.31319
10.2534_-3.27966_-3.29252
9.75988_-3.19938_-3.31319
9.26814_-3.10892_-3.33385
8.8762_-3.04359_-3.06517
8.38627_-3.13786_-2.83781
7.90765_-3.28249_-2.85848
7.42903_-3.42711_-2.83781
6.9535_-3.58159_-2.81715
6.55143_-3.70284_-2.81715
6.0759_-3.85732_-2.83781
5.59728_-4.00194_-2.85848
5.11866_-4.14657_-2.83781
4.56013_-4.31771_-2.69314
4.07904_-4.44163_-3.08583
3.80316_-4.14994_-3.08583
3.30769_-4.21376_-2.94116
2.97398_-4.2939_-2.58979
2.50824_-4.46679_-2.98249
2.01025_-4.46883_-3.29252
1.51519_-4.39877_-3.27185
1.02013_-4.3287_-3.29252
0.525073_-4.25864_-3.27185
0.206465_-4.22229_-3.39586
0.16351_-4.09882_-3.39586
-0.324002_-3.98813_-3.33385
-0.815741_-3.89766_-3.31319
-1.2439_-3.84001_-3.37519
-1.73995_-3.79062_-3.1065
-2.23942_-3.81332_-3.08583
-2.73832_-3.84634_-3.06517
-3.23722_-3.87936_-3.08583
-3.7367_-3.90207_-3.1065
-4.05658_-3.92106_-3.39586
-4.5515_-3.86142_-3.12717
-5.05148_-3.86346_-3.14784
-5.55147_-3.86551_-3.12717
-6.05146_-3.86755_-3.14784
-6.7763_-3.87719_-3.4992
-6.7763_-3.87719_-3.4992
-7.24283_-3.69734_-3.51987
-7.70936_-3.5175_-3.4992
-8.17588_-3.33765_-3.51987
-8.66448_-3.24777_-3.12717
-9.16388_-3.27047_-3.06517
-9.66278_-3.30349_-3.08583
-10.1617_-3.33651_-3.06517
-10.6606_-3.36953_-3.08583
-11.0353_-3.38038_-3.64388
-11.509_-3.23075_-3.25118
-12.0074_-3.24309_-2.98249
-12.5002_-3.3274_-2.96182
-12.9931_-3.41171_-2.98249
-13.4859_-3.49602_-2.96182
-13.8633_-3.55833_-3.68522
-14.3304_-3.38926_-3.29252
-14.8284_-3.35004_-3.14784
-15.3284_-3.35208_-3.12717
-15.8284_-3.35413_-3.14784
-16.3283_-3.34584_-3.16851
-16.6946_-3.34871_-3.8919
-17.0837_-3.03537_-3.74722
-17.4977_-2.755_-3.72655
-17.9117_-2.47463_-3.74722
-18.148_-2.23032_-4.13992
-18.2019_-2.27523_-5.07
-18.1222_-1.78488_-4.6773
-18.1345_-1.28505_-4.69797
-18.1469_-0.785209_-4.6773
-18.1593_-0.285371_-4.69797
-18.1717_0.214467_-4.6773
-18.2616_0.596215_-4.2846
-18.2616_0.596215_-3.8919
-18.2616_0.596215_-3.4992
-18.2616_0.596215_-3.1065
-18.1742_0.619441_-2.09375
