configuration 32.0634506226_7.0565199852_0.870200588927_0.492697610133_0.864893198013_0.272379875183_-0.736733996813_0.676182680893
length 47.6146
time 7.4207
roughness 0.00523323
32.0635_7.05652_2.11122
31.8959_7.5242_1.71852
31.8959_7.5242_1.32582
31.8959_7.5242_1.71852
31.7283_7.99187_2.11122
31.3945_8.35982_2.50392
30.9453_8.57202_2.89662
30.4491_8.60646_3.24798
29.9514_8.55851_3.22731
29.7955_8.57583_2.83461
29.6122_8.67672_2.44191
29.4979_8.81964_2.04921
29.4979_8.81964_1.65651
29.521_9.02754_1.26382
29.6345_9.23368_0.871116
29.6345_9.23368_0.478417
29.6345_9.23368_0.0857181
29.6345_9.23368_-0.306981
29.6345_9.23368_-0.69968
29.6345_9.23368_-1.09238
29.6345_9.23368_-1.48508
29.6345_9.23368_-1.87778
29.3949_8.7985_-2.27048
29.0069_8.48814_-2.66318
28.5408_8.31017_-2.89053
28.0578_8.18096_-2.86986
27.5776_8.04179_-2.84919
27.5776_8.04179_-2.45649
27.2616_7.65843_-2.06379
27.0481_7.20654_-1.96045
26.8534_6.74602_-1.98112
26.8534_6.74602_-2.37382
26.4356_6.47733_-2.76652
25.9467_6.38902_-3.15922
25.4578_6.3007_-2.76652
25.0226_6.0576_-2.49783
24.6196_5.76165_-2.5185
24.2805_5.39861_-2.1258
24.1061_4.93342_-1.7331
24.0101_4.44281_-1.7951
23.9962_3.94621_-1.4024
24.1734_3.4821_-1.00971
24.5003_3.10643_-0.69968
24.5003_3.10643_-1.09238
24.6386_2.62926_-1.48508
24.5837_2.13551_-1.87778
24.4777_1.64762_-1.69176
24.4123_1.15193_-1.71243
24.3468_0.65624_-1.69176
24.1918_0.184248_-2.08446
23.868_-0.192496_-2.47716
23.4379_-0.444541_-2.74585
22.997_-0.678965_-2.55983
22.5765_-0.949375_-2.5805
22.1559_-1.21979_-2.55983
21.8021_-1.5685_-2.16713
21.5431_-1.99596_-2.06379
21.3111_-2.43883_-2.04312
21.0031_-2.82864_-2.43582
20.5694_-3.07091_-2.82852
20.076_-3.12877_-3.22122
19.5773_-3.14575_-2.99387
19.082_-3.21423_-3.01454
18.5868_-3.2827_-2.99387
18.1048_-3.41164_-2.76652
17.6377_-3.58999_-2.78719
17.1706_-3.76834_-2.76652
16.6817_-3.85666_-3.15922
16.1817_-3.85302_-3.13855
15.6818_-3.84937_-3.15922
15.189_-3.77391_-3.42791
14.7079_-3.63767_-3.40724
14.2269_-3.50142_-3.42791
13.7321_-3.45679_-3.03521
13.2543_-3.59525_-2.68384
12.8035_-3.81156_-2.70451
12.3211_-3.93_-3.09721
11.83_-3.8548_-3.48991
11.3618_-3.67929_-3.51058
10.8724_-3.59395_-3.11788
10.3751_-3.64186_-2.9732
9.88312_-3.73075_-2.95253
9.38614_-3.77863_-3.13855
8.8862_-3.78532_-3.11788
8.38625_-3.79201_-3.13855
7.8993_-3.89042_-2.74585
7.44421_-4.09734_-2.68384
6.99344_-4.31365_-2.70451
6.51097_-4.43209_-3.09721
6.0199_-4.35689_-3.48991
5.59499_-4.09948_-3.88261
5.17009_-3.84208_-3.48991
4.67902_-3.76687_-3.09721
4.19655_-3.88531_-2.70451
3.71408_-4.00375_-3.09721
3.22302_-3.92855_-3.48991
2.79811_-3.67114_-3.88261
2.40613_-3.36144_-3.73793
1.98956_-3.08492_-3.71726
1.57299_-2.80841_-3.73793
1.22427_-2.45457_-4.13063
1.03751_-1.99422_-4.52333
0.969058_-1.49915_-4.62667
0.83078_-1.02199_-4.23397
0.520425_-0.634071_-3.84127
0.110243_-0.349413_-3.65526
0.110243_-0.349413_-4.04796
0.0158672_-0.162737_-4.44066
-0.0117015_0.202282_-4.83335
0.143306_0.674273_-5.22605
0.459689_1.05812_-5.57742
0.84357_1.37848_-5.59808
0.84357_1.37848_-5.99078
0.84357_1.37848_-6.38348
0.89358_1.36319_-6.77618
0.933933_1.32993_-7.16888
1.08125_1.0529_-7.56158
1.10884_0.76661_-7.95428
0.963617_0.291515_-8.34698
