configuration 32.0634506226_7.0565199852_0.870200588927_0.492697610133_0.864893198013_0.272379875183_-0.736733996813_0.676182680893
length 43.8564
time 15.175
roughness 0.0241113
32.0635_7.05652_2.11122
31.8959_7.5242_2.40058
31.5621_7.89214_2.50392
31.3945_8.35982_2.50392
30.9453_8.57202_2.89662
30.4493_8.61676_3.20664
29.9514_8.55851_3.22731
29.458_8.47988_3.37199
28.9701_8.37073_3.35132
28.4822_8.26159_3.37199
27.9966_8.14238_3.39266
27.5776_8.04179_-2.84919
27.5776_8.04179_-2.45649
27.5776_8.04179_-2.45649
27.5776_8.04179_-2.06379
27.5484_7.96861_-1.83644
27.5341_7.91797_-1.85711
27.5341_7.91797_-1.85711
27.3035_7.47793_-2.24981
26.9481_7.12772_-2.47716
26.5513_6.8235_-2.49783
25.9467_6.38902_-3.15922
25.4578_6.3007_-2.76652
25.0399_6.03202_-2.37382
24.7309_5.64088_-2.10513
24.4718_5.21323_-2.1258
24.2128_4.78559_-2.10513
24.0101_4.44281_-1.7951
23.9962_3.94621_-1.4024
24.1153_3.46106_-1.25773
24.2742_2.98698_-1.23706
24.4428_2.5163_-1.21639
24.5837_2.13551_-1.87778
24.4083_1.66753_-1.98112
24.2041_1.21113_-2.00179
23.9906_0.759044_-2.02246
23.777_0.306959_-2.00179
23.5728_-0.149443_-1.98112
23.4379_-0.444541_-2.74585
22.997_-0.678965_-2.55983
22.5765_-0.949375_-2.5805
22.1559_-1.21979_-2.55983
22.1559_-1.21979_-2.55983
21.7661_-1.53169_-2.37382
21.4028_-1.87522_-2.39449
21.0395_-2.21874_-2.37382
20.6762_-2.56227_-2.39449
20.3129_-2.9058_-2.37382
20.076_-3.12877_-3.22122
19.5767_-3.13545_-3.03521
19.0815_-3.20391_-2.9732
18.5868_-3.2827_-2.99387
18.0915_-3.35118_-3.01454
17.5949_-3.40941_-3.03521
17.0983_-3.46764_-3.01454
16.6017_-3.52586_-3.03521
16.1051_-3.58409_-3.01454
15.7079_-3.64496_-3.40724
15.2123_-3.61056_-3.01454
14.7205_-3.69941_-2.9112
14.2325_-3.80855_-2.93186
13.7446_-3.91769_-2.9112
13.259_-4.0369_-2.89053
12.8205_-4.13532_-2.70451
12.338_-4.25376_-3.09721
11.8386_-4.2398_-3.24189
11.3417_-4.1846_-3.26256
10.8448_-4.12939_-3.24189
10.3468_-4.08447_-3.22122
9.89833_-4.04432_-2.99387
9.40213_-4.02018_-3.38657
8.91584_-3.90393_-3.3659
8.42955_-3.78769_-3.38657
7.94326_-3.67144_-3.3659
7.45697_-3.55519_-3.38657
7.04805_-3.45899_-3.69659
6.58287_-3.28461_-3.3039
6.08636_-3.30152_-2.9112
5.61296_-3.46019_-2.72518
5.15781_-3.66714_-2.70451
4.70704_-3.88346_-2.68384
4.25979_-4.09791_-2.78719
3.76919_-4.1761_-3.17988
3.28601_-4.0606_-3.57258
2.88381_-3.76899_-3.96528
2.88381_-3.76899_-3.96528
2.48161_-3.47737_-3.57258
2.00759_-3.3217_-3.34523
1.51691_-3.22565_-3.32456
1.02623_-3.1296_-3.34523
0.570804_-3.04118_-3.96528
0.310816_-2.61785_-4.35798
0.232621_-2.12725_-4.75068
0.297988_-1.63226_-4.9367
0.414233_-1.14597_-4.95736
0.540504_-0.66219_-4.97803
0.673437_-0.196972_-5.08138
0.858579_0.267478_-5.10204
0.858579_0.267478_-5.49474
0.858579_0.267478_-5.88744
0.858579_0.267478_-5.88744
0.858579_0.267478_-6.28014
0.858579_0.267478_-6.67284
0.858579_0.267478_-7.06554
0.858579_0.267478_-7.06554
0.858579_0.267478_-7.45824
0.858579_0.267478_-7.45824
