configuration 6.23696136475_-8.02296829224_-0.990618758317_0.136654585252_12.9709873199_-24.4014968872_-0.713623012343_0.700529939585
length 44.8592
time 51.7224
roughness 0.00314281
6.23696_-8.02297_-2.86743
5.79415_-8.24819_-2.47473
5.3981_-8.55337_-2.49539
5.00205_-8.85855_-2.47473
4.606_-9.16373_-2.49539
4.17892_-9.4742_-2.86743
3.68363_-9.51282_-3.26012
3.19549_-9.40799_-3.44614
2.71698_-9.263_-3.42547
2.23847_-9.11801_-3.44614
1.8154_-8.98574_-3.71483
1.35347_-8.8029_-3.32213
0.856742_-8.81076_-2.92943
0.400828_-9.00811_-2.53673
0.0115029_-9.32114_-2.39205
-0.350952_-9.66555_-2.37138
-0.696464_-9.99791_-2.30938
-1.09616_-10.2929_-2.70208
-1.57414_-10.4327_-3.0121
-2.06926_-10.5024_-2.99144
-2.56437_-10.5721_-3.0121
-3.06081_-10.6315_-3.03277
-3.44272_-10.6792_-2.30938
-3.74311_-11.078_-2.12336
-4.00993_-11.5008_-2.14403
-4.27675_-11.9237_-2.12336
-4.54356_-12.3465_-2.14403
-4.81038_-12.7694_-2.12336
-4.99935_-13.0843_-2.64007
-5.38_-13.4035_-2.24737
-5.60951_-13.8441_-1.85468
-5.65294_-14.339_-1.46198
-5.65294_-14.339_-1.46198
-5.69636_-14.8339_-1.85468
-5.88953_-15.2939_-2.08203
-6.13864_-15.7274_-2.1027
-6.39667_-16.1557_-2.12336
-6.7818_-16.7894_-1.89601
-6.84564_-17.282_-1.50331
-6.77602_-17.7767_-1.35863
-6.66569_-18.2644_-1.33797
-6.55536_-18.752_-1.35863
-6.45513_-19.2419_-1.3793
-6.36752_-19.6686_-1.11061
-6.0643_-20.0621_-0.717915
-5.63822_-20.3188_-0.366553
-5.17332_-20.5028_-0.387221
-4.70842_-20.6868_-0.366553
-4.24352_-20.8708_-0.387221
-3.7881_-21.0514_-0.449226
-3.30711_-21.1756_-0.0565269
-2.81152_-21.1267_0.253499
-2.32883_-20.9963_0.274167
-1.84614_-20.8659_0.253499
-1.36345_-20.7355_0.274167
-0.975497_-20.6172_-0.283879
-0.485285_-20.712_-0.0978637
0.0117824_-20.7659_-0.118532
0.50885_-20.8199_-0.0978637
1.00592_-20.8739_-0.118532
1.50298_-20.9279_-0.0978637
1.96396_-20.9775_-0.283879
2.45784_-21.0415_0.0261466
2.95776_-21.0336_0.0054782
3.45769_-21.0257_0.0261466
3.95762_-21.0178_0.0054782
4.75736_-21.0154_-0.304547
5.24981_-21.0896_0.0054782
5.74979_-21.092_-0.0151902
6.24978_-21.0944_0.0054782
6.74976_-21.0969_-0.0151902
7.5402_-21.0971_0.170825
8.03683_-21.1098_-0.221874
8.5234_-21.2249_-0.242542
9.00997_-21.3399_-0.221874
9.39413_-21.4379_0.584193
9.82967_-21.1933_0.439514
10.2843_-20.9852_0.418846
10.739_-20.7771_0.439514
10.739_-20.7771_0.439514
11.2211_-20.6575_0.046815
11.7177_-20.7011_-0.221874
12.2043_-20.8162_-0.242542
12.6909_-20.9312_-0.221874
13.1774_-21.0463_-0.242542
13.4751_-21.1255_-1.04861
13.6342_-21.5962_-1.44131
13.6112_-22.0931_-1.79267
13.4659_-22.5732_-1.85468
13.3308_-23.0546_-1.83401
13.2057_-23.5387_-1.81334
13.0806_-24.0228_-1.83401
12.9898_-24.4069_-1.772
