configuration 2.903195858_13.0508098602_-0.754177572005_0.656670533741_-13.4451351166_-15.4114570618_0.497552318458_0.867433968897
length 106.408
time 13.0495
roughness 0.00175454
2.9032_13.0508_-1.7088
2.78888_12.5648_-1.89482
2.6248_12.0925_-1.91549
2.46073_11.6202_-1.89482
2.39747_11.1274_-1.50212
2.5276_10.648_-1.10942
2.8313_10.2548_-0.71672
3.19786_9.91491_-0.778725
3.55011_9.56007_-0.799393
3.90236_9.20523_-0.778725
4.31726_8.93199_-0.386026
4.79526_8.78777_-0.20001
5.28423_8.68338_-0.220679
5.78088_8.67129_0.17202
6.27435_8.75178_0.151352
6.76782_8.83227_0.17202
7.26129_8.91276_0.151352
7.75476_8.99325_0.17202
8.24823_9.07374_0.151352
8.72652_9.21423_0.420041
9.18513_9.4134_0.399372
9.64374_9.61256_0.420041
10.1282_9.72277_0.0273417
10.6179_9.6392_-0.365357
11.0656_9.41828_-0.551373
11.5314_9.24559_-0.158674
12.0283_9.19221_-0.0553318
12.5278_9.16972_-0.0346634
13.0181_9.2497_0.358036
13.452_9.49413_0.668061
13.8477_9.79979_0.647393
14.2948_10.0163_0.254694
14.7908_10.0453_-0.138005
15.2601_9.88228_-0.530704
15.6774_9.6074_-0.634046
16.0833_9.31538_-0.613378
16.4891_9.02336_-0.634046
16.8681_8.84604_-0.241347
17.3644_8.82369_0.151352
17.8314_8.99297_0.544051
17.8314_8.99297_0.151352
18.3277_8.97062_-0.241347
18.7777_8.76005_-0.634046
18.7777_8.76005_-0.241347
19.274_8.73771_0.151352
19.741_8.90698_0.544051
20.2081_9.07626_0.151352
20.7044_9.05391_-0.241347
21.1543_8.84335_-0.634046
21.1543_8.84335_-0.241347
21.1543_8.84335_0.151352
21.6214_9.01262_0.544051
21.6214_9.01262_0.151352
22.1177_8.99027_-0.241347
22.5677_8.77971_-0.634046
22.9028_8.41297_-1.02675
23.1298_7.96797_-1.17142
23.3194_7.50534_-1.19209
23.4299_7.01975_-1.50212
23.4694_6.52131_-1.48145
23.5191_6.0238_-1.46078
23.4967_5.52631_-1.77081
23.4025_5.03529_-1.75014
23.3082_4.54426_-1.77081
23.2858_4.04677_-1.46078
23.3355_3.54926_-1.48145
23.375_3.05083_-1.50212
23.4145_2.55239_-1.48145
23.4539_2.05396_-1.50212
23.4934_1.55553_-1.48145
23.5122_1.05611_-1.58479
23.5104_0.556121_-1.56412
23.5086_0.0561331_-1.58479
23.4148_-0.432378_-1.93615
23.241_-0.901189_-1.91549
23.0769_-1.37349_-1.89482
22.9727_-1.86142_-1.66746
22.9193_-2.35855_-1.68813
22.8557_-2.85447_-1.7088
22.8846_-3.35042_-1.3161
23.0156_-3.83295_-1.29543
23.1565_-4.31268_-1.27477
23.1565_-4.31268_-0.882067
23.2577_-4.39546_-0.489368
23.508_-4.47099_-0.0966685
24.0024_-4.42155_0.296031
24.4401_-4.1867_0.68873
24.763_-3.8083_1.04009
24.763_-3.8083_0.647393
24.763_-3.8083_0.254694
24.9718_-3.7961_-0.138005
24.9718_-3.7961_-0.530704
25.0131_-3.82848_-0.799393
25.2833_-4.24537_-1.19209
25.414_-4.72688_-1.41944
25.4843_-5.22191_-1.44011
25.5031_-5.72083_-1.62613
25.4703_-6.21974_-1.6468
25.4375_-6.71866_-1.62613
25.3739_-7.21416_-1.77081
25.2695_-7.70313_-1.79148
25.1651_-8.1921_-1.77081
25.1015_-8.6876_-1.62613
25.0687_-9.18651_-1.6468
25.0255_-9.68464_-1.66746
25.0134_-10.1841_-1.52279
25.0322_-10.6837_-1.54345
25.0511_-11.1833_-1.52279
24.9776_-11.6747_-1.91549
24.8038_-12.1435_-1.93615
24.7598_-12.4012_-1.54345
24.87_-12.8856_-1.15076
25.088_-13.3356_-1.08875
25.3243_-13.7762_-1.06808
25.4742_-14.2498_-1.46078
25.4313_-14.7448_-1.85348
25.2577_-15.2132_-1.99816
25.1137_-15.6904_-1.72947
25.0296_-16.1833_-1.75014
24.9455_-16.6762_-1.72947
24.9642_-17.1726_-1.33677
25.1715_-17.6241_-0.944072
25.5357_-17.9619_-0.551373
25.5357_-17.9619_-0.944072
25.743_-18.4134_-1.33677
25.7617_-18.9098_-1.72947
25.589_-19.3756_-2.12217
25.2972_-19.7811_-2.26685
24.9806_-20.1681_-2.24618
24.6004_-20.4878_-2.63888
24.1267_-20.6376_-3.03158
23.6283_-20.6771_-3.09358
23.1463_-20.7973_-2.70088
22.728_-21.0684_-2.43219
22.3453_-21.3902_-2.45286
21.9075_-21.625_-2.84556
21.4132_-21.6744_-3.23826
20.9375_-21.5309_-3.63096
20.4619_-21.3874_-3.23826
19.9625_-21.3753_-3.09358
19.4629_-21.3941_-3.11425
19.1314_-21.4695_-2.72155
19.1314_-21.4695_-2.32885
19.1314_-21.4695_-1.93615
19.1314_-21.4695_-2.32885
18.9394_-21.6056_-2.72155
18.5315_-21.6984_-3.11425
18.0418_-21.6148_-3.50695
17.6213_-21.3502_-3.89965
17.2691_-20.9954_-3.96165
16.8659_-20.7053_-3.56896
16.3823_-20.5915_-3.17626
15.8919_-20.6715_-2.78356
15.7122_-20.7085_-3.09358
15.2272_-20.8188_-2.74222
14.7646_-21.0085_-2.76289
14.2981_-21.1885_-2.78356
13.8216_-21.3392_-2.8869
13.3365_-21.4602_-2.90757
12.8513_-21.5812_-2.8869
12.3554_-21.6101_-3.2796
11.8861_-21.4471_-3.6723
11.5149_-21.1169_-4.065
11.1438_-20.7867_-3.6723
10.6745_-20.6237_-3.2796
10.1785_-20.6527_-2.8869
9.72175_-20.851_-2.57687
9.29665_-21.1142_-2.59754
8.87154_-21.3774_-2.57687
8.40808_-21.5563_-2.96957
7.91143_-21.5442_-3.36227
7.42726_-21.4197_-3.42428
6.9457_-21.2853_-3.40361
6.46414_-21.1508_-3.42428
5.98258_-21.0163_-3.40361
5.487_-20.9734_-3.05225
4.98857_-21.0128_-3.07291
4.49013_-21.0523_-3.05225
4.28179_-21.0819_-2.9489
3.78414_-21.1006_-3.25893
3.28701_-21.0472_-3.23826
2.78988_-20.9938_-3.25893
2.29464_-21.033_-2.86623
1.818_-21.1838_-2.80423
1.34792_-21.3542_-2.78356
0.857611_-21.4342_-3.17626
0.374015_-21.3204_-3.56896
-0.0695084_-21.0901_-3.6723
-0.53879_-20.927_-3.2796
-1.03756_-20.9046_-3.09358
-1.5372_-20.9234_-3.11425
-2.02692_-20.8398_-3.50695
-2.44738_-20.5752_-3.89965
-2.76021_-20.1871_-4.16834
-2.76021_-20.1871_-3.77564
-2.76021_-20.1871_-3.38294
-2.76021_-20.1871_-2.99024
-3.25863_-20.2162_-3.17626
-3.75848_-20.2041_-3.15559
-4.25847_-20.2022_-3.13492
-4.74506_-20.3024_-2.74222
-5.20768_-20.492_-2.76289
-5.67031_-20.6817_-2.74222
-6.12465_-20.8903_-2.68022
-6.57003_-21.1175_-2.65955
-7.01542_-21.3447_-2.68022
-7.47384_-21.5437_-2.78356
-7.94029_-21.7238_-2.76289
-8.40674_-21.9038_-2.78356
-8.89705_-21.9838_-3.17626
-9.38065_-21.8701_-3.56896
-9.79655_-21.5962_-3.87898
-9.79655_-21.5962_-3.48628
-9.79655_-21.5962_-3.09358
-9.79655_-21.5962_-2.70088
-9.79655_-21.5962_-3.09358
-10.0552_-21.5575_-3.48628
-10.481_-21.3017_-3.87898
-10.9068_-21.0458_-3.48628
-11.3982_-20.9724_-3.09358
-11.8802_-21.0926_-2.70088
-12.3622_-21.2128_-3.09358
-12.8536_-21.1393_-3.48628
-13.2794_-20.8835_-3.87898
-13.2794_-20.8835_-3.48628
-13.7708_-20.81_-3.09358
-14.2528_-20.9302_-2.70088
-14.6841_-21.0378_-3.09358
-15.0978_-20.9759_-3.48628
-15.4116_-20.7874_-3.87898
-15.7071_-20.3881_-4.27168
-15.8273_-19.906_-4.66438
-15.7539_-19.4147_-5.05708
-15.6296_-18.9311_-4.87106
-15.5557_-18.4366_-4.85039
-15.4818_-17.9421_-4.87106
-15.3091_-17.4763_-5.26376
-15.0092_-17.0772_-5.44978
-14.6692_-16.7106_-5.47045
-14.3292_-16.3439_-5.44978
-13.9892_-15.9773_-5.47045
-13.6417_-15.6178_-5.49111
