configuration 32.0634506226_7.0565199852_0.870200588927_0.492697610133_0.864893198013_0.272379875183_-0.736733996813_0.676182680893
length 43.0699
time 24.4528
roughness 0.00652443
32.0635_7.05652_2.11122
31.8959_7.5242_1.71852
31.8959_7.5242_1.32582
31.8959_7.5242_1.71852
31.7283_7.99187_2.11122
31.3945_8.35982_2.50392
30.9453_8.57202_2.89662
30.4491_8.60646_3.24798
29.9514_8.55851_3.22731
29.7955_8.57583_2.83461
29.6122_8.67672_2.44191
29.4979_8.81964_2.04921
29.4979_8.81964_1.65651
29.521_9.02754_1.26382
29.6345_9.23368_0.871116
29.6345_9.23368_0.478417
29.6345_9.23368_0.0857181
29.6345_9.23368_-0.306981
29.6345_9.23368_-0.69968
29.6345_9.23368_-1.09238
29.6345_9.23368_-1.48508
29.6345_9.23368_-1.87778
29.3949_8.7985_-2.27048
29.0069_8.48814_-2.66318
28.5812_8.2267_-2.5185
28.1782_7.93075_-2.49783
27.7752_7.6348_-2.5185
27.323_7.42917_-2.9112
26.8374_7.30997_-2.89053
26.3544_7.18076_-2.86986
25.8714_7.05154_-2.89053
25.3884_6.92233_-2.86986
24.9054_6.79311_-2.89053
24.4575_6.57818_-2.49783
24.0672_6.26588_-2.43582
23.6833_5.94552_-2.45649
23.2994_5.62517_-2.43582
22.9222_5.29695_-2.41516
22.545_4.96873_-2.43582
22.1113_4.72646_-2.82852
21.6341_4.57739_-2.84919
21.1568_4.42833_-2.82852
20.7176_4.19477_-2.47716
20.3208_3.89056_-2.49783
19.9178_3.59461_-2.5185
19.4656_3.38898_-2.9112
18.9691_3.37207_-3.3039
18.5039_3.54645_-3.69659
18.0387_3.72083_-3.3039
17.5413_3.71417_-2.95253
17.0493_3.62529_-2.9732
16.5573_3.5364_-2.95253
16.0672_3.43736_-2.93186
15.5771_3.33833_-2.95253
15.0803_3.34195_-3.34523
14.5897_3.438_-3.32456
14.0971_3.52389_-3.3039
13.6319_3.69827_-3.69659
13.2689_4.03739_-4.08929
13.0632_4.48963_-4.48199
13.0632_4.48963_-4.08929
13.0632_4.48963_-3.69659
12.5981_4.66401_-3.3039
12.1016_4.6471_-2.9112
11.6247_4.49817_-2.76652
11.1576_4.31982_-2.78719
10.6905_4.14146_-2.76652
10.2272_3.9535_-2.74585
9.76389_3.76553_-2.76652
9.29002_3.60671_-2.86986
8.80701_3.47749_-2.89053
8.324_3.34828_-2.86986
8.324_3.34828_-3.26256
7.85201_3.50329_-3.65526
7.47527_3.82712_-4.04796
7.24171_4.26631_-4.39932
7.24171_4.26631_-4.00662
6.85191_4.5743_-3.61392
6.37391_4.70967_-3.22122
5.89592_4.84504_-3.61392
5.50611_5.15302_-4.00662
5.26384_5.58674_-4.39932
5.26384_5.58674_-4.00662
5.26384_5.58674_-3.61392
5.18837_5.60811_-3.22122
4.69496_5.55026_-2.82852
4.28407_5.32074_-2.43582
3.85035_5.07847_-2.82852
3.35694_5.02061_-3.22122
2.86008_5.07581_-3.28323
2.36139_5.10007_-3.09721
1.86169_5.08305_-3.11788
1.36199_5.06603_-3.09721
0.904911_4.95383_-2.70451
0.694165_4.79906_-2.31181
0.558689_4.57542_-1.91911
0.336302_4.1288_-2.14647
0.0684567_3.70661_-2.1258
-0.190605_3.27896_-2.10513
-0.190605_3.27896_-1.71243
-0.183456_3.14843_-1.31973
-0.0250858_2.8184_-0.927032
0.189845_2.37051_-1.31973
0.217014_1.87446_-1.71243
0.141323_1.38023_-1.7331
0.117072_0.881893_-1.50575
0.154727_0.383321_-1.48508
0.192383_-0.11525_-1.50575
0.192383_-0.11525_-1.11305
0.256019_-0.19825_-0.720348
0.505045_-0.342159_-0.327649
0.505045_-0.342159_0.0650497
0.681857_-0.294858_0.457749
0.99311_-0.0562231_0.850448
1.04544_0.0343319_1.24315
1.06694_0.110258_1.34649
1.06694_0.110258_1.28448
1.06694_0.110258_1.67718
1.06694_0.110258_2.06988
1.06694_0.110258_2.42124
1.06694_0.110258_2.44191
1.06694_0.110258_2.83461
1.06694_0.110258_3.22731
1.06694_0.110258_3.62001
1.06694_0.110258_4.01271
