configuration 14.2292175293_13.7099370956_-0.723728341199_0.690084986176_-18.0985870361_0.542219161987_-0.683562400866_0.729892077038
length 70.9005
time 300
roughness 0.00138874
14.2292_13.7099_-1.61838
14.1593_13.2156_-1.8044
14.0485_12.728_-1.78373
13.9378_12.2404_-1.8044
13.8171_11.7552_-1.82506
13.6963_11.27_-1.8044
13.6275_10.9585_-1.51504
13.7514_10.4774_-1.12234
14.05_10.0804_-0.72964
14.4328_9.75883_-0.667635
14.8286_9.45334_-0.646966
15.1726_9.17656_-0.171594
15.1726_9.17656_-0.171594
15.6707_9.15799_0.0970952
16.1688_9.20132_0.0764269
16.6669_9.24464_0.0970952
17.165_9.28797_0.0764269
17.6777_9.32865_-0.109588
18.177_9.31004_0.0350901
18.6764_9.33275_0.0557585
19.1759_9.35545_0.0350901
19.6754_9.37816_0.0557585
20.4654_9.42156_-0.254267
20.9582_9.34139_-0.0682518
21.4566_9.30214_-0.0889201
21.9551_9.26289_-0.0682518
22.4535_9.22363_-0.0889201
22.8861_9.19375_-0.233599
23.3377_8.98668_-0.626298
23.6757_8.62255_-1.019
23.8485_8.15681_-1.4117
23.8609_7.65847_-1.68038
23.8011_7.16207_-1.70105
23.7199_6.68172_-1.76306
23.6499_6.18687_-1.65972
23.6106_5.68842_-1.63905
23.5714_5.18998_-1.65972
23.5321_4.69153_-1.63905
23.4929_4.19308_-1.65972
23.4557_3.7234_-1.4737
23.4272_3.4372_-1.4737
23.4396_2.93779_-1.61838
23.421_2.43815_-1.59771
23.4024_1.9385_-1.61838
23.3837_1.43886_-1.59771
23.3652_0.741614_-1.4737
23.3466_0.243463_-1.74239
23.2664_-0.250041_-1.72172
23.1861_-0.743545_-1.74239
23.0956_-1.23528_-1.76306
23.0052_-1.72702_-1.74239
22.9469_-2.11437_-2.13509
22.6044_-2.47424_-2.52779
22.1503_-2.67566_-2.92049
21.6542_-2.72916_-3.14784
21.1542_-2.7312_-3.12717
20.6543_-2.73324_-3.14784
20.0275_-2.74228_-2.87915
19.5635_-2.92554_-2.6518
19.1247_-3.16531_-2.63113
18.686_-3.40507_-2.6518
18.0918_-3.72458_-2.54846
17.6336_-3.91657_-2.94116
17.1426_-4.01105_-2.96182
16.6516_-4.10552_-2.94116
16.1607_-4.2_-2.96182
15.6697_-4.29448_-2.94116
15.2851_-4.38156_-3.02383
14.7871_-4.42488_-3.08583
14.2876_-4.44759_-3.1065
13.7923_-4.45995_-3.06517
13.299_-4.40052_-3.45786
12.8367_-4.21123_-3.60254
12.3866_-3.99348_-3.58188
11.9366_-3.77572_-3.60254
11.2419_-3.42999_-3.25118
10.9125_-3.28397_-3.25118
10.4161_-3.22415_-3.27185
9.91966_-3.16433_-3.25118
9.42326_-3.10452_-3.27185
8.8762_-3.04359_-3.06517
8.38627_-3.13786_-2.83781
7.90765_-3.28249_-2.85848
7.42903_-3.42711_-2.83781
6.9535_-3.58159_-2.81715
6.55143_-3.70284_-2.81715
6.06765_-3.82745_-2.96182
5.57667_-3.92193_-2.94116
5.08774_-4.02654_-2.92049
4.3185_-4.18236_-3.33385
3.82874_-4.08176_-3.35452
3.33897_-3.98115_-3.33385
2.84921_-3.88055_-3.35452
2.84921_-3.88055_-3.35452
2.35944_-3.77994_-3.33385
1.86968_-3.67934_-3.35452
1.37991_-3.57873_-3.33385
1.37991_-3.57873_-3.33385
0.883124_-3.58076_-2.94116
0.402031_-3.71535_-2.79648
-0.0702018_-3.87963_-2.81715
-0.542434_-4.04391_-2.79648
-1.01467_-4.20819_-2.81715
-1.37535_-4.32069_-3.45786
-1.86689_-4.24073_-3.14784
-2.36687_-4.24277_-3.12717
-2.86671_-4.25515_-3.1065
-3.36655_-4.26752_-3.12717
-4.15994_-4.27813_-3.4372
-4.64492_-4.15743_-3.33385
-5.13666_-4.06696_-3.31319
-5.57206_-4.00631_-3.25118
-6.06704_-3.93625_-3.31319
-6.56055_-3.85598_-3.29252
-7.05405_-3.7757_-3.31319
-7.54756_-3.69542_-3.29252
-8.33284_-3.56967_-3.08583
-8.33284_-3.56967_-3.08583
-8.76065_-3.31712_-3.08583
-9.26015_-3.30883_-3.23051
-9.75768_-3.25929_-3.25118
-10.2552_-3.20974_-3.23051
-10.7527_-3.1602_-3.25118
-11.2503_-3.11065_-3.23051
-11.5838_-3.09028_-2.46578
-12.233_-3.33757_-2.46578
-12.665_-3.58536_-2.77581
-13.1337_-3.75937_-2.79648
-13.6024_-3.93337_-2.77581
-14.0712_-4.10737_-2.79648
-14.739_-4.36146_-3.4992
-15.2156_-4.21094_-3.39586
-15.6982_-4.08018_-3.41653
-16.1807_-3.94942_-3.39586
-16.6659_-3.82866_-3.37519
-17.1511_-3.7079_-3.39586
-17.1982_-3.68513_-3.78856
-17.1941_-3.6897_-4.6773
-17.2374_-3.1918_-4.57396
-17.3115_-2.69733_-4.55329
-17.3958_-2.2045_-4.53262
-17.4801_-1.71167_-4.55329
-17.5542_-1.2172_-4.57396
-17.6328_-0.758045_-4.3466
-17.8164_-0.293005_-4.32594
-18.0097_0.168141_-4.30527
-18.1532_0.500451_-3.99524
-18.1532_0.500451_-3.60254
-18.1532_0.500451_-3.20984
-18.1532_0.500451_-2.81715
-18.1532_0.500451_-2.81715
-18.1532_0.500451_-2.42445
-18.1532_0.500451_-2.03175
-18.1532_0.500451_-2.03175
