configuration -11.8536100388_-27.1978302002_0.742596430242_0.669739159518_7.0929813385_4.64613723755_-0.0222057164121_0.999753422679
length 56.926
time 2.60617
roughness 0.00303114
-11.8536_-27.1978_1.67388
-11.9306_-26.704_1.77722
-12.0281_-26.2136_1.75655
-12.1255_-25.7232_1.77722
-12.1305_-25.2264_1.38452
-11.9543_-24.7612_1.03316
-11.7027_-24.3292_1.05383
-11.5462_-23.8577_1.44653
-11.5717_-23.3609_1.79789
-11.6793_-22.8726_1.77722
-11.874_-22.4156_2.16992
-12.2288_-22.0679_2.56262
-12.6501_-21.7986_2.58329
-13.1082_-21.6032_2.89331
-13.5941_-21.4853_2.91398
-13.9599_-21.4739_3.30668
-14.4565_-21.4583_2.91398
-14.9093_-21.254_2.52128
-15.2798_-20.9198_2.29393
-15.6567_-20.5936_2.56262
-16.078_-20.3244_2.58329
-16.5048_-20.0639_2.60395
-16.8737_-19.7311_2.21126
-17.0871_-19.2825_1.81856
-17.1743_-18.7906_1.67388
-17.2206_-18.2928_1.65321
-17.2566_-17.7941_1.63254
-17.2926_-17.2954_1.65321
-17.3389_-16.7975_1.67388
-17.3852_-16.2997_1.65321
-17.4213_-15.801_1.63254
-17.3954_-15.3028_1.40519
-17.318_-14.8088_1.42586
-17.2407_-14.3148_1.40519
-17.2251_-13.8165_1.67388
-17.2817_-13.3198_1.69455
-17.3486_-12.8243_1.71521
-17.3742_-12.3256_1.5292
-17.3483_-11.8263_1.50853
-17.3223_-11.327_1.5292
-17.2964_-10.8277_1.50853
-17.2704_-10.3284_1.5292
-17.2444_-9.82906_1.50853
-17.2391_-9.32931_1.61187
-17.2545_-8.82956_1.5912
-17.2699_-8.3298_1.61187
-17.1931_-7.83899_1.21917
-17.016_-7.37139_1.19851
-16.839_-6.9038_1.21917
-16.6242_-6.45306_1.03316
-16.3726_-6.02099_1.05383
-16.13_-5.5838_1.07449
-15.8128_-5.20149_0.681796
-15.3823_-4.95112_0.37177
-14.9183_-4.76469_0.392439
-14.5052_-4.48879_0.785138
-14.1479_-4.13901_0.764469
-13.7906_-3.78923_0.785138
-13.3775_-3.51333_0.392439
-12.8902_-3.41654_-0.000260491
-12.3906_-3.43217_-0.0622656
-11.8947_-3.38604_0.24776
-11.4087_-3.26845_0.227092
-10.9204_-3.16092_0.206423
-10.4237_-3.15591_-0.186276
-9.9628_-3.34139_-0.578975
-9.608_-3.68912_-0.971674
-9.25319_-4.03685_-0.578975
-8.79232_-4.22233_-0.186276
-8.29555_-4.21733_0.206423
-7.83399_-4.03185_0.557786
-7.40708_-3.7716_0.537117
-6.97487_-3.52022_0.516449
-6.50331_-3.3639_0.12375
-6.00783_-3.39994_-0.268949
-5.56385_-3.62284_-0.661648
-5.11987_-3.84575_-0.268949
-4.62438_-3.88179_0.12375
-4.15283_-3.72546_0.516449
-3.68127_-3.56914_0.12375
-3.18578_-3.60518_-0.268949
-2.74181_-3.82809_-0.661648
-2.29783_-4.05099_-0.268949
-1.80234_-4.08703_0.12375
-1.30556_-4.03044_0.103081
-0.830875_-3.8839_0.49578
-0.805891_-3.87619_0.103081
-0.805891_-3.87619_-0.289618
-0.805891_-3.87619_-0.682317
-0.459094_-4.05937_-0.289618
-0.146694_-4.08859_0.103081
0.103142_-4.01147_0.49578
0.103142_-4.01147_0.88848
0.225266_-3.78027_1.28118
0.256923_-3.44183_1.67388
0.29832_-2.99927_1.28118
0.420443_-2.76807_0.88848
0.621746_-2.6012_0.49578
1.00422_-2.28416_0.88848
1.27289_-1.86375_1.11583
1.48794_-1.41237_1.1365
1.60504_-0.929578_1.5292
1.52847_-0.438721_1.9219
1.33257_0.021063_2.02524
1.20577_0.501402_1.63254
1.24193_0.998586_1.36385
1.3396_1.48894_1.38452
1.42712_1.98122_1.40519
1.51463_2.47349_1.38452
1.60215_2.96576_1.40519
1.77807_3.43037_1.01249
2.11839_3.79228_0.619791
2.5713_3.99642_0.227092
3.06341_4.08364_0.12375
3.55892_4.15048_0.144418
4.05442_4.21732_0.12375
4.52598_4.37364_0.516449
4.96329_4.61603_0.49578
5.4006_4.85841_0.516449
5.87215_5.01473_0.12375
6.23725_4.98818_-0.268949
6.49429_4.85913_-0.661648
6.93827_4.63623_-0.268949
