configuration 32.0634506226_7.0565199852_0.870200588927_0.492697610133_0.864893198013_0.272379875183_-0.736733996813_0.676182680893
length 41.1926
time 7.48185
roughness 0.00596301
32.0635_7.05652_2.11122
31.8959_7.5242_1.71852
31.8959_7.5242_1.32582
31.8959_7.5242_1.71852
31.7283_7.99187_2.11122
31.3945_8.35982_2.50392
30.9453_8.57202_2.89662
30.4491_8.60646_3.24798
29.9514_8.55851_3.22731
29.7955_8.57583_2.83461
29.6122_8.67672_2.44191
29.4979_8.81964_2.04921
29.4979_8.81964_1.65651
29.521_9.02754_1.26382
29.6345_9.23368_0.871116
29.6345_9.23368_0.478417
29.6345_9.23368_0.0857181
29.6345_9.23368_-0.306981
29.6345_9.23368_-0.69968
29.6345_9.23368_-1.09238
29.6345_9.23368_-1.48508
29.6345_9.23368_-1.87778
29.3949_8.7985_-2.27048
29.0069_8.48814_-2.66318
28.5408_8.31017_-2.89053
28.0578_8.18096_-2.86986
27.5776_8.04179_-2.84919
27.5776_8.04179_-2.45649
27.2616_7.65843_-2.06379
27.0481_7.20654_-1.96045
26.8534_6.74602_-1.98112
26.8534_6.74602_-2.37382
26.4356_6.47733_-2.76652
25.9467_6.38902_-3.15922
25.4578_6.3007_-2.76652
25.0226_6.0576_-2.49783
24.6196_5.76165_-2.5185
24.1674_5.55602_-2.9112
23.6794_5.44687_-2.93186
23.1915_5.33773_-2.9112
22.7036_5.22859_-2.93186
22.2156_5.11944_-2.9112
21.7277_5.0103_-2.93186
21.2713_4.81406_-2.53917
20.9248_4.45811_-2.14647
20.6397_4.0474_-2.20847
20.2718_3.7136_-2.60117
19.8041_3.54602_-2.99387
19.3079_3.57017_-3.38657
18.8216_3.68642_-3.3659
18.3353_3.80266_-3.38657
17.849_3.91891_-3.3659
17.3524_3.93279_-2.9732
16.8624_3.83377_-2.9112
16.3745_3.72463_-2.93186
15.8866_3.61549_-2.9112
15.3986_3.50634_-2.93186
14.9107_3.3972_-2.9112
14.4142_3.38029_-3.3039
13.9283_3.49643_-3.44857
13.4533_3.65244_-3.46924
12.9608_3.71748_-3.07654
12.4615_3.69014_-3.09721
11.9623_3.66279_-3.07654
11.4698_3.72784_-3.46924
11.0396_3.9764_-3.86194
10.7374_4.37066_-4.25464
10.7374_4.37066_-3.86194
10.7374_4.37066_-3.46924
10.7374_4.37066_-3.07654
10.2574_4.24227_-2.68384
9.81605_4.00755_-2.62184
9.38467_3.75475_-2.60117
8.917_3.58717_-2.99387
8.42079_3.61131_-3.38657
7.9716_3.82351_-3.77927
7.5224_4.03571_-3.38657
7.0262_4.05986_-2.99387
6.55852_3.89228_-2.60117
6.09085_3.7247_-2.99387
5.59231_3.69739_-3.17988
5.09291_3.7217_-3.20055
4.61222_3.84716_-3.59325
4.21614_4.14703_-3.98595
3.90392_4.53728_-4.08929
3.54088_4.8764_-3.69659
3.0757_5.05078_-3.3039
2.57919_5.03387_-2.9112
2.08366_4.97577_-3.13855
1.58368_4.97941_-3.15922
1.08371_4.98306_-3.13855
0.955561_4.95716_-2.74585
0.543335_4.6799_-2.35315
0.26859_4.266_-1.96045
0.198269_3.90676_-1.56775
0.296671_3.41981_-1.17505
0.573931_3.00758_-0.782354
0.851191_2.59535_-1.17505
0.949594_2.1084_-1.56775
0.935619_1.60868_-1.62976
0.911316_1.10928_-1.60909
0.887013_0.609878_-1.62976
0.863326_0.2686_-1.65043
