configuration 32.0634506226_7.0565199852_0.870200588927_0.492697610133_0.864893198013_0.272379875183_-0.736733996813_0.676182680893
length 41.4726
time 300
roughness 0.0232641
32.0635_7.05652_2.11122
31.8959_7.5242_2.40058
31.5621_7.89214_2.50392
31.3945_8.35982_2.50392
30.9453_8.57202_2.89662
30.4493_8.61676_3.20664
29.9507_8.5791_3.22731
29.4531_8.53115_3.24798
29.0069_8.48814_-2.66318
28.5757_8.23545_-2.55983
28.1609_7.95641_-2.53917
27.746_7.67736_-2.55983
27.3781_7.44301_-1.91911
27.1292_7.01232_-2.27048
26.8534_6.74602_-2.37382
26.4764_6.41794_-2.47716
26.0796_6.11372_-2.49783
25.6828_5.8095_-2.47716
25.0672_5.34544_-1.75377
24.9611_4.85692_-1.81577
24.8348_4.37314_-1.83644
24.7085_3.88936_-1.81577
24.5823_3.40557_-1.83644
24.5003_3.10643_-1.93978
24.415_2.61702_-1.54708
24.5837_2.13551_-1.87778
24.4083_1.66753_-1.98112
24.2041_1.21113_-2.00179
23.9906_0.759044_-2.02246
23.777_0.306959_-2.00179
23.5728_-0.149443_-1.98112
23.4379_-0.444541_-2.74585
23.0256_-0.721801_-2.35315
22.6695_-1.07276_-2.37382
22.3134_-1.42372_-2.35315
21.9646_-1.78197_-2.33248
21.6158_-2.14021_-2.35315
21.3111_-2.43883_-2.43582
20.8774_-2.68111_-2.82852
20.3972_-2.82026_-2.89053
19.9116_-2.93946_-2.9112
19.4261_-3.05866_-2.89053
18.943_-3.18788_-2.86986
18.5868_-3.2827_-2.99387
18.0893_-3.33064_-3.09721
17.5896_-3.34766_-3.11788
17.0899_-3.36468_-3.09721
16.5902_-3.3817_-3.11788
16.0905_-3.39872_-3.09721
15.6758_-3.41932_-2.74585
15.1993_-3.56818_-2.93186
14.7092_-3.66721_-2.95253
14.2191_-3.76625_-2.93186
13.729_-3.86528_-2.95253
13.2389_-3.96432_-2.93186
12.7962_-4.05274_-2.70451
12.3203_-4.20136_-2.9732
11.8251_-4.26983_-3.03521
11.3273_-4.32831_-3.01454
10.8317_-4.29392_-3.40724
10.3569_-4.13798_-3.51058
9.88869_-3.96247_-3.48991
9.41698_-3.79668_-3.46924
8.6666_-3.52108_-3.15922
8.16874_-3.55868_-2.9732
7.67498_-3.63738_-2.99387
7.1797_-3.70586_-3.01454
6.68442_-3.77434_-2.99387
6.19066_-3.85303_-2.9732
5.70726_-3.92339_-2.66318
5.2301_-4.06167_-3.05587
4.73093_-4.08901_-3.11788
4.23098_-4.0957_-3.13855
3.91888_-4.09131_-3.44857
3.4837_-3.85168_-3.84127
3.12576_-3.5032_-3.98595
2.79754_-3.12602_-4.00662
2.46932_-2.74884_-3.98595
2.1411_-2.37166_-4.00662
1.91906_-2.1093_-4.33731
1.72159_-1.65004_-4.27531
1.51464_-1.19489_-4.29598
1.30769_-0.739736_-4.27531
1.09137_-0.28896_-4.25464
0.87506_0.161817_-4.27531
0.766723_0.309339_-3.88261
0.766723_0.309339_-3.48991
0.766723_0.309339_-3.09721
0.794669_0.339188_-2.24981
