configuration 32.0634506226_7.0565199852_0.870200588927_0.492697610133_0.864893198013_0.272379875183_-0.736733996813_0.676182680893
length 46.3173
time 4.60351
roughness 0.00509023
32.0635_7.05652_2.11122
31.8959_7.5242_1.71852
31.8959_7.5242_1.32582
31.8959_7.5242_1.71852
31.7283_7.99187_2.11122
31.3945_8.35982_2.50392
30.9453_8.57202_2.89662
30.4491_8.60646_3.24798
29.9514_8.55851_3.22731
29.7955_8.57583_2.83461
29.6122_8.67672_2.44191
29.4979_8.81964_2.04921
29.4979_8.81964_1.65651
29.521_9.02754_1.26382
29.6345_9.23368_0.871116
29.6345_9.23368_0.478417
29.6345_9.23368_0.0857181
29.6345_9.23368_-0.306981
29.6345_9.23368_-0.69968
29.6345_9.23368_-1.09238
29.6345_9.23368_-1.48508
29.6345_9.23368_-1.87778
29.3949_8.7985_-2.27048
29.0069_8.48814_-2.66318
28.5408_8.31017_-2.89053
28.0578_8.18096_-2.86986
27.5776_8.04179_-2.84919
27.5776_8.04179_-2.45649
27.2616_7.65843_-2.06379
27.0481_7.20654_-1.96045
26.8534_6.74602_-1.98112
26.8534_6.74602_-2.37382
26.4356_6.47733_-2.76652
25.9467_6.38902_-3.15922
25.4578_6.3007_-2.76652
25.0226_6.0576_-2.49783
24.6196_5.76165_-2.5185
24.2805_5.39861_-2.1258
24.1061_4.93342_-1.7331
24.0101_4.44281_-1.7951
23.9962_3.94621_-1.4024
24.1734_3.4821_-1.00971
24.5003_3.10643_-0.69968
24.5003_3.10643_-1.09238
24.6386_2.62926_-1.48508
24.5837_2.13551_-1.87778
24.4777_1.64762_-1.69176
24.4123_1.15193_-1.71243
24.3468_0.65624_-1.69176
24.1918_0.184248_-2.08446
23.868_-0.192496_-2.47716
23.4379_-0.444541_-2.74585
22.997_-0.678965_-2.55983
22.5765_-0.949375_-2.5805
22.1559_-1.21979_-2.55983
21.8021_-1.5685_-2.16713
21.5431_-1.99596_-2.06379
21.3111_-2.43883_-2.04312
21.0031_-2.82864_-2.43582
20.5694_-3.07091_-2.82852
20.076_-3.12877_-3.22122
19.5773_-3.14575_-2.99387
19.082_-3.21423_-3.01454
18.5868_-3.2827_-2.99387
18.1048_-3.41164_-2.76652
17.6377_-3.58999_-2.78719
17.1706_-3.76834_-2.76652
16.6817_-3.85666_-3.15922
16.1817_-3.85302_-3.13855
15.6818_-3.84937_-3.15922
15.1929_-3.93769_-2.76652
14.7296_-4.12566_-2.74585
14.2702_-4.32316_-2.72518
13.7854_-4.4316_-3.11788
13.2855_-4.42796_-3.17988
12.7857_-4.41398_-3.15922
12.2951_-4.32843_-3.46924
11.8201_-4.17243_-3.44857
11.3419_-4.02627_-3.42791
10.8917_-3.81356_-3.73793
10.4751_-3.53705_-3.71726
10.0529_-3.2692_-3.69659
9.5877_-3.09482_-3.3039
9.0912_-3.11173_-2.9112
8.63896_-3.31736_-2.5185
8.19453_-3.54205_-2.82852
7.72046_-3.70094_-2.80785
7.24638_-3.85984_-2.82852
6.75297_-3.91769_-3.22122
6.27498_-3.78232_-3.61392
5.85338_-3.51486_-3.79994
5.40867_-3.29342_-3.40724
4.91307_-3.25902_-3.01454
4.68994_-3.33381_-2.62184
4.29434_-3.63711_-2.35315
3.94555_-3.99536_-2.33248
3.59677_-4.3536_-2.35315
3.59677_-4.3536_-2.74585
3.10982_-4.45201_-3.13855
2.62228_-4.35657_-3.53125
2.18003_-4.12484_-3.71726
1.75784_-3.85699_-3.69659
1.33564_-3.58915_-3.71726
0.979685_-3.24259_-4.10996
0.783447_-2.7862_-4.50266
0.745903_-2.28912_-4.77135
0.841666_-1.7999_-5.04004
1.00746_-1.3282_-5.06071
1.17325_-0.856496_-5.04004
1.23486_-0.389901_-4.64734
1.16053_-0.112054_-4.25464
0.985536_0.116198_-3.86194
0.827065_0.207776_-3.46924
0.827065_0.207776_-3.07654
0.827065_0.207776_-2.68384
0.827065_0.207776_-2.29114
