configuration -11.8536100388_-27.1978302002_0.742596430242_0.669739159518_7.0929813385_4.64613723755_-0.0222057164121_0.999753422679
length 54.8491
time 43.4247
roughness 0.00182194
-11.8536_-27.1978_1.67388
-11.9306_-26.704_1.77722
-12.0281_-26.2136_1.75655
-12.1255_-25.7232_1.77722
-12.1255_-25.7232_1.77722
-12.1284_-25.4356_1.38452
-12.1284_-25.4356_1.23984
-12.1284_-25.4356_1.21917
-12.1284_-25.4356_1.21917
-11.9907_-24.9554_1.36385
-11.893_-24.465_1.38452
-11.8317_-24.0721_1.73588
-11.9591_-23.5893_1.9219
-12.1359_-23.1216_1.94257
-12.3127_-22.6539_1.9219
-12.4895_-22.1863_1.94257
-12.6501_-21.7986_2.58329
-13.1045_-21.5935_2.85197
-13.1045_-21.5935_2.85197
-13.5789_-21.436_2.78997
-14.0465_-21.2589_2.7693
-14.5103_-21.0723_2.74863
-14.9742_-20.8856_2.7693
-15.6748_-20.6186_2.68663
-16.0699_-20.3174_2.29393
-16.3289_-19.8927_1.94257
-16.5057_-19.425_1.9219
-16.6825_-18.9573_1.94257
-16.8522_-18.5236_1.67388
-16.9293_-18.0298_1.77722
-17.0368_-17.5415_1.79789
-17.1443_-17.0532_1.77722
-17.2519_-16.5649_1.79789
-17.4213_-15.801_1.63254
-17.4366_-15.3013_1.57054
-17.4313_-14.8014_1.54987
-17.426_-14.3014_1.57054
-17.4207_-13.8014_1.54987
-17.4051_-13.3017_1.5292
-17.3958_-12.8018_1.71521
-17.4111_-12.3031_1.48786
-17.3645_-11.8053_1.46719
-17.3223_-11.327_1.5292
-17.3067_-10.8273_1.54987
-17.3014_-10.3273_1.57054
-17.2961_-9.82734_1.54987
-17.2908_-9.32738_1.57054
-17.2855_-8.82741_1.54987
-17.2699_-8.3298_1.61187
-17.1931_-7.83899_1.21917
-17.016_-7.37139_1.19851
-16.839_-6.9038_1.21917
-16.839_-6.9038_1.21917
-16.5801_-6.47974_0.826474
-16.2376_-6.1155_0.805806
-15.8951_-5.75125_0.826474
-15.3564_-5.187_1.07449
-15.0392_-4.80469_0.681796
-14.6135_-4.54522_0.413107
-14.1535_-4.34924_0.392439
-13.6766_-4.16877_-0.000260491
-13.1795_-4.12253_0.185755
-12.6912_-4.01502_0.24776
-12.2043_-3.89725_0.227092
-11.7209_-3.76965_0.289097
-11.2402_-3.63207_0.268428
-10.7595_-3.49449_0.289097
-10.2789_-3.35691_0.268428
-9.98227_-3.26453_-0.558307
-9.5279_-3.4696_-0.289618
-9.04729_-3.60743_-0.268949
-8.56667_-3.74526_-0.289618
-8.08605_-3.88309_-0.268949
-7.70317_-3.98142_0.12375
-7.2047_-3.9867_-0.144939
-6.71073_-4.06403_-0.165607
-6.21675_-4.14135_-0.144939
-5.72278_-4.21868_-0.165607
-5.2288_-4.296_-0.144939
-4.8268_-4.35504_0.0617446
-4.34045_-4.24793_0.37177
-3.87652_-4.0615_0.392439
-3.41941_-3.85562_0.37177
-2.93024_-3.76892_-0.0209289
-2.44239_-3.86609_-0.372291
-1.9748_-4.04314_-0.351623
-1.5072_-4.22019_-0.372291
-1.03961_-4.39724_-0.351623
-0.646068_-4.53693_0.082413
-0.269004_-4.429_0.475112
0.05853_-4.16873_0.867811
0.248843_-3.8258_1.26051
0.248843_-3.8258_1.26051
0.454088_-3.37104_1.03316
0.714562_-2.94426_1.01249
0.975036_-2.51748_1.03316
1.23551_-2.09069_1.01249
1.53742_-1.61759_1.26051
1.5939_-1.12402_1.65321
1.54759_-0.62618_1.67388
1.49101_-0.129401_1.69455
1.43442_0.367378_1.67388
1.37784_0.864156_1.69455
1.31808_1.29227_1.38452
1.48476_1.76155_1.07449
1.71829_2.20365_1.09516
1.95182_2.64576_1.07449
2.18535_3.08786_1.09516
2.40969_3.5347_1.11583
2.54979_3.79974_0.227092
3.04013_3.89714_0.165086
3.53244_3.9844_0.185755
4.02476_4.07166_0.165086
4.02476_4.07166_0.165086
4.5202_4.13849_0.103081
5.01697_4.19508_0.12375
5.51375_4.25166_0.103081
6.01053_4.30825_0.12375
6.50731_4.36483_0.103081
6.99496_4.41007_-0.000260491
