configuration -11.8536100388_-27.1978302002_0.742596430242_0.669739159518_7.0929813385_4.64613723755_-0.0222057164121_0.999753422679
length 54.9865
time 3.5319
roughness 0.00283491
-11.8536_-27.1978_1.67388
-11.9807_-26.7163_1.9839
-12.1767_-26.2563_1.96323
-12.3631_-25.7924_1.94257
-12.3631_-25.7924_1.94257
-12.4498_-25.3032_1.54987
-12.3427_-24.8181_1.15717
-12.1465_-24.3583_1.17784
-12.1465_-24.3583_1.17784
-12.0495_-23.871_1.57054
-12.1463_-23.3838_1.96323
-12.361_-22.9325_2.06658
-12.361_-22.9325_2.06658
-12.5943_-22.4902_2.04591
-12.8184_-22.0433_2.02524
-13.0425_-21.5963_2.04591
-13.0425_-21.5963_2.04591
-13.3516_-21.2074_2.43861
-13.7716_-20.9389_2.7073
-14.2274_-20.7333_2.72796
-14.2274_-20.7333_2.72796
-14.674_-20.509_2.62462
-14.674_-20.509_2.62462
-15.0832_-20.223_2.43861
-15.4544_-19.8881_2.3766
-15.4544_-19.8881_2.3766
-15.7388_-19.4808_1.9839
-15.8457_-18.9956_1.5912
-15.8963_-18.7658_1.9839
-15.8963_-18.7658_1.9839
-16.1806_-18.3585_2.3766
-16.5993_-18.0909_2.7693
-16.932_-18.0175_3.07933
-16.932_-18.0175_3.07933
-17.4123_-17.8904_2.68663
-17.8073_-17.5893_2.29393
-18.0177_-17.2276_1.90123
-18.0177_-17.2276_1.90123
-18.1351_-16.7424_1.71521
-18.2019_-16.2469_1.69455
-18.2688_-15.7513_1.71521
-18.2688_-15.7513_1.71521
-18.2738_-15.2529_1.44653
-18.217_-14.7561_1.46719
-18.1601_-14.2594_1.44653
-18.1601_-14.2594_1.44653
-18.0828_-13.7655_1.38452
-17.9953_-13.2732_1.40519
-17.9078_-12.7809_1.38452
-17.9078_-12.7809_1.38452
-17.8_-12.2928_1.32252
-17.6721_-11.8094_1.30185
-17.5443_-11.326_1.32252
-17.5443_-11.326_1.32252
-17.5185_-10.8299_1.71521
-17.6159_-10.3397_1.81856
-17.7435_-9.85628_1.83922
-17.7435_-9.85628_1.83922
-17.7792_-9.36078_1.44653
-17.7019_-8.86687_1.38452
-17.6144_-8.3746_1.40519
-17.6144_-8.3746_1.40519
-17.4385_-7.91_1.01249
-17.1202_-7.52637_0.743801
-16.7488_-7.19166_0.723133
-16.7488_-7.19166_0.723133
-16.4307_-6.80842_1.03316
-16.1791_-6.37634_1.05383
-15.9275_-5.94426_1.03316
-15.9275_-5.94426_1.03316
-15.7613_-5.47612_1.42586
-15.7868_-4.97999_1.81856
-15.7868_-4.97999_1.81856
-15.8123_-4.48385_1.42586
-15.646_-4.01571_1.03316
-15.3133_-3.64684_0.640459
-15.3133_-3.64684_0.640459
-14.8647_-3.43339_0.24776
-14.3685_-3.40786_-0.144939
-13.9004_-3.57414_-0.537638
-13.9004_-3.57414_-0.537638
-13.4323_-3.74041_-0.144939
-12.9343_-3.7354_0.165086
-12.4403_-3.65833_0.144418
-12.4403_-3.65833_0.144418
-11.9441_-3.68412_-0.248281
-11.4957_-3.8978_-0.64098
-11.4957_-3.8978_-0.248281
-11.4957_-3.8978_-0.248281
-11.0151_-4.03561_-0.310286
-10.5406_-4.19319_-0.330954
-10.5406_-4.19319_-0.330954
-10.0483_-4.25986_0.0617446
-9.55702_-4.17278_0.289097
-9.1665_-4.13646_-0.103602
-9.1665_-4.13646_-0.103602
-8.66725_-4.14175_0.082413
-8.16856_-4.10574_0.0617446
-7.66923_-4.08005_0.0410763
-7.66923_-4.08005_0.0410763
-7.18344_-3.97307_0.392439
-6.7195_-3.78663_0.37177
-6.25557_-3.6002_0.392439
-6.25557_-3.6002_0.392439
-5.7683_-3.50341_-0.000260491
-5.28108_-3.60045_-0.39296
-4.82542_-3.80611_-0.454965
-4.82542_-3.80611_-0.454965
-4.34514_-3.93316_-0.0622656
-3.85281_-3.86675_0.330433
-3.42337_-3.61698_0.723133
-3.42337_-3.61698_0.723133
-2.99392_-3.36722_0.330433
-2.50159_-3.3008_-0.0622656
-2.0127_-3.39818_-0.330954
-2.0127_-3.39818_-0.330954
-1.5204_-3.46485_0.0617446
-1.04006_-3.33805_0.454444
-0.638155_-3.04494_0.805806
-0.638155_-3.04494_0.805806
-0.344208_-2.64233_1.07449
-0.11068_-2.20023_1.09516
0.122848_-1.75812_1.07449
0.122848_-1.75812_1.07449
0.432519_-1.36884_0.723133
0.803941_-1.03412_0.743801
1.17536_-0.699402_0.723133
1.17536_-0.699402_0.723133
1.47654_-0.304308_1.11583
1.60359_0.175964_1.50853
1.60888_0.675714_1.61187
1.60888_0.675714_1.61187
1.68571_1.16653_1.21917
1.86276_1.63412_1.19851
2.03981_2.10172_1.21917
2.03981_2.10172_1.21917
2.13669_2.37449_1.23984
2.13669_2.37449_1.23984
2.19986_2.84088_1.63254
2.19986_2.84088_1.63254
2.26652_3.33318_1.23984
2.51651_3.76249_0.847143
2.91176_4.06346_0.454444
2.91176_4.06346_0.454444
3.38999_4.20034_0.103081
3.88677_4.25692_0.12375
4.38355_4.31351_0.103081
4.38355_4.31351_0.103081
4.88033_4.37009_0.12375
5.37583_4.43693_0.144418
5.87134_4.50377_0.12375
5.87134_4.50377_0.12375
6.36812_4.56036_0.103081
6.86489_4.61694_0.12375
6.86489_4.61694_0.12375
