configuration 6.23696136475_-8.02296829224_-0.990618758317_0.136654585252_12.9709873199_-24.4014968872_-0.713623012343_0.700529939585
length 42.6717
time 1.41511
roughness 0.00411845
6.23696_-8.02297_-2.86743
5.79415_-8.24819_-2.47473
5.47124_-8.62572_-2.08203
5.29757_-9.09246_-1.772
5.29757_-9.09246_-1.772
5.27732_-9.14067_-2.1647
4.92434_-9.49025_-2.5574
4.46444_-9.67813_-2.9501
4.46444_-9.67813_-2.9501
3.96758_-9.72722_-3.13611
3.46759_-9.7248_-3.15678
2.96761_-9.72237_-3.13611
2.96761_-9.72237_-3.13611
2.4716_-9.66849_-3.36347
1.98503_-9.55343_-3.38413
1.49846_-9.43837_-3.36347
1.49846_-9.43837_-3.36347
1.00183_-9.42569_-2.97077
0.538149_-9.60403_-2.57807
0.178012_-9.94623_-2.18537
0.178012_-9.94623_-2.18537
-0.125261_-10.2344_-2.57807
-0.46692_-10.3658_-2.97077
-0.806721_-10.3571_-3.36347
-0.806721_-10.3571_-3.36347
-1.30335_-10.3445_-2.97077
-1.76703_-10.5228_-2.57807
-2.12717_-10.865_-2.18537
-2.12717_-10.865_-2.18537
-2.32894_-11.319_-1.79267
-2.3931_-11.8141_-1.60665
-2.40586_-12.314_-1.58599
-2.40586_-12.314_-1.58599
-2.51017_-12.7997_-1.97869
-2.79241_-13.2085_-2.37138
-3.16186_-13.5453_-2.43339
-3.16186_-13.5453_-2.43339
-3.51681_-13.8968_-2.28871
-3.84181_-14.2768_-2.26804
-4.02639_-14.5327_-2.12336
-4.02639_-14.5327_-2.12336
-4.19964_-14.9983_-1.73067
-4.18152_-15.4947_-1.33797
-3.97479_-15.9465_-0.945267
-3.97479_-15.9465_-0.945267
-3.76806_-16.3982_-1.33797
-3.74994_-16.8947_-1.73067
-3.90417_-17.3682_-2.04069
-3.90417_-17.3682_-2.04069
-4.21121_-17.7587_-2.43339
-4.61895_-18.0469_-2.61941
-5.05977_-18.2827_-2.68141
-5.05977_-18.2827_-2.68141
-5.50543_-18.5094_-2.66074
-5.56656_-18.5585_-2.26804
-5.56656_-18.5585_-2.26804
-5.80513_-18.9943_-1.87534
-5.85877_-19.4882_-1.48264
-5.71933_-19.965_-1.08995
-5.71933_-19.965_-1.08995
-5.40804_-20.3521_-0.697246
-4.97227_-20.5907_-0.304547
-4.47839_-20.6444_0.0881517
-4.47839_-20.6444_0.0881517
-3.97991_-20.6055_0.0674833
-3.48143_-20.5666_0.0881517
-2.98295_-20.5278_0.0674833
-2.98295_-20.5278_0.0674833
-2.48545_-20.4786_0.129488
-1.99034_-20.4089_0.150157
-1.6501_-20.4176_-0.201206
-1.6501_-20.4176_-0.201206
-1.15309_-20.4612_0.0261466
-0.653163_-20.4533_0.0054782
-0.153234_-20.4454_0.0261466
-0.153234_-20.4454_0.0261466
0.34668_-20.4478_-0.0358585
0.846508_-20.4606_-0.0151902
1.34634_-20.4734_-0.0358585
1.34634_-20.4734_-0.0358585
1.83969_-20.5477_-0.263211
2.32378_-20.6728_-0.242542
2.80787_-20.7979_-0.263211
2.80787_-20.7979_-0.263211
3.30356_-20.8311_0.129488
3.78154_-20.6913_0.439514
4.23179_-20.4739_0.460182
4.23179_-20.4739_0.460182
4.71139_-20.3443_0.0674833
5.20877_-20.3776_-0.201206
5.69762_-20.4826_-0.221874
5.69762_-20.4826_-0.221874
6.18419_-20.5977_-0.242542
6.66828_-20.7228_-0.263211
7.15237_-20.8479_-0.242542
7.15237_-20.8479_-0.242542
7.62737_-21.0026_-0.387221
8.09227_-21.1866_-0.366553
8.55717_-21.3706_-0.387221
8.55717_-21.3706_-0.387221
9.04494_-21.4648_0.0054782
9.40617_-21.5269_-0.345884
9.40617_-21.5269_-0.345884
9.40617_-21.5269_-0.490563
9.40617_-21.5269_-0.490563
9.70646_-21.6179_-0.0978637
10.2008_-21.5691_0.294835
10.6389_-21.3347_0.687535
10.6389_-21.3347_0.687535
11.077_-21.1004_0.294835
11.5713_-21.0516_-0.0978637
12.0468_-21.1956_-0.490563
12.0468_-21.1956_-0.490563
12.4309_-21.5107_-0.883262
12.6652_-21.9487_-1.27596
12.7653_-22.4379_-1.46198
12.7653_-22.4379_-1.46198
12.7835_-22.9371_-1.60665
12.7728_-23.358_-1.58599
12.7728_-23.358_-1.58599
12.8321_-23.853_-1.3173
12.9624_-24.3357_-1.29663
13.0027_-24.6215_-1.56532
13.0027_-24.6215_-1.56532
