configuration -11.8536100388_-27.1978302002_0.742596430242_0.669739159518_7.0929813385_4.64613723755_-0.0222057164121_0.999753422679
length 55.2811
time 5.05783
roughness 0.00238822
-11.8536_-27.1978_1.67388
-11.9905_-26.7196_2.02524
-12.2238_-26.2774_2.08725
-12.4661_-25.8401_2.06658
-12.4661_-25.8401_2.06658
-12.6127_-25.3654_1.67388
-12.6127_-25.3654_1.67388
-12.6999_-24.8735_1.81856
-12.8175_-24.3876_1.79789
-12.9351_-23.9016_1.81856
-12.9351_-23.9016_1.81856
-12.9606_-23.4055_1.42586
-12.8833_-22.9115_1.40519
-12.7958_-22.4192_1.38452
-12.7958_-22.4192_1.38452
-12.8008_-21.9225_1.77722
-12.9955_-21.4654_2.16992
-13.2901_-21.0615_2.23192
-13.2901_-21.0615_2.23192
-13.6657_-20.7364_2.62462
-14.1029_-20.4938_2.64529
-14.5401_-20.2512_2.62462
-14.5401_-20.2512_2.62462
-15.0088_-20.0847_2.97599
-15.5028_-20.0074_2.99665
-15.9983_-19.9403_3.01732
-15.9983_-19.9403_3.01732
-16.4698_-19.7837_2.62462
-16.7861_-19.51_2.23192
-16.8205_-19.4702_2.33527
-16.8205_-19.4702_2.33527
-17.0878_-19.0514_1.94257
-17.2352_-18.5741_1.79789
-17.3427_-18.0858_1.77722
-17.3427_-18.0858_1.77722
-17.3889_-17.589_1.54987
-17.4711_-17.1256_1.94257
-17.4711_-17.1256_1.94257
-17.5578_-16.6364_1.54987
-17.5112_-16.139_1.40519
-17.5112_-16.139_1.40519
-17.5265_-15.6425_1.79789
-17.6441_-15.1565_1.81856
-17.7717_-14.6731_1.83922
-17.7717_-14.6731_1.83922
-17.8075_-14.1776_1.44653
-17.6899_-13.6927_1.21917
-17.6025_-13.3625_1.40519
-17.6025_-13.3625_1.40519
-17.6162_-12.9182_1.79789
-17.6162_-12.9182_1.40519
-17.6162_-12.9182_1.40519
-17.5491_-12.4228_1.46719
-17.5025_-11.9249_1.48786
-17.456_-11.4271_1.46719
-17.456_-11.4271_1.46719
-17.4404_-10.9278_1.61187
-17.4557_-10.4281_1.5912
-17.4711_-9.9283_1.61187
-17.4711_-9.9283_1.61187
-17.4968_-9.42897_1.63254
-17.5328_-8.93028_1.65321
-17.5688_-8.43159_1.63254
-17.5688_-8.43159_1.63254
-17.5021_-7.93929_1.23984
-17.2521_-7.50997_0.847143
-16.9097_-7.14578_0.785138
-16.9097_-7.14578_0.785138
-16.5453_-6.8035_0.723133
-16.1739_-6.46879_0.743801
-15.8025_-6.13407_0.723133
-15.8025_-6.13407_0.723133
-15.5013_-5.73897_1.11583
-15.4277_-5.46092_1.50853
-15.4277_-5.46092_1.50853
-15.3007_-4.98065_1.11583
-14.9995_-4.58555_0.723133
-14.5701_-4.33579_0.330433
-14.5701_-4.33579_0.330433
-14.0797_-4.24888_0.0204079
-13.58_-4.23351_0.0410763
-13.0802_-4.21814_0.0204079
-13.0802_-4.21814_0.0204079
-12.5923_-4.12122_0.37177
-12.1246_-3.94442_0.351102
-11.6569_-3.76761_0.37177
-11.6569_-3.76761_0.37177
-11.1678_-3.68091_-0.0209289
-10.7337_-3.77673_-0.413628
-10.5993_-3.85874_-0.682317
-10.5993_-3.85874_-0.682317
-10.1601_-4.09078_-0.289618
-9.66543_-4.13704_0.103081
-9.17572_-4.03977_0.289097
-9.17572_-4.03977_0.289097
-8.68219_-3.97319_-0.0209289
-8.18244_-3.98882_-0.0415972
-7.68312_-4.01477_-0.0622656
-7.68312_-4.01477_-0.0622656
-7.19079_-3.94836_0.330433
-6.76135_-3.6986_0.723133
-6.44491_-3.51456_0.330433
-6.44491_-3.51456_0.330433
-5.9619_-3.38705_0.185755
-5.46958_-3.29979_0.165086
-4.97726_-3.21253_0.185755
-4.97726_-3.21253_0.185755
-4.48197_-3.14572_0.082413
-3.98328_-3.10971_0.0617446
-3.48458_-3.0737_0.082413
-3.48458_-3.0737_0.082413
-3.01699_-3.12721_-0.310286
-3.01699_-3.12721_-0.310286
-2.52768_-3.22468_-0.082934
-2.029_-3.26094_-0.0622656
-1.52969_-3.2869_-0.0415972
-1.52969_-3.2869_-0.0415972
-1.03037_-3.31285_-0.0622656
-0.531696_-3.34912_-0.082934
-0.0330216_-3.38538_-0.0622656
-0.0330216_-3.38538_-0.0622656
0.459313_-3.31897_0.330433
0.888755_-3.06921_0.723133
1.23078_-2.70548_0.909148
1.23078_-2.70548_0.909148
1.54204_-2.31419_0.88848
1.85331_-1.9229_0.909148
2.16457_-1.53162_0.88848
2.16457_-1.53162_0.88848
2.16457_-1.53162_1.28118
2.21084_-1.03698_1.67388
2.0643_-0.562293_2.06658
2.0643_-0.562293_2.06658
1.91776_-0.0876044_1.67388
1.89207_0.411513_1.57054
1.9077_0.911188_1.50853
1.9077_0.911188_1.50853
1.9376_1.17252_1.40519
1.9376_1.17252_1.40519
2.00469_1.66792_1.46719
2.06154_2.16467_1.44653
2.10641_2.55684_1.46719
2.10641_2.55684_1.46719
2.14268_3.05544_1.5292
2.15907_3.3708_1.50853
2.15907_3.3708_1.50853
2.28612_3.85108_1.11583
2.58729_4.24617_0.723133
3.01673_4.49593_0.330433
3.01673_4.49593_0.330433
3.50907_4.56235_-0.0622656
4.00234_4.48513_-0.248281
4.47235_4.4607_0.144418
4.47235_4.4607_0.144418
4.96906_4.51728_0.082413
5.46775_4.55329_0.0617446
5.96708_4.57898_0.0410763
5.96708_4.57898_0.0410763
6.46641_4.60467_0.0617446
6.96511_4.64068_0.082413
6.96511_4.64068_0.082413
