configuration 32.0634506226_7.0565199852_0.870200588927_0.492697610133_0.864893198013_0.272379875183_-0.736733996813_0.676182680893
length 38.062
time 2.01723
roughness 0.0036614
32.0635_7.05652_2.11122
32.0635_7.05652_2.46258
32.0635_7.05652_2.46258
31.7451_7.43795_2.06988
31.597_7.91215_1.67718
31.5191_8.16173_2.06988
31.5191_8.16173_2.06988
31.2008_8.54315_2.46258
30.7607_8.77373_2.85528
30.266_8.81837_3.24798
30.266_8.81837_3.24798
29.7743_8.72956_3.39266
29.2888_8.61035_3.37199
28.8032_8.49115_3.39266
28.8032_8.49115_3.39266
28.3116_8.40234_3.24798
28.3116_8.40234_3.24798
27.8374_8.25423_3.64068
27.456_7.93592_4.03338
27.2254_7.49588_4.42608
27.2254_7.49588_4.42608
26.9948_7.05584_4.03338
26.6134_6.73753_3.64068
26.1446_6.56955_3.33065
26.1446_6.56955_3.33065
25.6842_6.38278_3.72335
25.498_6.19925_4.11605
25.498_6.19925_3.72335
25.498_6.19925_3.72335
25.0831_5.9202_3.74402
24.6741_5.63264_3.76469
24.2711_5.33669_3.78536
24.2711_5.33669_3.78536
23.8509_5.06651_3.64068
23.4094_4.83176_3.62001
23.0578_4.72987_3.22731
23.0578_4.72987_3.22731
22.5583_4.72318_3.08263
22.0589_4.74749_3.1033
21.5595_4.77179_3.08263
21.5595_4.77179_3.08263
21.0598_4.77543_3.18597
20.5601_4.75841_3.16531
20.0604_4.74139_3.18597
20.0604_4.74139_3.18597
19.5629_4.69346_3.28932
19.0676_4.62498_3.26865
18.5723_4.55651_3.28932
18.5723_4.55651_3.28932
18.0804_4.46763_3.35132
17.5924_4.35849_3.37199
17.1045_4.24935_3.35132
17.1045_4.24935_3.35132
16.6096_4.18093_3.20664
16.1104_4.15358_3.18597
15.6112_4.12624_3.20664
15.6112_4.12624_3.20664
15.1148_4.06804_3.30998
14.621_3.98934_3.28932
14.1273_3.91064_3.30998
14.1273_3.91064_3.30998
13.6395_3.80154_3.41333
13.1565_3.67233_3.39266
12.6735_3.54312_3.41333
12.6735_3.54312_3.41333
12.1797_3.47484_3.14464
11.6797_3.47849_3.12397
11.1798_3.48213_3.14464
11.1798_3.48213_3.14464
10.6839_3.53722_2.91729
10.1953_3.64339_2.93795
9.70672_3.74956_2.91729
9.70672_3.74956_2.91729
9.21012_3.76345_3.30998
8.73091_3.62457_3.53734
8.27158_3.42707_3.558
8.27158_3.42707_3.558
8.09297_3.38712_3.16531
7.60356_3.47246_2.77261
7.18406_3.73859_2.37991
7.18406_3.73859_2.37991
7.07367_3.80863_2.77261
6.58426_3.89396_3.16531
6.15048_3.79693_3.558
6.15048_3.79693_3.558
5.66567_3.68849_3.16531
5.16576_3.69213_3.1033
5.16576_3.69213_3.1033
4.67704_3.7878_2.79327
4.20886_3.9633_2.77261
3.73722_4.12907_2.83461
3.73722_4.12907_2.83461
3.26558_4.29484_2.77261
2.79741_4.47034_2.79327
2.3257_4.63613_2.81394
2.3257_4.63613_2.81394
1.83319_4.70117_3.20664
1.35327_4.57278_3.59934
0.959015_4.27051_3.99204
0.959015_4.27051_3.99204
0.710447_3.84038_4.38474
0.645405_3.34786_4.77744
0.773792_2.86794_5.17014
0.773792_2.86794_5.17014
0.90218_2.38802_4.77744
0.908866_1.88829_4.6741
0.894889_1.3885_4.69477
0.894889_1.3885_4.69477
0.880912_0.8887_4.6741
0.866936_0.388905_4.69477
0.866936_0.388905_4.69477
