configuration 32.0634506226_7.0565199852_0.870200588927_0.492697610133_0.864893198013_0.272379875183_-0.736733996813_0.676182680893
length 36.3135
time 0.971741
roughness 0.00313162
32.0635_7.05652_2.11122
31.9312_7.42574_1.71852
31.9312_7.42574_2.11122
31.9312_7.42574_2.29723
31.9312_7.42574_2.29723
31.6189_7.81599_2.19389
31.323_8.21898_2.21456
31.027_8.62198_2.19389
31.027_8.62198_2.19389
30.664_8.9611_2.58659
30.1988_9.13548_2.97929
29.7023_9.11857_3.37199
29.7023_9.11857_3.37199
29.2501_8.91294_3.76469
28.8805_8.57772_3.99204
28.5626_8.19195_4.05405
28.5626_8.19195_4.05405
28.1878_7.86583_3.66135
27.7259_7.67842_3.39266
27.2403_7.55922_3.37199
27.2403_7.55922_3.37199
26.7881_7.35359_3.76469
26.379_7.06603_3.74402
25.97_6.77847_3.76469
25.97_6.77847_3.76469
25.5178_6.57284_3.37199
25.0278_6.47382_3.30998
24.5357_6.38494_3.33065
24.5357_6.38494_3.33065
24.0754_6.19817_3.72335
23.7215_5.84946_4.11605
23.5281_5.39188_4.50875
23.5281_5.39188_4.50875
23.3346_4.9343_4.11605
22.9808_4.58558_3.72335
22.5204_4.39882_3.33065
22.5204_4.39882_3.33065
22.0284_4.30993_3.30998
21.5364_4.22104_3.33065
21.0444_4.13216_3.30998
21.0444_4.13216_3.30998
20.5523_4.04327_3.33065
20.0623_3.94424_3.35132
19.5722_3.8452_3.33065
19.5722_3.8452_3.33065
19.076_3.78702_3.18597
18.5768_3.75968_3.20664
18.0775_3.73234_3.18597
18.0775_3.73234_3.18597
17.5782_3.7463_3.0413
17.0812_3.8015_3.02063
16.5843_3.8567_3.0413
16.5843_3.8567_3.0413
16.0873_3.91191_3.02063
15.5904_3.96711_3.0413
15.0935_4.02231_3.02063
15.0935_4.02231_3.02063
14.5981_3.9849_3.41333
14.1151_3.85568_3.39266
13.6321_3.72647_3.41333
13.6321_3.72647_3.41333
13.1491_3.59725_3.39266
12.6661_3.46804_3.41333
12.1831_3.33883_3.39266
12.1831_3.33883_3.39266
11.687_3.31166_2.99996
11.2183_3.47639_2.60726
10.8484_3.80794_2.21456
10.8484_3.80794_2.21456
10.4784_4.13948_2.60726
10.0097_4.30421_2.99996
9.51174_4.29755_3.30998
9.51174_4.29755_3.30998
9.02658_4.17845_3.45466
8.55251_4.01955_3.47533
8.07844_3.86066_3.45466
8.07844_3.86066_3.45466
7.5912_3.75167_3.26865
7.09461_3.69344_3.24798
6.59802_3.63522_3.26865
6.59802_3.63522_3.26865
6.09921_3.6079_3.12397
5.59923_3.61154_3.14464
5.09925_3.61519_3.12397
5.09925_3.61519_3.12397
4.60067_3.64979_3.02063
4.10499_3.71525_2.99996
3.61076_3.79094_2.97929
3.61076_3.79094_2.97929
3.11425_3.77403_3.37199
2.66201_3.5684_3.76469
2.32289_3.20536_4.15739
2.32289_3.20536_4.15739
2.08182_2.76757_4.26073
1.85896_2.31999_4.24006
1.6361_1.87242_4.26073
1.6361_1.87242_4.26073
1.42253_1.42033_4.2814
1.20897_0.968246_4.26073
0.986104_0.520672_4.24006
0.986104_0.520672_4.24006
