configuration -11.8536100388_-27.1978302002_0.742596430242_0.669739159518_7.0929813385_4.64613723755_-0.0222057164121_0.999753422679
length 57.2863
time 2.54128
roughness 0.00292714
-11.8536_-27.1978_1.67388
-12.0002_-26.7231_2.06658
-12.2334_-26.2809_2.04591
-12.4576_-25.834_2.02524
-12.4576_-25.834_2.02524
-12.5844_-25.3536_1.63254
-12.5177_-24.8613_1.23984
-12.294_-24.4158_0.971153
-12.294_-24.4158_0.971153
-12.0991_-23.9589_1.36385
-12.0938_-23.4621_1.75655
-12.279_-23.0012_2.14925
-12.279_-23.0012_2.14925
-12.548_-22.5797_2.12858
-12.8171_-22.1583_2.14925
-13.0861_-21.7368_2.12858
-13.0861_-21.7368_2.12858
-13.4262_-21.3747_2.52128
-13.8526_-21.1145_2.66596
-14.2947_-20.8809_2.64529
-14.2947_-20.8809_2.64529
-14.6771_-20.5637_2.25259
-14.9543_-20.1485_2.06658
-15.1967_-19.7112_2.08725
-15.1967_-19.7112_2.08725
-15.4742_-19.2957_2.23192
-15.7932_-18.9108_2.29393
-16.0634_-18.6232_2.35593
-16.0634_-18.6232_2.35593
-16.4412_-18.2963_2.50061
-16.8388_-17.9932_2.47994
-17.2364_-17.6901_2.50061
-17.2364_-17.6901_2.50061
-17.569_-17.321_2.10791
-17.7351_-16.8528_1.71521
-17.771_-16.3545_1.57054
-17.771_-16.3545_1.57054
-17.8173_-15.8574_1.75655
-17.9045_-15.3651_1.73588
-17.9918_-14.8728_1.75655
-17.9918_-14.8728_1.75655
-18.0483_-14.3764_1.61187
-18.074_-13.8771_1.63254
-18.0997_-13.3777_1.61187
-18.0997_-13.3777_1.61187
-18.0533_-12.8814_1.34318
-17.9455_-12.3932_1.36385
-17.8377_-11.9049_1.34318
-17.8377_-11.9049_1.34318
-17.7_-11.4245_1.23984
-17.5424_-10.95_1.26051
-17.3848_-10.4755_1.23984
-17.3848_-10.4755_1.23984
-17.2976_-9.9852_1.54987
-17.2923_-9.48524_1.57054
-17.2974_-8.98527_1.5912
-17.2974_-8.98527_1.5912
-17.4042_-8.5001_1.9839
-17.6722_-8.08033_2.29393
-18.0144_-7.71596_2.35593
-18.0144_-7.71596_2.35593
-18.1742_-7.47677_1.96323
-18.271_-6.9895_1.57054
-18.1739_-6.50227_1.17784
-18.1739_-6.50227_1.17784
-17.8978_-6.08928_0.785138
-17.4847_-5.81338_0.392439
-17.0076_-5.66611_0.206423
-17.0076_-5.66611_0.206423
-16.5193_-5.55858_0.227092
-16.031_-5.45105_0.206423
-15.5427_-5.34352_0.227092
-15.5427_-5.34352_0.227092
-15.0898_-5.13938_0.619791
-14.7495_-4.77747_1.01249
-14.5736_-4.31286_1.40519
-14.5736_-4.31286_1.40519
-14.3977_-3.84826_1.01249
-14.0573_-3.48634_0.619791
-13.6044_-3.28221_0.227092
-13.6044_-3.28221_0.227092
-13.1079_-3.26694_-0.165607
-12.6139_-3.34426_-0.144939
-12.1184_-3.41136_-0.124271
-12.1184_-3.41136_-0.124271
-11.6206_-3.39605_0.185755
-11.1283_-3.30879_0.165086
-10.636_-3.22153_0.185755
-10.636_-3.22153_0.185755
-10.1384_-3.1856_-0.0415972
-9.63864_-3.20123_-0.0209289
-9.13889_-3.21686_-0.0415972
-9.13889_-3.21686_-0.0415972
-8.65609_-3.33396_-0.434296
-8.20932_-3.55827_-0.496301
-7.77214_-3.80088_-0.51697
-7.77214_-3.80088_-0.51697
-7.30066_-3.95745_-0.124271
-6.80516_-3.92167_0.268428
-6.34655_-3.72628_0.537117
-6.34655_-3.72628_0.537117
-5.88126_-3.55037_0.185755
-5.39085_-3.45296_0.206423
-4.90044_-3.35554_0.185755
-4.90044_-3.35554_0.185755
-4.42982_-3.36053_-0.206944
-4.42982_-3.36053_0.185755
-4.42982_-3.36053_0.578454
-4.42982_-3.36053_0.578454
-3.96885_-3.17529_0.185755
-3.47209_-3.18055_-0.206944
-3.01515_-3.37552_-0.599643
-3.01515_-3.37552_-0.599643
-2.55821_-3.57048_-0.206944
-2.06145_-3.57575_0.185755
-1.58144_-3.43836_0.37177
-1.58144_-3.43836_0.37177
-1.09227_-3.35166_-0.0209289
-0.596231_-3.40842_-0.206944
-0.107996_-3.51621_-0.227613
-0.107996_-3.51621_-0.227613
0.388555_-3.53174_0.165086
0.853251_-3.35606_0.557786
1.22277_-3.02306_0.909148
1.22277_-3.02306_0.909148
1.52588_-2.62542_0.929816
1.82899_-2.22778_0.909148
2.1321_-1.83015_0.929816
2.1321_-1.83015_0.929816
2.34579_-1.38166_1.32252
2.37157_-0.885533_1.71521
2.20554_-0.417306_2.10791
2.20554_-0.417306_2.10791
2.03951_0.050921_1.71521
2.06529_0.547045_1.32252
2.18315_1.03295_1.34318
2.18315_1.03295_1.34318
2.19868_1.5295_1.73588
2.11142_2.02182_1.75655
2.02416_2.51413_1.73588
2.02416_2.51413_1.73588
2.03968_3.01069_1.34318
2.24405_3.4635_0.950485
2.60615_3.80363_0.557786
2.60615_3.80363_0.557786
3.07084_3.9793_0.165086
3.56486_4.05637_0.144418
4.05888_4.13344_0.165086
4.05888_4.13344_0.165086
4.55543_4.11791_-0.227613
4.96057_3.93505_-0.620312
4.96057_3.93505_-0.227613
4.96057_3.93505_-0.227613
5.45712_3.91952_0.165086
5.92182_4.0952_0.557786
6.28391_4.43533_0.950485
6.28391_4.43533_0.950485
6.64601_4.77547_0.557786
6.98842_4.90491_0.165086
6.98842_4.90491_0.165086
