configuration 2.903195858_13.0508098602_-0.754177572005_0.656670533741_-13.4451351166_-15.4114570618_0.497552318458_0.867433968897
length 52.9666
time 4.4259
roughness 0.00311646
2.9032_13.0508_-1.7088
2.83953_12.5549_-1.68813
2.77587_12.059_-1.7088
2.71221_11.563_-1.68813
2.71221_11.563_-1.68813
2.61802_11.0724_-1.83281
2.48353_10.5909_-1.85348
2.34903_10.1093_-1.83281
2.34903_10.1093_-1.83281
2.14732_9.654_-2.14284
1.88101_9.23083_-2.12217
1.6235_8.80225_-2.1015
1.6235_8.80225_-2.1015
1.43105_8.3424_-1.83281
1.30654_7.85816_-1.81214
1.18202_7.37392_-1.83281
1.18202_7.37392_-1.83281
1.14942_6.8782_-1.44011
1.30901_6.40774_-1.04741
1.63649_6.03416_-0.654715
1.63649_6.03416_-0.654715
1.96397_5.66058_-1.04741
2.12355_5.19011_-1.44011
2.09095_4.69439_-1.83281
2.09095_4.69439_-1.83281
1.95646_4.21283_-1.85348
1.81204_3.73415_-1.87415
1.66762_3.25547_-1.85348
1.66762_3.25547_-1.85348
1.43864_2.81459_-2.24618
1.12203_2.42762_-2.26685
0.805422_2.04064_-2.24618
0.805422_2.04064_-2.24618
0.576439_1.59977_-1.85348
0.472131_1.11122_-1.7088
0.40847_0.615294_-1.68813
0.40847_0.615294_-1.68813
0.304222_0.127019_-1.87415
0.159803_-0.351661_-1.85348
0.0153845_-0.830341_-1.87415
0.0153845_-0.830341_-1.87415
-0.0989975_-1.31663_-1.72947
-0.172894_-1.81113_-1.7088
-0.246791_-2.30563_-1.72947
-0.246791_-2.30563_-1.72947
-0.419482_-2.77145_-2.12217
-0.735145_-3.15727_-2.39086
-1.09719_-3.50211_-2.37019
-1.09719_-3.50211_-2.37019
-1.51408_-3.7723_-2.76289
-2.00264_-3.8624_-3.15559
-2.48848_-3.75867_-3.54829
-2.48848_-3.75867_-3.54829
-2.96339_-3.6046_-3.36227
-3.45237_-3.50021_-3.3416
-3.94134_-3.39581_-3.36227
-3.94134_-3.39581_-3.36227
-4.43798_-3.38373_-2.96957
-4.90145_-3.56262_-2.57687
-5.26118_-3.90526_-2.18417
-5.26118_-3.90526_-2.18417
-5.6209_-4.24789_-2.57687
-6.08437_-4.42678_-2.96957
-6.58102_-4.4147_-3.36227
-6.58102_-4.4147_-3.36227
-7.06773_-4.30022_-3.38294
-7.55196_-4.17571_-3.40361
-8.03353_-4.04121_-3.42428
-8.03353_-4.04121_-3.42428
-8.47961_-3.82111_-3.77564
-8.88546_-3.52908_-3.75497
-9.29131_-3.23706_-3.77564
-9.29131_-3.23706_-3.77564
-9.74128_-3.0265_-3.38294
-10.2376_-3.00415_-2.99024
-10.7086_-3.16394_-2.63888
-10.7086_-3.16394_-2.63888
-11.1823_-3.31377_-3.03158
-11.3918_-3.33472_-3.05225
-11.3918_-3.33472_-2.9489
-11.3918_-3.33472_-2.9489
-11.8558_-3.51384_-2.59754
-12.2753_-3.78574_-2.53554
-12.6892_-4.06629_-2.5562
-12.6892_-4.06629_-2.5562
-13.1489_-4.25472_-2.9489
-13.6457_-4.2529_-3.3416
-14.104_-4.06111_-3.7343
-14.104_-4.06111_-3.7343
-14.104_-4.06111_-3.3416
-14.104_-4.06111_-2.9489
-14.5636_-4.24954_-2.5562
-14.5636_-4.24954_-2.5562
-15.0199_-4.44769_-2.90757
-15.5074_-4.5586_-2.92824
-15.8281_-4.67482_-2.65955
-15.8281_-4.67482_-2.65955
-16.2348_-4.963_-2.39086
-16.2348_-4.963_-2.39086
-16.525_-5.36625_-1.99816
-16.6888_-5.83788_-1.81214
-16.8033_-6.32459_-1.79148
-16.8033_-6.32459_-1.79148
-17.0045_-6.77881_-2.18417
-17.0992_-6.86898_-2.57687
-17.0992_-6.86898_-2.57687
-17.4589_-7.21161_-2.18417
-17.6602_-7.66583_-1.79148
-17.6722_-8.16248_-1.39878
-17.6722_-8.16248_-1.39878
-17.6843_-8.65912_-1.79148
-17.7988_-9.14583_-1.81214
-17.9133_-9.63254_-1.79148
-17.9133_-9.63254_-1.79148
-17.9254_-10.1292_-1.39878
-17.7559_-10.5683_-1.00608
-17.7559_-10.5683_-1.39878
-17.7559_-10.5683_-1.39878
-17.7062_-11.0653_-1.54345
-17.6874_-11.565_-1.52279
-17.6685_-12.0646_-1.54345
-17.6685_-12.0646_-1.54345
-17.6086_-12.5603_-1.35744
-17.5078_-13.05_-1.37811
-17.4069_-13.5397_-1.35744
-17.4069_-13.5397_-1.35744
-17.3882_-14.0368_-1.7088
-17.4519_-14.5327_-1.68813
-17.5155_-15.0287_-1.7088
-17.5155_-15.0287_-1.7088
-17.5226_-15.3174_-1.48145
-17.5226_-15.3174_-1.48145
-17.4194_-15.6686_-1.08875
-17.4194_-15.6686_-1.08875
-17.2794_-16.1453_-1.48145
-17.3324_-16.6392_-1.87415
-17.3492_-16.7952_-1.48145
-17.3492_-16.7952_-1.48145
-17.2092_-17.2719_-1.08875
-17.1463_-17.4166_-1.23343
-17.1463_-17.4166_-1.33677
-17.1463_-17.4166_-1.33677
-16.9391_-17.8681_-0.944072
-16.5748_-18.2059_-0.551373
-16.109_-18.3786_-0.158674
-16.109_-18.3786_-0.158674
-15.6126_-18.3599_0.234025
-15.1611_-18.1526_0.626725
-14.8233_-17.7883_1.01942
-14.8233_-17.7883_1.01942
-14.5658_-17.3597_1.04009
-14.3172_-16.9259_1.06076
-14.0686_-16.4921_1.04009
-14.0686_-16.4921_1.04009
-13.82_-16.0583_1.06076
-13.5714_-15.6245_1.04009
-13.5714_-15.6245_1.04009
