configuration 6.23696136475_-8.02296829224_-0.990618758317_0.136654585252_12.9709873199_-24.4014968872_-0.713623012343_0.700529939585
length 46.9767
time 1.28778
roughness 0.00378109
6.23696_-8.02297_-2.86743
5.79415_-8.24819_-2.47473
5.41111_-8.56943_-2.41272
5.03473_-8.89857_-2.43339
5.03473_-8.89857_-2.43339
4.60161_-9.14189_-2.82609
4.10833_-9.20095_-3.21879
3.63001_-9.06674_-3.61149
3.63001_-9.06674_-3.61149
3.15169_-8.93253_-3.21879
2.89115_-8.95828_-2.86743
2.83984_-8.96988_-2.97077
2.83984_-8.96988_-2.97077
2.35497_-9.09017_-2.82609
1.88129_-9.25022_-2.80542
1.40761_-9.41026_-2.82609
1.40761_-9.41026_-2.82609
0.9374_-9.58004_-2.76408
0.474545_-9.76914_-2.74342
0.0156968_-9.96776_-2.72275
0.0156968_-9.96776_-2.72275
-0.390015_-10.2545_-2.33005
-0.690197_-10.653_-2.1027
-0.948217_-11.0813_-2.12336
-0.948217_-11.0813_-2.12336
-1.20624_-11.5095_-2.1027
-1.46426_-11.9378_-2.12336
-1.72228_-12.3661_-2.1027
-1.72228_-12.3661_-2.1027
-1.96235_-12.8046_-2.04069
-2.18412_-13.2527_-2.02002
-2.40589_-13.7008_-2.04069
-2.40589_-13.7008_-2.04069
-2.5401_-14.1791_-1.64799
-2.48104_-14.6724_-1.25529
-2.25528_-15.1163_-0.945267
-2.25528_-15.1163_-0.945267
-2.04855_-15.568_-1.33797
-1.96872_-16.0612_-1.48264
-1.92985_-16.5596_-1.50331
-1.92985_-16.5596_-1.50331
-1.99369_-17.0523_-1.89601
-2.24121_-17.4831_-2.28871
-2.62279_-17.8031_-2.59874
-2.62279_-17.8031_-2.59874
-3.08706_-17.9816_-2.9501
-3.57887_-18.0717_-2.97077
-4.07068_-18.1618_-2.9501
-4.07068_-18.1618_-2.9501
-4.56747_-18.1594_-3.3428
-5.02552_-17.967_-3.7355
-5.37509_-17.6141_-4.1282
-5.37509_-17.6141_-4.1282
-5.37509_-17.6141_-3.7355
-5.37509_-17.6141_-3.3428
-5.37509_-17.6141_-2.9501
-5.37509_-17.6141_-2.9501
-5.83499_-17.8019_-2.5574
-6.18798_-18.1515_-2.1647
-6.38032_-18.6096_-1.772
-6.38032_-18.6096_-1.772
-6.38273_-19.1064_-1.3793
-6.19485_-19.5662_-0.986604
-6.19485_-19.5662_-0.986604
-5.92341_-19.9861_-1.00727
-5.66072_-20.4116_-1.02794
-5.39802_-20.837_-1.00727
-5.39802_-20.837_-1.00727
-5.05581_-21.1971_-0.614573
-4.84077_-21.2927_-0.221874
-4.84077_-21.2927_-0.221874
-4.34414_-21.3054_0.170825
-3.88046_-21.127_0.563524
-3.50558_-20.7992_0.87355
-3.50558_-20.7992_0.87355
-3.11841_-20.4879_0.480851
-2.64662_-20.3285_0.170825
-2.15305_-20.2486_0.150157
-2.15305_-20.2486_0.150157
-1.65679_-20.2715_-0.242542
-1.18179_-20.4263_-0.387221
-0.716887_-20.6103_-0.366553
-0.716887_-20.6103_-0.366553
-0.228489_-20.7046_-0.0151902
0.271496_-20.7071_0.0054782
0.771481_-20.7095_-0.0151902
0.771481_-20.7095_-0.0151902
1.27134_-20.7016_0.046815
1.77051_-20.673_0.0674833
2.26969_-20.6445_0.046815
2.26969_-20.6445_0.046815
2.76844_-20.6675_-0.1392
3.26428_-20.7318_-0.118532
3.76013_-20.796_-0.1392
3.76013_-20.796_-0.1392
4.24318_-20.9209_-0.366553
4.70808_-21.1049_-0.387221
5.17298_-21.2889_-0.366553
5.17298_-21.2889_-0.366553
5.6626_-21.373_0.0261466
6.14714_-21.2634_0.418846
6.58765_-21.0278_0.563524
6.58765_-21.0278_0.563524
7.05133_-20.8494_0.170825
7.54796_-20.8621_-0.221874
8.00193_-21.0639_-0.614573
8.00193_-21.0639_-0.614573
8.45591_-21.2656_-0.221874
8.95254_-21.2783_0.170825
9.44435_-21.1882_0.191494
9.44435_-21.1882_0.191494
9.94114_-21.1907_-0.201206
9.94114_-21.1907_-0.201206
10.4379_-21.1931_0.191494
10.8978_-21.0052_0.584193
11.2508_-20.6556_0.976892
11.2508_-20.6556_0.976892
11.2508_-20.6556_0.584193
11.7107_-20.4677_0.191494
12.2075_-20.4701_-0.201206
12.2075_-20.4701_-0.201206
12.7038_-20.5241_-0.0151902
13.2033_-20.5058_0.0881517
13.2813_-20.5143_-0.304547
13.2813_-20.5143_-0.304547
13.717_-20.7529_-0.697246
14.0283_-21.14_-1.08995
14.1678_-21.6169_-1.48264
14.1678_-21.6169_-1.48264
14.1141_-22.1107_-1.87534
13.9208_-22.5711_-2.06136
13.6898_-23.0145_-2.04069
13.6898_-23.0145_-2.04069
13.4589_-23.458_-2.06136
13.2279_-23.9014_-2.04069
12.9969_-24.3448_-2.06136
12.9969_-24.3448_-2.06136
