configuration 2.903195858_13.0508098602_-0.754177572005_0.656670533741_-13.4451351166_-15.4114570618_0.497552318458_0.867433968897
length 52.2102
time 3.69558
roughness 0.00265267
2.9032_13.0508_-1.7088
2.93216_12.5549_-1.3161
3.07305_12.0752_-1.2541
3.22385_11.5985_-1.27477
3.22385_11.5985_-1.27477
3.27329_11.1042_-1.66746
3.12979_10.6286_-2.06016
2.87239_10.2002_-2.16351
2.87239_10.2002_-2.16351
2.63316_9.76192_-1.97749
2.44013_9.3007_-1.95682
2.2471_8.83947_-1.97749
2.2471_8.83947_-1.97749
1.97351_8.42403_-2.32885
1.63353_8.05742_-2.30818
1.29355_7.69081_-2.32885
1.29355_7.69081_-2.32885
0.946068_7.3313_-2.34952
0.598584_6.97179_-2.32885
0.251101_6.61228_-2.34952
0.251101_6.61228_-2.34952
-0.0221398_6.19738_-1.95682
-0.115806_5.7095_-1.56412
-0.117636_5.20951_-1.58479
-0.117636_5.20951_-1.58479
-0.0375582_4.71856_-1.23343
0.123056_4.24507_-1.2541
0.273851_3.76836_-1.27477
0.273851_3.76836_-1.27477
0.453742_3.30231_-1.13009
0.67169_2.85232_-1.10942
0.782366_2.47553_-1.46078
0.782366_2.47553_-1.46078
0.739529_1.98059_-1.85348
0.510546_1.53971_-2.24618
0.186054_1.15942_-2.30818
0.186054_1.15942_-2.30818
-0.0698082_0.73358_-1.91549
-0.173893_0.24607_-1.6468
-0.206702_-0.252843_-1.62613
-0.206702_-0.252843_-1.62613
-0.208531_-0.752617_-1.52279
-0.189698_-1.25225_-1.54345
-0.170865_-1.75189_-1.52279
-0.170865_-1.75189_-1.52279
-0.232696_-2.16565_-1.91549
-0.232696_-2.16565_-2.30818
-0.232696_-2.16565_-2.70088
-0.232696_-2.16565_-2.70088
-0.232696_-2.16565_-2.30818
-0.232696_-2.16565_-1.91549
-0.282933_-2.50183_-1.52279
-0.282933_-2.50183_-1.52279
-0.356357_-2.99316_-1.91549
-0.612219_-3.419_-2.30818
-0.959653_-3.77846_-2.37019
-0.959653_-3.77846_-2.37019
-1.37654_-4.04866_-2.76289
-1.8651_-4.13875_-3.15559
-2.35094_-4.03502_-3.54829
-2.35094_-4.03502_-3.54829
-2.83325_-3.911_-3.23826
-3.33138_-3.86789_-3.21759
-3.82951_-3.82477_-3.23826
-3.82951_-3.82477_-3.23826
-4.32879_-3.82295_-3.05225
-4.82722_-3.86241_-3.07291
-5.32565_-3.90188_-3.05225
-5.32565_-3.90188_-3.05225
-5.82408_-3.94134_-3.07291
-6.32322_-3.9705_-3.09358
-6.82236_-3.99965_-3.07291
-6.82236_-3.99965_-3.07291
-7.32192_-3.99782_-3.21759
-7.82084_-3.96501_-3.19692
-8.31975_-3.9322_-3.21759
-8.31975_-3.9322_-3.21759
-8.81295_-3.99185_-2.82489
-9.28644_-4.15246_-2.80423
-9.75651_-4.32283_-2.78356
-9.75651_-4.32283_-2.78356
-10.2468_-4.4028_-3.17626
-10.7463_-4.38031_-3.19692
-11.2452_-4.3475_-3.21759
-11.2452_-4.3475_-3.21759
-11.7237_-4.21387_-3.61029
-11.7237_-4.21387_-3.61029
-12.0088_-4.02611_-3.83764
-12.0088_-4.02611_-3.83764
-12.0088_-4.02611_-3.44494
-12.5028_-3.97306_-3.05225
-12.9794_-4.11307_-2.65955
-12.9794_-4.11307_-2.65955
-13.4561_-4.25307_-3.05225
-13.9551_-4.28223_-3.11425
-14.4548_-4.30106_-3.09358
-14.4548_-4.30106_-3.09358
-14.9368_-4.42125_-2.70088
-15.3551_-4.69237_-2.43219
-15.7378_-5.01412_-2.45286
-15.7378_-5.01412_-2.45286
-16.0922_-5.36587_-2.26685
-16.4007_-5.75925_-2.20484
-16.701_-6.15898_-2.22551
-16.701_-6.15898_-2.22551
-16.9208_-6.60449_-1.83281
-16.9208_-6.60449_-1.83281
-17.0129_-6.93398_-1.85348
-17.0129_-6.93398_-1.85348
-17.1865_-7.40239_-1.99816
-17.3984_-7.85525_-2.01883
-17.6104_-8.3081_-1.99816
-17.6104_-8.3081_-1.99816
-17.7241_-8.7917_-1.60546
-17.6643_-9.2861_-1.29543
-17.5136_-9.76274_-1.23343
-17.5136_-9.76274_-1.23343
-17.4437_-10.2546_-1.62613
-17.5073_-10.7501_-1.77081
-17.6117_-11.2391_-1.79148
-17.6117_-11.2391_-1.79148
-17.706_-11.73_-1.72947
-17.7901_-12.2229_-1.75014
-17.8742_-12.7158_-1.72947
-17.8742_-12.7158_-1.72947
-17.9378_-13.2116_-1.66746
-17.981_-13.7097_-1.6468
-18.0138_-14.2087_-1.62613
-18.0138_-14.2087_-1.62613
-17.9439_-14.7005_-1.23343
-17.6912_-15.1282_-0.84073
-17.6912_-15.1282_-0.84073
-17.4385_-15.5559_-1.23343
-17.3686_-16.0478_-1.62613
-17.4117_-16.5458_-1.68813
-17.4117_-16.5458_-1.68813
-17.3725_-17.0411_-1.29543
-17.1468_-17.4836_-0.902735
-16.7689_-17.8061_-0.510036
-16.7689_-17.8061_-0.510036
-16.2963_-17.9594_-0.117337
-15.8011_-17.9202_0.275362
-15.3438_-17.7216_0.544051
-15.3438_-17.7216_0.544051
-14.9698_-17.3937_0.895413
-14.6612_-17.0003_0.916082
-14.3609_-16.6005_0.93675
-14.3609_-16.6005_0.93675
-14.0605_-16.2008_0.916082
-13.752_-15.8074_0.895413
-13.4435_-15.4139_0.916082
-13.4435_-15.4139_0.916082
