configuration 14.2292175293_13.7099370956_-0.723728341199_0.690084986176_-18.0985870361_0.542219161987_-0.683562400866_0.729892077038
length 43.2641
time 2.84855
roughness 0.00314901
14.2292_13.7099_-1.61838
14.2209_13.2101_-1.55637
14.2333_12.7102_-1.53571
14.2457_12.2104_-1.55637
14.2457_12.2104_-1.55637
14.2477_11.7104_-1.57704
14.2394_11.2105_-1.59771
14.1642_10.879_-1.99041
14.1642_10.879_-1.99041
13.998_10.6443_-2.38311
13.998_10.6443_-2.38311
13.6535_10.2822_-2.27977
13.3319_9.89938_-2.2591
13.0103_9.51653_-2.27977
13.0103_9.51653_-2.27977
12.6195_9.20979_-2.67247
12.1551_9.0264_-2.85848
11.6765_8.88177_-2.83781
11.6765_8.88177_-2.83781
11.1832_8.81823_-3.18918
10.6835_8.83685_-3.16851
10.1839_8.85547_-3.18918
10.1839_8.85547_-3.18918
9.69142_8.93558_-3.41653
9.21164_9.07628_-3.4372
8.74331_9.12292_-3.0445
8.74331_9.12292_-3.0445
8.24403_9.12088_-3.23051
7.7465_9.17042_-3.25118
7.2501_9.23024_-3.27185
7.2501_9.23024_-3.27185
6.75439_9.19743_-2.87915
6.27584_9.05283_-2.81715
5.80361_8.88855_-2.79648
5.80361_8.88855_-2.79648
5.54503_8.84979_-3.18918
5.06294_8.96978_-3.58188
4.66347_9.26512_-3.97457
4.66347_9.26512_-3.97457
4.26399_9.56046_-3.58188
3.78191_9.68044_-3.18918
3.2906_9.60681_-2.79648
3.2906_9.60681_-2.79648
2.86487_9.35077_-2.40378
2.56953_8.95129_-2.01108
2.44955_8.46921_-1.61838
2.44955_8.46921_-1.61838
2.32956_7.98712_-2.01108
2.03422_7.58765_-2.40378
1.65407_7.26299_-2.46578
1.65407_7.26299_-2.46578
1.29522_6.91585_-2.27977
0.973635_6.533_-2.2591
0.652054_6.15015_-2.27977
0.652054_6.15015_-2.27977
0.293205_5.803_-2.46578
-0.106339_5.50253_-2.52779
-0.408958_5.34519_-2.79648
-0.408958_5.34519_-2.79648
-0.834687_5.08915_-2.40378
-0.974584_4.89992_-2.01108
-0.974584_4.89992_-2.01108
-1.26992_4.50045_-2.40378
-1.69565_4.24441_-2.79648
-2.18696_4.17077_-3.18918
-2.18696_4.17077_-3.18918
-2.68131_4.24074_-3.37519
-3.16889_4.35144_-3.35452
-3.65866_4.45205_-3.33385
-3.65866_4.45205_-3.33385
-4.15548_4.50152_-3.14784
-4.6554_4.50981_-3.16851
-5.15533_4.5181_-3.14784
-5.15533_4.5181_-3.14784
-5.65531_4.51606_-3.12717
-6.15515_4.50368_-3.1065
-6.65499_4.49131_-3.12717
-6.65499_4.49131_-3.12717
-7.15146_4.54074_-3.35452
-7.63904_4.65145_-3.37519
-7.84807_4.65924_-2.98249
-7.84807_4.65924_-2.98249
-8.3409_4.57493_-2.96182
-8.83188_4.48045_-2.94116
-9.32287_4.38597_-2.96182
-9.32287_4.38597_-2.96182
-9.82027_4.34271_-3.14784
-10.3203_4.34066_-3.12717
-10.8202_4.33862_-3.14784
-10.8202_4.33862_-3.14784
-11.3081_4.24475_-2.75514
-11.7607_4.03272_-2.6518
-12.1994_3.79296_-2.63113
-12.1994_3.79296_-2.63113
-12.6719_3.63946_-3.02383
-12.9006_3.58056_-2.75514
-12.9006_3.58056_-2.61046
-12.9006_3.58056_-2.61046
-13.3485_3.35932_-2.75514
-13.8096_3.16609_-2.73447
-14.2667_2.96338_-2.7138
-14.2667_2.96338_-2.7138
-14.3939_2.93339_-3.1065
-14.8843_3.01316_-3.4992
-15.3068_3.2745_-3.8919
-15.3068_3.2745_-3.8919
-15.676_3.61163_-3.87123
-16.0452_3.94876_-3.8919
-16.4074_4.29344_-3.91257
-16.4074_4.29344_-3.91257
-16.7147_4.4924_-3.51987
-17.1004_4.56336_-3.12717
-17.484_4.48131_-2.73447
-17.484_4.48131_-2.73447
-17.7638_4.28841_-2.34177
-17.8633_4.13477_-1.94907
-17.8981_3.98141_-1.63905
-17.8981_3.98141_-1.63905
-17.9271_3.48226_-1.61838
-17.956_2.98311_-1.63905
-17.985_2.48396_-1.61838
-17.985_2.48396_-1.61838
-18.0139_1.9848_-1.63905
-18.0428_1.48565_-1.61838
-18.0718_0.986498_-1.63905
-18.0718_0.986498_-1.63905
-18.2017_0.506995_-2.03175
-18.2017_0.506995_-2.03175
