configuration -11.8536100388_-27.1978302002_0.742596430242_0.669739159518_7.0929813385_4.64613723755_-0.0222057164121_0.999753422679
length 54.308
time 3.0843
roughness 0.00251817
-11.8536_-27.1978_1.67388
-11.9509_-26.7081_1.85989
-12.0885_-26.2274_1.83922
-12.2161_-25.744_1.81856
-12.2161_-25.744_1.81856
-12.3033_-25.2521_1.67388
-12.3599_-24.7553_1.69455
-12.4164_-24.2585_1.67388
-12.4164_-24.2585_1.67388
-12.5435_-23.777_1.9839
-12.7395_-23.3171_1.96323
-12.926_-22.8531_1.94257
-12.926_-22.8531_1.94257
-13.0733_-22.3758_1.79789
-13.1809_-21.8875_1.77722
-13.2884_-21.3992_1.79789
-13.2884_-21.3992_1.79789
-13.4925_-20.9463_2.19059
-13.8544_-20.606_2.58329
-14.2812_-20.3455_2.60395
-14.2812_-20.3455_2.60395
-14.7277_-20.1213_2.74863
-15.1876_-19.9251_2.72796
-15.6474_-19.7289_2.74863
-15.6474_-19.7289_2.74863
-16.0604_-19.4528_2.35593
-16.3363_-19.0396_1.96323
-16.4535_-18.5556_1.65321
-16.4535_-18.5556_1.65321
-16.5902_-18.078_2.04591
-16.8502_-17.6514_2.19059
-17.1448_-17.2475_2.21126
-17.1448_-17.2475_2.21126
-17.3582_-16.7989_1.81856
-17.4352_-16.3056_1.63254
-17.4712_-15.8069_1.65321
-17.4712_-15.8069_1.65321
-17.5278_-15.3102_1.71521
-17.5946_-14.8147_1.69455
-17.6512_-14.3179_1.67388
-17.6512_-14.3179_1.67388
-17.6459_-13.819_1.44653
-17.5788_-13.3235_1.42586
-17.5117_-12.828_1.44653
-17.5117_-12.828_1.44653
-17.3552_-12.3566_1.05383
-17.2892_-12.1581_1.44653
-17.2892_-12.1581_1.83922
-17.2892_-12.1581_1.83922
-17.4367_-11.6804_1.90123
-17.594_-11.2058_1.88056
-17.7514_-10.7312_1.90123
-17.7514_-10.7312_1.90123
-17.8178_-10.2389_1.50853
-17.7507_-9.74381_1.36385
-17.643_-9.25558_1.34318
-17.643_-9.25558_1.34318
-17.5251_-8.76968_1.32252
-17.3972_-8.28631_1.30185
-17.2694_-7.80295_1.32252
-17.2694_-7.80295_1.32252
-17.0557_-7.35446_0.929816
-16.6998_-7.00607_0.619791
-16.2899_-6.71986_0.599122
-16.2899_-6.71986_0.599122
-16.0153_-6.43975_0.991821
-15.8396_-6.00314_1.38452
-15.8438_-5.58481_1.77722
-15.8438_-5.58481_1.77722
-15.8488_-5.08804_1.38452
-15.6634_-4.62717_0.991821
-15.3156_-4.27236_0.599122
-15.3156_-4.27236_0.599122
-14.8743_-4.03956_0.37177
-14.4104_-3.85313_0.392439
-13.9465_-3.6667_0.37177
-13.9465_-3.6667_0.37177
-13.4573_-3.58_-0.0209289
-12.9722_-3.68709_-0.413628
-12.565_-3.97168_-0.806327
-12.565_-3.97168_-0.806327
-12.1578_-4.25627_-0.413628
-11.6727_-4.36336_-0.0209289
-11.1835_-4.27666_0.37177
-11.1835_-4.27666_0.37177
-10.7279_-4.0713_0.475112
-10.2809_-3.84719_0.454444
-9.83396_-3.62308_0.475112
-9.83396_-3.62308_0.475112
-9.40662_-3.50077_0.082413
-8.91305_-3.55725_-0.310286
-8.47866_-3.79832_-0.702985
-8.47866_-3.79832_-0.702985
-8.04428_-4.03938_-0.310286
-7.5507_-4.09586_0.082413
-7.07309_-3.95916_0.475112
-7.07309_-3.95916_0.475112
-6.59547_-3.82246_0.082413
-6.09765_-3.84834_-0.186276
-6.09765_-3.84834_-0.186276
-5.60088_-3.84333_0.206423
-5.60088_-3.84333_0.206423
-5.10707_-3.7663_0.103081
-4.6103_-3.70971_0.12375
-4.11352_-3.65313_0.103081
-4.11352_-3.65313_0.103081
-3.82669_-3.61444_0.165086
-3.82669_-3.61444_0.165086
-3.34114_-3.49694_0.309765
-2.86654_-3.33961_0.330433
-2.81472_-3.33262_-0.0622656
-2.81472_-3.33262_-0.0622656
-2.31518_-3.32759_0.082413
-1.81734_-3.28128_0.103081
-1.32056_-3.2247_0.12375
-1.32056_-3.2247_0.12375
-0.82208_-3.1887_0.0204079
-0.322325_-3.17333_0.0410763
0.00805055_-3.09339_0.433775
0.00805055_-3.09339_0.433775
0.409437_-2.80065_0.826474
0.744349_-2.42941_0.847143
1.07926_-2.05816_0.826474
1.07926_-2.05816_0.826474
1.33807_-1.6341_1.21917
1.51512_-1.16651_1.19851
1.70179_-0.702674_1.17784
1.70179_-0.702674_1.17784
1.86907_-0.231721_1.28118
2.0069_0.248897_1.30185
2.14473_0.729515_1.28118
2.14473_0.729515_1.28118
2.191_1.22415_1.67388
2.09845_1.52395_2.06658
2.09845_1.52395_1.67388
2.09845_1.52395_1.67388
2.08309_2.02328_1.5292
2.10905_2.5226_1.50853
2.135_3.02191_1.5292
2.135_3.02191_1.5292
2.2521_3.50471_1.1365
2.54504_3.90594_0.743801
2.96923_4.16453_0.351102
2.96923_4.16453_0.351102
3.45606_4.27174_0.082413
3.9539_4.31805_0.103081
4.45068_4.37463_0.12375
4.45068_4.37463_0.12375
4.94958_4.37966_-0.103602
5.44633_4.32281_-0.124271
5.94308_4.26597_-0.103602
5.94308_4.26597_-0.103602
6.43774_4.31198_0.289097
6.89674_4.50754_0.516449
6.89674_4.50754_0.516449
