configuration 2.903195858_13.0508098602_-0.754177572005_0.656670533741_-13.4451351166_-15.4114570618_0.497552318458_0.867433968897
length 53.6142
time 2.57927
roughness 0.00321254
2.9032_13.0508_-1.7088
2.80897_12.56_-1.81214
2.69449_12.0733_-1.79148
2.58001_11.5866_-1.81214
2.58001_11.5866_-1.81214
2.47563_11.0977_-1.75014
2.38136_10.6067_-1.77081
2.28709_10.1156_-1.75014
2.28709_10.1156_-1.75014
2.10481_9.65348_-2.14284
1.80472_9.2541_-2.28752
1.48018_8.87375_-2.26685
1.48018_8.87375_-2.26685
1.1479_8.50024_-2.32885
0.800413_8.14073_-2.34952
0.45293_7.78122_-2.32885
0.45293_7.78122_-2.32885
0.188322_7.36076_-1.93615
0.104759_6.87105_-1.54345
0.205057_6.38383_-1.19209
0.205057_6.38383_-1.19209
0.295148_5.89528_-1.58479
0.191419_5.40943_-1.97749
-0.0903381_5.00027_-2.37019
-0.0903381_5.00027_-2.37019
-0.0903381_5.00027_-1.97749
-0.0903381_5.00027_-1.58479
-0.00024683_4.51171_-1.19209
-0.00024683_4.51171_-1.19209
0.226632_4.06696_-1.00608
0.498567_3.64738_-0.985409
0.779115_3.23352_-0.96474
0.779115_3.23352_-0.96474
0.977008_2.77784_-1.35744
1.06767_2.28621_-1.41944
1.13794_1.79118_-1.44011
1.13794_1.79118_-1.44011
1.10534_1.29546_-1.83281
0.885519_0.849945_-2.22551
0.568955_0.463025_-2.28752
0.568955_0.463025_-2.28752
0.321949_0.0319891_-1.89482
0.258695_-0.460761_-1.50212
0.381974_-0.914975_-1.10942
0.381974_-0.914975_-1.10942
0.512103_-1.39442_-1.50212
0.448849_-1.88717_-1.89482
0.201842_-2.31821_-2.28752
0.201842_-2.31821_-2.28752
-0.145493_-2.67756_-2.39086
-0.507536_-3.02241_-2.37019
-0.869579_-3.36725_-2.39086
-0.869579_-3.36725_-2.39086
-1.29196_-3.62877_-2.78356
-1.77128_-3.76956_-2.92824
-2.25881_-3.88047_-2.90757
-2.25881_-3.88047_-2.90757
-2.74847_-3.98127_-2.96957
-3.24017_-4.07194_-2.9489
-3.73187_-4.16261_-2.96957
-3.73187_-4.16261_-2.96957
-4.22959_-4.20202_-3.15559
-4.72958_-4.20019_-3.13492
-5.22956_-4.19836_-3.15559
-5.22956_-4.19836_-3.15559
-5.71541_-4.09463_-3.54829
-6.12457_-3.81288_-3.94099
-6.39477_-3.39598_-4.33368
-6.39477_-3.39598_-4.33368
-6.39477_-3.39598_-3.94099
-6.39477_-3.39598_-3.54829
-6.88061_-3.29226_-3.15559
-6.88061_-3.29226_-3.15559
-7.37834_-3.33166_-2.96957
-7.87181_-3.41215_-2.99024
-8.36683_-3.48243_-3.01091
-8.36683_-3.48243_-3.01091
-8.84793_-3.613_-2.74222
-9.31055_-3.80265_-2.76289
-9.777_-3.98269_-2.78356
-9.777_-3.98269_-2.78356
-10.2631_-4.09328_-3.05225
-10.7606_-4.14303_-3.03158
-11.2581_-4.19279_-3.05225
-11.2581_-4.19279_-3.05225
-11.6524_-4.20765_-3.15559
-11.6524_-4.20765_-3.15559
-12.1501_-4.24706_-2.96957
-12.6436_-4.32755_-2.99024
-13.137_-4.40804_-2.96957
-13.137_-4.40804_-2.96957
-13.6337_-4.39595_-3.36227
-14.1011_-4.22267_-3.63096
-14.54_-3.98309_-3.65163
-14.54_-3.98309_-3.65163
-15.0125_-3.8298_-3.25893
-15.5077_-3.86901_-2.86623
-15.9503_-4.09476_-2.47353
-15.9503_-4.09476_-2.47353
-16.2728_-4.47268_-2.08083
-16.5213_-4.90649_-2.1015
-16.7789_-5.33507_-2.12217
-16.7789_-5.33507_-2.12217
-16.9515_-5.80088_-1.72947
-16.974_-6.2993_-1.50212
-16.9448_-6.79844_-1.52279
-16.9448_-6.79844_-1.52279
-17.0183_-7.28978_-1.91549
-17.2741_-7.71561_-2.30818
-17.6735_-8.01112_-2.70088
-17.6735_-8.01112_-2.70088
-17.6735_-8.01112_-2.30818
-17.9293_-8.43696_-1.91549
-18.0028_-8.9283_-1.52279
-18.0028_-8.9283_-1.52279
-17.953_-9.4256_-1.41944
-17.8725_-9.91907_-1.39878
-17.792_-10.4125_-1.41944
-17.792_-10.4125_-1.41944
-17.7423_-10.9098_-1.52279
-17.7235_-11.4095_-1.54345
-17.7046_-11.9091_-1.52279
-17.7046_-11.9091_-1.52279
-17.7374_-12.407_-1.75014
-17.8316_-12.898_-1.77081
-17.9259_-13.389_-1.75014
-17.9259_-13.389_-1.75014
-17.9175_-13.8857_-1.35744
-17.7196_-14.3414_-0.96474
-17.7196_-14.3414_-0.96474
-17.5217_-14.7971_-1.35744
-17.5132_-15.2938_-1.75014
-17.6955_-15.7559_-2.14284
-17.6955_-15.7559_-2.14284
-17.8778_-16.2181_-1.75014
-17.8693_-16.7148_-1.35744
-17.6714_-17.1705_-0.96474
-17.6714_-17.1705_-0.96474
-17.3142_-17.5157_-0.572041
-16.8521_-17.698_-0.179342
-16.3547_-17.6999_0.17202
-16.3547_-17.6999_0.17202
-15.8912_-17.521_0.564719
-15.5315_-17.1783_0.957418
-15.3017_-16.7359_1.22611
-15.3017_-16.7359_1.22611
-15.0458_-16.3101_0.833408
-14.6465_-16.0146_0.440709
-14.1645_-15.8944_0.0480101
-14.1645_-15.8944_0.0480101
-13.6824_-15.7742_0.440709
-13.3461_-15.5254_0.833408
-13.3461_-15.5254_0.833408
