configuration 14.2292175293_13.7099370956_-0.723728341199_0.690084986176_-18.0985870361_0.542219161987_-0.683562400866_0.729892077038
length 42.5892
time 2.8738
roughness 0.00284545
14.2292_13.7099_-1.61838
14.139_13.2197_-1.88707
13.9884_12.7429_-1.8664
13.8378_12.2661_-1.88707
13.8378_12.2661_-1.88707
13.7477_11.7758_-1.61838
13.7187_11.2767_-1.63905
13.6898_10.7775_-1.61838
13.6898_10.7775_-1.61838
13.673_10.4886_-1.63905
13.673_10.4886_-1.63905
13.5431_10.0091_-2.03175
13.2396_9.61577_-2.42445
12.8182_9.35034_-2.73447
12.8182_9.35034_-2.73447
12.3532_9.16671_-2.79648
11.8845_8.99271_-2.77581
11.4157_8.81871_-2.79648
11.4157_8.81871_-2.79648
10.9244_8.74508_-3.18918
10.4271_8.7946_-3.29252
9.93361_8.87488_-3.31319
9.93361_8.87488_-3.31319
9.45485_9.01528_-3.54054
8.99214_9.20473_-3.51987
8.52943_9.39418_-3.54054
8.52943_9.39418_-3.54054
8.0428_9.49414_-3.14784
7.55496_9.40027_-2.75514
7.08992_9.21661_-2.77581
7.08992_9.21661_-2.77581
6.61459_9.0622_-2.87915
6.13041_8.93748_-2.89982
5.64622_8.81276_-2.87915
5.64622_8.81276_-2.87915
5.15409_8.72856_-3.06517
4.65598_8.68524_-3.0445
4.15787_8.64191_-3.06517
4.15787_8.64191_-3.06517
3.9502_8.66694_-3.45786
3.51726_8.9106_-3.85056
3.21052_9.30139_-4.24326
3.21052_9.30139_-4.24326
3.21052_9.30139_-3.85056
2.77759_9.54505_-3.45786
2.28436_9.60448_-3.06517
2.28436_9.60448_-3.06517
1.80594_9.47064_-2.67247
1.41515_9.1639_-2.27977
1.17149_8.73097_-1.88707
1.17149_8.73097_-1.88707
1.11205_8.23774_-1.49437
1.20633_7.74781_-1.26702
1.35095_7.26919_-1.28769
1.35095_7.26919_-1.28769
1.394_6.77426_-1.68038
1.394_6.77426_-2.07308
1.394_6.77426_-2.07308
1.08973_6.38002_-2.38311
0.730373_6.03239_-2.36244
0.371013_5.68475_-2.38311
0.371013_5.68475_-2.38311
0.026473_5.32272_-2.27977
-0.0969341_5.22585_-2.67247
-0.0969341_5.22585_-2.67247
-0.567756_5.06206_-2.94116
-1.05874_4.96759_-2.96182
-1.55157_4.88327_-2.98249
-1.55157_4.88327_-2.98249
-2.04847_4.82969_-3.08583
-2.54794_4.80698_-3.1065
-3.04742_4.78428_-3.08583
-3.04742_4.78428_-3.08583
-3.54632_4.75126_-3.06517
-4.04522_4.71824_-3.08583
-4.54412_4.68521_-3.06517
-4.54412_4.68521_-3.06517
-5.04115_4.63161_-3.00316
-5.53562_4.5575_-2.98249
-6.03009_4.4834_-3.00316
-6.03009_4.4834_-3.00316
-6.52605_4.51215_-3.39586
-7.01124_4.63291_-3.37519
-7.49643_4.75367_-3.39586
-7.49643_4.75367_-3.39586
-7.99239_4.78243_-3.00316
-8.48515_4.69813_-2.94116
-8.97614_4.60365_-2.96182
-8.97614_4.60365_-2.96182
-9.47356_4.60162_-3.31319
-9.9653_4.69208_-3.33385
-10.457_4.78254_-3.31319
-10.457_4.78254_-3.31319
-10.9537_4.77024_-2.92049
-11.4403_4.65555_-2.89982
-11.927_4.54087_-2.92049
-11.927_4.54087_-2.92049
-12.4159_4.43626_-2.94116
-12.8294_4.3567_-2.96182
-12.8294_4.3567_-2.96182
-13.3272_4.32375_-3.18918
-13.8264_4.35269_-3.20984
-14.2932_4.29257_-2.81715
-14.2932_4.29257_-2.81715
-14.7769_4.16795_-2.96182
-15.2713_4.09386_-3.02383
-15.2713_4.09386_-3.02383
-15.7438_3.94036_-2.63113
-15.7438_3.94036_-2.63113
-15.9676_3.86765_-3.02383
-15.9676_3.86765_-3.02383
-16.4657_3.82433_-3.08583
-16.8602_3.82272_-3.18918
-16.8602_3.82272_-3.18918
-17.3515_3.74909_-2.79648
-17.7773_3.49304_-2.40378
-18.0726_3.09357_-2.01108
-18.0726_3.09357_-2.01108
-18.1926_2.61148_-1.61838
-18.1905_2.11171_-1.51504
-18.1575_1.61281_-1.49437
-18.1575_1.61281_-1.49437
-18.1245_1.11391_-1.51504
-18.1018_0.614436_-1.53571
-18.1018_0.614436_-1.53571
