configuration 32.0634506226_7.0565199852_0.870200588927_0.492697610133_0.864893198013_0.272379875183_-0.736733996813_0.676182680893
length 38.0291
time 0.907785
roughness 0.00363406
32.0635_7.05652_2.11122
31.8107_7.48789_2.09055
31.5668_7.9244_2.06988
31.323_8.36091_2.09055
30.9969_8.73567_2.48325
30.5522_8.95711_2.87595
30.0566_8.99151_3.26865
29.572_8.87256_3.496
29.1013_8.7039_3.47533
28.6306_8.53524_3.496
28.2073_8.27525_3.8887
28.0225_8.12742_3.74402
27.676_7.77147_4.13672
27.4259_7.33875_4.24006
27.2152_7.07204_3.84736
26.7815_6.82977_3.45466
26.2987_6.70061_3.35132
25.8086_6.60157_3.33065
25.3116_6.55369_3.14464
24.8117_6.547_3.16531
24.3117_6.54031_3.14464
24.1067_6.49888_3.53734
23.6945_6.22162_3.93004
23.4197_5.80771_4.32273
23.145_5.3938_3.93004
22.7327_5.11654_3.53734
22.2562_4.96769_3.35132
21.7603_4.90955_3.16531
21.2603_4.90286_3.14464
20.7604_4.89617_3.16531
20.2662_4.82784_3.39266
19.7806_4.70863_3.37199
19.2927_4.59949_3.35132
18.7991_4.52083_3.24798
18.3014_4.47288_3.22731
17.8037_4.42492_3.24798
17.3121_4.33611_3.39266
16.8266_4.21691_3.37199
16.341_4.09771_3.39266
15.8554_3.9785_3.37199
15.3698_3.8593_3.39266
14.8843_3.74009_3.37199
14.3987_3.62089_3.39266
13.9131_3.50168_3.37199
13.4276_3.38248_3.39266
12.9315_3.35531_2.99996
12.4628_3.52004_2.60726
12.0928_3.85159_2.21456
11.7229_4.18314_2.60726
11.2542_4.34787_2.99996
10.7581_4.3207_3.39266
10.3006_4.12399_3.70268
10.0319_4.02139_3.30998
9.53398_4.01473_2.99996
9.0383_4.08019_3.02063
8.54136_4.13539_3.0413
8.04534_4.09793_3.39266
7.55977_3.97872_3.37199
7.07184_3.86958_3.35132
6.57595_3.81144_3.16531
6.07601_3.80475_3.14464
5.57606_3.79806_3.16531
5.08665_3.8834_2.77261
4.64998_4.12384_2.50392
4.24519_4.41734_2.52459
3.79171_4.62021_2.91729
3.29511_4.63409_3.30998
2.81279_4.50506_3.496
2.35803_4.29829_3.64068
1.91658_4.06353_3.62001
1.47512_3.82877_3.64068
1.0937_3.51047_4.03338
0.863117_3.07043_4.42608
0.832579_2.73189_4.81878
0.971035_2.25412_5.17014
1.19662_1.80791_5.19081
1.33822_1.41272_4.92212
1.34487_0.915976_4.52942
1.16091_0.454496_4.13672
1.04877_0.189241_4.48808
