configuration 14.2292175293_13.7099370956_-0.723728341199_0.690084986176_-18.0985870361_0.542219161987_-0.683562400866_0.729892077038
length 42.396
time 1.50872
roughness 0.00318897
14.2292_13.7099_-1.61838
14.2928_13.2166_-1.26702
14.4472_12.7411_-1.24635
14.6017_12.2655_-1.26702
14.655_11.7716_-1.65972
14.5152_11.2949_-2.05242
14.3969_10.9204_-1.70105
14.2375_10.4499_-2.09375
13.9833_10.0193_-2.11442
13.7203_9.5941_-2.13509
13.3778_9.23422_-2.52779
12.9237_9.03281_-2.92049
12.4268_8.99992_-3.23051
11.9329_8.94665_-2.83781
11.4542_8.80203_-2.85848
10.9727_8.66732_-2.87915
10.9727_8.66732_-3.27185
10.5022_8.82671_-3.66455
10.1285_9.15403_-4.05725
9.75477_9.48135_-3.66455
9.28424_9.64073_-3.27185
8.78853_9.60792_-2.87915
8.29982_9.50336_-2.98249
7.80699_9.41905_-2.96182
7.31415_9.33474_-2.98249
6.82132_9.25043_-2.96182
6.33034_9.15595_-2.94116
5.83936_9.06147_-2.96182
5.34652_8.97716_-2.98249
4.85206_8.90306_-3.00316
4.35759_8.82895_-2.98249
3.86114_8.84745_-3.37519
3.40956_9.05452_-3.76789
3.02703_9.37583_-3.91257
3.02703_9.37583_-3.51987
2.9756_9.38529_-3.12717
2.4898_9.28136_-2.73447
2.08076_8.99942_-2.34177
1.81074_8.58242_-1.94907
1.72086_8.09382_-1.55637
1.66122_7.59891_-1.82506
1.53046_7.11632_-1.84573
1.38975_6.63653_-1.8664
1.15509_6.19865_-2.2591
0.810701_5.83677_-2.40378
0.437281_5.50428_-2.42445
0.0321325_5.2125_-2.61046
-0.401571_4.96372_-2.63113
-0.845122_4.73311_-2.69314
-1.31923_4.57909_-2.96182
-1.81021_4.48461_-2.94116
-2.3012_4.39013_-2.96182
-2.79688_4.32629_-3.06517
-3.29499_4.28296_-3.0445
-3.7931_4.23963_-3.06517
-4.28523_4.15544_-2.87915
-4.76942_4.03072_-2.89982
-5.2536_3.906_-2.87915
-5.74931_3.87319_-3.27185
-6.23046_4.00356_-3.54054
-6.68488_4.21194_-3.60254
-7.16221_4.35192_-3.25118
-7.65974_4.40147_-3.23051
-8.15727_4.45101_-3.25118
-8.65367_4.51083_-3.27185
-9.14873_4.58089_-3.29252
-9.64378_4.65096_-3.27185
-10.1427_4.66955_-3.08583
-10.6416_4.63653_-3.06517
-11.1405_4.60351_-3.08583
-11.636_4.53969_-2.94116
-12.127_4.44521_-2.96182
-12.618_4.35073_-2.94116
-13.0762_4.15874_-2.54846
-13.4691_3.8503_-2.40378
-13.8425_3.51781_-2.42445
-13.9559_3.45276_-2.81715
-14.4487_3.38929_-3.20984
-14.9282_3.51922_-3.60254
-15.4003_3.67915_-3.33385
-15.8921_3.76961_-3.31319
-16.3887_3.75731_-2.92049
-16.8428_3.5559_-2.52779
-17.2082_3.21678_-2.2591
-17.4968_2.80902_-2.11442
-17.657_2.47786_-1.92841
-17.7976_1.99848_-1.78373
-17.8982_1.50872_-1.76306
-17.9988_1.01895_-1.78373
-18.1873_0.558611_-2.13509
-18.2061_0.509817_-1.74239
