configuration 6.23696136475_-8.02296829224_-0.990618758317_0.136654585252_12.9709873199_-24.4014968872_-0.713623012343_0.700529939585
length 42.2325
time 1.45746
roughness 0.0024504
6.23696_-8.02297_-2.86743
5.76014_-8.17317_-2.80542
5.28987_-8.34298_-2.78475
4.81959_-8.51278_-2.80542
4.35299_-8.69224_-2.74342
3.89415_-8.89086_-2.72275
3.4353_-9.08948_-2.74342
2.96522_-9.25921_-2.84676
2.48533_-9.39955_-2.86743
2.00544_-9.53988_-2.84676
1.52282_-9.67025_-2.90876
1.03515_-9.78058_-2.92943
0.547485_-9.89091_-2.90876
0.0957473_-10.0976_-2.51606
-0.312576_-10.3862_-2.53673
-0.720899_-10.6747_-2.51606
-1.05914_-11.0386_-2.12336
-1.23239_-11.5042_-1.73067
-1.25543_-12.0026_-1.50331
-1.31927_-12.4953_-1.89601
-1.56679_-12.926_-2.28871
-1.96031_-13.2293_-2.68141
-2.37327_-13.5085_-2.41272
-2.74276_-13.8453_-2.39205
-3.11226_-14.1822_-2.41272
-3.45987_-14.5409_-2.26804
-3.78487_-14.9209_-2.28871
-4.10986_-15.3009_-2.26804
-4.39352_-15.7117_-2.08203
-4.63362_-16.1503_-2.06136
-4.87372_-16.5889_-2.08203
-5.11382_-17.0275_-2.06136
-5.34481_-17.4709_-2.04069
-5.56658_-17.919_-2.02002
-5.86548_-18.3158_-2.41272
-6.28371_-18.5862_-2.72275
-6.53995_-18.7672_-2.33005
-6.80506_-19.1874_-1.93735
-6.88921_-19.677_-1.54465
-6.8142_-20.0085_-1.15195
-6.52749_-20.4143_-0.759252
-6.10735_-20.6794_-0.366553
-5.62223_-20.7941_-0.0978637
-5.12283_-20.8068_0.046815
-4.62366_-20.7783_0.0674833
-4.12518_-20.7394_0.0881517
-3.6267_-20.7005_0.0674833
-3.12753_-20.672_0.046815
-2.62835_-20.6434_0.0674833
-2.13383_-20.6971_-0.283879
-1.65243_-20.8322_-0.263211
-1.17103_-20.9673_-0.283879
-0.676134_-21.0107_0.10882
-0.184745_-20.9207_0.253499
0.291941_-20.7705_0.356841
0.762215_-20.6007_0.336172
1.25416_-20.5315_-0.0565269
1.75303_-20.5649_-0.0771953
2.25111_-20.6086_-0.0978637
2.74132_-20.7033_-0.283879
3.21983_-20.8483_-0.304547
3.69834_-20.9933_-0.283879
4.1847_-21.1083_-0.180537
4.67561_-21.2032_-0.201206
5.16652_-21.298_-0.180537
5.66086_-21.3725_-0.118532
6.15671_-21.4368_-0.1392
6.65255_-21.501_-0.118532
7.15159_-21.5241_0.0261466
7.65151_-21.5162_0.0054782
8.15144_-21.5083_0.0261466
8.64129_-21.4185_0.336172
9.11157_-21.2487_0.356841
9.58184_-21.0789_0.336172
10.0738_-21.0097_-0.0565269
10.2809_-20.9806_0.336172
10.2809_-20.9806_0.728871
10.6639_-20.7549_0.336172
11.1558_-20.6856_-0.0565269
11.6368_-20.8099_-0.449226
12.0402_-21.1009_-0.800588
12.3846_-21.4634_-0.821257
12.7215_-21.8329_-0.841925
12.9737_-22.2609_-1.23462
13.0532_-22.7519_-1.58599
13.0404_-23.2518_-1.60665
13.0174_-23.7512_-1.62732
12.984_-24.2501_-1.64799
