configuration 6.23696136475_-8.02296829224_-0.990618758317_0.136654585252_12.9709873199_-24.4014968872_-0.713623012343_0.700529939585
length 45.6264
time 1.15132
roughness 0.00363658
6.23696_-8.02297_-2.86743
5.74167_-8.06159_-3.26012
5.2693_-7.90773_-3.65282
4.89177_-7.58482_-4.04552
4.51424_-7.2619_-3.65282
4.04187_-7.10804_-3.26012
3.54658_-7.14666_-2.86743
3.10377_-7.37188_-2.47473
2.72756_-7.70088_-2.37138
2.3723_-8.0527_-2.35072
2.02438_-8.4118_-2.33005
1.67647_-8.77089_-2.35072
1.32856_-9.12998_-2.33005
0.922847_-9.41669_-2.72275
0.54031_-9.50324_-3.11545
0.334156_-9.46781_-3.50815
0.334156_-9.46781_-3.11545
-0.150391_-9.57743_-2.72275
-0.556103_-9.86414_-2.33005
-0.961815_-10.1508_-2.72275
-1.44636_-10.2605_-3.11545
-1.93598_-10.1763_-3.50815
-2.42559_-10.0922_-3.11545
-2.91014_-10.2018_-2.72275
-3.31585_-10.4885_-2.33005
-3.72156_-10.7752_-2.72275
-3.80698_-10.8356_-2.33005
-3.80698_-10.8356_-1.93735
-3.98134_-11.3042_-1.91668
-4.1557_-11.7728_-1.93735
-4.33006_-12.2414_-1.91668
-4.40408_-12.7326_-1.52398
-4.28446_-13.2148_-1.13128
-4.02232_-13.6393_-0.90393
-3.70108_-14.0224_-0.841925
-3.37195_-14.3987_-0.862593
-3.05066_-14.7818_-0.883262
-2.81634_-15.2199_-1.27596
-2.68597_-15.7025_-1.33797
-2.56558_-16.1878_-1.3173
-2.5372_-16.6838_-1.71
-2.70079_-17.1529_-2.1027
-3.00097_-17.5514_-2.33005
-3.40669_-17.8381_-2.72275
-3.88745_-17.968_-3.03277
-4.38502_-18.0171_-3.05344
-4.86185_-18.1566_-2.66074
-5.28115_-18.4276_-2.47473
-5.6708_-18.7409_-2.45406
-5.78687_-18.8824_-2.06136
-5.93094_-19.3579_-1.66866
-5.88209_-19.8523_-1.27596
-5.64777_-20.2903_-0.883262
-5.26364_-20.6054_-0.490563
-4.78819_-20.7494_-0.0978637
-4.28895_-20.7725_0.0054782
-3.78896_-20.775_-0.0151902
-3.28898_-20.7774_0.0054782
-2.85255_-20.8617_-0.387221
-2.85255_-20.8617_0.0054782
-2.85255_-20.8617_0.398177
-2.36584_-20.7621_0.0054782
-1.86609_-20.7749_-0.0565269
-1.36663_-20.798_-0.0358585
-0.8668_-20.8107_-0.0151902
-0.366815_-20.8132_0.0054782
0.133171_-20.8156_-0.0151902
0.633156_-20.818_0.0054782
1.13308_-20.8101_0.0261466
1.63301_-20.8022_0.0054782
2.1326_-20.784_0.0674833
2.63178_-20.7554_0.046815
3.13095_-20.7268_0.0674833
3.63051_-20.7293_-0.0771953
4.12859_-20.773_-0.0978637
4.62666_-20.8167_-0.0771953
5.12168_-20.7678_0.274167
5.60437_-20.6374_0.253499
6.08706_-20.507_0.274167
6.58235_-20.4684_-0.118532
7.07491_-20.553_-0.221874
7.56148_-20.6681_-0.242542
8.05218_-20.7629_-0.1392
8.54659_-20.8374_-0.159869
9.04101_-20.9119_-0.1392
9.53699_-20.8835_0.253499
10.0103_-20.7236_0.398177
10.4648_-20.5156_0.460182
10.9445_-20.386_0.0674833
11.4371_-20.4499_-0.325216
11.8679_-20.6974_-0.717915
12.1711_-21.0909_-1.11061
12.2887_-21.4929_-1.46198
12.3787_-21.9843_-1.3173
12.4991_-22.4696_-1.33797
12.6194_-22.9549_-1.3173
12.7398_-23.4402_-1.33797
12.8602_-23.9255_-1.3173
12.9604_-24.4151_-1.42064
