configuration 14.2292175293_13.7099370956_-0.723728341199_0.690084986176_-18.0985870361_0.542219161987_-0.683562400866_0.729892077038
length 42.5735
time 1.30489
roughness 0.00224892
14.2292_13.7099_-1.61838
14.2209_13.2101_-1.55637
14.2333_12.7102_-1.53571
14.2457_12.2104_-1.55637
14.2374_11.7106_-1.61838
14.13_11.2792_-2.01108
13.9311_10.8206_-1.94907
13.7416_10.3579_-1.96974
13.5522_9.89517_-1.94907
13.2822_9.47816_-2.34177
12.8731_9.19623_-2.73447
12.3873_9.09229_-3.12717
11.8909_9.03876_-2.94116
11.4_8.94428_-2.96182
10.909_8.8498_-2.94116
10.4147_8.77573_-3.0445
9.9166_8.7324_-3.06517
9.41849_8.68908_-3.0445
8.91908_8.67671_-3.18918
8.41943_8.69533_-3.16851
7.91979_8.71395_-3.18918
7.42734_8.79406_-3.41653
6.94475_8.92482_-3.39586
6.45956_9.04558_-3.37519
5.97704_9.17632_-3.4372
5.50026_9.32691_-3.45786
5.0267_9.48732_-3.47853
4.54712_9.62797_-3.37519
4.06194_9.74873_-3.39586
3.57675_9.86948_-3.37519
3.0803_9.88799_-2.98249
2.59982_9.75357_-2.75514
2.13478_9.56992_-2.77581
1.71443_9.30513_-2.38311
1.42741_8.89964_-1.99041
1.31742_8.41518_-1.59771
1.2988_7.91553_-1.61838
1.26985_7.41638_-1.63905
1.24091_6.91723_-1.61838
1.12093_6.43514_-2.01108
0.825587_6.03567_-2.40378
0.415139_5.75277_-2.67247
-0.0235516_5.51304_-2.61046
-0.452021_5.25535_-2.58979
-0.880491_4.99766_-2.61046
-1.34368_4.81473_-2.92049
-1.83034_4.70005_-2.89982
-2.31452_4.57533_-2.87915
-2.80509_4.48093_-3.02383
-3.30098_4.41706_-3.00316
-3.79545_4.34295_-2.98249
-4.29128_4.27908_-3.0445
-4.78838_4.22547_-3.02383
-5.28549_4.17186_-3.0445
-5.78432_4.13885_-3.1065
-6.2838_4.11614_-3.08583
-6.78327_4.09344_-3.1065
-7.2758_4.16314_-3.45786
-7.74936_4.32356_-3.47853
-8.09306_4.45605_-3.54054
-8.5797_4.55602_-3.14784
-9.07817_4.52302_-3.00316
-9.57406_4.45915_-3.02383
-10.0693_4.49815_-3.41653
-10.5427_4.65849_-3.51987
-11.0054_4.84794_-3.54054
-11.492_4.9479_-3.14784
-11.9799_4.85403_-2.75514
-12.4123_4.60599_-2.48645
-12.8294_4.33105_-2.63113
-13.2681_4.09128_-2.6518
-13.7117_3.86064_-2.67247
-14.1902_3.7268_-3.06517
-14.6834_3.78623_-3.45786
-15.1163_4.02989_-3.85056
-15.5493_4.27355_-3.45786
-16.0425_4.33299_-3.06517
-16.5395_4.27938_-3.00316
-17.0087_4.11615_-2.61046
-17.3798_3.78579_-2.21776
-17.5961_3.33859_-1.82506
-17.6967_2.84903_-1.72172
-17.777_2.35553_-1.74239
-17.8674_1.86379_-1.76306
-17.9579_1.37205_-1.74239
-18.0382_0.878546_-1.72172
-18.0791_0.538952_-1.65972
