configuration 2.903195858_13.0508098602_-0.754177572005_0.656670533741_-13.4451351166_-15.4114570618_0.497552318458_0.867433968897
length 54.6388
time 2.4482
roughness 0.00281803
2.9032_13.0508_-1.7088
2.8293_12.5563_-1.72947
2.7554_12.0618_-1.7088
2.68151_11.5673_-1.72947
2.70022_11.0709_-1.33677
2.83117_10.5884_-1.27477
2.98196_10.1117_-1.2541
3.0416_9.61849_-1.6468
2.90797_9.14001_-2.0395
2.64204_8.71745_-2.22551
2.30254_8.35136_-2.41153
1.93345_8.01407_-2.39086
1.56436_7.67678_-2.41153
1.26593_7.27961_-2.01883
1.07299_6.81858_-1.91549
0.899183_6.34977_-1.93615
0.81562_5.86005_-1.54345
0.925824_5.37564_-1.15076
0.972226_5.17167_-1.54345
0.939464_4.67347_-1.72947
0.855363_4.1806_-1.75014
0.771262_3.68774_-1.72947
0.789975_3.1913_-1.33677
0.910941_2.70616_-1.3161
1.04191_2.22362_-1.29543
1.15277_1.7363_-1.39878
1.24344_1.2446_-1.37811
1.33411_0.752896_-1.39878
1.39412_0.256734_-1.50212
1.42327_-0.242407_-1.52279
1.39053_-0.740255_-1.75014
1.29626_-1.23128_-1.77081
1.19187_-1.72025_-1.79148
1.16949_-2.21718_-1.44011
1.24997_-2.71058_-1.37811
1.24815_-3.20737_-1.77081
1.05636_-3.66565_-2.16351
0.703789_-4.01564_-2.5562
0.244119_-4.20408_-2.9489
-0.247582_-4.29475_-2.96957
-0.739283_-4.38542_-2.9489
-1.23693_-4.40418_-3.25893
-1.73285_-4.34052_-3.2796
-2.22877_-4.27686_-3.25893
-2.72402_-4.31607_-2.86623
-2.72402_-4.31607_-3.25893
-2.72402_-4.31607_-3.40361
-3.20826_-4.19155_-3.38294
-3.69496_-4.07707_-3.36227
-4.18167_-3.96259_-3.38294
-4.49512_-3.94848_-2.99024
-4.6672_-4.01084_-2.59754
-4.6672_-4.01084_-2.99024
-5.16349_-3.9885_-3.38294
-5.62288_-3.79624_-3.69297
-6.0345_-3.51279_-3.79631
-6.48001_-3.29297_-3.40361
-6.97574_-3.26037_-3.01091
-7.4462_-3.41995_-2.61821
-7.91079_-3.59928_-2.92824
-8.40051_-3.7001_-2.9489
-8.89024_-3.80091_-2.92824
-9.37256_-3.93182_-2.82489
-9.84927_-4.08261_-2.84556
-10.326_-4.23341_-2.82489
-10.8192_-4.29305_-3.21759
-11.2977_-4.15942_-3.61029
-11.6886_-3.85285_-4.00299
-12.0795_-3.54628_-3.61029
-12.558_-3.41264_-3.21759
-13.0512_-3.47229_-2.82489
-13.5247_-3.6329_-2.80423
-13.9982_-3.79352_-2.82489
-14.4082_-4.02453_-2.43219
-14.8212_-4.30448_-2.65955
-15.2666_-4.53168_-2.68022
-15.6391_-4.81939_-2.28752
-15.8861_-5.25043_-1.89482
-16.0501_-5.72273_-1.91549
-16.2142_-6.19503_-1.89482
-16.4612_-6.62607_-2.28752
-16.8544_-6.92977_-2.68022
-17.3338_-7.0599_-3.07291
-17.3338_-7.0599_-2.68022
-17.3959_-7.10785_-2.28752
-17.6429_-7.53889_-1.89482
-17.7062_-8.03164_-1.50212
-17.6157_-8.52229_-1.27477
-17.4748_-9.00201_-1.29543
-17.374_-9.49131_-1.44011
-17.3038_-9.98634_-1.41944
-17.2335_-10.4814_-1.44011
-17.2661_-10.9771_-1.83281
-17.4006_-11.4587_-1.85348
-17.5351_-11.9402_-1.83281
-17.6893_-12.4156_-1.93615
-17.8631_-12.8844_-1.91549
-18.0369_-13.3532_-1.93615
-18.1307_-13.8417_-1.58479
-18.1429_-14.3416_-1.60546
-18.155_-14.8414_-1.58479
-18.1054_-15.3379_-1.35744
-18.0046_-15.8276_-1.37811
-17.9037_-16.3173_-1.35744
-17.7058_-16.773_-0.96474
-17.4003_-17.1685_-0.861398
-17.0707_-17.5445_-0.84073
-16.6736_-17.8429_-0.448031
-16.1924_-17.9666_-0.0553318
-15.7006_-17.8968_0.337367
-15.3404_-17.684_0.730066
-14.9127_-17.4312_0.337367
-14.6876_-17.2982_0.730066
-14.2599_-17.0455_0.337367
-13.9447_-16.8593_0.730066
-13.9447_-16.8593_1.12277
-13.7614_-16.3945_1.26744
-13.6072_-15.9189_1.24678
-13.4529_-15.4434_1.26744
