configuration -14.0353517532_151.94859314_0.0_1.0_147.259887695_176.039077759_0.145212769539_0.989400450557
length 278.451
time 26.1667
roughness 1.05469e-05
-14.0354_151.949_-0
-13.5357_151.945_-0.0206618
-13.0359_151.934_-0.027551
-12.5361_151.919_-0.0344402
-12.0365_151.9_-0.0413294
-11.5369_151.881_-0.0344402
-11.0373_151.863_-0.0413294
-10.5377_151.843_-0.0344402
-10.0381_151.825_-0.0413294
-9.5385_151.805_-0.0344402
-9.03887_151.787_-0.0413294
-8.53929_151.767_-0.0344402
-8.03966_151.749_-0.0413294
-7.54008_151.729_-0.0344402
-7.04045_151.711_-0.0413294
-6.54087_151.692_-0.0344402
-6.04124_151.673_-0.0413294
-5.54166_151.654_-0.0344402
-5.04204_151.635_-0.0413294
-4.54245_151.616_-0.0344402
-4.04283_151.597_-0.0413294
-3.54324_151.578_-0.0344402
-3.04362_151.56_-0.0413294
-2.54404_151.54_-0.0344402
-2.04441_151.522_-0.0413294
-1.54483_151.502_-0.0344402
-1.0452_151.484_-0.0413294
-0.545619_151.464_-0.0344402
-0.0459926_151.446_-0.0413294
0.45359_151.426_-0.0344402
0.953216_151.408_-0.0413294
1.4528_151.389_-0.0344402
1.95242_151.37_-0.0413294
2.45201_151.351_-0.0344402
2.95163_151.332_-0.0413294
3.45122_151.313_-0.0344402
3.95084_151.294_-0.0413294
4.45042_151.275_-0.0344402
4.95005_151.257_-0.0413294
5.44963_151.237_-0.0344402
5.94926_151.219_-0.0413294
6.44884_151.199_-0.0344402
6.94847_151.181_-0.0413294
7.44795_151.159_-0.0482186
7.94739_151.136_-0.0413294
8.44697_151.117_-0.0344402
8.9466_151.098_-0.0413294
9.44609_151.076_-0.0482186
9.94552_151.053_-0.0413294
10.4451_151.034_-0.0344402
10.9447_151.016_-0.0413294
11.4442_150.994_-0.0482186
11.9437_150.971_-0.0413294
12.4432_150.951_-0.0344402
12.9427_150.938_-0.0137784
13.4426_150.932_-0.00688921
13.9416_150.923_-0.0413059
14.4354_150.917_0.0477196
14.9326_150.948_0.0958617
15.4297_151_0.116523
15.9255_151.061_0.137185
16.4207_151.131_0.144074
16.9153_151.204_0.150964
17.4094_151.28_0.157853
17.9033_151.357_0.150964
18.3974_151.434_0.157853
18.8913_151.511_0.150964
19.3854_151.588_0.157853
19.8794_151.665_0.150964
20.3735_151.741_0.157853
20.8674_151.819_0.150964
21.3615_151.895_0.157853
21.8554_151.973_0.150964
22.3495_152.049_0.157853
22.8435_152.126_0.150964
23.3376_152.203_0.157853
23.8315_152.28_0.150964
24.3256_152.356_0.157853
24.8195_152.434_0.150964
25.3136_152.51_0.157853
25.8075_152.588_0.150964
26.3016_152.664_0.157853
26.7956_152.742_0.150964
27.2897_152.818_0.157853
27.7836_152.895_0.150964
28.2777_152.972_0.157853
28.7716_153.049_0.150964
29.2661_153.123_0.144074
29.761_153.194_0.137185
30.2561_153.263_0.144074
30.7375_153.352_0.259995
31.2151_153.49_0.321822
31.6867_153.653_0.356238
32.1538_153.83_0.3769
32.6172_154.017_0.397562
33.0777_154.212_0.404451
33.5368_154.41_0.41134
33.9946_154.611_0.41823
34.451_154.815_0.425119
34.907_155.02_0.41823
35.3634_155.224_0.425119
35.8193_155.429_0.41823
36.2757_155.633_0.425119
36.7317_155.839_0.41823
37.1881_156.043_0.425119
37.644_156.248_0.41823
38.1004_156.452_0.425119
38.5563_156.657_0.41823
39.0127_156.861_0.425119
39.4677_157.068_0.432008
39.9222_157.277_0.425119
40.3739_157.459_0.295893
40.8452_157.581_0.166667
41.337_157.653_0.10484
41.7286_157.689_0.066833
42.2154_157.701_-0.0623931
42.6996_157.65_-0.191619
43.1732_157.537_-0.320845
43.6283_157.364_-0.450071
44.0574_157.134_-0.579298
44.4532_156.851_-0.708524
44.8091_156.518_-0.83775
45.1193_156.143_-0.966976
45.3847_155.729_-1.06949
45.6145_155.288_-1.13132
45.8217_154.834_-1.16574
46.0154_154.374_-1.1864
46.2018_153.91_-1.19329
46.3851_153.445_-1.20018
46.5672_152.979_-1.19329
46.7504_152.514_-1.20018
46.9326_152.048_-1.19329
47.1158_151.583_-1.20018
47.298_151.117_-1.19329
47.4812_150.652_-1.20018
47.6633_150.187_-1.19329
47.8466_149.722_-1.20018
48.0287_149.256_-1.19329
48.2119_148.791_-1.20018
48.3941_148.325_-1.19329
48.5773_147.86_-1.20018
48.7595_147.394_-1.19329
48.9427_146.929_-1.20018
49.1248_146.464_-1.19329
49.3081_145.998_-1.20018
49.4902_145.533_-1.19329
49.6734_145.068_-1.20018
49.8556_144.602_-1.19329
50.0388_144.137_-1.20018
50.221_143.671_-1.19329
50.4042_143.206_-1.20018
50.5863_142.74_-1.19329
50.7696_142.275_-1.20018
50.9517_141.81_-1.19329
51.1349_141.344_-1.20018
51.3171_140.879_-1.19329
51.5003_140.414_-1.20018
51.6825_139.948_-1.19329
51.8657_139.483_-1.20018
52.0478_139.017_-1.19329
52.2311_138.552_-1.20018
52.4132_138.087_-1.19329
52.5964_137.621_-1.20018
52.7786_137.156_-1.19329
52.9618_136.691_-1.20018
53.144_136.225_-1.19329
53.3272_135.76_-1.20018
53.5072_135.293_-1.20707
53.6861_134.827_-1.20018
53.8683_134.361_-1.19329
54.0515_133.896_-1.20018
54.2315_133.429_-1.20707
54.4105_132.962_-1.20018
54.5926_132.497_-1.19329
54.7759_132.032_-1.20018
54.9559_131.565_-1.20707
55.1348_131.098_-1.20018
55.317_130.633_-1.19329
55.5002_130.168_-1.20018
55.6802_129.701_-1.20707
55.8591_129.234_-1.20018
56.0413_128.769_-1.19329
56.2245_128.304_-1.20018
56.4045_127.837_-1.20707
56.5835_127.37_-1.20018
56.7656_126.905_-1.19329
56.9488_126.44_-1.20018
57.1289_125.973_-1.20707
57.3078_125.506_-1.20018
57.4899_125.041_-1.19329
57.6732_124.575_-1.20018
57.8532_124.109_-1.20707
58.0321_123.642_-1.20018
58.2143_123.177_-1.19329
58.3975_122.711_-1.20018
58.5775_122.245_-1.20707
58.7565_121.778_-1.20018
58.9386_121.313_-1.19329
59.1218_120.847_-1.20018
59.3018_120.381_-1.20707
59.4808_119.914_-1.20018
59.6629_119.448_-1.19329
59.8462_118.983_-1.20018
60.0262_118.517_-1.20707
60.2051_118.05_-1.20018
60.3873_117.584_-1.19329
60.5705_117.119_-1.20018
60.7505_116.653_-1.20707
60.9294_116.186_-1.20018
61.1116_115.72_-1.19329
61.2948_115.255_-1.20018
61.4748_114.789_-1.20707
61.6538_114.322_-1.20018
61.8359_113.856_-1.19329
62.0191_113.391_-1.20018
62.1992_112.925_-1.20707
62.3781_112.458_-1.20018
62.5603_111.992_-1.19329
62.7435_111.527_-1.20018
62.9235_111.061_-1.20707
63.1024_110.594_-1.20018
63.297_110.145_-1.08426
63.5384_109.71_-1.02243
63.8018_109.286_-1.00177
64.0264_108.93_-1.01917
64.2807_108.501_-1.06731
64.5188_108.062_-1.08797
64.7477_107.618_-1.10863
64.9696_107.17_-1.11552
65.1884_106.72_-1.12241
65.4041_106.269_-1.1293
65.6188_105.818_-1.12241
65.8345_105.367_-1.1293
66.0492_104.915_-1.12241
66.2649_104.464_-1.1293
66.4795_104.013_-1.12241
66.6952_103.562_-1.1293
66.9099_103.11_-1.12241
67.1256_102.659_-1.1293
67.3403_102.207_-1.12241
67.556_101.756_-1.1293
67.7706_101.305_-1.12241
67.9864_100.854_-1.1293
68.201_100.402_-1.12241
68.4167_99.9513_-1.1293
68.6314_99.4997_-1.12241
68.8471_99.0487_-1.1293
69.0618_98.5972_-1.12241
69.2775_98.1461_-1.1293
69.4921_97.6946_-1.12241
69.7078_97.2436_-1.1293
69.9225_96.792_-1.12241
70.1382_96.341_-1.1293
70.3529_95.8895_-1.12241
70.5686_95.4384_-1.1293
70.7833_94.9869_-1.12241
70.999_94.5359_-1.1293
71.2136_94.0843_-1.12241
71.4293_93.6333_-1.1293
71.6419_93.1808_-1.13619
71.8535_92.7278_-1.1293
72.0681_92.2762_-1.12241
72.2839_91.8252_-1.1293
72.5104_91.3942_-1.00007
72.7905_90.996_-0.870847
73.1197_90.6372_-0.741621
73.4923_90.3238_-0.612395
73.9022_90.0611_-0.483169
74.3426_89.8534_-0.353943
74.806_89.7041_-0.224717
75.2848_89.6158_-0.0954907
75.7711_89.59_0.0337354
76.2565_89.627_0.162962
76.7332_89.7263_0.292188
77.1991_89.8838_0.394704
77.6539_90.0843_0.456531
78.0993_90.3095_0.490948
78.5383_90.5481_0.511609
78.9737_90.7938_0.518499
79.4074_91.0426_0.525388
79.8393_91.2944_0.532277
80.2707_91.5471_0.525388
80.7027_91.7988_0.532277
81.1341_92.0516_0.525388
81.566_92.3033_0.532277
81.9974_92.5561_0.525388
82.4293_92.8078_0.532277
82.8607_93.0606_0.525388
83.2927_93.3123_0.532277
83.7241_93.5651_0.525388
84.156_93.8168_0.532277
84.5874_94.0695_0.525388
85.0193_94.3213_0.532277
85.4507_94.574_0.525388
85.8827_94.8258_0.532277
86.3141_95.0785_0.525388
86.746_95.3303_0.532277
87.1774_95.583_0.525388
87.6093_95.8348_0.532277
88.0407_96.0875_0.525388
88.4727_96.3392_0.532277
88.9041_96.592_0.525388
89.336_96.8437_0.532277
89.7674_97.0965_0.525388
90.1993_97.3482_0.532277
90.6307_97.601_0.525388
91.0627_97.8527_0.532277
91.4941_98.1054_0.525388
91.926_98.3572_0.532277
92.3574_98.6099_0.525388
92.7893_98.8617_0.532277
93.2207_99.1144_0.525388
93.6527_99.3662_0.532277
94.0841_99.6189_0.525388
94.516_99.8707_0.532277
94.9474_100.123_0.525388
95.3793_100.375_0.532277
95.8107_100.628_0.525388
96.2427_100.88_0.532277
96.674_101.132_0.525388
97.106_101.384_0.532277
97.5374_101.637_0.525388
97.9693_101.889_0.532277
98.4007_102.141_0.525388
98.8327_102.393_0.532277
99.264_102.646_0.525388
99.696_102.898_0.532277
100.127_103.15_0.525388
100.559_103.402_0.532277
100.991_103.655_0.525388
101.423_103.907_0.532277
101.853_104.161_0.539166
102.283_104.417_0.532277
102.714_104.67_0.525388
103.146_104.921_0.532277
103.578_105.172_0.511615
104.015_105.414_0.490954
104.457_105.648_0.484064
104.878_105.893_0.61329
105.264_106.19_0.742517
105.608_106.534_0.871743
105.906_106.92_1.00097
106.151_107.34_1.13019
106.339_107.789_1.25942
106.469_108.259_1.38865
106.537_108.741_1.51787
106.542_109.228_1.6471
106.484_109.711_1.77633
106.371_110.194_1.85178
106.227_110.671_1.8862
106.069_111.145_1.90686
105.903_111.617_1.91375
105.734_112.087_1.92064
105.561_112.557_1.92753
105.385_113.025_1.93442
105.206_113.492_1.94131
105.027_113.958_1.93442
104.848_114.425_1.94131
104.668_114.891_1.93442
104.489_115.358_1.94131
104.309_115.825_1.93442
104.13_116.292_1.94131
103.95_116.758_1.93442
103.771_117.225_1.94131
103.591_117.691_1.93442
103.412_118.158_1.94131
103.232_118.625_1.93442
103.053_119.092_1.94131
102.873_119.558_1.93442
102.695_120.025_1.94131
102.515_120.491_1.93442
102.336_120.958_1.94131
102.156_121.425_1.93442
101.977_121.891_1.94131
101.797_122.358_1.93442
101.618_122.825_1.94131
101.438_123.291_1.93442
101.259_123.758_1.94131
101.079_124.225_1.93442
100.9_124.691_1.94131
100.72_125.158_1.93442
100.541_125.625_1.94131
100.361_126.091_1.93442
100.183_126.558_1.94131
100.003_127.025_1.93442
99.8237_127.491_1.94131
99.6437_127.958_1.93442
99.4649_128.425_1.94131
99.2849_128.891_1.93442
99.106_129.358_1.94131
98.926_129.824_1.93442
98.7471_130.291_1.94131
98.5672_130.758_1.93442
98.3904_131.225_1.92753
98.2148_131.694_1.93442
98.0359_132.16_1.94131
97.8559_132.627_1.93442
97.6792_133.095_1.92753
97.5035_133.563_1.93442
97.3246_134.029_1.94131
97.1446_134.496_1.93442
96.9679_134.964_1.92753
96.7922_135.432_1.93442
96.6133_135.899_1.94131
96.4334_136.365_1.93442
96.2566_136.833_1.92753
96.081_137.301_1.93442
95.9021_137.768_1.94131
95.7221_138.234_1.93442
95.5454_138.702_1.92753
95.3697_139.17_1.93442
95.1908_139.637_1.94131
95.0108_140.103_1.93442
94.8341_140.571_1.92753
94.6584_141.039_1.93442
94.4795_141.506_1.94131
94.2996_141.972_1.93442
94.1228_142.44_1.92753
93.9472_142.908_1.93442
93.7683_143.375_1.94131
93.5883_143.841_1.93442
93.4116_144.309_1.92753
93.2359_144.777_1.93442
93.057_145.244_1.94131
92.877_145.71_1.93442
92.7003_146.178_1.92753
92.5246_146.646_1.93442
92.3457_147.113_1.94131
92.1658_147.579_1.93442
91.989_148.047_1.92753
91.8385_148.51_1.7983
91.7464_148.991_1.68238
91.6988_149.487_1.63424
91.6811_149.853_1.58868
91.6931_150.339_1.45946
91.7676_150.821_1.33023
91.9035_151.288_1.20101
92.0986_151.734_1.07178
92.3495_152.152_0.942554
92.6521_152.533_0.813328
93.0013_152.872_0.684101
93.3914_153.164_0.554875
93.8191_153.417_0.493049
94.2617_153.646_0.444907
94.7142_153.857_0.424245
95.1703_154.062_0.417356
95.6278_154.264_0.410466
96.0867_154.462_0.403577
96.547_154.658_0.396688
97.0077_154.852_0.403577
97.4679_155.047_0.396688
97.9286_155.241_0.403577
98.3888_155.437_0.396688
98.8495_155.631_0.403577
99.3098_155.826_0.396688
99.7705_156.02_0.403577
100.231_156.216_0.396688
100.691_156.41_0.403577
101.152_156.605_0.396688
101.612_156.799_0.403577
102.073_156.995_0.396688
102.533_157.189_0.403577
102.994_157.384_0.396688
103.454_157.578_0.403577
103.914_157.774_0.396688
104.375_157.968_0.403577
104.835_158.163_0.396688
105.296_158.357_0.403577
105.756_158.553_0.396688
106.217_158.747_0.403577
106.677_158.942_0.396688
107.138_159.136_0.403577
107.598_159.332_0.396688
108.059_159.526_0.403577
108.519_159.721_0.396688
108.98_159.915_0.403577
109.44_160.111_0.396688
109.901_160.305_0.403577
110.361_160.5_0.396688
110.822_160.694_0.403577
111.282_160.89_0.396688
111.743_161.084_0.403577
112.203_161.279_0.396688
112.664_161.473_0.403577
113.124_161.669_0.396688
113.585_161.863_0.403577
114.045_162.058_0.396688
114.506_162.253_0.403577
114.966_162.448_0.396688
115.426_162.642_0.403577
115.887_162.837_0.396688
116.347_163.032_0.403577
116.808_163.227_0.396688
117.268_163.421_0.403577
117.729_163.616_0.396688
118.189_163.811_0.403577
118.65_164.006_0.396688
119.11_164.2_0.403577
119.57_164.395_0.396688
120.031_164.59_0.403577
120.491_164.785_0.396688
120.952_164.979_0.403577
121.412_165.174_0.396688
121.873_165.369_0.403577
122.333_165.564_0.396688
122.794_165.758_0.403577
123.254_165.953_0.396688
123.715_166.148_0.403577
124.175_166.343_0.396688
124.636_166.537_0.403577
125.096_166.732_0.396688
125.557_166.927_0.403577
126.017_167.122_0.396688
126.478_167.316_0.403577
126.938_167.511_0.396688
127.399_167.706_0.403577
127.859_167.901_0.396688
128.32_168.095_0.403577
128.78_168.29_0.396688
129.241_168.485_0.403577
129.701_168.68_0.396688
130.162_168.874_0.403577
130.622_169.069_0.396688
131.083_169.262_0.389799
131.545_169.453_0.396688
132.006_169.647_0.403577
132.466_169.842_0.396688
132.928_170.034_0.389799
133.39_170.225_0.396688
133.851_170.42_0.403577
134.311_170.615_0.396688
134.772_170.807_0.389799
135.234_170.998_0.396688
135.695_171.192_0.403577
136.155_171.388_0.396688
136.617_171.58_0.389799
137.079_171.771_0.396688
137.54_171.965_0.403577
138_172.16_0.396688
138.462_172.352_0.389799
138.924_172.543_0.396688
139.384_172.738_0.403577
139.845_172.933_0.396688
140.306_173.125_0.389799
140.768_173.316_0.396688
141.229_173.51_0.403577
141.689_173.706_0.396688
142.151_173.898_0.389799
142.613_174.089_0.396688
143.073_174.283_0.403577
143.534_174.478_0.396688
143.995_174.67_0.389799
144.457_174.861_0.396688
144.918_175.056_0.403577
145.378_175.251_0.396688
145.84_175.443_0.389799
146.304_175.627_0.355382
146.773_175.798_0.33472
147.241_175.969_0.382863
