configuration 133.385482788_115.927223206_-0.986328190641_0.164792901387_34.5528411865_13.6445770264_-0.541385985877_0.840774175564
length 299.309
time 18.7239
roughness 7.50766e-06
133.385_115.927_-2.8105
132.917_115.758_-2.76235
132.454_115.57_-2.74169
131.994_115.374_-2.7348
131.535_115.175_-2.72791
131.078_114.973_-2.72103
130.622_114.768_-2.71414
130.167_114.562_-2.72103
129.711_114.356_-2.71414
129.255_114.15_-2.72103
128.799_113.945_-2.71414
128.344_113.739_-2.72103
127.888_113.534_-2.71414
127.432_113.327_-2.72103
126.977_113.122_-2.71414
126.521_112.916_-2.72103
126.065_112.711_-2.71414
125.61_112.505_-2.72103
125.154_112.299_-2.71414
124.698_112.093_-2.72103
124.242_111.888_-2.71414
123.788_111.68_-2.70725
123.334_111.47_-2.71414
122.878_111.264_-2.72103
122.423_111.059_-2.71414
121.968_110.851_-2.70725
121.514_110.641_-2.71414
121.059_110.435_-2.72103
120.603_110.23_-2.71414
120.148_110.022_-2.70725
119.694_109.812_-2.71414
119.239_109.606_-2.72103
118.783_109.401_-2.71414
118.328_109.193_-2.70725
117.874_108.983_-2.71414
117.419_108.777_-2.72103
116.963_108.572_-2.71414
116.508_108.364_-2.70725
116.054_108.154_-2.71414
115.599_107.948_-2.72103
115.143_107.743_-2.71414
114.688_107.535_-2.70725
114.234_107.325_-2.71414
113.779_107.119_-2.72103
113.323_106.914_-2.71414
112.869_106.705_-2.70725
112.415_106.496_-2.71414
111.959_106.29_-2.72103
111.503_106.085_-2.71414
111.049_105.876_-2.70725
110.595_105.667_-2.71414
110.139_105.461_-2.72103
109.683_105.256_-2.71414
109.229_105.047_-2.70725
108.775_104.838_-2.71414
108.319_104.632_-2.72103
107.863_104.427_-2.71414
107.409_104.218_-2.70725
106.955_104.009_-2.71414
106.499_103.803_-2.72103
106.043_103.598_-2.71414
105.589_103.389_-2.70725
105.135_103.18_-2.71414
104.679_102.974_-2.72103
104.224_102.769_-2.71414
103.769_102.56_-2.70725
103.315_102.351_-2.71414
102.86_102.145_-2.72103
102.404_101.939_-2.71414
101.949_101.731_-2.70725
101.495_101.522_-2.71414
101.04_101.316_-2.72103
100.584_101.11_-2.71414
100.129_100.902_-2.70725
99.6752_100.693_-2.71414
99.2197_100.487_-2.72103
98.7638_100.281_-2.71414
98.3093_100.073_-2.70725
97.8553_99.8637_-2.71414
97.3998_99.6575_-2.72103
96.9439_99.4523_-2.71414
96.4894_99.244_-2.70725
96.0354_99.0347_-2.71414
95.5799_98.8284_-2.72103
95.124_98.6233_-2.71414
94.6695_98.415_-2.70725
94.2155_98.2056_-2.71414
93.76_97.9994_-2.72103
93.3041_97.7942_-2.71414
92.8496_97.5859_-2.70725
92.3956_97.3766_-2.71414
91.9401_97.1703_-2.72103
91.4842_96.9652_-2.71414
91.0297_96.7569_-2.70725
90.5757_96.5475_-2.71414
90.1202_96.3413_-2.72103
89.6643_96.1361_-2.71414
89.2098_95.9278_-2.70725
88.7558_95.7185_-2.71414
88.3003_95.5122_-2.72103
87.8444_95.3071_-2.71414
87.3899_95.0988_-2.70725
86.9359_94.8894_-2.71414
86.4804_94.6832_-2.72103
86.0245_94.478_-2.71414
85.57_94.2697_-2.70725
85.116_94.0604_-2.71414
84.6605_93.8541_-2.72103
84.2046_93.649_-2.71414
83.7501_93.4407_-2.70725
83.2961_93.2313_-2.71414
82.8406_93.0251_-2.72103
82.3847_92.8199_-2.71414
81.9302_92.6116_-2.70725
81.4762_92.4023_-2.71414
81.0207_92.196_-2.72103
80.5648_91.9909_-2.71414
80.1103_91.7826_-2.70725
79.6563_91.5732_-2.71414
79.2008_91.367_-2.72103
78.7449_91.1618_-2.71414
78.2904_90.9535_-2.70725
77.8364_90.7442_-2.71414
77.3809_90.538_-2.72103
76.925_90.3328_-2.71414
76.4705_90.1245_-2.70725
76.0165_89.9151_-2.71414
75.561_89.7089_-2.72103
75.1086_89.5291_-2.85025
74.6296_89.3962_-2.91208
74.1423_89.2858_-2.93274
73.6621_89.2052_-3.06197
73.1756_89.187_-3.19119
72.6907_89.2318_-3.32042
72.2157_89.3386_-3.44964
71.7584_89.5058_-3.57887
71.3265_89.7304_-3.7081
70.9271_90.0089_-3.83732
70.5669_90.3366_-3.96655
70.252_90.7079_-4.09577
69.9875_91.1167_-4.225
69.7749_91.5576_-4.34092
69.6041_92.0243_-4.40275
69.4574_92.5014_-4.43716
69.325_92.9832_-4.45783
69.2025_93.4676_-4.47849
69.0877_93.9542_-4.48538
68.9763_94.4416_-4.49227
68.8683_94.9298_-4.49916
68.7613_95.4182_-4.49227
68.6533_95.9063_-4.49916
68.5464_96.3947_-4.49227
68.4361_96.8823_-4.48538
68.3247_97.3697_-4.49227
68.2166_97.8579_-4.49916
68.1097_98.3463_-4.49227
67.9994_98.8339_-4.48538
67.888_99.3213_-4.49227
67.78_99.8095_-4.49916
67.673_100.298_-4.49227
67.5627_100.786_-4.48538
67.4513_101.273_-4.49227
67.3433_101.761_-4.49916
67.2364_102.249_-4.49227
67.11_102.72_-4.36304
66.9251_103.173_-4.24712
66.6944_103.614_-4.19898
66.4543_104.052_-4.23339
66.2271_104.497_-4.25406
66.0069_104.946_-4.26095
65.7898_105.396_-4.26783
65.5758_105.848_-4.27472
65.365_106.301_-4.28161
65.1552_106.755_-4.27472
64.9443_107.209_-4.28161
64.7345_107.662_-4.27472
64.5236_108.116_-4.28161
64.3138_108.57_-4.27472
64.103_109.023_-4.28161
63.8931_109.477_-4.27472
63.6823_109.93_-4.28161
63.4725_110.384_-4.27472
63.2616_110.837_-4.28161
63.0518_111.291_-4.27472
62.8409_111.744_-4.28161
62.6311_112.198_-4.27472
62.4203_112.651_-4.28161
62.2104_113.105_-4.27472
61.9996_113.558_-4.28161
61.7898_114.012_-4.27472
61.5789_114.466_-4.28161
61.3691_114.919_-4.27472
61.1582_115.373_-4.28161
60.9484_115.827_-4.27472
60.7376_116.28_-4.28161
60.5278_116.734_-4.27472
60.3169_117.187_-4.28161
60.1071_117.641_-4.27472
59.8962_118.094_-4.28161
59.6864_118.548_-4.27472
59.4756_119.001_-4.28161
59.2657_119.455_-4.27472
59.0549_119.908_-4.28161
58.8451_120.362_-4.27472
58.6342_120.816_-4.28161
58.4244_121.269_-4.27472
58.2135_121.723_-4.28161
58.0037_122.176_-4.27472
57.7929_122.63_-4.28161
57.583_123.084_-4.27472
57.3722_123.537_-4.28161
57.1624_123.991_-4.27472
56.9515_124.444_-4.28161
56.7417_124.898_-4.27472
56.5308_125.351_-4.28161
56.321_125.805_-4.27472
56.1102_126.258_-4.28161
55.9004_126.712_-4.27472
55.6895_127.165_-4.28161
55.4797_127.619_-4.27472
55.2688_128.073_-4.28161
55.059_128.526_-4.27472
54.8482_128.98_-4.28161
54.6383_129.434_-4.27472
54.4275_129.887_-4.28161
54.2177_130.341_-4.27472
54.0068_130.794_-4.28161
53.797_131.248_-4.27472
53.5861_131.701_-4.28161
53.3763_132.155_-4.27472
53.1655_132.608_-4.28161
52.9557_133.062_-4.27472
52.7448_133.515_-4.28161
52.535_133.969_-4.27472
52.3241_134.422_-4.28161
52.1164_134.877_-4.2885
51.9097_135.333_-4.28161
51.6999_135.786_-4.27472
51.489_136.24_-4.28161
51.2813_136.694_-4.2885
51.0746_137.15_-4.28161
50.8648_137.603_-4.27472
50.6539_138.057_-4.28161
50.4462_138.512_-4.2885
50.2395_138.967_-4.28161
50.0297_139.421_-4.27472
49.8189_139.874_-4.28161
49.6111_140.329_-4.2885
49.4045_140.784_-4.28161
49.1946_141.238_-4.27472
48.9838_141.691_-4.28161
48.776_142.146_-4.2885
48.5694_142.601_-4.28161
48.3595_143.055_-4.27472
48.1487_143.508_-4.28161
47.941_143.963_-4.2885
47.7343_144.418_-4.28161
47.5245_144.872_-4.27472
47.3136_145.325_-4.28161
47.1059_145.78_-4.2885
46.8992_146.235_-4.28161
46.6894_146.689_-4.27472
46.4785_147.142_-4.28161
46.2708_147.597_-4.2885
46.0641_148.052_-4.28161
45.8543_148.506_-4.27472
45.6434_148.96_-4.28161
45.4357_149.414_-4.2885
45.229_149.87_-4.28161
45.0192_150.323_-4.27472
44.8083_150.777_-4.28161
44.6006_151.232_-4.2885
44.3939_151.687_-4.28161
44.1841_152.141_-4.27472
43.9733_152.594_-4.28161
43.7655_153.049_-4.2885
43.5588_153.504_-4.28161
43.349_153.958_-4.27472
43.1382_154.411_-4.28161
42.9304_154.866_-4.2885
42.7238_155.321_-4.28161
42.5139_155.775_-4.27472
42.3031_156.228_-4.28161
42.0954_156.683_-4.2885
41.878_157.124_-4.18599
41.6209_157.551_-4.13784
41.3501_157.971_-4.14473
41.0712_158.37_-4.01551
40.7431_158.73_-3.88628
40.3715_159.044_-3.75705
39.9623_159.308_-3.62783
39.5226_159.518_-3.4986
39.0596_159.668_-3.36938
38.5811_159.758_-3.24015
38.095_159.785_-3.11092
37.6094_159.75_-2.9817
37.1324_159.652_-2.85247
36.672_159.493_-2.72324
36.2359_159.277_-2.59402
35.8313_159.006_-2.46479
35.465_158.685_-2.33557
35.1431_158.32_-2.20634
34.8647_157.915_-2.10382
34.621_157.481_-2.042
34.402_157.034_-1.99386
34.2_156.577_-1.97319
34.0075_156.116_-1.95253
33.8245_155.651_-1.93187
33.6334_155.203_-2.0611
33.3861_154.784_-2.19032
33.0868_154.4_-2.31955
32.7615_154.028_-2.23052
32.465_153.629_-2.1687
32.1888_153.214_-2.13428
31.9248_152.789_-2.11362
31.6675_152.361_-2.10673
31.4132_151.93_-2.09984
31.1619_151.498_-2.09295
30.9115_151.065_-2.09984
30.6602_150.633_-2.09295
30.4098_150.2_-2.09984
30.1585_149.768_-2.09295
29.9081_149.335_-2.09984
29.6568_148.903_-2.09295
29.4084_148.469_-2.08606
29.1611_148.035_-2.09295
28.9107_147.602_-2.09984
28.6594_147.17_-2.09295
28.411_146.736_-2.08606
28.1636_146.301_-2.09295
27.9133_145.869_-2.09984
27.66_145.438_-2.10673
27.4037_145.008_-2.11362
27.1557_144.577_-2.05179
26.9299_144.132_-2.01737
26.7172_143.68_-1.99671
26.5117_143.224_-1.98982
26.3093_142.767_-1.98293
26.1101_142.309_-1.97605
25.9119_141.85_-1.98293
25.7127_141.391_-1.97605
25.5146_140.932_-1.98293
25.3153_140.474_-1.97605
25.1172_140.015_-1.98293
24.918_139.556_-1.97605
24.7198_139.097_-1.98293
24.5206_138.638_-1.97605
24.3224_138.179_-1.98293
24.1211_137.722_-1.98982
23.9187_137.265_-1.98293
23.7195_136.806_-1.97605
23.5213_136.347_-1.98293
23.32_135.889_-1.98982
23.1177_135.432_-1.98293
22.9184_134.974_-1.97605
22.7203_134.515_-1.98293
22.5189_134.057_-1.98982
22.3166_133.6_-1.98293
22.1174_133.141_-1.97605
21.9192_132.682_-1.98293
21.7179_132.225_-1.98982
21.5276_131.767_-1.91437
21.3649_131.295_-1.87995
21.2139_130.819_-1.87306
21.0888_130.348_-1.74383
21.0229_129.863_-1.62791
21.0048_129.366_-1.56609
21.0128_128.867_-1.53167
21.0358_128.368_-1.51101
21.0691_127.87_-1.49035
21.1104_127.371_-1.48346
21.1552_126.873_-1.47657
21.2034_126.376_-1.46968
21.2527_125.878_-1.47657
21.3009_125.381_-1.46968
21.3502_124.883_-1.47657
21.3984_124.385_-1.46968
21.4477_123.888_-1.47657
21.4959_123.39_-1.46968
21.5452_122.893_-1.47657
21.5934_122.395_-1.46968
21.6427_121.898_-1.47657
21.6909_121.4_-1.46968
21.7403_120.902_-1.47657
21.7884_120.405_-1.46968
21.8378_119.907_-1.47657
21.886_119.41_-1.46968
21.9353_118.912_-1.47657
21.9835_118.414_-1.46968
22.0328_117.917_-1.47657
22.081_117.419_-1.46968
22.1303_116.922_-1.47657
22.1785_116.424_-1.46968
22.2278_115.927_-1.47657
22.276_115.429_-1.46968
22.3253_114.931_-1.47657
22.3735_114.434_-1.46968
22.4228_113.936_-1.47657
22.471_113.439_-1.46968
22.5203_112.941_-1.47657
22.5685_112.444_-1.46968
22.6179_111.946_-1.47657
22.666_111.448_-1.46968
22.7154_110.951_-1.47657
22.7636_110.453_-1.46968
22.8129_109.956_-1.47657
22.8611_109.458_-1.46968
22.9104_108.961_-1.47657
22.9586_108.463_-1.46968
23.0079_107.965_-1.47657
23.0561_107.468_-1.46968
23.1054_106.97_-1.47657
23.1536_106.473_-1.46968
23.2029_105.975_-1.47657
23.2511_105.477_-1.46968
23.3004_104.98_-1.47657
23.3486_104.482_-1.46968
23.3979_103.985_-1.47657
23.4461_103.487_-1.46968
23.4955_102.99_-1.47657
23.5436_102.492_-1.46968
23.593_101.994_-1.47657
23.6411_101.497_-1.46968
23.6905_100.999_-1.47657
23.7387_100.502_-1.46968
23.788_100.004_-1.47657
23.8362_99.5064_-1.46968
23.8855_99.0089_-1.47657
23.9337_98.5113_-1.46968
23.983_98.0138_-1.47657
24.0312_97.5161_-1.46968
24.0805_97.0186_-1.47657
24.1287_96.521_-1.46968
24.178_96.0234_-1.47657
24.2239_95.5256_-1.48346
24.2687_95.0276_-1.47657
24.3169_94.53_-1.46968
24.3662_94.0325_-1.47657
24.4121_93.5346_-1.48346
24.4568_93.0367_-1.47657
24.505_92.539_-1.46968
24.5544_92.0415_-1.47657
24.6003_91.5436_-1.48346
24.645_91.0457_-1.47657
24.6932_90.548_-1.46968
24.7425_90.0505_-1.47657
24.7884_89.5527_-1.48346
24.8332_89.0547_-1.47657
24.8814_88.5571_-1.46968
24.9307_88.0596_-1.47657
24.9766_87.5617_-1.48346
25.0213_87.0637_-1.47657
25.0695_86.5661_-1.46968
25.1188_86.0686_-1.47657
25.1647_85.5707_-1.48346
25.2095_85.0728_-1.47657
25.2577_84.5751_-1.46968
25.307_84.0776_-1.47657
25.3529_83.5798_-1.48346
25.3977_83.0818_-1.47657
25.4458_82.5842_-1.46968
25.4952_82.0867_-1.47657
25.5411_81.5888_-1.48346
25.5858_81.0908_-1.47657
25.634_80.5932_-1.46968
25.6833_80.0957_-1.47657
25.7292_79.5978_-1.48346
25.774_79.0999_-1.47657
25.8222_78.6022_-1.46968
25.8715_78.1047_-1.47657
25.9174_77.6069_-1.48346
25.9622_77.1089_-1.47657
26.0103_76.6113_-1.46968
26.0597_76.1137_-1.47657
26.1056_75.6159_-1.48346
26.1503_75.1179_-1.47657
26.1985_74.6203_-1.46968
26.2478_74.1228_-1.47657
26.2937_73.6249_-1.48346
26.3385_73.127_-1.47657
26.3867_72.6293_-1.46968
26.436_72.1318_-1.47657
26.4819_71.634_-1.48346
26.5266_71.136_-1.47657
26.5748_70.6384_-1.46968
26.6242_70.1408_-1.47657
26.6701_69.643_-1.48346
26.7148_69.145_-1.47657
26.763_68.6474_-1.46968
26.8123_68.1499_-1.47657
26.8582_67.652_-1.48346
26.903_67.1541_-1.47657
26.9512_66.6564_-1.46968
27.0005_66.1589_-1.47657
27.0464_65.6611_-1.48346
27.0911_65.1631_-1.47657
27.1393_64.6655_-1.46968
27.1886_64.1679_-1.47657
27.2345_63.6701_-1.48346
27.2793_63.1721_-1.47657
27.3275_62.6745_-1.46968
27.3768_62.177_-1.47657
27.4227_61.6791_-1.48346
27.4675_61.1812_-1.47657
27.5156_60.6835_-1.46968
27.565_60.186_-1.47657
27.6109_59.6881_-1.48346
27.6556_59.1902_-1.47657
27.7038_58.6926_-1.46968
27.7531_58.195_-1.47657
27.799_57.6972_-1.48346
27.8438_57.1992_-1.47657
27.892_56.7016_-1.46968
27.9413_56.2041_-1.47657
27.9872_55.7062_-1.48346
28.032_55.2083_-1.47657
28.0801_54.7106_-1.46968
28.1295_54.2131_-1.47657
28.1754_53.7152_-1.48346
28.2201_53.2173_-1.47657
28.2683_52.7196_-1.46968
28.3176_52.2221_-1.47657
28.3635_51.7243_-1.48346
28.4083_51.2263_-1.47657
28.4565_50.7287_-1.46968
28.5058_50.2312_-1.47657
28.5517_49.7333_-1.48346
28.5964_49.2353_-1.47657
28.6446_48.7377_-1.46968
28.694_48.2402_-1.47657
28.7399_47.7423_-1.48346
28.7846_47.2444_-1.47657
28.8328_46.7467_-1.46968
28.8821_46.2492_-1.47657
28.928_45.7514_-1.48346
28.9728_45.2534_-1.47657
29.021_44.7558_-1.46968
29.0703_44.2583_-1.47657
29.1162_43.7604_-1.48346
29.1609_43.2624_-1.47657
29.2091_42.7648_-1.46968
29.2584_42.2673_-1.47657
29.3043_41.7694_-1.48346
29.3491_41.2715_-1.47657
29.3973_40.7738_-1.46968
29.4466_40.2763_-1.47657
29.4925_39.7785_-1.48346
29.5373_39.2805_-1.47657
29.5855_38.7829_-1.46968
29.6348_38.2853_-1.47657
29.6807_37.7875_-1.48346
29.7254_37.2895_-1.47657
29.7736_36.7919_-1.46968
29.8229_36.2944_-1.47657
29.8688_35.7965_-1.48346
29.9136_35.2986_-1.47657
29.9618_34.8009_-1.46968
30.0111_34.3034_-1.47657
30.057_33.8056_-1.48346
30.1018_33.3076_-1.47657
30.1499_32.81_-1.46968
30.1993_32.3124_-1.47657
30.2452_31.8146_-1.48346
30.2899_31.3166_-1.47657
30.3381_30.819_-1.46968
30.3874_30.3215_-1.47657
30.4333_29.8236_-1.48346
30.4847_29.3281_-1.43531
30.5578_28.8344_-1.4009
30.6435_28.3418_-1.39401
30.7369_27.8515_-1.35959
30.845_27.3637_-1.33893
30.9631_26.8782_-1.31827
31.0892_26.3944_-1.31138
31.2185_25.9114_-1.30449
31.349_25.4288_-1.31138
31.4784_24.9459_-1.30449
31.6088_24.4632_-1.31138
31.7382_23.9803_-1.30449
31.8686_23.4976_-1.31138
31.998_23.0147_-1.30449
32.1285_22.5321_-1.31138
32.2578_22.0491_-1.30449
32.3905_21.5671_-1.2976
32.5243_21.0854_-1.30449
32.6548_20.6027_-1.31138
32.7841_20.1198_-1.30449
32.9168_19.6377_-1.2976
33.0506_19.156_-1.30449
33.1811_18.6734_-1.31138
33.3104_18.1904_-1.30449
33.4431_17.7084_-1.2976
33.5769_17.2267_-1.30449
33.7074_16.744_-1.31138
33.8367_16.2611_-1.30449
33.9694_15.7791_-1.2976
34.1032_15.2973_-1.30449
34.2438_14.8206_-1.24266
34.4101_14.35_-1.20825
34.5863_13.8821_-1.21514
