configuration 133.385482788_115.927223206_-0.986328190641_0.164792901387_34.5528411865_13.6445770264_-0.541385985877_0.840774175564
length 182.817
time 7.57215
roughness 1.92371e-05
133.385_115.927_-2.8105
132.914_115.762_-2.78983
132.446_115.586_-2.76917
131.981_115.403_-2.76228
131.517_115.217_-2.75539
131.054_115.028_-2.74851
130.592_114.837_-2.75539
130.129_114.648_-2.74851
129.667_114.457_-2.75539
129.204_114.268_-2.74851
128.742_114.077_-2.75539
128.279_113.888_-2.74851
127.817_113.698_-2.75539
127.354_113.508_-2.74851
126.892_113.318_-2.75539
126.429_113.128_-2.74851
125.967_112.938_-2.75539
125.504_112.749_-2.74851
125.042_112.558_-2.75539
124.579_112.369_-2.74851
124.117_112.178_-2.75539
123.654_111.989_-2.74851
123.192_111.799_-2.75539
122.729_111.609_-2.74851
122.267_111.419_-2.75539
121.804_111.229_-2.74851
121.342_111.039_-2.75539
120.879_110.849_-2.74851
120.417_110.659_-2.75539
119.955_110.47_-2.74851
119.492_110.279_-2.75539
119.03_110.09_-2.74851
118.567_109.899_-2.75539
118.105_109.71_-2.74851
117.642_109.52_-2.75539
117.18_109.33_-2.74851
116.717_109.14_-2.75539
116.255_108.95_-2.74851
115.792_108.76_-2.75539
115.33_108.57_-2.74851
114.867_108.38_-2.75539
114.405_108.191_-2.74851
113.942_108_-2.75539
113.48_107.811_-2.74851
113.017_107.62_-2.75539
112.555_107.431_-2.74851
112.092_107.241_-2.75539
111.63_107.051_-2.74851
111.167_106.861_-2.75539
110.705_106.671_-2.74851
110.242_106.481_-2.75539
109.78_106.292_-2.74851
109.317_106.101_-2.75539
108.855_105.912_-2.74851
108.393_105.721_-2.75539
107.93_105.532_-2.74851
107.468_105.341_-2.75539
107.005_105.152_-2.74851
106.543_104.962_-2.75539
106.08_104.772_-2.74851
105.618_104.582_-2.75539
105.155_104.392_-2.74851
104.693_104.202_-2.75539
104.23_104.013_-2.74851
103.768_103.822_-2.75539
103.305_103.633_-2.74851
102.843_103.442_-2.75539
102.38_103.253_-2.74851
101.918_103.062_-2.75539
101.455_102.873_-2.74851
100.993_102.683_-2.75539
100.53_102.493_-2.74851
100.068_102.303_-2.75539
99.605_102.113_-2.74851
99.1428_101.923_-2.75539
98.68_101.734_-2.74851
98.2178_101.543_-2.75539
97.7551_101.354_-2.74851
97.2928_101.163_-2.75539
96.8301_100.974_-2.74851
96.3678_100.783_-2.75539
95.9051_100.594_-2.74851
95.4428_100.404_-2.75539
94.9801_100.214_-2.74851
94.5179_100.024_-2.75539
94.0552_99.8344_-2.74851
93.5929_99.644_-2.75539
93.1302_99.4546_-2.74851
92.6679_99.2641_-2.75539
92.2052_99.0747_-2.74851
91.7429_98.8843_-2.75539
91.2802_98.6949_-2.74851
90.818_98.5045_-2.75539
90.3553_98.3151_-2.74851
89.893_98.1246_-2.75539
89.4303_97.9353_-2.74851
88.968_97.7448_-2.75539
88.5053_97.5554_-2.74851
88.043_97.365_-2.75539
87.5803_97.1756_-2.74851
87.1181_96.9851_-2.75539
86.6554_96.7958_-2.74851
86.1931_96.6053_-2.75539
85.7304_96.4159_-2.74851
85.2681_96.2255_-2.75539
84.8054_96.0361_-2.74851
84.3431_95.8457_-2.75539
83.8804_95.6563_-2.74851
83.4182_95.4658_-2.75539
82.9554_95.2764_-2.74851
82.4932_95.086_-2.75539
82.0305_94.8966_-2.74851
81.5682_94.7062_-2.75539
81.1055_94.5168_-2.74851
80.6432_94.3263_-2.75539
80.1805_94.137_-2.74851
79.7182_93.9465_-2.75539
79.2555_93.7571_-2.74851
78.7933_93.5667_-2.75539
78.3306_93.3773_-2.74851
77.8683_93.1868_-2.75539
77.4056_92.9975_-2.74851
76.9442_92.8049_-2.74162
76.4833_92.6113_-2.74851
76.021_92.4208_-2.75539
75.5583_92.2314_-2.74851
75.0969_92.0389_-2.74162
74.6395_91.8393_-2.7072
74.1876_91.6259_-2.68654
73.7381_91.4072_-2.69343
73.3086_91.1778_-2.5642
72.9123_90.895_-2.43497
72.5557_90.5634_-2.30575
72.2448_90.1887_-2.17652
71.9848_89.7771_-2.0473
71.78_89.3353_-1.91807
71.6338_88.8709_-1.78884
71.5488_88.3915_-1.65962
71.5262_87.9051_-1.53039
71.5664_87.4199_-1.40117
71.6689_86.9439_-1.27194
71.8318_86.4851_-1.14271
72.0519_86.0479_-1.02679
72.3189_85.6304_-0.951335
72.6146_85.2294_-0.903193
72.9281_84.8411_-0.868776
73.2533_84.4618_-0.848114
73.5849_84.0875_-0.841225
73.919_83.7156_-0.834336
74.2556_83.346_-0.827446
74.5932_82.9771_-0.834336
74.9298_82.6075_-0.827446
75.2673_82.2387_-0.834336
75.5881_81.8632_-0.923361
75.8822_81.461_-0.971503
76.1632_81.0476_-0.978392
76.4209_80.6313_-1.09431
76.6397_80.1851_-1.15614
76.8355_79.726_-1.19056
77.0178_79.2608_-1.21122
77.1926_78.7924_-1.21811
77.3643_78.3228_-1.225
77.5326_77.852_-1.23189
77.6978_77.3801_-1.23878
77.8597_76.9071_-1.24566
78.0204_76.4337_-1.23878
78.1823_75.9607_-1.24566
78.3431_75.4873_-1.23878
78.505_75.0142_-1.24566
78.6658_74.5408_-1.23878
78.8277_74.0678_-1.24566
78.9885_73.5944_-1.23878
79.1503_73.1214_-1.24566
79.3111_72.648_-1.23878
79.473_72.1749_-1.24566
79.6338_71.7015_-1.23878
79.7957_71.2285_-1.24566
79.9565_70.7551_-1.23878
80.1184_70.2821_-1.24566
80.2792_69.8087_-1.23878
80.441_69.3356_-1.24566
80.6018_68.8622_-1.23878
80.7637_68.3892_-1.24566
80.9245_67.9158_-1.23878
81.0864_67.4428_-1.24566
81.2472_66.9694_-1.23878
81.4112_66.4971_-1.23189
81.5764_66.0252_-1.23878
81.7382_65.5522_-1.24566
81.899_65.0788_-1.23878
82.0631_64.6065_-1.23189
82.2282_64.1346_-1.23878
82.3901_63.6615_-1.24566
82.5509_63.1881_-1.23878
82.7149_62.7159_-1.23189
82.8801_62.244_-1.23878
83.0419_61.7709_-1.24566
83.2027_61.2975_-1.23878
83.3668_60.8252_-1.23189
83.5319_60.3533_-1.23878
83.6938_59.8803_-1.24566
83.8546_59.4069_-1.23878
84.0186_58.9346_-1.23189
84.1838_58.4627_-1.23878
84.3457_57.9897_-1.24566
84.5065_57.5163_-1.23878
84.6705_57.044_-1.23189
84.8356_56.5721_-1.23878
84.9975_56.0991_-1.24566
85.1583_55.6257_-1.23878
85.3224_55.1534_-1.23189
85.4875_54.6815_-1.23878
85.6494_54.2084_-1.24566
85.8102_53.735_-1.23878
85.9742_53.2628_-1.23189
86.1394_52.7909_-1.23878
86.3012_52.3178_-1.24566
86.4477_51.8444_-1.32112
86.5631_51.3597_-1.36926
86.662_50.8697_-1.37615
86.7359_50.3884_-1.50538
86.7471_49.9016_-1.63461
86.6955_49.4175_-1.76383
86.5819_48.944_-1.89306
86.4083_48.4892_-2.02228
86.1775_48.0604_-2.15151
85.8933_47.6651_-2.28074
85.5606_47.3096_-2.40996
85.1849_46.9999_-2.53919
84.7699_46.7322_-2.62821
84.3321_46.4945_-2.67636
83.884_46.2734_-2.69702
83.4321_46.0595_-2.70391
82.9788_45.8486_-2.7108
82.524_45.6409_-2.71769
82.0679_45.4363_-2.72458
81.6103_45.2348_-2.73146
81.1522_45.0344_-2.72458
80.6946_44.8329_-2.73146
80.2366_44.6325_-2.72458
79.779_44.4311_-2.73146
79.321_44.2307_-2.72458
78.8634_44.0292_-2.73146
78.4054_43.8288_-2.72458
77.9478_43.6274_-2.73146
77.4897_43.427_-2.72458
77.0322_43.2255_-2.73146
76.5741_43.0251_-2.72458
76.1165_42.8237_-2.73146
75.6585_42.6233_-2.72458
75.2009_42.4218_-2.73146
74.7429_42.2214_-2.72458
74.2853_42.02_-2.73146
73.8272_41.8196_-2.72458
73.3697_41.6181_-2.73146
72.9116_41.4177_-2.72458
72.454_41.2163_-2.73146
71.996_41.0159_-2.72458
71.5384_40.8144_-2.73146
71.0804_40.614_-2.72458
70.6228_40.4126_-2.73146
70.1648_40.2121_-2.72458
69.7072_40.0107_-2.73146
69.2491_39.8103_-2.72458
68.7915_39.6088_-2.73146
68.3335_39.4084_-2.72458
67.8759_39.207_-2.73146
67.4179_39.0066_-2.72458
66.9603_38.8051_-2.73146
66.5023_38.6047_-2.72458
66.0447_38.4033_-2.73146
65.5866_38.2029_-2.72458
65.1291_38.0014_-2.73146
64.671_37.801_-2.72458
64.2134_37.5996_-2.73146
63.7554_37.3992_-2.72458
63.2978_37.1977_-2.73146
62.8398_36.9973_-2.72458
62.3822_36.7959_-2.73146
61.9241_36.5955_-2.72458
61.4666_36.394_-2.73146
61.0085_36.1936_-2.72458
60.5509_35.9922_-2.73146
60.0929_35.7918_-2.72458
59.6353_35.5903_-2.73146
59.1773_35.3899_-2.72458
58.7197_35.1884_-2.73146
58.2617_34.988_-2.72458
57.8041_34.7866_-2.73146
57.346_34.5862_-2.72458
56.8885_34.3847_-2.73146
56.4304_34.1843_-2.72458
55.9728_33.9829_-2.73146
55.5148_33.7825_-2.72458
55.0572_33.581_-2.73146
54.5992_33.3806_-2.72458
54.1416_33.1792_-2.73146
53.6835_32.9788_-2.72458
53.226_32.7773_-2.73146
52.7679_32.5769_-2.72458
52.3103_32.3755_-2.73146
51.8523_32.1751_-2.72458
51.3947_31.9736_-2.73146
50.9367_31.7732_-2.72458
50.4791_31.5718_-2.73146
50.021_31.3714_-2.72458
49.5635_31.1699_-2.73146
49.1054_30.9695_-2.72458
48.6478_30.7681_-2.73146
48.1898_30.5677_-2.72458
47.7322_30.3662_-2.73146
47.2742_30.1658_-2.72458
46.8166_29.9643_-2.73146
46.3586_29.7639_-2.72458
45.901_29.5625_-2.73146
45.4429_29.3621_-2.72458
44.9854_29.1606_-2.73146
44.5273_28.9602_-2.72458
44.0697_28.7588_-2.73146
43.6117_28.5584_-2.72458
43.1541_28.3569_-2.73146
42.6961_28.1565_-2.72458
42.2385_27.9551_-2.73146
41.7804_27.7547_-2.72458
41.3229_27.5532_-2.73146
40.8648_27.3528_-2.72458
40.4072_27.1514_-2.73146
39.9492_26.951_-2.72458
39.4916_26.7495_-2.73146
39.0336_26.5491_-2.72458
38.576_26.3477_-2.73146
38.1179_26.1473_-2.72458
37.6604_25.9458_-2.73146
37.2023_25.7454_-2.72458
36.7447_25.544_-2.73146
36.2867_25.3436_-2.72458
35.8291_25.1421_-2.73146
35.3711_24.9417_-2.72458
34.9135_24.7402_-2.73146
34.4555_24.5398_-2.72458
33.9979_24.3384_-2.73146
33.5398_24.138_-2.72458
33.1034_23.9221_-2.59535
32.6985_23.6518_-2.46612
32.3196_23.3323_-2.39066
31.9781_22.9853_-2.26144
31.6841_22.5972_-2.13221
31.4426_22.1744_-2.00299
31.2575_21.7241_-1.87376
31.1321_21.2536_-1.74453
31.0683_20.7709_-1.61531
31.0673_20.284_-1.48608
31.129_19.8011_-1.35686
31.2525_19.3301_-1.22763
31.4322_18.8701_-1.1386
31.6481_18.4211_-1.09046
31.8838_17.9812_-1.05605
32.1328_17.548_-1.03538
32.3889_17.1186_-1.02849
32.6479_16.6909_-1.02161
32.9098_16.2651_-1.01472
33.1747_15.8411_-1.00783
33.4406_15.4176_-1.01472
33.7055_14.9936_-1.00783
33.9646_14.5681_-1.05597
34.2076_14.1315_-1.07663
34.4476_13.6933_-1.05597
