configuration 176.556686401_134.7056427_-0.977472527886_0.211062685542_59.5791053772_36.8438796997_0.982426073578_-0.18665210943
length 182.396
time 5.74184
roughness 1.10336e-05
176.557_134.706_-2.71627
176.102_134.498_-2.70938
175.648_134.288_-2.70249
175.195_134.076_-2.70938
174.742_133.866_-2.70249
174.289_133.654_-2.70938
173.835_133.444_-2.70249
173.382_133.232_-2.70938
172.929_133.022_-2.70249
172.476_132.81_-2.70938
172.022_132.6_-2.70249
171.569_132.388_-2.70938
171.116_132.178_-2.70249
170.663_131.966_-2.70938
170.209_131.756_-2.70249
169.756_131.544_-2.70938
169.303_131.334_-2.70249
168.85_131.122_-2.70938
168.396_130.912_-2.70249
167.943_130.701_-2.70938
167.49_130.49_-2.70249
167.036_130.279_-2.70938
166.583_130.068_-2.70249
166.13_129.857_-2.70938
165.676_129.646_-2.70249
165.223_129.435_-2.70938
164.77_129.224_-2.70249
164.317_129.013_-2.70938
163.863_128.802_-2.70249
163.41_128.591_-2.70938
162.957_128.38_-2.70249
162.504_128.169_-2.70938
162.05_127.958_-2.70249
161.597_127.747_-2.70938
161.144_127.536_-2.70249
160.691_127.325_-2.70938
160.237_127.114_-2.70249
159.784_126.903_-2.70938
159.331_126.692_-2.70249
158.878_126.481_-2.70938
158.424_126.27_-2.70249
157.971_126.059_-2.70938
157.518_125.848_-2.70249
157.065_125.637_-2.70938
156.611_125.426_-2.70249
156.158_125.215_-2.70938
155.705_125.004_-2.70249
155.252_124.793_-2.70938
154.798_124.582_-2.70249
154.345_124.371_-2.70938
153.892_124.16_-2.70249
153.439_123.949_-2.70938
152.985_123.738_-2.70249
152.532_123.527_-2.70938
152.079_123.316_-2.70249
151.626_123.105_-2.70938
151.172_122.894_-2.70249
150.72_122.681_-2.6956
150.268_122.466_-2.70249
149.815_122.255_-2.70938
149.362_122.044_-2.70249
148.91_121.831_-2.6956
148.458_121.616_-2.70249
148.005_121.405_-2.70938
147.552_121.194_-2.70249
147.1_120.981_-2.6956
146.648_120.766_-2.70249
146.195_120.554_-2.70938
145.742_120.344_-2.70249
145.29_120.13_-2.6956
144.838_119.916_-2.70249
144.385_119.704_-2.70938
143.932_119.494_-2.70249
143.48_119.28_-2.6956
143.028_119.066_-2.70249
142.575_118.854_-2.70938
142.121_118.644_-2.70249
141.669_118.43_-2.6956
141.218_118.215_-2.70249
140.765_118.004_-2.70938
140.311_117.793_-2.70249
139.859_117.58_-2.6956
139.408_117.365_-2.70249
138.955_117.154_-2.70938
138.501_116.943_-2.70249
138.049_116.73_-2.6956
137.598_116.515_-2.70249
137.145_116.303_-2.70938
136.691_116.093_-2.70249
136.239_115.879_-2.6956
135.787_115.665_-2.70249
135.334_115.453_-2.70938
134.881_115.243_-2.70249
134.429_115.029_-2.6956
133.977_114.815_-2.70249
133.524_114.603_-2.70938
133.071_114.393_-2.70249
132.619_114.179_-2.6956
132.167_113.964_-2.70249
131.714_113.753_-2.70938
131.261_113.542_-2.70249
130.809_113.329_-2.6956
130.357_113.114_-2.70249
129.904_112.903_-2.70938
129.451_112.692_-2.70249
128.999_112.479_-2.6956
128.547_112.264_-2.70249
128.094_112.053_-2.70938
127.64_111.842_-2.70249
127.188_111.628_-2.6956
126.737_111.414_-2.70249
126.284_111.202_-2.70938
125.83_110.992_-2.70249
125.378_110.778_-2.6956
124.927_110.564_-2.70249
124.474_110.352_-2.70938
124.02_110.142_-2.70249
123.568_109.928_-2.6956
123.117_109.713_-2.70249
122.664_109.502_-2.70938
122.21_109.292_-2.70249
121.758_109.078_-2.6956
121.306_108.863_-2.70249
120.853_108.652_-2.70938
120.4_108.441_-2.70249
119.948_108.228_-2.6956
119.496_108.013_-2.70249
119.043_107.802_-2.70938
118.59_107.591_-2.70249
118.138_107.378_-2.6956
117.686_107.163_-2.70249
117.233_106.951_-2.70938
116.78_106.741_-2.70249
116.328_106.527_-2.6956
115.876_106.313_-2.70249
115.423_106.101_-2.70938
114.97_105.891_-2.70249
114.518_105.677_-2.6956
114.066_105.463_-2.70249
113.613_105.251_-2.70938
113.159_105.041_-2.70249
112.707_104.827_-2.6956
112.256_104.612_-2.70249
111.824_104.387_-2.57326
111.425_104.108_-2.44404
111.066_103.779_-2.31481
110.752_103.408_-2.18559
110.488_102.998_-2.05636
110.279_102.558_-1.92713
110.129_102.095_-1.79791
110.039_101.617_-1.66868
110.012_101.131_-1.53946
110.046_100.642_-1.42353
110.131_100.154_-1.34808
110.247_99.6685_-1.31366
110.377_99.1862_-1.293
110.518_98.7066_-1.27234
110.666_98.2291_-1.26545
110.817_97.7526_-1.25856
110.972_97.2772_-1.25167
111.128_96.8021_-1.25856
111.28_96.3259_-1.26545
111.432_95.8495_-1.25856
111.586_95.374_-1.25167
111.742_94.8989_-1.25856
111.895_94.4228_-1.26545
112.046_93.9463_-1.25856
112.201_93.4709_-1.25167
112.356_92.9958_-1.25856
112.509_92.5197_-1.26545
112.66_92.0432_-1.25856
112.815_91.5677_-1.25167
112.971_91.0926_-1.25856
113.123_90.6165_-1.26545
113.275_90.14_-1.25856
113.429_89.6646_-1.25167
113.585_89.1895_-1.25856
113.738_88.7134_-1.26545
113.889_88.2369_-1.25856
114.044_87.7614_-1.25167
114.199_87.2864_-1.25856
114.352_86.8102_-1.26545
114.503_86.3337_-1.25856
114.658_85.8583_-1.25167
114.814_85.3832_-1.25856
114.966_84.9071_-1.26545
115.118_84.4306_-1.25856
115.272_83.9551_-1.25167
115.428_83.4801_-1.25856
115.581_83.0039_-1.26545
115.732_82.5274_-1.25856
115.887_82.052_-1.25167
116.042_81.5769_-1.25856
116.195_81.1008_-1.26545
116.346_80.6243_-1.25856
116.501_80.1489_-1.25167
116.657_79.6738_-1.25856
116.809_79.1976_-1.26545
116.961_78.7212_-1.25856
117.115_78.2457_-1.25167
117.271_77.7706_-1.25856
117.424_77.2945_-1.26545
117.575_76.818_-1.25856
117.73_76.3426_-1.25167
117.885_75.8675_-1.25856
118.038_75.3914_-1.26545
118.189_74.9149_-1.25856
118.344_74.4394_-1.25167
118.5_73.9643_-1.25856
118.652_73.4882_-1.26545
118.804_73.0117_-1.25856
118.958_72.5363_-1.25167
119.114_72.0612_-1.25856
119.267_71.5851_-1.26545
119.418_71.1086_-1.25856
119.573_70.6331_-1.25167
119.728_70.1581_-1.25856
119.881_69.6819_-1.26545
120.032_69.2054_-1.25856
120.187_68.73_-1.25167
120.343_68.2549_-1.25856
120.495_67.7788_-1.26545
120.647_67.3023_-1.25856
120.803_66.8278_-1.2379
120.968_66.3557_-1.23101
121.131_65.8835_-1.25167
121.264_65.4151_-1.38089
121.336_64.9335_-1.51012
121.345_64.4467_-1.63935
121.291_63.9628_-1.76857
121.175_63.4899_-1.8978
120.999_63.0358_-2.02703
120.766_62.6082_-2.15625
120.48_62.2142_-2.28548
120.146_61.8603_-2.4147
119.769_61.5524_-2.54393
119.352_61.2867_-2.63296
118.913_61.0511_-2.6811
118.464_60.8344_-2.71551
118.007_60.631_-2.73618
117.548_60.4349_-2.74306
117.086_60.242_-2.74995
116.624_60.0522_-2.75684
116.161_59.8635_-2.74995
115.698_59.6737_-2.75684
115.235_59.485_-2.74995
114.773_59.2952_-2.75684
114.31_59.1065_-2.74995
113.847_58.9167_-2.75684
113.384_58.728_-2.74995
112.922_58.5382_-2.75684
112.459_58.3495_-2.74995
111.996_58.1597_-2.75684
111.533_57.971_-2.74995
111.071_57.7812_-2.75684
110.608_57.5925_-2.74995
110.145_57.4028_-2.75684
109.682_57.214_-2.74995
109.22_57.0243_-2.75684
108.757_56.8355_-2.74995
108.294_56.6458_-2.75684
107.831_56.4571_-2.74995
107.369_56.2673_-2.75684
106.906_56.0786_-2.74995
106.443_55.8888_-2.75684
105.98_55.7001_-2.74995
105.517_55.5103_-2.75684
105.054_55.3216_-2.74995
104.592_55.1318_-2.75684
104.129_54.9431_-2.74995
103.666_54.7533_-2.75684
103.203_54.5646_-2.74995
102.741_54.3748_-2.75684
102.278_54.1861_-2.74995
101.815_53.9963_-2.75684
101.352_53.8076_-2.74995
100.89_53.6179_-2.75684
100.427_53.4291_-2.74995
99.9643_53.2394_-2.75684
99.5013_53.0507_-2.74995
99.0388_52.8609_-2.75684
98.5758_52.6722_-2.74995
98.1133_52.4824_-2.75684
97.6503_52.2937_-2.74995
97.1877_52.1039_-2.75684
96.7248_51.9152_-2.74995
96.2622_51.7254_-2.75684
95.7992_51.5367_-2.74995
95.3367_51.3469_-2.75684
94.8737_51.1582_-2.74995
94.4112_50.9684_-2.75684
93.9482_50.7797_-2.74995
93.4856_50.5899_-2.75684
93.0227_50.4012_-2.74995
92.5601_50.2114_-2.75684
92.0971_50.0227_-2.74995
91.6346_49.833_-2.75684
91.1716_49.6442_-2.74995
90.7091_49.4545_-2.75684
90.2461_49.2658_-2.74995
89.7835_49.076_-2.75684
89.3206_48.8873_-2.74995
88.858_48.6975_-2.75684
88.3942_48.5109_-2.76373
87.9299_48.3254_-2.75684
87.4669_48.1367_-2.74995
87.0044_47.9469_-2.75684
86.5405_47.7603_-2.76373
86.0763_47.5748_-2.75684
85.6133_47.3861_-2.74995
85.1507_47.1963_-2.75684
84.6869_47.0097_-2.76373
84.2226_46.8242_-2.75684
83.7596_46.6355_-2.74995
83.2971_46.4457_-2.75684
82.8333_46.2591_-2.76373
82.369_46.0736_-2.75684
81.906_45.8849_-2.74995
81.4435_45.6951_-2.75684
80.9796_45.5085_-2.76373
80.5154_45.323_-2.75684
80.0524_45.1343_-2.74995
79.5898_44.9445_-2.75684
79.126_44.7579_-2.76373
78.6617_44.5724_-2.75684
78.1987_44.3837_-2.74995
77.7362_44.1939_-2.75684
77.2724_44.0073_-2.76373
76.8081_43.8218_-2.75684
76.3451_43.6331_-2.74995
75.8826_43.4433_-2.75684
75.4187_43.2567_-2.76373
74.9544_43.0712_-2.75684
74.4915_42.8825_-2.74995
74.0289_42.6927_-2.75684
73.5651_42.5062_-2.76373
73.1008_42.3206_-2.75684
72.6378_42.1319_-2.74995
72.1753_41.9421_-2.75684
71.7114_41.7556_-2.76373
71.2472_41.57_-2.75684
70.7842_41.3813_-2.74995
70.3216_41.1916_-2.75684
69.8578_41.005_-2.76373
69.3935_40.8194_-2.75684
68.9306_40.6307_-2.74995
68.468_40.441_-2.75684
68.0042_40.2544_-2.76373
67.5399_40.0689_-2.75684
67.0769_39.8801_-2.74995
66.6144_39.6904_-2.75684
66.1505_39.5038_-2.76373
65.6863_39.3183_-2.75684
65.2233_39.1295_-2.74995
64.7607_38.9398_-2.75684
64.2969_38.7532_-2.76373
63.8326_38.5677_-2.75684
63.3696_38.379_-2.74995
62.9071_38.1892_-2.75684
62.4433_38.0026_-2.76373
61.979_37.8171_-2.75684
61.516_37.6284_-2.74995
61.0535_37.4386_-2.75684
60.5896_37.252_-2.76373
60.1245_37.0686_-2.77062
59.659_36.8863_-2.76373
