configuration 46.843963623_148.978851318_-0.536406748472_0.843959596304_156.577575684_33.1800613403_0.186652677497_0.98242596565
length 197.34
time 29.9207
roughness 1.44676e-05
46.844_148.979_-1.13235
47.0552_148.526_-1.13924
47.2633_148.071_-1.14613
47.4682_147.615_-1.15302
47.6721_147.159_-1.14613
47.8771_146.703_-1.15302
48.081_146.246_-1.14613
48.2859_145.79_-1.15302
48.4898_145.334_-1.14613
48.6948_144.878_-1.15302
48.8987_144.421_-1.14613
49.1036_143.965_-1.15302
49.3075_143.508_-1.14613
49.5125_143.052_-1.15302
49.7164_142.596_-1.14613
49.9213_142.14_-1.15302
50.1252_141.683_-1.14613
50.3302_141.227_-1.15302
50.5341_140.771_-1.14613
50.739_140.315_-1.15302
50.9429_139.858_-1.14613
51.1479_139.402_-1.15302
51.3518_138.946_-1.14613
51.5567_138.49_-1.15302
51.7606_138.033_-1.14613
51.9656_137.577_-1.15302
52.1695_137.121_-1.14613
52.3744_136.665_-1.15302
52.5762_136.207_-1.1599
52.777_135.749_-1.15302
52.9809_135.293_-1.14613
53.1858_134.837_-1.15302
53.3876_134.38_-1.1599
53.5884_133.922_-1.15302
53.7923_133.465_-1.14613
53.9972_133.009_-1.15302
54.199_132.552_-1.1599
54.3998_132.094_-1.15302
54.6037_131.637_-1.14613
54.8086_131.181_-1.15302
55.0104_130.724_-1.1599
55.2112_130.266_-1.15302
55.4151_129.809_-1.14613
55.62_129.353_-1.15302
55.8218_128.896_-1.1599
56.0226_128.438_-1.15302
56.2265_127.982_-1.14613
56.4314_127.526_-1.15302
56.6332_127.068_-1.1599
56.834_126.61_-1.15302
57.0379_126.154_-1.14613
57.2428_125.698_-1.15302
57.4446_125.24_-1.1599
57.6454_124.782_-1.15302
57.8493_124.326_-1.14613
58.0542_123.87_-1.15302
58.256_123.413_-1.1599
58.4568_122.955_-1.15302
58.6607_122.498_-1.14613
58.8656_122.042_-1.15302
59.0674_121.585_-1.1599
59.2682_121.127_-1.15302
59.4721_120.67_-1.14613
59.677_120.214_-1.15302
59.8788_119.757_-1.1599
60.0796_119.299_-1.15302
60.2835_118.842_-1.14613
60.4884_118.386_-1.15302
60.6902_117.929_-1.1599
60.891_117.471_-1.15302
61.0949_117.015_-1.14613
61.2998_116.559_-1.15302
61.5016_116.101_-1.1599
61.7024_115.643_-1.15302
61.9063_115.187_-1.14613
62.1112_114.731_-1.15302
62.313_114.273_-1.1599
62.5138_113.815_-1.15302
62.7177_113.359_-1.14613
62.9226_112.903_-1.15302
63.1244_112.446_-1.1599
63.3252_111.988_-1.15302
63.5291_111.531_-1.14613
63.734_111.075_-1.15302
63.9358_110.618_-1.1599
64.1366_110.16_-1.15302
64.3405_109.703_-1.14613
64.5454_109.247_-1.15302
64.7472_108.79_-1.1599
64.948_108.332_-1.15302
65.1519_107.875_-1.14613
65.3568_107.419_-1.15302
65.5586_106.962_-1.1599
65.7594_106.504_-1.15302
65.9633_106.048_-1.14613
66.1682_105.592_-1.15302
66.37_105.134_-1.1599
66.5708_104.676_-1.15302
66.7747_104.22_-1.14613
66.9796_103.764_-1.15302
67.1814_103.306_-1.1599
67.3822_102.848_-1.15302
67.5861_102.392_-1.14613
67.791_101.936_-1.15302
67.9928_101.478_-1.1599
68.1936_101.021_-1.15302
68.3975_100.564_-1.14613
68.6024_100.108_-1.15302
68.8042_99.6507_-1.1599
69.005_99.1928_-1.15302
69.2089_98.7363_-1.14613
69.4138_98.2802_-1.15302
69.6157_97.8228_-1.1599
69.8164_97.3649_-1.15302
70.0203_96.9084_-1.14613
70.2253_96.4524_-1.15302
70.4271_95.995_-1.1599
70.6278_95.5371_-1.15302
70.8317_95.0806_-1.14613
71.0367_94.6246_-1.15302
71.2385_94.1671_-1.1599
71.4392_93.7093_-1.15302
71.6431_93.2528_-1.14613
71.8481_92.7967_-1.15302
72.0453_92.3383_-1.18743
72.229_91.8736_-1.20809
72.4053_91.4058_-1.21498
72.5826_90.9386_-1.19432
72.7675_90.4741_-1.18743
72.9556_90.0108_-1.18054
73.1468_89.5489_-1.17365
73.3413_89.0883_-1.16676
73.5389_88.629_-1.15987
73.7375_88.1702_-1.16676
73.9351_87.711_-1.15987
74.1338_87.2522_-1.16676
74.3314_86.7929_-1.15987
74.53_86.3341_-1.16676
74.7277_85.8749_-1.15987
74.9263_85.4161_-1.16676
75.1239_84.9568_-1.15987
75.3226_84.498_-1.16676
75.5202_84.0388_-1.15987
75.7188_83.58_-1.16676
75.9164_83.1207_-1.15987
76.1151_82.6619_-1.16676
76.3127_82.2026_-1.15987
76.5114_81.7438_-1.16676
76.709_81.2846_-1.15987
76.9076_80.8258_-1.16676
77.1052_80.3665_-1.15987
77.3039_79.9077_-1.16676
77.5015_79.4485_-1.15987
77.7002_78.9897_-1.16676
77.8978_78.5304_-1.15987
78.0964_78.0716_-1.16676
78.2919_77.6115_-1.17365
78.4864_77.1509_-1.16676
78.684_76.6916_-1.15987
78.8826_76.2328_-1.16676
79.0781_75.7726_-1.17365
79.2726_75.312_-1.16676
79.4702_74.8528_-1.15987
79.6688_74.394_-1.16676
79.8643_73.9338_-1.17365
80.0588_73.4732_-1.16676
80.2564_73.014_-1.15987
80.455_72.5552_-1.16676
80.6505_72.095_-1.17365
80.8449_71.6344_-1.16676
81.0426_71.1751_-1.15987
81.2412_70.7163_-1.16676
81.4367_70.2562_-1.17365
81.6311_69.7956_-1.16676
81.8287_69.3363_-1.15987
82.0274_68.8775_-1.16676
82.2229_68.4174_-1.17365
82.4173_67.9568_-1.16676
82.6149_67.4975_-1.15987
82.8136_67.0387_-1.16676
83.0091_66.5785_-1.17365
83.2035_66.1179_-1.16676
83.4011_65.6587_-1.15987
83.5998_65.1999_-1.16676
83.7953_64.7397_-1.17365
83.9897_64.2791_-1.16676
84.1873_63.8199_-1.15987
84.386_63.3611_-1.16676
84.5815_62.9009_-1.17365
84.7759_62.4403_-1.16676
84.9735_61.981_-1.15987
85.1722_61.5222_-1.16676
85.3677_61.0621_-1.17365
85.5621_60.6015_-1.16676
85.7597_60.1422_-1.15987
85.9584_59.6834_-1.16676
86.1539_59.2233_-1.17365
86.3483_58.7627_-1.16676
86.5459_58.3034_-1.15987
86.7446_57.8446_-1.16676
86.9401_57.3845_-1.17365
87.1345_56.9238_-1.16676
87.3321_56.4646_-1.15987
87.5308_56.0058_-1.16676
87.7263_55.5456_-1.17365
87.9207_55.085_-1.16676
88.1183_54.6258_-1.15987
88.3262_54.1743_-1.09805
88.5585_53.7326_-1.06363
88.8023_53.2961_-1.05674
89.0595_52.8827_-0.927516
89.3678_52.5058_-0.79829
89.7221_52.1718_-0.669064
90.1165_51.8863_-0.539838
90.5443_51.654_-0.410612
90.9986_51.4787_-0.281386
91.4716_51.3634_-0.15216
91.9556_51.3101_-0.0229335
92.4424_51.3196_0.106293
92.9268_51.39_0.222213
93.4073_51.5113_0.297672
93.8827_51.6631_0.332088
94.354_51.8293_0.35275
94.8217_52.0051_0.373412
95.2868_52.1886_0.380301
95.7506_52.3753_0.38719
96.214_52.563_0.380301
96.6778_52.7496_0.38719
97.1412_52.9373_0.380301
97.605_53.124_0.38719
98.0684_53.3117_0.380301
98.5322_53.4984_0.38719
98.9956_53.6861_0.380301
99.4594_53.8727_0.38719
99.9228_54.0604_0.380301
100.387_54.2471_0.38719
100.85_54.4348_0.380301
101.314_54.6215_0.38719
101.777_54.8092_0.380301
102.241_54.9958_0.38719
102.704_55.1835_0.380301
103.168_55.3702_0.38719
103.632_55.5579_0.380301
104.095_55.7446_0.38719
104.559_55.9323_0.380301
105.023_56.1189_0.38719
105.486_56.3067_0.380301
105.95_56.4933_0.38719
106.413_56.681_0.380301
106.877_56.8677_0.38719
107.34_57.0554_0.380301
107.804_57.242_0.38719
108.268_57.4298_0.380301
108.731_57.6164_0.38719
109.195_57.8041_0.380301
109.659_57.9908_0.38719
110.122_58.1785_0.380301
110.586_58.3651_0.38719
111.049_58.5529_0.380301
111.513_58.7395_0.38719
111.976_58.9272_0.380301
112.44_59.1139_0.38719
112.903_59.3037_0.394079
113.365_59.4946_0.38719
113.828_59.6824_0.380301
114.292_59.869_0.38719
114.754_60.0588_0.394079
115.217_60.2497_0.38719
115.68_60.4375_0.380301
116.144_60.6241_0.38719
116.606_60.814_0.394079
117.068_61.0049_0.38719
117.532_61.1926_0.380301
117.996_61.3792_0.38719
118.458_61.5691_0.394079
118.92_61.76_0.38719
119.384_61.9477_0.380301
119.847_62.1343_0.38719
120.31_62.3242_0.394079
120.772_62.5151_0.38719
121.23_62.6797_0.257964
121.706_62.7838_0.128738
122.2_62.8375_0.0669114
122.687_62.8494_-0.0623148
123.171_62.7985_-0.191541
123.645_62.6857_-0.320767
124.1_62.5127_-0.449993
124.529_62.2826_-0.579219
124.925_61.999_-0.708445
125.281_61.6668_-0.837671
125.594_61.2909_-0.953592
125.873_60.8797_-1.01542
126.132_60.4527_-1.04984
126.377_60.0176_-1.0705
126.616_59.5783_-1.07739
126.852_59.1375_-1.08428
127.085_58.695_-1.09116
127.316_58.252_-1.08428
127.549_57.8095_-1.09116
127.781_57.3665_-1.08428
128.014_56.924_-1.09116
128.245_56.481_-1.08428
128.478_56.0385_-1.09116
128.71_55.5954_-1.08428
128.942_55.153_-1.09116
129.174_54.7099_-1.08428
129.407_54.2675_-1.09116
129.639_53.8244_-1.08428
129.871_53.382_-1.09116
130.103_52.9389_-1.08428
130.336_52.4964_-1.09116
130.568_52.0534_-1.08428
130.8_51.6109_-1.09116
131.032_51.1679_-1.08428
131.265_50.7254_-1.09116
131.497_50.2824_-1.08428
131.729_49.8399_-1.09116
131.961_49.3969_-1.08428
132.194_48.9544_-1.09116
132.425_48.5114_-1.08428
132.658_48.0689_-1.09116
132.89_47.6259_-1.08428
133.123_47.1834_-1.09116
133.354_46.7404_-1.08428
133.587_46.2979_-1.09116
133.819_45.8549_-1.08428
134.052_45.4124_-1.09116
134.283_44.9694_-1.08428
134.516_44.5269_-1.09116
134.748_44.0839_-1.08428
134.981_43.6414_-1.09116
135.212_43.1984_-1.08428
135.445_42.7559_-1.09116
135.677_42.3129_-1.08428
135.91_41.8704_-1.09116
136.141_41.4274_-1.08428
136.374_40.9849_-1.09116
136.606_40.5419_-1.08428
136.838_40.0994_-1.09116
137.07_39.6564_-1.08428
137.303_39.2139_-1.09116
137.535_38.7709_-1.08428
137.767_38.3284_-1.09116
137.997_37.8843_-1.09805
138.226_37.4397_-1.09116
138.458_36.9967_-1.08428
138.69_36.5542_-1.09116
138.92_36.1101_-1.09805
139.149_35.6655_-1.09116
139.38_35.2225_-1.08428
139.613_34.78_-1.09116
139.843_34.3359_-1.09805
140.071_33.8913_-1.09116
140.303_33.4483_-1.08428
140.536_33.0058_-1.09116
140.766_32.5617_-1.09805
140.994_32.1171_-1.09116
141.226_31.6741_-1.08428
141.459_31.2316_-1.09116
141.688_30.7875_-1.09805
141.917_30.3429_-1.09116
142.149_29.8999_-1.08428
142.395_29.4796_-0.955049
142.692_29.0879_-0.852533
143.025_28.7159_-0.818116
143.372_28.375_-0.68889
143.761_28.0817_-0.559664
144.184_27.8409_-0.430438
144.635_27.6567_-0.301212
145.105_27.5321_-0.171985
145.588_27.4691_-0.0427594
146.075_27.469_0.0864668
146.558_27.5315_0.215693
147.029_27.6558_0.344919
147.491_27.835_0.420377
147.942_28.0456_0.468519
148.385_28.276_0.502936
148.821_28.5199_0.523598
149.254_28.7708_0.530487
149.684_29.0248_0.537376
150.113_29.2817_0.544265
150.541_29.5396_0.537376
150.97_29.7965_0.544265
151.399_30.0544_0.537376
151.828_30.3113_0.544265
152.256_30.5692_0.537376
152.685_30.8261_0.544265
153.113_31.084_0.537376
153.542_31.3409_0.544265
153.969_31.6008_0.551155
154.396_31.8616_0.544265
154.824_32.1195_0.537376
155.253_32.3764_0.544265
155.683_32.625_0.482439
156.128_32.8514_0.448022
156.574_33.0744_0.496164
