configuration -14.0353517532_151.94859314_0.0_1.0_147.259887695_176.039077759_0.145212769539_0.989400450557
length 182.883
time 3.99673
roughness 1.23085e-05
-14.0354_151.949_-0
-13.5372_151.941_-0.0481421
-13.039_151.911_-0.0825588
-12.5413_151.866_-0.103221
-12.0442_151.814_-0.11011
-11.5473_151.758_-0.116999
-11.0507_151.7_-0.11011
-10.5539_151.644_-0.116999
-10.0572_151.587_-0.11011
-9.56038_151.531_-0.116999
-9.0637_151.474_-0.11011
-8.56689_151.418_-0.116999
-8.07021_151.36_-0.11011
-7.5734_151.304_-0.116999
-7.07673_151.247_-0.11011
-6.57992_151.191_-0.116999
-6.08324_151.134_-0.11011
-5.58643_151.078_-0.116999
-5.08975_151.02_-0.11011
-4.59294_150.964_-0.116999
-4.09627_150.907_-0.11011
-3.59946_150.851_-0.116999
-3.10305_150.792_-0.123888
-2.60678_150.731_-0.116999
-2.1101_150.674_-0.11011
-1.61329_150.618_-0.116999
-1.11688_150.558_-0.123888
-0.620608_150.498_-0.116999
-0.12393_150.44_-0.11011
0.372878_150.384_-0.116999
0.869288_150.325_-0.123888
1.36556_150.264_-0.116999
1.86224_150.207_-0.11011
2.35905_150.151_-0.116999
2.85546_150.091_-0.123888
3.35173_150.031_-0.116999
3.84841_149.973_-0.11011
4.34521_149.917_-0.116999
4.83994_149.869_-0.0551724
5.33903_149.845_-0.0345107
5.83873_149.829_-0.0276215
6.33256_149.83_0.061404
6.82928_149.869_0.109546
7.32557_149.927_0.130208
7.82055_149.995_0.15087
8.31466_150.071_0.157759
8.80823_150.151_0.164648
9.30124_150.234_0.171537
9.79406_150.318_0.164648
10.2871_150.401_0.171537
10.7799_150.486_0.164648
11.2729_150.569_0.171537
11.7657_150.653_0.164648
12.2591_150.734_0.157759
12.7527_150.813_0.164648
13.2457_150.896_0.171537
13.7385_150.981_0.164648
14.2319_151.061_0.157759
14.7255_151.141_0.164648
15.2185_151.224_0.171537
15.7113_151.308_0.164648
16.2047_151.389_0.157759
16.6983_151.469_0.164648
17.1913_151.552_0.171537
17.6841_151.636_0.164648
18.1775_151.717_0.157759
18.6711_151.797_0.164648
19.1641_151.88_0.171537
19.6569_151.964_0.164648
20.1503_152.045_0.157759
20.6439_152.124_0.164648
21.1369_152.208_0.171537
21.6297_152.292_0.164648
22.1231_152.373_0.157759
22.6167_152.452_0.164648
23.1097_152.535_0.171537
23.6025_152.62_0.164648
24.0959_152.7_0.157759
24.5895_152.78_0.164648
25.0825_152.863_0.171537
25.5753_152.947_0.164648
26.0687_153.028_0.157759
26.5623_153.108_0.164648
27.0553_153.191_0.171537
27.5481_153.275_0.164648
28.0415_153.356_0.157759
28.535_153.436_0.164648
29.0281_153.519_0.171537
29.5198_153.607_0.192199
30.0103_153.704_0.199088
30.5006_153.802_0.192199
30.9772_153.913_0.30812
31.4455_154.076_0.383578
31.9062_154.268_0.417995
32.3614_154.474_0.438656
32.8123_154.689_0.459318
33.26_154.912_0.466207
33.706_155.137_0.473097
34.1516_155.364_0.466207
34.5977_155.59_0.473097
35.0433_155.817_0.466207
35.4894_156.042_0.473097
35.9349_156.269_0.466207
36.381_156.495_0.473097
36.8266_156.722_0.466207
37.2727_156.948_0.473097
37.7183_157.174_0.466207
38.1643_157.4_0.473097
38.6099_157.627_0.466207
39.056_157.853_0.473097
39.5016_158.079_0.466207
39.9477_158.305_0.473097
40.3932_158.532_0.466207
40.8393_158.758_0.473097
41.2849_158.984_0.466207
41.731_159.21_0.473097
42.1766_159.437_0.466207
42.6226_159.663_0.473097
43.0682_159.89_0.466207
43.5143_160.115_0.473097
43.9599_160.342_0.466207
44.406_160.568_0.473097
44.8515_160.795_0.466207
45.2976_161.02_0.473097
45.7432_161.247_0.466207
46.1893_161.473_0.473097
46.6349_161.7_0.466207
47.0809_161.925_0.473097
47.5265_162.152_0.466207
47.9726_162.378_0.473097
48.4182_162.605_0.466207
48.8643_162.831_0.473097
49.3098_163.057_0.466207
49.7559_163.283_0.473097
50.2015_163.51_0.466207
50.6476_163.736_0.473097
51.0932_163.962_0.466207
51.5392_164.188_0.473097
51.9848_164.415_0.466207
52.4309_164.641_0.473097
52.8765_164.868_0.466207
53.3226_165.093_0.473097
53.7681_165.32_0.466207
54.2142_165.546_0.473097
54.6598_165.773_0.466207
55.1059_165.998_0.473097
55.5514_166.225_0.466207
55.9975_166.451_0.473097
56.4421_166.68_0.479986
56.8861_166.91_0.473097
57.3316_167.136_0.466207
57.7777_167.362_0.473097
58.2222_167.591_0.479986
58.6662_167.821_0.473097
59.1118_168.048_0.466207
59.5579_168.273_0.473097
60.0024_168.502_0.479986
60.4454_168.734_0.486875
60.8867_168.969_0.493764
61.3264_169.207_0.500653
61.7656_169.428_0.398137
62.2278_169.614_0.349994
62.6986_169.78_0.315578
63.1747_169.932_0.294916
63.6534_170.076_0.288027
64.1331_170.217_0.281138
64.6137_170.354_0.274248
65.0953_170.489_0.267359
65.5772_170.622_0.274248
66.0588_170.756_0.267359
66.5407_170.889_0.274248
67.0223_171.024_0.267359
67.5048_171.155_0.26047
67.9876_171.284_0.267359
68.4695_171.418_0.274248
68.9511_171.552_0.267359
69.4336_171.683_0.26047
69.9164_171.813_0.267359
70.3983_171.946_0.274248
70.8798_172.08_0.267359
71.3624_172.211_0.26047
71.8452_172.341_0.267359
72.327_172.474_0.274248
72.8086_172.609_0.267359
73.2911_172.74_0.26047
73.7739_172.869_0.267359
74.2558_173.003_0.274248
74.7374_173.137_0.267359
75.2199_173.268_0.26047
75.7027_173.398_0.267359
76.1852_173.529_0.26047
76.6606_173.634_0.131244
77.1456_173.677_0.00201775
77.6321_173.658_-0.127208
78.112_173.575_-0.256434
78.5773_173.432_-0.385661
79.0202_173.23_-0.514887
79.4335_172.973_-0.644113
79.8101_172.664_-0.773339
80.1437_172.309_-0.902565
80.4382_171.913_-0.99159
80.7042_171.492_-1.03973
80.952_171.058_-1.07415
81.187_170.617_-1.09481
81.4151_170.173_-1.1017
81.6401_169.726_-1.10859
81.862_169.278_-1.11548
82.0829_168.83_-1.10859
82.3048_168.382_-1.11548
82.5257_167.933_-1.10859
82.7476_167.485_-1.11548
82.9685_167.037_-1.10859
83.1904_166.588_-1.11548
83.4113_166.14_-1.10859
83.6332_165.692_-1.11548
83.8541_165.243_-1.10859
84.076_164.795_-1.11548
84.2969_164.347_-1.10859
84.5188_163.899_-1.11548
84.7397_163.45_-1.10859
84.9616_163.002_-1.11548
85.1825_162.554_-1.10859
85.4045_162.106_-1.11548
85.6253_161.657_-1.10859
85.8473_161.209_-1.11548
86.0661_160.76_-1.12237
86.2839_160.31_-1.11548
86.5048_159.861_-1.10859
86.7267_159.413_-1.11548
86.9455_158.964_-1.12237
87.1633_158.514_-1.11548
87.3842_158.065_-1.10859
87.6061_157.617_-1.11548
87.8249_157.168_-1.12237
88.0427_156.718_-1.11548
88.2636_156.269_-1.10859
88.4855_155.821_-1.11548
88.7145_155.381_-1.04002
88.9721_154.954_-1.0056
89.2389_154.531_-1.01249
89.5141_154.13_-0.883267
89.8387_153.767_-0.754041
90.2075_153.449_-0.624815
90.6141_153.181_-0.495589
91.0518_152.968_-0.366362
91.5134_152.813_-0.237136
91.9911_152.718_-0.10791
92.4769_152.687_0.0213159
92.9628_152.718_0.150542
93.4436_152.809_0.266463
93.9203_152.95_0.328289
94.3909_153.116_0.362706
94.8568_153.297_0.383368
95.32_153.485_0.390257
95.782_153.676_0.397146
96.2426_153.871_0.404035
96.7018_154.068_0.410925
97.1606_154.267_0.404035
97.6199_154.465_0.410925
98.0787_154.663_0.404035
98.5379_154.861_0.410925
98.9967_155.059_0.404035
99.456_155.257_0.410925
99.9148_155.456_0.404035
100.374_155.653_0.410925
100.833_155.852_0.404035
101.292_156.05_0.410925
101.751_156.248_0.404035
102.21_156.446_0.410925
102.669_156.645_0.404035
103.128_156.842_0.410925
103.587_157.041_0.404035
104.046_157.238_0.410925
104.505_157.437_0.404035
104.964_157.635_0.410925
105.423_157.833_0.404035
105.882_158.031_0.410925
106.341_158.23_0.404035
106.8_158.427_0.410925
107.259_158.626_0.404035
107.718_158.824_0.410925
108.177_159.022_0.404035
108.637_159.22_0.410925
109.095_159.418_0.404035
109.555_159.616_0.410925
110.013_159.815_0.404035
110.473_160.012_0.410925
110.931_160.211_0.404035
111.391_160.409_0.410925
111.849_160.609_0.417814
112.306_160.811_0.410925
112.765_161.01_0.404035
113.224_161.207_0.410925
113.682_161.408_0.417814
114.139_161.61_0.410925
114.598_161.809_0.404035
115.057_162.006_0.410925
115.515_162.207_0.417814
115.973_162.409_0.410925
116.432_162.608_0.404035
116.891_162.805_0.410925
117.349_163.006_0.417814
117.806_163.208_0.410925
118.265_163.406_0.404035
118.724_163.604_0.410925
119.182_163.805_0.417814
119.639_164.007_0.410925
120.098_164.205_0.404035
120.557_164.403_0.410925
121.015_164.604_0.417814
121.473_164.805_0.410925
121.932_165.004_0.404035
122.391_165.202_0.410925
122.849_165.402_0.417814
123.306_165.604_0.410925
123.765_165.803_0.404035
124.224_166.001_0.410925
124.682_166.201_0.417814
125.14_166.403_0.410925
125.598_166.602_0.404035
126.058_166.799_0.410925
126.515_167_0.417814
126.973_167.202_0.410925
127.432_167.401_0.404035
127.891_167.598_0.410925
128.349_167.799_0.417814
128.806_168.001_0.410925
129.265_168.199_0.404035
129.724_168.397_0.410925
130.182_168.598_0.417814
130.64_168.8_0.410925
131.098_168.998_0.404035
131.558_169.196_0.410925
132.016_169.397_0.417814
132.473_169.599_0.410925
132.932_169.797_0.404035
133.391_169.995_0.410925
133.849_170.196_0.417814
134.306_170.397_0.410925
134.765_170.596_0.404035
135.224_170.794_0.410925
135.682_170.994_0.417814
136.14_171.196_0.410925
136.598_171.395_0.404035
137.058_171.592_0.410925
137.516_171.793_0.417814
137.973_171.995_0.410925
138.432_172.194_0.404035
138.891_172.391_0.410925
139.349_172.592_0.417814
139.806_172.794_0.410925
140.265_172.993_0.404035
140.724_173.19_0.410925
141.182_173.391_0.417814
141.64_173.593_0.410925
142.099_173.791_0.404035
142.558_173.989_0.410925
143.016_174.19_0.417814
143.473_174.392_0.410925
143.932_174.59_0.404035
144.391_174.788_0.410925
144.849_174.989_0.417814
145.306_175.19_0.410925
145.765_175.389_0.404035
146.226_175.578_0.355893
146.696_175.749_0.335231
147.167_175.916_0.355893
