configuration 176.556686401_134.7056427_-0.977472527886_0.211062685542_59.5791053772_36.8438796997_0.982426073578_-0.18665210943
length 189.691
time 300
roughness 6.84524e-05
176.557_134.706_-2.71627
176.105_134.524_-2.84549
175.629_134.394_-2.93452
175.14_134.299_-2.98266
174.646_134.223_-3.00332
174.15_134.158_-3.02399
174.15_134.158_-3.02399
173.662_134.085_-2.93496
173.177_133.974_-2.87313
172.699_133.834_-2.82499
172.226_133.675_-2.80433
171.755_133.506_-2.78367
171.288_133.328_-2.76301
170.844_133.129_-2.63378
170.426_132.875_-2.51786
169.579_132.608_-2.30211
169.239_132.259_-2.43134
168.856_131.952_-2.53385
168.442_131.679_-2.60931
168.008_131.433_-2.65745
167.564_131.206_-2.69187
167.113_130.992_-2.71253
166.67_130.773_-2.62351
166.241_130.519_-2.57536
165.357_130.281_-2.46399
164.991_129.96_-2.33477
164.666_129.594_-2.21885
164.38_129.192_-2.12982
164.122_128.765_-2.08168
163.827_127.939_-2.04117
163.588_127.511_-2.15709
163.302_127.118_-2.28631
162.967_126.764_-2.41554
162.492_126.415_-2.58528
162.065_126.161_-2.6471
161.622_125.932_-2.69525
161.17_125.729_-2.7707
160.703_125.556_-2.81885
159.79_125.208_-2.88606
159.69_125.183_-2.91326
159.69_125.183_-2.91326
159.44_125.128_-2.98128
158.946_125.05_-2.98817
158.452_124.974_-2.99505
157.957_124.902_-3.00194
157.462_124.832_-2.99505
156.978_124.781_-3.12428
156.488_124.791_-3.2402
155.586_124.565_-3.4489
155.116_124.692_-3.31968
154.633_124.758_-3.19045
154.146_124.761_-3.06123
153.658_124.705_-2.95871
153.171_124.605_-2.89688
152.69_124.476_-2.84874
152.23_124.316_-2.71951
151.791_124.099_-2.60359
150.934_123.784_-2.40006
150.56_123.456_-2.46189
150.169_123.147_-2.4963
149.766_122.851_-2.53072
149.355_122.567_-2.55138
148.939_122.29_-2.55827
148.521_122.016_-2.56516
148.125_121.733_-2.43593
147.764_121.402_-2.32001
146.959_121.029_-2.10258
146.73_120.599_-1.97335
146.558_120.143_-1.84412
146.447_119.669_-1.7149
146.397_119.185_-1.58567
146.411_118.698_-1.45645
146.411_118.698_-1.45645
146.487_118.217_-1.32722
146.487_118.217_-1.32722
146.613_117.734_-1.2928
146.753_117.255_-1.27214
146.903_116.778_-1.25148
147.061_116.304_-1.24459
147.223_115.831_-1.2377
147.389_115.36_-1.21704
147.566_114.892_-1.19638
147.915_113.955_-1.18165
148.105_113.493_-1.17476
148.297_113.032_-1.18165
148.488_112.569_-1.17476
148.87_111.646_-1.17476
149.062_111.184_-1.18165
149.251_110.721_-1.18854
149.438_110.257_-1.18165
149.815_109.331_-1.18165
150.005_108.869_-1.17476
150.199_108.408_-1.16787
150.396_107.949_-1.16099
150.595_107.49_-1.16787
150.792_107.03_-1.16099
150.99_106.571_-1.16787
151.2_106.132_-1.03865
151.463_105.717_-0.936132
151.729_104.865_-0.747378
152.084_104.519_-0.822836
152.417_104.148_-0.870978
152.737_103.764_-0.89164
153.048_103.373_-0.912302
153.353_102.977_-0.919191
153.655_102.579_-0.92608
153.94_102.175_-1.01511
154.196_101.748_-1.06325
154.774_101.009_-1.17128
154.944_100.553_-1.30051
155.062_100.074_-1.38953
155.142_99.5829_-1.45136
155.193_99.0873_-1.4995
155.223_98.5892_-1.53392
155.238_98.0897_-1.55458
155.225_97.603_-1.6838
155.157_97.1121_-1.75926
155.224_96.2003_-1.89526
155.089_95.7327_-1.76604
155.015_95.2515_-1.63681
155.003_94.7647_-1.50758
155.055_94.2806_-1.37836
155.168_93.807_-1.24913
155.168_93.807_-1.24913
155.329_93.3341_-1.22847
155.498_92.8635_-1.22158
155.67_92.3941_-1.21469
155.846_91.9259_-1.2078
156.022_91.4581_-1.21469
156.197_90.9899_-1.2078
156.38_90.5254_-1.17338
156.577_90.0661_-1.15272
156.877_89.1812_-1.12423
157.105_88.7513_-0.995
157.105_88.7513_-0.995
157.387_88.3481_-0.892483
157.707_87.9676_-0.830656
158.049_87.6052_-0.782514
158.406_87.2573_-0.748098
158.775_86.92_-0.727436
159.125_86.5811_-0.856662
159.437_86.1986_-0.945687
160.208_85.7435_-1.12423
160.399_85.2958_-1.25345
160.531_84.8272_-1.38268
160.602_84.3455_-1.5119
160.617_83.8518_-1.60093
160.591_83.3554_-1.66276
160.54_82.859_-1.69717
160.458_82.3791_-1.8264
160.316_81.9105_-1.94232
160.166_81.0094_-2.13048
159.891_80.6081_-2.25971
159.636_80.3197_-2.36173
159.544_80.2305_-2.39574
159.525_80.2132_-2.40254
159.506_80.1959_-2.40934
159.506_80.1959_-2.40934
159.13_79.8767_-2.49837
158.371_79.3678_-2.61505
157.936_79.1244_-2.6632
157.491_78.8997_-2.69761
157.038_78.6882_-2.71827
156.582_78.4838_-2.72516
156.124_78.2827_-2.73205
156.124_78.2827_-2.73205
155.666_78.0825_-2.72516
155.209_77.8792_-2.71827
154.754_77.6728_-2.71138
154.3_77.4633_-2.7045
153.847_77.2506_-2.69761
153.395_77.0369_-2.7045
152.96_76.8129_-2.58857
152.543_76.5432_-2.52675
151.673_76.2328_-2.40552
151.299_75.9215_-2.53475
150.887_75.6579_-2.65067
150.444_75.4353_-2.72613
149.985_75.2415_-2.77427
149.517_75.0653_-2.79493
149.517_75.0653_-2.79493
149.048_74.8944_-2.78804
148.579_74.7202_-2.78115
148.111_74.5428_-2.77426
147.645_74.3622_-2.76738
147.18_74.1783_-2.76049
146.717_73.9913_-2.7536
146.255_73.7991_-2.73294
145.797_73.5994_-2.72605
144.871_73.2348_-2.69858
144.423_73.0157_-2.66416
143.981_72.783_-2.6435
143.542_72.5432_-2.63661
143.105_72.3003_-2.62972
142.67_72.0544_-2.62283
142.236_71.8055_-2.61594
141.826_71.5436_-2.48672
141.449_71.2309_-2.3708
140.63_70.8883_-2.15569
140.344_70.4941_-2.28492
140.01_70.14_-2.41414
139.633_69.832_-2.54337
139.219_69.5751_-2.6726
138.776_69.3736_-2.80182
138.776_69.3736_-2.80182
138.303_69.2151_-2.84996
137.832_69.095_-2.97919
137.34_69.0247_-3.04102
136.4_68.8303_-3.16522
135.913_68.8212_-3.036
135.426_68.7528_-2.93348
134.942_68.6402_-2.87165
134.464_68.4997_-2.82351
133.991_68.3382_-2.78909
133.524_68.1624_-2.76843
133.063_68.0043_-2.89766
132.581_67.8992_-2.98668
131.826_67.4183_-3.16522
131.339_67.4092_-3.036
130.852_67.3408_-2.93348
130.368_67.2282_-2.87165
129.89_67.0876_-2.82351
129.418_66.9261_-2.78909
128.95_66.7504_-2.76843
128.489_66.5923_-2.89766
128.007_66.4872_-2.98668
127.252_66.0063_-3.16522
126.752_66.017_-3.15833
126.252_66.0265_-3.16522
125.752_66.0372_-3.15833
125.253_66.0467_-3.16522
124.753_66.0573_-3.15833
124.253_66.0646_-3.15144
123.766_66.0487_-3.02222
123.283_65.9719_-2.9063
122.405_66.0942_-2.69091
121.976_65.8637_-2.56168
121.58_65.5799_-2.43245
121.224_65.2475_-2.30323
120.914_64.872_-2.174
120.656_64.4597_-2.04477
120.656_64.4597_-2.04477
120.415_64.0363_-2.174
120.122_63.6441_-2.28992
119.787_63.2795_-2.36538
119.426_62.9339_-2.3998
119.056_62.5989_-2.42046
119.056_62.5989_-2.42046
118.879_62.45_-2.48167
118.879_62.45_-2.48167
118.481_62.151_-2.52981
118.069_61.869_-2.56423
117.65_61.5971_-2.57112
117.228_61.3281_-2.57801
116.548_60.9901_-2.55763
116.132_60.7135_-2.55074
115.714_60.4402_-2.58515
115.288_60.1793_-2.60582
114.517_59.6439_-2.64548
114.076_59.4091_-2.66614
113.63_59.1858_-2.70056
113.177_58.9756_-2.72122
112.669_58.7554_-2.74249
112.208_58.5622_-2.74937
111.746_58.3722_-2.75626
111.283_58.1832_-2.74937
110.358_57.8042_-2.74937
109.895_57.6141_-2.75626
109.431_57.4273_-2.76315
108.966_57.2436_-2.77004
108.036_56.8774_-2.77004
107.57_56.6948_-2.76315
107.106_56.509_-2.75626
106.643_56.32_-2.74937
105.721_55.9346_-2.74937
105.721_55.9346_-2.74937
105.721_55.9346_-2.74937
105.259_55.7424_-2.74249
104.798_55.5492_-2.74937
104.336_55.3592_-2.75626
103.413_54.9738_-2.75626
102.954_54.8101_-2.88549
102.472_54.6966_-2.96095
101.98_54.6125_-2.99536
101.485_54.5431_-3.01603
100.989_54.4816_-3.02292
100.989_54.4816_-3.02292
100.508_54.4036_-2.89369
100.031_54.27_-2.81823
99.5599_54.106_-2.78381
99.0931_53.9278_-2.76315
98.6289_53.742_-2.75626
98.6289_53.742_-2.75626
98.1859_53.54_-2.62704
97.7662_53.2837_-2.52452
97.3668_52.9878_-2.46269
96.982_52.67_-2.42828
96.3691_51.9014_-2.41487
96.3499_51.8844_-2.42167
96.3499_51.8844_-2.42167
95.9706_51.5792_-2.5509
95.5525_51.3163_-2.63993
94.6738_50.9146_-2.75626
94.212_50.7236_-2.7356
93.7532_50.5251_-2.72871
93.2957_50.3234_-2.72182
92.8396_50.1186_-2.71493
92.384_49.9128_-2.72182
92.384_49.9128_-2.72182
91.9263_49.7123_-2.74249
91.4652_49.519_-2.74937
91.0027_49.329_-2.75626
90.539_49.1421_-2.76315
90.074_48.9585_-2.77004
90.074_48.9585_-2.77004
89.6077_48.778_-2.77693
89.1402_48.6008_-2.78382
88.6715_48.4268_-2.79071
87.7337_48.0799_-2.79071
87.2646_47.9069_-2.78382
86.7967_47.7308_-2.77693
86.33_47.5514_-2.77004
85.8646_47.3688_-2.76315
85.4004_47.183_-2.75626
85.4004_47.183_-2.75626
84.9367_46.9962_-2.76315
84.4726_46.8104_-2.75626
84.0088_46.6235_-2.76315
83.0809_46.2509_-2.76315
82.6151_46.0718_-2.79757
82.1435_45.9065_-2.81823
81.6691_45.7488_-2.82512
81.1936_45.5943_-2.83201
80.7171_45.443_-2.8389
80.7171_45.443_-2.8389
80.2466_45.3177_-2.96812
79.7639_45.2541_-3.09735
79.277_45.2532_-3.22658
78.794_45.315_-3.3558
78.3231_45.4386_-3.48503
78.3231_45.4386_-3.48503
77.8581_45.583_-3.3558
77.3784_45.6662_-3.22658
76.8919_45.6869_-3.09735
76.4069_45.6448_-2.96812
75.921_45.5471_-2.89267
75.921_45.5471_-2.89267
75.4376_45.4207_-2.872
74.956_45.2864_-2.86512
74.4753_45.1488_-2.85823
73.9956_45.0079_-2.85134
73.5169_44.8637_-2.84445
73.5169_44.8637_-2.84445
73.0518_44.7039_-2.74193
72.598_44.5012_-2.6801
72.1537_44.2738_-2.64569
71.7159_44.033_-2.62503
71.2817_43.7851_-2.61814
71.2817_43.7851_-2.61814
70.9767_43.5961_-2.52292
70.7914_43.4585_-2.46171
70.673_43.3602_-2.4209
70.6156_43.309_-2.40049
70.5779_43.2743_-2.38689
70.5779_43.2743_-2.38689
70.2255_42.9258_-2.31143
69.893_42.5536_-2.27702
69.3299_42.1035_-2.18965
69.0324_41.7072_-2.26511
68.7052_41.3465_-2.39433
68.3344_41.0311_-2.52356
67.738_40.5176_-2.79365
67.2674_40.3577_-2.85548
66.7878_40.2273_-2.9173
66.2999_40.1219_-2.95172
65.3173_39.9583_-2.99317
64.8246_39.8789_-2.95875
64.3339_39.7846_-2.93809
63.8453_39.6803_-2.91743
63.3581_39.568_-2.91054
62.8717_39.4524_-2.90365
62.8717_39.4524_-2.90365
62.4038_39.3177_-2.77442
61.9572_39.1238_-2.64519
61.7345_38.9967_-2.57718
61.6698_38.9551_-2.55678
61.6484_38.9409_-2.54998
61.6484_38.9409_-2.54998
61.6484_38.9409_-2.54998
61.6484_38.9409_-2.54998
61.2528_38.6526_-2.43405
60.8168_38.2241_-2.25752
60.8006_38.2042_-2.25072
60.8006_38.2042_-2.25072
60.5244_37.8348_-2.12829
