configuration -14.0353517532_151.94859314_0.0_1.0_147.259887695_176.039077759_0.145212769539_0.989400450557
length 191.846
time 76.3523
roughness 6.89031e-05
-14.0354_151.949_-0
-13.9071_151.947_-0.0340069
-13.9071_151.947_-0.0340069
-13.4217_151.91_-0.163233
-12.937_151.815_-0.252258
-12.4583_151.682_-0.314085
-11.9855_151.522_-0.348502
-11.517_151.348_-0.369163
-11.0522_151.165_-0.389825
-10.5945_150.999_-0.260599
-10.1138_150.886_-0.171574
-9.48231_150.459_0.0133053
-8.98411_150.458_-0.0348368
-8.48487_150.437_-0.0554986
-7.98617_150.406_-0.0761603
-7.48775_150.367_-0.0830495
-6.98961_150.324_-0.0899387
-6.49177_150.278_-0.096828
-6.00416_150.214_-0.199345
-5.51909_150.106_-0.261171
-5.0012_150.097_-0.379566
-4.11019_150.02_-0.256499
-3.62601_149.899_-0.222082
-3.13787_149.793_-0.20142
-2.64762_149.696_-0.180759
-2.1556_149.607_-0.173869
-1.66298_149.522_-0.16698
-1.66298_149.522_-0.16698
-1.1697_149.442_-0.146318
-0.674876_149.373_-0.125657
-0.178712_149.311_-0.118767
0.317864_149.253_-0.111878
0.814829_149.198_-0.104989
1.31216_149.147_-0.0980998
1.80869_149.106_-0.0499576
2.3074_149.087_-0.015541
3.26674_148.948_0.0382946
3.76133_148.979_0.113753
4.25534_149.043_0.161895
4.74791_149.127_0.182557
5.23865_149.221_0.203218
5.72733_149.326_0.22388
6.21456_149.438_0.230769
6.70169_149.546_0.196353
7.19227_149.643_0.189464
8.14434_149.916_0.147326
8.63882_149.983_0.11291
9.13569_150.036_0.0922478
9.63354_150.079_0.0715861
10.1323_150.113_0.0646969
10.6313_150.145_0.0578076
11.1305_150.172_0.0509184
11.6242_150.183_-0.038107
12.1217_150.156_-0.0862491
13.0599_150.232_-0.180285
13.5421_150.165_-0.0510593
14.029_150.161_0.0781668
14.52_150.214_0.167192
15.0083_150.306_0.229019
15.4916_150.427_0.277161
15.97_150.569_0.311578
16.4468_150.717_0.277161
16.928_150.853_0.270272
17.8035_151.256_0.22613
18.2912_151.365_0.205468
18.7809_151.466_0.198579
19.2713_151.563_0.19169
19.7623_151.657_0.184801
20.2535_151.75_0.19169
20.2535_151.75_0.19169
20.7447_151.842_0.171028
21.2376_151.926_0.164139
21.731_152.007_0.15725
22.225_152.084_0.150361
22.7195_152.158_0.143471
23.2145_152.228_0.136582
23.7099_152.293_0.11592
24.2066_152.347_0.0952587
25.1898_152.488_0.0678019
25.6874_152.528_0.102219
26.1841_152.582_0.12288
26.6801_152.644_0.129769
27.1757_152.71_0.136659
27.6709_152.779_0.143548
28.1655_152.852_0.150437
28.6434_152.945_0.279663
29.1084_153.098_0.395584
29.9881_153.165_0.624461
30.3948_153.432_0.495235
30.8326_153.645_0.366009
31.2942_153.8_0.236783
31.5448_153.855_0.168769
31.6714_153.875_0.134762
31.6714_153.875_0.134762
32.1507_153.961_0.263988
32.6208_154.105_0.366505
33.0789_154.294_0.441963
33.5258_154.514_0.490105
33.9634_154.754_0.524522
34.3941_155.008_0.545184
34.7994_155.277_0.67441
35.1664_155.597_0.803636
35.742_155.912_1.10056
35.9696_156.357_1.09367
36.2002_156.801_1.08678
36.4339_157.243_1.07989
36.6814_157.662_0.950663
36.9801_158.055_0.861638
37.2936_158.773_0.685673
37.6832_159.065_0.556447
38.1072_159.305_0.427221
38.5584_159.488_0.297995
39.0357_159.621_0.222537
39.5233_159.723_0.174395
39.5233_159.723_0.174395
40.016_159.807_0.153733
40.5102_159.882_0.146844
41.005_159.954_0.139954
41.5002_160.023_0.133065
41.9956_160.09_0.139954
42.4908_160.159_0.133065
42.9781_160.239_0.222091
43.4623_160.356_0.270233
44.3909_160.414_0.378003
44.8354_160.613_0.507229
45.2506_160.867_0.636455
45.6389_161.172_0.725481
46.0063_161.509_0.773623
46.3593_161.862_0.80804
46.3593_161.862_0.80804
46.7103_162.199_0.678813
47.1019_162.488_0.549587
47.5304_162.734_0.460562
47.9801_162.946_0.398735
48.4423_163.132_0.350593
48.913_163.298_0.316177
49.3855_163.458_0.350593
49.8536_163.633_0.371255
50.7991_163.821_0.415396
51.2359_164.036_0.544623
51.6477_164.305_0.647139
52.038_164.612_0.708966
52.4109_164.943_0.757108
52.7697_165.29_0.791525
53.1184_165.648_0.812186
53.468_165.986_0.68296
53.8601_166.287_0.593935
54.339_167.043_0.415396
54.7924_167.22_0.28617
55.2649_167.338_0.156944
55.7486_167.393_0.0277181
56.2381_167.388_-0.0882027
56.7322_167.334_-0.150029
56.7322_167.334_-0.150029
57.2162_167.282_-0.0208031
57.703_167.293_0.108423
58.1942_167.359_0.183881
58.6809_167.459_0.245708
59.1635_167.586_0.280124
59.6428_167.728_0.300786
60.1013_167.892_0.430012
60.5381_168.113_0.545933
61.3949_168.372_0.762894
61.7585_168.714_0.742232
62.1277_169.051_0.735343
62.4992_169.386_0.728454
62.8731_169.718_0.721565
63.2492_170.047_0.714676
63.6261_170.376_0.721565
64.0061_170.688_0.619048
64.4164_170.971_0.570906
64.9589_171.545_0.45192
65.4056_171.738_0.322694
65.8783_171.881_0.233669
66.3641_171.986_0.171842
66.8568_172.066_0.137425
67.3522_172.131_0.116764
67.8489_172.186_0.0961018
68.3311_172.253_0.225328
68.809_172.378_0.314353
69.6984_172.295_0.505688
70.134_172.513_0.376462
70.5972_172.678_0.273945
71.0783_172.802_0.212119
71.567_172.899_0.163976
72.0603_172.975_0.12956
72.5562_173.036_0.108898
73.0375_173.11_0.238124
73.5138_173.24_0.32715
74.4056_173.164_0.505688
74.8412_173.382_0.376462
75.3011_173.541_0.247236
75.7778_173.641_0.11801
76.2658_173.68_0.00208887
76.7612_173.668_-0.0733693
77.2561_173.622_-0.135196
77.7353_173.536_-0.264422
78.2026_173.39_-0.380343
79.0989_173.192_-0.584163
79.5078_172.91_-0.64599
79.9008_172.603_-0.694132
80.2807_172.28_-0.728549
80.6512_171.945_-0.74921
81.0165_171.603_-0.7561
81.3795_171.259_-0.762989
81.7168_170.908_-0.892215
82.0153_170.515_-0.98124
82.5092_170.112_-1.17267
82.7041_169.652_-1.16578
82.9021_169.193_-1.15889
83.1012_168.734_-1.16578
83.4984_167.816_-1.16578
83.6984_167.359_-1.14512
83.9079_166.905_-1.12445
84.1248_166.454_-1.11756
84.3447_166.005_-1.11068
84.5678_165.558_-1.10379
84.5678_165.558_-1.10379
84.7873_165.11_-1.1382
84.9937_164.655_-1.15886
85.1906_164.195_-1.17953
85.3802_163.733_-1.18642
85.5666_163.269_-1.1933
85.5666_163.269_-1.1933
85.7476_162.803_-1.21397
85.9211_162.334_-1.22086
86.0915_161.864_-1.22774
86.2585_161.393_-1.23463
86.4246_160.921_-1.22774
86.4246_160.921_-1.22774
86.4246_160.921_-1.22774
86.4246_160.921_-1.22774
86.5715_160.455_-1.34367
86.6735_159.968_-1.40549
86.7476_159.475_-1.45363
86.8002_158.979_-1.48805
86.8381_158.481_-1.50871
86.8656_157.982_-1.52937
86.8652_157.495_-1.6586
86.8037_157.009_-1.77452
86.9026_156.127_-1.99087
86.7315_155.698_-1.86845
86.6749_155.501_-1.81404
86.6511_155.402_-1.78683
86.6403_155.351_-1.77323
86.6352_155.326_-1.76643
86.6352_155.326_-1.76643
86.5609_154.845_-1.6372
86.5449_154.354_-1.53469
86.6125_153.742_-1.38494
86.7226_153.268_-1.25572
86.893_152.812_-1.12649
87.1207_152.381_-0.997266
87.4014_151.978_-0.894749
87.7203_151.596_-0.832923
88.0613_151.233_-0.784781
88.4201_150.904_-0.655555
88.8192_150.621_-0.539634
89.5025_150.014_-0.3361
89.9686_149.873_-0.206873
90.4489_149.793_-0.0776474
90.938_149.774_0.0382734
91.4326_149.805_0.113732
91.9251_149.872_0.175558
92.4155_149.965_0.209975
92.8953_150.082_0.299
93.369_150.236_0.347142
94.2192_150.486_0.427262
94.6737_150.694_0.434151
95.1268_150.905_0.441041
95.5784_151.12_0.44793
96.4782_151.556_0.44793
96.9284_151.773_0.454819
97.378_151.992_0.44793
97.8282_152.209_0.454819
98.7279_152.646_0.454819
99.1776_152.864_0.44793
99.6277_153.082_0.454819
100.077_153.3_0.44793
100.977_153.737_0.44793
101.427_153.954_0.454819
101.876_154.175_0.461708
102.323_154.399_0.468597
102.769_154.625_0.475487
103.213_154.855_0.482376
103.213_154.855_0.482376
103.657_155.084_0.461714
104.105_155.306_0.454825
104.555_155.524_0.447936
105.006_155.74_0.441047
105.457_155.954_0.447936
105.457_155.954_0.447936
105.908_156.17_0.441047
106.36_156.384_0.447936
106.811_156.6_0.441047
107.711_157.036_0.441047
108.16_157.225_0.31182
108.629_157.355_0.182594
109.111_157.423_0.0533682
109.598_157.428_-0.0758579
110.081_157.37_-0.205084
110.081_157.37_-0.205084
110.562_157.292_-0.0758579
111.049_157.275_0.0533682
111.533_157.322_0.182594
112.008_157.431_0.31182
112.476_157.594_0.387279
112.476_157.594_0.387279
112.938_157.784_0.394168
113.399_157.977_0.401057
113.859_158.173_0.407946
114.776_158.573_0.407946
115.233_158.775_0.428608
115.687_158.984_0.435497
116.14_159.196_0.442386
116.591_159.411_0.449276
117.041_159.629_0.456165
117.041_159.629_0.456165
117.488_159.852_0.476827
117.932_160.082_0.483716
118.374_160.316_0.490605
118.814_160.553_0.497494
119.253_160.792_0.504383
119.253_160.792_0.504383
119.669_161.045_0.63361
120.049_161.35_0.762836
120.386_161.701_0.892062
120.676_162.093_1.02129
120.912_162.518_1.15051
120.912_162.518_1.15051
121.129_162.954_1.02129
121.401_163.358_0.892062
121.723_163.724_0.762836
122.088_164.045_0.63361
122.494_164.322_0.531093
122.494_164.322_0.531093
122.928_164.57_0.496676
123.369_164.805_0.476014
123.814_165.031_0.455353
124.264_165.25_0.448463
124.715_165.466_0.441574
124.715_165.466_0.441574
125.167_165.678_0.434685
125.62_165.89_0.441574
126.073_166.103_0.434685
126.978_166.527_0.434685
127.431_166.738_0.441574
127.884_166.951_0.434685
128.337_167.163_0.441574
129.242_167.587_0.441574
129.691_167.776_0.312348
130.16_167.906_0.183122
130.642_167.974_0.0538958
131.129_167.98_-0.0753303
131.612_167.923_-0.204556
131.612_167.923_-0.204556
132.093_167.844_-0.0753303
132.58_167.828_0.0538958
133.064_167.875_0.183122
133.539_167.984_0.312348
134.001_168.151_0.414865
134.001_168.151_0.414865
134.455_168.328_0.285639
134.927_168.445_0.156413
135.411_168.5_0.0271865
135.898_168.493_-0.10204
136.38_168.423_-0.231266
136.38_168.423_-0.231266
136.858_168.332_-0.10204
137.344_168.303_0.0271865
137.83_168.336_0.156413
138.307_168.433_0.285639
138.768_168.589_0.414865
138.768_168.589_0.414865
139.221_168.798_0.463007
139.665_169.026_0.497424
140.102_169.267_0.518085
140.536_169.516_0.524975
140.968_169.767_0.531864
140.968_169.767_0.531864
141.38_170.031_0.647785
141.77_170.339_0.709611
142.143_170.67_0.757753
142.503_171.016_0.778415
142.857_171.369_0.799077
142.857_171.369_0.799077
143.205_171.728_0.805966
143.55_172.09_0.812855
143.893_172.454_0.819744
144.578_173.182_0.819744
144.92_173.547_0.812855
145.268_173.903_0.764713
145.631_174.247_0.744051
146.295_174.981_0.690518
