configuration 46.843963623_148.978851318_-0.536406748472_0.843959596304_156.577575684_33.1800613403_0.186652677497_0.98242596565
length 251.008
time 122.848
roughness 7.33317e-05
46.844_148.979_-1.13235
47.0318_148.53_-1.26157
47.1602_148.06_-1.3908
47.227_147.578_-1.52003
47.231_147.091_-1.64925
47.1724_146.607_-1.77848
47.0922_146.127_-1.64925
47.0747_145.641_-1.52003
47.12_145.156_-1.3908
47.2274_144.681_-1.26157
47.3951_144.224_-1.13235
47.6203_143.792_-1.00312
47.8992_143.393_-0.873895
48.2274_143.027_-0.771378
48.5901_142.685_-0.723236
48.9681_142.359_-0.68882
49.3475_142.037_-0.736962
49.7152_141.698_-0.757624
50.0759_141.352_-0.778285
50.4311_141.001_-0.785174
50.7839_140.646_-0.792064
51.1202_140.285_-0.881089
51.4311_139.895_-0.929231
51.7251_139.492_-0.963648
52.0074_139.08_-0.98431
52.2831_138.663_-0.991199
52.5323_138.244_-1.12042
52.7255_137.798_-1.24965
52.8594_137.329_-1.37888
52.932_136.848_-1.5081
52.9418_136.361_-1.63733
52.9301_135.874_-1.5081
52.9812_135.39_-1.37888
53.0942_134.917_-1.24965
53.2673_134.462_-1.12042
53.4977_134.033_-0.991199
53.7468_133.614_-1.12042
53.94_133.167_-1.24965
54.074_132.699_-1.37888
54.1465_132.218_-1.5081
54.1564_131.731_-1.63733
54.1446_131.244_-1.5081
54.1957_130.76_-1.37888
54.3087_130.286_-1.24965
54.4819_129.831_-1.12042
54.7122_129.402_-0.991199
54.9784_128.981_-1.03934
55.2263_128.548_-1.07376
55.4616_128.107_-1.09442
55.6898_127.663_-1.10131
55.915_127.216_-1.1082
56.1136_126.772_-1.23742
56.2533_126.305_-1.36665
56.3317_125.825_-1.49588
56.3475_125.338_-1.6251
56.3005_124.853_-1.75433
56.232_124.371_-1.6251
56.2262_123.884_-1.49588
56.2832_123.401_-1.36665
56.4021_122.929_-1.23742
56.5807_122.476_-1.1082
56.8163_122.05_-0.978972
57.1048_121.658_-0.849746
57.4405_121.291_-0.787919
57.7966_120.941_-0.753502
58.1633_120.602_-0.732841
58.5111_120.261_-0.862067
58.812_119.878_-0.991293
59.0612_119.46_-1.12052
59.2543_119.013_-1.24975
59.3882_118.545_-1.37897
59.5012_118.071_-1.24975
59.6743_117.616_-1.12052
59.9046_117.187_-0.991293
60.1882_116.792_-0.862067
60.5205_116.436_-0.732841
60.8683_116.095_-0.862067
61.1693_115.712_-0.991293
61.4529_115.317_-0.862067
61.7539_114.934_-0.991293
62.003_114.515_-1.12052
62.1961_114.068_-1.24975
62.33_113.6_-1.37897
62.4025_113.119_-1.5082
62.4535_112.635_-1.37897
62.5665_112.161_-1.24975
62.7396_111.706_-1.12052
62.9699_111.277_-0.991293
63.2536_110.881_-0.862067
63.5545_110.499_-0.991293
63.8036_110.08_-1.12052
63.9968_109.633_-1.24975
64.1307_109.165_-1.37897
64.2032_108.684_-1.5082
64.2542_108.2_-1.37897
64.3672_107.726_-1.24975
64.5403_107.271_-1.12052
64.77_106.839_-1.0046
65.0452_106.425_-0.942772
65.3143_106.019_-1.072
65.5377_105.578_-1.16102
65.7288_105.118_-1.20917
65.9_104.65_-1.24358
66.0573_104.175_-1.26424
66.2187_103.707_-1.18879
66.4118_103.247_-1.14064
66.6233_102.795_-1.11998
66.8421_102.345_-1.11309
67.0641_101.897_-1.1062
67.2849_101.449_-1.12687
67.4986_100.997_-1.13375
67.7092_100.544_-1.14064
67.9166_100.089_-1.14753
68.1209_99.6324_-1.15442
68.2988_99.1792_-1.28365
68.4168_98.7068_-1.41287
68.4729_98.2231_-1.5421
68.4662_97.7363_-1.67133
68.3969_97.2544_-1.80055
68.3062_96.776_-1.67133
68.2779_96.2899_-1.5421
68.3125_95.8043_-1.41287
68.4094_95.3271_-1.28365
68.5669_94.8664_-1.15442
68.7825_94.4299_-1.0252
69.0526_94.0247_-0.89597
69.3726_93.6578_-0.766744
69.7373_93.3352_-0.637517
70.1422_93.056_-0.535001
70.5644_92.7939_-0.596827
70.974_92.5086_-0.631244
71.3753_92.211_-0.651906
71.7721_91.9068_-0.658795
72.1667_91.5998_-0.665684
72.5621_91.3156_-0.536458
72.9907_91.0847_-0.407232
73.4456_90.911_-0.278006
73.919_90.7973_-0.148779
74.4031_90.7456_-0.0195534
74.8899_90.7567_0.109673
75.3766_90.8271_0.21219
75.8565_90.9093_0.0829634
76.343_90.9291_-0.0462627
76.8354_90.8917_-0.135288
77.328_90.8166_-0.18343
77.8176_90.72_-0.217847
78.297_90.635_-0.0886208
78.7834_90.6125_0.0406053
79.2686_90.6529_0.169831
79.7475_90.7539_0.285752
80.2214_90.9038_0.347579
80.6779_91.0869_0.450096
81.1209_91.3122_0.511922
81.5532_91.5617_0.546339
81.9783_91.8242_0.567
82.3994_92.0937_0.57389
82.8187_92.3661_0.580779
83.2373_92.6395_0.57389
83.6565_92.9119_0.580779
84.0751_93.1852_0.57389
84.4944_93.4576_0.580779
84.9154_93.7191_0.505321
85.3551_93.9533_0.457179
85.805_94.1707_0.436517
86.2592_94.3789_0.415855
86.7171_94.5798_0.408966
87.1552_94.7922_0.538192
87.5623_95.0592_0.667418
87.9316_95.3765_0.796644
88.2569_95.7388_0.92587
88.3478_95.863_0.966679
88.6327_96.2738_0.959789
88.9186_96.6839_0.966679
89.2035_97.0948_0.959789
89.4894_97.5049_0.966679
89.7743_97.9157_0.959789
90.0703_98.3023_0.830563
90.4137_98.6476_0.701337
90.7986_98.9457_0.572111
91.2215_99.2007_0.483086
91.6663_99.425_0.434943
92.1215_99.6277_0.386801
92.5858_99.8107_0.352385
93.0554_99.9821_0.345495
93.5262_100.15_0.338606
93.9982_100.315_0.331717
94.4649_100.454_0.202491
94.9513_100.539_0.113466
95.4462_100.585_0.051639
95.9449_100.605_0.0172223
96.4448_100.613_0.0103331
96.9314_100.597_-0.118893
97.4175_100.523_-0.22141
97.9001_100.403_-0.283236
98.3776_100.258_-0.317653
98.8512_100.099_-0.338315
99.317_99.9571_-0.209089
99.7971_99.8764_-0.0798625
100.284_99.8581_0.0493637
100.768_99.9027_0.17859
101.244_100.009_0.307816
101.701_100.176_0.437042
102.133_100.401_0.566268
102.532_100.679_0.695494
102.899_101.007_0.798011
103.241_101.369_0.846153
103.579_101.72_0.716927
103.959_102.024_0.587701
104.376_102.277_0.458475
104.821_102.473_0.329249
105.288_102.611_0.200023
105.769_102.688_0.0707965
106.255_102.701_-0.0584297
106.74_102.652_-0.187656
107.214_102.541_-0.316882
107.67_102.37_-0.446108
108.1_102.142_-0.575334
108.497_101.86_-0.70456
108.854_101.529_-0.833786
109.165_101.155_-0.963012
109.432_100.742_-1.06553
109.671_100.303_-1.08619
109.903_99.86_-1.09308
110.132_99.4155_-1.09997
110.358_98.9694_-1.10686
110.581_98.5218_-1.11375
110.777_98.0761_-1.24297
110.922_97.6041_-1.332
111.032_97.1182_-1.38014
111.123_96.627_-1.4008
111.204_96.1339_-1.42147
111.294_95.6504_-1.31895
111.428_95.1717_-1.25712
111.587_94.6987_-1.22271
111.761_94.2302_-1.20204
111.942_93.7643_-1.19515
112.127_93.2996_-1.18826
112.314_92.8362_-1.18138
112.503_92.3732_-1.18826
112.691_91.9098_-1.18138
112.879_91.4469_-1.18826
113.079_91_-1.07234
113.326_90.5685_-1.01052
113.596_90.1488_-0.976101
113.879_89.7368_-0.955439
114.17_89.3308_-0.934777
114.475_88.9453_-0.832261
114.817_88.5823_-0.784119
115.174_88.2339_-0.749702
115.542_87.8959_-0.72904
115.916_87.5637_-0.722151
116.286_87.2296_-0.756568
116.647_86.8841_-0.777229
117.003_86.5326_-0.784119
117.356_86.1788_-0.791008
117.707_85.8224_-0.797897
118.032_85.4598_-0.927123
118.307_85.0583_-1.05635
118.528_84.6247_-1.18558
118.692_84.1661_-1.3148
118.795_83.6903_-1.44403
118.877_83.2103_-1.3148
119.02_82.745_-1.18558
119.222_82.2987_-1.06965
119.469_81.8678_-1.00783
119.74_81.4488_-0.973411
119.997_81.035_-1.10264
120.198_80.5915_-1.23186
120.34_80.1259_-1.36109
120.421_79.6458_-1.49032
120.44_79.1593_-1.61954
120.437_78.6724_-1.49032
120.497_78.1892_-1.36109
120.618_77.7177_-1.23186
120.799_77.2658_-1.10264
121.037_76.841_-0.973411
121.294_76.4272_-1.10264
121.495_75.9837_-1.23186
121.637_75.5181_-1.36109
121.718_75.038_-1.49032
121.737_74.5515_-1.61954
121.734_74.0646_-1.49032
121.793_73.5814_-1.36109
121.915_73.1099_-1.23186
122.091_72.6467_-1.15641
122.297_72.1922_-1.12199
122.519_71.7451_-1.08757
122.754_71.3042_-1.06691
122.998_70.8683_-1.04625
123.25_70.4362_-1.03936
123.504_70.0058_-1.03247
123.77_69.5894_-0.943445
124.069_69.1908_-0.895303
124.384_68.803_-0.874641
124.707_68.4218_-0.853979
125.036_68.0457_-0.84709
125.374_67.6948_-0.717864
125.651_67.4673_-0.622645
126.058_67.2004_-0.493418
126.497_66.9881_-0.364192
126.787_66.8863_-0.282576
126.836_66.8722_-0.268973
126.861_66.8654_-0.262172
127.336_66.7593_-0.132946
127.821_66.7153_-0.00371947
128.308_66.7341_0.125507
128.788_66.8155_0.254733
129.253_66.958_0.383959
129.708_67.1551_0.459417
130.151_67.3831_0.507559
130.584_67.6307_0.541976
131.011_67.8914_0.562638
131.433_68.159_0.569527
131.854_68.404_0.440301
132.304_68.5955_0.32438
132.778_68.7443_0.262553
133.262_68.8683_0.228137
133.749_68.9779_0.207475
134.224_69.0969_0.323396
134.69_69.2661_0.398854
135.147_69.4652_0.433271
135.6_69.6781_0.453932
136.047_69.9003_0.474594
136.489_70.1042_0.345368
136.954_70.2495_0.216142
137.433_70.3337_0.0869157
137.92_70.3554_-0.0423104
138.405_70.3142_-0.171537
138.888_70.2515_-0.0423104
139.375_70.2515_0.0869157
139.863_70.3107_0.189432
140.349_70.4143_0.251259
140.831_70.544_0.285676
141.292_70.7008_0.414902
141.729_70.9158_0.544128
142.134_71.1853_0.673354
142.514_71.5039_0.748812
142.873_71.8489_0.796954
143.228_72.1824_0.667728
143.623_72.4674_0.538502
144.051_72.6992_0.409276
144.506_72.8738_0.28005
144.979_72.9885_0.150824
145.457_73.082_0.28005
145.918_73.2362_0.409276
146.356_73.4487_0.538502
146.775_73.7135_0.61396
147.178_74.007_0.662102
147.574_74.3114_0.641441
147.977_74.6077_0.620779
148.384_74.8975_0.61389
148.793_75.1846_0.607
149.205_75.4688_0.600111
149.618_75.7265_0.470885
150.061_75.9288_0.341659
150.526_76.0724_0.212433
151.006_76.1548_0.0832068
151.492_76.1746_-0.0460194
151.979_76.1729_0.0832068
152.259_76.2032_0.158022
152.411_76.2294_0.19883
152.486_76.2451_0.219234
152.536_76.2565_0.232837
153.005_76.3888_0.362063
153.452_76.5804_0.491289
153.72_76.7328_0.572906
153.805_76.7892_0.600111
153.827_76.8037_0.606913
154.238_77.0642_0.477686
154.679_77.2695_0.34846
155.144_77.4162_0.219234
155.623_77.5019_0.0900081
156.109_77.525_-0.039218
156.596_77.5266_0.0900081
157.079_77.5908_0.219234
157.552_77.7154_0.335155
158.018_77.8885_0.396982
158.476_78.0868_0.431398
158.927_78.2714_0.302172
159.397_78.3965_0.172946
159.88_78.4599_0.0437199
160.367_78.4605_-0.0855063
160.85_78.3984_-0.214732
161.321_78.2746_-0.343958
161.772_78.0911_-0.473185
162.195_77.8511_-0.602411
162.584_77.5584_-0.731637
162.933_77.2181_-0.860863
163.251_76.8351_-0.909005
163.553_76.4379_-0.943422
163.844_76.0314_-0.964084
164.128_75.62_-0.970973
164.409_75.2066_-0.977862
164.673_74.7892_-1.06689
164.907_74.3491_-1.11503
165.121_73.8985_-1.14945
165.322_73.4411_-1.17011
165.516_72.9803_-1.177
165.722_72.539_-1.04777
165.983_72.1279_-0.918545
166.295_71.7538_-0.789319
166.652_71.423_-0.660093
167.049_71.141_-0.530867
167.458_70.8769_-0.660093
167.829_70.5624_-0.789319
168.157_70.2025_-0.918545
168.436_69.8034_-1.04777
168.664_69.3703_-1.16369
168.859_68.9101_-1.18435
169.046_68.4466_-1.19124
169.231_67.9818_-1.19813
169.414_67.5166_-1.19124
169.598_67.0518_-1.19813
169.764_66.5867_-1.28716
169.896_66.1063_-1.3353
170.007_65.6197_-1.36972
170.101_65.1295_-1.40413
170.18_64.6362_-1.42479
170.266_64.15_-1.33577
170.39_63.6674_-1.28763
170.535_63.1898_-1.25321
170.694_62.7162_-1.23255
170.861_62.2449_-1.22566
171.045_61.7942_-1.09643
171.286_61.3708_-0.967207
171.579_60.9821_-0.837981
171.92_60.6343_-0.708755
172.303_60.3333_-0.579529
172.698_60.0497_-0.708755
173.054_59.7174_-0.837981
173.364_59.342_-0.967207
173.63_58.9279_-1.06972
173.859_58.4871_-1.13155
174.059_58.0335_-1.20701
174.231_57.565_-1.24143
174.389_57.0911_-1.26209
174.54_56.6144_-1.26898
174.688_56.1367_-1.27587
174.834_55.6587_-1.26898
174.984_55.1817_-1.26209
175.137_54.7057_-1.2552
175.293_54.2308_-1.24831
175.453_53.757_-1.24142
175.617_53.2853_-1.22076
175.79_52.816_-1.21387
175.966_52.348_-1.20698
176.145_51.8811_-1.20009
176.327_51.4156_-1.1932
176.518_50.9555_-1.14506
176.729_50.5033_-1.11064
176.952_50.0559_-1.10375
177.179_49.61_-1.09686
177.408_49.1656_-1.08997
177.642_48.7242_-1.06931
177.883_48.2864_-1.06242
178.128_47.8502_-1.05553
178.375_47.4157_-1.04864
178.623_46.9818_-1.05553
178.854_46.5451_-1.14456
179.053_46.0882_-1.1927
179.234_45.6226_-1.21336
179.405_45.1533_-1.23403
179.57_44.6811_-1.24091
179.708_44.2141_-1.37014
179.784_43.7333_-1.49937
179.798_43.2467_-1.62859
179.75_42.7622_-1.75782
179.639_42.2881_-1.88705
179.468_41.8322_-2.01627
179.24_41.4021_-2.1455
178.958_41.005_-2.27472
178.628_40.6475_-2.40395
178.254_40.3356_-2.53318
177.843_40.0745_-2.6624
177.402_39.8685_-2.79163
176.933_39.713_-2.88065
176.45_39.5946_-2.94248
175.96_39.5015_-2.9769
175.471_39.41_-2.91507
174.986_39.2923_-2.88065
174.504_39.1601_-2.85999
174.025_39.0179_-2.83933
173.548_38.868_-2.83244
173.072_38.724_-2.88058
172.588_38.5984_-2.90124
172.102_38.4828_-2.92191
171.614_38.375_-2.9288
171.125_38.2705_-2.93568
170.923_38.2322_-2.9901
170.433_38.1471_-2.92827
169.948_38.0338_-2.88013
169.466_37.9013_-2.85947
168.987_37.7611_-2.85258
168.508_37.6175_-2.84569
168.035_37.4628_-2.78386
167.57_37.2827_-2.74944
167.109_37.0885_-2.72878
166.652_36.8869_-2.72189
166.196_36.6821_-2.715
165.739_36.4809_-2.74942
165.276_36.2931_-2.77008
164.81_36.1126_-2.77697
164.342_35.9354_-2.78386
163.874_35.7614_-2.79075
163.404_35.5907_-2.79764
162.933_35.4232_-2.80453
162.461_35.2567_-2.79764
161.99_35.0892_-2.80453
161.519_34.9228_-2.79764
161.048_34.7553_-2.80453
160.576_34.5889_-2.79764
160.105_34.4213_-2.80453
159.634_34.2549_-2.79764
159.163_34.0874_-2.80453
158.691_33.921_-2.79764
158.22_33.7535_-2.80453
157.748_33.5988_-2.86635
157.274_33.4864_-2.99558
156.79_33.436_-3.12481
