configuration -14.0353517532_151.94859314_0.0_1.0_147.259887695_176.039077759_0.145212769539_0.989400450557
length 413.599
time 300
roughness 3.61238e-05
-14.0354_151.949_-0
-13.9071_151.947_-0.0340069
-13.9071_151.947_-0.0340069
-13.4217_151.91_-0.163233
-12.937_151.815_-0.252258
-12.4583_151.682_-0.314085
-11.9855_151.522_-0.348502
-11.517_151.348_-0.369163
-11.0522_151.165_-0.389825
-10.5945_150.999_-0.260599
-10.1138_150.886_-0.171574
-9.48231_150.459_0.0133053
-8.98265_150.463_-0.00735643
-8.48271_150.458_-0.0142456
-7.98282_150.449_-0.0211348
-7.48299_150.438_-0.0280241
-6.98319_150.425_-0.0211348
-6.48337_150.413_-0.0280241
-5.99251_150.383_-0.130541
-5.49964_150.31_-0.178683
-4.70607_150.372_-0.29795
-4.63237_150.35_-0.277546
-4.63237_150.35_-0.277546
-4.15888_150.236_-0.14832
-3.67472_150.185_-0.0190936
-3.18297_150.192_0.0834232
-2.28597_150.344_0.226896
-1.80174_150.441_0.137871
-1.30812_150.499_0.076044
-0.810808_150.529_0.0279018
-0.311248_150.539_0.00724009
0.188422_150.54_-0.0134217
0.68799_150.529_-0.0340834
1.17346_150.492_-0.16331
1.65304_150.394_-0.27923
2.53995_150.429_-0.494981
2.74078_150.315_-0.556193
2.74078_150.315_-0.556193
3.16478_150.05_-0.563082
3.58546_149.78_-0.583744
4.002_149.504_-0.590633
4.65176_149.097_-0.598225
5.06658_148.819_-0.577563
5.48608_148.547_-0.570674
5.90743_148.278_-0.563785
6.33063_148.012_-0.556895
6.75445_147.746_-0.563785
7.17765_147.48_-0.556895
7.59999_147.213_-0.577557
8.01672_146.937_-0.598219
8.87032_146.429_-0.625705
9.26942_146.131_-0.673847
9.65582_145.815_-0.708264
10.0331_145.487_-0.728926
10.4035_145.152_-0.749587
10.7686_144.81_-0.756477
11.1315_144.466_-0.763366
11.4859_144.116_-0.811508
11.8273_143.752_-0.83217
12.5486_143.094_-0.88648
12.8707_142.715_-0.824653
13.2147_142.355_-0.776511
13.5735_142.007_-0.755849
13.9395_141.667_-0.735188
14.3111_141.332_-0.728298
14.6849_141_-0.721409
15.0634_140.675_-0.686993
15.4519_140.361_-0.666331
16.2163_139.726_-0.638886
16.6208_139.447_-0.536369
17.0532_139.201_-0.474542
17.4999_138.981_-0.4264
17.9567_138.78_-0.391984
18.4197_138.592_-0.371322
18.8866_138.414_-0.35066
19.3364_138.227_-0.479886
19.7647_137.986_-0.582403
20.6378_137.816_-0.801095
20.9615_137.453_-0.930321
21.2357_137.05_-1.05955
21.4557_136.616_-1.18877
21.6262_136.152_-1.2778
21.7569_135.427_-1.37921
21.8463_134.936_-1.41363
21.9187_134.442_-1.44804
21.9765_133.946_-1.46871
22.0537_133.048_-1.48114
22.095_132.55_-1.50181
22.126_132.051_-1.52247
22.149_131.552_-1.52936
22.1928_130.709_-1.54358
22.1928_130.709_-1.54358
22.2076_130.21_-1.53669
22.2258_129.71_-1.5298
22.2451_129.21_-1.53669
22.2633_128.711_-1.5298
22.2827_128.211_-1.53669
22.2828_127.719_-1.63921
22.2408_127.223_-1.68735
22.3452_126.432_-1.79413
22.2291_125.947_-1.82855
22.0984_125.465_-1.84921
21.9621_124.984_-1.84232
21.8291_124.502_-1.83543
21.5224_123.751_-1.82134
21.4091_123.267_-1.75951
21.3211_122.775_-1.72509
21.2501_122.281_-1.69068
21.1785_121.791_-1.76613
21.074_121.304_-1.81428
21.1077_120.412_-1.91656
20.9622_119.947_-1.78733
20.8754_119.465_-1.67141
20.8403_118.973_-1.58238
20.8553_118.486_-1.45316
20.9295_118_-1.35064
21.0675_117.272_-1.20804
21.2369_116.803_-1.25618
21.3858_116.327_-1.2906
21.5184_115.845_-1.32501
21.6366_115.36_-1.34567
21.7251_114.881_-1.4749
21.7556_114.39_-1.57742
21.9446_113.751_-1.75755
21.8745_113.269_-1.62832
21.8672_112.782_-1.4991
21.9226_112.298_-1.36987
22.0399_111.826_-1.24065
22.2171_111.372_-1.11142
22.2171_111.372_-1.11142
22.4143_110.927_-1.24065
22.5525_110.46_-1.36987
22.6166_110.081_-1.47189
22.6258_109.979_-1.4991
22.6276_109.953_-1.5059
22.6276_109.953_-1.5059
22.6519_109.456_-1.55404
22.6545_108.957_-1.58846
22.64_108.458_-1.62287
22.5941_107.973_-1.7521
22.4908_107.49_-1.84113
22.495_106.929_-2.01778
22.3033_106.481_-1.88855
22.1709_106.013_-1.75933
22.1_105.531_-1.6301
22.0918_105.044_-1.50088
22.1463_104.56_-1.37165
22.1463_104.56_-1.37165
22.2487_104.137_-1.25603
22.2487_104.137_-1.25603
22.4505_103.611_-1.12
22.6595_103.228_-0.990773
22.9258_102.807_-1.03891
23.1762_102.375_-1.05958
23.4177_101.937_-1.08024
23.6317_101.497_-1.19616
23.804_101.031_-1.25799
24.2656_100.207_-1.38522
24.3448_99.7176_-1.46067
24.3916_99.2216_-1.50882
24.4192_98.7227_-1.52948
24.4364_98.2234_-1.55014
24.4455_97.7235_-1.55703
24.4455_97.7235_-1.55703
24.4534_97.4928_-1.49582
24.4534_97.4928_-1.49582
24.4964_96.9956_-1.4614
24.5566_96.5002_-1.42698
24.6467_96.0217_-1.29776
24.7939_95.5503_-1.20873
24.8729_94.8838_-1.04013
25.1013_94.4538_-1.16935
25.2724_93.998_-1.29858
25.3833_93.5239_-1.4278
25.4322_93.0395_-1.55703
25.4183_92.5528_-1.68626
25.4183_92.5528_-1.68626
25.3827_92.0672_-1.55703
25.404_91.5738_-1.468
25.4631_91.0791_-1.41986
25.5438_90.5866_-1.38545
25.6393_90.0961_-1.36478
25.6393_90.0961_-1.36478
25.726_89.61_-1.45381
25.7762_89.1143_-1.50195
25.8048_88.6161_-1.53637
25.8186_88.1166_-1.55703
25.8243_87.6166_-1.56392
25.8243_87.6166_-1.56392
25.8312_87.117_-1.54326
25.8461_86.6173_-1.53637
25.8645_86.1176_-1.52948
25.8863_85.6182_-1.52259
25.9115_85.1188_-1.5157
25.9115_85.1188_-1.5157
25.9402_84.6197_-1.50881
25.9723_84.1208_-1.50192
26.0079_83.6221_-1.49503
26.087_82.6253_-1.49503
26.1282_82.1273_-1.47437
26.1798_81.6303_-1.45371
26.2393_81.1339_-1.44682
26.3023_80.6379_-1.43993
26.3686_80.1424_-1.43304
26.3686_80.1424_-1.43304
26.4104_79.7344_-1.54186
26.4111_79.4268_-1.62348
26.3919_79.1711_-1.69149
26.3636_78.9679_-1.7459
26.3295_78.7917_-1.79351
26.3295_78.7917_-1.79351
26.2273_78.3041_-1.74537
26.1462_77.8116_-1.71096
26.0798_77.3164_-1.69029
26.0214_76.8199_-1.6834
25.9462_76.3388_-1.81263
25.8155_75.8608_-1.88809
25.8856_75.3164_-2.07489
25.6687_74.8805_-1.94566
25.5098_74.4202_-1.81643
25.4115_73.9434_-1.68721
25.3755_73.4578_-1.55798
25.4023_72.9717_-1.42876
25.4023_72.9717_-1.42876
25.4916_72.493_-1.29953
25.6394_72.0239_-1.19701
25.8303_71.565_-1.13519
26.0461_71.115_-1.10077
26.2755_70.6711_-1.08011
26.2755_70.6711_-1.08011
26.4865_70.2323_-1.20933
26.6447_69.7667_-1.31185
26.7621_69.2837_-1.37368
26.8543_68.7932_-1.40809
26.9318_68.2996_-1.42876
26.9318_68.2996_-1.42876
26.9318_68.2996_-1.42876
26.9318_68.2996_-1.42876
27.0037_67.8048_-1.42187
27.079_67.3105_-1.41498
27.1577_66.8168_-1.40809
27.3163_65.8296_-1.40809
27.3939_65.3359_-1.42875
27.4635_64.8408_-1.43564
27.5297_64.3453_-1.44253
27.5926_63.8493_-1.44942
27.652_63.3529_-1.45631
27.652_63.3529_-1.45631
27.687_62.8672_-1.58553
27.6632_62.376_-1.68805
27.5949_61.8837_-1.74988
27.5004_61.3936_-1.78429
27.3911_60.9061_-1.80495
27.3911_60.9061_-1.80495
27.2983_60.4281_-1.67573
27.2679_59.9422_-1.5465
27.3003_59.4563_-1.41728
27.3951_58.9788_-1.28805
27.5507_58.5174_-1.15882
27.5507_58.5174_-1.15882
27.7265_58.0634_-1.28805
27.8424_57.5905_-1.41728
27.8988_57.1042_-1.5332
27.905_56.6087_-1.60866
27.7234_55.6602_-1.67573
27.6676_55.1636_-1.69639
27.6038_54.6678_-1.70328
27.5389_54.172_-1.69639
27.4247_53.6737_-1.68796
27.3884_53.1882_-1.55873
27.4067_52.693_-1.48327
27.4561_52.1963_-1.44885
27.5203_51.7008_-1.42819
27.5947_51.2067_-1.40753
27.5947_51.2067_-1.40753
27.6793_50.7142_-1.38687
27.7718_50.2229_-1.37998
27.8678_49.7322_-1.37309
27.9554_49.243_-1.43492
28.0173_48.7478_-1.46933
28.2877_47.8874_-1.55611
28.2742_47.4007_-1.68533
28.1998_46.9169_-1.80125
28.0349_46.381_-1.96419
27.8675_45.9238_-1.83496
27.7604_45.4488_-1.70574
27.7154_44.964_-1.57651
27.7333_44.4775_-1.44729
27.8137_43.9973_-1.31806
27.8137_43.9973_-1.31806
27.9154_43.5211_-1.44729
27.9548_43.0358_-1.57651
27.9314_42.5495_-1.70574
27.8455_42.0702_-1.83496
27.6986_41.606_-1.96419
27.6986_41.606_-1.96419
27.5312_41.1488_-1.83496
27.4241_40.6739_-1.70574
27.3791_40.1891_-1.57651
27.3969_39.7025_-1.44729
27.4773_39.2223_-1.31806
27.4773_39.2223_-1.31806
27.6096_38.742_-1.26992
27.761_38.2658_-1.24926
27.9221_37.7928_-1.22859
28.091_37.3222_-1.2217
28.2631_36.8528_-1.21482
28.2631_36.8528_-1.21482
28.4424_36.387_-1.1804
28.6357_35.9263_-1.15974
28.8385_35.4696_-1.13908
29.0487_35.016_-1.13219
29.2621_34.5639_-1.1253
29.2621_34.5639_-1.1253
29.4644_34.1115_-1.20076
29.6396_33.6441_-1.23517
29.8009_33.1712_-1.25583
29.9524_32.6951_-1.2765
30.0963_32.2163_-1.28338
30.0963_32.2163_-1.28338
30.2369_31.7365_-1.29027
30.3743_31.2557_-1.29716
30.5083_30.7741_-1.30405
30.7751_29.8104_-1.30405
30.9233_29.3466_-1.17483
31.1299_28.9058_-1.0456
31.3917_28.4952_-0.916374
31.7042_28.1218_-0.787148
32.0622_27.7918_-0.657922
32.0622_27.7918_-0.657922
32.4597_27.5107_-0.528696
32.8901_27.2831_-0.399469
33.3505_27.1045_-0.310444
33.8273_26.96_-0.262302
34.3108_26.8361_-0.227885
34.3108_26.8361_-0.227885
34.7893_26.7463_-0.0986592
35.2754_26.7189_0.030567
35.5315_26.7325_0.0985807
35.5825_26.7377_0.112183
35.608_26.7407_0.118985
35.608_26.7407_0.118985
36.0914_26.8173_0.234906
36.6745_27.0013_0.411444
37.1121_27.2148_0.54067
37.435_27.4236_0.642691
37.5569_27.5174_0.683499
37.5965_27.55_0.697102
37.6161_27.5665_0.703903
37.6161_27.5665_0.703903
37.9965_27.891_0.710792
38.3747_28.218_0.717681
38.9246_29.0011_0.703903
38.9246_29.0011_0.703903
38.9246_29.0011_0.703903
39.3014_29.3284_0.73832
39.6686_29.6673_0.758981
40.0346_30.0065_0.724565
40.411_30.3352_0.703903
40.7152_30.7751_0.648241
41.1176_31.0644_0.572783
41.5376_31.3107_0.443557
41.9897_31.5094_0.354532
42.8235_31.8585_0.211433
43.3122_31.9553_0.163291
43.8058_32.0331_0.14263
44.3269_32.1007_0.101032
44.824_32.1453_0.0666158
45.3228_32.1751_0.045954
45.8218_32.2015_0.0666158
46.3206_32.236_0.073505
47.2819_32.1784_0.120149
47.774_32.2481_0.181976
48.2638_32.344_0.216392
49.2295_32.5972_0.271347
49.475_32.6714_0.339361
49.475_32.6714_0.339361
49.9268_32.8528_0.468587
50.3515_33.0909_0.597813
50.742_33.3818_0.72704
50.9297_33.5564_0.795053
51.0009_33.6303_0.822259
51.0009_33.6303_0.822259
51.342_33.9958_0.81537
51.687_34.3572_0.794708
52.0381_34.7132_0.787819
52.608_35.341_0.752712
52.9761_35.678_0.718296
53.3546_36.0042_0.697634
53.7385_36.3245_0.690745
54.1246_36.6422_0.683856
54.5129_36.9572_0.676966
54.5129_36.9572_0.676966
54.905_37.2458_0.54774
55.3339_37.4905_0.458715
55.7841_37.7039_0.410573
56.244_37.8978_0.376156
56.71_38.0782_0.355494
56.71_38.0782_0.355494
57.1732_38.2281_0.226268
57.6519_38.3172_0.0970421
58.1462_38.3528_0.0215839
58.6444_38.3556_-0.0265582
59.1438_38.3389_-0.0472199
59.1438_38.3389_-0.0472199
59.6306_38.3365_0.0820062
60.1138_38.397_0.211232
60.5934_38.5147_0.300258
61.0669_38.6696_0.3484
61.534_38.8454_0.382816
61.534_38.8454_0.382816
61.9775_39.0462_0.512043
62.4007_39.3008_0.601068
62.807_39.589_0.64921
63.2029_39.8939_0.669872
63.5925_40.2068_0.690534
63.5925_40.2068_0.690534
63.9806_40.5007_0.561308
64.4034_40.7422_0.432081
64.8554_40.9301_0.316161
65.3302_41.0723_0.240702
66.2412_41.1521_0.160026
66.7182_41.25_0.289253
67.1785_41.4085_0.418479
67.6179_41.6243_0.534399
68.0597_41.9265_0.690534
68.4479_42.2204_0.561308
68.8707_42.4619_0.432081
69.3211_42.6468_0.302855
69.6171_42.7307_0.221239
69.7173_42.7523_0.194033
69.7173_42.7523_0.194033
70.2059_42.8541_0.22845
70.6918_42.9707_0.249112
71.1683_43.0706_0.119886
71.6601_43.1152_0.0308602
72.3637_43.4727_-0.161177
72.8564_43.3891_-0.181839
73.3479_43.2976_-0.188728
73.837_43.1984_-0.223145
74.3243_43.0866_-0.230034
75.0446_42.9268_-0.258964
75.5201_42.8221_-0.129738
76.0052_42.7797_-0.000511908
76.4916_42.8001_0.128714
76.9714_42.883_0.25794
77.4473_43.0213_0.333398
77.4473_43.0213_0.333398
77.9002_43.2_0.462625
78.338_43.4322_0.538083
78.7636_43.6929_0.572499
79.1817_43.9665_0.593161
79.5941_44.2486_0.613823
79.5941_44.2486_0.613823
79.9799_44.5457_0.743049
80.3242_44.89_0.872275
80.6212_45.2758_1.0015
80.866_45.6966_1.13073
81.0546_46.1455_1.25995
81.0546_46.1455_1.25995
81.223_46.6023_1.13073
81.4489_47.0337_1.0015
81.7285_47.4323_0.872275
82.0571_47.7915_0.743049
82.4293_48.1054_0.613823
82.4293_48.1054_0.613823
82.8272_48.4009_0.689281
83.2065_48.7239_0.737423
83.5741_49.0624_0.758085
83.9345_49.4084_0.778747
84.2896_49.7604_0.785636
84.2896_49.7604_0.785636
84.6488_50.0993_0.696611
85.0365_50.4103_0.634784
85.4405_50.6821_0.505558
85.8774_50.9027_0.389637
86.5567_51.2653_0.209648
87.0406_51.3787_0.271475
87.5168_51.4919_0.155554
88.0102_51.5612_0.107412
88.534_52.0036_-0.0460626
89.0209_52.0018_0.0831636
89.504_52.0628_0.21239
89.9809_52.1826_0.314906
90.4521_52.3445_0.363049
90.9166_52.5271_0.397465
90.9166_52.5271_0.397465
91.3731_52.6964_0.268239
91.8477_52.8054_0.139013
92.3323_52.8524_0.00978687
92.8189_52.8365_-0.119439
93.2994_52.758_-0.248665
93.2994_52.758_-0.248665
93.7799_52.6532_-0.146149
94.2719_52.5933_-0.0706904
94.7586_52.5795_0.0585357
95.2458_52.6268_0.174456
95.8913_52.6987_0.343054
96.3607_52.87_0.363716
96.8275_53.0489_0.370605
97.2931_53.2311_0.377494
97.7575_53.4164_0.384384
98.2205_53.605_0.391273
98.2205_53.605_0.391273
98.6781_53.7714_0.262047
99.1533_53.8775_0.132821
99.6406_53.9238_0.0168998
100.138_53.9219_-0.0449267
100.635_53.8916_-0.0930689
101.133_53.7202_-0.112029
101.619_53.6863_0.0171972
102.105_53.7153_0.146423
102.996_53.9312_0.391273
103.444_54.134_0.49379
103.877_54.3785_0.555616
104.298_54.6466_0.590033
104.711_54.9275_0.610695
105.12_55.2151_0.617584
105.12_55.2151_0.617584
105.505_55.5136_0.74681
105.854_55.8597_0.849327
106.175_56.2396_0.911153
106.476_56.6375_0.94557
106.766_57.0446_0.966232
106.766_57.0446_0.966232
107.059_57.4331_0.837005
107.4_57.7806_0.707779
107.783_58.0811_0.578553
108.202_58.3299_0.449327
108.649_58.5226_0.320101
108.649_58.5226_0.320101
109.104_58.6952_0.449327
109.533_58.9251_0.578553
109.929_59.2084_0.707779
110.286_59.5403_0.837005
110.596_59.9154_0.966232
110.596_59.9154_0.966232
110.889_60.3133_0.877206
111.214_60.6889_0.81538
111.56_61.0482_0.780963
111.918_61.3975_0.760301
112.281_61.7412_0.753412
112.281_61.7412_0.753412
112.65_62.059_0.624186
113.057_62.3266_0.49496
113.494_62.5395_0.365734
113.956_62.6942_0.236508
114.409_62.7842_0.114083
114.409_62.7842_0.114083
114.434_62.7881_0.107281
114.923_62.8554_0.196307
115.408_62.9623_0.258133
115.89_63.0953_0.29255
116.368_63.2405_0.299439
116.845_63.3891_0.306328
116.845_63.3891_0.306328
117.319_63.5451_0.340745
117.789_63.7153_0.361407
118.252_63.8989_0.409549
118.708_64.1029_0.443966
119.508_64.422_0.491066
119.939_64.6665_0.566524
120.35_64.9429_0.641983
120.744_65.2476_0.690125
121.2_65.6846_0.73081
121.548_66.0247_0.860037
121.85_66.4068_0.989263
122.106_66.8267_1.09178
122.326_67.2724_1.15361
122.523_67.731_1.18802
122.523_67.731_1.18802
122.691_68.1931_1.29054
122.821_68.674_1.33868
122.931_69.161_1.3731
123.025_69.6516_1.39376
123.112_70.144_1.40065
123.112_70.144_1.40065
123.174_70.6269_1.52988
123.174_71.1138_1.6591
123.112_71.5994_1.77502
122.999_72.082_1.85048
122.596_72.9594_1.91755
122.45_73.4239_1.78833
122.365_73.9033_1.6591
122.377_74.8823_1.44085
122.42_75.3673_1.57008
122.4_75.8538_1.6993
122.317_76.3336_1.82853
122.173_76.7987_1.95775
121.97_77.2414_2.08698
121.97_77.2414_2.08698
121.731_77.6786_2.03884
121.509_78.1261_2.01818
121.296_78.5781_1.99751
121.09_79.0337_1.99063
120.887_79.4907_1.98374
120.887_79.4907_1.98374
120.673_79.928_2.11296
120.404_80.334_2.24219
120.086_80.7085_2.34471
119.731_81.0568_2.40653
119.356_81.3849_2.45467
119.356_81.3849_2.45467
118.993_81.7094_2.32545
118.675_82.0779_2.19622
118.407_82.4843_2.067
118.193_82.9219_1.93777
118.038_83.3834_1.80854
118.038_83.3834_1.80854
117.903_83.8513_1.93777
117.71_84.298_2.067
117.46_84.7159_2.19622
117.158_85.0982_2.32545
116.81_85.4385_2.45467
116.81_85.4385_2.45467
116.419_85.7431_2.53013
116.007_86.0225_2.57827
115.582_86.2842_2.61269
115.149_86.5333_2.63335
114.71_86.7735_2.65401
114.71_86.7735_2.65401
114.29_87.0196_2.52479
113.905_87.3178_2.39556
113.562_87.6631_2.26634
113.266_88.0498_2.13711
113.011_88.4745_2.06165
113.011_88.4745_2.06165
112.8_88.9133_1.93243
112.647_89.3756_1.8032
112.555_89.8537_1.67397
112.534_90.1092_1.60596
112.532_90.2118_1.57875
112.532_90.2118_1.57875
112.559_90.8254_1.41552
112.651_91.3085_1.313
112.788_91.7864_1.25118
112.95_92.2584_1.21676
113.127_92.7258_1.1961
113.311_93.1907_1.18921
113.311_93.1907_1.18921
113.473_93.6498_1.31844
113.574_94.126_1.44766
113.613_94.6113_1.57689
113.59_95.0977_1.70611
113.505_95.5798_1.82204
113.505_95.5798_1.82204
113.364_96.0458_1.95126
113.165_96.4898_2.08049
112.909_96.9044_2.20971
112.603_97.2826_2.33894
112.25_97.6181_2.46817
112.25_97.6181_2.46817
111.882_97.9376_2.33894
111.559_98.3018_2.20971
111.286_98.7046_2.08049
111.06_99.1418_1.97797
110.873_99.6021_1.91614
110.873_99.6021_1.91614
110.689_100.053_2.04537
110.448_100.476_2.1746
110.155_100.865_2.30382
109.814_101.213_2.43305
109.431_101.513_2.56228
109.431_101.513_2.56228
109.019_101.793_2.51413
108.618_102.09_2.47972
108.226_102.4_2.45905
107.841_102.718_2.43839
107.462_103.044_2.41773
107.462_103.044_2.41773
107.111_103.381_2.28851
106.807_103.761_2.15928
106.554_104.178_2.03005
106.357_104.623_1.90083
106.218_105.09_1.7716
106.218_105.09_1.7716
106.142_105.57_1.64237
106.127_106.057_1.51315
106.176_106.542_1.38392
106.287_107.016_1.2547
106.458_107.472_1.12547
106.458_107.472_1.12547
106.648_107.92_1.2547
106.78_108.388_1.38392
106.85_108.87_1.51315
106.858_109.357_1.64237
106.802_109.841_1.7716
106.802_109.841_1.7716
106.688_110.319_1.87412
106.53_110.79_1.93594
106.346_111.254_1.97036
106.149_111.713_1.99102
105.944_112.169_1.99791
105.944_112.169_1.99791
105.761_112.621_1.86869
105.638_113.092_1.73946
105.565_113.583_1.67763
105.517_114.08_1.64322
105.484_114.579_1.62255
105.484_114.579_1.62255
105.438_115.063_1.75178
105.331_115.538_1.88101
105.162_115.995_2.01023
104.937_116.427_2.13946
104.658_116.825_2.26868
104.658_116.825_2.26868
104.329_117.185_2.39791
103.956_117.511_2.47337
103.56_117.814_2.52151
103.151_118.099_2.55593
102.732_118.372_2.57659
102.732_118.372_2.57659
102.333_118.65_2.44736
101.972_118.977_2.31814
101.656_119.348_2.18891
101.391_119.756_2.05969
101.17_120.2_1.98423
101.17_120.2_1.98423
100.968_120.657_1.99112
100.763_121.113_1.99801
100.554_121.568_2.00489
100.131_122.473_2.00489
99.9449_122.923_1.87567
99.8186_123.393_1.74644
99.7539_123.876_1.61722
99.7455_124.37_1.52819
99.7768_124.866_1.46636
99.7768_124.866_1.46636
99.807_125.352_1.59559
99.7743_125.838_1.72482
99.6809_126.318_1.84074
99.5385_126.794_1.90256
99.3705_127.264_1.93698
99.3705_127.264_1.93698
99.1831_127.725_1.99881
98.9707_128.176_2.03322
98.7448_128.622_2.05389
98.5115_129.064_2.06077
98.2752_129.505_2.06766
98.2752_129.505_2.06766
98.0499_129.946_1.99221
97.851_130.404_1.95779
97.6656_130.868_1.93713
97.4899_131.336_1.91647
97.3216_131.806_1.90958
97.3216_131.806_1.90958
97.1543_132.278_1.91647
96.986_132.748_1.90958
96.8209_133.22_1.90269
96.6687_133.693_1.84086
96.541_134.176_1.80644
96.2335_134.886_1.73998
96.1719_135.369_1.61076
96.1645_135.865_1.5353
96.2322_136.565_1.44647
96.2721_137.05_1.5757
96.2491_137.537_1.70492
96.1651_138.019_1.82084
96.0305_138.496_1.8963
95.8637_138.965_1.94444
95.8637_138.965_1.94444
95.6678_139.414_2.06036
95.4239_139.845_2.13582
95.1504_140.262_2.18396
94.86_140.668_2.20463
94.5614_141.069_2.22529
94.5614_141.069_2.22529
94.2816_141.468_2.09606
94.0555_141.899_1.96684
93.8869_142.356_1.83761
93.7785_142.83_1.70838
93.7323_143.315_1.57916
93.7323_143.315_1.57916
93.7076_143.801_1.70838
93.6204_144.28_1.83761
93.4723_144.744_1.96684
93.2697_145.196_2.04229
93.0379_145.638_2.07671
93.0379_145.638_2.07671
92.8011_146.078_2.04229
92.5772_146.524_2.02163
92.3626_146.976_2.00097
92.1551_147.43_1.99408
91.9508_147.887_1.98719
91.9508_147.887_1.98719
91.7729_148.34_1.85797
91.6549_148.812_1.72874
91.5988_149.296_1.59951
91.6054_149.783_1.47029
91.6748_150.265_1.34106
91.6748_150.265_1.34106
91.8057_150.734_1.21183
91.9959_151.182_1.08261
92.2422_151.602_0.953382
92.5407_151.987_0.824156
92.8862_152.33_0.69493
92.8862_152.33_0.69493
93.2467_152.657_0.824156
93.5619_153.028_0.953382
93.8267_153.437_1.08261
94.0366_153.876_1.21183
94.1882_154.339_1.34106
94.1882_154.339_1.34106
94.3191_154.808_1.21183
94.5093_155.256_1.08261
94.7557_155.676_0.953382
95.0541_156.06_0.824156
95.3996_156.403_0.69493
95.3996_156.403_0.69493
95.7865_156.699_0.565704
95.7865_156.699_0.565704
95.9395_156.793_0.518094
95.9395_156.793_0.518094
96.3763_157.03_0.456268
96.8268_157.245_0.421851
97.5763_157.564_0.373458
97.6241_157.582_0.359855
97.6241_157.582_0.359855
98.093_157.755_0.339193
98.5655_157.916_0.304777
99.0431_158.062_0.284115
99.9584_158.309_0.270232
100.438_158.448_0.304648
100.913_158.601_0.32531
101.386_158.764_0.345972
101.856_158.935_0.352861
102.325_159.108_0.35975
102.325_159.108_0.35975
102.792_159.285_0.366639
103.259_159.464_0.35975
103.727_159.641_0.366639
104.661_159.996_0.366639
105.129_160.174_0.35975
105.596_160.351_0.366639
106.063_160.529_0.35975
106.998_160.885_0.35975
107.466_161.062_0.366639
107.933_161.24_0.35975
108.4_161.417_0.366639
109.335_161.772_0.366639
109.802_161.95_0.35975
110.27_162.125_0.352861
110.739_162.299_0.35975
111.674_162.654_0.35975
112.141_162.831_0.366639
112.609_163.01_0.35975
113.076_163.187_0.366639
114.013_163.535_0.366639
114.48_163.714_0.35975
114.949_163.889_0.352861
115.418_164.062_0.35975
116.352_164.418_0.35975
116.815_164.57_0.230524
117.3_164.671_0.155066
117.794_164.742_0.120649
118.29_164.799_0.0999875
118.788_164.845_0.0793257
118.788_164.845_0.0793257
119.271_164.904_0.208552
119.753_165.019_0.28401
120.229_165.166_0.332152
120.7_165.333_0.352814
121.169_165.506_0.359703
121.169_165.506_0.359703
121.637_165.683_0.366592
122.103_165.864_0.373482
122.568_166.047_0.380371
123.495_166.422_0.380371
123.959_166.591_0.291345
124.439_166.727_0.243203
124.924_166.844_0.222541
125.412_166.951_0.20188
125.902_167.05_0.19499
125.902_167.05_0.19499
126.384_167.16_0.284016
126.86_167.307_0.332158
127.33_167.475_0.366575
127.795_167.657_0.387236
128.258_167.847_0.394126
128.258_167.847_0.394126
128.719_168.04_0.401015
129.179_168.237_0.407904
129.638_168.434_0.401015
130.557_168.827_0.401015
131.017_169.024_0.407904
131.476_169.223_0.414793
131.934_169.423_0.407904
132.853_169.817_0.407904
133.312_170.014_0.401015
133.772_170.21_0.407904
134.231_170.408_0.401015
135.148_170.807_0.401015
135.608_171.004_0.407904
136.066_171.203_0.414793
136.524_171.403_0.407904
137.444_171.797_0.407904
137.902_171.996_0.414793
138.36_172.197_0.407904
138.819_172.396_0.414793
139.738_172.79_0.414793
140.197_172.986_0.380377
140.662_173.168_0.359715
141.131_173.341_0.339053
141.603_173.506_0.332164
142.076_173.668_0.325275
142.076_173.668_0.325275
142.545_173.834_0.373417
143.008_174.022_0.407833
143.465_174.223_0.428495
143.92_174.432_0.435384
144.372_174.644_0.442274
144.372_174.644_0.442274
144.825_174.857_0.435384
145.28_175.062_0.400968
145.741_175.254_0.380306
146.639_175.686_0.35292
