configuration 46.843963623_148.978851318_-0.536406748472_0.843959596304_156.577575684_33.1800613403_0.186652677497_0.98242596565
length 250.874
time 33.9286
roughness 6.44981e-05
46.844_148.979_-1.13235
47.0318_148.53_-1.26157
47.1655_148.056_-1.36409
47.2575_147.568_-1.42592
47.3216_147.074_-1.47406
47.3641_146.577_-1.50848
47.3917_146.078_-1.52914
47.4326_145.593_-1.39991
47.5309_145.109_-1.31089
47.3951_144.224_-1.13235
47.6203_143.792_-1.00312
47.8979_143.384_-0.914096
48.2084_142.994_-0.865954
48.5361_142.618_-0.831537
48.8752_142.251_-0.810875
48.8752_142.251_-0.810875
49.2102_141.884_-0.872702
49.5266_141.498_-0.907119
49.8316_141.102_-0.92778
50.1285_140.7_-0.948442
50.419_140.293_-0.955331
50.7067_139.884_-0.96222
50.9679_139.473_-1.09145
51.1769_139.031_-1.20737
51.7245_138.337_-1.43634
51.7557_138.134_-1.38193
51.7557_138.134_-1.38193
51.8673_137.66_-1.2527
52.0368_137.198_-1.15018
52.249_136.749_-1.08836
52.4872_136.311_-1.04022
52.743_135.882_-1.01955
53.0076_135.458_-0.998892
53.2705_135.035_-1.04703
53.5174_134.6_-1.0677
54.0001_134.038_-1.13813
54.1853_133.588_-1.26735
54.3163_133.114_-1.36987
54.4055_132.625_-1.4317
54.4666_132.13_-1.47984
54.5063_131.633_-1.51425
54.5311_131.134_-1.53492
54.5692_130.648_-1.40569
54.6646_130.164_-1.31666
54.5237_129.28_-1.13813
54.7413_128.833_-1.0763
54.9847_128.399_-1.02816
55.2473_127.974_-0.99374
55.5228_127.557_-0.973079
55.8051_127.145_-0.966189
56.0903_126.734_-0.9593
56.3526_126.324_-1.08853
56.563_125.882_-1.20445
57.1696_125.235_-1.4222
57.262_124.757_-1.29298
57.4128_124.289_-1.19046
57.6067_123.831_-1.12863
57.8271_123.384_-1.08049
58.0671_122.947_-1.04608
58.3204_122.516_-1.02541
58.5551_122.089_-1.15464
58.7414_121.632_-1.24367
59.3445_120.971_-1.4222
59.4282_120.481_-1.36038
59.538_119.994_-1.32596
59.6645_119.511_-1.29154
59.8055_119.032_-1.27088
59.9543_118.554_-1.26399
60.1064_118.078_-1.2571
60.2369_117.609_-1.38633
60.3083_117.125_-1.50225
60.6998_116.328_-1.71969
60.6481_115.844_-1.59046
60.6591_115.357_-1.46123
60.7328_114.876_-1.33201
60.8679_114.408_-1.20278
61.0622_113.962_-1.07356
61.0622_113.962_-1.07356
61.2997_113.522_-1.08045
61.5361_113.081_-1.07356
61.7736_112.641_-1.08045
62.2475_111.761_-1.08045
62.484_111.32_-1.07356
62.7235_110.881_-1.06667
62.966_110.444_-1.05978
63.2095_110.007_-1.06667
63.452_109.57_-1.05978
63.6975_109.135_-1.05289
63.9563_108.722_-0.923663
64.2661_108.343_-0.807742
64.6026_107.523_-0.592403
64.9946_107.234_-0.721629
65.3462_106.897_-0.850855
65.6607_106.516_-0.93988
65.9456_106.109_-1.00171
66.2073_105.685_-1.04985
66.4507_105.25_-1.08427
66.6599_104.81_-1.21349
66.8135_104.345_-1.32941
67.2464_103.556_-1.53268
67.2856_103.071_-1.40346
67.3854_102.592_-1.28754
67.5374_102.122_-1.19851
67.7276_101.663_-1.13668
67.9427_101.213_-1.10227
68.1526_100.766_-1.19129
68.3298_100.3_-1.23944
68.847_99.686_-1.36945
68.9564_99.2012_-1.30762
69.0918_98.7208_-1.27321
69.2436_98.2454_-1.23879
69.4195_97.7861_-1.13627
69.6379_97.3397_-1.07445
69.9068_96.5979_-0.961368
70.1854_96.1848_-1.00951
70.4462_95.7593_-1.04393
70.6945_95.3257_-1.06459
70.9359_94.8879_-1.07148
71.1742_94.4484_-1.07837
71.4096_94.0073_-1.08526
71.6325_93.563_-1.14708
71.8348_93.1062_-1.16774
72.1587_92.5006_-1.22986
72.3408_92.0491_-1.10064
72.5796_91.6247_-0.97141
72.871_91.2347_-0.842184
73.2103_90.8855_-0.712958
73.5925_90.5797_-0.597037
74.0089_90.3142_-0.508012
74.444_90.0956_-0.378786
74.9053_89.9321_-0.262865
75.5832_89.6997_-0.0929226
76.076_89.6684_-0.00389714
76.573_89.6767_0.0579294
77.0574_89.7254_0.187156
77.5373_89.8332_0.289672
78.1941_89.9397_0.479568
78.639_90.1671_0.458907
79.0878_90.3876_0.452018
79.538_90.6049_0.445128
79.9898_90.8192_0.438239
80.443_91.0303_0.43135
80.443_91.0303_0.43135
80.8967_91.2403_0.438239
81.3489_91.4535_0.445128
81.7996_91.6699_0.452018
82.2489_91.8893_0.458907
82.6976_92.1097_0.452018
83.1479_92.327_0.445128
83.5958_92.5179_0.315902
84.0665_92.6521_0.199981
84.8109_93.132_-0.0156456
85.2976_93.145_0.113581
85.7786_93.2206_0.242807
86.2458_93.3576_0.372033
86.6915_93.5537_0.501259
87.1145_93.8044_0.603776
87.1145_93.8044_0.603776
87.5286_94.0831_0.569359
87.9513_94.3495_0.548697
88.3794_94.6072_0.528036
88.8118_94.8581_0.521146
89.246_95.106_0.514257
89.6819_95.351_0.507368
90.1171_95.5693_0.378142
90.5785_95.7325_0.262221
91.3005_96.25_0.0471637
91.7855_96.2935_0.17639
92.2607_96.3992_0.305616
92.7185_96.5652_0.434842
93.1509_96.7889_0.564068
93.551_97.0664_0.693294
93.551_97.0664_0.693294
93.912_97.3931_0.82252
94.2278_97.7637_0.951746
94.4933_98.1718_1.08097
94.7039_98.6108_1.2102
94.7969_98.877_1.28501
94.7969_98.877_1.28501
94.9539_99.3379_1.15579
95.1689_99.7748_1.02656
95.4384_100.18_0.897336
95.7579_100.548_0.768109
96.123_100.877_0.665593
96.5203_101.173_0.590134
96.936_101.427_0.460908
97.3809_101.625_0.331682
97.8523_101.772_0.242657
98.2831_102.052_0.0471637
98.768_102.095_0.17639
99.2514_102.196_0.265415
99.73_102.335_0.313557
100.203_102.494_0.347974
100.672_102.668_0.368636
101.136_102.851_0.389297
101.599_103.025_0.300272
102.077_103.167_0.265855
102.82_103.622_0.156798
103.303_103.677_0.0275718
103.79_103.67_-0.101654
104.277_103.603_-0.204171
104.762_103.493_-0.265998
105.241_103.354_-0.31414
105.713_103.194_-0.348556
106.182_103.021_-0.369218
106.628_102.826_-0.498444
107.049_102.575_-0.614365
107.564_102.408_-0.824291
107.899_102.038_-0.858708
108.221_101.656_-0.893124
108.531_101.265_-0.913786
109.018_100.578_-0.941523
109.32_100.184_-0.866065
109.649_99.8101_-0.817923
109.994_99.4499_-0.783506
110.351_99.0997_-0.762844
110.714_98.7569_-0.742183
111.084_98.4198_-0.735293
111.43_98.0782_-0.86452
111.734_97.694_-0.98044
112.472_97.2024_-1.19866
112.629_96.7417_-1.32789
112.731_96.2606_-1.43041
112.791_95.7672_-1.49223
112.822_95.2699_-1.54038
112.831_94.7709_-1.57479
112.826_94.2713_-1.59545
112.835_93.7845_-1.46623
112.901_93.2951_-1.3772
112.706_92.4213_-1.19866
112.895_91.9602_-1.15052
113.104_91.5069_-1.11611
113.326_91.0595_-1.09544
113.558_90.6168_-1.07478
113.797_90.1777_-1.06789
114.039_89.7402_-1.061
114.294_89.3223_-0.945083
114.593_88.9255_-0.883257
115.017_88.0981_-0.775518
115.365_87.7429_-0.837344
115.692_87.3675_-0.885486
116.006_86.9785_-0.906148
116.312_86.583_-0.92681
116.611_86.1825_-0.933699
116.907_85.78_-0.940588
117.194_85.3728_-0.98873
117.466_84.9535_-1.00939
118.04_84.1498_-1.05057
118.289_83.7166_-1.04369
118.54_83.2839_-1.05057
118.789_82.8507_-1.04369
119.04_82.418_-1.05057
119.289_81.9847_-1.04369
119.54_81.5521_-1.05057
119.775_81.116_-1.12603
119.985_80.663_-1.16045
120.508_79.8719_-1.25485
120.668_79.3993_-1.22044
120.843_78.9312_-1.19978
121.025_78.4656_-1.19289
121.211_78.0014_-1.186
121.4_77.5384_-1.17911
121.591_77.0767_-1.17222
121.777_76.6146_-1.22036
121.946_76.1441_-1.24102
122.39_75.2827_-1.30919
122.508_74.8_-1.37102
122.602_74.3098_-1.40543
122.681_73.8164_-1.42609
122.752_73.3215_-1.43298
122.819_72.8261_-1.43987
122.819_72.8261_-1.43987
122.879_72.3306_-1.47429
122.923_71.8329_-1.49495
122.958_71.3344_-1.51561
122.984_70.8352_-1.5225
123.007_70.3357_-1.52939
123.027_69.8361_-1.53628
123.064_69.3507_-1.40705
123.162_68.8711_-1.29113
123.056_67.9882_-1.07459
123.306_67.5703_-0.945361
123.607_67.188_-0.816135
123.955_66.8477_-0.686908
124.345_66.5552_-0.557682
124.768_66.3153_-0.428456
124.768_66.3153_-0.428456
125.219_66.1319_-0.29923
125.69_66.0083_-0.170004
126.173_65.9463_-0.0407779
126.481_65.942_0.0408386
126.558_65.9456_0.0612427
126.558_65.9456_0.0612427
127.042_65.996_0.190469
127.519_66.1069_0.30639
127.987_66.2682_0.381848
128.445_66.4628_0.443674
128.893_66.6822_0.478091
129.333_66.9169_0.512508
129.764_67.1681_0.56065
130.183_67.4383_0.595066
131.021_67.9535_0.636201
131.424_68.2496_0.629312
131.829_68.5429_0.622423
132.235_68.8335_0.615534
132.644_69.1212_0.608645
133.055_69.4061_0.601755
133.468_69.6882_0.594866
133.882_69.9437_0.46564
134.328_70.1467_0.349719
135.005_70.7183_0.134527
135.484_70.804_0.263753
135.955_70.9482_0.36627
136.413_71.1372_0.441728
136.86_71.3573_0.48987
137.297_71.5972_0.524287
137.728_71.8503_0.544948
138.155_72.0848_0.415722
138.608_72.2624_0.286496
139.179_72.7975_0.0382836
139.664_72.8367_0.16751
140.14_72.9382_0.296736
140.608_73.0964_0.385761
141.067_73.2912_0.433903
141.517_73.5062_0.46832
141.96_73.7366_0.502737
142.376_73.9891_0.631963
142.766_74.2924_0.720988
143.57_74.7296_0.87073
143.899_75.0884_0.741504
144.272_75.4017_0.612277
144.682_75.6644_0.483051
145.122_75.8721_0.353825
146.065_76.1186_0.108678
146.561_76.1784_0.143095
147.055_76.2531_0.163757
147.547_76.338_0.184418
148.038_76.4308_0.191308
148.529_76.527_0.198197
149.01_76.6025_0.0689708
149.497_76.6154_-0.0602554
150.351_76.9254_-0.291227
150.823_76.8055_-0.162001
151.306_76.7474_-0.032775
151.798_76.7479_0.0697418
152.294_76.7906_0.117884
152.789_76.855_0.152301
152.789_76.855_0.152301
153.284_76.9274_0.131639
153.78_76.9919_0.12475
154.276_77.0529_0.11786
154.772_77.1106_0.110971
155.269_77.1648_0.104082
155.767_77.2156_0.0971928
156.249_77.2834_0.226419
156.729_77.4067_0.301877
157.636_77.3989_0.451041
158.087_77.6037_0.375583
158.553_77.779_0.327441
159.028_77.9341_0.293024
159.507_78.0752_0.272362
159.989_78.2085_0.265473
160.472_78.3386_0.258584
160.947_78.443_0.129358
161.435_78.4876_0.0134368
162.276_78.7636_-0.215757
162.747_78.6393_-0.344983
163.197_78.4553_-0.47421
163.621_78.2149_-0.603436
164.01_77.9218_-0.732662
164.357_77.5811_-0.861888
164.357_77.5811_-0.861888
164.658_77.1984_-0.991114
164.919_76.7771_-1.06657
165.153_76.3371_-1.11471
165.368_75.8866_-1.14913
165.569_75.4293_-1.16979
165.569_75.4293_-1.16979
165.761_74.9679_-1.19045
165.945_74.5033_-1.19734
166.127_74.0373_-1.20423
166.305_73.5702_-1.21112
166.48_73.1018_-1.21801
166.654_72.633_-1.21112
166.826_72.1641_-1.23178
166.991_71.6922_-1.23867
167.35_70.7606_-1.25243
167.519_70.2964_-1.16341
167.725_69.8442_-1.10158
167.956_69.4016_-1.06717
168.2_68.9657_-1.0465
168.453_68.5348_-1.02584
168.713_68.1079_-1.01895
168.985_67.6981_-0.916436
169.296_67.31_-0.854609
169.737_66.4969_-0.73316
170.084_66.1561_-0.862386
170.385_65.7732_-0.991612
170.643_65.3522_-1.08064
170.868_64.9089_-1.14246
171.07_64.4526_-1.17688
171.07_64.4526_-1.17688
171.252_63.9898_-1.23871
171.409_63.5161_-1.27312
171.55_63.0374_-1.30754
171.676_62.554_-1.3282
171.795_62.0684_-1.33509
171.911_61.582_-1.34198
172.001_61.1036_-1.47121
172.038_60.6094_-1.54667
172.313_59.7429_-1.69484
172.274_59.2576_-1.56561
172.297_58.7713_-1.43639
172.377_58.2841_-1.34736
172.497_57.8017_-1.28553
172.643_57.3245_-1.25112
172.806_56.8525_-1.2167
172.973_56.3824_-1.25112
173.127_55.907_-1.27178
173.55_55.0517_-1.32913
173.669_54.566_-1.33602
173.784_54.0795_-1.34291
173.896_53.5922_-1.3498
174.004_53.1042_-1.35669
174.109_52.6154_-1.36358
174.213_52.1263_-1.35669
174.304_51.6409_-1.44571
174.358_51.1457_-1.49386
174.609_50.2478_-1.60112
174.614_49.7609_-1.4719
174.68_49.2735_-1.36938
174.791_48.7905_-1.29392
174.935_48.3135_-1.24578
175.099_47.8425_-1.21136
175.278_47.3759_-1.1907
175.478_46.9319_-1.06147
175.73_46.5054_-0.986015
176.035_45.6427_-0.83628
176.345_45.2679_-0.965506
176.605_44.8561_-1.09473
176.81_44.4143_-1.22396
176.956_43.9498_-1.35318
177.041_43.4704_-1.48241
177.041_43.4704_-1.48241
177.063_42.984_-1.61164
177.023_42.4988_-1.74086
176.92_42.0228_-1.87009
176.757_41.5641_-1.99932
176.536_41.1302_-2.12854
176.536_41.1302_-2.12854
176.261_40.7284_-2.25777
175.936_40.3654_-2.38699
175.568_40.0472_-2.51622
175.161_39.7791_-2.64545
174.72_39.5542_-2.7209
174.72_39.5542_-2.7209
174.262_39.3556_-2.75532
173.798_39.1706_-2.77598
173.33_38.9951_-2.79664
172.859_38.8271_-2.80353
172.387_38.6624_-2.81042
172.387_38.6624_-2.81042
171.915_38.4988_-2.80353
171.443_38.334_-2.81042
170.97_38.1704_-2.80353
170.026_37.842_-2.80353
169.56_37.7001_-2.93276
169.08_37.6195_-3.06199
168.593_37.6014_-3.19121
168.108_37.6461_-3.32044
167.633_37.7529_-3.44966
167.633_37.7529_-3.44966
167.164_37.8808_-3.32044
166.681_37.947_-3.19121
166.194_37.9505_-3.06199
165.711_37.8913_-2.93276
165.236_37.7716_-2.81684
165.236_37.7716_-2.81684
164.771_37.6018_-2.74138
164.315_37.4003_-2.69324
163.866_37.1806_-2.67258
163.422_36.9517_-2.65191
162.982_36.7156_-2.64503
162.982_36.7156_-2.64503
162.543_36.4764_-2.63814
162.105_36.2341_-2.63125
161.668_35.9909_-2.63814
160.794_35.5055_-2.63814
160.357_35.2633_-2.63125
159.92_35.0201_-2.63814
159.483_34.7778_-2.63125
158.605_34.2984_-2.63125
158.179_34.0456_-2.55579
157.785_33.7595_-2.42656
157.425_33.4247_-2.32405
156.847_32.9031_-2.16884
