configuration 133.385482788_115.927223206_-0.986328190641_0.164792901387_34.5528411865_13.6445770264_-0.541385985877_0.840774175564
length 183.649
time 300
roughness 8.32551e-05
133.385_115.927_-2.8105
132.913_115.778_-2.88595
132.429_115.66_-2.9341
131.939_115.562_-2.96851
131.447_115.482_-3.00293
130.952_115.416_-3.02359
130.471_115.339_-2.89437
129.994_115.205_-2.81891
129.156_115.255_-2.65567
128.712_115.034_-2.73113
128.252_114.843_-2.77927
127.784_114.671_-2.81369
127.31_114.513_-2.83435
126.832_114.366_-2.85501
126.352_114.225_-2.8619
125.878_114.078_-2.80008
125.409_113.906_-2.76566
124.464_113.722_-2.69672
124.017_113.501_-2.64858
123.58_113.259_-2.61416
123.15_113.005_-2.5935
122.726_112.742_-2.57284
122.305_112.472_-2.56595
121.886_112.198_-2.55906
121.491_111.914_-2.42983
121.13_111.58_-2.32732
120.357_111.143_-2.12523
120.083_110.741_-2.25446
119.76_110.377_-2.38368
119.392_110.057_-2.51291
118.987_109.788_-2.64214
118.55_109.573_-2.77136
118.55_109.573_-2.77136
118.089_109.416_-2.90059
117.606_109.312_-2.98961
117.112_109.245_-3.03776
116.615_109.199_-3.07217
116.117_109.17_-3.10659
115.618_109.156_-3.12725
115.131_109.128_-2.99802
114.647_109.041_-2.89551
113.766_109.177_-2.70396
113.334_108.953_-2.57474
112.923_108.676_-2.49928
112.066_108.305_-2.35574
111.737_107.947_-2.22652
111.457_107.548_-2.09729
111.23_107.118_-1.96806
111.061_106.661_-1.83884
110.952_106.186_-1.70961
110.952_106.186_-1.70961
110.889_105.691_-1.67519
110.847_105.196_-1.61337
110.832_104.697_-1.57895
110.809_103.73_-1.52495
110.811_103.244_-1.65417
110.753_102.755_-1.75669
110.524_102_-1.88542
110.38_101.524_-1.82359
110.261_101.04_-1.78917
110.176_100.56_-1.65995
110.146_100.067_-1.57092
110.039_99.4795_-1.39572
110.103_98.9969_-1.52495
110.105_98.51_-1.65417
110.105_98.51_-1.65417
110.071_98.0129_-1.60603
110.06_97.514_-1.57161
110.08_97.0275_-1.44239
110.163_96.5477_-1.31316
110.129_95.7791_-0.961328
110.41_95.3666_-0.995745
110.679_94.9454_-1.01641
110.941_94.5197_-1.0233
111.2_94.0923_-1.03019
111.456_93.663_-1.03707
111.71_93.232_-1.04396
111.94_92.7998_-1.15988
112.129_92.3402_-1.22171
112.65_91.5776_-1.34279
112.78_91.1084_-1.21357
112.969_90.6599_-1.08434
113.12_90.3919_-1.00273
113.205_90.2633_-0.961917
113.234_90.2214_-0.948315
113.234_90.2214_-0.948315
113.527_89.8158_-0.941425
113.82_89.411_-0.948315
114.112_89.0055_-0.941425
114.394_88.5977_-1.01688
114.652_88.1702_-1.0513
115.222_87.4763_-1.13965
115.407_87.0258_-1.26888
115.521_86.6052_-1.3845
115.551_86.4283_-1.43211
115.561_86.352_-1.45252
115.564_86.3266_-1.45932
115.564_86.3266_-1.45932
115.625_85.8312_-1.4249
115.701_85.3374_-1.40424
115.788_84.8452_-1.38358
115.882_84.3542_-1.37669
115.996_83.8809_-1.24746
116.167_83.4174_-1.15844
116.226_82.7617_-0.96414
116.506_82.3485_-0.998557
116.773_81.9265_-1.01922
117.032_81.4992_-1.03988
117.282_81.0666_-1.06054
117.526_80.6297_-1.06743
117.766_80.1912_-1.07432
117.979_79.7537_-1.20355
118.137_79.2905_-1.31947
118.641_78.56_-1.53452
118.679_78.0746_-1.4053
118.776_77.5925_-1.30278
118.918_77.1161_-1.24096
119.087_76.6474_-1.19281
119.276_76.1856_-1.1584
119.48_75.7292_-1.13773
119.665_75.279_-1.26696
119.799_74.8037_-1.35599
120.324_74.0789_-1.53452
120.343_73.5793_-1.52764
120.366_73.0799_-1.52075
120.392_72.5806_-1.51386
120.452_71.5825_-1.51386
120.489_71.0856_-1.46572
120.545_70.5891_-1.44505
120.611_70.0938_-1.42439
120.685_69.5994_-1.4175
120.762_69.1054_-1.41061
120.843_68.6121_-1.40372
120.904_68.1289_-1.53295
120.903_67.6395_-1.64887
121.182_66.797_-1.86584
121.021_66.3376_-1.99506
120.802_65.9027_-2.12429
120.529_65.4998_-2.25352
120.206_65.1354_-2.38274
119.839_64.8156_-2.51197
119.839_64.8156_-2.51197
119.443_64.5148_-2.45014
119.064_64.191_-2.402
118.698_63.8517_-2.38134
118.338_63.5049_-2.36068
117.985_63.1507_-2.34001
117.639_62.7907_-2.33313
117.288_62.4531_-2.46235
116.895_62.1489_-2.52418
116.354_61.4137_-2.6746
115.915_61.1809_-2.61277
115.487_60.9241_-2.57836
115.067_60.6545_-2.55769
114.652_60.3761_-2.53703
114.241_60.091_-2.53014
113.832_59.8031_-2.52325
113.445_59.5043_-2.40733
113.083_59.1638_-2.34551
112.29_58.6899_-2.22428
111.978_58.3162_-2.3535
111.621_57.9858_-2.48273
111.223_57.7043_-2.61195
110.792_57.4733_-2.72788
110.334_57.2882_-2.8169
109.86_57.1393_-2.87873
109.385_57.0329_-3.00795
108.895_56.9839_-3.11047
108.155_56.8563_-3.29341
107.66_56.9284_-3.27275
107.164_56.9904_-3.25209
106.667_57.0444_-3.2452
106.17_57.0949_-3.23831
105.672_57.1421_-3.23142
105.174_57.1858_-3.22453
104.68_57.2371_-3.28636
104.187_57.3148_-3.32078
103.404_57.3244_-3.38268
102.927_57.4205_-3.25345
102.441_57.4543_-3.12423
101.955_57.4252_-2.995
101.477_57.3338_-2.86578
101.006_57.1853_-2.77675
100.545_56.9985_-2.71492
100.097_56.7835_-2.6531
99.6589_56.5443_-2.61868
98.8092_56.0258_-2.57731
98.3873_55.7575_-2.57042
97.9673_55.4862_-2.56353
97.5492_55.2121_-2.55665
96.7137_54.6628_-2.55665
96.3007_54.3825_-2.52223
95.8959_54.0896_-2.50157
95.4972_53.7885_-2.48091
95.1031_53.4808_-2.47402
94.7112_53.1703_-2.46713
94.3214_52.8572_-2.46024
93.9419_52.5363_-2.39841
93.5783_52.1944_-2.36399
92.8_51.6122_-2.31005
92.457_51.2666_-2.43927
92.0708_50.9589_-2.5283
91.6586_50.6812_-2.59013
91.2305_50.4246_-2.62454
90.7945_50.1806_-2.6452
90.3535_49.9457_-2.66587
89.907_49.7271_-2.72769
89.4478_49.5317_-2.76211
88.5813_49.0993_-2.81641
88.1068_48.9477_-2.86456
87.6252_48.8143_-2.88522
87.141_48.691_-2.90588
86.6546_48.5753_-2.91277
86.1674_48.463_-2.91966
86.1674_48.463_-2.91966
85.6869_48.3419_-2.8442
85.2129_48.1883_-2.79606
84.744_48.0158_-2.7754
84.2787_47.8337_-2.75473
83.8172_47.642_-2.73407
83.3587_47.4428_-2.72718
82.9079_47.2333_-2.66536
82.467_46.9995_-2.63094
81.5804_46.6311_-2.54976
81.1649_46.3532_-2.55665
80.7474_46.0781_-2.56354
80.328_45.8059_-2.57043
79.9045_45.5458_-2.63226
79.466_45.3075_-2.66667
78.6695_44.7317_-2.74735
78.4302_44.6582_-2.85556
78.4302_44.6582_-2.85556
78.4302_44.6582_-2.85556
78.1832_44.5901_-2.92357
77.7038_44.5051_-3.0528
77.7038_44.5051_-3.0528
77.2058_44.4642_-3.07346
76.7069_44.4313_-3.08035
76.2078_44.4018_-3.08724
75.7204_44.3566_-2.97132
75.2324_44.2624_-2.90949
74.4192_44.3185_-2.78938
73.9544_44.1391_-2.74123
73.4956_43.9412_-2.72057
73.0409_43.7339_-2.69991
72.5984_43.5109_-2.62445
72.1674_43.2592_-2.59004
71.6814_43.0213_-2.50754
71.276_42.7303_-2.54196
70.8615_42.4512_-2.56262
70.4424_42.1786_-2.56951
70.0215_41.9089_-2.5764
69.5986_41.6421_-2.58329
69.174_41.3782_-2.59018
68.7454_41.1265_-2.652
68.3022_40.8969_-2.68642
67.5132_40.352_-2.75348
67.0534_40.1578_-2.71906
66.6006_39.9479_-2.68465
66.1537_39.7244_-2.66398
65.7102_39.4936_-2.6571
65.2684_39.2597_-2.65021
64.8281_39.0228_-2.64332
64.3909_38.8084_-2.77254
63.928_38.6494_-2.88846
63.2114_38.138_-3.11923
63.2113_38.1374_-3.02401
62.7175_38.0711_-2.97587
62.229_37.979_-2.91405
61.7442_37.8609_-2.87963
60.7919_37.6266_-2.83881
60.315_37.4765_-2.83192
59.8385_37.3252_-2.83881
59.3616_37.175_-2.83192
58.8851_37.0237_-2.83881
58.4082_36.8736_-2.83192
57.9324_36.7201_-2.82503
57.4765_36.5491_-2.6958
57.0433_36.3213_-2.57988
56.1724_36.1556_-2.36449
55.8109_35.8144_-2.42632
55.4305_35.4914_-2.46073
55.04_35.1796_-2.4814
54.6433_34.8759_-2.50206
54.2414_34.5784_-2.50895
53.8375_34.2837_-2.51584
53.4312_34.0155_-2.64506
52.9922_33.7989_-2.76098
52.3301_33.2042_-2.97618
51.8368_33.123_-2.98306
51.3429_33.0452_-2.98995
50.8485_32.9708_-2.99684
50.3536_32.8998_-3.00373
49.8582_32.8323_-3.01062
49.3624_32.7681_-3.01751
48.8771_32.7284_-3.14674
48.3881_32.7496_-3.26266
47.5317_32.5282_-3.47799
47.0657_32.6693_-3.34877
46.5854_32.7492_-3.21954
46.0988_32.7665_-3.09031
45.614_32.721_-2.96109
45.1392_32.6133_-2.83186
45.1392_32.6133_-2.83186
44.6822_32.4454_-2.70263
44.2506_32.22_-2.57341
43.8517_31.9409_-2.44418
43.4921_31.6126_-2.31496
43.1777_31.2408_-2.18573
43.1777_31.2408_-2.18573
42.8867_30.8346_-2.20639
42.5873_30.4346_-2.22705
42.2813_30.0392_-2.23394
41.9726_29.6459_-2.24083
41.6613_29.2547_-2.24772
41.3472_28.8657_-2.25461
41.0239_28.5017_-2.38384
40.6553_28.173_-2.47286
40.1392_27.4424_-2.66154
39.6956_27.2302_-2.76406
39.2299_27.0565_-2.82589
38.7539_26.9094_-2.87403
38.271_26.783_-2.90845
37.7841_26.6709_-2.92911
37.295_26.5689_-2.94977
36.8214_26.4559_-2.82054
36.3602_26.285_-2.71803
35.4703_26.2433_-2.49975
35.0683_25.9686_-2.62898
34.6318_25.742_-2.7315
34.172_25.5532_-2.79332
33.701_25.3907_-2.84147
33.2226_25.2486_-2.87588
32.7395_25.1208_-2.89654
32.2726_24.9827_-2.76732
31.8185_24.7887_-2.67829
30.9246_24.7431_-2.49975
30.5473_24.4353_-2.37053
30.2128_24.0815_-2.2413
29.9267_23.6875_-2.11208
29.6938_23.26_-1.98285
29.5179_22.806_-1.85362
29.5179_22.806_-1.85362
29.4019_22.3331_-1.7244
29.3516_21.9003_-1.60877
29.3482_21.7722_-1.57477
29.3482_21.7465_-1.56797
29.3483_21.7209_-1.56116
29.3483_21.7209_-1.56116
29.3736_21.2346_-1.43194
29.4614_20.7557_-1.30271
29.6101_20.2921_-1.17349
29.8174_19.8515_-1.04426
29.965_19.6113_-0.969445
29.965_19.6113_-0.969445
30.2506_19.2012_-0.948783
30.5428_18.7955_-0.941894
30.8486_18.3013_-0.912894
31.1613_17.9168_-0.837436
31.5007_17.5521_-0.789293
31.855_17.1998_-0.768632
32.2166_16.855_-0.74797
32.5839_16.5158_-0.741081
32.9535_16.1791_-0.734192
33.3285_15.8685_-0.604965
33.7414_15.6057_-0.489045
34.2666_15.0458_-0.280102
