configuration 46.843963623_148.978851318_-0.536406748472_0.843959596304_156.577575684_33.1800613403_0.186652677497_0.98242596565
length 203.778
time 300
roughness 8.34283e-05
46.844_148.979_-1.13235
47.0318_148.53_-1.26157
47.1655_148.056_-1.36409
47.2575_147.568_-1.42592
47.3216_147.074_-1.47406
47.3641_146.577_-1.50848
47.3917_146.078_-1.52914
47.4326_145.593_-1.39991
47.5309_145.109_-1.31089
47.3951_144.224_-1.13235
47.6203_143.792_-1.00312
47.8992_143.393_-0.873895
48.0337_143.238_-0.819484
48.0688_143.201_-0.805881
48.0866_143.182_-0.79908
48.0866_143.182_-0.79908
48.4397_142.831_-0.750938
48.9681_142.359_-0.68882
49.3369_142.034_-0.791336
49.6763_141.673_-0.866795
49.9927_141.288_-0.914937
50.2947_140.89_-0.935598
50.5884_140.486_-0.95626
50.8737_140.076_-0.976922
51.1288_139.661_-1.10615
51.3313_139.215_-1.22207
51.8849_138.521_-1.43819
51.9829_137.991_-1.36338
52.0912_137.504_-1.32896
52.2142_137.02_-1.3083
52.3451_136.537_-1.30141
52.4792_136.056_-1.29452
52.6167_135.575_-1.28763
52.7328_135.102_-1.41686
52.7917_134.614_-1.51938
53.1677_133.854_-1.72237
53.1146_133.37_-1.59315
53.1244_132.883_-1.46392
53.1968_132.402_-1.33469
53.3306_131.934_-1.20547
53.5237_131.487_-1.07624
53.5237_131.487_-1.07624
53.7578_131.045_-1.0969
53.985_130.6_-1.10379
54.209_130.153_-1.11068
54.43_129.704_-1.11757
54.6479_129.254_-1.12446
54.6479_129.254_-1.12446
54.8685_128.807_-1.09004
55.1026_128.365_-1.06938
55.3439_127.927_-1.06249
55.5882_127.491_-1.0556
55.8356_127.057_-1.04871
56.0859_126.624_-1.04182
56.3492_126.214_-0.912598
56.6632_125.839_-0.796678
57.0084_125.02_-0.581573
57.4036_124.736_-0.710799
57.7621_124.403_-0.82672
58.0885_124.03_-0.902178
58.3911_123.634_-0.95032
58.6766_123.225_-0.984737
58.95_122.806_-1.0054
59.1932_122.385_-1.13462
59.383_121.933_-1.25055
59.8679_121.181_-1.46742
59.9369_120.697_-1.3515
60.0568_120.216_-1.27604
60.2109_119.743_-1.21421
60.3905_119.278_-1.1798
60.5841_118.817_-1.15913
60.7872_118.36_-1.13847
60.9723_117.91_-1.2677
61.1031_117.436_-1.37022
61.6263_116.706_-1.56153
61.6298_116.206_-1.56842
61.6298_115.707_-1.57531
61.6287_115.207_-1.56842
61.6287_114.707_-1.57531
61.6276_114.207_-1.56842
61.6277_113.707_-1.57531
61.6461_113.22_-1.44608
61.722_112.732_-1.35705
61.6228_111.841_-1.18148
61.6626_111.747_-1.15428
61.6626_111.747_-1.15428
61.8697_111.293_-1.11986
62.0906_110.844_-1.0992
62.3206_110.401_-1.07854
62.5579_109.961_-1.07165
62.7983_109.522_-1.06476
63.0416_109.086_-1.05787
63.2983_108.672_-0.928643
63.6049_108.283_-0.853185
63.9125_107.545_-0.691358
64.2741_107.219_-0.820584
64.5939_106.849_-0.936505
64.8775_106.442_-1.01196
65.1323_106.016_-1.07379
65.3652_105.574_-1.10821
65.5851_105.126_-1.12887
65.8054_104.679_-1.08073
66.0453_104.241_-1.04631
66.319_103.343_-0.975436
66.6021_102.931_-0.954775
66.8919_102.524_-0.947885
67.1845_102.118_-0.940996
67.4799_101.715_-0.934107
67.7781_101.314_-0.927218
68.079_100.914_-0.920329
68.3572_100.515_-1.04955
68.5845_100.081_-1.16548
69.198_99.4466_-1.39526
69.2218_99.3207_-1.36125
69.2218_99.3207_-1.36125
69.3333_98.8351_-1.31311
69.4679_98.3554_-1.26496
69.6216_97.88_-1.2443
69.9347_97.0705_-1.20988
69.9347_97.0705_-1.20988
69.9347_97.0705_-1.20988
69.9786_96.95_-1.24388
70.1423_96.4779_-1.22322
70.3157_96.0093_-1.20256
70.4968_95.5433_-1.19567
70.681_95.0785_-1.18878
70.8685_94.615_-1.18189
71.0591_94.1528_-1.175
71.2657_93.7119_-1.04578
71.527_93.298_-0.929855
71.723_92.5641_-0.721833
72.1018_92.2582_-0.592607
72.5168_92.0036_-0.463381
72.9612_91.8046_-0.334154
73.4294_91.6618_-0.218234
73.9157_91.5667_-0.142775
74.4099_91.5037_-0.0946333
74.9066_91.4645_-0.0464912
75.3935_91.4626_0.0827349
75.8794_91.5216_0.198656
76.5374_91.4941_0.395026
76.9999_91.6759_0.333199
77.4734_91.8337_0.298783
77.952_91.9775_0.278121
78.4334_92.1114_0.257459
78.9171_92.2376_0.25057
79.4018_92.3604_0.243681
79.8788_92.4578_0.114455
80.3669_92.4951_-0.00146616
81.2107_92.759_-0.230437
81.689_92.6679_-0.101211
82.1751_92.6393_0.0280151
82.6659_92.6697_0.130532
83.1555_92.7465_0.20599
83.6415_92.8562_0.254132
84.5055_93.2581_0.28106
84.9855_93.3978_0.287949
85.4646_93.5409_0.294838
85.9559_93.7442_0.298783
86.4324_93.8946_0.319444
86.9057_94.0547_0.340106
87.3766_94.2226_0.346995
87.8359_94.4041_0.436021
88.2841_94.6218_0.484163
89.2203_94.9115_0.577903
89.6414_95.1794_0.543486
90.0709_95.4348_0.522824
90.5046_95.6835_0.515935
90.9401_95.9291_0.509046
91.3749_96.1482_0.37982
91.8376_96.315_0.277303
92.5833_96.8059_0.076034
93.0668_96.8634_0.20526
93.5388_96.9827_0.334486
93.7313_97.0535_0.388897
93.8023_97.0832_0.409301
93.8258_97.0934_0.416103
93.8258_97.0934_0.416103
94.2827_97.2966_0.422992
94.7381_97.5028_0.429881
95.1921_97.7122_0.43677
95.6446_97.9248_0.44366
96.0929_98.1149_0.314433
96.5668_98.2538_0.225408
97.0408_98.5763_0.0358333
97.5262_98.6144_0.165059
98.0083_98.7115_0.267576
98.4849_98.8528_0.329403
98.9537_99.0215_0.377545
99.4155_99.2107_0.411962
99.8719_99.414_0.432623
100.322_99.5992_0.303397
100.798_99.7328_0.214372
101.523_100.258_0.0358333
102.008_100.296_0.165059
102.49_100.393_0.267576
102.967_100.534_0.329403
103.435_100.703_0.377545
103.897_100.892_0.411962
104.354_101.095_0.432623
104.804_101.281_0.303397
105.279_101.414_0.214372
106.004_101.939_0.0358333
106.491_101.936_-0.0933928
106.974_101.87_-0.222619
107.444_101.742_-0.351845
107.893_101.555_-0.481071
108.315_101.312_-0.610297
108.315_101.312_-0.610297
108.336_101.297_-0.617099
108.336_101.297_-0.617099
108.419_101.237_-0.644304
108.81_100.931_-0.706131
109.182_100.6_-0.767957
109.537_100.25_-0.802374
110.109_99.5972_-0.836608
110.445_99.2268_-0.829719
110.783_98.8587_-0.82283
111.124_98.493_-0.815941
111.466_98.1281_-0.82283
111.807_97.7623_-0.815941
112.148_97.3974_-0.82283
112.481_97.0268_-0.870972
112.799_96.6414_-0.905389
113.49_95.9615_-0.959324
113.767_95.5488_-1.02115
114.023_95.1202_-1.05557
114.266_94.6838_-1.07623
114.502_94.2432_-1.08312
114.736_93.8009_-1.09001
114.966_93.3571_-1.0969
115.178_92.9113_-1.18592
115.358_92.4466_-1.23406
115.807_91.6159_-1.32827
115.916_91.1311_-1.39009
115.998_90.6396_-1.43823
116.061_90.1439_-1.4589
116.113_89.647_-1.47956
116.157_89.149_-1.48645
116.198_88.6507_-1.49334
116.215_88.1641_-1.62256
116.171_87.6766_-1.73848
116.305_86.8038_-1.96751
116.136_86.3472_-1.83828
116.028_85.8726_-1.70905
115.981_85.3879_-1.57983
115.997_84.9013_-1.4506
116.076_84.4208_-1.32138
116.076_84.4208_-1.32138
116.076_84.4208_-1.32138
116.076_84.4208_-1.32138
116.216_83.9545_-1.19215
116.415_83.5101_-1.06292
116.669_83.0887_-0.960407
116.962_82.6874_-0.89858
117.278_82.3026_-0.850438
117.612_81.9313_-0.816022
117.96_81.5763_-0.754195
118.327_81.2388_-0.719779
119.053_80.5834_-0.665735
119.053_80.5834_-0.665735
119.053_80.5834_-0.665735
119.423_80.2667_-0.794961
119.761_79.9044_-0.87042
120.076_79.5184_-0.918562
120.374_79.1183_-0.952978
120.661_78.709_-0.97364
120.941_78.2949_-0.980529
121.198_77.8782_-1.09645
121.416_77.4314_-1.15828
121.975_76.6835_-1.2675
122.125_76.2067_-1.26061
122.279_75.731_-1.25372
122.436_75.2563_-1.24683
122.596_74.7827_-1.23994
122.76_74.3102_-1.23305
122.76_74.3102_-1.23305
122.934_73.8447_-1.17122
123.135_73.3889_-1.12308
123.354_72.94_-1.10242
123.583_72.4957_-1.08176
123.821_72.0563_-1.0611
124.066_71.6204_-1.05421
124.291_71.1859_-1.17013
124.476_70.7243_-1.23195
125.026_69.9835_-1.35539
125.122_69.4959_-1.41721
125.193_69.0019_-1.45163
125.249_68.5053_-1.47229
125.297_68.0077_-1.47918
125.341_67.5097_-1.48607
125.341_67.5097_-1.48607
125.378_67.012_-1.52049
125.399_66.5128_-1.54115
125.413_66.013_-1.54804
125.423_65.5131_-1.55493
125.43_65.0132_-1.56182
125.433_64.5133_-1.56871
125.414_64.0268_-1.69793
125.333_63.544_-1.81385
125.45_62.6634_-2.02896
125.253_62.218_-1.89973
125.116_61.751_-1.77051
125.04_61.2701_-1.64128
125.026_60.7834_-1.51205
125.075_60.299_-1.38283
125.075_60.299_-1.38283
125.186_59.825_-1.2536
125.357_59.3692_-1.12437
125.586_58.9394_-0.995148
125.868_58.5425_-0.865922
126.199_58.1854_-0.736696
126.199_58.1854_-0.736696
126.563_57.8448_-0.784838
126.912_57.4881_-0.819255
127.25_57.1207_-0.839917
127.583_56.7476_-0.846806
127.914_56.3723_-0.853695
128.241_55.9947_-0.860584
128.543_55.6124_-0.98981
128.796_55.1933_-1.10573
129.414_54.5564_-1.3213
129.555_54.0901_-1.19208
129.752_53.6396_-1.08956
129.991_53.2038_-1.02773
130.255_52.7814_-0.979591
130.538_52.3703_-0.945175
130.833_51.9673_-0.924513
131.143_51.5849_-0.821996
131.488_51.2278_-0.76017
132.027_50.4679_-0.651464
132.401_50.1565_-0.78069
132.732_49.7995_-0.909916
132.885_49.5936_-0.97793
132.942_49.5081_-1.00514
132.969_49.4646_-1.01874
132.969_49.4646_-1.01874
133.21_49.0384_-1.13466
133.399_48.5655_-1.28399
133.415_48.5174_-1.29759
133.415_48.5174_-1.29759
133.526_48.0434_-1.42682
133.576_47.559_-1.55605
133.576_47.559_-1.55605
133.575_47.0608_-1.60419
133.553_46.5622_-1.63861
133.513_46.0647_-1.67302
133.459_45.568_-1.69368
133.42_45.0827_-1.56446
133.437_44.5892_-1.47543
133.176_43.7365_-1.29759
133.327_43.2737_-1.16837
133.535_42.8279_-1.06585
133.785_42.398_-1.00403
134.059_41.982_-0.955883
134.351_41.5777_-0.921467
134.656_41.1818_-0.900805
134.942_40.7877_-1.03003
135.184_40.357_-1.11906
135.864_39.7757_-1.29759
136.016_39.3129_-1.16837
136.225_38.8734_-1.03914
136.489_38.4612_-0.923222
136.798_38.0736_-0.847764
137.539_37.4541_-0.78069
137.87_37.0971_-0.909916
138.152_36.7004_-1.03914
138.552_35.815_-1.29759
138.696_35.3392_-1.23577
138.866_34.8698_-1.20135
139.051_34.4065_-1.16693
139.251_33.9484_-1.14627
139.458_33.4933_-1.13938
139.643_33.0428_-1.26861
139.768_32.5722_-1.39784
139.831_32.0895_-1.52706
140.32_31.706_-1.92536
140.269_31.561_-1.88455
140.269_31.561_-1.88455
140.138_31.0919_-1.75533
140.069_30.61_-1.6261
140.063_30.1231_-1.49688
140.191_29.3155_-1.27923
140.351_28.8555_-1.15001
140.473_28.601_-1.07519
140.51_28.5335_-1.05479
140.522_28.5113_-1.04799
140.535_28.4891_-1.04118
140.535_28.4891_-1.04118
140.799_28.0797_-0.911958
141.113_27.7044_-0.796037
141.528_27.3294_-0.633101
141.933_27.0582_-0.503875
142.369_26.8414_-0.374649
142.829_26.6826_-0.245423
143.306_26.5845_-0.116197
143.791_26.5486_0.0130294
143.791_26.5486_0.0130294
144.277_26.5755_0.142255
144.756_26.6649_0.271482
145.225_26.8127_0.373998
145.684_27.0038_0.435825
146.134_27.2197_0.470242
146.134_27.2197_0.470242
146.576_27.4509_0.504658
147.012_27.6955_0.52532
147.444_27.9472_0.532209
147.874_28.2019_0.539098
148.303_28.4595_0.545988
148.303_28.4595_0.545988
148.73_28.7182_0.539098
149.16_28.9738_0.532209
149.591_29.2266_0.52532
150.025_29.4763_0.518431
150.459_29.723_0.511542
150.459_29.723_0.511542
150.895_29.9688_0.518431
151.33_30.2155_0.511542
151.765_30.4613_0.518431
152.635_30.9537_0.518431
153.069_31.2025_0.52532
153.501_31.4542_0.532209
153.931_31.7089_0.539098
154.347_31.9748_0.628124
154.746_32.274_0.676266
155.602_32.7489_0.769994
