configuration 46.843963623_148.978851318_-0.536406748472_0.843959596304_156.577575684_33.1800613403_0.186652677497_0.98242596565
length 208.169
time 300
roughness 0.000102099
46.844_148.979_-1.13235
47.0318_148.53_-1.26157
47.1655_148.056_-1.36409
47.2575_147.568_-1.42592
47.3216_147.074_-1.47406
47.3641_146.577_-1.50848
47.3917_146.078_-1.52914
47.4326_145.593_-1.39991
47.5309_145.109_-1.31089
47.3951_144.224_-1.13235
47.6203_143.792_-1.00312
47.8992_143.393_-0.873895
48.0337_143.238_-0.819484
48.0688_143.201_-0.805881
48.0866_143.182_-0.79908
48.0866_143.182_-0.79908
48.2323_143.038_-0.744669
48.2323_143.038_-0.744669
48.3275_142.952_-0.710662
48.3275_142.952_-0.710662
48.9681_142.359_-0.68882
49.3305_142.034_-0.818046
49.6544_141.664_-0.920563
49.9444_141.262_-0.996021
50.2085_140.84_-1.04416
50.4544_140.406_-1.07858
50.6661_139.967_-1.20781
50.8278_139.5_-1.29683
51.2187_138.73_-1.4657
51.2654_138.233_-1.50011
51.2784_137.951_-1.57493
51.2784_137.951_-1.57493
51.297_137.465_-1.4457
51.3766_136.982_-1.32978
51.5069_136.504_-1.25432
51.6695_136.033_-1.20618
51.8546_135.57_-1.15804
52.0582_135.114_-1.13738
52.2437_134.664_-1.2666
52.3697_134.193_-1.39583
52.8435_133.632_-1.94681
52.7978_133.512_-1.9128
52.7978_133.512_-1.9128
52.654_133.047_-1.78358
52.5715_132.567_-1.65435
52.6629_131.813_-1.4027
52.752_131.387_-1.28708
52.752_131.387_-1.28708
52.908_130.926_-1.15785
53.1205_130.482_-1.05533
53.3743_130.055_-0.993508
53.6515_129.64_-0.959092
54.0645_129.299_-0.939565
54.344_128.892_-1.02859
54.5917_128.461_-1.09042
54.8173_128.016_-1.12483
55.0274_127.563_-1.15925
55.2241_127.104_-1.17991
55.4113_126.64_-1.20057
55.5736_126.176_-1.30309
55.6952_125.694_-1.36492
56.037_124.946_-1.4717
56.0396_124.92_-1.4649
56.0396_124.92_-1.4649
56.0921_124.45_-1.43728
56.1773_123.97_-1.30806
56.1773_123.97_-1.30806
56.3235_123.506_-1.17883
56.3235_123.506_-1.17883
56.3235_123.506_-1.17883
56.3235_123.506_-1.17883
56.5176_123.045_-1.15817
56.7191_122.588_-1.15128
56.9309_122.138_-1.08945
57.167_121.698_-1.05504
57.5686_120.792_-1.00139
57.8469_120.385_-0.91236
58.1591_119.998_-0.850533
58.853_119.281_-0.781964
59.1836_118.924_-0.91119
59.4654_118.527_-1.04042
59.6937_118.097_-1.16964
59.8646_117.641_-1.29887
59.9754_117.167_-1.42809
59.9754_117.167_-1.42809
60.065_116.688_-1.29887
60.21_116.214_-1.22341
60.3871_115.748_-1.17527
60.5828_115.289_-1.15461
60.7879_114.833_-1.13394
60.7879_114.833_-1.13394
61.0125_114.401_-1.00472
61.2908_114.001_-0.875492
61.6182_113.641_-0.746266
61.9894_113.326_-0.61704
62.3981_113.061_-0.487814
62.3981_113.061_-0.487814
62.8181_112.815_-0.61704
63.203_112.517_-0.746266
63.5461_112.172_-0.875492
63.8419_111.785_-1.00472
64.0854_111.363_-1.13394
64.0854_111.363_-1.13394
64.2725_110.914_-1.26317
64.4001_110.444_-1.3924
64.4662_109.961_-1.52162
64.4695_109.474_-1.65085
64.41_108.991_-1.78007
64.41_108.991_-1.78007
64.3291_108.511_-1.65085
64.3108_108.025_-1.52162
64.3553_107.54_-1.3924
64.4619_107.065_-1.26317
64.6289_106.607_-1.13394
64.6289_106.607_-1.13394
64.8534_106.175_-1.00472
65.1317_105.776_-0.875492
65.4591_105.406_-0.786467
65.8166_105.059_-0.738324
66.1896_104.727_-0.703908
66.1896_104.727_-0.703908
66.547_104.397_-0.833134
66.8683_104.022_-0.922159
67.1603_103.62_-0.983986
67.4319_103.201_-1.0184
67.6933_102.775_-1.02529
67.6933_102.775_-1.02529
67.9369_102.345_-1.11432
68.1493_101.894_-1.16246
68.3446_101.435_-1.18312
68.5303_100.971_-1.20378
68.7086_100.504_-1.21067
68.7086_100.504_-1.21067
68.8607_100.041_-1.3399
68.9596_99.5572_-1.42892
69.0221_99.0629_-1.47707
69.0631_98.5655_-1.51148
69.0893_98.0665_-1.53214
69.0893_98.0665_-1.53214
69.1287_97.5812_-1.40292
69.2255_97.097_-1.31389
69.3598_96.6172_-1.26575
69.5132_96.1417_-1.24509
69.6763_95.6694_-1.22443
69.6763_95.6694_-1.22443
69.8609_95.2188_-1.0952
70.1019_94.7958_-0.965975
70.3955_94.4074_-0.836748
70.7366_94.0479_-0.76129
71.1018_93.7077_-0.726874
71.1018_93.7077_-0.726874
71.4516_93.369_-0.8561
71.7548_92.9881_-0.985326
72.0065_92.5713_-1.11455
72.2023_92.1255_-1.24378
72.339_91.6582_-1.373
72.339_91.6582_-1.373
72.4083_91.228_-1.48863
72.4083_91.228_-1.48863
72.4277_90.7671_-1.61105
72.4277_90.7671_-1.61105
72.3875_90.2819_-1.74028
72.2899_89.7978_-1.8293
72.107_89.2585_-1.93843
71.9514_88.7971_-1.8092
71.8566_88.3196_-1.67998
71.8241_87.8338_-1.55075
71.8545_87.3478_-1.42153
71.9472_86.8698_-1.2923
71.9472_86.8698_-1.2923
72.1008_86.4078_-1.16307
72.3126_85.9694_-1.03385
72.5792_85.562_-0.904621
72.8961_85.189_-0.7887
73.2536_84.8436_-0.726874
73.2536_84.8436_-0.726874
73.6317_84.521_-0.665047
74.0279_84.2175_-0.63063
74.4324_83.9237_-0.623741
74.8389_83.6326_-0.616852
75.2474_83.3443_-0.609963
75.2474_83.3443_-0.609963
75.6343_83.0487_-0.739189
75.9799_82.7058_-0.868415
76.2784_82.3211_-0.997641
76.5249_81.9012_-1.12687
76.7152_81.4531_-1.25609
76.7152_81.4531_-1.25609
76.871_80.978_-1.2492
77.0301_80.504_-1.24232
77.1903_80.0304_-1.2492
77.5096_79.0829_-1.2492
77.6438_78.6148_-1.37843
77.7166_78.1334_-1.50766
77.7267_77.6466_-1.63688
77.674_77.1626_-1.76611
77.5656_76.679_-1.84157
77.5656_76.679_-1.84157
77.4554_76.2048_-1.71234
77.4072_75.7203_-1.58311
77.4219_75.2336_-1.45389
77.4991_74.7529_-1.32466
77.6376_74.2861_-1.19544
77.6376_74.2861_-1.19544
77.8352_73.8411_-1.06621
78.0884_73.4252_-0.936984
78.3931_73.0455_-0.807758
78.7442_72.7081_-0.678532
79.1376_72.4097_-0.589506
79.1376_72.4097_-0.589506
79.5305_72.1221_-0.718732
79.8895_71.7859_-0.821249
80.2206_71.4152_-0.883076
80.533_71.026_-0.917492
80.8339_70.6271_-0.938154
80.8339_70.6271_-0.938154
81.0644_70.2879_-1.04698
81.0644_70.2879_-1.04698
81.1877_70.0631_-1.11499
81.1877_70.0631_-1.11499
81.1877_70.0631_-1.11499
81.1877_70.0631_-1.11499
81.2642_69.9007_-1.1626
81.4384_69.446_-1.29183
81.5551_68.9707_-1.40775
81.6137_68.3637_-1.58428
81.6278_67.877_-1.45506
81.7045_67.3962_-1.32583
81.8425_66.9292_-1.19661
82.0395_66.484_-1.06738
82.2922_66.0678_-0.938154
82.2922_66.0678_-0.938154
82.5632_65.6633_-1.06738
82.7798_65.2273_-1.19661
82.9384_64.7669_-1.32583
83.0364_64.29_-1.45506
83.0721_63.8044_-1.58428
83.0721_63.8044_-1.58428
83.0861_63.3177_-1.45506
83.1628_62.8369_-1.32583
83.3008_62.37_-1.19661
83.4978_61.9247_-1.06738
83.7506_61.5086_-0.938154
83.7506_61.5086_-0.938154
83.9067_61.3053_-0.87014
83.9067_61.3053_-0.87014
84.23_60.9238_-0.863251
84.5573_60.5463_-0.842589
84.8924_60.1757_-0.821928
85.3972_59.6356_-0.807471
85.7186_59.2699_-0.936697
85.9902_58.8658_-1.06592
86.2074_58.43_-1.19515
86.3667_57.9699_-1.32438
86.4653_57.4931_-1.4536
86.4653_57.4931_-1.4536
86.5427_57.0124_-1.32438
86.6814_56.5457_-1.19515
86.879_56.1008_-1.06592
87.132_55.6817_-0.950002
87.4293_55.2834_-0.888176
87.4293_55.2834_-0.888176
87.7322_54.8912_-0.963634
88.0099_54.4775_-1.01178
88.272_54.0521_-1.03244
88.5273_53.6223_-1.03933
88.7797_53.1907_-1.04622
88.7797_53.1907_-1.04622
89.0412_52.78_-0.91699
89.3535_52.4064_-0.787764
89.7113_52.0762_-0.658538
90.1086_51.7948_-0.529312
90.5389_51.567_-0.400086
90.5389_51.567_-0.400086
90.9967_51.3936_-0.284165
91.4766_51.2641_-0.222338
92.1699_51.0165_-0.108036
92.6655_50.957_-0.142453
93.1596_50.8826_-0.163115
93.6429_50.824_-0.0338886
94.1385_50.8196_0.0415696
94.9651_50.4888_0.212641
95.2651_50.5557_0.294258
95.7247_50.7165_0.423484
96.1629_50.9345_0.539405
96.584_51.1985_0.601231
96.9923_51.4855_0.635648
97.3924_51.7849_0.65631
97.3924_51.7849_0.65631
97.7913_52.0686_0.540389
98.2226_52.3155_0.478562
98.6683_52.5403_0.444146
99.1209_52.7518_0.423484
99.5772_52.9563_0.416595
99.5772_52.9563_0.416595
100.035_53.1575_0.409705
100.493_53.3577_0.416595
100.951_53.559_0.409705
101.866_53.9604_0.409705
102.304_54.1731_0.538931
102.711_54.4405_0.668158
103.08_54.7581_0.797384
103.405_55.1206_0.92661
103.626_55.4356_1.02863
103.626_55.4356_1.02863
103.894_55.848_0.926114
104.201_56.2365_0.850656
104.538_56.5886_0.721429
104.918_56.9065_0.645971
105.354_57.281_0.517499
105.766_57.5396_0.646725
106.142_57.8491_0.775951
106.484_58.2053_0.864976
106.801_58.5896_0.913118
107.102_58.988_0.947535
107.102_58.988_0.947535
107.402_59.371_0.818309
107.75_59.712_0.689083
108.138_60.0053_0.559857
108.562_60.2462_0.430631
109.012_60.4305_0.301405
109.012_60.4305_0.301405
109.483_60.5552_0.172178
109.966_60.6182_0.0429523
110.453_60.6185_-0.0862738
110.945_60.5635_-0.161732
111.437_60.4775_-0.196149
111.437_60.4775_-0.196149
111.918_60.4029_-0.0669225
112.405_60.3909_0.0623036
112.889_60.4418_0.19153
113.363_60.5547_0.320756
113.821_60.7266_0.436677
113.821_60.7266_0.436677
114.27_60.9137_0.307451
114.74_61.0412_0.178224
115.223_61.1071_0.0489983
115.71_61.1104_-0.0802278
116.193_61.0508_-0.209454
116.193_61.0508_-0.209454
116.673_60.9698_-0.0802278
117.159_60.9514_0.0489983
117.644_60.9959_0.178224
118.122_61.1009_0.294145
118.593_61.2564_0.369603
118.593_61.2564_0.369603
119.054_61.4438_0.417745
119.51_61.6497_0.438407
119.962_61.863_0.445296
120.413_62.0793_0.452186
120.862_62.2988_0.459075
120.862_62.2988_0.459075
121.307_62.4959_0.329849
121.774_62.6339_0.200623
122.255_62.7106_0.0713965
122.742_62.7248_-0.0578296
123.226_62.6761_-0.187056
123.226_62.6761_-0.187056
123.7_62.5653_-0.316282
124.156_62.3944_-0.445508
124.586_62.1662_-0.574734
124.983_61.8844_-0.70396
125.341_61.5538_-0.833186
125.341_61.5538_-0.833186
125.653_61.1799_-0.962412
125.917_60.7679_-1.07833
126.143_60.3252_-1.14016
126.346_59.8693_-1.17458
126.536_59.407_-1.19524
126.536_59.407_-1.19524
126.733_58.9621_-1.06601
126.986_58.5462_-0.936786
127.291_58.1601_-0.834269
127.632_57.7988_-0.772443
127.994_57.4546_-0.738026
127.994_57.4546_-0.738026
128.069_57.385_-0.765231
128.069_57.385_-0.765231
128.429_57.0378_-0.772121
128.784_56.6868_-0.792782
129.135_56.3298_-0.799672
129.757_55.6851_-0.813772
130.096_55.3185_-0.848189
130.424_54.9414_-0.86885
130.745_54.5589_-0.87574
131.065_54.1742_-0.882629
131.381_53.7873_-0.889518
131.381_53.7873_-0.889518
131.672_53.3964_-1.01874
131.909_52.9714_-1.14797
132.09_52.5193_-1.2772
132.211_52.0477_-1.40642
132.27_51.5645_-1.53565
132.27_51.5645_-1.53565
132.308_51.079_-1.40642
132.408_50.6025_-1.2772
132.569_50.1428_-1.14797
132.787_49.7077_-1.01874
133.06_49.3043_-0.889518
133.06_49.3043_-0.889518
133.362_48.9117_-0.964976
133.642_48.4982_-0.999393
133.909_48.076_-1.02005
134.167_47.6485_-1.04072
134.419_47.2165_-1.04761
134.419_47.2165_-1.04761
134.644_46.7848_-1.17683
134.812_46.3277_-1.30606
134.919_45.8528_-1.43528
134.974_45.3603_-1.51074
134.998_44.8618_-1.54516
134.998_44.8618_-1.54516
135.031_44.376_-1.41593
135.125_43.8956_-1.30001
135.268_43.4195_-1.23819
135.436_42.9497_-1.20377
135.619_42.4846_-1.18311
135.619_42.4846_-1.18311
135.784_42.0264_-1.31233
135.888_41.5508_-1.44156
135.93_41.0658_-1.57079
135.91_40.5793_-1.70001
135.827_40.0996_-1.82924
135.827_40.0996_-1.82924
135.722_39.624_-1.70001
135.68_39.139_-1.57079
135.69_38.8058_-1.48237
135.697_38.7292_-1.46196
135.7_38.7038_-1.45516
135.7_38.7038_-1.45516
135.775_38.2201_-1.33924
135.928_37.7077_-1.18311
136.093_37.2496_-1.31233
136.197_36.774_-1.44156
136.24_36.289_-1.57079
136.237_36.1095_-1.61839
136.234_36.0583_-1.632
136.234_36.0583_-1.632
136.2_35.5598_-1.65266
136.172_35.065_-1.5772
136.174_34.5659_-1.54278
136.01_33.8757_-1.44156
136.073_33.3798_-1.44845
136.133_32.8834_-1.45534
136.192_32.3869_-1.44845
136.31_31.394_-1.44845
136.39_30.9137_-1.31922
136.531_30.4477_-1.19
136.653_30.1653_-1.10838
136.724_30.0285_-1.06757
136.774_29.9391_-1.04037
136.774_29.9391_-1.04037
137.038_29.5299_-0.91114
137.352_29.1582_-0.781914
137.712_28.83_-0.652687
138.111_28.551_-0.523461
138.543_28.3257_-0.394235
138.543_28.3257_-0.394235
138.721_28.0017_-0.352813
139.186_27.8221_-0.400955
139.643_27.622_-0.435372
140.095_27.4082_-0.456033
140.543_27.187_-0.462923
140.987_26.959_-0.497339
140.987_26.959_-0.497339
141.424_26.7451_-0.368113
141.886_26.5893_-0.238887
142.363_26.4942_-0.109661
142.849_26.4615_0.0195653
143.335_26.4916_0.148791
143.335_26.4916_0.148791
143.813_26.5841_0.278017
144.283_26.7336_0.367043
144.746_26.9198_0.415185
145.2_27.1263_0.449602
145.648_27.3466_0.470263
145.648_27.3466_0.470263
146.094_27.5742_0.477153
146.537_27.8048_0.484042
146.979_28.0385_0.490931
147.859_28.5129_0.490931
148.3_28.7496_0.49782
148.74_28.9874_0.490931
149.181_29.2221_0.484042
150.061_29.6965_0.484042
150.503_29.9302_0.490931
150.944_30.1669_0.49782
151.383_30.4046_0.490931
152.267_30.873_0.490931
152.707_31.1097_0.49782
153.147_31.3474_0.490931
153.587_31.5842_0.49782
154.471_32.0525_0.49782
154.912_32.2858_0.463404
155.361_32.5061_0.442742
156.263_32.9328_0.415238
