configuration 176.556686401_134.7056427_-0.977472527886_0.211062685542_59.5791053772_36.8438796997_0.982426073578_-0.18665210943
length 194.645
time 300
roughness 9.63841e-05
176.557_134.706_-2.71627
176.105_134.524_-2.84549
175.629_134.394_-2.93452
175.14_134.299_-2.98266
174.646_134.223_-3.00332
174.15_134.158_-3.02399
174.15_134.158_-3.02399
173.662_134.085_-2.93496
173.177_133.974_-2.87313
172.699_133.834_-2.82499
172.226_133.675_-2.80433
171.755_133.506_-2.78367
171.288_133.328_-2.76301
170.844_133.129_-2.63378
170.426_132.875_-2.51786
169.579_132.608_-2.30211
169.239_132.259_-2.43134
168.857_131.958_-2.56056
168.439_131.708_-2.68979
167.992_131.514_-2.81901
167.524_131.38_-2.94824
167.524_131.38_-2.94824
167.051_131.266_-2.81901
166.59_131.094_-2.7165
166.141_130.88_-2.65467
165.705_130.64_-2.60653
165.279_130.381_-2.57211
164.86_130.108_-2.55145
164.444_129.855_-2.68068
163.995_129.648_-2.7697
163.362_129.016_-2.94824
162.872_128.917_-2.92758
162.384_128.809_-2.92069
161.896_128.699_-2.9138
161.409_128.585_-2.90691
160.923_128.467_-2.90002
160.438_128.347_-2.89313
159.957_128.216_-2.84499
159.482_128.065_-2.81057
158.534_127.842_-2.75637
158.091_127.64_-2.62714
157.678_127.383_-2.49792
157.301_127.074_-2.36869
157.069_126.835_-2.28027
156.939_126.677_-2.22586
156.939_126.677_-2.22586
156.627_126.292_-2.30132
156.289_125.926_-2.34946
155.932_125.594_-2.47869
155.535_125.305_-2.58121
154.899_124.728_-2.75637
154.456_124.526_-2.62714
154.036_124.27_-2.52463
153.637_123.974_-2.4628
153.254_123.655_-2.41466
152.885_123.319_-2.38024
152.526_122.972_-2.35958
152.166_122.644_-2.48881
151.765_122.356_-2.57783
151.263_121.614_-2.75637
150.8_121.425_-2.74948
150.339_121.233_-2.74259
149.879_121.038_-2.7357
149.42_120.839_-2.72881
148.962_120.638_-2.72192
148.506_120.433_-2.71503
148.055_120.251_-2.84426
147.582_120.125_-2.96018
146.829_119.661_-3.18987
146.342_119.664_-3.06065
145.859_119.604_-2.93142
145.388_119.482_-2.80219
144.936_119.301_-2.67297
144.511_119.063_-2.54374
144.511_119.063_-2.54374
144.097_118.806_-2.67297
143.651_118.599_-2.77549
143.184_118.431_-2.83731
142.706_118.289_-2.88545
142.222_118.168_-2.91987
141.734_118.062_-2.94053
141.261_117.944_-2.81131
140.799_117.77_-2.72228
139.904_117.764_-2.54374
139.488_117.498_-2.63277
139.049_117.265_-2.69459
138.596_117.054_-2.72901
138.137_116.86_-2.76343
137.671_116.678_-2.78409
137.202_116.504_-2.79098
136.753_116.318_-2.66175
136.324_116.076_-2.55924
135.606_115.966_-2.35042
135.249_115.634_-2.47965
134.851_115.345_-2.58216
134.425_115.09_-2.64399
133.983_114.859_-2.69213
133.531_114.648_-2.72655
133.072_114.449_-2.74721
132.631_114.244_-2.61798
132.211_113.984_-2.52896
131.334_113.806_-2.35042
130.977_113.475_-2.47965
130.581_113.192_-2.60887
130.425_113.103_-2.65648
130.357_113.068_-2.67689
130.334_113.056_-2.68369
130.334_113.056_-2.68369
129.884_112.838_-2.70435
129.43_112.63_-2.72501
128.972_112.429_-2.7319
128.513_112.231_-2.73879
128.074_112.021_-2.60956
127.653_111.759_-2.53411
127.062_111.646_-2.35042
126.705_111.315_-2.47965
126.309_111.032_-2.60887
126.108_110.919_-2.67008
126.062_110.896_-2.68369
126.039_110.884_-2.69049
126.039_110.884_-2.69049
125.588_110.682_-2.77951
125.12_110.513_-2.82766
124.472_110.428_-2.86732
124.003_110.279_-2.76481
123.545_110.087_-2.70298
123.097_109.868_-2.65484
122.659_109.629_-2.62042
122.227_109.378_-2.59976
121.8_109.144_-2.72899
121.342_108.96_-2.81801
120.678_108.359_-2.99655
120.194_108.309_-3.12578
119.702_108.318_-3.22829
119.208_108.371_-3.29012
118.717_108.453_-3.33826
118.228_108.556_-3.37268
117.743_108.674_-3.39334
117.266_108.775_-3.26411
116.775_108.821_-3.17509
115.967_109.207_-2.99655
115.489_109.116_-2.86732
115.026_108.964_-2.7381
114.587_108.754_-2.60887
114.178_108.49_-2.47965
113.804_108.174_-2.36373
113.804_108.174_-2.36373
113.457_107.818_-2.3019
113.128_107.443_-2.26748
112.81_107.057_-2.24682
112.498_106.667_-2.23993
112.189_106.274_-2.23304
112.189_106.274_-2.23304
111.875_105.888_-2.29487
111.54_105.518_-2.32929
111.194_105.158_-2.34995
110.841_104.805_-2.37061
110.481_104.457_-2.3775
110.12_104.112_-2.38439
109.752_103.793_-2.51361
109.345_103.521_-2.62953
108.74_102.876_-2.85851
108.262_102.731_-2.82409
107.788_102.572_-2.80343
107.317_102.405_-2.79654
106.847_102.235_-2.78965
106.378_102.062_-2.78276
105.915_101.91_-2.91199
105.429_101.807_-2.97381
104.836_101.454_-3.12202
104.342_101.43_-3.03299
103.849_101.366_-2.97116
103.374_101.263_-2.84194
102.909_101.102_-2.73942
102.203_100.882_-2.5575
101.786_100.631_-2.68673
101.339_100.433_-2.80265
100.867_100.28_-2.87811
100.384_100.157_-2.92625
99.8956_100.056_-2.96067
99.4036_99.9723_-2.99508
98.9194_99.9217_-3.12431
98.43_99.9319_-3.24023
97.5531_99.7841_-3.45747
97.0843_99.9156_-3.32824
96.6025_99.9856_-3.19902
96.1072_100.002_-3.12356
95.6093_99.9847_-3.07542
95.1127_99.9438_-3.02728
94.6167_99.8834_-3.00661
94.1375_99.7975_-2.87739
93.6674_99.653_-2.77487
92.7744_99.5387_-2.58442
92.3724_99.2639_-2.4552
92.0059_98.9395_-2.33927
91.6678_98.5751_-2.27745
91.3482_98.1919_-2.24303
91.0397_97.7988_-2.22237
91.0397_97.7988_-2.22237
90.7356_97.4019_-2.22926
90.4306_97.0058_-2.22237
90.1265_96.6089_-2.22926
89.8214_96.2128_-2.22237
89.5173_95.816_-2.22926
89.2105_95.4212_-2.23615
88.894_95.0513_-2.36537
88.5319_94.7219_-2.48129
88.0785_93.9601_-2.69669
87.6305_93.7694_-2.82591
87.1617_93.638_-2.95514
86.6798_93.5681_-3.08437
86.1882_93.5566_-3.18688
85.6909_93.5871_-3.23502
85.6909_93.5871_-3.23502
85.2046_93.6119_-3.1058
84.714_93.5777_-3.00328
84.2232_93.4991_-2.94146
83.7366_93.3923_-2.89331
83.2543_93.2641_-2.8589
82.7754_93.1214_-2.83823
82.305_92.9958_-2.96746
81.8163_92.9246_-3.05649
81.0297_92.4975_-3.23502
80.5435_92.5224_-3.1058
80.0581_92.4843_-2.97657
79.5787_92.3856_-2.86065
79.1061_92.2363_-2.78519
78.2622_91.7667_-2.71812
77.8073_91.5799_-2.82064
77.3325_91.4328_-2.88246
76.8489_91.3129_-2.93061
76.3598_91.214_-2.96502
75.8673_91.1296_-2.98568
75.3899_91.0337_-2.85646
74.9203_90.8809_-2.76743
74.0259_90.915_-2.58889
73.6227_90.642_-2.45967
73.2581_90.3194_-2.33044
72.938_89.9525_-2.20122
72.6679_89.5474_-2.07199
72.4523_89.1108_-1.94276
72.4523_89.1108_-1.94276
72.2947_88.6501_-1.81354
72.1978_88.173_-1.68431
72.1632_87.6873_-1.55508
72.1915_87.2013_-1.42586
72.2822_86.7229_-1.29663
72.2822_86.7229_-1.29663
72.4337_86.2602_-1.16741
72.6437_85.8209_-1.03818
72.7928_85.5815_-0.963365
72.8075_85.5605_-0.956564
72.8223_85.5396_-0.949763
72.8223_85.5396_-0.949763
73.1032_85.1295_-1.01159
73.3631_84.7034_-1.04601
73.6082_84.2687_-1.08042
73.8404_83.8263_-1.10108
74.0657_83.3799_-1.10797
74.391_82.621_-1.12023
74.6214_82.192_-0.991004
74.9052_81.7964_-0.861778
75.2371_81.4284_-0.78632
75.6534_81.0988_-0.698545
76.022_80.7702_-0.78757
76.3539_80.4104_-0.903491
76.6534_80.0137_-0.965318
77.0447_79.329_-1.0473
77.27_78.8974_-1.17652
77.4378_78.4403_-1.30575
77.5479_77.9634_-1.42167
77.6093_77.4716_-1.49713
77.6403_76.9735_-1.53155
77.6403_76.9735_-1.53155
77.6721_76.4789_-1.45609
77.7371_75.985_-1.40795
77.8215_75.4925_-1.38728
77.9161_75.0018_-1.36662
78.0186_74.5125_-1.35973
78.0186_74.5125_-1.35973
78.1345_74.0307_-1.28427
78.2829_73.5551_-1.23613
78.4522_73.0856_-1.20172
78.6439_72.6305_-1.11269
78.8713_72.1872_-1.06455
79.1622_71.5851_-0.99926
79.4079_71.1648_-1.12849
79.5975_70.7163_-1.25771
79.7304_70.2452_-1.37363
79.8008_69.7146_-1.52977
79.8413_69.2294_-1.40054
79.9441_68.7535_-1.27131
80.1073_68.2948_-1.14209
80.3283_67.8609_-1.01286
80.6033_67.4591_-0.883636
80.6033_67.4591_-0.883636
80.896_67.07_-1.01286
81.136_66.6464_-1.14209
81.3195_66.1954_-1.27131
81.4433_65.7245_-1.40054
81.5053_65.2416_-1.52977
81.5053_65.2416_-1.52977
81.5459_64.7564_-1.40054
81.6472_64.2775_-1.28462
81.7973_63.8037_-1.22279
81.9728_63.3365_-1.18838
82.1625_62.8742_-1.16772
82.1625_62.8742_-1.16772
82.3553_62.4132_-1.18838
82.5408_61.949_-1.19527
82.7231_61.4834_-1.20216
82.9022_61.0166_-1.20904
83.0781_60.5486_-1.21593
83.0781_60.5486_-1.21593
83.2655_60.0964_-1.10001
83.5013_59.6605_-1.02455
83.7669_59.239_-0.976413
84.0495_58.827_-0.955751
84.3406_58.4209_-0.935089
84.3406_58.4209_-0.935089
84.6275_58.015_-0.996916
84.8912_57.5923_-1.04506
85.1175_57.1612_-1.17428
85.292_56.7014_-1.2768
85.7177_55.9009_-1.45199
85.7958_55.4204_-1.32277
85.9352_54.9539_-1.19354
86.1317_54.503_-1.09102
86.3654_54.0614_-1.07036
86.6082_53.6246_-1.0497
87.2738_52.9675_-1.05751
87.4947_52.5336_-1.18674
87.6607_52.0732_-1.30266
87.7646_51.5739_-1.45199
87.8018_51.0884_-1.58122
87.7761_50.6022_-1.71045
87.6879_50.1234_-1.83967
87.5388_49.6599_-1.9689
87.3312_49.2195_-2.09812
87.3312_49.2195_-2.09812
87.0686_48.8095_-2.22735
86.7553_48.4367_-2.35658
86.3966_48.1075_-2.4858
85.9976_47.824_-2.60172
85.5661_47.5773_-2.66355
85.5661_47.5773_-2.66355
85.1247_47.3719_-2.79278
84.6605_47.225_-2.922
84.1812_47.1392_-3.05123
83.6949_47.1158_-3.18045
83.3879_47.136_-3.26207
83.3879_47.136_-3.26207
83.2096_47.1554_-3.30968
82.7265_47.2164_-3.18045
82.2396_47.2147_-3.05123
81.757_47.1502_-2.922
81.2809_47.0269_-2.81949
80.8109_46.8617_-2.77134
80.8109_46.8617_-2.77134
80.3478_46.6757_-2.73693
79.8898_46.4759_-2.71626
79.4349_46.2685_-2.70938
78.9814_46.0581_-2.70249
78.5293_45.8445_-2.6956
78.5293_45.8445_-2.6956
78.0771_45.632_-2.71626
77.6212_45.4268_-2.72315
77.1639_45.2247_-2.73004
76.7052_45.0257_-2.73693
76.2452_44.8299_-2.74382
76.2452_44.8299_-2.74382
75.7859_44.6332_-2.72315
75.3295_44.429_-2.71626
74.8746_44.2217_-2.70938
74.4211_44.0112_-2.70249
73.969_43.7976_-2.6956
73.969_43.7976_-2.6956
73.539_43.5692_-2.56637
73.1421_43.2872_-2.43715
72.7848_42.9565_-2.30792
72.4731_42.5824_-2.17869
72.2091_42.1703_-2.06277
72.2091_42.1703_-2.06277
71.9611_41.7512_-2.192
71.6612_41.3677_-2.32122
71.3144_41.026_-2.45045
70.9264_40.7318_-2.57968
70.5016_40.484_-2.68219
70.5016_40.484_-2.68219
70.3161_40.3963_-2.7366
70.3161_40.3963_-2.7366
69.8555_40.2026_-2.75727
69.3907_40.0208_-2.79168
68.9202_39.8527_-2.81234
68.1746_39.5889_-2.82665
67.6984_39.4374_-2.84731
67.2196_39.2935_-2.8542
66.7398_39.1529_-2.86109
66.2591_39.0156_-2.86798
65.778_38.8794_-2.86109
65.778_38.8794_-2.86109
65.3011_38.7593_-2.96361
64.8094_38.679_-3.01175
64.3139_38.62_-3.04616
63.8161_38.5758_-3.06683
63.3175_38.5396_-3.07372
63.3175_38.5396_-3.07372
62.8336_38.4861_-2.94449
62.3606_38.3706_-2.81526
61.9064_38.1951_-2.68604
61.4786_37.9625_-2.55681
61.0844_37.6768_-2.42759
61.0844_37.6768_-2.42759
60.7303_37.3426_-2.29836
60.4222_36.9656_-2.16913
60.1652_36.5521_-2.03991
59.9637_36.1088_-1.91068
59.821_35.6433_-1.78145
59.821_35.6433_-1.78145
