configuration 46.843963623_148.978851318_-0.536406748472_0.843959596304_156.577575684_33.1800613403_0.186652677497_0.98242596565
length 210.088
time 267.236
roughness 9.10495e-05
46.844_148.979_-1.13235
46.8867_148.886_-1.15955
46.8867_148.886_-1.15955
47.2208_148.085_-1.18765
47.3919_147.621_-1.27667
47.5262_147.143_-1.3385
47.6331_146.656_-1.38664
47.7212_146.164_-1.4073
47.7991_145.671_-1.42796
47.8692_145.176_-1.43485
47.9358_144.68_-1.44174
48.0189_144.2_-1.31252
48.1631_143.735_-1.18329
48.0866_143.182_-0.79908
48.2323_143.038_-0.744669
48.2323_143.038_-0.744669
48.3275_142.952_-0.710662
48.3275_142.952_-0.710662
48.9681_142.359_-0.68882
49.3369_142.034_-0.791336
49.6763_141.673_-0.866795
49.9927_141.288_-0.914937
50.2947_140.89_-0.935598
50.5884_140.486_-0.95626
50.8737_140.076_-0.976922
51.1288_139.661_-1.10615
51.3313_139.215_-1.22207
51.8849_138.521_-1.43819
51.8849_138.521_-1.43819
51.8849_138.521_-1.43819
51.9536_138.116_-1.32937
52.0841_137.638_-1.25391
52.2469_137.167_-1.20577
52.4285_136.702_-1.18511
52.8606_135.959_-1.16436
52.8807_135.911_-1.17796
52.8807_135.911_-1.17796
52.9383_135.769_-1.21877
53.0922_135.302_-1.32129
53.205_134.818_-1.38312
53.2901_134.327_-1.43126
53.3562_133.832_-1.45192
53.412_133.335_-1.47258
53.4803_132.853_-1.34336
53.6058_132.375_-1.25433
53.5237_131.487_-1.07624
53.762_131.047_-1.06935
54.0013_130.608_-1.07624
54.2396_130.169_-1.06935
54.481_129.731_-1.06246
54.7272_129.296_-1.0418
54.9805_128.865_-1.03491
55.3765_128.1_-1.0218
55.6365_127.673_-1.02869
55.8934_127.244_-1.03557
56.1474_126.814_-1.04246
56.3985_126.381_-1.04935
56.6587_125.97_-0.920127
56.9692_125.586_-0.831101
57.2195_124.875_-0.649587
57.5944_124.564_-0.778813
57.9261_124.208_-0.908039
58.2154_123.81_-1.01056
58.4709_123.384_-1.07238
58.702_122.942_-1.12052
58.914_122.491_-1.15494
59.0917_122.037_-1.28417
59.2094_121.565_-1.41339
59.5812_120.774_-1.74461
59.5174_120.291_-1.61538
59.5154_119.83_-1.49296
59.5154_119.83_-1.49296
59.5662_119.337_-1.4175
59.6502_118.846_-1.36936
59.7556_118.358_-1.33494
59.8568_117.875_-1.42397
59.9242_117.38_-1.45838
60.2391_116.771_-1.5717
60.242_116.271_-1.55103
60.2531_115.772_-1.54414
60.2675_115.272_-1.53726
60.3045_114.786_-1.40803
60.3988_114.302_-1.319
60.3361_113.623_-1.15225
60.55_113.178_-1.06322
60.8005_112.749_-1.00139
61.0744_112.332_-0.966977
61.3609_111.922_-0.946315
61.6558_111.519_-0.925654
61.9574_111.12_-0.918764
62.2362_110.721_-1.04799
62.4672_110.287_-1.15051
63.1088_109.671_-1.36834
63.2255_109.196_-1.25242
63.3923_108.729_-1.17696
63.5909_108.272_-1.12882
63.8095_107.824_-1.0944
64.0434_107.383_-1.05999
64.2907_106.949_-1.03932
64.5451_106.518_-1.03243
64.7768_106.09_-1.16166
64.9625_105.631_-1.23712
65.3438_105.245_-1.41595
65.4315_104.275_-1.41595
65.5201_103.787_-1.34049
65.6416_103.304_-1.29235
65.7843_102.826_-1.25793
65.9433_102.353_-1.22352
66.1166_101.884_-1.20285
66.2975_101.418_-1.19596
66.4674_100.953_-1.27142
66.6091_100.474_-1.30584
66.9782_99.8007_-1.40775
66.9782_99.8007_-1.40775
66.9782_99.8007_-1.40775
67.0744_99.3184_-1.30523
67.2146_98.8416_-1.24341
67.4339_98.3104_-1.17518
67.6233_97.848_-1.19584
67.8031_97.3818_-1.21651
67.9732_96.912_-1.23717
68.1358_96.4392_-1.24406
68.2751_95.9699_-1.35998
68.3692_95.4819_-1.4218
68.6402_94.8796_-1.55738
68.6674_94.3935_-1.42815
68.757_93.9149_-1.29893
68.9075_93.4519_-1.1697
69.1164_93.0121_-1.04048
69.3802_92.6029_-0.91125
69.3802_92.6029_-0.91125
69.6946_92.2311_-0.782024
70.0548_91.8907_-0.706566
70.5778_91.2766_-0.556438
71.0017_91.0372_-0.427212
71.453_90.8544_-0.297986
71.9241_90.7313_-0.16876
72.4071_90.67_-0.039534
72.894_90.6714_0.0896921
72.894_90.6714_0.0896921
73.3766_90.7355_0.218918
73.8528_90.8585_0.321435
74.3211_91.0251_0.383262
74.7818_91.2171_0.417678
75.2371_91.4229_0.43834
75.2371_91.4229_0.43834
75.6903_91.6341_0.431451
76.1449_91.8421_0.424562
76.6009_92.047_0.417672
77.5135_92.4557_0.417672
77.9682_92.6371_0.301752
78.4457_92.775_0.239925
78.9318_92.8881_0.205508
79.4216_92.9867_0.184847
79.9134_93.0751_0.164185
79.9134_93.0751_0.164185
80.4028_93.1414_0.0751594
80.9001_93.1709_0.0270173
81.3997_93.1809_0.00635555
81.8994_93.1807_-0.0143062
82.3992_93.1724_-0.0211954
82.3992_93.1724_-0.0211954
82.8931_93.1765_0.06783
83.3895_93.2182_0.115972
83.8846_93.2816_0.150389
84.3781_93.3599_0.171051
84.8705_93.4461_0.17794
84.8705_93.4461_0.17794
85.3628_93.5335_0.171051
85.8557_93.6174_0.164161
86.3487_93.7003_0.171051
87.3346_93.8671_0.171051
87.8105_93.9702_0.300277
88.2691_94.1338_0.429503
88.7027_94.3552_0.558729
89.1043_94.6305_0.687955
89.4734_94.9555_0.790472
89.4734_94.9555_0.790472
89.8303_95.2867_0.661246
90.2278_95.5723_0.545325
90.658_95.8213_0.483498
91.1025_96.0483_0.449082
91.5541_96.2621_0.42842
91.5541_96.2621_0.42842
91.988_96.483_0.557646
92.3898_96.7579_0.686872
92.7529_97.0823_0.816098
93.0711_97.4508_0.945324
93.3392_97.8573_1.07455
93.3392_97.8573_1.07455
93.589_98.2752_0.945324
93.8905_98.6575_0.816098
94.2392_99.001_0.700178
94.626_99.3108_0.624719
95.0342_99.598_0.590303
95.0342_99.598_0.590303
95.4527_99.8661_0.528476
96.3478_100.228_0.461077
96.7883_100.458_0.522903
97.2178_100.712_0.55732
97.6383_100.981_0.591736
98.0306_101.269_0.720963
98.3888_101.606_0.823479
99.166_102.127_1.01012
99.4422_102.528_0.880896
99.7677_102.89_0.75167
100.137_103.207_0.622444
100.544_103.474_0.493218
100.986_103.695_0.404192
100.986_103.695_0.404192
101.446_103.891_0.397303
101.908_104.083_0.390414
102.37_104.272_0.383525
103.299_104.643_0.383525
103.758_104.806_0.254299
104.234_104.909_0.125073
104.721_104.951_0.00915183
105.217_104.943_-0.0663063
105.715_104.904_-0.100723
105.715_104.904_-0.100723
106.196_104.835_-0.229949
106.665_104.704_-0.359175
107.114_104.514_-0.488401
107.533_104.267_-0.617627
107.859_104.018_-0.726449
107.859_104.018_-0.726449
107.918_103.969_-0.746854
108.261_103.623_-0.87608
108.557_103.236_-1.00531
108.803_102.813_-1.12123
109.007_102.362_-1.19668
109.214_101.444_-1.27056
109.367_100.969_-1.23614
109.538_100.502_-1.188
109.728_100.039_-1.16734
109.947_99.5606_-1.1395
110.164_99.1135_-1.07767
110.406_98.6766_-1.04325
110.66_98.2466_-1.02259
110.922_97.8205_-1.0157
111.186_97.3962_-1.00881
111.186_97.3962_-1.00881
111.428_96.9736_-1.13804
111.625_96.5186_-1.2135
111.794_96.0491_-1.24791
111.949_95.5741_-1.26858
112.094_95.0961_-1.28924
112.094_95.0961_-1.28924
112.23_94.6152_-1.3099
112.358_94.1318_-1.31679
112.482_93.6476_-1.32368
112.604_93.1626_-1.33057
112.721_92.6767_-1.33746
112.721_92.6767_-1.33746
112.846_92.1956_-1.27563
112.997_91.7198_-1.24121
113.162_91.2481_-1.22055
113.334_90.7789_-1.21366
113.51_90.3109_-1.20677
113.51_90.3109_-1.20677
113.701_89.8575_-1.10426
113.933_89.4183_-1.04243
114.19_88.9902_-1.00801
114.459_88.5694_-0.987351
114.738_88.1543_-0.96669
114.738_88.1543_-0.96669
115.016_87.7403_-1.00111
115.283_87.3177_-1.02177
115.543_86.8906_-1.02866
115.8_86.4618_-1.03555
116.056_86.0323_-1.02866
116.056_86.0323_-1.02866
116.289_85.605_-1.15788
116.466_85.1511_-1.28711
116.59_84.6732_-1.37613
116.678_84.1829_-1.42428
116.748_83.6881_-1.44494
116.748_83.6881_-1.44494
116.807_83.2045_-1.38373
116.896_82.713_-1.40439
116.975_82.2196_-1.42505
117.067_81.7413_-1.29582
117.213_81.2679_-1.22037
117.174_80.4761_-1.06456
117.395_80.0393_-1.18048
117.572_79.5764_-1.25594
117.703_79.1075_-1.38516
117.782_78.6183_-1.46062
117.842_78.0201_-1.5554
117.839_77.523_-1.61722
117.81_77.0248_-1.65164
117.766_76.5271_-1.6723
117.715_76.0298_-1.67919
117.659_75.5329_-1.68608
117.659_75.5329_-1.68608
117.624_75.0473_-1.55685
117.651_74.5612_-1.42763
117.741_74.0826_-1.2984
117.892_73.6197_-1.16918
118.101_73.18_-1.03995
118.101_73.18_-1.03995
118.365_72.7709_-0.910724
118.68_72.3993_-0.781497
119.04_72.0713_-0.652271
119.439_71.7924_-0.523045
119.87_71.5673_-0.393819
119.87_71.5673_-0.393819
120.312_71.3616_-0.523045
120.723_71.1007_-0.652271
121.097_70.7891_-0.781497
121.428_70.4318_-0.910724
121.71_70.0349_-1.03995
121.71_70.0349_-1.03995
121.95_69.6014_-1.11541
122.164_69.1506_-1.14982
122.365_68.6932_-1.17049
122.557_68.2317_-1.19115
122.741_67.7669_-1.19804
122.741_67.7669_-1.19804
122.93_67.3059_-1.1499
123.137_66.8512_-1.12923
123.354_66.401_-1.10857
123.578_65.954_-1.10168
123.805_65.5086_-1.09479
123.805_65.5086_-1.09479
124.009_65.0667_-1.22402
124.155_64.6022_-1.35325
124.24_64.1228_-1.48247
124.262_63.6364_-1.6117
124.222_63.1512_-1.74092
124.222_63.1512_-1.74092
124.16_62.6683_-1.6117
124.161_62.1814_-1.48247
124.224_61.6987_-1.35325
124.345_61.2198_-1.26422
124.753_60.3313_-1.15662
124.955_59.874_-1.14973
125.149_59.4163_-1.21156
125.319_58.9471_-1.24597
125.743_58.1425_-1.31512
125.861_57.6585_-1.36326
125.958_57.169_-1.39768
126.041_56.6762_-1.41834
126.084_56.0987_-1.45071
126.163_55.6182_-1.32149
126.303_55.1519_-1.19226
126.502_54.7075_-1.06303
126.756_54.2925_-0.933807
127.062_53.9137_-0.804581
127.062_53.9137_-0.804581
127.062_53.9137_-0.804581
127.062_53.9137_-0.804581
127.411_53.5561_-0.783919
127.77_53.2124_-0.722092
128.149_52.8869_-0.687676
128.854_52.2083_-0.618195
129.238_51.9096_-0.747421
129.581_51.5638_-0.876647
129.886_51.1751_-0.965672
130.163_50.7608_-1.01381
130.424_50.3349_-1.03448
130.424_50.3349_-1.03448
130.69_49.9273_-0.90525
131.007_49.5574_-0.776024
131.369_49.222_-0.686999
131.759_48.9123_-0.638856
132.163_48.6193_-0.60444
132.163_48.6193_-0.60444
132.552_48.3258_-0.733666
132.899_47.9848_-0.862892
133.2_47.6018_-0.992118
133.449_47.1833_-1.12134
133.642_46.7362_-1.25057
133.642_46.7362_-1.25057
133.814_46.2809_-1.12134
134.044_45.8518_-0.992118
134.328_45.4558_-0.862892
134.66_45.0996_-0.733666
135.036_44.7799_-0.64464
135.036_44.7799_-0.64464
135.412_44.4711_-0.773867
135.746_44.1164_-0.903093
136.031_43.7216_-1.03232
136.263_43.2934_-1.16154
136.437_42.8389_-1.29077
136.437_42.8389_-1.29077
136.557_42.3619_-1.39329
136.623_41.8795_-1.52251
136.626_41.3926_-1.65174
136.568_40.4437_-1.86983
136.445_39.9728_-1.7406
136.383_39.4899_-1.61138
136.384_39.003_-1.48215
136.447_38.5203_-1.35292
136.573_38.0498_-1.2237
136.573_38.0498_-1.2237
136.719_37.5853_-1.35292
136.804_37.1059_-1.48215
136.826_36.6195_-1.61138
136.786_36.1343_-1.7406
136.683_35.6583_-1.86983
136.683_35.6583_-1.86983
136.56_35.1874_-1.7406
136.498_34.7044_-1.61138
136.499_34.2176_-1.48215
136.562_33.7348_-1.35292
136.688_33.2643_-1.2237
136.688_33.2643_-1.2237
136.873_32.8139_-1.09447
137.114_32.3911_-0.965246
137.408_32.0029_-0.836019
137.749_31.6558_-0.706793
138.133_31.3556_-0.577567
138.133_31.3556_-0.577567
138.529_31.0727_-0.706793
138.885_30.7411_-0.836019
139.196_30.3663_-0.965246
139.456_29.9546_-1.09447
139.661_29.5128_-1.2237
139.661_29.5128_-1.2237
139.846_29.0624_-1.09447
140.087_28.6396_-0.965246
140.381_28.2514_-0.836019
140.722_27.9043_-0.706793
141.106_27.604_-0.577567
141.106_27.604_-0.577567
141.525_27.3557_-0.448341
141.972_27.1635_-0.319115
142.44_27.0304_-0.189889
142.922_26.9589_-0.0606627
143.409_26.95_0.0685634
143.409_26.95_0.0685634
143.893_27.0039_0.19779
144.368_27.1183_0.31371
144.838_27.2814_0.375537
145.3_27.4697_0.409953
145.757_27.672_0.430615
145.757_27.672_0.430615
146.19_27.8939_0.559841
146.592_28.1697_0.689067
146.954_28.4949_0.818294
147.271_28.8641_0.94752
147.539_29.2711_1.07675
147.539_29.2711_1.07675
147.787_29.6896_0.94752
148.088_30.0726_0.818294
148.436_30.4136_0.689067
148.824_30.7069_0.559841
149.247_30.9478_0.430615
149.247_30.9478_0.430615
149.698_31.1321_0.301389
150.169_31.2568_0.172163
150.652_31.3198_0.0429369
151.138_31.3201_-0.0862892
151.621_31.2576_-0.215515
151.621_31.2576_-0.215515
152.101_31.1737_-0.0862892
152.587_31.1523_0.0429369
153.072_31.1938_0.172163
153.548_31.2975_0.301389
154.01_31.4605_0.41731
154.01_31.4605_0.41731
154.458_31.6727_0.492768
154.891_31.9167_0.554595
155.312_32.1844_0.589011
155.731_32.4493_0.513553
156.168_32.6895_0.479136
156.168_32.6895_0.479136
