configuration 133.385482788_115.927223206_-0.986328190641_0.164792901387_34.5528411865_13.6445770264_-0.541385985877_0.840774175564
length 189.471
time 69.4785
roughness 7.92548e-05
133.385_115.927_-2.8105
132.993_115.808_-2.91932
132.993_115.808_-2.91932
132.505_115.703_-2.95374
132.014_115.613_-2.9744
131.52_115.534_-2.99506
131.026_115.462_-3.00195
130.547_115.374_-2.87272
130.07_115.232_-2.8109
129.156_115.255_-2.65567
128.712_115.034_-2.73113
128.252_114.843_-2.77927
127.784_114.671_-2.81369
127.31_114.513_-2.83435
126.832_114.366_-2.85501
126.352_114.225_-2.8619
125.878_114.078_-2.80008
125.409_113.906_-2.76566
124.464_113.722_-2.69672
124.033_113.494_-2.56749
123.636_113.213_-2.43827
123.37_112.972_-2.34305
123.299_112.898_-2.31584
123.282_112.879_-2.30904
123.282_112.879_-2.30904
122.948_112.507_-2.28838
122.622_112.129_-2.26772
122.304_111.743_-2.24706
121.992_111.353_-2.24017
121.678_110.965_-2.27458
121.352_110.586_-2.29525
120.79_109.787_-2.34305
120.435_109.447_-2.44557
120.047_109.139_-2.52102
119.637_108.856_-2.56917
119.214_108.59_-2.60358
118.783_108.339_-2.638
118.344_108.101_-2.65866
117.549_107.735_-2.68338
117.1_107.515_-2.69027
116.65_107.298_-2.69716
116.201_107.107_-2.82638
115.727_106.965_-2.90184
115.28_106.641_-3.07263
114.796_106.587_-2.94341
114.323_106.471_-2.81418
113.869_106.295_-2.68496
113.436_106.063_-2.58244
113.022_105.79_-2.50698
112.626_105.488_-2.45884
112.242_105.168_-2.42442
111.889_104.833_-2.2952
111.576_104.454_-2.19268
111.054_103.984_-2.01027
110.852_103.53_-1.94844
110.673_103.064_-1.91403
110.508_102.592_-1.89336
110.353_102.117_-1.8727
110.206_101.639_-1.86581
110.061_101.161_-1.85892
109.943_100.688_-1.7297
109.881_100.2_-1.62718
109.597_99.4683_-1.42466
109.671_98.9738_-1.41777
109.749_98.4798_-1.41088
109.829_97.9864_-1.40399
109.911_97.4932_-1.41088
109.992_96.9998_-1.40399
110.078_96.5077_-1.38333
110.173_96.0167_-1.37644
110.251_95.3971_-1.36394
110.341_94.9097_-1.4394
110.398_94.4148_-1.48754
110.434_93.917_-1.52196
110.479_93.4321_-1.39273
110.585_92.957_-1.2635
110.419_92.2041_-1.00195
110.689_91.7835_-0.995058
110.962_91.3648_-0.988169
111.238_90.9479_-0.98128
111.517_90.533_-0.974391
111.799_90.12_-0.967502
112.084_89.7089_-0.960612
112.379_89.3221_-0.831386
112.722_88.9618_-0.76956
113.142_88.2159_-0.621416
113.547_87.9239_-0.628305
113.953_87.6309_-0.621416
114.36_87.3408_-0.614527
114.881_86.9301_-0.60659
115.269_86.6358_-0.735816
115.628_86.2941_-0.811274
115.966_85.9274_-0.859416
116.287_85.5456_-0.893833
116.595_85.1531_-0.92825
116.892_84.751_-0.948911
117.158_84.3436_-1.07814
117.373_83.9038_-1.19406
117.929_83.21_-1.41081
118.025_82.7301_-1.29489
118.172_82.2568_-1.21943
118.351_81.7918_-1.17129
118.548_81.3329_-1.15063
118.755_80.8781_-1.12996
118.972_80.4276_-1.1093
119.191_79.9787_-1.12996
119.401_79.5254_-1.15063
119.888_78.6594_-1.17916
119.98_78.4479_-1.11795
119.98_78.4479_-1.11795
120.193_77.9967_-1.15236
120.393_77.5387_-1.17303
120.586_77.0773_-1.17991
120.775_76.6147_-1.1868
120.961_76.1507_-1.19369
121.121_75.6908_-1.32292
121.226_75.2102_-1.42544
121.633_74.3652_-1.61976
121.63_73.8783_-1.49054
121.689_73.3951_-1.36131
121.811_72.9235_-1.23208
121.991_72.4684_-1.11616
122.22_72.0287_-1.0407
122.48_71.6052_-0.978878
122.764_71.1962_-0.930736
123.071_70.8119_-0.82822
123.415_70.4527_-0.766393
123.779_70.013_-0.672792
123.976_69.8488_-0.740806
124.051_69.7789_-0.768011
124.088_69.7431_-0.781614
124.106_69.725_-0.788416
124.124_69.7067_-0.795217
124.124_69.7067_-0.795217
124.45_69.345_-0.924443
124.726_68.9442_-1.05367
124.949_68.5112_-1.1829
125.117_68.0513_-1.29882
125.235_67.5719_-1.38784
125.303_67.0898_-1.51707
125.309_66.603_-1.64629
125.342_65.6437_-1.84377
125.191_65.1808_-1.97299
124.981_64.7412_-2.10222
124.717_64.3323_-2.23145
124.402_63.9609_-2.36067
124.042_63.6331_-2.4899
124.042_63.6331_-2.4899
123.643_63.3545_-2.61913
123.21_63.1266_-2.73505
122.75_62.9447_-2.82407
122.275_62.7968_-2.87221
121.792_62.6695_-2.90663
121.305_62.5589_-2.94105
120.816_62.456_-2.92039
120.329_62.3451_-2.9135
119.644_62.3101_-2.86208
119.169_62.1632_-2.80025
118.7_61.9908_-2.76584
118.237_61.8042_-2.74517
117.777_61.6081_-2.72451
117.321_61.4045_-2.71762
116.865_61.1978_-2.71073
116.414_60.9842_-2.67632
115.969_60.7569_-2.65566
115.067_60.3489_-2.62829
114.629_60.1137_-2.69012
114.178_59.9036_-2.73826
113.717_59.7106_-2.75892
113.252_59.5272_-2.77959
112.784_59.3513_-2.78647
112.315_59.1785_-2.79336
111.851_59.0319_-2.92259
111.369_58.9439_-3.03851
110.564_58.5815_-3.26753
110.079_58.6221_-3.13831
109.592_58.5999_-3.00908
109.105_58.5202_-2.92006
108.621_58.403_-2.87191
108.14_58.2665_-2.85125
108.14_58.2665_-2.85125
107.665_58.1163_-2.80311
107.195_57.9471_-2.78245
106.728_57.7683_-2.76179
106.264_57.5819_-2.7549
105.802_57.3923_-2.74801
105.341_57.1995_-2.74112
104.879_57.0177_-2.81658
104.405_56.8662_-2.86472
103.569_56.429_-2.96019
103.091_56.3224_-2.84427
102.619_56.167_-2.78244
102.154_55.9863_-2.74802
101.694_55.7915_-2.72736
101.236_55.5892_-2.72047
101.236_55.5892_-2.72047
100.78_55.3859_-2.72736
100.323_55.1836_-2.72047
99.8658_54.9803_-2.72736
99.4086_54.778_-2.72047
98.9518_54.5747_-2.72736
98.4946_54.3724_-2.72047
98.0388_54.167_-2.71358
97.5844_53.9584_-2.70669
96.6682_53.5594_-2.7067
96.2136_53.352_-2.72736
95.7549_53.154_-2.74802
95.2927_52.9634_-2.75491
94.8292_52.7759_-2.7618
94.3644_52.5916_-2.76869
93.8984_52.4105_-2.77558
93.4402_52.2216_-2.70012
92.9915_52.0032_-2.6657
92.083_51.7176_-2.57061
91.9525_51.6362_-2.61141
91.9525_51.6362_-2.61141
91.52_51.402_-2.71393
91.0636_51.2052_-2.77576
90.5956_51.0344_-2.8239
90.1197_50.884_-2.85832
89.639_50.7476_-2.87898
89.1559_50.6189_-2.88587
88.68_50.5159_-3.01509
88.1924_50.4727_-3.13101
87.503_50.2278_-3.34742
87.0226_50.307_-3.21819
86.536_50.3237_-3.08897
86.0513_50.2775_-2.95974
85.5766_50.1692_-2.83052
85.1198_50.0007_-2.70129
85.1198_50.0007_-2.70129
84.6795_49.7771_-2.61226
84.2557_49.5174_-2.55044
83.8446_49.2345_-2.51602
83.4434_48.9377_-2.4816
83.0507_48.6286_-2.46094
82.6629_48.3131_-2.45405
82.3001_47.9884_-2.32483
81.9699_47.6188_-2.24937
81.2331_47.0859_-2.1007
81.1805_46.9979_-2.1279
81.1805_46.9979_-2.1279
80.9058_46.5959_-2.25713
80.5816_46.2327_-2.38636
80.2333_45.9302_-2.50878
80.15_45.8703_-2.53599
80.1289_45.8557_-2.54279
80.1289_45.8557_-2.54279
79.7134_45.5792_-2.5772
79.2894_45.3148_-2.59787
78.861_45.0571_-2.60475
78.4324_44.8261_-2.73398
77.9759_44.6493_-2.8499
77.4066_44.2513_-3.05453
76.9091_44.2044_-3.03387
76.4127_44.1473_-3.0132
75.917_44.0821_-3.00632
75.4218_44.0136_-2.99943
74.927_43.9416_-2.99254
74.4328_43.8662_-2.98565
73.949_43.811_-3.11487
73.4596_43.8166_-3.23079
72.6122_43.5729_-3.46094
72.1439_43.706_-3.33172
71.8149_43.7595_-3.2433
71.6872_43.7711_-3.20929
71.6361_43.7743_-3.19569
71.6104_43.7756_-3.18889
71.6104_43.7756_-3.18889
71.1236_43.778_-3.05966
70.6404_43.7176_-2.93044
70.1691_43.5955_-2.80121
69.7087_43.417_-2.71219
69.2687_43.1972_-2.60967
68.8456_42.9364_-2.54784
68.0989_42.3797_-2.46603
67.7094_42.0662_-2.45914
67.3222_41.75_-2.45225
66.9371_41.4311_-2.44536
66.5542_41.1096_-2.43847
66.1736_40.7854_-2.43158
65.7937_40.4604_-2.43847
65.4085_40.1584_-2.55439
64.9892_39.8916_-2.61622
64.3852_39.2551_-2.73996
63.9341_39.05_-2.6645
63.4952_38.8142_-2.61636
63.0646_38.5607_-2.5957
62.6394_38.2983_-2.57504
62.2196_38.0272_-2.55438
61.804_37.7493_-2.54749
61.3894_37.4941_-2.67671
60.9438_37.2915_-2.79263
60.2906_36.6923_-3.01074
59.8081_36.61_-2.89482
59.3307_36.4769_-2.81936
58.8608_36.3116_-2.77122
58.3976_36.1256_-2.7368
57.9397_35.9257_-2.71614
57.486_35.7163_-2.69548
57.0561_35.4878_-2.56625
56.6558_35.206_-2.45033
55.8313_34.8731_-2.23392
55.5155_34.5024_-2.36315
55.1547_34.1755_-2.49237
54.7547_33.8979_-2.6216
54.3223_33.6741_-2.75083
53.8647_33.5079_-2.88005
53.8647_33.5079_-2.88005
53.3811_33.3843_-2.91447
52.8935_33.2752_-2.93513
52.4039_33.1738_-2.94202
51.9137_33.0758_-2.94891
51.4228_32.9812_-2.9558
50.9312_32.89_-2.96269
50.4488_32.8237_-3.09191
49.9594_32.8181_-3.20784
49.1131_32.5483_-3.42294
48.6401_32.6635_-3.29371
48.1561_32.7169_-3.16449
47.6643_32.7115_-3.06197
47.1684_32.6639_-3.01383
46.6741_32.5946_-2.97941
46.6741_32.5946_-2.97941
46.1974_32.4957_-2.85019
45.7314_32.3386_-2.74767
45.2787_32.137_-2.67221
44.838_31.9045_-2.62407
44.4071_31.6527_-2.58965
43.9852_31.3861_-2.55524
43.5914_31.0998_-2.42601
43.2284_30.765_-2.33698
42.6842_30.4433_-2.15475
42.3989_30.0455_-2.27067
42.0703_29.6745_-2.34613
41.7151_29.3415_-2.47535
41.319_29.0539_-2.59128
40.7222_28.6254_-2.76627
40.262_28.4663_-2.89549
39.7852_28.3678_-3.02472
39.2996_28.3316_-3.15394
38.8135_28.3582_-3.28317
38.3348_28.4473_-3.4124
38.3348_28.4473_-3.4124
37.8606_28.5575_-3.28317
37.3761_28.6057_-3.15394
36.8823_28.5973_-3.06492
36.3876_28.549_-3.00309
35.8941_28.4745_-2.96868
35.8941_28.4745_-2.96868
35.4025_28.3851_-2.94801
34.9209_28.2759_-2.85899
34.4448_28.1293_-2.81085
33.4854_27.937_-2.70333
33.0344_27.7218_-2.68267
32.5867_27.4993_-2.67578
32.1405_27.2737_-2.66889
31.6959_27.0451_-2.662
31.2518_26.8154_-2.66889
31.2518_26.8154_-2.66889
30.8281_26.5756_-2.53967
30.4388_26.2831_-2.41044
30.0904_25.9429_-2.28122
29.7888_25.5607_-2.15199
29.539_25.1428_-2.02276
29.539_25.1428_-2.02276
29.3451_24.6962_-1.89354
29.2104_24.2283_-1.76431
29.1371_23.747_-1.63508
29.1264_23.2602_-1.50586
29.1786_22.7761_-1.37663
29.1786_22.7761_-1.37663
29.2927_22.3028_-1.24741
29.4647_21.842_-1.14489
29.6793_21.3937_-1.08306
29.9182_20.9555_-1.04865
30.1704_20.5242_-1.02798
30.1704_20.5242_-1.02798
30.4296_20.0966_-1.0211
30.6918_19.6709_-1.01421
30.9569_19.247_-1.00732
31.2249_18.825_-1.00043
31.4958_18.4048_-0.993539
31.4958_18.4048_-0.993539
31.7677_17.9852_-1.00043
32.0367_17.5638_-1.00732
32.3047_17.1417_-1.00043
32.8475_16.3019_-1.00043
33.1184_15.8817_-0.993539
33.3903_15.4622_-1.00043
33.6612_15.042_-0.993539
34.204_14.2022_-0.993539
