configuration 46.843963623_148.978851318_-0.536406748472_0.843959596304_156.577575684_33.1800613403_0.186652677497_0.98242596565
length 206.854
time 59.9093
roughness 0.000113898
46.844_148.979_-1.13235
47.0692_148.547_-1.00312
47.3468_148.139_-0.914096
47.6573_147.749_-0.865954
47.9836_147.371_-0.845292
48.3177_146.999_-0.82463
48.6328_146.628_-0.953856
48.8974_146.219_-1.08308
49.1071_145.78_-1.21231
49.2585_145.317_-1.34153
49.3489_144.839_-1.47076
49.418_144.357_-1.34153
49.5487_143.888_-1.21231
49.7387_143.439_-1.08308
49.9849_143.019_-0.953856
50.2831_142.635_-0.82463
50.5982_142.263_-0.953856
50.8628_141.855_-1.08308
51.0725_141.415_-1.21231
51.2239_140.952_-1.34153
51.3143_140.474_-1.47076
51.3835_139.992_-1.34153
51.5141_139.523_-1.21231
51.7041_139.075_-1.08308
51.9498_138.651_-0.967162
52.2403_138.248_-0.905335
52.5244_137.853_-1.03456
52.7552_137.424_-1.16379
52.9288_136.969_-1.29301
53.0424_136.496_-1.42224
53.0987_136.007_-1.52476
53.1417_135.522_-1.39553
53.2468_135.047_-1.2663
53.4123_134.589_-1.13708
53.6355_134.156_-1.00785
53.9125_133.756_-0.878626
54.2071_133.368_-1.00785
54.4493_132.946_-1.13708
54.635_132.495_-1.2663
54.7611_132.025_-1.39553
54.8257_131.543_-1.52476
54.8687_131.058_-1.39553
54.9738_130.582_-1.2663
55.1393_130.124_-1.13708
55.3625_129.692_-1.00785
55.6395_129.291_-0.878626
55.9341_128.904_-1.00785
56.1763_128.481_-1.13708
56.3705_128.027_-1.2261
56.5288_127.556_-1.28793
56.6626_127.075_-1.32235
56.7648_126.596_-1.43827
56.818_126.104_-1.51373
56.8407_125.605_-1.54814
56.8486_125.106_-1.5688
56.8485_124.606_-1.57569
56.8667_124.119_-1.44647
56.9475_123.639_-1.31724
57.0895_123.173_-1.18801
57.2903_122.73_-1.05879
57.5467_122.316_-0.929563
57.8536_121.929_-0.840537
58.1918_121.563_-0.792395
58.5451_121.21_-0.771733
58.9056_120.864_-0.751072
59.2718_120.523_-0.744182
59.6157_120.179_-0.873408
59.9123_119.793_-1.00263
60.1567_119.371_-1.13186
60.3447_118.922_-1.26109
60.4733_118.453_-1.39031
60.581_117.978_-1.26109
60.7489_117.521_-1.13186
60.9743_117.089_-1.00263
61.2534_116.69_-0.873408
61.5816_116.331_-0.744182
61.9255_115.986_-0.873408
62.2221_115.6_-1.00263
62.4782_115.176_-1.07809
62.7068_114.733_-1.12623
62.9186_114.28_-1.1469
63.1084_113.824_-1.23592
63.2646_113.351_-1.28406
63.4002_112.871_-1.31848
63.5216_112.386_-1.33914
63.6353_111.9_-1.34603
63.7236_111.421_-1.47526
63.7495_110.935_-1.60448
63.7125_110.449_-1.73371
63.6132_109.972_-1.86294
63.4534_109.512_-1.99216
63.2732_109.06_-1.86294
63.1529_108.588_-1.73371
63.0943_108.105_-1.60448
63.0986_107.618_-1.47526
63.1655_107.136_-1.34603
63.2941_106.666_-1.21681
63.482_106.217_-1.08758
63.7263_105.796_-0.958353
64.0225_105.403_-0.855837
64.3551_105.032_-0.807695
64.7068_104.686_-0.718669
65.087_104.364_-0.670527
65.4806_104.056_-0.649865
65.8793_103.754_-0.642976
66.2802_103.455_-0.636087
66.6592_103.15_-0.765313
66.9957_102.798_-0.894539
67.2841_102.406_-1.02377
67.5195_101.98_-1.15299
67.698_101.527_-1.28222
67.8509_101.055_-1.20676
68.0357_100.592_-1.15862
68.239_100.136_-1.13796
68.4518_99.6839_-1.11729
68.6718_99.235_-1.1104
68.8695_98.79_-1.23963
69.0081_98.3233_-1.36886
69.0855_97.8426_-1.49808
69.1002_97.3559_-1.62731
69.0522_96.8714_-1.75653
68.9826_96.3895_-1.62731
68.9757_95.9026_-1.49808
69.0317_95.419_-1.36886
69.1494_94.9466_-1.23963
69.3237_94.4845_-1.15061
69.541_94.0488_-1.02138
69.8126_93.6447_-0.892153
70.134_93.279_-0.762927
70.5009_92.9484_-0.673901
70.8951_92.6437_-0.625759
71.2773_92.3421_-0.754985
71.6174_91.9937_-0.884211
71.9098_91.6044_-1.01344
72.1496_91.1807_-1.14266
72.3357_90.7279_-1.25858
72.4859_90.2514_-1.27925
72.6285_89.7722_-1.28614
72.7678_89.292_-1.29302
72.9038_88.8109_-1.29991
73.0365_88.3289_-1.3068
73.1833_87.8646_-1.17758
73.3888_87.4232_-1.04835
73.6494_87.012_-0.919125
73.9609_86.6377_-0.789899
74.3187_86.3003_-0.687382
74.6816_85.9757_-0.816608
74.9996_85.607_-0.945834
75.2675_85.2004_-1.07506
75.4807_84.7627_-1.20429
75.6358_84.3012_-1.33351
75.7301_83.8235_-1.46274
75.762_83.3377_-1.59196
75.7311_82.8518_-1.72119
75.6378_82.3739_-1.85042
75.4837_81.912_-1.97964
75.3093_81.4575_-1.85042
75.1948_80.9842_-1.72119
75.1423_80.5002_-1.59196
75.1527_80.0134_-1.46274
75.2257_79.532_-1.33351
75.3601_79.064_-1.20429
75.5536_78.6173_-1.07506
75.8027_78.1959_-0.959139
76.0974_77.7974_-0.883681
76.4183_77.4152_-0.849265
76.7242_77.0364_-0.978491
76.9786_76.6213_-1.10772
77.1775_76.1768_-1.23694
77.3174_75.7105_-1.36617
77.396_75.23_-1.4954
77.4532_74.7465_-1.36617
77.5723_74.2744_-1.23694
77.7491_73.8154_-1.13443
77.9669_73.3673_-1.08628
78.2044_72.9284_-1.05187
78.4608_72.5043_-0.976409
78.7464_72.0961_-0.928267
79.0486_71.6982_-0.907605
79.3573_71.3049_-0.900716
79.6687_70.9137_-0.893827
79.9573_70.5216_-1.02305
80.193_70.0956_-1.15228
80.3719_69.6427_-1.28151
80.4909_69.1706_-1.41073
80.548_68.6871_-1.53996
80.5836_68.2015_-1.41073
80.6815_67.7246_-1.28151
80.8401_67.2642_-1.15228
81.0566_66.8281_-1.02305
81.3276_66.4236_-0.893827
81.6255_66.0297_-0.982852
81.8951_65.6108_-1.03099
82.149_65.1804_-1.05166
82.3939_64.7449_-1.07232
82.6319_64.3052_-1.07921
82.8433_63.8666_-1.20843
82.9965_63.4044_-1.33766
83.0888_62.9264_-1.46689
83.1187_62.4404_-1.59611
83.0858_61.9546_-1.72534
83.0313_61.4708_-1.59611
83.0396_60.984_-1.46689
83.1106_60.5023_-1.33766
83.2431_60.0338_-1.20843
83.4339_59.583_-1.09251
83.6761_59.1607_-0.963286
83.9707_58.773_-0.83406
84.3129_58.4266_-0.704834
84.6975_58.1239_-0.588913
85.1164_57.8564_-0.527087
85.5265_57.5938_-0.656313
85.8993_57.2806_-0.785539
86.2286_56.922_-0.914765
86.509_56.524_-1.04399
86.7357_56.0931_-1.17322
86.905_55.6366_-1.30244
87.0141_55.1621_-1.43167
87.102_54.6832_-1.30244
87.2509_54.2196_-1.17322
87.4583_53.7791_-1.04399
87.7207_53.369_-0.914765
88.0338_52.9961_-0.785539
88.3923_52.6667_-0.656313
88.7903_52.3862_-0.527087
89.2211_52.1593_-0.397861
89.6775_51.9899_-0.268635
90.152_51.8806_-0.139408
90.6366_51.8335_-0.0101823
91.1232_51.8492_0.119044
91.6038_51.9274_0.24827
92.081_52.0612_0.323728
92.5507_52.2272_0.37187
93.0114_52.3847_0.242644
93.4886_52.4816_0.113418
93.9742_52.5161_-0.0158081
94.4603_52.4878_-0.145034
94.9387_52.3971_-0.27426
95.4125_52.2852_-0.145034
95.8969_52.2353_-0.0158081
96.3836_52.2483_0.113418
96.8646_52.3238_0.242644
97.3377_52.4581_0.345161
97.7885_52.6421_0.474387
98.2235_52.8794_0.549845
98.646_53.1451_0.584262
99.0609_53.4235_0.604924
99.4715_53.7088_0.611813
99.8841_53.9859_0.549986
100.313_54.2418_0.51557
100.749_54.4852_0.494908
101.19_54.7216_0.488019
101.632_54.955_0.481129
102.077_55.1809_0.446713
102.528_55.3959_0.439824
102.981_55.6077_0.432934
103.435_55.8164_0.426045
103.891_56.022_0.419156
104.348_56.2244_0.412267
104.807_56.4237_0.405378
105.267_56.6198_0.398488
105.727_56.8149_0.405378
106.187_57.011_0.398488
106.643_57.1807_0.269262
107.118_57.2902_0.140036
107.602_57.3377_0.01081
108.089_57.3223_-0.118416
108.569_57.2444_-0.247642
109.046_57.1451_-0.118416
109.532_57.1082_0.01081
110.018_57.134_0.140036
110.507_57.2155_0.215494
110.992_57.3298_0.263636
111.456_57.4765_0.392863
111.897_57.6818_0.522089
112.318_57.9405_0.611114
112.721_58.2329_0.659256
113.114_58.5417_0.679918
113.479_58.8636_0.809144
113.8_59.2298_0.93837
114.071_59.6344_1.0676
114.288_60.0705_1.19682
114.446_60.5309_1.32605
114.584_60.9978_1.19682
114.781_61.4431_1.0676
115.034_61.8593_0.93837
115.338_62.2395_0.809144
115.688_62.5773_0.679918
116.077_62.8926_0.686807
116.464_63.2087_0.679918
116.852_63.5239_0.686807
117.238_63.8418_0.693696
117.623_64.1606_0.686807
118.012_64.4531_0.557581
118.436_64.693_0.428355
118.887_64.8763_0.299129
119.364_65.0104_0.223671
119.852_65.1155_0.189254
120.334_65.1868_0.0600279
120.82_65.1954_-0.0691982
121.304_65.1411_-0.198424
121.777_65.025_-0.32765
122.231_64.8489_-0.456877
122.658_64.6158_-0.586103
123.052_64.3296_-0.715329
123.406_63.9949_-0.844555
123.714_63.6175_-0.973781
123.97_63.2036_-1.10301
124.192_62.7561_-1.12367
124.407_62.3048_-1.13056
124.619_61.852_-1.13745
124.828_61.3978_-1.14434
125.036_60.9431_-1.13745
125.259_60.5103_-1.00822
125.536_60.1098_-0.878995
125.862_59.7362_-0.803537
126.212_59.3809_-0.76912
126.574_59.0359_-0.748459
126.916_58.6897_-0.877685
127.211_58.3023_-1.00691
127.46_57.878_-1.10943
127.672_57.4285_-1.17125
127.861_56.9665_-1.20567
128.053_56.5195_-1.07644
128.302_56.1011_-0.947219
128.603_55.7182_-0.817992
128.951_55.3773_-0.688766
129.34_55.0841_-0.55954
129.741_54.8084_-0.688766
130.103_54.4833_-0.817992
130.421_54.1142_-0.947219
130.688_53.7072_-1.07644
130.901_53.2692_-1.20567
131.08_52.8026_-1.19878
131.263_52.3373_-1.19189
131.449_51.8732_-1.185
131.638_51.4104_-1.17811
131.829_50.9481_-1.185
132.031_50.5051_-1.05578
132.288_50.0919_-0.926551
132.597_49.7121_-0.81063
132.947_49.3616_-0.735172
133.321_49.0311_-0.700755
133.68_48.7016_-0.829981
133.993_48.3288_-0.959208
134.255_47.9186_-1.08843
134.463_47.4781_-1.21766
134.62_47.0099_-1.30669
134.727_46.535_-1.43591
134.772_46.0501_-1.56514
134.754_45.5636_-1.69436
134.679_45.0755_-1.78339
134.566_44.5903_-1.83153
134.46_44.1149_-1.7023
134.417_43.63_-1.57308
134.437_43.1435_-1.44385
134.519_42.6636_-1.31463
134.662_42.1982_-1.1854
134.864_41.7552_-1.05617
135.121_41.3419_-0.926948
135.43_40.9652_-0.797722
135.785_40.625_-0.695205
136.173_40.3146_-0.633379
136.553_40.01_-0.762605
136.89_39.6591_-0.891831
137.18_39.2675_-1.02106
137.416_38.842_-1.15028
137.596_38.3895_-1.27951
137.756_37.9294_-1.15028
137.935_37.4769_-1.27951
138.055_37.0051_-1.40874
138.113_36.5216_-1.53796
138.109_36.0348_-1.66719
138.041_35.5526_-1.79641
137.953_35.0738_-1.66719
137.926_34.5876_-1.53796
137.963_34.1021_-1.40874
138.062_33.6254_-1.27951
138.221_33.1653_-1.15028
138.439_32.7297_-1.02106
138.711_32.3257_-0.891831
139.032_31.9507_-0.802806
139.384_31.5979_-0.754664
139.75_31.2581_-0.734002
140.122_30.9241_-0.727113
140.496_30.5926_-0.720223
140.873_30.2637_-0.713334
141.252_29.9374_-0.706445
141.631_29.612_-0.713334
142.013_29.3093_-0.584108
142.43_29.0583_-0.454882
142.876_28.8631_-0.325656
143.343_28.727_-0.19643
143.824_28.6523_-0.0672035
144.308_28.599_-0.19643
144.707_28.5047_-0.305252
144.854_28.4565_-0.34606
144.926_28.4299_-0.366464
144.95_28.4207_-0.373265
145.41_28.2625_-0.244039
145.887_28.165_-0.114813
146.373_28.1297_0.014413
146.859_28.1574_0.143639
147.337_28.2474_0.272865
147.8_28.3984_0.402091
148.24_28.6078_0.531317
148.671_28.8601_0.524428
149.105_29.1094_0.517539
149.54_29.3558_0.51065
149.977_29.5991_0.503761
150.415_29.8395_0.496871
150.855_30.0768_0.489982
151.296_30.3131_0.496871
151.735_30.5524_0.503761
152.173_30.7928_0.496871
152.613_31.0301_0.489982
153.054_31.2664_0.496871
153.493_31.5057_0.503761
153.931_31.746_0.496871
154.371_31.9834_0.489982
154.812_32.2197_0.496871
155.251_32.459_0.503761
155.691_32.6925_0.455618
156.141_32.9092_0.434957
156.587_33.1279_0.496783
