configuration 161.70602417_-18.2518405914_0.169978369946_0.985447793519_193.750076294_109.599342346_0.85380148664_0.520598714377
length 186.789
time 23.5459
roughness 0.000103352
161.706_-18.2518_0.341615
162.157_-18.0694_0.470842
162.588_-17.8316_0.573358
163_-17.5535_0.635185
163.396_-17.2515_0.683327
163.78_-16.932_0.717744
164.154_-16.6008_0.738405
164.527_-16.2886_0.609179
164.941_-16.0153_0.533721
165.45_-15.309_0.348417
165.911_-15.1282_0.423875
166.362_-14.9161_0.472017
166.804_-14.684_0.506434
167.239_-14.4387_0.527096
167.671_-14.1862_0.533985
168.101_-13.9307_0.540874
168.507_-13.6626_0.6701
168.879_-13.3442_0.786021
169.665_-12.94_1.01522
169.94_-12.5376_0.885989
170.263_-12.1739_0.756763
170.631_-11.8549_0.627537
171.037_-11.586_0.498311
171.474_-11.3716_0.369084
171.474_-11.3716_0.369084
171.938_-11.1862_0.403501
172.396_-10.9869_0.424163
172.85_-10.7781_0.444825
173.3_-10.5619_0.451714
173.75_-10.3426_0.458603
174.198_-10.1203_0.465492
174.623_-9.8835_0.594718
175.018_-9.59398_0.710639
175.852_-9.28854_0.925696
176.161_-8.91225_0.79647
176.516_-8.57891_0.667244
176.911_-8.29409_0.538018
177.342_-8.05364_0.448993
177.794_-7.8446_0.400851
178.256_-7.65757_0.352708
178.725_-7.48594_0.345819
179.196_-7.31755_0.33893
180.159_-7.08387_0.341533
180.628_-6.91328_0.362195
181.094_-6.73302_0.382857
181.558_-6.54518_0.389746
182.02_-6.35416_0.396635
182.48_-6.15995_0.403525
182.48_-6.15995_0.403525
182.941_-5.97421_0.341698
183.413_-5.81238_0.307281
183.891_-5.66688_0.272865
184.373_-5.53554_0.252203
184.857_-5.41189_0.245314
185.343_-5.29158_0.238425
185.81_-5.15665_0.367651
186.26_-4.96342_0.483572
187.144_-4.87881_0.701007
187.53_-4.57759_0.585087
187.95_-4.31432_0.509628
188.388_-4.07826_0.461486
188.838_-3.86117_0.42707
189.294_-3.65734_0.406408
189.754_-3.46298_0.385746
190.197_-3.26083_0.514972
190.617_-3.00427_0.617489
191.486_-2.8048_0.822292
191.833_-2.45302_0.733267
192.209_-2.128_0.67144
192.604_-1.82435_0.623298
193.012_-1.53769_0.588881
193.43_-1.26302_0.56822
193.852_-0.994943_0.56133
194.252_-0.71853_0.690556
194.621_-0.392624_0.793073
195.438_-0.0389931_1.01121
195.679_0.384217_1.14044
195.863_0.834921_1.26966
195.987_1.3056_1.39889
196.05_1.78842_1.52811
196.051_2.27531_1.65734
196.051_2.27531_1.65734
195.988_2.75816_1.78657
195.914_3.0568_1.86818
195.875_3.17896_1.90219
195.858_3.22738_1.91579
195.849_3.2515_1.92259
195.849_3.2515_1.92259
195.678_3.72123_1.91571
195.51_4.19214_1.90882
195.343_4.66343_1.91571
195.175_5.13433_1.90882
195.001_5.59976_1.97064
194.803_6.05867_1.9913
194.519_6.97843_2.05533
194.284_7.41897_2.07599
194.041_7.85592_2.08288
193.795_8.29119_2.08977
193.546_8.72475_2.09666
193.294_9.15659_2.10355
193.294_9.15659_2.10355
193.048_9.58975_2.05541
192.82_10.034_2.02099
192.606_10.4854_2.00033
192.399_10.9404_1.99344
192.195_11.3968_1.98655
191.994_11.8547_1.97966
191.811_12.3134_1.89064
191.659_12.7889_1.85622
191.234_13.6354_1.76179
191.121_14.109_1.89102
190.953_14.5754_1.96647
190.754_15.032_2.01462
190.535_15.4802_2.04903
190.302_15.9222_2.0697
190.302_15.9222_2.0697
190.07_16.3635_2.02155
189.856_16.8147_2.00089
189.648_17.2696_1.994
189.444_17.7259_1.98711
189.243_18.1837_1.98022
189.243_18.1837_1.98022
189.043_18.6419_1.98711
188.84_19.0986_1.994
188.633_19.554_2.00089
188.424_20.008_2.00778
188.211_20.4605_2.01467
187.995_20.9115_2.02156
187.802_21.3583_1.89233
187.662_21.8299_1.78982
187.179_22.581_1.60068
187.144_23.0666_1.72991
187.046_23.5436_1.85913
186.889_24.0073_1.97505
186.684_24.4601_2.03688
186.455_24.9034_2.0713
186.455_24.9034_2.0713
186.203_25.3203_2.20052
185.9_25.7077_2.30304
185.561_26.0705_2.36487
185.2_26.4139_2.41301
184.825_26.744_2.43367
184.443_27.0663_2.45433
184.08_27.3909_2.32511
183.753_27.7606_2.23608
182.964_28.1833_2.05799
182.754_28.6228_1.92877
182.6_29.0875_1.81284
182.493_29.5715_1.73739
182.419_30.064_1.68924
182.365_30.5603_1.65483
182.327_31.0584_1.63417
182.29_31.5561_1.66858
182.237_32.0531_1.68924
182.246_33.0186_1.74568
182.141_33.494_1.87491
181.976_33.952_2.00414
181.754_34.3911_2.10665
181.491_34.8107_2.18211
181.198_35.2141_2.23025
180.888_35.605_2.26467
180.561_35.9722_2.36719
180.199_36.3148_2.41533
179.581_37.0291_2.51061
179.201_37.3327_2.38139
178.862_37.6829_2.25216
178.566_38.0751_2.14964
178.302_38.4967_2.08782
178.063_38.9337_2.03968
177.843_39.3815_2.00526
177.657_39.8314_1.87603
177.522_40.3066_1.78701
177.121_41.1289_1.63747
177.068_41.6129_1.7667
176.956_42.0918_1.86921
176.8_42.5638_1.93104
176.617_43.0271_1.97918
176.414_43.4829_2.0136
176.196_43.9329_2.03426
175.997_44.3772_1.90503
175.849_44.8483_1.81601
175.302_45.5568_1.63747
175.249_46.0408_1.7667
175.137_46.5196_1.86921
174.981_46.9916_1.93104
174.798_47.455_1.97918
174.595_47.9107_2.0136
174.378_48.3607_2.03426
174.179_48.805_1.90503
174.03_49.2761_1.81601
173.484_49.9846_1.63747
173.472_50.4713_1.50824
173.523_50.9555_1.37902
173.56_51.1312_1.33141
173.572_51.181_1.31781
173.579_51.2058_1.31101
173.579_51.2058_1.31101
173.71_51.6878_1.29034
173.897_52.4033_1.26179
174.026_52.873_1.39101
174.097_53.3596_1.49353
174.123_53.8545_1.56899
174.116_54.3527_1.61713
174.087_54.8509_1.65155
174.043_55.3487_1.67221
173.974_55.8305_1.80144
173.842_56.2994_1.93066
173.837_56.849_2.2836
173.505_57.2183_2.34543
173.15_57.5687_2.39357
172.781_57.904_2.42799
172.401_58.2284_2.44865
172.015_58.5469_2.45554
171.628_58.8628_2.46243
171.262_59.1844_2.3332
170.938_59.551_2.21728
170.176_60.005_1.99952
170.176_60.005_1.99952
170.176_60.005_1.99952
169.963_60.4565_2.03394
169.737_60.902_2.0546
169.504_61.3441_2.06149
169.267_61.7845_2.06838
169.027_62.2233_2.07527
168.787_62.6615_2.06838
168.573_63.0988_1.93915
168.414_63.5619_1.82323
167.898_64.2812_1.60688
167.86_64.7666_1.73611
167.76_65.2431_1.86533
167.602_65.7112_1.95436
167.407_66.1682_2.01618
167.185_66.6143_2.06433
166.945_67.0527_2.08499
166.705_67.49_2.05057
166.475_67.9341_2.04368
165.9_68.7034_1.99966
165.714_69.156_1.88374
165.573_69.6311_1.80828
165.464_70.1172_1.76014
165.375_70.6084_1.72573
165.302_71.1026_1.70506
165.238_71.5982_1.6844
165.162_72.0792_1.81363
165.028_72.5523_1.91615
165.07_73.443_2.12095
164.798_73.8469_2.25017
164.798_73.8469_2.25017
164.508_74.2383_2.12095
164.262_74.6667_2.03192
164.05_75.1163_1.9701
163.862_75.5783_1.93568
163.687_76.0463_1.91502
163.521_76.5178_1.89436
163.386_76.9856_1.76513
163.308_77.4711_1.66261
163.1_77.9645_1.46828
163.1_77.9645_1.46828
163.1_77.9645_1.46828
163.153_78.4617_1.46139
163.211_78.958_1.44073
163.277_79.4536_1.43384
163.391_80.438_1.42023
163.479_80.9238_1.33121
163.607_81.4042_1.26938
163.762_81.8775_1.22124
163.939_82.3444_1.18682
164.129_82.8064_1.16616
164.339_83.2454_1.03693
164.605_83.6537_0.907707
164.856_84.3581_0.270858
165.338_84.4861_0.236441
165.825_84.5998_0.21578
166.314_84.7034_0.195118
166.805_84.7969_0.174456
167.297_84.8826_0.167567
167.79_84.9648_0.160678
168.274_85.0223_0.0314516
168.763_85.019_-0.0844692
169.619_85.2534_-0.299526
170.09_85.1296_-0.1703
170.573_85.0674_-0.0410742
171.059_85.0681_0.0881519
171.542_85.1315_0.217378
172.013_85.2565_0.346604
172.013_85.2565_0.346604
172.463_85.4412_0.47583
172.886_85.6824_0.605056
173.278_85.9759_0.720977
173.644_86.3116_0.782804
173.994_86.6677_0.81722
173.994_86.6677_0.81722
174.341_87.0255_0.769078
174.703_87.3684_0.734662
175.077_87.7008_0.714
175.456_88.0254_0.693338
175.842_88.3441_0.686449
176.229_88.6601_0.67956
176.62_88.9497_0.550333
177.047_89.1896_0.434413
177.675_89.8184_0.219308
178.157_89.9066_0.103388
178.645_89.9385_-0.0125333
179.142_89.9221_-0.0743598
180.055_89.7373_-0.148462
180.549_89.6668_-0.1278
181.035_89.6252_0.0014258
181.528_89.6405_0.0904512
182.26_89.5238_0.260414
182.725_89.669_0.38964
183.174_89.8711_0.492157
183.607_90.1149_0.553983
184.026_90.3837_0.602126
184.434_90.6711_0.636542
184.834_90.9709_0.657204
185.232_91.2517_0.527978
185.665_91.4878_0.438952
186.255_92.161_0.260414
186.739_92.2886_0.253525
187.223_92.4129_0.246636
187.708_92.5338_0.239746
188.194_92.6514_0.232857
188.68_92.7679_0.239746
189.166_92.8878_0.246636
189.632_93.0265_0.375862
190.08_93.2235_0.491782
190.96_93.3287_0.707409
191.343_93.6291_0.578183
191.762_93.8777_0.448957
192.209_94.0703_0.319731
192.677_94.2036_0.190505
193.159_94.2754_0.0612788
193.159_94.2754_0.0612788
193.646_94.324_0.1772
194.131_94.4235_0.252658
194.612_94.5558_0.3008
195.086_94.7091_0.335217
195.557_94.8767_0.355878
196.025_95.052_0.362768
196.473_95.2439_0.491994
196.898_95.4908_0.59451
197.741_95.752_0.781137
198.072_96.1091_0.910363
198.354_96.506_1.03959
198.582_96.9358_1.16882
198.754_97.3916_1.29804
198.865_97.8656_1.42727
198.865_97.8656_1.42727
198.914_98.35_1.55649
198.9_98.8367_1.68572
198.824_99.3176_1.81495
198.686_99.7846_1.94417
198.492_100.236_2.04669
198.254_100.671_2.12215
197.981_101.074_2.25137
197.661_101.454_2.3132
197.017_102.18_2.42282
196.641_102.51_2.41593
196.268_102.843_2.40904
195.897_103.178_2.40215
195.528_103.516_2.39526
195.162_103.856_2.38837
194.797_104.197_2.39526
194.453_104.543_2.26603
194.146_104.931_2.19058
193.419_105.478_2.04243
193.217_105.92_1.9132
193.067_106.389_1.81068
192.959_106.874_1.74886
192.879_107.366_1.70072
192.82_107.861_1.6663
192.776_108.359_1.64564
192.719_108.842_1.77486
192.606_109.325_1.85032
192.714_110.22_2.00223
