configuration 161.70602417_-18.2518405914_0.169978369946_0.985447793519_193.750076294_109.599342346_0.85380148664_0.520598714377
length 325.483
time 100.108
roughness 5.79976e-05
161.706_-18.2518_0.341615
162.157_-18.0694_0.470842
162.582_-17.8304_0.600068
162.971_-17.5386_0.729294
163.32_-17.1991_0.85852
163.623_-16.8174_0.987746
163.908_-16.4227_0.85852
164.241_-16.068_0.729294
164.618_-15.7593_0.600068
165.031_-15.5016_0.470842
165.45_-15.309_0.348417
165.92_-15.1372_0.355306
166.388_-14.9622_0.362195
166.855_-14.784_0.369084
167.322_-14.6047_0.362195
167.789_-14.4265_0.369084
168.235_-14.2317_0.498311
168.653_-13.9811_0.627537
169.034_-13.6788_0.756763
169.374_-13.3298_0.885989
169.665_-12.94_1.01522
169.94_-12.5376_0.885989
170.263_-12.1739_0.756763
170.631_-11.8549_0.627537
171.037_-11.586_0.498311
171.474_-11.3716_0.369084
171.942_-11.1969_0.334668
172.415_-11.036_0.314006
172.891_-10.885_0.293344
173.37_-10.7415_0.286455
173.85_-10.6013_0.279566
174.312_-10.4473_0.408792
174.75_-10.235_0.538018
175.157_-9.96796_0.667244
175.526_-9.65073_0.79647
175.852_-9.28854_0.925696
176.161_-8.91225_0.79647
176.516_-8.57891_0.667244
176.911_-8.29409_0.538018
177.339_-8.06254_0.408792
177.793_-7.8881_0.279566
178.272_-7.7449_0.313983
178.746_-7.58731_0.334644
179.218_-7.42202_0.341533
179.688_-7.25349_0.348423
180.159_-7.08387_0.341533
180.628_-6.91328_0.362195
181.094_-6.73302_0.382857
181.558_-6.54518_0.389746
182.02_-6.35416_0.396635
182.48_-6.15995_0.403525
182.936_-5.98792_0.274299
183.413_-5.87079_0.171782
183.905_-5.79591_0.109955
184.401_-5.74683_0.0755386
184.9_-5.71255_0.0548768
185.385_-5.66527_0.184103
185.859_-5.55593_0.313329
186.315_-5.38636_0.442555
186.746_-5.15939_0.571781
187.144_-4.87881_0.701007
187.529_-4.58082_0.571781
187.949_-4.33494_0.442555
188.398_-4.14526_0.313329
188.872_-4.00695_0.224304
189.359_-3.90393_0.176161
189.835_-3.79836_0.305388
190.292_-3.63242_0.434614
190.725_-3.40888_0.56384
191.125_-3.13146_0.693066
191.486_-2.8048_0.822292
191.832_-2.46241_0.693066
192.22_-2.16749_0.56384
192.644_-1.91887_0.461323
193.093_-1.7068_0.399497
193.555_-1.51797_0.36508
194.002_-1.32502_0.494306
194.421_-1.07607_0.623532
194.804_-0.775275_0.752758
195.145_-0.427651_0.881984
195.438_-0.0389931_1.01121
195.679_0.384217_1.14044
195.863_0.834921_1.26966
195.987_1.3056_1.39889
196.05_1.78842_1.52811
196.051_2.27531_1.65734
195.993_2.76582_1.74637
195.898_3.25491_1.79451
195.782_3.74026_1.82893
195.653_4.22336_1.83581
195.521_4.70557_1.8427
195.373_5.17456_1.94522
195.184_5.63527_1.99336
194.974_6.08808_2.02778
194.75_6.53495_2.04844
194.519_6.97843_2.05533
194.284_7.41897_2.07599
194.041_7.85592_2.08288
193.795_8.29119_2.08977
193.546_8.72475_2.09666
193.294_9.15659_2.10355
193.039_9.58668_2.11044
192.781_10.015_2.11733
192.522_10.4427_2.11044
192.264_10.8711_2.11733
192.005_11.2988_2.11044
191.773_11.7267_1.98121
191.592_12.1841_1.8787
191.451_12.6607_1.81687
191.335_13.1461_1.78245
191.234_13.6354_1.76179
191.121_14.109_1.89102
190.953_14.5754_1.96647
190.754_15.032_2.01462
190.535_15.4802_2.04903
190.302_15.9222_2.0697
190.07_16.3635_2.02155
189.856_16.8147_2.00089
189.648_17.2696_1.994
189.444_17.7259_1.98711
189.243_18.1837_1.98022
189.033_18.6307_2.06925
188.787_19.0623_2.13108
188.516_19.482_2.16549
188.234_19.8939_2.18615
187.944_20.3015_2.19304
187.658_20.7104_2.15863
187.384_21.1281_2.13796
187.116_21.5504_2.13108
186.851_21.9745_2.12419
186.59_22.4005_2.1173
186.354_22.8268_1.98807
186.176_23.2799_1.85884
186.058_23.7521_1.72962
186.001_24.2357_1.60039
186.007_24.7226_1.47117
186.056_25.2202_1.47806
186.101_25.7181_1.48494
186.145_26.2161_1.47806
186.19_26.714_1.48494
186.234_27.2121_1.47806
186.259_27.6983_1.60728
186.22_28.1837_1.73651
186.12_28.6601_1.86573
185.96_29.1227_1.98165
185.751_29.5719_2.05711
185.505_29.9923_2.18634
185.207_30.3776_2.31557
184.862_30.7277_2.41808
184.483_31.049_2.47991
184.085_31.3511_2.51433
183.704_31.6534_2.3851
183.364_32.0023_2.25587
183.072_32.392_2.12665
182.833_32.8161_1.99742
182.651_33.2675_1.86819
182.528_33.7387_1.73897
182.467_34.2217_1.60974
182.462_34.7155_1.52072
182.495_35.2126_1.47257
182.547_35.7095_1.45191
182.585_36.195_1.58114
182.559_36.6812_1.71037
182.472_37.163_1.82629
182.337_37.6412_1.88811
182.176_38.1136_1.92253
181.989_38.5631_2.05176
181.745_38.9849_2.18098
181.451_39.3811_2.27001
181.123_39.7548_2.33183
180.775_40.1122_2.36625
180.412_40.4444_2.46877
180.017_40.7461_2.53059
179.605_41.0277_2.56501
179.184_41.2972_2.58567
178.759_41.5601_2.59256
178.355_41.8316_2.46333
177.989_42.1529_2.33411
177.667_42.5186_2.20488
177.396_42.9227_2.07566
177.179_43.3585_1.94643
177.019_43.8186_1.8172
176.921_44.2954_1.68798
176.884_44.7809_1.55875
176.87_45.2676_1.68798
176.797_45.7561_1.777
176.688_46.242_1.82515
176.557_46.7236_1.85956
176.413_47.2025_1.86645
176.266_47.6805_1.87334
176.102_48.1387_2.00257
175.882_48.5809_2.09159
175.627_49.009_2.13973
175.353_49.4264_2.17415
175.067_49.8359_2.19481
174.8_50.2427_2.06559
174.587_50.6806_1.93636
174.432_51.1423_1.80713
174.338_51.6201_1.67791
174.307_52.1059_1.54868
174.319_52.6058_1.54179
174.335_53.1055_1.5349
174.354_53.6051_1.52801
174.376_54.1045_1.52113
174.402_54.6038_1.51424
174.409_55.0907_1.64346
174.353_55.5743_1.77269
174.242_56.0572_1.84815
174.098_56.5341_1.89629
173.935_57.0065_1.91695
173.771_57.4778_1.88253
173.621_57.9545_1.86187
173.478_58.4337_1.85498
173.339_58.914_1.84809
173.204_59.3951_1.8412
173.061_59.8713_1.90303
172.893_60.3412_1.93745
172.71_60.8064_1.95811
172.519_61.2677_1.97877
172.319_61.7262_1.98566
172.104_62.1631_2.11489
171.835_62.5686_2.24411
171.515_62.936_2.37334
171.151_63.2592_2.50256
170.748_63.5328_2.63179
170.334_63.7882_2.50256
169.956_64.0949_2.37334
169.62_64.4478_2.24411
169.333_64.8409_2.11489
169.099_65.2678_1.98566
168.884_65.7047_2.11489
168.614_66.1102_2.24411
168.295_66.487_2.33314
167.945_66.8418_2.38128
167.58_67.1815_2.4157
167.23_67.5199_2.28647
166.926_67.9005_2.15724
166.674_68.3171_2.02802
166.478_68.7627_1.89879
166.341_69.2299_1.76957
166.224_69.7027_1.89879
166.048_70.1566_2.02802
165.815_70.5839_2.15724
165.528_70.9777_2.28647
165.194_71.3313_2.4157
164.844_71.6696_2.28647
164.54_72.0502_2.15724
164.288_72.4668_2.02802
164.092_72.9124_1.89879
163.955_73.3796_1.76957
163.879_73.8605_1.64034
163.866_74.3472_1.51111
163.915_74.8316_1.38189
164.027_75.3055_1.25266
164.199_75.7611_1.12344
164.39_76.2086_1.25266
164.523_76.6771_1.38189
164.594_77.1588_1.51111
164.602_77.6456_1.64034
164.548_78.1295_1.76957
164.432_78.6023_1.89879
164.255_79.0561_2.02802
164.026_79.4952_2.10348
163.767_79.9222_2.13789
163.496_80.3418_2.15855
163.209_80.7352_2.28778
162.874_81.0883_2.41701
162.496_81.3953_2.54623
162.082_81.651_2.67546
161.638_81.8512_2.80469
161.172_81.9925_2.93391
160.692_82.0726_3.06314
160.205_82.0902_3.19236
159.72_82.0449_3.32159
159.245_81.9375_3.45082
158.775_81.7766_3.51264
158.312_81.5903_3.54706
157.854_81.39_3.56772
157.4_81.1823_3.57461
156.946_80.9715_3.5815
156.493_80.7596_3.57461
156.039_80.5509_3.56772
155.584_80.3432_3.57461
155.13_80.1344_3.56772
154.675_79.9267_3.57461
154.22_79.7275_3.51278
153.753_79.5518_3.47837
153.28_79.3899_3.45771
152.804_79.2356_3.45082
152.328_79.0845_3.44393
151.87_78.92_3.57315
151.425_78.7015_3.64861
150.993_78.4526_3.69675
150.57_78.1864_3.71742
150.153_77.9114_3.73808
149.762_77.6211_3.8673
149.406_77.2824_3.96982
149.077_76.9094_4.03165
148.768_76.518_4.06606
148.469_76.117_4.08672
148.168_75.7348_3.9575
147.819_75.3946_3.82827
147.43_75.1022_3.69905
147.006_74.8624_3.56982
146.555_74.6791_3.44059
146.084_74.5556_3.31137
145.601_74.4937_3.18214
145.114_74.4946_3.05292
144.632_74.5582_2.92369
144.161_74.6835_2.79446
143.697_74.8296_2.92369
143.217_74.9146_3.05292
142.731_74.9372_3.18214
142.246_74.8968_3.31137
141.77_74.7943_3.44059
141.311_74.6313_3.56982
140.871_74.4121_3.67234
140.447_74.1517_3.73416
140.037_73.8683_3.76858
139.634_73.5723_3.78924
139.232_73.289_3.68673
138.802_73.0401_3.6249
138.357_72.8133_3.59048
137.906_72.5995_3.56982
137.45_72.3929_3.56293
136.999_72.1819_3.61107
136.557_71.9511_3.64549
136.119_71.7086_3.65238
135.684_71.4632_3.65927
135.25_71.2148_3.66616
134.839_70.9533_3.79538
134.466_70.6411_3.92461
134.135_70.2833_4.05384
133.854_69.886_4.18306
133.626_69.4557_4.31229
133.418_69.0157_4.18306
133.154_68.6062_4.05384
132.84_68.2341_3.92461
132.481_67.9056_3.79538
132.082_67.6261_3.66616
131.647_67.3887_3.5907
131.195_67.1796_3.54256
130.733_66.9901_3.50814
130.266_66.812_3.50125
129.798_66.6371_3.49436
129.334_66.4884_3.36514
128.855_66.4007_3.23591
128.369_66.3754_3.10668
127.883_66.413_2.97746
127.407_66.5128_2.84823
126.947_66.6733_2.71901
126.512_66.8916_2.58978
126.109_67.1642_2.46055
125.734_67.4862_2.37153
125.382_67.8388_2.32339
125.035_68.1797_2.45261
124.646_68.4731_2.58184
124.223_68.7139_2.71106
123.772_68.8982_2.84029
123.301_69.0228_2.96952
122.826_69.1264_2.84029
122.367_69.2905_2.71106
121.934_69.5123_2.58184
121.533_69.7881_2.45261
121.396_69.9043_2.405
121.049_70.2464_2.27578
120.75_70.6303_2.14655
120.491_71.0526_2.07109
120.256_71.4932_2.03667
120.035_71.9411_2.01601
119.808_72.3776_2.11853
119.541_72.7965_2.18036
119.25_73.2024_2.21477
118.947_73.5999_2.23543
118.638_73.9928_2.24232
118.352_74.3864_2.1131
118.118_74.8137_1.98387
117.942_75.2675_1.85465
117.825_75.7403_1.72542
117.771_76.2241_1.59619
117.738_76.7099_1.72542
117.643_77.1874_1.85465
117.49_77.6572_1.94367
117.302_78.1182_1.99181
117.094_78.5728_2.01248
116.882_79.0253_2.00559
116.672_79.4792_1.9987
116.466_79.9346_1.99181
116.262_80.3913_1.98492
116.06_80.8486_1.99181
115.855_81.3044_1.9987
115.646_81.7588_2.00559
115.437_82.2127_1.9987
115.228_82.6672_2.00559
115.019_83.1211_1.9987
114.822_83.5774_1.93687
114.648_84.0455_1.90245
114.489_84.519_1.88179
114.337_84.9954_1.8749
114.188_85.4727_1.86801
114.035_85.9467_1.91616
113.862_86.4157_1.93682
113.68_86.881_1.95748
113.491_87.3436_1.96437
113.298_87.8049_1.97126
113.104_88.2658_1.96437
112.914_88.728_1.95748
112.726_89.1914_1.95059
112.542_89.6562_1.9437
112.359_90.1214_1.95059
112.16_90.5687_2.06651
111.915_91.001_2.12834
111.646_91.4214_2.16275
111.364_91.8342_2.18342
111.076_92.2425_2.1903
110.81_92.6506_2.06108
110.588_93.0935_1.98562
110.392_93.5525_1.9512
110.209_94.0177_1.93054
110.037_94.4866_1.90988
109.894_94.9522_1.78065
109.813_95.4323_1.65143
109.795_95.9188_1.5222
109.839_96.4037_1.39298
109.945_96.8788_1.26375
110.072_97.3488_1.39298
110.145_97.8372_1.482
110.182_98.3341_1.53014
110.199_98.8335_1.55081
110.205_99.3331_1.57147
110.184_99.8195_1.70069
110.106_100.307_1.78972
109.99_100.792_1.83786
109.853_101.271_1.87228
109.703_101.749_1.87917
109.575_102.218_1.74994
109.509_102.701_1.62071
109.505_103.188_1.49149
109.564_103.671_1.36226
109.685_104.142_1.23304
109.866_104.595_1.10381
110.103_105.02_0.974584
110.393_105.411_0.845357
110.732_105.761_0.716131
111.113_106.068_0.600211
111.528_106.343_0.552068
111.956_106.6_0.517652
112.392_106.844_0.49699
112.833_107.079_0.476328
113.278_107.307_0.469439
113.702_107.546_0.598665
114.102_107.836_0.687691
114.482_108.158_0.735833
114.85_108.496_0.756494
115.211_108.842_0.777156
115.571_109.188_0.74274
115.943_109.501_0.613513
116.353_109.765_0.484287
116.793_109.973_0.355061
117.084_110.072_0.273445
117.257_110.118_0.225835
117.736_110.207_0.096609
118.222_110.233_-0.0326171
118.708_110.196_-0.161843
119.185_110.098_-0.291069
119.597_109.957_-0.406693
119.739_109.898_-0.365885
120.201_109.743_-0.236658
120.678_109.649_-0.107432
121.164_109.618_0.0217939
121.65_109.649_0.15102
121.701_109.656_0.137417
122.19_109.736_0.212875
122.675_109.849_0.261018
123.156_109.984_0.295434
123.634_110.13_0.302323
124.111_110.28_0.309213
124.568_110.448_0.438439
125_110.673_0.567665
125.399_110.952_0.696891
125.771_111.28_0.772349
126.122_111.633_0.820491
126.448_112.004_0.909517
126.747_112.402_0.957659
127.03_112.813_0.992075
127.302_113.233_0.998965
127.572_113.654_1.00585
127.85_114.053_0.876628
128.177_114.414_0.747402
128.548_114.73_0.618176
128.956_114.995_0.488949
129.395_115.205_0.359723
129.858_115.357_0.230497
130.336_115.448_0.101271
130.822_115.477_-0.0279551
131.308_115.442_-0.157181
131.785_115.346_-0.286407
132.258_115.228_-0.157181
132.741_115.173_-0.0279551
133.228_115.18_0.101271
133.71_115.249_0.230497
134.179_115.381_0.359723
134.627_115.571_0.488949
135.047_115.818_0.618176
135.431_116.117_0.747402
135.774_116.462_0.876628
136.069_116.849_1.00585
136.347_117.249_0.876628
136.674_117.61_0.747402
137.046_117.94_0.685575
137.436_118.249_0.637433
137.84_118.544_0.616771
138.249_118.809_0.487545
138.688_119.018_0.358319
139.151_119.169_0.229093
139.629_119.26_0.0998667
140.115_119.288_-0.0293594
140.601_119.253_-0.158586
141.078_119.156_-0.287812
141.539_118.998_-0.417038
141.975_118.782_-0.546264
142.38_118.512_-0.67549
142.773_118.224_-0.546264
143.199_117.988_-0.417038
143.652_117.81_-0.287812
144.124_117.692_-0.158586
144.608_117.636_-0.0293594
145.095_117.642_0.0998667
145.577_117.711_0.229093
146.046_117.841_0.358319
146.503_118.028_0.447344
146.949_118.251_0.495487
147.367_118.5_0.624713
147.749_118.802_0.753939
148.09_119.15_0.883165
148.383_119.539_1.01239
148.635_119.965_1.08785
148.879_120.387_0.958623
149.175_120.773_0.829397
149.519_121.118_0.700171
149.904_121.415_0.570945
150.328_121.673_0.495487
150.77_121.902_0.447344
151.222_122.113_0.412928
151.681_122.313_0.406039
152.14_122.509_0.399149
152.601_122.702_0.39226
153.063_122.895_0.399149
153.524_123.088_0.39226
153.986_123.28_0.399149
154.447_123.473_0.39226
154.892_123.678_0.508181
155.321_123.928_0.570007
155.738_124.202_0.604424
156.147_124.489_0.625086
156.552_124.783_0.631975
156.956_125.053_0.502749
157.394_125.273_0.386828
157.858_125.448_0.31137
158.334_125.596_0.276953
158.816_125.729_0.256292
159.281_125.872_0.385518
159.724_126.074_0.514744
160.138_126.332_0.64397
160.514_126.64_0.773196
160.848_126.995_0.902422
161.166_127.364_0.773196
161.528_127.689_0.64397
161.93_127.964_0.514744
162.363_128.186_0.385518
162.822_128.35_0.256292
163.301_128.458_0.153775
163.794_128.524_0.0919483
164.291_128.564_0.0575316
164.79_128.589_0.0368699
165.29_128.607_0.0299807
165.776_128.642_0.159207
166.256_128.738_0.275128
166.731_128.883_0.336954
167.2_129.053_0.371371
167.665_129.238_0.392033
168.106_129.443_0.521259
168.518_129.703_0.650485
168.892_130.014_0.779711
169.23_130.371_0.882228
169.538_130.761_0.944054
169.84_131.143_0.814828
170.189_131.483_0.685602
170.579_131.775_0.556376
171.002_132.014_0.42715
171.454_132.197_0.297924
171.926_132.353_0.35975
172.391_132.534_0.394167
172.851_132.729_0.414829
173.308_132.931_0.421718
173.764_133.137_0.428607
174.215_133.321_0.299381
174.686_133.444_0.170155
175.162_133.547_0.299381
175.62_133.71_0.428607
176.054_133.931_0.557833
176.478_134.171_0.428607
176.929_134.355_0.299381
177.4_134.478_0.170155
177.883_134.54_0.0409286
178.37_134.54_-0.0882975
178.852_134.476_-0.217524
179.323_134.351_-0.34675
179.785_134.171_-0.422208
180.234_133.958_-0.484034
180.673_133.721_-0.518451
181.085_133.462_-0.647677
181.461_133.152_-0.776903
181.793_132.796_-0.906129
182.086_132.399_-0.995155
182.348_131.976_-1.05698
182.598_131.544_-1.02256
182.862_131.12_-1.0019
183.132_130.699_-0.995014
183.405_130.28_-0.988125
183.681_129.864_-0.981235
183.934_129.448_-1.11046
184.138_129_-1.21298
184.302_128.531_-1.2748
184.442_128.052_-1.30922
184.568_127.568_-1.32988
184.699_127.09_-1.25443
184.861_126.619_-1.20628
185.042_126.154_-1.18562
185.233_125.692_-1.16496
185.432_125.233_-1.15807
185.631_124.775_-1.16496
185.823_124.314_-1.19938
186.019_123.868_-1.07015
186.27_123.451_-0.940924
186.54_123.046_-1.07015
186.756_122.609_-1.19938
186.913_122.149_-1.3286
187.017_121.666_-1.41763
187.085_121.172_-1.46577
187.157_120.691_-1.33654
187.29_120.222_-1.20732
187.478_119.764_-1.13186
187.697_119.316_-1.08372
187.935_118.878_-1.0493
188.187_118.446_-1.02864
188.446_118.019_-1.02175
188.708_117.593_-1.01486
188.973_117.169_-1.00797
189.241_116.746_-1.00108
189.509_116.325_-1.00797
189.775_115.901_-1.01486
190.04_115.477_-1.00797
190.308_115.055_-1.00108
190.576_114.633_-1.00797
190.842_114.21_-1.01486
191.107_113.786_-1.00797
191.375_113.364_-1.00108
191.643_112.942_-1.00797
191.909_112.519_-1.01486
192.174_112.095_-1.00797
192.442_111.672_-1.00108
192.71_111.251_-1.00797
192.987_110.85_-0.878745
193.314_110.489_-0.749519
