configuration 133.385482788_115.927223206_-0.986328190641_0.164792901387_34.5528411865_13.6445770264_-0.541385985877_0.840774175564
length 186.663
time 33.5564
roughness 9.95267e-05
133.385_115.927_-2.8105
132.919_115.789_-2.93972
132.434_115.706_-3.04224
131.938_115.667_-3.10407
131.439_115.654_-3.13848
130.939_115.654_-3.14537
130.453_115.635_-3.01615
129.973_115.554_-2.88692
129.507_115.411_-2.75769
129.064_115.21_-2.62847
128.65_114.953_-2.49924
128.249_114.678_-2.62847
127.815_114.457_-2.75769
127.356_114.294_-2.88692
126.88_114.192_-3.01615
126.395_114.151_-3.14537
125.908_114.132_-3.01615
125.428_114.051_-2.88692
124.962_113.909_-2.75769
124.519_113.707_-2.62847
124.105_113.451_-2.49924
123.719_113.143_-2.41022
123.354_112.805_-2.36207
123.001_112.451_-2.34141
122.655_112.09_-2.32075
122.315_111.723_-2.31386
121.978_111.354_-2.30697
121.643_110.983_-2.30008
121.309_110.611_-2.30697
120.974_110.24_-2.30008
120.64_109.868_-2.30697
120.298_109.521_-2.4362
119.914_109.221_-2.56542
119.492_108.962_-2.64088
119.052_108.727_-2.6753
118.604_108.506_-2.69596
118.151_108.298_-2.7441
117.689_108.108_-2.76476
117.223_107.927_-2.78543
116.754_107.754_-2.79232
116.284_107.584_-2.7992
115.832_107.401_-2.66998
115.408_107.162_-2.54075
115.016_106.87_-2.42483
114.648_106.536_-2.36301
114.296_106.181_-2.32859
113.947_105.842_-2.45781
113.557_105.551_-2.58704
113.132_105.312_-2.71627
112.681_105.13_-2.84549
112.21_105.008_-2.97472
111.733_104.907_-2.84549
111.274_104.745_-2.71627
110.839_104.526_-2.58704
110.437_104.252_-2.45781
110.073_103.929_-2.32859
109.753_103.561_-2.19936
109.484_103.156_-2.07014
109.269_102.719_-1.94091
109.112_102.258_-1.81168
109.016_101.78_-1.68246
108.945_101.294_-1.78497
108.831_100.809_-1.83312
108.696_100.328_-1.86753
108.547_99.8515_-1.8882
108.39_99.3769_-1.89508
108.255_98.9092_-1.76586
108.18_98.428_-1.63663
108.169_97.9412_-1.50741
108.22_97.4571_-1.37818
108.334_96.9836_-1.24895
108.501_96.5154_-1.18713
108.693_96.0547_-1.15271
108.897_95.5983_-1.14582
109.104_95.1433_-1.13893
109.314_94.6897_-1.13204
109.54_94.2581_-1.00282
109.817_93.8471_-0.927359
110.121_93.4513_-0.892942
110.437_93.0643_-0.87228
110.759_92.6821_-0.865391
111.08_92.2995_-0.886053
111.394_91.9103_-0.906715
111.701_91.5159_-0.913604
112.005_91.1193_-0.920493
112.309_90.7221_-0.913604
112.59_90.3244_-1.04283
112.817_89.8938_-1.17206
112.987_89.4375_-1.30128
113.097_88.9631_-1.43051
113.144_88.4785_-1.55973
113.17_87.9923_-1.43051
113.259_87.5135_-1.30128
113.408_87.0501_-1.17206
113.616_86.6099_-1.04283
113.877_86.1908_-0.953804
114.142_85.7821_-1.08303
114.352_85.3427_-1.21226
114.503_84.8799_-1.34148
114.593_84.4015_-1.47071
114.622_83.9154_-1.59994
114.628_83.4286_-1.47071
114.697_82.9466_-1.34148
114.828_82.4776_-1.21226
115.018_82.0293_-1.08303
115.264_81.6093_-0.953804
115.562_81.2245_-0.824578
115.908_80.8813_-0.695352
116.294_80.5855_-0.566126
116.719_80.3302_-0.490668
117.162_80.1001_-0.456251
117.59_79.8672_-0.585477
117.984_79.5812_-0.714704
118.338_79.2468_-0.84393
118.645_78.8696_-0.973156
118.902_78.4559_-1.10238
119.117_78.0079_-1.16421
119.309_77.5472_-1.19863
119.488_77.0805_-1.21929
119.659_76.6107_-1.22618
119.827_76.1398_-1.23307
120.008_75.6876_-1.10384
120.245_75.2626_-0.974613
120.535_74.8652_-0.872096
120.862_74.4913_-0.81027
121.21_74.1336_-0.775853
121.543_73.7782_-0.905079
121.827_73.3829_-1.03431
122.058_72.9543_-1.16353
122.232_72.4994_-1.29276
122.346_72.026_-1.42198
122.397_71.5418_-1.55121
122.386_71.0551_-1.68044
122.312_70.5738_-1.80966
122.177_70.1061_-1.93889
121.983_69.6596_-2.06811
121.769_69.2222_-1.93889
121.613_68.7609_-1.80966
121.518_68.2834_-1.68044
121.486_67.7976_-1.55121
121.516_67.3117_-1.42198
121.567_66.8275_-1.55121
121.556_66.3408_-1.68044
121.483_65.8595_-1.80966
121.347_65.3917_-1.93889
121.153_64.9453_-2.06811
120.92_64.504_-2.0337
120.7_64.0554_-2.01304
120.489_63.6023_-1.99237
120.271_63.1669_-2.1216
119.999_62.7632_-2.25083
119.677_62.3979_-2.38005
119.31_62.0708_-2.48257
118.911_61.7746_-2.5444
118.495_61.4987_-2.57881
118.071_61.235_-2.59947
117.643_61.0017_-2.7287
117.189_60.8254_-2.85793
116.715_60.7064_-2.97385
116.224_60.6359_-3.04931
115.727_60.5956_-3.08372
115.242_60.5469_-2.9545
114.768_60.4361_-2.82527
114.303_60.2687_-2.73624
113.851_60.0634_-2.67442
113.408_59.8335_-2.64
112.967_59.601_-2.68814
112.516_59.3875_-2.72256
112.059_59.1852_-2.72945
111.6_58.9859_-2.73634
111.14_58.7899_-2.74323
110.679_58.597_-2.75012
110.217_58.4052_-2.74323
109.756_58.2123_-2.75012
109.295_58.0205_-2.74323
108.833_57.8276_-2.75012
108.38_57.6271_-2.67466
107.939_57.3957_-2.62652
107.506_57.1466_-2.60585
107.078_56.8886_-2.58519
106.654_56.6236_-2.5783
106.228_56.3669_-2.64013
105.788_56.132_-2.67455
105.34_55.9101_-2.69521
104.888_55.6975_-2.71587
104.432_55.492_-2.72276
103.979_55.3131_-2.85199
103.607_55.2156_-2.95401
103.355_55.1735_-3.02202
103.176_55.1548_-3.06963
103.048_55.147_-3.10364
102.561_55.1492_-3.23286
102.079_55.2141_-3.36209
101.603_55.3378_-3.46461
101.135_55.5052_-3.52643
100.674_55.6979_-3.56085
100.222_55.8771_-3.43162
99.7495_55.9964_-3.3024
99.266_56.0539_-3.17317
98.7791_56.0487_-3.04394
98.297_55.9807_-2.91472
97.8277_55.8512_-2.78549
97.3728_55.6642_-2.68298
96.9317_55.4351_-2.62115
96.5016_55.182_-2.58673
96.0787_54.9158_-2.56607
95.6599_54.6427_-2.55918
95.243_54.3668_-2.55229
94.828_54.088_-2.5454
94.4136_53.8082_-2.55229
93.9986_53.5294_-2.5454
93.5843_53.2496_-2.55229
93.1693_52.9708_-2.5454
92.7549_52.691_-2.55229
92.3399_52.4122_-2.5454
91.9256_52.1324_-2.55229
91.5106_51.8536_-2.5454
91.0962_51.5738_-2.55229
90.6812_51.295_-2.5454
90.2669_51.0152_-2.55229
89.8519_50.7364_-2.5454
89.4378_50.4803_-2.67463
88.9898_50.2683_-2.75009
88.5263_50.0856_-2.79823
88.0547_49.9207_-2.81889
87.5802_49.7632_-2.82578
87.1242_49.5925_-2.69655
86.6823_49.368_-2.6211
86.2522_49.1149_-2.58668
85.8294_48.8487_-2.56602
85.4106_48.5756_-2.55913
84.9937_48.2996_-2.55224
84.5787_48.0208_-2.54535
84.1656_47.7391_-2.53846
83.7532_47.4564_-2.54535
83.3402_47.1747_-2.53846
82.9278_46.8921_-2.54535
82.5147_46.6104_-2.53846
82.1023_46.3277_-2.54535
81.6893_46.046_-2.53846
81.2769_45.7634_-2.54535
80.86_45.4928_-2.60718
80.4276_45.2435_-2.64159
79.9875_45.007_-2.66225
79.5425_44.7796_-2.68292
79.0937_44.5593_-2.68981
78.6457_44.3381_-2.66914
78.201_44.1095_-2.66225
77.7579_43.8779_-2.65537
77.3154_43.6453_-2.66225
76.8723_43.4137_-2.65537
76.4377_43.1725_-2.59354
76.0147_42.9076_-2.55912
75.5994_42.6298_-2.53846
75.1883_42.3453_-2.53157
74.7791_42.0579_-2.52468
74.3704_41.7934_-2.65391
73.931_41.5836_-2.78313
73.4682_41.4323_-2.91236
72.9898_41.3419_-3.04159
72.5037_41.3138_-3.17081
72.0169_41.3074_-3.04159
71.5349_41.2383_-2.91236
71.0659_41.1077_-2.78313
70.6176_40.9177_-2.65391
70.1857_40.6746_-2.57845
69.7622_40.4293_-2.69437
69.3097_40.2236_-2.7562
68.8451_40.0413_-2.79061
68.3747_39.8727_-2.81128
67.9014_39.7116_-2.81817
67.4467_39.5375_-2.68894
67.0092_39.3085_-2.59991
66.5887_39.0435_-2.53809
66.181_38.7556_-2.50367
65.7817_38.4553_-2.48301
65.3843_38.1739_-2.61223
64.9509_37.9372_-2.70126
64.4969_37.7321_-2.7494
64.0339_37.5443_-2.77006
63.567_37.3661_-2.79073
63.0972_37.1953_-2.79762
62.6261_37.0278_-2.8045
62.1539_36.8635_-2.81139
61.6806_36.7025_-2.81828
61.2069_36.5426_-2.81139
60.7534_36.3653_-2.68217
60.3233_36.1317_-2.56625
59.9119_35.8527_-2.50442
59.5142_35.5512_-2.47
59.1251_35.2376_-2.44934
58.7375_34.943_-2.57857
58.3151_34.7008_-2.70779
57.865_34.5151_-2.83702
57.3948_34.3889_-2.96625
56.9122_34.3244_-3.09547
56.4272_34.2813_-2.96625
55.9518_34.1761_-2.83702
55.4939_34.0106_-2.70779
55.0612_33.7874_-2.57857
54.6516_33.5116_-2.48954
54.2524_33.2328_-2.61877
53.8206_33.0078_-2.74799
53.3634_32.8403_-2.87722
52.8885_32.7331_-3.00645
52.4037_32.688_-3.13567
51.9174_32.6645_-3.00645
51.4381_32.5785_-2.87722
50.974_32.4315_-2.74799
50.5326_32.2259_-2.61877
50.1215_31.9651_-2.48954
49.7223_31.6863_-2.61877
49.2892_31.4582_-2.73469
48.8293_31.2736_-2.81015
48.3557_31.119_-2.85829
47.8749_30.985_-2.89271
47.3984_30.8852_-3.02193
46.9129_30.8476_-3.15116
46.4267_30.8729_-3.28038
45.9478_30.9606_-3.40961
45.4842_31.1093_-3.53884
45.1119_31.2814_-3.64766
44.6764_31.4991_-3.51843
44.2165_31.6589_-3.38921
43.7398_31.7582_-3.25998
43.2544_31.7951_-3.13075
42.7682_31.7692_-3.00153
42.2893_31.6809_-2.8723
41.8259_31.5316_-2.74308
41.3856_31.3238_-2.61385
40.9638_31.0636_-2.53839
40.5581_30.7744_-2.49025
40.1838_30.4631_-2.36102
39.8526_30.1061_-2.2318
39.5703_29.7095_-2.10257
39.3354_29.2774_-2.00005
39.1379_28.8213_-1.93823
38.9439_28.3747_-2.06745
38.6939_27.9569_-2.19668
38.3922_27.5747_-2.32591
38.0438_27.2346_-2.45513
37.6545_26.9423_-2.58436
37.2307_26.7025_-2.71358
36.7796_26.5194_-2.84281
36.3086_26.3959_-2.97204
35.8256_26.3342_-3.10126
35.3387_26.3352_-3.23049
34.8524_26.3578_-3.10126
34.3579_26.3255_-3.0258
33.8628_26.2621_-2.99139
33.3693_26.184_-2.97073
32.8775_26.0956_-2.95006
32.4039_25.9827_-2.82084
31.9487_25.8098_-2.69161
31.5197_25.5796_-2.56239
31.1238_25.2961_-2.43316
30.7679_24.9639_-2.30393
30.4577_24.5886_-2.17471
30.1984_24.1765_-2.04548
29.9944_23.7344_-1.91626
29.8491_23.2697_-1.78703
29.7649_22.7902_-1.6578
29.7432_22.3038_-1.52858
29.7843_21.8186_-1.39935
29.8876_21.3428_-1.27013
30.0503_20.8812_-1.1542
30.2608_20.4308_-1.09238
30.4956_19.9905_-1.05796
30.7437_19.5568_-1.0373
31.0008_19.1283_-1.01664
31.2649_18.7038_-1.00975
31.5319_18.2811_-1.00286
31.7906_17.8566_-1.06469
32.0275_17.4174_-1.0991
32.2515_16.9707_-1.11976
32.4684_16.5203_-1.12665
32.6821_16.0683_-1.13354
32.9054_15.6301_-1.03103
33.1706_15.2115_-0.955568
33.4646_14.8093_-0.907425
33.7571_14.4114_-0.996451
34.0234_13.9893_-1.03087
