configuration 46.843963623_148.978851318_-0.536406748472_0.843959596304_156.577575684_33.1800613403_0.186652677497_0.98242596565
length 202.59
time 9.84777
roughness 7.87127e-05
46.844_148.979_-1.13235
47.061_148.529_-1.09793
47.2916_148.086_-1.07727
47.5314_147.648_-1.05661
47.7783_147.213_-1.04972
48.0281_146.78_-1.04283
48.0281_146.78_-1.04283
48.267_146.346_-1.11829
48.4776_145.894_-1.16643
48.6711_145.434_-1.18709
48.8549_144.969_-1.20775
49.0314_144.501_-1.21464
49.0314_144.501_-1.21464
49.2088_144.034_-1.19398
49.3939_143.57_-1.18709
49.5821_143.106_-1.1802
49.7735_142.645_-1.17331
49.9681_142.184_-1.16642
49.9681_142.184_-1.16642
50.1785_141.745_-1.0372
50.4421_141.327_-0.948172
50.7391_140.927_-0.90003
51.0523_140.538_-0.879368
51.372_140.154_-0.872479
51.372_140.154_-0.872479
51.681_139.766_-0.947937
51.9652_139.357_-0.996079
52.2339_138.936_-1.01674
52.496_138.51_-1.02363
52.7551_138.082_-1.03052
52.7551_138.082_-1.03052
52.9876_137.655_-1.15975
53.1631_137.2_-1.28897
53.2785_136.727_-1.4182
53.3392_136.237_-1.50722
53.3495_135.751_-1.63645
53.3495_135.751_-1.63645
53.3382_135.264_-1.50722
53.3897_134.78_-1.378
53.4985_134.298_-1.28897
53.6447_133.822_-1.24083
53.8118_133.351_-1.20641
53.8118_133.351_-1.20641
53.9931_132.886_-1.18575
54.182_132.423_-1.17886
54.374_131.961_-1.17197
54.5671_131.5_-1.17886
54.7591_131.038_-1.17197
54.7591_131.038_-1.17197
54.9522_130.577_-1.17886
55.1422_130.115_-1.18575
55.331_129.652_-1.17886
55.5209_129.189_-1.18575
55.7098_128.726_-1.17886
55.7098_128.726_-1.17886
55.9146_128.285_-1.04964
56.1738_127.867_-0.947119
56.4723_127.469_-0.885292
56.7927_127.087_-0.850876
57.1232_126.712_-0.843986
57.1232_126.712_-0.843986
57.431_126.334_-0.973212
57.6938_125.919_-1.07573
57.9234_125.476_-1.12387
58.134_125.024_-1.15829
58.3311_124.565_-1.17895
58.3311_124.565_-1.17895
58.521_124.102_-1.18584
58.7098_123.639_-1.17895
58.9018_123.178_-1.17206
59.0949_122.717_-1.17895
59.2847_122.254_-1.18584
59.2847_122.254_-1.18584
59.4668_121.789_-1.22026
59.6352_121.319_-1.24092
59.796_120.846_-1.24781
59.9536_120.371_-1.2547
60.108_119.896_-1.26158
60.108_119.896_-1.26158
60.2364_119.426_-1.39081
60.339_118.943_-1.30179
60.4772_118.463_-1.26737
60.6255_117.986_-1.27426
60.6724_117.839_-1.23345
60.6724_117.839_-1.23345
60.8139_117.373_-1.36268
60.9017_116.887_-1.4517
60.9506_116.393_-1.51353
60.9711_115.895_-1.56167
60.97_115.396_-1.59609
60.97_115.396_-1.59609
60.9783_114.909_-1.46686
61.0493_114.427_-1.33763
61.1775_113.951_-1.24861
61.3428_113.481_-1.20047
61.5268_113.016_-1.17981
61.5268_113.016_-1.17981
61.7313_112.574_-1.05058
61.991_112.162_-0.921353
62.3015_111.781_-0.818836
62.6484_111.425_-0.75701
63.0151_111.086_-0.722593
63.0151_111.086_-0.722593
63.3663_110.749_-0.851819
63.6712_110.37_-0.981045
63.9246_109.954_-1.11027
64.074_109.627_-1.20549
64.127_109.483_-1.2463
64.127_109.483_-1.2463
64.2807_109.008_-1.28072
64.4203_108.528_-1.30138
64.5523_108.046_-1.30827
64.6809_107.563_-1.31516
64.8062_107.079_-1.32204
64.8062_107.079_-1.32204
64.946_106.613_-1.19282
65.1447_106.168_-1.06359
65.399_105.753_-0.934367
65.7047_105.371_-0.818446
66.0518_105.015_-0.756619
66.0518_105.015_-0.756619
66.3913_104.666_-0.885845
66.6831_104.276_-1.01507
66.9222_103.852_-1.1443
67.1075_103.399_-1.26022
67.2472_102.923_-1.33568
67.2472_102.923_-1.33568
67.3728_102.443_-1.27385
67.5243_101.967_-1.23943
67.6901_101.496_-1.21877
67.8657_101.028_-1.19811
68.0488_100.563_-1.19122
68.0488_100.563_-1.19122
68.2482_100.118_-1.06199
68.5032_99.7037_-0.932768
68.8095_99.3252_-0.803542
68.8095_99.3252_-0.803542
69.1323_98.9607_-0.932768
69.4055_98.5577_-1.06199
69.6244_98.1228_-1.19122
69.6244_98.1228_-1.19122
69.8086_97.658_-1.19811
69.9896_97.1919_-1.205
70.1673_96.7246_-1.21189
70.3419_96.2561_-1.21878
70.5132_95.7864_-1.22567
70.5132_95.7864_-1.22567
70.6812_95.3156_-1.23256
70.8482_94.8443_-1.22567
71.0163_94.3734_-1.23256
71.1833_93.9022_-1.22567
71.3513_93.4313_-1.23256
71.3513_93.4313_-1.23256
71.4528_93.1139_-1.32097
71.4528_93.1139_-1.32097
71.5706_92.6289_-1.35539
71.674_92.14_-1.37605
71.7741_91.6505_-1.35539
71.7741_91.6505_-1.35539
71.8982_91.1797_-1.22616
72.082_90.7288_-1.09694
72.3223_90.3054_-0.967712
72.6152_89.9164_-0.838486
72.9558_89.5685_-0.70926
72.9558_89.5685_-0.70926
73.3115_89.236_-0.838486
73.6214_88.8605_-0.967712
73.8803_88.4481_-1.09694
74.084_88.0059_-1.22616
74.2289_87.5411_-1.35539
74.2289_87.5411_-1.35539
74.353_87.0703_-1.22616
74.5321_86.6081_-1.15071
74.7425_86.1566_-1.10256
74.9711_85.7122_-1.0819
75.2088_85.2727_-1.06124
75.2088_85.2727_-1.06124
75.3173_85.0691_-1.12245
75.3173_85.0691_-1.12245
75.5181_84.6179_-1.21148
75.6858_84.1488_-1.25962
75.8332_83.672_-1.29404
75.9664_83.1904_-1.3147
76.092_82.7064_-1.32159
76.092_82.7064_-1.32159
76.2244_82.2274_-1.25976
76.3826_81.754_-1.22534
76.555_81.285_-1.20468
76.7351_80.8186_-1.19779
76.9183_80.3535_-1.1909
76.9183_80.3535_-1.1909
77.1105_79.8938_-1.14276
77.321_79.4406_-1.1221
77.5389_78.9907_-1.11521
77.7599_78.5422_-1.10832
77.984_78.0953_-1.10143
77.984_78.0953_-1.10143
78.2046_77.6476_-1.13585
78.412_77.193_-1.15651
78.6122_76.7349_-1.1634
78.8093_76.2754_-1.17029
79.0032_75.8145_-1.17718
79.0032_75.8145_-1.17718
79.1938_75.3524_-1.18407
79.3814_74.8889_-1.19096
79.5657_74.4241_-1.19785
79.7489_73.959_-1.19096
79.9332_73.4942_-1.19785
79.9332_73.4942_-1.19785
80.1253_73.0374_-1.12239
80.3468_72.5901_-1.08797
80.5818_72.1492_-1.06731
80.8259_71.7132_-1.04665
81.0771_71.2809_-1.03976
81.0771_71.2809_-1.03976
81.3057_70.851_-1.16899
81.4769_70.3952_-1.29821
81.5984_69.9148_-1.37367
81.6881_69.4247_-1.42181
81.7565_68.9303_-1.45623
81.7565_68.9303_-1.45623
81.8326_68.4494_-1.327
81.9701_67.9823_-1.19778
82.1666_67.5369_-1.06855
82.4188_67.1204_-0.939324
82.7226_66.74_-0.810098
82.7226_66.74_-0.810098
83.0431_66.3734_-0.939324
83.3136_65.9685_-1.06855
83.5385_65.5289_-1.15758
83.7287_65.0697_-1.2194
83.8951_64.5992_-1.25382
83.8951_64.5992_-1.25382
84.0452_64.1232_-1.28824
84.1812_63.6424_-1.3089
84.3095_63.1592_-1.31579
84.4345_62.6751_-1.32268
84.5562_62.1901_-1.32956
84.5562_62.1901_-1.32956
84.683_61.7083_-1.28142
84.8309_61.2317_-1.24701
84.9931_60.7591_-1.22634
85.1651_60.2899_-1.20568
85.3446_59.8233_-1.19879
85.3446_59.8233_-1.19879
85.5158_59.3567_-1.26062
85.6626_58.8797_-1.29504
85.8149_58.4172_-1.16581
86.0256_57.9783_-1.03658
86.2907_57.5668_-0.920663
86.2907_57.5668_-0.920663
86.5687_57.1671_-1.04989
86.7929_56.7349_-1.17912
86.9595_56.2774_-1.30834
87.071_55.7984_-1.41086
87.0882_55.6973_-1.38365
87.0882_55.6973_-1.38365
87.199_55.2231_-1.25443
87.37_54.7673_-1.1252
87.5982_54.3372_-0.995975
87.88_53.9401_-0.866749
88.2106_53.5827_-0.737523
88.2106_53.5827_-0.737523
88.5846_53.2709_-0.608296
88.9955_53.0098_-0.47907
89.4367_52.8039_-0.349844
89.9008_52.6565_-0.220618
90.38_52.5702_-0.0913919
90.38_52.5702_-0.0913919
90.8663_52.5464_0.0378342
91.3516_52.5854_0.16706
91.8347_52.6459_0.0378342
92.3216_52.6437_-0.0913919
92.7537_52.5875_-0.207015
92.7537_52.5875_-0.207015
93.2255_52.4673_-0.336241
93.6779_52.2874_-0.465468
93.6779_52.2874_-0.465468
94.1219_52.0875_-0.336241
94.5879_51.9464_-0.207015
95.0682_51.8666_-0.0777892
95.5548_51.8494_0.0514369
96.0395_51.895_0.180663
96.0395_51.895_0.180663
96.5294_51.9903_0.21508
97.0176_52.0981_0.221969
97.5051_52.2093_0.228858
97.9917_52.3239_0.235747
98.4776_52.4418_0.242637
98.4776_52.4418_0.242637
98.9575_52.5711_0.304463
99.4319_52.7261_0.33888
99.902_52.8955_0.359541
100.369_53.0745_0.380203
100.832_53.2611_0.387092
100.832_53.2611_0.387092
101.286_53.4596_0.462551
101.729_53.689_0.510693
102.161_53.938_0.545109
102.587_54.2_0.565771
103.008_54.469_0.57266
103.008_54.469_0.57266
103.422_54.7456_0.620802
103.827_55.039_0.641464
104.225_55.3408_0.662126
104.619_55.6491_0.669015
105.01_55.96_0.675904
105.01_55.96_0.675904
105.403_56.2483_0.546678
105.829_56.4835_0.417452
106.282_56.6619_0.288226
106.754_56.7804_0.159
107.238_56.837_0.0297738
107.238_56.837_0.0297738
107.723_56.8721_0.159
108.203_56.968_0.274921
108.677_57.1144_0.350379
109.142_57.2929_0.398521
109.601_57.49_0.419183
109.601_57.49_0.419183
110.037_57.7068_0.548409
110.442_57.978_0.677635
110.808_58.2991_0.806861
111.129_58.6646_0.936087
111.401_59.0686_1.06531
111.401_59.0686_1.06531
111.655_59.4842_0.936087
111.96_59.8637_0.806861
112.311_60.2007_0.677635
112.703_60.4896_0.548409
113.129_60.7256_0.419183
113.129_60.7256_0.419183
113.565_60.9424_0.548409
113.991_61.1784_0.419183
114.443_61.3576_0.289957
114.915_61.4769_0.160731
115.119_61.5061_0.10632
115.119_61.5061_0.10632
115.604_61.5372_-0.0229066
116.09_61.5054_-0.152133
116.568_61.4113_-0.281359
116.568_61.4113_-0.281359
117.045_61.2908_-0.178842
117.534_61.2149_-0.103384
118.02_61.1852_0.0258422
118.506_61.2184_0.155068
118.984_61.3139_0.284294
118.984_61.3139_0.284294
119.464_61.446_0.236152
119.932_61.5799_0.365378
120.39_61.7685_0.440837
120.841_61.9848_0.461498
121.169_62.1513_0.486858
121.169_62.1513_0.486858
121.608_62.3607_0.357632
122.071_62.5116_0.228406
122.55_62.6017_0.0991796
123.036_62.6293_-0.0300465
123.521_62.5941_-0.159273
123.521_62.5941_-0.159273
123.998_62.4965_-0.288499
124.459_62.3384_-0.417725
124.895_62.1222_-0.546951
125.309_61.853_-0.635976
125.705_61.5507_-0.684119
125.705_61.5507_-0.684119
126.086_61.2297_-0.732261
126.456_60.8931_-0.752922
126.818_60.5489_-0.773584
127.175_60.1988_-0.780473
127.529_59.8462_-0.787363
127.529_59.8462_-0.787363
127.877_59.4886_-0.821779
128.215_59.1203_-0.842441
128.547_58.7464_-0.84933
128.876_58.3703_-0.856219
129.203_57.9919_-0.863109
129.203_57.9919_-0.863109
129.51_57.6076_-0.965625
129.784_57.1931_-1.02745
130.037_56.763_-1.06187
130.278_56.3249_-1.08253
130.511_55.8829_-1.08942
130.511_55.8829_-1.08942
130.737_55.4379_-1.12384
130.952_54.9865_-1.13073
131.164_54.5337_-1.13761
131.373_54.0794_-1.1445
131.579_53.6238_-1.15139
131.579_53.6238_-1.15139
131.758_53.1711_-1.28062
131.861_52.7742_-1.38944
131.891_52.5971_-1.43705
131.898_52.5463_-1.45065
131.901_52.5208_-1.45745
131.901_52.5208_-1.45745
131.935_52.0351_-1.58668
131.907_51.5491_-1.71591
131.816_51.0707_-1.84513
131.664_50.608_-1.97436
131.454_50.1688_-2.10359
131.454_50.1688_-2.10359
131.216_49.7362_-2.01456
131.216_49.7362_-2.01456
131.026_49.288_-1.88533
130.895_48.819_-1.75611
130.826_48.3371_-1.62688
130.819_47.8503_-1.49766
130.87_47.359_-1.40863
130.87_47.359_-1.40863
130.968_46.8823_-1.2794
131.128_46.4223_-1.15018
131.344_45.9804_-1.04766
131.601_45.555_-0.985835
131.881_45.1421_-0.951418
131.881_45.1421_-0.951418
132.176_44.7391_-0.917001
132.482_44.3445_-0.89634
132.795_43.9548_-0.88945
133.111_43.5671_-0.882561
133.43_43.1817_-0.875672
133.43_43.1817_-0.875672
133.743_42.794_-0.923814
134.039_42.3924_-0.958231
134.323_41.9816_-0.978892
134.601_41.5661_-0.985782
134.876_41.1486_-0.992671
134.876_41.1486_-0.992671
135.16_40.7525_-0.863445
135.491_40.3962_-0.734219
135.866_40.0855_-0.604993
136.278_39.8258_-0.475766
136.724_39.61_-0.400308
136.724_39.61_-0.400308
137.164_39.4014_-0.529534
137.404_39.253_-0.604349
137.529_39.1639_-0.645158
137.591_39.1172_-0.665562
137.631_39.0854_-0.679165
137.631_39.0854_-0.679165
137.996_38.7637_-0.808391
138.317_38.3977_-0.937617
138.589_37.9933_-1.06684
138.805_37.5574_-1.19607
138.964_37.0971_-1.3253
138.964_37.0971_-1.3253
139.098_36.6219_-1.23627
139.271_36.1558_-1.17444
139.469_35.6977_-1.14003
139.681_35.2451_-1.11936
139.9_34.7957_-1.11248
139.9_34.7957_-1.11248
140.113_34.3455_-1.16062
140.307_33.8855_-1.19503
140.487_33.4195_-1.2157
140.658_32.9498_-1.23636
140.821_32.4771_-1.24325
140.821_32.4771_-1.24325
140.958_32.0099_-1.37247
141.033_31.5289_-1.5017
141.033_31.5289_-1.5017
141.046_31.0422_-1.63093
141.046_31.0422_-1.63093
141.038_30.5554_-1.5017
141.092_30.0715_-1.37247
141.208_29.5987_-1.24325
141.384_29.1447_-1.11402
141.617_28.7172_-0.984795
141.617_28.7172_-0.984795
141.903_28.3234_-0.855569
142.238_27.9697_-0.726343
142.615_27.662_-0.597117
143.029_27.4056_-0.46789
143.473_27.2046_-0.338664
143.473_27.2046_-0.338664
143.938_27.0624_-0.209438
144.418_26.9815_-0.0802121
144.905_26.9631_0.049014
145.39_27.0075_0.17824
145.865_27.1141_0.307466
145.865_27.1141_0.307466
146.331_27.2773_0.396492
146.785_27.4786_0.458318
147.23_27.7046_0.492735
147.669_27.9439_0.513397
148.104_28.1905_0.520286
148.104_28.1905_0.520286
148.516_28.4502_0.649512
148.891_28.7609_0.778738
149.222_29.1172_0.907964
149.505_29.5134_1.03719
149.735_29.9427_1.16642
149.735_29.9427_1.16642
149.945_30.3818_1.03719
150.211_30.7901_0.907964
150.526_31.1609_0.778738
150.887_31.4879_0.649512
151.287_31.7656_0.520286
151.287_31.7656_0.520286
151.721_31.9926_0.404365
152.181_32.1761_0.328907
152.655_32.3295_0.280765
153.136_32.4623_0.246348
153.621_32.5808_0.225686
153.621_32.5808_0.225686
154.109_32.6915_0.218797
154.597_32.7989_0.211908
155.086_32.903_0.205019
155.571_33.0141_0.266845
156.051_33.1512_0.301262
156.051_33.1512_0.301262
