configuration 176.556686401_134.7056427_-0.977472527886_0.211062685542_59.5791053772_36.8438796997_0.982426073578_-0.18665210943
length 187.197
time 5.24853
roughness 6.82465e-05
176.557_134.706_-2.71627
176.102_134.498_-2.70938
175.647_134.29_-2.71627
175.192_134.083_-2.70938
174.738_133.874_-2.71627
174.283_133.667_-2.70938
174.283_133.667_-2.70938
173.847_133.445_-2.59346
173.43_133.176_-2.518
173.028_132.88_-2.48358
172.635_132.572_-2.46292
172.247_132.257_-2.45603
172.247_132.257_-2.45603
171.856_131.962_-2.57195
171.432_131.703_-2.63378
170.993_131.465_-2.6682
170.547_131.24_-2.68886
170.097_131.022_-2.69575
170.097_131.022_-2.69575
169.667_130.794_-2.56652
169.261_130.513_-2.4775
168.873_130.2_-2.42935
168.499_129.87_-2.39494
168.135_129.528_-2.37428
168.135_129.528_-2.37428
167.77_129.196_-2.4633
167.377_128.889_-2.51144
166.971_128.598_-2.53211
166.559_128.314_-2.55277
166.143_128.038_-2.55966
166.143_128.038_-2.55966
165.722_127.776_-2.63511
165.283_127.541_-2.68326
164.833_127.323_-2.70392
164.379_127.114_-2.72458
163.922_126.913_-2.73147
163.922_126.913_-2.73147
163.465_126.71_-2.71081
163.011_126.501_-2.70392
162.559_126.288_-2.69703
162.108_126.072_-2.69014
161.658_125.853_-2.68325
161.658_125.853_-2.68325
161.209_125.632_-2.69014
160.76_125.413_-2.68325
160.311_125.193_-2.69014
159.862_124.974_-2.68325
159.413_124.754_-2.69014
159.413_124.754_-2.69014
158.966_124.56_-2.81937
158.498_124.426_-2.94859
158.017_124.352_-3.07782
157.53_124.342_-3.20704
157.046_124.394_-3.33627
157.046_124.394_-3.33627
156.565_124.468_-3.20704
156.078_124.48_-3.07782
155.594_124.428_-2.94859
155.12_124.314_-2.81937
154.666_124.141_-2.69014
154.666_124.141_-2.69014
154.237_123.91_-2.56091
153.838_123.626_-2.44499
153.464_123.299_-2.38317
153.105_122.952_-2.34875
152.757_122.594_-2.32809
152.757_122.594_-2.32809
152.408_122.254_-2.45731
152.018_121.963_-2.58654
151.594_121.724_-2.71577
151.594_121.724_-2.71577
151.137_121.521_-2.73643
150.676_121.329_-2.77084
150.676_121.329_-2.77084
150.215_121.172_-2.90007
149.738_121.076_-3.0293
149.252_121.042_-3.15852
148.766_121.03_-3.0293
148.285_120.955_-2.90007
148.285_120.955_-2.90007
147.803_120.853_-3.00259
147.324_120.765_-2.87336
146.861_120.616_-2.74414
146.42_120.409_-2.61491
146.095_120.205_-2.51289
146.095_120.205_-2.51289
145.688_119.932_-2.62881
145.254_119.712_-2.75804
145.254_119.712_-2.75804
144.807_119.511_-2.64211
144.378_119.263_-2.56666
143.967_118.984_-2.50483
143.564_118.712_-2.63406
143.128_118.493_-2.76328
143.128_118.493_-2.76328
142.668_118.302_-2.71514
142.234_118.082_-2.58591
141.822_117.809_-2.49689
141.427_117.505_-2.46247
141.034_117.2_-2.5243
141.034_117.2_-2.5243
140.624_116.916_-2.55871
140.205_116.644_-2.57938
139.782_116.402_-2.7086
139.332_116.217_-2.83783
138.861_116.091_-2.96706
138.861_116.091_-2.96706
138.379_116.027_-3.09628
137.892_116.025_-3.22551
137.409_116.087_-3.35473
137.11_116.16_-3.43635
137.11_116.16_-3.43635
136.639_116.281_-3.30712
136.155_116.341_-3.1779
135.668_116.338_-3.04867
135.186_116.273_-2.91945
134.716_116.145_-2.79022
134.716_116.145_-2.79022
134.266_115.959_-2.66099
133.845_115.715_-2.53177
133.451_115.42_-2.42925
133.082_115.088_-2.36742
132.729_114.735_-2.33301
132.729_114.735_-2.33301
132.378_114.397_-2.46223
131.985_114.101_-2.56475
131.563_113.839_-2.62658
131.126_113.598_-2.66099
130.681_113.37_-2.68165
130.681_113.37_-2.68165
130.239_113.142_-2.63351
129.805_112.894_-2.5991
129.379_112.633_-2.57843
128.957_112.365_-2.57155
128.537_112.094_-2.56466
128.537_112.094_-2.56466
128.116_111.825_-2.58532
127.691_111.562_-2.59221
127.264_111.302_-2.5991
126.835_111.044_-2.60599
126.406_110.788_-2.5991
126.406_110.788_-2.5991
125.975_110.543_-2.67455
125.527_110.326_-2.7227
125.069_110.126_-2.74336
124.607_109.935_-2.76402
124.142_109.752_-2.77091
124.142_109.752_-2.77091
123.68_109.564_-2.72277
123.227_109.356_-2.68835
122.779_109.134_-2.66769
122.335_108.905_-2.6608
121.892_108.673_-2.65391
121.892_108.673_-2.65391
121.448_108.449_-2.71574
120.991_108.248_-2.75015
120.528_108.06_-2.77082
120.062_107.88_-2.7777
119.594_107.703_-2.78459
119.594_107.703_-2.78459
119.125_107.53_-2.79148
118.656_107.357_-2.78459
118.187_107.184_-2.79148
117.718_107.011_-2.78459
117.249_106.837_-2.79148
117.249_106.837_-2.79148
116.785_106.69_-2.92071
116.306_106.603_-3.04994
115.82_106.579_-3.17916
115.334_106.618_-3.30839
114.858_106.719_-3.43761
114.858_106.719_-3.43761
114.387_106.842_-3.30839
113.904_106.902_-3.17916
113.417_106.9_-3.04994
112.934_106.835_-2.92071
112.464_106.708_-2.79148
112.464_106.708_-2.79148
112.014_106.522_-2.66226
111.592_106.279_-2.53303
111.205_105.984_-2.4038
110.859_105.642_-2.27458
110.553_105.256_-2.17206
110.553_105.256_-2.17206
110.295_104.843_-2.04284
110.092_104.401_-1.91361
109.948_103.936_-1.78438
109.855_103.449_-1.70893
109.792_102.954_-1.67451
109.792_102.954_-1.67451
109.721_102.472_-1.80373
109.589_102.003_-1.93296
109.397_101.556_-2.06219
109.153_101.125_-2.13764
108.88_100.707_-2.17206
108.88_100.707_-2.17206
108.622_100.294_-2.04284
108.419_99.8515_-1.91361
108.275_99.3864_-1.78438
108.192_98.9066_-1.65516
108.172_98.4201_-1.52593
108.172_98.4201_-1.52593
108.214_97.9351_-1.3967
108.319_97.4596_-1.26748
108.484_97.0015_-1.13825
108.706_96.5685_-1.00903
108.983_96.1678_-0.8798
108.983_96.1678_-0.8798
109.277_95.7798_-1.00903
109.519_95.3571_-1.13825
109.704_94.9068_-1.26748
109.829_94.4364_-1.3967
109.893_93.9537_-1.52593
109.893_93.9537_-1.52593
109.93_93.4612_-1.43691
110.006_92.9701_-1.37508
110.109_92.4817_-1.34066
110.226_91.996_-1.32
110.352_91.512_-1.31311
110.352_91.512_-1.31311
110.495_91.0468_-1.18389
110.698_90.6041_-1.05466
110.955_90.1848_-0.952142
111.252_89.7859_-0.890316
111.57_89.4016_-0.855899
111.57_89.4016_-0.855899
111.873_89.0208_-0.985125
112.125_88.604_-1.11435
112.321_88.1582_-1.24358
112.458_87.6909_-1.3728
112.533_87.2099_-1.50203
112.533_87.2099_-1.50203
112.587_86.7261_-1.3728
112.703_86.2532_-1.24358
112.879_85.7992_-1.11435
113.112_85.3716_-0.985125
113.398_84.9776_-0.855899
113.398_84.9776_-0.855899
113.701_84.5967_-0.985125
113.953_84.18_-1.11435
114.149_83.7342_-1.24358
114.286_83.2669_-1.3728
114.364_82.7837_-1.48872
114.364_82.7837_-1.48872
114.424_82.3006_-1.3595
114.546_81.8293_-1.23027
114.728_81.3776_-1.10105
114.965_80.9441_-1.01202
115.237_80.5281_-0.950194
115.237_80.5281_-0.950194
115.536_80.1444_-0.820968
115.883_79.8025_-0.691742
116.245_79.4763_-0.820968
116.561_79.1062_-0.950194
116.827_78.6985_-1.07942
116.827_78.6985_-1.07942
117.05_78.2558_-1.15488
117.246_77.797_-1.1893
117.429_77.332_-1.20996
117.602_76.8633_-1.23062
117.768_76.3916_-1.23751
117.768_76.3916_-1.23751
117.933_75.9195_-1.23062
118.101_75.4486_-1.22373
118.272_74.9788_-1.21684
118.444_74.5095_-1.22373
118.615_74.0397_-1.21684
118.615_74.0397_-1.21684
118.792_73.5722_-1.19618
118.989_73.127_-1.06695
119.242_72.711_-0.937726
119.545_72.3189_-0.862268
119.545_72.3189_-0.862268
119.871_71.94_-0.855379
120.2_71.5634_-0.84849
120.529_71.1875_-0.855379
120.858_70.8109_-0.84849
121.195_70.4596_-0.719263
121.195_70.4596_-0.719263
121.458_70.2148_-0.814483
121.458_70.2148_-0.814483
121.777_69.8468_-0.943709
122.045_69.4408_-1.07293
122.26_69.0036_-1.20216
122.416_68.5423_-1.33139
122.511_68.0649_-1.46061
122.511_68.0649_-1.46061
122.544_67.5791_-1.58984
122.514_67.0931_-1.71907
122.422_66.6151_-1.84829
122.269_66.1529_-1.97752
122.057_65.7143_-2.10674
122.057_65.7143_-2.10674
121.791_65.3066_-2.23597
121.475_64.9365_-2.3652
121.113_64.6104_-2.49442
120.71_64.3216_-2.56988
120.287_64.0588_-2.61802
120.287_64.0588_-2.61802
119.852_63.8166_-2.66616
119.406_63.591_-2.68683
118.956_63.3746_-2.70749
118.501_63.1653_-2.71438
118.046_62.9592_-2.72127
118.046_62.9592_-2.72127
117.588_62.7608_-2.75568
117.124_62.5759_-2.77635
116.656_62.3984_-2.78323
116.188_62.2241_-2.79012
115.719_62.0509_-2.78323
115.719_62.0509_-2.78323
115.252_61.8725_-2.76257
114.788_61.6864_-2.75568
114.325_61.4972_-2.74879
113.864_61.3047_-2.7419
113.404_61.1091_-2.73502
113.404_61.1091_-2.73502
112.945_60.9104_-2.72813
112.488_60.7084_-2.72124
112.032_60.5033_-2.71435
111.576_60.2972_-2.72124
111.12_60.0921_-2.71435
111.12_60.0921_-2.71435
110.666_59.8839_-2.70746
110.213_59.6726_-2.70057
109.761_59.4581_-2.69368
109.311_59.2406_-2.68679
108.861_59.022_-2.69368
108.861_59.022_-2.69368
108.409_58.811_-2.7281
107.95_58.6134_-2.74876
107.488_58.4231_-2.75565
107.024_58.2359_-2.76254
106.559_58.052_-2.76943
106.559_58.052_-2.76943
106.094_57.8691_-2.76254
105.629_57.6852_-2.76943
105.163_57.5023_-2.76254
104.699_57.3184_-2.76943
104.233_57.1355_-2.76254
104.233_57.1355_-2.76254
103.768_56.9538_-2.7832
103.299_56.7795_-2.79009
102.829_56.6084_-2.79698
102.358_56.4406_-2.80387
101.886_56.276_-2.81076
101.886_56.276_-2.81076
101.416_56.1085_-2.77634
100.951_55.9268_-2.75568
100.489_55.7356_-2.73502
100.03_55.5368_-2.72813
99.573_55.3349_-2.72124
99.573_55.3349_-2.72124
99.1161_55.1319_-2.72813
98.6578_54.9321_-2.73502
98.1982_54.7354_-2.7419
97.7372_54.5419_-2.74879
97.2757_54.3495_-2.7419
97.2757_54.3495_-2.7419
96.8147_54.156_-2.74879
96.3524_53.9657_-2.75568
95.8888_53.7785_-2.76257
95.4239_53.5946_-2.76946
94.9585_53.4118_-2.76257
94.9585_53.4118_-2.76257
94.4956_53.2237_-2.74191
94.0367_53.0261_-2.72125
93.5807_52.821_-2.71436
93.1262_52.6128_-2.70747
92.6731_52.4015_-2.70058
92.6731_52.4015_-2.70058
92.2303_52.1788_-2.62512
91.8011_51.9259_-2.57698
91.3826_51.654_-2.54256
90.9718_51.3694_-2.5219
90.5655_51.0781_-2.51501
90.5655_51.0781_-2.51501
90.1571_50.8005_-2.60404
89.7252_50.5522_-2.65218
89.282_50.3227_-2.6866
88.8324_50.104_-2.69349
88.3813_49.8884_-2.70038
88.3813_49.8884_-2.70038
87.931_49.6719_-2.67971
87.4839_49.4481_-2.67283
87.0384_49.2212_-2.66594
86.5945_48.9912_-2.65905
86.1521_48.7582_-2.65216
86.1521_48.7582_-2.65216
85.709_48.5287_-2.68657
85.2586_48.3122_-2.70724
84.8046_48.1028_-2.71413
84.3492_47.8966_-2.72101
83.8923_47.6935_-2.7279
83.8923_47.6935_-2.7279
83.4519_47.4798_-2.61198
83.0306_47.2188_-2.53652
82.6255_46.9289_-2.48838
82.2308_46.6225_-2.46772
81.8425_46.308_-2.44706
81.8425_46.308_-2.44706
81.4555_46.0125_-2.57629
81.0305_45.7576_-2.65174
80.5872_45.5303_-2.69989
80.134_45.3198_-2.72055
79.6773_45.1165_-2.72744
79.6773_45.1165_-2.72744
79.2206_44.9339_-2.82995
78.7445_44.7913_-2.89178
78.2595_44.6734_-2.9262
77.7707_44.57_-2.94686
77.2799_44.4744_-2.95375
77.2799_44.4744_-2.95375
76.8002_44.3662_-2.85123
76.3252_44.216_-2.80309
75.8563_44.0449_-2.76867
75.3923_43.8596_-2.74801
74.931_43.6668_-2.74112
74.931_43.6668_-2.74112
74.471_43.4709_-2.73423
74.0124_43.2717_-2.72734
73.5552_43.0694_-2.72045
73.0985_42.8661_-2.72734
72.6412_42.6638_-2.72045
72.6412_42.6638_-2.72045
72.1845_42.4605_-2.72734
71.7273_42.2582_-2.72045
71.2705_42.0548_-2.72734
70.8133_41.8526_-2.72045
70.3566_41.6492_-2.72734
70.3566_41.6492_-2.72734
69.8994_41.4469_-2.72045
69.4426_41.2436_-2.72734
68.9854_41.0413_-2.72045
68.5287_40.838_-2.72734
68.0714_40.6357_-2.72045
68.0714_40.6357_-2.72045
67.6147_40.4323_-2.72734
67.1575_40.2301_-2.72045
66.7007_40.0267_-2.72734
66.2435_39.8244_-2.72045
65.7868_39.6211_-2.72734
65.7868_39.6211_-2.72734
65.3296_39.4188_-2.72045
64.8728_39.2155_-2.72734
64.4156_39.0132_-2.72045
63.9598_38.8078_-2.71356
63.5045_38.6013_-2.72045
63.5045_38.6013_-2.72045
63.0477_38.3979_-2.72734
62.5905_38.1956_-2.72045
62.1347_37.9902_-2.71356
61.6794_37.7837_-2.72045
61.2226_37.5804_-2.72734
61.2226_37.5804_-2.72734
60.7638_37.3824_-2.748
60.3017_37.1918_-2.75489
59.8391_37.0021_-2.748
59.8391_37.0021_-2.748
