configuration 161.70602417_-18.2518405914_0.169978369946_0.985447793519_193.750076294_109.599342346_0.85380148664_0.520598714377
length 175.131
time 6.65409
roughness 8.95132e-05
161.706_-18.2518_0.341615
162.164_-18.0715_0.444132
162.61_-17.8503_0.492274
163.047_-17.6094_0.526691
163.477_-17.3552_0.547353
163.904_-17.094_0.554242
163.904_-17.094_0.554242
164.331_-16.8386_0.5061
164.77_-16.5994_0.485438
165.213_-16.3672_0.478549
165.657_-16.138_0.47166
166.103_-15.9118_0.46477
166.103_-15.9118_0.46477
166.529_-15.6753_0.593997
166.92_-15.386_0.723223
167.271_-15.0486_0.852449
167.576_-14.6687_0.981675
167.829_-14.2528_1.1109
167.829_-14.2528_1.1109
168.063_-13.8261_0.981675
168.351_-13.4331_0.852449
168.687_-13.0804_0.723223
169.066_-12.7707_0.607302
169.479_-12.4955_0.545475
169.479_-12.4955_0.545475
169.906_-12.2608_0.416249
170.359_-12.083_0.287023
170.832_-11.965_0.157797
171.29_-11.9109_0.0353722
171.367_-11.9087_0.0149681
171.367_-11.9087_0.0149681
171.853_-11.922_-0.114258
172.334_-11.998_-0.243484
172.801_-12.1353_-0.37271
173.262_-12.2932_-0.243484
173.689_-12.3822_-0.127861
173.689_-12.3822_-0.127861
174.174_-12.4237_0.00136537
174.66_-12.4024_0.130591
175.14_-12.3186_0.259818
175.605_-12.1737_0.389044
176.058_-11.9743_0.464502
176.058_-11.9743_0.464502
176.496_-11.7413_0.53996
176.921_-11.4798_0.574377
177.338_-11.2055_0.595038
177.752_-10.9243_0.601928
178.163_-10.6402_0.608817
178.163_-10.6402_0.608817
178.55_-10.3451_0.738043
178.896_-10.0025_0.867269
179.195_-9.61822_0.996495
179.442_-9.1986_1.12572
179.644_-8.74611_1.20118
179.644_-8.74611_1.20118
179.839_-8.29996_1.07195
180.09_-7.88266_0.942727
180.393_-7.50116_0.813501
180.742_-7.16183_0.684275
181.132_-6.87033_0.555049
181.132_-6.87033_0.555049
181.559_-6.6122_0.520632
181.994_-6.36664_0.499971
182.434_-6.12796_0.493081
182.874_-5.89232_0.486192
183.317_-5.65972_0.479303
183.317_-5.65972_0.479303
183.762_-5.43235_0.458641
184.211_-5.21203_0.451752
184.661_-4.99481_0.444863
185.113_-4.7807_0.437973
185.545_-4.5557_0.5672
185.545_-4.5557_0.5672
185.966_-4.31175_0.437973
186.415_-4.12413_0.308747
186.885_-3.99597_0.179521
187.367_-3.92941_0.0502951
187.854_-3.92556_-0.078931
187.854_-3.92556_-0.078931
188.341_-3.94335_0.0502951
188.826_-3.89829_0.179521
189.301_-3.79112_0.308747
189.758_-3.62365_0.437973
190.19_-3.39866_0.5672
190.19_-3.39866_0.5672
190.607_-3.12571_0.601616
191.017_-2.84008_0.622278
191.423_-2.54772_0.629167
191.826_-2.25258_0.636056
192.23_-1.98021_0.50683
192.23_-1.98021_0.50683
192.645_-1.72604_0.636056
193.024_-1.42048_0.765283
193.361_-1.06861_0.894509
193.649_-0.676312_1.02373
193.885_-0.25012_1.15296
193.885_-0.25012_1.15296
194.063_0.202856_1.28219
194.182_0.675062_1.41141
194.239_1.15862_1.54064
194.235_1.64809_1.65656
194.18_2.14063_1.73202
194.18_2.14063_1.73202
194.11_2.63276_1.67019
194.067_3.12992_1.63578
194.038_3.62874_1.61511
194.017_4.12827_1.60822
193.999_4.62792_1.60133
193.999_4.62792_1.60133
193.976_5.12559_1.64948
193.933_5.62343_1.67014
193.88_6.12028_1.6908
193.819_6.61651_1.69769
193.755_7.11231_1.70458
193.755_7.11231_1.70458
193.669_7.59166_1.83381
193.523_8.05602_1.96303
193.318_8.49765_2.09226
193.058_8.90917_2.22148
192.779_9.30872_2.09226
192.779_9.30872_2.09226
192.538_9.74463_2.04412
192.323_10.1912_1.96866
192.138_10.6536_1.92051
191.97_11.1242_1.89985
191.97_11.1242_1.89985
191.794_11.581_2.01577
191.571_12.0252_2.0776
191.325_12.4603_2.09826
191.325_12.4603_2.09826
191.079_12.8944_2.06385
190.848_13.3368_2.02943
190.651_13.7821_1.9002
190.513_14.249_1.77098
190.437_14.7299_1.64175
190.437_14.7299_1.64175
190.384_15.2165_1.75767
190.279_15.701_1.83313
190.144_16.1815_1.86755
189.995_16.6583_1.88821
189.836_17.1319_1.90887
189.836_17.1319_1.90887
189.665_17.6008_1.94329
189.48_18.0649_1.96395
189.285_18.5252_1.98461
189.083_18.9825_1.9915
188.878_19.4384_1.99839
188.878_19.4384_1.99839
188.679_19.895_1.95025
188.499_20.3606_1.91583
188.333_20.832_1.89517
188.175_21.3063_1.88828
188.02_21.7816_1.88139
188.02_21.7816_1.88139
187.852_22.2385_2.01062
187.626_22.6698_2.13984
187.346_23.0685_2.26907
187.018_23.4279_2.39829
186.646_23.7419_2.52752
186.646_23.7419_2.52752
186.26_24.039_2.39829
185.916_24.3834_2.26907
185.616_24.7701_2.15315
185.351_25.1907_2.09132
185.11_25.6268_2.04318
185.11_25.6268_2.04318
184.904_26.0709_1.92726
184.74_26.5401_1.86543
184.601_27.0193_1.83101
184.476_27.5031_1.81035
184.358_27.989_1.80346
184.358_27.989_1.80346
184.256_28.474_1.72801
184.183_28.9678_1.69359
184.126_29.4641_1.67293
184.078_29.9615_1.65226
184.039_30.4599_1.64538
184.039_30.4599_1.64538
183.982_30.9434_1.7746
183.869_31.4261_1.85006
183.726_31.9042_1.88448
183.569_32.3785_1.90514
183.402_32.8493_1.9258
183.402_32.8493_1.9258
183.252_33.3126_1.79657
183.153_33.7982_1.72112
183.084_34.2925_1.6867
183.03_34.7892_1.66604
182.983_35.287_1.65915
182.983_35.287_1.65915
182.92_35.7698_1.78837
182.799_36.2486_1.8774
182.641_36.7211_1.92554
182.464_37.1885_1.9462
182.278_37.6521_1.96687
182.278_37.6521_1.96687
182.088_38.1144_1.9462
181.906_38.5799_1.93931
181.727_39.0467_1.93243
181.551_39.5148_1.92554
181.376_39.9832_1.93243
181.376_39.9832_1.93243
181.196_40.4493_1.95309
180.996_40.893_2.08231
180.74_41.307_2.21154
180.432_41.6847_2.34077
180.432_41.6847_2.34077
180.094_42.0485_2.27894
180.094_42.0485_2.27894
179.793_42.4315_2.14971
179.535_42.8526_2.06069
179.325_43.2916_1.93146
179.172_43.754_1.80224
179.081_44.2322_1.67301
179.081_44.2322_1.67301
179.011_44.714_1.80224
178.885_45.1934_1.87769
178.729_45.6674_1.91211
178.558_46.1371_1.93277
178.378_46.6031_1.95343
178.378_46.6031_1.95343
178.19_47.0665_1.96032
178.004_47.5301_1.93966
177.824_47.9968_1.93277
177.644_48.4629_1.95343
177.644_48.4629_1.95343
177.453_48.9237_1.98785
177.247_49.3791_2.00851
177.034_49.8315_2.0154
176.818_50.2823_2.02229
176.601_50.7327_2.0154
176.601_50.7327_2.0154
176.373_51.163_2.14463
176.092_51.5603_2.27385
175.761_51.9181_2.40308
175.388_52.2303_2.53231
175.153_52.386_2.60712
175.153_52.386_2.60712
174.745_52.6515_2.47789
174.374_52.9674_2.34867
174.047_53.3285_2.21944
173.77_53.7286_2.09022
173.546_54.1611_1.96099
173.546_54.1611_1.96099
173.364_54.6249_1.91285
173.202_55.0969_1.87843
173.054_55.5742_1.85777
172.914_56.054_1.85088
172.777_56.5348_1.84399
172.777_56.5348_1.84399
172.641_57.0159_1.85088
172.502_57.4961_1.85777
172.359_57.9753_1.86466
172.213_58.4535_1.87155
172.064_58.9306_1.87844
172.064_58.9306_1.87844
171.913_59.4075_1.87155
171.764_59.8847_1.87844
171.614_60.3615_1.87155
171.465_60.8387_1.87844
171.312_61.3148_1.88533
171.312_61.3148_1.88533
171.151_61.7861_1.93347
170.968_62.2506_1.96789
170.761_62.6912_2.09711
170.499_63.1015_2.22634
170.186_63.4745_2.35556
170.186_63.4745_2.35556
169.857_63.8333_2.22634
169.577_64.2315_2.09711
169.35_64.6625_1.96789
169.181_65.1191_1.83866
169.032_65.5827_1.96789
169.032_65.5827_1.96789
168.85_66.0449_1.90606
168.691_66.5181_1.87164
168.548_66.9964_1.83723
168.42_67.4793_1.81656
168.3_67.9646_1.80967
168.3_67.9646_1.80967
168.205_68.4421_1.68045
168.172_68.9279_1.55122
168.169_69.4234_1.62668
168.136_69.9214_1.6611
168.092_70.4194_1.65421
168.092_70.4194_1.65421
168.03_70.9025_1.78343
167.914_71.3841_1.85889
167.765_71.8595_1.90703
167.597_72.33_1.9277
167.419_72.797_1.94836
167.419_72.797_1.94836
167.221_73.2448_2.06428
166.975_73.6752_2.13974
166.7_74.0906_2.18788
166.407_74.4943_2.2223
166.101_74.8895_2.24296
166.101_74.8895_2.24296
165.814_75.283_2.11373
165.581_75.7102_1.9845
165.404_76.1639_1.85528
165.287_76.6366_1.72605
165.233_77.1204_1.59683
165.233_77.1204_1.59683
165.225_77.6194_1.56241
165.233_78.119_1.54175
165.226_78.6058_1.67097
165.157_79.0878_1.8002
165.027_79.5568_1.92943
165.027_79.5568_1.92943
164.875_80.0196_1.8002
164.785_80.498_1.67097
164.756_80.984_1.54175
164.791_81.4697_1.41252
164.888_81.9468_1.2833
164.888_81.9468_1.2833
165.046_82.4074_1.15407
165.262_82.8439_1.02484
165.532_83.2489_0.895617
165.852_83.6158_0.766391
166.217_83.9383_0.637165
166.217_83.9383_0.637165
166.62_84.2111_0.507939
167.055_84.4297_0.378713
167.515_84.5903_0.249487
167.991_84.6905_0.120261
168.477_84.7283_-0.00896539
168.477_84.7283_-0.00896539
168.963_84.7446_0.120261
169.444_84.8234_0.249487
169.91_84.9636_0.378713
170.354_85.1626_0.507939
170.769_85.4172_0.637165
170.769_85.4172_0.637165
171.16_85.7219_0.712623
171.532_86.0536_0.760766
171.892_86.4006_0.781427
172.244_86.755_0.802089
172.591_87.1152_0.808978
172.591_87.1152_0.808978
172.941_87.4529_0.679752
173.334_87.7547_0.604294
173.749_88.0312_0.556152
174.176_88.2898_0.521735
174.611_88.5358_0.501073
174.611_88.5358_0.501073
175.037_88.7857_0.590099
175.448_89.0681_0.624515
175.854_89.3595_0.617626
175.854_89.3595_0.617626
176.263_89.6244_0.4884
176.704_89.8374_0.372479
177.17_90.0088_0.310653
177.647_90.1559_0.276236
178.129_90.2888_0.255574
178.129_90.2888_0.255574
178.607_90.4243_0.317401
179.079_90.5855_0.351818
179.547_90.7609_0.372479
180.011_90.946_0.393141
180.473_91.1386_0.40003
180.473_91.1386_0.40003
180.928_91.3399_0.448172
181.377_91.5595_0.468834
181.821_91.7884_0.489496
182.262_92.0244_0.496385
182.701_92.2636_0.503274
182.701_92.2636_0.503274
183.141_92.4968_0.455132
183.592_92.7111_0.420716
184.05_92.912_0.400054
184.511_93.1034_0.379392
184.976_93.2875_0.372503
184.976_93.2875_0.372503
185.441_93.4706_0.379392
185.905_93.6568_0.386281
186.368_93.8462_0.393171
186.829_94.0388_0.40006
187.289_94.2346_0.406949
187.289_94.2346_0.406949
187.75_94.4292_0.386287
188.213_94.6165_0.379398
188.678_94.8006_0.372509
189.144_94.9815_0.36562
189.611_95.1592_0.35873
189.611_95.1592_0.35873
190.06_95.3493_0.487956
190.48_95.5956_0.617183
190.48_95.5956_0.617183
190.888_95.8603_0.487956
191.328_96.0701_0.35873
191.795_96.2298_0.269705
192.277_96.3548_0.221563
192.765_96.4589_0.187146
192.765_96.4589_0.187146
193.239_96.5697_0.316372
193.695_96.7406_0.445598
194.125_96.9689_0.574824
194.522_97.2507_0.704051
194.88_97.5813_0.833277
194.88_97.5813_0.833277
195.192_97.9553_0.962503
195.453_98.3662_1.09173
195.659_98.8074_1.22096
195.806_99.2715_1.35018
195.892_99.7507_1.47941
195.892_99.7507_1.47941
195.916_100.237_1.60863
195.883_100.73_1.69766
195.812_101.223_1.7458
195.719_101.713_1.78022
195.612_102.201_1.80088
195.612_102.201_1.80088
195.497_102.688_1.80777
195.379_103.174_1.81466
195.257_103.658_1.82155
195.134_104.143_1.81466
195.012_104.628_1.82155
195.012_104.628_1.82155
194.889_105.113_1.81466
194.767_105.597_1.82155
194.644_106.082_1.81466
194.522_106.567_1.82155
194.4_107.052_1.81466
194.4_107.052_1.81466
194.278_107.536_1.82155
194.155_108.021_1.81466
194.021_108.497_1.90368
193.851_108.965_1.95183
193.669_109.43_1.93116
193.669_109.43_1.93116
