configuration 161.70602417_-18.2518405914_0.169978369946_0.985447793519_193.750076294_109.599342346_0.85380148664_0.520598714377
length 174.766
time 11.5912
roughness 0.000118478
161.706_-18.2518_0.341615
162.157_-18.0694_0.470842
162.582_-17.8304_0.600068
162.981_-17.5396_0.689093
163.36_-17.2167_0.737235
163.726_-16.877_0.771652
163.726_-16.877_0.771652
164.089_-16.5526_0.642426
164.491_-16.2777_0.5132
164.925_-16.0568_0.383974
165.383_-15.8937_0.254747
165.859_-15.7911_0.125521
165.859_-15.7911_0.125521
166.339_-15.7097_0.254747
166.811_-15.5697_0.357264
167.273_-15.3864_0.419091
167.725_-15.1764_0.467233
168.168_-14.9465_0.501649
168.168_-14.9465_0.501649
168.607_-14.7071_0.49476
169.047_-14.4707_0.487871
169.489_-14.2374_0.480982
169.933_-14.0071_0.474093
170.377_-13.7778_0.480982
170.377_-13.7778_0.480982
170.813_-13.5389_0.542808
171.237_-13.2762_0.577225
171.654_-13.0006_0.597887
172.067_-12.7183_0.604776
172.478_-12.4331_0.611665
172.478_-12.4331_0.611665
172.89_-12.1587_0.536207
173.319_-11.9279_0.406981
173.774_-11.7543_0.277755
174.247_-11.6408_0.148529
174.247_-11.6408_0.148529
174.725_-11.5484_0.277755
175.188_-11.3952_0.406981
175.188_-11.3952_0.406981
175.632_-11.1853_0.509498
176.061_-10.934_0.571324
176.485_-10.6766_0.495866
176.926_-10.4442_0.461449
177.374_-10.2226_0.45456
177.374_-10.2226_0.45456
177.821_-10.0275_0.325334
178.288_-9.8916_0.196108
178.769_-9.81705_0.0668819
179.102_-9.80443_-0.021536
179.128_-9.80504_-0.0283374
179.128_-9.80504_-0.0283374
179.615_-9.7982_0.100889
180.097_-9.72867_0.230115
180.566_-9.59763_0.359341
181.014_-9.40725_0.488567
181.291_-9.25729_0.510304
181.291_-9.25729_0.510304
181.725_-9.01023_0.530966
182.154_-8.75425_0.551627
182.58_-8.51689_0.422401
183.032_-8.33629_0.293175
183.503_-8.21546_0.163949
183.503_-8.21546_0.163949
183.98_-8.1157_0.293175
184.44_-7.95537_0.422401
184.875_-7.73713_0.551627
185.3_-7.49976_0.422401
185.489_-7.41902_0.36799
185.489_-7.41902_0.36799
185.935_-7.22477_0.497216
186.353_-6.97461_0.626443
186.735_-6.6727_0.755669
187.075_-6.32409_0.884895
187.367_-5.93458_1.01412
187.367_-5.93458_1.01412
187.615_-5.5078_1.10315
187.83_-5.05963_1.16497
188.041_-4.62083_1.03575
188.307_-4.21288_0.906521
188.623_-3.84259_0.777295
188.623_-3.84259_0.777295
188.984_-3.51612_0.648068
189.385_-3.23892_0.518842
189.817_-3.01562_0.389616
190.275_-2.84994_0.26039
190.75_-2.74464_0.131164
190.75_-2.74464_0.131164
191.23_-2.66056_0.26039
191.695_-2.51538_0.389616
192.137_-2.31152_0.518842
192.549_-2.05238_0.648068
192.924_-1.74228_0.777295
192.924_-1.74228_0.777295
193.257_-1.3864_0.906521
193.54_-0.990666_1.03575
193.771_-0.561677_1.16497
193.944_-0.106589_1.2942
194.057_0.367008_1.42343
194.057_0.367008_1.42343
194.108_0.851218_1.55265
194.096_1.33797_1.68188
194.025_1.82461_1.78439
193.912_2.30974_1.83254
193.777_2.79032_1.86695
193.777_2.79032_1.86695
193.615_3.24957_1.99618
193.396_3.68416_2.12541
193.122_4.09014_2.24133
192.857_4.41531_2.28187
192.824_4.45432_2.26826
192.824_4.45432_2.26826
192.527_4.84042_2.13904
192.283_5.26153_2.00981
192.095_5.71063_1.88059
191.927_6.16763_2.00981
191.859_6.30601_2.05062
191.859_6.30601_2.05062
191.653_6.74706_1.92139
191.497_7.21564_1.83237
191.381_7.69742_1.75691
191.311_8.17929_1.62768
191.304_8.66613_1.49846
191.304_8.66613_1.49846
191.326_9.15951_1.58748
191.309_9.65745_1.63563
191.276_10.1563_1.64251
191.276_10.1563_1.64251
191.22_10.64_1.77174
191.103_11.1126_1.90097
190.926_11.566_2.03019
190.692_11.9929_2.15942
190.692_11.9929_2.15942
190.439_12.409_2.03019
190.23_12.8585_1.95473
190.051_13.3234_1.90659
189.889_13.7963_1.88593
189.736_14.272_1.87904
189.736_14.272_1.87904
189.577_14.7442_1.92718
189.399_15.2113_1.94785
189.212_15.6746_1.96851
189.017_16.135_1.9754
188.82_16.5942_1.98229
188.82_16.5942_1.98229
188.628_17.0539_1.93414
188.453_17.5222_1.91348
188.289_17.994_1.89282
188.131_18.4686_1.88593
187.978_18.9443_1.87904
187.978_18.9443_1.87904
187.829_19.4214_1.85838
187.691_19.9016_1.83772
187.56_20.3841_1.83083
187.433_20.8676_1.82394
187.309_21.3519_1.81705
187.309_21.3519_1.81705
187.21_21.8287_1.68782
187.167_22.3206_1.5988
187.161_22.8188_1.55066
187.174_23.3183_1.53
187.198_23.8174_1.50933
187.198_23.8174_1.50933
187.208_24.0736_1.57735
187.208_24.0736_1.57735
187.184_24.5599_1.70657
187.098_25.0391_1.8358
186.951_25.5031_1.96503
186.745_25.9444_2.09425
186.484_26.3554_2.22348
186.484_26.3554_2.22348
186.205_26.7544_2.09425
185.976_27.1873_1.97833
185.789_27.6476_1.9165
185.625_28.1191_1.88209
185.475_28.5958_1.86143
185.475_28.5958_1.86143
185.327_29.0722_1.89584
185.164_29.5446_1.9165
184.994_30.0146_1.92339
184.82_30.4834_1.93028
184.643_30.951_1.93717
184.643_30.951_1.93717
184.449_31.3978_2.0664
184.2_31.8159_2.19562
183.899_32.1984_2.32485
183.551_32.5389_2.45408
183.183_32.8171_2.5765
183.183_32.8171_2.5765
182.783_33.095_2.44728
182.422_33.4221_2.31805
182.107_33.793_2.18882
181.838_34.2024_2.0729
181.608_34.6429_2.01108
181.608_34.6429_2.01108
181.42_35.0918_1.88185
181.29_35.5612_1.75262
181.22_36.0457_1.6367
181.198_36.5422_1.57488
181.201_37.0413_1.54046
181.201_37.0413_1.54046
181.227_37.5377_1.47863
181.278_38.0341_1.44422
181.345_38.5293_1.42355
181.419_39.0237_1.41667
181.497_39.5175_1.40978
181.497_39.5175_1.40978
181.555_40.001_1.539
181.55_40.4879_1.66823
181.482_40.97_1.79745
181.357_41.4477_1.88648
181.193_41.9169_1.94831
181.193_41.9169_1.94831
181.002_42.3771_1.99645
180.79_42.8292_2.03087
180.565_43.2754_2.05153
180.333_43.7182_2.05842
180.098_44.1593_2.06531
180.098_44.1593_2.06531
179.849_44.5777_2.19453
179.548_44.9669_2.29705
179.211_45.3317_2.35887
178.852_45.6773_2.40702
178.478_46.0076_2.44143
178.478_46.0076_2.44143
178.119_46.3368_2.31221
177.806_46.7095_2.18298
177.543_47.1195_2.05376
177.335_47.5599_1.92453
177.186_48.0234_1.7953
177.186_48.0234_1.7953
177.059_48.4961_1.91122
176.881_48.9565_2.00025
176.666_49.4061_2.04839
176.432_49.8467_2.08281
176.182_50.2789_2.11722
176.182_50.2789_2.11722
175.928_50.7083_2.08281
175.686_51.1455_2.06215
175.451_51.5869_2.05526
175.219_52.0299_2.04837
174.988_52.4734_2.05526
174.988_52.4734_2.05526
174.78_52.9134_1.92603
174.63_53.3767_1.7968
174.541_53.8554_1.66758
174.515_54.3416_1.53835
174.551_54.8271_1.40913
174.551_54.8271_1.40913
174.609_55.3105_1.53835
174.604_55.7974_1.66758
174.537_56.2796_1.7968
174.408_56.749_1.92603
174.219_57.1979_2.05526
174.219_57.1979_2.05526
173.994_57.6425_2.00711
173.786_58.0968_1.98645
173.587_58.5553_1.96579
173.396_59.0172_1.9589
173.208_59.4804_1.95201
173.208_59.4804_1.95201
173.008_59.9243_2.08124
172.754_60.3479_2.17026
172.466_60.7546_2.21841
172.161_61.1492_2.25282
171.843_61.5349_2.27348
171.843_61.5349_2.27348
171.544_61.9195_2.14426
171.298_62.3393_2.01503
171.107_62.7874_1.88581
170.976_63.2563_1.75658
170.907_63.7382_1.62735
170.907_63.7382_1.62735
170.859_64.2227_1.75658
170.753_64.7051_1.84561
170.609_65.1807_1.90743
170.438_65.6498_1.94185
170.254_66.1142_1.96251
170.254_66.1142_1.96251
170.049_66.5559_2.09174
169.789_66.9676_2.22096
169.478_67.3423_2.35019
169.122_67.6738_2.47942
168.751_67.9892_2.35019
168.751_67.9892_2.35019
168.423_68.3497_2.22096
168.145_68.7494_2.09174
167.921_69.1816_1.96251
167.755_69.6391_1.83328
167.648_70.1143_1.70406
167.648_70.1143_1.70406
167.563_70.5937_1.83328
167.417_71.0581_1.96251
167.212_71.4998_2.09174
166.952_71.9115_2.22096
166.641_72.2862_2.35019
166.641_72.2862_2.35019
166.314_72.6467_2.22096
166.036_73.0464_2.09174
165.812_73.4786_1.96251
165.645_73.9361_1.83328
165.539_74.4113_1.70406
165.539_74.4113_1.70406
165.474_74.9069_1.69717
165.412_75.4031_1.69028
165.344_75.8967_1.73842
165.256_76.3878_1.77284
165.156_76.8778_1.76595
165.156_76.8778_1.76595
165.042_77.351_1.89518
164.867_77.8056_2.0244
164.725_78.0784_2.10602
164.672_78.1661_2.13322
164.658_78.1878_2.14003
164.658_78.1878_2.14003
164.413_78.6087_2.0108
164.225_79.0576_1.88157
164.096_79.527_1.75235
164.028_80.0092_1.62312
164.023_80.4961_1.49389
164.023_80.4961_1.49389
164.081_80.9795_1.36467
164.201_81.4515_1.23544
164.381_81.904_1.10622
164.617_82.3297_0.97699
164.906_82.7213_0.847764
164.906_82.7213_0.847764
165.242_83.0895_0.799622
165.593_83.4454_0.77896
165.949_83.7959_0.772071
166.308_84.1438_0.765182
166.67_84.4893_0.758293
166.67_84.4893_0.758293
167.037_84.8088_0.629067
167.442_85.0784_0.49984
167.883_85.3022_0.410815
168.343_85.4938_0.362673
168.811_85.6679_0.342011
168.811_85.6679_0.342011
169.262_85.8505_0.471237
169.686_86.0897_0.600463
169.686_86.0897_0.600463
170.102_86.3594_0.525005
170.537_86.6022_0.476863
170.983_86.8261_0.442446
171.436_87.037_0.421785
171.893_87.2384_0.401123
171.893_87.2384_0.401123
172.354_87.4325_0.394234
172.816_87.6235_0.387344
173.28_87.8113_0.380455
173.743_87.998_0.387344
174.207_88.1858_0.380455
174.207_88.1858_0.380455
174.657_88.3838_0.482972
175.097_88.5914_0.353746
175.561_88.7406_0.22452
176.04_88.8288_0.0952937
176.142_88.8376_0.0680882
176.142_88.8376_0.0680882
176.626_88.8913_0.197314
177.107_88.9664_0.0680882
177.594_88.9789_-0.061138
178.089_88.9384_-0.122964
178.216_88.9212_-0.156971
178.216_88.9212_-0.156971
178.7_88.8656_-0.0277452
179.187_88.8727_0.101481
179.668_88.9425_0.230707
180.137_89.0738_0.359933
180.585_89.2645_0.489159
180.585_89.2645_0.489159
181.028_89.4962_0.468497
181.475_89.721_0.461608
181.923_89.9426_0.454719
182.371_90.1632_0.461608
182.82_90.3849_0.454719
182.82_90.3849_0.454719
183.247_90.6171_0.583945
183.642_90.9025_0.713171
183.996_91.2363_0.842397
184.311_91.6142_0.944914
184.594_92.0229_1.00674
184.594_92.0229_1.00674
184.871_92.423_0.877515
185.198_92.784_0.748288
185.569_93.0998_0.619062
185.977_93.3653_0.489836
186.416_93.5759_0.36061
186.416_93.5759_0.36061
186.878_93.7283_0.231384
187.357_93.8198_0.102158
187.843_93.8488_-0.0270682
188.328_93.815_-0.156294
188.505_93.7843_-0.203904
188.505_93.7843_-0.203904
188.986_93.706_-0.0746778
189.472_93.6903_0.0545483
189.957_93.7374_0.183774
190.431_93.8466_0.313001
190.888_94.016_0.442227
190.888_94.016_0.442227
191.319_94.2429_0.571453
191.717_94.5233_0.700679
192.075_94.8527_0.829905
192.388_95.2256_0.959131
192.651_95.6357_1.08836
192.651_95.6357_1.08836
192.895_96.0571_0.959131
193.191_96.4435_0.829905
193.535_96.7885_0.700679
193.535_96.7885_0.700679
193.893_97.1179_0.829905
194.206_97.4908_0.959131
194.481_97.9035_1.03459
194.726_98.3359_1.09642
194.944_98.7826_1.15824
194.944_98.7826_1.15824
195.12_99.2365_1.28747
195.236_99.7093_1.41669
195.292_100.196_1.53262
195.301_100.692_1.59444
195.281_101.19_1.64258
195.281_101.19_1.64258
195.226_101.674_1.77181
195.109_102.147_1.90104
194.934_102.606_2.00355
194.715_103.051_2.07901
194.496_103.486_1.94979
194.496_103.486_1.94979
194.332_103.947_1.83386
194.215_104.429_1.75841
194.13_104.92_1.71026
194.064_105.415_1.6896
194.008_105.911_1.66894
194.008_105.911_1.66894
193.961_106.409_1.66205
193.916_106.907_1.65516
193.875_107.405_1.64827
193.838_107.904_1.64138
193.783_108.388_1.77061
193.783_108.388_1.77061
