configuration 161.70602417_-18.2518405914_0.169978369946_0.985447793519_193.750076294_109.599342346_0.85380148664_0.520598714377
length 173.194
time 10.4245
roughness 0.000111887
161.706_-18.2518_0.341615
162.157_-18.0694_0.470842
162.582_-17.8304_0.600068
162.971_-17.5386_0.729294
163.32_-17.1991_0.85852
163.623_-16.8174_0.987746
163.623_-16.8174_0.987746
163.908_-16.4227_0.85852
164.241_-16.068_0.729294
164.618_-15.7593_0.600068
164.618_-15.7593_0.600068
165.031_-15.5016_0.470842
165.474_-15.2993_0.341615
165.939_-15.1558_0.212389
166.419_-15.0734_0.0831632
166.905_-15.0536_-0.0460629
166.905_-15.0536_-0.0460629
167.392_-15.0554_0.0831632
167.875_-14.9944_0.212389
168.347_-14.8717_0.341615
168.807_-14.6926_0.430641
169.256_-14.4774_0.478783
169.256_-14.4774_0.478783
169.698_-14.2442_0.499445
170.136_-14.0037_0.506334
170.573_-13.7602_0.513223
171.008_-13.5137_0.520112
171.441_-13.2643_0.527002
171.441_-13.2643_0.527002
171.851_-13.0018_0.656228
172.224_-12.6886_0.785454
172.553_-12.3301_0.91468
172.834_-11.932_1.04391
173.061_-11.5012_1.17313
173.061_-11.5012_1.17313
173.268_-11.0607_1.04391
173.531_-10.6506_0.91468
173.844_-10.2777_0.785454
174.202_-9.94829_0.656228
174.6_-9.66784_0.527002
174.6_-9.66784_0.527002
175.031_-9.44101_0.397775
175.487_-9.2716_0.268549
175.968_-9.1521_0.193091
176.459_-9.06434_0.144949
176.954_-8.99792_0.110532
176.954_-8.99792_0.110532
177.435_-8.92375_0.239759
177.902_-8.78819_0.368985
178.349_-8.5935_0.498211
178.766_-8.34292_0.627437
179.148_-8.04063_0.756663
179.148_-8.04063_0.756663
179.516_-7.72168_0.627437
179.922_-7.4528_0.498211
179.922_-7.4528_0.498211
180.359_-7.23848_0.368985
180.82_-7.08227_0.239759
181.297_-6.9868_0.110532
181.783_-6.95365_-0.0186937
181.783_-6.95365_-0.0186937
182.27_-6.94211_0.110532
182.751_-6.86794_0.239759
183.219_-6.73238_0.368985
183.665_-6.53769_0.498211
184.082_-6.28711_0.627437
184.082_-6.28711_0.627437
184.488_-5.99453_0.620548
184.892_-5.70119_0.641209
185.292_-5.40121_0.648099
185.69_-5.09848_0.654988
185.69_-5.09848_0.654988
186.089_-4.81852_0.525762
186.52_-4.59223_0.396536
186.976_-4.42338_0.26731
187.451_-4.31479_0.138083
187.936_-4.26827_0.00885726
187.936_-4.26827_0.00885726
188.422_-4.24333_0.138083
188.901_-4.15593_0.26731
189.365_-4.00754_0.396536
189.805_-3.80063_0.525762
190.222_-3.53956_0.628279
190.222_-3.53956_0.628279
190.604_-3.23695_0.757505
190.943_-2.88771_0.886731
191.266_-2.52375_0.757505
191.634_-2.20449_0.628279
191.996_-1.96196_0.512655
191.996_-1.96196_0.512655
192.41_-1.70538_0.641881
192.787_-1.39761_0.771107
193.121_-1.04379_0.900334
193.407_-0.649814_1.02956
193.64_-0.222258_1.15879
193.64_-0.222258_1.15879
193.816_0.23175_1.28801
193.932_0.70464_1.41724
193.986_1.18852_1.54646
193.986_1.6841_1.62192
193.955_2.18221_1.65634
193.955_2.18221_1.65634
193.911_2.68025_1.66323
193.863_3.17797_1.67012
193.813_3.67535_1.67701
193.759_4.17238_1.6839
193.701_4.66901_1.69078
193.701_4.66901_1.69078
193.622_5.1495_1.82001
193.488_5.62656_1.89547
193.324_6.09771_1.92989
193.145_6.56429_1.95055
192.958_7.02821_1.95744
192.958_7.02821_1.95744
192.773_7.49228_1.93678
192.595_7.95954_1.92989
192.421_8.42802_1.923
192.249_8.89769_1.91611
192.081_9.36853_1.90922
192.081_9.36853_1.90922
191.939_9.83424_1.77999
191.853_10.3185_1.67748
191.81_10.8137_1.61565
191.794_11.3125_1.58123
191.792_11.8122_1.56057
191.792_11.8122_1.56057
191.791_12.3112_1.59499
191.778_12.811_1.60188
191.761_13.3107_1.60877
191.741_13.8103_1.61565
191.718_14.3097_1.62254
191.718_14.3097_1.62254
191.672_14.7944_1.75177
191.569_15.2774_1.8408
191.428_15.7553_1.88894
191.269_16.2288_1.9096
191.099_16.6989_1.93026
191.099_16.6989_1.93026
190.919_17.1641_1.96468
190.724_17.6242_1.98534
190.519_18.0801_2.006
190.307_18.533_2.01289
190.092_18.9844_2.01978
190.092_18.9844_2.01978
189.876_19.4353_2.01289
189.662_19.8867_2.01978
189.446_20.3376_2.01289
189.231_20.789_2.01978
189.015_21.2399_2.01289
189.015_21.2399_2.01289
188.788_21.6708_2.14212
188.507_22.0688_2.27134
188.178_22.4274_2.40057
188.005_22.5797_2.46178
187.945_22.6277_2.48219
187.945_22.6277_2.48219
187.573_22.942_2.35296
187.245_23.3017_2.22373
186.965_23.7006_2.09451
186.74_24.1322_1.96528
186.572_24.5892_1.83605
186.572_24.5892_1.83605
186.464_25.064_1.70683
186.414_25.5533_1.60431
186.406_26.0514_1.55617
186.419_26.5503_1.52175
186.447_27.0492_1.50109
186.447_27.0492_1.50109
186.46_27.5359_1.63032
186.41_28.0203_1.75954
186.3_28.4972_1.87546
186.141_28.9682_1.93729
185.955_29.4304_1.98543
185.955_29.4304_1.98543
185.755_29.8885_1.97854
185.558_30.3479_1.97165
185.362_30.8078_1.97854
185.165_31.2672_1.97165
184.968_31.7271_1.97854
184.968_31.7271_1.97854
184.767_32.1844_1.99921
184.558_32.6387_2.00609
184.346_33.0916_2.01298
184.131_33.5429_2.01987
183.915_33.9938_2.01298
183.915_33.9938_2.01298
183.71_34.4475_1.96484
183.521_34.9102_1.94418
183.342_35.3766_1.92352
183.17_35.8462_1.91663
183.002_36.317_1.90974
183.002_36.317_1.90974
182.821_36.7689_2.03897
182.583_37.1937_2.16819
182.583_37.1937_2.16819
182.292_37.5843_2.29742
181.953_37.9342_2.42664
181.573_38.2375_2.55587
181.153_38.4982_2.6449
181.153_38.4982_2.6449
180.735_38.7482_2.51567
180.353_39.0499_2.38644
180.013_39.3983_2.25722
179.721_39.7877_2.12799
179.481_40.2115_1.99877
179.481_40.2115_1.99877
179.298_40.6626_1.86954
179.172_41.1356_1.75362
179.094_41.625_1.67816
179.046_42.1218_1.64374
179.013_42.6204_1.62308
179.013_42.6204_1.62308
178.988_43.1197_1.61619
178.945_43.6047_1.74542
178.841_44.0802_1.87464
178.675_44.5382_2.00387
178.675_44.5382_2.00387
178.476_44.9935_1.94204
178.3_45.4607_1.90763
178.138_45.9334_1.88697
177.984_46.4089_1.88008
177.833_46.8855_1.87319
177.833_46.8855_1.87319
177.668_47.3437_2.00241
177.446_47.777_2.13164
177.17_48.1779_2.26087
176.844_48.5399_2.39009
176.475_48.857_2.51932
176.475_48.857_2.51932
176.092_49.1573_2.39009
175.75_49.5045_2.26087
175.457_49.8928_2.13164
175.204_50.3189_2.05618
174.978_50.7632_2.00804
174.978_50.7632_2.00804
174.77_51.2173_1.98738
174.568_51.675_1.98049
174.37_52.134_1.9736
174.175_52.5944_1.96671
173.982_53.0553_1.9736
173.982_53.0553_1.9736
173.81_53.5109_1.84437
173.698_53.9848_1.71515
173.649_54.4692_1.58592
173.662_54.9559_1.45669
173.735_55.4423_1.35418
173.735_55.4423_1.35418
173.819_55.9218_1.4834
173.841_56.4082_1.61263
173.8_56.8934_1.74186
173.7_57.3749_1.84437
173.556_57.8506_1.9062
173.556_57.8506_1.9062
173.39_58.3223_1.91309
173.221_58.7929_1.91998
173.049_59.2623_1.92687
172.874_59.7305_1.93376
172.695_60.1975_1.94065
172.695_60.1975_1.94065
172.5_60.6436_2.06987
172.249_61.0608_2.1991
171.946_61.4423_2.32832
171.597_61.7815_2.45755
171.207_62.0729_2.58678
171.207_62.0729_2.58678
170.805_62.3467_2.45755
170.441_62.6701_2.32832
170.121_63.0377_2.1991
169.852_63.4434_2.06987
169.637_63.8804_1.94065
169.637_63.8804_1.94065
169.481_64.3414_1.81142
169.375_64.8255_1.73596
169.301_65.3182_1.68782
169.248_65.8145_1.6534
169.21_66.3127_1.63274
169.21_66.3127_1.63274
169.16_66.797_1.76197
169.047_67.2706_1.89119
168.874_67.7258_2.02042
168.644_68.155_2.14965
168.361_68.5509_2.27887
168.361_68.5509_2.27887
168.06_68.9338_2.14965
167.811_69.3523_2.02042
167.618_69.7994_1.89119
167.485_70.2676_1.76197
167.413_70.7491_1.63274
167.413_70.7491_1.63274
167.378_71.2476_1.6534
167.336_71.7458_1.66029
167.29_72.2436_1.66718
167.241_72.7412_1.67407
167.188_73.2383_1.68096
167.188_73.2383_1.68096
167.114_73.7196_1.81019
166.981_74.1931_1.9127
166.805_74.6579_1.97453
166.604_75.1146_2.00895
166.389_75.5656_2.02961
166.389_75.5656_2.02961
166.173_76.0155_1.99519
165.97_76.4723_1.97453
165.775_76.9325_1.96764
165.583_77.394_1.96075
165.417_77.8518_1.83152
165.417_77.8518_1.83152
165.271_78.3165_1.96075
165.271_78.3165_1.96075
165.106_78.7743_1.83152
165_79.2496_1.7023
164.957_79.7346_1.57307
164.976_80.2211_1.44385
165.058_80.701_1.31462
165.058_80.701_1.31462
165.202_81.1664_1.18539
165.404_81.6094_1.05617
165.661_82.0227_0.926942
165.97_82.3993_0.797716
166.324_82.7331_0.668489
166.324_82.7331_0.668489
166.72_83.0331_0.606663
167.134_83.3129_0.572246
167.556_83.5806_0.551585
167.982_83.8416_0.544695
168.41_84.0997_0.537806
168.41_84.0997_0.537806
168.821_84.3663_0.653727
169.209_84.6766_0.715553
169.582_85.0083_0.74997
169.945_85.3514_0.770632
170.303_85.7005_0.777521
170.303_85.7005_0.777521
170.664_86.027_0.648295
171.065_86.3075_0.532374
171.499_86.551_0.470548
171.946_86.7721_0.436131
172.4_86.9801_0.415469
172.4_86.9801_0.415469
172.837_87.1953_0.544695
173.246_87.4647_0.660616
173.629_87.7785_0.736074
173.995_88.1178_0.770491
174.352_88.4683_0.791153
174.352_88.4683_0.791153
174.708_88.7997_0.661927
175.105_89.0824_0.5327
175.535_89.3147_0.41678
175.994_89.5066_0.354953
176.464_89.6747_0.320536
176.464_89.6747_0.320536
176.936_89.8373_0.354953
177.403_90.0142_0.375615
177.868_90.1987_0.382504
178.331_90.3864_0.389393
178.793_90.5772_0.396283
178.793_90.5772_0.396283
179.253_90.7516_0.293766
179.732_90.8857_0.231939
180.218_90.9925_0.183797
180.71_91.0804_0.163135
181.204_91.1581_0.142474
181.204_91.1581_0.142474
181.682_91.2476_0.2717
182.145_91.3981_0.400926
182.585_91.6069_0.530152
182.995_91.8707_0.659378
183.378_92.184_0.734836
183.378_92.184_0.734836
183.753_92.4948_0.60561
184.165_92.7548_0.476384
184.607_92.9595_0.347158
185.073_93.1084_0.231237
185.558_93.2099_0.155779
185.558_93.2099_0.155779
185.961_93.2879_0.264601
185.961_93.2879_0.264601
186.436_93.3952_0.135375
186.929_93.4522_0.0735482
187.428_93.4855_0.0528865
187.9_93.5156_0.0854917
187.9_93.5156_0.0854917
188.39_93.5722_0.174517
188.88_93.6666_0.222659
189.365_93.7824_0.257076
189.847_93.9127_0.277738
190.327_94.053_0.298399
190.327_94.053_0.298399
190.786_94.2158_0.427626
191.22_94.4363_0.556852
191.622_94.7109_0.686078
191.985_95.035_0.815304
192.304_95.4033_0.94453
192.304_95.4033_0.94453
192.572_95.8095_1.07376
192.786_96.2469_1.20298
192.786_96.2469_1.20298
192.965_96.7139_1.20987
193.156_97.1617_1.08065
193.403_97.5812_0.951419
193.702_97.9653_0.822193
193.955_98.2204_0.726974
193.955_98.2204_0.726974
194.304_98.5592_0.8562
194.608_98.9401_0.985426
194.859_99.357_1.11465
195.055_99.8028_1.24388
195.192_100.27_1.3731
195.192_100.27_1.3731
195.267_100.751_1.50233
195.28_101.238_1.63156
195.229_101.722_1.76078
195.117_102.196_1.89001
194.946_102.655_2.00593
194.946_102.655_2.00593
194.757_103.106_1.89001
194.613_103.58_1.81455
194.501_104.066_1.76641
194.409_104.556_1.73199
194.332_105.05_1.71133
194.332_105.05_1.71133
194.264_105.545_1.70444
194.198_106.041_1.69755
194.136_106.537_1.69066
194.075_107.033_1.69755
194.013_107.529_1.69066
194.013_107.529_1.69066
193.934_108.01_1.81989
193.794_108.476_1.94911
193.715_108.665_2.00353
193.683_108.735_2.02393
193.671_108.758_2.03073
193.671_108.758_2.03073
