configuration -14.0353517532_151.94859314_0.0_1.0_147.259887695_176.039077759_0.145212769539_0.989400450557
length 186.299
time 12.7601
roughness 8.31005e-05
-14.0354_151.949_-0
-13.5384_151.959_0.0618265
-13.0407_151.995_0.0962432
-12.5437_152.047_0.116905
-12.0472_152.106_0.123794
-11.5512_152.169_0.130683
-11.5512_152.169_0.130683
-11.0584_152.221_0.0552252
-10.5606_152.241_0.00708305
-10.0609_152.241_-0.0135787
-9.56138_152.231_-0.0342405
-9.06175_152.213_-0.0411297
-9.06175_152.213_-0.0411297
-8.57486_152.213_0.0880965
-8.08075_152.267_0.149923
-7.58815_152.347_0.18434
-7.09759_152.442_0.205001
-6.60909_152.547_0.225663
-6.60909_152.547_0.225663
-6.13036_152.636_0.096437
-5.6417_152.665_-0.0194838
-5.14661_152.642_-0.0949419
-4.75472_152.602_-0.122113
-4.72926_152.599_-0.115312
-4.72926_152.599_-0.115312
-4.24292_152.525_-0.217828
-3.76411_152.405_-0.306854
-3.2901_152.248_-0.34127
-2.82174_152.076_-0.375687
-2.3706_151.88_-0.478204
-2.3706_151.88_-0.478204
-1.92923_151.675_-0.348978
-1.46164_151.522_-0.246461
-0.977238_151.411_-0.184634
-0.485619_151.325_-0.150218
0.00892738_151.253_-0.129556
0.00892738_151.253_-0.129556
0.498477_151.206_-0.0270393
0.995503_151.203_0.0347873
1.49405_151.226_0.0692039
1.99228_151.264_0.0898657
2.49012_151.31_0.0967549
2.49012_151.31_0.0967549
2.98785_151.357_0.0898657
3.4857_151.403_0.0967549
3.98343_151.451_0.0898657
4.48127_151.497_0.0967549
4.97901_151.544_0.0898657
4.97901_151.544_0.0898657
5.46535_151.567_-0.0393604
5.95801_151.533_-0.128386
6.44955_151.459_-0.190212
6.93852_151.359_-0.224629
7.42486_151.245_-0.245291
7.42486_151.245_-0.245291
7.90176_151.146_-0.116065
8.39374_151.104_-0.0270393
8.89192_151.098_0.0211029
9.39074_151.114_0.0555195
9.88943_151.146_0.0761813
9.88943_151.146_0.0761813
10.3825_151.196_0.151639
10.8737_151.279_0.199782
11.3617_151.383_0.234198
11.8458_151.505_0.268615
12.3266_151.641_0.289277
12.3266_151.641_0.289277
12.8063_151.775_0.241134
13.2923_151.889_0.206718
13.7819_151.99_0.199829
14.2721_152.088_0.192939
14.763_152.183_0.18605
14.763_152.183_0.18605
15.2546_152.275_0.179161
15.7467_152.363_0.172272
16.2395_152.447_0.165383
16.7328_152.528_0.158493
17.2263_152.608_0.165383
17.2263_152.608_0.165383
17.7195_152.685_0.130966
18.2153_152.747_0.110304
18.7124_152.801_0.103415
19.2098_152.851_0.0965257
19.7075_152.898_0.0896365
19.7075_152.898_0.0896365
20.1939_152.921_-0.0395896
20.6791_152.881_-0.168816
21.1552_152.779_-0.298042
21.5427_152.645_-0.406864
21.5662_152.635_-0.413665
21.5662_152.635_-0.413665
22.0199_152.458_-0.284439
22.4926_152.341_-0.155213
22.9808_152.282_-0.0526962
23.4776_152.266_0.00913035
23.9766_152.276_0.043547
23.9766_152.276_0.043547
24.4756_152.301_0.0642087
24.9745_152.334_0.071098
25.4731_152.371_0.0779872
25.9714_152.411_0.0848764
26.4695_152.455_0.0917656
26.4695_152.455_0.0917656
26.952_152.52_0.220992
27.4304_152.642_0.310017
27.9024_152.802_0.358159
28.3691_152.98_0.378821
28.8321_153.168_0.399483
28.8321_153.168_0.399483
29.2925_153.347_0.310457
29.7693_153.491_0.262315
30.2527_153.615_0.227899
30.7403_153.725_0.207237
31.2298_153.826_0.200348
31.2298_153.826_0.200348
31.72_153.92_0.165931
32.2133_153.999_0.145269
32.7082_154.071_0.13838
33.2035_154.138_0.131491
33.6993_154.203_0.124602
33.6993_154.203_0.124602
34.1795_154.284_0.253828
34.6451_154.426_0.383054
35.0886_154.627_0.51228
35.5025_154.883_0.641506
35.8799_155.191_0.770732
35.8799_155.191_0.770732
36.2428_155.532_0.72259
36.6199_155.86_0.701928
37.0037_156.18_0.681267
37.3927_156.494_0.674377
37.784_156.805_0.667488
37.784_156.805_0.667488
38.1788_157.09_0.538262
38.6071_157.322_0.409036
39.0633_157.499_0.293115
39.5419_157.633_0.231289
40.029_157.742_0.196872
40.029_157.742_0.196872
40.502_157.857_0.326098
40.9562_158.033_0.455324
41.3841_158.265_0.58455
41.5739_158.396_0.645763
41.5944_158.412_0.652564
41.5944_158.412_0.652564
41.9934_158.691_0.523338
42.4264_158.919_0.407417
42.8648_159.131_0.536643
43.2724_159.397_0.665869
43.6486_159.714_0.768386
43.6486_159.714_0.768386
43.9905_160.067_0.870903
44.3001_160.454_0.946361
44.5849_160.863_0.994503
44.852_161.285_1.02892
45.1068_161.715_1.04958
45.1068_161.715_1.04958
45.3669_162.126_0.920355
45.6779_162.501_0.791129
46.0345_162.832_0.661903
46.4309_163.115_0.532677
46.8605_163.344_0.403451
46.8605_163.344_0.403451
47.3202_163.525_0.314426
47.7964_163.671_0.266283
48.2793_163.799_0.245622
48.7648_163.917_0.22496
49.2524_164.028_0.218071
49.2524_164.028_0.218071
49.7229_164.153_0.347297
50.1733_164.338_0.476523
50.5961_164.58_0.605749
50.9842_164.874_0.734975
51.3313_165.215_0.864201
51.3313_165.215_0.864201
51.6628_165.572_0.734975
52.0375_165.883_0.605749
52.4492_166.143_0.476523
52.8944_166.356_0.387498
53.3587_166.537_0.339355
53.3587_166.537_0.339355
53.8243_166.679_0.210129
54.3043_166.761_0.0809032
54.7908_166.779_-0.048323
55.2785_166.737_-0.164244
55.7652_166.644_-0.239702
55.7652_166.644_-0.239702
56.2427_166.549_-0.110476
56.7349_166.509_-0.0214504
57.2319_166.508_0.0403762
57.7303_166.534_0.0747928
58.2283_166.575_0.0954545
58.2283_166.575_0.0954545
58.6096_166.624_0.197475
58.6096_166.624_0.197475
59.0826_166.74_0.326701
59.5367_166.915_0.455927
59.976_167.145_0.531386
60.4015_167.404_0.579528
60.8159_167.682_0.613944
60.8159_167.682_0.613944
61.2254_167.946_0.484718
61.6689_168.163_0.395693
62.1317_168.347_0.347551
62.6028_168.512_0.313134
63.0788_168.665_0.306245
63.0788_168.665_0.306245
63.5514_168.823_0.354387
64.0188_168.999_0.375049
64.4825_169.185_0.39571
64.9433_169.379_0.4026
65.4029_169.576_0.409489
65.4029_169.576_0.409489
65.8409_169.789_0.538715
66.2479_170.056_0.667941
66.2479_170.056_0.667941
66.6426_170.341_0.538715
67.0707_170.573_0.409489
67.5252_170.748_0.280263
67.9869_170.902_0.409489
68.4249_171.115_0.538715
68.4249_171.115_0.538715
68.8531_171.347_0.409489
69.3075_171.521_0.280263
69.7807_171.636_0.151037
70.2585_171.73_0.280263
70.7203_171.884_0.409489
70.7203_171.884_0.409489
71.1646_172.095_0.512006
71.5928_172.347_0.573832
72.0068_172.624_0.621974
72.409_172.92_0.656391
72.7818_173.233_0.785617
72.7818_173.233_0.785617
73.1403_173.563_0.656391
73.5383_173.843_0.527165
73.9691_174.07_0.397939
74.4255_174.239_0.268713
74.9038_174.354_0.166196
74.9038_174.354_0.166196
75.387_174.414_0.0369697
75.8738_174.411_-0.0922564
76.3592_174.348_-0.208177
76.8413_174.233_-0.283635
77.3135_174.083_-0.359094
77.3135_174.083_-0.359094
77.7617_173.892_-0.48832
78.1816_173.646_-0.617546
78.5662_173.347_-0.746772
78.9092_173.002_-0.875998
79.2048_172.615_-1.00522
79.2048_172.615_-1.00522
79.4481_172.193_-1.13445
79.635_171.744_-1.26368
79.8017_171.286_-1.13445
80.026_170.854_-1.00522
80.0959_170.747_-0.971217
80.0959_170.747_-0.971217
80.3534_170.333_-1.10044
80.5555_169.89_-1.22967
80.6988_169.425_-1.3589
80.7809_168.945_-1.48812
80.7998_168.561_-1.59014
80.7998_168.561_-1.59014
80.811_168.074_-1.46092
80.8849_167.593_-1.33169
81.0201_167.125_-1.20246
81.2137_166.676_-1.08654
81.4553_166.243_-1.01109
81.4553_166.243_-1.01109
81.731_165.842_-0.881859
82.0562_165.479_-0.752633
82.4254_165.162_-0.623407
82.8324_164.895_-0.494181
83.273_164.676_-0.391664
83.273_164.676_-0.391664
83.7147_164.471_-0.52089
84.1264_164.211_-0.650116
84.5011_163.901_-0.779342
84.8327_163.544_-0.908568
85.1155_163.148_-1.03779
85.1155_163.148_-1.03779
85.3449_162.718_-1.16702
85.5171_162.263_-1.29625
85.6291_161.789_-1.42547
85.6791_161.305_-1.5547
85.6792_161.125_-1.60231
85.6792_161.125_-1.60231
85.6845_160.638_-1.47308
85.7525_160.156_-1.34386
85.882_159.687_-1.21463
86.071_159.238_-1.0854
86.3162_158.818_-0.956178
86.3162_158.818_-0.956178
86.6136_158.432_-0.826952
86.9371_158.059_-0.915977
87.2365_157.66_-0.950394
87.5281_157.253_-0.943505
87.6907_157.02_-1.00286
87.6907_157.02_-1.00286
87.935_156.598_-1.13208
88.1603_156.167_-1.00286
88.4394_155.768_-0.87363
88.7675_155.408_-0.744404
88.8054_155.374_-0.730801
88.8054_155.374_-0.730801
89.1814_155.064_-0.601575
89.5941_154.806_-0.472349
90.0367_154.603_-0.343123
90.5017_154.459_-0.213897
90.5017_154.459_-0.213897
90.9815_154.376_-0.0846708
91.4679_154.355_0.0445553
91.953_154.397_0.173781
92.4285_154.502_0.303008
92.8867_154.667_0.432234
92.8867_154.667_0.432234
93.3197_154.889_0.56146
93.7205_155.166_0.690686
93.7205_155.166_0.690686
94.11_155.466_0.588169
94.5291_155.73_0.512711
94.9428_155.987_0.641937
95.3201_156.295_0.771163
95.6546_156.649_0.900389
95.6546_156.649_0.900389
95.973_157.017_0.771163
96.3362_157.341_0.641937
96.7381_157.616_0.512711
97.1759_157.848_0.437253
97.6305_158.054_0.402836
97.6305_158.054_0.402836
98.0918_158.245_0.368419
98.5592_158.422_0.347758
99.0296_158.591_0.340869
99.5012_158.757_0.333979
99.9739_158.92_0.32709
99.9739_158.92_0.32709
100.441_159.089_0.388917
100.901_159.284_0.423333
101.355_159.492_0.443995
101.806_159.708_0.450884
102.255_159.927_0.457773
102.255_159.927_0.457773
102.704_160.147_0.450884
103.155_160.363_0.443995
103.606_160.579_0.450884
104.056_160.796_0.443995
104.507_161.012_0.450884
104.507_161.012_0.450884
104.959_161.222_0.402742
105.421_161.412_0.368325
105.888_161.589_0.347664
106.358_161.758_0.340775
106.83_161.924_0.333885
106.83_161.924_0.333885
107.302_162.089_0.340775
107.774_162.255_0.333885
108.246_162.42_0.340775
108.717_162.586_0.333885
109.189_162.751_0.340775
109.189_162.751_0.340775
109.661_162.917_0.333885
110.133_163.082_0.340775
110.604_163.248_0.333885
111.076_163.413_0.340775
111.548_163.579_0.333885
111.548_163.579_0.333885
112.021_163.737_0.299469
112.5_163.881_0.278807
112.981_164.018_0.271918
113.463_164.151_0.265028
113.945_164.281_0.258139
113.945_164.281_0.258139
114.426_164.413_0.292556
114.904_164.561_0.313218
115.379_164.716_0.320107
115.853_164.874_0.326996
116.326_165.036_0.333885
116.326_165.036_0.333885
116.797_165.203_0.354547
117.265_165.38_0.375209
117.73_165.564_0.382098
118.193_165.752_0.388987
118.655_165.942_0.395876
118.655_165.942_0.395876
119.115_166.138_0.416538
119.572_166.341_0.423427
120.027_166.548_0.430317
120.481_166.757_0.437206
120.934_166.968_0.430317
120.934_166.968_0.430317
121.39_167.169_0.382174
121.856_167.349_0.347758
122.326_167.517_0.327096
122.8_167.676_0.320207
123.275_167.832_0.313318
123.275_167.832_0.313318
123.75_167.988_0.320207
124.225_168.144_0.313318
124.701_168.297_0.306428
125.178_168.449_0.313318
125.653_168.604_0.320207
125.653_168.604_0.320207
126.128_168.753_0.272065
126.611_168.882_0.237648
127.097_168.994_0.203231
127.587_169.091_0.18257
128.079_169.181_0.17568
128.079_169.181_0.17568
128.564_169.28_0.251139
129.046_169.409_0.285555
129.525_169.553_0.306217
130_169.707_0.326879
130.473_169.869_0.333768
130.473_169.869_0.333768
130.94_170.009_0.204542
131.42_170.087_0.0753158
131.907_170.103_-0.0539104
132.392_170.056_-0.183136
132.866_169.948_-0.312363
132.866_169.948_-0.312363
133.335_169.818_-0.183136
133.817_169.749_-0.0539104
134.304_169.744_0.0753158
134.788_169.801_0.204542
135.263_169.919_0.320463
135.263_169.919_0.320463
135.727_170.088_0.409488
136.181_170.294_0.45763
136.626_170.519_0.492047
137.065_170.758_0.512709
137.5_171.004_0.519598
137.5_171.004_0.519598
137.933_171.254_0.526487
138.365_171.506_0.533376
138.795_171.761_0.540265
139.223_172.019_0.547155
139.65_172.278_0.540265
139.65_172.278_0.540265
140.081_172.53_0.505849
140.52_172.769_0.485187
140.964_172.999_0.464525
141.411_173.222_0.457636
141.86_173.442_0.450747
141.86_173.442_0.450747
142.307_173.635_0.321521
142.775_173.77_0.192295
143.259_173.845_0.0763739
143.754_173.87_0.000915707
144.251_173.86_-0.0609108
144.251_173.86_-0.0609108
144.737_173.851_0.0683153
145.221_173.905_0.197541
145.694_174.021_0.326768
146.148_174.197_0.455994
146.576_174.429_0.58522
146.576_174.429_0.58522
146.985_174.712_0.647046
147.377_175.019_0.695188
147.764_175.315_0.565962
148.186_175.558_0.436736
148.635_175.745_0.30751
148.635_175.745_0.30751
