configuration 46.843963623_148.978851318_-0.536406748472_0.843959596304_156.577575684_33.1800613403_0.186652677497_0.98242596565
length 198.659
time 10.9759
roughness 7.25278e-05
46.844_148.979_-1.13235
47.0552_148.526_-1.13924
47.2633_148.071_-1.14613
47.4682_147.615_-1.15302
47.6721_147.159_-1.14613
47.8771_146.703_-1.15302
47.8771_146.703_-1.15302
48.0829_146.247_-1.13235
48.2962_145.795_-1.12546
48.5126_145.344_-1.11857
48.7321_144.895_-1.11169
48.9547_144.447_-1.1048
48.9547_144.447_-1.1048
49.1761_144_-1.12546
49.3905_143.548_-1.13235
49.6017_143.095_-1.13924
49.8098_142.64_-1.14613
50.0168_142.185_-1.13924
50.0168_142.185_-1.13924
50.2249_141.73_-1.14613
50.4298_141.274_-1.15302
50.6337_140.818_-1.14613
50.8387_140.362_-1.15302
51.0426_139.905_-1.14613
51.0426_139.905_-1.14613
51.2618_139.471_-1.0169
51.5352_139.068_-0.887674
51.8263_138.677_-1.0169
52.0646_138.253_-1.14613
52.2463_137.801_-1.27535
52.2463_137.801_-1.27535
52.4076_137.342_-1.14613
52.6262_136.904_-1.03021
52.8918_136.485_-0.954747
53.1848_136.081_-0.92033
53.4901_135.686_-0.899668
53.4901_135.686_-0.899668
53.7797_135.291_-1.01559
54.0329_134.863_-1.07742
54.2642_134.421_-1.11183
54.4825_133.972_-1.13249
54.6937_133.519_-1.13938
54.6937_133.519_-1.13938
54.8922_133.063_-1.20121
55.0647_132.596_-1.24935
55.2193_132.12_-1.27001
55.364_131.642_-1.29068
55.5012_131.161_-1.29756
55.5012_131.161_-1.29756
55.6484_130.69_-1.20854
55.8324_130.227_-1.1604
56.0349_129.77_-1.13974
56.2468_129.318_-1.11907
56.466_128.868_-1.11218
56.466_128.868_-1.11218
56.6818_128.418_-1.1466
56.8844_127.962_-1.16726
57.0796_127.501_-1.17415
57.2717_127.04_-1.18104
57.4606_126.577_-1.18793
57.4606_126.577_-1.18793
57.6485_126.113_-1.18104
57.8395_125.651_-1.17415
58.0337_125.191_-1.16726
58.229_124.73_-1.17415
58.4232_124.27_-1.16726
58.4232_124.27_-1.16726
58.6184_123.81_-1.17415
58.8105_123.348_-1.18104
59.0015_122.886_-1.17415
59.1936_122.424_-1.18104
59.3847_121.962_-1.17415
59.3847_121.962_-1.17415
59.5745_121.5_-1.19481
59.757_121.035_-1.2017
59.9363_120.568_-1.20859
60.1146_120.101_-1.2017
60.2939_119.634_-1.20859
60.2939_119.634_-1.20859
60.4741_119.168_-1.18793
60.664_118.706_-1.16727
60.8614_118.247_-1.16038
61.0619_117.789_-1.15349
61.2656_117.332_-1.1466
61.2656_117.332_-1.1466
61.4846_116.897_-1.01738
61.7578_116.494_-0.888149
62.0487_116.104_-1.01738
62.2868_115.679_-1.1466
62.4059_115.395_-1.22822
62.4059_115.395_-1.22822
62.5749_114.925_-1.22133
62.7472_114.455_-1.21444
62.9227_113.987_-1.20755
63.1014_113.52_-1.20066
63.2812_113.054_-1.20755
63.2812_113.054_-1.20755
63.4619_112.588_-1.18689
63.6503_112.125_-1.18
63.8418_111.663_-1.17311
64.0365_111.203_-1.16622
64.2322_110.742_-1.17311
64.2322_110.742_-1.17311
64.4016_110.286_-1.30234
64.5107_109.811_-1.43156
64.5578_109.327_-1.56079
64.542_108.84_-1.69001
64.4637_108.36_-1.81924
64.4637_108.36_-1.81924
64.3641_107.883_-1.69001
64.3267_107.398_-1.56079
64.3522_106.911_-1.43156
64.4401_106.433_-1.30234
64.5891_105.969_-1.17311
64.5891_105.969_-1.17311
64.7965_105.528_-1.04388
65.058_105.112_-0.941367
65.3577_104.714_-0.893225
65.675_104.329_-0.858808
66.0041_103.953_-0.838146
66.0041_103.953_-0.838146
66.3313_103.577_-0.886289
66.6425_103.187_-0.920705
66.9421_102.787_-0.941367
67.2355_102.382_-0.948256
67.5261_101.975_-0.955145
67.5261_101.975_-0.955145
67.7964_101.564_-1.05766
68.0314_101.127_-1.11949
68.244_100.675_-1.15391
68.4431_100.217_-1.17457
68.635_99.755_-1.18146
68.635_99.755_-1.18146
68.8237_99.2921_-1.18835
69.0093_98.8278_-1.19523
69.1916_98.3623_-1.20212
69.3707_97.8955_-1.20901
69.5466_97.4275_-1.2159
69.5466_97.4275_-1.2159
69.6963_96.9642_-1.34513
69.785_96.4854_-1.47435
69.8524_96.0032_-1.34513
69.9813_95.5337_-1.2159
70.0858_95.2718_-1.14109
70.0858_95.2718_-1.14109
70.2697_94.8209_-1.27031
70.394_94.3502_-1.39954
70.4565_93.8673_-1.52877
70.4976_93.3822_-1.39954
70.6008_92.9063_-1.27031
70.6008_92.9063_-1.27031
70.7251_92.4356_-1.39954
70.7877_91.9527_-1.52877
70.7875_91.4658_-1.65799
70.756_91.1856_-1.73281
70.7518_91.1603_-1.73961
70.7518_91.1603_-1.73961
70.6905_90.6773_-1.61038
70.6918_90.1904_-1.48116
70.7559_89.7077_-1.35193
70.8817_89.2374_-1.2227
71.067_88.7871_-1.09348
71.067_88.7871_-1.09348
71.2836_88.3414_-1.16894
71.4711_87.8798_-1.21708
71.6409_87.4099_-1.23774
71.8033_86.937_-1.24463
71.9624_86.463_-1.25152
71.9624_86.463_-1.25152
72.1297_85.9966_-1.17606
72.3269_85.5381_-1.14164
72.5379_85.0852_-1.12098
72.7583_84.6367_-1.10032
72.9859_84.1916_-1.09343
72.9859_84.1916_-1.09343
73.2124_83.7462_-1.11409
73.4319_83.297_-1.12098
73.6482_82.8462_-1.12787
73.8615_82.394_-1.13476
74.0737_81.9413_-1.12787
74.0737_81.9413_-1.12787
74.3008_81.5107_-0.998645
74.5815_81.1129_-0.869419
74.8797_80.7279_-0.998645
75.1257_80.3078_-1.12787
75.2103_80.1209_-1.18228
75.2103_80.1209_-1.18228
75.4119_79.6723_-1.07976
75.6552_79.2389_-1.01794
75.9222_78.8172_-0.983522
76.2019_78.4032_-0.96286
76.4901_77.995_-0.942198
76.4901_77.995_-0.942198
76.7928_77.6137_-0.812972
77.1427_77.2651_-0.723947
77.5217_76.9436_-0.66212
77.8927_76.6283_-0.791346
78.22_76.2678_-0.920572
78.22_76.2678_-0.920572
78.5043_75.8665_-1.02309
78.7543_75.4369_-1.08492
78.9823_74.993_-1.11933
79.1972_74.5419_-1.13999
79.4027_74.0864_-1.16066
79.4027_74.0864_-1.16066
79.614_73.6423_-1.05814
79.8666_73.2142_-0.996313
80.1426_72.7984_-0.961896
80.4312_72.3905_-0.941234
80.7265_71.9871_-0.934345
80.7265_71.9871_-0.934345
80.999_71.5836_-1.06357
81.2173_71.1484_-1.1928
81.3777_70.6887_-1.32202
81.4774_70.2121_-1.45125
81.515_69.7267_-1.58048
81.515_69.7267_-1.58048
81.5044_69.2277_-1.61489
81.4624_68.7426_-1.74412
81.3581_68.267_-1.87334
81.2003_67.7957_-1.93517
81.2003_67.7957_-1.93517
81.0463_67.3338_-1.80594
80.953_66.8559_-1.67672
80.9221_66.37_-1.54749
80.954_65.8842_-1.41827
81.0452_65.4009_-1.31575
81.0452_65.4009_-1.31575
81.1879_64.9354_-1.18652
81.3893_64.4922_-1.0573
81.6463_64.0786_-0.928071
81.9544_63.7016_-0.798845
82.3085_63.3674_-0.669619
82.3085_63.3674_-0.669619
82.6998_63.0562_-0.676508
83.0889_62.7423_-0.683398
83.4773_62.4275_-0.676508
83.8664_62.1135_-0.683398
84.2548_61.7987_-0.676508
84.2548_61.7987_-0.676508
84.6212_61.4781_-0.805734
84.9526_61.112_-0.89476
85.2556_60.7179_-0.956586
85.5385_60.3068_-0.991003
85.8094_59.8869_-1.01166
85.8094_59.8869_-1.01166
86.0499_59.4636_-1.14089
86.2339_59.0128_-1.27012
86.3583_58.5421_-1.39934
86.4306_58.0518_-1.4748
86.4704_57.5552_-1.52294
86.4704_57.5552_-1.52294
86.5143_57.0703_-1.39372
86.6203_56.5951_-1.26449
86.7866_56.1375_-1.13527
87.0106_55.7051_-1.00604
87.2884_55.3053_-0.876813
87.2884_55.3053_-0.876813
87.5836_54.9181_-1.00604
87.8266_54.4962_-1.13527
87.8266_54.4962_-1.13527
88.0505_54.0638_-1.00604
88.3283_53.664_-0.876813
88.6553_53.3032_-0.747587
89.0261_52.9876_-0.618361
89.4354_52.7193_-0.50244
89.4354_52.7193_-0.50244
89.8717_52.5031_-0.373214
90.3322_52.345_-0.243988
90.8092_52.2475_-0.114762
91.2948_52.2123_0.0144646
91.7809_52.2399_0.143691
91.7809_52.2399_0.143691
92.2653_52.2892_0.0144646
92.752_52.2756_-0.114762
93.2407_52.2046_-0.203787
93.727_52.096_-0.251929
94.21_51.9681_-0.272591
94.21_51.9681_-0.272591
94.684_51.857_-0.143365
95.1684_51.8079_-0.0141386
95.6551_51.8217_0.115088
96.136_51.898_0.244314
96.603_52.0357_0.37354
96.603_52.0357_0.37354
97.0679_52.2023_0.284514
97.5469_52.3295_0.209056
98.0339_52.4386_0.243473
98.5188_52.5603_0.250362
99.0038_52.6807_0.2297
99.0038_52.6807_0.2297
99.4903_52.7957_0.236589
99.9761_52.914_0.243479
100.462_53.0334_0.236589
100.947_53.1517_0.243479
101.433_53.2711_0.236589
101.433_53.2711_0.236589
101.901_53.4052_0.365816
102.357_53.5954_0.454841
102.801_53.8214_0.502983
103.235_54.0669_0.5374
103.663_54.3257_0.558062
103.663_54.3257_0.558062
104.086_54.5914_0.564951
104.508_54.86_0.57184
104.928_55.1316_0.578729
105.347_55.4041_0.57184
105.767_55.6756_0.578729
105.767_55.6756_0.578729
106.177_55.956_0.640556
106.574_56.2588_0.674972
106.966_56.5467_0.545746
107.393_56.7815_0.41652
107.846_56.9595_0.287294
107.846_56.9595_0.287294
108.324_57.1043_0.307956
108.8_57.257_0.314845
109.275_57.4129_0.321734
109.749_57.5721_0.328623
110.222_57.7345_0.335513
110.222_57.7345_0.335513
110.69_57.9061_0.383655
111.151_58.0982_0.418071
111.606_58.3042_0.438733
112.058_58.5176_0.445622
112.509_58.7341_0.452512
112.509_58.7341_0.452512
112.937_58.9654_0.581738
113.339_59.2493_0.684254
113.729_59.5408_0.555028
114.153_59.7797_0.425802
114.604_59.9618_0.296576
114.604_59.9618_0.296576
114.727_60.0006_0.330583
114.727_60.0006_0.330583
115.2_60.1618_0.323694
115.673_60.3219_0.330583
116.147_60.4831_0.323694
116.62_60.6432_0.330583
117.094_60.8044_0.323694
117.094_60.8044_0.323694
117.563_60.9705_0.371836
118.028_61.1552_0.392498
118.488_61.3495_0.413159
118.944_61.5533_0.433821
119.377_61.7765_0.563047
119.377_61.7765_0.563047
119.799_62.0187_0.433821
120.249_62.2044_0.304595
120.72_62.3306_0.175369
121.202_62.3952_0.0461428
121.689_62.397_-0.0830833
121.689_62.397_-0.0830833
122.172_62.3361_-0.212309
122.649_62.2162_-0.314826
123.116_62.051_-0.390284
123.574_61.8541_-0.438426
124.025_61.6389_-0.459088
124.025_61.6389_-0.459088
124.452_61.4049_-0.588314
124.845_61.1177_-0.71754
125.198_60.7823_-0.846767
125.511_60.4031_-0.949283
125.792_59.9931_-1.01111
125.792_59.9931_-1.01111
126.068_59.5919_-0.881884
126.392_59.2173_-0.806426
126.743_58.8633_-0.758283
127.108_58.5222_-0.737622
127.479_58.1868_-0.730733
127.479_58.1868_-0.730733
127.827_57.8467_-0.859959
128.135_57.4634_-0.962475
128.411_57.0498_-1.0243
128.666_56.6204_-1.05872
128.907_56.1832_-1.07938
128.907_56.1832_-1.07938
129.135_55.7402_-1.12752
129.347_55.2874_-1.14818
129.548_54.8303_-1.16885
129.743_54.3697_-1.17574
129.934_53.9078_-1.18262
129.934_53.9078_-1.18262
130.138_53.4654_-1.0534
130.396_53.0528_-0.924172
130.706_52.6737_-0.808251
131.057_52.324_-0.732793
131.432_51.9944_-0.698377
131.432_51.9944_-0.698377
131.791_51.6658_-0.827603
132.105_51.2937_-0.956829
132.368_50.8842_-1.08605
132.577_50.4441_-1.21528
132.732_49.9776_-1.3178
132.732_49.9776_-1.3178
132.874_49.5118_-1.18857
133.075_49.0681_-1.05935
133.331_48.654_-0.930119
133.638_48.2764_-0.800893
133.992_47.935_-0.698377
133.992_47.935_-0.698377
134.351_47.6065_-0.827603
134.665_47.2343_-0.956829
134.935_46.823_-1.05935
135.169_46.3846_-1.12117
135.381_45.9327_-1.15559
135.381_45.9327_-1.15559
135.569_45.4744_-1.23105
135.728_45.0021_-1.27919
135.866_44.5224_-1.31361
135.99_44.0383_-1.33427
136.106_43.552_-1.34116
136.106_43.552_-1.34116
136.232_43.0747_-1.25213
136.396_42.6041_-1.20399
136.578_42.1389_-1.18333
136.77_41.6776_-1.16267
136.97_41.2192_-1.15578
136.97_41.2192_-1.15578
137.059_41.0062_-1.21699
137.059_41.0062_-1.21699
137.242_40.5457_-1.14153
137.456_40.0961_-1.09339
137.689_39.6539_-1.07273
137.931_39.2166_-1.05206
138.18_38.7829_-1.04518
138.18_38.7829_-1.04518
138.406_38.3518_-1.1744
138.575_37.8951_-1.30363
138.683_37.4205_-1.43285
138.73_36.9358_-1.56208
138.713_36.4492_-1.69131
138.713_36.4492_-1.69131
138.675_35.9638_-1.56208
138.7_35.4775_-1.43285
138.787_34.9985_-1.30363
138.936_34.5348_-1.1744
139.143_34.094_-1.04518
139.143_34.094_-1.04518
139.404_33.6772_-0.942659
139.704_33.2811_-0.880832
140.026_32.8998_-0.846416
140.36_32.5279_-0.825754
140.701_32.163_-0.805092
140.701_32.163_-0.805092
141.03_31.7971_-0.907609
141.327_31.3992_-0.969436
141.603_30.984_-1.01758
141.862_30.557_-1.03824
142.113_30.1248_-1.0589
142.113_30.1248_-1.0589
142.369_29.7108_-0.929675
142.677_29.3333_-0.800449
143.03_28.9986_-0.671223
143.424_28.7122_-0.541997
143.851_28.4789_-0.412771
143.851_28.4789_-0.412771
144.305_28.3027_-0.283545
144.778_28.1864_-0.154318
145.262_28.132_-0.0250923
145.749_28.1404_0.104134
146.23_28.2115_0.23336
146.23_28.2115_0.23336
146.705_28.3414_0.335877
147.173_28.5131_0.384019
147.633_28.7054_0.418435
148.088_28.9115_0.439097
148.54_29.1251_0.445986
148.54_29.1251_0.445986
148.991_29.3418_0.452876
149.44_29.5616_0.459765
149.887_29.7845_0.466654
150.333_30.0105_0.473543
150.779_30.2374_0.466654
150.779_30.2374_0.466654
151.218_30.4701_0.528481
151.652_30.7168_0.494064
152.093_30.9507_0.473402
152.538_31.1797_0.480291
152.904_31.3803_0.543835
152.904_31.3803_0.543835
153.334_31.6336_0.509419
153.772_31.872_0.475002
154.218_32.0974_0.45434
154.668_32.3158_0.447451
155.119_32.5311_0.440562
155.119_32.5311_0.440562
155.573_32.7411_0.4199
156.03_32.9416_0.399238
156.491_33.1349_0.392349
156.491_33.1349_0.392349
