configuration 161.70602417_-18.2518405914_0.169978369946_0.985447793519_193.750076294_109.599342346_0.85380148664_0.520598714377
length 174.395
time 7.81732
roughness 8.71879e-05
161.706_-18.2518_0.341615
162.157_-18.0694_0.470842
162.582_-17.8304_0.600068
162.971_-17.5386_0.729294
163.32_-17.1991_0.85852
163.623_-16.8174_0.987746
163.623_-16.8174_0.987746
163.908_-16.4227_0.85852
164.01_-16.3076_0.817712
164.301_-16.0186_0.70889
164.399_-15.9362_0.674883
164.419_-15.9203_0.668081
164.419_-15.9203_0.668081
164.814_-15.6351_0.538855
165.242_-15.4032_0.409629
165.696_-15.2284_0.280403
166.173_-15.1084_0.177886
166.662_-15.0353_0.0888609
166.662_-15.0353_0.0888609
167.144_-14.9716_0.218087
167.624_-14.8865_0.0888609
168.11_-14.8639_-0.0403653
168.595_-14.9041_-0.169591
168.671_-14.9176_-0.189995
168.671_-14.9176_-0.189995
169.153_-14.9892_-0.0607694
169.639_-14.9982_0.0684567
170.123_-14.9443_0.197683
170.596_-14.8285_0.326909
171.05_-14.6528_0.456135
171.05_-14.6528_0.456135
171.496_-14.4278_0.490552
171.935_-14.1894_0.511213
172.37_-13.9438_0.518103
172.804_-13.6952_0.524992
173.236_-13.4436_0.531881
173.236_-13.4436_0.531881
173.645_-13.1791_0.661107
174.016_-12.8642_0.790333
174.344_-12.504_0.919559
174.626_-12.1037_1.03548
174.87_-11.671_1.09731
174.87_-11.671_1.09731
175.111_-11.2475_0.968081
175.403_-10.8585_0.838855
175.744_-10.5104_0.709628
176.127_-10.2028_0.607112
176.541_-9.92765_0.545285
176.541_-9.92765_0.545285
176.95_-9.65799_0.661206
177.333_-9.34398_0.736664
177.683_-9.00154_0.852585
178.002_-8.62065_0.914411
178.302_-8.22181_0.948828
178.302_-8.22181_0.948828
178.603_-7.83847_0.819602
178.95_-7.49702_0.690376
179.338_-7.20314_0.56115
179.761_-6.96174_0.431924
180.211_-6.77684_0.302697
180.211_-6.77684_0.302697
180.688_-6.62671_0.309587
181.164_-6.47329_0.316476
181.639_-6.3166_0.323365
182.113_-6.15882_0.316476
182.588_-6.00214_0.323365
182.588_-6.00214_0.323365
183.063_-5.84898_0.288948
183.543_-5.7099_0.268287
184.026_-5.58077_0.247625
184.51_-5.45934_0.240736
184.996_-5.34126_0.233847
184.996_-5.34126_0.233847
185.367_-5.2397_0.335867
185.367_-5.2397_0.335867
185.512_-5.18705_0.376675
185.512_-5.18705_0.376675
185.972_-5.0273_0.247449
186.448_-4.92816_0.118223
186.934_-4.89127_-0.0110029
187.42_-4.91726_-0.140229
187.899_-5.00568_-0.269455
187.899_-5.00568_-0.269455
188.373_-5.11529_-0.140229
188.858_-5.16285_-0.0110029
189.344_-5.14757_0.118223
189.825_-5.0697_0.247449
190.302_-4.97056_0.118223
190.302_-4.97056_0.118223
190.782_-4.89269_0.247449
191.249_-4.75354_0.376675
191.694_-4.55542_0.505902
192.109_-4.30164_0.635128
192.489_-3.99643_0.764354
192.489_-3.99643_0.764354
192.825_-3.64487_0.89358
193.114_-3.25284_1.02281
193.35_-2.82687_1.15203
193.529_-2.37406_1.28126
193.648_-1.90196_1.41048
193.648_-1.90196_1.41048
193.717_-1.40977_1.47231
193.761_-0.912576_1.50673
193.789_-0.413722_1.52739
193.807_0.0856146_1.54805
193.818_0.585473_1.55494
193.818_0.585473_1.55494
193.824_1.08539_1.56183
193.828_1.58534_1.56872
193.828_2.08531_1.57561
193.826_2.58527_1.56872
193.826_3.08523_1.57561
193.826_3.08523_1.57561
193.821_3.58487_1.59627
193.807_4.08464_1.60316
193.789_4.5843_1.61005
193.769_5.08383_1.61694
193.744_5.58321_1.62383
193.744_5.58321_1.62383
193.721_6.08235_1.60316
193.709_6.58186_1.5825
193.704_7.0818_1.57561
193.703_7.58176_1.56872
193.702_8.08172_1.57561
193.702_8.08172_1.57561
193.679_8.56807_1.70484
193.596_9.05032_1.82076
193.463_9.52928_1.88259
193.304_10.0025_1.917
193.131_10.4714_1.93767
193.131_10.4714_1.93767
192.951_10.9376_1.94455
192.767_11.4027_1.95144
192.581_11.8664_1.95833
192.391_12.3289_1.96522
192.197_12.79_1.97211
192.197_12.79_1.97211
192.008_13.2516_1.9377
191.83_13.7187_1.93081
191.654_14.1871_1.92392
191.483_14.6566_1.91703
191.314_15.1272_1.91014
191.314_15.1272_1.91014
191.149_15.5991_1.90325
190.987_16.072_1.89636
190.828_16.5461_1.88947
190.672_17.0213_1.88258
190.518_17.4968_1.88947
190.518_17.4968_1.88947
190.348_17.9583_1.99199
190.136_18.4076_2.05381
189.899_18.847_2.08823
189.649_19.2795_2.10889
189.389_19.7068_2.12955
189.389_19.7068_2.12955
189.149_20.1302_2.00033
189.149_20.1302_2.00033
188.949_20.5864_1.95219
188.949_20.5864_1.95219
188.749_21.0302_2.08141
188.493_21.4445_2.21064
188.493_21.4445_2.21064
188.186_21.8289_2.31315
187.842_22.1856_2.38861
187.472_22.5153_2.46407
187.225_22.7111_2.48581
187.225_22.7111_2.48581
186.852_23.0241_2.35658
186.523_23.3826_2.22736
186.239_23.7814_2.11143
185.992_24.2127_2.04961
185.767_24.6583_2.01519
185.767_24.6583_2.01519
185.576_25.1063_1.88597
185.445_25.5752_1.75674
185.376_26.0571_1.62751
185.36_26.5524_1.55206
185.375_27.0513_1.51764
185.375_27.0513_1.51764
185.38_27.5382_1.64686
185.323_28.0216_1.77609
185.203_28.4937_1.90532
185.043_28.9668_1.88466
184.889_29.4427_1.87777
184.889_29.4427_1.87777
184.762_29.9126_1.74854
184.687_30.4024_1.67308
184.641_30.8994_1.63867
184.611_31.3982_1.618
184.588_31.8976_1.61111
184.588_31.8976_1.61111
184.548_32.3829_1.74034
184.449_32.8645_1.84286
184.305_33.3404_1.90468
184.137_33.8101_1.9391
183.953_34.275_1.95976
183.953_34.275_1.95976
183.761_34.736_1.98042
183.559_35.193_2.00109
183.349_35.6469_2.00797
183.136_36.0993_2.01486
182.92_36.5503_2.02175
182.92_36.5503_2.02175
182.708_37.002_1.98734
182.509_37.4603_1.96667
182.32_37.9226_1.94601
182.137_38.3882_1.93912
181.958_38.8551_1.93223
181.958_38.8551_1.93223
181.781_39.3223_1.93912
181.6_39.7883_1.94601
181.415_40.2531_1.9529
181.228_40.7166_1.95979
181.037_41.1787_1.96668
181.037_41.1787_1.96668
180.843_41.6396_1.97357
180.646_42.0991_1.98046
180.446_42.5572_1.98735
180.243_43.014_1.99424
180.036_43.4693_2.00113
180.036_43.4693_2.00113
179.82_43.9167_2.06295
179.579_44.3538_2.09737
179.325_44.784_2.11803
179.062_45.2089_2.13869
178.792_45.6298_2.14558
178.792_45.6298_2.14558
178.519_46.0488_2.15247
178.243_46.4659_2.15936
177.965_46.8811_2.16625
177.684_47.2944_2.17314
177.399_47.7057_2.18003
177.399_47.7057_2.18003
177.138_48.1165_2.0508
176.932_48.5575_1.92158
176.784_49.0214_1.79235
176.697_49.5005_1.66312
176.673_49.9868_1.5339
176.673_49.9868_1.5339
176.67_50.4737_1.66312
176.605_50.9561_1.79235
176.48_51.432_1.89487
176.312_51.8998_1.95669
176.119_52.36_1.99111
176.119_52.36_1.99111
175.91_52.8133_2.02553
175.688_53.2606_2.04619
175.458_53.7046_2.05308
175.225_54.147_2.05997
174.989_54.5878_2.06686
174.989_54.5878_2.06686
174.764_55.0294_1.9914
174.568_55.4874_1.94326
174.392_55.9543_1.90884
174.229_56.4269_1.88818
174.075_56.9022_1.88129
174.075_56.9022_1.88129
173.907_57.3623_1.99721
173.691_57.8082_2.07267
173.444_58.2411_2.12081
173.18_58.6652_2.14147
172.908_59.0839_2.16213
172.908_59.0839_2.16213
172.619_59.4762_2.29136
172.297_59.8558_2.24322
171.986_60.2476_2.23633
171.675_60.6385_2.25699
171.611_60.7185_2.22978
171.611_60.7185_2.22978
171.579_60.7592_2.21618
171.579_60.7592_2.21618
171.303_61.1602_2.08695
171.081_61.5934_1.95773
170.914_62.0535_1.84181
170.793_62.5341_1.76635
170.704_63.0243_1.71821
170.704_63.0243_1.71821
170.612_63.5025_1.84743
170.46_63.9648_1.97666
170.249_64.4036_2.10589
169.983_64.8115_2.23511
169.667_65.1818_2.36434
169.667_65.1818_2.36434
169.334_65.5377_2.23511
169.051_65.9334_2.10589
168.82_66.3624_1.97666
168.647_66.8174_1.84743
168.524_67.2974_1.77198
168.524_67.2974_1.77198
168.43_67.7875_1.73756
168.35_68.2808_1.7169
168.259_68.7591_1.84612
168.107_69.2216_1.97535
167.896_69.6607_2.10458
167.896_69.6607_2.10458
167.667_70.09_1.97535
167.494_70.5453_1.84612
167.382_71.019_1.7169
167.331_71.5033_1.58767
167.344_71.99_1.45845
167.344_71.99_1.45845
167.378_72.4757_1.58767
167.349_72.9618_1.7169
167.261_73.4456_1.81941
167.129_73.9248_1.88124
166.971_74.3982_1.91566
166.971_74.3982_1.91566
166.813_74.8693_1.85383
166.657_75.3307_1.98306
166.443_75.7681_2.11228
166.175_76.1743_2.24151
165.994_76.3909_2.31632
165.994_76.3909_2.31632
165.679_76.7623_2.1871
165.415_77.1712_2.05787
165.205_77.6107_1.92865
165.054_78.0736_1.79942
164.964_78.5521_1.67019
164.964_78.5521_1.67019
164.936_79.0382_1.54097
164.972_79.5238_1.41174
165.069_80.0008_1.28252
165.227_80.4613_1.15329
165.443_80.8976_1.02406
165.443_80.8976_1.02406
165.713_81.3089_0.921546
166.021_81.6985_0.85972
166.352_82.0729_0.825303
166.693_82.4377_0.804641
167.042_82.7953_0.78398
167.042_82.7953_0.78398
167.402_83.1336_0.694954
167.789_83.4464_0.646812
168.191_83.7426_0.612395
168.601_84.0291_0.605506
169.013_84.3127_0.598617
169.013_84.3127_0.598617
169.428_84.5892_0.5642
169.852_84.8535_0.543539
170.282_85.1089_0.522877
170.715_85.3576_0.515988
171.151_85.6033_0.509098
171.151_85.6033_0.509098
171.582_85.8531_0.557241
172.002_86.1218_0.591657
172.415_86.4034_0.612319
172.824_86.6917_0.619208
173.23_86.9828_0.626097
173.23_86.9828_0.626097
173.635_87.2767_0.632987
174.037_87.5734_0.639876
174.439_87.871_0.632987
174.841_88.1676_0.639876
175.243_88.4652_0.632987
175.243_88.4652_0.632987
175.647_88.7364_0.50376
176.083_88.9531_0.374534
176.55_89.1254_0.312708
177.026_89.2711_0.264566
177.508_89.3912_0.202739
177.508_89.3912_0.202739
177.989_89.4689_0.073513
178.482_89.5177_0.148971
178.975_89.5974_0.183388
179.44_89.6848_0.189914
179.465_89.6897_0.196716
179.465_89.6897_0.196716
179.938_89.805_0.325942
180.401_89.9768_0.414967
180.854_90.185_0.463109
181.3_90.4112_0.483771
181.74_90.6467_0.504433
181.74_90.6467_0.504433
182.174_90.8929_0.53885
182.602_91.1522_0.559511
183.025_91.4186_0.566401
183.446_91.6878_0.57329
183.865_91.96_0.580179
183.865_91.96_0.580179
184.284_92.2331_0.57329
184.704_92.5052_0.580179
185.122_92.7783_0.57329
185.542_93.0505_0.580179
185.96_93.3236_0.57329
185.96_93.3236_0.57329
186.383_93.5791_0.484264
186.828_93.8039_0.436122
187.282_94.0096_0.401706
187.744_94.2018_0.381044
188.209_94.3844_0.360382
188.209_94.3844_0.360382
188.447_94.4801_0.428396
188.447_94.4801_0.428396
188.896_94.6943_0.476538
189.339_94.9266_0.4972
189.776_95.1679_0.517861
190.209_95.3908_0.388635
190.67_95.5617_0.286119
190.67_95.5617_0.286119
191.131_95.7187_0.415345
191.568_95.9339_0.544571
191.985_96.2012_0.620029
192.386_96.4971_0.668171
192.774_96.8108_0.702588
192.774_96.8108_0.702588
193.159_97.1094_0.573362
193.579_97.3559_0.444136
194.027_97.5463_0.314909
194.483_97.7166_0.444136
194.913_97.9443_0.573362
194.913_97.9443_0.573362
195.311_98.2255_0.702588
195.669_98.5556_0.831814
195.981_98.929_0.96104
196.243_99.3396_1.09027
196.449_99.7805_1.21949
196.449_99.7805_1.21949
196.597_100.244_1.34872
196.684_100.723_1.47794
196.709_101.21_1.60717
196.671_101.695_1.7364
196.575_102.18_1.82542
196.575_102.18_1.82542
196.432_102.645_1.95465
196.231_103.088_2.08387
195.974_103.502_2.2131
195.7_103.904_2.08387
195.65_103.994_2.05667
195.65_103.994_2.05667
195.43_104.438_1.98121
195.238_104.898_1.93307
195.064_105.366_1.91241
194.9_105.838_1.89175
194.744_106.313_1.88486
194.744_106.313_1.88486
194.59_106.789_1.87797
194.44_107.266_1.87108
194.293_107.744_1.86419
194.14_108.216_1.92601
193.961_108.682_1.96043
193.961_108.682_1.96043
