configuration 46.843963623_148.978851318_-0.536406748472_0.843959596304_156.577575684_33.1800613403_0.186652677497_0.98242596565
length 201.367
time 12.1772
roughness 8.23606e-05
46.844_148.979_-1.13235
47.0692_148.547_-1.00312
47.3468_148.139_-0.914096
47.6573_147.749_-0.865954
47.9836_147.371_-0.845292
48.3177_146.999_-0.82463
48.3177_146.999_-0.82463
48.6328_146.628_-0.953856
48.9036_146.217_-1.05637
49.1417_145.78_-1.10452
49.361_145.332_-1.13893
49.567_144.876_-1.15959
49.567_144.876_-1.15959
49.7658_144.418_-1.16648
49.9635_143.958_-1.15959
50.1623_143.5_-1.16648
50.3601_143.04_-1.15959
50.5588_142.582_-1.16648
50.5588_142.582_-1.16648
50.7566_142.122_-1.15959
50.9575_141.665_-1.1527
51.1615_141.208_-1.14582
51.3666_140.752_-1.1527
51.5706_140.296_-1.14582
51.5706_140.296_-1.14582
51.7688_139.839_-1.19396
51.9494_139.373_-1.21462
52.1227_138.904_-1.22151
52.2927_138.434_-1.2284
52.4595_137.962_-1.23529
52.4595_137.962_-1.23529
52.6327_137.497_-1.17346
52.8311_137.039_-1.13904
53.0433_136.586_-1.11838
53.2649_136.138_-1.09772
53.4937_135.694_-1.09083
53.4937_135.694_-1.09083
53.719_135.248_-1.12525
53.9313_134.796_-1.14591
54.1363_134.34_-1.1528
54.3382_133.883_-1.15969
54.537_133.424_-1.16658
54.537_133.424_-1.16658
54.7347_132.965_-1.15969
54.9355_132.507_-1.1528
55.1395_132.05_-1.14591
55.3466_131.595_-1.13902
55.5569_131.142_-1.13213
55.5569_131.142_-1.13213
55.766_130.688_-1.15279
55.9679_130.231_-1.15968
56.1667_129.772_-1.16657
56.3623_129.312_-1.17346
56.5568_128.851_-1.16657
56.5568_128.851_-1.16657
56.7501_128.39_-1.18723
56.9362_127.926_-1.19412
57.119_127.461_-1.20101
57.2986_126.994_-1.2079
57.475_126.527_-1.21479
57.475_126.527_-1.21479
57.6524_126.06_-1.19413
57.8394_125.596_-1.17347
58.0339_125.136_-1.16658
58.2316_124.676_-1.15969
58.4325_124.219_-1.1528
58.4325_124.219_-1.1528
58.6365_123.762_-1.14591
58.8436_123.307_-1.13902
59.0539_122.853_-1.13213
59.2672_122.401_-1.12524
59.4837_121.951_-1.11835
59.4837_121.951_-1.11835
59.6968_121.499_-1.15277
59.8965_121.041_-1.17343
60.0867_120.579_-1.19409
60.2695_120.114_-1.20098
60.4491_119.647_-1.20787
60.4491_119.647_-1.20787
60.6233_119.179_-1.22853
60.79_118.708_-1.23542
60.9535_118.235_-1.24231
61.1137_117.762_-1.2492
61.2706_117.287_-1.25609
61.2706_117.287_-1.25609
61.4305_116.814_-1.22167
61.6047_116.346_-1.20101
61.7865_115.88_-1.19412
61.9714_115.416_-1.18723
62.1596_114.952_-1.18034
62.1596_114.952_-1.18034
62.3257_114.495_-1.30957
62.4314_114.019_-1.4388
62.5158_113.54_-1.30957
62.6614_113.075_-1.18034
62.8656_112.633_-1.05112
62.8656_112.633_-1.05112
63.0981_112.198_-1.14014
63.2963_111.742_-1.20197
63.4525_111.281_-1.3312
63.558_110.796_-1.40665
63.6362_110.303_-1.42732
63.6362_110.303_-1.42732
63.7262_109.824_-1.29809
63.8771_109.361_-1.16886
64.0864_108.922_-1.03964
64.3506_108.513_-0.910411
64.6643_108.129_-0.834953
64.6643_108.129_-0.834953
64.9755_107.755_-0.964179
65.245_107.341_-1.0532
65.482_106.904_-1.11503
65.6965_106.453_-1.14945
65.8977_105.996_-1.17011
65.8977_105.996_-1.17011
66.0917_105.535_-1.177
66.2846_105.074_-1.17011
66.4785_104.613_-1.177
66.6714_104.152_-1.17011
66.8654_103.691_-1.177
66.8654_103.691_-1.177
67.0583_103.23_-1.17011
67.2543_102.77_-1.16322
67.4514_102.31_-1.17011
67.6475_101.851_-1.16322
67.8446_101.391_-1.17011
67.8446_101.391_-1.17011
68.0463_100.935_-1.12197
68.268_100.488_-1.08755
68.5032_100.047_-1.06689
68.7475_99.6116_-1.04623
68.9947_99.1774_-1.06689
68.9947_99.1774_-1.06689
69.2283_98.7373_-1.11503
69.4428_98.2867_-1.14945
69.644_97.8293_-1.17011
69.838_97.3685_-1.177
70.0288_96.9064_-1.18389
70.0288_96.9064_-1.18389
70.2163_96.4429_-1.19078
70.4007_95.9782_-1.19767
70.584_95.5131_-1.19078
70.7684_95.0484_-1.19767
70.9518_94.5832_-1.19078
70.9518_94.5832_-1.19078
71.1422_94.1219_-1.15636
71.3465_93.6659_-1.1357
71.5652_93.2196_-1.07387
71.5652_93.2196_-1.07387
71.8153_92.8018_-0.944646
72.1171_92.4197_-0.81542
72.1171_92.4197_-0.81542
72.4356_92.0514_-0.944646
72.7039_91.6452_-1.07387
72.9177_91.2077_-1.2031
73.0733_90.7464_-1.33232
73.1681_90.2688_-1.46155
73.1681_90.2688_-1.46155
73.2282_89.7734_-1.42713
73.3032_89.2793_-1.40647
73.4031_88.8028_-1.27725
73.5636_88.3431_-1.14802
73.782_87.908_-1.01879
73.782_87.908_-1.01879
74.0313_87.4796_-1.09425
74.2527_87.0333_-1.14239
74.4571_86.5774_-1.16306
74.6521_86.1174_-1.18372
74.8398_85.6539_-1.19061
74.8398_85.6539_-1.19061
75.0067_85.1914_-1.29312
75.1306_84.7115_-1.36858
75.2252_84.2215_-1.403
75.3029_83.7285_-1.43741
75.366_83.2328_-1.45808
75.366_83.2328_-1.45808
75.4412_82.7518_-1.32885
75.5778_82.2844_-1.19962
75.7734_81.8386_-1.0704
76.0249_81.4217_-0.941172
76.3281_81.0406_-0.811946
76.3281_81.0406_-0.811946
76.6478_80.6735_-0.941172
76.9238_80.2664_-1.04369
77.1675_79.8318_-1.09183
77.3924_79.3863_-1.12625
77.6042_78.9337_-1.14691
77.6042_78.9337_-1.14691
77.7993_78.4766_-1.20874
77.9707_78.0079_-1.24315
78.1282_77.5337_-1.26381
78.2759_77.0563_-1.28448
78.416_76.5764_-1.29137
78.416_76.5764_-1.29137
78.5303_76.1031_-1.42059
78.5827_75.6191_-1.54982
78.5723_75.1323_-1.67904
78.4992_74.6509_-1.80827
78.3808_74.2316_-1.92389
78.3808_74.2316_-1.92389
78.2319_73.7681_-1.79467
78.144_73.2892_-1.66544
78.1186_72.8029_-1.53621
78.156_72.3175_-1.40699
78.2557_71.8409_-1.27776
78.2557_71.8409_-1.27776
78.416_71.3812_-1.14854
78.6316_70.9369_-1.05951
78.8836_70.5085_-0.997684
79.159_70.0923_-0.963268
79.4471_69.684_-0.942606
79.4471_69.684_-0.942606
79.7497_69.3025_-0.81338
80.0989_68.9632_-0.684154
80.4628_68.6398_-0.81338
80.782_68.2721_-0.942606
80.797_68.2514_-0.949407
80.797_68.2514_-0.949407
81.097_67.8679_-0.820181
81.4439_67.5262_-0.690955
81.8319_67.2321_-0.561729
81.8319_67.2321_-0.561729
82.236_66.9558_-0.67765
82.6114_66.635_-0.766675
82.9474_66.2826_-0.895901
83.2353_65.8899_-1.02513
83.4701_65.4634_-1.15435
83.4701_65.4634_-1.15435
83.648_65.0102_-1.28358
83.766_64.5378_-1.41281
83.8222_64.0542_-1.54203
83.8155_63.5673_-1.67126
83.8155_63.5673_-1.67126
83.7873_63.0812_-1.54203
83.8219_62.5956_-1.41281
83.9188_62.1184_-1.28358
84.0764_61.6578_-1.15435
84.292_61.2212_-1.02513
84.292_61.2212_-1.02513
84.5269_60.7947_-1.15435
84.734_60.3406_-1.11994
84.9508_59.8901_-1.12683
85.16_59.437_-1.16124
85.2561_59.2272_-1.10003
85.2561_59.2272_-1.10003
85.4774_58.7798_-1.13445
85.6854_58.3255_-1.15511
85.8863_57.8677_-1.162
86.0839_57.4085_-1.16889
86.2785_56.9479_-1.17578
86.2785_56.9479_-1.17578
86.4791_56.4932_-1.11395
86.4791_56.4932_-1.11395
86.7109_56.0594_-1.01143
86.9851_55.6487_-0.922408
87.2625_55.2485_-1.05163
87.4859_54.8159_-1.18086
87.6517_54.3582_-1.31009
87.6517_54.3582_-1.31009
87.7971_53.8935_-1.18086
88.0011_53.4514_-1.05163
88.2603_53.0393_-0.922408
88.5705_52.664_-0.793182
88.9265_52.3318_-0.663956
88.9265_52.3318_-0.663956
89.3224_52.0483_-0.534729
89.7514_51.8182_-0.405503
90.2066_51.6452_-0.276277
90.6802_51.5324_-0.147051
91.1644_51.4815_-0.017825
91.1644_51.4815_-0.017825
91.6512_51.4935_0.111401
92.1323_51.5681_0.240627
92.5998_51.704_0.369853
93.0459_51.8991_0.49908
93.4632_52.15_0.628306
93.4632_52.15_0.628306
93.8689_52.4193_0.49908
94.3084_52.6399_0.396563
94.7707_52.8224_0.334736
95.2439_52.981_0.30032
95.7222_53.1255_0.279658
95.7222_53.1255_0.279658
96.1955_53.24_0.150432
96.6795_53.2925_0.0212056
97.1663_53.2821_-0.108021
97.6532_53.2126_-0.210537
98.1387_53.1007_-0.258679
98.1387_53.1007_-0.258679
98.6142_52.9962_-0.129453
99.0992_52.9539_-0.000227237
99.5857_52.9744_0.128999
100.065_53.0574_0.258225
100.531_53.2016_0.387451
100.531_53.2016_0.387451
100.973_53.4045_0.516677
101.386_53.6628_0.645903
101.762_53.972_0.775129
102.095_54.3272_0.904356
102.379_54.7223_1.03358
102.379_54.7223_1.03358
102.644_55.1416_0.958124
102.937_55.5446_0.909981
103.247_55.9351_0.875565
103.57_56.3165_0.854903
103.901_56.6913_0.834241
103.901_56.6913_0.834241
104.243_57.0378_0.705015
104.627_57.3373_0.575789
105.046_57.5849_0.446563
105.493_57.7764_0.317337
105.964_57.9112_0.201416
105.964_57.9112_0.201416
106.445_57.9883_0.0721899
106.931_58.0028_-0.0570362
107.416_57.9545_-0.186262
107.9_57.8506_-0.261721
108.38_57.714_-0.309863
108.38_57.714_-0.309863
108.849_57.5853_-0.180637
109.331_57.5182_-0.0514104
109.818_57.5138_0.0778157
110.302_57.5722_0.207042
110.779_57.6895_0.309559
110.779_57.6895_0.309559
111.249_57.8181_0.180332
111.731_57.885_0.0511064
111.731_57.885_0.0511064
112.216_57.9305_0.180332
112.691_58.038_0.309559
113.148_58.2059_0.438785
113.579_58.4312_0.568011
113.978_58.7103_0.697237
113.978_58.7103_0.697237
114.338_59.0385_0.826463
114.652_59.4103_0.955689
114.916_59.8194_1.08492
115.162_60.24_0.955689
115.459_60.6254_0.826463
115.459_60.6254_0.826463
115.804_60.9692_0.697237
116.19_61.2657_0.568011
116.611_61.51_0.438785
117.043_61.7354_0.568011
117.442_62.0144_0.697237
117.442_62.0144_0.697237
117.828_62.311_0.568011
118.249_62.5553_0.438785
118.698_62.7433_0.309559
119.168_62.8718_0.180332
119.65_62.9387_0.0511064
119.65_62.9387_0.0511064
120.137_62.943_-0.0781198
120.621_62.8845_-0.207346
121.092_62.7641_-0.336572
121.545_62.584_-0.465798
121.976_62.3484_-0.568315
121.976_62.3484_-0.568315
122.382_62.0698_-0.670832
122.765_61.7529_-0.732658
123.132_61.4149_-0.767075
123.489_61.0656_-0.787737
123.841_60.7104_-0.794626
123.841_60.7104_-0.794626
124.189_60.3515_-0.815288
124.53_59.9867_-0.822177
124.87_59.6197_-0.829066
125.207_59.2503_-0.835955
125.541_58.8786_-0.842844
125.541_58.8786_-0.842844
125.879_58.5144_-0.781018
126.238_58.1671_-0.746601
126.607_57.8303_-0.725939
126.983_57.5012_-0.705278
127.364_57.1779_-0.698389
127.364_57.1779_-0.698389
127.748_56.8574_-0.691499
128.134_56.5394_-0.68461
128.52_56.2224_-0.691499
128.906_55.9044_-0.68461
129.293_55.5874_-0.691499
129.293_55.5874_-0.691499
129.654_55.2613_-0.820725
129.977_54.8903_-0.923242
130.269_54.4878_-0.985069
130.54_54.0688_-1.01949
130.799_53.6414_-1.04015
130.799_53.6414_-1.04015
131.049_53.2087_-1.06081
131.29_52.7709_-1.08147
131.524_52.3291_-1.08836
131.755_51.8857_-1.09525
131.985_51.4417_-1.08836
131.985_51.4417_-1.08836
132.209_50.9967_-1.1365
132.416_50.542_-1.15716
132.613_50.0831_-1.17783
132.804_49.6208_-1.18471
132.991_49.1572_-1.1916
132.991_49.1572_-1.1916
133.152_48.6977_-1.32083
133.252_48.2212_-1.45006
133.331_47.7408_-1.32083
133.472_47.2746_-1.1916
133.52_47.156_-1.1576
133.52_47.156_-1.1576
133.675_46.832_-1.06238
133.675_46.832_-1.06238
133.893_46.397_-1.1916
134.057_45.9357_-1.30752
134.204_45.4714_-1.1783
134.408_45.0266_-1.06238
134.659_44.5975_-1.00055
134.659_44.5975_-1.00055
134.904_44.1769_-1.12978
135.093_43.7282_-1.259
135.223_43.2588_-1.38823
135.291_42.7767_-1.51746
135.297_42.3411_-1.63308
135.297_42.3411_-1.63308
135.252_41.8493_-1.7221
135.167_41.3596_-1.78393
135.079_40.8757_-1.68141
135.032_40.3797_-1.63327
135_39.8808_-1.64016
135_39.8808_-1.64016
134.987_39.3941_-1.51094
135.037_38.9097_-1.38171
135.144_38.4276_-1.29268
135.29_37.9526_-1.23086
135.462_37.484_-1.19644
135.462_37.484_-1.19644
135.659_37.0388_-1.06721
135.912_36.6227_-0.937988
136.216_36.2426_-0.808762
136.567_35.905_-0.679536
136.937_35.6297_-0.557111
136.937_35.6297_-0.557111
137.339_35.355_-0.686337
137.702_35.0308_-0.815564
138.021_34.6624_-0.94479
138.292_34.2551_-1.06071
138.523_33.8167_-1.13617
138.523_33.8167_-1.13617
138.747_33.3842_-1.00694
139.024_32.984_-0.877716
139.351_32.623_-0.74849
139.721_32.3071_-0.619264
140.129_32.0415_-0.490038
140.129_32.0415_-0.490038
140.441_31.8628_-0.585257
140.441_31.8628_-0.585257
140.835_31.5769_-0.714483
141.189_31.2426_-0.84371
141.497_30.8654_-0.972936
141.753_30.4517_-1.10216
141.955_30.0084_-1.23139
141.955_30.0084_-1.23139
142.136_29.5566_-1.10216
142.374_29.1319_-0.972936
142.665_28.7414_-0.84371
143.004_28.3917_-0.714483
143.385_28.0885_-0.585257
143.385_28.0885_-0.585257
143.802_27.837_-0.456031
144.247_27.6413_-0.326805
144.715_27.5047_-0.197579
145.196_27.4294_-0.0683528
145.683_27.4168_0.0608733
145.683_27.4168_0.0608733
146.167_27.467_0.190099
146.641_27.5792_0.319326
147.105_27.7479_0.408351
147.559_27.9531_0.456493
148.004_28.1782_0.49091
148.004_28.1782_0.49091
148.443_28.4168_0.511572
148.879_28.6625_0.518461
149.312_28.9113_0.52535
149.744_29.163_0.532239
150.176_29.4157_0.52535
150.176_29.4157_0.52535
150.608_29.6675_0.532239
151.039_29.9202_0.52535
151.471_30.1719_0.532239
151.901_30.4266_0.539128
152.331_30.6823_0.532239
152.331_30.6823_0.532239
152.762_30.935_0.52535
153.194_31.1868_0.532239
153.624_31.4415_0.539128
154.054_31.6972_0.532239
154.485_31.9499_0.52535
154.485_31.9499_0.52535
154.917_32.2016_0.532239
155.351_32.445_0.470413
155.798_32.6661_0.435996
156.252_32.8762_0.429107
156.252_32.8762_0.429107
