configuration 161.70602417_-18.2518405914_0.169978369946_0.985447793519_193.750076294_109.599342346_0.85380148664_0.520598714377
length 173.207
time 6.49512
roughness 8.00928e-05
161.706_-18.2518_0.341615
162.157_-18.0694_0.470842
162.582_-17.8304_0.600068
162.971_-17.5386_0.729294
163.32_-17.1991_0.85852
163.623_-16.8174_0.987746
163.623_-16.8174_0.987746
163.908_-16.4227_0.85852
164.241_-16.068_0.729294
164.618_-15.7593_0.600068
165.031_-15.5016_0.470842
165.474_-15.2993_0.341615
165.474_-15.2993_0.341615
165.942_-15.1267_0.376032
166.406_-14.94_0.396694
166.865_-14.7438_0.417356
167.322_-14.5401_0.424245
167.777_-14.3333_0.431134
167.777_-14.3333_0.431134
168.222_-14.115_0.506592
168.655_-13.8678_0.541009
169.082_-13.6075_0.561671
169.503_-13.3385_0.582332
169.92_-13.0626_0.589222
169.92_-13.0626_0.589222
170.338_-12.8033_0.486705
170.777_-12.594_0.357479
171.24_-12.4431_0.228253
171.719_-12.3531_0.0990264
171.719_-12.3531_0.0990264
172.201_-12.2845_0.228253
172.678_-12.1586_0.317278
173.149_-11.9957_0.36542
173.613_-11.812_0.399837
174.072_-11.6143_0.420498
174.072_-11.6143_0.420498
174.517_-11.3995_0.509524
174.948_-11.1496_0.557666
175.37_-10.8823_0.578328
175.786_-10.6062_0.59899
176.199_-10.3234_0.605879
176.199_-10.3234_0.605879
176.59_-10.0295_0.7218
176.956_-9.69351_0.783626
177.306_-9.3372_0.818043
177.645_-8.9702_0.838704
177.976_-8.59626_0.859366
177.976_-8.59626_0.859366
178.31_-8.24128_0.73014
178.686_-7.9322_0.600914
179.101_-7.66511_0.511889
179.539_-7.42806_0.463746
179.988_-7.20995_0.42933
179.988_-7.20995_0.42933
180.439_-7.02622_0.300104
180.91_-6.90213_0.170878
181.393_-6.83974_0.0416514
181.88_-6.8401_-0.0875747
182.366_-6.86209_0.0416514
182.366_-6.86209_0.0416514
182.851_-6.82122_0.170878
183.333_-6.72125_0.273394
183.809_-6.57725_0.335221
184.278_-6.40767_0.369637
184.743_-6.22394_0.390299
184.743_-6.22394_0.390299
185.202_-6.02878_0.424716
185.656_-5.81976_0.445378
186.107_-5.60334_0.452267
186.556_-5.38382_0.459156
187.003_-5.16121_0.466045
187.003_-5.16121_0.466045
187.447_-4.96106_0.336819
187.917_-4.81432_0.234302
188.401_-4.71136_0.158844
188.885_-4.65479_0.0296181
189.372_-4.661_-0.099608
189.372_-4.661_-0.099608
189.858_-4.68885_0.0296181
190.344_-4.65382_0.158844
190.821_-4.5565_0.28807
191.281_-4.39851_0.417296
191.718_-4.18249_0.546523
191.718_-4.18249_0.546523
192.122_-3.91205_0.675749
192.489_-3.59168_0.804975
192.811_-3.22674_0.934201
193.084_-2.8233_1.06343
193.302_-2.3881_1.19265
193.302_-2.3881_1.19265
193.463_-1.9284_1.32188
193.562_-1.45186_1.45111
193.6_-0.966421_1.58033
193.579_-0.475083_1.68285
193.513_0.0175921_1.74467
193.513_0.0175921_1.74467
193.415_0.5034_1.82013
193.286_0.985608_1.85455
193.143_1.46432_1.87521
192.99_1.93998_1.89587
192.829_2.41339_1.90276
192.829_2.41339_1.90276
192.67_2.88689_1.8821
192.52_3.36358_1.86144
192.378_3.84291_1.85455
192.239_4.3232_1.84766
192.104_4.80443_1.84077
192.104_4.80443_1.84077
191.965_5.28388_1.87519
191.812_5.75954_1.89585
191.651_6.23295_1.90274
191.487_6.70525_1.90963
191.32_7.1764_1.91652
191.32_7.1764_1.91652
191.174_7.64107_1.78729
191.088_8.12279_1.67137
191.048_8.61823_1.60954
191.034_9.11713_1.57513
191.035_9.6168_1.55447
191.035_9.6168_1.55447
191.023_10.1035_1.68369
190.949_10.5874_1.79961
190.826_11.0691_1.86144
190.678_11.5456_1.89586
190.515_12.018_1.91652
190.515_12.018_1.91652
190.349_12.4892_1.89586
190.19_12.9634_1.88897
190.035_13.4386_1.88208
189.881_13.9142_1.88897
189.726_14.3894_1.88208
189.726_14.3894_1.88208
189.571_14.865_1.88897
189.414_15.3395_1.89586
189.253_15.8129_1.90274
189.089_16.2852_1.90963
188.924_16.7571_1.90274
188.924_16.7571_1.90274
188.76_17.2294_1.90963
188.595_17.7014_1.90274
188.431_18.1736_1.90963
188.266_18.6456_1.90274
188.102_19.1179_1.90963
188.102_19.1179_1.90963
187.96_19.5835_1.78041
187.879_20.0636_1.65118
187.851_20.5584_1.57572
187.854_21.0575_1.54131
187.873_21.5568_1.52065
187.873_21.5568_1.52065
187.887_22.0537_1.58247
187.876_22.5526_1.61689
187.849_23.0516_1.63755
187.812_23.5499_1.65821
187.768_24.0479_1.6651
187.768_24.0479_1.6651
187.701_24.5302_1.79433
187.578_25.0083_1.88335
187.417_25.4799_1.93149
187.237_25.9462_1.95216
187.05_26.4098_1.95905
187.05_26.4098_1.95905
186.856_26.8695_1.99346
186.648_27.3238_2.01412
186.432_27.7749_2.02101
186.214_28.2246_2.0279
185.992_28.6727_2.03479
185.992_28.6727_2.03479
185.776_29.1217_1.98665
185.578_29.5802_1.96599
185.388_30.0427_1.94533
185.207_30.5084_1.93844
185.028_30.9754_1.93155
185.028_30.9754_1.93155
184.847_31.4403_1.96596
184.651_31.9001_1.98663
184.448_32.357_1.99352
184.242_32.8125_2.0004
184.035_33.2675_1.99352
184.035_33.2675_1.99352
183.831_33.7239_1.98663
183.63_34.1817_1.97974
183.43_34.64_1.98663
183.229_35.0978_1.97974
183.029_35.5561_1.98663
183.029_35.5561_1.98663
182.849_36.0111_1.87071
182.714_36.4881_1.79525
182.609_36.9759_1.76083
182.518_37.4672_1.74017
182.434_37.9602_1.73328
182.434_37.9602_1.73328
182.337_38.4399_1.8492
182.19_38.9149_1.91103
182.019_39.3834_1.94544
181.832_39.8471_1.96611
181.639_40.3081_1.97299
181.639_40.3081_1.97299
181.467_40.7638_1.84377
181.351_41.2416_1.74125
181.248_41.7175_1.87048
181.085_42.1762_1.9997
180.864_42.61_2.12893
180.864_42.61_2.12893
180.589_43.0117_2.25816
180.264_43.384_2.34718
179.912_43.7381_2.36784
179.912_43.7381_2.36784
179.578_44.0928_2.23862
179.293_44.4875_2.10939
179.058_44.917_1.99347
178.864_45.3744_1.93164
178.693_45.8433_1.89723
178.693_45.8433_1.89723
178.524_46.3107_1.95905
178.33_46.7705_1.99347
178.121_47.2247_2.01413
177.906_47.6759_2.02102
177.687_48.1255_2.02791
177.687_48.1255_2.02791
177.47_48.5754_2.00725
177.26_49.029_2.00036
177.052_49.484_1.99347
176.848_49.9404_1.98658
176.645_50.3973_1.99347
176.645_50.3973_1.99347
176.451_50.8547_1.93164
176.28_51.3236_1.89723
176.123_51.798_1.87657
175.976_52.2755_1.8559
175.836_52.7556_1.84901
175.836_52.7556_1.84901
175.685_53.2237_1.95153
175.491_53.6812_2.01336
175.272_54.1298_2.04777
175.04_54.5721_2.06844
174.8_55.0108_2.07533
174.8_55.0108_2.07533
174.58_55.448_1.9594
174.401_55.9118_1.89758
174.247_56.3863_1.86316
174.106_56.8657_1.8425
173.973_57.3476_1.83561
173.973_57.3476_1.83561
173.83_57.8203_1.92464
173.648_58.2829_1.98646
173.441_58.7371_2.02088
173.221_59.1855_2.04154
172.993_59.6306_2.04843
172.993_59.6306_2.04843
172.766_60.0759_2.02777
172.549_60.5258_2.00711
172.338_60.9794_2.00022
172.131_61.4345_1.99333
171.922_61.8873_2.02774
171.922_61.8873_2.02774
171.722_62.3345_1.91182
171.566_62.8062_1.85
171.436_63.2872_1.80186
171.325_63.7744_1.78119
171.224_64.2638_1.76053
171.224_64.2638_1.76053
171.115_64.7433_1.86305
170.962_65.2162_1.92487
170.784_65.6824_1.95929
170.591_66.1435_1.97995
170.391_66.6017_1.98684
170.391_66.6017_1.98684
170.186_67.0574_2.0075
169.972_67.5087_2.02817
169.75_67.9567_2.03506
169.551_68.4009_1.90583
169.41_68.8671_1.7766
169.41_68.8671_1.7766
169.291_69.3391_1.90583
169.111_69.7917_2.03506
168.876_70.2238_2.13757
168.601_70.6375_2.1994
168.303_71.0378_2.23382
168.303_71.0378_2.23382
168.02_71.4339_2.10459
167.79_71.8632_1.97536
167.617_72.3185_1.84614
167.505_72.7922_1.71691
167.414_73.2705_1.84614
167.414_73.2705_1.84614
167.266_73.7416_1.93516
167.081_74.2042_1.9833
166.875_74.6591_2.01772
166.654_75.1066_2.05214
166.411_75.5282_2.18136
166.411_75.5282_2.18136
166.382_75.5704_2.16776
166.382_75.5704_2.16776
166.1_75.9832_2.17465
165.815_76.3941_2.18154
165.527_76.8031_2.18843
165.237_77.21_2.19532
164.943_77.6149_2.20221
164.943_77.6149_2.20221
164.673_78.0197_2.07298
164.457_78.4561_1.94375
164.299_78.9166_1.81453
164.201_79.3937_1.6853
164.166_79.8793_1.55608
164.166_79.8793_1.55608
164.194_80.3654_1.42685
164.284_80.8438_1.29762
164.436_81.3067_1.1684
164.645_81.7462_1.03917
164.909_82.1551_0.909946
164.909_82.1551_0.909946
165.224_82.5264_0.78072
165.585_82.8605_0.678203
165.979_83.1644_0.616376
166.389_83.4482_0.58196
166.808_83.72_0.561298
166.808_83.72_0.561298
167.231_83.9871_0.568187
167.652_84.2571_0.575076
168.071_84.5299_0.581966
168.488_84.8057_0.588855
168.903_85.0844_0.595744
168.903_85.0844_0.595744
169.32_85.3548_0.533918
169.752_85.6038_0.499501
170.193_85.8401_0.478839
170.637_86.0694_0.47195
171.083_86.2957_0.465061
171.083_86.2957_0.465061
171.53_86.5189_0.458171
171.979_86.739_0.451282
172.429_86.956_0.444393
172.88_87.172_0.451282
173.331_87.389_0.444393
173.331_87.389_0.444393
173.779_87.5795_0.315167
174.248_87.7107_0.185941
174.73_87.7803_0.0567147
175.216_87.7873_-0.0725114
175.7_87.7315_-0.201738
175.7_87.7315_-0.201738
176.181_87.6542_-0.0725114
176.668_87.6396_0.0567147
177.152_87.6878_0.185941
177.626_87.798_0.315167
178.091_87.9648_0.404192
178.091_87.9648_0.404192
178.53_88.1751_0.533418
178.939_88.4402_0.662645
179.309_88.7557_0.791871
179.649_89.117_0.867329
179.965_89.5021_0.915471
179.965_89.5021_0.915471
180.278_89.8752_0.786245
180.637_90.2113_0.683728
181.028_90.5198_0.635586
181.433_90.8114_0.601169
181.847_91.0912_0.580508
181.847_91.0912_0.580508
182.22_91.3162_0.464884
182.428_91.4155_0.403672
182.547_91.4645_0.369665
182.595_91.4828_0.356062
182.619_91.4917_0.349261
182.619_91.4917_0.349261
183.069_91.6776_0.478487
183.491_91.9199_0.607713
183.891_92.2129_0.683171
184.274_92.5324_0.717588
184.648_92.8635_0.73825
184.648_92.8635_0.73825
185.022_93.1757_0.609024
185.433_93.437_0.479797
185.874_93.6433_0.350571
186.338_93.7909_0.221345
186.817_93.8776_0.0921191
186.817_93.8776_0.0921191
187.299_93.9429_0.221345
187.769_94.0698_0.350571
188.219_94.2563_0.479797
188.641_94.4991_0.609024
189.028_94.7943_0.73825
189.028_94.7943_0.73825
189.402_95.1064_0.609024
189.813_95.3678_0.479797
190.258_95.5855_0.404339
190.719_95.7741_0.356197
191.189_95.9428_0.32178
191.189_95.9428_0.32178
191.508_96.039_0.233363
191.508_96.039_0.233363
191.977_96.1716_0.362589
192.424_96.3634_0.491815
192.424_96.3634_0.491815
192.843_96.6113_0.621041
192.843_96.6113_0.621041
193.227_96.9111_0.750267
193.568_97.2579_0.879493
193.863_97.6458_1.00872
194.104_98.0684_1.13795
194.29_98.5187_1.26717
194.29_98.5187_1.26717
194.431_98.9964_1.31531
194.552_99.4807_1.34973
194.658_99.969_1.37039
194.756_100.459_1.37728
194.851_100.95_1.38417
194.851_100.95_1.38417
194.921_101.432_1.5134
194.935_101.925_1.60242
194.911_102.423_1.65056
194.866_102.92_1.68498
194.806_103.416_1.70564
194.806_103.416_1.70564
194.735_103.911_1.7263
194.656_104.405_1.73319
194.574_104.898_1.74008
194.489_105.39_1.74697
194.403_105.883_1.74008
194.403_105.883_1.74008
194.3_106.359_1.86931
194.138_106.818_1.99853
193.954_107.269_1.86931
193.831_107.74_1.74008
193.787_108.044_1.65847
193.787_108.044_1.65847
193.724_108.527_1.78769
193.606_109.008_1.86315
193.458_109.486_1.88381
193.458_109.486_1.88381
