configuration -14.0353517532_151.94859314_0.0_1.0_147.259887695_176.039077759_0.145212769539_0.989400450557
length 183.858
time 7.14568
roughness 5.74002e-05
-14.0354_151.949_-0
-13.5363_151.954_0.0344166
-13.0371_151.975_0.0550784
-12.5379_152.004_0.0619676
-12.039_152.036_0.0688568
-11.5403_152.071_0.075746
-11.5403_152.071_0.075746
-11.0442_152.117_0.123888
-10.5497_152.184_0.158305
-10.0568_152.266_0.178967
-9.56502_152.357_0.185856
-9.07388_152.45_0.192745
-9.07388_152.45_0.192745
-8.58525_152.533_0.117287
-8.08896_152.586_0.0828702
-7.59073_152.623_0.0622084
-7.09182_152.651_0.0415467
-6.59225_152.671_0.0346575
-6.59225_152.671_0.0346575
-6.09369_152.694_0.0690741
-5.59546_152.732_0.0897359
-5.09812_152.78_0.110398
-4.60133_152.836_0.117287
-4.10494_152.896_0.124176
-4.10494_152.896_0.124176
-3.61968_152.935_-0.00505008
-3.13333_152.912_-0.134276
-2.65402_152.827_-0.263502
-2.17102_152.698_-0.256613
-1.68859_152.568_-0.277275
-1.68859_152.568_-0.277275
-1.22637_152.415_-0.406501
-0.787715_152.203_-0.535727
-0.379948_151.937_-0.664953
0.0155951_151.653_-0.535727
0.193827_151.552_-0.481316
0.193827_151.552_-0.481316
0.61546_151.308_-0.610542
1.00864_151.013_-0.713059
1.39007_150.71_-0.583833
1.80732_150.459_-0.454607
2.25343_150.264_-0.325381
2.25343_150.264_-0.325381
2.64644_150.147_-0.216559
2.64644_150.147_-0.216559
3.12597_150.063_-0.0873325
3.61486_150.039_0.0285883
4.10171_150.032_-0.100638
4.58362_149.963_-0.229864
5.05563_149.833_-0.345785
5.05563_149.833_-0.345785
5.52029_149.687_-0.216559
5.99981_149.603_-0.0873325
6.48621_149.581_0.0418936
6.97879_149.616_0.130919
7.47162_149.689_0.179061
7.47162_149.689_0.179061
7.96268_149.782_0.199723
8.45248_149.882_0.206612
8.94157_149.986_0.213501
9.42994_150.093_0.220391
9.91755_150.203_0.22728
9.91755_150.203_0.22728
10.4025_150.321_0.261696
10.8842_150.454_0.282358
11.3632_150.596_0.30302
11.84_150.747_0.309909
12.3158_150.9_0.316798
12.3158_150.9_0.316798
12.7894_151.04_0.227773
13.2765_151.145_0.179631
13.7685_151.228_0.145214
14.2634_151.297_0.124552
14.7596_151.358_0.117663
14.7596_151.358_0.117663
15.2554_151.42_0.138325
15.7505_151.49_0.145214
16.245_151.564_0.152103
16.739_151.641_0.158993
17.2328_151.719_0.152103
17.2328_151.719_0.152103
17.7207_151.806_0.227561
18.2042_151.926_0.275704
18.684_152.066_0.296365
19.1609_152.215_0.317027
19.6356_152.372_0.323916
19.6356_152.372_0.323916
20.1068_152.512_0.2214
20.5939_152.612_0.159573
21.0875_152.685_0.125156
21.5837_152.747_0.118267
22.0803_152.804_0.111378
22.0803_152.804_0.111378
22.5772_152.856_0.0907162
23.0752_152.901_0.083827
23.5736_152.941_0.0769378
24.0721_152.979_0.0700486
24.5708_153.015_0.0769378
24.5708_153.015_0.0769378
25.0687_153.057_0.0975995
25.5656_153.109_0.118261
26.062_153.169_0.125151
26.5579_153.232_0.13204
27.0533_153.299_0.138929
27.0533_153.299_0.138929
27.5352_153.386_0.25485
28.0115_153.522_0.330308
28.4817_153.69_0.364725
28.9473_153.871_0.385386
29.4101_154.06_0.392275
29.4101_154.06_0.392275
29.8735_154.243_0.344133
30.345_154.409_0.323472
30.8198_154.564_0.30281
31.2974_154.712_0.295921
31.776_154.857_0.289031
31.776_154.857_0.289031
32.2532_154.984_0.200006
32.7423_155.072_0.138179
33.2374_155.135_0.103763
33.7348_155.186_0.0968736
34.2325_155.233_0.0899844
34.2325_155.233_0.0899844
34.729_155.284_0.124401
35.2244_155.349_0.145063
35.7189_155.423_0.151952
36.213_155.499_0.158841
36.7064_155.58_0.16573
36.7064_155.58_0.16573
37.1828_155.68_0.294957
37.6423_155.841_0.424183
38.0771_156.06_0.553409
38.4801_156.334_0.682635
38.854_156.656_0.77166
38.854_156.656_0.77166
39.217_156.981_0.642434
39.6188_157.256_0.513208
40.0565_157.488_0.43775
40.511_157.694_0.403333
40.9719_157.887_0.382672
40.9719_157.887_0.382672
41.4154_158.088_0.511898
41.8294_158.344_0.641124
42.2069_158.652_0.77035
42.5417_159.006_0.899576
42.6357_159.127_0.940384
42.6357_159.127_0.940384
42.9392_159.508_0.811158
43.2891_159.847_0.681932
43.6812_160.143_0.579415
44.1026_160.407_0.517589
44.5391_160.649_0.483172
44.5391_160.649_0.483172
44.9603_160.893_0.612398
45.3529_161.189_0.714915
45.7338_161.493_0.585689
46.1506_161.744_0.456463
46.5963_161.94_0.327237
46.5963_161.94_0.327237
47.0564_162.114_0.429753
47.5039_162.33_0.49158
47.9412_162.571_0.525997
48.3716_162.825_0.546658
48.7966_163.087_0.56732
48.7966_163.087_0.56732
49.218_163.332_0.438094
49.6672_163.519_0.308868
50.143_163.658_0.23341
50.6295_163.765_0.185268
51.1212_163.854_0.164606
51.1212_163.854_0.164606
51.6058_163.949_0.253631
52.086_164.082_0.301773
52.5608_164.236_0.33619
53.03_164.406_0.370607
53.4945_164.59_0.391268
53.4945_164.59_0.391268
53.9577_164.777_0.370607
54.4241_164.957_0.363717
54.8918_165.134_0.356828
55.3607_165.308_0.349939
55.8307_165.478_0.34305
55.8307_165.478_0.34305
56.288_165.659_0.445567
56.732_165.882_0.507393
57.1654_166.13_0.54181
57.5917_166.391_0.562471
58.0141_166.658_0.569361
58.0141_166.658_0.569361
58.4349_166.903_0.440135
58.8838_167.092_0.310908
59.3582_167.229_0.221883
59.8459_167.331_0.173741
60.3384_167.411_0.139324
60.3384_167.411_0.139324
60.8173_167.499_0.26855
61.2808_167.648_0.397776
61.7213_167.856_0.527003
61.983_168.017_0.608619
62.0458_168.062_0.629023
62.0458_168.062_0.629023
62.427_168.365_0.758249
62.766_168.714_0.887475
63.0571_169.104_1.0167
63.2955_169.529_1.14593
63.5148_169.964_1.0167
63.5148_169.964_1.0167
63.7676_170.392_1.07853
63.996_170.834_1.12667
64.2173_171.281_1.07853
64.4565_171.72_1.05787
64.6987_172.157_1.07853
64.6987_172.157_1.07853
64.9468_172.576_0.949302
65.2468_172.959_0.820076
65.5937_173.301_0.69085
65.9818_173.595_0.561624
66.4045_173.836_0.432398
66.4045_173.836_0.432398
66.8548_174.021_0.303171
67.3252_174.147_0.173945
67.8139_174.218_0.0849199
68.3109_174.252_0.0367777
68.8104_174.267_0.016116
68.8104_174.267_0.016116
69.3103_174.276_0.0230052
69.8101_174.287_0.016116
70.31_174.296_0.0230052
70.8099_174.306_0.016116
71.3097_174.316_0.0230052
71.3097_174.316_0.0230052
71.7965_174.306_-0.106221
72.2781_174.234_-0.235447
72.7463_174.101_-0.364673
73.1934_173.908_-0.493899
73.6119_173.659_-0.623125
73.6119_173.659_-0.623125
74.019_173.392_-0.493899
74.4571_173.179_-0.364673
74.9042_172.987_-0.493899
75.3227_172.738_-0.623125
75.6273_172.503_-0.725146
75.6273_172.503_-0.725146
75.9777_172.165_-0.854372
76.2815_171.785_-0.983598
76.5682_171.391_-0.854372
76.9032_171.038_-0.725146
77.281_170.731_-0.59592
77.281_170.731_-0.59592
77.6814_170.442_-0.684945
78.0621_170.12_-0.733087
78.4291_169.782_-0.767504
78.7863_169.433_-0.788166
79.1362_169.076_-0.808828
79.1362_169.076_-0.808828
79.4692_168.709_-0.884286
79.7811_168.319_-0.918702
80.0816_167.92_-0.939364
80.3738_167.515_-0.960026
80.6596_167.104_-0.966915
80.6596_167.104_-0.966915
80.9188_166.692_-1.09614
81.0521_166.415_-1.17776
81.0521_166.415_-1.17776
81.2193_165.958_-1.30698
81.3262_165.483_-1.43621
81.3711_164.998_-1.56544
81.3711_164.998_-1.56544
81.3943_164.512_-1.43621
81.48_164.032_-1.30698
81.6268_163.568_-1.17776
81.8322_163.127_-1.04853
82.0569_162.695_-1.17776
82.0569_162.695_-1.17776
82.2451_162.232_-1.19842
82.4237_161.765_-1.21908
82.6107_161.316_-1.08986
82.854_160.894_-0.960629
83.1497_160.507_-0.831403
83.1497_160.507_-0.831403
83.4932_160.155_-0.728886
83.8706_159.832_-0.66706
84.2662_159.527_-0.632643
84.6721_159.237_-0.598226
85.0869_158.958_-0.577565
85.0869_158.958_-0.577565
85.5086_158.693_-0.529422
85.9244_158.431_-0.631939
86.3217_158.13_-0.680081
86.7123_157.818_-0.65942
86.7123_157.818_-0.65942
87.1068_157.511_-0.666309
87.4991_157.201_-0.673198
87.8893_156.889_-0.680087
88.2773_156.573_-0.686976
88.6645_156.257_-0.680087
88.6645_156.257_-0.680087
89.0445_155.937_-0.741914
89.4085_155.595_-0.77633
89.7606_155.241_-0.810747
90.1059_154.88_-0.803858
90.4536_154.521_-0.796969
90.4536_154.521_-0.796969
90.8084_154.187_-0.667742
91.2031_153.902_-0.538516
91.6313_153.67_-0.40929
92.0858_153.496_-0.280064
92.559_153.381_-0.150838
92.559_153.381_-0.150838
93.043_153.328_-0.0216119
93.5298_153.339_0.107614
94.0112_153.411_0.23684
94.4899_153.54_0.312299
94.9631_153.698_0.346715
94.9631_153.698_0.346715
95.4197_153.881_0.449232
95.8629_154.106_0.511058
96.2954_154.355_0.545475
96.7207_154.617_0.566137
97.1406_154.888_0.586799
97.1406_154.888_0.586799
97.5342_155.175_0.716025
97.8971_155.51_0.80505
98.2341_155.875_0.866877
98.5528_156.259_0.901293
98.858_156.654_0.93571
98.858_156.654_0.93571
99.1632_157.033_0.806484
99.5147_157.37_0.677258
99.9068_157.659_0.548032
100.336_157.907_0.472573
100.783_158.126_0.424431
100.783_158.126_0.424431
101.24_158.326_0.390015
101.704_158.513_0.369353
102.17_158.693_0.362464
102.638_158.869_0.355574
103.107_159.042_0.348685
103.107_159.042_0.348685
103.577_159.214_0.355574
104.045_159.389_0.362464
104.512_159.567_0.369353
104.979_159.747_0.362464
105.446_159.925_0.369353
105.446_159.925_0.369353
105.912_160.107_0.376242
106.377_160.289_0.369353
106.843_160.471_0.376242
107.309_160.653_0.369353
107.774_160.835_0.376242
107.774_160.835_0.376242
108.24_161.018_0.369353
108.706_161.197_0.362464
109.174_161.375_0.369353
109.64_161.555_0.362464
110.107_161.733_0.369353
110.107_161.733_0.369353
110.575_161.908_0.334936
111.047_162.071_0.328047
111.521_162.231_0.321158
111.996_162.388_0.314269
112.472_162.541_0.307379
112.472_162.541_0.307379
112.945_162.698_0.341796
113.415_162.869_0.362458
113.882_163.047_0.369347
114.348_163.228_0.376236
114.813_163.411_0.369347
114.813_163.411_0.369347
115.279_163.593_0.376236
115.744_163.777_0.383125
116.207_163.965_0.390015
116.669_164.157_0.396904
117.131_164.349_0.390015
117.131_164.349_0.390015
117.593_164.538_0.383125
118.058_164.724_0.376236
118.523_164.906_0.369347
118.989_165.088_0.376236
119.454_165.27_0.369347
119.454_165.27_0.369347
119.919_165.454_0.390009
120.381_165.645_0.396898
120.842_165.839_0.403787
121.301_166.037_0.410676
121.759_166.238_0.417566
121.759_166.238_0.417566
122.217_166.437_0.396904
122.679_166.627_0.376242
123.144_166.81_0.369353
123.611_166.989_0.362464
124.078_167.167_0.369353
124.078_167.167_0.369353
124.545_167.347_0.362464
125.012_167.525_0.369353
125.479_167.705_0.362464
125.947_167.881_0.355574
126.415_168.056_0.362464
126.415_168.056_0.362464
126.883_168.23_0.341802
127.355_168.394_0.32114
127.83_168.551_0.314251
128.306_168.704_0.307362
128.783_168.855_0.300473
128.783_168.855_0.300473
129.258_169.008_0.334889
129.728_169.175_0.355551
130.197_169.35_0.36244
130.664_169.529_0.369329
131.13_169.71_0.376219
131.13_169.71_0.376219
131.595_169.893_0.369329
132.061_170.074_0.376219
132.526_170.257_0.369329
132.992_170.439_0.376219
133.457_170.621_0.369329
133.457_170.621_0.369329
133.919_170.808_0.417472
134.375_171.014_0.438133
134.826_171.229_0.458795
135.273_171.452_0.465684
135.719_171.677_0.472573
135.719_171.677_0.472573
136.167_171.897_0.424431
136.624_172.097_0.390015
137.087_172.284_0.369353
137.554_172.463_0.362464
138.022_172.64_0.355574
138.022_172.64_0.355574
138.491_172.813_0.348685
138.96_172.984_0.355574
139.429_173.157_0.348685
139.899_173.329_0.355574
140.368_173.502_0.348685
140.368_173.502_0.348685
140.837_173.674_0.355574
141.307_173.847_0.348685
141.776_174.019_0.355574
142.245_174.192_0.348685
142.715_174.364_0.355574
142.715_174.364_0.355574
143.184_174.537_0.348685
143.653_174.709_0.355574
144.122_174.882_0.348685
144.592_175.054_0.355574
145.061_175.227_0.348685
145.061_175.227_0.348685
145.53_175.399_0.355574
146_175.569_0.334913
146.473_175.73_0.314251
146.948_175.886_0.32114
146.948_175.886_0.32114
