configuration -14.0353517532_151.94859314_0.0_1.0_147.259887695_176.039077759_0.145212769539_0.989400450557
length 184.085
time 12.5038
roughness 6.67428e-05
-14.0354_151.949_-0
-13.5384_151.938_-0.0618265
-13.0417_151.9_-0.109969
-12.5455_151.841_-0.13063
-12.0499_151.775_-0.13752
-11.5548_151.705_-0.144409
-11.5548_151.705_-0.144409
-11.0681_151.654_-0.0284881
-10.5711_151.65_0.0333385
-10.0725_151.672_0.0677551
-9.57421_151.709_0.0884169
-9.07681_151.757_0.109079
-9.07681_151.757_0.109079
-8.57969_151.81_0.102189
-8.08246_151.862_0.109079
-7.58534_151.915_0.102189
-7.08811_151.968_0.109079
-6.59099_152.021_0.102189
-6.59099_152.021_0.102189
-6.09375_152.073_0.109079
-5.59689_152.129_0.115968
-5.10015_152.185_0.109079
-4.60328_152.241_0.115968
-4.10655_152.298_0.109079
-4.10655_152.298_0.109079
-3.62074_152.33_-0.0201475
-3.1348_152.3_-0.149374
-2.65684_152.207_-0.2786
-2.19481_152.053_-0.407826
-1.75644_151.841_-0.537052
-1.75644_151.841_-0.537052
-1.32662_151.607_-0.421131
-1.32662_151.607_-0.421131
-1.11796_151.509_-0.482344
-1.11796_151.509_-0.482344
-0.677431_151.301_-0.353117
-0.213857_151.152_-0.223891
0.265036_151.064_-0.0946652
0.751261_151.039_0.0345609
1.23671_151.076_0.163787
1.23671_151.076_0.163787
1.72002_151.135_0.0345609
2.20689_151.132_-0.0946652
2.68922_151.065_-0.223891
3.15895_150.937_-0.353117
3.15895_150.937_-0.353117
3.60825_150.749_-0.482344
4.04878_150.542_-0.353117
4.51235_150.393_-0.223891
4.99124_150.305_-0.0946652
5.14459_150.293_-0.0538569
5.14459_150.293_-0.0538569
5.63145_150.287_0.0753692
5.63145_150.287_0.0753692
6.12943_150.328_0.0960309
6.62698_150.377_0.10292
7.12418_150.43_0.109809
7.621_150.486_0.116699
8.11743_150.545_0.123588
8.11743_150.545_0.123588
8.60931_150.616_0.185414
9.09745_150.716_0.233556
9.58274_150.835_0.254218
10.0663_150.962_0.261107
10.5491_151.092_0.267997
10.5491_151.092_0.267997
11.03_151.228_0.288658
11.5089_151.371_0.295548
11.9869_151.518_0.302437
12.4638_151.668_0.309326
12.9404_151.819_0.302437
12.9404_151.819_0.302437
13.4159_151.952_0.213411
13.9045_152.05_0.165269
14.3979_152.129_0.144607
14.8928_152.197_0.123946
15.3891_152.258_0.117057
15.3891_152.258_0.117057
15.8797_152.328_0.192515
16.3671_152.431_0.240657
16.8504_152.556_0.275073
17.3313_152.693_0.281963
17.8112_152.833_0.288852
17.8112_152.833_0.288852
18.2909_152.967_0.24071
18.777_153.081_0.206293
19.2667_153.18_0.185631
19.7583_153.271_0.178742
20.2505_153.358_0.171853
20.2505_153.358_0.171853
20.7333_153.421_0.0426268
21.2202_153.421_-0.0865993
21.7031_153.359_-0.215825
22.1738_153.234_-0.345052
22.6246_153.05_-0.474278
22.6246_153.05_-0.474278
23.0668_152.847_-0.345052
23.5316_152.702_-0.215825
24.0111_152.618_-0.0865993
24.5001_152.594_0.0293215
24.9949_152.621_0.10478
24.9949_152.621_0.10478
25.4906_152.679_0.139196
25.985_152.751_0.159858
26.4784_152.832_0.166747
26.9712_152.916_0.173636
27.4634_153.004_0.180526
27.4634_153.004_0.180526
27.9556_153.09_0.159864
28.4494_153.166_0.139202
28.9447_153.234_0.132313
29.4405_153.299_0.125424
29.9366_153.361_0.118535
29.9366_153.361_0.118535
30.4332_153.419_0.111645
30.9302_153.473_0.104756
31.4276_153.524_0.0978669
31.925_153.574_0.104756
32.4224_153.625_0.0978669
32.4224_153.625_0.0978669
32.9173_153.682_0.146009
33.4112_153.758_0.166671
33.904_153.842_0.17356
34.3963_153.93_0.180449
34.8879_154.021_0.187338
34.8879_154.021_0.187338
35.362_154.131_0.316565
35.8179_154.302_0.445791
36.2479_154.531_0.575017
36.6513_154.812_0.677534
37.0321_155.132_0.73936
37.0321_155.132_0.73936
37.3948_155.473_0.787502
37.7429_155.831_0.821919
38.0805_156.199_0.842581
38.4124_156.573_0.84947
38.7417_156.949_0.856359
38.7417_156.949_0.856359
39.076_157.303_0.727133
39.4532_157.611_0.597907
39.8668_157.868_0.468681
40.3102_158.069_0.339455
40.7814_158.223_0.263996
40.7814_158.223_0.263996
41.2457_158.369_0.393223
41.6871_158.575_0.522449
42.0983_158.835_0.651675
42.4726_159.147_0.780901
42.8036_159.504_0.910127
42.8036_159.504_0.910127
43.1184_159.875_0.780901
43.4784_160.203_0.651675
43.8777_160.482_0.522449
44.3096_160.707_0.393223
44.7685_160.877_0.277302
44.7685_160.877_0.277302
45.2338_161.029_0.393223
45.6867_161.23_0.468681
46.1275_161.462_0.516823
46.5586_161.714_0.551239
46.9824_161.978_0.571901
46.9824_161.978_0.571901
47.4056_162.241_0.523759
47.84_162.488_0.503097
48.2786_162.728_0.496208
48.7188_162.965_0.489319
49.1606_163.199_0.48243
49.1606_163.199_0.48243
49.6046_163.415_0.393404
50.0675_163.596_0.331578
50.5413_163.753_0.297161
51.02_163.896_0.276499
51.5013_164.032_0.26961
51.5013_164.032_0.26961
51.9647_164.181_0.398836
52.4139_164.386_0.487862
52.8502_164.627_0.536004
53.2764_164.887_0.57042
53.695_165.159_0.591082
53.695_165.159_0.591082
54.1105_165.413_0.461856
54.5599_165.626_0.40003
55.0216_165.81_0.338203
55.4941_165.968_0.290061
55.7139_166.038_0.351273
55.7139_166.038_0.351273
56.1635_166.225_0.480499
56.6016_166.462_0.528642
56.6016_166.462_0.528642
57.032_166.69_0.399415
57.4913_166.865_0.296899
57.9505_167.027_0.426125
58.3849_167.247_0.555351
58.7874_167.521_0.684577
58.7874_167.521_0.684577
59.1772_167.813_0.555351
59.6015_168.052_0.426125
60.053_168.234_0.296899
60.5242_168.357_0.167673
61.0133_168.425_0.0786471
61.0133_168.425_0.0786471
61.5079_168.474_0.140474
61.9866_168.563_0.2697
62.456_168.71_0.372217
62.9171_168.898_0.420359
62.9171_168.898_0.420359
63.3528_169.115_0.549585
63.7568_169.387_0.678811
64.1395_169.706_0.726953
64.5086_170.042_0.76137
64.8637_170.392_0.809512
64.8637_170.392_0.809512
65.2142_170.729_0.680286
65.6054_171.019_0.55106
66.0306_171.257_0.421833
66.4829_171.437_0.292607
66.9546_171.557_0.163381
66.9546_171.557_0.163381
67.4423_171.621_0.0608644
67.9389_171.641_-0.000962091
68.438_171.635_-0.0353787
68.9376_171.616_-0.0422679
69.437_171.594_-0.0491572
69.437_171.594_-0.0491572
69.9239_171.59_0.080069
70.4072_171.65_0.209295
70.8787_171.771_0.338521
71.3307_171.952_0.467747
71.7742_172.153_0.338521
71.7742_172.153_0.338521
72.2294_172.333_0.454442
72.6714_172.56_0.516269
73.1042_172.81_0.53693
73.4197_173_0.552155
73.4197_173_0.552155
73.8446_173.238_0.422929
74.2967_173.418_0.293702
74.7703_173.542_0.177782
75.2612_173.62_0.115955
75.7576_173.672_0.0815385
75.7576_173.672_0.0815385
76.2558_173.709_0.0608768
76.7549_173.739_0.0539876
77.2542_173.764_0.0470983
77.7537_173.787_0.0402091
78.2533_173.806_0.0333199
78.2533_173.806_0.0333199
78.7402_173.801_-0.0959062
79.2224_173.734_-0.225132
79.692_173.606_-0.354358
80.1411_173.417_-0.483585
80.5621_173.173_-0.612811
80.5621_173.173_-0.612811
80.9482_172.876_-0.742037
81.2928_172.532_-0.871263
81.5995_172.145_-0.960288
81.8786_171.733_-1.00843
82.1398_171.307_-1.04285
82.1398_171.307_-1.04285
82.367_170.877_-1.17207
82.548_170.415_-1.24753
82.6986_169.94_-1.29567
82.8287_169.459_-1.33009
82.9445_168.973_-1.35075
82.9445_168.973_-1.35075
83.0305_168.493_-1.47998
83.0541_168.007_-1.6092
83.0148_167.522_-1.73843
82.9133_167.045_-1.86766
82.7513_166.586_-1.99688
82.7513_166.586_-1.99688
82.569_166.135_-1.86766
82.4464_165.664_-1.73843
82.3856_165.181_-1.6092
82.3875_164.694_-1.47998
82.4522_164.211_-1.35075
82.4522_164.211_-1.35075
82.5667_163.725_-1.31634
82.6958_163.243_-1.29567
82.8349_162.763_-1.27501
82.9817_162.285_-1.26812
83.1464_161.827_-1.1389
83.1464_161.827_-1.1389
83.3688_161.393_-1.00967
83.6438_160.983_-0.920645
83.9527_160.594_-0.858818
84.2831_160.22_-0.824402
84.6248_159.855_-0.80374
84.6248_159.855_-0.80374
84.9773_159.519_-0.674514
85.3716_159.225_-0.571997
85.7939_158.973_-0.46948
85.7939_158.973_-0.46948
86.2184_158.735_-0.598706
86.6086_158.444_-0.727933
86.958_158.105_-0.857159
87.2608_157.723_-0.986385
87.4494_157.418_-1.0816
87.4494_157.418_-1.0816
87.6962_156.998_-0.952378
87.995_156.614_-0.823152
88.3409_156.271_-0.693926
88.728_155.976_-0.5647
89.15_155.733_-0.435473
89.15_155.733_-0.435473
89.5998_155.547_-0.306247
90.0698_155.42_-0.177021
90.5523_155.354_-0.0477951
91.0418_155.35_0.0681257
91.5368_155.394_0.129952
91.5368_155.394_0.129952
92.0265_155.47_0.20541
92.5125_155.579_0.253553
92.9942_155.71_0.287969
93.4732_155.853_0.294858
93.9513_156_0.301748
93.9513_156_0.301748
94.4273_156.151_0.322409
94.9002_156.313_0.343071
95.3706_156.482_0.34996
95.8399_156.655_0.35685
96.3079_156.83_0.363739
96.3079_156.83_0.363739
96.7748_157.009_0.370628
97.2404_157.192_0.377517
97.7047_157.377_0.384406
98.1686_157.563_0.377517
98.633_157.749_0.384406
98.633_157.749_0.384406
99.0969_157.935_0.377517
99.562_158.118_0.370628
100.028_158.298_0.363739
100.496_158.475_0.35685
100.964_158.651_0.363739
100.964_158.651_0.363739
101.431_158.83_0.370628
101.897_159.012_0.377517
102.362_159.195_0.370628
102.827_159.377_0.377517
103.293_159.561_0.370628
103.293_159.561_0.370628
103.758_159.743_0.377517
104.223_159.928_0.384406
104.686_160.117_0.391296
105.147_160.308_0.398185
105.608_160.503_0.405074
105.608_160.503_0.405074
106.069_160.692_0.356932
106.538_160.864_0.33627
107.01_161.028_0.329381
107.484_161.188_0.322492
107.958_161.346_0.315603
107.958_161.346_0.315603
108.434_161.5_0.308713
108.911_161.65_0.301824
109.388_161.798_0.294935
109.866_161.944_0.301824
110.344_162.092_0.294935
110.344_162.092_0.294935
110.818_162.244_0.343077
111.287_162.418_0.377494
111.75_162.605_0.398155
112.21_162.8_0.405045
112.669_162.998_0.411934
112.669_162.998_0.411934
113.128_163.195_0.391272
113.592_163.382_0.37061
114.058_163.562_0.363721
114.526_163.739_0.356832
114.994_163.915_0.363721
114.994_163.915_0.363721
115.461_164.092_0.356832
115.93_164.267_0.363721
116.397_164.444_0.356832
116.865_164.62_0.363721
117.333_164.797_0.356832
117.333_164.797_0.356832
117.801_164.972_0.363721
118.269_165.149_0.356832
118.737_165.325_0.363721
119.204_165.502_0.356832
119.672_165.677_0.363721
119.672_165.677_0.363721
120.133_165.864_0.425548
120.585_166.075_0.459964
121.032_166.3_0.480626
121.474_166.532_0.487515
121.916_166.767_0.494404
121.916_166.767_0.494404
122.358_166.991_0.418946
122.816_167.189_0.38453
123.28_167.373_0.363868
123.748_167.548_0.343206
124.22_167.715_0.336317
124.22_167.715_0.336317
124.69_167.883_0.356979
125.157_168.061_0.37764
125.621_168.246_0.38453
126.084_168.435_0.391419
126.546_168.627_0.398308
126.546_168.627_0.398308
127.008_168.815_0.363891
127.476_168.99_0.34323
127.948_169.155_0.322568
128.423_169.312_0.315679
128.898_169.466_0.30879
128.898_169.466_0.30879
129.373_169.621_0.329451
129.846_169.784_0.33634
130.318_169.95_0.34323
130.788_170.12_0.350119
131.258_170.29_0.34323
131.258_170.29_0.34323
131.72_170.468_0.418688
132.17_170.68_0.480514
132.61_170.916_0.514931
133.043_171.165_0.535593
133.471_171.423_0.556255
133.471_171.423_0.556255
133.897_171.668_0.453738
134.349_171.877_0.391911
134.812_172.062_0.357495
135.281_172.234_0.336833
135.753_172.398_0.329944
135.753_172.398_0.329944
136.226_172.561_0.336833
136.698_172.727_0.343722
137.168_172.897_0.350611
137.618_173.083_0.479837
138.04_173.326_0.609063
138.04_173.326_0.609063
138.45_173.587_0.479837
138.892_173.794_0.350611
139.355_173.941_0.221385
139.84_174.036_0.13236
140.334_174.091_0.0705332
140.334_174.091_0.0705332
140.826_174.14_0.159559
141.315_174.229_0.221385
141.8_174.344_0.255802
142.283_174.474_0.276464
142.763_174.612_0.283353
142.763_174.612_0.283353
143.243_174.753_0.290242
143.722_174.897_0.297131
144.199_175.044_0.30402
144.676_175.195_0.31091
145.152_175.349_0.317799
145.152_175.349_0.317799
145.627_175.504_0.31091
146.103_175.656_0.30402
146.581_175.805_0.297131
147.059_175.952_0.30402
147.059_175.952_0.30402
