configuration -14.0353517532_151.94859314_0.0_1.0_147.259887695_176.039077759_0.145212769539_0.989400450557
length 186.924
time 4.58408
roughness 6.40806e-05
-14.0354_151.949_-0
-13.5372_151.957_0.0481421
-13.0383_151.984_0.0688039
-12.5401_152.022_0.0894656
-12.0422_152.068_0.0963549
-11.5447_152.117_0.103244
-11.0532_152.18_0.178702
-10.5631_152.275_0.213119
-10.0754_152.384_0.233781
-9.58935_152.501_0.24067
-9.10407_152.621_0.247559
-8.61916_152.735_0.199417
-8.12886_152.828_0.165
-7.63542_152.907_0.144339
-7.1405_152.978_0.137449
-6.64509_153.045_0.13056
-6.16009_153.088_0.00133397
-5.67361_153.068_-0.127892
-5.19377_152.986_-0.257118
-4.72855_152.842_-0.386344
-4.40051_152.696_-0.481564
-3.95982_152.489_-0.352338
-3.49613_152.341_-0.223111
-3.01499_152.251_-0.107191
-2.51982_152.208_-0.0453641
-2.02102_152.191_-0.0109474
-1.53483_152.165_-0.140174
-1.05603_152.077_-0.2694
-0.592612_151.927_-0.398626
-0.152308_151.719_-0.527852
0.257541_151.457_-0.657078
0.65106_151.149_-0.67774
1.03813_150.833_-0.698402
1.42475_150.532_-0.582481
1.84535_150.268_-0.520654
2.27849_150.018_-0.527543
2.7092_149.791_-0.398317
3.16557_149.621_-0.269091
3.64001_149.512_-0.139865
4.12458_149.464_-0.0106389
4.61123_149.48_0.118587
5.09182_149.558_0.247813
5.56848_149.657_0.118587
6.06506_149.715_0.111698
6.56204_149.77_0.104809
7.05938_149.821_0.0979195
7.55683_149.871_0.104809
8.05417_149.922_0.0979195
8.54915_149.979_0.146062
9.04205_150.057_0.180478
9.53369_150.148_0.187368
10.0247_150.242_0.194257
10.515_150.34_0.201146
11.004_150.429_0.139319
11.499_150.493_0.104903
11.9963_150.542_0.084241
12.4944_150.58_0.0635793
12.9935_150.611_0.0566901
13.489_150.649_0.118517
13.9839_150.714_0.152933
14.4772_150.793_0.173595
14.9694_150.881_0.180484
15.4611_150.972_0.187373
15.9433_151.078_0.276399
16.4186_151.223_0.338225
16.8875_151.394_0.372642
17.3516_151.58_0.393304
17.813_151.772_0.400193
18.273_151.968_0.407082
18.7316_152.167_0.413971
19.1889_152.369_0.420861
19.6457_152.572_0.413971
20.103_152.775_0.420861
20.5554_152.955_0.291635
21.0293_153.077_0.175714
21.5203_153.154_0.113887
22.0168_153.205_0.0794705
22.5151_153.241_0.0588088
23.002_153.249_-0.0704173
23.4953_153.202_-0.145875
23.9855_153.12_-0.207702
24.4726_153.011_-0.242119
24.9557_152.886_-0.276535
25.4293_152.773_-0.147309
25.918_152.717_-0.0447924
26.4149_152.705_0.0170341
26.9137_152.72_0.0514508
27.4126_152.749_0.0721125
27.9088_152.793_0.120255
28.4036_152.858_0.154671
28.8968_152.939_0.175333
29.3889_153.027_0.182222
29.8803_153.119_0.189111
30.3712_153.214_0.196001
30.8618_153.31_0.189111
31.3526_153.405_0.196001
31.8432_153.501_0.189111
32.3341_153.596_0.196001
32.8072_153.711_0.325227
33.2615_153.886_0.454453
33.6987_154.116_0.543478
34.1209_154.381_0.59162
34.532_154.664_0.626037
34.9382_154.932_0.496811
35.3757_155.146_0.367585
35.8416_155.309_0.278559
36.3227_155.439_0.230417
36.8099_155.547_0.196001
37.283_155.662_0.325227
37.7374_155.837_0.454453
38.1654_156.069_0.583679
38.5599_156.355_0.712905
38.9144_156.688_0.842131
39.223_157.065_0.971357
39.4804_157.478_1.10058
39.6824_157.921_1.22981
39.8256_158.387_1.35904
39.948_158.858_1.22981
40.1221_159.325_1.18167
40.3167_159.784_1.14725
40.5355_160.219_1.01802
40.8085_160.622_0.888799
41.1311_160.987_0.759572
41.4969_161.327_0.725156
41.8732_161.655_0.704494
42.2561_161.976_0.683832
42.6444_162.291_0.676943
43.0348_162.604_0.670054
43.4304_162.896_0.567537
43.8549_163.154_0.505711
44.2942_163.391_0.471294
44.7402_163.617_0.464405
45.1878_163.84_0.457516
45.6333_164.036_0.328289
46.1052_164.182_0.239264
46.5911_164.292_0.191122
47.0821_164.381_0.156705
47.5762_164.456_0.136043
48.0714_164.518_0.101627
48.5688_164.565_0.0809651
49.0673_164.604_0.0740759
49.5659_164.64_0.0671867
50.0648_164.673_0.0602974
50.5634_164.706_0.0809592
51.0616_164.748_0.0878484
51.5596_164.793_0.0947376
52.0574_164.839_0.0878484
52.5553_164.884_0.0947376
53.0376_164.95_0.223964
53.5074_165.079_0.35319
53.9566_165.266_0.482416
54.378_165.51_0.611642
54.7644_165.806_0.740868
55.1384_166.132_0.66541
55.5352_166.433_0.617268
55.9454_166.717_0.582851
56.3645_166.989_0.56219
56.7881_167.255_0.5553
57.2123_167.494_0.426074
57.6638_167.676_0.296848
58.135_167.799_0.167622
58.6242_167.867_0.0785965
59.1214_167.898_0.0304544
59.6211_167.914_0.0373436
60.1207_167.934_0.0442328
60.6201_167.957_0.051122
61.1193_167.984_0.0580112
61.6184_168.014_0.0649005
62.1025_168.066_0.194127
62.5758_168.18_0.323353
63.0366_168.352_0.425869
63.4849_168.567_0.487696
63.9231_168.806_0.522113
64.3463_169.063_0.597571
64.7537_169.35_0.645713
65.1488_169.655_0.68013
65.5351_169.972_0.700791
65.9165_170.295_0.707681
66.2996_170.596_0.578454
66.7182_170.845_0.449228
67.1653_171.037_0.320002
67.6336_171.171_0.190776
68.1151_171.243_0.06155
68.5994_171.293_0.190776
69.0731_171.406_0.320002
69.5283_171.578_0.449228
69.9576_171.808_0.578454
70.3536_172.091_0.707681
70.7367_172.392_0.578454
71.1552_172.641_0.449228
71.6024_172.833_0.320002
72.0706_172.967_0.190776
72.5522_173.039_0.06155
73.0506_173.064_0.0271333
73.5505_173.076_0.0202441
74.0503_173.085_0.0133549
74.5503_173.091_0.00646568
75.0502_173.093_-0.000423534
75.5367_173.072_-0.12965
76.0164_172.988_-0.258876
76.4844_172.845_-0.374797
76.9431_172.654_-0.436623
77.3929_172.438_-0.47104
77.8358_172.235_-0.341814
78.3067_172.081_-0.266355
78.7894_171.957_-0.218213
79.2779_171.853_-0.197552
79.7684_171.756_-0.190662
80.2451_171.645_-0.306583
80.7137_171.483_-0.382041
81.1574_171.283_-0.511267
81.5715_171.027_-0.640494
81.9493_170.719_-0.76972
82.2842_170.366_-0.898946
82.5709_169.973_-1.02817
82.8044_169.545_-1.1574
82.9809_169.092_-1.28662
83.0975_168.619_-1.41585
83.1522_168.135_-1.54508
83.144_167.648_-1.6743
83.0733_167.166_-1.80353
82.9811_166.688_-1.6743
82.9514_166.202_-1.54508
82.9845_165.717_-1.41585
82.9886_165.691_-1.40905
83.0873_165.215_-1.27982
83.2466_164.754_-1.1506
83.4262_164.302_-1.27982
83.546_163.83_-1.40905
83.5846_163.551_-1.48386
83.6456_163.065_-1.36794
83.7576_162.582_-1.29249
83.8714_162.109_-1.42171
83.9232_161.625_-1.55094
83.9185_161.131_-1.63996
83.9055_160.644_-1.51074
83.9553_160.16_-1.38151
84.067_159.686_-1.25228
84.239_159.23_-1.12306
84.4682_158.801_-0.993832
84.7488_158.392_-0.918374
85.0563_157.999_-0.883957
85.3758_157.615_-0.863296
85.7032_157.238_-0.842634
86.0368_156.865_-0.835745
86.3598_156.489_-0.911203
86.6588_156.091_-0.959345
86.9428_155.68_-0.980007
87.2183_155.263_-1.00067
87.4871_154.841_-1.00756
87.7643_154.441_-0.878331
88.0908_154.08_-0.749105
88.461_153.764_-0.619879
88.869_153.498_-0.490653
89.3078_153.287_-0.361427
89.7701_153.134_-0.232201
90.2482_153.042_-0.102975
90.7367_153.011_0.012946
91.2301_153.031_0.101971
91.7234_153.092_0.163798
92.2056_153.189_0.266315
92.6841_153.328_0.314457
93.1569_153.487_0.348874
93.6253_153.661_0.369535
94.0911_153.843_0.376424
94.5511_154.003_0.247198
95.0332_154.109_0.158173
95.5256_154.178_0.0963464
96.0229_154.22_0.0619298
96.5218_154.247_0.041268
97.007_154.288_0.170494
97.4829_154.391_0.29972
97.9415_154.554_0.428946
98.3753_154.775_0.558172
98.7834_155.05_0.660689
99.1811_155.335_0.544768
99.6114_155.584_0.482942
100.056_155.811_0.448525
100.508_156.024_0.427864
100.963_156.231_0.420974
101.42_156.434_0.414085
101.877_156.636_0.420974
102.334_156.839_0.414085
102.791_157.042_0.420974
103.248_157.245_0.414085
103.707_157.438_0.365943
104.175_157.614_0.345281
104.646_157.779_0.324619
105.121_157.938_0.31773
105.596_158.093_0.310841
106.068_158.253_0.358983
106.533_158.434_0.3934
106.993_158.628_0.414062
107.45_158.83_0.420951
107.906_159.036_0.42784
108.361_159.244_0.434729
108.814_159.456_0.441618
109.266_159.669_0.434729
109.719_159.88_0.441618
110.172_160.093_0.434729
110.625_160.302_0.42784
111.081_160.509_0.420951
111.538_160.712_0.414062
111.996_160.912_0.407172
112.455_161.109_0.400283
112.917_161.298_0.365867
113.385_161.474_0.345205
113.856_161.64_0.324543
114.331_161.798_0.317654
114.806_161.953_0.310765
115.274_162.116_0.386223
115.734_162.31_0.420639
116.189_162.517_0.441301
116.639_162.733_0.461963
117.086_162.957_0.468852
117.533_163.18_0.44819
117.985_163.393_0.427529
118.441_163.6_0.420639
118.897_163.803_0.41375
119.356_164.003_0.406861
119.814_164.201_0.41375
120.272_164.404_0.420639
120.728_164.607_0.41375
121.186_164.809_0.420639
121.643_165.012_0.41375
122.101_165.212_0.406861
122.56_165.409_0.399972
123.02_165.604_0.406861
123.48_165.801_0.399972
123.94_165.997_0.406861
124.4_166.194_0.399972
124.86_166.389_0.406861
125.319_166.586_0.399972
125.779_166.782_0.406861
126.238_166.981_0.41375
126.695_167.183_0.420639
127.151_167.388_0.427529
127.606_167.596_0.434418
128.059_167.808_0.441307
128.51_168.022_0.448196
128.962_168.236_0.427535
129.418_168.442_0.420645
129.875_168.645_0.413756
130.333_168.845_0.406867
130.792_169.042_0.399978
131.248_169.212_0.270752
131.723_169.323_0.141525
132.204_169.41_0.257446
132.68_169.548_0.332904
133.15_169.717_0.367321
133.615_169.899_0.387983
134.076_170.092_0.408645
134.535_170.291_0.415534
134.992_170.494_0.422423
135.447_170.7_0.429312
135.902_170.907_0.422423
136.358_171.113_0.429312
136.813_171.32_0.422423
137.268_171.526_0.429312
137.724_171.733_0.422423
138.179_171.939_0.429312
138.634_172.147_0.422423
139.09_172.353_0.429312
139.545_172.56_0.422423
140_172.766_0.429312
140.455_172.973_0.422423
140.911_173.179_0.429312
141.366_173.386_0.422423
141.822_173.592_0.429312
142.277_173.799_0.422423
142.732_174.005_0.429312
143.187_174.212_0.422423
143.644_174.416_0.415534
144.101_174.619_0.422423
144.556_174.825_0.429312
145.011_175.032_0.422423
145.468_175.236_0.415534
145.927_175.43_0.367392
146.394_175.606_0.34673
146.865_175.775_0.339841
