configuration -14.0353517532_151.94859314_0.0_1.0_147.259887695_176.039077759_0.145212769539_0.989400450557
length 193.013
time 7.29564
roughness 9.3638e-05
-14.0354_151.949_-0
-13.5357_151.952_0.0206618
-13.0362_151.966_0.0413235
-12.5367_151.988_0.0482127
-12.0374_152.013_0.0551019
-11.5381_152.039_0.0482127
-11.0399_152.069_0.0826294
-10.5423_152.114_0.103291
-10.0451_152.166_0.11018
-9.54828_152.222_0.11707
-9.05188_152.282_0.123959
-8.56002_152.354_0.185785
-8.07061_152.451_0.220202
-7.58297_152.562_0.227091
-7.09611_152.675_0.23398
-6.61004_152.792_0.24087
-6.12398_152.908_0.220208
-5.63584_153.016_0.213319
-5.14697_153.121_0.206429
-4.65739_153.222_0.19954
-4.16712_153.32_0.192651
-3.68571_153.393_0.0634248
-3.19893_153.404_-0.0658013
-2.71489_153.351_-0.195027
-2.24165_153.236_-0.324254
-1.78396_153.063_-0.440174
-1.33509_152.874_-0.310948
-0.865649_152.745_-0.181722
-0.379217_152.673_-0.0792053
0.116966_152.644_-0.0173788
0.616041_152.641_0.0170379
1.10277_152.628_-0.112188
1.58386_152.553_-0.241414
2.05715_152.42_-0.343931
2.52154_152.242_-0.405758
2.97781_152.04_-0.440174
3.4091_151.814_-0.5694
3.81099_151.535_-0.685321
4.20067_151.243_-0.556095
4.62472_151.004_-0.426869
5.07606_150.821_-0.297643
5.54718_150.698_-0.168417
6.03021_150.637_-0.0391906
6.52574_150.63_0.0362675
7.02326_150.656_0.0844097
7.52005_150.704_0.118826
8.01578_150.766_0.139488
8.51011_150.839_0.16015
9.00349_150.92_0.167039
9.4963_151.004_0.173928
9.98852_151.092_0.180817
10.4708_151.159_0.0515913
10.9576_151.164_-0.0776348
11.441_151.105_-0.206861
11.9129_150.985_-0.336087
12.3653_150.805_-0.465313
12.8093_150.605_-0.336087
13.2753_150.465_-0.206861
13.7556_150.385_-0.0776348
14.2505_150.359_-0.00217662
14.7496_150.363_0.03224
15.2403_150.396_0.134757
15.7329_150.471_0.182899
16.2226_150.567_0.217316
16.7097_150.678_0.237977
17.1953_150.797_0.244867
17.6623_150.935_0.374093
18.1075_151.132_0.503319
18.5237_151.385_0.632545
18.9039_151.689_0.761771
19.2416_152.04_0.890997
19.5635_152.405_0.761771
19.9297_152.726_0.632545
20.3342_152.997_0.503319
20.7703_153.213_0.374093
21.2307_153.372_0.244867
21.7076_153.47_0.11564
22.1932_153.505_-0.0135857
22.6793_153.478_-0.142812
23.1579_153.389_-0.272038
23.6209_153.238_-0.401264
24.0768_153.067_-0.272038
24.5509_152.956_-0.142812
25.0398_152.903_-0.040295
25.5367_152.893_0.0215315
26.0355_152.909_0.0559481
26.5201_152.957_0.185174
26.9944_153.067_0.3144
27.4593_153.233_0.403426
27.9144_153.436_0.451568
28.3624_153.657_0.47223
28.805_153.86_0.343004
29.2758_154.015_0.267545
29.7586_154.142_0.233129
30.2455_154.254_0.212467
30.7345_154.358_0.205578
31.2095_154.476_0.321499
31.6756_154.645_0.396957
32.1336_154.843_0.431373
32.5861_155.055_0.452035
33.0353_155.274_0.458924
33.4623_155.508_0.58815
33.8556_155.795_0.717377
34.2086_156.131_0.846603
34.5154_156.509_0.975829
34.771_156.923_1.10505
35.0079_157.348_0.975829
35.2976_157.74_0.846603
35.6353_158.09_0.717377
36.0169_158.404_0.628351
36.4245_158.69_0.580209
36.8439_158.943_0.464288
37.2924_159.154_0.38883
37.7564_159.338_0.354413
38.2262_159.508_0.333752
38.6989_159.67_0.326862
39.1662_159.807_0.197636
39.6531_159.89_0.108611
40.1492_159.936_0.0604688
40.6481_159.963_0.0398071
41.1475_159.979_0.0191453
41.6335_160.009_0.148371
42.1115_160.101_0.277598
42.5737_160.254_0.406824
42.9443_160.43_0.515646
43.0115_160.467_0.495242
43.4297_160.717_0.624468
43.8123_161.018_0.753694
44.1529_161.366_0.88292
44.4458_161.755_1.01215
44.7211_162.156_0.88292
45.0459_162.519_0.753694
45.4147_162.837_0.624468
45.8214_163.105_0.495242
46.2593_163.318_0.366015
46.7209_163.473_0.236789
47.1973_163.602_0.325815
47.6648_163.771_0.387641
48.1074_163.974_0.516867
48.5201_164.233_0.646093
48.8961_164.542_0.77532
49.2579_164.868_0.646093
49.6588_165.144_0.516867
50.0919_165.366_0.387641
50.55_165.531_0.258415
51.0256_165.636_0.129189
51.5054_165.719_0.258415
51.9704_165.863_0.387641
52.4285_166.028_0.258415
52.9041_166.132_0.129189
53.2868_166.169_0.0271684
53.7726_166.203_0.156395
54.2499_166.299_0.285621
54.7108_166.456_0.414847
55.1477_166.671_0.544073
55.5532_166.94_0.673299
55.9464_167.227_0.544073
56.3733_167.462_0.414847
56.8025_167.63_0.292422
57.2624_167.79_0.421648
57.6978_168.008_0.550874
58.1015_168.28_0.6801
58.4927_168.57_0.550874
58.918_168.807_0.421648
59.3737_169.013_0.428537
59.828_169.222_0.435427
60.2777_169.408_0.3062
60.7478_169.535_0.176974
61.2303_169.601_0.0477482
61.7296_169.626_0.0546374
62.2288_169.654_0.0615266
62.7277_169.686_0.0684158
63.2264_169.721_0.075305
63.725_169.758_0.0684158
64.2239_169.791_0.0615266
64.723_169.82_0.0546374
65.2222_169.849_0.0615266
65.7212_169.878_0.0546374
66.2204_169.907_0.0615266
66.7047_169.957_0.190753
67.1784_170.07_0.319979
67.6336_170.242_0.449205
68.0629_170.472_0.578431
68.4622_170.755_0.694352
68.8229_171.082_0.823578
69.1383_171.453_0.952804
69.437_171.838_0.823578
69.7827_172.181_0.694352
70.0449_172.386_0.605934
70.4565_172.647_0.476708
70.8982_172.851_0.347482
71.3626_172.998_0.218256
71.842_173.083_0.0890295
72.3283_173.106_-0.0401966
72.8272_173.091_-0.00577994
73.3269_173.092_0.0148818
73.8268_173.1_0.021771
74.3266_173.112_0.0286602
74.8263_173.128_0.0355494
75.3132_173.124_-0.0936767
75.7956_173.058_-0.222903
76.2654_172.931_-0.352129
76.7149_172.744_-0.481355
77.1457_172.502_-0.57038
77.5663_172.257_-0.441154
78.015_172.068_-0.311928
78.4843_171.938_-0.182702
78.9723_171.863_-0.0936767
79.4681_171.827_-0.0318501
79.9536_171.79_-0.161076
80.4304_171.692_-0.290302
80.8906_171.533_-0.419528
81.3265_171.316_-0.548755
81.7308_171.045_-0.677981
82.0967_170.723_-0.807207
82.4182_170.358_-0.936433
82.6899_169.954_-1.06566
82.9072_169.518_-1.19489
83.0666_169.058_-1.32411
83.1654_168.581_-1.45334
83.2019_168.096_-1.58256
83.1755_167.61_-1.71179
83.1276_167.125_-1.58256
83.1425_166.638_-1.45334
83.22_166.158_-1.32411
83.3588_165.691_-1.19489
83.5566_165.246_-1.06566
83.774_164.81_-1.19489
83.9333_164.35_-1.32411
84.0721_163.884_-1.19489
84.2699_163.439_-1.06566
84.5234_163.023_-0.936433
84.7951_162.619_-1.06566
85.0124_162.183_-1.19489
85.1718_161.723_-1.32411
85.2706_161.246_-1.45334
85.3071_160.761_-1.58256
85.2808_160.275_-1.71179
85.192_159.796_-1.84102
85.0717_159.315_-1.76556
84.9807_158.825_-1.73114
84.902_158.331_-1.72425
84.8409_157.841_-1.63523
84.8191_157.344_-1.5734
84.8385_156.858_-1.44417
84.9133_156.368_-1.36872
85.0191_155.88_-1.3343
85.113_155.402_-1.46353
85.1446_154.917_-1.59275
85.1133_154.431_-1.72198
85.0604_153.947_-1.59275
85.0704_153.46_-1.46353
85.143_152.978_-1.3343
85.277_152.51_-1.20507
85.4702_152.063_-1.07585
85.7195_151.645_-0.946621
86.0205_151.262_-0.817394
86.3683_150.922_-0.688168
86.7572_150.629_-0.558942
87.1806_150.388_-0.429716
87.6314_150.204_-0.30049
88.1021_150.08_-0.171264
88.585_150.018_-0.0420377
89.0719_150.018_0.0871884
89.5547_150.081_0.216415
90.0337_150.201_0.30544
90.5064_150.358_0.353582
90.9726_150.536_0.387999
91.4349_150.727_0.394888
91.896_150.92_0.401777
92.3566_151.114_0.394888
92.8176_151.308_0.401777
93.2782_151.502_0.394888
93.7392_151.696_0.401777
94.1998_151.89_0.394888
94.6597_152.086_0.41555
95.1167_152.288_0.422439
95.5722_152.494_0.429328
96.0273_152.702_0.422439
96.4828_152.908_0.429328
96.9379_153.115_0.422439
97.3934_153.321_0.429328
97.8485_153.528_0.422439
98.304_153.734_0.429328
98.7591_153.941_0.422439
99.2146_154.147_0.429328
99.6697_154.354_0.422439
100.125_154.56_0.429328
100.58_154.767_0.422439
101.036_154.973_0.429328
101.49_155.182_0.436217
101.943_155.394_0.443107
102.395_155.608_0.436217
102.847_155.82_0.443107
103.3_156.033_0.436217
103.749_156.22_0.306991
104.207_156.387_0.436217
104.639_156.611_0.565443
105.039_156.889_0.69467
105.175_157.006_0.742279
105.547_157.32_0.613053
105.959_157.592_0.524028
106.394_157.834_0.475885
106.84_158.06_0.455224
107.29_158.277_0.434562
107.745_158.484_0.4139
108.203_158.684_0.407011
108.663_158.881_0.400122
109.124_159.075_0.393233
109.586_159.265_0.386343
110.048_159.457_0.407005
110.505_159.658_0.427667
110.96_159.866_0.434556
111.413_160.077_0.441445
111.864_160.292_0.448335
112.315_160.508_0.441445
112.768_160.72_0.434556
113.222_160.93_0.427667
113.677_161.136_0.420778
114.134_161.339_0.413888
114.571_161.554_0.543115
114.977_161.823_0.672341
115.344_162.142_0.801567
115.668_162.506_0.930793
115.942_162.908_1.06002
116.198_163.323_0.930793
116.505_163.7_0.801567
116.858_164.036_0.672341
117.226_164.355_0.801567
117.467_164.62_0.896786
117.787_164.987_0.76756
118.151_165.31_0.638334
118.554_165.584_0.509108
118.992_165.812_0.420082
119.451_166.007_0.37194
119.917_166.188_0.365051
120.384_166.365_0.358162
120.853_166.54_0.351273
121.323_166.711_0.344383
121.793_166.88_0.351273
122.257_167.028_0.222046
122.736_167.115_0.0928203
123.222_167.14_-0.0364058
123.707_167.102_-0.165632
124.184_167.001_-0.294858
124.655_166.88_-0.165632
125.138_166.82_-0.0364058
125.625_166.823_0.0928203
126.108_166.888_0.222046
126.586_167.011_0.311072
127.058_167.171_0.359214
127.524_167.35_0.379876
127.987_167.539_0.400537
128.447_167.735_0.407427
128.906_167.934_0.414316
129.363_168.136_0.421205
129.82_168.339_0.414316
130.277_168.542_0.421205
130.734_168.745_0.414316
131.191_168.947_0.421205
131.647_169.151_0.414316
132.105_169.353_0.421205
132.561_169.556_0.414316
133.019_169.759_0.421205
133.475_169.962_0.414316
133.928_170.17_0.462458
134.374_170.396_0.48312
134.815_170.631_0.503782
135.252_170.873_0.510671
135.688_171.119_0.51756
136.124_171.358_0.469418
136.572_171.579_0.435001
137.027_171.786_0.414339
137.485_171.987_0.40745
137.944_172.184_0.400561
138.405_172.378_0.393672
138.867_172.568_0.386783
139.33_172.758_0.393672
139.792_172.949_0.386783
140.255_173.138_0.393672
140.717_173.329_0.386783
141.179_173.519_0.393672
141.641_173.709_0.386783
142.104_173.899_0.393672
142.566_174.09_0.386783
143.029_174.279_0.393672
143.49_174.472_0.400561
143.951_174.666_0.393672
144.413_174.857_0.386783
144.876_175.047_0.393672
145.337_175.239_0.400561
145.798_175.433_0.393672
146.261_175.619_0.359255
146.73_175.792_0.338593
147.2_175.961_0.359255
