configuration 46.843963623_148.978851318_-0.536406748472_0.843959596304_156.577575684_33.1800613403_0.186652677497_0.98242596565
length 202.409
time 11.7713
roughness 9.35171e-05
46.844_148.979_-1.13235
47.0692_148.547_-1.00312
47.3468_148.139_-0.914096
47.6573_147.749_-0.865954
47.9836_147.371_-0.845292
48.3177_146.999_-0.82463
48.6328_146.628_-0.953856
48.8974_146.219_-1.08308
49.1186_145.776_-1.15854
49.3109_145.316_-1.20668
49.4856_144.848_-1.22734
49.6689_144.397_-1.09812
49.9087_143.973_-0.968892
50.2011_143.584_-0.839666
50.5106_143.208_-0.968892
50.769_142.795_-1.09812
50.9721_142.353_-1.22734
51.1165_141.888_-1.35657
51.1997_141.408_-1.4858
51.2616_140.925_-1.35657
51.3852_140.454_-1.22734
51.5684_140.003_-1.09812
51.8083_139.58_-0.968892
52.0997_139.181_-0.879867
52.3938_138.793_-1.00909
52.6355_138.37_-1.13832
52.8291_137.916_-1.22734
52.9894_137.444_-1.27549
53.1315_136.965_-1.29615
53.2436_136.491_-1.42537
53.2983_136.003_-1.52789
53.3072_135.507_-1.60335
53.312_135.02_-1.47412
53.3795_134.538_-1.3449
53.5085_134.069_-1.21567
53.6924_133.608_-1.14021
53.9041_133.156_-1.11955
54.0977_132.709_-1.24878
54.2712_132.254_-1.11955
54.5019_131.825_-0.990325
54.7859_131.43_-0.861099
54.8027_131.41_-0.854298
55.1066_131.03_-0.983524
55.359_130.614_-1.11275
55.5556_130.168_-1.24198
55.7322_129.714_-1.11275
55.9658_129.287_-0.983524
56.2182_128.871_-1.11275
56.4177_128.424_-1.22867
56.5723_127.953_-1.30413
56.6934_127.471_-1.36596
56.8125_126.999_-1.23673
56.9525_126.533_-1.36596
57.0313_126.052_-1.49518
57.0474_125.566_-1.62441
57.0008_125.081_-1.75363
56.895_124.601_-1.85615
56.7779_124.128_-1.72692
56.7227_123.644_-1.5977
56.7302_123.157_-1.46847
56.8004_122.676_-1.33925
56.9321_122.207_-1.21002
57.1231_121.759_-1.08079
57.3703_121.339_-0.951568
57.6694_120.955_-0.822342
58.0156_120.613_-0.693115
58.4046_120.309_-0.60409
58.8026_120.016_-0.693115
59.1807_119.692_-0.741258
59.5469_119.352_-0.761919
59.9061_119.005_-0.782581
60.2598_118.651_-0.78947
60.5877_118.291_-0.918696
60.8665_117.892_-1.04792
61.0916_117.46_-1.17715
61.2591_117.003_-1.30637
61.3663_116.528_-1.4356
61.4523_116.049_-1.30637
61.5994_115.585_-1.17715
61.805_115.144_-1.04792
62.0658_114.733_-0.918696
62.3763_114.346_-0.843238
62.6844_113.969_-0.972464
62.9414_113.556_-1.10169
63.1458_113.111_-1.21761
63.3056_112.642_-1.29307
63.4369_112.16_-1.32749
63.5392_111.679_-1.43
63.5988_111.186_-1.49183
63.6301_110.689_-1.53997
63.6421_110.189_-1.56063
63.6437_109.689_-1.58129
63.6593_109.203_-1.45207
63.7374_108.722_-1.32284
63.8768_108.256_-1.19362
64.0751_107.811_-1.06439
64.3291_107.396_-0.935164
64.6013_106.992_-1.06439
64.8192_106.557_-1.19362
64.9792_106.097_-1.32284
65.0365_105.847_-1.39086
65.1439_105.372_-1.26163
65.3116_104.915_-1.1324
65.5367_104.483_-1.00318
65.8157_104.084_-0.873952
66.1213_103.696_-0.962977
66.3992_103.283_-1.01112
66.6616_102.857_-1.03178
66.9151_102.427_-1.05244
67.1618_101.992_-1.05933
67.3819_101.558_-1.18856
67.5442_101.099_-1.31778
67.646_100.622_-1.44701
67.6856_100.137_-1.57624
67.6623_99.6509_-1.70546
67.6175_99.166_-1.57624
67.6355_98.6795_-1.44701
67.716_98.1993_-1.31778
67.8577_97.7335_-1.18856
68.0583_97.2898_-1.05933
68.3144_96.8757_-0.930106
68.6205_96.486_-0.854648
68.9524_96.1133_-0.820231
69.2957_95.7502_-0.79957
69.6465_95.3943_-0.778908
69.9782_95.0379_-0.908134
70.2612_94.6417_-1.03736
70.4908_94.2124_-1.16659
70.7011_93.7732_-1.03736
70.9662_93.3649_-0.908134
71.2817_92.9941_-0.778908
71.5837_92.7166_-0.670086
71.7467_92.592_-0.615675
72.1558_92.328_-0.486449
72.5954_92.1188_-0.357223
73.0584_91.968_-0.227997
73.5369_91.8782_-0.0987704
74.023_91.8507_0.0304557
74.522_91.8602_-0.00396092
75.0217_91.8548_-0.0246227
75.5085_91.8634_0.104603
75.9901_91.9348_0.23383
76.4586_92.0675_0.363056
76.9244_92.2482_0.383717
77.3876_92.4364_0.390607
77.8495_92.6279_0.397496
78.31_92.8225_0.404385
78.7701_93.0181_0.397496
79.2322_93.2011_0.335669
79.7053_93.3601_0.301253
80.1835_93.505_0.280591
80.6642_93.6424_0.273702
81.1459_93.7764_0.266813
81.6206_93.8848_0.137586
82.1053_93.9311_0.00836027
82.5919_93.9145_-0.120866
83.0723_93.8353_-0.250092
83.5492_93.7007_-0.32555
84.0167_93.5647_-0.196324
84.4979_93.49_-0.0670979
84.9846_93.478_0.0621282
85.4688_93.5288_0.191354
85.9425_93.6416_0.32058
86.4109_93.8079_0.382407
86.8717_93.9994_0.416824
87.3272_94.2048_0.437485
87.7784_94.4196_0.458147
88.2263_94.6418_0.465036
88.6518_94.8784_0.594262
89.0433_95.1678_0.723489
89.3943_95.5053_0.852715
89.6988_95.8852_0.981941
89.9518_96.3012_1.11117
90.1861_96.728_0.981941
90.4734_97.1211_0.852715
90.809_97.4739_0.723489
91.1873_97.7804_0.594262
91.6019_98.0357_0.465036
92.05_98.2567_0.444375
92.5019_98.4706_0.437485
92.9553_98.6814_0.430596
93.4101_98.889_0.423707
93.8654_99.0956_0.430596
94.316_99.2799_0.30137
94.7867_99.4046_0.172144
95.2695_99.4676_0.0429178
95.7564_99.4679_-0.0863083
96.2469_99.4108_-0.175334
96.7295_99.3463_-0.0461076
97.2164_99.3445_0.0831185
97.6994_99.4054_0.212345
98.1706_99.5281_0.341571
98.6421_99.6945_0.334682
99.1139_99.8598_0.341571
99.5806_100.034_0.389713
100.023_100.238_0.518939
100.435_100.497_0.648165
100.81_100.807_0.777391
101.143_101.163_0.906617
101.426_101.559_1.03584
101.692_101.967_0.906617
102.008_102.337_0.777391
102.369_102.664_0.648165
102.769_102.941_0.518939
103.202_103.164_0.389713
103.66_103.33_0.260487
104.135_103.436_0.131261
104.62_103.479_0.00203454
105.107_103.459_-0.127192
105.587_103.377_-0.256418
106.055_103.235_-0.372338
106.512_103.043_-0.447797
106.958_102.82_-0.495939
107.394_102.578_-0.530355
107.823_102.322_-0.551017
108.227_102.05_-0.680243
108.592_101.728_-0.809469
108.913_101.361_-0.938696
109.192_100.954_-1.02772
109.441_100.524_-1.08955
109.664_100.078_-1.13769
109.868_99.6231_-1.17211
110.059_99.1613_-1.19277
110.243_98.6962_-1.19966
110.423_98.2299_-1.20655
110.606_97.7656_-1.17213
110.803_97.3065_-1.15147
111.01_96.8515_-1.13081
111.224_96.3996_-1.12392
111.441_95.9493_-1.11703
111.657_95.4987_-1.13769
111.863_95.0437_-1.15835
112.063_94.5852_-1.16524
112.259_94.1253_-1.17213
112.452_93.6641_-1.17902
112.644_93.2025_-1.17213
112.839_92.7422_-1.16524
113.037_92.2832_-1.15835
113.239_91.8257_-1.15146
113.443_91.3695_-1.14457
113.639_90.9128_-1.2064
113.812_90.4445_-1.24082
113.971_89.9706_-1.26148
114.122_89.4941_-1.26837
114.27_89.0165_-1.27526
114.426_88.5461_-1.1998
114.612_88.0831_-1.16538
114.812_87.6253_-1.14472
115.022_87.1717_-1.12406
115.239_86.7213_-1.11717
115.455_86.2707_-1.13783
115.661_85.8157_-1.15849
115.861_85.3572_-1.16538
116.057_84.8973_-1.17227
116.252_84.437_-1.16538
116.462_83.9948_-1.04946
116.718_83.569_-0.987634
116.998_83.1556_-0.953218
117.29_82.7502_-0.932556
117.59_82.351_-0.911894
117.878_81.9521_-1.01441
118.132_81.5248_-1.07624
118.364_81.0828_-1.11065
118.585_80.6343_-1.11754
118.803_80.1844_-1.12443
119.01_79.7316_-1.17257
119.201_79.2697_-1.19324
119.382_78.8039_-1.2139
119.556_78.3351_-1.22079
119.726_77.865_-1.22768
119.87_77.4_-1.3569
119.953_76.9203_-1.48613
119.974_76.4338_-1.61535
119.932_75.9488_-1.74458
119.827_75.4732_-1.87381
119.702_75.0027_-1.74458
119.638_74.5201_-1.61535
119.635_74.0306_-1.49943
119.682_73.5373_-1.42398
119.763_73.0457_-1.37583
119.878_72.5724_-1.24661
120.052_72.1179_-1.11738
120.284_71.6896_-0.988155
120.567_71.2828_-0.912697
120.878_70.8935_-0.864555
121.178_70.5101_-0.993781
121.426_70.0911_-1.12301
121.618_69.6437_-1.25223
121.759_69.1703_-1.34126
121.862_68.6841_-1.40309
121.963_68.2079_-1.27386
122.125_67.7488_-1.14463
122.345_67.3144_-1.01541
122.619_66.9055_-0.91289
122.931_66.5186_-0.851064
123.264_66.1471_-0.816647
123.608_65.7852_-0.795985
123.959_65.4288_-0.789096
124.312_65.0748_-0.782207
124.667_64.7232_-0.775318
125.024_64.3724_-0.782207
125.379_64.0208_-0.775318
125.735_63.6701_-0.782207
126.091_63.3185_-0.775318
126.447_62.9677_-0.782207
126.778_62.6102_-0.911433
127.069_62.2112_-1.00046
127.328_61.7874_-1.06228
127.566_61.3487_-1.0967
127.791_60.9026_-1.11736
127.997_60.4518_-1.19282
128.174_59.9858_-1.24096
128.332_59.512_-1.26163
128.481_59.035_-1.28229
128.622_58.5554_-1.28918
128.777_58.0938_-1.15995
128.99_57.6561_-1.03072
129.258_57.2495_-0.901498
129.575_56.8686_-0.82604
129.919_56.5078_-0.777898
130.251_56.1517_-0.907124
130.534_55.7558_-1.03635
130.764_55.3266_-1.16558
130.937_54.8715_-1.2948
131.05_54.3978_-1.42403
131.141_53.9196_-1.2948
131.291_53.4512_-1.19229
131.484_52.9932_-1.13046
131.702_52.5442_-1.09604
131.934_52.1014_-1.07538
132.147_51.6636_-1.20461
132.302_51.202_-1.33383
132.396_50.7243_-1.46306
132.428_50.2385_-1.59228
132.397_49.7526_-1.72151
132.344_49.2685_-1.59228
132.354_48.7817_-1.46306
132.427_48.3003_-1.33383
132.557_47.8239_-1.24481
132.724_47.3546_-1.19667
132.896_46.8883_-1.25849
133.044_46.4116_-1.29291
133.178_45.9302_-1.31357
133.302_45.4461_-1.33423
133.418_44.9598_-1.34112
133.547_44.4877_-1.2252
133.727_44.0258_-1.14974
133.938_43.5744_-1.1016
134.167_43.1303_-1.08094
134.405_42.6911_-1.06028
134.636_42.2527_-1.13573
134.839_41.7976_-1.18388
135.022_41.3333_-1.21829
135.191_40.8632_-1.23896
135.353_40.3901_-1.24584
135.528_39.9357_-1.11662
135.76_39.5076_-0.987392
136.045_39.113_-0.858166
136.379_38.7584_-0.72894
136.755_38.4498_-0.599714
137.145_38.1582_-0.72894
137.497_37.8185_-0.844861
137.817_37.4398_-0.920319
138.112_37.0385_-0.968461
138.393_36.6248_-0.989123
138.668_36.2077_-0.982234
138.947_35.7925_-0.975344
139.226_35.378_-0.982234
139.505_34.9628_-0.975344
139.784_34.5482_-0.982234
140.037_34.1321_-1.11146
140.234_33.687_-1.24069
140.372_33.2201_-1.36991
140.449_32.7393_-1.49914
140.464_32.2526_-1.62836
140.456_31.7658_-1.49914
140.512_31.2821_-1.36991
140.629_30.8095_-1.24069
140.806_30.356_-1.11146
141.04_29.9291_-0.982234
141.327_29.536_-0.853007
141.663_29.1831_-0.723781
142.041_28.8764_-0.594555
142.456_28.6211_-0.465329
142.9_28.4212_-0.336103
143.366_28.2803_-0.206877
143.846_28.2005_-0.0776507
144.335_28.1812_0.0382701
144.83_28.2125_0.113728
145.324_28.277_0.16187
145.803_28.3743_0.277791
146.278_28.5203_0.339618
146.747_28.692_0.374034
147.211_28.8778_0.394696
147.671_29.0731_0.415358
148.128_29.2759_0.422247
148.583_29.4818_0.429136
149.038_29.6909_0.436025
149.491_29.901_0.429136
149.945_30.11_0.436025
150.4_30.3107_0.374199
150.867_30.4853_0.326057
151.341_30.6421_0.305395
151.819_30.7891_0.284733
152.299_30.9189_0.222907
152.771_31.0452_0.338828
153.235_31.2216_0.414286
153.687_31.4294_0.462428
154.131_31.6571_0.496845
154.567_31.9_0.531261
154.997_32.1561_0.551923
155.425_32.408_0.490096
155.868_32.6379_0.45568
156.317_32.8569_0.448791
