configuration 133.385482788_115.927223206_-0.986328190641_0.164792901387_34.5528411865_13.6445770264_-0.541385985877_0.840774175564
length 185.911
time 15.6615
roughness 9.4081e-05
133.385_115.927_-2.8105
132.921_115.754_-2.73504
132.467_115.55_-2.6869
132.019_115.328_-2.66623
131.577_115.096_-2.64557
131.137_114.857_-2.63868
130.699_114.617_-2.64557
130.259_114.38_-2.65246
129.817_114.146_-2.65935
129.373_113.915_-2.66624
128.929_113.685_-2.65935
128.496_113.445_-2.58389
128.08_113.173_-2.52207
127.672_112.907_-2.65129
127.233_112.697_-2.78052
126.82_112.558_-2.89614
126.353_112.42_-2.76692
125.908_112.223_-2.63769
125.492_111.97_-2.50846
125.112_111.665_-2.37924
124.774_111.314_-2.25001
124.453_110.949_-2.37924
124.086_110.628_-2.50846
123.682_110.357_-2.63769
123.242_110.128_-2.71315
122.786_109.929_-2.76129
122.342_109.729_-2.63206
121.927_109.474_-2.50284
121.54_109.168_-2.41381
121.173_108.83_-2.36567
120.819_108.478_-2.34501
120.464_108.145_-2.47423
120.069_107.86_-2.60346
119.641_107.628_-2.73269
119.186_107.454_-2.86191
119.112_107.433_-2.88232
118.637_107.328_-3.01154
118.152_107.285_-3.14077
117.665_107.306_-3.27
117.18_107.347_-3.14077
116.694_107.326_-3.01154
116.206_107.248_-2.92252
115.721_107.132_-2.87438
115.242_106.995_-2.83996
114.766_106.843_-2.8193
114.292_106.684_-2.81241
113.85_106.552_-2.93483
113.369_106.472_-3.06406
112.883_106.455_-3.19329
112.398_106.501_-3.32251
111.923_106.609_-3.45174
111.466_106.777_-3.58096
111.017_106.965_-3.45174
110.548_107.094_-3.32251
110.065_107.161_-3.19329
109.579_107.166_-3.06406
109.087_107.113_-2.97503
108.611_107.012_-2.84581
108.141_106.856_-2.77035
107.682_106.666_-2.70852
107.231_106.451_-2.67411
106.788_106.221_-2.63969
106.371_105.969_-2.51046
105.982_105.666_-2.42144
105.615_105.331_-2.35961
105.255_105.003_-2.48884
104.856_104.724_-2.61806
104.429_104.468_-2.56992
104.012_104.193_-2.5355
103.603_103.905_-2.51484
103.199_103.611_-2.50795
102.797_103.314_-2.50106
102.392_103.031_-2.59009
101.964_102.777_-2.63823
101.524_102.541_-2.67265
101.077_102.318_-2.69331
100.626_102.103_-2.7002
100.195_101.876_-2.57097
99.7964_101.596_-2.44175
99.4311_101.267_-2.33923
99.0931_100.902_-2.2774
98.7734_100.519_-2.24299
98.4544_100.151_-2.37221
98.1099_99.7974_-2.28319
97.788_99.416_-2.24877
97.4735_99.0273_-2.25566
97.3778_98.9068_-2.21485
97.0692_98.5302_-2.34408
96.7147_98.1965_-2.4733
96.3201_97.9113_-2.60253
95.892_97.6793_-2.73176
95.4376_97.5044_-2.86098
94.9565_97.3717_-2.8954
94.4714_97.2509_-2.90229
93.9854_97.1335_-2.90918
93.4986_97.0195_-2.91607
93.011_96.9088_-2.92296
92.5406_96.7832_-2.79373
92.0904_96.5979_-2.6645
91.6677_96.3562_-2.53528
91.2797_96.0621_-2.40605
90.9235_95.7201_-2.31703
90.5781_95.3769_-2.44625
90.1913_95.0811_-2.57548
89.7697_94.8376_-2.70471
89.3202_94.6505_-2.83393
88.9252_94.5403_-2.94275
88.4384_94.4571_-3.03178
87.9424_94.4104_-3.07992
87.4439_94.3854_-3.11434
86.9441_94.3729_-3.12123
86.4443_94.3638_-3.12812
85.9581_94.3367_-2.99889
85.4796_94.247_-2.86966
85.0165_94.0965_-2.74044
84.5767_93.8876_-2.61121
84.1676_93.6237_-2.48199
83.7686_93.3327_-2.57101
83.3703_93.0526_-2.44178
83.0115_92.7235_-2.31256
82.6981_92.3509_-2.18333
82.6834_92.3299_-2.17653
82.3894_91.9417_-2.30576
82.0479_91.5947_-2.43498
81.6646_91.2945_-2.56421
81.2457_91.0463_-2.69344
80.7983_90.8541_-2.82266
80.3228_90.7055_-2.8708
79.8404_90.5775_-2.90522
79.3549_90.4711_-2.96705
78.8625_90.39_-3.00146
78.3672_90.3214_-3.00835
77.8878_90.2363_-2.87913
77.4234_90.0901_-2.7499
76.9659_89.9235_-2.87913
76.5015_89.7774_-2.7499
76.0597_89.5726_-2.62067
75.6481_89.3126_-2.49145
75.2733_89.0017_-2.36222
74.9418_88.6451_-2.233
74.659_88.2488_-2.10377
74.4296_87.8194_-1.97454
74.2575_87.3639_-1.84532
74.1454_86.8901_-1.71609
74.0954_86.4058_-1.58687
74.1082_85.919_-1.45764
74.1784_85.4302_-1.36861
74.2963_84.9578_-1.23939
74.4741_84.5045_-1.11016
74.6719_84.0596_-1.23939
74.8106_83.5929_-1.36861
74.8881_83.1122_-1.49784
74.9441_82.6286_-1.36861
75.0558_82.1457_-1.29316
75.1981_81.6674_-1.25874
75.3547_81.1929_-1.23808
75.5212_80.7218_-1.21742
75.7089_80.2725_-1.08819
75.9529_79.8512_-0.958963
76.2154_79.4411_-1.08819
76.4229_79.0007_-1.21742
76.4984_78.7826_-1.27863
76.653_78.3117_-1.20317
76.8395_77.8498_-1.15503
77.0463_77.3955_-1.12061
77.2751_76.9602_-1.01809
77.5434_76.5404_-0.969952
77.8014_76.1275_-1.09918
78.004_75.6848_-1.2284
78.1479_75.2196_-1.35763
78.2307_74.7398_-1.48686
78.2509_74.2534_-1.61608
78.2453_73.7616_-1.51357
78.2839_73.2661_-1.45174
78.3488_72.7712_-1.41732
78.4286_72.278_-1.39666
78.5164_71.7858_-1.38977
78.6159_71.2988_-1.32795
78.7414_70.8158_-1.29353
78.8815_70.3361_-1.27287
79.0294_69.8585_-1.26598
79.1805_69.382_-1.25909
79.3443_68.9142_-1.18363
79.5397_68.456_-1.13549
79.7535_68.0043_-1.11483
79.9747_67.556_-1.10794
80.199_67.1091_-1.10105
80.4066_66.6633_-1.20356
80.5781_66.1955_-1.25171
80.7292_65.7199_-1.28612
80.8662_65.2393_-1.30679
80.9956_64.7564_-1.31367
81.138_64.2881_-1.19775
81.3301_63.8313_-1.1223
81.5533_63.3859_-1.07415
81.7961_62.9498_-1.03974
82.0521_62.5207_-1.01908
82.2985_62.0927_-1.1081
82.5111_61.6435_-1.16993
82.7006_61.1818_-1.20434
82.8764_60.7141_-1.22501
83.0448_60.2433_-1.23189
83.2142_59.7732_-1.21123
83.3932_59.3067_-1.19057
83.5798_58.8429_-1.18368
83.7696_58.3803_-1.17679
83.9626_57.9191_-1.1699
84.1715_57.4793_-1.04068
84.4352_57.07_-0.911451
84.7495_56.6982_-0.782225
85.1091_56.37_-0.652999
85.508_56.0908_-0.523773
85.919_55.8296_-0.652999
86.2928_55.5177_-0.782225
86.6233_55.1602_-0.911451
86.905_54.763_-1.04068
87.1332_54.3329_-1.1699
87.304_53.877_-1.29913
87.4147_53.4028_-1.42836
87.4633_52.9184_-1.55758
87.4491_52.4317_-1.68681
87.3723_51.9509_-1.81603
87.2342_51.484_-1.94526
87.037_51.0388_-2.07449
86.7842_50.6227_-2.20371
86.4798_50.2427_-2.33294
86.129_49.9051_-2.46216
85.7376_49.6155_-2.59139
85.3088_49.367_-2.66685
84.8621_49.1464_-2.71499
84.4058_48.9428_-2.73565
83.946_48.7464_-2.74254
83.4901_48.5455_-2.6944
83.0411_48.3263_-2.67374
82.5967_48.0979_-2.65308
82.1557_47.8623_-2.64619
81.7164_47.6236_-2.6393
81.2768_47.386_-2.65996
80.8332_47.1555_-2.66685
80.388_46.9279_-2.67374
79.9413_46.7035_-2.68063
79.493_46.4821_-2.68752
79.0455_46.2599_-2.66685
78.6026_46.0284_-2.64619
78.1633_45.7897_-2.6393
77.7257_45.548_-2.63241
77.2897_45.3033_-2.62553
76.8564_45.0812_-2.75475
76.3949_44.9112_-2.85727
75.9159_44.7841_-2.93273
75.4269_44.6886_-2.98087
74.9334_44.6144_-3.01529
74.4534_44.5327_-2.88606
73.9849_44.391_-2.77014
73.5256_44.2011_-2.70831
73.075_43.9864_-2.6739
72.6306_43.758_-2.65323
72.1869_43.5339_-2.71506
71.7302_43.3326_-2.74948
71.2672_43.1449_-2.77014
70.8004_42.9667_-2.7908
70.3305_42.796_-2.79769
69.8612_42.6243_-2.77703
69.3945_42.445_-2.77014
68.9291_42.2624_-2.76325
68.4649_42.0767_-2.75636
68.002_41.8877_-2.74947
67.543_41.6917_-2.71505
67.0883_41.4839_-2.70816
66.6351_41.2728_-2.70128
66.1833_41.0587_-2.69439
65.733_40.8415_-2.6875
65.2958_40.6119_-2.59847
64.8734_40.3476_-2.55033
64.4605_40.0662_-2.52967
64.0535_39.7764_-2.50901
63.651_39.4799_-2.50212
63.2462_39.1969_-2.59114
62.8175_38.9432_-2.63928
62.3779_38.7056_-2.65995
61.9335_38.4772_-2.68061
61.4852_38.2559_-2.6875
61.0571_38.0239_-2.55827
60.6504_37.7407_-2.48281
60.2593_37.4307_-2.4484
59.8771_37.1088_-2.42773
59.5017_36.779_-2.40707
59.1315_36.4431_-2.40018
58.7635_36.1046_-2.39329
58.3963_35.7652_-2.40018
58.0284_35.4268_-2.39329
57.6612_35.0874_-2.40018
57.2885_34.7741_-2.52941
56.8785_34.5115_-2.65864
56.4367_34.3009_-2.77456
55.9692_34.1321_-2.83638
55.4915_33.9876_-2.8708
55.0108_33.867_-2.94626
54.5206_33.7781_-2.9944
54.0258_33.7082_-3.01506
53.5297_33.6486_-3.03572
53.0324_33.5969_-3.04261
52.5389_33.5376_-2.98079
52.0472_33.4521_-2.94637
51.5577_33.3518_-2.92571
51.0696_33.2436_-2.91882
50.5823_33.132_-2.91193
50.1133_33.0012_-2.7827
49.6538_32.8155_-2.70725
49.2035_32.6003_-2.67283
48.7593_32.3715_-2.65217
48.3199_32.1336_-2.63151
47.9054_31.8781_-2.50228
47.5274_31.5713_-2.37305
47.1798_31.218_-2.29759
46.8548_30.8404_-2.24945
46.5438_30.4493_-2.22879
46.23_30.0771_-2.35802
45.8708_29.7483_-2.48724
45.4723_29.4686_-2.61647
45.0397_29.2396_-2.73239
44.5802_29.0538_-2.80785
44.1081_28.9033_-2.88331
43.6244_28.7837_-2.93145
43.1352_28.6852_-2.96587
42.6426_28.6013_-2.98653
42.1485_28.5252_-2.99342
41.6704_28.433_-2.86419
41.2082_28.2799_-2.73496
40.7696_28.0685_-2.60574
40.3618_27.8024_-2.47651
39.9918_27.486_-2.34729
39.6362_27.1534_-2.47651
39.2407_26.8695_-2.60574
38.8119_26.6388_-2.73496
38.3569_26.4654_-2.86419
37.8834_26.352_-2.99342
37.3992_26.3006_-3.12264
36.9125_26.312_-3.25187
36.4312_26.3861_-3.38109
35.9636_26.5215_-3.51032
35.5173_26.7161_-3.63955
35.08_26.9303_-3.51032
34.6188_27.0864_-3.38109
34.1414_27.1817_-3.25187
33.6556_27.2147_-3.12264
33.1557_27.2064_-3.12953
32.6695_27.1799_-3.00031
32.1908_27.091_-2.87108
31.7276_26.9411_-2.74185
31.2875_26.7328_-2.61263
30.878_26.4695_-2.4834
30.5057_26.1556_-2.35417
30.1771_25.7964_-2.22495
29.8975_25.3978_-2.09572
29.6715_24.9665_-1.9665
29.5031_24.5097_-1.83727
29.3949_24.035_-1.70804
29.3488_23.5503_-1.57882
29.3655_23.0637_-1.44959
29.4448_22.5833_-1.32037
29.5853_22.1171_-1.19114
29.779_21.6593_-1.12931
29.999_21.2124_-1.08117
30.2371_20.773_-1.06051
30.4841_20.3387_-1.03985
30.7382_19.9082_-1.03296
31.0036_19.4917_-0.943933
31.2723_19.0856_-1.07316
31.4863_18.6483_-1.20239
31.6423_18.1871_-1.33161
31.6713_18.0622_-1.36562
31.7906_17.5901_-1.23639
31.9697_17.1374_-1.10717
32.2024_16.6998_-1.03171
32.4649_16.2764_-0.983565
32.7462_15.8641_-0.949149
33.0415_15.4618_-0.914732
33.349_15.0679_-0.89407
33.6468_14.674_-0.983096
33.9163_14.255_-1.03124
34.1722_13.8255_-1.03813
