configuration 176.556686401_134.7056427_-0.977472527886_0.211062685542_59.5791053772_36.8438796997_0.982426073578_-0.18665210943
length 190.741
time 12.2079
roughness 9.29756e-05
176.557_134.706_-2.71627
176.101_134.5_-2.72316
175.644_134.296_-2.71627
175.189_134.091_-2.72316
174.732_133.887_-2.71627
174.276_133.682_-2.72316
173.84_133.465_-2.59393
173.424_133.196_-2.51847
173.022_132.901_-2.48406
172.628_132.592_-2.4634
172.24_132.278_-2.45651
171.853_131.961_-2.44962
171.469_131.641_-2.44273
171.087_131.318_-2.43584
170.706_130.995_-2.44273
170.324_130.672_-2.43584
169.94_130.373_-2.56506
169.518_130.113_-2.64052
169.077_129.881_-2.68866
168.627_129.665_-2.70933
168.172_129.457_-2.71622
167.716_129.251_-2.7231
167.259_129.049_-2.72999
166.8_128.85_-2.73688
166.341_128.652_-2.72999
165.882_128.453_-2.73688
165.443_128.243_-2.60766
165.026_127.979_-2.51863
164.626_127.682_-2.47049
164.239_127.367_-2.43607
163.859_127.042_-2.42918
163.477_126.74_-2.55841
163.057_126.48_-2.64744
162.615_126.251_-2.69558
162.163_126.038_-2.71624
161.706_125.835_-2.7369
161.246_125.64_-2.74379
160.785_125.447_-2.75068
160.322_125.257_-2.75757
159.859_125.069_-2.75068
159.396_124.88_-2.75757
158.932_124.696_-2.77823
158.464_124.519_-2.78512
157.995_124.346_-2.79201
157.526_124.173_-2.78512
157.057_124_-2.79201
156.588_123.826_-2.77135
156.123_123.644_-2.76446
155.658_123.458_-2.75757
155.195_123.27_-2.75068
154.733_123.078_-2.74379
154.271_122.89_-2.77821
153.803_122.716_-2.79887
153.332_122.549_-2.80576
152.859_122.385_-2.81265
152.386_122.225_-2.81954
151.916_122.06_-2.77139
151.453_121.874_-2.73698
150.993_121.676_-2.73009
150.536_121.475_-2.7232
150.079_121.271_-2.71631
149.628_121.089_-2.84554
149.156_120.967_-2.97476
148.673_120.906_-3.10399
148.186_120.909_-3.23321
147.704_120.974_-3.36244
147.225_121.06_-3.23321
146.738_121.084_-3.10399
146.253_121.045_-2.97476
145.777_120.944_-2.84554
145.317_120.782_-2.71631
144.883_120.563_-2.58708
144.48_120.289_-2.45786
144.116_119.966_-2.32863
143.797_119.598_-2.19941
143.494_119.217_-2.32863
143.145_118.878_-2.45786
142.753_118.58_-2.56037
142.332_118.316_-2.6222
141.896_118.073_-2.65662
141.452_117.851_-2.71844
140.994_117.651_-2.75286
140.531_117.462_-2.75975
140.067_117.277_-2.76664
139.601_117.095_-2.77353
139.137_116.934_-2.87605
138.654_116.813_-2.93787
138.164_116.718_-2.97229
137.671_116.637_-2.99295
137.177_116.567_-3.01361
136.697_116.484_-2.88439
136.232_116.34_-2.75516
135.789_116.138_-2.62593
135.376_115.88_-2.49671
134.975_115.604_-2.62593
134.541_115.382_-2.75516
134.083_115.218_-2.88439
133.607_115.114_-3.01361
133.122_115.073_-3.14284
132.636_115.052_-3.01361
132.156_114.97_-2.88439
131.682_114.83_-2.79536
131.216_114.654_-2.74722
130.756_114.459_-2.72656
130.319_114.244_-2.59733
129.914_113.974_-2.4681
129.537_113.655_-2.37908
129.183_113.305_-2.33094
128.843_112.939_-2.29652
128.505_112.589_-2.42575
128.124_112.285_-2.55497
127.704_112.022_-2.63043
127.266_111.785_-2.67857
126.818_111.565_-2.69923
126.369_111.375_-2.82846
125.9_111.245_-2.95769
125.418_111.176_-3.08691
124.931_111.17_-3.21614
124.447_111.227_-3.34536
123.967_111.305_-3.21614
123.48_111.321_-3.08691
122.996_111.274_-2.95769
122.521_111.165_-2.82846
122.065_110.995_-2.69923
121.634_110.768_-2.57001
121.236_110.488_-2.44078
120.851_110.19_-2.57001
120.431_109.944_-2.69923
120.22_109.849_-2.76045
119.776_109.649_-2.63122
119.362_109.394_-2.50199
118.984_109.087_-2.37277
118.649_108.734_-2.24354
118.362_108.34_-2.11432
118.092_107.935_-2.24354
117.773_107.567_-2.37277
117.409_107.244_-2.50199
117.006_106.97_-2.63122
116.568_106.739_-2.70668
116.118_106.552_-2.8359
115.645_106.42_-2.93842
115.156_106.33_-3.00025
114.661_106.268_-3.04839
114.164_106.227_-3.08281
113.68_106.178_-2.95358
113.206_106.067_-2.82435
112.75_105.895_-2.69513
112.311_105.669_-2.6061
111.887_105.408_-2.55796
111.469_105.157_-2.68719
111.023_104.962_-2.81641
110.556_104.826_-2.94564
110.074_104.752_-3.07487
109.818_104.74_-3.14288
109.332_104.72_-3.01365
108.852_104.638_-2.88443
108.387_104.494_-2.7552
107.944_104.292_-2.62597
107.531_104.034_-2.49675
107.13_103.758_-2.62597
106.696_103.536_-2.7552
106.238_103.372_-2.88443
105.762_103.268_-3.01365
105.273_103.222_-3.11617
104.787_103.189_-2.98694
104.309_103.094_-2.85772
103.848_102.938_-2.72849
103.411_102.723_-2.59927
102.999_102.456_-2.49675
102.619_102.147_-2.38083
102.266_101.797_-2.319
101.931_101.427_-2.28458
101.606_101.047_-2.26392
101.288_100.662_-2.25703
100.963_100.298_-2.38626
100.595_99.98_-2.51549
100.188_99.7085_-2.63141
99.7494_99.4774_-2.70686
99.2942_99.2748_-2.75501
98.8378_99.078_-2.69318
98.3906_98.8565_-2.65876
97.9496_98.6214_-2.6381
97.5136_98.3773_-2.61744
97.0814_98.1261_-2.61055
96.6478_97.8807_-2.65869
96.2037_97.6518_-2.67935
95.7549_97.432_-2.70002
95.3024_97.2194_-2.70691
94.8485_97.0099_-2.7138
94.3973_96.8268_-2.84302
93.9263_96.7035_-2.97225
93.4359_96.6322_-3.04771
92.9402_96.5958_-3.10953
92.4412_96.5855_-3.14395
91.9547_96.566_-3.01472
91.4748_96.484_-2.8855
91.0094_96.3408_-2.75627
90.5664_96.1388_-2.62704
90.1531_95.8815_-2.49782
89.7764_95.573_-2.36859
89.4426_95.2185_-2.23937
89.1248_94.8496_-2.36859
88.7622_94.5247_-2.49782
88.4686_94.3184_-2.59304
88.0405_94.0763_-2.69555
87.5878_93.8711_-2.75738
87.123_93.6893_-2.7918
86.6524_93.5213_-2.81246
86.1784_93.3631_-2.83312
85.7087_93.2351_-2.96235
85.2264_93.1686_-3.09157
84.7326_93.1585_-3.1806
84.2365_93.1881_-3.24243
83.7405_93.244_-3.27684
83.2557_93.2891_-3.14762
82.7692_93.2714_-3.01839
82.2889_93.1912_-2.88916
81.8231_93.0497_-2.75994
81.3793_92.8494_-2.63071
80.9449_92.6295_-2.75994
80.4857_92.4675_-2.88916
80.0095_92.366_-3.01839
79.5293_92.2857_-2.88916
79.0634_92.1442_-2.75994
78.5999_91.9739_-2.84896
78.1401_91.8138_-2.71974
77.7047_91.5958_-2.59051
77.3011_91.3235_-2.46128
77.2023_91.2417_-2.42728
76.8213_90.9386_-2.5565
76.4043_90.6872_-2.68573
75.9585_90.4916_-2.81496
75.5044_90.3159_-2.68573
75.0767_90.0833_-2.5565
74.6825_89.7974_-2.42728
74.3285_89.4631_-2.29805
74.0205_89.086_-2.16883
73.7637_88.6724_-2.0396
73.5623_88.2291_-1.91037
73.4197_87.7635_-1.78115
73.326_87.2754_-1.71932
73.2578_86.781_-1.6849
73.2229_86.2954_-1.55568
73.2509_85.8093_-1.42645
73.3363_85.3229_-1.33743
73.4611_84.8418_-1.2756
73.6118_84.366_-1.24118
73.7887_83.9124_-1.11196
74.0227_83.4854_-0.982731
74.3097_83.0921_-0.853504
74.6139_82.712_-0.982731
74.8666_82.2958_-1.11196
75.0636_81.8505_-1.24118
75.2069_81.3801_-1.3437
75.3288_80.8982_-1.28187
75.4744_80.4202_-1.26121
75.6186_79.9434_-1.30935
75.7586_79.468_-1.2339
75.9308_79.0005_-1.18575
76.1217_78.5387_-1.16509
76.3201_78.0798_-1.1582
76.5216_77.6222_-1.15131
76.7242_77.1651_-1.1582
76.9236_76.7067_-1.16509
77.122_76.2477_-1.1582
77.3214_75.7893_-1.16509
77.5198_75.3303_-1.1582
77.7122_74.8708_-1.20634
77.8847_74.4025_-1.24076
78.0434_73.9287_-1.26142
78.1945_73.4521_-1.26831
78.3424_72.9745_-1.2752
78.4912_72.4975_-1.25454
78.6499_72.0237_-1.23388
78.8163_71.5522_-1.22699
78.9859_71.0819_-1.2201
79.1587_70.6128_-1.21321
79.3451_70.1555_-1.12418
79.5689_69.7117_-1.06236
79.8169_69.2786_-1.02794
80.0779_68.8525_-1.00728
80.346_68.4305_-1.00039
80.6031_68.0068_-1.07585
80.8326_67.5646_-1.12399
81.0431_67.1121_-1.15841
81.2402_66.653_-1.17907
81.4301_66.1904_-1.18596
81.6318_65.7473_-1.05673
81.889_65.3339_-0.927506
82.1973_64.957_-0.79828
82.5516_64.623_-0.669054
82.9459_64.3375_-0.539828
83.3526_64.0698_-0.669054
83.7214_63.7519_-0.79828
84.0461_63.3891_-0.927506
84.3214_62.9875_-1.05673
84.5426_62.5538_-1.18596
84.7061_62.0951_-1.31518
84.8092_61.6193_-1.44441
84.85_61.1341_-1.57364
84.8378_60.7754_-1.66886
84.8325_60.7244_-1.68246
84.7691_60.2303_-1.7306
84.684_59.7385_-1.76502
84.6104_59.2572_-1.63579
84.5994_58.7704_-1.50657
84.6512_58.2863_-1.37734
84.765_57.8129_-1.24811
84.9388_57.3581_-1.11889
85.1327_56.9115_-1.24811
85.2674_56.4436_-1.37734
85.3032_56.2416_-1.43175
85.391_55.7627_-1.30252
85.5399_55.2991_-1.1733
85.7472_54.8586_-1.04407
86.0096_54.4484_-0.914846
86.1705_54.2488_-0.846832
86.4772_53.8707_-0.976058
86.7327_53.4562_-1.10528
86.9326_53.0122_-1.23451
87.0118_52.7684_-1.30252
87.0185_52.7436_-1.30933
87.163_52.276_-1.1934
87.3615_51.8313_-1.06418
87.5794_51.396_-1.1934
87.7395_50.9361_-1.32263
87.839_50.4595_-1.45186
87.8762_49.9741_-1.58108
87.8506_49.4878_-1.71031
87.7625_49.009_-1.83954
87.6135_48.5455_-1.96876
87.4059_48.105_-2.09799
87.1434_47.695_-2.22721
86.8301_47.3222_-2.35644
86.4715_46.993_-2.48567
86.0734_46.7126_-2.61489
85.6389_46.4743_-2.69035
85.1871_46.2642_-2.73849
84.7262_46.0714_-2.75915
84.2619_45.8859_-2.76604
83.7964_45.7036_-2.77293
83.3296_45.5245_-2.77982
82.8616_45.3486_-2.78671
82.3924_45.176_-2.7936
81.9228_45.0044_-2.78671
81.4536_44.8317_-2.7936
80.984_44.6602_-2.78671
80.5147_44.4875_-2.7936
80.0451_44.3159_-2.78671
79.5759_44.1433_-2.7936
79.1063_43.9717_-2.78671
78.6371_43.7991_-2.7936
78.1675_43.6275_-2.78671
77.6983_43.4548_-2.7936
77.2287_43.2833_-2.78671
76.7603_43.1085_-2.77982
76.2931_42.9304_-2.77293
75.8263_42.7513_-2.77982
75.3591_42.5733_-2.77293
74.8923_42.3942_-2.77982
74.4243_42.2183_-2.78671
73.9551_42.0457_-2.7936
73.4848_41.8763_-2.80049
73.014_41.7079_-2.7936
72.5436_41.5385_-2.80049
72.0728_41.3702_-2.7936
71.6024_41.2008_-2.80049
71.1317_41.0325_-2.7936
70.6613_40.863_-2.80049
70.1893_40.6991_-2.82115
69.7139_40.545_-2.84181
69.2356_40.4007_-2.86247
68.7622_40.2866_-2.9917
68.2782_40.2343_-3.12093
67.7922_40.2036_-2.9917
67.3087_40.1138_-2.88918
66.8301_39.9798_-2.82736
66.3588_39.8182_-2.77922
65.8928_39.6379_-2.75855
65.4306_39.448_-2.73789
64.9713_39.2505_-2.731
64.5134_39.0499_-2.72411
64.0568_38.8461_-2.71722
63.6007_38.6413_-2.72411
63.1644_38.4252_-2.59489
62.7532_38.1555_-2.49237
62.3661_37.8461_-2.41691
62.0155_37.5082_-2.28769
61.7115_37.1279_-2.15846
61.4246_36.7345_-2.28769
61.0894_36.3813_-2.41691
60.7115_36.0743_-2.54614
60.2972_35.8186_-2.67536
60.089_35.719_-2.73658
