configuration -14.0353517532_151.94859314_0.0_1.0_147.259887695_176.039077759_0.145212769539_0.989400450557
length 185.768
time 6.75855
roughness 6.09359e-05
-14.0354_151.949_-0
-13.5399_151.961_0.0754582
-13.0438_152.006_0.1236
-12.5484_152.072_0.144262
-12.0538_152.145_0.151151
-11.5597_152.221_0.15804
-11.0678_152.305_0.192457
-10.578_152.404_0.213119
-10.0896_152.511_0.220008
-9.60191_152.621_0.226897
-9.11503_152.735_0.233787
-8.63302_152.832_0.13127
-8.13903_152.887_0.0694432
-7.64078_152.916_0.0350266
-7.14109_152.933_0.0281373
-6.64129_152.946_0.0212481
-6.15451_152.935_-0.107978
-5.67311_152.862_-0.237204
-5.20513_152.728_-0.36643
-4.75837_152.534_-0.495656
-4.34027_152.285_-0.624882
-3.95781_151.984_-0.754109
-3.61737_151.636_-0.883335
-3.29273_151.273_-0.754109
-2.92404_150.955_-0.624882
-2.51744_150.687_-0.495656
-2.07819_150.448_-0.502546
-1.6406_150.206_-0.509435
-1.20468_149.961_-0.516324
-0.770458_149.714_-0.523213
-0.337955_149.463_-0.530102
0.0921673_149.235_-0.400876
0.548106_149.064_-0.27165
1.02226_148.953_-0.142424
1.51294_148.897_-0.0533986
2.0108_148.879_-0.00525649
2.49735_148.897_0.12397
2.98304_148.974_0.226486
3.46499_149.096_0.288313
3.94182_149.243_0.32273
4.41459_149.405_0.343391
4.88527_149.56_0.267933
5.36775_149.684_0.219791
5.85614_149.79_0.199129
6.3466_149.885_0.178468
6.83883_149.973_0.171578
7.33125_150.059_0.178468
7.82347_150.147_0.171578
8.3159_150.233_0.178468
8.80812_150.321_0.171578
9.30055_150.408_0.178468
9.79288_150.493_0.157806
10.2868_150.57_0.150917
10.7813_150.644_0.144027
11.2762_150.715_0.137138
11.7713_150.784_0.144027
12.2663_150.853_0.123366
12.7626_150.911_0.102704
13.26_150.961_0.0958146
13.7578_151.008_0.0889254
14.2559_151.051_0.0820362
14.739_151.111_0.211262
15.2208_151.227_0.28672
15.6979_151.374_0.321137
16.1709_151.535_0.341799
16.6405_151.706_0.362461
17.1072_151.867_0.273435
17.589_151.994_0.225293
18.0767_152.1_0.190876
18.5678_152.194_0.183987
19.0596_152.284_0.177098
19.5513_152.364_0.128956
20.047_152.422_0.0945392
20.5447_152.466_0.0738775
21.0434_152.502_0.0669883
21.5423_152.534_0.0600991
22.0377_152.574_0.121926
22.5324_152.641_0.156342
23.0261_152.719_0.163231
23.5192_152.802_0.170121
24.0118_152.888_0.17701
24.5027_152.965_0.115183
24.9991_153.017_0.0807667
25.4974_153.054_0.0601049
25.9966_153.083_0.0532157
26.4959_153.108_0.0463265
26.9809_153.151_0.175553
27.4592_153.255_0.291473
27.9302_153.409_0.366932
28.394_153.594_0.401348
28.8526_153.792_0.42201
29.3088_153.981_0.332985
29.7822_154.136_0.284842
30.2628_154.271_0.250426
30.7477_154.391_0.229764
31.2348_154.504_0.222875
31.7046_154.632_0.352101
32.1654_154.814_0.427559
32.6154_155.028_0.475701
33.0564_155.262_0.510118
33.4908_155.509_0.53078
33.9225_155.761_0.52389
34.356_156.01_0.517001
34.7901_156.258_0.52389
35.2235_156.507_0.517001
35.6576_156.755_0.52389
36.0891_156.981_0.394664
36.5493_157.154_0.292148
37.0281_157.288_0.230321
37.5152_157.396_0.195904
38.006_157.49_0.175243
38.4886_157.554_0.0460165
38.9876_157.581_0.0666782
39.4865_157.613_0.059789
39.933_157.641_0.065953
39.9586_157.642_0.0727544
40.4423_157.698_0.201981
40.9147_157.816_0.331207
41.368_157.994_0.460433
41.7946_158.228_0.589659
42.1874_158.516_0.718885
42.5399_158.852_0.848111
42.8462_159.231_0.977337
43.1011_159.645_1.10656
43.3005_160.09_1.23579
43.4409_160.556_1.36502
43.5605_161.028_1.23579
43.7399_161.48_1.10656
43.9756_161.909_0.990643
44.2576_162.317_0.915184
44.5676_162.707_0.867042
44.8981_163.064_0.737816
45.2719_163.376_0.60859
45.6828_163.638_0.479364
46.124_163.844_0.350138
46.5914_163.997_0.247621
47.0756_164.108_0.185794
47.5672_164.195_0.151378
48.0616_164.267_0.130716
48.5575_164.331_0.123827
49.0538_164.392_0.116938
49.5485_164.439_0.0551111
50.0471_164.461_0.0206945
50.5467_164.468_3.27449e-05
51.0467_164.467_-0.00685647
51.5466_164.462_-0.0137457
52.0333_164.476_0.11548
52.5141_164.553_0.244707
52.9811_164.691_0.373933
53.4264_164.888_0.503159
53.8426_165.14_0.632385
54.2472_165.411_0.503159
54.6833_165.628_0.373933
55.1437_165.786_0.244707
55.6274_165.894_0.169248
56.1197_165.97_0.121106
56.6001_166.05_0.250332
57.0663_166.19_0.379558
57.5105_166.389_0.508785
57.9253_166.644_0.638011
58.3037_166.951_0.767237
58.6682_167.274_0.638011
59.0723_167.55_0.52209
59.5081_167.789_0.460263
59.9577_168.005_0.425847
60.4142_168.209_0.405185
60.8531_168.419_0.534411
61.2612_168.685_0.663637
61.6351_169.001_0.779558
61.9759_169.358_0.868583
62.296_169.742_0.889245
62.6081_170.132_0.909907
62.923_170.503_0.780681
63.2831_170.831_0.651455
63.6825_171.11_0.522229
64.1144_171.334_0.393002
64.5716_171.502_0.263776
65.0466_171.609_0.13455
65.5259_171.694_0.263776
65.9902_171.841_0.393002
66.4316_172.046_0.522229
66.5201_172.098_0.549434
66.9306_172.369_0.651951
67.3169_172.68_0.727409
67.6836_173.017_0.775551
68.036_173.37_0.809968
68.3564_173.737_0.939194
68.6603_174.117_0.809968
69.0107_174.455_0.680742
69.4017_174.746_0.551516
69.8268_174.983_0.422289
70.279_175.163_0.293063
70.7507_175.284_0.163837
71.234_175.343_0.0346111
71.7209_175.339_-0.094615
72.2109_175.278_-0.18364
72.6992_175.179_-0.231783
73.1814_175.083_-0.129266
73.6755_175.029_-0.0674393
74.1738_175.001_-0.0330226
74.6733_174.988_-0.0123609
75.1732_174.983_-0.00547164
75.6596_174.959_-0.134698
76.1388_174.874_-0.263924
76.6031_174.727_-0.39315
77.0445_174.521_-0.522376
77.4558_174.261_-0.651602
77.8334_173.949_-0.767523
78.1839_173.597_-0.82935
78.5167_173.225_-0.863766
78.8387_172.843_-0.884428
79.1546_172.456_-0.891317
79.4443_172.064_-1.02054
79.681_171.639_-1.14977
79.861_171.186_-1.279
79.9812_170.714_-1.40822
80.0396_170.231_-1.53745
80.0764_169.746_-1.40822
80.1707_169.261_-1.3192
80.3024_168.78_-1.27105
80.4552_168.305_-1.23664
80.6224_167.834_-1.21598
80.7971_167.366_-1.20909
80.973_166.898_-1.21598
81.1478_166.43_-1.20909
81.3236_165.961_-1.21598
81.4984_165.493_-1.20909
81.6898_165.045_-1.07986
81.9369_164.623_-0.96394
82.2287_164.22_-0.902113
82.5425_163.832_-0.867696
82.8682_163.453_-0.847035
83.2017_163.081_-0.826373
83.5161_162.71_-0.955599
83.78_162.3_-1.08483
83.989_161.861_-1.21405
84.1704_161.397_-1.16591
84.3684_160.938_-1.15902
84.5553_160.479_-1.23448
84.7122_160.006_-1.28262
84.8509_159.526_-1.30328
84.9797_159.043_-1.32394
85.1007_158.558_-1.33083
85.2364_158.09_-1.20161
85.4312_157.644_-1.07238
85.6818_157.227_-0.943155
85.9842_156.845_-0.813928
86.3332_156.505_-0.684702
86.7231_156.214_-0.555476
87.1473_155.975_-0.42625
87.5987_155.792_-0.297024
88.0699_155.67_-0.167798
88.5553_155.607_-0.0518771
89.04_155.561_-0.181103
89.5148_155.453_-0.310329
89.9843_155.324_-0.181103
90.4665_155.257_-0.0518771
90.7997_155.249_0.0365408
91.2851_155.287_0.165767
91.7695_155.383_0.254792
92.2496_155.516_0.302934
92.7255_155.669_0.323596
93.1981_155.831_0.344258
93.663_155.976_0.215032
94.1483_156.067_0.126006
94.6435_156.121_0.0778643
95.1415_156.155_0.0434477
95.6408_156.173_0.0227859
96.1267_156.205_0.152012
96.61_156.295_0.254529
97.0884_156.43_0.316355
97.5609_156.591_0.350772
98.0289_156.766_0.371434
98.4952_156.946_0.364545
98.9627_157.124_0.357655
99.4315_157.298_0.350766
99.9014_157.468_0.343877
100.372_157.636_0.336988
100.844_157.802_0.343877
101.314_157.972_0.350766
101.784_158.143_0.343877
102.254_158.312_0.350766
102.724_158.483_0.343877
103.195_158.653_0.350766
103.664_158.825_0.357655
104.132_159.001_0.364545
104.598_159.181_0.371434
105.065_159.361_0.364545
105.531_159.541_0.371434
105.997_159.723_0.378323
106.462_159.907_0.371434
106.927_160.089_0.378323
107.392_160.273_0.371434
107.858_160.455_0.378323
108.322_160.641_0.385212
108.785_160.83_0.392101
109.247_161.02_0.385212
109.71_161.209_0.392101
110.173_161.399_0.385212
110.636_161.586_0.378323
111.101_161.769_0.371434
111.567_161.952_0.378323
112.032_162.135_0.371434
112.499_162.314_0.350772
112.969_162.482_0.33011
113.443_162.643_0.323221
113.917_162.801_0.316332
114.392_162.957_0.323221
114.866_163.115_0.316332
115.341_163.272_0.323221
115.815_163.429_0.316332
116.29_163.586_0.323221
116.765_163.744_0.316332
117.237_163.904_0.350748
117.705_164.079_0.37141
118.171_164.262_0.378299
118.635_164.448_0.385189
119.099_164.634_0.378299
119.563_164.82_0.385189
120.026_165.009_0.392078
120.488_165.199_0.385189
120.951_165.388_0.392078
121.413_165.58_0.398967
121.875_165.769_0.36455
122.343_165.943_0.343889
122.814_166.111_0.336999
123.286_166.275_0.33011
123.759_166.436_0.323221
124.231_166.6_0.357638
124.698_166.778_0.378299
125.162_166.964_0.385189
125.625_167.153_0.392078
126.087_167.343_0.385189
126.55_167.532_0.392078
127.013_167.722_0.385189
127.475_167.911_0.392078
127.938_168.101_0.385189
128.401_168.29_0.392078
128.863_168.48_0.385189
129.326_168.668_0.392078
129.789_168.858_0.385189
130.252_169.047_0.392078
130.714_169.237_0.385189
131.179_169.42_0.350772
131.649_169.588_0.33011
132.122_169.749_0.323221
132.597_169.907_0.316332
133.072_170.061_0.309443
133.546_170.219_0.343859
134.015_170.39_0.364521
134.481_170.572_0.385183
134.944_170.761_0.392072
135.405_170.953_0.398961
135.866_171.148_0.40585
136.325_171.344_0.398961
136.786_171.539_0.40585
137.245_171.736_0.398961
137.706_171.931_0.40585
138.165_172.13_0.41274
138.623_172.329_0.40585
139.083_172.525_0.398961
139.543_172.721_0.40585
140.002_172.919_0.41274
140.46_173.119_0.40585
140.92_173.315_0.398961
141.38_173.51_0.40585
141.839_173.709_0.41274
142.298_173.908_0.40585
142.758_174.104_0.398961
143.218_174.3_0.40585
143.677_174.498_0.41274
144.135_174.698_0.40585
144.595_174.894_0.398961
145.055_175.089_0.40585
145.514_175.288_0.41274
145.974_175.48_0.364597
146.442_175.655_0.343936
146.913_175.823_0.337047
