configuration 46.843963623_148.978851318_-0.536406748472_0.843959596304_156.577575684_33.1800613403_0.186652677497_0.98242596565
length 205.545
time 6.99387
roughness 8.40079e-05
46.844_148.979_-1.13235
47.0667_148.538_-1.04332
47.3243_148.112_-0.99518
47.6008_147.696_-0.960763
47.8881_147.287_-0.953874
48.1783_146.88_-0.946985
48.4457_146.473_-1.07621
48.6585_146.035_-1.20544
48.813_145.573_-1.33466
48.9067_145.096_-1.46389
48.9314_144.789_-1.54551
48.9643_144.303_-1.41628
49.0596_143.826_-1.28705
49.2155_143.364_-1.15783
49.4297_142.927_-1.0286
49.6984_142.521_-0.899375
49.9848_142.127_-1.0286
50.2182_141.7_-1.15783
50.3945_141.246_-1.28705
50.5109_140.773_-1.41628
50.5654_140.29_-1.54551
50.5983_139.804_-1.41628
50.6935_139.326_-1.28705
50.8495_138.865_-1.15783
51.0637_138.428_-1.0286
51.3324_138.022_-0.899375
51.6473_137.635_-0.864959
51.974_137.257_-0.844297
52.307_136.884_-0.837408
52.6425_136.513_-0.830518
52.9789_136.143_-0.837408
53.2892_135.768_-0.966634
53.5576_135.353_-1.05566
53.7961_134.916_-1.1038
54.018_134.468_-1.12446
54.2305_134.016_-1.14512
54.4126_133.565_-1.27435
54.535_133.093_-1.40358
54.6278_132.605_-1.34175
54.7446_132.119_-1.32109
54.867_131.634_-1.32798
55.004_131.167_-1.19875
55.2001_130.721_-1.06953
55.4519_130.305_-0.9403
55.7547_129.915_-0.851274
56.089_129.545_-0.803132
56.4119_129.181_-0.932358
56.6853_128.778_-1.06158
56.916_128.339_-1.13704
57.1181_127.884_-1.18518
57.3005_127.419_-1.2196
57.481_126.956_-1.15777
57.6866_126.502_-1.12336
57.9058_126.053_-1.1027
58.1324_125.607_-1.09581
58.3621_125.163_-1.08892
58.5693_124.722_-1.21814
58.7207_124.257_-1.33406
58.8248_123.772_-1.40952
58.8969_123.279_-1.45767
58.9476_122.783_-1.49208
59.0064_122.299_-1.36286
59.127_121.828_-1.23363
59.3074_121.375_-1.1044
59.5413_120.939_-1.02895
59.8036_120.514_-0.994529
60.0513_120.095_-1.12375
60.243_119.647_-1.25298
60.3808_119.175_-1.3555
60.4745_118.688_-1.43096
60.5384_118.194_-1.46537
60.6101_117.712_-1.33615
60.7374_117.233_-1.26069
60.897_116.761_-1.21255
61.0773_116.296_-1.17813
61.2717_115.835_-1.15747
61.4482_115.382_-1.28669
61.5648_114.909_-1.41592
61.6515_114.419_-1.35409
61.7623_113.932_-1.33343
61.8764_113.446_-1.35409
62.0012_112.975_-1.22487
62.1855_112.524_-1.09564
62.4264_112.101_-0.966415
62.7198_111.713_-0.837189
63.0609_111.365_-0.707963
63.4203_111.033_-0.823883
63.7504_110.661_-0.88571
64.0618_110.271_-0.920127
64.3617_109.872_-0.940788
64.6553_109.467_-0.947678
64.9224_109.06_-1.0769
65.1464_108.618_-1.15236
65.3415_108.159_-1.2005
65.5191_107.692_-1.22117
65.687_107.222_-1.24183
65.8379_106.748_-1.30365
65.9617_106.266_-1.3518
66.0669_105.777_-1.37246
66.162_105.287_-1.39312
66.2492_104.794_-1.40001
66.3522_104.318_-1.27078
66.5157_103.86_-1.14156
66.7369_103.426_-1.01233
67.0122_103.025_-0.883104
67.337_102.655_-0.780588
67.6681_102.298_-0.909814
67.9505_101.902_-1.03904
68.191_101.468_-1.1145
68.4033_101.018_-1.16264
68.5962_100.557_-1.19706
68.7546_100.097_-1.32628
68.8523_99.6199_-1.45551
68.8878_99.1343_-1.58474
68.8604_98.6482_-1.71396
68.7705_98.1697_-1.84319
68.6595_97.6956_-1.71396
68.6105_97.2112_-1.58474
68.6244_96.7245_-1.45551
68.7008_96.2437_-1.32628
68.8386_95.7767_-1.19706
69.0354_95.3313_-1.06783
69.288_94.9151_-0.938605
69.5921_94.5348_-0.809378
69.9427_94.1969_-0.680152
70.3347_93.9038_-0.564232
70.7578_93.6374_-0.557342
71.1827_93.374_-0.550453
71.6094_93.1134_-0.543564
72.0379_92.8558_-0.536675
72.467_92.5992_-0.543564
72.8911_92.3362_-0.577981
73.3078_92.0604_-0.598642
73.7201_91.7777_-0.605532
74.1305_91.4922_-0.612421
74.539_91.2038_-0.61931
74.8839_90.9376_-0.734933
75.2586_90.6267_-0.605707
75.6703_90.3667_-0.476481
76.112_90.162_-0.347255
76.5765_90.0158_-0.218029
77.0559_89.9307_-0.0888027
77.5422_89.9082_0.0404234
78.0275_89.9484_0.16965
78.5035_90.0509_0.298876
78.9623_90.2139_0.428102
79.3963_90.4346_0.557328
79.8185_90.7018_0.57799
80.2366_90.9759_0.584879
80.6528_91.2529_0.591768
81.0671_91.5327_0.598657
81.4808_91.8135_0.591768
81.873_92.102_0.720994
82.2248_92.4386_0.85022
82.5613_92.7905_0.720994
82.9403_93.0962_0.591768
83.0475_93.1665_0.557761
83.4739_93.4258_0.523345
83.9084_93.6725_0.502683
84.3479_93.9102_0.482021
84.7915_94.141_0.475132
85.2366_94.3687_0.468243
85.68_94.5698_0.339017
86.1456_94.7121_0.20979
86.6257_94.7932_0.0805643
87.1122_94.8118_-0.0486619
87.5999_94.7694_-0.164583
88.0831_94.71_-0.0353565
88.57_94.7135_0.0938696
89.0524_94.7796_0.223096
89.5328_94.9013_0.298554
90.0066_95.0555_0.346696
90.4723_95.2322_0.394838
90.9308_95.4295_0.429255
91.3837_95.6405_0.449917
91.8334_95.859_0.456806
92.2816_96.0806_0.463695
92.7296_96.2883_0.37467
93.1961_96.4632_0.326527
93.6706_96.6179_0.292111
94.1497_96.7607_0.285222
94.6298_96.9003_0.278332
95.0919_97.0538_0.407558
95.5393_97.2628_0.496584
95.9735_97.5072_0.544726
96.3973_97.7707_0.579143
96.8136_98.047_0.599804
97.2035_98.3386_0.729031
97.5526_98.6781_0.858257
97.8582_99.0604_0.974177
98.1235_99.4769_1.0632
98.3508_99.9154_1.15223
98.5673_100.351_1.023
98.8383_100.756_0.893776
99.1591_101.122_0.76455
99.5245_101.444_0.635324
99.9293_101.719_0.519403
100.362_101.943_0.390177
100.82_102.109_0.260951
101.295_102.214_0.131725
101.78_102.258_0.00249854
102.271_102.242_-0.100018
102.584_102.208_-0.130424
103.069_102.165_-0.00119768
103.556_102.185_0.128028
104.035_102.268_0.257255
104.501_102.411_0.386481
104.943_102.614_0.515707
105.377_102.836_0.386481
105.835_103_0.257255
106.311_103.104_0.128028
106.796_103.145_-0.00119768
107.282_103.124_-0.130424
107.762_103.04_-0.25965
108.227_102.896_-0.388876
108.669_102.692_-0.518102
109.082_102.433_-0.647328
109.457_102.123_-0.776554
109.79_101.768_-0.905781
110.077_101.371_-1.0217
110.325_100.942_-1.09716
110.547_100.496_-1.13158
110.757_100.042_-1.15224
110.952_99.5835_-1.20038
111.13_99.1165_-1.22104
111.298_98.6459_-1.2417
111.458_98.1724_-1.24859
111.615_97.6978_-1.25548
111.771_97.2229_-1.24859
111.931_96.749_-1.2417
112.093_96.2763_-1.23481
112.259_95.8046_-1.22793
112.426_95.3334_-1.23481
112.567_94.8673_-1.36404
112.647_94.387_-1.49327
112.668_93.8957_-1.59578
112.646_93.3991_-1.65761
112.593_92.905_-1.71944
112.541_92.4208_-1.59021
112.552_91.9341_-1.46098
112.626_91.4528_-1.33176
112.761_90.9851_-1.20253
112.956_90.5386_-1.07331
113.186_90.0971_-1.12145
113.398_89.6451_-1.15586
113.596_89.1864_-1.17653
113.787_88.7244_-1.18342
113.975_88.261_-1.1903
114.172_87.8081_-1.10128
114.406_87.3696_-1.03945
114.664_86.9422_-1.00504
114.933_86.5208_-0.998147
115.204_86.1012_-0.991258
115.482_85.6868_-0.956841
115.773_85.2804_-0.936179
116.07_84.8784_-0.92929
116.371_84.4785_-0.922401
116.673_84.0807_-0.915512
116.953_83.6825_-1.04474
117.192_83.2478_-1.1202
117.404_82.7961_-1.15461
117.603_82.3377_-1.17527
117.792_81.8753_-1.19594
117.989_81.4302_-1.06671
118.239_81.0023_-0.991252
118.519_80.5899_-0.94311
118.815_80.1875_-0.922448
119.118_79.7897_-0.915559
119.401_79.3905_-1.03148
119.645_78.959_-1.10694
119.863_78.5101_-1.14135
120.068_78.0544_-1.16202
120.266_77.5952_-1.16891
120.456_77.1337_-1.20332
120.632_76.6661_-1.22398
120.801_76.1955_-1.23087
120.966_75.7238_-1.23776
121.129_75.2509_-1.24465
121.29_74.7777_-1.23776
121.452_74.3048_-1.24465
121.614_73.8316_-1.23776
121.776_73.3587_-1.24465
121.937_72.8855_-1.23776
122.116_72.4325_-1.10854
122.351_72.003_-0.992615
122.631_71.5925_-0.930789
122.933_71.1956_-0.896372
123.248_70.8075_-0.87571
123.569_70.4242_-0.868821
123.893_70.0432_-0.861932
124.219_69.6645_-0.855043
124.548_69.2879_-0.848153
124.88_68.9137_-0.841264
125.208_68.5378_-0.875681
125.525_68.1519_-0.896343
125.837_67.7607_-0.903232
126.145_67.3674_-0.910121
126.451_66.9719_-0.91701
126.731_66.5732_-1.04624
126.957_66.1418_-1.17546
127.133_65.6807_-1.26449
127.276_65.2033_-1.31263
127.4_64.7193_-1.33329
127.525_64.2371_-1.28515
127.671_63.7598_-1.25073
127.832_63.2866_-1.23007
128_62.8158_-1.22318
128.171_62.3461_-1.21629
128.321_61.8828_-1.34552
128.409_61.404_-1.47475
128.435_60.9178_-1.60397
128.399_60.4323_-1.7332
128.3_59.9556_-1.86242
128.179_59.4837_-1.7332
128.121_59.0004_-1.60397
128.126_58.5135_-1.47475
128.193_58.0313_-1.34552
128.322_57.5617_-1.21629
128.51_57.1127_-1.08707
128.718_56.6724_-1.21629
128.846_56.283_-1.32511
128.985_55.8162_-1.19589
129.182_55.371_-1.06666
129.418_54.9313_-1.10108
129.643_54.485_-1.10797
129.869_54.0394_-1.08731
130.114_53.6183_-0.958081
130.411_53.2322_-0.828854
130.754_52.8754_-0.753396
131.123_52.5404_-0.705254
131.506_52.2192_-0.684592
131.87_51.8956_-0.813819
132.189_51.5278_-0.943045
132.458_51.122_-1.07227
132.672_50.6848_-1.2015
132.829_50.2237_-1.33072
132.924_49.7463_-1.45995
132.958_49.2606_-1.58918
132.928_48.7746_-1.7184
132.836_48.2965_-1.84763
132.723_47.8229_-1.7184
132.655_47.3284_-1.68398
132.602_46.8316_-1.66332
132.557_46.3336_-1.65643
132.515_45.8354_-1.64954
132.477_45.3369_-1.64266
132.463_44.8502_-1.51343
132.511_44.3658_-1.3842
132.622_43.8916_-1.25498
132.793_43.4356_-1.12575
133.021_43.0054_-0.996525
133.268_42.5858_-1.12575
133.458_42.1378_-1.25498
133.59_41.669_-1.3842
133.688_41.1797_-1.34979
133.797_40.6917_-1.35668
133.92_40.2207_-1.22745
134.103_39.7696_-1.09822
134.34_39.3341_-1.02277
134.606_38.9131_-0.974623
134.891_38.5033_-0.940206
135.161_38.0982_-1.06943
135.386_37.6584_-1.15846
135.578_37.1988_-1.2066
135.753_36.7307_-1.22726
135.918_36.2591_-1.24792
136.092_35.8043_-1.1187
136.323_35.3757_-0.989471
136.607_34.9741_-0.886955
136.929_34.5953_-0.825128
137.271_34.2326_-0.790711
137.599_33.8723_-0.919938
137.877_33.4728_-1.04916
138.08_33.0871_-1.16479
138.148_32.9211_-1.2124
138.175_32.8489_-1.2328
138.316_32.3831_-1.36203
138.397_31.9029_-1.49125
138.456_31.4196_-1.36203
138.577_30.948_-1.2328
138.758_30.4959_-1.10357
138.993_30.0618_-1.01455
139.264_29.6451_-0.952723
139.558_29.2417_-0.918306
139.87_28.8677_-0.78908
140.227_28.537_-0.659854
140.624_28.2551_-0.530628
141.054_28.0268_-0.401402
141.51_27.8557_-0.272176
141.984_27.7448_-0.142949
142.469_27.6959_-0.0137233
142.968_27.6833_-0.0481399
143.467_27.6559_-0.0688017
143.965_27.6204_-0.0756909
144.464_27.5814_-0.0825801
144.962_27.539_-0.0894693
145.448_27.5161_0.0397568
145.933_27.5561_0.168983
146.41_27.6582_0.298209
146.868_27.8209_0.427435
147.303_28.0413_0.556661
147.729_28.3024_0.536
148.16_28.5546_0.515338
148.596_28.8_0.508449
149.033_29.0424_0.501559
149.471_29.2838_0.508449
149.908_29.5261_0.501559
150.347_29.7655_0.49467
150.786_30.0039_0.501559
151.224_30.2453_0.508449
151.661_30.4877_0.501559
152.1_30.727_0.49467
152.54_30.9654_0.501559
152.978_31.2068_0.508449
153.415_31.4492_0.501559
153.854_31.6885_0.49467
154.293_31.9269_0.501559
154.731_32.1683_0.508449
155.169_32.4107_0.501559
155.609_32.6432_0.453417
156.06_32.859_0.432755
