configuration 176.556686401_134.7056427_-0.977472527886_0.211062685542_59.5791053772_36.8438796997_0.982426073578_-0.18665210943
length 192.215
time 10.9658
roughness 8.8443e-05
176.557_134.706_-2.71627
176.102_134.498_-2.70938
175.648_134.288_-2.70249
175.195_134.076_-2.70938
174.742_133.866_-2.70249
174.289_133.654_-2.70938
173.844_133.436_-2.63392
173.413_133.186_-2.58578
172.992_132.918_-2.55136
172.578_132.637_-2.5307
172.17_132.35_-2.52381
171.759_132.078_-2.62633
171.322_131.84_-2.67447
170.874_131.62_-2.70889
170.419_131.414_-2.72955
169.96_131.215_-2.73644
169.521_131.004_-2.60721
169.101_130.741_-2.53175
168.697_130.449_-2.48361
168.304_130.141_-2.46295
167.916_129.826_-2.45606
167.533_129.506_-2.42164
167.16_129.174_-2.40098
166.791_128.836_-2.39409
166.425_128.495_-2.3872
166.06_128.153_-2.39409
165.689_127.831_-2.49661
165.285_127.541_-2.55844
164.866_127.271_-2.59285
164.437_127.013_-2.61351
164.005_126.762_-2.6204
163.573_126.538_-2.74963
163.11_126.36_-2.82509
162.634_126.213_-2.87323
162.152_126.083_-2.89389
161.667_125.964_-2.91455
161.191_125.837_-2.81204
160.724_125.667_-2.75021
160.265_125.471_-2.71579
159.812_125.262_-2.69513
159.361_125.045_-2.68824
158.91_124.831_-2.72266
158.452_124.631_-2.74332
157.991_124.438_-2.75021
157.528_124.249_-2.7571
157.064_124.062_-2.76399
156.601_123.875_-2.74333
156.141_123.68_-2.73644
155.682_123.482_-2.72955
155.224_123.281_-2.72266
154.768_123.076_-2.71577
154.312_122.871_-2.72266
153.855_122.668_-2.72955
153.396_122.469_-2.73644
152.936_122.273_-2.74333
152.475_122.08_-2.75022
152.013_121.891_-2.75711
151.55_121.702_-2.75022
151.087_121.512_-2.75711
150.624_121.324_-2.75022
150.161_121.134_-2.75711
149.703_120.971_-2.88633
149.227_120.868_-3.01556
148.742_120.827_-3.14478
148.255_120.849_-3.27401
147.926_120.903_-3.36243
147.447_120.989_-3.2332
146.961_121.013_-3.10398
146.475_120.974_-2.97475
145.999_120.873_-2.84552
145.659_120.758_-2.7503
145.196_120.578_-2.81213
144.722_120.424_-2.86027
144.249_120.309_-2.9895
143.765_120.256_-3.11873
143.268_120.255_-3.18055
142.781_120.253_-3.05133
142.299_120.188_-2.9221
141.828_120.062_-2.79287
141.378_119.877_-2.66365
140.952_119.635_-2.54773
140.552_119.347_-2.4587
140.17_119.026_-2.41056
139.8_118.69_-2.3899
139.438_118.347_-2.36924
139.08_117.997_-2.36235
138.734_117.64_-2.30052
138.406_117.265_-2.2661
138.088_116.879_-2.24544
137.777_116.488_-2.23855
137.468_116.094_-2.23166
137.153_115.723_-2.36089
136.793_115.395_-2.49012
136.394_115.117_-2.61934
135.958_114.88_-2.6948
135.506_114.672_-2.74294
135.044_114.479_-2.74983
134.583_114.287_-2.74294
134.121_114.094_-2.74983
133.66_113.902_-2.74294
133.199_113.709_-2.74983
132.736_113.519_-2.75672
132.272_113.333_-2.76361
131.807_113.149_-2.7705
131.341_112.969_-2.77739
130.874_112.79_-2.7705
130.408_112.622_-2.84596
129.929_112.484_-2.8941
129.444_112.365_-2.91476
128.956_112.256_-2.93542
128.467_112.155_-2.94231
127.994_112.039_-2.81309
127.54_111.862_-2.68386
127.113_111.629_-2.55463
126.719_111.342_-2.42541
126.354_111.007_-2.34995
125.997_110.676_-2.47917
125.601_110.393_-2.6084
125.171_110.163_-2.73763
124.716_109.991_-2.86685
124.242_109.879_-2.99608
123.764_109.788_-2.86685
123.293_109.64_-2.77783
122.832_109.454_-2.716
122.38_109.243_-2.68158
121.934_109.018_-2.66092
121.493_108.811_-2.79015
121.029_108.663_-2.91938
120.548_108.573_-3.0353
120.052_108.531_-3.09712
119.554_108.517_-3.14526
119.068_108.498_-3.01604
118.588_108.416_-2.88681
118.122_108.274_-2.75759
117.679_108.072_-2.62836
117.265_107.816_-2.49913
116.876_107.509_-2.42368
116.504_107.176_-2.38926
116.142_106.832_-2.3686
115.785_106.482_-2.36171
115.43_106.13_-2.35482
115.072_105.8_-2.48405
114.674_105.519_-2.61327
114.244_105.292_-2.7425
113.784_105.116_-2.84501
113.306_104.981_-2.90684
112.838_104.847_-2.77761
112.39_104.655_-2.64839
111.972_104.406_-2.51916
111.589_104.106_-2.38994
111.235_103.759_-2.31448
110.891_103.415_-2.4437
110.505_103.118_-2.57293
110.084_102.873_-2.70216
109.635_102.685_-2.83138
109.165_102.556_-2.96061
108.683_102.489_-3.08983
108.196_102.484_-3.21906
107.713_102.543_-3.34829
107.232_102.622_-3.21906
106.746_102.639_-3.08983
106.361_102.632_-3.19186
105.876_102.677_-3.32108
105.401_102.784_-3.45031
104.944_102.952_-3.57953
104.495_103.14_-3.45031
104.025_103.268_-3.32108
103.543_103.334_-3.19186
103.056_103.338_-3.06263
102.573_103.279_-2.9334
102.092_103.199_-3.06263
101.606_103.181_-3.19186
101.119_103.185_-3.06263
100.636_103.126_-2.9334
100.164_103.005_-2.80418
99.7119_102.825_-2.67495
99.2867_102.587_-2.54572
98.8957_102.297_-2.4165
98.5453_101.959_-2.28727
98.2293_101.577_-2.21181
97.9378_101.173_-2.16367
97.6614_100.757_-2.14301
97.3827_100.347_-2.21847
97.0758_99.9548_-2.26661
96.7529_99.5735_-2.28727
96.4237_99.1972_-2.29416
96.0919_98.8232_-2.30105
95.752_98.4746_-2.43028
95.3701_98.1726_-2.5595
94.9524_97.9224_-2.68873
94.6249_97.7756_-2.78395
94.6009_97.7666_-2.79075
94.1303_97.6005_-2.82517
93.6542_97.4506_-2.85958
93.1813_97.3351_-2.98881
92.6973_97.2815_-3.11804
92.2105_97.2906_-3.24726
91.7246_97.3214_-3.11804
91.2388_97.2893_-2.98881
90.7611_97.1949_-2.85958
90.2996_97.0397_-2.73036
89.862_96.8263_-2.60113
89.4342_96.5937_-2.73036
88.9801_96.4182_-2.85958
88.5071_96.3026_-2.98881
88.0295_96.2082_-2.85958
87.568_96.053_-2.73036
87.1303_95.8396_-2.60113
86.7146_95.5732_-2.51211
86.3189_95.2724_-2.45028
85.9381_94.9498_-2.41586
85.5685_94.6143_-2.38145
85.2018_94.2941_-2.51067
84.7968_94.0238_-2.6399
84.3604_93.808_-2.76912
83.8998_93.6501_-2.89835
83.4227_93.553_-3.02758
82.9417_93.4772_-2.89835
82.4746_93.34_-2.76912
82.029_93.1437_-2.6399
81.6124_92.8917_-2.51067
81.2318_92.5881_-2.38145
80.865_92.2679_-2.51067
80.46_91.9976_-2.6399
80.0236_91.7817_-2.76912
79.563_91.6239_-2.89835
79.0859_91.5268_-3.02758
78.6049_91.4509_-2.89835
78.1378_91.3137_-2.76912
77.6922_91.1175_-2.6399
77.2638_90.8684_-2.56444
76.8507_90.5899_-2.5163
76.6261_90.4192_-2.44148
76.2408_90.1021_-2.4759
75.8435_89.8058_-2.55136
75.4257_89.5328_-2.58577
75.0004_89.27_-2.59266
74.5962_88.9986_-2.46344
74.2303_88.6773_-2.33421
73.9089_88.3116_-2.20498
73.6372_87.9075_-2.07576
73.42_87.4718_-1.94653
73.2241_87.0207_-2.04905
73.0186_86.5793_-1.91982
72.8716_86.1151_-1.7906
72.7857_85.6359_-1.66137
72.7622_85.1496_-1.53214
72.8016_84.6643_-1.40292
72.9033_84.1881_-1.27369
73.0654_83.729_-1.14447
73.2816_83.2831_-1.06901
73.5282_82.8502_-1.02087
73.7922_82.426_-1.0002
74.052_82.0023_-1.06203
74.2877_81.5633_-1.11017
74.5067_81.1142_-1.13083
74.7186_80.6614_-1.13772
74.9274_80.2071_-1.14461
75.1209_79.7508_-1.22007
75.2846_79.2803_-1.26821
75.4278_78.8022_-1.30263
75.5592_78.3198_-1.30952
75.6872_77.8365_-1.31641
75.8284_77.3678_-1.20049
76.0193_76.9105_-1.12503
76.2412_76.4644_-1.07689
76.4811_76.0261_-1.05623
76.7282_75.5915_-1.04934
76.9846_75.1657_-0.98751
77.2642_74.7523_-0.953093
77.5564_74.347_-0.932432
77.8553_73.9461_-0.925543
78.1568_73.5474_-0.918653
78.4389_73.1473_-1.03457
78.684_72.7149_-1.0964
78.9044_72.2681_-1.14454
79.1079_71.8118_-1.1652
79.3041_71.3519_-1.17209
79.4796_70.8925_-1.27461
79.6123_70.415_-1.35007
79.6987_69.9358_-1.47929
79.7293_69.443_-1.56832
79.7248_68.9439_-1.60274
79.7299_68.457_-1.47351
79.7977_67.9749_-1.34428
79.9243_67.4996_-1.24177
80.0945_67.0327_-1.17994
80.2899_66.5734_-1.14552
80.5094_66.1388_-1.0163
80.7831_65.7361_-0.887072
81.1064_65.372_-0.757846
81.4739_65.0527_-0.62862
81.8795_64.7833_-0.499394
82.2966_64.5322_-0.62862
82.678_64.2295_-0.757846
83.0171_63.8801_-0.887072
83.3084_63.49_-1.0163
83.547_63.0656_-1.14552
83.7289_62.6139_-1.27475
83.8511_62.1426_-1.40398
83.9115_61.6595_-1.5332
83.9091_61.1726_-1.66243
83.8441_60.6901_-1.79166
83.7577_60.2109_-1.66243
83.7337_59.7246_-1.5332
83.7726_59.2393_-1.40398
83.8737_58.763_-1.27475
84.0354_58.3038_-1.14552
84.2549_57.8691_-1.0163
84.5285_57.4664_-0.887072
84.8518_57.1024_-0.757846
85.2193_56.783_-0.62862
85.6249_56.5136_-0.499394
86.0421_56.2625_-0.62862
86.4234_55.9598_-0.757846
86.7625_55.6105_-0.887072
87.0538_55.2203_-1.0163
87.2924_54.7959_-1.14552
87.5093_54.3522_-1.0565
87.7626_53.9246_-0.994673
88.0407_53.5112_-0.946531
88.3083_53.1045_-1.07576
88.53_52.6632_-1.16478
88.7032_52.2081_-1.29401
88.8163_51.7346_-1.42323
88.8674_51.2504_-1.55246
88.8557_50.7636_-1.68169
88.7813_50.2824_-1.81091
88.6456_49.8148_-1.94014
88.4507_49.3686_-2.06936
88.2_48.9513_-2.19859
87.8976_48.5697_-2.32782
87.5485_48.2303_-2.45704
87.1572_47.9324_-2.55956
86.7365_47.6677_-2.62139
86.3006_47.4246_-2.6558
85.8572_47.1944_-2.67647
85.4098_46.9711_-2.68335
84.9644_46.7744_-2.81258
84.4915_46.6261_-2.88804
84.0073_46.5089_-2.93618
83.5175_46.4103_-2.95684
83.0257_46.3219_-2.9775
82.5435_46.2252_-2.87499
82.065_46.0863_-2.82685
81.5923_45.9263_-2.79243
81.1239_45.7522_-2.77177
80.6582_45.5704_-2.76488
80.1979_45.3797_-2.71674
79.7441_45.1706_-2.69607
79.2947_44.9522_-2.67541
78.8486_44.7265_-2.66852
78.4041_44.4976_-2.66163
77.9585_44.2747_-2.70978
77.5033_44.0687_-2.73044
77.0445_43.8699_-2.73733
76.5844_43.6743_-2.74422
76.123_43.4819_-2.75111
75.6654_43.2849_-2.70296
75.2145_43.0696_-2.6823
74.7681_42.845_-2.66164
74.3252_42.6131_-2.65475
73.8838_42.3782_-2.64786
73.4414_42.1517_-2.70969
72.9858_41.948_-2.7441
72.5238_41.7578_-2.76477
72.0585_41.5749_-2.77166
71.5919_41.3952_-2.77854
71.1241_41.2187_-2.78543
70.6559_41.0433_-2.77854
70.1882_40.8668_-2.78543
69.72_40.6914_-2.77854
69.2522_40.5149_-2.78543
68.7891_40.3647_-2.91466
68.3036_40.2653_-2.99012
67.8099_40.198_-3.03826
67.3129_40.1522_-3.07268
66.8142_40.1212_-3.09334
66.3293_40.0772_-2.96411
65.8512_39.9724_-2.84819
65.3805_39.8173_-2.77273
64.9188_39.6302_-2.72459
64.4648_39.4229_-2.69017
64.0167_39.2018_-2.66951
63.5719_38.9734_-2.66262
63.1288_38.742_-2.65573
62.6872_38.5075_-2.64885
62.2462_38.272_-2.65573
61.8046_38.0375_-2.64885
61.3636_37.802_-2.65573
60.922_37.5676_-2.64885
60.4793_37.3389_-2.69699
60.0268_37.1271_-2.71765
