configuration 46.843963623_148.978851318_-0.536406748472_0.843959596304_156.577575684_33.1800613403_0.186652677497_0.98242596565
length 205.601
time 14.0703
roughness 8.45999e-05
46.844_148.979_-1.13235
47.0692_148.547_-1.00312
47.3481_148.148_-0.873895
47.6761_147.779_-0.78487
48.0342_147.433_-0.736728
48.4065_147.099_-0.716066
48.76_146.764_-0.845292
49.0766_146.386_-0.934317
49.3638_145.98_-0.996144
49.6302_145.558_-1.03056
49.8843_145.128_-1.05122
50.1079_144.695_-1.18045
50.2767_144.236_-1.29637
50.3991_143.755_-1.37183
50.4921_143.265_-1.40624
50.5706_142.772_-1.42691
50.6539_142.283_-1.35145
50.77_141.799_-1.30331
50.9054_141.318_-1.28264
51.0486_140.839_-1.27575
51.1951_140.361_-1.26887
51.3594_139.902_-1.13964
51.5808_139.466_-1.02372
51.848_139.047_-0.961892
52.1382_138.64_-0.927475
52.4407_138.243_-0.906813
52.7242_137.847_-1.03604
52.9543_137.418_-1.16527
53.1273_136.963_-1.29449
53.2798_136.5_-1.16527
53.3862_136.267_-1.09725
53.5897_135.825_-1.22648
53.7345_135.36_-1.3557
53.8182_134.88_-1.48493
53.8804_134.397_-1.3557
54.0044_133.927_-1.22648
54.1492_133.462_-1.3557
54.2329_132.982_-1.48493
54.2502_132.701_-1.55975
54.2722_132.209_-1.45723
54.3407_131.718_-1.38177
54.4441_131.232_-1.31994
54.5848_130.766_-1.19072
54.7845_130.322_-1.06149
55.0036_129.887_-1.19072
55.1649_129.428_-1.31994
55.2683_128.949_-1.43586
55.3226_128.457_-1.51132
55.3443_127.959_-1.55947
55.3704_127.473_-1.43024
55.459_126.994_-1.30101
55.6085_126.531_-1.17179
55.8165_126.091_-1.04256
56.0795_125.681_-0.913334
56.3876_125.287_-0.892673
56.7021_124.899_-0.885784
57.0193_124.512_-0.878894
57.3392_124.128_-0.872005
57.6617_123.746_-0.865116
57.9615_123.362_-0.994342
58.2211_122.94_-1.0698
58.4558_122.5_-1.10422
58.6775_122.052_-1.12488
58.8921_121.6_-1.13177
59.0802_121.151_-1.26099
59.2088_120.682_-1.39022
59.3165_120.207_-1.26099
59.4845_119.75_-1.13177
59.6719_119.385_-1.02295
59.9137_118.957_-1.12546
60.1159_118.504_-1.20092
60.2726_118.043_-1.33015
60.3684_117.566_-1.45937
60.402_117.08_-1.5886
60.414_116.594_-1.45937
60.4886_116.112_-1.33015
60.6246_115.645_-1.20092
60.8197_115.199_-1.07169
61.0344_114.762_-1.20092
61.2295_114.316_-1.07169
61.4804_113.899_-0.942468
61.7831_113.517_-0.813242
62.1323_113.178_-0.684016
62.5238_112.88_-0.581499
62.9189_112.596_-0.710726
63.2742_112.263_-0.839952
63.5835_111.887_-0.969178
63.8418_111.474_-1.0984
64.0535_111.028_-1.18743
64.2273_110.564_-1.26289
64.3731_110.086_-1.2973
64.5047_109.604_-1.31797
64.6264_109.12_-1.33863
64.7403_108.633_-1.34552
64.8288_108.154_-1.47474
64.8572_107.666_-1.59066
64.8681_107.179_-1.46144
64.9417_106.697_-1.33221
65.0767_106.23_-1.20299
65.2709_105.783_-1.07376
65.4847_105.346_-1.20299
65.6404_104.884_-1.33221
65.7353_104.407_-1.46144
65.7456_104.305_-1.48864
65.7944_103.809_-1.4405
65.8711_103.319_-1.36504
65.9807_102.833_-1.3169
66.1095_102.351_-1.29624
66.2439_101.869_-1.30313
66.3751_101.387_-1.31002
66.4958_100.903_-1.35816
66.5955_100.414_-1.39258
66.6853_99.9224_-1.38569
66.7951_99.448_-1.25646
66.9651_98.9918_-1.12723
67.1925_98.5613_-0.998009
67.4735_98.1636_-0.868782
67.8022_97.7908_-0.806956
68.1453_97.4276_-0.827618
68.4809_97.0573_-0.848279
68.7934_96.6776_-0.950796
69.0894_96.2768_-0.902654
69.3745_95.8822_-1.03188
69.6065_95.4541_-1.16111
69.7813_94.9997_-1.29033
69.8911_94.5516_-1.41276
69.988_94.0745_-1.28353
70.1403_93.6029_-1.20807
70.3227_93.1383_-1.17366
70.521_92.6803_-1.13924
70.7432_92.2471_-1.01001
71.0194_91.8461_-0.880787
71.345_91.4841_-0.751561
71.7145_91.167_-0.622335
72.1218_90.9002_-0.493109
72.56_90.6881_-0.363883
73.022_90.5343_-0.234657
73.4999_90.4413_-0.105431
73.9858_90.4106_0.0237954
74.4717_90.4428_0.153022
74.9573_90.5324_0.242047
75.439_90.6596_0.290189
75.9155_90.8078_0.324606
76.3867_90.9724_0.359022
76.8533_91.1512_0.379684
77.3172_91.3376_0.386573
77.7799_91.5271_0.393463
78.2412_91.7199_0.400352
78.6968_91.9213_0.448494
79.1456_92.1411_0.469156
79.591_92.3682_0.476045
80.0349_92.5983_0.482934
80.4771_92.8315_0.489823
80.9161_93.0422_0.360597
81.3785_93.1945_0.231371
81.8567_93.286_0.102145
82.3428_93.315_-0.0270812
82.8336_93.2851_-0.129598
83.3187_93.2427_-0.000371818
83.8078_93.2612_0.115549
84.2985_93.3306_0.191007
84.78_93.4027_0.061781
85.2668_93.4121_-0.0674451
85.7536_93.3999_0.061781
86.2378_93.4506_0.191007
86.7172_93.5602_0.293524
87.19_93.7138_0.35535
87.6559_93.8928_0.389767
88.098_94.0967_0.518993
88.5101_94.3559_0.648219
88.8888_94.6661_0.76414
89.2405_95.0173_0.825967
89.5723_95.3889_0.874109
89.9003_95.7488_0.744883
90.2719_96.0634_0.615657
90.6809_96.3275_0.48643
91.1241_96.5454_0.397405
91.5865_96.7308_0.349263
92.0365_96.9166_0.478489
92.4805_97.1282_0.375972
92.9468_97.3037_0.32783
93.4205_97.4636_0.320941
93.5181_97.4951_0.293735
93.9963_97.6409_0.300625
94.4742_97.7879_0.293735
94.9524_97.9337_0.300625
95.4303_98.0807_0.293735
95.9085_98.2265_0.300625
96.367_98.3903_0.429851
96.8006_98.6118_0.559077
97.2141_98.885_0.634535
97.6105_99.1868_0.682677
97.996_99.5047_0.703339
98.3811_99.8208_0.655197
98.7794_100.101_0.525971
99.2105_100.327_0.396744
99.6671_100.496_0.267518
100.131_100.645_0.396744
100.571_100.852_0.525971
100.982_101.114_0.655197
101.355_101.426_0.784423
101.685_101.785_0.913649
101.966_102.182_1.04288
102.228_102.592_0.913649
102.542_102.965_0.784423
102.901_103.294_0.655197
103.299_103.574_0.525971
103.734_103.812_0.450512
104.186_104.022_0.40237
104.647_104.212_0.367954
105.115_104.386_0.333537
105.588_104.546_0.312875
106.057_104.676_0.183649
106.539_104.745_0.054423
107.026_104.751_-0.0748031
107.23_104.732_-0.129214
107.281_104.725_-0.142817
107.76_104.635_-0.272043
108.223_104.485_-0.401269
108.663_104.276_-0.530495
109.072_104.012_-0.659721
109.443_103.697_-0.788947
109.772_103.338_-0.918174
110.06_102.937_-1.0072
110.319_102.511_-1.05534
110.562_102.075_-1.076
110.799_101.634_-1.08289
111.03_101.191_-1.10355
111.254_100.744_-1.11044
111.475_100.296_-1.11733
111.695_99.8471_-1.11044
111.916_99.3986_-1.11733
112.125_98.9475_-1.17916
112.31_98.484_-1.21358
112.482_98.0147_-1.23424
112.646_97.5424_-1.24113
112.806_97.069_-1.24802
112.947_96.5976_-1.35053
113.045_96.1104_-1.41236
113.118_95.6167_-1.44678
113.177_95.1205_-1.46744
113.225_94.6231_-1.4881
113.286_94.14_-1.35887
113.408_93.6688_-1.22965
113.588_93.2112_-1.12713
113.811_92.7667_-1.0653
114.057_92.3329_-1.03089
114.304_91.9014_-1.09271
114.529_91.4557_-1.12713
114.74_91.0029_-1.14779
114.942_90.5459_-1.16845
115.137_90.0854_-1.17534
115.328_89.6236_-1.18223
115.519_89.1613_-1.17534
115.71_88.6995_-1.18223
115.901_88.2372_-1.17534
116.092_87.7754_-1.18223
116.281_87.3123_-1.18912
116.466_86.8479_-1.19601
116.648_86.3822_-1.2029
116.826_85.9153_-1.20979
117.004_85.4479_-1.2029
117.198_85.0015_-1.07367
117.444_84.5695_-1.01185
117.714_84.1495_-0.97743
117.996_83.7371_-0.956769
118.287_83.3307_-0.936107
118.559_82.9268_-1.06533
118.776_82.4912_-1.19456
118.936_82.0312_-1.32379
119.045_81.5477_-1.39924
119.122_81.0556_-1.44739
119.197_80.5675_-1.35836
119.31_80.0822_-1.31022
119.444_79.6015_-1.2758
119.59_79.1235_-1.26891
119.74_78.6464_-1.26202
119.886_78.1693_-1.29644
120.018_77.6874_-1.3171
120.141_77.2028_-1.33776
120.255_76.7161_-1.34465
120.366_76.2286_-1.35154
120.484_75.7458_-1.28971
120.628_75.2679_-1.2553
120.786_74.794_-1.23464
120.954_74.3234_-1.21397
121.13_73.8554_-1.20709
121.319_73.3992_-1.11806
121.546_72.9568_-1.05623
121.796_72.5252_-1.02182
122.062_72.1025_-0.9874
122.34_71.6873_-0.966739
122.625_71.2765_-0.959849
122.912_70.8677_-0.95296
123.203_70.4608_-0.946071
123.494_70.0546_-0.95296
123.785_69.6477_-0.946071
124.083_69.2483_-0.897929
124.397_68.8597_-0.877267
124.719_68.4777_-0.856605
125.047_68.1006_-0.849716
125.378_67.7259_-0.842827
125.712_67.3534_-0.835938
126.046_66.9817_-0.842827
126.38_66.6092_-0.835938
126.714_66.2375_-0.842827
127.047_65.8651_-0.835938
127.358_65.4903_-0.965164
127.618_65.0786_-1.09439
127.823_64.6369_-1.22362
127.969_64.1724_-1.35284
128.054_63.693_-1.48207
128.114_63.2049_-1.37955
128.219_62.719_-1.31772
128.349_62.2373_-1.28331
128.494_61.7591_-1.26265
128.647_61.283_-1.25576
128.814_60.8182_-1.16673
129.017_60.3633_-1.11859
129.24_59.9169_-1.08417
129.475_59.4755_-1.07728
129.713_59.0358_-1.07039
129.931_58.5977_-1.18632
130.105_58.1338_-1.26177
130.252_57.6566_-1.29619
130.384_57.1747_-1.31685
130.506_56.6902_-1.33751
130.598_56.2122_-1.46674
130.628_55.7262_-1.59597
130.596_55.2404_-1.72519
130.5_54.763_-1.85442
130.344_54.3017_-1.98364
130.168_53.8478_-1.85442
130.052_53.3751_-1.72519
129.997_52.8912_-1.59597
130.006_52.4044_-1.46674
130.072_51.915_-1.37771
130.185_51.4415_-1.24849
130.358_50.9835_-1.13257
130.579_50.5401_-1.05711
130.832_50.1123_-0.995283
131.114_49.7155_-0.866057
131.414_49.3315_-0.995283
131.661_48.9122_-1.12451
131.853_48.4645_-1.25374
131.985_47.9959_-1.38296
132.055_47.5141_-1.51219
132.104_47.0297_-1.38296
132.215_46.5557_-1.25374
132.387_46.0999_-1.12451
132.615_45.67_-0.995283
132.897_45.2731_-0.866057
133.197_44.8892_-0.995283
133.444_44.4699_-1.12451
133.636_44.0222_-1.25374
133.768_43.5535_-1.38296
133.838_43.0718_-1.51219
133.846_42.5849_-1.64141
133.797_42.0936_-1.73044
133.706_41.6064_-1.8059
133.613_41.1286_-1.67667
133.582_40.6426_-1.54744
133.614_40.1568_-1.41822
133.708_39.6791_-1.28899
133.863_39.2176_-1.15977
134.075_38.7737_-1.05725
134.328_38.3459_-0.995423
134.61_37.949_-0.866197
134.941_37.5917_-0.736971
135.315_37.2768_-0.62105
135.725_36.9986_-0.545592
136.155_36.7445_-0.511175
136.587_36.4954_-0.545592
137.013_36.2332_-0.566254
137.433_35.9622_-0.586915
137.848_35.6844_-0.593805
138.262_35.4037_-0.600694
138.661_35.1127_-0.689719
139.04_34.7896_-0.737861
139.406_34.4496_-0.772278
139.761_34.0985_-0.79294
140.111_33.7415_-0.799829
140.435_33.3783_-0.929055
140.71_32.9762_-1.05828
140.931_32.5422_-1.18751
141.093_32.0833_-1.31673
141.196_31.6073_-1.44596
141.277_31.1272_-1.31673
141.419_30.6615_-1.18751
141.62_30.2181_-1.05828
141.876_29.8042_-0.929055
142.184_29.4269_-0.799829
142.538_29.0924_-0.670603
142.932_28.8062_-0.541377
143.359_28.5733_-0.412151
143.813_28.3973_-0.282925
144.286_28.2813_-0.153698
144.77_28.2272_-0.0244723
145.257_28.236_0.104754
145.739_28.3073_0.23398
146.215_28.4359_0.323005
146.685_28.6016_0.371147
147.148_28.7879_0.405564
147.607_28.9863_0.412453
148.065_29.1877_0.419343
148.521_29.3923_0.426232
148.976_29.6001_0.433121
149.429_29.811_0.44001
149.882_30.0229_0.433121
150.335_30.2338_0.44001
150.788_30.4457_0.433121
151.238_30.6311_0.303895
151.709_30.7896_0.365721
152.173_30.9734_0.400138
152.631_31.173_0.434555
153.082_31.3865_0.455216
153.531_31.6074_0.462106
153.978_31.8313_0.468995
154.423_32.0583_0.475884
154.867_32.2884_0.482773
155.312_32.515_0.448357
155.764_32.7285_0.427695
