configuration 176.556686401_134.7056427_-0.977472527886_0.211062685542_59.5791053772_36.8438796997_0.982426073578_-0.18665210943
length 192.696
time 7.29204
roughness 8.13073e-05
176.557_134.706_-2.71627
176.101_134.5_-2.72316
175.643_134.298_-2.73005
175.186_134.097_-2.72316
174.728_133.895_-2.73005
174.271_133.694_-2.72316
173.814_133.49_-2.71627
173.359_133.283_-2.70938
172.906_133.072_-2.70249
172.454_132.859_-2.6956
172.002_132.644_-2.70249
171.564_132.42_-2.59997
171.144_132.155_-2.53815
170.736_131.867_-2.50373
170.337_131.567_-2.48307
169.942_131.26_-2.47618
169.547_130.976_-2.60541
169.116_130.739_-2.70792
168.661_130.539_-2.76975
168.193_130.363_-2.80417
167.721_130.201_-2.82483
167.265_130.03_-2.6956
166.835_129.802_-2.56637
166.429_129.521_-2.47735
166.041_129.208_-2.42921
165.668_128.877_-2.39479
165.297_128.562_-2.52402
164.886_128.288_-2.61304
164.451_128.043_-2.66118
164.006_127.818_-2.6956
163.554_127.605_-2.71626
163.108_127.39_-2.6408
162.675_127.144_-2.59266
162.25_126.88_-2.572
161.83_126.609_-2.56511
161.411_126.336_-2.55822
160.994_126.085_-2.68745
160.548_125.89_-2.81667
160.074_125.73_-2.80979
159.601_125.57_-2.83045
159.124_125.423_-2.86486
158.645_125.281_-2.83045
158.171_125.125_-2.80979
157.699_124.961_-2.8029
157.227_124.793_-2.79601
156.757_124.623_-2.78912
156.287_124.459_-2.83726
155.809_124.314_-2.87168
155.327_124.185_-2.89234
154.842_124.062_-2.89923
154.356_123.943_-2.90612
153.885_123.811_-2.7902
153.424_123.629_-2.71474
152.972_123.417_-2.68032
152.526_123.192_-2.65966
152.084_122.959_-2.65277
151.664_122.712_-2.52354
151.27_122.414_-2.43452
150.897_122.085_-2.38638
150.535_121.74_-2.36571
150.181_121.387_-2.34505
149.826_121.054_-2.47428
149.43_120.766_-2.5902
149.002_120.517_-2.66566
148.556_120.293_-2.70007
148.102_120.083_-2.72074
147.645_119.882_-2.7414
147.183_119.691_-2.76206
146.719_119.506_-2.76895
146.253_119.325_-2.77584
145.786_119.146_-2.76895
145.323_118.959_-2.73453
144.866_118.758_-2.71387
144.411_118.549_-2.70698
143.958_118.338_-2.70009
143.506_118.125_-2.70698
143.051_117.918_-2.72764
142.593_117.718_-2.73453
142.133_117.521_-2.74142
141.673_117.327_-2.74831
141.21_117.137_-2.7552
140.752_116.972_-2.88443
140.276_116.869_-3.01365
139.791_116.827_-3.14288
139.305_116.848_-3.2721
138.825_116.932_-3.40133
138.36_117.077_-3.53056
137.902_117.242_-3.40133
137.427_117.347_-3.2721
136.942_117.39_-3.14288
136.839_117.389_-3.11567
136.354_117.356_-2.98645
135.876_117.261_-2.85722
135.415_117.104_-2.72799
134.961_116.928_-2.85722
134.489_116.811_-2.98645
134.011_116.715_-2.85722
133.55_116.559_-2.72799
133.113_116.345_-2.59877
132.707_116.076_-2.46954
132.33_115.757_-2.38052
131.98_115.406_-2.30506
131.652_115.031_-2.25692
131.338_114.642_-2.23625
131.03_114.248_-2.22937
130.725_113.852_-2.22248
130.414_113.478_-2.3517
130.056_113.147_-2.48093
129.658_112.859_-2.58345
129.231_112.604_-2.64527
128.79_112.372_-2.67969
128.34_112.157_-2.72783
127.881_111.959_-2.74849
127.418_111.771_-2.76915
126.952_111.59_-2.77604
126.485_111.412_-2.78293
126.022_111.261_-2.91216
125.544_111.17_-3.04138
125.058_111.142_-3.17061
124.572_111.177_-3.29984
124.095_111.274_-3.42906
123.623_111.392_-3.29984
123.139_111.448_-3.17061
122.652_111.442_-3.04138
122.17_111.373_-2.91216
121.691_111.248_-2.8367
121.233_111.082_-2.70747
120.8_110.859_-2.57825
120.4_110.582_-2.44902
120.039_110.255_-2.3198
119.716_109.884_-2.21728
119.418_109.483_-2.19662
119.126_109.077_-2.18973
118.837_108.669_-2.18284
118.551_108.259_-2.17595
118.267_107.847_-2.16906
117.976_107.457_-2.29829
117.637_107.107_-2.42751
117.256_106.804_-2.55674
116.837_106.547_-2.65926
116.392_106.323_-2.7074
115.938_106.129_-2.79642
115.467_105.97_-2.85825
114.986_105.836_-2.89267
114.501_105.716_-2.91333
114.014_105.604_-2.92022
113.535_105.518_-3.04944
113.049_105.493_-3.17867
112.563_105.532_-3.3079
112.08_105.592_-3.17867
111.593_105.59_-3.04944
111.111_105.524_-2.92022
110.641_105.397_-2.79099
110.191_105.211_-2.66177
109.769_104.968_-2.53254
109.382_104.673_-2.40331
109.008_104.361_-2.53254
108.597_104.099_-2.66177
108.154_103.887_-2.76428
107.865_103.781_-2.8459
107.386_103.639_-2.86656
106.904_103.512_-2.9147
106.421_103.417_-3.01722
105.941_103.336_-2.88799
105.475_103.194_-2.75877
105.032_102.994_-2.62954
104.746_102.822_-2.54112
104.331_102.549_-2.60295
103.899_102.301_-2.65109
103.456_102.068_-2.67175
103.01_101.843_-2.67864
102.562_101.621_-2.68553
102.135_101.388_-2.55631
101.741_101.102_-2.42708
101.377_100.768_-2.33805
101.04_100.403_-2.27623
100.72_100.019_-2.24181
100.402_99.6512_-2.37104
100.038_99.3271_-2.50026
99.6362_99.0526_-2.62949
99.202_98.8323_-2.75872
98.7379_98.6587_-2.83417
98.268_98.5311_-2.9634
97.7856_98.4652_-3.09263
97.2987_98.462_-3.22185
96.8155_98.5216_-3.35108
96.3439_98.6429_-3.4803
95.8783_98.7851_-3.35108
95.3981_98.8661_-3.22185
94.9116_98.8845_-3.09263
94.4267_98.8401_-2.9634
93.9517_98.7336_-2.83417
93.4943_98.5667_-2.70495
93.0622_98.3423_-2.57572
92.6626_98.0641_-2.4465
92.3022_97.7367_-2.31727
91.987_97.3655_-2.18804
91.6895_96.9714_-2.27707
91.3601_96.5976_-2.32521
91.0154_96.2359_-2.34587
90.6633_95.8814_-2.36653
90.3053_95.5323_-2.37342
89.9412_95.2092_-2.50265
89.5384_94.9356_-2.63188
89.127_94.7269_-2.7543
89.0556_94.6983_-2.7747
89.0316_94.6892_-2.78151
88.5748_94.5016_-2.69248
88.1295_94.2782_-2.64434
87.6936_94.0351_-2.60992
87.2647_93.7788_-2.58926
86.8396_93.5155_-2.58237
86.4163_93.2749_-2.7116
85.9656_93.0909_-2.84082
85.4898_92.9586_-2.92985
85.0011_92.8617_-2.97799
84.5078_92.786_-3.01241
84.0119_92.7251_-3.03307
83.5305_92.6519_-2.90384
83.0626_92.5173_-2.77462
82.6159_92.3235_-2.64539
82.198_92.0737_-2.51616
81.8157_91.7722_-2.38694
81.4472_91.454_-2.51616
81.0407_91.1859_-2.64539
80.6031_90.9725_-2.77462
80.1416_90.8172_-2.90384
79.6572_90.7126_-2.9793
79.1738_90.6543_-3.10853
78.687_90.6589_-3.23775
78.2047_90.7261_-3.36698
77.7352_90.8549_-3.49621
77.2862_91.0432_-3.62543
76.846_91.2512_-3.49621
76.3826_91.4008_-3.36698
75.9038_91.4894_-3.23775
75.4177_91.5156_-3.10853
74.9322_91.4789_-2.9793
74.4554_91.3799_-2.85007
73.9954_91.2203_-2.72085
73.5598_91.0028_-2.59162
73.1559_90.731_-2.4624
72.7904_90.4093_-2.33317
72.4693_90.0433_-2.20394
72.1981_89.6389_-2.07472
71.9813_89.203_-1.94549
71.8225_88.7427_-1.81627
71.7243_88.2658_-1.68704
71.6883_87.7803_-1.55781
71.7153_87.2941_-1.42859
71.8047_86.8155_-1.29936
71.9477_86.3395_-1.23753
72.1164_85.8698_-1.20312
72.2972_85.4036_-1.19623
72.479_84.9379_-1.20312
72.6598_84.4718_-1.19623
72.8417_84.0061_-1.20312
73.0224_83.5399_-1.19623
73.2196_83.0948_-1.067
73.4725_82.6787_-0.937777
73.7769_82.2987_-0.808551
74.1278_81.9611_-0.679325
74.5192_81.6715_-0.550098
74.9231_81.3996_-0.679325
75.2886_81.078_-0.808551
75.6096_80.7119_-0.937777
75.8839_80.3065_-1.0537
76.1207_79.8695_-1.11552
76.3416_79.4209_-1.10863
76.5655_78.9739_-1.10175
76.7925_78.5285_-1.09486
77.0226_78.0846_-1.08797
77.2537_77.6413_-1.09486
77.4723_77.1949_-1.15668
77.6679_76.7357_-1.1911
77.8499_76.2704_-1.21176
78.0223_75.8014_-1.23242
78.1871_75.3294_-1.23931
78.3259_74.8627_-1.36854
78.4035_74.382_-1.49776
78.4184_73.8953_-1.62699
78.4117_73.4085_-1.49776
78.4677_72.9249_-1.36854
78.5857_72.4525_-1.23931
78.7032_72.1406_-1.15089
78.7243_72.0939_-1.13729
78.9185_71.6398_-1.22632
79.0767_71.1686_-1.28814
79.1952_70.6937_-1.40406
79.2676_70.202_-1.46589
79.3142_69.7051_-1.50031
79.369_69.2213_-1.37108
79.4828_68.7428_-1.26856
79.6405_68.2714_-1.20674
79.8235_67.8071_-1.17232
80.0206_67.348_-1.15166
80.227_66.893_-1.131
80.4409_66.4411_-1.12411
80.658_65.9906_-1.11722
80.8781_65.5417_-1.11033
81.1013_65.0944_-1.10344
81.3388_64.6694_-0.974215
81.6292_64.2785_-0.844989
81.9679_63.9219_-0.742472
82.3413_63.5961_-0.667014
82.7376_63.2942_-0.618872
83.1219_62.9952_-0.748098
83.4644_62.6492_-0.877324
83.7595_62.2619_-1.00655
84.0022_61.8398_-1.13578
84.1885_61.39_-1.265
84.3284_60.913_-1.32683
84.4409_60.4277_-1.37497
84.5348_59.9369_-1.39563
84.6185_59.4443_-1.41629
84.692_58.9501_-1.43696
84.7773_58.4707_-1.30773
84.9151_58.0305_-1.18531
85.095_57.5659_-1.23345
85.2755_57.1137_-1.10422
85.5114_56.6822_-1.0017
85.7852_56.2649_-0.967288
85.9976_55.9665_-0.921732
86.2814_55.5648_-1.02425
86.531_55.135_-1.08608
86.7585_54.6908_-1.12049
86.9728_54.2394_-1.14115
87.1778_53.7837_-1.16182
87.3523_53.3292_-1.29104
87.4668_52.856_-1.42027
87.5194_52.3719_-1.54949
87.5091_51.8851_-1.67872
87.4362_51.4037_-1.80795
87.3019_50.9358_-1.93717
87.1083_50.489_-2.0664
86.8588_50.0709_-2.19562
86.5576_49.6884_-2.32485
86.2095_49.3479_-2.45408
85.8205_49.0552_-2.5833
85.3937_48.8032_-2.65876
84.949_48.5766_-2.69318
84.4973_48.3631_-2.71384
84.0412_48.1589_-2.7345
83.5852_47.9561_-2.70008
83.1349_47.7395_-2.67942
82.6892_47.5136_-2.65876
82.247_47.2805_-2.65187
81.8063_47.0443_-2.64498
81.3662_46.8071_-2.65187
80.9255_46.5709_-2.64498
80.4854_46.3337_-2.65187
80.0448_46.0975_-2.64498
79.6046_45.8603_-2.65187
79.1629_45.6262_-2.65876
78.7206_45.393_-2.65187
78.2789_45.1588_-2.65876
77.8366_44.9257_-2.65187
77.3949_44.6915_-2.65876
76.9502_44.4649_-2.69318
76.4985_44.2514_-2.71384
76.0431_44.045_-2.72073
75.5863_43.8418_-2.72762
75.1281_43.6418_-2.73451
74.6706_43.4408_-2.71385
74.2162_43.2323_-2.70696
73.7632_43.0208_-2.70007
73.3117_42.8061_-2.69318
72.8606_42.5904_-2.70007
72.4074_42.38_-2.72073
71.9506_42.1767_-2.72762
71.4924_41.9767_-2.73451
71.0329_41.7798_-2.7414
70.5728_41.5839_-2.73451
70.1133_41.3871_-2.7414
69.6533_41.1912_-2.73451
69.1946_40.9922_-2.72762
68.7364_40.7921_-2.73451
68.2769_40.5952_-2.7414
67.8169_40.3994_-2.73451
67.3582_40.2004_-2.72762
66.9_40.0003_-2.73451
66.4405_39.8034_-2.7414
65.9805_39.6076_-2.73451
65.5218_39.4086_-2.72762
65.0636_39.2085_-2.73451
64.6041_39.0116_-2.7414
64.144_38.8158_-2.73451
63.6854_38.6168_-2.72762
63.2272_38.4167_-2.73451
62.7676_38.2198_-2.7414
62.3076_38.024_-2.73451
61.849_37.825_-2.72762
61.3908_37.6249_-2.73451
60.9312_37.428_-2.7414
60.4703_37.2343_-2.74829
60.0081_37.0437_-2.75517
