configuration 176.556686401_134.7056427_-0.977472527886_0.211062685542_59.5791053772_36.8438796997_0.982426073578_-0.18665210943
length 185.693
time 12.9558
roughness 6.17379e-05
176.557_134.706_-2.71627
176.102_134.498_-2.70938
175.648_134.288_-2.70249
175.196_134.074_-2.6956
174.745_133.86_-2.70249
174.293_133.646_-2.6956
173.859_133.418_-2.57968
173.444_133.145_-2.51785
173.043_132.849_-2.48344
172.649_132.54_-2.46278
172.261_132.226_-2.45589
171.871_131.933_-2.58511
171.444_131.682_-2.66057
170.999_131.459_-2.70871
170.544_131.252_-2.72937
170.085_131.055_-2.75004
169.643_130.851_-2.62081
169.222_130.592_-2.53178
168.818_130.301_-2.48364
168.425_129.992_-2.46298
168.036_129.678_-2.45609
167.647_129.386_-2.58532
167.219_129.132_-2.64714
166.777_128.9_-2.68156
166.328_128.681_-2.70222
165.875_128.472_-2.72288
165.417_128.272_-2.74355
164.955_128.079_-2.75044
164.493_127.89_-2.75732
164.029_127.703_-2.76421
163.564_127.518_-2.75732
163.121_127.317_-2.6281
162.701_127.061_-2.52558
162.301_126.765_-2.46375
161.916_126.448_-2.42934
161.54_126.119_-2.40868
161.165_125.808_-2.5379
160.75_125.54_-2.62693
160.313_125.304_-2.68875
159.862_125.091_-2.72317
159.404_124.891_-2.74383
158.942_124.699_-2.75072
158.48_124.509_-2.75761
158.016_124.321_-2.75072
157.554_124.132_-2.75761
157.091_123.943_-2.75072
156.628_123.754_-2.75761
156.165_123.565_-2.75072
155.702_123.376_-2.75761
155.239_123.188_-2.75072
154.776_122.998_-2.75761
154.313_122.81_-2.75072
153.85_122.62_-2.75761
153.387_122.432_-2.75072
152.925_122.243_-2.75761
152.462_122.054_-2.75072
152.008_121.854_-2.67526
151.565_121.625_-2.64085
151.128_121.382_-2.62019
150.697_121.13_-2.59952
150.269_120.871_-2.59263
149.84_120.626_-2.68166
149.391_120.412_-2.7298
148.931_120.215_-2.75046
148.468_120.028_-2.77113
148.002_119.848_-2.77801
147.54_119.694_-2.90724
147.062_119.601_-3.03647
146.576_119.571_-3.16569
146.09_119.603_-3.29492
145.612_119.698_-3.42415
145.139_119.813_-3.29492
144.655_119.867_-3.16569
144.169_119.858_-3.03647
143.687_119.787_-2.90724
143.216_119.655_-2.79132
142.766_119.469_-2.66209
142.337_119.227_-2.55958
141.928_118.946_-2.49775
141.532_118.641_-2.46333
141.145_118.325_-2.44267
140.767_118_-2.40826
140.398_117.663_-2.38759
140.036_117.318_-2.36693
139.68_116.968_-2.36004
139.326_116.615_-2.35315
138.968_116.284_-2.48238
138.569_115.996_-2.5849
138.142_115.743_-2.64672
137.7_115.511_-2.68114
137.251_115.292_-2.7018
136.797_115.082_-2.72246
136.34_114.88_-2.72935
135.882_114.68_-2.73624
135.422_114.484_-2.74313
134.961_114.291_-2.75002
134.497_114.104_-2.77068
134.031_113.924_-2.77757
133.563_113.747_-2.78446
133.095_113.573_-2.79135
132.625_113.402_-2.79824
132.157_113.229_-2.76382
131.693_113.042_-2.74316
131.233_112.847_-2.73627
130.774_112.648_-2.72938
130.316_112.447_-2.72249
129.859_112.247_-2.74315
129.397_112.054_-2.75004
128.935_111.864_-2.75693
128.472_111.676_-2.75004
128.009_111.486_-2.75693
127.545_111.309_-2.81876
127.07_111.156_-2.85318
126.59_111.017_-2.87384
126.107_110.888_-2.8945
125.622_110.769_-2.91516
125.152_110.64_-2.78594
124.695_110.454_-2.69691
124.248_110.233_-2.64877
123.81_109.994_-2.62811
123.375_109.747_-2.62122
122.945_109.494_-2.5868
122.522_109.228_-2.56614
122.103_108.955_-2.55925
121.686_108.679_-2.55236
121.271_108.4_-2.54547
120.857_108.144_-2.6747
120.41_107.938_-2.77721
119.942_107.77_-2.83904
119.464_107.627_-2.87346
118.982_107.498_-2.89412
118.505_107.399_-3.02334
118.008_107.341_-3.03023
117.511_107.289_-3.0509
117.015_107.251_-3.09904
116.989_107.25_-3.09224
116.502_107.247_-3.22146
116.019_107.306_-3.35069
115.547_107.427_-3.47991
115.082_107.569_-3.35069
114.652_107.644_-3.23507
114.166_107.668_-3.10584
113.681_107.63_-2.97661
113.201_107.532_-2.86069
112.729_107.382_-2.78523
112.265_107.201_-2.73709
111.825_106.991_-2.60787
111.408_106.727_-2.51884
111.008_106.43_-2.4707
110.619_106.117_-2.45004
110.236_105.795_-2.42937
109.853_105.487_-2.53189
109.44_105.208_-2.58003
109.015_104.947_-2.61445
108.581_104.699_-2.63511
108.143_104.457_-2.642
107.726_104.206_-2.51278
107.345_103.903_-2.38355
106.997_103.553_-2.29452
106.673_103.175_-2.24638
106.363_102.783_-2.22572
106.05_102.41_-2.35495
105.692_102.08_-2.48417
105.294_101.799_-2.6134
104.861_101.565_-2.71591
104.405_101.37_-2.77774
103.937_101.205_-2.8532
103.457_101.068_-2.88762
102.973_100.946_-2.90828
102.486_100.834_-2.92894
101.997_100.73_-2.93583
101.525_100.61_-2.8066
101.072_100.431_-2.67738
100.647_100.194_-2.54815
100.255_99.9052_-2.41892
99.8942_99.5678_-2.3299
99.5444_99.2291_-2.45913
99.1539_98.9383_-2.58835
98.7279_98.6972_-2.70427
98.2734_98.496_-2.7661
97.807_98.3183_-2.80052
97.337_98.1669_-2.88954
96.8526_98.0504_-2.93768
96.3626_97.9526_-2.95834
95.8707_97.8649_-2.97901
95.3771_97.7851_-2.9859
94.8917_97.6942_-2.89687
94.4104_97.5658_-2.84873
93.933_97.4182_-2.82807
93.4587_97.2609_-2.8074
92.9868_97.0958_-2.80052
92.5171_96.9254_-2.77985
92.0499_96.7474_-2.77296
91.5839_96.5662_-2.76608
91.1192_96.3817_-2.75919
90.6549_96.1962_-2.76608
90.1928_96.0079_-2.73166
89.7373_95.8037_-2.69724
89.2892_95.6133_-2.82647
88.8204_95.4821_-2.95569
88.3385_95.4125_-3.08492
87.854_95.3643_-2.95569
87.3797_95.2541_-2.82647
86.9236_95.0838_-2.69724
86.4933_94.856_-2.56802
86.0958_94.5747_-2.43879
85.738_94.2445_-2.30956
85.4257_93.871_-2.18034
85.1303_93.484_-2.30956
84.7875_93.1382_-2.43879
84.4017_92.8332_-2.54131
83.9858_92.5609_-2.60313
83.5545_92.3099_-2.63755
83.1144_92.0789_-2.69938
82.6609_91.8705_-2.73379
82.2009_91.6755_-2.75445
81.7375_91.4878_-2.76134
81.2728_91.3033_-2.76823
80.8123_91.1451_-2.89746
80.3298_91.0399_-2.98648
79.8373_90.9732_-3.04831
79.3406_90.9347_-3.09645
78.8451_90.9248_-3.17191
78.3582_90.9189_-3.04269
77.8762_90.8503_-2.91346
77.407_90.7202_-2.78423
76.9585_90.5307_-2.65501
76.5382_90.285_-2.52578
76.1323_89.9936_-2.50512
75.7344_89.6923_-2.4707
75.411_89.4265_-2.41864
75.0599_89.0892_-2.28941
74.7552_88.7094_-2.16019
74.502_88.2936_-2.03096
74.3044_87.8486_-1.90173
74.1659_87.3818_-1.77251
74.0886_86.9011_-1.64328
74.074_86.4144_-1.51406
74.1222_85.9299_-1.38483
74.2324_85.4557_-1.2556
74.4028_84.9996_-1.12638
74.6306_84.5692_-0.997151
74.8195_84.2947_-0.908733
75.1022_83.8983_-1.03796
75.3572_83.4683_-1.03107
75.611_83.0379_-1.05173
75.8512_82.6014_-1.09987
75.9107_82.4878_-1.06587
76.1279_82.052_-1.19509
76.2872_81.592_-1.32432
76.3859_81.1152_-1.45354
76.4223_80.6296_-1.58277
76.3959_80.1435_-1.712
76.3478_79.659_-1.58277
76.3626_79.1723_-1.45354
76.44_78.6916_-1.32432
76.5729_78.2142_-1.24886
76.7381_77.7441_-1.20072
76.8948_77.2832_-1.32994
76.9908_76.8058_-1.45917
77.0245_76.3201_-1.5884
76.9953_75.8341_-1.71762
76.9446_75.3498_-1.5884
76.9566_74.8631_-1.45917
77.0313_74.382_-1.32994
77.1632_73.9061_-1.24092
77.3321_73.4374_-1.19278
77.5216_72.9757_-1.15836
77.7231_72.5181_-1.15147
77.9277_72.0619_-1.14458
78.1354_71.6072_-1.13769
78.3442_71.1529_-1.14458
78.5519_70.6981_-1.13769
78.7628_70.2448_-1.1308
78.9768_69.7929_-1.12391
79.1939_69.3426_-1.11703
79.4141_68.8937_-1.11014
79.6374_68.4464_-1.10325
79.8522_67.9982_-1.16507
80.0439_67.5374_-1.19949
80.222_67.0705_-1.22015
80.3927_66.6006_-1.22704
80.5601_66.1295_-1.23393
80.734_65.6639_-1.1721
80.933_65.2062_-1.13769
81.1458_64.7541_-1.11703
81.366_64.3052_-1.11014
81.5893_63.8579_-1.10325
81.8136_63.4111_-1.11014
82.0348_62.9627_-1.11703
82.255_62.5139_-1.11014
82.4762_62.0655_-1.11703
82.6964_61.6166_-1.11014
82.9312_61.1901_-0.98091
83.2189_60.7973_-0.851684
83.5549_60.4449_-0.722458
83.9335_60.1387_-0.593231
84.3483_59.8839_-0.464005
84.7741_59.6477_-0.593231
85.1723_59.3591_-0.695748
85.5472_59.0328_-0.757575
85.9037_58.6847_-0.805717
86.2472_58.3219_-0.826379
86.5617_57.9501_-0.955605
86.8255_57.541_-1.08483
87.0345_57.1012_-1.21406
87.185_56.6381_-1.34328
87.2747_56.1596_-1.47251
87.3063_55.6688_-1.57503
87.294_55.1719_-1.63685
87.2554_54.6743_-1.67127
87.2018_54.1775_-1.69193
87.138_53.682_-1.71259
87.0489_53.2033_-1.84182
86.8988_52.7401_-1.97104
86.6902_52.3002_-2.10027
86.4283_51.8815_-2.1893
86.133_51.4802_-2.23744
85.816_51.1107_-2.36666
85.454_50.7851_-2.49589
85.051_50.4997_-2.58492
84.6237_50.2458_-2.64674
84.1818_50.0138_-2.68116
83.7357_49.7887_-2.6605
83.293_49.5563_-2.65361
82.852_49.3209_-2.64672
82.4114_49.0845_-2.65361
81.9704_48.8491_-2.64672
81.5403_48.6029_-2.57126
81.1253_48.3272_-2.52312
80.722_48.0332_-2.4887
80.3272_47.7269_-2.46804
79.9371_47.4142_-2.46115
79.5449_47.107_-2.50929
79.1398_46.8144_-2.52996
78.7288_46.5303_-2.55062
78.313_46.2527_-2.55751
77.8952_45.978_-2.5644
77.4735_45.7129_-2.61254
77.0397_45.4659_-2.64695
76.5983_45.2317_-2.66762
76.153_45.0046_-2.67451
75.706_44.7805_-2.68139
75.2576_44.5595_-2.68828
74.8086_44.3395_-2.68139
74.3602_44.1184_-2.68828
73.9112_43.8985_-2.68139
73.4627_43.6774_-2.68828
73.0138_43.4575_-2.68139
72.5653_43.2364_-2.68828
72.1164_43.0165_-2.68139
71.6679_42.7954_-2.68828
71.2189_42.5754_-2.68139
70.7715_42.3524_-2.67451
70.3246_42.1283_-2.68139
69.8771_41.9052_-2.67451
69.4302_41.6811_-2.68139
68.9828_41.458_-2.67451
68.5358_41.2339_-2.68139
68.0874_41.0129_-2.68828
67.6384_40.7929_-2.68139
67.19_40.5719_-2.68828
66.741_40.3519_-2.68139
66.2925_40.1309_-2.68828
65.8436_39.9109_-2.68139
65.3951_39.6899_-2.68828
64.9462_39.4699_-2.68139
64.4977_39.2489_-2.68828
64.0487_39.0289_-2.68139
63.6003_38.8079_-2.68828
63.1513_38.5879_-2.68139
62.7029_38.3669_-2.68828
62.2539_38.1469_-2.68139
61.8054_37.9259_-2.68828
61.3555_37.708_-2.69517
60.9033_37.4953_-2.71583
60.4468_37.2921_-2.7365
59.9869_37.0961_-2.74339
