configuration 161.70602417_-18.2518405914_0.169978369946_0.985447793519_193.750076294_109.599342346_0.85380148664_0.520598714377
length 173.841
time 14.3046
roughness 1.84927e-05
161.706_-18.2518_0.341615
162.169_-18.0742_0.417074
162.623_-17.8668_0.45149
163.071_-17.6457_0.472152
163.515_-17.4173_0.479041
163.959_-17.1858_0.48593
164.4_-16.9513_0.49282
164.84_-16.7138_0.499709
165.278_-16.4732_0.506598
165.716_-16.2316_0.499709
166.154_-15.991_0.506598
166.592_-15.7495_0.499709
167.03_-15.5089_0.506598
167.468_-15.2673_0.499709
167.906_-15.0267_0.506598
168.344_-14.7851_0.499709
168.782_-14.5446_0.506598
169.22_-14.303_0.499709
169.658_-14.0624_0.506598
170.096_-13.8208_0.499709
170.535_-13.5823_0.49282
170.975_-13.3447_0.499709
171.414_-13.1042_0.506598
171.851_-12.8626_0.499709
172.291_-12.624_0.49282
172.731_-12.3865_0.499709
173.169_-12.1459_0.506598
173.607_-11.9043_0.499709
174.046_-11.6657_0.49282
174.486_-11.4282_0.499709
174.924_-11.1876_0.506598
175.362_-10.946_0.499709
175.801_-10.7075_0.49282
176.241_-10.4699_0.499709
176.68_-10.2294_0.506598
177.117_-9.98778_0.499709
177.557_-9.74922_0.49282
177.997_-9.51167_0.499709
178.435_-9.2711_0.506598
178.873_-9.02952_0.499709
179.312_-8.79096_0.49282
179.752_-8.55341_0.499709
180.19_-8.31283_0.506598
180.628_-8.07125_0.499709
181.067_-7.83269_0.49282
181.507_-7.59515_0.499709
181.945_-7.35457_0.506598
182.383_-7.11299_0.499709
182.823_-6.87443_0.49282
183.263_-6.63688_0.499709
183.701_-6.39631_0.506598
184.139_-6.15473_0.499709
184.578_-5.91617_0.49282
185.018_-5.67862_0.499709
185.456_-5.43804_0.506598
185.894_-5.19646_0.499709
186.333_-4.9579_0.49282
186.773_-4.72036_0.499709
187.211_-4.47978_0.506598
187.649_-4.2382_0.499709
188.089_-3.99964_0.49282
188.528_-3.76209_0.499709
188.967_-3.52152_0.506598
189.404_-3.27994_0.499709
189.844_-3.04138_0.49282
190.284_-2.80383_0.499709
190.722_-2.56325_0.506598
191.16_-2.32167_0.499709
191.599_-2.08311_0.49282
192.039_-1.84556_0.499709
192.477_-1.60499_0.506598
192.916_-1.36785_0.472181
193.362_-1.14147_0.465292
193.81_-0.918174_0.458403
194.237_-0.684407_0.587629
194.63_-0.397551_0.716855
194.983_-0.0623874_0.846081
195.29_0.315493_0.975307
195.546_0.729788_1.10453
195.746_1.17359_1.23376
195.888_1.6395_1.36299
195.968_2.11974_1.49221
195.986_2.60631_1.62144
195.94_3.0911_1.75066
195.834_3.569_1.86658
195.678_4.03929_1.94204
195.492_4.50227_1.97646
195.291_4.96002_1.99712
195.082_5.41353_2.01778
194.865_5.86388_2.02467
194.644_6.31272_2.03156
194.423_6.76105_2.02467
194.203_7.20989_2.03156
193.981_7.65822_2.02467
193.761_8.10706_2.03156
193.54_8.5554_2.02467
193.32_9.00424_2.03156
193.098_9.45257_2.02467
192.878_9.90141_2.03156
192.657_10.3497_2.02467
192.437_10.7986_2.03156
192.215_11.2469_2.02467
191.995_11.6958_2.03156
191.774_12.1441_2.02467
191.554_12.5929_2.03156
191.332_13.0413_2.02467
191.112_13.4901_2.03156
190.891_13.9384_2.02467
190.671_14.3873_2.03156
190.449_14.8356_2.02467
190.229_15.2844_2.03156
190.008_15.7328_2.02467
189.788_16.1816_2.03156
189.566_16.6299_2.02467
189.346_17.0788_2.03156
189.125_17.5271_2.02467
188.905_17.976_2.03156
188.683_18.4243_2.02467
188.463_18.8731_2.03156
188.242_19.3215_2.02467
188.022_19.7703_2.03156
187.8_20.2186_2.02467
187.58_20.6675_2.03156
187.359_21.1158_2.02467
187.139_21.5646_2.03156
186.915_22.012_2.03845
186.691_22.4588_2.03156
186.47_22.9071_2.02467
186.249_23.3559_2.03156
186.026_23.8032_2.03845
185.802_24.25_2.03156
185.58_24.6984_2.02467
185.36_25.1472_2.03156
185.137_25.5945_2.03845
184.912_26.0413_2.03156
184.691_26.4897_2.02467
184.471_26.9385_2.03156
184.248_27.3858_2.03845
184.023_27.8326_2.03156
183.802_28.2809_2.02467
183.582_28.7298_2.03156
183.358_29.1771_2.03845
183.134_29.6239_2.03156
182.913_30.0722_2.02467
182.693_30.5211_2.03156
182.469_30.9684_2.03845
182.245_31.4152_2.03156
182.024_31.8635_2.02467
181.803_32.3123_2.03156
181.58_32.7597_2.03845
181.356_33.2064_2.03156
181.134_33.6548_2.02467
180.914_34.1036_2.03156
180.691_34.5509_2.03845
180.466_34.9977_2.03156
180.245_35.4461_2.02467
180.025_35.8949_2.03156
179.802_36.3422_2.03845
179.577_36.789_2.03156
179.356_37.2373_2.02467
179.136_37.6862_2.03156
178.912_38.1335_2.03845
178.688_38.5803_2.03156
178.467_39.0286_2.02467
178.247_39.4775_2.03156
178.023_39.9248_2.03845
177.806_40.373_1.99031
177.605_40.8308_1.96965
177.41_41.291_1.97654
177.218_41.7518_1.94212
177.04_42.2187_1.92146
176.872_42.6891_1.9008
176.711_43.1625_1.89391
176.553_43.6369_1.88702
176.397_44.1117_1.89391
176.239_44.5862_1.88702
176.083_45.061_1.89391
175.925_45.5355_1.88702
175.768_46.0103_1.89391
175.611_46.4847_1.88702
175.454_46.9596_1.89391
175.297_47.434_1.88702
175.14_47.9088_1.89391
174.982_48.3833_1.88702
174.826_48.8581_1.89391
174.668_49.3325_1.88702
174.511_49.8074_1.89391
174.354_50.2818_1.88702
174.197_50.7566_1.89391
174.04_51.2311_1.88702
173.883_51.7059_1.89391
173.725_52.1804_1.88702
173.569_52.6552_1.89391
173.411_53.1296_1.88702
173.255_53.6044_1.89391
173.097_54.0789_1.88702
172.94_54.5537_1.89391
172.783_55.0282_1.88702
172.626_55.503_1.89391
172.468_55.9774_1.88702
172.312_56.4523_1.89391
172.154_56.9267_1.88702
171.998_57.4015_1.89391
171.84_57.876_1.88702
171.686_58.3515_1.88013
171.532_58.8274_1.88702
171.376_59.3022_1.89391
171.218_59.7767_1.88702
171.064_60.2522_1.88013
170.91_60.7281_1.88702
170.754_61.2029_1.89391
170.596_61.6773_1.88702
170.442_62.1529_1.88013
170.289_62.6288_1.88702
170.132_63.1036_1.89391
169.974_63.578_1.88702
169.82_64.0536_1.88013
169.667_64.5294_1.88702
169.51_65.0043_1.89391
169.352_65.4787_1.88702
169.198_65.9542_1.88013
169.045_66.4301_1.88702
168.888_66.9049_1.89391
168.73_67.3794_1.88702
168.576_67.8549_1.88013
168.423_68.3308_1.88702
168.266_68.8056_1.89391
168.109_69.2801_1.88702
167.954_69.7556_1.88013
167.801_70.2315_1.88702
167.644_70.7063_1.89391
167.487_71.1808_1.88702
167.332_71.6563_1.88013
167.179_72.1322_1.88702
167.022_72.607_1.89391
166.865_73.0814_1.88702
166.71_73.557_1.88013
166.557_74.0329_1.88702
166.401_74.5077_1.89391
166.243_74.9821_1.88702
166.088_75.4577_1.88013
165.935_75.9335_1.88702
165.779_76.4084_1.89391
165.621_76.8828_1.88702
165.467_77.3583_1.88013
165.313_77.8342_1.88702
165.157_78.309_1.89391
164.999_78.7835_1.88702
164.845_79.259_1.88013
164.694_79.7356_1.87324
164.546_80.2132_1.86635
164.424_80.6846_1.73712
164.364_81.1677_1.6079
164.366_81.6546_1.47867
164.431_82.1371_1.34945
164.558_82.6072_1.22022
164.745_83.0569_1.09099
164.988_83.4789_0.961767
165.283_83.8661_0.832541
165.626_84.212_0.703315
166.01_84.5109_0.574089
166.433_84.7722_0.512262
166.871_85.0118_0.477846
167.316_85.2386_0.457184
167.766_85.456_0.436522
168.219_85.6664_0.429633
168.674_85.8736_0.422744
169.131_86.0777_0.415855
169.588_86.2807_0.422744
170.044_86.4848_0.415855
170.501_86.6878_0.422744
170.957_86.8918_0.415855
171.414_87.0949_0.422744
171.871_87.2989_0.415855
172.327_87.502_0.422744
172.784_87.706_0.415855
173.241_87.909_0.422744
173.697_88.1131_0.415855
174.154_88.3161_0.422744
174.61_88.5202_0.415855
175.067_88.7232_0.422744
175.524_88.9273_0.415855
175.981_89.1303_0.422744
176.437_89.3344_0.415855
176.894_89.5374_0.422744
177.35_89.7415_0.415855
177.807_89.9445_0.422744
178.264_90.1486_0.415855
178.721_90.3516_0.422744
179.177_90.5557_0.415855
179.634_90.7587_0.422744
180.09_90.9627_0.415855
180.547_91.1658_0.422744
181.004_91.3698_0.415855
181.461_91.5729_0.422744
181.917_91.7769_0.415855
182.374_91.9799_0.422744
182.83_92.184_0.415855
183.287_92.387_0.422744
183.744_92.5911_0.415855
184.2_92.7941_0.422744
184.657_92.9982_0.415855
185.114_93.2012_0.422744
185.57_93.4053_0.415855
186.027_93.6083_0.422744
186.483_93.8124_0.415855
186.94_94.0154_0.422744
187.397_94.2195_0.415855
187.854_94.4225_0.422744
188.31_94.6266_0.415855
188.768_94.8275_0.408965
189.226_95.0273_0.415855
189.683_95.2304_0.422744
190.139_95.4344_0.415855
190.597_95.6354_0.408965
191.056_95.8352_0.415855
191.512_96.0382_0.422744
191.969_96.2423_0.415855
192.427_96.4432_0.408965
192.885_96.6431_0.415855
193.342_96.8461_0.422744
193.777_97.0645_0.55197
194.192_97.3349_0.627428
194.596_97.6293_0.634317
194.976_97.9342_0.763543
195.313_98.2855_0.892769
195.602_98.6773_1.022
195.838_99.1031_1.15122
196.018_99.5557_1.28045
196.137_100.028_1.40967
196.195_100.511_1.5389
196.19_100.998_1.66813
196.129_101.49_1.74358
196.036_101.979_1.79173
195.921_102.465_1.82614
195.791_102.948_1.8468
195.654_103.428_1.85369
195.513_103.908_1.86058
195.369_104.387_1.86747
195.222_104.865_1.87436
195.074_105.342_1.86747
194.926_105.82_1.87436
194.778_106.297_1.86747
194.631_106.775_1.87436
194.483_107.253_1.86747
194.335_107.73_1.87436
194.177_108.201_1.93619
193.993_108.666_1.9706
193.798_109.126_1.97749
