configuration 2.903195858_13.0508098602_-0.754177572005_0.656670533741_-13.4451351166_-15.4114570618_0.497552318458_0.867433968897
length 51.468
time 14.8077
roughness 0.000879128
2.9032_13.0508_-1.7088
2.82173_12.558_-1.78628
2.71903_12.0687_-1.76045
2.62056_11.5785_-1.78628
2.51787_11.0892_-1.76045
2.4194_10.5991_-1.78628
2.3167_10.1098_-1.76045
2.21823_9.61962_-1.78628
2.11554_9.13033_-1.76045
2.01707_8.64017_-1.78628
1.91437_8.15088_-1.76045
1.8159_7.66073_-1.78628
1.71321_7.17144_-1.76045
1.61474_6.68128_-1.78628
1.51204_6.19199_-1.76045
1.41357_5.70184_-1.78628
1.31088_5.21255_-1.76045
1.21241_4.72239_-1.78628
1.10971_4.2331_-1.76045
1.01124_3.74295_-1.78628
0.90855_3.25366_-1.76045
0.810077_2.7635_-1.78628
0.707385_2.27421_-1.76045
0.608912_1.78406_-1.78628
0.50622_1.29477_-1.76045
0.416203_0.802989_-1.73461
0.330423_0.310453_-1.76045
0.23195_-0.179703_-1.78628
0.129259_-0.668992_-1.76045
0.0392407_-1.16077_-1.73461
-0.0465385_-1.65331_-1.76045
-0.145012_-2.14346_-1.78628
-0.272484_-2.62564_-1.91535
-0.37084_-2.92503_-1.83383
-0.528228_-3.30072_-2.24191
-0.884017_-3.62625_-2.72651
-1.35295_-3.77373_-3.06036
-1.85158_-3.81001_-3.08619
-2.3505_-3.84199_-3.06036
-2.84914_-3.87826_-3.08619
-3.34806_-3.91024_-3.06036
-3.84669_-3.94652_-3.08619
-4.34562_-3.9785_-3.06036
-4.84425_-4.01478_-3.08619
-5.34365_-4.03816_-3.11203
-5.84324_-4.05724_-3.08619
-6.34216_-4.08922_-3.06036
-6.8408_-4.1255_-3.08619
-7.3402_-4.14888_-3.11203
-7.83978_-4.16796_-3.08619
-8.33871_-4.19994_-3.06036
-8.83734_-4.23622_-3.08619
-9.33674_-4.2596_-3.11203
-9.83633_-4.27868_-3.08619
-10.3353_-4.31066_-3.06036
-10.8339_-4.34694_-3.08619
-11.3333_-4.37032_-3.11203
-11.8329_-4.38941_-3.08619
-12.3318_-4.42139_-3.06036
-12.8304_-4.45766_-3.08619
-13.3298_-4.48105_-3.11203
-13.8294_-4.50013_-3.08619
-14.3283_-4.53211_-3.06036
-14.8232_-4.59389_-2.9313
-15.273_-4.76781_-2.4467
-15.6354_-5.10874_-2.26616
-15.9524_-5.49535_-2.24033
-16.266_-5.88468_-2.26616
-16.583_-6.2713_-2.24033
-16.8967_-6.66063_-2.26616
-17.2265_-7.0358_-2.34365
-17.4431_-7.26527_-2.29471
-17.7014_-7.6725_-1.81011
-17.773_-8.16123_-1.52714
-17.7469_-8.6605_-1.50131
-17.7165_-9.15952_-1.52714
-17.6904_-9.65879_-1.50131
-17.66_-10.1578_-1.52714
-17.6339_-10.6571_-1.50131
-17.6034_-11.1561_-1.52714
-17.5773_-11.6554_-1.50131
-17.5469_-12.1544_-1.52714
-17.5208_-12.6537_-1.50131
-17.4818_-13.1521_-1.47548
-17.4385_-13.6502_-1.50131
-17.4081_-14.1492_-1.52714
-17.382_-14.6484_-1.50131
-17.3429_-15.1469_-1.47548
-17.2997_-15.6449_-1.50131
-17.2692_-16.144_-1.52714
-17.2431_-16.6432_-1.50131
-17.1478_-17.1227_-1.11687
-16.9611_-17.5288_-1.1862
-16.7119_-17.9416_-0.7016
-16.299_-18.1908_-0.217002
-15.8175_-18.2189_0.267596
-15.3785_-18.0195_0.752194
-15.0362_-17.6584_0.932727
-14.7419_-17.2543_0.958562
-14.4511_-16.8476_0.932727
-14.1567_-16.4435_0.958562
-13.8729_-16.0319_0.984396
-13.5999_-15.6131_1.01023
