configuration 2.903195858_13.0508098602_-0.754177572005_0.656670533741_-13.4451351166_-15.4114570618_0.497552318458_0.867433968897
length 51.1927
time 12.1702
roughness 0.000900449
2.9032_13.0508_-1.7088
2.83016_12.5562_-1.73464
2.74437_12.0637_-1.76047
2.64588_11.5735_-1.78631
2.54318_11.0842_-1.76047
2.4447_10.5941_-1.78631
2.34199_10.1048_-1.76047
2.24351_9.61466_-1.78631
2.14081_9.12537_-1.76047
2.04232_8.63522_-1.78631
1.93962_8.14593_-1.76047
1.84959_7.65415_-1.73464
1.7638_7.16162_-1.76047
1.66532_6.67146_-1.78631
1.56262_6.18218_-1.76047
1.47259_5.6904_-1.73464
1.3868_5.19787_-1.76047
1.28831_4.70771_-1.78631
1.18561_4.21843_-1.76047
1.09558_3.72665_-1.73464
1.00979_3.23412_-1.76047
0.911308_2.74396_-1.78631
0.808606_2.25467_-1.76047
0.718577_1.7629_-1.73464
0.632787_1.27036_-1.76047
0.534303_0.78021_-1.78631
0.431601_0.290923_-1.76047
0.341572_-0.200854_-1.73464
0.255782_-0.693387_-1.76047
0.157297_-1.18354_-1.78631
0.0545953_-1.67283_-1.76047
-0.0354334_-2.1646_-1.73464
-0.168543_-2.63782_-2.06848
-0.462818_-3.01986_-2.55308
-0.901187_-3.22083_-3.03768
-1.39887_-3.2684_-3.06351
-1.89761_-3.30311_-3.08935
-2.39664_-3.33351_-3.06351
-2.89538_-3.36822_-3.08935
-3.3944_-3.39862_-3.06351
-3.89315_-3.43333_-3.08935
-4.39217_-3.46373_-3.06351
-4.89091_-3.49844_-3.08935
-5.38994_-3.52884_-3.06351
-5.88801_-3.57213_-3.03768
-6.38569_-3.61971_-3.06351
-6.88444_-3.65441_-3.08935
-7.38346_-3.68482_-3.06351
-7.88153_-3.7281_-3.03768
-8.37921_-3.77568_-3.06351
-8.87796_-3.81038_-3.08935
-9.37698_-3.84079_-3.06351
-9.87505_-3.88408_-3.03768
-10.3727_-3.93165_-3.06351
-10.8715_-3.96635_-3.08935
-11.3705_-3.99676_-3.06351
-11.8686_-4.04005_-3.03768
-12.3663_-4.08762_-3.06351
-12.865_-4.12233_-3.08935
-13.364_-4.15273_-3.06351
-13.8625_-4.17024_-3.19257
-14.3077_-4.17146_-3.03104
-14.7726_-4.29972_-2.54645
-15.1468_-4.61847_-2.2126
-15.4427_-5.0215_-2.18677
-15.735_-5.42706_-2.2126
-16.0309_-5.83009_-2.18677
-16.3232_-6.23566_-2.2126
-16.619_-6.63869_-2.18677
-16.9114_-7.04425_-2.2126
-17.1687_-7.46586_-1.92963
-17.3353_-7.88064_-1.99896
-17.4721_-8.34671_-1.56426
-17.4645_-8.84661_-1.53842
-17.444_-9.34613_-1.51259
-17.4192_-9.84547_-1.53842
-17.4073_-10.3453_-1.56426
-17.3998_-10.8452_-1.53842
-17.3793_-11.3447_-1.51259
-17.3545_-11.844_-1.53842
-17.3426_-12.3438_-1.56426
-17.335_-12.8437_-1.53842
-17.3145_-13.3433_-1.51259
-17.2898_-13.8426_-1.53842
-17.2779_-14.3424_-1.56426
-17.2703_-14.8423_-1.53842
-17.2498_-15.3418_-1.51259
-17.225_-15.8412_-1.53842
-17.2131_-16.341_-1.56426
-17.2056_-16.8409_-1.53842
-17.1434_-17.3309_-1.25545
-16.9233_-17.76_-0.770855
-16.5287_-18.0371_-0.286257
-16.0503_-18.0985_0.19834
-15.5985_-17.9299_0.682938
-15.2321_-17.5934_0.863471
-14.9105_-17.2106_0.889306
-14.5922_-16.825_0.863471
-14.2706_-16.4422_0.889306
-13.959_-16.0512_0.915141
-13.6648_-15.6475_0.992622
-13.4881_-15.3861_0.943686
