configuration 14.2292175293_13.7099370956_-0.723728341199_0.690084986176_-18.0985870361_0.542219161987_-0.683562400866_0.729892077038
length 41.0651
time 2.78474
roughness 0.00114091
14.2292_13.7099_-1.61838
14.1841_13.2132_-1.74744
14.092_12.7218_-1.77328
13.9957_12.2313_-1.74744
13.9036_11.7399_-1.77328
13.8073_11.2493_-1.74744
13.6986_10.7625_-1.8765
13.5135_10.3025_-2.10835
13.2467_9.88011_-2.18584
12.948_9.47968_-2.26332
12.5853_9.16184_-2.74792
12.1134_9.02442_-3.08176
11.6141_8.99883_-3.10759
11.1146_8.97753_-3.08176
10.6153_8.95194_-3.10759
10.1158_8.93064_-3.08176
9.61648_8.90504_-3.10759
9.11699_8.88375_-3.08176
8.61769_8.85815_-3.10759
8.1182_8.83685_-3.08176
7.6189_8.81126_-3.10759
7.11941_8.78996_-3.08176
6.62011_8.76437_-3.10759
6.12033_8.75167_-3.13343
5.62045_8.74329_-3.10759
5.12095_8.72199_-3.08176
4.62166_8.6964_-3.10759
4.12187_8.68371_-3.13343
3.62199_8.67532_-3.10759
3.12249_8.65402_-3.08176
2.6232_8.62843_-3.10759
2.14988_8.53609_-2.623
1.75936_8.24208_-2.23856
1.45316_7.84687_-2.21272
1.15039_7.44903_-2.23856
0.844194_7.05381_-2.21272
0.548313_6.65082_-2.18689
0.255914_6.24529_-2.21272
-0.0468635_5.84745_-2.23856
-0.353056_5.45224_-2.21272
-0.674325_5.07233_-2.39326
-0.971629_4.77555_-2.28457
-1.34098_4.46548_-2.76917
-1.73607_4.32096_-2.83442
-2.21697_4.23323_-3.21886
-2.71507_4.27611_-3.24469
-3.21279_4.32328_-3.21886
-3.7109_4.36616_-3.24469
-4.20862_4.41333_-3.21886
-4.70673_4.45621_-3.24469
-5.20445_4.50338_-3.21886
-5.70255_4.54626_-3.24469
-6.20027_4.59343_-3.21886
-6.69717_4.64483_-3.29634
-7.11415_4.70062_-3.23109
-7.61148_4.71528_-3.05056
-8.10895_4.66554_-3.02472
-8.60496_4.60297_-2.99889
-9.10043_4.53613_-3.02472
-9.59644_4.47357_-2.99889
-10.0919_4.40673_-3.02472
-10.5879_4.34416_-2.99889
-11.0834_4.27732_-3.02472
-11.5794_4.21475_-2.99889
-12.0749_4.14791_-3.02472
-12.5709_4.08534_-2.99889
-13.0663_4.0185_-3.02472
-13.5634_3.96448_-3.05056
-14.0608_3.91475_-3.02472
-14.5569_3.85218_-2.99889
-15.0523_3.78534_-3.02472
-15.5493_3.73132_-3.05056
-16.0468_3.68159_-3.02472
-16.5428_3.61902_-2.99889
-17.0371_3.54366_-2.97305
-17.4937_3.38867_-2.48846
-17.8256_3.03879_-2.00386
-17.9815_2.57259_-1.67001
-18.0267_2.07469_-1.64418
-18.0591_1.57579_-1.61834
-18.0785_1.07622_-1.59251
-18.0851_0.576311_-1.56667
