configuration 14.2292175293_13.7099370956_-0.723728341199_0.690084986176_-18.0985870361_0.542219161987_-0.683562400866_0.729892077038
length 41.7068
time 3.81047
roughness 0.00122971
14.2292_13.7099_-1.61838
14.1926_13.2117_-1.69586
14.126_12.7162_-1.7217
14.0551_12.2213_-1.69586
13.9884_11.7259_-1.7217
13.9175_11.231_-1.69586
13.8594_10.7344_-1.67003
13.8142_10.2365_-1.64419
13.7033_9.76719_-2.12879
13.3865_9.40357_-2.61339
12.9385_9.19567_-2.89636
12.4603_9.05391_-2.76729
12.0903_8.91722_-2.82846
11.6082_8.80973_-3.11143
11.1084_8.79896_-3.13727
10.6085_8.79249_-3.11143
10.1086_8.78172_-3.13727
9.60872_8.77525_-3.11143
9.10888_8.76448_-3.13727
8.60898_8.75801_-3.11143
8.10914_8.74723_-3.13727
7.60924_8.74077_-3.11143
7.1094_8.72999_-3.13727
6.60949_8.72353_-3.11143
6.10966_8.71275_-3.13727
5.60975_8.70628_-3.11143
5.10992_8.69551_-3.13727
4.61001_8.68904_-3.11143
4.11018_8.67827_-3.13727
3.61027_8.6718_-3.11143
3.11044_8.66103_-3.13727
2.61112_8.64597_-3.05978
2.14275_8.53112_-2.57519
1.76673_8.21879_-2.19075
1.47977_7.80939_-2.16491
1.19635_7.39753_-2.19075
0.9094_6.98813_-2.16491
0.633117_6.57146_-2.13908
0.360433_6.15242_-2.16491
0.0770149_5.74057_-2.19075
-0.209939_5.33117_-2.16491
-0.506619_4.93027_-2.29398
-0.878865_4.62369_-2.77857
-1.35483_4.50081_-3.11242
-1.85468_4.49053_-3.13825
-2.35459_4.48456_-3.11242
-2.85444_4.47428_-3.13825
-3.35435_4.4683_-3.11242
-3.85419_4.45802_-3.13825
-4.35411_4.45205_-3.11242
-4.85395_4.44177_-3.13825
-5.35387_4.4358_-3.11242
-5.85371_4.42552_-3.13825
-6.35362_4.41954_-3.11242
-6.85347_4.40926_-3.13825
-7.35338_4.40329_-3.11242
-7.85322_4.39301_-3.13825
-8.35314_4.38704_-3.11242
-8.85298_4.37676_-3.13825
-9.3529_4.37078_-3.11242
-9.85249_4.3519_-3.08659
-10.3467_4.29479_-2.90605
-10.8363_4.19934_-3.03511
-11.3338_4.15049_-3.06095
-11.8318_4.10592_-3.03511
-12.3293_4.05707_-3.06095
-12.8273_4.01251_-3.03511
-13.3249_3.96366_-3.06095
-13.8228_3.91909_-3.03511
-14.3204_3.87024_-3.06095
-14.8183_3.82568_-3.03511
-15.3159_3.77683_-3.06095
-15.8138_3.73227_-3.03511
-16.3105_3.67485_-3.00928
-16.8072_3.62175_-3.08676
-17.2255_3.58357_-2.97808
-17.683_3.43088_-2.49348
-18.0166_3.08268_-2.00888
-18.1664_2.61735_-1.62444
-18.1803_2.118_-1.54696
-18.164_1.61831_-1.52113
-18.1349_1.11921_-1.49529
-18.1015_0.620379_-1.52113
