configuration 32.0634506226_7.0565199852_0.870200588927_0.492697610133_0.864893198013_0.272379875183_-0.736733996813_0.676182680893
length 36.1101
time 1.14316
roughness 0.00112484
32.0635_7.05652_2.11122
31.8025_7.48299_2.13705
31.538_7.9072_2.11122
31.2771_8.33367_2.13705
30.9573_8.69466_2.62165
30.5062_8.86511_3.10625
30.0233_8.813_3.54095
29.5644_8.61465_3.56679
29.1107_8.4045_3.59262
28.6627_8.18271_3.61846
28.2165_7.95707_3.59262
27.7647_7.74303_3.56679
27.3111_7.53289_3.59262
26.863_7.3111_3.61846
26.4169_7.08546_3.59262
25.9651_6.87142_3.56679
25.5114_6.66128_3.59262
25.0634_6.43949_3.61846
24.6172_6.21385_3.59262
24.1654_5.9998_3.56679
23.7118_5.78966_3.59262
23.2637_5.56787_3.61846
22.8176_5.34223_3.59262
22.3658_5.12819_3.56679
21.9121_4.91805_3.59262
21.4641_4.69626_3.61846
21.0179_4.47062_3.59262
20.5699_4.24883_3.61846
20.111_4.08959_3.18375
19.6113_4.07282_3.15792
19.1114_4.06896_3.13208
18.6115_4.06941_3.15792
18.1115_4.06556_3.13208
17.6116_4.06601_3.15792
17.1116_4.06215_3.13208
16.6117_4.0626_3.15792
16.1118_4.05874_3.13208
15.6118_4.05919_3.15792
15.1119_4.05533_3.13208
14.6119_4.05578_3.15792
14.112_4.05193_3.13208
13.612_4.05237_3.15792
13.1121_4.04852_3.13208
12.6122_4.04897_3.15792
12.1122_4.04511_3.13208
11.6123_4.04556_3.15792
11.1123_4.0417_3.13208
10.6124_4.04215_3.15792
10.1125_4.03829_3.13208
9.6125_4.03874_3.15792
9.11271_4.02628_3.18375
8.61304_4.00951_3.15792
8.1131_4.00565_3.13208
7.61316_4.0061_3.15792
7.11322_4.00224_3.13208
6.61374_3.9941_3.20957
6.11526_3.95585_3.2354
5.61793_3.90473_3.26123
5.12106_3.84934_3.2354
4.62373_3.79822_3.26123
4.12685_3.74283_3.2354
3.62952_3.69171_3.26123
3.13265_3.63632_3.2354
2.63426_3.60238_3.15792
2.15939_3.51842_3.64252
1.7783_3.22291_4.12711
1.54517_2.78744_4.41008
1.40044_2.30889_4.43592
1.26812_1.82677_4.46175
1.13996_1.34353_4.43592
1.00764_0.861409_4.46175
0.904806_0.373384_4.59081
