configuration 6.23696136475_-8.02296829224_-0.990618758317_0.136654585252_12.9709873199_-24.4014968872_-0.713623012343_0.700529939585
length 40.3457
time 6.38997
roughness 0.00124923
6.23696_-8.02297_-2.86743
5.75687_-8.16247_-2.84159
5.27799_-8.30609_-2.86743
4.7979_-8.44559_-2.84159
4.32157_-8.59745_-2.81576
3.84657_-8.7534_-2.84159
3.36769_-8.89702_-2.86743
2.8876_-9.03652_-2.84159
2.41127_-9.18837_-2.81576
1.93626_-9.34432_-2.84159
1.45739_-9.48795_-2.86743
0.977295_-9.62745_-2.84159
0.500966_-9.7793_-2.81576
0.0400117_-9.96656_-2.63522
-0.26011_-10.1307_-2.6529
-0.644785_-10.4215_-2.1683
-0.922478_-10.8373_-2.14247
-1.18934_-11.26_-2.11663
-1.45255_-11.6851_-2.14247
-1.71941_-12.1079_-2.11663
-1.98262_-12.5329_-2.14247
-2.24948_-12.9557_-2.11663
-2.51269_-13.3807_-2.14247
-2.77955_-13.8035_-2.11663
-3.04276_-14.2286_-2.14247
-3.30962_-14.6513_-2.11663
-3.57283_-15.0764_-2.14247
-3.8397_-15.4992_-2.11663
-4.10291_-15.9242_-2.14247
-4.36977_-16.347_-2.11663
-4.63298_-16.772_-2.14247
-4.89984_-17.1948_-2.11663
-5.16305_-17.6199_-2.14247
-5.42991_-18.0426_-2.11663
-5.65401_-18.485_-1.88478
-5.75635_-18.7835_-1.93372
-5.85417_-19.2558_-1.44912
-5.72074_-19.7192_-0.964523
-5.3868_-20.0671_-0.479925
-4.92814_-20.2362_-0.0954872
-4.43008_-20.2795_-0.0696526
-3.93166_-20.3186_-0.0954872
-3.4336_-20.362_-0.0696526
-2.93518_-20.4011_-0.0954872
-2.43711_-20.4445_-0.0696526
-1.93869_-20.4836_-0.0954872
-1.44063_-20.5269_-0.0696526
-0.94221_-20.566_-0.0954872
-0.444146_-20.6094_-0.0696526
0.0542733_-20.6485_-0.0954872
0.552337_-20.6919_-0.0696526
1.05076_-20.731_-0.0954872
1.54882_-20.7743_-0.0696526
2.04724_-20.8134_-0.0954872
2.5453_-20.8568_-0.0696526
3.04372_-20.8959_-0.0954872
3.54179_-20.9393_-0.0696526
4.04021_-20.9784_-0.0954872
4.53827_-21.0217_-0.0696526
5.03669_-21.0608_-0.0954872
5.53475_-21.1042_-0.0696526
6.03377_-21.1347_-0.0438181
6.53303_-21.1609_-0.0696526
7.03145_-21.2_-0.0954872
7.52952_-21.2434_-0.0696526
8.02854_-21.2739_-0.0438181
8.5278_-21.3001_-0.0696526
9.02507_-21.3477_-0.147134
9.39019_-21.3947_-0.0900425
9.8877_-21.444_-0.115877
10.3848_-21.4975_-0.0900425
10.8823_-21.5467_-0.115877
11.3794_-21.6002_-0.0900425
11.8713_-21.6746_-0.270576
12.3314_-21.7823_-0.148306
12.7911_-21.928_-0.632904
13.13_-22.2711_-1.1175
13.27_-22.7326_-1.6021
13.233_-23.2299_-1.73116
13.1406_-23.7209_-1.80864
13.0526_-24.2105_-1.62811
