configuration 14.2292175293_13.7099370956_-0.723728341199_0.690084986176_-18.0985870361_0.542219161987_-0.683562400866_0.729892077038
length 41.1362
time 3.82288
roughness 0.00116386
14.2292_13.7099_-1.61838
14.1841_13.2132_-1.74744
14.1005_12.7203_-1.72161
14.0211_12.2267_-1.74744
13.9375_11.7338_-1.72161
13.8582_11.2402_-1.74744
13.7577_10.7509_-1.82492
13.5643_10.3091_-2.30952
13.2078_9.96205_-2.49005
12.8029_9.66947_-2.56754
12.3807_9.4016_-2.59337
11.9346_9.21845_-3.07797
11.4354_9.19957_-3.15545
10.9355_9.2022_-3.12962
10.4355_9.20051_-3.15545
9.9356_9.20314_-3.12962
9.43566_9.20145_-3.15545
8.93571_9.20408_-3.12962
8.43577_9.20239_-3.15545
7.93582_9.20502_-3.12962
7.43588_9.20333_-3.15545
6.93594_9.20596_-3.12962
6.43599_9.20427_-3.15545
5.93617_9.21551_-3.18128
5.43646_9.23104_-3.15545
4.93651_9.23367_-3.12962
4.43657_9.23198_-3.15545
3.93674_9.24321_-3.18128
3.43931_9.23309_-3.00075
3.07388_9.19304_-3.09585
2.60168_9.09515_-2.61125
2.18268_8.82463_-2.48219
1.82233_8.48679_-2.19922
1.53192_8.07984_-2.17339
1.24502_7.6704_-2.19922
0.954611_7.26345_-2.17339
0.667714_6.85401_-2.19922
0.377301_6.44706_-2.17339
0.0974976_6.03274_-2.14755
-0.178727_5.61603_-2.17339
-0.465625_5.20659_-2.19922
-0.748765_4.79503_-2.12174
-1.06296_4.4292_-2.60634
-1.51141_4.25185_-3.09094
-2.0108_4.23944_-3.16842
-2.51043_4.25715_-3.19425
-3.0099_4.27917_-3.16842
-3.50953_4.29688_-3.19425
-4.009_4.3189_-3.16842
-4.50864_4.33661_-3.19425
-5.0081_4.35862_-3.16842
-5.50774_4.37634_-3.19425
-6.00675_4.40695_-3.22009
-6.50548_4.44186_-3.19425
-7.00494_4.46387_-3.16842
-7.50458_4.48159_-3.19425
-8.00359_4.5122_-3.22009
-8.50232_4.54711_-3.19425
-9.00178_4.56913_-3.16842
-9.50142_4.58684_-3.19425
-10.0004_4.61745_-3.22009
-10.4992_4.65236_-3.19425
-10.9986_4.67438_-3.16842
-11.4983_4.69209_-3.19425
-11.9973_4.7227_-3.22009
-12.496_4.75761_-3.19425
-12.9955_4.77963_-3.16842
-13.4853_4.73861_-2.83457
-13.9606_4.58342_-2.80874
-14.4345_4.42414_-2.83457
-14.9097_4.26894_-2.80874
-15.3836_4.10966_-2.83457
-15.8589_3.95447_-2.80874
-16.3328_3.79519_-2.83457
-16.8013_3.62418_-2.70551
-17.2007_3.35398_-2.22091
-17.4534_2.93229_-1.88707
-17.5964_2.45367_-1.80959
-17.7188_1.96894_-1.83542
-17.8454_1.48529_-1.80959
-17.9253_0.995826_-1.57774
-17.9388_0.549041_-1.64706
