configuration 14.2292175293_13.7099370956_-0.723728341199_0.690084986176_-18.0985870361_0.542219161987_-0.683562400866_0.729892077038
length 41.4552
time 4.52511
roughness 0.0013363
14.2292_13.7099_-1.61838
14.1758_13.2153_-1.79891
14.0585_12.7293_-1.82475
13.9288_12.2465_-1.85058
13.7948_11.7648_-1.82475
13.6651_11.282_-1.85058
13.5312_10.8003_-1.82475
13.4014_10.3175_-1.85058
13.2822_9.91368_-1.87234
13.068_9.48161_-2.35694
12.6772_9.19906_-2.84153
12.1936_9.08934_-3.07338
11.6945_9.05956_-3.09922
11.1949_9.04269_-3.12505
10.6951_9.03011_-3.09922
10.1954_9.01323_-3.12505
9.69561_9.00066_-3.09922
9.19594_8.98378_-3.12505
8.69615_8.97121_-3.09922
8.19649_8.95433_-3.12505
7.69669_8.94176_-3.09922
7.19703_8.92488_-3.12505
6.69724_8.91231_-3.09922
6.19757_8.89543_-3.12505
5.69778_8.88286_-3.09922
5.19812_8.86598_-3.12505
4.69833_8.85341_-3.09922
4.19866_8.83653_-3.12505
3.69887_8.82396_-3.09922
3.20048_8.78992_-3.02174
2.80808_8.75612_-3.12363
2.33335_8.67138_-2.63903
1.93816_8.38367_-2.25459
1.62567_7.99341_-2.22876
1.32337_7.59521_-2.20292
1.0245_7.19443_-2.22876
0.715388_6.80149_-2.25459
0.402899_6.41124_-2.22876
0.100596_6.01304_-2.20292
-0.198267_5.61225_-2.22876
-0.507384_5.21932_-2.25459
-0.812866_4.82406_-2.17711
-1.14683_4.47617_-2.66171
-1.6044_4.32391_-3.14631
-2.1043_4.33058_-3.17214
-2.60413_4.34154_-3.14631
-3.10404_4.3482_-3.17214
-3.60387_4.35917_-3.14631
-4.10377_4.36583_-3.17214
-4.6036_4.3768_-3.14631
-5.10351_4.38346_-3.17214
-5.60334_4.39442_-3.14631
-6.10324_4.40108_-3.17214
-6.60281_4.42066_-3.19797
-7.10219_4.44453_-3.17214
-7.60202_4.4555_-3.14631
-8.10192_4.46216_-3.17214
-8.60149_4.48173_-3.19797
-9.10087_4.5056_-3.17214
-9.6007_4.51657_-3.14631
-10.1006_4.52323_-3.17214
-10.5906_4.48404_-2.83829
-10.944_4.38079_-2.89539
-11.4278_4.25477_-2.86955
-11.9105_4.12458_-2.89539
-12.3979_4.01538_-2.97287
-12.7071_3.95405_-2.89135
-13.1956_3.85998_-3.07189
-13.694_3.82087_-3.04605
-14.1921_3.77747_-3.07189
-14.6905_3.73835_-3.04605
-15.1886_3.69495_-3.07189
-15.6876_3.66442_-3.09772
-16.1869_3.6382_-3.07189
-16.6853_3.59908_-3.04605
-17.1825_3.54711_-3.02022
-17.646_3.41382_-2.53562
-17.994_3.07998_-2.05102
-18.1547_2.62165_-1.61632
-18.1646_2.1222_-1.53884
-18.1443_1.62266_-1.513
-18.1197_1.12332_-1.53884
-18.0995_0.623779_-1.513
