configuration 14.2292175293_13.7099370956_-0.723728341199_0.690084986176_-18.0985870361_0.542219161987_-0.683562400866_0.729892077038
length 41.4086
time 3.95758
roughness 0.00134627
14.2292_13.7099_-1.61838
14.2011_13.2108_-1.64421
14.1602_12.7125_-1.67005
14.1149_12.2146_-1.64421
14.074_11.7163_-1.67005
14.0287_11.2184_-1.64421
13.9963_10.7195_-1.61838
13.9512_10.2228_-1.74744
13.7925_9.76746_-2.23204
13.44_9.43843_-2.71664
12.9747_9.31153_-3.20124
12.4786_9.36262_-3.3303
11.9905_9.46896_-3.40778
11.5111_9.52071_-2.92318
11.0198_9.44224_-3.10372
10.52_9.42762_-3.12955
10.0202_9.41729_-3.10372
9.52045_9.40266_-3.12955
9.0206_9.39233_-3.10372
8.52119_9.3691_-3.07788
8.022_9.34157_-3.10372
7.52227_9.32694_-3.12955
7.02242_9.31661_-3.10372
6.52302_9.29338_-3.07788
6.02382_9.26584_-3.10372
5.52409_9.25122_-3.12955
5.02425_9.24089_-3.10372
4.52484_9.21766_-3.07788
4.02565_9.19012_-3.10372
3.52853_9.14984_-2.97465
3.0859_9.09265_-3.09013
2.61427_8.99207_-2.60553
2.22187_8.69597_-2.27169
1.90276_8.31112_-2.24585
1.59369_7.91814_-2.22002
1.28802_7.52252_-2.24585
0.978957_7.12955_-2.22002
0.673287_6.73393_-2.24585
0.36422_6.34096_-2.22002
0.0585498_5.94534_-2.24585
-0.257238_5.55775_-2.27169
-0.576353_5.17289_-2.24585
-0.910028_4.80383_-2.42638
-1.31949_4.54908_-2.91098
-1.80981_4.46463_-3.09152
-2.30933_4.4439_-3.11735
-2.80922_4.43609_-3.14318
-3.30915_4.43258_-3.11735
-3.80904_4.42476_-3.14318
-4.30898_4.42125_-3.11735
-4.80887_4.41344_-3.14318
-5.3088_4.40993_-3.11735
-5.80869_4.40212_-3.14318
-6.30863_4.39861_-3.11735
-6.80852_4.39079_-3.14318
-7.30846_4.38728_-3.11735
-7.80834_4.37947_-3.14318
-8.30828_4.37596_-3.11735
-8.80796_4.35954_-3.09152
-9.30748_4.33881_-3.11735
-9.80737_4.331_-3.14318
-10.3068_4.3189_-3.0657
-10.8056_4.28529_-3.09154
-11.3047_4.25597_-3.0657
-11.8035_4.22236_-3.09154
-12.3026_4.19305_-3.0657
-12.8008_4.15086_-3.03987
-13.2985_4.10437_-3.0657
-13.7974_4.07076_-3.09154
-14.2964_4.04145_-3.0657
-14.7946_3.99925_-3.03987
-15.2924_3.95277_-3.0657
-15.7912_3.91916_-3.09154
-16.2903_3.88984_-3.0657
-16.7691_3.79147_-2.68127
-17.1619_3.51167_-2.19667
-17.4042_3.08398_-1.86282
-17.544_2.60397_-1.83699
-17.6714_2.12052_-1.81115
-17.7946_1.63598_-1.83699
-17.9302_1.15479_-1.86282
-18.0275_0.670519_-1.57985
