configuration 2.903195858_13.0508098602_-0.754177572005_0.656670533741_-13.4451351166_-15.4114570618_0.497552318458_0.867433968897
length 52.5129
time 16.7638
roughness 0.000838389
2.9032_13.0508_-1.7088
2.83016_12.5562_-1.73464
2.74437_12.0637_-1.76047
2.65434_11.5719_-1.73464
2.56855_11.0794_-1.76047
2.47852_10.5876_-1.73464
2.39273_10.0951_-1.76047
2.3027_9.60329_-1.73464
2.21691_9.11076_-1.76047
2.12688_8.61898_-1.73464
2.04109_8.12645_-1.76047
1.95106_7.63467_-1.73464
1.86527_7.14214_-1.76047
1.77524_6.65036_-1.73464
1.68945_6.15783_-1.76047
1.59943_5.66605_-1.73464
1.51364_5.17352_-1.76047
1.42361_4.68174_-1.73464
1.33782_4.1892_-1.76047
1.24779_3.69743_-1.73464
1.162_3.20489_-1.76047
1.07197_2.71312_-1.73464
0.98618_2.22058_-1.76047
0.896151_1.72881_-1.73464
0.810361_1.23627_-1.76047
0.720332_0.744496_-1.73464
0.634542_0.251962_-1.76047
0.544514_-0.239815_-1.73464
0.458724_-0.732349_-1.76047
0.360239_-1.2225_-1.78631
0.257537_-1.71179_-1.76047
0.167508_-2.20357_-1.73464
0.0492282_-2.68519_-1.96649
0.0178101_-2.7554_-2.043
-0.266636_-3.14481_-2.5276
-0.695239_-3.39034_-2.81057
-1.16943_-3.54876_-2.8364
-1.65251_-3.66096_-3.06825
-2.15141_-3.6933_-3.09409
-2.65057_-3.72134_-3.06825
-3.14947_-3.75368_-3.09409
-3.64864_-3.78172_-3.06825
-4.14754_-3.81406_-3.09409
-4.6467_-3.8421_-3.06825
-5.1456_-3.87444_-3.09409
-5.64477_-3.90248_-3.06825
-6.14367_-3.93482_-3.09409
-6.64283_-3.96286_-3.06825
-7.1411_-4.00379_-3.04242
-7.639_-4.049_-3.06825
-8.13791_-4.08134_-3.09409
-8.63707_-4.10938_-3.06825
-9.13534_-4.15031_-3.04242
-9.63324_-4.19553_-3.06825
-10.1321_-4.22786_-3.09409
-10.6313_-4.25591_-3.06825
-11.1296_-4.29683_-3.04242
-11.6275_-4.34205_-3.06825
-12.1264_-4.37439_-3.09409
-12.6255_-4.40243_-3.06825
-13.1238_-4.44336_-3.04242
-13.6217_-4.48857_-3.06825
-14.1206_-4.52091_-3.09409
-14.6188_-4.55751_-3.0166
-15.0818_-4.69247_-2.53201
-15.4585_-5.01194_-2.24904
-15.7688_-5.40393_-2.2232
-16.0689_-5.8038_-2.19737
-16.3656_-6.20624_-2.2232
-16.6656_-6.60611_-2.19737
-16.9553_-7.0136_-2.17153
-17.2414_-7.42357_-2.19737
-17.5381_-7.82601_-2.2232
-17.845_-8.22065_-2.24904
-18.0844_-8.63925_-1.76444
-18.1337_-9.13074_-1.48147
-18.0848_-9.62829_-1.45564
-18.0231_-10.1244_-1.4298
-17.9571_-10.62_-1.45564
-17.9039_-11.1171_-1.48147
-17.855_-11.6147_-1.45564
-17.7933_-12.1108_-1.4298
-17.7273_-12.6064_-1.45564
-17.6742_-13.1035_-1.48147
-17.6253_-13.601_-1.45564
-17.5636_-14.0972_-1.4298
-17.4976_-14.5927_-1.45564
-17.4444_-15.0898_-1.48147
-17.3955_-15.5874_-1.45564
-17.3338_-16.0835_-1.4298
-17.2678_-16.5791_-1.45564
-17.2146_-17.0762_-1.48147
-17.1743_-17.5745_-1.50731
-17.0681_-18.0449_-1.02271
-16.7549_-18.4117_-0.538111
-16.307_-18.5903_-0.0535128
-15.8274_-18.5397_0.431085
-15.4266_-18.2715_0.915683
-15.1255_-17.8724_0.941518
-14.8347_-17.4657_0.967352
-14.5545_-17.0516_0.993187
-14.278_-16.6352_0.967352
-13.9978_-16.2211_0.993187
-13.7284_-15.7999_1.01902
-13.4646_-15.4079_0.896752
