configuration 14.2292175293_13.7099370956_-0.723728341199_0.690084986176_-18.0985870361_0.542219161987_-0.683562400866_0.729892077038
length 41.0653
time 3.74023
roughness 0.00129137
14.2292_13.7099_-1.61838
14.1841_13.2132_-1.74744
14.1005_12.7203_-1.72161
14.0211_12.2267_-1.74744
13.9375_11.7338_-1.72161
13.8582_11.2402_-1.74744
13.7711_10.7746_-1.77192
13.6137_10.3118_-2.15635
13.327_9.90278_-2.23384
13.0094_9.51715_-2.31132
12.6319_9.21707_-2.79592
12.1539_9.10246_-3.12976
11.654_9.10085_-3.1556
11.1541_9.11216_-3.18143
10.6544_9.12777_-3.1556
10.1546_9.13907_-3.18143
9.6549_9.15468_-3.1556
9.15508_9.16599_-3.18143
8.65538_9.18159_-3.1556
8.15555_9.1929_-3.18143
7.65585_9.20851_-3.1556
7.15603_9.21981_-3.18143
6.65632_9.23542_-3.1556
6.1565_9.24673_-3.18143
5.65679_9.26234_-3.1556
5.15697_9.27364_-3.18143
4.65726_9.28925_-3.1556
4.15744_9.30056_-3.18143
3.65808_9.32477_-3.20726
3.17381_9.28732_-2.77256
2.82939_9.15662_-2.7916
2.4082_8.92177_-2.307
2.08243_8.54306_-2.22952
1.77983_8.14509_-2.20368
1.48066_7.74453_-2.22952
1.17805_7.34656_-2.20368
0.878883_6.946_-2.22952
0.569467_6.55331_-2.25535
0.256681_6.16329_-2.22952
-0.0459259_5.76532_-2.20368
-0.345094_5.36476_-2.22952
-0.660965_4.97776_-2.307
-0.866156_4.73858_-2.22549
-1.21655_4.40725_-2.71008
-1.68216_4.26898_-3.14479
-2.18208_4.27488_-3.17062
-2.68193_4.28509_-3.14479
-3.18184_4.29099_-3.17062
-3.68169_4.3012_-3.14479
-4.1816_4.3071_-3.17062
-4.68145_4.31731_-3.14479
-5.18136_4.32321_-3.17062
-5.68121_4.33342_-3.14479
-6.18112_4.33932_-3.17062
-6.68097_4.34953_-3.14479
-7.18088_4.35543_-3.17062
-7.68073_4.36564_-3.14479
-8.18064_4.37154_-3.17062
-8.68049_4.38175_-3.14479
-9.1804_4.38765_-3.17062
-9.68_4.40646_-3.19646
-10.1743_4.46351_-3.37699
-10.662_4.52481_-3.04314
-11.1591_4.47139_-3.01731
-11.6546_4.40514_-2.99148
-12.1496_4.33463_-3.01731
-12.6451_4.26839_-2.99148
-13.1401_4.19788_-3.01731
-13.6356_4.13163_-2.99148
-14.1306_4.06112_-3.01731
-14.6261_3.99488_-2.99148
-15.1211_3.92437_-3.01731
-15.6166_3.85812_-2.99148
-16.1125_3.80479_-3.12054
-16.5869_3.71859_-2.63594
-16.9666_3.42128_-2.15134
-17.2141_2.98963_-1.97081
-17.3967_2.52465_-1.89333
-17.5592_2.05186_-1.91916
-17.7258_1.58049_-1.89333
-17.8884_1.1077_-1.91916
-18.0128_0.629678_-1.63619
