configuration 6.23696136475_-8.02296829224_-0.990618758317_0.136654585252_12.9709873199_-24.4014968872_-0.713623012343_0.700529939585
length 41.6138
time 5.81293
roughness 0.00114391
6.23696_-8.02297_-2.86743
5.75687_-8.16247_-2.84159
5.28054_-8.31432_-2.81576
4.80829_-8.47843_-2.78992
4.33747_-8.64659_-2.81576
3.86522_-8.8107_-2.78992
3.39441_-8.97887_-2.81576
2.9194_-9.13482_-2.84159
2.44307_-9.28667_-2.81576
1.97082_-9.45078_-2.78992
1.50001_-9.61895_-2.81576
1.025_-9.7749_-2.84159
0.559365_-9.95018_-2.66106
0.114062_-10.1775_-2.68689
-0.333182_-10.4009_-2.66106
-0.774505_-10.6358_-2.63522
-1.20496_-10.8893_-2.55774
-1.56797_-11.212_-2.12304
-1.82657_-11.6399_-2.0972
-2.07403_-12.0743_-2.07137
-2.31774_-12.5108_-2.0972
-2.57264_-12.9409_-2.12304
-2.83124_-13.3688_-2.0972
-3.0787_-13.8032_-2.07137
-3.3224_-14.2397_-2.0972
-3.57731_-14.6698_-2.12304
-3.8359_-15.0977_-2.0972
-4.08336_-15.5321_-2.07137
-4.32707_-15.9686_-2.0972
-4.58197_-16.3987_-2.12304
-4.84057_-16.8266_-2.0972
-5.08803_-17.261_-2.07137
-5.33174_-17.6975_-2.0972
-5.58664_-18.1276_-2.12304
-5.8298_-18.563_-1.99398
-5.95588_-19.0285_-1.50938
-5.8956_-19.5224_-1.32885
-5.76343_-20.0041_-1.25136
-5.54156_-20.4323_-0.766766
-5.14577_-20.7078_-0.282168
-4.66024_-20.8089_-0.0503186
-4.16072_-20.8297_-0.0244841
-3.66105_-20.8462_-0.0503186
-3.16153_-20.8671_-0.0244841
-2.66185_-20.8836_-0.0503186
-2.16234_-20.9045_-0.0244841
-1.66266_-20.921_-0.0503186
-1.16315_-20.9419_-0.0244841
-0.663473_-20.9584_-0.0503186
-0.163958_-20.9793_-0.0244841
0.335717_-20.9958_-0.0503186
0.835232_-21.0166_-0.0244841
1.33491_-21.0332_-0.0503186
1.83442_-21.054_-0.0244841
2.3341_-21.0706_-0.0503186
2.83361_-21.0914_-0.0244841
3.33329_-21.108_-0.0503186
3.8328_-21.1288_-0.0244841
4.33248_-21.1454_-0.0503186
4.83199_-21.1662_-0.0244841
5.33167_-21.1827_-0.0503186
5.83119_-21.2036_-0.0244841
6.33086_-21.2201_-0.0503186
6.83038_-21.241_-0.0244841
7.33005_-21.2575_-0.0503186
7.82957_-21.2784_-0.0244841
8.32924_-21.2949_-0.0503186
8.82876_-21.3158_-0.0244841
9.32843_-21.3323_-0.0503186
9.82795_-21.3531_-0.0244841
10.3276_-21.3697_-0.0503186
10.8271_-21.3905_-0.0244841
11.3268_-21.4071_-0.0503186
11.8263_-21.4279_-0.0244841
12.3259_-21.4273_0.0529975
12.8054_-21.4781_-0.4316
13.2061_-21.7465_-0.916198
13.4355_-22.1707_-1.4008
13.4567_-22.659_-1.78523
13.3378_-23.1442_-1.86272
13.1981_-23.6242_-1.83688
13.0963_-24.1113_-1.65635
13.0701_-24.3995_-1.67131
