configuration -11.8536100388_-27.1978302002_0.742596430242_0.669739159518_7.0929813385_4.64613723755_-0.0222057164121_0.999753422679
length 55.088
time 3.95559
roughness 0.000840441
-11.8536_-27.1978_1.67388
-11.9344_-26.7069_1.85441
-12.0784_-26.2281_1.88025
-12.2266_-25.7506_1.85441
-12.3706_-25.2719_1.88025
-12.527_-24.797_1.90608
-12.6874_-24.3235_1.88025
-12.8355_-23.846_1.85441
-12.9796_-23.3673_1.88025
-13.1359_-22.8924_1.90608
-13.2963_-22.4189_1.88025
-13.4191_-21.9367_1.69971
-13.5559_-21.4743_2.18431
-13.854_-21.0734_2.26179
-14.1759_-20.6909_2.28763
-14.5011_-20.3112_2.26179
-14.823_-19.9287_2.28763
-15.1482_-19.5489_2.26179
-15.4702_-19.1664_2.28763
-15.7954_-18.7867_2.26179
-16.1173_-18.4042_2.28763
-16.4425_-18.0245_2.26179
-16.7644_-17.642_2.28763
-17.0961_-17.2679_2.31346
-17.4173_-16.8864_2.1844
-17.6292_-16.4532_1.6998
-17.6635_-15.9568_1.51927
-17.6335_-15.4578_1.49343
-17.5991_-14.959_1.51927
-17.5691_-14.4599_1.49343
-17.5347_-13.9612_1.51927
-17.5047_-13.4621_1.49343
-17.4703_-12.9634_1.51927
-17.4489_-12.4639_1.5451
-17.4317_-11.9642_1.51927
-17.4017_-11.4652_1.49343
-17.3673_-10.9664_1.51927
-17.3459_-10.4669_1.5451
-17.3287_-9.96726_1.51927
-17.2987_-9.46822_1.49343
-17.2643_-8.96945_1.51927
-17.2429_-8.46996_1.5451
-17.2257_-7.9703_1.51927
-17.1542_-7.48156_1.2363
-17.04_-7.1316_1.29339
-16.8478_-6.68215_0.908953
-16.5372_-6.29042_0.883119
-16.2165_-5.90684_0.857284
-15.8925_-5.52604_0.883119
-15.5719_-5.14247_0.857284
-15.2479_-4.76167_0.883119
-14.9273_-4.37809_0.857284
-14.5968_-4.00293_0.831449
-14.3743_-3.74403_0.919755
-14.0251_-3.41142_0.435157
-13.56_-3.27146_0.000454432
-13.0601_-3.26692_0.026289
-12.5602_-3.25809_0.000454432
-12.0603_-3.26216_-0.0253801
-11.5604_-3.27055_0.000454432
-11.0605_-3.26601_0.026289
-10.5606_-3.25718_0.000454432
-10.0607_-3.26126_-0.0253801
-9.56081_-3.26964_0.000454432
-9.06088_-3.26511_0.026289
-8.56101_-3.25627_0.000454432
-8.06108_-3.26035_-0.0253801
-7.5612_-3.26873_0.000454432
-7.06127_-3.2642_0.026289
-6.5614_-3.25536_0.000454432
-6.06147_-3.25944_-0.0253801
-5.56159_-3.26782_0.000454432
-5.06166_-3.26329_0.026289
-4.56179_-3.25445_0.000454432
-4.06185_-3.25853_-0.0253801
-3.56197_-3.26691_0.000454432
-3.06205_-3.26238_0.026289
-2.56217_-3.25354_0.000454432
-2.06224_-3.25762_-0.0253801
-1.56236_-3.266_0.000454432
-1.06243_-3.26147_0.026289
-0.562561_-3.25263_0.000454432
-0.0626285_-3.25671_-0.0253801
0.437251_-3.26509_0.000454432
0.935522_-3.24344_0.129517
1.39788_-3.10639_0.614115
1.74315_-2.76973_1.09871
1.91711_-2.30996_1.43256
1.98173_-1.81421_1.45839
2.03353_-1.31695_1.48423
2.08105_-0.819259_1.45839
2.13284_-0.322_1.48423
2.18036_0.175686_1.45839
2.23216_0.672945_1.48423
2.27109_1.17138_1.51006
2.30573_1.67012_1.48423
2.35325_2.16781_1.45839
2.40504_2.66507_1.48423
2.43537_3.16369_1.56171
2.45015_3.47785_1.44769
2.58424_3.94108_0.96309
2.91869_4.2885_0.478492
3.37758_4.45692_0.0940541
3.87571_4.49959_0.0682195
4.37477_4.52937_0.042385
4.87407_4.55486_0.0682195
5.37313_4.58464_0.042385
5.8728_4.60152_0.0165504
6.37259_4.6141_0.042385
6.87207_4.62238_-0.0350966
