configuration 2.903195858_13.0508098602_-0.754177572005_0.656670533741_-13.4451351166_-15.4114570618_0.497552318458_0.867433968897
length 52.2012
time 18.4612
roughness 0.000896836
2.9032_13.0508_-1.7088
2.84727_12.5544_-1.63132
2.82133_12.0551_-1.60549
2.79969_11.5556_-1.63132
2.77374_11.0564_-1.60549
2.7521_10.5569_-1.63132
2.69227_10.063_-1.81185
2.5771_9.57646_-1.78602
2.46613_9.08898_-1.81185
2.35096_8.60248_-1.78602
2.23998_8.115_-1.81185
2.12482_7.6285_-1.78602
2.01384_7.14102_-1.81185
1.89868_6.65452_-1.78602
1.7877_6.16704_-1.81185
1.67254_5.68053_-1.78602
1.56156_5.19306_-1.81185
1.4464_4.70655_-1.78602
1.33542_4.21907_-1.81185
1.22025_3.73257_-1.78602
1.10928_3.24509_-1.81185
0.994114_2.75859_-1.78602
0.883141_2.27111_-1.81185
0.759612_1.78666_-1.83769
0.631916_1.3033_-1.81185
0.516749_0.816792_-1.78602
0.405775_0.329315_-1.81185
0.282247_-0.155134_-1.83769
0.154551_-0.6385_-1.81185
0.0393831_-1.125_-1.78602
-0.0715901_-1.61248_-1.81185
-0.195119_-2.09693_-1.83769
-0.322815_-2.5803_-1.81185
-0.437982_-3.0668_-1.78602
-0.510391_-3.37393_-1.83495
-0.708269_-3.81371_-2.31955
-1.08823_-4.11066_-2.80415
-1.56719_-4.22133_-3.138
-2.0671_-4.22744_-3.11216
-2.56694_-4.23784_-3.138
-3.06689_-4.23534_-3.16383
-3.56679_-4.22852_-3.138
-4.0667_-4.23463_-3.11216
-4.56654_-4.24504_-3.138
-5.06649_-4.24253_-3.16383
-5.56639_-4.23572_-3.138
-6.0663_-4.24182_-3.11216
-6.56614_-4.25223_-3.138
-7.06609_-4.24972_-3.16383
-7.56599_-4.24291_-3.138
-8.0659_-4.24901_-3.11216
-8.56574_-4.25942_-3.138
-9.06569_-4.25692_-3.16383
-9.56559_-4.2501_-3.138
-10.0655_-4.25621_-3.11216
-10.5653_-4.26662_-3.138
-11.0653_-4.26411_-3.16383
-11.5652_-4.2573_-3.138
-12.0651_-4.2634_-3.11216
-12.5649_-4.27381_-3.138
-13.0649_-4.2713_-3.16383
-13.5648_-4.26449_-3.138
-14.0564_-4.31251_-2.85503
-14.5372_-4.44969_-2.88086
-14.9776_-4.64606_-2.39626
-15.3292_-4.99974_-2.2672
-15.6466_-5.38603_-2.24137
-15.9539_-5.78038_-2.21553
-16.2578_-6.17737_-2.24137
-16.5651_-6.57172_-2.21553
-16.8621_-6.97389_-2.1897
-17.1413_-7.38812_-2.11222
-17.3707_-7.74005_-2.2209
-17.5983_-8.16522_-1.7363
-17.6507_-8.65999_-1.55577
-17.6389_-9.1598_-1.52993
-17.6141_-9.65914_-1.5041
-17.5851_-10.1582_-1.52993
-17.5604_-10.6576_-1.5041
-17.5314_-11.1567_-1.52993
-17.5066_-11.656_-1.5041
-17.4776_-12.1551_-1.52993
-17.4529_-12.6545_-1.5041
-17.4239_-13.1536_-1.52993
-17.3991_-13.6529_-1.5041
-17.3701_-14.152_-1.52993
-17.3454_-14.6514_-1.5041
-17.3164_-15.1505_-1.52993
-17.2916_-15.6498_-1.5041
-17.2626_-16.1489_-1.52993
-17.2379_-16.6483_-1.5041
-17.159_-17.1359_-1.22113
-17.0223_-17.5607_-1.33661
-16.8377_-18.0062_-0.852011
-16.4668_-18.3144_-0.367413
-15.995_-18.4144_0.117185
-15.531_-18.283_0.601783
-15.1589_-17.9618_0.935628
-14.8658_-17.5568_0.961462
-14.5832_-17.1444_0.987297
-14.3113_-16.7248_1.01313
-14.0431_-16.3029_0.987297
-13.7641_-15.8881_0.961462
-13.4889_-15.4712_1.03894
