configuration 2.903195858_13.0508098602_-0.754177572005_0.656670533741_-13.4451351166_-15.4114570618_0.497552318458_0.867433968897
length 51.4795
time 16.6362
roughness 0.000936402
2.9032_13.0508_-1.7088
2.82173_12.558_-1.78628
2.71062_12.0705_-1.81212
2.59533_11.584_-1.78628
2.49264_11.0947_-1.76045
2.39416_10.6046_-1.78628
2.28306_10.1171_-1.81212
2.16776_9.63066_-1.78628
2.06507_9.14137_-1.76045
1.9666_8.65122_-1.78628
1.8555_8.16377_-1.81212
1.7402_7.6773_-1.78628
1.6427_7.2138_-1.76181
1.55202_6.72215_-1.73597
1.46557_6.22973_-1.76181
1.37488_5.73807_-1.73597
1.29693_5.24424_-1.71014
1.22323_4.74975_-1.73597
1.13678_4.25733_-1.76181
1.04609_3.76567_-1.73597
0.968135_3.27184_-1.71014
0.894435_2.77735_-1.73597
0.807986_2.28493_-1.76181
0.717299_1.79328_-1.73597
0.639344_1.29944_-1.71014
0.565644_0.804956_-1.73597
0.479195_0.312538_-1.76181
0.388508_-0.179118_-1.73597
0.310552_-0.672953_-1.71014
0.236852_-1.16744_-1.73597
0.150404_-1.65986_-1.76181
0.0597172_-2.15151_-1.73597
-0.0351139_-2.64198_-1.81346
-0.183426_-3.1169_-1.99399
-0.448452_-3.51978_-2.47859
-0.870649_-3.75282_-2.96318
-1.36482_-3.82016_-3.09225
-1.86393_-3.84912_-3.06641
-2.36277_-3.88238_-3.09225
-2.86189_-3.91133_-3.06641
-3.36073_-3.94459_-3.09225
-3.85984_-3.97355_-3.06641
-4.35868_-4.00681_-3.09225
-4.85779_-4.03577_-3.06641
-5.35663_-4.06902_-3.09225
-5.85574_-4.09798_-3.06641
-6.35458_-4.13124_-3.09225
-6.85369_-4.1602_-3.06641
-7.35254_-4.19346_-3.09225
-7.85165_-4.22242_-3.06641
-8.35049_-4.25567_-3.09225
-8.8496_-4.28463_-3.06641
-9.34844_-4.31789_-3.09225
-9.84755_-4.34685_-3.06641
-10.3464_-4.3801_-3.09225
-10.8459_-4.40046_-3.11808
-11.3456_-4.41652_-3.09225
-11.8447_-4.44548_-3.06641
-12.3436_-4.47874_-3.09225
-12.8431_-4.4991_-3.11808
-13.3428_-4.51515_-3.09225
-13.8419_-4.54411_-3.06641
-14.3408_-4.57737_-3.09225
-14.8353_-4.63168_-2.91171
-15.2816_-4.81437_-2.42712
-15.6372_-5.16233_-2.24658
-15.9466_-5.55508_-2.22075
-16.2525_-5.95048_-2.24658
-16.5619_-6.34322_-2.22075
-16.8679_-6.73862_-2.24658
-17.1552_-7.14478_-2.06605
-17.3145_-7.59996_-1.58145
-17.3155_-8.09991_-1.55562
-17.3122_-8.59985_-1.58145
-17.3133_-9.0998_-1.55562
-17.31_-9.59973_-1.58145
-17.311_-10.0997_-1.55562
-17.3077_-10.5996_-1.58145
-17.3087_-11.0996_-1.55562
-17.3054_-11.5995_-1.58145
-17.3065_-12.0995_-1.55562
-17.3032_-12.5994_-1.58145
-17.3042_-13.0993_-1.55562
-17.3009_-13.5993_-1.58145
-17.3019_-14.0992_-1.55562
-17.2987_-14.5992_-1.58145
-17.2997_-15.0991_-1.55562
-17.2964_-15.5991_-1.58145
-17.306_-16.0989_-1.60729
-17.3622_-16.5917_-1.83914
-17.415_-17.071_-1.35454
-17.2384_-17.5197_-0.86994
-16.8731_-17.8346_-0.385342
-16.4032_-17.9429_0.099256
-15.9369_-17.8199_0.583854
-15.539_-17.5213_0.764387
-15.1811_-17.1722_0.790222
-14.8323_-16.8139_0.816056
-14.4867_-16.4527_0.790222
-14.1319_-16.1005_0.764387
-13.8013_-15.7308_0.996236
-13.5286_-15.3449_0.873967
