configuration 6.23696136475_-8.02296829224_-0.990618758317_0.136654585252_12.9709873199_-24.4014968872_-0.713623012343_0.700529939585
length 40.6441
time 8.36237
roughness 0.00116743
6.23696_-8.02297_-2.86743
5.75454_-8.15418_-2.89326
5.26888_-8.27288_-2.91909
4.78223_-8.3874_-2.89326
4.29657_-8.5061_-2.91909
3.80992_-8.62062_-2.89326
3.32426_-8.73932_-2.91909
2.83761_-8.85384_-2.89326
2.35195_-8.97255_-2.91909
1.86529_-9.08706_-2.89326
1.38176_-9.21411_-2.86743
0.90452_-9.36173_-2.78994
0.504221_-9.48604_-2.94197
0.0526031_-9.65514_-2.45737
-0.291786_-10.0059_-2.12353
-0.550593_-10.4337_-2.09769
-0.805707_-10.8636_-2.12353
-1.06451_-11.2914_-2.09769
-1.31963_-11.7213_-2.12353
-1.57843_-12.1491_-2.09769
-1.83355_-12.579_-2.12353
-2.09968_-13.0023_-2.14936
-2.36945_-13.4232_-2.12353
-2.62826_-13.8509_-2.09769
-2.88337_-14.2809_-2.12353
-3.14951_-14.7041_-2.14936
-3.41928_-15.125_-2.12353
-3.67809_-15.5528_-2.09769
-3.9332_-15.9828_-2.12353
-4.19934_-16.406_-2.14936
-4.46911_-16.8269_-2.12353
-4.72791_-17.2547_-2.09769
-4.98303_-17.6846_-2.12353
-5.24916_-18.1078_-2.14936
-5.51893_-18.5288_-2.12353
-5.77774_-18.9565_-2.09769
-5.95133_-19.4064_-1.6131
-5.89534_-19.8854_-1.1285
-5.62267_-20.2831_-0.6439
-5.22026_-20.5798_-0.618066
-4.86931_-20.8107_-0.509382
-4.41586_-20.9848_-0.0746785
-3.917_-21.0178_-0.048844
-3.41746_-21.0379_-0.0230094
-2.91776_-21.0537_-0.048844
-2.41821_-21.0738_-0.0230094
-1.91851_-21.0896_-0.048844
-1.41897_-21.1097_-0.0230094
-0.919268_-21.1255_-0.048844
-0.419723_-21.1456_-0.0230094
0.0799764_-21.1614_-0.048844
0.579521_-21.1815_-0.0230094
1.07922_-21.1974_-0.048844
1.57877_-21.2175_-0.0230094
2.07847_-21.2333_-0.048844
2.57801_-21.2534_-0.0230094
3.07771_-21.2692_-0.048844
3.57726_-21.2893_-0.0230094
4.07696_-21.3051_-0.048844
4.5765_-21.3252_-0.0230094
5.0762_-21.341_-0.048844
5.57532_-21.3697_-0.0746785
6.07418_-21.4027_-0.048844
6.57373_-21.4228_-0.0230094
7.07343_-21.4386_-0.048844
7.57255_-21.4674_-0.0746785
8.07141_-21.5004_-0.048844
8.57096_-21.5205_-0.0230094
9.07066_-21.5363_-0.048844
9.56978_-21.565_-0.0746785
10.0686_-21.598_-0.048844
10.5682_-21.6181_-0.0230094
11.0679_-21.6339_-0.048844
11.567_-21.6626_-0.0746785
12.0623_-21.7212_-0.203741
12.5132_-21.8921_-0.688339
12.8326_-22.2535_-1.17294
12.972_-22.7249_-1.50678
12.991_-23.224_-1.58426
12.98_-23.7239_-1.6101
12.9647_-24.2236_-1.58426
