configuration -11.8536100388_-27.1978302002_0.742596430242_0.669739159518_7.0929813385_4.64613723755_-0.0222057164121_0.999753422679
length 56.2697
time 5.15501
roughness 0.00100291
-11.8536_-27.1978_1.67388
-11.9344_-26.7069_1.85441
-12.0784_-26.2281_1.88025
-12.2266_-25.7506_1.85441
-12.3623_-25.2695_1.82858
-12.494_-24.7872_1.85441
-12.638_-24.3084_1.88025
-12.7861_-23.8309_1.85441
-12.9219_-23.3498_1.82858
-13.0535_-22.8674_1.85441
-13.1975_-22.3887_1.88025
-13.3457_-21.9112_1.85441
-13.4814_-21.43_1.82858
-13.6648_-20.9769_2.21301
-13.9742_-20.5847_2.2905
-14.307_-20.2116_2.31633
-14.6493_-19.8472_2.34216
-14.943_-19.4565_1.95773
-15.1885_-19.0374_2.39243
-15.563_-18.7067_2.46991
-15.957_-18.399_2.49575
-16.3536_-18.0946_2.46991
-16.7476_-17.7869_2.49575
-17.1052_-17.4496_2.1619
-17.2653_-17.2085_2.14694
-17.4609_-16.7676_1.66235
-17.4851_-16.2695_1.53328
-17.4706_-15.7697_1.55912
-17.4605_-15.2699_1.53328
-17.446_-14.7702_1.55912
-17.4359_-14.2703_1.53328
-17.4214_-13.7706_1.55912
-17.4113_-13.2707_1.53328
-17.3969_-12.771_1.55912
-17.3867_-12.2711_1.53328
-17.3637_-11.7717_1.50745
-17.3363_-11.2725_1.53328
-17.3219_-10.7728_1.55912
-17.3117_-10.2729_1.53328
-17.2887_-9.77351_1.50745
-17.2613_-9.27431_1.53328
-17.2469_-8.77457_1.55912
-17.2367_-8.27472_1.53328
-17.2137_-7.77531_1.50745
-17.1949_-7.27611_1.58493
-17.1255_-6.7989_1.10033
-16.8557_-6.38794_0.766487
-16.4926_-6.04428_0.740653
-16.1208_-5.71012_0.714818
-15.746_-5.37917_0.740653
-15.38_-5.03866_0.766487
-15.0169_-4.695_0.740653
-14.6396_-4.36755_0.663171
-14.3572_-4.13218_0.75827
-13.9591_-3.86005_0.273672
-13.4729_-3.75456_0.0931387
-12.9747_-3.71235_0.0673041
-12.4756_-3.68302_0.0414696
-11.9763_-3.658_0.0673041
-11.4772_-3.62867_0.0414696
-10.9779_-3.60364_0.0673041
-10.4788_-3.57432_0.0414696
-9.97947_-3.54929_0.0673041
-9.48038_-3.51996_0.0414696
-8.98106_-3.49493_0.0673041
-8.48197_-3.46561_0.0414696
-7.98265_-3.44058_0.0673041
-7.48414_-3.40266_0.0931387
-6.98597_-3.36045_0.0673041
-6.48689_-3.33113_0.0414696
-5.98756_-3.3061_0.0673041
-5.48905_-3.26818_0.0931387
-4.99089_-3.22597_0.0673041
-4.4918_-3.19665_0.0414696
-3.99435_-3.20588_-0.139063
-3.498_-3.26233_-0.0615819
-2.99875_-3.2888_-0.0357473
-2.49899_-3.30237_-0.00991277
-1.99912_-3.31163_-0.0357473
-1.49936_-3.3252_-0.00991277
-0.999495_-3.33446_-0.0357473
-0.500037_-3.35663_-0.0615819
-0.000789143_-3.3831_-0.0357473
0.494468_-3.43068_-0.21628
0.77748_-3.49138_-0.201323
1.25928_-3.51195_0.283274
1.69519_-3.3057_0.767872
1.98483_-2.92013_1.25247
2.07791_-2.44025_1.63691
2.04059_-1.94169_1.66274
1.99897_-1.44348_1.63691
1.96165_-0.944924_1.66274
1.92004_-0.44671_1.63691
1.88271_0.0518449_1.66274
1.8411_0.550059_1.63691
1.80377_1.04861_1.66274
1.76216_1.54683_1.63691
1.73343_2.04595_1.61107
1.709_2.5453_1.63691
1.68887_3.04444_1.55943
1.77047_3.51973_1.07483
2.06409_3.90228_0.590231
2.502_4.1124_0.155528
2.99656_4.18559_0.129693
3.49285_4.24598_0.103859
3.98964_4.30209_0.129693
4.48593_4.36248_0.103859
4.98272_4.41859_0.129693
5.47901_4.47897_0.103859
5.9767_4.52652_0.0780242
6.47477_4.56978_0.103859
6.9728_4.60873_0.0263772
