configuration 32.0634506226_7.0565199852_0.870200588927_0.492697610133_0.864893198013_0.272379875183_-0.736733996813_0.676182680893
length 36.1482
time 2.40628
roughness 0.00118964
32.0635_7.05652_2.11122
31.8501_7.50201_1.82825
31.7354_7.98821_1.75077
31.6171_8.47149_1.9313
31.3779_8.89019_2.4159
30.9711_9.14921_2.9005
30.4905_9.18892_3.3851
30.0198_9.03269_3.61695
29.5773_8.80007_3.64278
29.1368_8.56364_3.61695
28.6942_8.33102_3.64278
28.2537_8.0946_3.61695
27.8112_7.86197_3.64278
27.3707_7.62555_3.61695
26.9281_7.39293_3.64278
26.4876_7.1565_3.61695
26.0451_6.92388_3.64278
25.6046_6.68745_3.61695
25.162_6.45483_3.64278
24.7257_6.21086_3.66861
24.2914_5.96313_3.64278
23.8509_5.72671_3.61695
23.4084_5.49408_3.64278
22.9611_5.27347_3.51372
22.4866_5.12921_3.28187
21.9921_5.05505_3.3077
21.4984_4.97663_3.28187
21.0028_4.911_3.25603
20.5066_4.84963_3.28187
20.0122_4.77547_3.3077
19.5184_4.69705_3.28187
19.0228_4.63142_3.25603
18.5266_4.57005_3.28187
18.031_4.50442_3.25603
17.5384_4.42624_3.3851
17.0492_4.33546_3.20456
16.55_4.3083_3.17873
16.0506_4.28544_3.20456
15.5514_4.25827_3.17873
15.052_4.23541_3.20456
14.5528_4.20825_3.17873
14.0533_4.18538_3.20456
13.5541_4.15822_3.17873
13.0547_4.13536_3.20456
12.5555_4.10819_3.17873
12.056_4.08533_3.20456
11.5568_4.05817_3.17873
11.0574_4.03531_3.20456
10.5582_4.00814_3.17873
10.0588_3.98528_3.20456
9.55956_3.95812_3.17873
9.06014_3.93525_3.20456
8.56092_3.90809_3.17873
8.0615_3.88523_3.20456
7.56229_3.85806_3.17873
7.06286_3.8352_3.20456
6.56365_3.80804_3.17873
6.06422_3.78517_3.20456
5.56501_3.75801_3.17873
5.06559_3.73515_3.20456
4.56637_3.70798_3.17873
4.06695_3.68512_3.20456
3.56774_3.65796_3.17873
3.07059_3.61805_3.30779
2.61358_3.46413_3.79239
2.27297_3.11786_4.22709
2.04357_2.67364_4.25293
1.82573_2.22365_4.27876
1.61177_1.7718_4.25293
1.38621_1.32563_4.22709
1.15681_0.88141_4.25293
0.980177_0.420124_4.53589
