configuration -11.8536100388_-27.1978302002_0.742596430242_0.669739159518_7.0929813385_4.64613723755_-0.0222057164121_0.999753422679
length 53.974
time 6.91136
roughness 0.000824224
-11.8536_-27.1978_1.67388
-11.9262_-26.7044_1.80294
-12.0454_-26.2189_1.82877
-12.1771_-25.7366_1.85461
-12.313_-25.2554_1.82877
-12.4447_-24.7732_1.85461
-12.5805_-24.292_1.82877
-12.7122_-23.8097_1.85461
-12.8481_-23.3286_1.82877
-12.9798_-22.8463_1.85461
-13.1157_-22.3652_1.82877
-13.2635_-21.8888_1.95784
-13.4239_-21.4444_1.83557
-13.622_-21.0047_2.32017
-13.9657_-20.6416_2.346
-14.3187_-20.2876_2.37183
-14.6807_-19.9427_2.39767
-15.0569_-19.614_2.47515
-15.4414_-19.2952_2.39767
-15.8064_-18.9535_2.37183
-16.1624_-18.6025_2.346
-16.5153_-18.2484_2.37183
-16.8713_-17.8974_2.346
-17.2181_-17.5373_2.32017
-17.5732_-17.187_2.44923
-17.8911_-16.8244_1.96463
-18.0117_-16.3539_1.52993
-17.987_-15.8546_1.50409
-17.9494_-15.3561_1.47826
-17.8989_-14.8587_1.45242
-17.8442_-14.3617_1.47826
-17.7937_-13.8643_1.45242
-17.7389_-13.3674_1.47826
-17.697_-12.8692_1.50409
-17.6594_-12.3707_1.47826
-17.6089_-11.8733_1.45242
-17.5541_-11.3763_1.47826
-17.5122_-10.8781_1.50409
-17.4746_-10.3796_1.47826
-17.4241_-9.88221_1.45242
-17.3694_-9.38527_1.47826
-17.3274_-8.88708_1.50409
-17.2898_-8.38855_1.47826
-17.2393_-7.89116_1.45242
-17.151_-7.40152_1.27189
-17.0672_-7.12448_1.28685
-16.8606_-6.68871_0.802249
-16.5043_-6.33866_0.724768
-16.1328_-6.004_0.750602
-15.7643_-5.66616_0.724768
-15.3929_-5.3315_0.750602
-15.0244_-4.99365_0.724768
-14.6529_-4.659_0.750602
-14.2618_-4.35738_0.467634
-13.8012_-4.18547_0.133789
-13.3052_-4.12305_0.107954
-12.8077_-4.07347_0.0821195
-12.3098_-4.02817_0.107954
-11.8123_-3.97858_0.0821195
-11.3144_-3.93329_0.107954
-10.817_-3.8837_0.0821195
-10.3191_-3.8384_0.107954
-9.82158_-3.78882_0.0821195
-9.32369_-3.74352_0.107954
-8.82621_-3.69393_0.0821195
-8.32761_-3.65722_0.056285
-7.82871_-3.62479_0.0821195
-7.33082_-3.5795_0.107954
-6.83333_-3.52991_0.0821195
-6.33473_-3.49319_0.056285
-5.83584_-3.46077_0.0821195
-5.33794_-3.41547_0.107954
-4.84046_-3.36589_0.0821195
-4.34186_-3.32917_0.056285
-3.84296_-3.29675_0.0821195
-3.34436_-3.26003_0.056285
-2.84498_-3.23621_0.0304504
-2.34515_-3.22529_0.00461589
-1.84524_-3.21868_0.0304504
-1.34541_-3.20776_0.00461589
-0.845508_-3.20115_0.0304504
-0.345967_-3.19883_-0.0470311
0.133272_-3.14511_0.437567
0.532306_-2.87432_0.922165
0.775999_-2.45057_1.3066
0.902391_-1.96686_1.33244
1.01625_-1.48005_1.35827
1.1259_-0.99227_1.33244
1.23976_-0.505457_1.35827
1.34942_-0.0176822_1.33244
1.46327_0.469131_1.35827
1.57293_0.956906_1.33244
1.68678_1.44372_1.35827
1.79644_1.93149_1.33244
1.91029_2.41831_1.35827
2.01995_2.90608_1.33244
2.20066_3.35693_0.897734
2.38222_3.58235_0.882777
2.74346_3.90182_0.398179
3.21403_4.05839_0.16633
3.70778_4.13692_0.140495
4.20218_4.21119_0.16633
4.69592_4.28971_0.140495
5.19033_4.36398_0.16633
5.68407_4.44251_0.140495
6.17847_4.51678_0.16633
6.6732_4.56956_-0.0142031
7.09318_4.5788_0.0944811
