configuration 2.903195858_13.0508098602_-0.754177572005_0.656670533741_-13.4451351166_-15.4114570618_0.497552318458_0.867433968897
length 54.047
time 300
roughness 0.00153621
2.9032_13.0508_-1.7088
2.80531_12.563_-1.88933
2.80531_12.563_-1.88933
2.6696_12.0831_-1.76027
2.57967_11.5913_-1.73444
2.50247_11.0973_-1.7086
2.43806_10.6015_-1.68277
2.31526_9.73842_-2.11888
2.13218_9.29228_-1.63428
2.12194_8.79365_-1.50522
2.159_8.29507_-1.47939
2.22275_7.45399_-1.54906
2.22275_7.45399_-1.54906
2.22275_7.45399_-1.54906
2.15693_6.97626_-2.03366
1.95361_6.52084_-1.90459
1.79388_6.0471_-1.87876
1.63824_5.57199_-1.90459
1.38795_4.82771_-1.83699
1.26059_4.34426_-1.81115
1.04795_3.53686_-1.7124
1.02433_3.04348_-1.42943
1.20166_2.25149_-1.35467
1.29616_1.76096_-1.43215
1.36099_1.26523_-1.45798
1.42154_0.768964_-1.43215
1.48637_0.273235_-1.45798
1.57539_-0.620975_-1.81352
1.5349_-1.10151_-1.32892
1.5349_-1.10151_-1.32892
1.57499_-1.58208_-1.81352
1.44245_-2.06373_-1.891
1.281_-2.53689_-1.91683
1.11549_-3.00865_-1.891
0.929779_-3.55276_-2.4481
0.742131_-3.68622_-2.67765
0.742131_-3.68622_-2.67765
0.286935_-3.89003_-2.80671
-0.186639_-4.05027_-2.83254
-0.661575_-4.20643_-2.80671
-1.24693_-4.40951_-3.29238
-1.74258_-4.34724_-3.2149
-2.24085_-4.30634_-3.24073
-2.73876_-4.26114_-3.2149
-3.23703_-4.22023_-3.24073
-4.1756_-4.13345_-3.44497
-4.65753_-4.00504_-3.3159
-5.15063_-3.92257_-3.29007
-5.6457_-3.85288_-3.26423
-6.14135_-3.78744_-3.29007
-6.70007_-3.70769_-2.73379
-7.1573_-3.90991_-2.70796
-7.61277_-4.11606_-2.73379
-8.44464_-4.50042_-2.96374
-8.93873_-4.5589_-3.14428
-9.58211_-4.47768_-3.14028
-10.0804_-4.45691_-3.26935
-10.5757_-4.38894_-3.29518
-11.0691_-4.30821_-3.32102
-11.5618_-4.22322_-3.29518
-12.4868_-4.05486_-3.55053
-12.9501_-3.86811_-3.47305
-13.4242_-3.7095_-3.44722
-13.8997_-3.55497_-3.47305
-14.3738_-3.39635_-3.44722
-15.2628_-3.09945_-2.83933
-15.6947_-3.31394_-2.35473
-16.0168_-3.69102_-2.12288
-16.2678_-4.12298_-2.0454
-16.4924_-4.56962_-2.01956
-16.7726_-5.17062_-1.86851
-16.8898_-5.65417_-1.68797
-16.944_-6.15118_-1.66214
-16.9938_-6.64863_-1.68797
-17.048_-7.14564_-1.66214
-17.1681_-8.13107_-1.61038
-17.1835_-8.63078_-1.58455
-17.2102_-9.63031_-1.58455
-17.2128_-10.1303_-1.55871
-17.211_-10.6302_-1.58455
-17.2136_-11.1301_-1.55871
-17.2119_-11.6301_-1.58455
-17.2217_-12.6183_-1.4815
-17.19_-13.1168_-1.55898
-17.1884_-13.6167_-1.58481
-17.1997_-14.1166_-1.61065
-17.2239_-14.6159_-1.63648
-17.2524_-15.1151_-1.61065
-17.2678_-15.6152_-1.58472
-17.2791_-16.1151_-1.61056
-17.3317_-17.1136_-1.61056
-17.2745_-17.5924_-1.12596
-17.0008_-17.9894_-0.641362
-16.5737_-18.2133_-0.156764
-16.0915_-18.2124_0.327834
-15.6463_-18.0038_0.661679
-15.2603_-17.6868_0.739161
-14.8937_-17.3468_0.764995
-14.417_-16.8587_0.967329
-14.1368_-16.4447_0.993163
-13.5875_-15.6097_1.04481
