configuration 14.2292175293_13.7099370956_-0.723728341199_0.690084986176_-18.0985870361_0.542219161987_-0.683562400866_0.729892077038
length 70.8327
time 198.489
roughness 0.00967787
14.2292_13.7099_-1.61838
14.2384_13.4544_-1.36333
14.2384_13.4544_-1.36333
14.2088_12.7298_-1.21126
14.305_12.2572_-1.69586
14.2134_11.7682_-1.87639
14.0589_11.2927_-1.90223
13.8922_10.8214_-1.92806
13.7214_10.3515_-1.90223
13.5394_9.83016_-1.34163
13.5394_9.83016_-1.34163
13.5394_9.83016_-1.34163
13.7477_9.36904_-0.831529
14.1248_9.06849_-0.346931
14.6007_8.91922_-0.217869
15.091_8.82387_-0.140387
16.0738_8.67869_-0.0631303
16.573_8.66005_0.0143512
17.0729_8.66292_-0.0114833
17.5729_8.66149_0.0143512
18.0728_8.66436_-0.0114833
18.9639_8.67876_-0.116007
18.9639_8.67876_-0.116007
19.4613_8.64236_0.0130557
20.3089_8.68668_0.113409
20.8065_8.73038_0.0359272
21.3062_8.74403_0.0100927
21.8061_8.75338_0.0359272
22.3059_8.76704_0.0100927
22.795_8.71783_-0.323753
23.3032_8.76831_5.87728
23.3032_8.76831_5.87728
23.3032_8.76831_5.87728
23.7106_8.51029_5.39269
23.9509_8.09219_4.90809
24.0353_7.59983_4.83061
24.09_7.10288_4.80477
24.1262_6.55699_4.77791
24.1289_6.05946_4.59738
24.0673_5.56333_4.57154
24.0014_5.06774_4.59738
23.9397_4.57161_4.57154
23.8062_3.66541_4.26748
23.8062_3.66541_4.26748
23.8062_3.66541_4.26748
23.6111_3.20642_4.39654
23.4683_2.72774_4.47402
23.3055_2.04178_4.65205
23.2541_1.54569_4.52299
23.1642_1.05389_4.54882
23.0786_0.561335_4.52299
22.9887_0.0695331_4.54882
22.8562_-0.610217_4.19394
22.6319_-0.925406_3.89044
22.6319_-0.925406_3.89044
22.2992_-1.16046_3.48236
22.2261_-1.18434_3.40584
22.2013_-1.19083_3.38033
22.2013_-1.19083_3.38033
21.7447_-1.36554_3.76477
21.3468_-1.66746_3.84225
20.9618_-1.98648_3.81642
20.5742_-2.30218_3.84225
19.9885_-2.81115_3.32488
19.5024_-2.92304_3.45395
18.5904_-3.27869_3.09797
18.1032_-3.31927_3.48241
17.6369_-3.49835_3.55989
17.1818_-3.70536_3.58572
16.4095_-4.06919_3.2785
15.9273_-4.0587_2.7939
15.4622_-3.87643_2.71642
15.0086_-3.6663_2.69059
14.5568_-3.45227_2.71642
13.8203_-3.09274_2.3026
13.4454_-2.78939_2.7872
12.9724_-2.6956_3.2718
12.5101_-2.83297_3.7564
12.5101_-2.83297_3.7564
12.5101_-2.83297_3.7564
12.5101_-2.83297_3.7564
12.0842_-3.08703_3.52455
11.6188_-3.26984_3.49871
11.1489_-3.44057_3.47288
10.6776_-3.60725_3.49871
9.87925_-3.89881_2.98883
9.38385_-3.85274_3.16936
8.88423_-3.87092_3.1952
8.38525_-3.90201_3.22103
7.88656_-3.93739_3.1952
7.32445_-3.97681_2.7872
6.85708_-3.79929_2.76137
6.39445_-3.60975_2.73553
5.90013_-3.368_2.96615
5.41796_-3.35991_3.45075
4.95854_-3.54669_3.6826
4.53711_-3.81492_3.76008
3.80996_-4.35347_3.04363
3.31171_-4.31746_3.12112
2.81197_-4.30292_3.09528
1.84892_-4.26639_2.88503
1.36644_-4.13537_2.8592
0.887515_-3.99192_2.83336
0.246691_-3.76028_2.94919
-0.244838_-3.66891_2.97502
-0.737136_-3.58177_2.94919
-1.22866_-3.4904_2.97502
-1.72096_-3.40327_2.94919
-2.49949_-3.24288_3.1169
-2.98181_-3.30013_3.55161
-3.43466_-3.51103_3.62909
-3.87434_-3.749_3.65492
-4.31195_-3.99076_3.62909
-4.98876_-4.36993_2.80988
-4.97172_-4.34078_2.60825
-5.4083_-4.09799_2.68573
-5.85907_-3.88177_2.71156
-6.58604_-3.54424_3.57744
-6.60919_-3.55526_3.60295
-6.60919_-3.55526_3.60295
-7.0672_-3.74962_3.42241
-7.54874_-3.88404_3.39658
-8.03359_-4.00597_3.37075
-8.9424_-4.19_3.06526
-9.4376_-4.13064_2.9362
-9.92614_-4.02446_2.91036
-10.4118_-3.9057_2.88453
-10.8964_-3.78276_2.91036
-11.7221_-3.60107_3.42257
-12.2008_-3.65991_2.93798
-12.673_-3.51517_2.65501
-13.3435_-3.06273_2.77051
-13.8149_-2.96106_3.2551
-14.305_-3.04697_3.43564
-14.7822_-3.19598_3.46147
-15.2582_-3.27339_2.97687
-15.7217_-3.52061_2.5277
-16.1546_-3.30019_2.96241
-16.9974_-3.25485_2.44417
-16.9974_-3.25485_2.44417
-16.9974_-3.25485_2.44417
-17.3134_-2.89063_1.95958
-17.4571_-2.41802_1.67661
-17.5056_-1.92043_1.65077
-17.5412_-1.42175_1.62494
-17.5823_-0.456094_1.77887
-17.6964_-0.117777_2.13594
-17.6964_-0.117777_2.13594
-18.0157_0.243562_2.62054
-18.0157_0.243562_2.62054
