configuration 14.2292175293_13.7099370956_-0.723728341199_0.690084986176_-18.0985870361_0.542219161987_-0.683562400866_0.729892077038
length 70.187
time 61.5926
roughness 0.0040459
14.2292_13.7099_-1.61838
14.1305_13.2379_-2.10298
13.8312_12.8514_-2.48742
13.4371_12.5438_-2.46158
13.1147_12.1851_-1.97698
12.9966_11.7176_-1.49239
13.1098_11.2488_-1.00779
13.1827_11.1434_-0.880261
13.1992_11.1238_-0.854756
13.2162_11.1046_-0.829251
13.4816_10.702_-1.31385
13.5289_10.2221_-1.79845
13.3472_9.77537_-2.28304
12.9784_9.46474_-2.76764
12.5038_9.33667_-3.10149
12.0041_9.32092_-3.12732
11.513_9.26766_-2.84435
11.0337_9.12536_-2.87019
10.5533_8.98719_-2.84435
10.0756_8.92057_-3.32895
9.5874_9.02626_-3.40643
9.10377_9.15297_-3.3806
8.62309_9.19167_-2.896
8.14183_9.05775_-2.81852
7.6664_8.90311_-2.84435
7.18279_8.7862_-3.02489
6.68676_8.72371_-2.99905
6.19129_8.65695_-3.02489
5.70249_8.66186_-3.40933
5.21923_8.78996_-3.38349
4.73488_8.9139_-3.40933
4.25551_8.96639_-2.92473
3.77351_8.83825_-2.79567
3.30465_8.66469_-2.76983
2.83332_8.5627_-3.25443
2.36874_8.69203_-3.73903
1.96312_8.9836_-3.81651
1.54373_9.22165_-3.33191
1.06173_9.23691_-2.84731
0.628116_9.02588_-2.36271
0.342739_8.63714_-1.87812
0.238055_8.15441_-1.59515
0.221578_7.65474_-1.62098
0.175185_7.15816_-1.75005
0.090288_6.66547_-1.72421
0.0096374_6.17207_-1.75005
-0.0160208_5.68391_-1.36561
0.090056_5.19535_-1.33977
0.200337_4.70771_-1.36561
0.222767_4.22599_-1.85021
0.072649_3.74954_-1.92769
-0.106042_3.28261_-1.95352
-0.213193_2.81243_-1.46892
-0.0955131_2.34119_-1.03422
0.16375_1.91371_-1.00839
0.353207_1.47025_-1.49298
0.329302_0.982005_-1.87742
0.174297_0.506692_-1.90326
0.0152041_0.0327307_-1.87742
-0.131592_-0.445182_-1.85159
-0.274268_-0.924341_-1.87742
-0.345362_-1.40131_-1.39282
-0.186073_-1.85648_-0.908226
0.166919_-2.18505_-0.423628
0.569689_-2.45025_-0.908226
0.802541_-2.87254_-1.39282
0.811853_-3.35469_-1.87742
0.595483_-3.78567_-2.36202
0.213212_-4.09849_-2.64499
-0.228382_-4.33289_-2.67082
-0.687324_-4.48097_-3.15542
-1.16241_-4.3982_-3.64002
-1.54423_-4.10364_-4.12462
-1.65715_-3.90296_-4.35416
-1.89546_-3.48372_-3.86956
-2.30164_-3.22377_-3.38497
-2.78215_-3.18296_-2.90037
-3.26274_-3.22273_-3.38497
-3.74825_-3.16585_-3.00053
-3.84922_-3.18365_-2.89851
-4.33834_-3.26565_-3.13036
-4.83828_-3.26696_-3.15619
-5.33822_-3.26397_-3.13036
-5.82241_-3.3312_-2.74592
-6.27393_-3.54302_-2.61686
-6.64788_-3.84752_-2.13226
-6.9659_-4.21003_-2.61686
-7.41619_-4.38265_-3.10146
-7.89934_-4.33285_-3.53616
-8.37111_-4.1865_-3.25319
-8.86841_-4.1351_-3.22736
-9.36614_-4.08799_-3.25319
-9.84115_-3.97259_-3.63763
-10.2788_-3.73086_-3.66346
-10.7143_-3.48538_-3.63763
-11.1694_-3.32575_-3.15303
-11.6464_-3.39649_-2.66843
-12.0355_-3.68131_-2.18383
-12.3718_-4.02695_-2.66843
-12.8304_-4.17612_-3.15303
-13.3057_-4.09449_-3.63763
-13.7607_-3.93486_-3.15303
-14.2378_-4.0056_-2.66843
-14.6269_-4.29042_-2.18383
-14.9632_-4.63606_-2.66843
-15.4218_-4.78523_-3.15303
-15.8971_-4.7036_-3.63763
-16.2796_-4.40996_-4.12223
-16.5231_-3.9779_-4.35408
-16.641_-3.62972_-4.44917
-16.7985_-3.25407_-4.04109
-17.1485_-2.91281_-3.65665
-17.5254_-2.61194_-4.14125
-17.7187_-2.17014_-4.62585
-17.8357_-1.70233_-4.14125
-18.0291_-1.26053_-4.62585
-17.9943_-0.779547_-5.11045
-17.7559_-0.389268_-5.56954
-17.4458_-0.0199624_-5.08494
-17.3434_0.451288_-4.60034
-17.4366_0.938393_-4.36849
-17.5759_1.41602_-4.54903
-17.653_1.90999_-4.57486
-17.7173_2.4058_-4.6007
-17.6946_2.8875_-5.0853
-17.4502_3.3032_-5.56989
-17.0402_3.55716_-6.05449
-16.5501_3.64926_-6.18355
-16.0522_3.6947_-6.20939
-15.5533_3.72727_-6.23522
-15.0813_3.82621_-5.75062
-14.7098_4.13362_-5.26603
-14.5242_4.57873_-4.78143
-14.5674_5.05904_-4.29683
-14.8293_5.46394_-3.81223
-15.2497_5.70019_-3.32763
-15.7318_5.71339_-2.84304
-16.1645_5.5005_-2.35844
-16.4482_5.11055_-1.87384
-16.5176_4.63333_-1.38924
-16.5066_4.15122_-1.87384
-16.5313_4.07841_-1.95036
-16.6456_3.84964_-2.20541
-16.9238_3.43567_-2.07635
-17.2077_3.03442_-2.41019
-17.4997_2.7688_-2.3898
-17.6233_2.63892_-2.21126
-17.8551_2.21212_-1.77656
-17.9445_1.72064_-1.69907
-18.0127_1.22536_-1.72491
-18.0595_0.730027_-1.54438
