configuration -11.8536100388_-27.1978302002_0.742596430242_0.669739159518_7.0929813385_4.64613723755_-0.0222057164121_0.999753422679
length 56.5505
time 43.789
roughness 0.00379944
-11.8536_-27.1978_1.67388
-11.8582_-26.7039_1.39091
-11.7645_-26.2128_1.36508
-11.6666_-25.7225_1.39091
-11.6407_-25.2344_1.77535
-11.7464_-24.7458_1.80118
-11.8564_-24.2581_1.77535
-12.0277_-23.8073_2.25995
-12.3611_-23.4363_2.38901
-12.7231_-23.0915_2.36317
-13.0086_-22.7029_1.87858
-13.0803_-22.226_1.39398
-12.9276_-21.7649_0.959274
-12.7166_-21.3313_1.44387
-12.7319_-20.8493_1.92847
-12.97_-20.4299_2.41307
-13.376_-20.1697_2.89767
-13.8565_-20.1286_3.38226
-14.341_-20.252_3.4081
-14.8205_-20.3039_2.9235
-15.2689_-20.1265_2.4389
-15.6416_-19.7939_2.36142
-15.9265_-19.4048_1.87682
-16.1426_-18.9737_2.36142
-16.1797_-18.9382_2.41243
-16.523_-18.5803_2.18058
-16.8058_-18.1681_2.15475
-17.085_-17.7533_2.18058
-17.3748_-17.346_2.20642
-17.6609_-16.9365_2.12894
-17.8569_-16.492_1.69423
-17.9477_-16.0029_1.87477
-18.0175_-15.5257_1.39017
-17.857_-15.0709_0.905569
-17.623_-14.6493_1.39017
-17.5717_-14.156_1.62202
-17.6016_-13.6569_1.64785
-17.6272_-13.158_1.57037
-17.6313_-12.6581_1.5962
-17.6397_-12.1582_1.57037
-17.6438_-11.6583_1.5962
-17.6522_-11.1584_1.57037
-17.6563_-10.6585_1.5962
-17.6307_-10.1632_1.36435
-17.5324_-9.67301_1.39019
-17.4384_-9.18199_1.36435
-17.3487_-8.69057_1.44184
-17.2886_-8.19424_1.46767
-17.2414_-7.69652_1.49351
-17.1287_-7.22764_1.00891
-16.8105_-6.86526_0.524309
-16.3602_-6.69283_0.0397115
-15.8874_-6.5978_0.524309
-15.5133_-6.29346_1.00891
-15.3241_-5.84989_1.49351
-15.256_-5.35704_1.31297
-15.1457_-4.95073_1.29122
-15.1388_-4.92602_1.31672
-14.9454_-4.48428_0.832124
-14.5684_-4.18351_0.347526
-14.1467_-3.9497_0.832124
-13.7697_-3.64892_0.347526
-13.2939_-3.49937_0.218464
-12.8049_-3.39522_0.192629
-12.315_-3.35482_-0.141216
-11.8247_-3.44617_-0.270279
-11.3455_-3.49988_0.214319
-10.854_-3.41484_0.085257
-10.3731_-3.45021_-0.399341
-10.2347_-3.517_-0.552372
-9.78945_-3.71884_-0.167934
-9.29494_-3.78959_-0.0904524
-8.81382_-3.75673_0.394146
-8.34489_-3.64421_-0.0904524
-7.86377_-3.61134_0.394146
-7.39484_-3.49883_-0.0904524
-6.92749_-3.61772_-0.57505
-6.48965_-3.84638_-0.292082
-6.00771_-3.97783_-0.214601
-5.52016_-4.0885_-0.240435
-5.03954_-4.12789_0.244163
-4.59589_-3.93884_0.728761
-4.23194_-3.59666_0.806242
-3.84734_-3.30575_0.321644
-3.37149_-3.2275_-0.162954
-2.91397_-3.37993_-0.647552
-2.48823_-3.60642_-0.162954
-2.00599_-3.60849_0.321644
-1.54425_-3.42316_0.502177
-1.09019_-3.26074_0.0175794
-0.615419_-3.17619_0.502177
-0.234701_-2.88021_0.986775
0.0514065_-2.47071_0.909294
0.361913_-2.07887_0.883459
0.675782_-1.68972_0.909294
0.949442_-1.27612_1.14114
1.15378_-0.819837_1.16698
1.34626_-0.358426_1.19281
1.48476_0.115706_1.47578
1.5193_0.614057_1.55326
1.53237_1.11384_1.52743
1.54114_1.61331_1.60491
1.52839_2.11309_1.57907
1.51995_2.61297_1.60491
1.5412_3.10845_1.37306
1.64364_3.5978_1.34722
1.75868_4.08433_1.32139
1.95005_4.52697_0.836792
2.32559_4.8295_0.352195
2.79882_4.92225_-0.132403
3.29554_4.86911_-0.0549218
3.79448_4.83736_-0.0807564
4.29313_4.80133_-0.0549218
4.79207_4.76958_-0.0807564
5.29072_4.73355_-0.0549218
5.79013_4.7104_-0.0290873
6.28972_4.69156_-0.0549218
6.78914_4.66841_-0.0290873
7.10377_4.6507_-0.1106
