configuration 2.903195858_13.0508098602_-0.754177572005_0.656670533741_-13.4451351166_-15.4114570618_0.497552318458_0.867433968897
length 58.5287
time 59.9495
roughness 0.00459496
2.9032_13.0508_-1.7088
2.76222_12.5896_-2.1934
2.64934_12.4504_-2.37194
2.61192_12.4153_-2.42295
2.30366_12.0445_-1.93835
2.20366_11.5727_-1.45375
2.33493_11.1087_-0.969152
2.54164_10.673_-1.45375
2.52158_10.1912_-1.93835
2.27937_9.77416_-2.42295
1.93966_9.41558_-2.13998
1.67385_8.99214_-2.11414
1.4117_8.56644_-2.13998
1.21924_8.12427_-1.65538
1.1899_7.62558_-1.5779
1.19065_7.12563_-1.55206
1.16178_6.63054_-1.78391
1.05184_6.14283_-1.80975
0.929329_5.65812_-1.83558
0.731174_5.21847_-2.32018
0.358718_4.89765_-2.65403
-0.0849756_4.66725_-2.67986
-0.546201_4.51497_-3.11456
-1.04607_4.50577_-3.1404
-1.54599_4.50086_-3.11456
-2.04484_4.47448_-3.03708
-2.54249_4.42661_-3.06292
-3.04054_4.38302_-3.03708
-3.53446_4.37772_-3.32005
-4.02569_4.4707_-3.34588
-4.51435_4.57633_-3.37172
-4.99536_4.61077_-2.88712
-5.44323_4.42282_-2.45242
-5.82633_4.1016_-2.42658
-6.23584_3.84693_-2.91118
-6.71684_3.81236_-3.39578
-7.15856_4.00584_-3.88038
-7.31665_4.17326_-4.10992
-7.345_4.216_-4.16093
-7.35826_4.23795_-4.18644
-7.66321_4.61153_-3.70184
-8.10708_4.80003_-3.21724
-8.58766_4.76004_-2.73265
-9.05488_4.6406_-3.21724
-9.52394_4.75256_-3.70184
-9.91596_5.05307_-3.98481
-10.2896_5.35801_-3.50021
-10.7622_5.45379_-3.01561
-11.225_5.31837_-2.53102
-11.5869_4.98973_-2.14658
-11.8555_4.56806_-2.12074
-12.1131_4.1396_-2.09491
-12.4174_3.76546_-2.57951
-12.8609_3.57615_-3.0641
-13.3415_3.61525_-3.5487
-13.809_3.73383_-3.0641
-13.9398_3.72219_-3.03014
-13.9653_3.71955_-3.05565
-14.4463_3.75458_-3.54024
-14.8555_4.00964_-4.02484
-15.0989_4.42599_-4.50944
-15.2695_4.87705_-4.02484
-15.6306_5.19669_-3.54024
-16.099_5.31131_-3.05565
-16.5799_5.34635_-3.54024
-17.0484_5.46097_-3.05565
-17.3739_5.39681_-2.72408
-17.7783_5.13407_-2.23948
-18.0137_4.71321_-1.75488
-18.0361_4.53536_-1.57635
-17.9626_4.05876_-1.09175
-17.8107_3.60106_-1.57635
-17.8516_3.10681_-1.8082
-17.9816_2.62447_-1.88568
-18.0566_2.1481_-1.40108
-17.9433_1.66364_-1.22055
-17.7311_1.21758_-0.937579
-17.5107_0.788633_-1.42218
-17.4496_0.292849_-1.49966
-17.4183_-0.206124_-1.52549
-17.4_-0.705737_-1.55133
-17.3859_-1.20549_-1.52549
-17.3676_-1.7051_-1.55133
-17.3365_-2.20287_-1.42226
-17.2668_-2.69794_-1.4481
-17.2013_-3.19358_-1.42226
-17.1231_-3.68737_-1.39643
-17.0321_-4.17897_-1.3706
-16.9369_-4.66978_-1.39643
-16.8024_-5.08069_-0.962843
-16.5929_-5.51507_-1.44744
-16.6099_-5.997_-1.93204
-16.8495_-6.41553_-2.41664
-17.1715_-6.78332_-2.0322
-17.3742_-7.23903_-1.90314
-17.6015_-7.6643_-2.38773
-17.8965_-8.04577_-1.90314
-17.9769_-8.44508_-1.49505
-17.8649_-8.91414_-1.01046
-17.6764_-9.35799_-1.49505
-17.6934_-9.84927_-1.8289
-17.7413_-10.3291_-1.3443
-17.6503_-10.8195_-1.47336
-17.6059_-11.3175_-1.4992
-17.4958_-11.787_-1.0146
-17.3092_-12.2316_-1.4992
-17.2949_-12.7302_-1.62826
-17.3193_-13.2295_-1.60243
-17.4105_-13.703_-2.08702
-17.5793_-14.1548_-1.60243
-17.5623_-14.4354_-1.32187
-17.4775_-14.924_-1.55372
-17.4732_-15.4239_-1.57955
-17.4733_-15.9239_-1.55372
-17.4187_-16.4148_-1.27075
-17.2668_-16.8911_-1.24492
-17.1027_-17.3634_-1.21908
-16.8671_-17.7842_-0.734483
-16.4626_-18.0468_-0.249886
-15.9824_-18.0907_0.234712
-15.537_-17.9058_0.71931
-15.1763_-17.5614_0.848373
-14.8489_-17.1835_0.874207
-14.485_-16.8672_0.389609
-14.0665_-16.6206_0.824312
-13.8388_-16.3656_0.877326
-13.5682_-15.9552_1.21117
-13.3882_-15.4888_1.18534
