configuration 14.2292175293_13.7099370956_-0.723728341199_0.690084986176_-18.0985870361_0.542219161987_-0.683562400866_0.729892077038
length 91.6355
time 124.24
roughness 0.00256612
14.2292_13.7099_-1.61838
14.1305_13.2379_-2.10298
13.8312_12.8514_-2.48742
13.4371_12.5438_-2.46158
13.1147_12.1851_-1.97698
12.9966_11.7176_-1.49239
13.1098_11.2488_-1.00779
13.3248_10.8068_-1.34163
13.4342_10.3189_-1.36747
13.5394_9.83016_-1.34163
13.7217_9.38373_-0.857035
14.0825_9.04986_-0.523189
14.5177_8.8038_-0.497355
14.9726_8.64357_-0.0127567
15.4721_8.65009_0.0647248
15.9712_8.67813_0.0388903
16.4706_8.70187_0.0647248
16.9698_8.72991_0.0388903
17.4692_8.75365_0.0647248
17.9445_8.85375_0.499428
18.0965_8.94866_0.677964
18.5152_9.18799_0.193366
18.9971_9.20472_-0.291232
19.4314_8.99501_-0.77583
19.8247_8.71592_-0.291232
20.3027_8.65218_0.193366
20.7553_8.81845_0.677964
21.174_9.05778_0.193366
21.656_9.07451_-0.291232
22.1271_8.91092_-0.420294
22.5853_8.71086_-0.39446
23.0452_8.51476_-0.420294
23.4998_8.30684_-0.446129
23.8965_8.03265_-0.930727
24.1198_7.60521_-1.41532
24.1183_7.12298_-1.89992
23.9608_6.64849_-1.87409
23.8074_6.17266_-1.89992
23.6498_5.69817_-1.87409
23.4884_5.22544_-1.95157
23.3066_4.75971_-1.92574
23.1288_4.29244_-1.95157
23.0226_3.82204_-1.46697
23.0955_3.32867_-1.33791
23.2067_2.84124_-1.36374
23.3457_2.36517_-1.13189
23.562_1.91445_-1.10606
23.7823_1.46562_-1.13189
23.9156_1.00219_-1.61649
23.8549_0.509978_-1.84834
23.7138_0.0303582_-1.87418
23.4989_-0.401317_-2.35877
23.1214_-0.723018_-2.59062
22.6932_-0.98107_-2.61646
22.3194_-1.28572_-2.13186
22.1053_-1.72821_-1.79802
21.9968_-2.21626_-1.77218
21.8513_-2.62338_-2.20577
21.5179_-2.98462_-2.53961
21.1034_-3.26417_-2.56545
20.6818_-3.53292_-2.59128
20.2362_-3.73384_-2.97572
19.7415_-3.80358_-3.0532
19.2439_-3.852_-3.02737
18.7463_-3.8961_-3.10485
18.2469_-3.91877_-3.07901
17.7477_-3.94574_-3.10485
17.2479_-3.9598_-3.13068
16.9062_-3.96957_-3.07767
16.8806_-3.97142_-3.05216
16.3995_-3.93806_-3.53676
15.9527_-3.71932_-3.7173
15.6908_-3.54323_-3.76623
15.6701_-3.52806_-3.79174
15.245_-3.30048_-3.30714
14.7628_-3.29716_-2.82254
14.3345_-3.51886_-2.33794
13.9535_-3.82506_-2.72238
13.4951_-4.02462_-2.74822
13.0317_-4.21227_-2.77405
12.5565_-4.35436_-3.0059
12.0606_-4.41772_-3.03173
11.5642_-4.47681_-3.0059
11.082_-4.46574_-3.4905
10.6255_-4.2679_-3.67103
10.1962_-4.01169_-3.69686
9.75142_-3.8254_-3.21227
9.27104_-3.86778_-2.72767
8.82835_-4.09486_-2.54714
8.39118_-4.29843_-3.03173
7.89551_-4.31473_-3.26358
7.39877_-4.25817_-3.23775
6.90074_-4.21446_-3.21191
6.40174_-4.18363_-3.18608
5.90249_-4.15709_-3.21191
5.40394_-4.14345_-3.08285
4.90512_-4.1771_-3.05702
4.40661_-4.21504_-3.08285
3.92678_-4.16694_-3.56745
3.48683_-3.93459_-3.74798
3.07848_-3.64614_-3.77382
2.67772_-3.34723_-3.79965
2.27956_-3.04489_-3.77382
1.8788_-2.74599_-3.79965
1.45545_-2.51504_-3.31505
0.973267_-2.50791_-2.83046
0.498657_-2.66505_-2.80462
0.0354828_-2.85002_-2.67556
-0.413069_-3.07082_-2.70139
-0.863506_-3.28774_-2.67556
-1.19975_-3.51764_-2.26748
-1.56374_-3.83397_-2.75207
-2.03318_-3.94431_-3.23667
-2.49998_-3.82326_-3.72127
-2.94011_-3.62617_-3.23667
-3.42138_-3.65681_-2.75207
-3.83296_-3.90812_-2.26748
-4.19695_-4.22445_-2.75207
-4.6664_-4.3348_-3.23667
-5.16366_-4.28305_-3.26251
-5.64992_-4.18554_-3.49436
-6.11758_-4.00878_-3.52019
-6.5837_-3.828_-3.49436
-7.05135_-3.65124_-3.52019
-7.51747_-3.47045_-3.49436
-7.98513_-3.29369_-3.52019
-8.08309_-3.25534_-3.50388
-8.30393_-3.19015_-3.27433
-8.78601_-3.20265_-2.78973
-9.25928_-3.29524_-3.27433
-9.53333_-3.2326_-3.55489
-10_-3.11112_-3.07029
-10.4696_-3.22105_-2.58569
-10.8338_-3.53705_-2.1011
-11.1404_-3.9093_-2.58569
-11.5851_-4.09586_-3.07029
-12.0655_-4.05379_-3.55489
-12.5345_-3.89863_-3.27192
-13.0165_-3.91229_-2.78732
-13.4367_-4.14894_-2.30273
-13.8116_-4.45225_-2.78732
-14.2846_-4.54598_-3.27192
-14.7469_-4.40855_-3.75652
-15.1798_-4.19607_-3.27192
-15.6618_-4.20973_-2.78732
-16.1173_-4.41002_-2.60679
-16.5658_-4.58716_-3.09139
-17.0452_-4.53496_-3.57599
-17.4451_-4.26544_-4.06058
-17.6734_-3.84066_-4.54518
-17.7096_-3.34804_-4.82815
-17.6476_-2.85195_-4.85398
-17.624_-2.35857_-4.57102
-17.6987_-1.86423_-4.54518
-17.7777_-1.37056_-4.57102
-17.7693_-0.888388_-5.05561
-17.6559_-0.41008_-4.72177
-17.6555_0.0898691_-4.69593
-17.668_0.589662_-4.6701
-17.6592_1.08712_-4.85063
-17.5861_1.58169_-4.87647
-17.5001_2.0742_-4.9023
-17.4443_2.56698_-4.67045
-17.4695_3.06629_-4.64462
-17.5077_3.56478_-4.61878
-17.4763_4.046_-5.10338
-17.2244_4.45721_-5.58798
-16.8099_4.70372_-6.07258
-16.3387_4.85175_-5.78961
-15.905_5.0997_-5.71213
-15.4867_5.37355_-5.68629
-15.0501_5.57818_-6.17089
-14.5683_5.55583_-6.65549
-14.1525_5.31164_-7.14009
-13.8983_4.90185_-7.62469
-13.8642_4.42081_-8.10928
-14.0582_3.9793_-8.59388
-14.4355_3.67899_-9.07848
-14.9093_3.58903_-9.56308
-15.3705_3.73014_-10.0477
-15.8017_3.94606_-9.56308
-16.2824_4.05967_-9.84605
-16.3745_4.1047_-9.94807
-16.825_4.27667_-9.46347
-17.0297_4.27089_-9.25943
-17.055_4.26646_-9.23392
-17.5081_4.10132_-8.74932
-17.832_3.74412_-8.26473
-17.8698_3.6488_-8.16271
-17.9407_3.2477_-7.75462
-17.9312_3.17138_-7.67811
-17.9266_3.14547_-7.67947
-17.811_2.66156_-7.49893
-17.6331_2.1943_-7.4731
-17.5269_1.72392_-7.9577
-17.6313_1.24357_-8.29154
-17.7808_0.778165_-7.9071
-17.8342_0.450726_-8.23867
-17.8543_0.403519_-8.28968
-17.8653_0.380363_-8.31519
