configuration 2.903195858_13.0508098602_-0.754177572005_0.656670533741_-13.4451351166_-15.4114570618_0.497552318458_0.867433968897
length 56.4901
time 8.64519
roughness 0.00481894
2.9032_13.0508_-1.7088
2.76222_12.5896_-2.1934
2.64934_12.4504_-2.37194
2.61192_12.4153_-2.42295
2.30366_12.0445_-1.93835
2.20366_11.5727_-1.45375
2.33493_11.1087_-0.969152
2.54164_10.673_-1.45375
2.52158_10.1912_-1.93835
2.27937_9.77416_-2.42295
1.87876_9.4852_-2.70591
1.42735_9.27031_-2.68008
0.977801_9.05155_-2.70591
0.578256_8.78151_-2.22132
0.35051_8.35644_-1.73672
0.306458_7.86246_-1.50487
0.300978_7.36655_-1.73672
0.214162_6.8742_-1.76255
0.12311_6.38261_-1.73672
0.0196837_5.89471_-1.86578
-0.12154_5.41512_-1.83995
-0.258627_4.93433_-1.86578
-0.324165_4.45657_-1.38118
-0.209209_3.97126_-1.25212
-0.0566643_3.49515_-1.27795
0.0241601_3.01305_-1.66239
-0.0172808_2.51482_-1.63656
-0.0544292_2.01625_-1.66239
-0.0701297_1.51896_-1.48186
-0.0300141_1.02062_-1.50769
0.00580817_0.521959_-1.48186
0.123993_0.0544252_-0.997262
0.44294_-0.311893_-0.562559
0.87224_-0.567331_-0.485077
1.25796_-0.856766_-0.969675
1.46444_-1.29257_-1.45427
1.44413_-1.77438_-1.93887
1.2017_-2.19125_-2.42347
0.794167_-2.45551_-2.85817
0.311104_-2.58278_-2.93565
-0.139437_-2.75474_-2.45106
-0.516198_-3.08276_-2.37357
-0.878783_-3.42697_-2.39941
-1.28123_-3.69267_-2.88401
-1.76111_-3.74029_-3.3686
-2.24477_-3.61534_-3.44609
-2.72189_-3.54526_-2.96149
-3.17673_-3.70552_-2.47689
-3.54922_-4.03536_-2.29636
-3.92219_-4.34104_-2.78096
-4.39463_-4.43778_-3.26555
-4.85774_-4.3033_-3.75015
-5.29199_-4.09359_-3.26555
-5.77394_-4.11032_-2.78096
-6.22315_-4.32049_-2.54911
-6.66071_-4.52319_-3.0337
-7.14233_-4.49872_-3.5183
-7.5571_-4.2527_-4.0029
-7.92511_-3.94106_-3.5183
-8.39593_-3.83674_-3.0337
-8.86114_-3.96376_-2.54911
-9.29871_-4.16647_-3.0337
-9.78033_-4.142_-3.5183
-10.1951_-3.89598_-4.0029
-10.5631_-3.58434_-3.5183
-11.0339_-3.48002_-3.0337
-11.4991_-3.60704_-2.54911
-11.9367_-3.80975_-3.0337
-12.4183_-3.78527_-3.5183
-12.8331_-3.53926_-4.0029
-13.2011_-3.22761_-3.5183
-13.6719_-3.12329_-3.0337
-14.1371_-3.25032_-2.54911
-14.4896_-3.57944_-2.06451
-14.6819_-4.0344_-1.78154
-14.7823_-4.52417_-1.7557
-14.9447_-4.97823_-2.2403
-15.3_-5.30433_-2.7249
-15.7663_-5.42739_-3.2095
-16.2543_-5.45613_-2.82506
-16.7017_-5.65967_-2.49122
-17.0722_-5.98942_-2.25937
-17.3865_-6.37818_-2.23353
-17.6907_-6.77493_-2.2077
-17.9126_-7.20306_-1.7231
-17.9096_-7.68529_-1.2385
-17.6822_-8.11057_-0.753903
-17.3872_-8.49206_-1.2385
-17.3039_-8.96705_-1.7231
-17.4166_-9.45001_-1.95495
-17.5918_-9.91782_-1.87747
-17.6629_-10.3948_-1.39287
-17.5381_-10.7825_-0.984786
-17.3382_-11.2214_-1.46938
-17.3005_-11.7195_-1.54687
-17.2928_-12.2194_-1.5727
-17.2981_-12.7193_-1.59854
-17.3162_-13.2189_-1.62437
-17.3387_-13.7184_-1.59854
-17.3654_-14.2172_-1.67602
-17.4137_-14.7148_-1.65018
-17.4576_-15.2128_-1.67602
-17.4886_-15.7106_-1.54695
-17.481_-16.2105_-1.57279
-17.4777_-16.7104_-1.54695
-17.3902_-17.1847_-1.06236
-17.1223_-17.6039_-0.881823
-16.8012_-17.9871_-0.855989
-16.4315_-18.2968_-0.371391
-15.9601_-18.3986_0.113207
-15.4675_-18.321_0.24227
-15.0235_-18.1328_0.726868
-14.6944_-17.7677_1.06071
-14.454_-17.3293_1.08655
-14.2175_-16.8888_1.06071
-13.9771_-16.4505_1.08655
-13.7482_-16.006_1.11238
-13.5157_-15.5639_1.0349
