configuration 2.903195858_13.0508098602_-0.754177572005_0.656670533741_-13.4451351166_-15.4114570618_0.497552318458_0.867433968897
length 53.2064
time 234.531
roughness 0.00201578
2.9032_13.0508_-1.7088
2.80531_12.563_-1.88933
2.80531_12.563_-1.88933
2.6696_12.0831_-1.76027
2.57967_11.5913_-1.73444
2.50247_11.0973_-1.7086
2.43806_10.6015_-1.68277
2.31526_9.73842_-2.11888
2.05845_9.30947_-2.09305
1.8128_8.87403_-2.06721
1.5709_8.4365_-2.09305
1.31779_8.00535_-2.11888
0.955451_7.36776_-2.24774
0.667615_6.96193_-2.06721
0.433296_6.52029_-2.04138
0.210463_6.07275_-2.01554
-0.00073548_5.6196_-1.98971
-0.267242_5.01447_-1.76211
-0.31535_4.52287_-1.47914
-0.265307_4.02543_-1.45331
-0.202431_3.52945_-1.42747
-0.135286_3.03403_-1.45331
-0.00441982_2.10256_-1.66195
-0.0284433_1.6044_-1.53289
0.00336764_1.10587_-1.45541
0.0564762_0.608299_-1.48142
0.113893_0.112063_-1.40394
0.19268_-0.381639_-1.42977
0.267211_-0.876002_-1.40394
0.351804_-1.42781_-0.814843
0.623019_-1.82656_-1.29944
0.67725_-2.30574_-1.78404
0.502009_-2.75501_-2.26864
0.146576_-3.09459_-2.60248
-0.718145_-3.53151_-2.39897
-0.899013_-3.67403_-2.62851
-0.899013_-3.67403_-2.62851
-1.34042_-3.90792_-2.706
-2.06597_-4.2434_-2.78087
-2.26344_-4.30158_-2.90949
-2.75342_-4.3782_-3.14134
-3.25335_-4.37402_-3.16718
-3.75301_-4.35693_-3.19301
-4.25206_-4.32693_-3.21885
-5.01262_-4.27502_-3.03417
-5.50135_-4.26558_-3.4186
-5.97817_-4.11661_-3.49609
-6.44552_-3.93903_-3.52192
-6.92726_-3.7272_-3.89683
-7.3262_-3.45627_-3.41223
-7.81287_-3.36082_-3.18038
-8.31237_-3.35434_-3.1029
-9.09089_-3.41266_-2.45172
-9.50667_-3.65696_-2.93631
-9.99399_-3.69531_-3.32075
-10.4831_-3.59363_-3.39823
-10.9655_-3.46257_-3.42407
-11.8001_-3.19145_-2.95899
-12.6386_-3.33098_-2.64243
-13.0938_-3.50041_-3.07713
-13.593_-3.51971_-3.15461
-14.0928_-3.5089_-3.18045
-14.827_-3.45991_-2.93631
-14.9758_-3.49875_-2.78328
-14.9758_-3.49875_-2.78328
-15.635_-4.08047_-2.58087
-15.635_-4.08047_-2.58087
-15.635_-4.08047_-2.58087
-15.9977_-4.39823_-2.09627
-16.2291_-4.84003_-1.96721
-16.4182_-5.30286_-1.94137
-16.6032_-5.76729_-1.96721
-16.9196_-6.53155_-2.07043
-17.0593_-6.88729_-1.68786
-17.0593_-6.88729_-1.68786
-17.122_-7.3833_-1.71369
-17.1974_-7.87752_-1.73953
-17.2856_-8.36963_-1.76536
-17.378_-8.86096_-1.73953
-17.5265_-9.63063_-1.63926
-17.5265_-9.63063_-1.63926
-17.5819_-10.1263_-1.76832
-17.6842_-10.6156_-1.79415
-17.7992_-11.1022_-1.81999
-18.0124_-12.0217_-1.61739
-18.0314_-12.5213_-1.59156
-18.0392_-13.5212_-1.59156
-17.9952_-14.0108_-1.25771
-17.8214_-14.4782_-1.12865
-17.5661_-14.9134_-1.15685
-17.4191_-15.3825_-1.4907
-17.392_-15.8813_-1.56818
-17.411_-16.382_-1.54129
-17.3425_-16.8688_-1.20745
-17.1381_-17.3224_-1.02691
-16.861_-17.7447_-1.05492
-16.5598_-18.1213_-0.570321
-16.1178_-18.3143_-0.0857235
-15.6369_-18.2791_0.398874
-15.6369_-18.2791_0.398874
-15.2207_-18.0287_0.833577
-14.9016_-17.6454_0.96264
-14.638_-17.2175_0.986788
-14.3659_-16.7981_1.01262
-14.0975_-16.3763_0.986788
-13.5428_-15.5449_1.03844
