configuration -11.8536100388_-27.1978302002_0.742596430242_0.669739159518_7.0929813385_4.64613723755_-0.0222057164121_0.999753422679
length 63.0734
time 48.5948
roughness 0.00402775
-11.8536_-27.1978_1.67388
-11.8582_-26.7039_1.39091
-11.7645_-26.2128_1.36508
-11.6666_-25.7225_1.39091
-11.6564_-25.2404_1.87551
-11.8719_-24.809_2.36011
-12.2636_-24.5277_2.8447
-12.6967_-24.3155_2.36011
-12.981_-23.9261_1.87551
-13.0512_-23.449_1.39091
-13.041_-22.9668_1.87551
-13.2185_-22.502_2.05604
-13.4478_-22.0578_2.03021
-13.7273_-21.6648_2.5148
-14.1576_-21.4472_2.9994
-14.6433_-21.4475_3.4341
-15.1213_-21.5119_2.94951
-15.5742_-21.3462_2.46491
-15.8977_-20.9886_1.98031
-16.0511_-20.519_1.69734
-16.1099_-20.0226_1.67151
-16.1559_-19.5247_1.64567
-16.2675_-19.0556_2.13027
-16.5848_-18.6924_2.61487
-16.9581_-18.3872_2.13027
-17.1606_-18.0487_2.0691
-17.3958_-17.6075_2.04327
-17.6194_-17.1604_2.01743
-17.7817_-16.6964_1.68359
-17.8752_-16.2093_1.91544
-18.0482_-15.7402_1.94127
-18.1495_-15.2688_1.45667
-18.1345_-15.1674_1.35465
-18.0657_-14.6762_1.5865
-18.0778_-14.1764_1.61234
-18.1029_-13.6771_1.63817
-18.1065_-13.1796_1.45764
-18.0458_-12.6833_1.4318
-17.9723_-12.1888_1.40597
-17.8387_-11.7157_1.07212
-17.5958_-11.2787_1.04629
-17.3492_-10.8439_1.07212
-17.1884_-10.3892_1.55672
-17.1942_-9.88971_1.6342
-17.2216_-9.39051_1.60837
-17.2447_-8.8911_1.6342
-17.2721_-8.3919_1.60837
-17.2952_-7.89248_1.6342
-17.2493_-7.41243_1.14961
-16.9851_-7.00901_0.665008
-16.5634_-6.77513_0.18041
-16.1086_-6.61473_0.665008
-15.7809_-6.26094_1.14961
-15.6557_-5.79522_1.6342
-15.6831_-5.29603_1.60837
-15.6976_-4.79629_1.58253
-15.6991_-4.29634_1.5567
-15.7686_-3.81913_2.0413
-16.0524_-3.42923_2.5259
-16.4851_-3.21642_3.01049
-16.9473_-3.07863_2.5259
-17.292_-2.74142_2.0413
-17.4568_-2.2812_1.65686
-17.5125_-1.78477_1.73434
-17.5982_-1.29221_1.76018
-17.7627_-0.838888_2.24477
-18.0003_-0.419274_1.76018
-18.0309_0.0685948_1.37574
-17.9215_0.556005_1.29826
-17.7995_1.04042_1.37574
-17.7068_1.53171_1.40157
-17.6268_2.02522_1.42741
-17.5854_2.52103_1.60794
-17.6083_3.02046_1.63378
-17.6355_3.51967_1.60794
-17.577_3.99836_1.12334
-17.3023_4.39469_0.638745
-16.8761_4.63418_0.254307
-16.4118_4.80266_0.537275
-15.9845_5.06223_0.563109
-15.5595_5.32546_0.537275
-15.1114_5.50371_0.0526769
-14.6319_5.4527_-0.431921
-14.2313_5.18416_-0.916519
-13.881_4.85269_-0.431921
-13.4167_4.72254_0.0526769
-12.9402_4.81691_0.48738
-12.5005_5.05484_0.513214
-12.0671_5.30404_0.539049
-11.6359_5.55697_0.513214
-11.1836_5.72439_0.0286165
-10.7055_5.66186_-0.455981
-10.3115_5.38377_-0.940579
-9.9693_5.04396_-0.455981
-9.50822_4.90268_0.0286165
-9.03441_4.99247_0.513214
-8.58217_5.15989_0.0286165
-8.104_5.09735_-0.455981
-7.71002_4.81926_-0.940579
-7.36784_4.47945_-0.455981
-6.90676_4.33818_0.0286165
-6.41117_4.38223_0.20915
-5.91956_4.44758_-0.0227
-5.4206_4.42336_-0.100182
-4.95443_4.29992_-0.58478
-4.51531_4.10059_-0.100182
-4.0339_4.12878_0.384416
-3.58001_4.3355_0.513479
-3.12781_4.50304_0.0288808
-2.62797_4.51318_0.0030463
-2.12805_4.519_0.0288808
-1.6282_4.52914_0.0030463
-1.12829_4.53496_0.0288808
-0.628442_4.5451_0.0030463
-0.14789_4.61571_0.437749
0.303077_4.83153_0.463584
0.752168_5.05123_0.437749
1.21575_5.18407_-0.0468487
1.71493_5.15636_-0.0726832
2.21323_5.11576_-0.0985178
2.71116_5.07087_-0.0726832
3.20946_5.03028_-0.0985178
3.70654_4.97682_-0.124352
4.1696_4.84215_-0.60895
4.60377_4.63227_-0.124352
5.08572_4.64881_0.360246
5.33858_4.77165_0.640802
5.76585_4.99526_0.156204
6.24809_4.99407_-0.328394
6.67425_4.76837_-0.812992
7.05689_4.47487_-0.328394
