configuration -11.8536100388_-27.1978302002_0.742596430242_0.669739159518_7.0929813385_4.64613723755_-0.0222057164121_0.999753422679
length 94.8314
time 41.932
roughness 0.00239236
-11.8536_-27.1978_1.67388
-11.8922_-26.6998_1.5964
-11.9805_-26.2257_2.08099
-12.1466_-25.7729_1.5964
-12.1465_-25.2734_1.51891
-12.1162_-24.7744_1.49308
-12.0604_-24.3051_1.37081
-12.0405_-23.8233_1.85541
-12.2473_-23.3877_2.34001
-12.6333_-23.0986_2.8246
-12.8001_-23.0328_2.64607
-13.1827_-22.7394_2.16147
-13.3846_-22.3014_1.67687
-13.3593_-21.8199_1.19227
-13.1125_-21.4055_0.707676
-12.7012_-21.1539_0.223078
-12.2199_-21.1228_-0.26152
-11.9793_-21.2094_-0.516571
-11.5276_-21.3783_-0.0319732
-11.0492_-21.3174_0.452625
-10.6543_-21.0406_0.937223
-10.311_-20.7019_0.452625
-9.84841_-20.5539_0.0179218
-9.34848_-20.5492_-0.00791274
-8.84901_-20.5403_0.0695688
-8.34999_-20.5098_0.0437343
-7.85073_-20.4837_0.0695688
-7.3704_-20.5266_-0.415029
-6.96537_-20.7883_-0.899627
-6.60956_-21.1138_-0.415029
-6.17245_-21.3481_-0.646879
-5.74655_-21.5743_-0.162281
-5.26431_-21.576_0.322317
-4.83678_-21.3529_0.806915
-4.45237_-21.0617_0.322317
-3.97658_-20.9832_-0.162281
-3.51896_-21.1353_-0.646879
-3.09306_-21.3615_-0.162281
-2.63544_-21.5136_-0.646879
-2.37762_-21.7606_-1.00395
-2.05765_-22.1214_-0.519353
-1.60644_-22.2916_-0.0347549
-1.1279_-22.232_0.449843
-0.732218_-21.9563_0.934441
-0.510516_-21.5281_1.41904
-0.398971_-21.0734_1.15096
-0.135301_-20.6696_0.666366
0.286111_-20.4352_0.181768
0.768222_-20.4241_-0.30283
1.21843_-20.6214_-0.636675
1.64506_-20.86_-0.252237
2.02893_-20.9507_-0.191068
2.51092_-20.9663_0.29353
2.97768_-20.794_0.474063
3.42051_-20.562_0.499898
3.87495_-20.4006_0.0152999
4.37199_-20.4228_-0.165233
4.8644_-20.5093_-0.191068
5.34263_-20.6407_-0.422917
5.79674_-20.8498_-0.448752
6.24905_-21.0628_-0.422917
6.71222_-21.2478_-0.293855
7.18947_-21.3967_-0.319689
7.66543_-21.5497_-0.293855
8.14942_-21.665_-0.113322
8.64664_-21.7172_-0.0874872
9.14428_-21.7652_-0.113322
9.62602_-21.7434_0.371276
10.0421_-21.4996_0.855874
10.2967_-21.0901_1.34047
10.4796_-20.6438_0.855874
10.8493_-20.3342_0.371276
11.3168_-20.1568_0.345442
11.7925_-20.0591_-0.0892613
12.2901_-20.108_-0.115096
12.7872_-20.1611_-0.0892613
13.2647_-20.2659_-0.473699
13.7032_-20.5051_-0.551181
14.1314_-20.7633_-0.525346
14.582_-20.9446_-0.0906433
15.0802_-20.9855_-0.0648088
15.5788_-21.0222_-0.0906433
15.731_-21.0438_-0.243674
16.2115_-21.0847_0.240924
16.6558_-20.8971_0.725522
17.0626_-20.6382_0.240924
17.5432_-20.5986_-0.243674
17.9869_-20.7874_-0.728272
18.3918_-21.0558_-0.293569
18.8715_-21.1963_-0.267735
19.3548_-21.3244_-0.2419
19.8381_-21.3724_0.192803
20.3258_-21.2641_0.270284
20.8087_-21.1348_0.24445
21.2977_-21.0521_0.0126004
21.7972_-21.0587_-0.0648812
22.2964_-21.0868_-0.0390466
22.7752_-21.0293_0.445551
23.2377_-20.8928_-0.0390466
23.6148_-20.9554_-0.421624
24.0804_-21.0807_0.062974
24.5509_-20.9747_0.547572
24.9178_-20.6618_1.03217
25.1981_-20.2507_0.851637
25.5307_-19.8775_0.825802
25.7975_-19.4758_1.3104
25.8627_-18.9913_1.69484
25.7966_-18.4957_1.72067
25.7176_-18.002_1.74651
25.6516_-17.5077_1.61744
25.6326_-17.0081_1.59161
25.6179_-16.5084_1.61744
25.633_-16.0127_1.3856
25.7292_-15.5221_1.35976
25.8298_-15.0323_1.3856
25.8749_-14.5404_1.66856
25.8303_-14.0425_1.64273
25.7901_-13.5442_1.66856
25.6813_-13.0676_2.053
25.4456_-12.6267_2.07884
25.2062_-12.1878_2.053
25.0276_-11.7298_1.71916
24.958_-11.2347_1.69332
24.8926_-10.7391_1.71916
24.8315_-10.2433_1.64167
24.8004_-9.74429_1.61584
24.7736_-9.24506_1.64167
24.7511_-8.74602_1.56419
24.7501_-8.24607_1.59003
24.7448_-7.74615_1.56419
24.7438_-7.2462_1.59003
24.7385_-6.74628_1.56419
24.7375_-6.24633_1.59003
24.7578_-5.74921_1.40949
24.8423_-5.25646_1.38366
24.9395_-4.76605_1.35783
24.9657_-4.28452_1.84242
24.7701_-3.83994_2.27713
24.4362_-3.46841_2.35461
24.154_-3.07737_1.87001
24.0864_-2.59988_1.38541
24.2491_-2.1459_0.900814
24.4851_-1.72534_1.38541
24.4979_-1.24328_1.87001
24.296_-0.798126_2.25445
24.0212_-0.387653_1.97148
23.8302_0.0743605_1.94565
23.6431_0.538002_1.97148
23.5275_1.00619_1.48688
23.607_1.49572_1.25503
23.7663_1.9696_1.2292
23.9976_2.39274_0.7446
24.3786_2.71466_0.615537
24.7892_2.99981_0.589703
25.1426_3.32794_1.0743
25.3025_3.78292_1.5589
25.2319_4.25998_2.0435
24.9473_4.64926_2.52809
24.5361_4.93356_2.55393
24.1224_5.21431_2.52809
23.6892_5.42617_3.01269
23.2071_5.41182_3.49729
23.1123_5.37292_3.59931
22.6507_5.19709_3.31634
22.1576_5.11441_3.29051
21.6626_5.04449_3.26467
21.1994_4.91042_3.74927
20.8519_4.57598_4.23387
20.5967_4.14887_4.05334
20.2449_3.81907_3.56874
19.7799_3.69115_3.08414
19.3089_3.79455_2.59954
18.8784_4.04878_2.62538
18.5531_4.22002_2.72048
18.0863_4.38734_2.95233
17.5945_4.47717_2.97816
17.1005_4.55426_3.00399
16.8197_4.56708_3.28455
16.3592_4.42382_3.76915
16.0185_4.08255_4.25375
15.7393_3.68931_3.76915
15.3092_3.47138_3.28455
14.8158_3.4471_3.00158
14.3214_3.52113_2.97575
13.8276_3.59941_3.00158
13.3331_3.67344_2.97575
12.8394_3.75173_3.00158
12.3449_3.82575_2.97575
11.8511_3.90404_3.00158
11.3567_3.97807_2.97575
10.8629_4.05635_3.00158
10.3685_4.13038_2.97575
9.8747_4.20867_3.00158
9.38026_4.2827_2.97575
8.88648_4.36098_3.00158
8.39204_4.43501_2.97575
7.89826_4.5133_3.00158
7.43736_4.6552_2.51699
