configuration 2.903195858_13.0508098602_-0.754177572005_0.656670533741_-13.4451351166_-15.4114570618_0.497552318458_0.867433968897
length 55.3985
time 7.89253
roughness 0.0044922
2.9032_13.0508_-1.7088
2.76222_12.5896_-2.1934
2.64934_12.4504_-2.37194
2.61192_12.4153_-2.42295
2.30366_12.0445_-1.93835
2.20366_11.5727_-1.45375
2.33493_11.1087_-0.969152
2.54164_10.673_-1.45375
2.52158_10.1912_-1.93835
2.27937_9.77416_-2.42295
1.87876_9.4852_-2.70591
1.42735_9.27031_-2.68008
0.977801_9.05155_-2.70591
0.578256_8.78151_-2.22132
0.35051_8.35644_-1.73672
0.306458_7.86246_-1.50487
0.300978_7.36655_-1.73672
0.214162_6.8742_-1.76255
0.12311_6.38261_-1.73672
0.0196837_5.89471_-1.86578
-0.12154_5.41512_-1.83995
-0.258627_4.93433_-1.86578
-0.324165_4.45657_-1.38118
-0.209209_3.97126_-1.25212
-0.0566643_3.49515_-1.27795
0.0241601_3.01305_-1.66239
-0.0172808_2.51482_-1.63656
-0.0544292_2.01625_-1.66239
-0.0701297_1.51896_-1.48186
-0.0300141_1.02062_-1.50769
0.00580817_0.521959_-1.48186
0.123993_0.0544252_-0.997262
0.44294_-0.311893_-0.562559
0.87224_-0.567331_-0.485077
1.25796_-0.856766_-0.969675
1.46444_-1.29257_-1.45427
1.44413_-1.77438_-1.93887
1.2017_-2.19125_-2.42347
0.822398_-2.51695_-2.4493
0.434809_-2.83274_-2.47514
0.0445159_-3.14519_-2.4493
-0.337577_-3.46761_-2.42347
-0.716878_-3.79331_-2.4493
-1.13207_-4.0386_-2.9339
-1.61373_-4.06224_-3.4185
-2.05095_-3.85877_-3.9031
-2.44818_-3.58535_-3.4185
-2.92705_-3.52846_-2.9339
-3.37729_-3.7012_-2.4493
-3.79248_-3.9465_-2.9339
-4.27414_-3.97013_-3.4185
-4.71136_-3.76666_-3.9031
-5.10859_-3.49324_-3.4185
-5.58746_-3.43635_-2.9339
-6.0377_-3.60909_-2.4493
-6.4529_-3.85439_-2.9339
-6.93456_-3.87802_-3.4185
-7.37177_-3.67455_-3.9031
-7.769_-3.40113_-3.4185
-8.24788_-3.34424_-2.9339
-8.69812_-3.51698_-2.4493
-9.11083_-3.77894_-2.83374
-9.58856_-3.92632_-2.85958
-10.0675_-4.06958_-2.83374
-10.5444_-4.14126_-3.31834
-10.9998_-3.98253_-3.80294
-11.3799_-3.65959_-3.932
-11.769_-3.3748_-3.4474
-12.2461_-3.3041_-2.9628
-12.7011_-3.46376_-2.47821
-13.1194_-3.72196_-2.81205
-13.5946_-3.80397_-3.29665
-13.7944_-3.75888_-3.50069
-14.267_-3.66287_-3.01609
-14.7299_-3.79807_-2.53149
-15.0765_-4.13334_-2.0469
-15.3624_-4.52165_-2.53149
-15.7964_-4.73203_-3.01609
-16.2784_-4.71604_-3.50069
-16.7509_-4.62003_-3.01609
-17.2138_-4.75523_-2.53149
-17.5605_-5.0905_-2.0469
-17.711_-5.54865_-1.5623
-17.6606_-6.04001_-1.27933
-17.5128_-6.51762_-1.2535
-17.4033_-6.99928_-1.53646
-17.3904_-7.49907_-1.5623
-17.3819_-7.99894_-1.53646
-17.3947_-8.49632_-1.717
-17.4717_-8.99029_-1.74283
-17.5531_-9.48357_-1.717
-17.5959_-9.97927_-1.53646
-17.5744_-10.4788_-1.51063
-17.5401_-10.9775_-1.48479
-17.51_-11.4762_-1.56228
-17.5015_-11.976_-1.53644
-17.4886_-12.4758_-1.56228
-17.48_-12.9757_-1.53644
-17.4586_-13.4752_-1.51061
-17.4328_-13.9745_-1.53644
-17.4285_-14.474_-1.61392
-17.4544_-14.9733_-1.63976
-17.4845_-15.4723_-1.61392
-17.4595_-15.9656_-1.33096
-17.3366_-16.4502_-1.30512
-17.2012_-16.9315_-1.27929
-16.9913_-17.3657_-0.794688
-16.6034_-17.6521_-0.31009
-16.1267_-17.7249_0.174507
-15.671_-17.5672_0.659105
-15.2902_-17.2451_0.788168
-14.9346_-16.8936_0.762333
-14.576_-16.5453_0.788168
-14.2204_-16.1938_0.762333
-13.8618_-15.8455_0.788168
-13.5328_-15.4723_0.968701
