configuration 32.0634506226_7.0565199852_0.870200588927_0.492697610133_0.864893198013_0.272379875183_-0.736733996813_0.676182680893
length 40.3485
time 300
roughness 0.00320874
32.0635_7.05652_2.11122
32.0635_7.05652_2.11122
32.0635_7.05652_2.11122
31.5652_7.90081_2.46675
31.4189_8.00442_2.64529
31.4189_8.00442_2.64529
31.3963_8.01644_2.6708
31.3963_8.01644_2.6708
31.3272_8.0502_2.74731
30.8673_8.24622_2.72148
30.2234_8.54185_2.74972
30.1516_8.56943_2.82624
30.1516_8.56943_2.82624
29.5403_8.69725_2.8893
29.4653_8.71458_2.96581
29.4653_8.71458_2.96581
28.752_8.7149_3.13524
28.2754_8.64173_3.61983
28.1213_8.55006_3.79837
27.7907_8.19898_4.28297
27.7907_8.19898_4.28297
27.5277_7.79065_3.84827
27.1348_7.48341_3.7192
26.6714_7.24664_2.98221
26.2134_7.39744_2.49761
26.2134_7.39744_2.49761
26.1335_7.46171_2.39559
26.1335_7.46171_2.39559
25.9766_7.63027_2.16604
25.9766_7.63027_2.16604
25.6795_8.03084_2.2951
25.3514_8.40812_2.26927
24.9893_8.73183_2.70397
24.6972_9.15273_2.82784
24.6728_9.16044_2.85334
24.6728_9.16044_2.85334
24.1878_9.26444_3.08519
23.6885_9.28832_3.11103
23.1889_9.3079_3.08519
22.6895_9.33179_3.11103
21.748_9.38417_3.31283
21.2555_9.34594_3.02986
20.7627_9.42279_2.9008
20.2184_9.59033_3.69892
19.7742_9.38629_3.31448
19.28_9.31309_3.237
18.782_9.26975_3.21116
18.2829_9.23929_3.18533
17.5496_9.20325_3.29207
17.0564_9.17526_3.0091
16.5615_9.24557_2.98326
16.0685_9.32864_2.95743
15.1923_9.4643_2.59933
14.7452_9.64478_3.08392
14.2493_9.63521_3.31577
13.7577_9.54433_3.34161
13.2686_9.44078_3.36744
12.3658_9.20546_3.80131
11.9428_8.97381_3.31671
11.4505_8.93367_3.03375
10.9539_8.99176_3.00791
10.459_9.06266_2.98208
9.7429_9.19428_3.34417
9.25232_9.09792_3.31833
8.75942_9.01426_3.2925
8.26582_8.93484_3.31833
7.77292_8.85118_3.2925
6.85982_8.69597_3.11496
6.36096_8.72216_3.03748
5.86329_8.76984_3.06331
5.36522_8.81322_3.03748
4.86755_8.8609_3.06331
3.89199_8.95557_3.49776
3.41946_8.79353_3.42028
2.73442_8.62555_3.39388
2.29233_8.43291_3.87847
1.99088_8.0565_4.36307
1.84895_7.57963_4.5436
1.84895_7.57963_4.5436
1.77777_7.08518_4.62109
1.67375_6.09072_4.62109
1.64966_5.59256_4.75015
1.67283_5.09315_4.77598
1.72621_4.58199_4.74605
1.71309_4.08462_4.56552
1.63568_3.5907_4.53969
1.55401_3.09747_4.56552
1.42124_2.14617_4.13649
1.42124_2.14617_4.13649
1.18394_1.71069_4.36834
1.03604_1.23439_4.4974
0.932467_0.676918_4.72624
0.935463_0.600062_4.80276
0.935463_0.600062_4.80276
