configuration 2.903195858_13.0508098602_-0.754177572005_0.656670533741_-13.4451351166_-15.4114570618_0.497552318458_0.867433968897
length 53.1032
time 161.266
roughness 0.00274181
2.9032_13.0508_-1.7088
2.81343_12.5602_-1.83786
2.6692_12.0819_-1.91535
2.50439_11.6099_-1.88951
2.33493_11.1087_-0.969152
2.54164_10.673_-1.45375
2.52158_10.1912_-1.93835
2.27937_9.77416_-2.42295
2.27937_9.77416_-2.42295
1.91198_9.43568_-2.34546
1.56536_9.07539_-2.31963
1.22817_8.70627_-2.2938
0.900624_8.32856_-2.26796
0.306255_7.65768_-1.70891
0.241692_7.16191_-1.68308
0.189956_6.66465_-1.65724
0.114766_5.94683_-1.56159
0.157457_5.45273_-1.32974
0.289197_4.97087_-1.25226
0.449855_4.49744_-1.22642
0.663698_3.91557_-1.251
0.84068_3.44929_-1.12194
1.05374_2.99701_-1.14778
1.26289_2.54291_-1.12194
1.47595_2.09063_-1.14778
1.87954_1.23323_-1.78837
1.76742_0.746019_-1.8142
1.65111_0.259787_-1.78837
1.53899_-0.227429_-1.8142
1.41433_-0.711587_-1.84003
1.21422_-1.15035_-2.32463
1.1785_-1.65044_-2.68008
1.1785_-1.65044_-2.68008
1.1785_-1.65044_-2.68008
0.765136_-1.91649_-2.34623
0.424764_-2.28213_-2.26875
0.100183_-2.66239_-2.29459
-0.460364_-3.31024_-3.12095
-0.9396_-3.3893_-2.68624
-1.38243_-3.6205_-2.60876
-1.81087_-3.87816_-2.58293
-2.55384_-4.38298_-3.32595
-3.04692_-4.32983_-3.0941
-3.54513_-4.36642_-3.01662
-4.29513_-4.45341_-3.29803
-4.79042_-4.38834_-3.22055
-5.28913_-4.3532_-3.19472
-5.78859_-4.33095_-3.16888
-6.28822_-4.31301_-3.19472
-7.02657_-4.27679_-3.30119
-7.52083_-4.20159_-3.27536
-8.01687_-4.13918_-3.24953
-8.51343_-4.08105_-3.27536
-9.00947_-4.01864_-3.24953
-9.95344_-3.91616_-3.5051
-10.3023_-3.81038_-3.2966
-10.3023_-3.81038_-3.2966
-10.4296_-3.79591_-3.16907
-10.4296_-3.79591_-3.16907
-10.925_-3.82045_-2.93722
-11.4113_-3.93443_-2.85974
-11.8903_-4.07761_-2.83391
-12.373_-4.18247_-3.11687
-12.8449_-4.36202_-3.20979
-13.2457_-4.28189_-3.31181
-13.7402_-4.22718_-3.13127
-14.2394_-4.24523_-3.05379
-14.737_-4.29336_-3.02796
-15.267_-4.3381_-2.05183
-15.5021_-4.77931_-2.07767
-15.9987_-5.64713_-2.07767
-16.2524_-6.07747_-2.15515
-16.5246_-6.49682_-2.12932
-16.7932_-6.9185_-2.15515
-17.0654_-7.33785_-2.12932
-17.6016_-8.15853_-2.3348
-17.876_-8.55508_-1.8502
-17.9503_-9.03822_-1.46577
-17.8852_-9.5335_-1.38829
-17.7902_-10.0243_-1.36245
-17.6222_-10.8654_-1.92937
-17.7429_-11.3419_-1.59553
-17.7424_-11.8415_-1.51805
-17.6871_-12.3398_-1.49327
-17.6527_-12.8386_-1.5191
-17.6226_-13.3376_-1.49327
-17.5796_-13.8357_-1.46743
-17.5323_-14.3334_-1.49327
-17.4594_-15.3216_-1.59632
-17.4679_-15.8215_-1.57048
-17.4546_-16.8213_-1.57048
-17.3783_-17.2975_-1.08588
-16.6928_-17.9902_-0.625347
-16.4965_-18.1106_-0.3958
-16.4965_-18.1106_-0.3958
-16.0277_-18.2238_0.0887978
-15.5602_-18.1057_0.573396
-15.1791_-17.7952_0.907241
-14.8817_-17.3938_0.984723
-14.3294_-16.5666_0.928931
-14.0336_-16.1636_0.954766
-13.4915_-15.3902_0.916682
