configuration -11.8536100388_-27.1978302002_0.742596430242_0.669739159518_7.0929813385_4.64613723755_-0.0222057164121_0.999753422679
length 84.3304
time 300
roughness 0.0103758
-11.8536_-27.1978_1.67388
-11.856_-27.1723_1.64837
-11.856_-27.1723_1.64837
-11.8563_-26.6764_1.41652
-11.6666_-25.7225_1.39091
-11.5985_-25.2285_1.51997
-11.5774_-24.729_1.54581
-11.5693_-24.2291_1.57164
-11.5654_-23.7291_1.54581
-11.5381_-22.9731_2.36011
-11.8224_-22.5836_1.87551
-11.8926_-22.1065_1.39091
-11.7324_-21.6516_0.906312
-11.3788_-21.3237_0.421714
-10.9119_-21.19_-0.0129893
-10.4127_-21.2094_-0.0904708
-9.9152_-21.2589_-0.116305
-9.21977_-21.3478_-5.39459
-8.81504_-21.2266_-5.73885
-8.37229_-21.0032_-5.9707
-7.89312_-20.8619_-6.04819
-7.02542_-20.6619_0.141219
-6.79544_-20.6469_0.0647032
-5.94655_-20.8727_-0.0118123
-5.44856_-20.9_-0.140875
-4.95418_-20.9745_-0.166709
-4.4619_-21.0617_-0.192544
-3.88082_-21.1734_-0.140039
-3.38453_-21.2303_-0.0625573
-2.65302_-21.2224_-0.0106525
-2.15353_-21.2148_0.066829
-1.65442_-21.1857_0.0409945
-1.15509_-21.1609_0.066829
-0.209897_-21.111_0.16988
0.280808_-21.0818_-0.163965
0.773331_-21.1676_-0.189799
1.26347_-21.2662_-0.215634
1.7509_-21.3774_-0.241468
2.67053_-21.5856_0.0697205
3.16959_-21.5636_-0.00776112
3.66954_-21.5632_0.0180734
4.16947_-21.5585_-0.00776112
4.66942_-21.5581_0.0180734
5.64263_-21.5599_-0.187413
5.69317_-21.5686_-0.136403
5.69317_-21.5686_-0.136403
6.40164_-21.5245_-0.0343822
6.90037_-21.5203_0.0946802
7.39765_-21.4687_0.120515
7.89344_-21.4043_0.146349
8.59976_-21.3152_-0.0337703
9.09926_-21.3364_-0.0596048
9.59856_-21.3619_-0.0337703
10.0984_-21.3745_-0.00793572
10.0984_-21.3745_-0.00793572
10.5952_-21.3486_0.172597
11.085_-21.2501_0.250079
11.5704_-21.1306_0.224244
12.0569_-21.0152_0.250079
12.7953_-20.8327_-0.00727693
13.2935_-20.8577_-0.136339
13.7882_-20.9299_-0.162174
14.7256_-21.0553_-0.0405601
15.2244_-21.0541_0.0885023
15.722_-21.0056_0.114337
16.4063_-20.9401_0.018253
16.9034_-20.9609_-0.16228
17.396_-21.0459_-0.188115
17.888_-21.1352_-0.16228
18.382_-21.2117_-0.136445
18.9009_-21.2937_-0.034128
19.3911_-21.2563_0.299717
19.8674_-21.1046_0.325552
20.3397_-20.9406_0.351386
20.8106_-20.7726_0.325552
21.7177_-20.4454_0.0684632
21.7944_-20.4396_0.144979
22.1313_-20.3958_0.24513
22.6152_-20.2703_0.270964
23.098_-20.1406_0.24513
23.7509_-19.957_0.0407591
24.2236_-19.8614_0.525357
24.5973_-19.5567_1.00995
24.8197_-19.1157_1.29292
24.9527_-18.6337_1.31876
25.1669_-17.6593_1.31691
25.2456_-17.1717_1.59988
25.2268_-16.6721_1.62571
25.2036_-16.1727_1.59988
25.1848_-15.6731_1.62571
25.1433_-14.7081_1.78061
25.1158_-14.1988_1.67859
25.0663_-13.7013_1.65276
25.0297_-13.2027_1.62692
25.006_-12.7033_1.60109
24.9749_-11.7186_1.57404
24.9776_-11.2187_1.54821
24.9873_-10.2189_1.54821
24.9857_-9.71932_1.62569
24.9179_-8.72173_1.62569
24.9034_-8.22239_1.54821
24.9389_-7.22313_1.54821
24.9373_-6.72359_1.62569
24.8695_-5.726_1.62569
24.8378_-5.22705_1.65153
24.7932_-4.7291_1.67736
24.7357_-4.23246_1.7032
24.7357_-4.23246_1.7032
24.657_-3.73915_1.78068
24.5486_-3.25109_1.80651
24.4277_-2.76599_1.83235
24.4277_-2.76599_1.83235
24.2704_-2.29396_2.01288
24.0451_-1.8481_2.09036
23.8008_-1.41153_2.0642
23.5919_-0.959981_1.88366
23.4421_-0.482994_1.85783
23.3047_-0.00229726_1.83199
23.3047_-0.00229726_1.83199
23.1968_0.484615_1.70293
23.1437_0.981341_1.62545
23.1119_1.48072_1.65146
23.1184_1.97463_1.36849
23.2313_2.46123_1.29101
23.3652_2.94291_1.31685
23.495_3.42573_1.29101
23.7037_4.13632_2.36297
23.3112_4.4165_2.84757
22.8279_4.50628_3.18142
22.3294_4.47351_3.2589
21.5345_4.34517_2.67103
21.0756_4.49315_3.15563
20.5764_4.47325_3.23311
20.079_4.42328_3.25895
19.1422_4.32625_4.32775
18.8929_3.91345_3.84315
18.48_3.66432_3.35856
17.9912_3.61201_3.02471
17.4967_3.68306_2.94723
16.7375_3.8745_2.94894
16.2444_3.94887_3.078
15.7452_3.96774_3.15548
15.2448_3.96532_3.12947
14.7456_3.98427_3.05199
13.7486_4.06087_3.05199
13.2503_4.10132_3.07782
12.7517_4.13748_3.05199
12.2541_4.1865_3.02615
12.2541_4.1865_3.02615
11.757_4.23981_3.05199
10.7601_4.31642_3.05199
10.2626_4.36544_3.02615
9.76545_4.41875_3.05199
9.26791_4.46777_3.02615
8.40522_4.55806_2.9813
7.91101_4.6336_3.00714
6.91849_4.75483_3.00714
