configuration 14.2292175293_13.7099370956_-0.723728341199_0.690084986176_-18.0985870361_0.542219161987_-0.683562400866_0.729892077038
length 72.3057
time 300
roughness 0.00952456
14.2292_13.7099_-1.61838
14.2384_13.4544_-1.36333
14.2384_13.4544_-1.36333
14.2088_12.7298_-1.21126
14.305_12.2572_-1.69586
14.2134_11.7682_-1.87639
14.0589_11.2927_-1.90223
13.8922_10.8214_-1.92806
13.7214_10.3515_-1.90223
13.5394_9.83016_-1.34163
13.5394_9.83016_-1.34163
13.5394_9.83016_-1.34163
13.7477_9.36904_-0.831529
14.1248_9.06849_-0.346931
14.6007_8.91922_-0.217869
15.091_8.82387_-0.140387
16.0738_8.67869_-0.0631303
16.573_8.66005_0.0143512
17.0729_8.66292_-0.0114833
17.5729_8.66149_0.0143512
18.0728_8.66436_-0.0114833
18.9639_8.67876_-0.116007
18.9639_8.67876_-0.116007
19.4613_8.64236_0.0130557
20.3089_8.68668_0.113409
20.8065_8.73038_0.0359272
21.3062_8.74403_0.0100927
21.8061_8.75338_0.0359272
22.3059_8.76704_0.0100927
22.795_8.71783_-0.323753
23.3032_8.76831_5.87728
23.3032_8.76831_5.87728
23.3032_8.76831_5.87728
23.7106_8.51029_5.39269
23.9509_8.09219_4.90809
24.0353_7.59983_4.83061
24.09_7.10288_4.80477
24.1262_6.55699_4.77791
24.1289_6.05946_4.59738
24.0673_5.56333_4.57154
24.0014_5.06774_4.59738
23.9397_4.57161_4.57154
23.8062_3.66541_4.26748
23.8062_3.66541_4.26748
23.8062_3.66541_4.26748
23.6111_3.20642_4.39654
23.4683_2.72774_4.47402
23.3055_2.04178_4.65205
23.2541_1.54569_4.52299
23.1642_1.05389_4.54882
23.0786_0.561335_4.52299
22.9887_0.0695331_4.54882
22.8562_-0.610217_4.19394
22.6319_-0.925406_3.89044
22.6319_-0.925406_3.89044
22.2992_-1.16046_3.48236
22.2261_-1.18434_3.40584
22.2013_-1.19083_3.38033
22.2013_-1.19083_3.38033
21.7447_-1.36554_3.76477
21.3468_-1.66746_3.84225
20.9618_-1.98648_3.81642
20.5742_-2.30218_3.84225
19.9885_-2.81115_3.32488
19.5024_-2.92304_3.45395
18.5904_-3.27869_3.09797
18.1032_-3.31927_3.48241
17.6369_-3.49835_3.55989
17.1818_-3.70536_3.58572
16.4095_-4.06919_3.2785
15.9273_-4.0587_2.7939
15.4622_-3.87643_2.71642
15.0086_-3.6663_2.69059
14.5568_-3.45227_2.71642
13.8203_-3.09274_2.3026
13.4454_-2.78939_2.7872
12.9724_-2.6956_3.2718
12.5101_-2.83297_3.7564
12.5101_-2.83297_3.7564
12.5101_-2.83297_3.7564
12.5101_-2.83297_3.7564
12.0842_-3.08703_3.52455
11.6188_-3.26984_3.49871
11.1489_-3.44057_3.47288
10.6776_-3.60725_3.49871
9.87925_-3.89881_2.98883
9.87925_-3.89881_2.98883
9.87925_-3.89881_2.98883
9.39004_-3.80181_2.85977
8.90863_-3.66691_2.8856
8.42608_-3.53616_2.85977
7.94707_-3.39299_2.83393
7.31966_-3.21344_3.75955
6.89007_-3.45238_3.42571
6.40709_-3.57998_3.34823
5.91868_-3.68676_3.37406
5.4312_-3.79775_3.34823
4.65343_-3.94766_4.06441
4.30527_-4.28134_3.57981
3.84175_-4.41441_3.09521
3.36961_-4.31622_2.61062
3.36961_-4.31622_2.61062
2.96896_-4.02731_2.32765
2.63544_-3.65541_2.25017
2.31799_-3.26919_2.276
1.99721_-2.88571_2.25017
1.55662_-2.32081_2.96556
1.55668_-2.34611_3.11631
1.07037_-2.39561_3.50075
0.607387_-2.58321_3.57823
0.152539_-2.79073_3.5524
-0.304078_-2.99432_3.57823
-1.03688_-3.33683_2.93834
-1.52932_-3.26582_3.11887
-2.14479_-3.30465_2.7343
-2.6122_-3.18598_3.2189
-3.08619_-3.29205_3.6536
-3.5199_-3.54074_3.67943
-3.94704_-3.80054_3.70527
-4.39027_-3.99056_3.22067
-4.78129_-4.35099_2.93867
-5.27183_-4.25445_2.9645
-5.7647_-4.17062_2.99034
-6.3361_-4.09184_3.09269
-6.83565_-4.0717_3.11852
-7.33535_-4.05587_3.09269
-7.83489_-4.03573_3.11852
-8.33479_-4.0285_3.14436
-9.23325_-4.00734_3.57825
-9.69889_-4.1649_3.24441
-10.197_-4.20333_3.16693
-10.6966_-4.2203_3.19276
-11.1961_-4.24157_3.16693
-11.696_-4.24993_3.14109
-12.2052_-4.26543_3.70433
-12.6486_-4.45503_3.21974
-13.1425_-4.44731_2.93677
-13.6288_-4.33312_2.85929
-14.1101_-4.19798_2.88512
-14.9519_-3.95189_2.73231
-14.9519_-3.95189_2.73231
-14.9519_-3.95189_2.73231
-15.4152_-3.76499_2.80979
-16.3531_-3.42796_2.96451
-16.8399_-3.3191_2.83545
-17.3152_-3.16432_2.80962
-18.0762_-2.90893_1.94542
-18.1877_-2.4362_1.51072
-18.1449_-1.9385_1.43324
-18.0721_-1.44388_1.4074
-17.8966_-0.544435_1.71851
-17.915_-0.443582_1.82053
-17.915_-0.443582_1.82053
-18.051_0.0371196_1.89801
-18.2494_0.54045_2.40748
