configuration 6.23696136475_-8.02296829224_-0.990618758317_0.136654585252_12.9709873199_-24.4014968872_-0.713623012343_0.700529939585
length 47.5626
time 1.95014
roughness 0.00378759
6.23696_-8.02297_-2.86743
5.75793_-8.07855_-3.35202
5.27512_-7.95351_-3.48109
4.80516_-7.78297_-3.50692
4.33318_-7.68402_-3.02232
3.83731_-7.74778_-2.99649
3.34326_-7.82433_-2.97065
2.86651_-7.95355_-2.68769
2.41909_-8.17663_-2.66185
1.97758_-8.4112_-2.63602
1.59787_-8.70848_-2.15142
1.3504_-9.1401_-1.97089
1.15172_-9.59888_-1.99672
0.88559_-10.001_-2.48132
0.462758_-10.2329_-2.96592
-0.0254836_-10.2568_-3.35035
-0.511349_-10.1407_-3.42784
-0.992154_-10.0037_-3.402
-1.47412_-9.87082_-3.42784
-1.95244_-9.80946_-2.94324
-2.4297_-9.94429_-2.71139
-2.88228_-10.1567_-2.68555
-3.30344_-10.4148_-2.40259
-3.67585_-10.7483_-2.42842
-4.05113_-11.0787_-2.40259
-4.43832_-11.3911_-2.58312
-4.86458_-11.6524_-2.60895
-5.29307_-11.91_-2.58312
-5.67873_-12.2148_-2.24927
-5.98914_-12.6067_-2.22344
-6.28932_-13.0065_-2.1976
-6.51531_-13.4364_-1.7629
-6.60654_-13.928_-1.73707
-6.69352_-14.4203_-1.7629
-6.81765_-14.9021_-1.94343
-7.00367_-15.3662_-1.96927
-7.19368_-15.8286_-1.94343
-7.29608_-16.2998_-1.45884
-7.16717_-16.7645_-0.974238
-6.86346_-17.1586_-0.793705
-6.58388_-17.5515_-1.2783
-6.51953_-18.0295_-1.7629
-6.68523_-18.4823_-2.2475
-6.94072_-18.8991_-1.86306
-7.08064_-19.3791_-1.83723
-7.20812_-19.8625_-1.81139
-7.24758_-20.3431_-1.32679
-7.05861_-20.7868_-0.842196
-6.68471_-21.0913_-0.357598
-6.21015_-21.1948_0.0771051
-5.715_-21.1351_0.206168
-5.22654_-21.0285_0.232002
-4.73859_-20.9689_-0.101843
-4.24169_-21.024_-0.127678
-3.74638_-21.0919_-0.153512
-3.26356_-21.2052_-0.385362
-2.79867_-21.3892_-0.359527
-2.33222_-21.5691_-0.385362
-1.86232_-21.6775_0.0992361
-1.39602_-21.5545_0.583834
-1.04072_-21.2284_1.06843
-0.744658_-20.8478_0.583834
-0.305353_-20.6489_0.0992361
0.176036_-20.6775_-0.385362
0.649133_-20.8195_-0.102394
1.14722_-20.8577_-0.0249122
1.62515_-20.7934_0.459686
2.0857_-20.6504_-0.0249122
2.5833_-20.6842_-0.153975
3.07797_-20.7567_-0.12814
3.56351_-20.8577_-0.35999
4.02988_-21.0378_-0.385824
4.49468_-21.222_-0.35999
4.96718_-21.3184_0.124608
5.45626_-21.2271_0.305141
5.93181_-21.0728_0.330976
6.40691_-20.9901_-0.153622
6.88145_-21.1183_-0.487467
7.32114_-21.3563_-0.513302
7.77337_-21.5238_-0.0287039
8.27322_-21.5338_-0.00286934
8.77316_-21.5309_0.0229652
9.27286_-21.5152_0.0487998
9.53574_-21.5035_0.0352026
10.0355_-21.4902_0.00936808
10.5354_-21.4812_0.0352026
11.0352_-21.4679_0.00936808
11.5344_-21.4504_0.0868496
12.0328_-21.4113_0.0610151
12.5315_-21.3765_0.0868496
13.0125_-21.4111_-0.397748
13.422_-21.6658_-0.882346
13.6657_-22.0819_-1.36694
13.6875_-22.5637_-1.85154
13.5368_-23.0399_-1.92902
13.3575_-23.5066_-1.95486
13.2161_-23.9799_-1.67189
13.1607_-24.4234_-1.74122
