configuration 6.23696136475_-8.02296829224_-0.990618758317_0.136654585252_12.9709873199_-24.4014968872_-0.713623012343_0.700529939585
length 47.1085
time 15.5177
roughness 0.00591465
6.23696_-8.02297_-2.86743
5.75793_-8.07855_-3.35202
5.30817_-7.90457_-3.83662
4.99124_-7.5411_-4.32122
4.87116_-7.19554_-4.49206
4.69274_-6.74752_-4.00746
4.32615_-6.43421_-3.52286
3.85581_-6.32774_-3.03826
3.39002_-6.45264_-2.55366
3.03606_-6.78015_-2.06907
2.87541_-7.23485_-1.58447
2.79272_-7.70994_-2.06907
2.49822_-8.09182_-2.55366
2.05973_-8.29253_-3.03826
1.58866_-8.41089_-2.60356
1.16157_-8.67078_-2.57772
0.73673_-8.93433_-2.60356
0.331665_-9.22047_-2.37171
-0.024285_-9.57154_-2.34588
-0.371048_-9.93169_-2.32004
-0.751157_-10.2285_-2.80464
-1.22575_-10.314_-3.28924
-1.70538_-10.1959_-3.5722
-2.16989_-10.0664_-3.08761
-2.64127_-10.1681_-2.60301
-3.01096_-10.4778_-2.11841
-3.22752_-10.9217_-1.83544
-3.35414_-11.4054_-1.80961
-3.47658_-11.8901_-1.83544
-3.60319_-12.3738_-1.80961
-3.71726_-12.8605_-1.78377
-3.82714_-13.3482_-1.80961
-3.9578_-13.8304_-1.88709
-4.10921_-14.3069_-1.86126
-4.25651_-14.7846_-1.88709
-4.33221_-15.2609_-1.40249
-4.17733_-15.7176_-0.917894
-3.82753_-16.0495_-0.433296
-3.42734_-16.3186_-0.917894
-3.19858_-16.7432_-1.40249
-3.19393_-17.2254_-1.88709
-3.41446_-17.6542_-2.37169
-3.80777_-17.9392_-2.80639
-4.28129_-18.0996_-2.83223
-4.76089_-18.2394_-2.90971
-5.24843_-18.3501_-2.93554
-5.7369_-18.4566_-2.90971
-6.18283_-18.6402_-2.42511
-6.49189_-19.0104_-1.94051
-6.59292_-19.4819_-1.45591
-6.46264_-19.9462_-0.971315
-6.13107_-20.2964_-0.486717
-6.03889_-20.3413_-0.384696
-5.56892_-20.4493_0.0999017
-5.10271_-20.326_0.5845
-4.66353_-20.1268_0.0999017
-4.18213_-20.1551_-0.384696
-3.73811_-20.3761_-0.616546
-3.31263_-20.6309_-0.384696
-2.84762_-20.8145_-0.358862
-2.37802_-20.986_-0.333027
-1.9031_-21.0697_0.151571
-1.42006_-20.9573_0.38342
-0.958035_-20.7663_0.409255
-0.490857_-20.6467_-0.0753431
-0.0166609_-20.7519_-0.510046
0.412864_-21.0069_-0.587528
0.851431_-21.2075_-0.10293
1.34012_-21.1958_0.281508
1.81626_-21.0447_0.35899
2.29294_-20.9152_0.0760217
2.77353_-20.955_-0.408576
3.142_-21.1813_-0.842164
3.51591_-21.4858_-0.357566
3.98865_-21.5811_0.127032
4.45134_-21.4452_0.61163
4.79745_-21.1094_1.09623
4.85416_-20.9919_1.17069
4.87493_-20.9439_1.14629
5.14049_-20.5414_0.66169
5.56299_-20.3089_0.177092
6.04515_-20.3_-0.307506
6.52797_-20.4133_-0.0756564
7.02679_-20.4468_-0.0498218
7.52632_-20.4674_-0.0239873
8.00054_-20.555_-0.508585
8.42532_-20.8163_-0.637648
8.82445_-21.1174_-0.663482
9.24654_-21.3507_-0.178884
9.73696_-21.3843_0.154961
10.2302_-21.3029_0.180796
10.7124_-21.2922_-0.303802
11.1881_-21.4459_-0.329637
11.6625_-21.6036_-0.303802
12.0941_-21.8188_-0.7884
12.384_-22.2085_-1.2231
12.542_-22.6824_-1.30058
12.6713_-23.1653_-1.32642
12.7881_-23.6515_-1.35225
12.8666_-24.1428_-1.53279
