configuration 14.2292175293_13.7099370956_-0.723728341199_0.690084986176_-18.0985870361_0.542219161987_-0.683562400866_0.729892077038
length 42.5123
time 5.81599
roughness 0.00565075
14.2292_13.7099_-1.61838
14.2642_13.3041_-1.2103
14.2642_13.3041_-1.2103
14.403_12.828_-1.44215
14.4543_12.3311_-1.51963
14.4025_11.8516_-2.00423
14.4025_11.8516_-2.00423
14.2717_11.3875_-1.51963
14.3721_10.9158_-1.03503
14.5558_10.5421_-1.27332
14.5558_10.5421_-1.27332
14.6225_10.0645_-1.75792
14.4591_9.61082_-2.24252
14.1382_9.22795_-2.32
14.1382_9.22795_-2.32
13.7581_8.93116_-2.80459
13.2835_8.84562_-3.28919
12.7903_8.87219_-3.00622
12.7903_8.87219_-3.00622
12.2937_8.82618_-3.13529
11.7937_8.82733_-3.16112
11.294_8.8414_-3.18696
11.294_8.8414_-3.18696
10.7952_8.84259_-3.05789
10.2974_8.79651_-3.03206
9.80093_8.73758_-3.00622
9.80093_8.73758_-3.00622
9.31523_8.74121_-3.44093
8.84186_8.90079_-3.51841
8.37542_9.08074_-3.49257
8.37542_9.08074_-3.49257
7.90207_9.17292_-3.00798
7.42083_9.06157_-2.72501
6.9654_8.85534_-2.69917
6.9654_8.85534_-2.69917
6.50244_8.72033_-3.18377
6.01658_8.79502_-3.51762
5.55316_8.98261_-3.54345
5.55316_8.98261_-3.54345
5.08511_9.09874_-3.05885
4.5903_9.03621_-2.92979
4.10245_8.92691_-2.90396
4.10245_8.92691_-2.90396
3.62014_8.79682_-2.82648
3.14349_8.64597_-2.85231
2.66556_8.49923_-2.82648
2.66556_8.49923_-2.82648
2.23644_8.27921_-2.34188
1.92688_7.89429_-2.05891
1.65541_7.48163_-2.34188
1.65541_7.48163_-2.34188
1.36994_7.08866_-1.90717
1.36994_7.08866_-1.90717
1.15157_6.65132_-2.29161
0.806607_6.29112_-2.42067
0.403844_6.00929_-2.75452
0.403844_6.00929_-2.75452
-0.00834919_5.75898_-2.26992
-0.256479_5.34548_-1.78532
-0.391374_4.86658_-1.96586
-0.391374_4.86658_-1.96586
-0.644963_4.4564_-2.45046
-1.06044_4.21158_-2.93505
-1.54213_4.1885_-3.41965
-1.54213_4.1885_-3.41965
-2.02586_4.31317_-3.34217
-2.51663_4.40856_-3.31633
-2.99881_4.41631_-2.83174
-2.99881_4.41631_-2.83174
-3.47776_4.33557_-3.26644
-3.9695_4.41887_-3.3955
-4.44955_4.46474_-2.9109
-4.44955_4.46474_-2.9109
-4.93054_4.43003_-3.3955
-5.41059_4.4759_-2.9109
-5.41059_4.4759_-2.9109
-5.89158_4.44119_-3.3955
-6.35598_4.60949_-3.67847
-6.80414_4.78756_-3.19387
-6.80414_4.78756_-3.19387
-7.30361_4.80939_-3.16804
-7.80325_4.82691_-3.19387
-8.30262_4.84013_-3.11639
-8.30262_4.84013_-3.11639
-8.78057_4.9043_-3.60099
-9.21769_5.14444_-3.73005
-9.60782_5.45063_-3.9619
-9.60782_5.45063_-3.9619
-9.9883_5.74693_-3.4773
-10.465_5.84003_-3.0426
-10.9621_5.78633_-3.01677
-10.9621_5.78633_-3.01677
-11.4401_5.67178_-2.68292
-11.8865_5.44657_-2.65709
-12.3433_5.2922_-3.14168
-12.3433_5.2922_-3.14168
-12.8195_5.21606_-2.65709
-13.2393_4.952_-2.42524
-13.6135_4.62047_-2.3994
-13.6135_4.62047_-2.3994
-14.016_4.35477_-2.884
-14.4959_4.30714_-3.3686
-14.4959_4.30714_-3.3686
-14.977_4.34007_-2.884
-15.4534_4.19242_-2.75494
-15.9148_3.99991_-2.7291
-15.9148_3.99991_-2.7291
-15.9844_3.96732_-2.65259
-15.9844_3.96732_-2.65259
-16.4412_3.7856_-2.98643
-16.8999_3.63674_-2.50183
-16.8999_3.63674_-2.50183
-17.2364_3.29133_-2.01724
-17.4239_2.83048_-1.8367
-17.5427_2.34526_-1.75922
-17.5427_2.34526_-1.75922
-17.5682_1.98915_-1.40215
-17.5682_1.98915_-1.40215
-17.5556_1.5036_-1.83685
-17.6994_1.02518_-1.91433
-17.9315_0.602484_-2.39893
-17.9315_0.602484_-2.39893
