configuration 2.903195858_13.0508098602_-0.754177572005_0.656670533741_-13.4451351166_-15.4114570618_0.497552318458_0.867433968897
length 54.4504
time 1.46563
roughness 0.00315172
2.9032_13.0508_-1.7088
2.80531_12.563_-1.88933
2.64465_12.0896_-1.91517
2.47992_11.6175_-1.88933
2.47992_11.6175_-1.88933
2.38674_11.1377_-1.5049
2.42396_10.6391_-1.47906
2.46546_10.1409_-1.5049
2.46546_10.1409_-1.5049
2.4208_9.66072_-1.98949
2.1672_9.24282_-2.37393
1.80449_8.89874_-2.39977
1.80449_8.89874_-2.39977
1.43301_8.56414_-2.4256
1.05867_8.23275_-2.39977
0.687193_7.89816_-2.4256
0.687193_7.89816_-2.4256
0.377949_7.52812_-1.941
0.217639_7.05585_-1.81194
0.102429_6.56935_-1.78611
0.102429_6.56935_-1.78611
-0.0404734_6.09445_-2.01796
-0.260529_5.64554_-2.04379
-0.484442_5.19853_-2.01796
-0.484442_5.19853_-2.01796
-0.621646_4.73622_-1.53336
-0.527684_4.26322_-1.04876
-0.232331_3.87371_-0.664322
-0.232331_3.87371_-0.664322
0.0956102_3.52015_-1.14892
0.221083_3.05451_-1.63352
0.115193_2.58404_-2.11812
0.115193_2.58404_-2.11812
-0.0675509_2.13777_-1.63352
-0.0362807_1.64994_-1.24908
0.125879_1.17702_-1.22325
0.125879_1.17702_-1.22325
0.300201_0.70845_-1.19741
0.486569_0.244535_-1.17158
0.601461_-0.223819_-1.65617
0.601461_-0.223819_-1.65617
0.521295_-0.713234_-1.88802
0.300367_-1.14189_-2.37262
0.300367_-1.14189_-2.37262
0.0111524_-1.52778_-1.88802
-0.0649952_-2.00397_-1.40343
0.089459_-2.46081_-0.918828
0.089459_-2.46081_-0.918828
0.31782_-2.88555_-1.40343
0.32202_-3.36777_-1.88802
0.101092_-3.79643_-2.37262
0.101092_-3.79643_-2.37262
-0.294089_-4.07281_-2.85722
-0.779399_-4.17493_-3.08907
-1.27887_-4.19688_-3.1149
-1.27887_-4.19688_-3.1149
-1.77773_-4.22309_-3.03742
-2.27539_-4.27079_-3.06326
-2.77345_-4.31421_-3.03742
-2.77345_-4.31421_-3.03742
-3.26921_-4.32769_-3.26927
-3.76452_-4.25976_-3.29511
-4.25923_-4.18757_-3.26927
-4.25923_-4.18757_-3.26927
-4.75563_-4.15394_-3.08874
-5.25464_-4.18465_-3.0629
-5.75336_-4.21966_-3.08874
-5.75336_-4.21966_-3.08874
-6.25088_-4.21609_-3.26927
-6.7462_-4.14816_-3.29511
-7.23959_-4.06746_-3.32094
-7.23959_-4.06746_-3.32094
-7.73227_-3.98251_-3.29511
-7.99266_-3.94823_-3.22718
-8.01823_-3.94625_-3.20167
-8.01823_-3.94625_-3.20167
-8.50268_-3.86287_-3.53552
-8.95886_-3.6593_-3.613
-8.95886_-3.6593_-3.613
-9.41771_-3.51092_-3.1284
-9.89285_-3.59339_-2.6438
-10.2749_-3.8877_-2.15921
-10.2749_-3.8877_-2.15921
-10.6025_-4.24151_-2.6438
-11.0581_-4.41876_-3.02824
-11.5553_-4.47103_-3.05408
-11.5553_-4.47103_-3.05408
-12.0527_-4.4847_-3.23461
-12.55_-4.43398_-3.26044
-13.0469_-4.37897_-3.23461
-13.0469_-4.37897_-3.23461
-13.5442_-4.36257_-3.05408
-14.0406_-4.41906_-2.9766
-14.5228_-4.42212_-3.46119
-14.5228_-4.42212_-3.46119
-14.9988_-4.34484_-2.9766
-15.456_-4.49821_-2.492
-15.7891_-4.84691_-2.0074
-15.7891_-4.84691_-2.0074
-15.9721_-5.30958_-1.82687
-16.0945_-5.7943_-1.80103
-16.2128_-6.28006_-1.82687
-16.2128_-6.28006_-1.82687
-16.4071_-6.72142_-2.31146
-16.7536_-7.08127_-2.38895
-17.1214_-7.41987_-2.41478
-17.1214_-7.41987_-2.41478
-17.4267_-7.79322_-1.93018
-17.5394_-8.26888_-1.54575
-17.5225_-8.76855_-1.51991
-17.5225_-8.76855_-1.51991
-17.4928_-9.26761_-1.49408
-17.4502_-9.76574_-1.46824
-17.4033_-10.2635_-1.49408
-17.4033_-10.2635_-1.49408
-17.3693_-10.7623_-1.51991
-17.3396_-11.2613_-1.49408
-17.3055_-11.7601_-1.51991
-17.3055_-11.7601_-1.51991
-17.2844_-12.2596_-1.54575
-17.2676_-12.7593_-1.51991
-17.2464_-13.2588_-1.54575
-17.2464_-13.2588_-1.54575
-17.2804_-13.7516_-1.82871
-17.4202_-14.2312_-1.90619
-17.5807_-14.7047_-1.88036
-17.5807_-14.7047_-1.88036
-17.6613_-15.1836_-1.44566
-17.5946_-15.6791_-1.41982
-17.5152_-16.1727_-1.39399
-17.5152_-16.1727_-1.39399
-17.4742_-16.665_-1.67696
-17.5315_-17.1616_-1.70279
-17.5186_-17.6437_-1.21819
-17.5186_-17.6437_-1.21819
-17.2826_-18.0643_-0.733595
-16.8779_-18.3265_-0.248997
-16.3893_-18.4114_-0.0171475
-16.3893_-18.4114_-0.0171475
-15.9119_-18.3434_0.46745
-15.5069_-18.0697_0.851888
-15.1877_-17.6854_0.92937
-15.1877_-17.6854_0.92937
-14.8851_-17.2874_0.903535
-14.5791_-16.8921_0.92937
-14.2765_-16.4941_0.903535
-14.2765_-16.4941_0.903535
-13.9705_-16.0987_0.92937
-13.6821_-15.6909_1.00685
-13.6821_-15.6909_1.00685
-13.4758_-15.3865_0.911753
-13.4758_-15.3865_0.911753
