configuration 2.903195858_13.0508098602_-0.754177572005_0.656670533741_-13.4451351166_-15.4114570618_0.497552318458_0.867433968897
length 51.5978
time 2.77454
roughness 0.00342475
2.9032_13.0508_-1.7088
2.84727_12.5544_-1.63132
2.82133_12.0551_-1.60549
2.8169_11.5556_-1.528
2.8169_11.5556_-1.528
2.7837_11.0651_-1.86185
2.63612_10.5875_-1.88768
2.47624_10.1138_-1.91352
2.47624_10.1138_-1.91352
2.27416_9.66088_-2.14537
1.99884_9.24357_-2.1712
1.71994_8.82864_-2.14537
1.71994_8.82864_-2.14537
1.50827_8.38802_-1.76093
1.43514_7.89467_-1.63187
1.35128_7.4103_-1.96571
1.35128_7.4103_-1.96571
1.11333_6.98015_-2.29956
0.777193_6.61007_-2.32539
0.431606_6.24879_-2.35123
0.431606_6.24879_-2.35123
0.150713_5.85681_-1.86663
0.0847702_5.3791_-1.38203
0.248962_4.92567_-0.897433
0.248962_4.92567_-0.897433
0.486358_4.50591_-1.38203
0.575939_4.01405_-1.40787
0.652785_3.52004_-1.4337
0.652785_3.52004_-1.4337
0.67418_3.02656_-1.71667
0.597253_2.53256_-1.7425
0.516075_2.03924_-1.71667
0.516075_2.03924_-1.71667
0.384461_1.56847_-2.10111
0.127882_1.13938_-2.12694
-0.132383_0.712518_-2.10111
-0.132383_0.712518_-2.10111
-0.30751_0.263201_-1.61651
-0.275751_-0.227348_-1.28266
-0.129562_-0.705446_-1.25683
-0.129562_-0.705446_-1.25683
-0.054967_-1.18188_-1.74143
-0.152471_-1.67182_-1.81891
-0.279414_-2.15539_-1.84474
-0.279414_-2.15539_-1.84474
-0.334887_-2.63442_-1.36014
-0.334887_-2.63442_-1.36014
-0.309826_-3.11601_-1.84474
-0.512_-3.55383_-2.32934
-0.894852_-3.84705_-2.81394
-0.894852_-3.84705_-2.81394
-1.37468_-3.97862_-2.99447
-1.86858_-4.05616_-2.96864
-2.36179_-4.13795_-2.99447
-2.36179_-4.13795_-2.99447
-2.85651_-4.17271_-3.22632
-3.35519_-4.1433_-3.14884
-3.35519_-4.1433_-3.14884
-3.85446_-4.12679_-3.22632
-4.35296_-4.08877_-3.20049
-4.85178_-4.05504_-3.22632
-4.85178_-4.05504_-3.22632
-5.34319_-4.06765_-2.89248
-5.82875_-4.18673_-2.91831
-6.31532_-4.30163_-2.89248
-6.31532_-4.30163_-2.89248
-6.80332_-4.37806_-3.17544
-7.30282_-4.35683_-3.20128
-7.8016_-4.32271_-3.22711
-7.8016_-4.32271_-3.22711
-8.29553_-4.32679_-2.94414
-8.78491_-4.42908_-2.91831
-9.27338_-4.53558_-2.94414
-9.27338_-4.53558_-2.94414
-9.75526_-4.55428_-3.42874
-9.75526_-4.55428_-3.42874
-10.24_-4.44225_-3.24821
-10.7376_-4.39333_-3.22238
-11.2355_-4.3487_-3.24821
-11.2355_-4.3487_-3.24821
-11.7009_-4.22227_-3.73281
-11.7009_-4.22227_-3.73281
-12.0538_-3.8936_-4.21741
-12.0538_-3.8936_-4.21741
-12.347_-3.51076_-3.73281
-12.7848_-3.30861_-3.24821
-13.2664_-3.3337_-2.76361
-13.2664_-3.3337_-2.76361
-13.7006_-3.56433_-2.42977
-14.0763_-3.89415_-2.40393
-14.4433_-4.23357_-2.3781
-14.4433_-4.23357_-2.3781
-14.7885_-4.59358_-2.24904
-15.1284_-4.95468_-2.48088
-15.1284_-4.95468_-2.48088
-15.5205_-5.26488_-2.45505
-15.8485_-5.6231_-2.02035
-15.8485_-5.6231_-2.02035
-16.0772_-6.06726_-2.09783
-16.3323_-6.49719_-2.12366
-16.6472_-6.86242_-2.60826
-16.6472_-6.86242_-2.60826
-17.0185_-7.17012_-2.12366
-17.2374_-7.61292_-1.8407
-17.324_-8.09923_-1.55773
-17.324_-8.09923_-1.55773
-17.3488_-8.54248_-1.76517
-17.3488_-8.54248_-1.76517
-17.4579_-9.02997_-1.84265
-17.5963_-9.51038_-1.86849
-17.8034_-9.94972_-2.30319
-17.8034_-9.94972_-2.30319
-18.0651_-10.3547_-1.81859
-18.116_-10.8378_-1.38389
-18.1024_-11.3198_-1.86849
-18.1024_-11.3198_-1.86849
-18.211_-11.8037_-1.63664
-18.2309_-12.3029_-1.55916
-18.1492_-12.7782_-1.07456
-18.1492_-12.7782_-1.07456
-17.939_-13.2291_-1.25509
-17.939_-13.2291_-1.25509
-17.7639_-13.6961_-1.12603
-17.5449_-14.1455_-1.10019
-17.3969_-14.6045_-1.58479
-17.3969_-14.6045_-1.58479
-17.391_-15.104_-1.50731
-17.355_-15.6027_-1.48148
-17.3061_-16.1002_-1.45564
-17.3061_-16.1002_-1.45564
-17.304_-16.432_-1.78721
-17.304_-16.432_-1.78721
-17.3318_-16.9134_-1.30261
-17.1322_-17.3524_-0.818013
-16.751_-17.6478_-0.333415
-16.751_-17.6478_-0.333415
-16.2761_-17.7317_0.151183
-15.8169_-17.5846_0.635781
-15.4486_-17.2554_0.918749
-15.4486_-17.2554_0.918749
-15.1353_-16.8663_0.841268
-14.7989_-16.4965_0.815433
-14.4593_-16.1296_0.841268
-14.4593_-16.1296_0.841268
-14.1013_-15.7864_0.609418
-13.7317_-15.4623_0.943263
-13.7317_-15.4623_0.943263
