configuration 32.0634506226_7.0565199852_0.870200588927_0.492697610133_0.864893198013_0.272379875183_-0.736733996813_0.676182680893
length 36.4714
time 0.738022
roughness 0.00525563
32.0635_7.05652_2.11122
31.7955_7.4781_2.1887
31.5023_7.8831_2.21453
31.2775_8.3097_1.72994
31.2775_8.3097_1.72994
31.1268_8.7678_2.21453
30.78_9.10295_2.69913
30.3171_9.23798_3.18373
30.3171_9.23798_3.18373
29.8221_9.18723_3.36426
29.3355_9.07263_3.3901
28.852_8.94549_3.41593
28.852_8.94549_3.41593
28.4143_8.74315_3.90053
28.1212_8.36018_4.38513
27.9813_7.88146_4.51419
27.9813_7.88146_4.51419
27.8128_7.4296_4.02959
27.4533_7.10825_3.545
27.0452_6.85124_4.02959
27.0452_6.85124_4.02959
26.6857_6.52989_3.545
26.2152_6.37938_3.26203
25.7184_6.32359_3.23619
25.7184_6.32359_3.23619
25.2332_6.34701_2.80149
24.7589_6.43403_3.28609
24.2987_6.29007_3.77069
24.2987_6.29007_3.77069
23.9025_5.9858_3.84817
23.9025_5.9858_3.84817
23.4908_5.7346_3.36357
23.0431_5.55544_3.84817
23.0431_5.55544_3.84817
22.6422_5.26342_3.61632
22.1956_5.03874_3.59048
21.7434_4.82566_3.56465
21.7434_4.82566_3.56465
21.2766_4.69134_3.12995
20.7767_4.70146_3.10411
20.2773_4.7245_3.07828
20.2773_4.7245_3.07828
19.7798_4.72613_3.25881
19.2828_4.67194_3.23297
18.7853_4.62203_3.25881
18.7853_4.62203_3.25881
18.293_4.54248_3.38787
17.8071_4.42478_3.36204
17.3202_4.31126_3.38787
17.3202_4.31126_3.38787
16.8313_4.21913_3.20734
16.3327_4.18199_3.23317
15.8345_4.14056_3.20734
15.8345_4.14056_3.20734
15.3358_4.1292_3.07828
14.8366_4.15653_3.10411
14.3372_4.17957_3.07828
14.3372_4.17957_3.07828
13.8386_4.18972_3.20734
13.34_4.15258_3.23317
12.8418_4.11114_3.20734
12.8418_4.11114_3.20734
12.3541_4.03269_3.49031
11.8857_3.85782_3.51614
11.422_3.67091_3.54198
11.422_3.67091_3.54198
10.9514_3.53881_3.15754
10.4515_3.53514_3.1317
9.9516_3.54439_3.10587
9.9516_3.54439_3.10587
9.47844_3.63754_2.62127
9.47844_3.63754_2.62127
9.0274_3.80817_3.10587
8.52867_3.80456_3.23493
8.03132_3.75368_3.26077
8.03132_3.75368_3.26077
7.53582_3.73276_3.02892
7.03954_3.79325_3.00308
6.54381_3.85801_3.02892
6.54381_3.85801_3.02892
6.06208_3.83584_3.51351
5.61527_3.62061_3.74536
5.20618_3.33323_3.7712
5.20618_3.33323_3.7712
4.77643_3.11443_3.2866
4.29424_3.12101_2.802
3.85159_3.33481_2.46816
3.85159_3.33481_2.46816
3.43185_3.57224_2.95276
2.94982_3.58679_3.43735
2.49823_3.39259_3.7712
2.49823_3.39259_3.7712
2.15822_3.05062_4.2558
1.9914_2.58821_4.58964
1.93446_2.09151_4.61548
1.93446_2.09151_4.61548
1.86493_1.59764_4.48641
1.69606_1.13891_4.10198
1.69606_1.13891_4.10198
1.38693_0.749067_3.92144
1.10193_0.360054_4.40604
1.10193_0.360054_4.40604
