configuration 6.23696136475_-8.02296829224_-0.990618758317_0.136654585252_12.9709873199_-24.4014968872_-0.713623012343_0.700529939585
length 42.5428
time 2.78132
roughness 0.00446549
6.23696_-8.02297_-2.86743
5.79919_-8.22524_-2.38283
5.44567_-8.57818_-2.30535
5.1074_-8.94631_-2.33118
5.1074_-8.94631_-2.33118
4.724_-9.23883_-2.81578
4.24848_-9.31906_-3.30038
3.76627_-9.20322_-3.53223
3.76627_-9.20322_-3.53223
3.29694_-9.09235_-3.04763
2.80529_-9.16867_-2.8671
2.32525_-9.30833_-2.84126
2.32525_-9.30833_-2.84126
2.25123_-9.32923_-2.91778
2.25123_-9.32923_-2.91778
1.7736_-9.46857_-2.73724
1.30349_-9.60254_-3.12168
1.30349_-9.60254_-3.12168
0.806352_-9.58258_-3.30221
0.806352_-9.58258_-3.30221
0.315462_-9.48998_-3.3797
-0.169349_-9.36789_-3.40553
-0.62689_-9.18816_-3.73938
-0.62689_-9.18816_-3.73938
-1.06338_-8.98313_-3.25478
-1.54512_-9.00506_-2.77018
-1.96118_-9.24888_-2.28558
-1.96118_-9.24888_-2.28558
-2.23235_-9.65559_-1.90114
-2.39044_-10.1299_-1.87531
-2.53623_-10.6081_-1.84947
-2.53623_-10.6081_-1.84947
-2.61858_-11.0927_-1.51563
-2.58672_-11.5917_-1.48979
-2.55056_-12.0903_-1.51563
-2.55056_-12.0903_-1.51563
-2.55298_-12.5878_-1.69616
-2.61976_-13.0833_-1.722
-2.69932_-13.5769_-1.74783
-2.69932_-13.5769_-1.74783
-2.83145_-14.0528_-2.0308
-3.05725_-14.4989_-2.05663
-3.2945_-14.939_-2.08247
-3.2945_-14.939_-2.08247
-3.52777_-15.3807_-2.00499
-3.73418_-15.8361_-1.97915
-3.89553_-16.305_-1.7473
-3.89553_-16.305_-1.7473
-4.05415_-16.7604_-2.2319
-4.377_-17.1406_-2.36096
-4.76893_-17.4215_-2.84556
-4.76893_-17.4215_-2.84556
-5.20217_-17.6333_-2.36096
-5.5032_-18.0185_-1.97653
-5.6463_-18.4888_-1.64268
-5.6463_-18.4888_-1.64268
-5.70345_-18.9842_-1.77174
-5.80746_-19.4732_-1.79758
-5.80746_-19.4732_-1.79758
-5.84818_-19.9572_-1.36287
-5.67533_-20.4074_-0.878276
-5.31266_-20.7253_-0.393678
-5.31266_-20.7253_-0.393678
-4.84367_-20.8376_0.0909199
-4.37117_-20.725_0.525623
-3.92659_-20.5017_0.34509
-3.92659_-20.5017_0.34509
-3.44913_-20.3618_0.164557
-3.44913_-20.3618_0.164557
-2.95666_-20.2756_0.190391
-2.47466_-20.2603_-0.294207
-2.47466_-20.2603_-0.294207
-1.9907_-20.3758_-0.113674
-1.49351_-20.4282_-0.087839
-0.995886_-20.4763_-0.113674
-0.995886_-20.4763_-0.113674
-0.498266_-20.5202_-0.036192
0.0011814_-20.5426_-0.0620265
0.500418_-20.5693_-0.036192
0.500418_-20.5693_-0.036192
0.993183_-20.6253_-0.268041
1.47412_-20.7618_-0.293876
1.95137_-20.9108_-0.319711
1.95137_-20.9108_-0.319711
2.43222_-21.0129_0.0141347
2.93204_-21.0015_0.0399693
3.43174_-20.9859_0.0141347
3.43174_-20.9859_0.0141347
3.92104_-21.0331_-0.319711
4.39429_-21.1943_-0.345545
4.86321_-21.3677_-0.37138
4.86321_-21.3677_-0.37138
5.33458_-21.4695_0.113218
5.33458_-21.4695_0.113218
5.82843_-21.4599_-0.16975
6.32045_-21.5486_-0.195584
6.81002_-21.65_-0.221419
6.81002_-21.65_-0.221419
6.91074_-21.6691_-0.119398
6.91074_-21.6691_-0.119398
7.39632_-21.6577_0.315305
7.87027_-21.4986_0.341139
8.34283_-21.3354_0.315305
8.34283_-21.3354_0.315305
8.79397_-21.2603_-0.143788
8.79397_-21.2603_-0.143788
9.27787_-21.3689_-0.375638
9.27787_-21.3689_-0.375638
9.7488_-21.4727_0.10896
10.2139_-21.3452_0.593558
10.6512_-21.142_0.10896
10.6512_-21.142_0.10896
11.1329_-21.166_-0.375638
11.5479_-21.4116_-0.860236
11.9162_-21.7228_-0.375638
11.9162_-21.7228_-0.375638
12.3313_-21.9684_-0.860236
12.5924_-22.3779_-1.29494
12.7076_-22.8632_-1.424
12.7076_-22.8632_-1.424
12.7764_-23.3584_-1.44984
12.8325_-23.8552_-1.47567
12.9535_-24.322_-0.991072
12.9535_-24.322_-0.991072
