configuration 32.0634506226_7.0565199852_0.870200588927_0.492697610133_0.864893198013_0.272379875183_-0.736733996813_0.676182680893
length 38.5331
time 0.805301
roughness 0.00415849
32.0635_7.05652_2.11122
31.7955_7.4781_2.1887
31.5023_7.8831_2.21453
31.2057_8.28555_2.1887
31.2057_8.28555_2.1887
30.8678_8.62955_2.6733
30.4084_8.77649_3.1579
29.9106_8.74695_3.28696
29.9106_8.74695_3.28696
29.4183_8.66185_3.36444
28.9298_8.55556_3.33861
28.4404_8.45348_3.36444
28.4404_8.45348_3.36444
27.9928_8.27394_3.84904
27.6157_7.94576_3.87487
27.2471_7.60795_3.90071
27.2471_7.60795_3.90071
26.8528_7.31902_3.51627
26.386_7.14007_3.49043
25.9176_6.96514_3.51627
25.9176_6.96514_3.51627
25.4461_6.80272_3.38721
24.9601_6.68534_3.36137
24.4713_6.58055_3.33554
24.4713_6.58055_3.33554
24.0187_6.41401_3.82014
23.6958_6.05582_4.30473
23.5518_5.5858_4.63858
23.5518_5.5858_4.63858
23.4407_5.11654_4.15398
23.1238_4.75305_3.66938
22.6744_4.55377_3.33554
22.6744_4.55377_3.33554
22.1819_4.47017_3.25806
21.6849_4.41636_3.23222
21.1874_4.36682_3.25806
21.1874_4.36682_3.25806
20.6929_4.29599_3.33554
20.2015_4.20386_3.3097
19.7093_4.11597_3.33554
19.7093_4.11597_3.33554
19.2163_4.04095_3.20648
18.7171_4.01284_3.18064
18.2177_3.98902_3.20648
18.2177_3.98902_3.20648
17.7186_3.9609_3.18064
17.2189_3.94569_3.15481
16.719_3.93477_3.18064
16.719_3.93477_3.18064
16.2462_3.84005_3.66524
16.2462_3.84005_3.66524
15.7957_3.66792_3.18064
15.2962_3.66131_3.10316
14.7965_3.67622_3.12899
14.7965_3.67622_3.12899
14.3053_3.72866_2.84603
13.8313_3.88646_2.76854
13.3601_3.98905_3.25314
13.3601_3.98905_3.25314
12.8699_3.9041_3.43367
12.3924_3.75603_3.45951
11.9162_3.60384_3.43367
11.9162_3.60384_3.43367
11.4327_3.51501_3.09983
10.9334_3.54018_3.074
10.4349_3.57824_3.04816
10.4349_3.57824_3.04816
9.94319_3.6543_2.86763
9.46307_3.7937_2.84179
8.98671_3.94546_2.81596
8.98671_3.94546_2.81596
8.51118_4.02561_3.30056
8.02013_3.93382_3.37804
7.5331_3.8209_3.3522
7.5331_3.8209_3.3522
7.05031_3.69578_3.48127
6.58038_3.52516_3.5071
6.11501_3.34245_3.53293
6.11501_3.34245_3.53293
5.64577_3.23125_3.04834
5.17353_3.34486_2.61363
4.74384_3.60043_2.5878
4.74384_3.60043_2.5878
4.29876_3.78606_3.0724
3.81845_3.74298_3.557
3.81845_3.74298_3.557
3.35201_3.62052_3.0724
2.88224_3.72945_2.5878
2.5173_4.04469_2.1032
2.5173_4.04469_2.1032
2.20994_4.41629_2.5878
1.76486_4.60192_3.0724
1.28454_4.55883_3.557
1.28454_4.55883_3.557
0.879606_4.29695_4.04159
0.643289_3.87658_4.52619
0.589231_3.3836_4.75804
0.589231_3.3836_4.75804
0.616347_2.88439_4.78388
0.656348_2.38604_4.80971
0.70921_1.88889_4.83554
0.70921_1.88889_4.83554
0.766351_1.39222_4.80971
0.810644_0.894236_4.78388
0.83345_0.395211_4.70639
0.83345_0.395211_4.70639
