configuration 2.903195858_13.0508098602_-0.754177572005_0.656670533741_-13.4451351166_-15.4114570618_0.497552318458_0.867433968897
length 52.9814
time 3.6451
roughness 0.00343181
2.9032_13.0508_-1.7088
2.84727_12.5544_-1.63132
2.82133_12.0551_-1.60549
2.85849_11.565_-1.27164
2.85849_11.565_-1.27164
2.94236_11.0834_-1.65608
2.88697_10.5869_-1.73356
2.79333_10.0962_-1.81104
2.79333_10.0962_-1.81104
2.61794_9.63994_-2.19548
2.32207_9.23694_-2.22131
2.01588_8.84172_-2.24715
2.01588_8.84172_-2.24715
1.69959_8.45454_-2.27298
1.37341_8.07566_-2.29882
1.04397_7.6996_-2.27298
1.04397_7.6996_-2.27298
0.794575_7.28685_-1.78838
0.71651_6.79548_-1.60785
0.702291_6.29573_-1.58202
0.702291_6.29573_-1.58202
0.620761_5.82043_-2.06662
0.371838_5.38732_-2.1441
0.104288_4.96499_-2.11826
0.104288_4.96499_-2.11826
-0.078521_4.51874_-1.63366
-0.0799307_4.0212_-1.45313
-0.0169666_3.52524_-1.4273
-0.0169666_3.52524_-1.4273
0.0914934_3.0413_-1.19545
0.286562_2.58142_-1.11797
0.477006_2.12177_-1.2985
0.477006_2.12177_-1.2985
0.623731_1.64426_-1.22102
0.799097_1.17607_-1.19518
0.94501_0.702087_-1.42703
0.94501_0.702087_-1.42703
0.937827_0.219901_-1.91163
0.758744_-0.246443_-1.98911
0.551728_-0.701518_-2.01495
0.551728_-0.701518_-2.01495
0.333025_-1.15109_-2.04078
0.102782_-1.59487_-2.06662
-0.138848_-2.03255_-2.09245
-0.138848_-2.03255_-2.09245
-0.310079_-2.48337_-1.60785
-0.40386_-2.9564_-2.09245
-0.40386_-2.9564_-2.09245
-0.707206_-3.33128_-2.57705
-1.15037_-3.53009_-3.01175
-1.64665_-3.59055_-3.03759
-1.64665_-3.59055_-3.03759
-2.12817_-3.56421_-3.52218
-2.56168_-3.33245_-3.85603
-2.56168_-3.33245_-3.85603
-2.97134_-3.07802_-3.37143
-3.45236_-3.04372_-2.88683
-3.89397_-3.23746_-2.40223
-3.89397_-3.23746_-2.40223
-4.29716_-3.50202_-2.88683
-4.78476_-3.60686_-3.01589
-5.28021_-3.6738_-2.99006
-5.28021_-3.6738_-2.99006
-5.77477_-3.71074_-3.22191
-6.27274_-3.66634_-3.24774
-6.7694_-3.60909_-3.27358
-6.7694_-3.60909_-3.27358
-7.25147_-3.62196_-2.78898
-7.42362_-3.68717_-2.76044
-7.4475_-3.69651_-2.78594
-7.4475_-3.69651_-2.78594
-7.92346_-3.84146_-2.96647
-8.40563_-3.84939_-3.45107
-8.40563_-3.84939_-3.45107
-8.88777_-3.72657_-3.27054
-9.3841_-3.66655_-3.2447
-9.88094_-3.61081_-3.27054
-9.88094_-3.61081_-3.27054
-10.3778_-3.56799_-3.14148
-10.8778_-3.57235_-3.11564
-11.3774_-3.58963_-3.08981
-11.3774_-3.58963_-3.08981
-11.8585_-3.67643_-2.70537
-12.3056_-3.89911_-2.62789
-12.7578_-4.06676_-3.11249
-12.7578_-4.06676_-3.11249
-13.2566_-4.09418_-3.035
-13.7532_-4.15165_-3.00917
-14.2482_-4.22192_-2.98333
-14.2482_-4.22192_-2.98333
-14.7064_-4.37221_-2.49874
-15.0419_-4.71866_-2.01414
-15.2196_-5.18168_-1.78229
-15.2196_-5.18168_-1.78229
-15.337_-5.66723_-1.85977
-15.337_-5.66723_-1.85977
-15.5457_-6.10195_-2.34437
-15.9258_-6.41367_-2.67821
-16.3451_-6.67485_-2.39525
-16.3451_-6.67485_-2.39525
-16.7375_-6.97479_-2.67821
-17.1867_-7.1944_-2.70405
-17.5857_-7.46518_-2.21945
-17.5857_-7.46518_-2.21945
-17.8127_-7.89068_-1.73485
-17.8309_-8.37916_-1.35041
-17.7011_-8.86071_-1.22135
-17.7011_-8.86071_-1.22135
-17.4892_-9.30693_-0.938384
-17.4892_-9.30693_-0.938384
-17.2692_-9.73606_-1.42298
-17.2745_-10.2183_-1.90758
-17.5037_-10.6425_-2.39218
-17.5037_-10.6425_-2.39218
-17.8004_-11.0227_-1.90758
-17.8859_-11.4973_-1.42298
-17.7913_-11.987_-1.29392
-17.7913_-11.987_-1.29392
-17.6424_-12.4638_-1.21644
-17.4649_-12.9312_-1.1906
-17.2834_-13.397_-1.21644
-17.2834_-13.397_-1.21644
-17.1896_-13.8701_-1.70104
-17.2837_-14.3586_-1.88157
-17.4407_-14.8333_-1.9074
-17.4407_-14.8333_-1.9074
-17.526_-15.3079_-1.42281
-17.4992_-15.8011_-1.70577
-17.4992_-15.8011_-1.70577
-17.5792_-16.2942_-1.78326
-17.6634_-16.7858_-1.65419
-17.6634_-16.7858_-1.65419
-17.6835_-17.2842_-1.52513
-17.5857_-17.7564_-1.04053
-17.2791_-18.1286_-0.555935
-17.2791_-18.1286_-0.555935
-16.8344_-18.3152_-0.0713369
-16.354_-18.2732_0.413261
-15.9019_-18.0608_0.490743
-15.9019_-18.0608_0.490743
-15.5104_-17.7732_0.925446
-15.2203_-17.3665_1.00293
-14.9551_-16.9428_1.02876
-14.9551_-16.9428_1.02876
-14.6673_-16.5388_0.796912
-14.3091_-16.1907_0.719431
-13.9359_-15.858_0.745265
-13.9359_-15.858_0.745265
-13.5984_-15.4947_0.977115
-13.5984_-15.4947_0.977115
