configuration 32.0634506226_7.0565199852_0.870200588927_0.492697610133_0.864893198013_0.272379875183_-0.736733996813_0.676182680893
length 36.1714
time 0.492517
roughness 0.00332194
32.0635_7.05652_2.11122
31.8025_7.48299_2.13705
31.5307_7.90258_2.16289
31.2481_8.31501_2.18872
31.2481_8.31501_2.18872
30.9102_8.659_2.67332
30.4508_8.80593_3.15792
29.976_8.72197_3.64252
29.976_8.72197_3.64252
29.5224_8.52637_3.35955
29.0352_8.41407_3.38538
28.549_8.29757_3.35955
28.549_8.29757_3.35955
28.0837_8.13906_3.69339
27.6652_7.86629_3.77087
27.2585_7.57553_3.74504
27.2585_7.57553_3.74504
26.8255_7.34285_3.41119
26.3425_7.21384_3.38536
25.8584_7.089_3.41119
25.8584_7.089_3.41119
25.3776_6.95169_3.43703
24.8981_6.81025_3.41119
24.4174_6.67295_3.43703
24.4174_6.67295_3.43703
23.984_6.46141_3.92163
23.6991_6.07235_4.40623
23.5779_5.5898_4.58676
23.5779_5.5898_4.58676
23.4426_5.12692_4.10216
23.1073_4.78034_3.61756
22.648_4.61308_3.23312
22.648_4.61308_3.23312
22.1495_4.58027_3.15564
21.6496_4.57755_3.12981
21.1496_4.57914_3.15564
21.1496_4.57914_3.15564
20.6534_4.54231_3.33618
20.1638_4.44142_3.36201
19.675_4.33632_3.33618
19.675_4.33632_3.33618
19.1836_4.28661_3.05321
18.686_4.33502_3.02737
18.1898_4.39628_3.00154
18.1898_4.39628_3.00154
17.701_4.40279_3.38598
17.2149_4.286_3.36014
16.7278_4.17341_3.38598
16.7278_4.17341_3.38598
16.2423_4.11603_3.00154
15.7479_4.19008_2.9757
15.2555_4.27688_2.94987
15.2555_4.27688_2.94987
14.7704_4.30061_3.38457
14.2862_4.17615_3.41041
13.8054_4.03923_3.43624
13.8054_4.03923_3.43624
13.3223_3.91502_3.30718
12.8285_3.83686_3.28134
12.3329_3.77149_3.25551
12.3329_3.77149_3.25551
11.8413_3.76974_2.92167
11.3568_3.89127_2.84418
10.88_4.04189_2.81835
10.88_4.04189_2.81835
10.4022_4.12904_3.25305
9.90585_4.06915_3.27889
9.41121_3.99646_3.30472
9.41121_3.99646_3.30472
8.92601_3.88635_3.48525
8.45677_3.71385_3.51109
7.98286_3.56233_3.33056
7.98286_3.56233_3.33056
7.49281_3.52373_2.99671
6.99873_3.60017_2.97088
6.5068_3.68935_2.94504
6.5068_3.68935_2.94504
6.01546_3.74003_3.22801
5.51777_3.69259_3.25384
5.0205_3.64087_3.22801
5.0205_3.64087_3.22801
4.53952_3.67568_2.74341
4.0933_3.89576_2.56288
3.65631_4.12602_2.84585
3.65631_4.12602_2.84585
3.17859_4.19192_3.33044
2.72518_4.02769_3.81504
2.36961_3.68482_4.09801
2.36961_3.68482_4.09801
2.11574_3.25879_4.32986
1.93313_2.79339_4.35569
1.75453_2.32643_4.32986
1.75453_2.32643_4.32986
1.56392_1.86424_4.30403
1.36145_1.40712_4.27819
1.15504_0.951771_4.30403
1.15504_0.951771_4.30403
0.993684_0.482816_4.53587
0.993684_0.482816_4.53587
