configuration 32.0634506226_7.0565199852_0.870200588927_0.492697610133_0.864893198013_0.272379875183_-0.736733996813_0.676182680893
length 36.3476
time 1.77113
roughness 0.00361718
32.0635_7.05652_2.11122
31.7887_7.47277_2.24028
31.4889_7.87236_2.1628
31.4889_7.87236_2.1628
31.16_8.22499_2.6474
30.7046_8.38378_3.132
30.2098_8.35039_3.36384
30.2098_8.35039_3.36384
29.7191_8.27859_3.132
29.2192_8.28769_3.10616
28.7197_8.2925_3.18364
28.7197_8.2925_3.18364
28.2471_8.19636_3.66824
27.8272_7.92738_3.7973
27.4392_7.61268_3.87478
27.4392_7.61268_3.87478
27.0344_7.35061_3.39019
26.5457_7.26591_3.15834
26.0709_7.18176_3.64293
26.0709_7.18176_3.64293
25.621_6.96925_3.4624
25.1452_6.81569_3.43657
24.6747_6.65034_3.56563
24.6747_6.65034_3.56563
24.272_6.38497_4.05023
24.0259_6.04454_4.15891
23.9982_6.00137_4.1079
23.9982_6.00137_4.1079
23.6649_5.65287_3.6233
23.211_5.44923_3.44277
22.7788_5.23521_3.92737
22.7788_5.23521_3.92737
22.3883_4.95223_3.44277
21.9076_4.8164_3.36529
21.4192_4.7097_3.33945
21.4192_4.7097_3.33945
20.9264_4.64134_3.15892
20.4264_4.63699_3.13309
19.9266_4.64554_3.10725
19.9266_4.64554_3.10725
19.4278_4.64124_3.23631
18.9305_4.58967_3.26215
18.4348_4.52527_3.28798
18.4348_4.52527_3.28798
17.9426_4.43967_3.36547
17.4561_4.32449_3.3913
16.9706_4.20511_3.36547
16.9706_4.20511_3.36547
16.4808_4.10682_3.28798
15.9856_4.03816_3.26215
15.4898_3.97376_3.28798
15.4898_3.97376_3.28798
14.9977_3.88816_3.36547
14.5112_3.77297_3.3913
14.0278_3.64526_3.41713
14.0278_3.64526_3.41713
13.542_3.55596_3.13417
13.0421_3.55537_3.16
12.5421_3.55047_3.13417
12.5421_3.55047_3.13417
12.0422_3.54988_3.16
11.5423_3.54498_3.13417
11.0423_3.54439_3.16
11.0423_3.54439_3.16
10.5437_3.55664_3.03094
10.0488_3.6246_2.95346
9.57898_3.76917_2.61961
9.57898_3.76917_2.61961
9.12846_3.96584_2.95346
8.63548_4.04657_3.03094
8.13813_4.0975_3.05677
8.13813_4.0975_3.05677
7.64075_4.10983_3.23731
7.14269_4.06634_3.21147
6.64428_4.02714_3.23731
6.64428_4.02714_3.23731
6.1675_3.91929_3.62174
5.72609_3.68455_3.64758
5.29089_3.43848_3.67341
5.29089_3.43848_3.67341
4.84183_3.26268_3.18882
4.36259_3.31631_2.70422
3.92028_3.54677_2.57515
3.92028_3.54677_2.57515
3.51723_3.83847_2.39462
3.34874_4.00363_2.30911
3.34874_4.00363_2.30911
2.9719_4.30454_2.7937
2.9719_4.30454_2.7937
2.49826_4.39525_3.2783
2.03691_4.25487_3.7629
1.68624_3.91879_4.1976
1.68624_3.91879_4.1976
1.50972_3.46629_4.63231
1.48262_2.96748_4.70979
1.48563_2.46754_4.73562
1.48563_2.46754_4.73562
1.45082_1.97482_4.45265
1.3101_1.4955_4.37517
1.14063_1.02515_4.34934
1.14063_1.02515_4.34934
1.00068_0.549371_4.58119
1.00068_0.549371_4.58119
