configuration 6.23696136475_-8.02296829224_-0.990618758317_0.136654585252_12.9709873199_-24.4014968872_-0.713623012343_0.700529939585
length 42.8743
time 1.5435
roughness 0.00520374
6.23696_-8.02297_-2.86743
5.79919_-8.22524_-2.38283
5.40121_-8.49757_-2.86743
5.02323_-8.55424_-3.25
5.02323_-8.55424_-3.25
4.52934_-8.54701_-2.96703
4.03775_-8.63807_-2.9412
3.54868_-8.7418_-2.91537
3.54868_-8.7418_-2.91537
3.0679_-8.87445_-2.7863
2.60069_-9.05239_-2.76047
2.60069_-9.05239_-2.76047
2.1673_-9.28438_-2.42662
2.1673_-9.28438_-2.42662
1.76287_-9.56381_-2.76047
1.29721_-9.74577_-2.7863
0.829998_-9.92372_-2.76047
0.829998_-9.92372_-2.76047
0.357889_-10.0807_-2.941
-0.132876_-10.1761_-2.96684
-0.132876_-10.1761_-2.96684
-0.588559_-10.334_-2.48224
-0.918253_-10.6859_-1.99764
-1.04604_-11.1509_-1.51304
-1.04604_-11.1509_-1.51304
-1.09462_-11.6307_-1.99764
-1.3274_-12.0704_-2.17817
-1.60918_-12.4834_-2.15234
-1.60918_-12.4834_-2.15234
-1.92281_-12.8619_-2.48618
-2.34677_-13.0917_-2.97078
-2.34677_-13.0917_-2.97078
-2.80307_-13.2477_-2.48618
-3.13415_-13.5984_-2.00159
-3.26377_-14.0629_-1.51699
-3.26377_-14.0629_-1.51699
-3.24978_-14.5622_-1.59447
-3.25731_-15.0621_-1.56864
-3.26054_-15.5621_-1.59447
-3.26054_-15.5621_-1.59447
-3.29375_-16.0597_-1.72353
-3.37407_-16.5531_-1.74937
-3.4671_-17.0444_-1.7752
-3.4671_-17.0444_-1.7752
-3.63837_-17.4952_-2.2598
-3.99992_-17.8143_-2.7444
-4.46851_-17.9282_-3.229
-4.46851_-17.9282_-3.229
-4.9671_-17.8975_-3.15151
-5.46705_-17.8968_-3.12568
-5.94196_-17.9806_-2.64108
-5.94196_-17.9806_-2.64108
-6.32318_-18.2759_-2.15648
-6.5229_-18.7149_-1.67189
-6.49515_-19.1963_-1.18729
-6.49515_-19.1963_-1.18729
-6.24632_-19.6094_-0.702689
-5.85223_-19.9151_-0.573627
-5.42579_-20.1752_-0.496145
-5.42579_-20.1752_-0.496145
-4.97129_-20.3687_-0.213177
-4.48176_-20.4702_-0.187343
-3.99972_-20.4841_0.297255
-3.99972_-20.4841_0.297255
-3.52211_-20.4175_-0.187343
-3.04755_-20.5545_-0.470311
-2.60385_-20.7849_-0.496145
-2.60385_-20.7849_-0.496145
-2.14881_-20.9445_-0.0115475
-1.65186_-20.9204_0.168986
-1.15977_-20.8321_0.19482
-1.15977_-20.8321_0.19482
-0.669946_-20.7906_-0.139025
-0.175435_-20.8642_-0.16486
0.317011_-20.9505_-0.190694
0.317011_-20.9505_-0.190694
0.802167_-20.9737_0.244009
1.28364_-20.8406_0.32149
1.7566_-20.6785_0.347325
1.7566_-20.6785_0.347325
2.23374_-20.5375_0.166792
2.71597_-20.5336_-0.317806
2.71597_-20.5336_-0.317806
3.18952_-20.6939_-0.343641
3.65877_-20.8664_-0.369475
4.12652_-21.0429_-0.343641
4.12652_-21.0429_-0.343641
4.60288_-21.1906_-0.214578
5.09227_-21.2929_-0.188744
5.58251_-21.3909_-0.214578
5.58251_-21.3909_-0.214578
6.064_-21.4179_0.27002
6.20989_-21.3695_0.423051
6.23319_-21.3587_0.448556
6.23319_-21.3587_0.448556
6.69531_-21.2209_-0.0360423
7.17393_-21.1619_0.448556
7.53306_-20.9212_0.882143
7.53306_-20.9212_0.882143
7.8945_-20.6019_0.397545
8.36583_-20.4542_0.114577
8.86298_-20.4013_0.0887427
8.86298_-20.4013_0.0887427
9.34404_-20.435_-0.395855
9.73484_-20.6725_-0.854948
9.7995_-20.7521_-0.956969
9.7995_-20.7521_-0.956969
10.1361_-21.0975_-0.472371
10.596_-21.2631_-0.0879328
11.0636_-21.3808_-0.572531
11.0636_-21.3808_-0.572531
11.5021_-21.6084_-0.289563
11.9824_-21.747_-0.263728
12.4662_-21.8731_-0.237894
12.4662_-21.8731_-0.237894
12.911_-22.0594_-0.722491
13.2178_-22.4314_-1.20709
13.316_-22.9036_-1.69169
13.316_-22.9036_-1.69169
13.2346_-23.3956_-1.82075
13.1068_-23.879_-1.84658
13.0003_-24.365_-1.66605
13.0003_-24.365_-1.66605
