configuration -11.8536100388_-27.1978302002_0.742596430242_0.669739159518_7.0929813385_4.64613723755_-0.0222057164121_0.999753422679
length 53.9927
time 3.43525
roughness 0.00323352
-11.8536_-27.1978_1.67388
-11.9502_-26.7134_1.95685
-12.1345_-26.2487_1.93101
-12.3147_-25.7823_1.95685
-12.3147_-25.7823_1.95685
-12.4317_-25.3109_1.52214
-12.3945_-24.8128_1.44466
-12.3273_-24.3173_1.41883
-12.3273_-24.3173_1.41883
-12.3306_-23.8351_1.90342
-12.5058_-23.3673_1.98091
-12.7012_-22.9071_1.95507
-12.7012_-22.9071_1.95507
-12.9219_-22.463_2.18692
-13.2143_-22.0575_2.21276
-13.5171_-21.6597_2.23859
-13.5171_-21.6597_2.23859
-13.8425_-21.2817_2.36765
-14.2186_-20.9559_2.54819
-14.2186_-20.9559_2.54819
-14.5707_-20.6265_2.06359
-14.832_-20.203_2.24412
-15.1026_-19.8473_2.1748
-15.1026_-19.8473_2.1748
-15.4325_-19.4908_2.6095
-15.8728_-19.2565_2.73856
-16.2809_-18.9996_2.25396
-16.2809_-18.9996_2.25396
-16.5932_-18.6092_2.22813
-16.8238_-18.1857_1.74353
-16.8238_-18.1857_1.74353
-16.9386_-17.7015_1.92406
-17.0588_-17.3813_1.94174
-17.0679_-17.3573_1.91623
-17.0679_-17.3573_1.91623
-17.2412_-16.8884_1.94207
-17.4186_-16.421_1.91623
-17.5082_-15.9471_1.43164
-17.5082_-15.9471_1.43164
-17.4603_-15.4507_1.5607
-17.4595_-14.9507_1.58653
-17.3908_-14.4734_1.10194
-17.3908_-14.4734_1.10194
-17.2436_-14.0142_1.58653
-17.3273_-13.5392_2.07113
-17.5851_-13.1123_2.20019
-17.5851_-13.1123_2.20019
-17.829_-12.6855_1.86635
-17.9705_-12.206_1.84051
-18.1078_-11.7253_1.86635
-18.1078_-11.7253_1.86635
-18.1736_-11.2475_1.38175
-18.0218_-10.7829_0.997312
-17.747_-10.3653_0.971478
-17.747_-10.3653_0.971478
-17.5413_-9.92909_1.45608
-17.4969_-9.43152_1.53356
-17.4826_-8.93177_1.55939
-17.4826_-8.93177_1.55939
-17.464_-8.43257_1.48191
-17.4154_-7.935_1.45608
-17.2852_-7.47067_0.971478
-17.2852_-7.47067_0.971478
-16.9864_-7.07131_0.842415
-16.6504_-6.7011_0.816581
-16.305_-6.33969_0.790746
-16.305_-6.33969_0.790746
-15.9769_-5.96565_0.971279
-15.7058_-5.54608_1.04876
-15.5343_-5.09533_1.53336
-15.5343_-5.09533_1.53336
-15.4404_-4.62233_1.04876
-15.1369_-4.24756_0.564163
-14.6941_-4.04049_0.179725
-14.6941_-4.04049_0.179725
-14.2005_-3.96391_0.102244
-13.7027_-3.91717_0.076409
-13.2046_-3.87471_0.102244
-13.2046_-3.87471_0.102244
-12.7166_-3.7863_0.334093
-12.2457_-3.6183_0.359928
-11.7763_-3.44625_0.334093
-11.7763_-3.44625_0.334093
-11.2965_-3.32869_0.0511249
-10.7975_-3.29884_0.0769595
-10.2987_-3.26469_0.0511249
-10.2987_-3.26469_0.0511249
-9.8029_-3.27751_-0.180725
-9.31189_-3.37161_-0.206559
-8.8217_-3.46993_-0.180725
-8.8217_-3.46993_-0.180725
-8.33958_-3.48057_0.303873
-7.86241_-3.41079_-0.180725
-7.76223_-3.43258_-0.282745
-7.76223_-3.43258_-0.282745
-7.29363_-3.5998_-0.463278
-6.90169_-3.88076_-0.947876
-6.90169_-3.88076_-0.947876
-6.562_-4.22306_-0.463278
-6.10196_-4.3677_0.0213197
-5.61848_-4.29559_0.405758
-5.61848_-4.29559_0.405758
-5.14856_-4.16096_0.0213197
-4.64902_-4.1632_-0.0561618
-4.15012_-4.19556_-0.0819964
-4.15012_-4.19556_-0.0819964
-3.66929_-4.15863_0.402602
-3.20133_-4.04215_-0.0819964
-2.92446_-4.09082_-0.362553
-2.92446_-4.09082_-0.362553
-2.45221_-4.18846_0.122045
-1.98884_-4.05486_0.606643
-1.61118_-3.7365_0.889611
-1.61118_-3.7365_0.889611
-1.25783_-3.39872_0.505173
-0.814587_-3.16832_0.427691
-0.357902_-2.96488_0.401857
-0.357902_-2.96488_0.401857
0.0642095_-2.71836_0.786295
0.407882_-2.35582_0.863776
0.735895_-1.97852_0.837942
0.735895_-1.97852_0.837942
1.07355_-1.60981_0.812107
1.42061_-1.24996_0.786273
1.77076_-0.8931_0.812107
1.77076_-0.8931_0.812107
2.04306_-0.495098_1.29671
2.0986_-0.0160673_1.7813
1.92459_0.433684_2.2659
1.92459_0.433684_2.2659
1.67813_0.848184_1.7813
1.65314_1.32978_1.29671
1.8375_1.78547_0.96286
1.8375_1.78547_0.96286
2.08863_2.21313_1.19471
2.27625_2.67654_1.16887
2.46785_3.13831_1.19471
2.46785_3.13831_1.19471
2.71361_3.55323_0.710111
3.10069_3.86901_0.63263
3.50133_4.16807_0.658464
3.50133_4.16807_0.658464
3.92458_4.39919_0.173866
4.41866_4.47288_0.0963849
4.91669_4.5167_0.0705504
4.91669_4.5167_0.0705504
5.41568_4.54765_0.0447158
5.91492_4.5743_0.0705504
6.41391_4.60524_0.0447158
6.41391_4.60524_0.0447158
6.91337_4.61468_-0.0327658
6.91337_4.61468_-0.0327658
