configuration 6.23696136475_-8.02296829224_-0.990618758317_0.136654585252_12.9709873199_-24.4014968872_-0.713623012343_0.700529939585
length 43.4618
time 2.04058
roughness 0.00500484
6.23696_-8.02297_-2.86743
5.76309_-8.1785_-2.73836
5.29457_-8.34592_-2.9189
5.29457_-8.34592_-2.9189
4.8036_-8.42649_-3.09943
4.33105_-8.52269_-2.61483
4.33105_-8.52269_-2.61483
3.8807_-8.70461_-3.04953
3.38249_-8.74628_-3.07537
3.38249_-8.74628_-3.07537
2.88393_-8.78366_-3.04953
2.38652_-8.83391_-3.0237
1.89056_-8.89699_-2.99787
1.89056_-8.89699_-2.99787
1.39435_-8.94715_-3.12693
0.897325_-8.92459_-3.30746
0.897325_-8.92459_-3.30746
0.415097_-8.92111_-2.82286
-0.0132269_-9.14268_-2.33826
-0.321393_-9.52871_-2.0553
-0.321393_-9.52871_-2.0553
-0.542576_-9.97662_-1.97782
-0.736532_-10.4374_-1.95198
-0.926513_-10.8999_-1.97782
-0.926513_-10.8999_-1.97782
-1.18499_-11.307_-2.46241
-1.18499_-11.307_-2.46241
-1.55267_-11.6422_-2.28188
-1.87569_-12.0238_-2.25605
-2.18874_-12.4136_-2.23021
-2.18874_-12.4136_-2.23021
-2.46942_-12.8244_-2.04968
-2.69596_-13.2701_-2.02384
-2.91091_-13.7214_-1.99801
-2.91091_-13.7214_-1.99801
-3.12956_-14.1706_-2.07549
-3.36753_-14.6103_-2.04966
-3.6017_-15.052_-2.07549
-3.6017_-15.052_-2.07549
-3.79056_-15.5058_-1.74164
-3.86276_-16.0001_-1.66416
-3.98301_-16.4671_-2.14876
-3.98301_-16.4671_-2.14876
-4.26663_-16.8784_-2.22624
-4.57476_-17.2721_-2.25208
-4.81547_-17.6899_-1.76748
-4.81547_-17.6899_-1.76748
-4.98325_-18.1421_-2.25208
-5.34233_-18.464_-2.73668
-5.74999_-18.7216_-2.25208
-5.74999_-18.7216_-2.25208
-5.9907_-19.1394_-1.76748
-6.00903_-19.6213_-1.28288
-5.80076_-20.0563_-0.798284
-5.80076_-20.0563_-0.798284
-5.43276_-20.3911_-0.617751
-5.02273_-20.6772_-0.591916
-4.60545_-20.9525_-0.566082
-4.60545_-20.9525_-0.566082
-4.16268_-21.1436_-0.0814836
-3.68188_-21.1064_0.403114
-3.27375_-20.8496_0.887712
-3.27375_-20.8496_0.887712
-2.9141_-20.5283_0.403114
-2.44619_-20.4116_-0.0814836
-1.95981_-20.4977_-0.364452
-1.95981_-20.4977_-0.364452
-1.51141_-20.7096_-0.596301
-1.10546_-21.0007_-0.673783
-0.717464_-21.316_-0.699617
-0.717464_-21.316_-0.699617
-0.30408_-21.5643_-0.215019
0.186242_-21.6241_0.0679487
0.422355_-21.6128_0.00681392
0.422355_-21.6128_0.00681392
0.920479_-21.588_0.135876
1.41522_-21.516_0.161711
1.90793_-21.4313_0.187545
1.90793_-21.4313_0.187545
2.36156_-21.2677_0.672143
2.7648_-20.9742_0.543081
2.8543_-20.9241_0.44106
2.8543_-20.9241_0.44106
3.29575_-20.692_0.570123
3.71429_-20.4186_0.595957
4.15115_-20.2144_0.111359
4.15115_-20.2144_0.111359
4.63662_-20.2297_-0.323344
5.10928_-20.3926_-0.349178
5.57757_-20.5677_-0.375013
5.57757_-20.5677_-0.375013
6.05211_-20.7048_-0.0920446
6.55032_-20.7464_-0.0662101
7.04887_-20.7838_-0.0920446
7.04887_-20.7838_-0.0920446
7.54701_-20.8083_0.0370178
8.04644_-20.7855_0.0628523
8.5169_-20.6795_0.54745
8.5169_-20.6795_0.54745
8.96315_-20.4967_0.0628523
9.1934_-20.4996_-0.166694
9.21865_-20.504_-0.192199
9.21865_-20.504_-0.192199
9.67151_-20.6698_-0.676797
9.98587_-20.978_-0.975501
10.0621_-21.0819_-0.861105
10.0621_-21.0819_-0.861105
10.4301_-21.3935_-0.376507
10.901_-21.4977_0.108091
11.3715_-21.3771_0.542794
11.3715_-21.3771_0.542794
11.8186_-21.1964_0.0581956
12.2984_-21.2447_-0.426402
12.7004_-21.511_-0.911
12.7004_-21.511_-0.911
13.0465_-21.8563_-0.526562
13.4847_-22.0961_-0.449081
13.8806_-22.3715_-0.933679
13.8806_-22.3715_-0.933679
14.1026_-22.7996_-1.41828
14.0996_-23.2818_-1.90287
13.8775_-23.7138_-2.33758
13.8775_-23.7138_-2.33758
13.5115_-24.0507_-2.51811
13.1694_-24.3906_-2.03351
13.1694_-24.3906_-2.03351
