configuration 6.23696136475_-8.02296829224_-0.990618758317_0.136654585252_12.9709873199_-24.4014968872_-0.713623012343_0.700529939585
length 45.1646
time 1.92003
roughness 0.00556165
6.23696_-8.02297_-2.86743
5.77129_-8.19356_-2.63558
5.33609_-8.43964_-2.60974
4.90303_-8.68946_-2.63558
4.90303_-8.68946_-2.63558
4.45681_-8.91223_-2.76464
3.9904_-9.09225_-2.79047
3.51706_-9.18449_-3.27507
3.51706_-9.18449_-3.27507
3.0235_-9.16488_-2.9921
2.53161_-9.25201_-2.91462
2.0505_-9.28492_-3.39922
2.0505_-9.28492_-3.39922
1.57061_-9.23728_-2.91462
1.12379_-9.41867_-2.43002
0.754011_-9.75454_-2.35254
0.754011_-9.75454_-2.35254
0.364459_-10.0388_-2.83714
-0.112665_-10.1089_-3.32174
-0.567491_-9.94858_-3.80634
-0.567491_-9.94858_-3.80634
-0.989283_-9.71481_-3.32174
-1.47141_-9.70445_-2.83714
-1.90286_-9.91989_-2.35254
-1.90286_-9.91989_-2.35254
-2.18426_-10.3115_-1.86794
-2.30967_-10.7942_-1.73888
-2.38906_-11.2878_-1.71305
-2.38906_-11.2878_-1.71305
-2.532_-11.7484_-2.19764
-2.83537_-12.1453_-2.27513
-3.16237_-12.5235_-2.30096
-3.16237_-12.5235_-2.30096
-3.49903_-12.8931_-2.3268
-3.83886_-13.2598_-2.30096
-4.17551_-13.6294_-2.3268
-4.17551_-13.6294_-2.3268
-4.44675_-14.0281_-1.8422
-4.64225_-14.4727_-2.2769
-4.67617_-14.5112_-2.32791
-4.67617_-14.5112_-2.32791
-4.94785_-14.9096_-1.84331
-5.00264_-15.3887_-1.35871
-4.82792_-15.8382_-0.874117
-4.82792_-15.8382_-0.874117
-4.5808_-16.2523_-1.35871
-4.55505_-16.7339_-1.84331
-4.55505_-16.7339_-1.84331
-4.7566_-17.172_-2.32791
-4.7566_-17.172_-2.32791
-5.02828_-17.5704_-1.84331
-5.22982_-18.0085_-2.32791
-5.38011_-18.1476_-2.53195
-5.38011_-18.1476_-2.53195
-5.72689_-18.4827_-2.04735
-5.94451_-18.9324_-1.96987
-6.04785_-19.1744_-1.98347
-6.04785_-19.1744_-1.98347
-6.30862_-19.58_-2.46807
-6.6333_-19.9366_-1.98347
-6.75448_-20.4034_-1.49887
-6.75448_-20.4034_-1.49887
-6.64427_-20.8728_-1.01427
-6.32803_-21.2369_-0.529676
-5.88028_-21.4455_-0.246708
-5.88028_-21.4455_-0.246708
-5.3999_-21.4879_0.23789
-5.3999_-21.4879_0.23789
-4.93287_-21.3271_0.520858
-4.50613_-21.0674_0.59834
-4.09548_-20.7822_0.624174
-4.09548_-20.7822_0.624174
-3.66455_-20.5657_0.139576
-3.1824_-20.5749_-0.345021
-2.70851_-20.6643_0.139576
-2.70851_-20.6643_0.139576
-2.22636_-20.6735_-0.345021
-1.76469_-20.8622_-0.474084
-1.31793_-21.0866_-0.448249
-1.31793_-21.0866_-0.448249
-0.855767_-21.2243_0.0363486
-0.357186_-21.1933_0.11383
0.139021_-21.1322_0.139665
0.139021_-21.1322_0.139665
0.635432_-21.0841_0.0106023
1.13538_-21.0831_-0.0152322
1.63519_-21.095_-0.0410668
1.63519_-21.095_-0.0410668
2.12465_-21.1614_-0.324035
2.5972_-21.3246_-0.349869
3.06832_-21.492_-0.324035
3.06832_-21.492_-0.324035
3.54398_-21.5713_0.160563
4.00185_-21.42_0.645161
4.33651_-21.0728_1.12976
4.33651_-21.0728_1.12976
4.60868_-20.6747_0.645161
5.03497_-20.4492_0.160563
5.52352_-20.4327_-0.223875
5.52352_-20.4327_-0.223875
5.99276_-20.587_-0.506843
6.43193_-20.8259_-0.481008
6.87314_-21.061_-0.506843
6.87314_-21.061_-0.506843
7.31918_-21.2841_-0.377781
7.78544_-21.4645_-0.351946
8.25325_-21.6409_-0.377781
8.25325_-21.6409_-0.377781
8.72561_-21.754_0.0569224
9.22449_-21.7212_0.082757
9.72236_-21.6756_0.108592
9.72236_-21.6756_0.108592
10.2174_-21.6087_0.186073
10.7079_-21.512_0.211908
11.1574_-21.3373_0.696506
11.1574_-21.3373_0.696506
11.5716_-21.0903_0.211908
12.0531_-21.0646_-0.27269
12.4912_-21.2662_-0.757288
12.4912_-21.2662_-0.757288
12.7849_-21.6487_-1.24189
12.9_-22.1291_-1.52485
12.9186_-22.6287_-1.55069
12.9186_-22.6287_-1.55069
12.933_-23.1284_-1.52485
12.9516_-23.628_-1.55069
12.9574_-24.1279_-1.57652
12.9574_-24.1279_-1.57652
