configuration 2.903195858_13.0508098602_-0.754177572005_0.656670533741_-13.4451351166_-15.4114570618_0.497552318458_0.867433968897
length 54.6454
time 2.48131
roughness 0.00400901
2.9032_13.0508_-1.7088
2.7974_12.5663_-1.94065
2.61267_12.1017_-1.96649
2.42394_11.6388_-1.94065
2.42394_11.6388_-1.94065
2.32285_11.1672_-1.45605
2.38437_10.6711_-1.43022
2.45868_10.1767_-1.40438
2.45868_10.1767_-1.40438
2.46242_9.69446_-1.88898
2.24634_9.25946_-2.32368
1.90137_8.89759_-2.34952
1.90137_8.89759_-2.34952
1.56664_8.52787_-2.22046
1.26079_8.13238_-2.24629
0.951555_7.73954_-2.22046
0.951555_7.73954_-2.22046
0.724175_7.31427_-1.73586
0.721087_6.83204_-1.25126
0.943004_6.4039_-0.766663
0.943004_6.4039_-0.766663
1.23311_6.01868_-1.25126
1.38606_5.5427_-1.2771
1.52667_5.06293_-1.30293
1.52667_5.06293_-1.30293
1.57923_4.58356_-1.78753
1.40832_4.12891_-2.22223
1.10862_3.72875_-2.1964
1.10862_3.72875_-2.1964
0.799466_3.33738_-2.32546
0.447975_2.98242_-2.40294
0.147195_2.60547_-1.91834
0.147195_2.60547_-1.91834
0.0316925_2.12766_-1.5845
0.0377443_1.62815_-1.50702
0.0739049_1.12951_-1.48118
0.0739049_1.12951_-1.48118
0.114358_0.6312_-1.50702
0.150519_0.132559_-1.48118
0.190973_-0.365751_-1.50702
0.190973_-0.365751_-1.50702
0.184427_-0.861645_-1.73887
0.0965548_-1.35381_-1.7647
0.00444715_-1.8452_-1.73887
0.00444715_-1.8452_-1.73887
-0.130662_-2.31785_-2.07271
-0.382221_-2.74943_-2.15019
-0.659545_-3.16541_-2.17603
-0.659545_-3.16541_-2.17603
-0.993128_-3.51366_-2.66062
-1.45054_-3.66642_-3.14522
-1.92644_-3.5885_-3.62982
-1.92644_-3.5885_-3.62982
-2.38273_-3.43243_-3.14522
-2.85918_-3.50689_-2.66062
-3.26729_-3.78093_-2.32678
-3.26729_-3.78093_-2.32678
-3.64741_-4.0833_-2.76148
-4.11325_-4.26478_-2.78732
-4.58363_-4.43418_-2.81315
-4.58363_-4.43418_-2.81315
-5.05894_-4.51566_-3.29775
-5.51747_-4.36634_-3.78235
-5.85366_-4.0206_-4.26695
-5.85366_-4.0206_-4.26695
-6.12758_-3.62371_-3.78235
-6.55486_-3.40012_-3.29775
-7.0371_-3.40133_-2.81315
-7.0371_-3.40133_-2.81315
-7.48767_-3.60374_-2.53018
-7.89456_-3.89424_-2.50435
-8.29382_-4.19515_-2.47851
-8.29382_-4.19515_-2.47851
-8.716_-4.42821_-2.96311
-9.19814_-4.43777_-3.44771
-9.19814_-4.43777_-3.44771
-9.68112_-4.32512_-3.21586
-10.18_-4.29232_-3.19003
-10.6795_-4.27242_-3.16419
-10.6795_-4.27242_-3.16419
-11.1539_-4.18549_-3.64879
-11.5331_-3.88759_-4.13339
-11.5331_-3.88759_-4.13339
-11.8574_-3.53071_-3.64879
-12.3107_-3.36602_-3.16419
-12.7885_-3.43143_-2.67959
-12.7885_-3.43143_-2.67959
-13.2487_-3.57548_-3.16419
-13.7464_-3.5428_-3.29325
-14.2321_-3.53852_-2.85855
-14.2321_-3.53852_-2.85855
-14.668_-3.74466_-2.37395
-14.974_-4.12586_-1.98952
-15.1734_-4.58435_-1.96368
-15.1734_-4.58435_-1.96368
-15.3443_-5.05287_-1.83462
-15.4789_-5.53438_-1.86045
-15.6175_-6.01472_-1.83462
-15.6175_-6.01472_-1.83462
-15.8153_-6.45456_-2.31922
-16.1951_-6.75164_-2.80381
-16.6743_-6.87952_-3.03566
-16.6743_-6.87952_-3.03566
-17.1397_-7.00563_-2.55107
-17.4929_-7.33406_-2.06647
-17.6523_-7.78917_-1.58187
-17.6523_-7.78917_-1.58187
-17.645_-8.28866_-1.50439
-17.6161_-8.78778_-1.53022
-17.5915_-9.28712_-1.50439
-17.5915_-9.28712_-1.50439
-17.5883_-9.78465_-1.68492
-17.6495_-10.2808_-1.71076
-17.715_-10.7765_-1.68492
-17.715_-10.7765_-1.68492
-17.7419_-11.2733_-1.50439
-17.7044_-11.7718_-1.47855
-17.6627_-12.27_-1.50439
-17.6627_-12.27_-1.50439
-17.6424_-12.7692_-1.58187
-17.6523_-13.269_-1.6077
-17.6664_-13.7688_-1.58187
-17.6664_-13.7688_-1.58187
-17.642_-14.2657_-1.40134
-17.5535_-14.7578_-1.3755
-17.4607_-15.249_-1.40134
-17.4607_-15.249_-1.40134
-17.4555_-15.7312_-1.88593
-17.6608_-16.1399_-2.34503
-17.7159_-16.1935_-2.42154
-17.7159_-16.1935_-2.42154
-18.0236_-16.5648_-1.93694
-18.123_-17.0367_-1.45235
-17.9911_-17.5006_-0.967749
-17.9911_-17.5006_-0.967749
-17.6582_-17.8495_-0.483151
-17.2004_-18.0286_-0.149306
-16.7047_-18.0901_-0.0718242
-16.7047_-18.0901_-0.0718242
-16.2243_-18.0483_0.412774
-15.7984_-17.8027_0.746619
-15.4344_-17.46_0.772454
-15.4344_-17.46_0.772454
-15.0467_-17.1578_0.438608
-14.5923_-16.9494_0.412774
-14.1326_-16.7528_0.386939
-14.1326_-16.7528_0.386939
-13.7204_-16.5025_0.871537
-13.4722_-16.0891_1.35614
-13.3372_-15.6102_1.1756
-13.3372_-15.6102_1.1756
