configuration 14.2292175293_13.7099370956_-0.723728341199_0.690084986176_-18.0985870361_0.542219161987_-0.683562400866_0.729892077038
length 43.5401
time 2.15824
roughness 0.00541064
14.2292_13.7099_-1.61838
14.2827_13.2307_-1.13378
14.5057_12.7837_-1.0563
14.6737_12.3316_-1.5409
14.6737_12.3316_-1.5409
14.6118_11.8534_-2.0255
14.3342_11.4591_-2.51009
13.9194_11.1822_-2.63916
13.9194_11.1822_-2.63916
13.5387_10.8861_-2.15456
13.3398_10.4468_-1.66996
13.3118_9.94883_-1.5409
13.3118_9.94883_-1.5409
13.2499_9.47058_-2.0255
12.9723_9.07625_-2.51009
12.546_8.83151_-2.84394
12.546_8.83151_-2.84394
12.0684_8.7647_-3.32854
11.5801_8.87018_-3.40602
11.0965_8.99669_-3.38018
11.0965_8.99669_-3.38018
10.613_9.04312_-2.94548
10.1235_8.94148_-2.91965
9.63673_8.82723_-2.89381
9.63673_8.82723_-2.89381
9.15641_8.78431_-3.37841
8.68063_8.92985_-3.55894
8.22536_9.13643_-3.58478
8.22536_9.13643_-3.58478
7.76251_9.27179_-3.10018
7.26753_9.2214_-2.91965
6.78081_9.10716_-2.89381
6.78081_9.10716_-2.89381
6.2972_8.98037_-2.86798
5.81703_8.84114_-2.84214
5.81703_8.84114_-2.84214
5.33956_8.77347_-3.32674
4.88554_8.93602_-3.81134
4.55952_9.29136_-4.29594
4.55952_9.29136_-4.29594
4.29722_9.69602_-3.81134
3.8766_9.9319_-3.32674
3.39453_9.94467_-2.84214
3.39453_9.94467_-2.84214
2.91706_9.877_-3.32674
2.91706_9.877_-3.32674
2.43499_9.88977_-2.84214
1.99602_9.68188_-2.40744
1.62775_9.34375_-2.38161
1.62775_9.34375_-2.38161
1.33509_8.96048_-1.89701
1.25466_8.48499_-1.41241
1.39216_8.0159_-1.02797
1.39216_8.0159_-1.02797
1.57289_7.56881_-1.51257
1.52454_7.089_-1.99717
1.26774_6.67306_-2.38161
1.26774_6.67306_-2.38161
0.921327_6.31426_-2.25254
0.562099_5.99252_-2.73714
0.562099_5.99252_-2.73714
0.154318_5.7351_-2.25254
-0.143039_5.33469_-2.12348
-0.143039_5.33469_-2.12348
-0.457871_4.9694_-2.60808
-0.906987_4.78444_-3.04278
-1.4049_4.73941_-3.06862
-1.4049_4.73941_-3.06862
-1.90382_4.70725_-3.09445
-2.40299_4.67939_-3.06862
-2.90191_4.64723_-3.09445
-2.90191_4.64723_-3.09445
-3.40148_4.62798_-3.12029
-3.90139_4.62163_-3.14612
-4.40134_4.61959_-3.12029
-4.40134_4.61959_-3.12029
-4.89202_4.56287_-2.83732
-5.37028_4.4172_-2.86315
-5.84977_4.27565_-2.83732
-5.84977_4.27565_-2.83732
-6.32917_4.19758_-3.27202
-6.82429_4.26687_-3.29785
-7.3188_4.34042_-3.27202
-7.3188_4.34042_-3.27202
-7.80734_4.43461_-3.45255
-8.28198_4.59167_-3.47839
-8.7524_4.76095_-3.50422
-8.7524_4.76095_-3.50422
-9.22388_4.92604_-3.42674
-9.70483_5.06254_-3.40091
-10.1892_5.18657_-3.37507
-10.1892_5.18657_-3.37507
-10.67_5.22261_-2.89047
-11.1349_5.05561_-2.60751
-11.563_4.79742_-2.58167
-11.563_4.79742_-2.58167
-12.007_4.60906_-3.06627
-12.4875_4.6492_-3.55087
-12.9547_4.7688_-3.06627
-12.9547_4.7688_-3.06627
-13.4529_4.72689_-3.04043
-13.9498_4.67212_-3.0146
-14.4318_4.56396_-2.73163
-14.4318_4.56396_-2.73163
-14.8973_4.385_-2.86069
-15.3807_4.25896_-2.93818
-15.8317_4.08814_-2.45358
-15.8317_4.08814_-2.45358
-16.2343_3.79583_-2.63411
-16.6875_3.631_-3.11871
-16.6875_3.631_-3.11871
-17.1618_3.54394_-2.63411
-17.5409_3.24593_-2.14951
-17.7376_2.80561_-1.66492
-17.7376_2.80561_-1.66492
-17.7546_2.30837_-1.48438
-17.7071_1.81067_-1.45855
-17.7295_1.32895_-1.94315
-17.7295_1.32895_-1.94315
-17.8568_0.85415_-1.6093
-17.8568_0.85415_-1.6093
-17.8707_0.538691_-1.62562
-17.8707_0.538691_-1.62562
