configuration 14.2292175293_13.7099370956_-0.723728341199_0.690084986176_-18.0985870361_0.542219161987_-0.683562400866_0.729892077038
length 41.4938
time 2.23175
roughness 0.00388781
14.2292_13.7099_-1.61838
14.2011_13.2108_-1.64421
14.1602_12.7125_-1.67005
14.0372_12.2462_-2.15465
14.0372_12.2462_-2.15465
13.8383_11.8069_-1.67005
13.8355_11.313_-1.38708
13.8884_10.8199_-1.61893
13.8884_10.8199_-1.61893
13.7894_10.3479_-2.10353
13.4946_9.95451_-2.43737
13.1287_9.61558_-2.30831
13.1287_9.61558_-2.30831
12.7521_9.31437_-2.79291
12.7521_9.31437_-2.79291
12.2785_9.22329_-3.27751
11.7838_9.29529_-3.30334
11.2911_9.38005_-3.32918
11.2911_9.38005_-3.32918
10.809_9.394_-2.84458
10.3389_9.22768_-2.71552
9.88184_9.02498_-2.74135
9.88184_9.02498_-2.74135
9.41213_8.90133_-3.17605
8.91264_8.92286_-3.20189
8.41388_8.95728_-3.22772
8.41388_8.95728_-3.22772
7.91617_9.00458_-3.25356
7.41889_9.05616_-3.22772
6.93047_9.03631_-2.84328
6.93047_9.03631_-2.84328
6.45292_8.96919_-3.32788
5.96457_9.07435_-3.40536
5.48305_9.20885_-3.4312
5.48305_9.20885_-3.4312
5.02496_9.39361_-3.71417
4.61221_9.67501_-3.79165
4.20688_9.96699_-3.71417
4.20688_9.96699_-3.71417
3.76536_10.1609_-3.22957
3.28432_10.1269_-2.74497
2.833_9.91464_-2.61591
2.833_9.91464_-2.61591
2.38843_9.69124_-2.79644
1.91653_9.52615_-2.82228
1.44322_9.36512_-2.79644
1.44322_9.36512_-2.79644
1.0209_9.13231_-2.31184
0.75566_8.72957_-1.82725
0.69243_8.24485_-1.44281
0.69243_8.24485_-1.44281
0.743382_7.74791_-1.52029
0.764322_7.24839_-1.54612
0.699901_6.77048_-2.03072
0.699901_6.77048_-2.03072
0.452702_6.33869_-2.21125
0.150509_5.94041_-2.23709
-0.155102_5.54475_-2.21125
-0.155102_5.54475_-2.21125
-0.500743_5.20846_-2.69585
-0.96441_5.03817_-2.97882
-1.45843_4.9614_-3.00466
-1.45843_4.9614_-3.00466
-1.9549_4.90601_-3.08214
-2.45369_4.872_-3.0563
-2.95217_4.83371_-3.08214
-2.95217_4.83371_-3.08214
-3.4499_4.79116_-3.00466
-3.94456_4.71865_-2.97882
-4.43858_4.64188_-3.00466
-4.43858_4.64188_-3.00466
-4.93505_4.58649_-3.08214
-5.43435_4.56108_-3.10797
-5.93386_4.53997_-3.08214
-5.93386_4.53997_-3.08214
-6.43312_4.52317_-3.15962
-6.93289_4.53648_-3.18545
-7.43253_4.5541_-3.15962
-7.43253_4.5541_-3.15962
-7.93034_4.5845_-3.28868
-8.42551_4.65351_-3.26285
-8.92125_4.71826_-3.28868
-8.92125_4.71826_-3.28868
-9.40346_4.71268_-2.80408
-9.86653_4.52746_-2.67502
-10.315_4.30642_-2.70085
-10.315_4.30642_-2.70085
-10.7781_4.17219_-3.18545
-11.2505_4.26919_-3.67005
-11.2505_4.26919_-3.67005
-11.7002_4.44348_-3.18545
-12.1989_4.44393_-3.05639
-12.6967_4.3971_-3.03056
-12.6967_4.3971_-3.03056
-13.1915_4.32894_-2.95307
-13.6818_4.23103_-2.92724
-14.1641_4.1041_-2.79818
-14.1641_4.1041_-2.79818
-14.6169_3.9017_-2.56633
-15.0579_3.70656_-3.05093
-15.0579_3.70656_-3.05093
-15.5538_3.69977_-3.28278
-16.0481_3.77438_-3.30861
-16.5303_3.77841_-2.82401
-16.5303_3.77841_-2.82401
-16.9589_3.55733_-2.33941
-17.2352_3.16205_-1.85482
-17.4417_2.72629_-2.33941
-17.4417_2.72629_-2.33941
-17.718_2.33102_-1.85482
-17.8455_1.84803_-1.77733
-17.9438_1.35784_-1.7515
-17.9438_1.35784_-1.7515
-18.0037_0.863921_-1.57097
-18.0037_0.863921_-1.57097
