configuration -11.8536100388_-27.1978302002_0.742596430242_0.669739159518_7.0929813385_4.64613723755_-0.0222057164121_0.999753422679
length 58.0276
time 2.67275
roughness 0.00348806
-11.8536_-27.1978_1.67388
-11.9424_-26.7099_1.90573
-12.1188_-26.2425_1.98321
-12.3794_-25.8368_2.46781
-12.704_-25.4801_1.98321
-12.8334_-25.012_1.54851
-12.8008_-24.5143_1.41944
-12.764_-24.0197_1.65129
-12.817_-23.523_1.72877
-12.8323_-23.0344_1.34434
-12.7996_-22.5533_1.82893
-12.9552_-22.0807_2.00947
-13.1637_-21.6263_1.98363
-13.397_-21.1887_2.21548
-13.7009_-20.7917_2.24132
-14.0081_-20.3973_2.21548
-14.3489_-20.0468_2.59992
-14.7795_-19.7928_2.62575
-15.2123_-19.5424_2.59992
-15.5886_-19.2353_2.16522
-15.9184_-18.8835_2.64982
-16.2506_-18.7528_3.00689
-16.7122_-18.6133_2.52229
-17.0558_-18.2749_2.03769
-17.2021_-17.8154_1.55309
-17.2061_-17.3159_1.63058
-17.2403_-16.8171_1.65641
-17.2873_-16.3193_1.68224
-17.33_-15.8216_1.60476
-17.3513_-15.3221_1.6306
-17.3769_-14.8228_1.60476
-17.3982_-14.3233_1.6306
-17.4238_-13.824_1.60476
-17.4451_-13.3245_1.6306
-17.4534_-12.8259_1.50153
-17.4342_-12.4319_1.5627
-17.4844_-11.9429_1.89655
-17.7089_-11.5162_2.38115
-18.0177_-11.1372_1.99671
-18.204_-10.6746_1.86765
-18.2705_-10.1969_1.38305
-18.1646_-9.70872_1.30557
-18.0971_-9.22458_1.69001
-18.138_-8.80587_1.62476
-18.0877_-8.32627_1.14016
-17.8291_-7.91143_0.755722
-17.4623_-7.5717_0.729888
-17.0987_-7.22911_0.807369
-16.7441_-6.87724_0.729888
-16.5151_-6.66082_0.811401
-16.2425_-6.26301_1.296
-16.1866_-5.78402_1.7806
-16.3343_-5.31265_2.06356
-16.4924_-4.85708_1.57897
-16.4201_-4.38029_1.09437
-16.134_-3.99208_0.609771
-15.7172_-3.71666_0.53229
-15.2843_-3.46665_0.506455
-14.8492_-3.22038_0.53229
-14.4002_-3.04437_0.0476916
-13.921_-3.09777_-0.436906
-13.5218_-3.3683_-0.921504
-13.1732_-3.70151_-0.436906
-12.7076_-3.8592_-0.103061
-12.2098_-3.90635_-0.0772264
-11.7252_-3.8745_0.357477
-11.2583_-3.69553_0.383311
-10.7931_-3.51255_0.357477
-10.3203_-3.41731_-0.127121
-9.8315_-3.50988_-0.307654
-9.35634_-3.66538_-0.333489
-8.88146_-3.74926_0.151109
-8.39836_-3.63712_0.382958
-7.93625_-3.44632_0.408793
-7.46902_-3.32695_-0.0758049
-6.99998_-3.43898_-0.560403
-6.63713_-3.75662_-1.045
-6.33223_-4.13025_-0.560403
-5.88839_-4.31881_-0.0758049
-5.4078_-4.2789_0.408793
-4.95469_-4.06857_0.486275
-4.6722_-3.92891_0.404761
-4.2327_-3.69913_0.636611
-3.82814_-3.40539_0.610776
-3.42106_-3.11516_0.636611
-2.99286_-2.89334_0.152013
-2.51063_-2.89655_-0.332585
-2.08542_-3.12403_-0.817183
-1.70402_-3.41914_-0.332585
-1.22905_-3.50259_0.152013
-0.769898_-3.35517_0.636611
-0.381959_-3.04173_0.765673
-0.0245342_-2.69216_0.791508
0.329867_-2.33953_0.765673
0.667215_-1.97383_0.946206
0.956065_-1.56576_0.972041
1.24139_-1.15523_0.946206
1.46903_-0.776046_1.19939
1.57086_-0.304678_1.68399
1.46188_0.174665_2.01783
1.24188_0.623609_2.04367
1.09283_1.08224_1.55907
1.12424_1.38894_1.28452
1.28549_1.86089_1.15546
1.49879_2.31261_1.07798
1.70746_2.76428_1.25851
1.80605_3.24587_1.59235
1.83352_3.74104_1.3605
1.89776_4.0502_1.37682
2.06431_4.50277_0.892223
2.37475_4.89465_0.918057
2.40522_4.93591_0.969067
2.73758_5.28532_0.484469
3.19445_5.43968_-0.000128535
3.69109_5.40976_-0.180662
4.18211_5.3157_-0.206496
4.67053_5.20898_-0.232331
5.15802_5.09807_-0.206496
5.64645_4.99135_-0.232331
6.13196_4.87205_-0.258165
6.61976_4.77412_-0.0776322
7.08899_4.71833_-0.199902
