configuration 14.2292175293_13.7099370956_-0.723728341199_0.690084986176_-18.0985870361_0.542219161987_-0.683562400866_0.729892077038
length 41.6138
time 1.7517
roughness 0.00474942
14.2292_13.7099_-1.61838
14.1305_13.2379_-2.10298
13.9115_12.9129_-2.28602
13.6567_12.5035_-1.80142
13.622_12.0225_-1.31682
13.6929_11.7154_-1.39833
13.7234_11.2248_-1.73218
13.6305_10.734_-1.80966
13.4764_10.2626_-2.04151
13.3284_9.80362_-1.55691
13.2588_9.32642_-2.04151
13.247_9.30367_-2.06702
12.9532_8.92119_-2.55161
12.5152_8.71958_-3.03621
12.0176_8.67128_-3.06205
11.5216_8.67_-3.2939
11.0281_8.7501_-3.31973
10.5369_8.84293_-3.34556
10.0475_8.88888_-3.01172
9.55229_8.81986_-2.98588
9.05774_8.74659_-3.01172
8.56141_8.71187_-3.19225
8.06234_8.74148_-3.21809
7.56354_8.77539_-3.19225
7.06415_8.7878_-3.11477
6.56428_8.7787_-3.14061
6.06436_8.7739_-3.11477
5.5863_8.83729_-3.59937
5.12547_8.9794_-3.11477
4.65151_8.89046_-2.63017
4.19896_8.72385_-3.11477
3.72091_8.78725_-3.59937
3.25862_8.94613_-3.21493
2.77813_8.90503_-2.73033
2.37211_8.64483_-2.24573
2.07014_8.24689_-2.16825
1.73928_7.89606_-2.65285
1.28247_7.71446_-2.9867
0.823747_7.56572_-2.5021
0.487129_7.2204_-2.0175
0.324892_6.75637_-1.68366
0.272868_6.25913_-1.65782
0.155577_5.79137_-2.14242
-0.14937_5.4028_-2.42539
-0.529295_5.07783_-2.45122
-0.944958_4.83333_-2.93582
-1.43679_4.76963_-3.16767
-1.93644_4.78697_-3.1935
-2.42995_4.7663_-2.91054
-2.91561_4.64762_-2.8847
-3.40023_4.52476_-2.91054
-3.89051_4.44009_-3.09107
-4.39002_4.41914_-3.1169
-4.88991_4.4111_-3.14274
-5.38174_4.36541_-2.85977
-5.86075_4.22224_-2.83393
-6.33851_4.07495_-2.85977
-6.8171_4.01571_-3.34437
-7.29375_4.15265_-3.57622
-7.74539_4.36706_-3.60205
-8.20584_4.5104_-3.11745
-8.70476_4.48545_-3.03997
-9.20255_4.43902_-3.06581
-9.69952_4.38835_-2.98832
-10.1929_4.30777_-2.96249
-10.6841_4.21448_-2.93666
-11.1704_4.10023_-2.85917
-11.6517_3.96504_-2.88501
-12.1342_3.834_-2.85917
-12.6155_3.69882_-2.88501
-13.1002_3.57611_-2.91084
-13.5859_3.45758_-2.88501
-14.0658_3.41043_-3.36961
-14.5494_3.53588_-3.44709
-15.0264_3.60643_-2.96249
-15.5168_3.57267_-3.29634
-16.0101_3.65398_-3.32217
-16.5011_3.748_-3.348
-16.9828_3.77102_-2.86341
-17.4198_3.56699_-2.37881
-17.7114_3.1829_-1.89421
-17.7905_2.70719_-1.40961
-17.6976_2.21635_-1.33213
-17.5752_1.73161_-1.3063
-17.5243_1.25206_-1.79089
-17.6768_0.782246_-2.07386
-17.8396_0.328325_-1.58926
