configuration 14.2292175293_13.7099370956_-0.723728341199_0.690084986176_-18.0985870361_0.542219161987_-0.683562400866_0.729892077038
length 44.1021
time 1.75275
roughness 0.00359226
14.2292_13.7099_-1.61838
14.2438_13.2142_-1.38653
14.3396_12.7235_-1.3607
14.4481_12.2355_-1.33486
14.5097_11.7478_-1.66871
14.4771_11.4337_-1.68502
14.3471_10.9693_-2.16962
14.019_10.6112_-2.60432
13.6489_10.302_-2.11973
13.3355_9.93555_-2.60432
12.8935_9.70702_-2.78486
12.4235_9.53647_-2.81069
11.9471_9.38642_-2.88817
11.4642_9.25691_-2.86234
10.9824_9.12324_-2.88817
10.4974_9.00207_-2.91401
10.0094_8.89347_-2.93984
9.51873_8.79751_-2.96568
9.02453_8.73998_-3.14621
8.52462_8.74659_-3.17204
8.02479_8.75751_-3.14621
7.54435_8.82888_-3.58091
7.09788_9.05295_-3.65839
6.64623_9.22199_-3.1738
6.1467_9.24239_-3.19963
5.67574_9.34607_-3.68423
5.22861_9.52672_-3.19963
4.74094_9.49317_-2.81519
4.26602_9.33695_-2.84103
3.78978_9.18483_-2.81519
3.31486_9.02861_-2.84103
2.83862_8.87649_-2.81519
2.36147_8.72859_-2.89267
1.87801_8.60125_-2.86684
1.39566_8.46976_-2.89267
0.952923_8.27861_-2.40808
0.650211_7.90321_-1.92348
0.549037_7.42815_-1.48878
0.619478_6.93563_-1.30824
0.753391_6.45395_-1.28241
0.944255_6.00094_-0.948563
1.15989_5.56959_-1.43316
1.14975_5.08746_-1.91776
0.916175_4.66556_-2.40236
0.512951_4.40105_-2.88695
0.0264261_4.28774_-2.96444
-0.204545_4.23957_-2.87892
-0.69043_4.16499_-3.21277
-1.18879_4.20483_-3.2386
-1.68595_4.25754_-3.26443
-2.18251_4.28877_-3.0839
-2.68186_4.26424_-3.10974
-3.1814_4.24401_-3.0839
-3.68074_4.21949_-3.10974
-4.18028_4.19926_-3.0839
-4.67963_4.17473_-3.10974
-5.17507_4.12908_-2.9292
-5.66647_4.06213_-3.16105
-5.92929_4.07082_-3.20183
-6.42796_4.07943_-3.07277
-6.90826_4.1227_-3.55737
-7.36386_4.32856_-3.5832
-7.76179_4.60096_-4.0678
-8.10882_4.93581_-3.5832
-8.57215_5.11266_-3.35135
-9.06202_5.21255_-3.32552
-9.55575_5.27404_-3.14499
-10.0552_5.26284_-3.0675
-10.5244_5.15161_-2.58291
-10.9583_4.90565_-2.71197
-11.4024_4.67862_-2.58291
-11.8286_4.41727_-2.60874
-12.257_4.1596_-2.58291
-12.6832_3.89825_-2.60874
-13.1116_3.64058_-2.58291
-13.5378_3.37923_-2.60874
-13.9663_3.12157_-2.58291
-14.4104_2.93376_-3.0675
-14.8909_2.9745_-3.5521
-15.2972_3.23439_-4.0367
-15.6544_3.55829_-3.5521
-16.1199_3.7375_-3.42304
-16.6013_3.87222_-3.39721
-17.0813_3.9189_-2.91261
-17.5278_3.73661_-2.42801
-17.7516_3.51834_-2.24929
-17.9911_3.0998_-1.76469
-18.0661_2.60673_-1.63563
-18.0942_2.10757_-1.6098
-18.1094_1.60785_-1.58396
-18.1117_1.10791_-1.55813
-18.101_0.608071_-1.53229
