configuration 6.23696136475_-8.02296829224_-0.990618758317_0.136654585252_12.9709873199_-24.4014968872_-0.713623012343_0.700529939585
length 44.6371
time 1.13029
roughness 0.00396317
6.23696_-8.02297_-2.86743
5.79919_-8.22524_-2.38283
5.50605_-8.60816_-1.89823
5.36609_-9.08685_-1.76917
5.19755_-9.53868_-2.25377
4.83792_-9.85998_-2.73836
4.37004_-9.97674_-3.22296
3.90162_-9.8621_-3.70756
3.54054_-9.54245_-4.19216
3.34466_-9.09159_-4.526
3.18154_-8.63777_-4.0414
2.8258_-8.31219_-3.55681
2.35934_-8.18982_-3.07221
1.88453_-8.29213_-2.63751
1.44886_-8.53737_-2.61167
1.01967_-8.79379_-2.58584
0.597252_-9.0612_-2.56
0.181879_-9.33944_-2.53417
-0.231081_-9.62124_-2.56
-0.587119_-9.9465_-2.0754
-0.825049_-10.3862_-2.04957
-1.05154_-10.8319_-2.02373
-1.19142_-11.2934_-1.53914
-1.16272_-11.7921_-1.46166
-1.10399_-12.2886_-1.43582
-1.11541_-12.7707_-1.92042
-1.3501_-13.192_-2.40502
-1.73361_-13.5109_-2.53408
-2.11783_-13.8244_-2.30223
-2.45496_-14.1936_-2.32806
-2.79525_-14.5599_-2.30223
-3.14919_-14.9095_-2.48276
-3.54712_-15.2122_-2.5086
-3.95275_-15.5045_-2.53443
-4.32312_-15.8277_-2.20059
-4.61408_-16.2342_-2.17475
-4.89445_-16.6482_-2.14892
-5.1966_-17.0414_-2.38077
-5.56717_-17.3764_-2.45825
-5.97773_-17.6511_-2.74122
-6.38656_-17.9068_-2.25662
-6.62916_-18.3236_-1.77202
-6.69918_-18.8162_-1.59149
-6.64744_-19.3023_-1.20705
-6.45772_-19.7644_-1.12957
-6.32326_-20.2275_-1.61417
-6.26778_-20.7066_-1.12957
-5.99554_-21.1046_-0.64497
-5.57474_-21.3633_-0.362002
-5.09846_-21.4942_-0.0790339
-4.59975_-21.5294_-0.0531994
-4.10029_-21.5517_-0.0273648
-3.60279_-21.5867_-0.156427
-3.10829_-21.6603_-0.130593
-2.61318_-21.7297_-0.156427
-2.11795_-21.7776_0.0241058
-1.61827_-21.7612_0.0499403
-1.11874_-21.7406_0.0241058
-0.639785_-21.6599_0.458809
-0.193463_-21.4346_0.484643
0.246891_-21.1979_0.510478
0.699593_-21.0317_0.0258799
1.1924_-21.0652_-0.257088
1.67481_-21.1965_-0.282923
2.15995_-21.2894_4.53623e-05
2.65988_-21.2936_-0.0257892
3.15975_-21.3022_4.53623e-05
3.65639_-21.2724_0.180578
4.14742_-21.1783_0.206413
4.63586_-21.0717_0.232247
5.11679_-21.0362_-0.25235
5.59395_-21.1814_-0.381413
6.05635_-21.3714_-0.407247
6.52377_-21.4901_0.0773505
7.0105_-21.406_0.360319
7.47327_-21.2178_0.4378
7.93863_-21.0682_0.0533623
8.43808_-21.0459_0.0275277
8.93794_-21.0364_0.00169319
9.43463_-21.0654_-0.17884
9.92582_-21.1586_-0.204674
10.4094_-21.2808_-0.333737
10.8842_-21.3648_0.150861
11.3664_-21.3686_-0.333737
11.5777_-21.4602_-0.563283
11.9981_-21.7308_-0.589118
12.4162_-22.005_-0.563283
12.7781_-22.3236_-1.04788
12.9583_-22.7747_-1.48258
12.9894_-23.2733_-1.56007
12.9905_-23.7732_-1.5859
12.9786_-24.273_-1.61173
