configuration 6.23696136475_-8.02296829224_-0.990618758317_0.136654585252_12.9709873199_-24.4014968872_-0.713623012343_0.700529939585
length 46.0892
time 0.911983
roughness 0.00484389
6.23696_-8.02297_-2.86743
5.77607_-8.20064_-2.58446
5.35402_-8.46863_-2.55862
4.93429_-8.74025_-2.58446
4.49097_-8.95264_-2.9183
4.00113_-9.05065_-2.99578
3.50713_-9.12754_-2.96995
3.02493_-9.1338_-3.45455
2.59533_-8.91471_-3.93915
2.20821_-8.62715_-3.45455
1.7317_-8.55303_-2.96995
1.26981_-8.70328_-2.53525
0.86145_-8.99171_-2.50941
0.437384_-9.245_-2.79238
-0.0361279_-9.33633_-3.27698
-0.518237_-9.34756_-2.79238
-0.93961_-9.58208_-2.30778
-1.21974_-9.98268_-1.92334
-1.41924_-10.4385_-2.10388
-1.67701_-10.8668_-2.12971
-1.93846_-11.293_-2.10388
-2.11483_-11.7418_-1.61928
-2.09247_-12.2353_-1.33631
-1.97213_-12.7205_-1.31048
-1.87314_-13.2081_-1.49101
-1.83759_-13.7068_-1.51684
-1.81493_-14.2062_-1.54268
-1.8777_-14.6843_-2.02728
-2.15599_-15.0782_-2.51187
-2.58571_-15.297_-2.99647
-3.08171_-15.3565_-3.07395
-3.58079_-15.386_-3.09979
-4.08046_-15.4026_-3.12562
-4.55537_-15.4864_-2.64103
-4.93656_-15.7817_-2.15643
-5.15309_-16.22_-1.77199
-5.3229_-16.6714_-2.25659
-5.65504_-17.0434_-2.38565
-6.01585_-17.3895_-2.35982
-6.30831_-17.7773_-1.92511
-6.40207_-18.2503_-1.44051
-6.30795_-18.7389_-1.25998
-6.15522_-19.1582_-1.1445
-6.02769_-19.6233_-1.6291
-5.97938_-20.1031_-1.1445
-5.7131_-20.5052_-0.659907
-5.29019_-20.7369_-0.175309
-4.80473_-20.7527_0.259394
-4.32263_-20.6203_0.285229
-3.91998_-20.5588_-0.122854
-3.42278_-20.6072_-0.0453723
-2.92317_-20.6256_-0.0195377
-2.42342_-20.6396_-0.0453723
-1.93119_-20.7002_-0.277222
-1.4544_-20.8492_-0.354703
-0.984097_-21.0188_-0.328869
-0.509568_-21.1762_-0.303034
-0.031131_-21.3213_-0.2772
0.448537_-21.4623_-0.303034
0.929011_-21.599_-0.225553
1.41532_-21.715_-0.251387
1.9006_-21.8352_-0.225553
2.38705_-21.8834_0.158885
2.8781_-21.7916_0.236367
3.36514_-21.6788_0.210532
3.85689_-21.5956_0.0814699
4.35481_-21.5506_0.107304
4.85233_-21.5013_0.0814699
5.32073_-21.3867_0.566068
5.68942_-21.0705_1.00077
5.98837_-20.6747_0.768921
6.38357_-20.3984_0.284323
6.86201_-20.3379_-0.200275
7.35109_-20.4416_-0.226109
7.83938_-20.4984_0.107736
8.33595_-20.4404_0.133571
8.832_-20.378_0.107736
9.31361_-20.4026_-0.376862
9.73519_-20.6438_-0.811565
10.0762_-21.0094_-0.837399
10.4516_-21.3122_-0.352801
10.9247_-21.4052_0.131797
11.3868_-21.2671_0.616395
11.8194_-21.054_0.131797
12.3108_-21.0434_-0.202049
12.7926_-21.0644_0.282549
13.2712_-21.0048_-0.202049
13.7224_-21.175_-0.686647
14.0423_-21.5358_-1.17124
14.1574_-22.0041_-1.65584
14.0546_-22.482_-2.04028
13.8246_-22.9259_-2.06612
13.5832_-23.3637_-2.09195
13.3306_-23.7951_-2.11778
13.1396_-24.2417_-1.68308
