configuration -11.8536100388_-27.1978302002_0.742596430242_0.669739159518_7.0929813385_4.64613723755_-0.0222057164121_0.999753422679
length 58.148
time 3.44596
roughness 0.00342964
-11.8536_-27.1978_1.67388
-11.8268_-26.7163_1.18928
-11.6367_-26.254_1.16345
-11.4426_-25.7932_1.18928
-11.336_-25.3229_1.67388
-11.4608_-24.8571_2.15848
-11.761_-24.4603_2.33901
-12.0615_-24.0713_2.00516
-12.268_-23.616_1.97933
-12.4627_-23.1555_1.95349
-12.6534_-22.6934_1.97933
-12.8559_-22.2363_2.00516
-13.0624_-21.781_1.97933
-13.3215_-21.3742_2.46393
-13.738_-21.1183_2.84836
-14.2198_-20.9863_2.92585
-14.6903_-20.8359_2.64288
-15.1226_-20.5857_2.5654
-15.4804_-20.2624_2.0808
-15.7355_-19.8328_2.15828
-16.0161_-19.4191_2.18411
-16.2279_-18.9859_1.69952
-16.3646_-18.5234_2.18411
-16.701_-18.1779_2.66871
-17.0902_-17.8932_2.18411
-17.3815_-17.4868_2.20995
-17.6538_-17.0704_2.02942
-17.7963_-16.6097_1.54482
-17.7704_-16.1108_1.46734
-17.7145_-15.614_1.4415
-17.7287_-15.132_1.9261
-17.8735_-14.656_1.74557
-17.9561_-14.1629_1.71973
-18.0261_-13.6679_1.6939
-18.0832_-13.1712_1.66806
-18.1274_-12.6732_1.64223
-18.1674_-12.1749_1.66806
-18.161_-11.6833_1.33422
-18.0396_-11.1983_1.30838
-17.9141_-10.7144_1.33422
-17.8522_-10.2267_1.66806
-17.9135_-9.73097_1.74555
-18.0047_-9.2394_1.77138
-18.0249_-8.75758_1.28678
-17.8183_-8.32183_0.802184
-17.4619_-7.9718_0.724702
-17.132_-7.60737_1.05855
-16.8985_-7.16577_1.13603
-16.684_-6.71416_1.11019
-16.4041_-6.32147_0.625597
-15.9963_-6.03221_0.599762
-15.5861_-5.74647_0.625597
-15.2447_-5.40587_1.11019
-15.1013_-4.94544_1.59479
-15.0366_-4.46757_1.11019
-14.7567_-4.07488_0.625597
-14.326_-3.8578_0.140999
-13.8298_-3.80038_0.063517
-13.3306_-3.78155_-0.0139646
-12.8307_-3.78423_0.01187
-12.3307_-3.7826_-0.0139646
-11.845_-3.72759_0.370473
-11.3805_-3.54258_0.396308
-10.921_-3.34562_0.422142
-10.4534_-3.20331_0.0377045
-9.95363_-3.18877_0.01187
-9.45379_-3.17853_0.0377045
-8.97507_-3.23672_-0.446893
-8.57858_-3.51122_-0.931491
-8.46083_-3.68339_-1.05064
-8.15805_-4.05873_-0.566038
-7.71527_-4.24979_-0.0814399
-7.23447_-4.21259_0.403158
-6.76657_-4.09586_-0.0814399
-6.2699_-4.14933_-0.158922
-5.777_-4.18149_0.124047
-5.28037_-4.12391_0.0982121
-4.78327_-4.0706_0.124047
-4.28665_-4.01302_0.0982121
-3.82023_-3.8905_0.58281
-3.41039_-3.60489_0.660292
-3.01818_-3.29486_0.686126
-2.60148_-3.05213_0.201528
-2.11968_-3.03146_-0.28307
-1.68373_-3.23762_-0.767668
-1.28819_-3.51349_-0.28307
-0.803755_-3.63209_-0.154007
-0.32152_-3.62985_0.330591
0.104146_-3.40321_0.815189
0.443831_-3.03638_0.841023
0.773926_-2.6609_0.866858
1.0801_-2.26719_0.99592
1.34831_-1.84528_1.02175
1.61288_-1.42107_0.99592
1.85787_-0.988033_1.17645
2.04597_-0.524818_1.20229
2.23007_-0.0600002_1.17645
2.34268_0.408908_1.66105
2.22388_0.876286_2.14565
1.90102_1.23451_2.63025
1.52304_1.53397_2.14565
1.32808_1.97505_1.66105
1.31304_2.47236_1.48052
1.33663_2.97054_1.60958
1.31294_3.46993_1.63541
1.27636_3.96854_1.66125
1.30923_4.44966_1.17665
1.56244_4.86007_0.692054
1.97769_5.10527_0.207456
2.46845_5.1613_-0.0755125
2.96664_5.1193_-0.101347
3.46357_5.06443_-0.127182
3.94551_4.95618_-0.41015
4.39392_4.73785_-0.539212
4.84175_4.54189_-0.154774
5.33738_4.48624_-0.0257118
5.83725_4.47769_0.000122791
6.31343_4.55394_0.484721
6.77026_4.70841_0.000122791
7.08356_4.6932_-0.146308
