configuration 6.23696136475_-8.02296829224_-0.990618758317_0.136654585252_12.9709873199_-24.4014968872_-0.713623012343_0.700529939585
length 43.8243
time 0.877312
roughness 0.00424201
6.23696_-8.02297_-2.86743
5.76309_-8.1785_-2.73836
5.30494_-8.37863_-2.71253
4.85212_-8.59052_-2.68669
4.41392_-8.8287_-2.55763
3.99921_-9.10792_-2.5318
3.59185_-9.39776_-2.50596
3.16344_-9.61915_-2.99056
2.6703_-9.64742_-3.27353
2.17695_-9.56894_-3.35101
1.69533_-9.54448_-2.86641
1.25777_-9.74719_-2.38181
0.860064_-10.0199_-2.86641
0.381094_-10.076_-3.35101
-0.100525_-10.0515_-2.86641
-0.269896_-10.1102_-2.68788
-0.664505_-10.3874_-2.20328
-0.909662_-10.8135_-1.86943
-1.05264_-11.2926_-1.8436
-1.1406_-11.7786_-1.56063
-1.13121_-12.2785_-1.5348
-1.10892_-12.778_-1.50896
-1.15554_-13.2579_-1.99356
-1.39319_-13.6932_-2.22541
-1.70099_-14.0872_-2.25124
-1.99024_-14.492_-2.07071
-2.23366_-14.9287_-2.09654
-2.48083_-15.3633_-2.07071
-2.77596_-15.7447_-2.55531
-3.21477_-15.9447_-3.03991
-3.71266_-15.9739_-3.16897
-4.19075_-16.0371_-2.68437
-4.6232_-16.2831_-2.50384
-5.02742_-16.5773_-2.52967
-5.38885_-16.9064_-2.14523
-5.64937_-17.3326_-2.06775
-5.89149_-17.77_-2.09359
-6.15885_-18.1911_-2.22265
-6.46556_-18.5859_-2.24848
-6.78237_-18.9726_-2.27432
-7.03231_-19.3851_-1.78972
-7.11103_-19.8763_-1.60919
-7.11731_-20.3758_-1.53171
-7.02257_-20.8487_-1.04711
-6.71846_-21.2229_-0.56251
-6.27502_-21.4124_-0.0779122
-5.77615_-21.4385_-0.000430636
-5.27622_-21.443_-0.0262652
-4.77635_-21.4518_-0.000430636
-4.29555_-21.3829_0.434272
-3.83151_-21.2516_-0.0503256
-3.65331_-21.2711_-0.228862
-3.17226_-21.3049_0.255736
-2.73084_-21.1108_0.740334
-2.37858_-20.7941_0.715859
-1.96929_-20.5391_0.231261
-1.48313_-20.4881_-0.153177
-0.991561_-20.5771_-0.230658
-0.505854_-20.6955_-0.256493
-0.0233702_-20.8265_-0.282327
0.457968_-20.9617_-0.256493
0.899244_-21.1562_-0.741091
1.30198_-21.4214_-0.256493
1.78664_-21.5441_-0.230658
2.27235_-21.6626_-0.256493
2.75869_-21.7342_0.0773527
3.25679_-21.6912_0.103187
3.75362_-21.6355_0.129022
4.25052_-21.5926_-4.06054e-05
4.75045_-21.5969_-0.0258752
5.25032_-21.6056_-4.06054e-05
5.74696_-21.5757_0.180492
6.23592_-21.4734_0.257974
6.7204_-21.35_0.232139
7.18343_-21.1849_0.565985
7.62621_-20.9939_0.0813868
8.10701_-21.0311_-0.403211
8.55211_-21.2534_-0.583744
8.96688_-21.5326_-0.609579
9.40092_-21.7427_-0.124981
9.89629_-21.7665_0.106869
10.3929_-21.7089_0.132703
10.8548_-21.5704_0.617301
11.2872_-21.3569_0.132703
11.7693_-21.3694_-0.351895
11.8643_-21.4079_-0.453915
12.2589_-21.6852_-0.938513
12.5122_-22.1093_-1.22148
12.671_-22.5829_-1.29896
12.7841_-23.0686_-1.42803
12.851_-23.5641_-1.45386
12.8965_-24.0616_-1.53134
