configuration 6.23696136475_-8.02296829224_-0.990618758317_0.136654585252_12.9709873199_-24.4014968872_-0.713623012343_0.700529939585
length 43.4043
time 0.881482
roughness 0.00418132
6.23696_-8.02297_-2.86743
5.78128_-8.20737_-2.53358
5.37341_-8.49648_-2.50775
4.96803_-8.7891_-2.53358
4.53367_-8.99857_-3.01818
4.03826_-9.0216_-3.25003
3.54174_-8.96321_-3.27586
3.05964_-8.97497_-2.79126
2.59898_-9.16611_-2.6622
2.15738_-9.40052_-2.63637
1.70466_-9.59807_-2.91934
1.21608_-9.70407_-2.94517
0.724921_-9.79741_-2.971
0.242715_-9.80317_-3.4556
-0.186651_-9.58362_-3.9402
-0.573468_-9.29565_-3.4556
-1.0499_-9.22103_-2.971
-1.50624_-9.37696_-2.48641
-1.85309_-9.72141_-2.10197
-2.15999_-10.0934_-2.58657
-2.59781_-10.3297_-2.7671
-3.06467_-10.5086_-2.79293
-3.48617_-10.7429_-2.30834
-3.75829_-11.1452_-1.87363
-3.90328_-11.6237_-1.8478
-4.00182_-12.1097_-1.61595
-4.02008_-12.6093_-1.59011
-4.03404_-13.1091_-1.61595
-4.06091_-13.6083_-1.64178
-4.09208_-14.1073_-1.61595
-4.11894_-14.6065_-1.64178
-4.18394_-15.0998_-1.82232
-4.31253_-15.5829_-1.84815
-4.36964_-16.0618_-1.36355
-4.34622_-16.5434_-1.84815
-4.53842_-16.9929_-2.23259
-4.84904_-17.3846_-2.25842
-5.14875_-17.7833_-2.12936
-5.40247_-18.2136_-2.05188
-5.69036_-18.6005_-2.53648
-6.03865_-18.934_-2.05188
-6.19145_-19.3914_-1.56728
-6.11359_-19.8673_-1.08268
-5.89884_-20.3175_-1.21175
-5.66018_-20.7365_-0.727148
-5.26204_-21.0289_-0.44418
-4.80558_-21.2318_-0.366699
-4.33374_-21.3314_0.117899
-3.83934_-21.2599_0.195381
-3.35197_-21.1503_0.272862
-2.86687_-21.0707_-0.060983
-2.36813_-21.1055_-0.0868175
-1.87045_-21.1532_-0.112652
-1.37417_-21.2136_-0.138487
-0.879623_-21.2869_-0.164321
-0.38713_-21.3729_-0.190156
0.0948707_-21.3881_0.294442
0.561475_-21.2154_0.474975
1.0041_-20.983_0.50081
1.45838_-20.8212_0.0162118
1.95085_-20.8594_-0.266756
2.43196_-20.9954_-0.292591
2.9154_-21.0845_0.0412545
3.41473_-21.0595_0.0670891
3.91324_-21.0217_0.0929236
4.41167_-20.9882_0.015442
4.91147_-20.9762_0.0412766
5.39039_-21.0327_-0.443321
5.85323_-21.1681_0.0412766
6.3502_-21.1261_0.170339
6.84217_-21.0372_0.196174
7.33167_-20.9355_0.222008
7.82028_-20.8296_0.196174
8.30978_-20.7279_0.222008
8.79105_-20.6974_-0.26259
9.25867_-20.8626_-0.494439
9.69669_-21.1036_-0.520274
10.1477_-21.2742_-0.035676
10.6307_-21.2223_0.399027
11.0858_-21.0164_0.476509
11.5439_-20.8657_-0.00808936
12.0194_-20.9457_-0.492687
12.4371_-21.2132_-0.724537
12.7431_-21.5859_-1.20913
12.8739_-22.0622_-1.4921
12.9089_-22.5609_-1.51794
12.931_-23.0604_-1.54377
12.9488_-23.56_-1.51794
12.9623_-24.0594_-1.59542
