configuration 14.2292175293_13.7099370956_-0.723728341199_0.690084986176_-18.0985870361_0.542219161987_-0.683562400866_0.729892077038
length 40.8434
time 3.72771
roughness 0.00289252
14.2292_13.7099_-1.61838
14.2601_13.2193_-1.28453
14.3214_12.741_-1.76913
14.2022_12.2567_-1.89819
14.0456_11.782_-1.87236
13.918_11.2998_-1.7433
13.9113_10.8176_-1.2587
13.985_10.341_-1.7433
13.8344_9.87927_-2.178
13.5389_9.47651_-2.25548
13.1787_9.15584_-2.74008
12.708_9.00622_-3.02305
12.211_8.95137_-3.04888
11.7129_8.92657_-3.17795
11.2135_8.94904_-3.20378
10.7142_8.97581_-3.17795
10.2145_8.98968_-3.15211
9.71452_8.99064_-3.12628
9.21458_8.98728_-3.15211
8.71766_8.96266_-2.97158
8.22421_8.88231_-2.99741
7.73008_8.80622_-2.97158
7.23629_8.76015_-3.20343
6.73758_8.79534_-3.22926
6.23919_8.83482_-3.20343
5.74534_8.89531_-3.38396
5.26106_9.01947_-3.40979
4.77786_9.1478_-3.38396
4.29731_9.18812_-2.89936
3.81871_9.0478_-2.7703
3.35128_8.87043_-2.79613
2.88235_8.69709_-2.7703
2.41492_8.51971_-2.79613
1.94598_8.34637_-2.7703
1.51033_8.11865_-2.43645
1.13241_7.79135_-2.41062
0.757329_7.4608_-2.43645
0.444088_7.09415_-1.95186
0.270336_6.62579_-1.87438
0.11678_6.15001_-1.90021
-0.0721242_5.68973_-2.08074
-0.371062_5.31132_-2.56534
-0.796823_5.05003_-2.64282
-1.23791_4.81467_-2.66866
-1.69773_4.64879_-3.05309
-2.19217_4.58342_-2.92403
-2.67939_4.4713_-2.8982
-3.16562_4.355_-2.92403
-3.65284_4.24289_-2.8982
-4.137_4.11822_-2.87236
-4.62006_3.9894_-2.8982
-5.10926_3.89868_-3.07873
-5.60847_3.87157_-3.10457
-6.1079_3.84876_-3.07873
-6.58793_3.89489_-3.56333
-7.03828_4.11107_-3.64081
-7.47513_4.35419_-3.66664
-7.92537_4.52695_-3.18205
-8.42486_4.53426_-3.10457
-8.92429_4.51145_-3.07873
-9.41538_4.44233_-2.84688
-9.89251_4.293_-2.82105
-10.3683_4.13956_-2.84688
-10.8424_3.98217_-2.7694
-11.3066_3.79636_-2.74357
-11.7751_3.68202_-3.22816
-12.2737_3.71235_-3.15068
-12.765_3.76307_-3.43365
-13.145_3.86891_-3.37248
-13.5911_4.05205_-3.85708
-14.0005_4.30691_-3.37248
-14.3043_4.34681_-3.06642
-14.8018_4.33928_-3.24695
-15.2985_4.39613_-3.27279
-15.7806_4.38289_-2.78819
-16.226_4.1693_-2.50522
-16.6199_3.86215_-2.42774
-17.0186_3.56722_-2.65959
-17.4053_3.27898_-2.17499
-17.6383_2.84613_-1.84114
-17.7759_2.36551_-1.86698
-17.9009_1.88267_-1.73792
-17.9798_1.38899_-1.71208
-18.0202_0.893093_-1.53155
