configuration 2.903195858_13.0508098602_-0.754177572005_0.656670533741_-13.4451351166_-15.4114570618_0.497552318458_0.867433968897
length 55.9755
time 3.28116
roughness 0.00385603
2.9032_13.0508_-1.7088
2.82173_12.558_-1.78628
2.71903_12.0687_-1.76045
2.62056_11.5785_-1.78628
2.54353_11.087_-1.60575
2.52175_10.5875_-1.63158
2.49568_10.0882_-1.60575
2.40289_9.615_-2.09035
2.15095_9.18317_-2.11618
1.88793_8.758_-2.14202
1.66095_8.31929_-1.85905
1.52296_7.83876_-1.83321
1.39742_7.35483_-1.80738
1.32712_6.86591_-1.52441
1.36316_6.36766_-1.44693
1.49117_5.89913_-1.01223
1.70419_5.4561_-1.34607
1.8029_4.96641_-1.42355
1.94813_4.50656_-0.938956
2.1679_4.0773_-1.42355
2.18602_3.58606_-1.7574
2.08071_3.09774_-1.83488
1.90769_2.63508_-2.11785
1.64397_2.21035_-2.14368
1.36936_1.79257_-2.16952
1.16392_1.35628_-1.68492
1.17009_0.867491_-1.30048
1.30774_0.386863_-1.27465
1.37383_-0.0908261_-1.75925
1.20978_-0.544305_-2.24384
0.876846_-0.914033_-2.42438
0.568056_-1.28444_-1.93978
0.467376_-1.75606_-1.45518
0.597991_-2.22027_-0.970583
0.804073_-2.65626_-1.45518
0.783322_-3.13805_-1.93978
0.540515_-3.55471_-2.42438
0.142795_-3.85097_-2.65623
-0.115047_-3.98208_-2.70108
-0.138333_-3.99282_-2.72659
-0.604816_-4.11509_-3.21119
-0.936345_-4.06283_-3.47422
-1.41131_-3.97935_-2.98963
-1.9006_-4.07596_-2.86056
-2.37973_-4.21875_-2.83473
-2.86262_-4.33176_-3.06658
-3.36147_-4.36493_-3.09241
-3.86058_-4.39381_-3.06658
-4.35907_-4.40979_-3.19564
-4.85803_-4.37848_-3.22148
-5.33878_-4.41643_-2.73688
-5.80649_-4.5339_-3.22148
-6.27508_-4.41995_-3.70607
-6.64427_-4.10433_-4.14078
-6.96596_-3.74507_-3.65618
-7.41792_-3.55173_-3.32233
-7.91048_-3.4661_-3.2965
-8.39616_-3.46024_-2.8618
-8.87546_-3.60244_-2.83596
-9.35351_-3.74876_-2.8618
-9.83909_-3.85722_-3.04233
-10.337_-3.90248_-3.06816
-10.8359_-3.93487_-3.094
-11.335_-3.96295_-3.06816
-11.8333_-4.00392_-3.04233
-12.3312_-4.04918_-3.06816
-12.8301_-4.08157_-3.094
-13.3297_-4.10105_-3.11983
-13.8294_-4.11623_-3.094
-14.3014_-4.21499_-2.6094
-14.6731_-4.52227_-2.1248
-14.917_-4.9573_-1.99574
-15.1827_-5.35972_-2.48034
-15.6053_-5.59201_-2.96494
-16.0875_-5.60069_-3.44953
-16.5644_-5.52897_-2.96494
-17.0198_-5.68766_-2.48034
-17.3488_-6.04022_-1.99574
-17.3691_-6.08729_-1.94473
-17.5477_-6.55425_-1.91889
-17.7142_-7.02566_-1.89306
-17.8685_-7.50122_-1.86723
-17.9347_-7.97889_-1.38263
-17.9205_-8.46092_-1.86723
-18.0512_-8.76584_-2.19879
-18.2694_-9.19594_-1.71419
-18.262_-9.67812_-1.2296
-18.1752_-10.1272_-1.68869
-18.2212_-10.6246_-1.61121
-18.2371_-11.1243_-1.58537
-18.2487_-11.6241_-1.61121
-18.2143_-12.1145_-1.27736
-18.0497_-12.5853_-1.1483
-17.8884_-12.9156_-1.0532
-17.7106_-13.3676_-1.4879
-17.6735_-13.8662_-1.51374
-17.6493_-14.3656_-1.53957
-17.6959_-14.8522_-1.92401
-17.9216_-15.2857_-2.30845
-18.1855_-15.6894_-1.82385
-18.2309_-16.1695_-1.33925
-18.0475_-16.6155_-0.854655
-17.7042_-16.9773_-0.725593
-17.3986_-17.3503_-1.21019
-17.3018_-17.8227_-1.69479
-17.2851_-18.3047_-1.21019
-17.0458_-18.7233_-0.725593
-16.639_-18.9823_-0.240995
-16.1584_-19.022_0.243603
-15.7147_-18.8332_0.728201
-15.371_-18.4756_0.96005
-15.0878_-18.0636_0.985885
-14.8154_-17.6444_1.01172
-14.5539_-17.2183_1.03755
-14.296_-16.79_1.01172
-14.0345_-16.3639_1.03755
-13.7767_-15.9355_1.01172
-13.5152_-15.5095_1.03755
