configuration 32.0634506226_7.0565199852_0.870200588927_0.492697610133_0.864893198013_0.272379875183_-0.736733996813_0.676182680893
length 36.1757
time 0.741587
roughness 0.00327664
32.0635_7.05652_2.11122
31.8099_7.48742_2.08538
31.5676_7.92473_2.05955
31.3148_8.35461_2.18861
30.9768_8.69864_2.67321
30.5175_8.84562_3.15781
30.0237_8.79947_3.38966
29.546_8.65636_3.51872
29.0796_8.47626_3.49289
28.6117_8.30019_3.51872
28.1773_8.06993_3.85257
27.8074_7.73427_3.93005
27.458_7.37666_3.95588
27.0757_7.08266_3.47128
26.5991_6.93318_3.3938
26.116_6.80426_3.41964
25.6341_6.67118_3.3938
25.192_6.47857_3.8784
24.8041_6.16697_3.69787
24.3733_5.91424_3.62038
23.9646_5.64109_3.95423
23.6239_5.27513_3.98006
23.2865_4.90624_3.95423
22.9037_4.61287_3.46963
22.4251_4.47262_3.34057
21.9342_4.37802_3.31474
21.4425_4.28765_3.34057
20.9497_4.21874_3.16004
20.4498_4.21383_3.1342
19.9499_4.21321_3.16004
19.4503_4.2169_3.08256
18.951_4.2421_3.10839
18.4515_4.263_3.08256
17.9717_4.21503_3.56715
17.5065_4.08785_3.08256
17.0356_4.192_2.59796
16.5887_4.3731_3.08256
16.095_4.35595_3.36552
15.6086_4.24073_3.39136
15.12_4.15547_3.15951
14.6201_4.15082_3.13367
14.1201_4.15047_3.15951
13.6202_4.14582_3.13367
13.1203_4.15408_3.10784
12.6208_4.17526_3.082
12.1331_4.14246_3.46644
11.6607_3.97882_3.49228
11.1897_3.81111_3.46644
10.7141_3.73134_2.98184
10.2212_3.81511_2.95601
9.73067_3.91159_2.93018
9.24096_4.01229_2.95601
8.75041_4.10877_2.93018
8.26071_4.20946_2.95601
7.76703_4.28035_3.08507
7.26765_4.30429_3.11091
6.76783_4.31533_3.13674
6.26965_4.33917_3.00768
5.77362_4.40165_3.03351
5.27707_4.45986_3.00768
4.78039_4.50515_3.13674
4.28045_4.50327_3.16258
3.78072_4.48848_3.18841
3.30862_4.39008_3.67301
2.93672_4.08309_4.15761
2.68463_3.65182_4.23509
2.45114_3.20974_4.20925
2.21386_2.76969_4.23509
1.98038_2.32761_4.20925
1.68799_1.93976_3.77455
1.27356_1.66228_3.64549
0.893352_1.36564_4.13009
0.695111_0.926033_4.61468
0.667825_0.428038_4.74375
