configuration 2.903195858_13.0508098602_-0.754177572005_0.656670533741_-13.4451351166_-15.4114570618_0.497552318458_0.867433968897
length 54.7315
time 3.48811
roughness 0.00289216
2.9032_13.0508_-1.7088
2.83016_12.5562_-1.73464
2.74437_12.0637_-1.76047
2.65434_11.5719_-1.73464
2.56855_11.0794_-1.76047
2.47852_10.5876_-1.73464
2.39273_10.0951_-1.76047
2.25459_9.62083_-2.04344
2.02317_9.17767_-2.06927
1.78038_8.74063_-2.09511
1.53383_8.3057_-2.06927
1.2986_7.86455_-2.04344
1.06718_7.42138_-2.06927
0.80352_6.99945_-2.24981
0.486202_6.61311_-2.27564
0.15901_6.2351_-2.30148
-0.102042_5.82962_-1.81688
-0.202647_5.34113_-1.68782
-0.265291_4.84512_-1.71365
-0.281259_4.35381_-1.3798
-0.182128_3.86378_-1.35397
-0.0703733_3.37649_-1.32814
0.0199859_2.88722_-1.50867
0.0467289_2.38799_-1.5345
0.060567_1.88823_-1.56034
0.0359113_1.3913_-1.74087
-0.0529476_0.899315_-1.7667
-0.14604_0.408109_-1.74087
-0.151544_-0.0740994_-1.25627
0.0229784_-0.541309_-1.12721
0.296165_-0.938706_-0.642612
0.631705_-1.28507_-1.12721
0.767256_-1.74787_-1.61181
0.671605_-2.22053_-2.09641
0.396598_-2.63515_-2.27694
0.0627369_-3.00675_-2.35442
-0.28709_-3.36392_-2.32859
-0.669722_-3.65743_-2.81318
-1.14945_-3.78936_-2.99372
-1.64456_-3.85876_-3.01955
-2.12705_-3.96453_-2.73658
-2.58823_-4.15756_-2.76242
-3.05106_-4.34661_-2.73658
-3.51874_-4.46421_-3.22118
-4.01551_-4.41166_-3.29866
-4.50862_-4.3292_-3.3245
-4.9989_-4.29358_-2.99065
-5.4925_-4.37301_-2.96482
-5.9854_-4.45668_-2.99065
-6.48123_-4.51043_-3.11971
-6.98114_-4.51706_-3.14555
-7.48105_-4.51078_-3.17138
-7.95475_-4.42044_-3.65598
-8.33183_-4.11982_-4.14058
-8.59875_-3.69709_-4.16641
-8.91112_-3.32969_-3.68182
-9.35868_-3.15012_-3.19722
-9.8545_-3.16071_-2.96537
-10.3413_-3.26916_-2.83631
-10.8168_-3.42353_-2.81047
-11.2968_-3.54821_-3.04232
-11.7884_-3.54276_-3.37617
-12.2736_-3.42237_-3.402
-12.7556_-3.28949_-3.42784
-13.2339_-3.22814_-2.94324
-13.6857_-3.39667_-2.45864
-14.007_-3.75628_-1.97404
-14.2486_-4.18444_-2.30789
-14.5878_-4.5517_-2.33372
-14.9364_-4.91009_-2.35956
-15.3279_-5.19161_-2.84415
-15.8055_-5.25832_-3.32875
-16.2039_-5.14371_-3.60988
-16.6632_-4.99676_-3.12529
-17.1381_-5.08071_-2.64069
-17.5192_-5.37621_-2.15609
-17.7187_-5.81523_-1.67149
-17.6983_-6.30051_-1.23679
-17.5147_-6.76423_-1.10773
-17.3533_-7.22567_-1.49217
-17.3184_-7.72439_-1.518
-17.2963_-8.22385_-1.54383
-17.3211_-8.71917_-1.77568
-17.427_-9.20777_-1.80152
-17.5371_-9.69544_-1.77568
-17.6431_-10.184_-1.80152
-17.7532_-10.6717_-1.77568
-17.8591_-11.1603_-1.80152
-17.9099_-11.6465_-1.41708
-17.9123_-12.1287_-1.90168
-17.9766_-12.3001_-1.9871
-18.0995_-12.7664_-1.5025
-18.0441_-13.2621_-1.37344
-17.9419_-13.7515_-1.3476
-17.7622_-14.199_-0.863004
-17.5105_-14.6103_-1.3476
-17.4765_-14.8381_-1.57715
-17.5095_-15.3345_-1.75768
-17.6067_-15.825_-1.78352
-17.7164_-16.3127_-1.80935
-17.7549_-16.7934_-1.32475
-17.565_-17.2367_-0.840155
-17.1927_-17.5486_-0.405452
-16.7224_-17.6916_-0.0716066
-16.2234_-17.723_-0.045772
-15.7238_-17.7416_-0.0199375
-15.2287_-17.7133_0.211912
-14.7676_-17.5509_0.59635
-14.6847_-17.4906_0.698371
-14.6085_-17.422_0.800391
-14.358_-17.1225_1.02379
-14.1093_-16.6892_1.10127
-13.8792_-16.2454_1.07543
-13.6378_-15.8076_1.0496
-13.4306_-15.4123_1.16508
