configuration 6.23696136475_-8.02296829224_-0.990618758317_0.136654585252_12.9709873199_-24.4014968872_-0.713623012343_0.700529939585
length 41.2289
time 5.08356
roughness 0.0010302
6.23696_-8.02297_-2.86743
5.75687_-8.16247_-2.84159
5.27799_-8.30609_-2.86743
4.7979_-8.44559_-2.84159
4.31903_-8.58922_-2.86743
3.83893_-8.72872_-2.84159
3.36006_-8.87235_-2.86743
2.87763_-9.00356_-2.89326
2.3941_-9.13061_-2.86743
1.914_-9.2701_-2.84159
1.43513_-9.41373_-2.86743
0.952703_-9.54494_-2.89326
0.465473_-9.65518_-2.97074
0.00917729_-9.81123_-2.48614
-0.352503_-10.1476_-2.20318
-0.644523_-10.5534_-2.17734
-0.933036_-10.9617_-2.20318
-1.22506_-11.3675_-2.17734
-1.51357_-11.7758_-2.20318
-1.80559_-12.1816_-2.17734
-2.0941_-12.5899_-2.20318
-2.38612_-12.9957_-2.17734
-2.67464_-13.404_-2.20318
-2.96666_-13.8098_-2.17734
-3.25517_-14.2181_-2.20318
-3.54719_-14.6239_-2.17734
-3.8357_-15.0322_-2.20318
-4.12772_-15.438_-2.17734
-4.41624_-15.8463_-2.20318
-4.70826_-16.2521_-2.17734
-4.99677_-16.6604_-2.20318
-5.28879_-17.0662_-2.17734
-5.57023_-17.4795_-2.15151
-5.8481_-17.8951_-2.17734
-6.09863_-18.3231_-1.94549
-6.202_-18.7941_-1.46089
-6.12605_-19.287_-1.33183
-6.00354_-19.7717_-1.306
-5.86854_-20.2531_-1.28016
-5.69031_-20.7159_-1.04831
-5.38665_-21.0906_-0.563715
-4.94343_-21.2806_-0.0791168
-4.44459_-21.3072_-0.0016352
-3.94466_-21.3037_0.0241993
-3.44477_-21.2959_-0.0016352
-2.94485_-21.301_-0.0274697
-2.44498_-21.3105_-0.0016352
-1.94505_-21.307_0.0241993
-1.44516_-21.2992_-0.0016352
-0.945235_-21.3043_-0.0274697
-0.445374_-21.3137_-0.0016352
0.0545631_-21.3103_0.0241993
0.554452_-21.3025_-0.0016352
1.05438_-21.3076_-0.0274697
1.55424_-21.317_-0.0016352
2.05417_-21.3135_0.0241993
2.55406_-21.3057_-0.0016352
3.05399_-21.3109_-0.0274697
3.55385_-21.3203_-0.0016352
4.05378_-21.3168_0.0241993
4.55367_-21.309_-0.0016352
5.0536_-21.3141_-0.0274697
5.55346_-21.3236_-0.0016352
6.05339_-21.3201_0.0241993
6.55328_-21.3123_-0.0016352
7.05321_-21.3174_-0.0274697
7.55307_-21.3268_-0.0016352
8.053_-21.3233_0.0241993
8.55289_-21.3155_-0.0016352
9.05282_-21.3207_-0.0274697
9.55268_-21.3301_-0.0016352
10.0526_-21.3266_0.0241993
10.5525_-21.3188_-0.0016352
11.0524_-21.3239_-0.0274697
11.5481_-21.3674_-0.208003
11.9982_-21.5403_-0.692601
12.3161_-21.903_-1.1772
12.4874_-22.3714_-1.30626
12.6139_-22.8551_-1.3321
12.7279_-23.3418_-1.35793
12.8378_-23.8296_-1.3321
12.9262_-24.3192_-1.51263
