configuration -11.8536100388_-27.1978302002_0.742596430242_0.669739159518_7.0929813385_4.64613723755_-0.0222057164121_0.999753422679
length 53.9463
time 10.2524
roughness 0.000867832
-11.8536_-27.1978_1.67388
-11.9178_-26.7024_1.75136
-12.0118_-26.2114_1.77719
-12.1101_-25.7212_1.75136
-12.2041_-25.2302_1.77719
-12.3023_-24.74_1.75136
-12.3963_-24.2489_1.77719
-12.4946_-23.7587_1.75136
-12.5886_-23.2677_1.77719
-12.6953_-22.7793_1.80303
-12.8061_-22.2918_1.77719
-12.9211_-21.8056_1.85468
-13.0185_-21.424_1.75278
-13.1796_-20.9695_2.23738
-13.5243_-20.619_2.57123
-13.9553_-20.3679_2.70029
-14.4091_-20.1583_2.72612
-14.8278_-19.9061_2.34169
-15.1731_-19.5445_2.31585
-15.5089_-19.1741_2.29002
-15.835_-18.7951_2.26418
-16.1578_-18.4134_2.29002
-16.484_-18.0344_2.26418
-16.8068_-17.6527_2.29002
-17.1261_-17.2685_2.21254
-17.3501_-16.8415_1.72794
-17.3898_-16.3471_1.49609
-17.3482_-15.8489_1.47025
-17.2937_-15.3519_1.44442
-17.235_-14.8554_1.47025
-17.2148_-14.3583_1.65079
-17.2419_-13.8595_1.57331
-17.2388_-13.3596_1.54747
-17.2315_-12.8597_1.57331
-17.2284_-12.3597_1.54747
-17.2211_-11.8598_1.57331
-17.218_-11.3599_1.54747
-17.2107_-10.86_1.57331
-17.2076_-10.3601_1.54747
-17.2003_-9.86016_1.57331
-17.1972_-9.36022_1.54747
-17.1899_-8.86032_1.57331
-17.1868_-8.36038_1.54747
-17.1795_-7.86049_1.57331
-17.1593_-7.36215_1.44424
-17.0236_-6.8994_0.959645
-16.7086_-6.51632_0.727795
-16.3325_-6.18696_0.701961
-15.9535_-5.86086_0.727795
-15.5774_-5.53151_0.701961
-15.1985_-5.20541_0.727795
-14.8223_-4.87606_0.701961
-14.4493_-4.54375_0.779442
-14.0571_-4.26325_0.294844
-13.5732_-4.14749_0.114311
-13.076_-4.09475_0.0884768
-12.5777_-4.05486_0.0626422
-12.079_-4.01927_0.0884768
-11.5806_-3.97938_0.0626422
-11.0819_-3.94379_0.0884768
-10.5836_-3.9039_0.0626422
-10.0849_-3.86831_0.0884768
-9.58655_-3.82842_0.0626422
-9.08787_-3.79283_0.0884768
-8.58952_-3.75294_0.0626422
-8.09083_-3.71735_0.0884768
-7.59248_-3.67746_0.0626422
-7.0938_-3.64187_0.0884768
-6.59544_-3.60198_0.0626422
-6.09676_-3.56639_0.0884768
-5.59917_-3.51793_0.114311
-5.10201_-3.46518_0.0884768
-4.60365_-3.42529_0.0626422
-4.10497_-3.3897_0.0884768
-3.60737_-3.34124_0.114311
-3.10978_-3.29709_0.0368297
-2.61003_-3.28298_0.0109952
-2.11018_-3.27318_0.0368297
-1.61043_-3.25908_0.0109952
-1.11057_-3.24927_0.0368297
-0.611141_-3.22656_0.0626643
-0.140664_-3.1207_0.547262
0.226327_-2.80785_1.03186
0.455595_-2.36629_1.21239
0.626929_-1.89662_1.23823
0.786073_-1.42267_1.26406
0.94113_-0.947375_1.23823
1.10027_-0.473431_1.26406
1.25533_0.00186579_1.23823
1.41447_0.47581_1.26406
1.56953_0.951106_1.23823
1.72868_1.42505_1.26406
1.88373_1.90035_1.23823
2.04288_2.37429_1.26406
2.19793_2.84959_1.23823
2.36522_3.32072_1.21239
2.53655_3.79039_1.23823
2.72691_4.25008_1.05769
3.02704_4.62754_0.573097
3.46845_4.82173_0.0884988
3.96667_4.84443_-0.0405636
4.46602_4.81985_-0.0663981
4.96514_4.79098_-0.0405636
5.46448_4.7664_-0.0663981
5.96302_4.72893_-0.0922327
6.46123_4.68718_-0.0663981
6.96034_4.6583_-0.0405636
