configuration 6.23696136475_-8.02296829224_-0.990618758317_0.136654585252_12.9709873199_-24.4014968872_-0.713623012343_0.700529939585
length 40.9501
time 6.68462
roughness 0.00105902
6.23696_-8.02297_-2.86743
5.75454_-8.15418_-2.89326
5.271_-8.28123_-2.86743
4.78858_-8.41244_-2.89326
4.30504_-8.53949_-2.86743
3.82261_-8.6707_-2.89326
3.33908_-8.79775_-2.86743
2.85665_-8.92896_-2.89326
2.37312_-9.05601_-2.86743
1.89302_-9.19551_-2.84159
1.41976_-9.3554_-2.76411
0.964453_-9.55897_-2.63505
0.529389_-9.80529_-2.60921
0.100833_-10.0628_-2.58338
-0.325489_-10.3239_-2.60921
-0.758416_-10.5739_-2.63505
-1.09933_-10.7723_-2.57388
-1.4675_-11.0891_-2.13917
-1.73297_-11.5128_-2.11334
-1.98741_-11.9431_-2.08751
-2.23812_-12.3757_-2.11334
-2.49256_-12.806_-2.08751
-2.74328_-13.2386_-2.11334
-2.99772_-13.6689_-2.08751
-3.24844_-14.1015_-2.11334
-3.50287_-14.5318_-2.08751
-3.75359_-14.9644_-2.11334
-4.0154_-15.3903_-2.13917
-4.28087_-15.8139_-2.11334
-4.5353_-16.2443_-2.08751
-4.78602_-16.6768_-2.11334
-5.04783_-17.1027_-2.13917
-5.3133_-17.5264_-2.11334
-5.56773_-17.9567_-2.08751
-5.81845_-18.3893_-2.11334
-5.99907_-18.8364_-1.62874
-5.98137_-19.3301_-1.34577
-5.83387_-19.8036_-1.11392
-5.69611_-20.0877_-1.13024
-5.42413_-20.4859_-0.645643
-4.99795_-20.7116_-0.161045
-4.50297_-20.7789_-0.0835634
-4.00442_-20.8164_-0.0577289
-3.50508_-20.8409_-0.0318943
-3.00554_-20.8612_-0.0577289
-2.50619_-20.8857_-0.0318943
-2.00665_-20.9059_-0.0577289
-1.5073_-20.9305_-0.0318943
-1.00776_-20.9507_-0.0577289
-0.508417_-20.9753_-0.0318943
-0.00887731_-20.9955_-0.0577289
0.490469_-21.0201_-0.0318943
0.990009_-21.0403_-0.0577289
1.48936_-21.0649_-0.0318943
1.98889_-21.0851_-0.0577289
2.48774_-21.1183_-0.0835634
2.98629_-21.1557_-0.0577289
3.48564_-21.1802_-0.0318943
3.98518_-21.2005_-0.0577289
4.48403_-21.2336_-0.0835634
4.98257_-21.2711_-0.0577289
5.48192_-21.2956_-0.0318943
5.98146_-21.3159_-0.0577289
6.48031_-21.349_-0.0835634
6.97885_-21.3864_-0.0577289
7.4782_-21.411_-0.0318943
7.97774_-21.4312_-0.0577289
8.47659_-21.4644_-0.0835634
8.97514_-21.5018_-0.0577289
9.47448_-21.5263_-0.0318943
9.97402_-21.5466_-0.0577289
10.4729_-21.5797_-0.0835634
10.9714_-21.6172_-0.0577289
11.4708_-21.6417_-0.0318943
11.9703_-21.662_-0.0577289
12.4586_-21.7365_-0.340697
12.8819_-21.9674_-0.825295
13.149_-22.369_-1.30989
13.2227_-22.855_-1.64374
13.1735_-23.3521_-1.72122
13.0943_-23.8458_-1.74705
13.0194_-24.3397_-1.66957
