configuration 32.0634506226_7.0565199852_0.870200588927_0.492697610133_0.864893198013_0.272379875183_-0.736733996813_0.676182680893
length 36.1703
time 1.6735
roughness 0.00108568
32.0635_7.05652_2.11122
31.8025_7.48299_2.13705
31.5307_7.90258_2.16289
31.2481_8.31501_2.18872
31.0262_8.64108_2.12755
30.7099_9.00509_2.61215
30.2604_9.17982_3.09675
29.7813_9.12506_3.58135
29.3396_8.89354_3.71041
28.916_8.62789_3.68457
28.4902_8.3659_3.71041
28.0667_8.10024_3.68457
27.6409_7.83825_3.71041
27.2174_7.57259_3.68457
26.7916_7.3106_3.71041
26.368_7.04494_3.68457
25.9422_6.78295_3.71041
25.5187_6.5173_3.68457
25.0929_6.2553_3.71041
24.6694_5.98965_3.68457
24.2436_5.72765_3.71041
23.82_5.462_3.68457
23.3942_5.2_3.71041
22.9707_4.93435_3.68457
22.5449_4.67235_3.71041
22.2061_4.47159_3.60852
21.7456_4.31692_3.17381
21.2458_4.30512_3.14798
20.7459_4.30623_3.12215
20.246_4.31164_3.14798
19.746_4.31276_3.12215
19.2461_4.31817_3.14798
18.7461_4.31929_3.12215
18.2462_4.3247_3.14798
17.7463_4.32581_3.12215
17.2463_4.33123_3.14798
16.7464_4.33234_3.12215
16.2465_4.33776_3.14798
15.7465_4.33887_3.12215
15.2466_4.34429_3.14798
14.7467_4.3454_3.12215
14.2467_4.35082_3.14798
13.7468_4.35193_3.12215
13.2469_4.35735_3.14798
12.7469_4.35846_3.12215
12.247_4.36388_3.14798
11.7471_4.36499_3.12215
11.2471_4.37041_3.14798
10.7472_4.37152_3.12215
10.2473_4.37694_3.14798
9.74732_4.37805_3.12215
9.2474_4.38347_3.14798
8.74745_4.38458_3.12215
8.2477_4.3986_3.09631
7.74808_4.41693_3.12215
7.24816_4.42235_3.14798
6.74827_4.41485_3.17381
6.45905_4.40986_3.12896
5.96414_4.37797_3.36081
5.47711_4.26505_3.38664
4.99316_4.13959_3.41248
4.51031_4.00996_3.38664
4.02635_3.8845_3.41248
3.5435_3.75488_3.38664
3.05955_3.62942_3.41248
2.62112_3.42859_3.89707
2.29484_3.05774_4.18004
2.05249_2.62092_4.25752
1.82898_2.17371_4.23169
1.60163_1.72845_4.25752
1.37812_1.28124_4.23169
1.15077_0.835974_4.25752
0.976256_0.373881_4.54049
