configuration -11.6824054718_1.45032453537_1.45032453537_1.45032453537_24.2991828918_-14.4915781021_0.382683601539_0.382683601539
length 50.4638
time 27.0059
roughness 0.00287433
-11.6824_1.45032_2.22212
-11.6824_1.45032_1.82942
-11.6824_1.45032_1.43672
-11.5212_1.92024_1.04402
-11.5212_1.92024_1.04402
-11.1925_2.29271_0.651323
-10.7462_2.51102_0.258624
-10.2538_2.59333_0.0726087
-9.75475_2.62445_0.0519403
-9.2552_2.64525_0.031272
-8.75963_2.66603_0.134614
-8.28979_2.82747_0.527313
-7.88991_3.12582_0.754665
-7.52922_3.47208_0.775333
-7.17577_3.82572_0.796002
-6.82232_4.17936_0.775333
-6.54868_4.45055_0.0932771
-6.07258_4.59243_0.485976
-5.67343_4.89023_0.796002
-5.31998_5.24387_0.775333
-4.96653_5.59751_0.796002
-4.62046_5.95839_0.81667
-4.35269_6.23483_0.0932771
-3.87659_6.37671_0.485976
-3.45868_6.6499_0.671992
-3.0642_6.95711_0.651323
-2.54498_7.37345_0.403303
-2.06038_7.4857_0.0519403
-1.56082_7.5065_0.031272
-1.06126_7.52729_0.0519403
-0.756597_7.54834_-0.464769
-0.29886_7.34771_-0.361427
0.166976_7.16608_-0.382096
0.632812_6.98446_-0.361427
0.632812_6.98446_-0.361427
1.08611_6.77449_-0.506106
1.5209_6.5276_-0.526774
1.95568_6.28071_-0.506106
2.39046_6.03382_-0.526774
2.82525_5.78694_-0.506106
3.19018_5.58718_-0.154743
3.67123_5.45486_-0.382096
4.13322_5.26364_-0.402764
4.59115_5.06292_-0.423432
5.04908_4.8622_-0.402764
5.76249_4.55911_-0.754126
6.17375_4.27828_-0.444101
6.623_4.0588_-0.464769
7.15685_3.81027_-0.630116
7.49342_3.44486_-1.02282
7.72218_3.00075_-1.16749
7.92314_2.54292_-1.14683
8.12411_2.0851_-1.16749
8.31557_1.62322_-1.18816
8.4811_1.2416_-0.795463
8.83475_0.888149_-0.774795
9.18839_0.534697_-0.795463
9.54203_0.181245_-0.774795
9.54203_0.181245_-0.774795
9.8224_-0.228874_-1.16749
10.0139_-0.690754_-1.18816
10.2053_-1.15263_-1.16749
10.3968_-1.61451_-1.18816
10.5883_-2.07639_-1.16749
10.7624_-2.49587_-0.940142
11.128_-2.83224_-0.547442
11.5881_-3.0227_-0.237417
12.0753_-3.13526_-0.216749
12.5624_-3.24783_-0.237417
13.0472_-3.37044_-0.258085
13.4266_-3.4618_-0.898805
13.6998_-3.87971_-1.08482
13.9288_-4.3242_-1.10549
14.1485_-4.77333_-1.12616
14.3682_-5.22246_-1.10549
14.7268_-5.9335_-0.795463
14.9987_-6.34933_-1.18816
15.1709_-6.81866_-1.25017
15.3235_-7.29477_-1.27084
15.5583_-8.04099_-1.10549
15.6903_-8.51992_-1.49819
15.7214_-9.01895_-1.51886
15.7422_-9.5185_-1.53952
15.763_-10.0181_-1.51886
15.7838_-10.5176_-1.53952
15.8064_-10.9532_-0.402764
15.8064_-10.9532_-0.402764
16.2684_-11.1444_-0.382096
16.7304_-11.3356_-0.402764
17.1923_-11.5268_-0.382096
17.6543_-11.7181_-0.402764
18.1163_-11.9093_-0.382096
18.5783_-12.1005_-0.402764
19.0403_-12.2917_-0.382096
19.5023_-12.4829_-0.402764
19.9642_-12.6741_-0.382096
20.4262_-12.8653_-0.402764
20.8882_-13.0566_-0.382096
21.3502_-13.2478_-0.402764
21.7605_-13.5279_-0.795463
22.067_-13.9216_-1.02282
22.3319_-14.3456_-1.00215
22.5968_-14.7697_-1.02282
22.8064_-15.1279_-0.402764
23.2926_-15.2297_-0.0100648
23.7808_-15.1377_0.382634
24.2142_-14.8913_0.651323
24.4453_-14.6723_0.547981
