configuration -1.36608982086_8.91640663147_-0.333444235273_0.942769824487_9.04581165314_-18.3528499603_-0.788205594687_0.615412008742
length 42.7647
time 19.4578
roughness 0.00302444
-1.36609_8.91641_-0.679909
-0.930564_8.67608_-0.328547
-0.459009_8.50987_-0.349215
0.00901029_8.33395_-0.369883
0.455748_8.111_-0.555899
0.883158_7.85155_-0.53523
1.31057_7.59211_-0.555899
1.77559_7.41731_-0.1632
2.27364_7.38229_0.0228156
2.77336_7.39886_0.043484
3.26436_7.32322_-0.349215
3.72858_7.13769_-0.41122
4.1848_6.9331_-0.431889
4.66787_6.81716_-0.0391895
5.16643_6.84402_0.146826
5.66177_6.91205_0.126157
6.15734_6.87721_-0.266542
6.60185_6.65538_-0.659241
6.94369_6.29322_-0.969266
7.19588_5.86199_-1.11394
7.42107_5.41558_-1.09328
7.64625_4.96917_-1.11394
7.77421_4.48914_-1.50664
7.8011_3.98987_-1.52731
7.828_3.4906_-1.50664
7.8549_2.99133_-1.52731
7.88179_2.49207_-1.50664
7.90869_1.9928_-1.52731
7.93558_1.49353_-1.50664
7.96248_0.994266_-1.52731
7.98937_0.494998_-1.50664
8.11733_0.0149664_-1.11394
8.38679_-0.404936_-0.886593
8.69879_-0.795636_-0.907261
9.07524_-1.11981_-0.514562
9.54709_-1.27524_-0.121863
10.0425_-1.23827_0.270836
10.0425_-1.23827_-0.121863
10.3157_-1.32825_-0.514562
10.5931_-1.56712_-0.907261
10.9695_-1.89129_-0.514562
11.4414_-2.04672_-0.121863
11.9391_-2.03021_0.188163
12.4359_-2.03428_-0.204537
12.8933_-2.22814_-0.597236
13.2417_-2.58229_-0.989935
13.5453_-2.97902_-0.845256
13.8732_-3.35649_-0.865924
14.2011_-3.73396_-0.845256
14.5367_-4.10458_-0.824588
14.8799_-4.46818_-0.803919
15.2231_-4.83178_-0.824588
15.5509_-5.2092_-0.886593
15.8709_-5.59337_-0.865924
16.1909_-5.97753_-0.886593
16.4238_-6.41637_-1.27929
16.471_-6.91092_-1.67199
16.3847_-7.40298_-1.81667
16.1812_-7.85686_-2.16803
15.9043_-8.27319_-2.14736
15.6274_-8.68951_-2.16803
15.342_-9.10002_-2.1887
15.0565_-9.51053_-2.16803
14.7797_-9.92686_-2.14736
14.7797_-9.92686_-2.54006
14.5394_-10.0299_-2.93276
14.0949_-10.0355_-3.32546
14.0949_-10.0355_-3.4288
13.6551_-9.80449_-3.8215
13.5903_-9.75947_-3.67682
13.5903_-9.75947_-3.61482
13.1124_-9.62367_-3.22212
12.619_-9.68108_-2.82942
12.1519_-9.85893_-2.72608
11.7452_-10.1443_-2.33338
11.4787_-10.5635_-1.94068
11.3523_-11.0462_-1.71333
11.379_-11.5423_-1.32063
11.5374_-12.0161_-1.17595
11.6539_-12.4197_-1.4033
11.6396_-12.9163_-1.796
11.4737_-13.3868_-2.02335
11.2505_-13.8342_-2.04402
11.0272_-14.2816_-2.02335
10.8039_-14.729_-2.04402
10.5807_-15.1763_-2.02335
10.3667_-15.6282_-2.00268
10.1527_-16.0801_-2.02335
9.92948_-16.5275_-2.04402
9.70621_-16.9749_-2.02335
9.49224_-17.4268_-2.00268
9.27827_-17.8787_-2.02335
9.05501_-18.326_-2.04402
