configuration -26.5221767426_12.7890510559_0.0_1.0_-6.20937108994_31.1862716675_0.294171904018_0.955752525964
length 38.7983
time 12.1582
roughness 0.00484447
-26.5222_12.7891_-0
-26.0282_12.7223_-0.268689
-25.5448_12.5945_-0.24802
-25.0614_12.4668_-0.268689
-24.5659_12.4309_0.12401
-24.0944_12.5873_0.516709
-23.679_12.8649_0.661388
-23.235_13.0877_0.268689
-22.7395_13.1236_-0.12401
-22.2519_13.0161_-0.310026
-21.7843_12.9627_0.0826735
-21.6837_12.9915_0.475373
-21.6019_13.0566_0.868072
-21.213_13.3657_0.475373
-20.7354_13.5026_0.0826735
-20.2367_13.4871_-0.144679
-19.7406_13.5128_0.24802
-19.2921_13.7263_0.64072
-18.936_14.0752_0.909408
-18.6168_14.46_0.847403
-18.282_14.8313_0.826735
-17.9472_15.2026_0.847403
-17.552_15.5037_0.454704
-17.0717_15.6306_0.0620051
-16.5794_15.5641_-0.330694
-16.1048_15.4066_-0.310026
-15.8304_15.2545_-0.702725
-15.8304_15.2545_-1.09542
-15.5213_14.8656_-0.702725
-15.0868_14.6246_-0.310026
-14.5932_14.5683_0.0826735
-14.5932_14.5683_-0.310026
-14.5932_14.5683_-0.702725
-14.5932_14.5683_-1.09542
-14.5932_14.5683_-0.702725
-14.3874_14.4542_-0.310026
-13.8939_14.3978_0.0826735
-13.4163_14.5346_0.475373
-13.0274_14.8438_0.868072
-12.7865_15.2783_1.26077
-12.5455_15.7127_0.868072
-12.2263_16.0976_0.88874
-11.9152_16.4889_0.909408
-11.6924_16.933_1.30211
-11.6565_17.4285_1.69481
-11.7553_17.7263_2.08751
-12.0412_18.1356_2.27352
-12.3604_18.5204_2.25285
-12.6796_18.9053_2.27352
-13.0684_19.2144_2.66622
-13.5316_19.4007_2.85224
-14.0123_19.5384_2.8729
-14.4563_19.7612_2.4802
-14.7813_20.137_2.08751
-14.9378_20.6085_1.69481
-15.0352_21.0985_1.83949
-15.163_21.5819_1.81882
-15.2907_22.0653_1.83949
-15.3266_22.5608_1.44679
-15.1702_23.0323_1.05409
-14.9011_23.4535_0.950745
-14.9011_23.4535_1.34344
-14.8866_23.9239_1.73614
-15.0531_24.3641_2.12884
-15.2289_24.8287_1.73614
-15.2135_25.3253_1.34344
-15.0092_25.7782_0.950745
-14.6751_26.1487_0.723393
-14.3038_26.4835_0.744061
-13.9325_26.8183_0.723393
-13.5543_27.1454_0.702725
-13.1761_27.4725_0.723393
-12.798_27.7995_0.702725
-12.3831_28.0767_0.475373
-11.9362_28.301_0.454704
-11.4893_28.5252_0.475373
-11.0337_28.7307_0.372031
-10.5699_28.9172_0.392699
-10.106_29.1038_0.372031
-9.65492_29.3185_0.516709
-9.21768_29.561_0.496041
-8.77551_29.7944_0.475373
-8.33335_30.0278_0.496041
-7.8961_30.2704_0.516709
-7.45886_30.5129_0.496041
-7.01669_30.7463_0.475373
-6.57453_30.9797_0.496041
-6.21067_31.1914_0.558046
