configuration -1.36608982086_8.91640663147_-0.333444235273_0.942769824487_9.04581165314_-18.3528499603_-0.788205594687_0.615412008742
length 34.8058
time 6.7567
roughness 0.004162
-1.36609_8.91641_-0.679909
-0.974054_8.60609_-0.659241
-0.575689_8.30393_-0.638572
-0.177323_8.00178_-0.659241
0.221042_7.69963_-0.638572
0.619408_7.39748_-0.659241
0.891479_7.19371_-1.25862
1.13336_6.75978_-0.865924
1.51693_6.44305_-0.514562
1.97891_6.24695_-0.369883
2.39817_5.98044_-0.762583
2.7335_5.61014_-0.907261
3.03736_5.21308_-0.92793
3.34122_4.81601_-0.907261
3.65322_4.42531_-0.886593
3.87476_4.13356_-1.3413
4.07998_3.68114_-0.948598
4.39185_3.29061_-0.845256
4.72746_2.91999_-0.824588
5.07066_2.55639_-0.803919
5.41386_2.19279_-0.824588
5.69611_1.87472_-0.700577
6.10029_1.58112_-0.555899
6.5277_1.32167_-0.53523
6.95511_1.06223_-0.555899
7.38252_0.802781_-0.53523
7.80993_0.543335_-0.555899
8.19212_0.299051_-0.328547
8.64769_0.0947561_-0.514562
9.08546_-0.146805_-0.493894
9.52322_-0.388367_-0.514562
9.96099_-0.629928_-0.493894
10.4037_-0.862391_-0.473225
10.6693_-1.00834_-1.36197
10.7781_-1.49637_-1.3413
10.8868_-1.9844_-1.36197
10.9955_-2.47243_-1.3413
11.1042_-2.96046_-1.36197
11.2028_-3.45064_-1.38263
11.2685_-3.75118_-0.493894
11.6516_-4.0675_-0.886593
11.903_-4.49738_-1.19662
12.0906_-4.96087_-1.17595
12.2781_-5.42435_-1.19662
12.4763_-5.94658_-0.493894
12.8594_-6.2629_-0.886593
13.0923_-6.70174_-1.27929
13.1395_-7.19629_-1.67199
13.0431_-7.68618_-1.85801
12.8965_-8.1642_-1.87867
12.7301_-8.63665_-1.85801
12.5169_-9.08674_-2.16803
12.2315_-9.49725_-2.1887
11.9461_-9.90776_-2.16803
11.6606_-10.3183_-2.1887
11.3752_-10.7288_-2.16803
11.1282_-11.0812_-1.85801
11.0115_-11.5672_-1.75466
10.9252_-12.0597_-1.734
10.8491_-12.5538_-1.71333
10.7729_-13.048_-1.734
10.6866_-13.5405_-1.75466
10.6013_-14.0268_-1.65132
10.4655_-14.5047_-2.04402
10.1892_-14.9201_-2.27137
9.87085_-15.3056_-2.25071
9.55249_-15.6912_-2.27137
9.2791_-16.0035_-1.65132
9.23373_-16.5014_-1.67199
9.17808_-16.9983_-1.69266
9.11218_-17.4939_-1.71333
9.02474_-18.2345_-1.44464
