configuration -11.6824054718_1.45032453537_1.45032453537_1.45032453537_24.2991828918_-14.4915781021_0.382683601539_0.382683601539
length 48.5547
time 77.6539
roughness 0.00216149
-11.6824_1.45032_2.22212
-11.6824_1.45032_1.82942
-11.6824_1.45032_1.43672
-11.6824_1.45032_1.04402
-11.6824_1.45032_1.04402
-11.6824_1.45032_0.651323
-11.6589_1.46181_0.258624
-11.4762_1.47321_-0.134075
-11.4762_1.47321_-0.134075
-10.8827_1.26961_0.0519403
-10.4011_1.39169_0.444639
-10.0867_1.62623_0.837338
-9.9931_1.78348_1.23004
-9.9931_1.78348_1.23004
-9.73891_2.21032_0.837338
-9.35241_2.52436_0.527313
-8.91776_2.77149_0.506645
-8.48311_3.01861_0.527313
-8.13723_3.21054_0.671992
-7.73655_3.50949_0.609986
-7.32971_3.80013_0.630655
-6.92287_4.09077_0.609986
-6.92287_4.09077_0.609986
-6.50443_4.36431_0.547981
-6.08036_4.62919_0.56865
-5.66186_4.90277_0.589318
-5.24336_5.17635_0.56865
-4.81929_5.44123_0.547981
-4.5514_5.61617_0.961349
-4.19302_5.96022_0.961349
-3.83465_6.30427_0.56865
-3.37513_6.49475_0.217287
-2.88804_6.60758_0.237956
-2.40094_6.72041_0.217287
-1.91385_6.83324_0.237956
-1.50305_6.92756_0.630655
-1.05237_7.1366_0.237956
-0.55601_7.15726_-0.154743
-0.0749524_7.02495_-0.382096
0.387031_6.83373_-0.402764
0.844963_6.63301_-0.423432
1.21404_6.46565_-0.733458
1.55229_6.09841_-0.919473
1.8595_5.70393_-0.898805
2.1667_5.30945_-0.919473
2.47391_4.91497_-0.898805
2.78921_4.52692_-0.878136
3.07324_4.16236_-1.10549
3.26454_3.70088_-1.25017
3.42701_3.22802_-1.2295
3.58949_2.75517_-1.25017
3.58949_2.75517_-1.25017
3.71225_2.27092_-1.39485
3.80485_1.77958_-1.37418
3.89746_1.28824_-1.39485
3.99006_0.796898_-1.37418
4.08266_0.305557_-1.39485
4.16587_-0.0989564_-1.00215
4.16587_-0.0989564_-0.609448
4.16587_-0.0989564_-0.423432
4.16587_-0.0989564_-0.402764
4.16587_-0.0989564_-0.402764
4.61949_-0.309068_-0.464769
5.06411_-0.537779_-0.485437
5.50872_-0.76649_-0.464769
5.95334_-0.995201_-0.485437
6.39313_-1.23305_-0.506106
6.78287_-1.44232_-0.258085
7.26996_-1.55487_-0.19608
7.76135_-1.64721_-0.175412
8.25274_-1.73955_-0.19608
8.74212_-1.84202_-0.216749
9.2315_-1.94449_-0.19608
9.58792_-2.0109_-0.712789
9.99995_-2.29225_-0.485437
10.4397_-2.5301_-0.506106
10.8745_-2.77699_-0.526774
11.3093_-3.02388_-0.506106
11.7491_-3.26173_-0.485437
12.1365_-3.47155_-0.258085
12.5829_-3.68962_-0.650784
12.9199_-4.0555_-1.00215
13.1935_-4.474_-0.981478
13.467_-4.89251_-1.00215
13.7406_-5.31101_-0.981478
13.9706_-5.66425_-0.588779
14.3713_-5.96289_-0.692121
14.7529_-6.28593_-0.712789
15.1346_-6.60897_-0.692121
15.5162_-6.93201_-0.712789
15.891_-7.26287_-0.733458
16.2662_-7.594_-0.712789
16.6479_-7.91704_-0.692121
17.0295_-8.24008_-0.712789
17.4111_-8.56312_-0.692121
17.4111_-8.56312_-0.692121
17.7927_-8.88617_-0.712789
18.1744_-9.20921_-0.692121
18.556_-9.53225_-0.712789
18.9376_-9.85529_-0.692121
19.3192_-10.1783_-0.712789
19.6941_-10.5092_-0.733458
20.0164_-10.8895_-1.00215
20.2812_-11.3136_-1.02282
20.5373_-11.743_-1.04348
20.7933_-12.1725_-1.02282
21.2081_-12.85_-0.712789
21.5134_-13.242_-1.10549
21.7237_-13.6955_-1.16749
21.9152_-14.1574_-1.18816
21.9152_-14.1574_-1.18816
22.187_-14.5732_-0.795463
22.5973_-14.8533_-0.402764
23.0835_-14.9552_-0.0100648
23.0835_-14.9552_-0.0100648
23.5717_-14.8631_0.382634
24.0251_-14.6528_0.485976
24.2996_-14.4968_0.547981
24.2996_-14.4968_0.547981
