configuration -26.5221767426_12.7890510559_0.0_1.0_-6.20937108994_31.1862716675_0.294171904018_0.955752525964
length 42.7426
time 7.35828
roughness 0.00579583
-26.5222_12.7891_-0
-26.0282_12.7223_-0.268689
-25.5448_12.5945_-0.24802
-25.0614_12.4668_-0.268689
-24.5659_12.4309_0.12401
-24.0944_12.5873_0.516709
-23.679_12.8649_0.661388
-23.235_13.0877_0.268689
-22.7395_13.1236_-0.12401
-22.2519_13.0161_-0.310026
-21.7843_12.9627_0.0826735
-21.6837_12.9915_0.475373
-21.6019_13.0566_0.868072
-21.2748_13.4348_0.847403
-20.9477_13.8129_0.868072
-20.6207_14.1911_0.847403
-20.2936_14.5693_0.868072
-19.9665_14.9475_0.847403
-19.6395_15.3256_0.868072
-19.6395_15.3256_0.475373
-19.1619_15.4625_0.0826735
-18.6683_15.4061_-0.310026
-18.2338_15.1652_-0.702725
-17.8626_14.8304_-0.76473
-17.638_14.5089_-1.15743
-17.3535_14.1016_-0.76473
-16.9348_13.8342_-0.372031
-16.4457_13.7473_0.0206684
-15.9496_13.804_0.206684
-15.4592_13.9015_0.186015
-14.9669_13.9889_0.165347
-14.4746_14.0763_0.186015
-13.9842_14.1738_0.206684
-13.4939_14.2714_0.186015
-13.2324_14.2687_-0.206684
-13.2324_14.2687_-0.599383
-13.2324_14.2687_-0.992082
-13.2324_14.2687_-1.38478
-13.2324_14.2687_-1.77748
-13.3555_13.9801_-2.17018
-13.3555_13.9801_-2.56288
-13.3555_13.9801_-2.95558
-13.3555_13.9801_-3.34828
-13.3555_13.9801_-3.74098
-13.3555_13.9801_-4.13367
-13.3555_13.9801_-4.52637
-13.3503_14.4768_-4.91907
-13.1555_14.9338_-5.31177
-12.8006_15.2814_-5.70447
-12.4457_15.6291_-5.31177
-12.2128_16.0703_-5.08442
-12.0262_16.5342_-5.10509
-11.9293_17.0214_-4.71239
-12.0262_17.5087_-4.31969
-12.0407_17.5304_-3.92699
-12.4373_17.8325_-3.6583
-12.8694_18.084_-3.67897
-13.3016_18.3355_-3.6583
-13.6773_18.6605_-4.051
-13.9001_19.1045_-4.4437
-13.936_19.6_-4.8364
-13.9719_20.0955_-4.4437
-14.1947_20.5395_-4.051
-14.5059_20.9309_-4.03033
-14.7378_21.3702_-4.42303
-14.7839_21.8649_-4.81573
-14.6765_22.3521_-5.04308
-14.4996_22.8197_-5.10509
-14.3035_23.2796_-5.12576
-14.1074_23.7395_-5.10509
-14.0105_24.2268_-4.71239
-14.0772_24.7208_-4.4437
-14.205_25.2042_-4.46437
-14.2306_25.7003_-4.85707
-14.0645_26.1685_-5.24977
-13.7318_26.5375_-5.64247
-13.7318_26.5375_-5.24977
-13.7318_26.5375_-4.85707
-13.7318_26.5375_-4.46437
-13.7575_27.0336_-4.85707
-13.5913_27.5018_-5.24977
-13.2586_27.8707_-5.64247
-12.8274_28.1217_-5.86982
-12.3716_28.3273_-5.84915
-11.9202_28.5422_-5.82848
-11.4688_28.7571_-5.84915
-11.013_28.9627_-5.86982
-10.5572_29.1683_-5.84915
-10.0744_29.2852_-6.24185
-9.58356_29.2085_-6.63455
-9.13762_28.9848_-6.8619
-8.6767_28.7994_-6.4692
-8.18036_28.7428_-6.32452
-7.68061_28.7273_-6.30385
-7.18107_28.7428_-6.20051
-6.68324_28.7892_-6.17984
-6.18541_28.8356_-6.20051
-5.70783_28.9725_-5.80781
-5.31897_29.2816_-5.41511
-5.07802_29.7161_-5.02241
-5.02167_30.2097_-4.62972
-5.15849_30.6872_-4.23702
-5.46766_31.0761_-3.84432
-5.90211_31.3171_-3.45162
-6.08504_31.4185_-3.84432
-6.08504_31.4185_-4.23702
-6.08504_31.4185_-4.62972
-6.08504_31.4185_-5.02241
