configuration 0.916432738304_-13.7452163696_0.573727795176_0.819046040857_7.25410509109_23.1360397339_0.890376127727_0.455225604699
length 45.4186
time 300
roughness 0.0036894
0.916433_-13.7452_1.2221
0.970657_-13.6558_0.829401
0.970657_-13.6558_0.829401
1.34057_-13.3205_0.643386
1.73748_-13.0164_0.664054
2.13438_-12.7123_0.643386
2.399_-12.5241_0.850069
2.52991_-12.2978_1.24277
2.55144_-12.2219_1.34611
2.55757_-12.1963_1.32544
2.55757_-12.1963_1.32544
2.73371_-11.5857_1.63547
2.70656_-11.0864_1.6148
2.6794_-10.5872_1.63547
2.65225_-10.0879_1.6148
2.62509_-9.58869_1.63547
2.59794_-9.08943_1.6148
2.57534_-8.72191_2.09017
2.57534_-8.72191_1.69747
2.58262_-8.61758_1.30477
2.75757_-8.26655_0.912074
2.75757_-8.26655_0.912074
3.05952_-7.86803_0.932743
3.35316_-7.46336_0.953411
3.64681_-7.05868_0.932743
3.97743_-6.61942_0.312692
4.43169_-6.41308_0.540044
4.85784_-6.15158_0.560712
5.284_-5.89008_0.540044
5.71015_-5.62858_0.560712
6.13631_-5.36708_0.540044
6.53071_-5.121_0.726059
6.86382_-4.74956_0.953411
7.14045_-4.33316_1.01542
7.39537_-3.92479_0.994748
7.62836_-3.57408_0.97408
7.62836_-3.57408_0.97408
7.84125_-3.12388_1.28411
7.97767_-2.64286_1.30477
8.11409_-2.16184_1.28411
8.25052_-1.68082_1.30477
8.36482_-1.22535_1.69747
8.28632_-0.731631_1.75948
8.18747_-0.241509_1.78015
8.08862_0.248613_1.75948
7.98977_0.738735_1.78015
7.88081_1.22671_1.80081
7.78349_1.44097_2.19351
7.83286_1.47696_2.99958
7.83286_1.47696_2.60688
7.67714_1.61662_2.21418
7.49629_1.99386_1.82148
7.49629_1.99386_1.82148
7.41789_2.48695_1.63547
7.39073_2.9862_1.6148
7.3739_3.48591_1.59413
7.35707_3.98562_1.6148
7.32991_4.48487_1.63547
7.32096_4.57335_0.560712
7.70695_5.11702_1.34611
7.72102_5.61361_1.73881
7.60211_6.09882_1.88349
7.44339_6.57295_1.90416
7.28467_7.04708_1.88349
7.12596_7.52121_1.90416
7.00357_7.89448_1.88349
6.88465_8.37969_1.73881
6.79595_8.87175_1.75948
6.6971_9.36187_1.78015
6.59825_9.85199_1.75948
6.50955_10.3441_1.73881
6.443_10.7023_1.90416
6.37515_11.1945_1.51146
6.50079_11.6751_1.11876
6.75965_12.102_0.932743
7.0616_12.5006_0.912074
7.36354_12.8991_0.932743
7.73687_13.4044_0.829401
7.73687_13.4044_0.829401
8.41675_13.7668_0.829401
8.89926_13.885_0.829401
9.26082_14.0251_0.436702
9.71167_14.2413_0.45737
10.1625_14.4574_0.436702
10.6134_14.6736_0.45737
11.0597_14.899_0.478039
11.1543_14.9486_1.32544
11.3666_15.3977_0.932743
11.7074_15.7621_0.705391
12.0978_16.0743_0.643386
12.2356_16.183_1.42878
12.2086_16.679_1.82148
12.0404_17.1491_2.0075
11.8243_17.6_2.02817
11.6081_18.0508_2.0075
11.2711_18.7351_2.29686
10.9353_19.1056_2.31752
10.5995_19.476_2.29686
10.2636_19.8465_2.31752
10.2636_19.8465_2.31752
9.92026_20.2099_2.33819
9.56944_20.5661_2.35886
9.21132_20.9151_2.37953
8.85321_21.264_2.35886
8.50238_21.6202_2.33819
8.14716_21.9663_2.4002
7.77493_22.3001_2.42087
7.4027_22.6339_2.4002
7.03048_22.9678_2.42087
7.03048_22.9678_2.42087
