configuration -11.6824054718_1.45032453537_1.45032453537_1.45032453537_24.2991828918_-14.4915781021_0.382683601539_0.382683601539
length 50.216
time 1.72334
roughness 0.00270152
-11.6824_1.45032_2.22212
-11.6824_1.45032_1.82942
-11.684_1.47642_1.43672
-11.5398_1.89687_1.04402
-11.5398_1.89687_1.04402
-11.2111_2.26934_0.651323
-10.7648_2.48765_0.258624
-10.269_2.51857_-0.134075
-10.269_2.51857_-0.134075
-9.77316_2.54949_0.258624
-9.57277_2.61374_0.361966
-9.57277_2.61374_0.258624
-9.57277_2.61374_0.258624
-9.09686_2.76634_0.361966
-8.63113_2.94822_0.382634
-8.16539_3.1301_0.361966
-8.16539_3.1301_0.361966
-7.73247_3.37623_0.671992
-7.34442_3.69153_0.69266
-6.96297_4.01478_0.713328
-6.96297_4.01478_0.713328
-6.5311_4.26032_0.320629
-6.03814_4.3219_-0.0720699
-5.54087_4.27046_-0.134075
-5.54087_4.27046_-0.134075
-5.54087_4.27046_0.258624
-5.21205_4.43132_0.651323
-4.88331_4.80379_1.04402
-4.88331_4.80379_1.04402
-4.55457_5.17626_0.651323
-4.13642_5.44961_0.506645
-3.69676_5.68769_0.485976
-3.69676_5.68769_0.485976
-3.69676_5.68769_0.878675
-3.51018_6.03268_1.27137
-3.46983_6.4228_1.66407
-3.46983_6.4228_1.66407
-3.41871_6.91696_1.27137
-3.18238_7.35394_0.878675
-2.79682_7.66722_0.485976
-2.79682_7.66722_0.485976
-2.32072_7.8091_0.0932771
-1.82656_7.75798_-0.299422
-1.38422_7.53044_-0.650784
-1.38422_7.53044_-0.650784
-0.996057_7.2154_-0.712789
-0.614435_6.89236_-0.692121
-0.232813_6.56932_-0.712789
-0.232813_6.56932_-0.712789
0.142052_6.23846_-0.733458
0.509998_5.89993_-0.754126
0.877945_5.56139_-0.733458
0.877945_5.56139_-0.733458
1.25951_5.2384_-0.671453
1.64773_4.92331_-0.692121
2.03595_4.60823_-0.671453
2.03595_4.60823_-0.671453
2.42416_4.29314_-0.692121
2.80579_3.9701_-0.712789
3.18741_3.64706_-0.692121
3.18741_3.64706_-0.692121
3.5552_3.30867_-0.795463
3.90884_2.95522_-0.774795
4.26248_2.60176_-0.795463
4.26248_2.60176_-0.795463
4.63027_2.26337_-0.692121
5.01189_1.94033_-0.712789
5.39352_1.61729_-0.692121
5.39352_1.61729_-0.692121
5.77514_1.29425_-0.712789
6.15676_0.971209_-0.692121
6.53838_0.648168_-0.712789
6.53838_0.648168_-0.712789
6.92001_0.325127_-0.692121
7.30163_0.00208543_-0.712789
7.68325_-0.320956_-0.692121
7.68325_-0.320956_-0.692121
8.09557_-0.602505_-0.506106
8.53537_-0.840356_-0.485437
8.97516_-1.07821_-0.506106
8.97516_-1.07821_-0.506106
9.37487_-1.37609_-0.774795
9.73574_-1.72215_-0.754126
10.0966_-2.06822_-0.774795
10.0966_-2.06822_-0.774795
10.4503_-2.42167_-0.795463
10.7965_-2.78236_-0.816131
11.1428_-3.14304_-0.795463
11.1428_-3.14304_-0.795463
11.5036_-3.48906_-0.733458
11.8715_-3.8276_-0.754126
12.2324_-4.17367_-0.774795
12.2324_-4.17367_-0.774795
12.6321_-4.47155_-0.506106
13.0669_-4.71844_-0.526774
13.5017_-4.96532_-0.506106
13.5017_-4.96532_-0.506106
13.8809_-5.2863_-0.898805
14.1084_-5.72795_-1.2915
14.1495_-6.22303_-1.6842
14.1495_-6.22303_-1.6842
14.1907_-6.71812_-1.2915
14.4182_-7.15977_-0.898805
14.7639_-7.51994_-0.712789
14.7639_-7.51994_-0.712789
15.1959_-7.76525_-0.32009
15.6889_-7.82657_0.0726087
16.1679_-7.69456_0.465308
16.1679_-7.69456_0.465308
16.6468_-7.56254_0.0726087
17.1398_-7.62386_-0.32009
17.5718_-7.86917_-0.712789
17.5718_-7.86917_-0.712789
17.9397_-8.20766_-0.774795
18.2933_-8.56111_-0.795463
18.647_-8.91456_-0.774795
18.647_-8.91456_-0.774795
19.0006_-9.26801_-0.795463
19.3543_-9.62147_-0.774795
19.7079_-9.97492_-0.795463
19.7079_-9.97492_-0.795463
20.0615_-10.3284_-0.774795
20.4152_-10.6818_-0.795463
20.7688_-11.0353_-0.774795
20.7688_-11.0353_-0.774795
21.0492_-11.4454_-1.16749
21.1513_-11.9316_-1.56019
21.0595_-12.4198_-1.95289
21.0595_-12.4198_-1.95289
20.9576_-12.9067_-1.60153
20.9577_-13.4066_-1.53952
20.9682_-13.9065_-1.56019
20.9682_-13.9065_-1.56019
21.0703_-14.3927_-1.16749
21.3506_-14.8028_-0.774795
21.7666_-15.0744_-0.382096
21.7666_-15.0744_-0.382096
22.2548_-15.1662_0.0106036
22.7437_-15.074_0.361966
23.2131_-14.9018_0.341298
23.2131_-14.9018_0.341298
23.6825_-14.7296_0.361966
24.1482_-14.5477_0.382634
24.1482_-14.5477_0.382634
