configuration -26.5221767426_12.7890510559_0.0_1.0_-6.20937108994_31.1862716675_0.294171904018_0.955752525964
length 39.7301
time 1.81516
roughness 0.00469512
-26.5222_12.7891_-0
-26.0349_12.886_0.392699
-25.5986_13.128_0.620051
-25.1887_13.4143_0.599383
-25.1887_13.4143_0.599383
-24.7977_13.7252_0.744061
-24.4333_14.0676_0.76473
-24.069_14.41_0.744061
-24.069_14.41_0.744061
-23.6449_14.6687_0.351362
-23.1541_14.7454_-0.0413367
-22.6712_14.6284_-0.434036
-22.6712_14.6284_-0.434036
-22.1884_14.5115_-0.0413367
-21.6898_14.5372_0.144679
-21.1943_14.6042_0.12401
-21.1943_14.6042_0.12401
-20.7228_14.7607_0.516709
-20.347_15.0856_0.909408
-20.0523_15.4895_0.971414
-20.0523_15.4895_0.971414
-19.7833_15.9108_1.03342
-19.5318_16.3429_1.05409
-19.2803_16.7751_1.03342
-19.2803_16.7751_1.03342
-18.9476_17.144_0.64072
-18.4991_17.3576_0.24802
-18.0029_17.3833_-0.144679
-18.0029_17.3833_-0.144679
-17.5348_17.2171_-0.537378
-17.1658_16.8844_-0.930077
-16.9522_16.4359_-1.32278
-16.9522_16.4359_-1.32278
-16.7387_15.9873_-0.930077
-16.3697_15.6547_-0.537378
-15.9015_15.4885_-0.144679
-15.9015_15.4885_-0.144679
-15.4137_15.3809_-0.289357
-14.936_15.2333_-0.310026
-14.4614_15.0759_-0.330694
-14.4614_15.0759_-0.330694
-13.9691_15.0093_0.0620051
-13.4758_15.0864_0.24802
-12.9924_15.2142_0.268689
-12.9924_15.2142_0.268689
-12.8756_15.2728_0.661388
-12.5506_15.6485_1.05409
-12.3941_16.1201_1.44679
-12.3941_16.1201_1.44679
-12.389_16.619_1.67414
-12.4559_17.1144_1.73614
-12.5209_17.5304_1.71547
-12.5209_17.5304_1.71547
-12.5364_18.0291_1.48812
-12.5003_18.5277_1.50879
-12.4744_19.0271_1.52946
-12.4744_19.0271_1.52946
-12.5511_19.5179_1.92216
-12.8013_19.9478_2.27352
-13.0829_20.2237_2.45954
-13.0829_20.2237_2.45954
-13.4321_20.5801_2.23218
-13.7351_20.9778_2.21152
-14.0298_21.3817_2.19085
-14.0298_21.3817_2.19085
-14.234_21.8345_1.79815
-14.2803_22.3309_1.52946
-14.2648_22.8306_1.55013
-14.2648_22.8306_1.55013
-14.2082_23.3267_1.36411
-14.0805_23.8099_1.26077
-14.0716_23.8878_1.65347
-14.0716_23.8878_1.65347
-14.1589_24.3794_1.83949
-14.1589_24.3794_1.83949
-14.3356_24.8464_2.0255
-14.5505_25.2978_2.00483
-14.7654_25.7493_2.0255
-14.7654_25.7493_2.0255
-14.8924_26.2296_1.6328
-14.8258_26.7219_1.2401
-14.5759_27.1513_0.847403
-14.5759_27.1513_0.847403
-14.1926_27.4692_0.537378
-13.7658_27.7295_0.558046
-13.3444_27.9987_0.578714
-13.3444_27.9987_0.578714
-12.8835_28.184_0.186015
-12.3912_28.2714_0.165347
-11.8972_28.3486_0.144679
-11.8972_28.3486_0.144679
-11.429_28.5148_0.537378
-11.0021_28.7751_0.558046
-10.5753_29.0355_0.537378
-10.5753_29.0355_0.537378
-10.1071_29.2016_0.144679
-9.61098_29.176_-0.24802
-9.16244_28.9624_-0.64072
-9.16244_28.9624_-0.64072
-8.71389_28.7489_-0.24802
-8.21776_28.7232_0.144679
-7.74958_28.8894_0.537378
-7.74958_28.8894_0.537378
-7.38062_29.222_0.930077
-7.16705_29.6706_1.32278
-7.14139_30.1667_1.71547
-7.14139_30.1667_1.71547
-7.14139_30.1667_1.32278
-7.06271_30.332_0.930077
-6.90736_30.472_0.537378
-6.90736_30.472_0.537378
-6.5384_30.8047_0.930077
-6.34731_31.206_1.32278
-6.34731_31.206_0.930077
-6.34731_31.206_0.930077
