configuration -26.5221767426_12.7890510559_0.0_1.0_-6.20937108994_31.1862716675_0.294171904018_0.955752525964
length 38.5261
time 1.04559
roughness 0.00292902
-26.5222_12.7891_-0
-26.0349_12.886_0.392699
-25.6157_13.1537_0.744061
-25.2444_13.4885_0.723393
-25.2444_13.4885_0.723393
-24.8532_13.7996_0.620051
-24.4493_14.0943_0.64072
-24.0454_14.389_0.620051
-24.0454_14.389_0.620051
-23.6748_14.7231_0.847403
-23.34_15.0944_0.826735
-23.0052_15.4658_0.847403
-23.0052_15.4658_0.847403
-22.6861_15.8506_0.909408
-22.3749_16.242_0.88874
-22.0637_16.6333_0.909408
-22.0637_16.6333_0.909408
-21.7292_17.0043_0.76473
-21.3649_17.3468_0.744061
-21.0005_17.6892_0.76473
-21.0005_17.6892_0.76473
-20.5819_17.9566_0.372031
-20.094_18.0536_0.0206684
-19.5942_18.0691_0.0413367
-19.5942_18.0691_0.0413367
-19.1034_17.9924_-0.351362
-18.6626_17.7597_-0.620051
-18.2527_17.4734_-0.599383
-18.2527_17.4734_-0.599383
-17.8114_17.2405_-0.372031
-17.3476_17.0539_-0.392699
-16.8876_16.8578_-0.413367
-16.8876_16.8578_-0.413367
-16.451_16.6157_-0.599383
-16.0411_16.3294_-0.620051
-15.6312_16.043_-0.599383
-15.6312_16.043_-0.599383
-15.6312_16.043_-0.206684
-15.6312_16.043_-0.206684
-15.1742_15.8482_-0.599383
-14.8266_15.4933_-0.992082
-14.6412_15.0324_-1.38478
-14.6412_15.0324_-1.38478
-14.6412_15.0324_-0.992082
-14.4217_14.8082_-0.599383
-14.0128_14.6339_-0.206684
-14.0128_14.6339_-0.206684
-13.516_14.6288_0.186015
-13.0551_14.8141_0.578714
-12.7002_15.1618_0.971414
-12.7002_15.1618_0.971414
-12.5053_15.6188_1.36411
-12.459_16.1155_1.59146
-12.4745_16.6153_1.61213
-12.4745_16.6153_1.61213
-12.4079_17.1082_1.26077
-12.2504_17.5828_1.2401
-12.093_18.0573_1.26077
-12.093_18.0573_1.26077
-12.0161_18.5494_1.5708
-12.0109_19.0493_1.55013
-11.9954_19.5491_1.52946
-11.9954_19.5491_1.52946
-12.0621_20.042_1.88082
-12.2097_20.5197_1.86015
-12.3573_20.9974_1.88082
-12.3573_20.9974_1.88082
-12.485_21.4806_1.77748
-12.5926_21.9689_1.79815
-12.7103_22.4548_1.81882
-12.7103_22.4548_1.81882
-12.8773_22.9253_2.00483
-13.0829_23.3811_1.98416
-13.279_23.8411_1.9635
-13.279_23.8411_1.9635
-13.5383_24.2662_2.27352
-13.8654_24.6444_2.29419
-13.8654_24.6444_2.29419
-14.1153_25.0738_1.90149
-14.1818_25.5661_1.50879
-14.0549_26.0464_1.11609
-14.0549_26.0464_1.11609
-13.8493_26.5021_1.1781
-13.6628_26.966_1.19877
-13.4859_27.4336_1.21943
-13.4859_27.4336_1.21943
-13.2272_27.8577_0.826735
-12.8259_28.1506_0.434036
-12.3701_28.3561_0.413367
-12.3701_28.3561_0.413367
-11.9143_28.5617_0.434036
-11.4585_28.7673_0.413367
-11.0027_28.9728_0.434036
-11.0027_28.9728_0.434036
-10.5265_29.12_0.165347
-10.0291_29.1664_0.0206684
-10.0291_29.1664_0.413367
-10.0291_29.1664_0.413367
-9.57769_29.3813_0.475373
-9.13553_29.6147_0.496041
-8.69336_29.8481_0.475373
-8.69336_29.8481_0.475373
-8.26688_30.1083_0.620051
-7.86298_30.403_0.64072
-7.45909_30.6977_0.620051
-7.45909_30.6977_0.620051
-7.01825_30.9304_0.351362
-6.54376_31.0879_0.289357
-6.22407_31.2088_0.434036
-6.22407_31.2088_0.434036
