configuration -26.5221767426_12.7890510559_0.0_1.0_-6.20937108994_31.1862716675_0.294171904018_0.955752525964
length 38.081
time 1.23488
roughness 0.00397617
-26.5222_12.7891_-0
-26.0265_12.8456_0.227352
-25.5382_12.9533_0.206684
-25.0478_13.0508_0.186015
-25.0478_13.0508_0.186015
-24.5711_13.1981_0.413367
-24.1154_13.4037_0.434036
-23.6596_13.6093_0.413367
-23.6596_13.6093_0.413367
-23.2284_13.8602_0.64072
-22.8245_14.1549_0.620051
-22.4206_14.4497_0.64072
-22.4206_14.4497_0.64072
-22.0498_14.784_0.826735
-21.7074_15.1483_0.806067
-21.3575_15.5055_0.785398
-21.3575_15.5055_0.785398
-21.0151_15.8698_0.847403
-20.688_16.248_0.868072
-20.361_16.6262_0.847403
-20.361_16.6262_0.847403
-19.9658_16.9272_0.454704
-19.4855_17.0542_0.0620051
-18.9932_16.9876_-0.330694
-18.9932_16.9876_-0.330694
-18.538_16.7823_-0.516709
-18.1059_16.5309_-0.537378
-17.6738_16.2794_-0.516709
-17.6738_16.2794_-0.516709
-17.2022_16.1229_-0.12401
-16.7045_16.0765_-0.0620051
-16.2052_16.0507_-0.0413367
-16.2052_16.0507_-0.0413367
-15.7223_15.9337_-0.434036
-15.2755_15.7095_-0.496041
-14.8333_15.4761_-0.475373
-14.8333_15.4761_-0.475373
-14.4377_15.1746_-0.826735
-14.1842_14.9897_-0.434036
-14.1842_14.9897_-0.0413367
-14.1842_14.9897_-0.0413367
-13.6934_15.0664_0.351362
-13.2692_15.3251_0.744061
-12.9764_15.7264_1.13676
-12.9764_15.7264_1.13676
-12.7708_16.1822_1.15743
-12.5747_16.6421_1.1781
-12.3786_17.102_1.15743
-12.3786_17.102_1.15743
-12.2717_17.5872_1.55013
-12.2665_18.0871_1.5708
-12.2613_18.5871_1.55013
-12.2613_18.5871_1.55013
-12.1544_19.0722_1.15743
-11.9395_19.5236_1.09542
-11.7152_19.9705_1.11609
-11.7152_19.9705_1.11609
-11.5883_20.4508_1.50879
-11.6548_20.9431_1.90149
-11.8601_21.3983_2.08751
-11.8601_21.3983_2.08751
-12.1851_21.774_2.4802
-12.6291_21.9968_2.8729
-13.1239_22.0533_3.18293
-13.1239_22.0533_3.18293
-13.6148_22.13_2.79023
-14.0389_22.3887_2.39753
-14.3317_22.79_2.00483
-14.3317_22.79_2.00483
-14.4487_23.2728_1.61213
-14.3821_23.7658_1.26077
-14.2246_24.2403_1.2401
-14.2246_24.2403_1.2401
-14.1581_24.7326_1.6328
-14.2449_25.0613_2.0255
-14.3717_25.2277_2.4182
-14.3717_25.2277_2.4182
-14.3717_25.2277_2.0255
-14.3717_25.2277_1.6328
-14.3156_25.6423_1.2401
-14.3156_25.6423_1.2401
-14.0744_26.0773_0.88874
-13.7397_26.4484_0.785398
-13.6816_26.5354_1.1781
-13.6816_26.5354_1.1781
-13.4668_26.9866_1.07476
-13.2243_27.4239_1.05409
-13.2243_27.4239_1.05409
-12.8993_27.7996_0.661388
-12.5016_28.1026_0.64072
-12.0977_28.3974_0.620051
-12.0977_28.3974_0.620051
-11.6448_28.6016_0.227352
-11.148_28.6273_-0.12401
-10.6526_28.5603_-0.144679
-10.6526_28.5603_-0.144679
-10.1564_28.586_0.24802
-9.67584_28.7237_0.310026
-9.30119_28.848_0.330694
-9.30119_28.848_0.330694
-8.87181_29.0979_0.723393
-8.51478_29.4476_0.826735
-8.17997_29.8189_0.847403
-8.17997_29.8189_0.847403
-7.80292_30.145_0.578714
-7.38719_30.4228_0.599383
-6.97147_30.7006_0.578714
-6.97147_30.7006_0.578714
-6.55009_30.9697_0.558046
-6.21742_31.1822_0.578714
-6.21742_31.1822_0.578714
