configuration 0.916432738304_-13.7452163696_0.573727795176_0.819046040857_7.25410509109_23.1360397339_0.890376127727_0.455225604699
length 45.7454
time 1.73388
roughness 0.00309489
0.916433_-13.7452_1.2221
1.0824_-13.2736_1.24277
1.24837_-12.8019_1.2221
1.41434_-12.3303_1.24277
1.66307_-11.9002_0.850069
1.9118_-11.4702_1.24277
2.02806_-10.9847_1.42878
2.10394_-10.4905_1.40812
2.22027_-10.0046_1.26344
2.36661_-9.52653_1.28411
2.51294_-9.04843_1.26344
2.64935_-8.56748_1.32544
2.7758_-8.08374_1.30477
2.90226_-7.60001_1.32544
3.11463_-7.15089_0.932743
3.44797_-6.7792_0.746727
3.81842_-6.44339_0.726059
4.11843_-6.04742_1.11876
4.25416_-5.56886_1.47012
4.30955_-5.07195_1.44945
4.46473_-4.60001_1.05675
4.78871_-4.22339_0.664054
5.23215_-3.99942_0.271355
5.68556_-3.79346_0.58138
6.10055_-3.51457_0.602049
6.51553_-3.23569_0.58138
6.8695_-2.88711_0.97408
7.06313_-2.4296_1.36678
7.07723_-1.93237_1.71814
7.03979_-1.43421_1.57346
7.03329_-0.934259_1.59413
7.01646_-0.434551_1.6148
6.93812_0.0581835_1.84215
6.79913_0.538469_1.86282
6.66014_1.01875_1.84215
6.62292_1.51415_1.44945
6.70895_2.00647_1.34611
6.81531_2.49501_1.36678
6.8809_2.99025_1.51146
6.91571_3.48903_1.49079
6.96082_3.98698_1.47012
7.02646_4.48258_1.40812
7.11253_4.9751_1.38745
7.19861_5.46763_1.40812
7.18188_5.96414_1.80081
7.03313_6.44104_1.94549
6.85495_6.90821_1.92482
6.59512_7.33164_2.31752
6.19304_7.62341_2.71022
6.02374_7.74626_2.31752
5.76391_8.16969_1.92482
5.6859_8.66032_1.53213
5.7207_9.15902_1.47012
5.8168_9.64897_1.28411
5.96314_10.1271_1.26344
6.11932_10.602_1.24277
6.31403_11.0621_1.09809
6.54626_11.5049_1.07742
6.77849_11.9477_1.09809
7.08663_12.3374_0.705391
7.47063_12.6576_0.684722
7.85463_12.9778_0.705391
8.16277_13.3675_1.09809
8.255_13.5854_1.24277
8.255_13.5854_1.13943
8.54676_13.9875_0.746727
8.97019_14.2473_0.354028
9.45671_14.3559_0.0853396
9.95045_14.3009_-0.30736
10.2883_14.2632_0.0853396
10.2883_14.2632_0.478039
10.7391_14.4794_0.416034
11.1985_14.6767_0.395365
11.6108_14.9538_0.788064
11.8946_15.3623_1.13943
12.0989_15.8187_1.16009
12.2046_16.3041_1.55279
12.246_16.6165_1.32544
12.2703_17.1127_1.71814
12.1029_17.5804_2.11084
11.8157_17.9892_2.25552
11.7667_18.0816_1.86282
11.7192_18.5761_1.47012
11.8646_19.0511_1.07742
11.9717_19.4011_1.47012
11.9243_19.8957_1.86282
11.6912_20.3344_2.25552
11.3141_20.6588_2.60688
10.8865_20.918_2.58621
10.459_21.1772_2.60688
10.0314_21.4364_2.58621
9.6039_21.6957_2.60688
9.17636_21.9549_2.58621
8.76587_22.24_2.48287
8.37368_22.5501_2.4622
7.98797_22.8683_2.44153
7.55288_23.1081_2.83423
7.30099_23.2469_2.44153
