configuration -11.6824054718_1.45032453537_1.45032453537_1.45032453537_24.2991828918_-14.4915781021_0.382683601539_0.382683601539
length 52.8978
time 1.19774
roughness 0.00240568
-11.6824_1.45032_2.22212
-11.6824_1.45032_1.82942
-11.6824_1.45032_1.43672
-11.6824_1.45032_1.04402
-11.3537_1.82279_0.651323
-10.9529_2.12178_0.630655
-10.5522_2.42077_0.651323
-10.1059_2.63908_0.258624
-9.6168_2.74177_0.155282
-9.12206_2.81399_0.134614
-8.65222_2.97543_0.527313
-8.25892_3.28172_0.796002
-7.90547_3.63536_0.775333
-7.48964_3.90719_0.382634
-7.33705_3.94588_0.113945
-6.86398_4.09757_0.506645
-6.48497_4.41875_0.899344
-6.24834_4.85629_1.25071
-6.02952_5.30419_0.982017
-5.74757_5.7171_0.961349
-5.46562_6.13001_0.982017
-5.2374_6.57368_1.20937
-5.06544_7.04317_1.23004
-4.89348_7.51266_1.20937
-4.67432_7.96127_1.02335
-4.4185_8.39086_1.04402
-4.16268_8.82045_1.02335
-3.8263_9.18604_0.630655
-3.37563_9.39508_0.237956
-2.87927_9.41574_-0.154743
-2.41278_9.24488_-0.547442
-2.01245_8.94654_-0.733458
-1.6445_8.608_-0.754126
-1.27655_8.26946_-0.733458
-0.908606_7.93093_-0.754126
-0.540659_7.59239_-0.733458
-0.140323_7.29405_-0.547442
0.283886_7.0294_-0.568111
0.708096_6.76475_-0.547442
1.10843_6.46641_-0.733458
1.47638_6.12787_-0.754126
1.84432_5.78934_-0.733458
2.27117_5.53515_-0.340759
2.76279_5.46366_0.0519403
3.25488_5.54591_0.279292
3.74997_5.58707_-0.113407
4.22312_5.43563_-0.506106
4.62283_5.13775_-0.774795
4.97647_4.7843_-0.795463
5.33011_4.43085_-0.774795
5.68376_4.0774_-0.795463
6.02244_3.70968_-0.857468
6.3535_3.335_-0.8368
6.68456_2.96031_-0.857468
7.02325_2.5926_-0.795463
7.37689_2.23915_-0.774795
7.73053_1.8857_-0.795463
8.08418_1.53224_-0.774795
8.43782_1.17879_-0.795463
8.79146_0.825341_-0.774795
9.1451_0.471889_-0.795463
9.49875_0.118437_-0.774795
9.85239_-0.235015_-0.795463
10.1986_-0.5957_-0.816131
10.5374_-0.963464_-0.8368
10.8761_-1.33123_-0.816131
11.1911_-1.71894_-0.96081
11.4818_-2.12578_-0.940142
11.7724_-2.53262_-0.96081
12.0952_-2.91353_-0.774795
12.4489_-3.26698_-0.795463
12.8025_-3.62043_-0.774795
13.1704_-3.95892_-0.712789
13.552_-4.28196_-0.692121
13.9402_-4.59704_-0.671453
14.2931_-4.94974_-0.898805
14.6003_-5.34422_-0.919473
14.9075_-5.7387_-0.898805
15.135_-6.18035_-1.2915
15.1968_-6.67451_-1.60153
15.1762_-7.17408_-1.6222
15.248_-7.66566_-1.2295
15.5024_-8.09237_-0.8368
15.8765_-8.42252_-0.609448
16.2205_-8.7809_-1.00215
16.411_-9.24041_-1.35351
16.5238_-9.72751_-1.33284
16.7329_-10.1782_-0.940142
17.0985_-10.5146_-0.547442
17.5619_-10.6952_-0.19608
18.0254_-10.8759_-0.547442
18.4549_-11.1318_-0.526774
18.8897_-11.3787_-0.506106
19.3245_-11.6255_-0.526774
19.7593_-11.8724_-0.506106
20.1941_-12.1193_-0.526774
20.6126_-12.3926_-0.630116
21.0135_-12.6913_-0.650784
21.4144_-12.9901_-0.630116
21.7509_-13.3555_-1.02282
21.922_-13.8219_-1.41551
21.9016_-14.3183_-1.80821
21.8813_-14.8147_-1.41551
22.0524_-15.2811_-1.02282
22.3889_-15.6465_-0.630116
22.8397_-15.8553_-0.237417
23.3361_-15.8757_0.155282
23.8025_-15.7046_0.547981
24.1679_-15.368_0.94068
24.3767_-14.9172_1.33338
24.5305_-14.585_0.94068
