configuration -26.5221767426_12.7890510559_0.0_1.0_-6.20937108994_31.1862716675_0.294171904018_0.955752525964
length 34.9829
time 3.52573
roughness 0.000953506
-26.5222_12.7891_-0
-26.0255_12.8189_0.180533
-25.533_12.9044_0.154698
-25.0397_12.9857_0.180533
-24.5471_13.0712_0.154698
-24.0538_13.1525_0.180533
-23.5612_13.2381_0.154698
-23.0679_13.3193_0.180533
-22.5753_13.4049_0.154698
-22.082_13.4862_0.180533
-21.5894_13.5717_0.154698
-21.0962_13.653_0.180533
-20.6036_13.7385_0.154698
-20.1103_13.8198_0.180533
-19.6177_13.9053_0.154698
-19.1244_13.9866_0.180533
-18.6318_14.0721_0.154698
-18.1385_14.1534_0.180533
-17.6459_14.2389_0.154698
-17.1526_14.3202_0.180533
-16.6601_14.4058_0.154698
-16.1668_14.487_0.180533
-15.6757_14.581_0.206368
-15.1855_14.6793_0.180533
-14.693_14.7648_0.154698
-14.1997_14.8461_0.180533
-13.7133_14.9566_0.309595
-13.4107_15.0445_0.228082
-12.964_15.2263_0.71268
-12.6536_15.5953_1.19728
-12.5508_16.0665_1.68188
-12.6189_16.5614_1.75936
-12.7084_17.0532_1.73352
-12.7937_17.5459_1.75936
-12.8831_18.0378_1.73352
-12.9684_18.5304_1.75936
-13.0579_19.0223_1.73352
-13.1431_19.5149_1.75936
-13.2326_20.0068_1.73352
-13.3178_20.4994_1.75936
-13.4073_20.9913_1.73352
-13.4925_21.4839_1.75936
-13.5905_21.9742_1.78519
-13.6926_22.4636_1.75936
-13.7821_22.9554_1.73352
-13.8674_23.4481_1.75936
-13.9653_23.9383_1.78519
-14.0675_24.4277_1.75936
-14.1398_24.9212_1.6303
-14.1229_25.4149_1.34733
-14.0675_25.6152_1.20676
-14.0169_25.7329_1.07923
-13.7847_26.1756_1.10507
-13.5641_26.6243_1.1309
-13.3473_27.0748_1.10507
-13.0976_27.5051_0.924537
-12.7528_27.8473_0.489834
-12.3097_28.0787_0.463999
-11.8645_28.3063_0.489834
-11.4214_28.5377_0.463999
-10.9762_28.7653_0.489834
-10.533_28.9967_0.463999
-10.0879_29.2243_0.489834
-9.64472_29.4557_0.463999
-9.19958_29.6832_0.489834
-8.75641_29.9147_0.463999
-8.30741_30.1345_0.438164
-7.85653_30.3505_0.463999
-7.41138_30.5781_0.489834
-6.96821_30.8095_0.463999
-6.5274_31.0446_0.541481
-6.23139_31.2155_0.488467
