configuration -1.36608982086_8.91640663147_-0.333444235273_0.942769824487_9.04581165314_-18.3528499603_-0.788205594687_0.615412008742
length 33.9228
time 5.95704
roughness 0.000386068
-1.36609_8.91641_-0.679909
-0.985864_8.59241_-0.757391
-0.625557_8.24581_-0.783225
-0.268247_7.89613_-0.757391
0.0920607_7.54953_-0.783225
0.44937_7.19985_-0.757391
0.809678_6.85325_-0.783225
1.16699_6.50357_-0.757391
1.5273_6.15697_-0.783225
1.8846_5.80729_-0.757391
2.24491_5.46069_-0.783225
2.60222_5.11101_-0.757391
2.96253_4.76442_-0.783225
3.31984_4.41473_-0.757391
3.68015_4.06814_-0.783225
4.03746_3.71845_-0.757391
4.40368_3.37811_-0.731556
4.77282_3.04094_-0.757391
5.13313_2.69435_-0.783225
5.49044_2.34466_-0.757391
5.85666_2.00432_-0.731556
6.2258_1.66715_-0.757391
6.58611_1.32056_-0.783225
6.94342_0.970872_-0.757391
7.30964_0.630533_-0.731556
7.67878_0.293362_-0.757391
8.03909_-0.053233_-0.783225
8.3964_-0.402918_-0.757391
8.76262_-0.743256_-0.731556
9.13176_-1.08043_-0.757391
9.49207_-1.42702_-0.783225
9.84938_-1.77671_-0.757391
10.2156_-2.11705_-0.731556
10.5581_-2.47575_-0.963406
10.7739_-2.77398_-0.906314
11.0566_-3.18336_-1.08685
11.2931_-3.62388_-1.06101
11.5333_-4.06235_-1.08685
11.7697_-4.50287_-1.06101
12.0099_-4.94133_-1.08685
12.2463_-5.38185_-1.06101
12.4865_-5.82031_-1.08685
12.7229_-6.26083_-1.06101
12.9392_-6.70889_-1.24155
13.0211_-7.18413_-1.72614
12.9148_-7.67018_-1.90668
12.7459_-8.14075_-1.93251
12.573_-8.60986_-1.90668
12.4042_-9.08043_-1.93251
12.2313_-9.54954_-1.90668
12.0625_-10.0201_-1.93251
11.8896_-10.4892_-1.90668
11.7207_-10.9598_-1.93251
11.5478_-11.4289_-1.90668
11.379_-11.8995_-1.93251
11.2061_-12.3686_-1.90668
11.0373_-12.8392_-1.93251
10.8644_-13.3083_-1.90668
10.6955_-13.7788_-1.93251
10.5226_-14.2479_-1.90668
10.3538_-14.7185_-1.93251
10.1809_-15.1876_-1.90668
10.0121_-15.6582_-1.93251
9.83919_-16.1273_-1.90668
9.67035_-16.5979_-1.93251
9.49746_-17.067_-1.90668
9.32862_-17.5376_-1.93251
9.16396_-18.0092_-1.85503
9.05402_-18.3605_-1.91212
