configuration 0.916432738304_-13.7452163696_0.573727795176_0.819046040857_7.25410509109_23.1360397339_0.890376127727_0.455225604699
length 39.7527
time 10.3746
roughness 0.00066297
0.916433_-13.7452_1.2221
1.09129_-13.2768_1.19627
1.27018_-12.81_1.2221
1.44504_-12.3416_1.19627
1.62392_-11.8748_1.2221
1.79878_-11.4064_1.19627
1.97767_-10.9395_1.2221
2.15253_-10.4712_1.19627
2.33141_-10.0043_1.2221
2.50627_-9.53595_1.19627
2.69317_-9.07225_1.17043
2.88406_-8.61017_1.19627
3.06294_-8.14332_1.2221
3.2378_-7.67495_1.19627
3.41669_-7.2081_1.2221
3.60707_-6.74712_1.09304
3.84076_-6.30515_1.0672
4.07824_-5.86521_1.09304
4.31193_-5.42323_1.0672
4.54941_-4.98329_1.09304
4.7831_-4.54131_1.0672
5.02058_-4.10137_1.09304
5.25427_-3.6594_1.0672
5.49175_-3.21945_1.09304
5.75894_-2.804_0.81007
6.03205_-2.40656_1.29467
6.13017_-1.92042_1.52652
6.148_-1.42079_1.55235
6.16152_-0.921024_1.52652
6.17935_-0.421393_1.55235
6.19287_0.0783737_1.52652
6.2107_0.578005_1.55235
6.22423_1.07777_1.52652
6.24206_1.5774_1.55235
6.25558_2.07717_1.52652
6.28201_2.57642_1.50068
6.31274_3.07542_1.52652
6.33057_3.57506_1.55235
6.34409_4.07482_1.52652
6.37052_4.57407_1.50068
6.40125_5.07308_1.52652
6.41908_5.57271_1.55235
6.43261_6.07248_1.52652
6.45904_6.57173_1.50068
6.48976_7.07073_1.52652
6.50759_7.57036_1.55235
6.52112_8.07013_1.52652
6.54755_8.56938_1.50068
6.57828_9.06838_1.52652
6.59611_9.56802_1.55235
6.60963_10.0678_1.52652
6.63606_10.567_1.50068
6.66679_11.066_1.52652
6.67601_11.5655_1.604
6.6741_11.8806_1.52249
6.7732_12.3526_1.03789
7.03801_12.7762_0.960406
7.3281_13.1833_0.934571
7.62167_13.588_0.960406
7.91176_13.9952_0.934571
8.20533_14.3999_0.960406
8.49541_14.8071_0.934571
8.78899_15.2117_0.960406
9.07907_15.6189_0.934571
9.35015_16.0361_1.1151
9.49129_16.4973_1.5997
9.43085_16.9875_1.88267
9.27335_17.462_1.90851
9.10365_17.9323_1.93434
8.9299_18.401_1.90851
8.7602_18.8713_1.93434
8.58646_19.3401_1.90851
8.42488_19.8132_1.88267
8.26738_20.2877_1.90851
8.09768_20.758_1.93434
7.92393_21.2268_1.90851
7.76235_21.6999_1.88267
7.60486_22.1744_1.90851
7.43515_22.6446_1.93434
7.23795_23.1027_2.0634
