configuration 0.916432738304_-13.7452163696_0.573727795176_0.819046040857_7.25410509109_23.1360397339_0.890376127727_0.455225604699
length 39.3225
time 11.1072
roughness 0.00049863
0.916433_-13.7452_1.2221
1.09918_-13.2803_1.14462
1.30192_-12.8233_1.17045
1.50073_-12.3646_1.14462
1.71132_-11.9111_1.11878
1.9258_-11.4595_1.14462
2.12855_-11.0025_1.17045
2.32736_-10.5438_1.14462
2.53794_-10.0904_1.11878
2.75243_-9.63879_1.14462
2.95518_-9.1818_1.17045
3.15398_-8.72308_1.14462
3.36457_-8.26964_1.11878
3.57906_-7.81804_1.14462
3.78181_-7.36105_1.17045
3.98061_-6.90232_1.14462
4.18336_-6.44533_1.17045
4.38216_-5.98661_1.14462
4.58491_-5.52961_1.17045
4.78372_-5.07089_1.14462
4.98647_-4.6139_1.17045
5.18527_-4.15518_1.14462
5.38802_-3.69818_1.17045
5.58682_-3.23946_1.14462
5.79741_-2.78603_1.11878
5.95363_-2.32283_1.50322
5.98309_-1.82375_1.52906
6.00825_-1.32444_1.50322
6.03771_-0.825356_1.52906
6.06288_-0.32604_1.50322
6.09234_0.173041_1.52906
6.1175_0.672357_1.50322
6.14696_1.17144_1.52906
6.17212_1.67075_1.50322
6.20158_2.16983_1.52906
6.22675_2.66915_1.50322
6.25621_3.16823_1.52906
6.28137_3.66755_1.50322
6.31083_4.16663_1.52906
6.32739_4.6663_1.55489
6.33965_5.1661_1.52906
6.36481_5.66542_1.50322
6.39427_6.1645_1.52906
6.41083_6.66417_1.55489
6.42309_7.16397_1.52906
6.44825_7.66329_1.50322
6.47771_8.16237_1.52906
6.49427_8.66205_1.55489
6.50653_9.16185_1.52906
6.53169_9.66116_1.50322
6.56115_10.1602_1.52906
6.57771_10.6599_1.55489
6.58997_11.1597_1.52906
6.68596_11.6323_1.04446
6.94799_12.0576_0.966977
7.23539_12.4667_0.941142
7.53326_12.8682_0.915308
7.83458_13.2672_0.941142
8.13245_13.6687_0.915308
8.43377_14.0676_0.941142
8.72468_14.4742_0.966977
8.94914_14.9085_1.35141
9.05374_15.3974_1.37725
9.12855_15.8905_1.50631
9.10601_16.3815_1.84016
8.97712_16.8646_1.81432
8.8524_17.3487_1.84016
8.71521_17.8295_1.86599
8.57388_18.309_1.84016
8.44499_18.7921_1.81432
8.32027_19.2762_1.84016
8.18308_19.757_1.86599
8.04175_20.2365_1.84016
7.91286_20.7196_1.81432
7.78814_21.2037_1.84016
7.65095_21.6845_1.86599
7.50963_22.1641_1.84016
7.38074_22.6471_1.81432
7.22449_23.1178_2.04617
