configuration -0.154660820961_0.194828033447_-0.382683650256_0.923879442258_17.3081588745_3.5618417263_0.0_1.0
length 31.4597
time 30.2804
roughness 0.00699466
-0.154661_0.194828_-0.785399
-0.11901_0.157963_-0.836409
-0.11901_0.157963_-0.836409
0.16822_-0.240967_-1.17025
0.359188_-0.703007_-1.19609
0.538156_-1.16983_-1.22192
0.713098_-1.63817_-1.19609
0.958286_-2.05343_-0.711491
0.994228_-2.36687_-0.379506
1.46285_-2.5399_-0.302025
1.93887_-2.69272_-0.327859
2.41356_-2.84963_-0.302025
2.89215_-2.99422_-0.27619
3.54963_-3.1933_-0.839343
3.85967_-3.45746_-0.43126
3.85967_-3.45746_-0.43126
4.29836_-3.69218_-0.611793
4.70514_-3.98284_-0.637628
5.10428_-4.2839_-0.663462
5.50081_-4.58839_-0.637628
6.09377_-5.04921_0.665768
6.4896_-4.7438_0.639933
6.88804_-4.44182_0.665768
7.28387_-4.13642_0.639933
7.28387_-4.13642_0.639933
7.68231_-3.83443_0.665768
8.07813_-3.52903_0.639933
8.47658_-3.22705_0.665768
8.47658_-3.22705_0.665768
8.80401_-2.87301_1.15037
8.9288_-2.4072_1.63496
8.82224_-1.93688_2.11956
8.82224_-1.93688_2.11956
8.60516_-1.49318_1.83659
8.478_-1.00968_1.81076
8.355_-0.525093_1.83659
8.22783_-0.0415873_1.81076
8.09954_0.502026_1.25368
8.17564_0.978224_1.73828
8.04081_1.45095_2.07212
7.7895_1.88268_2.14961
7.51242_2.29882_2.17544
7.30441_2.73389_1.69084
7.03897_2.94364_1.25368
7.2222_3.40621_1.07315
7.46463_3.84345_1.04731
7.71828_4.27428_1.02148
7.97562_4.70291_1.04731
8.27965_5.07723_0.562716
8.37555_5.37659_-0.256692
8.85547_5.32939_0.227906
9.32408_5.48555_0.510874
9.75808_5.73375_0.536708
10.1855_5.99307_0.562543
10.6477_6.29642_0.943274
10.989_6.63714_0.458676
11.4497_6.77966_-0.0259219
11.943_6.72872_-0.257771
12.4226_6.58895_-0.335253
12.8984_6.43682_-0.257771
13.3407_6.22855_-0.227001
13.8095_6.07281_-0.509969
14.2339_5.81087_-0.639032
14.6247_5.49486_-0.612494
15.0312_5.20393_-0.638328
15.4353_4.9095_-0.612494
15.8419_4.61856_-0.638328
15.8419_4.61856_-0.638328
16.2459_4.32413_-0.612494
16.6525_4.03319_-0.638328
17.223_3.59683_-0.0749116
