configuration -0.154660820961_0.194828033447_-0.382683650256_0.923879442258_17.3081588745_3.5618417263_0.0_1.0
length 29.9588
time 11.8519
roughness 0.00564824
-0.154661_0.194828_-0.785399
0.128176_-0.19576_-1.27
0.212834_-0.677201_-1.65443
0.166779_-1.17502_-1.68027
0.19049_-1.65668_-1.19567
0.435852_-2.07184_-0.711073
0.846364_-2.32489_-0.226475
1.29328_-2.50606_-0.711073
1.66322_-2.84175_-0.788555
2.01866_-3.19333_-0.76272
2.4025_-3.50738_-0.530871
2.8358_-3.75678_-0.505036
3.2754_-3.9949_-0.479202
3.73308_-4.14684_0.00539637
4.20884_-4.06808_0.489994
4.64792_-3.829_0.515829
5.08068_-3.57866_0.541663
5.51127_-3.32461_0.515829
5.94403_-3.07427_0.541663
6.31276_-2.76348_1.02626
6.49427_-2.3167_1.51086
6.44673_-1.83681_1.99546
6.23683_-1.38306_2.02129
6.01528_-0.934877_2.04713
5.78988_-0.488623_2.02129
5.51395_-0.0931222_2.50589
5.09078_0.161654_2.78886
4.67024_0.39766_2.30426
4.40806_0.802403_1.81966
4.33176_1.29042_1.53669
4.3445_1.79021_1.56253
4.42462_2.26575_1.07793
4.71706_2.6492_0.593332
5.14215_2.91004_0.46427
5.59444_3.12212_0.386789
6.05582_3.31469_0.412623
6.46148_3.57544_0.897221
6.7767_3.9635_0.871386
7.1242_4.31733_0.639537
7.54051_4.58978_0.459004
7.9906_4.80742_0.433169
8.44255_5.02118_0.459004
8.88453_5.25399_0.536486
9.31643_5.50581_0.510651
9.75048_5.75391_0.536486
10.195_5.97386_0.304636
10.6732_6.1197_0.278801
11.155_6.25315_0.252967
11.6351_6.29856_-0.231631
12.1076_6.14793_-0.463481
12.5567_5.92828_-0.437646
13.0217_5.76174_-0.154678
13.515_5.68047_-0.180512
14.0076_5.59495_-0.154678
14.4772_5.4592_-0.539116
14.9084_5.20624_-0.513281
15.3418_4.957_-0.539116
15.7638_4.68957_-0.616597
16.1692_4.39696_-0.642432
16.572_4.10088_-0.616597
17.0045_3.88768_-0.131999
17.3439_3.84466_-0.114323
