configuration -11.6824054718_1.45032453537_1.45032453537_1.45032453537_24.2991828918_-14.4915781021_0.382683601539_0.382683601539
length 57.6717
time 32.9067
roughness 0.00440417
-11.6824_1.45032_2.22212
-12.0317_1.78283_2.70672
-12.4968_1.92267_3.14142
-12.9968_1.91845_3.16725
-13.4708_1.83006_3.65185
-13.8491_1.53101_4.13645
-14.0946_1.09823_4.31698
-14.2077_0.629438_4.80158
-14.0894_0.161935_5.28618
-13.7669_-0.196629_5.77078
-13.3145_-0.363684_6.25538
-12.8281_-0.315406_6.63981
-12.4808_-0.19347_6.58272
-12.015_-0.0184_6.76325
-11.6205_0.264967_7.19796
-11.3398_0.612778_7.12863
-10.9669_0.918545_6.64403
-10.4945_1.01539_6.15944
-10.0313_0.881_5.67484
-9.59703_0.671378_6.15944
-9.11508_0.68821_6.64403
-8.69647_0.92762_7.12863
-8.38933_1.31904_7.30917
-8.24122_1.64389_7.66624
-8.22546_1.7452_7.76826
-8.22348_1.77077_7.79376
-8.22125_1.822_7.84477
-8.24914_2.1272_8.15084
-8.28734_2.2531_8.14404
-8.29447_2.27774_8.11853
-8.34544_2.75728_7.63393
-8.16714_3.20535_7.14934
-7.80064_3.51877_6.66474
-7.36145_3.74481_6.94771
-6.96524_4.04972_6.92187
-6.56643_4.35121_6.94771
-6.1466_4.6016_6.56327
-5.66496_4.73566_6.53743
-5.18218_4.86557_6.56327
-4.74562_5.07043_7.04787
-4.45475_5.45507_7.53246
-4.31761_5.93459_7.66153
-4.15175_6.38741_7.17693
-3.79404_6.71082_6.69233
-3.32685_6.83036_6.20773
-2.85776_6.71849_5.72313
-2.45285_6.42936_5.5426
-2.08677_6.08887_5.51677
-1.75701_5.71846_5.28492
-1.48978_5.29591_5.25908
-1.22621_4.87109_5.28492
-0.904189_4.51212_5.76952
-0.452053_4.31919_6.10336
0.0405866_4.23401_6.1292
0.499449_4.08568_5.6446
0.836379_3.74067_5.16
1.04089_3.28491_5.08252
1.28418_2.86853_5.56712
1.69342_2.61343_6.05171
2.17438_2.57835_6.53631
2.66215_2.6824_6.40725
3.15877_2.73999_6.38141
3.65587_2.7933_6.40725
4.13782_2.77662_5.92265
4.5759_2.5536_5.58881
4.95731_2.23038_5.56297
5.36549_1.97359_6.04757
5.85501_1.8781_6.17663
6.35256_1.82921_6.20247
6.82105_1.71487_5.71787
7.18234_1.39545_5.23327
7.36161_0.944034_4.79857
7.39175_0.445398_4.72109
7.39179_-0.0545521_4.69525
7.38753_-0.554483_4.72109
7.46786_-1.02999_5.20568
7.76045_-1.41332_5.69028
8.19793_-1.61621_6.17488
8.68183_-1.71534_5.89191
9.15365_-1.84315_6.27635
9.62685_-1.83482_6.34975
9.67807_-1.83226_6.29874
10.1554_-1.90104_5.81414
10.5731_-2.16459_5.53118
10.9353_-2.50924_5.50534
11.328_-2.78912_5.98994
11.8101_-2.87013_6.37438
12.2912_-2.90265_5.88978
12.7018_-3.15556_5.40518
12.9473_-3.57062_4.92058
12.9712_-4.05227_4.43599
12.9146_-4.53117_4.92058
13.0875_-4.98133_5.40518
13.4291_-5.28552_5.86427
13.8401_-5.54424_5.42957
14.1655_-5.92385_5.40374
14.4875_-6.30625_5.42957
14.8312_-6.6677_5.55863
15.2084_-6.99583_5.58447
15.5939_-7.31411_5.6103
15.9822_-7.62905_5.58447
16.3678_-7.94733_5.6103
16.756_-8.26227_5.58447
17.1416_-8.58055_5.6103
17.5299_-8.8955_5.58447
17.9154_-9.21377_5.6103
18.2403_-9.57013_5.12571
18.387_-10.0393_4.79186
18.4138_-10.5382_4.71438
18.4909_-11.0142_5.19898
18.7809_-11.3995_5.68357
19.2005_-11.6706_5.76106
19.6359_-11.9162_5.78689
20.0735_-12.1581_5.76106
20.509_-12.4037_5.78689
20.8914_-12.6974_5.30229
21.093_-13.1355_4.81769
21.2188_-13.601_5.30229
21.5308_-13.984_5.58526
21.9166_-14.3019_5.6111
22.3367_-14.5388_6.09569
22.8296_-14.5935_6.32754
23.3288_-14.567_6.35338
23.8162_-14.4864_6.63635
24.2405_-14.3483_6.52087
