configuration -1.36608982086_8.91640663147_-0.333444235273_0.942769824487_9.04581165314_-18.3528499603_-0.788205594687_0.615412008742
length 36.449
time 300
roughness 0.00310747
-1.36609_8.91641_-0.679909
-0.96965_8.61246_-0.602428
-0.560165_8.32563_-0.628262
-0.153165_8.03529_-0.602428
0.25632_7.74846_-0.628262
0.619788_7.41749_-0.962107
0.980776_7.25405_-1.03703
1.26519_6.84777_-0.80518
1.61473_6.49032_-0.779345
1.9734_6.14203_-0.753511
2.33505_5.79683_-0.779345
2.71739_5.4841_-0.496377
2.96642_5.15557_-0.423281
3.36928_4.89051_-0.907879
3.64352_4.4773_-1.13973
3.8485_4.0213_-1.16556
4.04164_3.56017_-1.1914
4.28877_3.14606_-0.706799
4.32912_2.82954_-0.221651
4.78292_2.65639_-0.656354
5.17635_2.34791_-0.682188
5.56168_2.02936_-0.708023
5.93865_1.70097_-0.733857
6.34329_1.43863_-0.249259
6.60278_1.13527_0.417491
7.06896_1.2587_-0.0671065
7.53896_1.15075_-0.551704
7.94008_0.859101_-0.783554
8.28474_0.497503_-0.861036
8.61994_0.127117_-0.783554
8.89799_-0.275023_-0.752784
9.23277_-0.640911_-0.984633
9.49827_-1.06406_-1.06211
9.77817_-1.47105_-0.779147
9.94233_-1.85689_-0.678699
10.3102_-2.19191_-0.859232
10.6265_-2.57853_-0.936713
10.9262_-2.97873_-0.910879
11.2292_-3.37634_-0.936713
11.5417_-3.76507_-0.807651
11.8035_-4.12204_-0.781927
12.1769_-4.45082_-0.601394
12.5916_-4.73013_-0.575559
13.0086_-5.00585_-0.601394
13.4184_-5.29226_-0.627228
13.7822_-5.62285_-0.961074
14.1334_-5.78698_-1.03819
14.3348_-6.23538_-1.37203
14.4208_-6.72748_-1.44952
14.4612_-7.22685_-1.42263
14.4562_-7.70907_-1.90723
14.2322_-8.14005_-2.34193
13.8749_-8.48918_-2.41941
13.4969_-8.81642_-2.44524
13.1055_-9.12684_-2.52273
12.8494_-9.33294_-2.54672
12.4612_-9.64163_-2.31487
12.1325_-10.0178_-2.23739
11.8194_-10.4078_-2.26375
11.5408_-10.8157_-1.98078
11.3536_-11.2788_-1.9033
11.2178_-11.7617_-1.87824
11.0624_-12.2369_-1.90407
10.9029_-12.7107_-1.87824
10.7475_-13.1859_-1.90407
10.7475_-13.1859_-1.90407
10.5719_-13.6536_-1.98155
10.3763_-14.1136_-1.95572
10.1845_-14.5754_-1.98155
9.98887_-15.0354_-1.95572
9.74953_-15.4616_-2.34016
9.66373_-15.8261_-2.46527
9.34005_-16.1836_-1.98067
9.19501_-16.6533_-1.64683
9.16994_-17.1522_-1.56935
9.16636_-17.6521_-1.59518
9.16532_-18.3789_-1.92274
