configuration -1.36608982086_8.91640663147_-0.333444235273_0.942769824487_9.04581165314_-18.3528499603_-0.788205594687_0.615412008742
length 36.8919
time 300
roughness 0.00376105
-1.36609_8.91641_-0.679909
-0.96965_8.61246_-0.602428
-0.560165_8.32563_-0.628262
-0.153165_8.03529_-0.602428
0.25632_7.74846_-0.628262
0.619788_7.41749_-0.962107
0.980776_7.25405_-1.03703
1.21585_6.81418_-1.16609
1.41665_6.35633_-1.14026
1.62139_5.90022_-1.16609
1.82219_5.44237_-1.14026
2.04233_4.99395_-1.06278
2.21239_4.54329_-1.03703
2.51652_4.16458_-0.602326
2.93532_3.89228_-0.524845
3.36581_3.63805_-0.550679
3.79409_3.38012_-0.524845
4.23183_3.13451_-0.346524
4.65383_2.90112_-0.831122
4.94316_2.50371_-1.16497
5.12846_2.0398_-1.24245
5.29375_1.56797_-1.21661
5.48666_1.10805_-1.08755
5.61483_0.679962_-1.06827
5.84405_0.236111_-1.14575
6.05412_-0.21756_-1.11992
6.2681_-0.669406_-1.14575
6.47817_-1.12308_-1.11992
6.60604_-1.41052_-1.13883
6.8746_-1.81107_-0.654229
7.29882_-2.04039_-0.169631
7.79321_-2.11198_-0.0921492
8.25739_-1.97061_-0.169631
8.75088_-2.05076_-0.143796
9.24626_-2.11814_-0.117962
9.74323_-2.1727_-0.0921271
10.3943_-2.24255_-1.71718
10.4003_-2.72475_-1.23258
10.5781_-3.19156_-1.1551
10.9274_-3.52841_-1.23258
11.1406_-3.97136_-0.898737
11.4616_-4.35411_-0.821255
11.799_-4.723_-0.84709
12.1333_-5.09477_-0.821255
12.4708_-5.46366_-0.84709
12.7805_-5.79541_-0.873014
13.117_-6.16346_-0.743951
13.4878_-6.49885_-0.718117
13.9167_-6.88452_-0.820467
14.1857_-7.28478_-1.30506
14.2372_-7.76426_-1.78966
14.1053_-8.14425_-2.19775
13.7843_-8.52231_-2.42959
13.3978_-8.83882_-2.50708
12.977_-9.11194_-2.53238
12.5868_-9.42061_-2.35185
12.2379_-9.77868_-2.32601
11.8983_-10.1456_-2.30018
11.562_-10.5155_-2.32601
11.2433_-10.8976_-2.14548
10.9133_-11.2052_-2.07044
10.7015_-11.6554_-1.88991
10.5571_-12.1336_-1.81243
10.4577_-12.6251_-1.83859
10.338_-13.1101_-1.76111
10.2477_-13.6018_-1.73528
10.1616_-14.0943_-1.76111
10.0712_-14.586_-1.73528
9.96851_-15.074_-1.86434
9.92256_-15.5594_-1.89026
9.92256_-15.5594_-1.89026
9.92256_-15.5594_-1.89026
9.76964_-16.0354_-1.86443
9.62082_-16.5127_-1.89026
9.4679_-16.9887_-1.86443
9.32733_-17.4685_-1.83859
9.18275_-17.9467_-1.91607
9.05914_-18.3481_-1.92146
