configuration -1.36608982086_8.91640663147_-0.333444235273_0.942769824487_9.04581165314_-18.3528499603_-0.788205594687_0.615412008742
length 37.4858
time 300
roughness 0.00313555
-1.36609_8.91641_-0.679909
-0.96965_8.61246_-0.602428
-0.560165_8.32563_-0.628262
-0.153165_8.03529_-0.602428
0.25632_7.74846_-0.628262
0.619788_7.41749_-0.962107
0.980776_7.25405_-1.03703
1.20776_6.8113_-1.21756
1.36841_6.3383_-1.29504
1.50914_5.85821_-1.26888
1.66995_5.38526_-1.1914
1.8591_4.92247_-1.16556
2.06015_4.46473_-1.13973
2.27295_4.01233_-1.11389
2.50483_3.56986_-1.03641
2.68385_3.12744_-1.01119
2.77188_3.00143_-0.858164
2.82361_2.94451_-0.781648
2.84196_2.9266_-0.756143
2.84196_2.9266_-0.756143
3.20861_2.58672_-0.730309
3.58392_2.25642_-0.704474
3.96763_1.93593_-0.67864
4.35409_1.61876_-0.704474
4.76732_1.26686_-0.856496
5.10993_0.904421_-0.727434
5.49148_0.581987_-0.649952
5.88688_0.276027_-0.675787
6.30386_0.0209184_-0.291349
6.65188_-0.321883_-0.192941
7.10462_-0.487967_-0.677539
7.48561_-0.811064_-0.75502
7.84674_-1.1568_-0.780855
8.19882_-1.51176_-0.80669
8.5833_-1.80284_-0.322092
8.72565_-2.08394_0.0634228
9.21668_-2.10701_-0.270422
9.69447_-2.25284_-0.347904
10.163_-2.42733_-0.373739
10.63_-2.60584_-0.347904
11.0818_-2.81027_-0.579754
11.4905_-2.92677_-0.653377
11.8901_-3.22725_-0.627543
12.2922_-3.52427_-0.653377
12.6918_-3.82474_-0.627543
13.094_-4.12177_-0.653377
13.4258_-4.47172_-1.13798
13.7435_-4.59182_-1.63984
13.7435_-4.59182_-1.63984
13.7435_-4.59182_-1.63984
13.7638_-5.08298_-1.306
13.9069_-5.56158_-1.22852
14.0788_-6.03106_-1.20268
14.179_-6.50276_-1.68728
14.3887_-6.77624_-2.17561
14.1154_-7.19437_-2.09813
13.8675_-7.62855_-2.07229
13.631_-8.06899_-2.04646
13.3952_-8.54707_-1.65212
13.2806_-9.01549_-2.13672
12.961_-9.37658_-2.62132
12.5152_-9.59757_-2.80185
12.0424_-9.76011_-2.82768
11.5656_-9.91039_-2.85352
11.0444_-10.0649_-3.2578
10.5626_-10.0854_-2.7732
10.3546_-10.1843_-2.54365
10.3127_-10.2138_-2.49264
10.3127_-10.2138_-2.49264
10.0395_-10.4811_-2.11006
10.0265_-10.5032_-2.08456
10.0141_-10.5256_-2.05905
10.0141_-10.5256_-2.05905
9.85798_-10.9819_-1.57446
9.94539_-11.498_-1.03885
10.1213_-11.947_-1.52345
10.1066_-12.4428_-1.7553
10.0023_-12.9313_-1.83278
9.87695_-13.4153_-1.80694
9.7558_-13.9003_-1.83278
9.63369_-14.3951_-1.842
9.52084_-14.8809_-1.71294
9.43103_-15.6694_-1.74015
9.35101_-16.1629_-1.71432
9.27525_-16.657_-1.74015
9.19523_-17.1505_-1.71432
9.11946_-17.6447_-1.74015
9.05652_-18.1405_-1.76599
