configuration -1.36608982086_8.91640663147_-0.333444235273_0.942769824487_9.04581165314_-18.3528499603_-0.788205594687_0.615412008742
length 41.8266
time 1.95239
roughness 0.00469239
-1.36609_8.91641_-0.679909
-0.952111_8.65133_-0.346064
-0.483279_8.4777_-0.371898
-0.0159588_8.30004_-0.346064
0.40615_8.06685_-0.830662
0.719036_7.68001_-1.01119
0.980776_7.25405_-1.03703
1.19952_6.80896_-1.26888
1.35228_6.33292_-1.24304
1.50914_5.85821_-1.26888
1.69259_5.39745_-1.03703
1.95065_4.96925_-1.01119
2.21239_4.54329_-1.03703
2.52025_4.17211_-0.552431
2.95566_3.92887_-0.423369
3.41322_3.72741_-0.397534
3.82277_3.47281_-0.882132
4.07491_3.05767_-1.31684
4.19635_2.57269_-1.34267
4.24583_2.08637_-1.72711
4.16375_1.59321_-1.75294
4.07742_1.10077_-1.72711
4.07856_0.618527_-1.24251
4.30421_0.19234_-0.757912
4.70242_-0.0796552_-0.273314
5.18675_-0.202034_-0.195832
5.67796_-0.295089_-0.169998
6.16996_-0.38391_-0.195832
6.62221_-0.551303_-0.68043
6.94442_-0.910107_-1.16503
7.1378_-1.37114_-1.19086
7.38515_-1.78511_-0.706265
7.79688_-2.03619_-0.221667
8.28679_-2.09919_0.0613012
8.78433_-2.09856_-0.119232
9.2802_-2.1623_-0.145066
9.7755_-2.23031_-0.119232
10.2496_-2.34934_-0.50367
10.6808_-2.60165_-0.581151
11.101_-2.87251_-0.555317
11.5447_-3.08409_-0.221471
12.0334_-3.18971_-0.195637
12.5229_-3.29112_-0.221471
13.0043_-3.42147_-0.350534
13.4724_-3.59719_-0.376368
13.9389_-3.77693_-0.350534
14.36_-4.01201_-0.835132
14.6923_-4.38554_-0.860966
15.0148_-4.76753_-0.886801
15.2566_-5.18475_-1.3714
15.2763_-5.66659_-1.856
15.0869_-6.1202_-2.18984
14.8726_-6.55223_-1.70524
14.8843_-7.03433_-1.22065
15.1192_-7.45548_-0.736048
15.421_-7.83164_-1.22065
15.5127_-8.30507_-1.70524
15.3798_-8.77223_-2.13995
15.059_-9.13228_-2.62455
14.6074_-9.30144_-3.10914
14.129_-9.24073_-3.59374
13.6673_-9.10122_-3.10914
13.1939_-9.19283_-2.62455
12.7614_-9.44369_-2.59871
12.3516_-9.72582_-2.41818
11.9797_-10.06_-2.39234
11.6108_-10.3973_-2.41818
11.3043_-10.7696_-1.93358
11.1391_-11.2411_-1.8561
10.9943_-11.7196_-1.88193
10.787_-12.1623_-2.26637
10.4633_-12.5433_-2.2922
10.1299_-12.9159_-2.31804
9.78108_-13.2734_-2.39552
9.41687_-13.6159_-2.36969
9.05563_-13.9616_-2.39552
8.75765_-14.3407_-1.91092
8.65413_-14.8185_-1.52649
8.68913_-15.3168_-1.449
8.81618_-15.7856_-1.0143
9.0839_-16.2078_-0.988466
9.36244_-16.623_-0.962632
9.57199_-17.0573_-1.44723
9.55507_-17.5393_-1.93183
9.3825_-18.0085_-1.90599
9.22575_-18.4271_-1.97532
