configuration -0.154660820961_0.194828033447_-0.382683650256_0.923879442258_17.3081588745_3.5618417263_0.0_1.0
length 36.1825
time 24.3805
roughness 0.00741908
-0.154661_0.194828_-0.785399
0.128176_-0.19576_-1.27
0.212834_-0.677201_-1.65443
0.166779_-1.17502_-1.68027
0.19049_-1.65668_-1.19567
0.435852_-2.07184_-0.711073
0.846364_-2.32489_-0.226475
1.29328_-2.50606_-0.711073
1.66322_-2.84175_-0.788555
2.01866_-3.19333_-0.76272
2.4025_-3.50738_-0.530871
2.8358_-3.75678_-0.505036
3.2754_-3.9949_-0.479202
3.66282_-4.28206_-0.9638
3.89704_-4.71425_-1.29764
4.02776_-5.19681_-1.32348
4.2182_-5.63985_-0.838881
4.59311_-5.94316_-0.354284
5.06615_-6.0369_0.130314
5.5284_-5.89947_0.614912
5.93427_-5.60755_0.640747
6.33247_-5.30525_0.666581
6.68299_-4.9606_1.00043
6.9493_-4.53748_1.02626
7.21196_-4.11209_1.00043
7.45499_-3.67795_1.18096
7.56548_-3.20854_1.66556
7.51329_-2.93231_1.94611
7.40962_-2.46134_1.46152
7.53729_-1.99631_0.976919
7.82742_-1.58965_0.899437
8.17744_-1.24841_0.514999
8.61464_-1.00593_0.489165
9.05797_-0.774814_0.46333
9.4499_-0.493835_0.947928
9.6658_-0.0626268_1.43253
9.67144_0.426168_1.81696
9.4815_0.869429_2.30156
9.10913_1.18129_2.73626
8.64513_1.36635_2.81375
8.21884_1.59182_2.32915
7.94667_1.98991_1.84455
7.89129_2.46896_1.35995
7.91645_2.95055_1.84455
7.76903_3.42784_1.92203
7.59298_3.89577_1.94787
7.48849_4.36656_1.46327
7.61534_4.83181_0.978671
7.94433_5.1844_0.494073
8.3997_5.34314_0.00947474
8.76723_5.33498_-0.0856239
8.81839_5.33145_-0.0346136
9.29693_5.39112_0.449984
9.74099_5.61993_0.527466
10.1708_5.87529_0.5533
10.5984_6.13434_0.527466
11.0482_6.30819_0.042868
11.5315_6.25971_-0.391835
11.9919_6.06482_-0.41767
12.4471_5.85809_-0.443504
12.9005_5.64746_-0.41767
13.3557_5.44074_-0.443504
13.8185_5.30522_0.0410939
14.2912_5.40091_0.525692
14.6648_5.70577_1.01029
14.9825_6.06859_0.525692
15.4326_6.24164_0.0410939
15.9116_6.18507_-0.443504
16.365_5.97444_-0.41767
16.8237_5.77558_-0.391835
17.2841_5.58069_-0.41767
17.6884_5.31789_-0.902267
17.9238_4.89699_-1.38687
17.936_4.4149_-1.87146
17.7395_3.96427_-2.20531
17.4935_3.53869_-1.87146
17.4365_3.33685_-1.79545
