configuration 0.916432738304_-13.7452163696_0.573727795176_0.819046040857_7.25410509109_23.1360397339_0.890376127727_0.455225604699
length 48.4565
time 52.5195
roughness 0.00422676
0.916433_-13.7452_1.2221
1.15074_-13.3237_0.737502
1.54583_-13.0273_0.454534
1.99311_-12.8039_0.480369
2.43001_-12.5617_0.55785
2.85643_-12.3007_0.532016
3.28508_-12.0434_0.55785
3.64874_-11.7267_1.04245
3.82298_-11.277_1.52705
3.91993_-10.8046_1.04245
4.09417_-10.355_1.52705
4.11718_-9.90823_1.50393
4.07298_-9.42802_1.98853
3.92425_-8.95949_1.65468
3.80843_-8.49136_2.13928
3.61969_-8.24757_2.41383
3.31483_-7.87393_1.92923
3.21913_-7.40128_1.44463
3.35463_-6.93847_0.960037
3.65794_-6.54255_0.830974
3.99179_-6.17041_0.856809
4.32242_-5.7954_0.830974
4.67417_-5.44182_0.701912
5.0587_-5.12231_0.676077
5.44597_-4.80613_0.701912
5.81897_-4.47384_0.779394
6.17157_-4.1194_0.805228
6.5211_-3.76194_0.779394
6.80627_-3.37306_1.26399
6.87745_-2.8961_1.74859
6.71825_-2.4409_2.23319
6.4287_-2.03482_2.10413
6.17824_-1.60213_2.07829
5.93151_-1.1673_2.10413
5.74663_-0.718149_1.66942
5.70169_-0.220224_1.64359
5.66963_0.278696_1.61775
5.57117_0.750778_2.10235
5.30693_1.17472_2.17983
5.0174_1.5823_2.20567
4.79633_2.01088_1.72107
4.7515_2.5064_1.54054
4.76232_3.00623_1.56637
4.75164_3.50566_1.64385
4.71085_4.00394_1.66969
4.66578_4.50186_1.64385
4.70701_4.98233_1.15925
4.92597_5.43044_1.03019
5.18695_5.85686_1.00436
5.3866_6.29965_1.43906
5.448_6.79581_1.46489
5.50512_7.29249_1.43906
5.6432_7.75454_0.954462
5.98063_8.09906_0.469864
6.43971_8.24673_-0.0147336
6.91696_8.31589_0.469864
7.30705_8.59943_0.954462
7.52013_9.03204_1.43906
7.50715_9.5141_1.92366
7.27109_9.93462_2.40826
6.86631_10.1967_2.89285
6.42354_10.3878_2.40826
6.12076_10.7632_1.92366
6.0277_11.2363_1.43906
6.03588_11.3128_1.51558
6.13824_11.7841_1.03098
6.44835_12.1534_0.54638
6.89479_12.3357_0.0617819
7.38278_12.4122_0.34475
7.84842_12.5931_0.422232
8.3062_12.7941_0.396397
8.77737_12.9243_0.0119591
9.2526_13.0062_0.496557
9.63498_13.3_0.981155
9.96309_13.6534_0.496557
10.4185_13.8386_0.162712
10.9133_13.9068_0.0852301
11.3813_14.0232_0.569828
11.7411_14.3443_1.05443
11.9604_14.7909_1.23496
12.0959_15.2696_1.41549
12.169_15.7642_1.44133
12.2292_16.2605_1.46716
12.2425_16.7563_1.69901
12.1743_17.2515_1.72485
12.0933_17.7449_1.75068
11.9598_18.2205_2.03365
11.7327_18.6659_2.05948
11.4942_19.1053_2.08532
11.212_19.5106_2.36829
10.8512_19.8567_2.39412
10.4816_20.1934_2.41995
10.1092_20.5269_2.39412
9.73957_20.8636_2.41995
9.3671_21.1971_2.39412
8.99752_21.5338_2.41995
8.62506_21.8673_2.39412
8.25548_22.204_2.41995
7.88301_22.5375_2.39412
7.53906_22.897_2.21359
7.3095_23.1841_2.30869
