configuration -26.5221767426_12.7890510559_0.0_1.0_-6.20937108994_31.1862716675_0.294171904018_0.955752525964
length 40.8617
time 34.887
roughness 0.0062869
-26.5222_12.7891_-0
-26.0277_12.7509_-0.23185
-25.5421_12.6318_-0.257684
-25.0598_12.5003_-0.283519
-24.581_12.3563_-0.309353
-24.1035_12.2082_-0.283519
-23.6248_12.0642_-0.309353
-23.148_11.9918_0.175245
-22.6585_12.0916_0.252726
-22.1734_12.2124_0.226892
-21.6923_12.2453_-0.257706
-21.2285_12.0752_-0.540674
-20.8021_11.8142_-0.566509
-20.3594_11.623_-0.0819108
-19.8786_11.6599_0.402687
-19.4242_11.8675_0.480169
-19.0371_12.155_0.964767
-18.8201_12.5896_1.39947
-18.7476_13.0838_1.47695
-18.6272_13.5508_0.992353
-18.303_13.9078_0.507755
-17.8499_14.0728_0.0231573
-17.372_14.0077_-0.461441
-16.9796_13.7274_-0.946039
-16.7629_13.2966_-1.43064
-16.6209_12.8357_-0.946039
-16.2806_12.4941_-0.461441
-15.8203_12.3503_0.0231573
-15.346_12.4375_0.507755
-14.9669_12.7356_0.992353
-14.7704_13.176_1.47695
-14.7637_13.3295_1.62998
-14.7158_13.8094_1.14538
-14.4499_14.2117_0.660786
-14.0272_14.4438_0.176188
-13.5717_14.6023_0.660786
-13.2425_14.9547_1.14538
-13.0987_15.4218_1.52982
-13.003_15.8945_1.04522
-12.6982_16.2682_0.560626
-12.2547_16.4737_0.176188
-11.7992_16.6322_0.660786
-11.47_16.9846_1.14538
-11.2757_17.4448_1.22287
-11.1012_17.9133_1.19703
-10.9227_18.3803_1.22287
-10.7482_18.8488_1.19703
-10.6452_19.3199_1.68163
-10.7378_19.8071_1.91348
-10.9099_20.2765_1.93931
-11.1525_20.6933_2.42391
-11.5601_20.9574_2.85861
-12.043_21.0334_3.24305
-12.5245_21.061_2.75845
-12.9376_21.3097_2.27386
-13.1874_21.7222_1.78926
-13.2999_22.2093_1.81509
-13.425_22.6934_1.84093
-13.5626_23.174_1.86676
-13.6286_23.6517_1.38216
-13.6141_24.1338_1.86676
-13.8259_24.567_2.35136
-14.1069_24.959_1.86676
-14.1729_25.4367_1.38216
-14.0087_25.8901_0.897566
-13.7714_26.3099_1.38216
-13.6904_26.8029_1.45965
-13.6392_27.3002_1.48548
-13.5227_27.7681_1.00088
-13.2017_28.1279_0.516284
-12.7648_28.371_0.49045
-12.3182_28.5948_0.412968
-11.8586_28.7915_0.387133
-11.3972_28.9843_0.412968
-10.9376_29.181_0.387133
-10.4763_29.3737_0.412968
-10.0167_29.5704_0.387133
-9.55537_29.7631_0.412968
-9.09573_29.9598_0.387133
-8.63443_30.1525_0.412968
-8.17479_30.3492_0.387133
-7.71349_30.542_0.412968
-7.25385_30.7386_0.387133
-6.79255_30.9314_0.412968
-6.34475_31.151_0.54203
