configuration -26.5221767426_12.7890510559_0.0_1.0_-6.20937108994_31.1862716675_0.294171904018_0.955752525964
length 39.6552
time 2.76347
roughness 0.00575941
-26.5222_12.7891_-0
-26.0277_12.7509_-0.23185
-25.5421_12.6318_-0.257684
-25.0598_12.5003_-0.283519
-24.581_12.3563_-0.309353
-24.1035_12.2082_-0.283519
-23.6248_12.0642_-0.309353
-23.148_11.9918_0.175245
-22.6585_12.0916_0.252726
-22.1734_12.2124_0.226892
-21.6923_12.2453_-0.257706
-21.2285_12.0752_-0.540674
-20.8021_11.8142_-0.566509
-20.3594_11.623_-0.0819108
-19.8786_11.6599_0.402687
-19.4242_11.8675_0.480169
-18.9667_12.0199_-0.00442926
-18.4908_11.9416_-0.489027
-18.0561_11.6956_-0.566509
-17.6134_11.5043_-0.0819108
-17.122_11.5183_0.251935
-16.6389_11.6471_0.277769
-16.2019_11.851_0.762367
-15.9101_12.2349_1.24696
-15.8308_12.7106_1.73156
-15.8319_13.1928_1.24696
-15.6081_13.62_0.762367
-15.2111_13.8938_0.277769
-14.7344_14.0431_0.355251
-14.2672_14.2211_0.381085
-13.8015_14.403_0.355251
-13.3512_14.6108_0.5871
-12.9374_14.8913_0.612935
-12.5309_15.1824_0.638769
-12.194_15.5275_1.12337
-12.0145_15.9898_1.35522
-11.9033_16.4772_1.32938
-11.8635_16.9578_1.81398
-12.0521_17.4016_2.29858
-12.4257_17.7065_2.78318
-12.8449_17.9449_2.29858
-13.2186_18.2497_2.78318
-13.5401_18.3317_3.11474
-14.014_18.4207_2.63015
-14.392_18.7202_2.14555
-14.5869_19.1613_1.66095
-14.6531_19.6556_1.79001
-14.7576_20.1445_1.76418
-14.8579_20.6343_1.79001
-14.8871_21.1156_1.30541
-14.7003_21.5674_0.920976
-14.3879_21.9572_0.843494
-14.1282_22.3635_1.32809
-14.0877_22.8441_1.81269
-14.2758_23.2881_2.29729
-14.5351_23.6947_1.81269
-14.5752_24.1753_1.32809
-14.3925_24.6253_0.893389
-14.1535_25.0441_1.37799
-14.137_25.5261_1.86258
-14.3469_25.9602_2.34718
-14.6263_26.3533_1.86258
-14.6903_26.8313_1.37799
-14.5242_27.2841_0.893389
-14.169_27.6153_0.458686
-13.7189_27.8328_0.432852
-13.2632_28.0386_0.407017
-12.8059_28.2405_0.432852
-12.3502_28.4463_0.407017
-11.8928_28.6481_0.432852
-11.4372_28.8539_0.407017
-10.9798_29.0558_0.432852
-10.5242_29.2616_0.407017
-10.0668_29.4635_0.432852
-9.61117_29.6692_0.407017
-9.15379_29.8711_0.432852
-8.69816_30.0769_0.407017
-8.24077_30.2788_0.432852
-7.78514_30.4846_0.407017
-7.32776_30.6864_0.432852
-6.87213_30.8922_0.407017
-6.42304_31.1091_0.536079
