configuration -26.5221767426_12.7890510559_0.0_1.0_-6.20937108994_31.1862716675_0.294171904018_0.955752525964
length 48.29
time 43.9974
roughness 0.00593393
-26.5222_12.7891_-0
-26.0277_12.7509_-0.23185
-25.5421_12.6318_-0.257684
-25.0598_12.5003_-0.283519
-24.581_12.3563_-0.309353
-24.1035_12.2082_-0.283519
-23.6248_12.0642_-0.309353
-23.148_11.9918_0.175245
-22.6585_12.0916_0.252726
-22.1734_12.2124_0.226892
-21.6923_12.2453_-0.257706
-21.2285_12.0752_-0.540674
-20.8021_11.8142_-0.566509
-20.3594_11.623_-0.0819108
-19.8786_11.6599_0.402687
-19.4242_11.8675_0.480169
-19.0371_12.155_0.964767
-18.8201_12.5896_1.39947
-18.7476_13.0838_1.47695
-18.6272_13.5508_0.992353
-18.303_13.9078_0.507755
-17.8499_14.0728_0.0231573
-17.372_14.0077_-0.461441
-16.9796_13.7274_-0.946039
-16.7629_13.2966_-1.43064
-16.6209_12.8357_-0.946039
-16.2806_12.4941_-0.461441
-15.8203_12.3503_0.0231573
-15.346_12.4375_0.507755
-14.9669_12.7356_0.992353
-14.7704_13.176_1.47695
-14.7637_13.3295_1.62998
-14.7158_13.8094_1.14538
-14.4499_14.2117_0.660786
-14.0272_14.4438_0.176188
-13.5717_14.6023_0.660786
-13.2425_14.9547_1.14538
-13.0987_15.4218_1.52982
-13.003_15.8945_1.04522
-12.6982_16.2682_0.560626
-12.2547_16.4737_0.176188
-11.7992_16.6322_0.660786
-11.47_16.9846_1.14538
-11.3429_17.4498_1.62998
-11.3853_17.9475_1.70746
-11.4577_18.4422_1.7333
-11.5343_18.9362_1.70746
-11.5237_19.4184_1.22287
-11.3492_19.8869_1.19703
-11.1707_20.3539_1.22287
-11.08_20.8275_1.70746
-11.2203_21.2888_2.19206
-11.5595_21.6317_2.67666
-12.0193_21.7771_3.16126
-12.4939_21.6916_3.64586
-12.874_21.3948_4.13045
-13.1993_21.0388_3.64586
-13.6531_20.8755_3.16126
-14.1306_20.9423_2.67666
-14.5555_21.1981_2.44481
-14.9362_21.5222_2.41898
-15.2668_21.886_2.08513
-15.5674_22.2631_2.56973
-16.0091_22.4567_3.05433
-16.2902_22.4554_3.33488
-16.7722_22.4387_2.85028
-17.2064_22.6484_2.36569
-17.5471_23.0127_2.23662
-17.7813_23.4342_1.75203
-17.7922_23.9163_1.26743
-17.5883_24.3606_0.882991
-17.2676_24.7442_0.857156
-16.9436_25.1249_0.882991
-16.6246_25.4168_0.449403
-16.1626_25.555_-0.0351949
-15.6894_25.4621_-0.519793
-15.2383_25.2917_-0.0351949
-14.7597_25.3511_0.449403
-14.3155_25.5797_0.526885
-13.9422_25.885_1.01148
-13.7542_26.329_1.49608
-13.7946_26.8096_1.98068
-13.9145_27.2767_1.49608
-13.8029_27.7459_1.01148
-13.4857_28.109_0.526885
-13.0605_28.3713_0.604366
-12.6467_28.6518_0.578532
-12.2305_28.9288_0.604366
-11.8019_29.1784_0.372517
-11.3347_29.3563_0.346682
-10.8631_29.5222_0.320848
-10.39_29.6839_0.346682
-9.91836_29.8497_0.320848
-9.4453_30.0115_0.346682
-8.97658_30.1854_0.372517
-8.50937_30.3633_0.346682
-8.03772_30.5292_0.320848
-7.56465_30.6909_0.346682
-7.09593_30.8648_0.372517
-6.64422_31.0734_0.55305
-6.25571_31.293_0.437573
