configuration -0.154660820961_0.194828033447_-0.382683650256_0.923879442258_17.3081588745_3.5618417263_0.0_1.0
length 34.4041
time 1.41978
roughness 0.00665682
-0.154661_0.194828_-0.785399
0.128176_-0.19576_-1.27
0.212834_-0.677201_-1.65443
0.166779_-1.17502_-1.68027
0.19049_-1.65668_-1.19567
0.435852_-2.07184_-0.711073
0.846364_-2.32489_-0.226475
1.33703_-2.40732_-0.0459422
1.83663_-2.42598_-0.0201076
2.33637_-2.44033_-0.0459422
2.80855_-2.53831_-0.53054
3.20933_-2.82704_-0.813508
3.54963_-3.1933_-0.839343
3.81099_-3.59857_-1.32394
3.9034_-4.08745_-1.50447
3.93224_-4.58657_-1.53031
4.02764_-5.05928_-1.04571
4.33227_-5.43311_-0.561112
4.77599_-5.622_-0.0765145
5.2566_-5.58243_0.408083
5.69533_-5.35119_0.639933
6.09377_-5.04921_0.665768
6.4896_-4.7438_0.639933
6.88804_-4.44182_0.665768
7.28387_-4.13642_0.639933
7.68231_-3.83443_0.665768
8.07813_-3.52903_0.639933
8.47658_-3.22705_0.665768
8.80401_-2.87301_1.15037
8.99606_-2.41185_1.22785
9.16011_-1.93959_1.25368
9.23621_-1.46339_1.73828
9.0817_-1.00657_2.22288
8.73217_-0.674325_2.70748
8.33221_-0.404913_2.22288
8.1038_0.0198041_1.73828
8.09954_0.502026_1.25368
8.17564_0.978224_1.73828
8.02113_1.43504_2.22288
7.6716_1.76729_2.70748
7.27164_2.0367_2.22288
7.01818_2.45789_1.88903
6.86584_2.93407_1.8632
6.80154_3.412_1.3786
6.90126_3.90191_1.35277
7.0136_4.38907_1.32693
7.20252_4.83277_0.842333
7.56016_5.17635_0.610483
7.994_5.3869_0.125885
8.49105_5.4368_0.0484036
8.99019_5.46529_0.0742382
9.48906_5.49808_0.0484036
9.961_5.59722_0.533002
10.3473_5.89683_0.917439
10.6477_6.29642_0.943274
10.989_6.63714_0.458676
11.4497_6.77966_-0.0259219
11.9237_6.69115_-0.51052
12.3578_6.44312_-0.536354
12.7897_6.19135_-0.51052
13.2238_5.94331_-0.536354
13.6557_5.69154_-0.51052
14.0898_5.44351_-0.536354
14.5218_5.19174_-0.51052
14.9074_4.89649_-0.945223
15.1967_4.48871_-0.971057
15.4824_4.07846_-0.945223
15.823_3.73707_-0.460625
16.2844_3.5853_-0.0259219
16.7843_3.57665_-8.73197e-05
17.2842_3.5723_-0.0259219
