configuration -0.154660820961_0.194828033447_-0.382683650256_0.923879442258_17.3081588745_3.5618417263_0.0_1.0
length 33.1518
time 2.8296
roughness 0.00700777
-0.154661_0.194828_-0.785399
0.128176_-0.19576_-1.27
0.212834_-0.677201_-1.65443
0.166779_-1.17502_-1.68027
0.19049_-1.65668_-1.19567
0.435852_-2.07184_-0.711073
0.846364_-2.32489_-0.226475
1.29328_-2.50606_-0.711073
1.66322_-2.84175_-0.788555
2.01866_-3.19333_-0.76272
2.4025_-3.50738_-0.530871
2.8358_-3.75678_-0.505036
3.2754_-3.9949_-0.479202
3.73308_-4.14684_0.00539637
4.20884_-4.06808_0.489994
4.64792_-3.829_0.515829
5.09973_-3.6604_0.0312309
5.57806_-3.72169_-0.453367
5.97277_-3.99875_-0.937965
6.31583_-4.33766_-0.453367
6.77728_-4.47773_0.0312309
7.25085_-4.38671_0.515829
7.64219_-4.09378_0.900267
7.94948_-3.69941_0.926101
8.25335_-3.30241_0.900267
8.48956_-2.88198_1.38486
8.50271_-2.39992_1.86946
8.30097_-1.95466_2.2539
7.95928_-1.59521_2.48575
7.56044_-1.29375_2.51158
7.15903_-0.995738_2.48575
6.8281_-0.644964_2.00115
6.69868_-0.180414_1.51655
6.76357_0.31126_1.2847
6.82486_0.78959_1.7693
6.65626_1.2414_2.2539
6.29659_1.56264_2.7385
5.88846_1.81952_2.2539
5.64699_2.23694_1.7693
5.62778_2.7188_1.2847
5.76473_3.19963_1.31054
5.89754_3.68161_1.2847
6.03449_4.16244_1.31054
6.23065_4.60298_0.825941
6.60946_4.90142_0.341343
7.07571_5.08074_0.418825
7.27844_5.18994_0.648371
7.704_5.41677_0.163773
8.19807_5.45976_-0.0680761
8.69655_5.42146_-0.0939107
9.17778_5.45266_0.390687
9.63035_5.66223_0.51975
10.0621_5.91426_0.545584
10.5022_6.14646_0.365051
10.9707_6.32091_0.339217
11.4407_6.49132_0.365051
11.9127_6.59015_-0.119547
12.3868_6.47097_-0.503985
12.8225_6.22578_-0.529819
13.2517_5.96941_-0.555654
13.6787_5.70935_-0.529819
14.1079_5.45298_-0.555654
14.5349_5.19293_-0.529819
14.9641_4.93656_-0.555654
15.3911_4.6765_-0.529819
15.8246_4.42757_-0.503985
16.2603_4.18237_-0.529819
16.6896_3.926_-0.555654
17.1345_3.73114_-0.120951
