configuration -1.36608982086_8.91640663147_-0.333444235273_0.942769824487_9.04581165314_-18.3528499603_-0.788205594687_0.615412008742
length 37.6057
time 1.21637
roughness 0.00368769
-1.36609_8.91641_-0.679909
-0.985864_8.59241_-0.757391
-0.625557_8.24581_-0.783225
-0.268247_7.89613_-0.757391
-0.268247_7.89613_-0.757391
0.0416526_7.51809_-1.14183
0.245675_7.06166_-1.16766
0.445759_6.6035_-1.14183
0.445759_6.6035_-1.14183
0.665194_6.15473_-1.06435
0.911463_5.71964_-1.03851
1.16147_5.28669_-1.06435
1.16147_5.28669_-1.06435
1.38444_4.84056_-1.19341
1.56466_4.37423_-1.21924
1.73277_3.90339_-1.24508
1.73277_3.90339_-1.24508
1.95733_3.47662_-0.760481
2.33772_3.15593_-0.579948
2.75827_2.88558_-0.554113
2.75827_2.88558_-0.554113
3.12311_2.57023_-1.03871
3.34935_2.1271_-1.21924
3.51746_1.65626_-1.24508
3.51746_1.65626_-1.24508
3.74202_1.2295_-0.760481
4.13953_0.95648_-0.275883
4.61846_0.90008_0.208715
4.61846_0.90008_0.208715
5.11037_0.982367_0.0796529
5.60906_1.01785_0.0538184
6.10337_1.07438_0.234351
6.10337_1.07438_0.234351
6.54885_1.25906_0.718949
6.90969_1.60335_0.848012
7.28182_1.91007_0.363414
7.28182_1.91007_0.363414
7.75399_2.00812_-0.121184
8.21747_1.87493_-0.605782
8.56553_1.54115_-1.09038
8.56553_1.54115_-1.09038
8.83382_1.12641_-0.807412
9.18257_0.76819_-0.781577
9.54045_0.419095_-0.755743
9.54045_0.419095_-0.755743
9.86663_0.0481605_-1.03871
10.1166_-0.38484_-1.06455
10.3552_-0.824151_-1.09038
10.3552_-0.824151_-1.09038
10.5161_-1.28245_-1.52508
10.5602_-1.77923_-1.39602
10.5602_-1.77923_-1.39602
10.6598_-2.26876_-1.31854
10.7887_-2.7518_-1.2927
10.9218_-3.2337_-1.31854
10.9218_-3.2337_-1.31854
11.0962_-3.69331_-0.984694
11.3763_-4.10742_-0.958859
11.667_-4.51416_-0.933025
11.667_-4.51416_-0.933025
11.9681_-4.91326_-0.90719
12.2795_-5.30444_-0.881356
12.5942_-5.69292_-0.90719
12.5942_-5.69292_-0.90719
12.9378_-6.04447_-0.573345
13.3601_-6.31204_-0.54751
13.727_-6.62498_-1.03211
13.727_-6.62498_-1.03211
13.9059_-7.07281_-1.51671
13.8555_-7.55242_-2.0013
13.6354_-8.00085_-2.07879
13.6354_-8.00085_-2.07879
13.3372_-8.37984_-2.56338
12.9082_-8.63422_-2.69245
12.5124_-8.90961_-2.20785
12.5124_-8.90961_-2.20785
12.2409_-9.3266_-2.02731
12.0244_-9.77723_-2.00148
11.7658_-10.1921_-2.38592
11.7658_-10.1921_-2.38592
11.4633_-10.5721_-1.95122
11.2899_-11.0406_-1.87373
11.1366_-11.5164_-1.89957
11.1366_-11.5164_-1.89957
10.9793_-11.991_-1.87373
10.8343_-12.4694_-1.8479
10.6934_-12.9491_-1.87373
10.6934_-12.9491_-1.87373
10.5993_-13.4316_-1.53989
10.619_-13.9312_-1.51405
10.6517_-14.43_-1.48822
10.6517_-14.43_-1.48822
10.615_-14.9109_-1.97282
10.4155_-15.3693_-1.99865
10.2041_-15.8224_-2.02449
10.2041_-15.8224_-2.02449
9.98112_-16.2698_-2.05032
9.74666_-16.7114_-2.07616
9.5084_-17.1509_-2.05032
9.5084_-17.1509_-2.05032
9.29752_-17.6029_-1.92126
9.13818_-18.0763_-1.84378
9.13818_-18.0763_-1.84378
