configuration -1.36608982086_8.91640663147_-0.333444235273_0.942769824487_9.04581165314_-18.3528499603_-0.788205594687_0.615412008742
length 35.9151
time 0.840407
roughness 0.00571979
-1.36609_8.91641_-0.679909
-1.0437_8.55777_-1.16451
-0.850079_8.09684_-1.19034
-0.668431_7.63105_-1.21618
-0.668431_7.63105_-1.21618
-0.431633_7.21096_-0.731578
-0.0567474_6.88018_-0.705744
0.320973_6.55265_-0.731578
0.320973_6.55265_-0.731578
0.640526_6.18273_-1.11602
0.856261_5.73173_-1.14185
1.0681_5.27888_-1.11602
1.0681_5.27888_-1.11602
1.31308_4.84583_-0.935483
1.60629_4.44089_-0.961318
1.896_4.03343_-0.935483
1.896_4.03343_-0.935483
2.14236_3.60805_-1.26933
2.29491_3.13194_-1.24349
2.45156_2.65717_-1.26933
2.45156_2.65717_-1.26933
2.6657_2.22508_-0.78473
3.05247_1.92615_-0.400293
3.51456_1.7353_-0.374458
3.51456_1.7353_-0.374458
3.98561_1.63204_0.11014
4.47597_1.7163_0.290673
4.95401_1.77977_-0.193925
4.95401_1.77977_-0.193925
5.40658_1.61324_-0.678523
5.73746_1.25766_-1.11323
5.93837_0.801178_-1.24229
5.93837_0.801178_-1.24229
6.16411_0.375041_-0.75769
6.56239_0.103134_-0.273092
7.04147_0.0480706_0.211506
7.04147_0.0480706_0.211506
7.52304_0.0735429_-0.273092
7.96103_-0.128257_-0.75769
8.25458_-0.510859_-1.24229
8.25458_-0.510859_-1.24229
8.48033_-0.936997_-0.75769
8.87709_-1.21717_-0.322987
9.35474_-1.36345_-0.245506
9.35474_-1.36345_-0.245506
9.82923_-1.51311_-0.426039
10.2827_-1.72363_-0.451873
10.7216_-1.96048_-0.580936
10.7216_-1.96048_-0.580936
11.0779_-2.28551_-1.06553
11.2417_-2.73907_-1.55013
11.1753_-3.21673_-2.03473
11.1753_-3.21673_-2.03473
11.0304_-3.67667_-1.55013
11.1164_-4.15118_-1.06553
11.4136_-4.53098_-0.580936
11.4136_-4.53098_-0.580936
11.7698_-4.85601_-1.06553
11.9923_-5.30239_-1.1946
12.2381_-5.71729_-0.709998
12.2381_-5.71729_-0.709998
12.5495_-6.08546_-1.1946
12.7732_-6.52585_-0.911628
12.7891_-6.54599_-0.886123
12.7891_-6.54599_-0.886123
13.0312_-6.96304_-1.37072
13.059_-7.44796_-1.80542
12.9223_-7.92761_-1.93449
12.9223_-7.92761_-1.93449
12.7485_-8.39637_-1.90865
12.5869_-8.86947_-1.88282
12.4293_-9.34394_-1.90865
12.4293_-9.34394_-1.90865
12.2595_-9.81418_-1.93449
12.0857_-10.2829_-1.90865
11.9159_-10.7532_-1.93449
11.9159_-10.7532_-1.93449
11.6978_-11.1963_-2.21745
11.3931_-11.5927_-2.24329
11.0851_-11.9865_-2.21745
11.0851_-11.9865_-2.21745
10.8339_-12.4091_-1.88361
10.6841_-12.8861_-1.85777
10.5385_-13.3643_-1.88361
10.5385_-13.3643_-1.88361
10.4563_-13.843_-1.44891
10.5299_-14.3372_-1.37142
10.6331_-14.8263_-1.34559
10.6331_-14.8263_-1.34559
10.6652_-15.3075_-1.83019
10.5015_-15.7756_-2.06204
10.2619_-16.2144_-2.08787
10.2619_-16.2144_-2.08787
10.0185_-16.6511_-2.06204
9.77884_-17.0899_-2.08787
9.52796_-17.5224_-2.11371
9.52796_-17.5224_-2.11371
9.30516_-17.9654_-1.88186
9.15855_-18.3877_-1.95118
9.15855_-18.3877_-1.95118
