configuration -11.6824054718_1.45032453537_1.45032453537_1.45032453537_24.2991828918_-14.4915781021_0.382683601539_0.382683601539
length 49.3228
time 3.01234
roughness 0.00366314
-11.6824_1.45032_2.22212
-11.9105_1.87522_1.73752
-11.9144_2.35744_1.25292
-11.6932_2.78595_0.768326
-11.6932_2.78595_0.768326
-11.2978_3.06208_0.283728
-10.8193_3.12224_-0.20087
-10.3326_3.00996_-0.278352
-10.3326_3.00996_-0.278352
-9.85379_2.95238_0.206246
-9.4033_3.12447_0.690844
-9.02664_3.45261_0.768326
-9.02664_3.45261_0.768326
-8.63128_3.72874_0.283728
-8.14692_3.84766_0.154665
-7.65362_3.92893_0.1805
-7.65362_3.92893_0.1805
-7.17041_4.04745_0.361033
-6.70423_4.22807_0.386867
-6.24287_4.42068_0.412702
-6.24287_4.42068_0.412702
-5.79502_4.64016_0.541764
-5.3689_4.90163_0.567599
-4.94504_5.16677_0.541764
-4.94504_5.16677_0.541764
-4.92296_5.17981_0.516259
-4.92296_5.17981_0.516259
-4.54645_5.48113_1.00086
-4.35366_5.92316_1.48546
-4.23715_6.39111_1.00086
-4.23715_6.39111_1.00086
-3.91607_6.75092_0.516259
-3.46433_6.91971_0.0316612
-2.97771_6.87331_-0.352777
-2.97771_6.87331_-0.352777
-2.53792_6.65369_-0.686622
-2.15401_6.33344_-0.712457
-1.77287_6.0099_-0.686622
-1.77287_6.0099_-0.686622
-1.37848_5.7033_-0.60914
-0.966001_5.42079_-0.583306
-0.551107_5.14184_-0.60914
-0.551107_5.14184_-0.60914
-0.143556_4.85227_-0.634975
0.261485_4.5592_-0.60914
0.669035_4.26962_-0.634975
0.669035_4.26962_-0.634975
1.06343_3.96303_-0.712457
1.43894_3.63297_-0.738291
1.8116_3.29969_-0.712457
1.8116_3.29969_-0.712457
2.19274_2.97614_-0.686622
2.57665_2.65589_-0.712457
2.9578_2.33235_-0.686622
2.9578_2.33235_-0.686622
3.34171_2.0121_-0.712457
3.72285_1.68855_-0.686622
4.10676_1.36831_-0.712457
4.10676_1.36831_-0.712457
4.50589_1.07394_-0.480607
4.95118_0.846626_-0.454773
5.40218_0.630895_-0.428938
5.40218_0.630895_-0.428938
5.86815_0.493824_0.00576501
6.3663_0.51812_0.134827
6.84841_0.506628_-0.349771
6.84841_0.506628_-0.349771
7.26965_0.27187_-0.834368
7.64592_-0.0297473_-0.349771
7.67009_-0.0383331_-0.324265
7.67009_-0.0383331_-0.324265
8.10377_-0.257054_-0.758968
8.48465_-0.57717_-0.578435
8.7481_-0.751238_-0.594752
8.7481_-0.751238_-0.594752
9.16895_-1.02036_-0.51727
9.60135_-1.27132_-0.543105
9.96964_-1.58264_-1.0277
9.96964_-1.58264_-1.0277
10.2773_-1.9585_-0.593
10.6943_-2.23431_-0.567165
11.1136_-2.50653_-0.593
11.1136_-2.50653_-0.593
11.4956_-2.81971_-0.875968
11.8124_-3.2065_-0.901802
12.119_-3.60134_-0.927637
12.119_-3.60134_-0.927637
12.377_-4.0226_-1.21061
12.5409_-4.49448_-1.28809
12.6845_-4.97336_-1.26225
12.6845_-4.97336_-1.26225
12.9017_-5.40392_-0.777654
13.2718_-5.73825_-0.648592
13.6676_-6.04368_-0.674426
13.6676_-6.04368_-0.674426
14.03_-6.38224_-0.906276
14.3349_-6.77844_-0.93211
14.6295_-7.18239_-0.957945
14.6295_-7.18239_-0.957945
14.9451_-7.56494_-0.726095
15.3218_-7.89365_-0.700261
15.7068_-8.21252_-0.674426
15.7068_-8.21252_-0.674426
16.1049_-8.51429_-0.596945
16.516_-8.79887_-0.622779
16.9246_-9.08698_-0.596945
16.9246_-9.08698_-0.596945
17.2756_-9.41766_-1.08154
17.4321_-9.87379_-1.56614
17.4473_-10.3731_-1.48866
17.4473_-10.3731_-1.48866
17.5338_-10.8594_-1.20569
17.6821_-11.2249_-1.14452
17.6821_-11.2249_-1.14452
17.9484_-11.627_-0.659923
18.3713_-11.8587_-0.175325
18.8269_-12.0168_-0.659923
18.8269_-12.0168_-0.659923
19.2245_-12.3199_-0.634089
19.6501_-12.5657_-0.300244
20.0245_-12.69_-0.361413
20.0245_-12.69_-0.361413
20.4429_-12.9297_-0.846011
20.7016_-13.3367_-1.33061
20.7451_-13.6656_-1.66218
20.7451_-13.6656_-1.66218
20.7775_-14.1467_-1.17758
21.0304_-14.5574_-0.69298
21.4351_-14.8439_-0.461131
21.4351_-14.8439_-0.461131
21.8666_-15.0916_-0.641664
22.2744_-15.3802_-0.564182
22.2744_-15.3802_-0.564182
22.7175_-15.5704_-0.0795842
23.1983_-15.5323_0.405014
23.6059_-15.2747_0.889612
23.6059_-15.2747_0.889612
23.9241_-14.889_0.863777
24.2826_-14.5527_0.529932
24.2826_-14.5527_0.529932
