configuration -1.36608982086_8.91640663147_-0.333444235273_0.942769824487_9.04581165314_-18.3528499603_-0.788205594687_0.615412008742
length 36.1218
time 1.33317
roughness 0.00463015
-1.36609_8.91641_-0.679909
-1.0437_8.55777_-1.16451
-0.925499_8.09024_-1.6491
-0.994111_7.59746_-1.82964
-0.994111_7.59746_-1.82964
-1.04234_7.11763_-1.34504
-0.887185_6.64869_-1.06207
-0.639927_6.21416_-1.03624
-0.639927_6.21416_-1.03624
-0.404507_5.77448_-1.1653
-0.211253_5.31339_-1.19113
-0.0299733_4.84746_-1.21697
-0.0299733_4.84746_-1.21697
0.155153_4.38349_-1.13949
0.368065_3.93114_-1.11365
0.584865_3.48064_-1.13949
0.584865_3.48064_-1.13949
0.853153_3.07992_-0.654889
1.27723_2.85032_-0.170291
1.75943_2.84471_0.314307
1.75943_2.84471_0.314307
2.23585_2.91947_-0.170291
2.71267_2.79055_-0.45326
3.16024_2.56776_-0.479094
3.16024_2.56776_-0.479094
3.58145_2.30598_-0.710944
3.96308_1.98301_-0.685109
4.34748_1.66334_-0.710944
4.34748_1.66334_-0.710944
4.73903_1.35442_-0.581881
5.15906_1.08326_-0.556047
5.5814_0.81572_-0.581881
5.5814_0.81572_-0.581881
5.93734_0.490358_-1.06648
6.12603_0.0364377_-1.40032
6.2066_-0.456977_-1.42616
6.2066_-0.456977_-1.42616
6.35063_-0.917206_-0.941561
6.67745_-1.28758_-0.658593
7.07545_-1.59014_-0.632758
7.07545_-1.59014_-0.632758
7.5045_-1.8103_-0.14816
7.99573_-1.82887_0.185685
8.48414_-1.724_0.263166
8.48414_-1.724_0.263166
8.96375_-1.6737_-0.221432
9.45377_-1.77079_-0.14395
9.66223_-1.79717_-0.0896079
9.66223_-1.79717_-0.0896079
10.1297_-1.91567_-0.574206
10.5471_-2.19083_-0.60004
10.9573_-2.47668_-0.625875
10.9573_-2.47668_-0.625875
11.2986_-2.81738_-1.11047
11.4756_-3.27852_-1.39344
11.5596_-3.77136_-1.41928
11.5596_-3.77136_-1.41928
11.7068_-4.23059_-0.934678
12.0361_-4.59871_-0.651709
12.4061_-4.92895_-0.883559
12.4061_-4.92895_-0.883559
12.6742_-5.34097_-1.2174
12.8266_-5.81588_-1.34647
12.9336_-6.30424_-1.3723
12.9336_-6.30424_-1.3723
13.0108_-6.79696_-1.50136
13.0498_-7.29539_-1.47553
13.0931_-7.79346_-1.50136
13.0931_-7.79346_-1.50136
13.0501_-8.27378_-1.98596
12.7883_-8.67878_-2.47056
12.447_-9.02869_-2.08612
12.447_-9.02869_-2.08612
12.2282_-9.47554_-1.90559
12.068_-9.94913_-1.87975
11.9958_-10.4259_-1.39516
11.9958_-10.4259_-1.39516
12.004_-10.9081_-1.87975
11.8398_-11.3799_-1.95724
11.6554_-11.8446_-1.9314
11.6554_-11.8446_-1.9314
11.4453_-12.2938_-2.16325
11.1557_-12.7009_-2.24073
10.8487_-13.0954_-2.2149
10.8487_-13.0954_-2.2149
10.6236_-13.522_-1.7303
10.5742_-14.017_-1.54977
10.5891_-14.5168_-1.52393
10.5891_-14.5168_-1.52393
10.5353_-14.996_-2.00853
10.338_-15.4266_-1.98406
10.338_-15.4266_-1.98406
10.1493_-15.8891_-1.90657
9.98046_-16.3597_-1.93241
9.85369_-16.7326_-1.83052
9.85369_-16.7326_-1.83052
9.6973_-17.2049_-2.01105
9.47282_-17.6512_-2.08853
9.25296_-18.0975_-1.908
9.25296_-18.0975_-1.908
