configuration 0.916432738304_-13.7452163696_0.573727795176_0.819046040857_7.25410509109_23.1360397339_0.890376127727_0.455225604699
length 41.6061
time 1.73944
roughness 0.00340246
0.916433_-13.7452_1.2221
1.06655_-13.2696_1.35116
1.17967_-12.7826_1.32533
1.29698_-12.2966_1.35116
1.29698_-12.2966_1.35116
1.41837_-11.8121_1.27368
1.56885_-11.3353_1.24785
1.72343_-10.8598_1.27368
1.72343_-10.8598_1.27368
1.93569_-10.4268_0.789083
2.21708_-10.0352_1.27368
2.23127_-9.98591_1.32469
2.23127_-9.98591_1.32469
2.37345_-9.50787_1.19563
2.56064_-9.04428_1.16979
2.67637_-8.57614_1.65439
2.67637_-8.57614_1.65439
2.71253_-8.09525_1.16979
2.96855_-7.68659_0.685196
3.28905_-7.32625_1.16979
3.28905_-7.32625_1.16979
3.54507_-6.91758_0.685196
3.95764_-6.65032_0.351351
4.43095_-6.49056_0.273869
4.43095_-6.49056_0.273869
4.86878_-6.28842_0.758467
5.16203_-5.90558_1.24307
5.29363_-5.42577_1.4236
5.29363_-5.42577_1.4236
5.37122_-4.93188_1.39776
5.45305_-4.43867_1.4236
5.53063_-3.94478_1.39776
5.53063_-3.94478_1.39776
5.68152_-3.48309_0.963061
5.97052_-3.07514_0.937226
6.26996_-2.67478_0.911392
6.26996_-2.67478_0.911392
6.50147_-2.25175_1.39599
6.57562_-1.75774_1.47347
6.61992_-1.25975_1.49931
6.61992_-1.25975_1.49931
6.65133_-0.760792_1.52514
6.66985_-0.261185_1.55097
6.67546_0.238733_1.57681
6.67546_0.238733_1.57681
6.67675_0.738681_1.55097
6.68236_1.2386_1.57681
6.68366_1.73855_1.55097
6.68366_1.73855_1.55097
6.69787_2.23829_1.52514
6.72499_2.73751_1.49931
6.7564_3.23647_1.52514
6.7564_3.23647_1.52514
6.76631_3.73592_1.60262
6.75471_4.23573_1.57679
6.74741_4.73563_1.60262
6.74741_4.73563_1.60262
6.76979_5.23106_1.37077
6.87335_5.72017_1.34494
6.9895_6.20644_1.3191
6.9895_6.20644_1.3191
7.0343_6.68659_1.8037
6.85026_7.13233_2.2883
6.47976_7.44102_2.7729
6.47976_7.44102_2.7729
6.06304_7.68371_2.2883
5.80735_8.09258_1.8037
5.77158_8.57349_1.3191
5.77158_8.57349_1.3191
5.87492_9.06141_1.44817
5.9318_9.55811_1.474
5.9844_10.0553_1.44817
5.9844_10.0553_1.44817
6.09046_10.5377_1.1652
6.29167_10.9954_1.13936
6.49682_11.4513_1.1652
6.49682_11.4513_1.1652
6.69803_11.909_1.13936
6.911_12.3613_1.11353
7.12786_12.8118_1.13936
7.12786_12.8118_1.13936
7.38135_13.2329_0.805518
7.73078_13.5905_0.779683
8.08933_13.9389_0.753849
8.08933_13.9389_0.753849
8.48864_14.2093_0.269251
8.97402_14.2871_-0.0645946
9.45413_14.3324_0.420003
9.45413_14.3324_0.420003
9.85786_14.5961_0.904601
10.0922_15.0176_1.3892
10.1033_15.4997_1.8738
10.1033_15.4997_1.8738
9.94199_15.9725_1.95128
9.76033_16.4382_1.92544
9.58268_16.9056_1.95128
9.58268_16.9056_1.95128
9.38526_17.3644_2.02876
9.16809_17.8148_2.00293
8.9548_18.2669_2.02876
8.9548_18.2669_2.02876
8.77886_18.7285_1.74579
8.69606_19.2215_1.71996
8.62602_19.7165_1.69412
8.62602_19.7165_1.69412
8.5353_20.2057_1.87466
8.38161_20.6815_1.90049
8.22383_21.1559_1.87466
8.22383_21.1559_1.87466
8.0543_21.6249_2.00372
7.83309_22.0728_2.0812
7.59262_22.5111_2.05537
7.59262_22.5111_2.05537
7.34155_22.9421_2.18443
7.34155_22.9421_2.18443
