configuration -1.36608982086_8.91640663147_-0.333444235273_0.942769824487_9.04581165314_-18.3528499603_-0.788205594687_0.615412008742
length 37.1712
time 0.913394
roughness 0.00463294
-1.36609_8.91641_-0.679909
-1.0437_8.55777_-1.16451
-0.850079_8.09684_-1.19034
-0.668431_7.63105_-1.21618
-0.668431_7.63105_-1.21618
-0.436649_7.20421_-0.781473
-0.0787272_6.85515_-0.755639
0.288092_6.51546_-0.729804
0.288092_6.51546_-0.729804
0.668879_6.19212_-0.652322
1.06355_5.88522_-0.678157
1.45556_5.57494_-0.652322
1.45556_5.57494_-0.652322
1.78772_5.22533_-1.13692
1.97776_4.76421_-1.26598
2.1319_4.28862_-1.24015
2.1319_4.28862_-1.24015
2.29013_3.81437_-1.26598
2.44428_3.33878_-1.24015
2.60251_2.86453_-1.26598
2.60251_2.86453_-1.26598
2.76468_2.39204_-1.1885
2.95518_1.9298_-1.16267
3.15755_1.47264_-1.13683
3.15755_1.47264_-1.13683
3.4269_1.07264_-0.652234
3.85158_0.844163_-0.167636
4.34548_0.799264_0.0642132
4.34548_0.799264_0.0642132
4.82557_0.753786_-0.420385
5.26142_0.517169_-0.652234
5.65612_0.210307_-0.678069
5.65612_0.210307_-0.678069
5.98716_-0.145122_-1.11277
6.21208_-0.59162_-1.08694
6.44084_-1.03617_-1.11277
6.44084_-1.03617_-1.11277
6.71973_-1.42958_-0.628174
7.14979_-1.64777_-0.143576
7.62086_-1.7783_-0.528014
7.62086_-1.7783_-0.528014
8.07058_-1.95239_-0.0434158
8.54962_-1.89694_0.441182
8.99104_-1.6648_0.570245
8.99104_-1.6648_0.570245
9.43258_-1.45504_0.185807
9.91464_-1.44195_-0.298791
9.91464_-1.44195_-0.298791
10.3473_-1.65494_-0.783389
10.6309_-2.04496_-1.26799
10.8456_-2.47675_-0.783389
10.8456_-2.47675_-0.783389
11.1375_-2.86501_-1.21809
11.3061_-3.33566_-1.24393
11.4626_-3.8105_-1.26976
11.4626_-3.8105_-1.26976
11.6765_-4.24268_-0.785163
12.0672_-4.52542_-0.300565
12.5446_-4.59363_0.184032
12.5446_-4.59363_0.184032
13.0267_-4.58139_-0.300565
13.4589_-4.79515_-0.785163
13.7419_-5.18567_-1.26976
13.7419_-5.18567_-1.26976
13.8103_-5.66303_-1.75436
13.6903_-6.14588_-1.93489
13.5082_-6.6115_-1.96073
13.5082_-6.6115_-1.96073
13.3142_-7.07227_-1.98656
13.1084_-7.52787_-2.0124
12.8986_-7.98168_-1.98656
12.8986_-7.98168_-1.98656
12.7169_-8.44617_-1.8575
12.5797_-8.92691_-1.83166
12.4549_-9.41104_-1.80583
12.4549_-9.41104_-1.80583
12.3102_-9.88707_-1.98636
12.1123_-10.3462_-1.96053
11.9184_-10.807_-1.98636
11.9184_-10.807_-1.98636
11.7205_-11.2661_-1.96053
11.5346_-11.7302_-1.93469
11.3607_-12.1989_-1.90886
11.3607_-12.1989_-1.90886
11.1908_-12.6691_-1.93469
11.0169_-13.1379_-1.90886
10.847_-13.6081_-1.93469
10.847_-13.6081_-1.93469
10.6731_-14.0768_-1.90886
10.5032_-14.547_-1.93469
10.3213_-15.0127_-1.96053
10.3213_-15.0127_-1.96053
10.2108_-15.4821_-1.47593
10.1801_-15.9633_-1.96053
10.0768_-16.1692_-2.19007
10.0768_-16.1692_-2.19007
9.81286_-16.5909_-2.00954
9.60438_-17.0453_-1.98371
9.40772_-17.5049_-1.95787
9.40772_-17.5049_-1.95787
9.23946_-17.9744_-1.82881
9.11765_-18.3765_-1.93749
9.11765_-18.3765_-1.93749
