configuration -1.36608982086_8.91640663147_-0.333444235273_0.942769824487_9.04581165314_-18.3528499603_-0.788205594687_0.615412008742
length 35.8823
time 0.785701
roughness 0.00388226
-1.36609_8.91641_-0.679909
-1.02019_8.56712_-1.01375
-0.759544_8.14049_-1.03959
-0.50258_7.71163_-1.01375
-0.50258_7.71163_-1.01375
-0.203331_7.31865_-0.730786
0.171816_6.98817_-0.704952
0.549796_6.66094_-0.730786
0.549796_6.66094_-0.730786
0.919196_6.32405_-0.756621
1.28568_5.984_-0.730786
1.65508_5.64711_-0.756621
1.65508_5.64711_-0.756621
2.01566_5.30079_-0.782455
2.37323_4.95138_-0.756621
2.73381_4.60507_-0.782455
2.73381_4.60507_-0.782455
3.01779_4.21531_-1.26705
3.16321_3.73698_-1.29289
3.3045_3.25741_-1.26705
3.3045_3.25741_-1.26705
3.51963_2.82581_-0.782455
3.89719_2.50425_-0.550606
4.32549_2.24635_-0.524771
4.32549_2.24635_-0.524771
4.69942_1.94184_-1.00937
4.91371_1.49943_-1.34321
5.02231_1.01142_-1.36905
5.02231_1.01142_-1.36905
5.19238_0.560159_-0.884451
5.5398_0.209043_-0.601483
5.94956_-0.0774004_-0.627318
5.94956_-0.0774004_-0.627318
6.3798_-0.295223_-0.14272
6.87594_-0.353489_-0.0652381
7.37508_-0.381784_-0.0394036
7.37508_-0.381784_-0.0394036
7.85718_-0.462625_-0.423842
8.30256_-0.687078_-0.552904
8.73785_-0.930524_-0.423842
8.73785_-0.930524_-0.423842
9.14056_-1.19581_-0.908439
9.4301_-1.6019_-1.0375
9.73779_-1.97323_-0.552904
9.73779_-1.97323_-0.552904
10.118_-2.28046_-0.937342
10.4032_-2.69059_-1.01482
10.6707_-3.11295_-0.988989
10.6707_-3.11295_-0.988989
10.9106_-3.54703_-1.22084
11.086_-4.01518_-1.195
11.2655_-4.4818_-1.22084
11.2655_-4.4818_-1.22084
11.5003_-4.903_-0.73624
11.9044_-5.1663_-0.251642
12.3845_-5.21108_0.232955
12.3845_-5.21108_0.232955
12.8654_-5.17528_-0.251642
13.3076_-5.36764_-0.73624
13.6093_-5.74386_-1.22084
13.6093_-5.74386_-1.22084
13.701_-6.2173_-1.70544
13.5968_-6.70218_-1.93729
13.4137_-7.16737_-1.96312
13.4137_-7.16737_-1.96312
13.2108_-7.62387_-2.0406
12.9807_-8.06769_-2.06644
12.7467_-8.50951_-2.0406
12.7467_-8.50951_-2.0406
12.5402_-8.96351_-1.91154
12.3691_-9.43326_-1.93737
12.1939_-9.90151_-1.91154
12.1939_-9.90151_-1.91154
12.0228_-10.3713_-1.93737
11.8476_-10.8395_-1.91154
11.6765_-11.3093_-1.93737
11.6765_-11.3093_-1.93737
11.5013_-11.7775_-1.91154
11.3302_-12.2473_-1.93737
11.155_-12.7155_-1.91154
11.155_-12.7155_-1.91154
11.0677_-13.1898_-1.42694
11.1334_-13.4631_-1.14638
11.1648_-13.5351_-1.18299
11.1648_-13.5351_-1.18299
11.2744_-14.0047_-1.66759
11.166_-14.4814_-2.05203
10.9308_-14.9225_-2.07786
10.9308_-14.9225_-2.07786
10.6918_-15.3616_-2.05203
10.4566_-15.8028_-2.07786
10.2176_-16.2419_-2.05203
10.2176_-16.2419_-2.05203
9.98234_-16.6831_-2.07786
9.7358_-17.118_-2.1037
9.48553_-17.5508_-2.07786
9.48553_-17.5508_-2.07786
9.27874_-18.0016_-1.84601
9.15892_-18.3768_-1.9479
9.15892_-18.3768_-1.9479
