configuration -26.5221767426_12.7890510559_0.0_1.0_-6.20937108994_31.1862716675_0.294171904018_0.955752525964
length 38.6017
time 1.61058
roughness 0.0051473
-26.5222_12.7891_-0
-26.046_12.8652_0.484598
-25.6389_13.1408_0.818443
-25.3004_13.5087_0.844278
-25.3004_13.5087_0.844278
-24.9651_13.8795_0.818443
-24.6203_14.2416_0.792609
-24.2724_14.6006_0.818443
-24.2724_14.6006_0.818443
-23.9067_14.9356_0.586594
-23.4879_15.2087_0.560759
-23.0669_15.4782_0.586594
-23.0669_15.4782_0.586594
-22.6637_15.7719_0.715656
-22.2893_16.1032_0.741491
-21.9177_16.4376_0.715656
-21.9177_16.4376_0.715656
-21.5084_16.6926_0.231058
-21.0245_16.7354_-0.203645
-20.5358_16.63_-0.229479
-20.5358_16.63_-0.229479
-20.0477_16.5716_0.104366
-19.5509_16.628_0.130201
-19.0547_16.6886_0.104366
-19.0547_16.6886_0.104366
-18.5639_16.77_0.284899
-18.0853_16.9147_0.310734
-17.608_17.0634_0.284899
-17.608_17.0634_0.284899
-17.1296_17.1242_-0.199699
-16.6525_16.9887_-0.431548
-16.2002_16.7757_-0.457383
-16.2002_16.7757_-0.457383
-15.8066_16.497_-0.941981
-15.563_16.0701_-1.27583
-15.4302_15.5885_-1.35331
-15.4302_15.5885_-1.35331
-15.253_15.14_-0.86871
-14.8873_14.8256_-0.384112
-14.4173_14.7178_0.100486
-14.4173_14.7178_0.100486
-13.9217_14.7807_0.177968
-13.4666_14.94_0.662566
-13.4666_14.94_0.662566
-13.138_15.293_1.14716
-13.0117_15.7584_1.63176
-13.1168_16.2291_2.11636
-13.1168_16.2291_2.11636
-13.2987_16.6757_1.63176
-13.2992_17.1732_1.45123
-13.318_17.6551_1.93583
-13.318_17.6551_1.93583
-13.4504_18.131_1.65286
-13.4785_18.6297_1.57538
-13.5189_19.124_1.80723
-13.5189_19.124_1.80723
-13.5891_19.6129_1.52426
-13.5616_20.1121_1.49842
-13.5211_20.6104_1.47259
-13.5211_20.6104_1.47259
-13.5502_21.0918_1.95719
-13.7651_21.5406_2.13772
-13.9565_21.9832_1.65312
-13.9565_21.9832_1.65312
-13.9592_22.4791_1.42127
-13.9636_22.9613_1.90587
-14.0323_23.1269_2.08441
-14.0323_23.1269_2.08441
-14.1999_23.5791_1.59981
-14.1376_24.0573_1.11521
-13.9965_24.5184_1.59981
-13.9965_24.5184_1.59981
-14.0865_24.9922_2.08441
-14.3684_25.3978_2.36737
-14.7288_25.7442_2.39321
-14.7288_25.7442_2.39321
-15.0259_26.1241_1.90861
-15.1118_26.5986_1.42401
-14.9668_27.0585_0.939415
-14.9668_27.0585_0.939415
-14.6242_27.3979_0.454817
-14.1732_27.6137_0.428983
-13.7168_27.8177_0.403148
-13.7168_27.8177_0.403148
-13.2625_28.0255_0.48063
-12.8173_28.2528_0.454795
-12.37_28.4763_0.48063
-12.37_28.4763_0.48063
-11.9213_28.6957_0.403148
-11.4631_28.8958_0.428983
-11.0067_29.0998_0.403148
-11.0067_29.0998_0.403148
-10.5485_29.2999_0.428983
-10.0921_29.504_0.403148
-9.63394_29.7041_0.428983
-9.63394_29.7041_0.428983
-9.16921_29.8328_-0.0556151
-8.67289_29.7838_-0.184677
-8.18437_29.6794_-0.262159
-8.18437_29.6794_-0.262159
-7.70471_29.6296_0.222439
-7.25707_29.8089_0.707037
-6.9059_30.1591_0.938886
-6.9059_30.1591_0.938886
-6.61407_30.5651_0.964721
-6.29592_30.9429_0.681753
-6.29592_30.9429_0.681753
