configuration 0.916432738304_-13.7452163696_0.573727795176_0.819046040857_7.25410509109_23.1360397339_0.890376127727_0.455225604699
length 40.754
time 3.20056
roughness 0.00340929
0.916433_-13.7452_1.2221
1.0832_-13.2739_1.24793
1.2459_-12.8012_1.2221
1.42076_-12.3328_1.19627
1.42076_-12.3328_1.19627
1.61545_-11.8727_1.11878
1.82994_-11.4211_1.14462
2.04053_-10.9677_1.11878
2.04053_-10.9677_1.11878
2.23059_-10.5079_1.29932
2.36051_-10.0251_1.32515
2.4779_-9.53916_1.35099
2.4779_-9.53916_1.35099
2.65609_-9.09105_0.866388
2.9064_-8.67886_1.35099
2.94144_-8.27305_1.75907
2.94144_-8.27305_1.75907
2.92716_-7.79102_1.27447
3.13908_-7.35784_0.789873
3.5284_-7.07326_0.305275
3.5284_-7.07326_0.305275
3.95967_-6.85747_0.789873
4.26514_-6.47233_1.12372
4.4774_-6.01968_1.14955
4.4774_-6.01968_1.14955
4.62777_-5.55167_1.4834
4.67569_-5.05402_1.45756
4.7279_-4.5568_1.4834
4.7279_-4.5568_1.4834
4.84537_-4.08909_0.9988
5.1672_-3.72995_0.514202
5.61928_-3.56208_0.029604
5.61928_-3.56208_0.029604
6.093_-3.47183_0.514202
6.47013_-3.17128_0.9988
6.66383_-2.72965_1.4834
6.66383_-2.72965_1.4834
6.69457_-2.23105_1.56088
6.69522_-1.7311_1.58671
6.68296_-1.2313_1.61255
6.68296_-1.2313_1.61255
6.64924_-0.732898_1.69003
6.58549_-0.237029_1.71586
6.51748_0.258274_1.69003
6.51748_0.258274_1.69003
6.48805_0.754939_1.5095
6.52297_1.25367_1.48366
6.56219_1.75208_1.5095
6.56219_1.75208_1.5095
6.6141_2.24811_1.38043
6.71292_2.7382_1.3546
6.81596_3.22741_1.38043
6.81596_3.22741_1.38043
6.88061_3.72073_1.56097
6.88983_4.22059_1.53513
6.90336_4.72036_1.56097
6.90336_4.72036_1.56097
6.89537_5.21984_1.63845
6.86587_5.71892_1.61261
6.84067_6.21824_1.63845
6.84067_6.21824_1.63845
6.82836_6.71682_1.50939
6.86334_7.21555_1.48355
6.91119_7.7132_1.45772
6.91119_7.7132_1.45772
6.89673_8.1987_1.89242
6.71889_8.66466_2.02148
6.58006_9.12648_1.53689
6.58006_9.12648_1.53689
6.59271_9.62627_1.56272
6.59271_9.62627_1.56272
6.52036_10.1031_2.04732
6.35313_10.4861_1.85208
6.34622_10.5108_1.82657
6.34622_10.5108_1.82657
6.25773_10.8412_1.84425
6.25773_10.8412_1.84425
6.20249_11.3203_1.35965
6.37679_11.7699_0.875051
6.62352_12.1842_1.35965
6.62352_12.1842_1.35965
6.79782_12.6339_0.875051
7.13906_12.9959_0.694518
7.52594_13.3126_0.668684
7.52594_13.3126_0.668684
7.92577_13.6121_0.591202
8.34325_13.8871_0.565368
8.76308_14.1586_0.591202
8.76308_14.1586_0.591202
9.11597_14.4873_1.0758
9.29195_14.9433_1.46024
9.34283_15.4407_1.48607
9.34283_15.4407_1.48607
9.33022_15.9321_1.81992
9.20279_16.4155_1.84575
9.06292_16.8955_1.87159
9.06292_16.8955_1.87159
8.91891_17.3743_1.84575
8.77903_17.8543_1.87159
8.63503_18.333_1.84575
8.63503_18.333_1.84575
8.49515_18.813_1.87159
8.35115_19.2918_1.84575
8.21127_19.7717_1.87159
8.21127_19.7717_1.87159
8.06726_20.2505_1.84575
7.93567_20.7328_1.81992
7.80824_21.2163_1.84575
7.80824_21.2163_1.84575
7.66836_21.6962_1.87159
7.52436_22.175_1.84575
7.34633_22.6358_2.12872
7.34633_22.6358_2.12872
7.10566_23.0433_2.05532
7.10566_23.0433_2.05532
