configuration -11.6824054718_1.45032453537_1.45032453537_1.45032453537_24.2991828918_-14.4915781021_0.382683601539_0.382683601539
length 51.954
time 2.49411
roughness 0.00331553
-11.6824_1.45032_2.22212
-11.9105_1.87522_1.73752
-11.9144_2.35744_1.25292
-11.6932_2.78595_0.768326
-11.6932_2.78595_0.768326
-11.2978_3.06208_0.283728
-10.8169_3.13028_-0.150975
-10.3233_3.05084_-0.17681
-10.3233_3.05084_-0.17681
-9.84734_2.91881_-0.459778
-9.40124_2.69311_-0.485612
-8.9571_2.46357_-0.459778
-8.9571_2.46357_-0.459778
-8.49656_2.32055_0.02482
-8.02241_2.40853_0.509418
-7.64385_2.70727_0.994016
-7.64385_2.70727_0.994016
-7.39804_3.13984_1.17455
-7.21719_3.60551_1.25203
-6.9956_4.03382_0.767433
-6.9956_4.03382_0.767433
-6.68156_4.41201_1.10128
-6.48347_4.86841_1.28181
-6.48347_4.86841_1.28181
-6.27474_5.30314_0.797213
-6.05061_5.52526_0.748277
-6.05061_5.52526_0.748277
-5.75347_5.90508_1.23288
-5.64257_6.38399_1.56672
-5.64484_6.88393_1.59256
-5.64484_6.88393_1.59256
-5.57903_7.36166_1.10796
-5.29824_7.75372_0.623359
-4.86714_7.96984_0.138761
-4.86714_7.96984_0.138761
-4.38143_7.96786_-0.295942
-3.91106_7.80205_-0.425004
-3.45079_7.60789_-0.347523
-3.45079_7.60789_-0.347523
-3.00416_7.39692_-0.630491
-2.60288_7.09871_-0.656325
-2.20945_6.79024_-0.68216
-2.20945_6.79024_-0.68216
-1.82995_6.46539_-0.759641
-1.46449_6.12422_-0.733807
-1.09611_5.78622_-0.759641
-1.09611_5.78622_-0.759641
-0.725142_5.45167_-0.68216
-0.339803_5.13313_-0.707994
0.0427781_4.81129_-0.68216
0.0427781_4.81129_-0.68216
0.433545_4.49944_-0.656325
0.826983_4.19097_-0.68216
1.21775_3.87912_-0.656325
1.21775_3.87912_-0.656325
1.61119_3.57065_-0.68216
2.00196_3.2588_-0.656325
2.39539_2.95032_-0.68216
2.39539_2.95032_-0.68216
2.78073_2.63179_-0.707994
3.16331_2.30995_-0.68216
3.54865_1.99141_-0.707994
3.54865_1.99141_-0.707994
3.93123_1.66957_-0.68216
4.322_1.35772_-0.656325
4.71544_1.04925_-0.68216
4.71544_1.04925_-0.68216
5.10621_0.7374_-0.656325
5.5049_0.435748_-0.630491
5.90617_0.137541_-0.656325
5.90617_0.137541_-0.656325
6.27464_-0.194405_-0.888175
6.58667_-0.585028_-0.914009
6.89533_-0.978324_-0.888175
6.89533_-0.978324_-0.888175
7.23684_-1.33793_-0.656325
7.63028_-1.64641_-0.68216
8.02105_-1.95826_-0.656325
8.02105_-1.95826_-0.656325
8.44479_-2.18847_-0.171727
8.92699_-2.19477_0.312871
9.35661_-1.97571_0.797469
9.35661_-1.97571_0.797469
9.74375_-1.68818_0.312871
10.2203_-1.61411_-0.171727
10.6764_-1.77055_-0.656325
10.6764_-1.77055_-0.656325
11.0072_-2.12148_-1.14092
11.1786_-2.58686_-1.37277
11.1976_-3.06873_-1.85737
11.1976_-3.06873_-1.85737
11.1361_-3.54703_-1.37277
11.3044_-3.99892_-0.888175
11.6354_-4.37203_-0.759112
11.6354_-4.37203_-0.759112
12.0333_-4.6445_-0.274514
12.5175_-4.76746_-0.197033
13.0069_-4.86955_-0.222867
13.0069_-4.86955_-0.222867
13.4544_-5.04911_-0.707465
13.8192_-5.38923_-0.836528
14.151_-5.76322_-0.862362
14.151_-5.76322_-0.862362
14.5017_-6.1139_-0.630513
14.908_-6.40516_-0.604678
15.3218_-6.68583_-0.578844
15.3218_-6.68583_-0.578844
15.7011_-6.99843_-0.912689
16.0035_-7.39659_-0.938524
16.3024_-7.79733_-0.912689
16.3024_-7.79733_-0.912689
16.635_-8.1652_-0.68084
17.0208_-8.48323_-0.706674
17.4038_-8.80456_-0.68084
17.4038_-8.80456_-0.68084
17.7895_-9.12259_-0.706674
18.1725_-9.44392_-0.68084
18.5583_-9.76195_-0.706674
18.5583_-9.76195_-0.706674
18.879_-10.1267_-1.14138
19.0752_-10.5861_-1.21886
19.2435_-11.0569_-1.24469
19.2435_-11.0569_-1.24469
19.3239_-11.5324_-1.72929
19.324_-12.0146_-1.24469
19.5487_-12.4413_-0.760095
19.5487_-12.4413_-0.760095
19.9401_-12.7387_-0.42625
20.3849_-12.9642_-0.555312
20.7701_-13.191_-0.485987
20.7701_-13.191_-0.485987
20.8869_-13.2491_-0.411521
20.8869_-13.2491_-0.411521
21.3066_-13.4997_-0.795959
21.6399_-13.8707_-0.925022
21.9772_-14.2283_-0.591176
21.9772_-14.2283_-0.591176
22.4028_-14.4882_-0.462114
22.8556_-14.6993_-0.384632
23.3174_-14.8909_-0.410467
23.3174_-14.8909_-0.410467
23.7844_-15.0111_0.074131
24.2587_-14.9065_0.508834
24.4668_-14.7937_0.472132
24.4668_-14.7937_0.472132
