configuration -26.5221767426_12.7890510559_0.0_1.0_-6.20937108994_31.1862716675_0.294171904018_0.955752525964
length 40.3598
time 0.853203
roughness 0.00476438
-26.5222_12.7891_-0
-26.0239_12.7676_-0.129062
-25.5287_12.699_-0.154897
-25.0354_12.6176_-0.180731
-24.5533_12.607_0.303866
-24.1152_12.8168_0.738569
-23.7485_13.1566_0.764404
-23.4106_13.5218_0.944937
-23.1213_13.9295_0.970772
-22.8425_14.3446_0.996606
-22.5419_14.739_0.764757
-22.1782_15.0821_0.738922
-21.8116_15.4219_0.764757
-21.4479_15.765_0.738922
-21.0812_16.1049_0.764757
-20.7175_16.4479_0.738922
-20.3303_16.7603_0.558389
-19.904_17.0215_0.532554
-19.4755_17.2791_0.558389
-19.0313_17.4667_0.0737911
-18.5508_17.4259_-0.410807
-18.1025_17.2072_-0.539869
-17.7257_16.9008_-0.974572
-17.4559_16.4803_-1.05205
-17.2118_16.044_-1.07789
-16.9194_15.6606_-0.59329
-16.5025_15.3846_-0.567456
-16.0786_15.1196_-0.541621
-15.6313_14.9394_-0.0570234
-15.1334_14.898_-0.134505
-14.6368_14.8524_-0.00544255
-14.1368_14.854_0.020392
-13.6623_14.9399_0.50499
-13.2678_15.2286_0.889428
-12.9633_15.6246_0.966909
-12.6829_16.0385_0.992744
-12.4366_16.4708_1.17328
-12.2391_16.9301_1.14744
-12.0376_17.3876_1.17328
-11.9235_17.8562_1.65787
-12.0408_18.324_2.14247
-12.3149_18.7421_2.16831
-12.5199_19.1786_1.68371
-12.4978_19.6603_1.19911
-12.2699_20.0959_0.865266
-11.9943_20.503_1.19911
-11.8167_20.9703_1.22495
-11.6432_21.4392_1.19911
-11.5413_21.9105_1.68371
-11.6706_22.3751_2.16831
-11.9622_22.7807_2.24579
-12.301_23.1429_2.47764
-12.6974_23.4476_2.50347
-13.0964_23.7488_2.47764
-13.4874_24.0603_2.4518
-13.8703_24.3818_2.42597
-14.2505_24.7065_2.4518
-14.5693_25.0683_1.96721
-14.6829_25.537_1.48261
-14.565_26.0046_0.99801
-14.2429_26.3635_0.513412
-13.872_26.5621_0.448165
-13.849_26.5734_0.47367
-13.46_26.8584_0.958268
-13.2486_27.2919_1.44287
-13.1123_27.7544_0.958268
-12.7762_28.1002_0.47367
-12.3176_28.2496_-0.0109283
-11.8184_28.2313_-0.0884098
-11.3334_28.2577_0.346293
-10.8681_28.4393_0.423775
-10.4106_28.641_0.39794
-9.95956_28.8538_0.527003
-9.52963_29.109_0.552837
-9.10191_29.3678_0.527003
-8.65201_29.5415_0.0424046
-8.16875_29.4928_-0.392298
-7.70844_29.2977_-0.418133
-7.24234_29.1739_0.0664651
-6.77227_29.2816_0.551063
-6.40647_29.5958_1.03566
-6.22078_30.0447_1.47036
-6.18354_30.5428_1.54785
-6.09644_31.0171_1.06325
