configuration -11.6824054718_1.45032453537_1.45032453537_1.45032453537_24.2991828918_-14.4915781021_0.382683601539_0.382683601539
length 49.0333
time 2.46167
roughness 0.00284139
-11.6824_1.45032_2.22212
-11.9105_1.87522_1.73752
-11.9144_2.35744_1.25292
-11.6932_2.78595_0.768326
-11.2978_3.06208_0.283728
-10.8193_3.12224_-0.20087
-10.3303_3.01827_-0.226705
-9.8492_2.98548_0.257893
-9.38081_3.14847_0.489743
-8.94167_3.38744_0.515577
-8.49487_3.60633_0.335044
-8.02132_3.76665_0.30921
-7.54641_3.92288_0.335044
-7.12176_4.15141_0.819642
-6.79036_4.52521_0.897124
-6.47511_4.91323_0.871289
-6.11023_5.22853_0.386691
-5.63732_5.37116_0.103723
-5.13963_5.41864_0.0778885
-4.67082_5.53166_0.562486
-4.30863_5.85005_1.04708
-4.11964_6.30087_1.43152
-3.97808_6.76186_0.946924
-3.63806_7.10383_0.462326
-3.17788_7.24803_-0.0222715
-2.70352_7.16126_-0.506869
-2.28973_6.88787_-0.738719
-1.91722_6.55443_-0.712884
-1.50716_6.30064_-0.228286
-1.02609_6.26709_0.256311
-0.584781_6.46151_0.740909
-0.182001_6.7267_0.256311
0.297942_6.77371_-0.228286
0.756286_6.60379_-0.612724
1.1516_6.2997_-0.741787
1.51727_5.95877_-0.767621
1.87999_5.61471_-0.741787
2.25148_5.28012_-0.715952
2.62584_4.94875_-0.741787
2.99733_4.61417_-0.715952
3.37734_4.2893_-0.690118
3.76013_3.96771_-0.715952
4.14014_3.64283_-0.690118
4.52293_3.32124_-0.715952
4.89729_2.98987_-0.741787
5.26877_2.65529_-0.715952
5.63708_2.3178_-0.793434
5.98466_1.95844_-0.819268
6.32914_1.59611_-0.793434
6.68286_1.2428_-0.767599
7.03961_0.892542_-0.793434
7.39333_0.539227_-0.767599
7.73701_0.1778_-0.896662
8.04571_-0.215457_-0.922496
8.34415_-0.616557_-0.948331
8.65797_-1.00265_-0.767798
9.01465_-1.35297_-0.793632
9.3683_-1.70636_-0.767798
9.73653_-2.04392_-0.690316
10.1193_-2.36559_-0.716151
10.4992_-2.69054_-0.690316
10.8819_-3.01221_-0.716151
11.2619_-3.33716_-0.690316
11.6446_-3.65882_-0.716151
11.9538_-4.0289_-1.20075
12.197_-4.4453_-0.716151
12.5822_-4.76341_-0.638669
12.9862_-5.05797_-0.612835
13.3687_-5.37359_-0.844684
13.6974_-5.75027_-0.870519
14.0163_-6.13533_-0.896353
14.3382_-6.51732_-0.818872
14.6828_-6.87951_-0.793037
15.0306_-7.23873_-0.818872
15.3689_-7.60681_-0.844706
15.6976_-7.9835_-0.870541
16.0165_-8.36856_-0.896375
16.332_-8.75635_-0.870541
16.6575_-9.13587_-0.844706
16.9862_-9.51256_-0.870541
17.2981_-9.90274_-0.948022
17.5932_-10.3063_-0.922188
17.8918_-10.7073_-0.948022
18.2248_-11.0651_-0.563584
18.6497_-11.3286_-0.53775
19.0813_-11.5809_-0.511915
19.4808_-11.8675_-0.845761
19.7642_-12.2691_-1.17961
19.8923_-12.557_-1.09809
20.075_-13.0159_-1.38106
20.2396_-13.4692_-0.896463
20.3965_-13.6378_-0.666917
20.7748_-13.9628_-0.795979
21.1214_-14.323_-0.821814
21.4764_-14.6734_-0.692751
21.887_-14.9438_-0.358906
22.361_-15.0987_-0.229843
22.8514_-15.1828_-0.0493104
23.3307_-15.1302_0.435288
23.7735_-14.9006_0.56435
24.2024_-14.6444_0.486868
