configuration -11.6824054718_1.45032453537_1.45032453537_1.45032453537_24.2991828918_-14.4915781021_0.382683601539_0.382683601539
length 51.1951
time 0.759316
roughness 0.00273327
-11.6824_1.45032_2.22212
-11.9105_1.87522_1.73752
-11.9144_2.35744_1.25292
-11.6932_2.78595_0.768326
-11.2978_3.06208_0.283728
-10.8193_3.12224_-0.20087
-10.3679_2.95257_-0.685468
-9.95108_2.71011_-0.20087
-9.45894_2.64882_0.0309792
-9.16968_2.65923_0.0459361
-8.6975_2.75721_0.530534
-8.31781_3.06011_0.965237
-8.01057_3.45145_0.784704
-7.63373_3.77386_0.552854
-7.2685_4.08876_1.03745
-7.0417_4.5316_1.21799
-6.873_5.00222_1.24382
-6.71651_5.47705_1.26965
-6.5025_5.90921_0.785057
-6.21953_6.2997_1.26965
-6.0922_6.78191_1.39872
-6.01083_7.27519_1.42455
-5.86606_7.73519_0.939954
-5.52367_8.07478_0.455356
-5.06674_8.27468_0.326293
-4.59126_8.35514_-0.158305
-4.11292_8.23194_-0.441273
-3.66272_8.01453_-0.467107
-3.20324_7.86814_0.0174905
-2.72376_7.94568_0.452193
-2.2802_8.17548_0.529675
-1.83077_8.35032_0.0450771
-1.35164_8.29566_-0.439521
-0.926282_8.04455_-0.722489
-0.548405_7.7172_-0.696654
-0.167724_7.39312_-0.722489
0.204459_7.05931_-0.748323
0.573753_6.7223_-0.722489
0.945935_6.38849_-0.748323
1.31523_6.05149_-0.722489
1.68741_5.71768_-0.748323
2.05085_5.37436_-0.774158
2.41131_5.02793_-0.748323
2.7685_4.6787_-0.825805
3.10427_4.30829_-0.85164
3.43684_3.93499_-0.825805
3.77894_3.57041_-0.799971
4.12417_3.2088_-0.825805
4.46627_2.84422_-0.799971
4.81767_2.4886_-0.774136
5.17213_2.13602_-0.799971
5.52353_1.7804_-0.774136
5.87159_1.42207_-0.851618
6.20416_1.04878_-0.825783
6.53994_0.678374_-0.851618
6.88431_0.317607_-0.722555
7.25647_-0.0162289_-0.74839
7.62574_-0.353257_-0.722555
8.01368_-0.666702_-0.593493
8.43053_-0.942724_-0.567658
8.85436_-1.20789_-0.541824
9.28047_-1.46939_-0.567658
9.70431_-1.73455_-0.541824
10.1304_-1.99605_-0.567658
10.5133_-2.3044_-0.901503
10.8201_-2.69914_-0.927338
11.1234_-3.09652_-0.901503
11.455_-3.46749_-0.72097
11.8277_-3.80074_-0.746805
12.1975_-4.13718_-0.72097
12.5759_-4.46396_-0.695136
12.957_-4.78747_-0.72097
13.3354_-5.11424_-0.695136
13.7166_-5.43775_-0.72097
14.0949_-5.76453_-0.695136
14.4761_-6.08804_-0.72097
14.7916_-6.45734_-1.15567
14.973_-6.92194_-1.28474
15.1804_-7.35727_-0.800138
15.519_-7.72453_-0.877619
15.8352_-8.11184_-0.903454
16.1412_-8.50719_-0.929289
16.4222_-8.91923_-1.05835
16.6711_-9.35283_-1.03252
16.9237_-9.78427_-1.05835
17.1798_-10.2132_-0.980869
17.4615_-10.6262_-0.955035
17.7467_-11.0368_-0.980869
18.0749_-11.3901_-0.496271
18.5166_-11.6244_-0.470437
18.9642_-11.8472_-0.444602
19.3613_-12.1207_-0.9292
19.602_-12.5462_-1.31364
19.7057_-12.981_-1.38296
19.8694_-13.4346_-0.898366
20.2119_-13.7905_-0.615398
20.5568_-14.1276_-1.1
20.8407_-14.5174_-0.615398
21.2735_-14.7301_-0.1308
21.7687_-14.7568_0.10105
22.2656_-14.7021_0.126884
22.7621_-14.6431_0.10105
23.2599_-14.5969_0.0752151
23.7581_-14.5551_0.10105
24.2492_-14.4753_0.281583
