configuration -0.154660820961_0.194828033447_-0.382683650256_0.923879442258_17.3081588745_3.5618417263_0.0_1.0
length 30.1405
time 0.649212
roughness 0.00779509
-0.154661_0.194828_-0.785399
0.128176_-0.19576_-1.27
0.238252_-0.679328_-1.50185
0.259793_-1.17841_-1.57933
0.33192_-1.65523_-1.09473
0.617868_-2.04354_-0.610132
1.05179_-2.25394_-0.125534
1.54725_-2.3208_-0.151368
2.02208_-2.448_-0.485214
2.40777_-2.73749_-0.969812
2.67185_-3.16057_-1.09887
2.89529_-3.60782_-1.12471
3.16947_-4.00453_-0.640111
3.59151_-4.26117_-0.357143
4.06389_-4.42367_-0.279661
4.5426_-4.48188_0.204937
5.00994_-4.32944_0.538782
5.43684_-4.06924_0.564617
5.85182_-3.79113_0.642098
6.18753_-3.44493_1.1267
6.28449_-3.18107_1.40725
6.43719_-2.72364_0.922655
6.78541_-2.39002_0.438057
7.24895_-2.25703_-0.0465408
7.72816_-2.20308_0.438057
8.12706_-1.93209_0.922655
8.35379_-1.50648_1.40725
8.35615_-1.02424_1.89185
8.19114_-0.679496_2.27443
8.12222_-0.60358_2.37645
7.78468_-0.238055_2.19592
7.5029_0.174435_2.11843
7.24628_0.603496_2.0926
7.02461_1.04892_1.91207
6.86135_1.52146_1.88623
6.71035_1.99807_1.8604
6.64738_2.47618_1.3758
6.8144_2.92857_0.891202
7.06966_3.17818_0.53413
7.49777_3.43639_0.559964
7.92363_3.69829_0.53413
8.35174_3.9565_0.559964
8.71473_4.27398_1.04456
8.98999_4.68844_0.864029
9.00681_4.7078_0.838524
9.31664_5.09709_1.01906
9.56742_5.52913_1.09654
9.85266_5.91796_0.611941
10.2862_6.12914_0.127343
10.7682_6.11404_-0.357255
11.2351_5.93518_-0.38309
11.7052_5.82786_0.101508
12.1933_5.91591_0.333358
12.6643_6.08356_0.359192
13.1369_6.17962_-0.125406
13.6052_6.05088_-0.560109
14.0264_5.78163_-0.585943
14.4406_5.50159_-0.611778
14.8523_5.21799_-0.585943
15.2665_4.93795_-0.611778
15.6932_4.68519_-0.379928
16.1617_4.51196_-0.302447
16.5936_4.2974_-0.787045
16.9435_3.94027_-0.812879
17.3262_3.64681_-0.328281
