configuration 0.916432738304_-13.7452163696_0.573727795176_0.819046040857_7.25410509109_23.1360397339_0.890376127727_0.455225604699
length 41.5655
time 1.41655
roughness 0.00332613
0.916433_-13.7452_1.2221
1.10682_-13.2842_1.09304
1.3405_-12.8423_1.0672
1.57799_-12.4023_1.09304
1.81905_-11.9648_1.01556
2.08624_-11.5422_0.989722
2.35707_-11.122_1.01556
2.58532_-10.6817_1.24741
2.74827_-10.209_1.22157
2.91528_-9.73782_1.24741
3.0448_-9.25744_1.42794
3.11172_-8.76199_1.45377
3.17437_-8.26598_1.42794
3.31758_-7.80549_0.943341
3.53546_-7.37528_1.42794
3.6109_-6.88106_1.4021
3.72371_-6.39648_1.22157
3.95823_-5.97511_0.736973
4.35883_-5.69498_0.352535
4.83195_-5.53466_0.275054
5.26954_-5.332_0.759652
5.56234_-4.94882_1.24425
5.71863_-4.47393_1.27008
5.85423_-3.99314_1.34757
5.9691_-3.50656_1.32173
6.08816_-3.021_1.34757
6.21129_-2.53686_1.27008
6.36348_-2.06064_1.24425
6.52793_-1.58851_1.21841
6.62896_-1.11342_1.65312
6.57504_-0.616792_1.7306
6.49974_-0.122546_1.70476
6.47989_0.371003_1.4218
6.55836_0.864756_1.39596
6.64956_1.35632_1.37013
6.75343_1.84536_1.34429
6.8615_2.33349_1.37013
6.96537_2.82253_1.34429
7.06495_3.31205_1.42177
7.13492_3.80708_1.44761
7.20062_4.30269_1.42177
7.19597_4.78491_1.90637
6.96722_5.20944_2.39097
6.58368_5.52637_2.5715
6.22393_5.84751_2.08691
6.0552_6.29927_1.60231
6.05235_6.7988_1.52483
6.10499_7.29355_1.34429
6.22146_7.77974_1.31846
6.35045_8.26277_1.29262
6.40794_8.74157_1.77722
6.24808_9.20352_2.16166
5.95271_9.60538_2.29072
5.69603_10.0136_1.80612
5.65909_10.4945_1.32153
5.79479_10.9752_1.24404
6.01979_11.4018_0.759447
6.41139_11.6989_0.425602
6.87407_11.8851_0.296539
7.3072_12.0971_0.781137
7.63148_12.4724_1.01299
7.89976_12.8942_0.987152
8.09859_13.3336_1.47175
8.2215_13.7999_0.987152
8.54748_14.1553_0.502554
8.96245_14.4268_0.734404
9.33062_14.7651_0.760238
9.69588_15.1064_0.734404
9.99825_15.4821_1.219
10.0908_15.9554_1.7036
9.98754_16.4404_1.93545
9.80523_16.906_1.96128
9.61891_17.3699_1.93545
9.4366_17.8354_1.96128
9.28366_18.3072_1.72943
9.20893_18.8015_1.7036
9.13847_19.2965_1.72943
9.01511_19.7748_2.0124
8.79755_20.2249_2.03824
8.56844_20.6693_2.06407
8.33551_21.1117_2.03824
8.1064_21.556_2.06407
7.86588_21.9943_2.08991
7.6216_22.4305_2.06407
7.37378_22.8643_2.14155
