configuration -0.154660820961_0.194828033447_-0.382683650256_0.923879442258_17.3081588745_3.5618417263_0.0_1.0
length 29.1036
time 1.13848
roughness 0.00618967
-0.154661_0.194828_-0.785399
0.175409_-0.177458_-0.965932
0.383517_-0.612483_-1.45053
0.516289_-1.07609_-0.965932
0.849745_-1.42446_-0.481334
1.3071_-1.57738_0.00326424
1.78353_-1.65201_-0.481334
2.17033_-1.94_-0.965932
2.43606_-2.36206_-1.09499
2.64525_-2.81481_-1.22406
2.8111_-3.28645_-1.24989
3.01659_-3.73302_-0.916046
3.367_-4.06433_-0.431448
3.83061_-4.2449_-0.250915
4.3108_-4.28932_0.233683
4.7785_-4.13046_0.516651
5.21106_-3.87976_0.542486
5.63699_-3.61798_0.56832
6.02657_-3.31431_0.851289
6.35279_-2.93546_0.877123
6.67574_-2.55382_0.851289
6.93225_-2.14545_1.33589
7.08443_-1.67344_1.10404
7.23067_-1.21391_1.58863
7.16782_-0.726369_1.92248
6.98369_-0.261996_1.99996
6.77175_0.190806_2.0258
6.58031_0.650038_1.84526
6.44895_1.13242_1.81943
6.32176_1.61592_1.84526
6.2498_2.09942_1.46083
6.31743_2.59437_1.38334
6.41482_3.08474_1.35751
6.58417_3.53998_0.922806
6.89587_3.93035_0.845325
7.22434_4.30725_0.871159
7.58927_4.6225_0.386561
8.06052_4.78209_0.206028
8.5467_4.89687_0.28351
8.98256_5.10322_0.768108
9.28839_5.48456_1.15255
9.44587_5.95274_1.43551
9.58559_6.41429_0.950916
9.92424_6.75762_0.466318
10.3838_6.90365_-0.01828
10.8633_6.82573_-0.452983
11.3109_6.60306_-0.478817
11.7566_6.37655_-0.452983
12.2179_6.19444_-0.221133
12.7066_6.08899_-0.195299
13.1962_5.98775_-0.221133
13.6658_5.83476_-0.504102
14.0969_5.58226_-0.581583
14.517_5.31122_-0.555749
14.9394_5.04381_-0.581583
15.3595_4.77277_-0.555749
15.7819_4.50536_-0.581583
16.202_4.23432_-0.555749
16.629_3.97423_-0.529914
17.0788_3.79088_-0.095211
