configuration 0.916432738304_-13.7452163696_0.573727795176_0.819046040857_7.25410509109_23.1360397339_0.890376127727_0.455225604699
length 41.4764
time 0.494704
roughness 0.00281083
0.916433_-13.7452_1.2221
1.0832_-13.2739_1.24793
1.2459_-12.8012_1.2221
1.41267_-12.3299_1.24793
1.58334_-11.8604_1.17045
1.77422_-11.3983_1.19629
1.96111_-10.9346_1.17045
2.10166_-10.4635_1.5043
2.13059_-9.96442_1.53013
2.15521_-9.46507_1.5043
2.23404_-8.97746_1.22133
2.40926_-8.50922_1.1955
2.5885_-8.0425_1.22133
2.7866_-7.5861_1.0408
3.04304_-7.15694_1.01496
3.31049_-6.73454_0.989128
3.59563_-6.32436_0.911647
3.89841_-5.92653_0.937481
4.19775_-5.52609_0.911647
4.50733_-5.13353_0.885812
4.82695_-4.74909_0.859977
5.0799_-4.33851_1.34458
5.26096_-3.89155_0.859977
5.62938_-3.5804_0.37538
6.10202_-3.46847_-0.0593235
6.58189_-3.42065_0.425274
6.98422_-3.15478_0.909872
7.21638_-2.7321_1.39447
7.2741_-2.23792_1.575
7.27631_-1.73798_1.54917
7.28281_-1.23807_1.575
7.24259_-0.743768_1.80685
7.12149_-0.258708_1.83269
6.9879_0.223062_1.85852
6.79733_0.676198_2.19237
6.50272_1.08012_2.2182
6.19776_1.47629_2.24404
5.96042_1.89608_1.75944
5.94596_2.37811_1.27484
6.09589_2.85505_1.24901
6.21609_3.3362_1.48086
6.25671_3.83449_1.50669
6.28444_4.33367_1.53252
6.30787_4.83307_1.50669
6.3356_5.33225_1.53252
6.35903_5.83165_1.50669
6.36957_6.33028_1.63575
6.34142_6.82944_1.60992
6.31756_7.32882_1.63575
6.21062_7.79905_2.12035
5.9321_8.21278_2.24941
5.61493_8.59924_2.27525
5.3646_9.01142_1.79065
5.33511_9.49276_1.30605
5.53325_9.93241_0.821454
5.80182_10.3329_1.30605
5.92848_10.8166_1.33189
6.05097_11.3013_1.30605
6.22428_11.7638_1.02308
6.48829_12.1884_0.997249
6.75595_12.6107_1.02308
7.06896_12.9775_0.538485
7.46742_13.2694_0.821454
7.79115_13.6488_0.950516
8.06335_14.0667_1.07958
8.33022_14.4847_0.847729
8.66424_14.8567_0.821894
9.00777_15.22_0.79606
9.28642_15.6136_1.28066
9.34965_16.0916_1.76526
9.2405_16.5791_1.84274
9.10207_17.0595_1.86857
8.95951_17.5387_1.84274
8.82108_18.0191_1.86857
8.67852_18.4983_1.84274
8.54009_18.9787_1.86857
8.38929_19.4554_1.89441
8.2344_19.9307_1.86857
8.09184_20.4099_1.84274
7.95341_20.8903_1.86857
7.80262_21.367_1.89441
7.64773_21.8423_1.86857
7.50517_22.3215_1.84274
7.32852_22.7828_2.12571
7.15358_23.0765_2.07269
