configuration -26.5221767426_12.7890510559_0.0_1.0_-6.20937108994_31.1862716675_0.294171904018_0.955752525964
length 34.7529
time 3.82137
roughness 0.000972433
-26.5222_12.7891_-0
-26.0255_12.8189_0.180533
-25.533_12.9044_0.154698
-25.0397_12.9857_0.180533
-24.5471_13.0712_0.154698
-24.0538_13.1525_0.180533
-23.5612_13.2381_0.154698
-23.0679_13.3193_0.180533
-22.5753_13.4049_0.154698
-22.082_13.4862_0.180533
-21.5894_13.5717_0.154698
-21.0962_13.653_0.180533
-20.6036_13.7385_0.154698
-20.1103_13.8198_0.180533
-19.6177_13.9053_0.154698
-19.1244_13.9866_0.180533
-18.6318_14.0721_0.154698
-18.1385_14.1534_0.180533
-17.6459_14.2389_0.154698
-17.1526_14.3202_0.180533
-16.6616_14.4142_0.206368
-16.1714_14.5124_0.180533
-15.6788_14.598_0.154698
-15.1855_14.6793_0.180533
-14.6945_14.7733_0.206368
-14.2024_14.8544_0.0773052
-13.7867_14.9078_0.229333
-13.3403_15.0903_0.713931
-13.0303_15.4597_1.19853
-12.928_15.931_1.68313
-12.9884_16.4273_1.70896
-13.0615_16.9218_1.7348
-13.1388_17.4158_1.70896
-13.212_17.9103_1.7348
-13.2893_18.4043_1.70896
-13.3625_18.8988_1.7348
-13.4398_19.3928_1.70896
-13.5129_19.8873_1.7348
-13.5903_20.3813_1.70896
-13.6549_20.877_1.68313
-13.7152_21.3733_1.70896
-13.7883_21.8679_1.7348
-13.8657_22.3618_1.70896
-13.9303_22.8576_1.68313
-13.9906_23.3539_1.70896
-14.0637_23.8485_1.7348
-14.1411_24.3424_1.70896
-14.2057_24.8381_1.68313
-14.2317_25.335_1.50259
-14.137_25.8146_1.11816
-13.907_26.258_1.04067
-13.658_26.6915_1.06651
-13.4054_27.1225_0.989027
-13.1075_27.521_0.808494
-12.731_27.837_0.474649
-12.2843_28.0617_0.448814
-11.8358_28.2825_0.474649
-11.3931_28.5148_0.500483
-10.9524_28.7509_0.474649
-10.5058_28.9755_0.448814
-10.0572_29.1963_0.474649
-9.61452_29.4286_0.500483
-9.17384_29.6648_0.474649
-8.7272_29.8894_0.448814
-8.27865_30.1102_0.474649
-7.83596_30.3425_0.500483
-7.39527_30.5786_0.474649
-6.94864_30.8033_0.448814
-6.509_31.0388_0.577877
-6.2177_31.2168_0.489571
