configuration -17.6504554749_-22.9172973633_0.256229049699_0.256229049699_76.2194671631_43.7661514282_0.386216847154_0.922408015454
length 116.293
time 3.5171
roughness 1.28589e-05
-17.6505_-22.9173_0.150019
-17.1726_-22.8242_0.279245
-16.7047_-22.6727_0.381761
-16.2473_-22.4781_0.443588
-15.799_-22.2588_0.478005
-15.3556_-22.0278_0.484894
-14.9138_-21.7937_0.491783
-14.4736_-21.5566_0.498672
-14.0351_-21.3165_0.505561
-13.5983_-21.0734_0.512451
-13.162_-20.8292_0.505561
-12.7251_-20.5861_0.512451
-12.2888_-20.3419_0.505561
-11.8519_-20.0988_0.512451
-11.4156_-19.8547_0.505561
-10.9788_-19.6115_0.512451
-10.5425_-19.3674_0.505561
-10.1056_-19.1243_0.512451
-9.66929_-18.8801_0.505561
-9.23243_-18.637_0.512451
-8.79613_-18.3928_0.505561
-8.35927_-18.1497_0.512451
-7.92296_-17.9056_0.505561
-7.4861_-17.6624_0.512451
-7.0498_-17.4183_0.505561
-6.61294_-17.1752_0.512451
-6.17663_-16.931_0.505561
-5.73977_-16.6879_0.512451
-5.30347_-16.4438_0.505561
-4.86661_-16.2006_0.512451
-4.43031_-15.9565_0.505561
-3.99344_-15.7133_0.512451
-3.55714_-15.4692_0.505561
-3.12028_-15.2261_0.512451
-2.68398_-14.9819_0.505561
-2.24711_-14.7388_0.512451
-1.81081_-14.4947_0.505561
-1.37395_-14.2515_0.512451
-0.937647_-14.0074_0.505561
-0.500784_-13.7643_0.512451
-0.0644819_-13.5201_0.505561
0.37238_-13.277_0.512451
0.808683_-13.0328_0.505561
1.24554_-12.7897_0.512451
1.68185_-12.5456_0.505561
2.11871_-12.3024_0.512451
2.55501_-12.0583_0.505561
2.99187_-11.8152_0.512451
3.42818_-11.571_0.505561
3.86504_-11.3279_0.512451
4.30134_-11.0837_0.505561
4.7382_-10.8406_0.512451
5.17451_-10.5965_0.505561
5.61137_-10.3533_0.512451
6.04767_-10.1092_0.505561
6.48706_-9.87251_0.471145
6.93384_-9.64878_0.450483
7.38443_-9.43213_0.443594
7.81494_-9.20471_0.57282
8.22702_-8.9268_0.634647
8.62344_-8.62503_0.682789
9.00891_-8.30709_0.70345
9.38945_-7.98282_0.71034
9.76774_-7.65592_0.717229
10.1438_-7.32644_0.724118
10.5175_-6.99436_0.731007
10.8905_-6.66143_0.724118
11.2643_-6.32936_0.731007
11.6373_-5.99643_0.724118
12.011_-5.66436_0.731007
12.384_-5.33143_0.724118
12.7577_-4.99936_0.731007
13.1307_-4.66643_0.724118
13.5045_-4.33435_0.731007
13.8775_-4.00142_0.724118
14.2512_-3.66935_0.731007
14.6242_-3.33642_0.724118
14.998_-3.00435_0.731007
15.371_-2.67142_0.724118
15.7447_-2.33935_0.731007
16.1177_-2.00642_0.724118
16.4915_-1.67434_0.731007
16.8645_-1.34142_0.724118
17.2382_-1.00934_0.731007
17.6112_-0.676413_0.724118
17.9849_-0.34434_0.731007
18.3579_-0.0114106_0.724118
18.7317_0.320662_0.731007
19.1047_0.653592_0.724118
19.4784_0.985664_0.731007
19.8514_1.31859_0.724118
20.2252_1.65067_0.731007
20.5982_1.9836_0.724118
20.9719_2.31567_0.731007
21.3449_2.6486_0.724118
21.7187_2.98067_0.731007
22.0916_3.3136_0.724118
22.4654_3.64567_0.731007
22.8384_3.9786_0.724118
23.2121_4.31068_0.731007
23.5851_4.6436_0.724118
23.9589_4.97568_0.731007
24.3319_5.30861_0.724118
24.7056_5.64068_0.731007
25.0786_5.97361_0.724118
25.4524_6.30568_0.731007
25.8254_6.63861_0.724118
26.1991_6.97068_0.731007
26.5721_7.30361_0.724118
26.9459_7.63569_0.731007
27.3188_7.96862_0.724118
27.6926_8.30069_0.731007
28.0656_8.63362_0.724118
28.4393_8.96569_0.731007
28.8123_9.29862_0.724118
29.1861_9.63069_0.731007
29.5591_9.96362_0.724118
29.9328_10.2957_0.731007
30.3058_10.6286_0.724118
30.6796_10.9607_0.731007
31.051_11.2953_0.737896
31.4217_11.6308_0.731007
31.7947_11.9638_0.724118
32.1685_12.2958_0.731007
32.5399_12.6305_0.737896
32.9106_12.966_0.731007
33.2836_13.2989_0.724118
33.6573_13.631_0.731007
34.0288_13.9656_0.737896
34.3995_14.3011_0.731007
34.7725_14.634_0.724118
35.1462_14.9661_0.731007
35.5177_15.3007_0.737896
35.8884_15.6362_0.731007
36.2614_15.9692_0.724118
36.6351_16.3012_0.731007
37.0066_16.6359_0.737896
37.3773_16.9714_0.731007
37.7502_17.3043_0.724118
38.124_17.6364_0.731007
38.4955_17.971_0.737896
38.8661_18.3065_0.731007
39.2178_18.6469_0.846928
39.5393_19.026_0.908755
39.8457_19.4211_0.915644
40.1494_19.8182_0.922533
40.4522_20.2161_0.915644
40.7559_20.6132_0.922533
41.0587_21.0111_0.915644
41.3643_21.4068_0.908755
41.6707_21.8019_0.915644
41.9744_22.199_0.922533
42.2772_22.5968_0.915644
42.5827_22.9926_0.908755
42.8892_23.3876_0.915644
43.1929_23.7848_0.922533
43.4957_24.1826_0.915644
43.8012_24.5784_0.908755
44.1076_24.9734_0.915644
44.4113_25.3706_0.922533
44.7141_25.7684_0.915644
45.0196_26.1642_0.908755
45.3261_26.5592_0.915644
45.6298_26.9563_0.922533
45.9326_27.3542_0.915644
46.2453_27.7274_0.786418
46.6036_28.0571_0.657192
47.0013_28.3379_0.527965
47.435_28.574_0.43894
47.8757_28.797_0.527965
48.302_29.0548_0.576108
48.7219_29.3262_0.569218
49.008_29.5125_0.592767
49.4257_29.7842_0.544624
49.8555_30.0379_0.510208
50.2923_30.281_0.503319
50.7308_30.5212_0.496429
51.171_30.7583_0.48954
51.6128_30.9924_0.482651
52.0562_31.2234_0.475762
52.5001_31.4534_0.482651
52.9435_31.6844_0.475762
53.3874_31.9145_0.482651
53.8307_32.1455_0.475762
54.2747_32.3755_0.482651
54.718_32.6065_0.475762
55.162_32.8365_0.482651
55.6053_33.0676_0.475762
56.0492_33.2976_0.482651
56.4926_33.5286_0.475762
56.9365_33.7586_0.482651
57.3799_33.9897_0.475762
57.8238_34.2197_0.482651
58.2672_34.4507_0.475762
58.7111_34.6807_0.482651
59.1545_34.9117_0.475762
59.5984_35.1417_0.482651
60.0418_35.3728_0.475762
60.4857_35.6028_0.482651
60.9291_35.8338_0.475762
61.373_36.0638_0.482651
61.8164_36.2949_0.475762
62.2603_36.5249_0.482651
62.7037_36.7559_0.475762
63.1476_36.9859_0.482651
63.591_37.2169_0.475762
64.0349_37.447_0.482651
64.4783_37.678_0.475762
64.9222_37.908_0.482651
65.3656_38.139_0.475762
65.8095_38.369_0.482651
66.2529_38.6001_0.475762
66.6968_38.8301_0.482651
67.1402_39.0611_0.475762
67.5841_39.2911_0.482651
68.0275_39.5221_0.475762
68.4714_39.7522_0.482651
68.9148_39.9832_0.475762
69.3587_40.2132_0.482651
69.8021_40.4442_0.475762
70.246_40.6742_0.482651
70.6894_40.9053_0.475762
71.1333_41.1353_0.482651
71.5767_41.3663_0.475762
72.0206_41.5963_0.482651
72.464_41.8273_0.475762
72.9079_42.0574_0.482651
73.3512_42.2884_0.475762
73.7962_42.5164_0.468873
74.2417_42.7433_0.475762
74.6856_42.9733_0.482651
75.1102_43.2169_0.598572
75.515_43.5053_0.660398
75.9091_43.8129_0.667288
