configuration -4.52205276489_51.1520843506_-0.288179288681_0.957576470876_89.803527832_11.5547637939_-0.656431103106_0.754385980036
length 109.914
time 6.93552
roughness 2.5041e-05
-4.52205_51.1521_-0.58465
-4.10501_50.9008_-0.455424
-3.65906_50.7054_-0.326198
-3.19165_50.569_-0.196971
-2.70338_50.4843_-0.121513
-2.20794_50.4318_-0.0733712
-1.70938_50.3986_-0.0527094
-1.21005_50.3734_-0.0458202
-0.710559_50.3516_-0.038931
-0.210931_50.3333_-0.0320418
0.288812_50.3185_-0.0251526
0.788644_50.307_-0.0182634
1.2885_50.2968_-0.0251526
1.78833_50.2853_-0.0182634
2.28819_50.2751_-0.0251526
2.78803_50.2636_-0.0182634
3.28788_50.2533_-0.0251526
3.78772_50.2419_-0.0182634
4.28757_50.2316_-0.0251526
4.78741_50.2202_-0.0182634
5.28726_50.2099_-0.0251526
5.7871_50.1985_-0.0182634
6.28695_50.1882_-0.0251526
6.78673_50.1745_-0.0320418
7.28647_50.1596_-0.0251526
7.7863_50.1482_-0.0182634
8.28616_50.1379_-0.0251526
8.78594_50.1242_-0.0320418
9.28568_50.1093_-0.0251526
9.78551_50.0979_-0.0182634
10.2854_50.0876_-0.0251526
10.7851_50.0739_-0.0320418
11.2849_50.0591_-0.0251526
11.7847_50.0476_-0.0182634
12.2846_50.0373_-0.0251526
12.7844_50.0236_-0.0320418
13.2841_50.0088_-0.0251526
13.7839_49.9973_-0.0182634
14.2838_49.9871_-0.0251526
14.7836_49.9733_-0.0320418
15.2833_49.9585_-0.0251526
15.7831_49.947_-0.0182634
16.283_49.9368_-0.0251526
16.7828_49.923_-0.0320418
17.2825_49.9082_-0.0251526
17.7823_49.8967_-0.0182634
18.2822_49.8865_-0.0251526
18.782_49.8727_-0.0320418
19.2817_49.8579_-0.0251526
19.7815_49.8464_-0.0182634
20.2814_49.8362_-0.0251526
20.7812_49.8224_-0.0320418
21.2809_49.8076_-0.0251526
21.7808_49.7961_-0.0182634
22.2806_49.7859_-0.0251526
22.7804_49.7721_-0.0320418
23.2801_49.7573_-0.0251526
23.78_49.7458_-0.0182634
24.2798_49.7356_-0.0251526
24.7796_49.7218_-0.0320418
25.2793_49.707_-0.0251526
25.7792_49.6956_-0.0182634
26.279_49.6853_-0.0251526
26.7788_49.6716_-0.0320418
27.2785_49.6567_-0.0251526
27.7784_49.6453_-0.0182634
28.2782_49.635_-0.0251526
28.778_49.6213_-0.0320418
29.2778_49.6064_-0.0251526
29.7776_49.595_-0.0182634
30.2774_49.5847_-0.0251526
30.7772_49.571_-0.0320418
31.277_49.5561_-0.0251526
31.7768_49.5447_-0.0182634
32.2767_49.5344_-0.0251526
32.7764_49.5207_-0.0320418
33.2762_49.5058_-0.0251526
33.776_49.4944_-0.0182634
34.2759_49.4841_-0.0251526
34.7756_49.4704_-0.0320418
35.2754_49.4555_-0.0251526
35.7752_49.4441_-0.0182634
36.2751_49.4338_-0.0251526
36.7748_49.4201_-0.0320418
37.2746_49.4052_-0.0251526
37.7744_49.3938_-0.0182634
38.2743_49.3835_-0.0251526
38.7741_49.3698_-0.0320418
39.2738_49.3549_-0.0251526
39.7736_49.3435_-0.0182634
40.2731_49.3309_-0.0389251
40.7723_49.308_-0.0595869
41.2714_49.2794_-0.0526977
41.7561_49.2332_-0.181924
42.2308_49.1249_-0.31115
42.6876_48.9563_-0.440376
43.1251_48.7317_-0.542893
43.5429_48.4652_-0.618351
43.9306_48.1664_-0.734272
44.2901_47.8253_-0.80973
44.6301_47.4599_-0.844147
44.9551_47.0823_-0.892289
45.2661_46.6912_-0.91295
45.5688_46.2937_-0.933612
45.8654_45.8912_-0.940501
46.1591_45.4866_-0.947391
46.45_45.08_-0.95428
46.7401_44.6727_-0.947391
47.031_44.2662_-0.95428
47.321_43.8589_-0.947391
47.612_43.4523_-0.95428
47.902_43.0451_-0.947391
48.1929_42.6385_-0.95428
48.4829_42.2312_-0.947391
48.7739_41.8246_-0.95428
49.0639_41.4174_-0.947391
49.3623_41.0199_-0.885564
49.6826_40.6371_-0.851147
50.0072_40.258_-0.885564
50.331_39.8944_-0.756338
50.6996_39.5723_-0.640417
51.1042_39.2836_-0.578591
51.5251_39.0155_-0.544174
51.9544_38.7597_-0.523512
52.3888_38.5129_-0.50285
52.8275_38.273_-0.495961
53.2677_38.0361_-0.489072
53.7085_37.8002_-0.495961
54.1488_37.5633_-0.489072
54.5896_37.3274_-0.495961
55.0299_37.0905_-0.489072
55.4707_36.8546_-0.495961
55.911_36.6177_-0.489072
56.3518_36.3818_-0.495961
56.7921_36.1448_-0.489072
57.2329_35.9089_-0.495961
57.6731_35.672_-0.489072
58.1139_35.4361_-0.495961
58.5542_35.1992_-0.489072
58.995_34.9633_-0.495961
59.4353_34.7264_-0.489072
59.8761_34.4905_-0.495961
60.3164_34.2536_-0.489072
60.7572_34.0177_-0.495961
61.1975_33.7808_-0.489072
61.6383_33.5449_-0.495961
62.0785_33.308_-0.489072
62.5193_33.0721_-0.495961
62.9596_32.8352_-0.489072
63.4004_32.5993_-0.495961
63.8407_32.3624_-0.489072
64.2815_32.1265_-0.495961
64.7218_31.8896_-0.489072
65.1626_31.6537_-0.495961
65.6029_31.4167_-0.489072
66.0437_31.1808_-0.495961
66.4839_30.9439_-0.489072
66.9248_30.708_-0.495961
67.365_30.4711_-0.489072
67.8058_30.2352_-0.495961
68.2461_29.9983_-0.489072
68.6869_29.7624_-0.495961
69.1272_29.5255_-0.489072
69.568_29.2896_-0.495961
70.0083_29.0527_-0.489072
70.4491_28.8168_-0.495961
70.8893_28.5799_-0.489072
71.3302_28.344_-0.495961
71.7704_28.1071_-0.489072
72.2112_27.8712_-0.495961
72.6515_27.6343_-0.489072
73.0923_27.3984_-0.495961
73.5326_27.1615_-0.489072
73.9734_26.9256_-0.495961
74.4137_26.6886_-0.489072
74.8545_26.4527_-0.495961
75.2947_26.2158_-0.489072
75.7356_25.9799_-0.495961
76.1758_25.743_-0.489072
76.6166_25.5071_-0.495961
77.0569_25.2702_-0.489072
77.4977_25.0343_-0.495961
77.938_24.7974_-0.489072
78.3799_24.5635_-0.482183
78.8223_24.3307_-0.489072
79.2631_24.0948_-0.495961
79.7034_23.8579_-0.489072
80.1453_23.624_-0.482183
80.5877_23.3911_-0.489072
81.0285_23.1552_-0.495961
81.4688_22.9183_-0.489072
81.9107_22.6845_-0.482183
82.3531_22.4516_-0.489072
82.7939_22.2157_-0.495961
83.2342_21.9788_-0.489072
83.6761_21.7449_-0.482183
84.1185_21.5121_-0.489072
84.5593_21.2762_-0.495961
84.9996_21.0392_-0.489072
85.4428_20.8098_-0.454655
85.8925_20.5913_-0.447766
86.3427_20.3738_-0.454655
86.7706_20.1417_-0.583882
87.1651_19.8563_-0.713108
87.5195_19.5224_-0.842334
87.828_19.1457_-0.97156
88.0853_18.7324_-1.10079
88.2931_18.2866_-1.2033
88.4621_17.8192_-1.26513
88.6044_17.3417_-1.31327
88.7283_16.8577_-1.33393
88.8422_16.3712_-1.35459
88.9484_15.8826_-1.36148
89.0511_15.3933_-1.36837
89.1505_14.9033_-1.37526
89.2465_14.4127_-1.38215
89.3414_13.9218_-1.37526
89.4374_13.4311_-1.38215
89.5277_12.9397_-1.40281
89.6102_12.4466_-1.4097
89.6893_11.9529_-1.41659
