configuration -4.52205276489_51.1520843506_-0.288179288681_0.957576470876_89.803527832_11.5547637939_-0.656431103106_0.754385980036
length 109.366
time 4.08524
roughness 2.35567e-05
-4.52205_51.1521_-0.58465
-4.10501_50.9008_-0.455424
-3.65906_50.7054_-0.326198
-3.19165_50.569_-0.196971
-2.70338_50.4843_-0.121513
-2.20794_50.4318_-0.0733712
-1.70938_50.3986_-0.0527094
-1.21005_50.3734_-0.0458202
-0.710559_50.3516_-0.038931
-0.210931_50.3333_-0.0320418
0.288812_50.3185_-0.0251526
0.788644_50.307_-0.0182634
1.2885_50.2968_-0.0251526
1.78833_50.2853_-0.0182634
2.28819_50.2751_-0.0251526
2.78803_50.2636_-0.0182634
3.28788_50.2533_-0.0251526
3.78772_50.2419_-0.0182634
4.28757_50.2316_-0.0251526
4.78741_50.2202_-0.0182634
5.28726_50.2099_-0.0251526
5.7871_50.1985_-0.0182634
6.28695_50.1882_-0.0251526
6.78679_50.1768_-0.0182634
7.28664_50.1665_-0.0251526
7.78648_50.1551_-0.0182634
8.28634_50.1448_-0.0251526
8.78617_50.1334_-0.0182634
9.28603_50.1231_-0.0251526
9.78586_50.1117_-0.0182634
10.2857_50.1014_-0.0251526
10.7855_50.09_-0.0182634
11.2854_50.0797_-0.0251526
11.7852_50.0683_-0.0182634
12.2851_50.058_-0.0251526
12.7849_50.0466_-0.0182634
13.2848_50.0363_-0.0251526
13.7846_50.0249_-0.0182634
14.2845_50.0146_-0.0251526
14.7843_50.0032_-0.0182634
15.2842_49.9929_-0.0251526
15.784_49.9815_-0.0182634
16.2839_49.9712_-0.0251526
16.7837_49.9598_-0.0182634
17.2835_49.9495_-0.0251526
17.7834_49.9381_-0.0182634
18.2832_49.9278_-0.0251526
18.7831_49.9164_-0.0182634
19.2829_49.9061_-0.0251526
19.7828_49.8946_-0.0182634
20.2826_49.8844_-0.0251526
20.7824_49.8706_-0.0320418
21.2821_49.8558_-0.0251526
21.782_49.8444_-0.0182634
22.2818_49.8341_-0.0251526
22.7816_49.8204_-0.0320418
23.2813_49.8055_-0.0251526
23.7812_49.7941_-0.0182634
24.281_49.7838_-0.0251526
24.7808_49.7701_-0.0320418
25.2806_49.7552_-0.0251526
25.7804_49.7438_-0.0182634
26.2802_49.7335_-0.0251526
26.78_49.7198_-0.0320418
27.2798_49.7049_-0.0251526
27.7796_49.6935_-0.0182634
28.2795_49.6832_-0.0251526
28.7792_49.6695_-0.0320418
29.279_49.6546_-0.0251526
29.7788_49.6432_-0.0182634
30.2787_49.6329_-0.0251526
30.7784_49.6192_-0.0320418
31.2782_49.6043_-0.0251526
31.778_49.5929_-0.0182634
32.2779_49.5826_-0.0251526
32.7776_49.5689_-0.0320418
33.2774_49.554_-0.0251526
33.7772_49.5426_-0.0182634
34.2771_49.5323_-0.0251526
34.7768_49.5186_-0.0320418
35.2766_49.5037_-0.0251526
35.7764_49.4923_-0.0182634
36.2763_49.482_-0.0251526
36.7761_49.4683_-0.0320418
37.2758_49.4534_-0.0251526
37.7756_49.442_-0.0182634
38.2755_49.4317_-0.0251526
38.7753_49.418_-0.0320418
39.275_49.4031_-0.0251526
39.77_49.3783_-0.100611
40.2659_49.3224_-0.135027
40.7612_49.254_-0.141917
41.2427_49.1663_-0.257837
41.7186_49.028_-0.333296
42.1849_48.8558_-0.395122
42.6433_48.6584_-0.429539
43.0946_48.4454_-0.463955
43.5204_48.2093_-0.593181
43.9122_47.9202_-0.722408
44.2635_47.5831_-0.851634
44.5379_47.2447_-0.967257
44.8283_46.8413_-0.905431
45.1409_46.4522_-0.871014
45.4654_46.0722_-0.850352
45.7976_45.699_-0.82969
46.136_45.3309_-0.822801
46.4769_44.9652_-0.815912
46.8203_44.6019_-0.809023
47.1645_44.2393_-0.815912
47.5079_43.8759_-0.809023
47.8522_43.5134_-0.815912
48.1956_43.15_-0.809023
48.5398_42.7874_-0.815912
48.8833_42.4241_-0.809023
49.2275_42.0615_-0.815912
49.5709_41.6981_-0.809023
49.9152_41.3356_-0.815912
50.2631_40.9806_-0.754085
50.6308_40.6431_-0.719669
51.0075_40.3144_-0.71278
51.3905_40.0026_-0.623754
51.7995_39.7182_-0.575612
52.2212_39.4513_-0.541195
52.6503_39.1947_-0.534306
53.0812_38.9411_-0.527417
53.5138_38.6905_-0.520528
53.9481_38.4428_-0.513639
54.3841_38.1982_-0.506749
54.8207_37.9545_-0.513639
55.2567_37.7098_-0.506749
55.6933_37.4662_-0.513639
56.1293_37.2215_-0.506749
56.5658_36.9779_-0.513639
57.0019_36.7332_-0.506749
57.4384_36.4896_-0.513639
57.8744_36.2449_-0.506749
58.311_36.0013_-0.513639
58.747_35.7566_-0.506749
59.1836_35.513_-0.513639
59.6196_35.2683_-0.506749
60.0562_35.0246_-0.513639
60.4922_34.78_-0.506749
60.9288_34.5363_-0.513639
61.3648_34.2917_-0.506749
61.8014_34.048_-0.513639
62.2374_33.8034_-0.506749
62.6739_33.5597_-0.513639
63.11_33.3151_-0.506749
63.5465_33.0714_-0.513639
63.9825_32.8267_-0.506749
64.4191_32.5831_-0.513639
64.8551_32.3384_-0.506749
65.2917_32.0948_-0.513639
65.7277_31.8501_-0.506749
66.1643_31.6065_-0.513639
66.6003_31.3618_-0.506749
67.0369_31.1182_-0.513639
67.4729_30.8735_-0.506749
67.9095_30.6298_-0.513639
68.3455_30.3852_-0.506749
68.782_30.1415_-0.513639
69.2181_29.8969_-0.506749
69.6546_29.6532_-0.513639
70.0906_29.4086_-0.506749
70.5272_29.1649_-0.513639
70.9632_28.9203_-0.506749
71.3998_28.6766_-0.513639
71.8358_28.4319_-0.506749
72.2724_28.1883_-0.513639
72.7084_27.9436_-0.506749
73.145_27.7_-0.513639
73.581_27.4553_-0.506749
74.0176_27.2117_-0.513639
74.4536_26.967_-0.506749
74.8901_26.7234_-0.513639
75.325_26.4767_-0.520528
75.7593_26.2291_-0.513639
76.1954_25.9844_-0.506749
76.6319_25.7407_-0.513639
77.0668_25.4941_-0.520528
77.5011_25.2464_-0.513639
77.9371_25.0018_-0.506749
78.3737_24.7581_-0.513639
78.8086_24.5115_-0.520528
79.2429_24.2638_-0.513639
79.6789_24.0192_-0.506749
80.1155_23.7755_-0.513639
80.5504_23.5288_-0.520528
80.9847_23.2812_-0.513639
81.4207_23.0365_-0.506749
81.8573_22.7929_-0.513639
82.2922_22.5462_-0.520528
82.7265_22.2986_-0.513639
83.1625_22.0539_-0.506749
83.5991_21.8103_-0.513639
84.034_21.5636_-0.520528
84.4683_21.316_-0.513639
84.9051_21.0734_-0.492977
85.3469_20.84_-0.472315
85.7927_20.6136_-0.465426
86.2181_20.3768_-0.594652
86.6095_20.0872_-0.723878
86.9603_19.7496_-0.853104
87.2647_19.3695_-0.98233
87.5176_18.9535_-1.11156
87.726_18.5039_-1.18701
87.9052_18.039_-1.23516
88.0665_17.5661_-1.25582
88.218_17.0899_-1.27648
88.362_16.6111_-1.28337
88.5026_16.1313_-1.29026
88.6399_15.6506_-1.29715
88.7761_15.1696_-1.29026
88.9134_14.6888_-1.29715
89.0497_14.2078_-1.29026
89.187_13.727_-1.29715
89.3232_13.246_-1.29026
89.4535_12.7651_-1.3384
89.5628_12.2782_-1.37282
89.66_11.7877_-1.37971
