configuration 46.8230323792_-26.2805175781_0.619899316938_0.784681360082_54.818611145_35.6322822571_0.774404309534_0.632691050494
length 68.2411
time 1.24099
roughness 9.49087e-05
46.823_-26.2805_1.33723
46.9544_-25.809_1.22131
47.1357_-25.3478_1.14585
47.3467_-24.8955_1.11143
47.5713_-24.4491_1.09077
47.8051_-24.0075_1.07011
48.0461_-23.5695_1.06322
48.2901_-23.1331_1.05633
48.5371_-22.6984_1.04944
48.7851_-22.2643_1.05633
49.0321_-21.8296_1.04944
49.2801_-21.3955_1.05633
49.5272_-20.9608_1.04944
49.7752_-20.5267_1.05633
50.0222_-20.092_1.04944
50.2702_-19.6579_1.05633
50.5172_-19.2233_1.04944
50.7652_-18.7891_1.05633
51.0122_-18.3545_1.04944
51.2603_-17.9204_1.05633
51.5073_-17.4857_1.04944
51.7553_-17.0516_1.05633
52.0023_-16.6169_1.04944
52.2503_-16.1828_1.05633
52.4973_-15.7481_1.04944
52.7453_-15.314_1.05633
52.9783_-14.8766_1.13179
53.1828_-14.4223_1.17993
53.3723_-13.9596_1.18682
53.5354_-13.5008_1.31605
53.638_-13.0249_1.44527
53.6784_-12.5397_1.5745
53.656_-12.0533_1.70373
53.571_-11.5739_1.83295
53.4276_-11.1035_1.93547
53.2408_-10.6428_1.99729
53.0275_-10.1926_2.04544
52.7943_-9.75136_2.07985
52.5478_-9.31673_2.10052
52.2942_-8.88587_2.1074
52.0376_-8.45676_2.11429
51.8037_-8.02973_1.98507
51.6268_-7.57612_1.85584
51.4994_-7.09721_1.78038
51.4343_-6.74236_1.69497
51.3945_-6.2571_1.56574
51.4176_-5.77075_1.43652
51.5032_-5.29144_1.30729
51.6498_-4.82715_1.17806
51.855_-4.38563_1.04884
52.1154_-3.97424_0.919611
52.4256_-3.58771_0.844153
52.7625_-3.2207_0.796011
53.1145_-2.86606_0.775349
53.4738_-2.51878_0.754687
53.8388_-2.17711_0.747798
54.2061_-1.83796_0.740909
54.5742_-1.49966_0.747798
54.9416_-1.16052_0.740909
55.3113_-0.823909_0.73402
55.6817_-0.488153_0.740909
56.0498_-0.149852_0.747798
56.4172_0.189294_0.740909
56.7868_0.525901_0.73402
57.1573_0.861657_0.740909
57.5254_1.19996_0.747798
57.8912_1.54079_0.754687
58.2562_1.88246_0.747798
58.5988_2.22838_0.877024
58.894_2.61558_1.00625
59.1369_3.03759_1.13548
59.3233_3.48738_1.2647
59.4502_3.95744_1.39393
59.5227_4.44591_1.48295
59.5585_4.94284_1.5311
59.5726_5.44172_1.56551
59.5718_5.94139_1.58617
59.563_6.44128_1.59306
59.5507_6.94109_1.59995
59.5349_7.4408_1.60684
59.5181_7.94048_1.59995
59.5024_8.4402_1.60684
59.4855_8.93988_1.59995
59.4698_9.43959_1.60684
59.4529_9.93927_1.59995
59.4372_10.439_1.60684
59.4203_10.9387_1.59995
59.4046_11.4384_1.60684
59.3877_11.9381_1.59995
59.372_12.4378_1.60684
59.3551_12.9375_1.59995
59.3394_13.4372_1.60684
59.3225_13.9369_1.59995
59.3068_14.4366_1.60684
59.2899_14.9362_1.59995
59.2742_15.436_1.60684
59.255_15.9356_1.61373
59.2347_16.4351_1.60684
59.2179_16.9348_1.59995
59.2021_17.4345_1.60684
59.183_17.9341_1.61373
59.1627_18.4336_1.60684
59.1458_18.9333_1.59995
59.1301_19.433_1.60684
59.1109_19.9326_1.61373
59.0906_20.4322_1.60684
59.0737_20.9319_1.59995
59.058_21.4316_1.60684
59.0388_21.9312_1.61373
59.0185_22.4307_1.60684
59.0016_22.9304_1.59995
58.9859_23.4301_1.60684
58.9668_23.9297_1.61373
58.9464_24.4293_1.60684
58.9296_24.929_1.59995
58.9138_25.4287_1.60684
58.8947_25.9283_1.61373
58.8744_26.4278_1.60684
58.842_26.9206_1.69587
58.772_27.4138_1.74401
58.687_27.9065_1.73712
58.5861_28.3828_1.86635
58.4284_28.8508_1.95537
58.2341_29.3096_2.00351
58.0196_29.7602_2.03793
57.7916_30.2048_2.05859
57.5562_30.6459_2.06548
57.3178_31.0854_2.07237
57.0765_31.5232_2.07926
56.8341_31.9605_2.07237
56.5927_32.3983_2.07926
56.3503_32.8356_2.07237
56.1109_33.2745_2.06548
55.8725_33.714_2.07237
55.6311_34.1519_2.07926
55.4093_34.5882_1.96334
55.2286_35.0512_1.90151
55.0674_35.5245_1.89462
