configuration 46.8230323792_-26.2805175781_0.619899316938_0.784681360082_54.818611145_35.6322822571_0.774404309534_0.632691050494
length 67.3934
time 1.12975
roughness 8.27855e-05
46.823_-26.2805_1.33723
46.9557_-25.812_1.208
47.1431_-25.3533_1.13254
47.3617_-24.9056_1.0844
47.5983_-24.4655_1.06374
47.844_-24.0304_1.04308
48.0967_-23.599_1.03619
48.3524_-23.1694_1.0293
48.6091_-22.7404_1.03619
48.8649_-22.3107_1.0293
49.1235_-21.8829_1.02241
49.3832_-21.4556_1.0293
49.6399_-21.0266_1.03619
49.8956_-20.597_1.0293
50.1543_-20.1692_1.02241
50.4139_-19.7419_1.0293
50.6707_-19.3129_1.03619
50.9264_-18.8833_1.0293
51.185_-18.4554_1.02241
51.4447_-18.0282_1.0293
51.7014_-17.5991_1.03619
51.9571_-17.1695_1.0293
52.2158_-16.7417_1.02241
52.4755_-16.3144_1.0293
52.7322_-15.8854_1.03619
52.9879_-15.4558_1.0293
53.2466_-15.0279_1.02241
53.4886_-14.5998_1.12493
53.6937_-14.1471_1.18675
53.8799_-13.6831_1.19364
54.0399_-13.2232_1.32287
54.1393_-12.7466_1.4521
54.181_-12.2566_1.55461
54.1788_-11.7595_1.61644
54.1503_-11.2612_1.65086
54.1069_-10.7635_1.67152
54.0555_-10.2662_1.67841
54.0007_-9.76921_1.6853
53.9424_-9.27265_1.69219
53.8807_-8.77651_1.69907
53.8156_-8.2808_1.70596
53.7494_-7.78524_1.69907
53.6843_-7.28953_1.70596
53.6181_-6.79398_1.69907
53.553_-6.29827_1.70596
53.4914_-5.803_1.67155
53.4446_-5.30553_1.65089
53.4057_-4.80708_1.644
53.3907_-4.32042_1.51477
53.4385_-3.83589_1.38554
53.5484_-3.36156_1.25632
53.7185_-2.90534_1.12709
53.946_-2.47485_0.997866
54.2264_-2.07084_0.895349
54.5451_-1.6894_0.833522
54.8848_-1.3238_0.799106
55.2357_-0.968075_0.778444
55.5939_-0.619678_0.757782
55.9578_-0.276882_0.750893
56.3241_0.0633989_0.744004
56.6928_0.401148_0.737114
57.0637_0.73635_0.730225
57.4354_1.0707_0.737114
57.8064_1.4059_0.730225
58.155_1.74575_0.859451
58.457_2.12771_0.988677
58.7072_2.54538_1.1179
58.9015_2.99182_1.24713
59.0367_3.45958_1.37636
59.1178_3.94671_1.46538
59.1622_4.44292_1.51352
59.1874_4.94196_1.53419
59.2023_5.44141_1.55485
59.2091_5.94133_1.56174
59.2125_6.44128_1.56863
59.2124_6.94124_1.57551
59.2112_7.4412_1.56863
59.2111_7.94117_1.57551
59.2099_8.44113_1.56863
59.2099_8.94109_1.57551
59.2086_9.44105_1.56863
59.2086_9.94102_1.57551
59.2074_10.441_1.56863
59.2073_10.9409_1.57551
59.2061_11.4409_1.56863
59.206_11.9409_1.57551
59.2048_12.4408_1.56863
59.2048_12.9408_1.57551
59.2036_13.4408_1.56863
59.2035_13.9407_1.57551
59.2023_14.4407_1.56863
59.2022_14.9406_1.57551
59.201_15.4406_1.56863
59.2009_15.9406_1.57551
59.1997_16.4405_1.56863
59.1997_16.9405_1.57551
59.1985_17.4405_1.56863
59.1984_17.9404_1.57551
59.1972_18.4404_1.56863
59.1971_18.9403_1.57551
59.1959_19.4403_1.56863
59.1958_19.9403_1.57551
59.1923_20.4402_1.5824
59.1877_20.9402_1.57551
59.1865_21.4401_1.56863
59.1864_21.9401_1.57551
59.1829_22.44_1.5824
59.1782_22.94_1.57551
59.177_23.4399_1.56863
59.177_23.9399_1.57551
59.1735_24.4399_1.5824
59.1688_24.9398_1.57551
59.1676_25.4398_1.56863
59.1675_25.9397_1.57551
59.164_26.4397_1.5824
59.1594_26.9396_1.57551
59.1513_27.4386_1.60993
59.1283_27.9378_1.63059
59.0996_28.4369_1.6237
59.0533_28.9216_1.75293
58.9449_29.3963_1.88216
58.7772_29.8562_1.99808
58.5606_30.3019_2.07353
58.3136_30.7346_2.12168
58.0475_31.1568_2.15609
57.7686_31.5714_2.17676
57.4829_31.9817_2.18364
57.1944_32.39_2.19053
56.9031_32.7963_2.19742
56.609_33.2006_2.20431
56.3121_33.6029_2.2112
56.0143_34.0045_2.20431
55.7174_34.4067_2.2112
55.4433_34.8091_2.08198
55.2173_35.2459_1.97946
55.0243_35.7062_1.94504
