configuration 46.8230323792_-26.2805175781_0.619899316938_0.784681360082_54.818611145_35.6322822571_0.774404309534_0.632691050494
length 67.7726
time 1.54529
roughness 9.35593e-05
46.823_-26.2805_1.33723
46.953_-25.8062_1.23471
47.1265_-25.3404_1.17289
47.3252_-24.8826_1.13847
47.5376_-24.4303_1.11781
47.7575_-23.9813_1.11092
47.9804_-23.5338_1.10403
48.2064_-23.0878_1.09714
48.4355_-22.6434_1.09025
48.6656_-22.1996_1.09714
48.8947_-21.7552_1.09025
49.1248_-21.3113_1.09714
49.3538_-20.8669_1.09025
49.5839_-20.423_1.09714
49.813_-19.9786_1.09025
50.0431_-19.5348_1.09714
50.2722_-19.0904_1.09025
50.5023_-18.6465_1.09714
50.7313_-18.2021_1.09025
50.9614_-17.7582_1.09714
51.1905_-17.3139_1.09025
51.4206_-16.87_1.09714
51.6497_-16.4256_1.09025
51.8798_-15.9817_1.09714
52.1089_-15.5373_1.09025
52.339_-15.0935_1.09714
52.568_-14.6491_1.09025
52.7981_-14.2052_1.09714
53.0371_-13.7754_0.994623
53.3152_-13.362_0.946481
53.6065_-12.9557_0.95337
53.8713_-12.5471_1.0826
54.0813_-12.1078_1.21182
54.2329_-11.6451_1.34105
54.3236_-11.1667_1.47027
54.3586_-10.6741_1.5593
54.3541_-10.1771_1.62113
54.3233_-9.679_1.65554
54.2776_-9.18142_1.6762
54.2216_-8.6849_1.69687
54.1576_-8.18905_1.70376
54.0902_-7.69365_1.71064
54.0194_-7.19873_1.71753
53.9474_-6.70397_1.71064
53.8766_-6.20905_1.71753
53.8023_-5.71463_1.72442
53.734_-5.22113_1.67628
53.6848_-4.72389_1.65562
53.6436_-4.22563_1.64873
53.6263_-3.73905_1.5195
53.6718_-3.25429_1.39028
53.7795_-2.77945_1.26105
53.9474_-2.32243_1.13183
54.1728_-1.89087_1.0026
54.452_-1.49196_0.873373
54.7802_-1.13234_0.744147
55.1532_-0.808693_0.655122
55.5535_-0.514027_0.593295
55.9704_-0.239751_0.558879
56.3959_0.0222687_0.538217
56.8267_0.275443_0.517555
57.2617_0.521805_0.510666
57.6985_0.765164_0.503777
58.1145_1.01806_0.633003
58.501_1.32224_0.73552
58.8672_1.66133_0.769936
59.1461_1.93868_0.807943
59.4673_2.30458_0.937169
59.7387_2.70882_1.0664
59.9557_3.14466_1.19562
60.1148_3.60484_1.32485
60.2132_4.08168_1.45407
60.2586_4.57518_1.52953
60.2712_5.07322_1.57767
60.2643_5.57285_1.59834
60.2471_6.07222_1.619
60.2219_6.57155_1.62589
60.1932_7.07069_1.63278
60.1634_7.56976_1.62589
60.1347_8.0689_1.63278
60.1049_8.56797_1.62589
60.0762_9.06711_1.63278
60.0464_9.56619_1.62589
60.0177_10.0653_1.63278
59.9856_10.5643_1.63967
59.9523_11.0631_1.63278
59.9225_11.5622_1.62589
59.8938_12.0613_1.63278
59.8617_12.5603_1.63967
59.8284_13.0591_1.63278
59.7986_13.5582_1.62589
59.7699_14.0573_1.63278
59.7378_14.5563_1.63967
59.7046_15.0551_1.63278
59.6747_15.5542_1.62589
59.6461_16.0533_1.63278
59.614_16.5523_1.63967
59.5807_17.0511_1.63278
59.5509_17.5502_1.62589
59.5222_18.0493_1.63278
59.4901_18.5483_1.63967
59.4568_19.0471_1.63278
59.427_19.5462_1.62589
59.3983_20.0453_1.63278
59.3662_20.5443_1.63967
59.333_21.0431_1.63278
59.3031_21.5422_1.62589
59.2745_22.0413_1.63278
59.2423_22.5403_1.63967
59.2091_23.0391_1.63278
59.1793_23.5382_1.62589
59.1506_24.0373_1.63278
59.1185_24.5363_1.63967
59.0852_25.0351_1.63278
59.0554_25.5342_1.62589
59.0267_26.0333_1.63278
58.9946_26.5323_1.63967
58.9546_27.0297_1.67408
58.8996_27.5264_1.69474
58.839_28.0226_1.68785
58.7616_28.5034_1.81708
58.6243_28.9732_1.933
58.4371_29.4321_2.00846
58.2205_29.8817_2.04288
57.9884_30.3235_2.07729
57.743_30.7588_2.09795
57.4905_31.1903_2.10484
57.235_31.62_2.11173
56.9766_32.048_2.11862
56.7172_32.4754_2.11173
56.4587_32.9034_2.11862
56.1993_33.3308_2.11173
55.9429_33.76_2.10484
55.6874_34.1897_2.11173
55.4546_34.6174_1.98251
55.2651_35.0769_1.92068
55.0948_35.5469_1.91379
