configuration 46.8230323792_-26.2805175781_0.619899316938_0.784681360082_54.818611145_35.6322822571_0.774404309534_0.632691050494
length 66.4122
time 1.85263
roughness 7.04284e-05
46.823_-26.2805_1.33723
46.9544_-25.809_1.22131
47.1342_-25.3456_1.15948
47.3406_-24.8922_1.11134
47.5653_-24.4459_1.09068
47.7972_-24.003_1.08379
48.0322_-23.5617_1.0769
48.2702_-23.122_1.07001
48.5113_-22.684_1.06312
48.7554_-22.2476_1.05623
49.0004_-21.8119_1.06312
49.2445_-21.3755_1.05623
49.4895_-20.9397_1.06312
49.7336_-20.5034_1.05623
49.9786_-20.0676_1.06312
50.2227_-19.6312_1.05623
50.4678_-19.1955_1.06312
50.7118_-18.7591_1.05623
50.9569_-18.3233_1.06312
51.2009_-17.887_1.05623
51.446_-17.4512_1.06312
51.6901_-17.0148_1.05623
51.9351_-16.5791_1.06312
52.1792_-16.1427_1.05623
52.4242_-15.7069_1.06312
52.6683_-15.2706_1.05623
52.9134_-14.8348_1.06312
53.1574_-14.3984_1.05623
53.3789_-13.9648_1.18546
53.5482_-13.5031_1.28797
53.6796_-13.0225_1.33612
53.7751_-12.5425_1.45204
53.8239_-12.0478_1.51386
53.8443_-11.55_1.56201
53.8452_-11.0504_1.58267
53.8358_-10.5508_1.60333
53.8184_-10.0511_1.61022
53.7976_-9.55158_1.61711
53.7733_-9.05221_1.624
53.7478_-8.5529_1.61711
53.7235_-8.05352_1.624
53.6981_-7.55421_1.61711
53.6738_-7.05483_1.624
53.6484_-6.55552_1.61711
53.6241_-6.05615_1.624
53.5986_-5.55683_1.61711
53.5967_-5.06994_1.48788
53.6521_-4.57923_1.39886
53.7388_-4.08683_1.39197
53.8456_-3.61181_1.26274
54.0128_-3.15451_1.13351
54.2368_-2.71931_1.01759
54.5077_-2.3043_0.942136
54.8071_-1.90608_0.893994
55.1227_-1.51871_0.873332
55.4462_-1.13795_0.85267
55.7761_-0.762211_0.845781
56.1085_-0.388756_0.838892
56.4434_-0.0176004_0.832003
56.7793_0.352785_0.838892
57.1142_0.723941_0.832003
57.4501_1.09433_0.838892
57.7631_1.47067_0.954813
58.0418_1.88216_1.01664
58.3077_2.30524_0.995977
58.5549_2.72473_1.1252
58.7459_3.17258_1.25443
58.8776_3.64131_1.38366
58.9552_4.12901_1.47268
58.996_4.62554_1.52082
59.0152_5.12426_1.55524
59.0196_5.62391_1.5759
59.0159_6.12386_1.58279
59.0087_6.62377_1.58968
59.0004_7.12366_1.58279
58.9933_7.62358_1.58968
58.985_8.12347_1.58279
58.9779_8.62338_1.58968
58.9696_9.12328_1.58279
58.9624_9.62319_1.58968
58.9541_10.1231_1.58279
58.947_10.623_1.58968
58.9387_11.1229_1.58279
58.9315_11.6228_1.58968
58.9233_12.1227_1.58279
58.9161_12.6226_1.58968
58.9078_13.1225_1.58279
58.9007_13.6224_1.58968
58.8924_14.1223_1.58279
58.8852_14.6222_1.58968
58.8769_15.1221_1.58279
58.8698_15.622_1.58968
58.8615_16.1219_1.58279
58.8544_16.6218_1.58968
58.8461_17.1217_1.58279
58.8389_17.6216_1.58968
58.8306_18.1215_1.58279
58.8235_18.6215_1.58968
58.8152_19.1213_1.58279
58.808_19.6213_1.58968
58.7998_20.1212_1.58279
58.7926_20.6211_1.58968
58.7843_21.121_1.58279
58.7772_21.6209_1.58968
58.7689_22.1208_1.58279
58.7617_22.6207_1.58968
58.7534_23.1206_1.58279
58.7463_23.6205_1.58968
58.738_24.1204_1.58279
58.7309_24.6203_1.58968
58.7203_25.1201_1.59657
58.7085_25.62_1.58968
58.7002_26.1199_1.58279
58.6931_26.6198_1.58968
58.6825_27.1196_1.59657
58.6662_27.619_1.61723
58.6418_28.1184_1.62412
58.6163_28.6177_1.61723
58.5731_29.1027_1.74646
58.4678_29.578_1.87568
58.3044_30.0419_1.9782
58.0981_30.4941_2.04003
57.8658_30.9348_2.08817
57.6156_31.3674_2.10883
57.3566_31.7947_2.12949
57.0906_32.218_2.13638
56.8217_32.6395_2.14327
56.5499_33.0591_2.15016
56.2752_33.4769_2.15705
55.9977_33.8927_2.16394
55.7173_34.3066_2.17083
55.4596_34.7198_2.0416
55.2487_35.1663_1.95258
55.0657_35.6312_1.93191
