configuration 46.8230323792_-26.2805175781_0.619899316938_0.784681360082_54.818611145_35.6322822571_0.774404309534_0.632691050494
length 72.3905
time 4.98806
roughness 7.35512e-05
46.823_-26.2805_1.33723
46.9544_-25.809_1.22131
47.1342_-25.3456_1.15948
47.3389_-24.8905_1.12506
47.5574_-24.4411_1.1044
47.7852_-23.9963_1.08374
48.0202_-23.5551_1.07685
48.2582_-23.1154_1.06996
48.4993_-22.6774_1.06307
48.7414_-22.2399_1.06996
48.9825_-21.8019_1.06307
49.2245_-21.3645_1.06996
49.4656_-20.9265_1.06307
49.7077_-20.489_1.06996
49.9487_-20.051_1.06307
50.1908_-19.6136_1.06996
50.4319_-19.1756_1.06307
50.6739_-18.7381_1.06996
50.913_-18.299_1.07685
51.151_-17.8593_1.06996
51.3921_-17.4213_1.06307
51.6342_-16.9839_1.06996
51.8732_-16.5448_1.07685
52.1113_-16.1051_1.06996
52.3523_-15.6671_1.06307
52.5944_-15.2297_1.06996
52.8335_-14.7906_1.07685
53.0673_-14.349_1.09751
53.292_-13.9027_1.11818
53.5096_-13.4526_1.12506
53.7007_-13.0047_1.25429
53.8325_-12.536_1.38352
53.9028_-12.0542_1.51274
53.9105_-11.5674_1.64197
53.8553_-11.0837_1.7712
53.7382_-10.611_1.90042
53.5612_-10.1575_2.02965
53.3279_-9.7272_2.14557
53.0481_-9.31812_2.22103
52.7415_-8.92437_2.25544
52.4228_-8.53949_2.2761
52.0963_-8.16127_2.29677
51.7635_-7.78813_2.30366
51.4282_-7.4173_2.31055
51.0903_-7.04878_2.31743
50.7499_-6.6826_2.32432
50.4087_-6.3172_2.31743
50.0683_-5.95102_2.32432
49.727_-5.58562_2.31743
49.3883_-5.21788_2.31055
49.0504_-4.84937_2.31743
48.71_-4.48318_2.32432
48.3688_-4.11779_2.31743
48.0301_-3.75005_2.31055
47.6922_-3.38153_2.31743
47.3518_-3.01535_2.32432
47.0105_-2.64995_2.31743
46.6718_-2.28221_2.31055
46.3339_-1.91369_2.31743
45.9935_-1.54751_2.32432
45.6725_-1.17803_2.2084
45.3849_-0.772655_2.14658
45.1099_-0.355431_2.16724
44.8538_0.0586209_2.03801
44.6501_0.503737_1.92209
44.4913_0.973171_1.84663
44.3609_1.45491_1.81222
44.2447_1.94091_1.79155
44.1387_2.42919_1.77089
44.0404_2.91941_1.764
43.9456_3.41029_1.75711
43.8541_3.90181_1.75023
43.766_4.39395_1.74334
43.679_4.88629_1.75023
43.5909_5.37843_1.74334
43.504_5.87077_1.75023
43.4136_6.3625_1.75711
43.3221_6.85402_1.75023
43.234_7.34616_1.74334
43.1471_7.83851_1.75023
43.0567_8.33024_1.75711
42.9652_8.82176_1.75023
42.8771_9.3139_1.74334
42.7901_9.80624_1.75023
42.6998_10.298_1.75711
42.63_10.7798_1.62789
42.6118_11.2765_1.56606
42.6153_11.7765_1.55917
42.6291_12.2745_1.51103
42.6646_12.7723_1.47661
42.715_13.2694_1.45595
42.7734_13.766_1.44906
42.8353_14.2621_1.44217
42.9006_14.7578_1.43528
42.9692_15.253_1.4284
43.0391_15.7481_1.43528
43.1077_16.2433_1.4284
43.1776_16.7384_1.43528
43.2462_17.2336_1.4284
43.3161_17.7286_1.43528
43.3847_18.2239_1.4284
43.4546_18.7189_1.43528
43.5232_19.2142_1.4284
43.5931_19.7092_1.43528
43.6617_20.2044_1.4284
43.7316_20.6995_1.43528
43.8002_21.1947_1.4284
43.8701_21.6898_1.43528
43.9387_22.185_1.4284
44.0086_22.6801_1.43528
44.0772_23.1753_1.4284
44.1471_23.6704_1.43528
44.2157_24.1656_1.4284
44.2878_24.6603_1.42151
44.3611_25.1549_1.4284
44.4309_25.65_1.43528
44.5018_26.1446_1.41462
44.5829_26.6376_1.39396
44.6674_27.1301_1.41462
44.7635_27.6074_1.2854
44.9202_28.0684_1.15617
45.1351_28.5053_1.02694
45.4044_28.9109_0.897718
45.7238_29.2784_0.768492
46.0886_29.6138_0.693034
46.4762_29.9283_0.658617
46.8735_30.2313_0.637955
47.2769_30.5262_0.617294
47.6852_30.8146_0.610404
48.0956_31.1002_0.603515
48.5079_31.3831_0.596626
48.9221_31.663_0.589737
49.337_31.942_0.596626
49.7512_32.222_0.589737
50.1661_32.501_0.596626
50.5803_32.7809_0.589737
50.9952_33.0599_0.596626
51.4094_33.3399_0.589737
51.8243_33.6189_0.596626
52.2385_33.8988_0.589737
52.6534_34.1779_0.596626
53.0676_34.4578_0.589737
53.4825_34.7368_0.596626
53.8733_35.0272_0.725852
54.2235_35.3655_0.855078
54.5271_35.7462_0.984304
