configuration 46.8230323792_-26.2805175781_0.619899316938_0.784681360082_54.818611145_35.6322822571_0.774404309534_0.632691050494
length 66.9043
time 2.29289
roughness 7.56227e-05
46.823_-26.2805_1.33723
46.953_-25.8062_1.23471
47.1265_-25.3404_1.17289
47.3252_-24.8826_1.13847
47.5376_-24.4303_1.11781
47.7594_-23.9826_1.09715
47.9885_-23.5382_1.09026
48.2206_-23.0954_1.08337
48.4558_-22.6542_1.07648
48.692_-22.2135_1.08337
48.9271_-21.7723_1.07648
49.1633_-21.3317_1.08337
49.3985_-20.8905_1.07648
49.6347_-20.4498_1.08337
49.8699_-20.0086_1.07648
50.106_-19.568_1.08337
50.3412_-19.1268_1.07648
50.5774_-18.6861_1.08337
50.8126_-18.2449_1.07648
51.0488_-17.8042_1.08337
51.2839_-17.363_1.07648
51.5201_-16.9224_1.08337
51.7553_-16.4812_1.07648
51.9915_-16.0405_1.08337
52.2267_-15.5993_1.07648
52.4629_-15.1587_1.08337
52.698_-14.7175_1.07648
52.9342_-14.2768_1.08337
53.1629_-13.8332_1.11778
53.3785_-13.3824_1.13845
53.5973_-12.9378_1.06299
53.8159_-12.5027_1.19221
53.9765_-12.0431_1.32144
54.0765_-11.5666_1.45067
54.1212_-11.0748_1.53969
54.1288_-10.5766_1.58783
54.1145_-10.0777_1.62225
54.0854_-9.57891_1.64291
54.0482_-9.08033_1.6498
54.0076_-8.58202_1.65669
53.9636_-8.084_1.66358
53.9161_-7.58629_1.67047
53.8652_-7.08893_1.67736
53.8132_-6.59168_1.67047
53.7623_-6.09431_1.67736
53.7103_-5.59706_1.67047
53.6824_-5.11097_1.54124
53.7073_-4.61456_1.47942
53.7541_-4.11679_1.47253
53.8223_-3.63471_1.3433
53.9521_-3.16544_1.21407
54.1413_-2.71682_1.08485
54.3863_-2.29303_0.968927
54.677_-1.89168_0.893469
54.9954_-1.50851_0.845327
55.3295_-1.13695_0.824665
55.6712_-0.772376_0.804003
56.0189_-0.413131_0.797114
56.3691_-0.0562886_0.790225
56.7217_0.298132_0.783336
57.0768_0.650116_0.776447
57.4343_0.999644_0.769557
57.7815_1.35327_0.845016
58.1084_1.73035_0.879432
58.4322_2.10902_0.83129
58.7448_2.48232_0.960516
59.0067_2.89279_1.08974
59.2135_3.33358_1.21897
59.3617_3.79734_1.34819
59.454_4.28041_1.45071
59.5034_4.77499_1.51254
59.5268_5.27352_1.54695
59.5352_5.77312_1.56762
59.5357_6.27308_1.57451
59.5327_6.77304_1.58139
59.5262_7.27296_1.58828
59.5186_7.77287_1.58139
59.5122_8.27279_1.58828
59.5046_8.77269_1.58139
59.4981_9.27262_1.58828
59.4905_9.77252_1.58139
59.4841_10.2724_1.58828
59.4765_10.7723_1.58139
59.4701_11.2723_1.58828
59.4625_11.7722_1.58139
59.456_12.2721_1.58828
59.4484_12.772_1.58139
59.442_13.2719_1.58828
59.4344_13.7718_1.58139
59.4279_14.2718_1.58828
59.4203_14.7717_1.58139
59.4139_15.2716_1.58828
59.4063_15.7715_1.58139
59.3998_16.2714_1.58828
59.3923_16.7713_1.58139
59.3858_17.2712_1.58828
59.3782_17.7711_1.58139
59.3718_18.2711_1.58828
59.3642_18.771_1.58139
59.3577_19.2709_1.58828
59.3501_19.7708_1.58139
59.3437_20.2707_1.58828
59.3361_20.7706_1.58139
59.3296_21.2705_1.58828
59.3198_21.7704_1.59517
59.3087_22.2703_1.58828
59.3011_22.7702_1.58139
59.2947_23.2701_1.58828
59.2848_23.7699_1.59517
59.2737_24.2698_1.58828
59.2661_24.7697_1.58139
59.2597_25.2696_1.58828
59.2498_25.7695_1.59517
59.2388_26.2693_1.58828
59.2135_26.7605_1.6908
59.1439_27.2526_1.75263
59.0524_27.7441_1.75952
58.9409_28.2181_1.88874
58.7727_28.6824_1.97777
58.5682_29.1367_2.02591
58.3437_29.5824_2.06033
58.1057_30.0218_2.08099
57.8606_30.4575_2.08788
57.6124_30.8916_2.09477
57.3613_31.3239_2.10166
57.1072_31.7544_2.10855
56.8521_32.1844_2.10166
56.598_32.615_2.10855
56.3429_33.045_2.10166
56.0888_33.4756_2.10855
55.8337_33.9055_2.10166
55.5796_34.3361_2.10855
55.3481_34.7645_1.97932
55.1601_35.2246_1.91749
54.9871_35.6933_1.93815
