configuration 72.6459350586_2.13817882538_-0.994211695618_0.107438839792_19.5581073761_50.1696281433_0.955633460234_0.294558465643
length 84.3614
time 3.2175
roughness 6.86222e-05
72.6459_2.13818_-2.9263
72.1663_2.05441_-3.05553
71.6733_2.02647_-3.14455
71.1751_2.03592_-3.19269
70.677_2.06713_-3.22711
70.1795_2.11323_-3.24777
69.6825_2.16736_-3.25466
69.1858_2.22491_-3.26155
68.6896_2.28588_-3.26844
68.1938_2.35027_-3.27533
67.6985_2.41807_-3.28222
67.2033_2.48701_-3.27533
66.7079_2.55481_-3.28222
66.2127_2.62375_-3.27533
65.7174_2.69155_-3.28222
65.2222_2.76049_-3.27533
64.7269_2.82829_-3.28222
64.2317_2.89723_-3.27533
63.736_2.96275_-3.26844
63.2402_3.02714_-3.27533
62.7449_3.09494_-3.28222
62.2661_3.18355_-3.41144
61.8028_3.33312_-3.54067
61.3626_3.54116_-3.6699
60.9528_3.80418_-3.79912
60.5804_4.11782_-3.92835
60.2451_4.47759_-4.03086
59.94_4.86995_-4.09269
59.6548_5.27952_-4.12711
59.3816_5.69792_-4.14777
59.1172_6.12187_-4.16843
58.8594_6.55026_-4.17532
58.6046_6.98042_-4.18221
58.3508_7.41117_-4.17532
58.096_7.84133_-4.18221
57.8422_8.27207_-4.17532
57.5874_8.70223_-4.18221
57.3355_9.13414_-4.1891
57.0847_9.56662_-4.18221
56.8309_9.99737_-4.17532
56.5761_10.4275_-4.18221
56.3242_10.8594_-4.1891
56.0734_11.2919_-4.18221
55.8196_11.7227_-4.17532
55.5648_12.1528_-4.18221
55.3129_12.5847_-4.1891
55.0662_13.0192_-4.20976
54.8285_13.4588_-4.23042
54.5978_13.9023_-4.23731
54.357_14.3254_-4.10809
54.0636_14.714_-3.97886
53.7226_15.0616_-3.84963
53.3396_15.3622_-3.72041
52.9211_15.6111_-3.59118
52.4741_15.8039_-3.46196
52.001_15.9455_-3.37293
51.5149_16.0495_-3.3111
51.0221_16.1281_-3.27669
50.5265_16.192_-3.25602
50.0297_16.2479_-3.24914
49.5325_16.3005_-3.24225
49.0352_16.3518_-3.24914
48.538_16.4044_-3.24225
48.0407_16.4557_-3.24914
47.5435_16.5083_-3.24225
47.0461_16.5596_-3.24914
46.5489_16.6122_-3.24225
46.0516_16.6635_-3.24914
45.5544_16.7161_-3.24225
45.0571_16.7674_-3.24914
44.5599_16.82_-3.24225
44.0626_16.8713_-3.24914
43.5654_16.9239_-3.24225
43.0681_16.9753_-3.24914
42.5709_17.0278_-3.24225
42.0736_17.0792_-3.24914
41.5764_17.1317_-3.24225
41.0791_17.1831_-3.24914
40.5819_17.2356_-3.24225
40.0845_17.287_-3.24914
39.5873_17.3395_-3.24225
39.09_17.3909_-3.24914
38.5928_17.4434_-3.24225
38.0955_17.4948_-3.24914
37.5983_17.5473_-3.24225
37.101_17.5987_-3.24914
36.6038_17.6512_-3.24225
36.1065_17.7026_-3.24914
35.6093_17.7551_-3.24225
35.1118_17.8042_-3.23536
34.6141_17.8521_-3.24225
34.1168_17.9035_-3.24914
33.6196_17.956_-3.24225
33.122_18.0051_-3.23536
32.6244_18.0531_-3.24225
32.1271_18.1045_-3.24914
31.6332_18.1453_-3.17368
31.1342_18.1556_-3.13926
30.6372_18.1647_-3.20109
30.1529_18.2142_-3.33031
29.6789_18.3257_-3.45954
29.2233_18.4974_-3.58877
28.7936_18.7263_-3.71799
28.3877_19.0076_-3.80702
28.0031_19.3224_-3.86884
27.6341_19.6584_-3.90326
27.2748_20.0058_-3.92392
26.9229_20.3604_-3.94458
26.5783_20.7223_-3.96525
26.2339_21.0823_-3.9171
25.8747_21.4297_-3.89644
25.5152_21.7758_-3.93086
25.1872_22.1356_-4.06008
24.9083_22.5347_-4.18931
24.6831_22.9664_-4.31854
24.5127_23.4253_-4.43446
24.3862_23.9059_-4.49628
24.2847_24.3946_-4.5307
24.1978_24.8867_-4.55136
24.1188_25.3803_-4.55825
24.0432_25.8746_-4.56514
23.971_26.3693_-4.57203
23.9022_26.8645_-4.57892
23.8368_27.3601_-4.58581
23.7725_27.856_-4.57892
23.7071_28.3516_-4.58581
23.6429_28.8474_-4.57892
23.5775_29.3431_-4.58581
23.5132_29.8389_-4.57892
23.4478_30.3346_-4.58581
23.3836_30.8304_-4.57892
23.3182_31.3261_-4.58581
23.2539_31.8219_-4.57892
23.1885_32.3176_-4.58581
23.1243_32.8134_-4.57892
23.0566_33.3088_-4.57203
22.9878_33.804_-4.57892
22.9224_34.2996_-4.58581
22.8581_34.7954_-4.57892
22.7905_35.2908_-4.57203
22.7217_35.786_-4.57892
22.6563_36.2817_-4.58581
22.592_36.7775_-4.57892
22.5243_37.2729_-4.57203
22.4555_37.7681_-4.57892
22.3901_38.2637_-4.58581
22.3259_38.7596_-4.57892
22.2407_39.2389_-4.44969
22.1001_39.7141_-4.37424
21.9353_40.1862_-4.38112
21.7808_40.6598_-4.42927
21.6445_41.1406_-4.44993
21.5182_41.624_-4.47059
21.3996_42.1097_-4.47748
21.2844_42.5962_-4.48437
21.1725_43.0835_-4.49126
21.0617_43.571_-4.48437
20.9498_44.0583_-4.49126
20.839_44.5458_-4.48437
20.7271_45.0331_-4.49126
20.6163_45.5206_-4.48437
20.5045_46.0079_-4.49126
20.3937_46.4954_-4.48437
20.2818_46.9827_-4.49126
20.171_47.4703_-4.48437
20.0591_47.9575_-4.49126
19.9483_48.4451_-4.48437
19.8183_48.9143_-4.35514
19.6288_49.3628_-4.22592
19.3832_49.7832_-4.09669
