configuration -3.08480739594_22.5642471313_-0.424155304833_0.905589464041_28.1138801575_4.40596151352_-0.254607913402_0.967044368389
length 39.9303
time 0.247444
roughness 0.000153473
-3.08481_22.5642_-0.876058
-2.75754_22.2038_-0.746832
-2.38654_21.8884_-0.617606
-1.978_21.6236_-0.488379
-1.53874_21.4135_-0.359153
-1.07057_21.251_-0.283695
-0.590102_21.1192_-0.235553
-0.103438_21.006_-0.214891
0.385461_20.9028_-0.19423
0.876244_20.8074_-0.18734
1.36767_20.7154_-0.180451
1.85972_20.6268_-0.173562
2.35237_20.5416_-0.166673
2.84521_20.4575_-0.173562
3.33786_20.3723_-0.166673
3.83071_20.2883_-0.173562
4.32335_20.2031_-0.166673
4.8162_20.119_-0.173562
5.30885_20.0338_-0.166673
5.80169_19.9497_-0.173562
6.29434_19.8645_-0.166673
6.78718_19.7804_-0.173562
7.27983_19.6952_-0.166673
7.77267_19.6111_-0.173562
8.26532_19.5259_-0.166673
8.75817_19.4418_-0.173562
9.25082_19.3566_-0.166673
9.74366_19.2725_-0.173562
10.2363_19.1873_-0.166673
10.7292_19.1033_-0.173562
11.2218_19.0181_-0.166673
11.7146_18.934_-0.173562
12.2073_18.8488_-0.166673
12.7001_18.7647_-0.173562
13.1924_18.6772_-0.180451
13.6844_18.5886_-0.173562
14.1771_18.5034_-0.166673
14.6699_18.4193_-0.173562
15.1622_18.3319_-0.180451
15.6542_18.2433_-0.173562
16.1469_18.1581_-0.166673
16.6397_18.074_-0.173562
17.132_17.9865_-0.180451
17.624_17.8979_-0.173562
18.1167_17.8127_-0.166673
18.6095_17.7286_-0.173562
19.1018_17.6412_-0.180451
19.5938_17.5526_-0.173562
20.0861_17.4651_-0.180451
20.5777_17.3742_-0.18734
21.0691_17.2822_-0.180451
21.544_17.1746_-0.309677
22.001_17.0067_-0.438903
22.4326_16.7813_-0.56813
22.8315_16.5022_-0.697356
23.1912_16.174_-0.826582
23.5055_15.8022_-0.955808
23.7755_15.3911_-1.05832
24.0103_14.953_-1.12015
24.2225_14.5013_-1.15457
24.4213_14.0429_-1.17523
24.6129_13.5811_-1.18212
24.8013_13.118_-1.18901
24.9866_12.6536_-1.1959
25.1686_12.1879_-1.20279
25.3474_11.721_-1.20968
25.5251_11.2537_-1.20279
25.7039_10.7868_-1.20968
25.8816_10.3195_-1.20279
26.0604_9.85263_-1.20968
26.236_9.38451_-1.21656
26.4105_8.91599_-1.20968
26.5882_8.44868_-1.20279
26.767_7.98178_-1.20968
26.9426_7.51366_-1.21656
27.1171_7.04513_-1.20968
27.2948_6.57782_-1.20279
27.4736_6.11092_-1.20968
27.6647_5.66314_-1.08045
27.912_5.24372_-0.951223
28.2113_4.85967_-0.821997
