configuration 46.8230323792_-26.2805175781_0.619899316938_0.784681360082_54.818611145_35.6322822571_0.774404309534_0.632691050494
length 66.9003
time 1.80742
roughness 7.86464e-05
46.823_-26.2805_1.33723
46.9544_-25.809_1.22131
47.1342_-25.3456_1.15948
47.3406_-24.8922_1.11134
47.5653_-24.4459_1.09068
47.7972_-24.003_1.08379
48.0322_-23.5617_1.0769
48.2702_-23.122_1.07001
48.5113_-22.684_1.06312
48.7554_-22.2476_1.05623
49.0004_-21.8119_1.06312
49.2445_-21.3755_1.05623
49.4895_-20.9397_1.06312
49.7336_-20.5034_1.05623
49.9786_-20.0676_1.06312
50.2227_-19.6312_1.05623
50.4678_-19.1955_1.06312
50.7118_-18.7591_1.05623
50.9569_-18.3233_1.06312
51.2009_-17.887_1.05623
51.446_-17.4512_1.06312
51.6901_-17.0148_1.05623
51.9371_-16.5802_1.04934
52.1852_-16.1461_1.05623
52.4302_-15.7103_1.06312
52.6743_-15.274_1.05623
52.9214_-14.8393_1.04934
53.1764_-14.4113_1.0012
53.4488_-13.9924_0.980538
53.7261_-13.5764_0.987428
53.9768_-13.1591_1.11665
54.1717_-12.7129_1.24588
54.3074_-12.2453_1.37511
54.3818_-11.7641_1.50433
54.4023_-11.2689_1.57979
54.3898_-10.7709_1.62793
54.3556_-10.273_1.66235
54.3065_-9.77573_1.68301
54.2494_-9.27904_1.6899
54.1889_-8.78276_1.69679
54.1249_-8.2869_1.70368
54.0575_-7.7915_1.71057
53.989_-7.29625_1.70368
53.9216_-6.80085_1.71057
53.8508_-6.30592_1.71746
53.7789_-5.81116_1.71057
53.7198_-5.31765_1.64874
53.6866_-4.81967_1.61432
53.666_-4.32013_1.60744
53.6688_-3.83325_1.47821
53.7343_-3.35079_1.34898
53.8615_-2.88079_1.21976
54.0481_-2.4311_1.09053
54.2912_-2.00921_0.961305
54.5857_-1.6128_0.872279
54.9121_-1.23646_0.824137
55.2553_-0.874057_0.78972
55.6095_-0.521644_0.769059
55.9709_-0.176623_0.748397
56.3381_0.162742_0.741508
56.7076_0.49957_0.734619
57.0793_0.833845_0.727729
57.4519_1.16726_0.734619
57.7991_1.50865_0.863845
58.1057_1.89318_0.966361
58.3846_2.30706_1.00078
58.6297_2.72774_1.13
58.8186_3.17649_1.25923
58.9481_3.64585_1.38846
59.0233_4.13392_1.47748
59.0617_4.63064_1.52562
59.0809_5.12995_1.54629
59.0897_5.62954_1.56695
59.0905_6.1295_1.57384
59.0878_6.62946_1.58073
59.0817_7.12938_1.58762
59.0744_7.62929_1.58073
59.0683_8.12922_1.58762
59.061_8.62913_1.58073
59.0549_9.12906_1.58762
59.0477_9.62897_1.58073
59.0416_10.1289_1.58762
59.0343_10.6288_1.58073
59.0282_11.1287_1.58762
59.0209_11.6286_1.58073
59.0148_12.1286_1.58762
59.0075_12.6285_1.58073
59.0014_13.1284_1.58762
58.9942_13.6283_1.58073
58.9881_14.1282_1.58762
58.9808_14.6282_1.58073
58.9747_15.1281_1.58762
58.9674_15.628_1.58073
58.9613_16.1279_1.58762
58.9541_16.6278_1.58073
58.9479_17.1277_1.58762
58.9407_17.6277_1.58073
58.9346_18.1276_1.58762
58.9273_18.6275_1.58073
58.9235_19.1274_1.57384
58.9208_19.6274_1.58073
58.9147_20.1273_1.58762
58.9075_20.6272_1.58073
58.9036_21.1272_1.57384
58.901_21.6271_1.58073
58.8949_22.1271_1.58762
58.8876_22.627_1.58073
58.8838_23.1269_1.57384
58.8811_23.6269_1.58073
58.875_24.1268_1.58762
58.8677_24.6267_1.58073
58.8639_25.1267_1.57384
58.8613_25.6266_1.58073
58.8551_26.1266_1.58762
58.8388_26.6245_1.63576
58.8029_27.1229_1.65642
58.759_27.6209_1.66331
58.6935_28.1034_1.79253
58.5678_28.5764_1.90846
58.3935_29.0419_1.97028
58.1924_29.4977_2.01842
57.973_29.9467_2.03909
57.7444_30.391_2.05975
57.5086_30.8318_2.06664
57.2697_31.271_2.07353
57.0278_31.7086_2.08041
56.7829_32.1444_2.0873
56.537_32.5798_2.08041
56.2921_33.0156_2.0873
56.0462_33.4509_2.08041
55.8013_33.8868_2.0873
55.5554_34.3221_2.08041
55.3331_34.7582_1.96449
55.1519_35.221_1.90267
54.9839_35.691_1.93708
