configuration -3.08480739594_22.5642471313_-0.424155304833_0.905589464041_28.1138801575_4.40596151352_-0.254607913402_0.967044368389
length 38.8623
time 0.260543
roughness 0.000137151
-3.08481_22.5642_-0.876058
-2.75754_22.2038_-0.746832
-2.38654_21.8884_-0.617606
-1.978_21.6236_-0.488379
-1.53729_21.4106_-0.372459
-1.07133_21.2418_-0.297001
-0.592451_21.1012_-0.262584
-0.109026_20.9749_-0.241922
0.376906_20.8585_-0.22126
0.864931_20.7499_-0.214371
1.35369_20.6447_-0.207482
1.84317_20.5428_-0.200593
2.33288_20.442_-0.207482
2.82235_20.3402_-0.200593
3.31206_20.2394_-0.207482
3.80154_20.1376_-0.200593
4.29125_20.0368_-0.207482
4.78072_19.935_-0.200593
5.27043_19.8342_-0.207482
5.75991_19.7323_-0.200593
6.24961_19.6316_-0.207482
6.73909_19.5297_-0.200593
7.2288_19.429_-0.207482
7.71827_19.3271_-0.200593
8.20798_19.2264_-0.207482
8.69746_19.1245_-0.200593
9.18717_19.0238_-0.207482
9.67664_18.9219_-0.200593
10.1664_18.8212_-0.207482
10.6558_18.7193_-0.200593
11.1455_18.6186_-0.207482
11.635_18.5167_-0.200593
12.1247_18.4159_-0.207482
12.6142_18.3141_-0.200593
13.1039_18.2133_-0.207482
13.5934_18.1115_-0.200593
14.0831_18.0107_-0.207482
14.5726_17.9089_-0.200593
15.0627_17.8104_-0.193704
15.5531_17.713_-0.200593
16.0428_17.6123_-0.207482
16.5323_17.5104_-0.200593
17.0225_17.4119_-0.193704
17.5129_17.3145_-0.200593
18.0026_17.2138_-0.207482
18.492_17.1119_-0.200593
18.9822_17.0134_-0.193704
19.4556_16.8995_-0.32293
19.9191_16.7291_-0.411955
20.3741_16.524_-0.446372
20.7535_16.3416_-0.452173
21.1821_16.1105_-0.581399
21.5773_15.8261_-0.710625
21.9325_15.4931_-0.839852
22.2482_15.116_-0.942368
22.5321_14.708_-1.00419
22.7952_14.2839_-1.03861
23.0457_13.8516_-1.05927
23.2895_13.4151_-1.06616
23.5302_12.9769_-1.07305
23.7679_12.537_-1.07994
24.0046_12.0966_-1.07305
24.2423_11.6568_-1.07994
24.4769_11.2153_-1.08683
24.7106_10.7733_-1.07994
24.9473_10.3329_-1.07305
25.185_9.89308_-1.07994
25.4196_9.4516_-1.08683
25.6533_9.00959_-1.07994
25.8899_8.5692_-1.07305
26.1276_8.12936_-1.07994
26.3623_7.68788_-1.08683
26.5959_7.24587_-1.07994
26.8326_6.80548_-1.07305
27.0703_6.36564_-1.07994
27.305_5.92416_-1.08683
27.5496_5.50318_-0.957604
27.8464_5.11722_-0.828378
28.1908_4.76334_-0.739352
