configuration 46.8230323792_-26.2805175781_0.619899316938_0.784681360082_54.818611145_35.6322822571_0.774404309534_0.632691050494
length 66.8956
time 1.22857
roughness 8.22551e-05
46.823_-26.2805_1.33723
46.9544_-25.809_1.22131
47.1342_-25.3456_1.15948
47.3389_-24.8905_1.12506
47.5574_-24.4411_1.1044
47.7833_-23.995_1.09751
48.0122_-23.5506_1.09062
48.2442_-23.1077_1.08374
48.4792_-22.6664_1.07685
48.7172_-22.2267_1.06996
48.9563_-21.7876_1.07685
49.1943_-21.348_1.06996
49.4334_-20.9089_1.07685
49.6714_-20.4692_1.06996
49.9105_-20.0301_1.07685
50.1485_-19.5904_1.06996
50.3876_-19.1513_1.07685
50.6256_-18.7117_1.06996
50.8647_-18.2726_1.07685
51.1027_-17.8329_1.06996
51.3418_-17.3938_1.07685
51.5798_-16.9541_1.06996
51.8189_-16.515_1.07685
52.0569_-16.0754_1.06996
52.296_-15.6363_1.07685
52.534_-15.1966_1.06996
52.7731_-14.7575_1.07685
53.0111_-14.3179_1.06996
53.2502_-13.8788_1.07685
53.4862_-13.438_1.08374
53.7192_-12.9956_1.09062
53.9256_-12.5547_1.21985
54.0735_-12.0908_1.34908
54.1603_-11.6117_1.4783
54.1914_-11.1188_1.56733
54.1829_-10.6219_1.62915
54.1481_-10.124_1.66357
54.0984_-9.62682_1.68423
54.0407_-9.1302_1.69112
53.9795_-8.63399_1.69801
53.9149_-8.13821_1.7049
53.847_-7.64289_1.71179
53.7756_-7.14805_1.71868
53.7008_-6.65372_1.72557
53.6226_-6.15991_1.73246
53.5503_-5.66698_1.68432
53.4971_-5.17015_1.66365
53.4519_-4.67223_1.65676
53.4306_-4.1858_1.52754
53.4723_-3.7007_1.39831
53.5761_-3.22501_1.26909
53.7404_-2.76666_1.13986
53.9623_-2.3333_1.01063
54.2383_-1.93215_0.881408
54.5635_-1.56051_0.792383
54.9189_-1.21142_0.74424
55.2899_-0.877564_0.709824
55.6711_-0.554545_0.689162
56.0589_-0.239472_0.6685
56.452_0.0695082_0.661611
56.8472_0.375773_0.654722
57.2444_0.679309_0.647833
57.6438_0.9801_0.640943
58.0214_1.28751_0.77017
58.3683_1.64136_0.845628
58.6991_2.01628_0.852517
59.0037_2.39613_0.981743
59.2568_2.81206_1.11097
59.4542_3.25715_1.2402
59.5926_3.72395_1.36942
59.6746_4.20887_1.47194
59.7135_4.70438_1.53376
59.7262_5.2033_1.56818
59.7241_5.70297_1.58884
59.7139_6.20283_1.59573
59.7003_6.70261_1.60262
59.6833_7.20228_1.60951
59.6628_7.70182_1.6164
59.6388_8.20121_1.62329
59.6137_8.70055_1.6164
59.5898_9.19994_1.62329
59.5647_9.69927_1.6164
59.5408_10.1987_1.62329
59.5157_10.698_1.6164
59.4917_11.1974_1.62329
59.4667_11.6967_1.6164
59.4427_12.1961_1.62329
59.4176_12.6954_1.6164
59.3937_13.1948_1.62329
59.3686_13.6942_1.6164
59.3447_14.1936_1.62329
59.3196_14.6929_1.6164
59.2956_15.1923_1.62329
59.2706_15.6916_1.6164
59.2466_16.191_1.62329
59.2215_16.6903_1.6164
59.1976_17.1897_1.62329
59.1725_17.6891_1.6164
59.1486_18.1884_1.62329
59.1235_18.6878_1.6164
59.0995_19.1872_1.62329
59.0745_19.6865_1.6164
59.0505_20.1859_1.62329
59.0254_20.6852_1.6164
59.0015_21.1846_1.62329
58.9764_21.684_1.6164
58.9548_22.1834_1.60951
58.9343_22.683_1.6164
58.9103_23.1824_1.62329
58.8852_23.6817_1.6164
58.8636_24.1812_1.60951
58.8431_24.6807_1.6164
58.8192_25.1801_1.62329
58.7941_25.6795_1.6164
58.7724_26.179_1.60951
58.7497_26.6781_1.63017
58.7188_27.1771_1.63706
58.6869_27.6761_1.63017
58.6374_28.1604_1.7594
58.5259_28.6344_1.88862
58.3593_29.1011_1.96408
58.1611_29.5582_2.01223
57.9427_30.007_2.04664
57.7107_30.4495_2.0673
57.4716_30.8886_2.07419
57.2294_31.326_2.08108
56.9842_31.7617_2.08797
56.738_32.1968_2.08108
56.4948_32.6337_2.07419
56.2526_33.071_2.08108
56.0074_33.5067_2.08797
55.7612_33.9419_2.08108
55.5386_34.3778_1.96516
55.3571_34.8405_1.90333
55.1972_35.3139_1.88267
