configuration -4.52205276489_51.1520843506_-0.288179288681_0.957576470876_89.803527832_11.5547637939_-0.656431103106_0.754385980036
length 109.428
time 4.45688
roughness 2.13925e-05
-4.52205_51.1521_-0.58465
-4.10501_50.9008_-0.455424
-3.65906_50.7054_-0.326198
-3.19165_50.569_-0.196971
-2.70338_50.4843_-0.121513
-2.20794_50.4318_-0.0733712
-1.70938_50.3986_-0.0527094
-1.21023_50.3757_-0.0320477
-0.710489_50.3608_-0.0251585
-0.210656_50.3494_-0.0182692
0.289243_50.3414_-0.01138
0.78916_50.3346_-0.0182692
1.28906_50.3266_-0.01138
1.78898_50.3198_-0.0182692
2.28888_50.3118_-0.01138
2.78879_50.3049_-0.0182692
3.28869_50.2969_-0.01138
3.78861_50.2901_-0.0182692
4.28851_50.2821_-0.01138
4.78842_50.2753_-0.0182692
5.28832_50.2673_-0.01138
5.78824_50.2605_-0.0182692
6.28814_50.2525_-0.01138
6.78806_50.2456_-0.0182692
7.28796_50.2377_-0.01138
7.78787_50.2308_-0.0182692
8.28777_50.2228_-0.01138
8.78769_50.216_-0.0182692
9.28759_50.208_-0.01138
9.78751_50.2012_-0.0182692
10.2874_50.1932_-0.01138
10.7873_50.1863_-0.0182692
11.2872_50.1784_-0.01138
11.7871_50.1715_-0.0182692
12.287_50.1635_-0.01138
12.787_50.1567_-0.0182692
13.2869_50.1487_-0.01138
13.7868_50.1419_-0.0182692
14.2867_50.1339_-0.01138
14.7866_50.1271_-0.0182692
15.2865_50.1191_-0.01138
15.7864_50.1122_-0.0182692
16.2863_50.1042_-0.01138
16.7862_50.0974_-0.0182692
17.2861_50.0894_-0.01138
17.786_50.0826_-0.0182692
18.2859_50.0723_-0.0251585
18.7857_50.0609_-0.0182692
19.2856_50.0529_-0.01138
19.7855_50.0461_-0.0182692
20.2854_50.0358_-0.0251585
20.7852_50.0243_-0.0182692
21.2851_50.0164_-0.01138
21.785_50.0095_-0.0182692
22.2849_49.9992_-0.0251585
22.7847_49.9878_-0.0182692
23.2846_49.9798_-0.01138
23.7846_49.973_-0.0182692
24.2844_49.9627_-0.0251585
24.7842_49.9513_-0.0182692
25.2841_49.9433_-0.01138
25.7841_49.9365_-0.0182692
26.2839_49.9262_-0.0251585
26.7838_49.9147_-0.0182692
27.2837_49.9068_-0.01138
27.7836_49.8999_-0.0182692
28.2834_49.8896_-0.0251585
28.7833_49.8782_-0.0182692
29.2832_49.8702_-0.01138
29.7831_49.8634_-0.0182692
30.2829_49.8531_-0.0251585
30.7828_49.8417_-0.0182692
31.2827_49.8337_-0.01138
31.7826_49.8269_-0.0182692
32.2824_49.8166_-0.0251585
32.7823_49.8051_-0.0182692
33.2822_49.7972_-0.01138
33.7821_49.7903_-0.0182692
34.2819_49.78_-0.0251585
34.7818_49.7686_-0.0182692
35.2817_49.7606_-0.01138
35.7816_49.7538_-0.0182692
36.2815_49.7435_-0.0251585
36.7813_49.7321_-0.0182692
37.2812_49.7241_-0.01138
37.7811_49.7173_-0.0182692
38.281_49.707_-0.0251585
38.7808_49.6955_-0.0182692
39.2807_49.6876_-0.01138
39.7759_49.6695_-0.0868382
40.2715_49.6184_-0.13498
40.7668_49.5499_-0.14187
41.2454_49.4607_-0.271096
41.7086_49.3106_-0.400322
42.1485_49.102_-0.529548
42.5612_48.8388_-0.645469
42.9468_48.5303_-0.734494
43.3133_48.1915_-0.768911
43.67_47.8416_-0.789573
44.0174_47.4833_-0.823989
44.3562_47.1156_-0.830878
44.6941_46.7471_-0.823989
45.0329_46.3794_-0.830878
45.3708_46.011_-0.823989
45.7096_45.6433_-0.830878
46.0475_45.2748_-0.823989
46.3863_44.9071_-0.830878
46.7243_44.5387_-0.823989
47.063_44.171_-0.830878
47.401_43.8025_-0.823989
47.7398_43.4349_-0.830878
48.076_43.0648_-0.837768
48.4114_42.6941_-0.830878
48.7493_42.3256_-0.823989
49.0881_41.9579_-0.830878
49.4243_41.5879_-0.837768
49.758_41.2156_-0.844657
50.0909_40.8425_-0.837768
50.4317_40.4948_-0.708541
50.816_40.1847_-0.619516
51.2262_39.9019_-0.571374
51.649_39.6368_-0.536957
52.0792_39.3821_-0.530068
52.5112_39.1303_-0.523179
52.9448_38.8815_-0.51629
53.3802_38.6357_-0.5094
53.8172_38.3929_-0.502511
54.2548_38.1511_-0.5094
54.6919_37.9083_-0.502511
55.1295_37.6665_-0.5094
55.5665_37.4237_-0.502511
56.0041_37.1819_-0.5094
56.4412_36.939_-0.502511
56.8788_36.6972_-0.5094
57.3158_36.4544_-0.502511
57.7534_36.2126_-0.5094
58.1905_35.9698_-0.502511
58.6281_35.728_-0.5094
59.0651_35.4852_-0.502511
59.5027_35.2434_-0.5094
59.9398_35.0006_-0.502511
60.3774_34.7588_-0.5094
60.8144_34.516_-0.502511
61.252_34.2742_-0.5094
61.689_34.0314_-0.502511
62.1266_33.7896_-0.5094
62.5637_33.5468_-0.502511
63.0013_33.305_-0.5094
63.4383_33.0622_-0.502511
63.8759_32.8204_-0.5094
64.313_32.5776_-0.502511
64.7506_32.3358_-0.5094
65.1876_32.093_-0.502511
65.6252_31.8512_-0.5094
66.0623_31.6084_-0.502511
66.4999_31.3666_-0.5094
66.9358_31.1217_-0.51629
67.3712_30.8759_-0.5094
67.8082_30.6331_-0.502511
68.2458_30.3913_-0.5094
68.6817_30.1465_-0.51629
69.1171_29.9007_-0.5094
69.5541_29.6579_-0.502511
69.9918_29.4161_-0.5094
70.4277_29.1713_-0.51629
70.863_28.9255_-0.5094
71.3001_28.6827_-0.502511
71.7377_28.4409_-0.5094
72.1736_28.1961_-0.51629
72.609_27.9502_-0.5094
73.046_27.7074_-0.502511
73.4836_27.4656_-0.5094
73.9195_27.2208_-0.51629
74.3549_26.975_-0.5094
74.792_26.7322_-0.502511
75.2296_26.4904_-0.5094
75.6655_26.2456_-0.51629
76.1008_25.9998_-0.5094
76.5379_25.757_-0.502511
76.9755_25.5152_-0.5094
77.4114_25.2704_-0.51629
77.8468_25.0246_-0.5094
78.2838_24.7818_-0.502511
78.7214_24.54_-0.5094
79.1574_24.2951_-0.51629
79.5927_24.0493_-0.5094
80.0298_23.8065_-0.502511
80.4674_23.5647_-0.5094
80.9033_23.3199_-0.51629
81.3386_23.0741_-0.5094
81.7757_22.8313_-0.502511
82.2133_22.5895_-0.5094
82.6492_22.3447_-0.51629
83.0846_22.0989_-0.5094
83.5216_21.8561_-0.502511
83.9592_21.6143_-0.5094
84.3952_21.3694_-0.51629
84.8305_21.1236_-0.5094
85.257_20.8712_-0.584859
85.6699_20.5909_-0.619275
86.0764_20.2998_-0.626164
86.4585_19.998_-0.755391
86.7985_19.6495_-0.884617
87.0907_19.26_-1.01384
87.3364_18.834_-1.11636
87.5454_18.383_-1.17819
87.731_17.9198_-1.2126
87.903_17.4506_-1.23326
88.0674_16.9785_-1.24015
88.2287_16.5052_-1.24704
88.3866_16.0309_-1.25393
88.5413_15.5555_-1.26082
88.6927_15.079_-1.26771
88.8431_14.6021_-1.26082
88.9945_14.1257_-1.26771
89.1448_13.6488_-1.26082
89.2962_13.1723_-1.26771
89.4348_12.695_-1.32954
89.5485_12.209_-1.36395
89.6523_11.72_-1.35706
