configuration 46.8230323792_-26.2805175781_0.619899316938_0.784681360082_54.818611145_35.6322822571_0.774404309534_0.632691050494
length 67.3949
time 1.41027
roughness 8.16554e-05
46.823_-26.2805_1.33723
46.9514_-25.8037_1.2482
47.1169_-25.3338_1.20006
47.3031_-24.8707_1.16564
47.5032_-24.4128_1.14498
47.7107_-23.958_1.13809
47.9214_-23.5046_1.1312
48.1352_-23.0526_1.12432
48.3501_-22.6012_1.1312
48.5639_-22.1493_1.12432
48.7787_-21.6978_1.1312
48.9925_-21.2459_1.12432
49.2074_-20.7944_1.1312
49.4212_-20.3425_1.12432
49.636_-19.891_1.1312
49.8498_-19.4391_1.12432
50.0647_-18.9876_1.1312
50.2785_-18.5357_1.12432
50.4933_-18.0843_1.1312
50.7071_-17.6323_1.12432
50.922_-17.1809_1.1312
51.1358_-16.7289_1.12432
51.3506_-16.2775_1.1312
51.5644_-15.8255_1.12432
51.7793_-15.3741_1.1312
51.9931_-14.9222_1.12432
52.2079_-14.4707_1.1312
52.4197_-14.0178_1.13809
52.6304_-13.5644_1.1312
52.8421_-13.1115_1.13809
53.0273_-12.6612_1.26732
53.1557_-12.1888_1.38324
53.2383_-11.6987_1.44507
53.2929_-11.2035_1.49321
53.3282_-10.7051_1.51387
53.3532_-10.206_1.53453
53.3702_-9.70637_1.54142
53.3837_-9.20659_1.54831
53.3938_-8.70673_1.5552
53.4027_-8.20685_1.54831
53.4128_-7.70698_1.5552
53.4218_-7.2071_1.54831
53.4319_-6.70724_1.5552
53.4408_-6.20736_1.54831
53.4509_-5.70749_1.5552
53.4598_-5.20761_1.54831
53.4855_-4.71444_1.45929
53.5488_-4.22028_1.41114
53.6317_-3.72753_1.39048
53.7392_-3.25266_1.26126
53.907_-2.79561_1.13203
54.1324_-2.364_1.0028
54.4115_-1.96503_0.873577
54.7396_-1.59595_0.784552
55.0977_-1.24965_0.73641
55.4713_-0.918711_0.701993
55.855_-0.598688_0.681331
56.2453_-0.286662_0.66067
56.6408_0.0192315_0.65378
57.0383_0.322393_0.646891
57.438_0.622808_0.640002
57.8383_0.922305_0.646891
58.238_1.22272_0.640002
58.6158_1.52978_0.769228
58.9542_1.88342_0.885149
59.2635_2.27404_0.933291
59.5364_2.67723_1.06252
59.7552_3.11222_1.19174
59.916_3.57178_1.32097
60.0188_4.05034_1.43689
60.0727_4.54299_1.51235
60.0961_5.04152_1.54676
60.1047_5.54112_1.56743
60.1052_6.04108_1.57432
60.1023_6.54103_1.58121
60.096_7.04096_1.58809
60.0862_7.54082_1.59498
60.0729_8.04061_1.60187
60.0586_8.54037_1.59498
60.0453_9.04016_1.60187
60.0309_9.53991_1.59498
60.0177_10.0397_1.60187
60.0033_10.5395_1.59498
59.9901_11.0392_1.60187
59.9757_11.539_1.59498
59.9624_12.0388_1.60187
59.948_12.5385_1.59498
59.9348_13.0383_1.60187
59.9204_13.5381_1.59498
59.9072_14.0379_1.60187
59.8928_14.5376_1.59498
59.8796_15.0374_1.60187
59.8652_15.5372_1.59498
59.8519_16.037_1.60187
59.8375_16.5367_1.59498
59.8243_17.0365_1.60187
59.8099_17.5363_1.59498
59.7967_18.0361_1.60187
59.7823_18.5358_1.59498
59.7691_19.0356_1.60187
59.7547_19.5354_1.59498
59.7414_20.0351_1.60187
59.727_20.5349_1.59498
59.7138_21.0347_1.60187
59.6994_21.5344_1.59498
59.6862_22.0342_1.60187
59.6718_22.534_1.59498
59.6608_23.0338_1.58809
59.651_23.5337_1.59498
59.6378_24.0335_1.60187
59.6234_24.5332_1.59498
59.6125_25.0331_1.58809
59.6027_25.533_1.59498
59.5894_26.0327_1.60187
59.5751_26.5325_1.59498
59.5641_27.0323_1.58809
59.5612_27.5314_1.55368
59.5732_28.0309_1.53302
59.5932_28.5305_1.52613
59.5943_29.0174_1.65535
59.5327_29.5004_1.78458
59.4093_29.9714_1.91381
59.2263_30.4225_2.04303
58.9879_30.8527_2.14555
58.7092_31.2642_2.20737
58.4079_31.6621_2.24179
58.0931_32.0495_2.27621
57.7666_32.4276_2.29687
57.4338_32.8007_2.30376
57.0984_33.1715_2.31065
56.7605_33.54_2.31754
56.42_33.9062_2.32443
56.0788_34.2715_2.31754
55.7635_34.6426_2.18831
55.4986_35.0511_2.05909
55.2772_35.4945_1.98363
