configuration 72.6459350586_2.13817882538_-0.994211695618_0.107438839792_19.5581073761_50.1696281433_0.955633460234_0.294558465643
length 84.3729
time 4.85329
roughness 6.28341e-05
72.6459_2.13818_-2.9263
72.1641_2.05192_-3.04222
71.6686_2.01278_-3.10405
71.1705_2.00205_-3.15219
70.6709_2.01079_-3.17285
70.1712_2.02756_-3.17974
69.6717_2.04777_-3.18663
69.1723_2.07143_-3.19352
68.6731_2.09853_-3.20041
68.174_2.12906_-3.2073
67.6752_2.16303_-3.21419
67.1765_2.19815_-3.2073
66.6777_2.23212_-3.21419
66.179_2.26724_-3.2073
65.6802_2.30121_-3.21419
65.1814_2.33633_-3.2073
64.6825_2.36801_-3.20041
64.1834_2.39854_-3.2073
63.6882_2.44135_-3.26912
63.194_2.5105_-3.30354
62.7004_2.58998_-3.29665
62.2229_2.68549_-3.42588
61.7618_2.84173_-3.5551
61.3246_3.0561_-3.68433
60.9187_3.32501_-3.81356
60.5509_3.64398_-3.94278
60.2208_4.00856_-4.0453
59.9214_4.40528_-4.10712
59.6421_4.81893_-4.14154
59.375_5.24122_-4.1622
59.1146_5.668_-4.16909
58.8571_6.09657_-4.17598
58.6026_6.5269_-4.18287
58.3491_6.95781_-4.17598
58.0946_7.38814_-4.18287
57.841_7.81905_-4.17598
57.5865_8.24938_-4.18287
57.333_8.68029_-4.17598
57.0785_9.11062_-4.18287
56.8249_9.54154_-4.17598
56.5704_9.97187_-4.18287
56.3169_10.4028_-4.17598
56.0624_10.8331_-4.18287
55.8088_11.264_-4.17598
55.5543_11.6943_-4.18287
55.3008_12.1253_-4.17598
55.0443_12.5544_-4.16909
54.7799_12.9767_-4.12095
54.4985_13.3896_-4.10029
54.2188_13.8019_-4.14843
53.9413_14.202_-4.0192
53.6146_14.563_-3.88998
53.2441_14.8788_-3.76075
52.836_15.1444_-3.63153
52.3971_15.3551_-3.5023
51.9301_15.5157_-3.41327
51.4481_15.6417_-3.36513
50.9602_15.7467_-3.33072
50.4689_15.8396_-3.32383
49.977_15.9291_-3.31694
49.4845_16.0151_-3.31005
48.9914_16.0978_-3.30316
48.4978_16.1771_-3.29627
48.004_16.2553_-3.30316
47.5103_16.3346_-3.29627
47.0165_16.4127_-3.30316
46.5229_16.492_-3.29627
46.0291_16.5702_-3.30316
45.5354_16.6495_-3.29627
45.0416_16.7276_-3.30316
44.548_16.8069_-3.29627
44.0542_16.8851_-3.30316
43.5605_16.9644_-3.29627
43.0667_17.0425_-3.30316
42.5731_17.1218_-3.29627
42.0793_17.2_-3.30316
41.5856_17.2793_-3.29627
41.0918_17.3574_-3.30316
40.5982_17.4367_-3.29627
40.1044_17.5149_-3.30316
39.6107_17.5942_-3.29627
39.1169_17.6723_-3.30316
38.6233_17.7516_-3.29627
38.1295_17.8298_-3.30316
37.6358_17.9091_-3.29627
37.142_17.9873_-3.30316
36.6484_18.0665_-3.29627
36.1546_18.1447_-3.30316
35.6609_18.224_-3.29627
35.1671_18.3022_-3.30316
34.6735_18.3814_-3.29627
34.1797_18.4596_-3.30316
33.686_18.5389_-3.29627
33.1922_18.6171_-3.30316
32.6986_18.6964_-3.29627
32.2047_18.7745_-3.30316
31.7111_18.8538_-3.29627
31.2173_18.932_-3.30316
30.7237_19.0113_-3.29627
30.2298_19.0894_-3.30316
29.7369_19.1617_-3.25502
29.2404_19.2125_-3.2206
28.7421_19.2531_-3.22749
28.2592_19.3154_-3.35672
27.7884_19.4394_-3.48594
27.3374_19.623_-3.61517
26.9139_19.8632_-3.74439
26.5249_20.156_-3.87362
26.1769_20.4965_-4.00285
25.8756_20.879_-4.13207
25.6262_21.2971_-4.2613
25.4327_21.7439_-4.39052
25.2877_22.2178_-4.46598
25.1715_22.7032_-4.5004
25.0697_23.1924_-4.52106
24.9781_23.6836_-4.54172
24.8943_24.1765_-4.54861
24.8139_24.6699_-4.5555
24.737_25.1639_-4.56239
24.6634_25.6585_-4.56928
24.5909_26.1531_-4.56239
24.5174_26.6477_-4.56928
24.4449_27.1424_-4.56239
24.3713_27.6369_-4.56928
24.2989_28.1316_-4.56239
24.2253_28.6261_-4.56928
24.1529_29.1208_-4.56239
24.077_29.6149_-4.5555
24.0001_30.1089_-4.56239
23.9265_30.6035_-4.56928
23.854_31.0982_-4.56239
23.7782_31.5923_-4.5555
23.7012_32.0863_-4.56239
23.6276_32.5809_-4.56928
23.5552_33.0755_-4.56239
23.4793_33.5697_-4.5555
23.4024_34.0637_-4.56239
23.3288_34.5582_-4.56928
23.2563_35.0529_-4.56239
23.1805_35.5471_-4.5555
23.1035_36.0411_-4.56239
23.0299_36.5356_-4.56928
22.9575_37.0303_-4.56239
22.8816_37.5245_-4.5555
22.8002_38.0175_-4.53484
22.7107_38.5094_-4.52795
22.6248_39.001_-4.56237
22.5425_39.4924_-4.51422
22.4386_39.9805_-4.47981
22.3201_40.4659_-4.45915
22.1938_40.9497_-4.45226
22.064_41.4325_-4.44537
21.931_41.9144_-4.43848
21.7947_42.3955_-4.43159
21.6572_42.8762_-4.43848
21.5209_43.3572_-4.43159
21.3834_43.8379_-4.43848
21.2471_44.3189_-4.43159
21.1074_44.7989_-4.4247
20.9667_45.2787_-4.43159
20.8292_45.7594_-4.43848
20.6929_46.2404_-4.43159
20.5532_46.7205_-4.4247
20.4125_47.2002_-4.43159
20.275_47.6809_-4.43848
20.1387_48.1619_-4.43159
19.999_48.642_-4.4247
19.8412_49.1026_-4.29547
19.6254_49.539_-4.16625
19.3551_49.944_-4.03702
