configuration -4.52205276489_51.1520843506_-0.288179288681_0.957576470876_89.803527832_11.5547637939_-0.656431103106_0.754385980036
length 112.947
time 10.8703
roughness 1.45968e-05
-4.52205_51.1521_-0.58465
-4.10501_50.9008_-0.455424
-3.65906_50.7054_-0.326198
-3.19165_50.569_-0.196971
-2.70338_50.4843_-0.121513
-2.20794_50.4318_-0.0733712
-1.70938_50.3986_-0.0527094
-1.21023_50.3757_-0.0320477
-0.710489_50.3608_-0.0251585
-0.210656_50.3494_-0.0182692
0.289243_50.3414_-0.01138
0.78916_50.3346_-0.0182692
1.28906_50.3266_-0.01138
1.78898_50.3198_-0.0182692
2.28888_50.3118_-0.01138
2.78879_50.3049_-0.0182692
3.28869_50.2969_-0.01138
3.78863_50.2924_-0.00449082
4.28859_50.289_-0.01138
4.7885_50.2822_-0.0182692
5.2884_50.2742_-0.01138
5.78835_50.2696_-0.00449082
6.2883_50.2663_-0.01138
6.78821_50.2594_-0.0182692
7.28811_50.2514_-0.01138
7.78806_50.2469_-0.00449082
8.28801_50.2435_-0.01138
8.78792_50.2367_-0.0182692
9.28782_50.2287_-0.01138
9.78777_50.2241_-0.00449082
10.2877_50.2207_-0.01138
10.7876_50.2139_-0.0182692
11.2875_50.2059_-0.01138
11.7875_50.2014_-0.00449082
12.2874_50.198_-0.01138
12.7873_50.1911_-0.0182692
13.2872_50.1832_-0.01138
13.7872_50.1786_-0.00449082
14.2871_50.1752_-0.01138
14.7871_50.1684_-0.0182692
15.287_50.1604_-0.01138
15.7869_50.1559_-0.00449082
16.2869_50.1525_-0.01138
16.7868_50.1456_-0.0182692
17.2867_50.1376_-0.01138
17.7866_50.1331_-0.00449082
18.2866_50.1297_-0.01138
18.7865_50.1229_-0.0182692
19.2864_50.1149_-0.01138
19.7863_50.1103_-0.00449082
20.2863_50.1069_-0.01138
20.7862_50.1001_-0.0182692
21.2861_50.0921_-0.01138
21.786_50.0876_-0.00449082
22.286_50.0842_-0.01138
22.7859_50.0774_-0.0182692
23.2858_50.0694_-0.01138
23.7857_50.0648_-0.00449082
24.2857_50.0614_-0.01138
24.7856_50.0546_-0.0182692
25.2855_50.0466_-0.01138
25.7855_50.0421_-0.00449082
26.2854_50.0387_-0.01138
26.7853_50.0318_-0.0182692
27.2852_50.0239_-0.01138
27.7852_50.0193_-0.00449082
28.2851_50.0159_-0.01138
28.785_50.0091_-0.0182692
29.2849_50.0011_-0.01138
29.7849_49.9966_-0.00449082
30.2848_49.9932_-0.01138
30.7847_49.9863_-0.0182692
31.2846_49.9783_-0.01138
31.7846_49.9738_-0.00449082
32.2845_49.9704_-0.01138
32.7845_49.9636_-0.0182692
33.2844_49.9556_-0.01138
33.7843_49.951_-0.00449082
34.2842_49.9476_-0.01138
34.7842_49.9408_-0.0182692
35.2841_49.9328_-0.01138
35.784_49.9283_-0.00449082
36.284_49.9249_-0.01138
36.7839_49.918_-0.0182692
37.2838_49.9101_-0.01138
37.7837_49.9055_-0.00449082
38.2837_49.9021_-0.01138
38.7836_49.8953_-0.0182692
39.2835_49.8873_-0.01138
39.7834_49.8828_-0.00449082
40.2834_49.8794_-0.01138
40.7833_49.8725_-0.0182692
41.2832_49.8645_-0.01138
41.7831_49.86_-0.00449082
42.2831_49.8566_-0.01138
42.783_49.8498_-0.0182692
43.2829_49.8418_-0.01138
43.7828_49.8372_-0.00449082
44.2828_49.8339_-0.01138
44.7827_49.827_-0.0182692
45.2826_49.819_-0.01138
45.7826_49.8145_-0.00449082
46.2825_49.8111_-0.01138
46.7824_49.8043_-0.0182692
47.2823_49.7963_-0.01138
47.7823_49.7917_-0.00449082
48.2822_49.7883_-0.01138
48.7821_49.7815_-0.0182692
49.282_49.7735_-0.01138
49.782_49.769_-0.00449082
50.2819_49.7656_-0.01138
50.7818_49.7587_-0.0182692
51.2817_49.7508_-0.01138
51.7817_49.7462_-0.00449082
52.2816_49.7428_-0.01138
52.7816_49.736_-0.0182692
53.2815_49.728_-0.01138
53.7814_49.7235_-0.00449082
54.2814_49.7201_-0.01138
54.7813_49.7132_-0.0182692
55.2812_49.7052_-0.01138
55.7811_49.7007_-0.00449082
56.2811_49.6973_-0.01138
56.781_49.6905_-0.0182692
57.2798_49.6756_-0.0526859
57.7786_49.6459_-0.0733476
58.2773_49.6104_-0.0664584
58.7613_49.5575_-0.195685
59.2345_49.4427_-0.324911
59.6889_49.2678_-0.454137
60.117_49.0359_-0.583363
60.515_48.7509_-0.699284
60.8887_48.4232_-0.76111
61.2461_48.0749_-0.795527
61.5934_47.7156_-0.816189
61.9331_47.3492_-0.83685
62.2671_46.9772_-0.84374
62.5986_46.6029_-0.850629
62.9275_46.2263_-0.857518
63.2555_45.849_-0.850629
63.5843_45.4724_-0.857518
63.9123_45.0951_-0.850629
64.2412_44.7185_-0.857518
64.5692_44.3412_-0.850629
64.8981_43.9646_-0.857518
65.2261_43.5873_-0.850629
65.5549_43.2107_-0.857518
65.8829_42.8334_-0.850629
66.2118_42.4568_-0.857518
66.5398_42.0795_-0.850629
66.8687_41.7029_-0.857518
67.1967_41.3255_-0.850629
67.5255_40.949_-0.857518
67.8535_40.5716_-0.850629
68.1824_40.1951_-0.857518
68.5104_39.8177_-0.850629
68.8393_39.4412_-0.857518
69.1673_39.0638_-0.850629
69.4961_38.6872_-0.857518
69.8241_38.3099_-0.850629
70.153_37.9333_-0.857518
70.481_37.556_-0.850629
70.8099_37.1794_-0.857518
71.1379_36.8021_-0.850629
71.4668_36.4255_-0.857518
71.7948_36.0482_-0.850629
72.1236_35.6716_-0.857518
72.4516_35.2943_-0.850629
72.7805_34.9177_-0.857518
73.1085_34.5404_-0.850629
73.4374_34.1638_-0.857518
73.7654_33.7865_-0.850629
74.0942_33.4099_-0.857518
74.4222_33.0326_-0.850629
74.7511_32.656_-0.857518
75.0791_32.2787_-0.850629
75.408_31.9021_-0.857518
75.736_31.5248_-0.850629
76.0648_31.1482_-0.857518
76.3928_30.7708_-0.850629
76.7217_30.3943_-0.857518
77.0497_30.0169_-0.850629
77.3786_29.6404_-0.857518
77.7066_29.263_-0.850629
78.0354_28.8865_-0.857518
78.3634_28.5091_-0.850629
78.6923_28.1326_-0.857518
79.0203_27.7552_-0.850629
79.3492_27.3786_-0.857518
79.6772_27.0013_-0.850629
80.006_26.6247_-0.857518
80.3323_26.2459_-0.864407
80.6577_25.8663_-0.857518
80.9857_25.489_-0.850629
81.3146_25.1124_-0.857518
81.6408_24.7336_-0.864407
81.9662_24.354_-0.857518
82.2942_23.9767_-0.850629
82.6231_23.6001_-0.857518
82.9494_23.2213_-0.864407
83.2748_22.8417_-0.857518
83.6028_22.4644_-0.850629
83.9316_22.0878_-0.857518
84.2579_21.7089_-0.864407
84.5833_21.3294_-0.857518
84.9113_20.952_-0.850629
85.2402_20.5755_-0.857518
85.5664_20.1966_-0.864407
85.886_19.8133_-0.898824
86.1944_19.4201_-0.919486
86.4984_19.0232_-0.912596
86.7859_18.6242_-1.01511
87.0367_18.1967_-1.09057
87.2622_17.7515_-1.12499
87.4745_17.2992_-1.14565
87.6775_16.8426_-1.16631
87.8732_16.3825_-1.1732
88.0657_15.9211_-1.18009
88.255_15.4584_-1.18698
88.4412_14.9944_-1.19387
88.6263_14.5299_-1.18698
88.8124_14.0659_-1.19387
88.9954_13.6006_-1.20076
89.1773_13.1349_-1.19387
89.3454_12.6706_-1.28289
89.4792_12.1907_-1.33104
89.5991_11.7053_-1.32415
