configuration -17.6504554749_-22.9172973633_0.256229049699_0.256229049699_76.2194671631_43.7661514282_0.386216847154_0.922408015454
length 116.449
time 3.8733
roughness 1.34317e-05
-17.6505_-22.9173_0.150019
-17.1726_-22.8242_0.279245
-16.7021_-22.6742_0.36827
-16.2421_-22.4857_0.430097
-15.7909_-22.2725_0.464513
-15.3457_-22.0455_0.485175
-14.904_-21.8114_0.492064
-14.4639_-21.5741_0.498953
-14.0243_-21.3359_0.492064
-13.5842_-21.0987_0.498953
-13.1447_-20.8605_0.492064
-12.7046_-20.6233_0.498953
-12.265_-20.385_0.492064
-11.8249_-20.1478_0.498953
-11.3854_-19.9096_0.492064
-10.9453_-19.6724_0.498953
-10.5057_-19.4341_0.492064
-10.0656_-19.1969_0.498953
-9.62603_-18.9587_0.492064
-9.18593_-18.7215_0.498953
-8.74747_-18.4812_0.505843
-8.30957_-18.24_0.498953
-7.87001_-18.0018_0.492064
-7.4299_-17.7645_0.498953
-6.99144_-17.5243_0.505843
-6.55354_-17.283_0.498953
-6.11398_-17.0448_0.492064
-5.67388_-16.8076_0.498953
-5.23542_-16.5674_0.505843
-4.79751_-16.3261_0.498953
-4.35795_-16.0879_0.492064
-3.91785_-15.8507_0.498953
-3.47939_-15.6104_0.505843
-3.04148_-15.3692_0.498953
-2.60193_-15.1309_0.492064
-2.16182_-14.8937_0.498953
-1.72336_-14.6535_0.505843
-1.28546_-14.4122_0.498953
-0.845898_-14.174_0.492064
-0.405794_-13.9368_0.498953
0.0326653_-13.6965_0.505843
0.470572_-13.4553_0.498953
0.91013_-13.2171_0.492064
1.35023_-12.9799_0.498953
1.78869_-12.7396_0.505843
2.2266_-12.4984_0.498953
2.66616_-12.2601_0.492064
3.10626_-12.0229_0.498953
3.54472_-11.7827_0.505843
3.98263_-11.5414_0.498953
4.42218_-11.3032_0.492064
4.86229_-11.066_0.498953
5.30075_-10.8257_0.505843
5.73628_-10.6081_0.376617
6.19947_-10.4428_0.2741
6.68144_-10.3132_0.239683
7.14909_-10.1777_0.368909
7.59537_-9.98302_0.498135
8.01921_-9.73356_0.600652
8.42339_-9.44428_0.662479
8.81336_-9.13282_0.696895
9.19431_-8.80948_0.717557
9.57023_-8.47987_0.724446
9.94388_-8.14767_0.731335
10.3152_-7.81291_0.738225
10.6843_-7.4756_0.745114
11.0525_-7.13744_0.738225
11.4215_-6.80013_0.745114
11.7898_-6.46197_0.738225
12.1588_-6.12466_0.745114
12.5271_-5.7865_0.738225
12.8961_-5.44919_0.745114
13.2644_-5.11103_0.738225
13.6334_-4.77372_0.745114
14.0017_-4.43556_0.738225
14.3707_-4.09825_0.745114
14.7389_-3.76009_0.738225
15.108_-3.42278_0.745114
15.4762_-3.08462_0.738225
15.8453_-2.74731_0.745114
16.2135_-2.40915_0.738225
16.5826_-2.07184_0.745114
16.9508_-1.73368_0.738225
17.3198_-1.39637_0.745114
17.6881_-1.05821_0.738225
18.0571_-0.720902_0.745114
18.4254_-0.382743_0.738225
18.7944_-0.0454319_0.745114
19.1627_0.292726_0.738225
19.5317_0.630038_0.745114
19.9_0.968196_0.738225
20.269_1.30551_0.745114
20.6372_1.64367_0.738225
21.0063_1.98098_0.745114
21.3745_2.31914_0.738225
21.7436_2.65645_0.745114
22.1118_2.99461_0.738225
22.4809_3.33192_0.745114
22.8491_3.67008_0.738225
23.2181_4.00739_0.745114
23.5864_4.34554_0.738225
23.9554_4.68286_0.745114
24.3237_5.02101_0.738225
24.6927_5.35833_0.745114
25.061_5.69648_0.738225
25.43_6.0338_0.745114
25.7983_6.37195_0.738225
26.1673_6.70927_0.745114
26.5355_7.04742_0.738225
26.9046_7.38474_0.745114
27.2728_7.72289_0.738225
27.6419_8.06021_0.745114
28.0101_8.39836_0.738225
28.3792_8.73567_0.745114
28.7474_9.07383_0.738225
29.1164_9.41114_0.745114
29.4847_9.7493_0.738225
29.8537_10.0866_0.745114
30.222_10.4248_0.738225
30.591_10.7621_0.745114
30.9593_11.1002_0.738225
31.3283_11.4376_0.745114
31.6966_11.7757_0.738225
32.0656_12.113_0.745114
32.4338_12.4512_0.738225
32.8029_12.7885_0.745114
33.1711_13.1267_0.738225
33.5402_13.464_0.745114
33.9084_13.8021_0.738225
34.2775_14.1394_0.745114
34.6457_14.4776_0.738225
35.0147_14.8149_0.745114
35.383_15.1531_0.738225
35.752_15.4904_0.745114
36.1203_15.8285_0.738225
36.4909_16.1641_0.731335
36.8622_16.4989_0.738225
37.2312_16.8362_0.745114
37.5995_17.1744_0.738225
37.9701_17.51_0.731335
38.3414_17.8447_0.738225
38.7104_18.1821_0.745114
39.0787_18.5202_0.738225
39.4418_18.8614_0.786367
39.7903_19.2186_0.820783
40.1302_19.5852_0.827673
40.4614_19.9574_0.875815
40.7766_20.3444_0.910231
41.0805_20.7411_0.930893
41.3781_21.1428_0.937782
41.6729_21.5466_0.944672
41.965_21.9524_0.951561
42.2542_22.3602_0.95845
42.5425_22.7686_0.951561
42.8318_23.1764_0.95845
43.1201_23.5849_0.951561
43.4093_23.9927_0.95845
43.6976_24.4011_0.951561
43.9869_24.8089_0.95845
44.2752_25.2174_0.951561
44.5645_25.6252_0.95845
44.8509_26.035_0.965339
45.1438_26.4326_0.876314
45.4687_26.8102_0.828172
45.806_27.1793_0.835061
46.1477_27.5261_0.705835
46.5328_27.8352_0.616809
46.9441_28.1143_0.554983
47.3713_28.3724_0.520566
47.8056_28.6201_0.513677
48.2416_28.8648_0.506788
48.6793_29.1064_0.499899
49.1186_29.3451_0.493009
49.5596_29.5807_0.48612
50.0011_29.8153_0.493009
50.442_30.0509_0.48612
50.8835_30.2855_0.493009
51.3245_30.5211_0.48612
51.766_30.7557_0.493009
52.207_30.9913_0.48612
52.6485_31.2259_0.493009
53.0894_31.4615_0.48612
53.531_31.6961_0.493009
53.9719_31.9317_0.48612
54.4134_32.1663_0.493009
54.8544_32.4019_0.48612
55.2959_32.6365_0.493009
55.7369_32.8721_0.48612
56.1784_33.1067_0.493009
56.6193_33.3424_0.48612
57.0608_33.5769_0.493009
57.5018_33.8126_0.48612
57.9433_34.0472_0.493009
58.3843_34.2828_0.48612
58.8258_34.5174_0.493009
59.2668_34.753_0.48612
59.7083_34.9876_0.493009
60.1492_35.2232_0.48612
60.5907_35.4578_0.493009
61.0317_35.6934_0.48612
61.4732_35.928_0.493009
61.9142_36.1636_0.48612
62.3557_36.3982_0.493009
62.7966_36.6338_0.48612
63.2381_36.8684_0.493009
63.6791_37.104_0.48612
64.1206_37.3386_0.493009
64.5616_37.5742_0.48612
65.0031_37.8088_0.493009
65.4441_38.0444_0.48612
65.8856_38.279_0.493009
66.3265_38.5146_0.48612
66.768_38.7492_0.493009
67.209_38.9848_0.48612
67.6505_39.2194_0.493009
68.0915_39.455_0.48612
68.533_39.6896_0.493009
68.9739_39.9252_0.48612
69.4155_40.1598_0.493009
69.8564_40.3955_0.48612
70.2979_40.6301_0.493009
70.7389_40.8657_0.48612
71.1804_41.1003_0.493009
71.6214_41.3359_0.48612
72.0629_41.5705_0.493009
72.5038_41.8061_0.48612
72.9464_42.0386_0.479231
73.3895_42.2702_0.48612
73.831_42.5048_0.493009
74.272_42.7404_0.48612
74.7146_42.973_0.479231
75.14_43.2151_0.595152
75.5458_43.5021_0.656978
75.941_43.8084_0.663867
