configuration 72.6459350586_2.13817882538_-0.994211695618_0.107438839792_19.5581073761_50.1696281433_0.955633460234_0.294558465643
length 85.3922
time 3.70005
roughness 5.2084e-05
72.6459_2.13818_-2.9263
72.1663_2.05441_-3.05553
71.6733_2.02647_-3.14455
71.1751_2.03592_-3.19269
70.677_2.06713_-3.22711
70.1795_2.11323_-3.24777
69.6825_2.16736_-3.25466
69.1858_2.22491_-3.26155
68.6896_2.28588_-3.26844
68.1938_2.35027_-3.27533
67.6985_2.41807_-3.28222
67.2033_2.48701_-3.27533
66.7079_2.55481_-3.28222
66.2127_2.62375_-3.27533
65.7174_2.69155_-3.28222
65.2222_2.76049_-3.27533
64.7269_2.82829_-3.28222
64.2317_2.89723_-3.27533
63.7444_2.97746_-3.36435
63.2603_3.09529_-3.4125
62.7789_3.23019_-3.41939
62.3168_3.38343_-3.54861
61.8782_3.59495_-3.67784
61.4706_3.86123_-3.80706
61.1007_4.17781_-3.93629
60.7746_4.53942_-4.06552
60.4979_4.94003_-4.19474
60.2751_5.37296_-4.32397
60.11_5.83099_-4.45319
59.9975_6.31185_-4.54222
59.921_6.80415_-4.59036
59.866_7.30019_-4.62478
59.8257_7.79823_-4.64544
59.7934_8.29715_-4.65233
59.7645_8.79628_-4.65922
59.7391_9.29559_-4.66611
59.7148_9.79497_-4.65922
59.6894_10.2943_-4.66611
59.6651_10.7937_-4.65922
59.6397_11.293_-4.66611
59.6154_11.7923_-4.65922
59.59_12.2917_-4.66611
59.5657_12.791_-4.65922
59.5403_13.2904_-4.66611
59.516_13.7897_-4.65922
59.4906_14.289_-4.66611
59.4663_14.7884_-4.65922
59.4409_15.2877_-4.66611
59.4166_15.7871_-4.65922
59.3912_16.2864_-4.66611
59.3669_16.7858_-4.65922
59.3415_17.2851_-4.66611
59.3172_17.7845_-4.65922
59.2918_18.2838_-4.66611
59.2675_18.7832_-4.65922
59.2421_19.2825_-4.66611
59.2178_19.7819_-4.65922
59.1924_20.2812_-4.66611
59.1681_20.7806_-4.65922
59.1427_21.2799_-4.66611
59.1184_21.7792_-4.65922
59.093_22.2786_-4.66611
59.0687_22.7779_-4.65922
59.0433_23.2773_-4.66611
59.019_23.7766_-4.65922
58.9936_24.2759_-4.66611
58.9716_24.7754_-4.673
58.9507_25.275_-4.66611
58.9265_25.7743_-4.65922
58.901_26.2736_-4.66611
58.8617_26.7639_-4.56359
58.7799_27.2553_-4.51545
58.6832_27.7458_-4.52234
58.5711_28.2196_-4.39311
58.3988_28.675_-4.26389
58.1717_29.1135_-4.17486
57.9098_29.5373_-4.12672
57.6291_29.95_-4.0923
57.336_30.3547_-4.07164
57.0362_30.7548_-4.06475
56.7336_31.1528_-4.05786
56.4284_31.5488_-4.05097
56.1222_31.944_-4.05786
55.8169_32.3399_-4.05097
55.5107_32.7352_-4.05786
55.2054_33.1311_-4.05097
54.8992_33.5264_-4.05786
54.594_33.9223_-4.05097
54.2878_34.3175_-4.05786
53.9825_34.7135_-4.05097
53.6763_35.1087_-4.05786
53.371_35.5046_-4.05097
53.063_35.8985_-4.04408
52.7541_36.2916_-4.05097
52.4479_36.6868_-4.05786
52.1426_37.0828_-4.05097
51.8346_37.4766_-4.04408
51.5257_37.8697_-4.05097
51.2195_38.2649_-4.05786
50.9143_38.6609_-4.05097
50.6063_39.0547_-4.04408
50.2974_39.4478_-4.05097
49.9912_39.8431_-4.05786
49.6859_40.239_-4.05097
49.3779_40.6328_-4.04408
49.069_41.0259_-4.05097
48.7628_41.4212_-4.05786
48.4575_41.8171_-4.05097
48.1495_42.2109_-4.04408
47.8406_42.6041_-4.05097
47.5344_42.9993_-4.05786
47.2292_43.3952_-4.05097
46.9211_43.7891_-4.04408
46.6122_44.1822_-4.05097
46.3061_44.5774_-4.05786
46.0008_44.9734_-4.05097
45.6928_45.3672_-4.04408
45.3839_45.7603_-4.05097
45.0777_46.1555_-4.05786
44.7724_46.5515_-4.05097
44.4644_46.9453_-4.04408
44.1485_47.329_-3.98226
43.8126_47.699_-3.96159
43.4707_48.0638_-3.95471
43.1214_48.403_-3.82548
42.7313_48.6943_-3.69625
42.3069_48.933_-3.56703
41.8553_49.1149_-3.4378
41.3821_49.2399_-3.32188
40.8913_49.3189_-3.26005
40.3951_49.3722_-3.22564
39.8969_49.4107_-3.20498
39.3979_49.4413_-3.19809
38.8987_49.4683_-3.1912
38.3993_49.492_-3.18431
37.8997_49.5122_-3.17742
37.4001_49.5312_-3.18431
36.9006_49.5514_-3.17742
36.4009_49.5682_-3.17053
35.9012_49.5838_-3.17742
35.4016_49.6029_-3.18431
34.902_49.6231_-3.17742
34.4023_49.6398_-3.17053
33.9026_49.6554_-3.17742
33.403_49.6745_-3.18431
32.9034_49.6947_-3.17742
32.4038_49.7115_-3.17053
31.904_49.7271_-3.17742
31.4044_49.7461_-3.18431
30.9049_49.7663_-3.17742
30.4052_49.7831_-3.17053
29.9055_49.7987_-3.17742
29.4059_49.8178_-3.18431
28.9063_49.838_-3.17742
28.4066_49.8547_-3.17053
27.9069_49.8703_-3.17742
27.4073_49.8894_-3.18431
26.9078_49.9096_-3.17742
26.4081_49.9264_-3.17053
25.9084_49.942_-3.17742
25.4088_49.961_-3.18431
24.9092_49.9812_-3.17742
24.4095_49.998_-3.17053
23.9098_50.0136_-3.17742
23.4102_50.0327_-3.18431
22.9107_50.0529_-3.17742
22.411_50.0696_-3.17053
21.9113_50.0852_-3.17742
21.4117_50.1043_-3.18431
20.9265_50.1457_-3.31353
20.4508_50.2492_-3.44276
19.9837_50.4095_-3.53179
