configuration 46.8230323792_-26.2805175781_0.619899316938_0.784681360082_54.818611145_35.6322822571_0.774404309534_0.632691050494
length 67.8035
time 2.5223
roughness 9.00399e-05
46.823_-26.2805_1.33723
46.953_-25.8062_1.23471
47.1248_-25.3386_1.18657
47.3172_-24.878_1.15215
47.5234_-24.4229_1.13149
47.7371_-23.9709_1.1246
47.9539_-23.5204_1.11771
48.1738_-23.0714_1.11082
48.3968_-22.6239_1.10393
48.6228_-22.178_1.09705
48.8499_-21.7325_1.10393
49.0759_-21.2866_1.09705
49.303_-20.8412_1.10393
49.5291_-20.3952_1.09705
49.7561_-19.9498_1.10393
49.9822_-19.5039_1.09705
50.2093_-19.0584_1.10393
50.4353_-18.6125_1.09705
50.6624_-18.1671_1.10393
50.8864_-17.7201_1.11082
51.1094_-17.2726_1.10393
51.3354_-16.8267_1.09705
51.5625_-16.3813_1.10393
51.7865_-15.9343_1.11082
52.0095_-15.4868_1.10393
52.2355_-15.0408_1.09705
52.4626_-14.5954_1.10393
52.6866_-14.1485_1.11082
52.887_-13.7019_1.22674
53.045_-13.2306_1.28857
53.1808_-12.7498_1.30923
53.2934_-12.3448_1.28025
53.4183_-11.8692_1.38277
53.5012_-11.3791_1.44459
53.5583_-10.8833_1.47901
53.6007_-10.3854_1.49967
53.6328_-9.88677_1.52033
53.6568_-9.38738_1.52722
53.6775_-8.88785_1.53411
53.6947_-8.38818_1.541
53.7084_-7.8884_1.54789
53.721_-7.3886_1.541
53.7347_-6.88882_1.54789
53.7473_-6.38902_1.541
53.7611_-5.88925_1.54789
53.7737_-5.38944_1.541
53.7739_-4.89561_1.63003
53.7364_-4.39881_1.67817
53.684_-3.90161_1.67128
53.6557_-3.41554_1.54205
53.6903_-2.92988_1.41283
53.7872_-2.45273_1.2836
53.9448_-1.99204_1.15438
54.1604_-1.55551_1.02515
54.4305_-1.1504_0.895923
54.7506_-0.783476_0.766697
55.1158_-0.457584_0.650776
55.5175_-0.167319_0.575318
55.9398_0.0970281_0.527176
56.3733_0.345431_0.506514
56.8119_0.584823_0.485852
57.2553_0.815103_0.465191
57.7027_1.03836_0.458302
58.1516_1.25852_0.451412
58.5803_1.4893_0.580638
58.9757_1.7734_0.709865
59.3312_2.10608_0.839091
59.6409_2.48181_0.968317
59.8995_2.89431_1.09754
60.1029_3.3367_1.22677
60.2475_3.80161_1.356
60.3336_4.28347_1.47192
60.3701_4.7777_1.54737
60.3761_5.27675_1.58179
60.3672_5.77634_1.60245
60.3479_6.27564_1.62311
60.3206_6.77486_1.63
60.2899_7.27388_1.63689
60.258_7.77282_1.63
60.2273_8.27184_1.63689
60.1954_8.77079_1.63
60.1647_9.2698_1.63689
60.1328_9.76875_1.63
60.1021_10.2678_1.63689
60.0702_10.7667_1.63
60.0395_11.2657_1.63689
60.0076_11.7647_1.63
59.9769_12.2637_1.63689
59.945_12.7626_1.63
59.9142_13.2617_1.63689
59.8824_13.7606_1.63
59.8516_14.2596_1.63689
59.8198_14.7586_1.63
59.789_15.2576_1.63689
59.7572_15.7565_1.63
59.7264_16.2556_1.63689
59.6923_16.7543_1.64378
59.6569_17.2531_1.63689
59.6251_17.752_1.63
59.5943_18.251_1.63689
59.5602_18.7498_1.64378
59.5249_19.2485_1.63689
59.493_19.7475_1.63
59.4623_20.2465_1.63689
59.4281_20.7453_1.64378
59.3928_21.244_1.63689
59.3609_21.743_1.63
59.3302_22.242_1.63689
59.296_22.7408_1.64378
59.2607_23.2395_1.63689
59.2288_23.7384_1.63
59.1981_24.2374_1.63689
59.1639_24.7362_1.64378
59.1286_25.235_1.63689
59.0967_25.7339_1.63
59.066_26.2329_1.63689
59.0364_26.7317_1.61623
59.0149_27.2312_1.60934
58.9945_27.7308_1.61623
58.9517_28.2158_1.74546
58.8469_28.6912_1.87468
58.6839_29.1553_1.9772
58.4781_29.6077_2.03903
58.2478_30.0504_2.07344
58.0041_30.4866_2.0941
57.7514_30.9177_2.11477
57.4917_31.3449_2.12166
57.229_31.7703_2.12855
56.9634_32.1939_2.13543
56.6968_32.6169_2.12855
56.4332_33.0417_2.12166
56.1705_33.4671_2.12855
55.9049_33.8907_2.13543
55.6384_34.3136_2.12855
55.3984_34.7373_1.99932
55.2038_35.1931_1.92386
55.0299_35.6618_1.93075
