configuration 46.8230323792_-26.2805175781_0.619899316938_0.784681360082_54.818611145_35.6322822571_0.774404309534_0.632691050494
length 81.8932
time 40.9455
roughness 0.000244922
46.823_-26.2805_1.33723
46.9306_-25.7941_1.38537
47.0193_-25.3023_1.40603
47.0979_-24.8089_1.42669
47.1685_-24.3139_1.43358
47.2358_-23.8185_1.44047
47.3194_-23.3389_1.31125
47.4642_-22.874_1.18202
47.6677_-22.4317_1.05279
47.9261_-22.016_0.936874
48.2296_-21.6241_0.861416
48.5621_-21.2685_0.732189
48.9377_-20.9586_0.602963
49.35_-20.6997_0.473737
49.795_-20.4903_0.37122
50.2618_-20.3196_0.309394
50.7189_-20.1518_0.43862
51.1505_-19.9265_0.567846
51.5495_-19.6475_0.697072
51.9093_-19.3194_0.826298
52.2237_-18.9477_0.955524
52.4876_-18.5385_1.08475
52.6966_-18.0988_1.21398
52.8472_-17.6357_1.3432
52.9394_-17.155_1.45912
52.9846_-16.66_1.52095
53.0084_-16.1606_1.52784
53.0287_-15.6611_1.53473
53.0456_-15.1614_1.54162
53.0613_-14.6617_1.53473
53.0782_-14.162_1.54162
53.0718_-13.6752_1.67084
53.0026_-13.1932_1.80007
52.8763_-12.7158_1.8891
52.7111_-12.247_1.95092
52.5206_-11.7857_1.98534
52.3436_-11.3322_1.85611
52.2264_-10.8596_1.72689
52.1641_-10.3697_1.63786
52.141_-9.87319_1.57603
52.1441_-9.37411_1.54162
52.1376_-8.88727_1.67084
52.0758_-8.39556_1.7463
51.983_-7.90517_1.78072
51.8756_-7.4172_1.80138
51.758_-6.93155_1.82204
51.6171_-6.4655_1.95127
51.4173_-6.0215_2.08049
51.1619_-5.60694_2.20972
50.8559_-5.21937_2.29875
50.5185_-4.8528_2.34689
50.1623_-4.51071_2.43591
49.7775_-4.19619_2.49774
49.3749_-3.9012_2.53216
48.9643_-3.61596_2.53905
48.5517_-3.33355_2.54594
48.1375_-3.07771_2.67516
47.6937_-2.87738_2.80439
47.2278_-2.73591_2.93361
46.7476_-2.65565_3.06284
46.261_-2.63795_3.19207
45.7741_-2.64189_3.06284
45.2908_-2.58305_2.93361
44.8191_-2.46241_2.80439
44.3669_-2.282_2.67516
43.9417_-2.04481_2.54594
43.5506_-1.7548_2.41671
43.2001_-1.41682_2.28748
42.8961_-1.03648_2.15826
42.6437_-0.620146_2.02903
42.447_-0.174751_1.8998
42.2703_0.278944_2.02903
42.0366_0.706084_2.15826
41.7498_1.09955_2.28748
41.4147_1.45277_2.41671
41.0369_1.75987_2.54594
40.627_2.0446_2.51152
40.2253_2.34178_2.49086
39.8282_2.64555_2.48397
39.4332_2.95206_2.47708
39.0389_3.25947_2.48397
38.6665_3.57314_2.35474
38.3377_3.93218_2.22552
38.0578_4.33061_2.09629
37.8316_4.76178_1.96706
37.6629_5.2185_1.83784
37.5545_5.69316_1.70861
37.5081_6.17783_1.57938
37.5245_6.66444_1.45016
37.6035_7.14488_1.32093
37.7438_7.61112_1.19171
37.9412_8.06159_1.08919
38.1816_8.49492_1.01373
38.4518_8.91353_0.965589
38.7389_9.32248_0.944928
39.0344_9.72542_0.924266
39.3439_10.1013_0.79504
39.6993_10.4341_0.665814
40.0946_10.7183_0.536587
40.5245_10.9523_0.420667
40.9818_11.1433_0.345208
41.4326_11.3274_0.474435
41.8622_11.5667_0.576951
42.2731_11.8463_0.638778
42.6704_12.1485_0.673195
43.0589_12.4627_0.693856
43.4196_12.7896_0.823082
43.7353_13.1604_0.952309
44.0124_13.5712_1.02777
44.2654_14.0014_1.06218
44.5057_14.4395_1.08285
44.7243_14.8823_1.17187
44.9104_15.3445_1.22001
45.0789_15.8149_1.24067
45.2376_16.2887_1.26134
45.3888_16.7652_1.26823
45.514_17.2357_1.39745
45.5776_17.7184_1.52668
45.5785_18.2053_1.6559
45.5166_18.6883_1.78513
45.3929_19.1592_1.91436
45.2096_19.6103_2.04358
44.9698_20.034_2.17281
44.6773_20.4232_2.30203
44.3371_20.7715_2.43126
43.9533_21.0824_2.52029
43.5698_21.3823_2.39106
43.2281_21.7292_2.26183
42.934_22.1172_2.13261
42.6923_22.5399_2.00338
42.5071_22.9902_1.87416
42.3815_23.4606_1.74493
42.3175_23.9432_1.6157
42.3163_24.4301_1.48648
42.3778_24.9131_1.35725
42.5011_25.3842_1.22802
42.684_25.8354_1.0988
42.9236_26.2593_0.969572
43.2157_26.6487_0.840346
43.5555_27.0095_0.764888
43.9204_27.3487_0.716746
44.3005_27.6722_0.682329
44.6904_27.9846_0.661668
45.0856_28.2909_0.654778
45.4828_28.5945_0.647889
45.8822_28.8953_0.641
46.2822_29.1952_0.647889
46.6816_29.496_0.641
47.0816_29.7959_0.647889
47.4809_30.0967_0.641
47.881_30.3966_0.647889
48.2803_30.6974_0.641
48.6803_30.9973_0.647889
49.0797_31.2981_0.641
49.4797_31.598_0.647889
49.8791_31.8988_0.641
50.2791_32.1987_0.647889
50.6784_32.4995_0.641
51.0785_32.7994_0.647889
51.4764_33.1021_0.654778
51.8737_33.4056_0.647889
52.2491_33.7157_0.777115
52.5814_34.0715_0.906341
52.8652_34.4672_1.03557
53.0955_34.8961_1.16479
53.2687_35.3512_1.29402
53.3204_35.5231_1.24641
53.495_35.9776_1.11718
