configuration 46.8230323792_-26.2805175781_0.619899316938_0.784681360082_54.818611145_35.6322822571_0.774404309534_0.632691050494
length 125.536
time 3.74778
roughness 0.000148151
46.823_-26.2805_1.33723
46.9557_-25.812_1.208
47.1476_-25.3646_1.07878
47.3951_-24.9423_0.962856
47.6874_-24.5402_0.901029
48.0017_-24.1525_0.866613
48.3323_-23.7952_0.737386
48.7063_-23.4834_0.60816
49.1173_-23.2224_0.478934
49.5627_-23.005_0.403476
50.024_-22.8168_0.355334
50.4938_-22.651_0.307192
50.9712_-22.5055_0.272775
51.4533_-22.3742_0.252113
51.938_-22.2529_0.231452
52.4249_-22.1393_0.224562
52.9059_-22.0486_0.108642
53.401_-22.0049_0.0468151
53.8998_-21.9873_0.0123984
54.3995_-21.9845_-0.00826331
54.8991_-21.9921_-0.0289251
55.3929_-21.9918_0.0601004
55.8797_-21.9832_-0.0691258
56.3636_-22.0374_-0.198352
56.8364_-22.1535_-0.327578
57.1725_-22.2795_-0.422797
57.6245_-22.4603_-0.293571
58.0962_-22.5813_-0.164345
58.5794_-22.6405_-0.0351189
59.0663_-22.637_0.0941072
59.5487_-22.5707_0.223333
60.0185_-22.4429_0.352559
60.4679_-22.2555_0.481786
60.8894_-22.0118_0.611012
61.276_-21.7158_0.740238
61.6212_-21.3725_0.869464
61.9193_-20.9876_0.99869
62.1654_-20.5674_1.12792
62.3638_-20.1152_1.21694
62.5289_-19.6451_1.26508
62.6736_-19.1675_1.2995
62.8019_-18.6852_1.33392
62.9158_-18.1987_1.35458
63.0219_-17.7101_1.36147
63.1247_-17.2208_1.36836
63.2241_-16.7308_1.37525
63.3388_-16.2576_1.24602
63.5136_-15.8032_1.11679
63.7455_-15.3751_0.987568
64.0306_-14.9804_0.858342
64.3642_-14.6258_0.729116
64.7408_-14.3171_0.59989
65.1539_-14.0595_0.470664
65.5968_-13.8573_0.341437
66.0621_-13.7138_0.212211
66.5491_-13.6216_0.136753
67.0338_-13.5757_0.00752706
67.523_-13.5907_-0.108394
68.0159_-13.6546_-0.17022
68.5068_-13.7448_-0.204637
68.9953_-13.8497_-0.225299
69.4732_-13.9742_-0.314324
69.9445_-14.1358_-0.362466
70.4091_-14.3181_-0.396883
70.8686_-14.5144_-0.417545
71.3251_-14.7182_-0.424434
71.7823_-14.9185_-0.390017
72.2457_-15.1053_-0.369355
72.7124_-15.2847_-0.362466
73.1803_-15.4609_-0.355577
73.6493_-15.6339_-0.348688
74.1136_-15.7807_-0.219462
74.5928_-15.8664_-0.0902356
75.0792_-15.8897_0.0389906
75.5697_-15.8539_0.141507
76.0602_-15.7737_0.203334
76.5408_-15.6957_0.0741078
77.0274_-15.6803_-0.0551184
77.512_-15.7277_-0.184344
77.9865_-15.8371_-0.313571
78.4428_-16.0068_-0.442797
78.8912_-16.1966_-0.313571
79.3603_-16.327_-0.184344
79.8423_-16.3959_-0.0551184
80.3291_-16.4021_0.0741078
80.8127_-16.3455_0.203334
81.285_-16.2271_0.33256
81.7381_-16.0487_0.461786
82.1644_-15.8135_0.591012
82.5568_-15.5254_0.720238
82.9153_-15.1887_0.822755
83.231_-14.818_0.951981
83.4964_-14.4098_1.08121
83.7129_-13.9682_1.18372
83.891_-13.5042_1.24555
84.0451_-13.0295_1.27997
84.2043_-12.5694_1.15074
84.4215_-12.1336_1.02152
84.6928_-11.7262_0.905594
85.0076_-11.3415_0.843768
85.3446_-10.9746_0.795626
85.6703_-10.6127_0.924852
85.9467_-10.2118_1.05408
86.169_-9.77871_1.1833
86.3338_-9.32052_1.31253
86.438_-8.84493_1.44176
86.4802_-8.35987_1.57098
86.4595_-7.87342_1.70021
86.3795_-7.38816_1.80273
86.2554_-6.90688_1.86455
86.1054_-6.43086_1.89897
85.9411_-5.95898_1.91963
85.7671_-5.49059_1.94029
85.5855_-5.02478_1.94718
85.4006_-4.56024_1.95407
85.2126_-4.09698_1.96096
85.0114_-3.64599_2.04998
84.7746_-3.20763_2.09813
84.5202_-2.77758_2.11879
84.257_-2.35288_2.13945
83.9868_-1.93222_2.14634
83.7393_-1.5129_2.01711
83.548_-1.0652_1.88789
83.4159_-0.596562_1.75866
83.3453_-0.114814_1.62944
83.3374_0.372012_1.50021
83.3923_0.855798_1.37098
83.5091_1.32848_1.24176
83.6858_1.78217_1.11253
83.9195_2.2093_0.983305
84.2063_2.60275_0.854079
84.5415_2.96537_0.765053
84.9064_3.30462_0.716911
85.2863_3.62821_0.682494
85.675_3.94266_0.675605
86.0659_4.25443_0.668716
86.4604_4.53983_0.53949
86.8883_4.77202_0.410264
87.3426_4.94712_0.281038
87.8178_5.06484_0.165117
88.3085_5.13404_0.0896587
88.7911_5.19815_0.218885
89.2615_5.32392_0.348111
89.7117_5.50926_0.477337
90.1343_5.75107_0.606563
90.5222_6.04532_0.735789
90.869_6.38711_0.865015
91.1688_6.77074_0.994242
91.4167_7.1898_1.12347
91.6085_7.63731_1.25269
91.7411_8.10582_1.38192
91.8219_8.59476_1.45738
91.8727_9.09125_1.49179
91.9087_9.58962_1.51246
91.9344_10.0886_1.53312
91.9521_10.5883_1.54001
91.9465_11.0751_1.66923
91.8798_11.5601_1.78515
91.7623_12.0415_1.86061
91.6123_12.5166_1.90875
91.4434_12.9869_1.92942
91.292_13.4496_1.80019
91.1914_13.9349_1.72473
91.1205_14.4289_1.69032
91.0644_14.9254_1.66965
91.0185_15.423_1.64899
90.9617_15.9091_1.76491
90.8539_16.3929_1.84037
90.7136_16.8709_1.88851
90.5542_17.3445_1.90917
90.3851_17.8146_1.92984
90.2151_18.2839_1.89542
90.059_18.7585_1.87476
89.9104_19.2359_1.86787
89.7652_19.7143_1.86098
89.6232_20.1937_1.85409
89.4675_20.655_1.98332
89.2535_21.0924_2.11254
88.985_21.4985_2.24177
88.6664_21.8667_2.37099
88.303_22.1908_2.50022
87.9009_22.4653_2.62945
87.4667_22.6857_2.75867
87.0078_22.8483_2.8879
86.5317_22.9504_3.01713
86.0465_22.9903_3.14635
85.5599_23.0086_3.01713
85.0798_23.0895_2.8879
84.6141_23.2316_2.75867
84.1592_23.4282_2.68322
83.716_23.6557_2.63507
83.3006_23.9098_2.50585
82.9215_24.2152_2.37662
82.5848_24.567_2.24739
82.2963_24.9592_2.11817
82.0608_25.3853_1.98894
81.8512_25.8373_2.03708
81.6235_26.2821_2.05775
81.3885_26.7234_2.06464
81.1505_27.1631_2.07152
80.9095_27.6011_2.07841
80.6554_28.0195_2.19433
80.3561_28.4144_2.26979
80.0306_28.7928_2.30421
79.6936_29.1617_2.32487
79.349_29.5235_2.34553
78.994_29.8567_2.47476
78.5989_30.1414_2.60399
78.1705_30.3727_2.73321
77.7117_30.5554_2.82224
77.2363_30.7042_2.87038
76.754_30.8348_2.89104
76.2691_30.9553_2.9117
75.782_31.0681_2.91859
75.2942_31.1776_2.92548
74.8056_31.2837_2.93237
74.3168_31.3886_2.92548
73.8282_31.4947_2.93237
73.3394_31.5997_2.92548
72.8508_31.7058_2.93237
72.362_31.8107_2.92548
71.8734_31.9168_2.93237
71.3846_32.0218_2.92548
70.896_32.1279_2.93237
70.4072_32.2328_2.92548
69.9186_32.3389_2.93237
69.4298_32.4439_2.92548
68.9412_32.55_2.93237
68.4524_32.655_2.92548
67.9638_32.761_2.93237
67.475_32.866_2.92548
66.9864_32.9721_2.93237
66.4976_33.0771_2.92548
66.009_33.1831_2.93237
65.5202_33.2881_2.92548
65.0316_33.3942_2.93237
64.5515_33.475_3.0616
64.0649_33.4934_3.19082
63.5801_33.4488_3.32005
63.105_33.3422_3.44927
62.639_33.1788_3.5383
62.1823_33.0099_3.40907
61.7077_32.9012_3.27985
61.2231_32.8546_3.15062
60.7364_32.8708_3.0214
60.256_32.9497_2.89217
59.7812_33.0856_2.80314
59.3159_33.2602_2.74132
58.8585_33.4599_2.7069
58.4067_33.6735_2.68624
57.9595_33.8963_2.66558
57.5366_34.1376_2.53635
57.1483_34.4313_2.40713
56.8011_34.7726_2.2779
56.5007_35.1559_2.14867
56.2523_35.5746_2.01945
