configuration -3.08480739594_22.5642471313_-0.424155304833_0.905589464041_28.1138801575_4.40596151352_-0.254607913402_0.967044368389
length 46.3018
time 1.68932
roughness 0.00040324
-3.08481_22.5642_-0.876058
-2.75754_22.2038_-0.746832
-2.38654_21.8884_-0.617606
-1.97569_21.6145_-0.52858
-1.54142_21.3727_-0.466754
-1.09318_21.1532_-0.432337
-0.637652_20.9493_-0.39792
-0.176132_20.7687_-0.322462
0.29901_20.616_-0.288046
1.19637_20.2627_-0.219799
1.68456_20.1548_-0.212909
2.17347_20.0503_-0.20602
2.6631_19.9491_-0.199131
3.15341_19.8513_-0.192242
3.64394_19.7547_-0.199131
4.13425_19.6569_-0.192242
4.61793_19.5818_-0.076321
5.1142_19.5541_-0.0144945
5.98826_19.2849_0.133719
6.4836_19.3527_0.140608
6.97847_19.4239_0.147497
7.47317_19.4963_0.140608
7.96836_19.5652_0.133719
8.4637_19.633_0.140608
8.95857_19.7042_0.147497
9.44278_19.7553_0.0182711
9.93216_19.7455_-0.0976497
10.7867_19.9653_-0.327032
11.254_19.8285_-0.197805
11.7351_19.7532_-0.0685793
12.2218_19.7404_0.0606468
12.7061_19.7905_0.189873
13.1799_19.9026_0.319099
13.1799_19.9026_0.319099
13.6353_20.0748_0.448325
14.0711_20.3028_0.550842
14.4891_20.5716_0.612669
14.8921_20.8646_0.660811
15.2826_21.1754_0.695227
15.6641_21.4981_0.715889
16.0446_21.8018_0.586663
16.4638_22.0629_0.497638
17.0132_22.7695_0.319099
17.4815_22.9025_0.189873
17.9631_22.9741_0.0606468
18.45_22.983_-0.0685793
18.9339_22.9291_-0.197805
19.4068_22.8132_-0.327032
19.4068_22.8132_-0.327032
19.8608_22.6374_-0.456258
20.2884_22.4046_-0.585484
20.6824_22.1186_-0.71471
21.0363_21.7842_-0.843936
21.3535_21.4056_-0.932961
21.6385_21.0002_-1.00842
21.8894_20.5749_-1.09744
22.1094_20.1279_-1.14559
22.4742_19.2612_-1.21334
22.6577_18.7993_-1.15151
22.8678_18.3476_-1.10337
23.096_17.903_-1.08271
23.3333_17.4633_-1.06205
23.5779_17.0273_-1.05516
23.8254_16.5929_-1.04827
24.086_16.1816_-0.919042
24.3956_15.7927_-0.857216
24.8034_14.9684_-0.722108
25.1548_14.6314_-0.851334
25.4599_14.2519_-0.98056
25.7135_13.8363_-1.10979
25.9114_13.3914_-1.23901
26.0558_12.9213_-1.34153
26.0558_12.9213_-1.34153
26.1864_12.4523_-1.2123
26.3744_11.9978_-1.10979
26.6046_11.5573_-1.04796
26.8603_11.1297_-0.999818
27.1348_10.7129_-0.965401
27.422_10.304_-0.944739
27.6903_9.89773_-1.07397
27.9128_9.45686_-1.16299
28.5673_8.84629_-1.34153
28.6577_8.36787_-1.47076
28.6858_7.88179_-1.59998
28.651_7.39615_-1.72921
28.5587_6.91101_-1.81823
28.4271_6.43171_-1.88006
28.2698_5.95807_-1.91448
28.0865_5.50702_-2.0437
27.8487_5.0742_-2.13273
27.5027_4.22544_-2.29671
