configuration 72.6459350586_2.13817882538_-0.994211695618_0.107438839792_19.5581073761_50.1696281433_0.955633460234_0.294558465643
length 127.853
time 7.95386
roughness 0.000133774
72.6459_2.13818_-2.9263
72.1663_2.05441_-3.05553
71.6799_2.03315_-3.18475
71.1948_2.07476_-3.31398
70.7191_2.17853_-3.4432
70.2607_2.34274_-3.57243
69.8054_2.53837_-3.49697
69.3355_2.70666_-3.46256
68.8603_2.86102_-3.44189
68.3824_3.00782_-3.435
67.9034_3.15132_-3.42812
67.431_3.26901_-3.29889
66.9473_3.32483_-3.16966
66.4517_3.32634_-3.0942
65.9535_3.29699_-3.05979
65.4558_3.25273_-3.03913
64.9711_3.18413_-2.92321
64.4902_3.06469_-2.84775
64.0142_2.91467_-2.81333
63.5423_2.75033_-2.79267
63.0739_2.57627_-2.77201
62.6129_2.41979_-2.90123
62.1355_2.32403_-3.03046
61.6497_2.29058_-3.15969
61.163_2.27875_-3.03046
61.0866_2.26971_-3.01006
60.6071_2.18545_-2.88083
60.1424_2.0401_-2.7516
59.7003_1.83607_-2.62238
59.2882_1.57678_-2.49315
58.9129_1.26655_-2.36392
58.5613_0.912326_-2.32951
58.2201_0.547346_-2.30885
57.8845_0.176711_-2.30196
57.5515_-0.196227_-2.29507
57.2211_-0.571451_-2.28818
56.8858_-0.924442_-2.4174
56.5077_-1.23128_-2.54663
56.0933_-1.48683_-2.67586
55.6494_-1.68685_-2.80508
55.1834_-1.828_-2.93431
54.6961_-1.91783_-3.00977
54.2012_-1.9754_-3.05791
53.703_-2.01373_-3.07857
53.2039_-2.04407_-3.08546
52.7047_-2.07098_-3.09235
52.2089_-2.10563_-3.03052
51.7135_-2.16663_-2.99611
51.2197_-2.24247_-2.97544
50.7268_-2.32629_-2.96856
50.2345_-2.4135_-2.96167
49.7493_-2.51436_-2.88621
49.2693_-2.64792_-2.83807
48.7948_-2.80254_-2.80365
48.3235_-2.96938_-2.79676
47.8533_-3.13947_-2.78987
47.4038_-3.32643_-2.66064
46.982_-3.56976_-2.53142
46.5952_-3.86542_-2.40219
46.2497_-4.20846_-2.27297
45.9512_-4.59316_-2.14374
45.6702_-4.99075_-2.27297
45.3402_-5.3488_-2.40219
44.9669_-5.66135_-2.53142
44.5545_-5.92936_-2.63394
44.1153_-6.16455_-2.68208
43.6654_-6.3758_-2.7439
43.2031_-6.5638_-2.77832
42.7348_-6.73813_-2.79898
42.2636_-6.90501_-2.80587
41.7911_-7.06864_-2.81276
41.3241_-7.2062_-2.94199
40.8432_-7.28244_-3.07121
40.3565_-7.29606_-3.20044
39.8721_-7.24685_-3.32967
39.3981_-7.13563_-3.45889
38.9273_-6.97263_-3.50703
38.4618_-6.79086_-3.5277
38.0003_-6.59951_-3.54836
37.5416_-6.40065_-3.55525
37.0842_-6.19864_-3.56214
36.6317_-6.01888_-3.43291
36.1598_-5.89892_-3.30368
35.6764_-5.84078_-3.17446
35.1896_-5.84542_-3.04523
34.7074_-5.91276_-2.91601
34.2286_-6.00146_-3.04523
33.7424_-6.02773_-3.17446
33.2569_-5.99112_-3.30368
32.7802_-5.89225_-3.43291
32.3201_-5.73277_-3.56214
31.8813_-5.51604_-3.67806
31.4594_-5.25328_-3.73988
31.0502_-4.96748_-3.7743
30.6493_-4.66924_-3.79496
30.253_-4.36442_-3.80185
29.8561_-4.08236_-3.67262
29.4262_-3.8538_-3.5434
28.9704_-3.68255_-3.41417
28.4964_-3.57146_-3.28495
28.012_-3.52239_-3.15572
27.5259_-3.49488_-3.28495
27.0474_-3.40497_-3.41417
26.5844_-3.25413_-3.5434
26.1448_-3.0449_-3.67262
25.7358_-2.78076_-3.80185
25.3472_-2.46894_-3.84999
24.972_-2.1399_-3.88441
24.6062_-1.79941_-3.90507
24.2459_-1.45289_-3.91196
23.8879_-1.10389_-3.91885
23.7767_-0.997469_-3.87804
23.7194_-0.946179_-3.85764
23.6806_-0.912686_-3.84403
23.6609_-0.896161_-3.83723
23.6412_-0.87977_-3.83043
23.2788_-0.554632_-3.95966
22.9613_-0.185501_-4.08888
22.694_0.221467_-4.21811
22.4814_0.659486_-4.34734
22.327_1.12125_-4.47656
22.2334_1.59906_-4.60579
22.2_2.0874_-4.72171
22.2148_2.58421_-4.78354
22.256_3.0816_-4.81795
22.312_3.57811_-4.83861
22.3598_4.06963_-4.74959
22.3703_4.56773_-4.70145
22.3614_5.06732_-4.68078
22.3445_5.567_-4.6739
22.3241_6.06654_-4.66701
22.3002_6.56594_-4.66012
22.273_7.06516_-4.65323
22.2423_7.56418_-4.64634
22.2104_8.06312_-4.65323
22.1797_8.56214_-4.64634
22.1479_9.06109_-4.65323
22.1171_9.56011_-4.64634
22.0853_10.0591_-4.65323
22.0546_10.5581_-4.64634
22.0227_11.057_-4.65323
21.992_11.556_-4.64634
21.9602_12.055_-4.65323
21.9295_12.554_-4.64634
21.8976_13.053_-4.65323
21.8669_13.552_-4.64634
21.8351_14.0509_-4.65323
21.8043_14.5499_-4.64634
21.7725_15.0489_-4.65323
21.7418_15.5479_-4.64634
21.7099_16.0469_-4.65323
21.6792_16.5459_-4.64634
21.6474_17.0448_-4.65323
21.6167_17.5438_-4.64634
21.5848_18.0428_-4.65323
21.5541_18.5418_-4.64634
21.5177_19.0402_-4.62568
21.471_19.5376_-4.60502
21.4163_20.0346_-4.59813
21.3581_20.5312_-4.59124
21.2966_21.0273_-4.58435
21.214_21.5072_-4.45512
21.0703_21.9724_-4.3259
20.8678_22.4152_-4.19667
20.6099_22.8282_-4.06744
20.301_23.2045_-3.93822
19.9462_23.5379_-3.80899
19.5513_23.8228_-3.67976
19.1231_24.0544_-3.55054
18.6685_24.2289_-3.42131
18.1953_24.3434_-3.29209
17.7112_24.3959_-3.16286
17.2244_24.3856_-3.03363
16.743_24.3127_-2.90441
16.2692_24.181_-2.80189
15.8041_24.0058_-2.74006
15.3482_23.8347_-2.86929
14.8741_23.7237_-2.99852
14.3897_23.6748_-3.12774
13.903_23.6887_-3.25697
13.4222_23.7652_-3.3862
12.9552_23.903_-3.51542
12.5099_24.0999_-3.64465
12.0936_24.3525_-3.77387
11.707_24.6564_-3.87639
11.3451_24.9971_-3.93822
10.9903_25.3305_-3.80899
10.5954_25.6154_-3.67976
10.1672_25.847_-3.55054
9.71261_26.0215_-3.42131
9.23937_26.136_-3.29209
8.76151_26.2293_-3.42131
8.29966_26.3834_-3.55054
7.86153_26.5958_-3.67976
7.45441_26.8629_-3.80899
7.0851_27.1801_-3.93822
6.75337_27.5432_-4.04073
6.45212_27.9386_-4.10256
6.17099_28.3509_-4.13698
5.90197_28.772_-4.15764
5.6396_29.1976_-4.16453
5.40384_29.6236_-4.29375
5.21924_30.0794_-4.39627
5.07445_30.5549_-4.4581
4.95444_31.0394_-4.49251
4.84882_31.5277_-4.51318
4.74657_32.0168_-4.49251
4.6364_32.5045_-4.48562
4.52288_32.9914_-4.47874
4.406_33.4775_-4.47185
4.28578_33.9628_-4.46496
4.16222_34.4473_-4.45807
4.03533_34.9309_-4.45118
3.9051_35.4136_-4.44429
3.77156_35.8954_-4.4374
3.63469_36.3762_-4.43051
3.5192_36.8492_-4.55974
3.46563_37.3332_-4.68896
3.47486_37.82_-4.81819
3.54675_38.3015_-4.94742
3.68009_38.7698_-5.07664
3.845_39.2371_-5.00118
3.98165_39.7171_-4.96677
4.10406_40.2016_-4.94611
4.21643_40.6885_-4.92544
4.32102_41.1774_-4.91855
4.4408_41.6493_-5.04778
4.62039_42.1018_-5.17701
4.85681_42.5275_-5.30623
5.14611_42.9191_-5.43546
5.48346_43.2702_-5.56468
5.83607_43.6059_-5.43546
6.14248_43.9843_-5.30623
6.39758_44.399_-5.17701
6.5971_44.8432_-5.04778
6.73773_45.3093_-4.91855
6.85751_45.7812_-5.04778
7.0371_46.2338_-5.17701
7.27352_46.6594_-5.30623
7.56281_47.051_-5.43546
7.90016_47.4021_-5.56468
8.27995_47.7068_-5.69391
8.69582_47.96_-5.82314
9.14239_48.1604_-5.93906
9.61295_48.3159_-6.01452
10.0956_48.4429_-6.04893
10.5824_48.5555_-6.06959
11.0715_48.6581_-6.09026
11.5624_48.7528_-6.09715
12.0539_48.8441_-6.10403
12.5461_48.9321_-6.11092
13.0384_49.0189_-6.10403
13.5306_49.1069_-6.11092
14.023_49.1937_-6.10403
14.5151_49.2817_-6.11092
15.0075_49.3685_-6.10403
15.4997_49.4565_-6.11092
15.992_49.5433_-6.10403
16.4842_49.6313_-6.11092
16.9766_49.7181_-6.10403
17.4687_49.806_-6.11092
17.9611_49.8929_-6.10403
18.4361_49.9999_-5.97481
18.8933_50.1672_-5.84558
19.3252_50.392_-5.71636
19.4539_50.4763_-5.67555
