configuration -4.52205276489_51.1520843506_-0.288179288681_0.957576470876_89.803527832_11.5547637939_-0.656431103106_0.754385980036
length 134.274
time 300
roughness 0.00011577
-4.52205_51.1521_-0.58465
-4.10225_50.8838_-0.536508
-3.67103_50.6314_-0.515846
-3.23469_50.3879_-0.495184
-2.79342_50.1535_-0.474522
-2.34817_49.9261_-0.467633
-1.90137_49.7017_-0.460744
-1.45229_49.4827_-0.440082
-0.998772_49.2729_-0.419421
-0.112316_48.8263_-0.391999
0.329355_48.6214_-0.521225
0.747321_48.3622_-0.623742
1.14221_48.0628_-0.6992
1.51834_47.7361_-0.747342
1.8805_47.3927_-0.781759
2.23267_47.0382_-0.80242
2.55591_46.6741_-0.931647
2.83269_46.2704_-1.04757
3.46552_45.6358_-1.25114
3.63798_45.1805_-1.12191
3.86627_44.7449_-1.01939
4.1353_44.327_-0.957566
4.42851_43.9242_-0.909423
4.73954_43.5339_-0.875007
5.06246_43.1526_-0.854345
5.36636_42.7721_-0.983571
5.62774_42.3532_-1.0726
6.33464_41.8042_-1.25114
6.46791_41.3359_-1.38036
6.54707_40.8484_-1.46939
6.58722_40.353_-1.53121
6.60125_39.8541_-1.56563
6.6004_39.3545_-1.58629
6.58921_38.8549_-1.60695
6.59225_38.368_-1.47773
6.6526_37.8779_-1.3887
6.45336_37.0071_-1.19737
6.62766_36.5404_-1.24551
6.78408_36.0659_-1.26617
6.93067_35.5882_-1.28683
7.06964_35.1079_-1.29372
7.20529_34.6267_-1.30061
7.33763_34.1446_-1.3075
7.48416_33.6803_-1.17827
7.68851_33.2355_-1.06235
7.78655_32.3535_-0.845386
8.12472_32.0032_-0.71616
8.50662_31.6901_-0.627135
8.91465_31.4043_-0.578993
9.3355_31.136_-0.544576
9.76466_30.8801_-0.523914
10.199_30.6331_-0.503253
10.6244_30.3823_-0.592278
11.0333_30.0976_-0.64042
11.9059_29.775_-0.737086
12.2799_29.4633_-0.607859
12.6937_29.1905_-0.532401
13.1266_28.9421_-0.497985
13.5672_28.7065_-0.477323
14.0126_28.48_-0.456661
14.0126_28.48_-0.456661
14.4625_28.2628_-0.435999
14.9162_28.0527_-0.42911
15.3713_27.8457_-0.422221
15.8279_27.6419_-0.415332
16.2858_27.4412_-0.408443
16.7451_27.2436_-0.401553
17.1848_27.0345_-0.530779
17.5971_26.7708_-0.6467
18.4446_26.5239_-0.876481
18.7717_26.1633_-0.747255
19.1437_25.8385_-0.658229
19.543_25.5425_-0.596403
19.9591_25.267_-0.561986
20.3838_25.0036_-0.541324
20.8138_24.7491_-0.520663
21.2255_24.4892_-0.649889
21.6097_24.179_-0.738914
22.4542_23.8879_-0.930249
22.7455_23.4838_-0.978391
23.0194_23.0666_-1.01281
23.2811_22.6409_-1.03347
23.536_22.2108_-1.04036
23.7879_21.7789_-1.04725
24.0369_21.3454_-1.05414
24.2947_20.9293_-0.938216
24.5968_20.5346_-0.87639
24.9167_19.7451_-0.741429
25.2615_19.4013_-0.870655
25.5655_19.0147_-0.973172
25.8367_18.5982_-1.035
26.0841_18.1658_-1.08314
26.3129_17.7222_-1.11756
26.5286_17.2715_-1.13822
26.7512_16.8385_-1.00899
27.0265_16.4285_-0.919968
27.238_15.5588_-0.741429
27.595_15.2151_-0.816887
27.9302_14.8465_-0.865029
28.2495_14.4629_-0.899446
28.5596_14.0707_-0.906335
28.867_13.6764_-0.913224
28.867_13.6764_-0.913224
29.1796_13.2919_-0.837766
29.5189_12.927_-0.789624
29.8743_12.5767_-0.755208
30.2405_12.2367_-0.734546
30.6136_11.9044_-0.713884
30.9935_11.5798_-0.693222
31.3809_11.2848_-0.563996
31.8042_11.0391_-0.448075
32.4475_10.4281_-0.232654
32.9278_10.3335_-0.116733
33.4225_10.2858_-0.0549064
33.9211_10.2641_-0.0204897
34.4207_10.2573_0.00017203
34.9207_10.2585_0.00706124
34.9207_10.2585_0.00706124
35.4176_10.2722_0.0688878
35.914_10.3145_0.11703
36.4098_10.3763_0.137692
36.9043_10.4482_0.158353
37.3978_10.5282_0.165243
37.8908_10.6116_0.172132
38.3722_10.7122_0.274649
38.8495_10.8549_0.322791
39.7747_10.9754_0.430443
40.2254_11.1596_0.301217
40.7011_11.2922_0.212192
41.1891_11.3869_0.150365
41.6834_11.456_0.115948
42.1797_11.508_0.0815318
42.678_11.5453_0.0608701
43.1648_11.5543_-0.0683561
43.6515_11.5022_-0.184277
44.5376_11.5898_-0.401068
44.9936_11.4189_-0.271842
45.4677_11.3082_-0.142615
45.9521_11.2595_-0.0133893
46.4388_11.2736_0.115837
46.9274_11.3451_0.204862
47.4119_11.4562_0.266689
47.8842_11.6003_0.355714
48.3484_11.7813_0.403856
49.2497_12.1839_0.472426
49.3876_12.2521_0.431618
49.3876_12.2521_0.431618
49.4577_12.2838_0.411214
49.4577_12.2838_0.411214
49.6922_12.3869_0.3432
50.164_12.547_0.295058
50.6432_12.6867_0.260641
51.1268_12.8121_0.239979
51.6127_12.9298_0.23309
52.0994_13.0442_0.226201
52.5689_13.1734_0.355427
53.0239_13.36_0.457944
53.9102_13.4275_0.661344
54.3068_13.71_0.532118
54.7395_13.9479_0.443093
55.1928_14.1518_0.381266
55.6582_14.3297_0.333124
56.1317_14.4875_0.298708
56.6102_14.6313_0.278046
57.0723_14.7846_0.407272
57.5198_14.9935_0.496297
58.4095_15.0813_0.688054
58.7722_15.4061_0.81728
59.0963_15.776_0.919797
59.3867_16.1776_0.995255
59.6511_16.5998_1.0434
59.8973_17.034_1.07781
60.1308_17.4757_1.09848
60.3699_17.9028_0.982555
60.6542_18.3106_0.920728
60.9405_19.1681_0.782163
61.2711_19.5256_0.911389
61.562_19.9247_1.00041
61.8217_20.3484_1.06224
62.0573_20.7874_1.11038
62.2739_21.2371_1.1448
62.4773_21.6935_1.16546
62.688_22.1324_1.03624
62.9511_22.5524_0.960777
63.1522_23.4275_0.782163
63.5118_23.7557_0.652937
63.9123_24.0411_0.55042
64.3412_24.2923_0.488593
64.7848_24.5191_0.440451
65.2387_24.7267_0.406034
65.6991_24.9209_0.385373
66.1421_25.1229_0.514599
66.5646_25.3785_0.603624
67.4433_25.5487_0.782163
67.8029_25.877_0.652937
68.2019_26.1561_0.52371
68.6358_26.3875_0.421194
69.0935_26.5813_0.359367
69.5627_26.7515_0.324951
69.5627_26.7515_0.324951
70.0258_26.9229_0.413976
70.4787_27.1306_0.462118
70.9228_27.3582_0.496535
71.3605_27.5992_0.517196
71.7931_27.8493_0.537858
72.2219_28.1064_0.544747
72.6486_28.3408_0.415521
73.1051_28.524_0.313005
73.7819_29.1023_0.0952891
74.2681_29.1281_-0.033937
74.7536_29.0909_-0.163163
74.7536_29.0909_-0.163163
75.2302_28.9916_-0.292389
75.6987_28.8353_-0.381415
76.1986_28.5772_-0.503728
76.2857_28.523_-0.571742
76.6837_28.2424_-0.700968
76.6837_28.2424_-0.700968
76.7227_28.2092_-0.714571
76.7227_28.2092_-0.714571
77.0888_27.8752_-0.790029
77.4338_27.5157_-0.838171
77.923_26.9336_-0.886184
78.2451_26.5551_-0.824357
78.5882_26.1926_-0.789941
78.9424_25.8401_-0.769279
79.3037_25.495_-0.748617
79.6708_25.1556_-0.741728
80.0402_24.8187_-0.734839
80.4149_24.5078_-0.605613
80.8277_24.2447_-0.489692
81.4211_23.5814_-0.274499
81.8949_23.4694_-0.145273
82.3837_23.4148_-0.0427566
82.8806_23.4037_0.01907
83.3785_23.4212_0.0672121
83.876_23.4604_0.101629
84.3728_23.5145_0.122291
84.8581_23.5534_-0.00693561
85.3516_23.5354_-0.095961
86.2023_23.8138_-0.274499
86.6649_23.6621_-0.403726
87.1041_23.452_-0.532952
87.5127_23.1871_-0.662178
87.8836_22.8717_-0.791404
88.2108_22.5112_-0.92063
88.2108_22.5112_-0.92063
88.4889_22.1115_-1.04986
88.7131_21.6793_-1.17908
88.8797_21.2218_-1.30831
88.9963_20.7402_-1.38377
89.0811_20.2492_-1.43191
89.0811_20.2492_-1.43191
89.1469_19.7539_-1.45257
89.2024_19.2573_-1.47323
89.2499_18.7596_-1.48012
89.2941_18.2616_-1.48701
89.3348_17.7633_-1.4939
89.3348_17.7633_-1.4939
89.372_17.2647_-1.50079
89.4081_16.7661_-1.4939
89.4454_16.2675_-1.50079
89.5188_15.2703_-1.50079
89.5549_14.7716_-1.4939
89.5945_14.2732_-1.48701
89.6374_13.7751_-1.48012
89.7108_12.7781_-1.48013
