configuration -4.52205276489_51.1520843506_-0.288179288681_0.957576470876_89.803527832_11.5547637939_-0.656431103106_0.754385980036
length 131.13
time 38.7656
roughness 0.000129031
-4.52205_51.1521_-0.58465
-4.10273_50.8814_-0.550233
-3.67503_50.6231_-0.529571
-3.24297_50.3715_-0.522682
-2.80918_50.1229_-0.515793
-2.37483_49.8753_-0.522682
-2.37483_49.8753_-0.522682
-1.9422_49.6248_-0.529571
-1.5113_49.3712_-0.536461
-1.08098_49.1167_-0.529571
-0.650084_48.8631_-0.536461
-0.219768_48.6086_-0.529571
0.211131_48.355_-0.536461
0.643373_48.1073_-0.488319
1.08678_47.8782_-0.453902
1.90811_47.3545_-0.399615
2.34821_47.1462_-0.528841
2.76419_46.8839_-0.631358
3.1593_46.5823_-0.693185
3.53738_46.2579_-0.741327
3.90161_45.9167_-0.775744
4.25591_45.5643_-0.796405
4.61082_45.231_-0.667179
5.00759_44.937_-0.578154
5.49838_44.1885_-0.399615
5.95959_44.0072_-0.324157
6.43433_43.8561_-0.276015
6.91605_43.7256_-0.241598
7.40202_43.6094_-0.220937
7.89029_43.5032_-0.200275
8.38049_43.4049_-0.193386
8.86184_43.3317_-0.0641596
9.35116_43.3189_0.0517612
10.2055_43.0992_0.280961
10.6672_43.2539_0.410187
11.105_43.4668_0.539414
11.5118_43.7344_0.66864
11.7094_43.8978_0.736653
11.7848_43.9674_0.763859
11.7848_43.9674_0.763859
12.15_44.3062_0.715717
12.5304_44.6293_0.6813
12.9207_44.9413_0.660638
13.3174_45.2235_0.531412
13.7503_45.4611_0.442387
14.1453_45.8179_0.280961
14.607_45.9726_0.410187
15.0448_46.1855_0.539414
15.4516_46.4531_0.66864
15.8205_46.7709_0.797866
16.1454_47.1335_0.927092
16.1454_47.1335_0.927092
16.4209_47.535_1.05632
16.6453_47.97_1.17224
16.8261_48.4314_1.2477
16.9767_48.9063_1.29584
17.1067_49.3882_1.33026
17.1067_49.3882_1.33026
17.24_49.8616_1.22774
17.4167_50.3261_1.16591
17.6203_50.7808_1.11777
17.8439_51.227_1.08335
18.0809_51.6669_1.06269
18.3252_52.1031_1.0558
18.58_52.5282_0.980345
18.8626_52.9396_0.945928
19.3277_53.7822_0.863673
19.6594_54.1387_0.734447
20.0343_54.4493_0.605221
20.4461_54.7091_0.475995
20.4461_54.7091_0.475995
20.8879_54.9137_0.346768
21.3524_55.0596_0.217542
21.836_55.1495_0.115026
22.3308_55.1964_0.053199
22.8286_55.2149_0.00505687
22.8286_55.2149_0.00505687
23.3222_55.2319_0.0940823
23.816_55.2888_0.155909
24.3068_55.374_0.204051
24.7954_55.4786_0.224713
25.2817_55.5933_0.245374
25.7656_55.718_0.266036
26.2404_55.826_0.13681
26.7296_55.8766_0.0342933
27.5455_56.2405_-0.183627
28.0335_56.1647_-0.094602
28.5301_56.1256_-0.0464598
29.0289_56.1081_-0.0120432
29.5286_56.1055_0.00861856
30.0285_56.111_0.0155078
30.0285_56.111_0.0155078
30.5252_56.1289_0.0773343
31.0213_56.1753_0.125476
31.5157_56.2435_0.159893
32.0084_56.3264_0.180555
32.5_56.4173_0.187444
32.991_56.5116_0.194333
33.4723_56.5853_0.0651071
33.9639_56.6007_-0.0374096
34.7997_56.9141_-0.254495
35.2812_56.7829_-0.288911
35.7592_56.6372_-0.309573
36.235_56.4838_-0.316462
36.7098_56.3271_-0.323351
37.1835_56.1672_-0.330241
37.1835_56.1672_-0.330241
37.6569_56.0157_-0.268414
38.1396_55.8889_-0.233997
38.6264_55.7787_-0.199581
39.1168_55.683_-0.178919
39.609_55.5952_-0.17203
40.1017_55.5107_-0.165141
40.5782_55.4104_-0.294367
41.0409_55.2506_-0.410288
41.9285_55.231_-0.627723
42.3344_54.962_-0.498497
42.7749_54.7387_-0.409472
43.2348_54.5503_-0.347645
43.7059_54.3856_-0.313229
44.1824_54.2349_-0.292567
44.6618_54.0941_-0.271905
45.1379_53.9807_-0.155984
45.6304_53.9136_-0.0941579
46.5198_53.6527_0.0286239
47.0196_53.6658_0.0217347
47.5195_53.6755_0.0148455
48.0194_53.6818_0.00795631
49.0192_53.6932_0.00795631
49.5189_53.6937_-0.0127054
50.0185_53.684_-0.0333672
50.5181_53.6661_-0.0402564
51.0176_53.6449_-0.0471456
51.517_53.6202_-0.0540348
52.0162_53.592_-0.060924
52.5058_53.5455_-0.163441
52.996_53.4565_-0.211583
53.9302_53.4808_-0.318994
54.4023_53.3188_-0.353411
54.8699_53.1427_-0.374073
55.3337_52.9569_-0.394734
55.7936_52.7616_-0.415396
56.2506_52.5588_-0.422285
56.7062_52.3528_-0.429175
57.1399_52.1316_-0.558401
57.5449_51.8566_-0.674322
58.3862_51.5756_-0.889379
58.7086_51.2107_-0.760153
59.0763_50.8841_-0.657636
59.4758_50.5884_-0.595809
59.8926_50.3155_-0.547667
60.3216_50.0605_-0.513251
60.7586_49.8182_-0.492589
61.1775_49.57_-0.621815
61.5702_49.2706_-0.71084
62.4257_49.0073_-0.889379
62.7479_48.6331_-0.800353
63.1005_48.2812_-0.752211
63.4688_47.9444_-0.717795
63.8475_47.6183_-0.697133
64.2328_47.3002_-0.676471
64.6245_46.9901_-0.655809
64.9975_46.6771_-0.785036
65.3303_46.3181_-0.900956
66.1066_45.8857_-1.11923
66.3375_45.457_-0.990002
66.6216_45.0616_-0.860776
66.9544_44.7062_-0.73155
67.3301_44.3965_-0.602323
67.7427_44.1379_-0.473097
67.7427_44.1379_-0.473097
68.1851_43.9347_-0.343871
68.6534_43.7846_-0.241354
69.1384_43.6758_-0.179528
69.63_43.5947_-0.131386
70.1255_43.5349_-0.0969691
70.6231_43.49_-0.0763074
71.1066_43.4323_-0.205533
71.5868_43.3174_-0.294559
72.4757_43.4225_-0.473097
72.4757_43.4225_-0.473097
72.922_43.1979_-0.452436
73.3722_42.9803_-0.445546
73.8238_42.7659_-0.438657
74.277_42.5546_-0.431768
74.7315_42.3464_-0.424879
75.1875_42.1414_-0.41799
75.6375_41.9303_-0.479816
76.0776_41.6949_-0.514233
76.985_41.3601_-0.582129
77.3987_41.0809_-0.616546
77.8043_40.7892_-0.637207
78.2055_40.4909_-0.644097
78.6046_40.1897_-0.650986
79.0016_39.8858_-0.657875
79.3965_39.5792_-0.664764
79.7921_39.2954_-0.535538
80.2223_39.0619_-0.419617
80.8288_38.4127_-0.203117
81.3011_38.2944_-0.332344
81.7542_38.1162_-0.46157
82.1805_37.8811_-0.590796
82.5731_37.593_-0.720022
82.9252_37.2567_-0.849248
82.9252_37.2567_-0.849248
83.231_36.8778_-0.978474
83.4855_36.4627_-1.1077
83.6843_36.0183_-1.23693
83.8242_35.552_-1.36615
83.9029_35.0715_-1.49538
83.9029_35.0715_-1.49538
83.919_34.5848_-1.6246
83.8722_34.1002_-1.75383
83.7634_33.6256_-1.88306
83.5994_33.158_-1.95852
83.4036_32.6998_-2.00666
83.4036_32.6998_-2.00666
83.217_32.2501_-1.87743
83.0898_31.7801_-1.74821
83.0243_31.2977_-1.61898
83.0214_30.8108_-1.48975
83.0814_30.3276_-1.36053
83.0814_30.3276_-1.36053
83.2031_29.8562_-1.2313
83.3825_29.3983_-1.12878
83.6043_28.9534_-1.06696
83.8502_28.5192_-1.03254
84.1093_28.0919_-1.01188
84.1093_28.0919_-1.01188
84.3847_27.6904_-0.882653
84.7096_27.3278_-0.753427
85.0795_27.0037_-0.65091
85.4811_26.7133_-0.575452
85.9005_26.4659_-0.446226
85.9005_26.4659_-0.446226
86.3304_26.2374_-0.575452
86.7273_25.9553_-0.704678
87.0845_25.6245_-0.833904
87.3961_25.2504_-0.96313
87.6569_24.8392_-1.09236
87.6569_24.8392_-1.09236
87.8933_24.4007_-1.04421
88.1343_23.9659_-1.10604
88.3551_23.5177_-1.1267
88.9621_22.8263_-1.21478
89.1509_22.3776_-1.08555
89.3961_21.9569_-0.956329
89.6934_21.5713_-0.827103
90.0379_21.2273_-0.697876
90.4239_20.9305_-0.56865
90.4239_20.9305_-0.56865
90.8227_20.6512_-0.697876
91.1822_20.3228_-0.827103
91.4963_19.9508_-0.956329
91.7599_19.5414_-1.08555
91.9685_19.1015_-1.21478
91.9685_19.1015_-1.21478
92.1187_18.6383_-1.34401
92.208_18.1597_-1.47323
92.2349_17.6736_-1.60246
92.1988_17.188_-1.73169
92.1037_16.7055_-1.8342
92.1037_16.7055_-1.8342
91.9627_16.2304_-1.90966
91.7896_15.7632_-1.9578
91.5978_15.3018_-1.97846
91.3966_14.8445_-1.99913
91.1879_14.3902_-2.00602
91.1879_14.3902_-2.00602
90.9781_13.9363_-1.99913
90.7863_13.4813_-1.9101
90.6281_13.0089_-1.86196
90.2109_12.1228_-1.76823
