configuration -3.08480739594_22.5642471313_-0.424155304833_0.905589464041_28.1138801575_4.40596151352_-0.254607913402_0.967044368389
length 46.375
time 0.83051
roughness 0.000414394
-3.08481_22.5642_-0.876058
-2.75754_22.2038_-0.746832
-2.38654_21.8884_-0.617606
-1.978_21.6236_-0.488379
-1.53874_21.4135_-0.359153
-1.07057_21.251_-0.283695
-1.07057_21.251_-0.283695
-0.590266_21.1122_-0.276806
-0.109022_20.9767_-0.269917
0.373144_20.8444_-0.263028
0.856209_20.7156_-0.256138
1.34015_20.59_-0.249249
1.82438_20.4656_-0.256138
2.30678_20.352_-0.18068
2.79874_20.268_-0.146264
3.71545_19.9847_-0.065309
4.21198_19.9624_-0.00348243
4.71105_19.9664_0.0309342
5.20969_19.9876_0.0653509
5.70806_20.0236_0.0860126
6.20607_20.0677_0.0929018
6.70377_20.1153_0.099791
7.18986_20.1432_-0.0294351
7.67823_20.1101_-0.145356
8.5401_20.3236_-0.362792
9.00221_20.1702_-0.233566
9.48023_20.0777_-0.104339
9.96619_20.0476_0.0248866
10.452_20.0803_0.154113
10.9295_20.1754_0.283339
10.9295_20.1754_0.283339
11.3908_20.3312_0.412565
11.8344_20.5435_0.515082
12.2618_20.7972_0.576908
12.675_21.0756_0.62505
13.0763_21.3722_0.659467
13.4691_21.6811_0.680129
13.8603_21.971_0.550903
14.2885_22.217_0.461877
14.8628_22.9034_0.283339
15.3356_23.0196_0.154113
15.8195_23.0739_0.0248866
16.3063_23.0654_-0.104339
16.788_22.9942_-0.233566
17.2564_22.8615_-0.362792
17.7101_22.6716_-0.465309
18.1355_22.4348_-0.594535
18.527_22.1453_-0.723761
19.25_21.525_-0.941523
19.5468_21.123_-0.920861
19.8503_20.7257_-0.913972
20.1565_20.3305_-0.907083
20.4654_19.9373_-0.900193
20.777_19.5464_-0.893304
21.0895_19.1561_-0.900193
21.3756_18.7622_-1.02942
21.6203_18.3312_-1.10488
22.2595_17.6988_-1.26732
22.4246_17.2407_-1.1381
22.6473_16.8078_-1.00887
22.924_16.4071_-0.879643
23.2499_16.0454_-0.750417
23.6198_15.7288_-0.621191
23.6198_15.7288_-0.621191
24.0295_15.4454_-0.573049
24.452_15.1796_-0.538632
24.8826_14.9262_-0.517971
25.3185_14.6818_-0.497309
25.7592_14.4465_-0.476647
26.204_14.2181_-0.469758
26.6284_13.9795_-0.598984
27.0306_13.69_-0.674442
27.8922_13.3932_-0.824565
28.2073_13.0221_-0.953791
28.472_12.6134_-1.08302
28.6817_12.174_-1.21224
28.8331_11.7112_-1.34147
28.9236_11.2328_-1.4707
28.9236_11.2328_-1.4707
28.9562_10.7421_-1.57321
28.9447_10.2452_-1.63504
28.907_9.74752_-1.66946
28.8544_9.25063_-1.69012
28.7915_8.75493_-1.71078
28.7915_8.75493_-1.71078
28.7322_8.26144_-1.64895
28.699_7.76346_-1.61454
28.6806_7.26413_-1.59387
28.6725_6.76453_-1.57321
28.6724_6.26456_-1.56632
28.6758_5.76461_-1.55943
28.702_5.27842_-1.43021
28.789_4.79674_-1.31429
28.7465_3.91362_-1.08532
