configuration -17.6504554749_-22.9172973633_0.256229049699_0.256229049699_76.2194671631_43.7661514282_0.386216847154_0.922408015454
length 127.302
time 4.02357
roughness 0.000115811
-17.6505_-22.9173_0.150019
-17.1696_-22.8257_0.265939
-16.6949_-22.6836_0.341398
-16.2281_-22.5093_0.38954
-15.7686_-22.3145_0.423956
-15.3146_-22.1058_0.444618
-14.865_-21.8878_0.46528
-14.4164_-21.6739_0.403453
-13.9551_-21.4833_0.369037
-13.137_-20.9798_0.299589
-12.659_-20.8333_0.2927
-12.18_-20.6901_0.285811
-11.7_-20.5503_0.278922
-11.219_-20.4137_0.272033
-10.7378_-20.2783_0.278922
-10.2574_-20.1396_0.285811
-9.79653_-19.9826_0.415037
-9.35646_-19.7683_0.530958
-8.48189_-19.6287_0.746585
-8.1128_-19.2919_0.725923
-7.73683_-18.9628_0.705261
-7.35539_-18.6395_0.698372
-6.97174_-18.319_0.691483
-6.58589_-18.001_0.684594
-6.19785_-17.6858_0.677705
-5.81077_-17.3698_0.698366
-5.42859_-17.0475_0.705256
-4.63664_-16.4437_0.732812
-4.26952_-16.1056_0.767229
-3.91224_-15.7563_0.787891
-3.56041_-15.4011_0.79478
-3.21103_-15.0435_0.801669
-2.86413_-14.6835_0.808558
-2.51971_-14.321_0.815448
-2.20125_-13.9527_0.944674
-1.92975_-13.5455_1.06059
-1.27834_-12.9505_1.28947
-1.12346_-12.4889_1.16025
-0.910392_-12.0511_1.03102
-0.642682_-11.6444_0.901793
-0.324796_-11.2756_0.772567
0.037965_-10.9508_0.643341
0.037965_-10.9508_0.643341
0.439552_-10.6755_0.514115
0.873267_-10.4543_0.384889
1.33188_-10.2908_0.255662
1.80774_-10.1877_0.126436
2.29532_-10.1446_0.0105156
2.78906_-10.1539_-0.0785099
3.27776_-10.209_-0.181027
3.76474_-10.3086_-0.242853
4.71871_-10.5884_-0.311237
5.19171_-10.723_-0.20872
5.67895_-10.8136_-0.133262
6.17374_-10.8719_-0.0851198
6.67188_-10.9109_-0.0644581
7.17072_-10.9397_-0.0437963
7.67005_-10.9581_-0.0231346
8.15685_-10.9487_0.106092
8.64125_-10.8784_0.222012
9.52495_-10.9689_0.438138
9.9567_-10.7439_0.567364
10.3623_-10.4657_0.669881
10.7455_-10.1491_0.731707
11.1108_-9.81037_0.779849
11.4616_-9.45539_0.814266
11.8021_-9.08966_0.834928
12.1133_-8.71523_0.964154
12.3798_-8.30193_1.06667
12.9958_-7.65209_1.27019
13.1595_-7.19356_1.14096
13.3795_-6.75368_1.03844
13.6405_-6.3307_0.976616
13.926_-5.9224_0.928474
14.2295_-5.52623_0.894057
14.5451_-5.13885_0.873396
14.8417_-4.75272_1.00262
15.0951_-4.32883_1.09165
15.7914_-3.76647_1.27019
15.9551_-3.30794_1.14096
16.1766_-2.87433_1.01173
16.4521_-2.47289_0.882507
16.777_-2.11029_0.753281
17.146_-1.79259_0.624055
17.5551_-1.51596_0.53503
17.9841_-1.28568_0.405803
18.4392_-1.11261_0.276577
19.3262_-0.791302_0.0720333
19.8195_-0.770283_-0.0169921
20.3175_-0.786724_-0.0651343
20.8151_-0.824913_-0.0995509
21.3119_-0.877995_-0.120213
21.8076_-0.941331_-0.140874
22.3018_-1.01489_-0.161536
22.7852_-1.07277_-0.03231
23.2747_-1.06991_0.0836107
24.1212_-1.34023_0.301882
24.5796_-1.1759_0.431108
25.0129_-0.953877_0.560335
25.414_-0.677864_0.689561
25.7856_-0.352603_0.778586
26.1322_0.00364528_0.840413
26.4586_0.380043_0.888555
26.7493_0.770619_1.01778
26.9903_1.19665_1.1337
27.5237_1.93762_1.337
27.6551_2.40912_1.22108
27.8365_2.8703_1.14562
28.0508_3.31878_1.0838
28.2894_3.75714_1.04938
28.5413_4.18869_1.02872
28.802_4.61494_1.00806
29.0441_5.03739_1.13728
29.2355_5.49043_1.2398
29.8491_6.14581_1.43111
29.9176_6.64107_1.438
29.9826_7.13678_1.44489
30.0443_7.63293_1.45178
30.1025_8.12949_1.45867
30.1573_8.62644_1.46556
30.2087_9.12376_1.47245
30.277_9.60583_1.34322
30.4055_10.0781_1.2273
30.381_10.9618_0.997607
30.661_11.3686_0.908581
30.9735_11.7566_0.860439
31.3033_12.1312_0.826022
31.6458_12.4942_0.791606
31.9993_12.8473_0.770944
32.3587_13.1949_0.764055
32.7239_13.5338_0.715913
33.1042_13.857_0.681496
33.8051_14.5315_0.627208
34.2135_14.8148_0.565382
34.6384_15.075_0.51724
35.075_15.3168_0.482823
35.5191_15.5457_0.462161
35.9671_15.7676_0.455272
36.4167_15.9864_0.448383
36.8461_16.2159_0.577609
37.2457_16.4986_0.69353
38.0912_16.7663_0.911287
38.3849_17.1655_0.986745
38.653_17.5854_1.03489
38.9051_18.0168_1.05555
39.1483_18.4533_1.07621
39.3847_18.8939_1.0831
39.3847_18.8939_1.0831
39.6157_19.3369_1.10376
39.8376_19.7846_1.12442
40.0524_20.2361_1.13131
40.2641_20.689_1.1382
40.4727_21.1434_1.14509
40.6802_21.5982_1.1382
40.8654_22.0485_1.26743
40.999_22.524_1.35645
41.4651_23.2991_1.51812
41.5113_23.7838_1.3889
41.6166_24.2642_1.28638
41.7658_24.7383_1.22455
41.9424_25.2042_1.17641
42.1394_25.6628_1.14199
42.3503_26.1157_1.12133
42.5431_26.5628_1.25056
42.6847_27.0359_1.33958
43.2217_27.752_1.51812
43.2601_28.2461_1.44266
43.3317_28.7391_1.39452
43.4227_29.2304_1.37386
43.5239_29.7198_1.3532
43.6329_30.2077_1.34631
43.7453_30.6948_1.33942
43.8692_31.1762_1.27759
44.0189_31.6523_1.24318
44.2391_32.5984_1.18889
44.4396_33.0421_1.05966
44.6955_33.4563_0.930437
45.0027_33.8341_0.801211
45.3567_34.1755_0.698694
45.744_34.4847_0.623236
46.1532_34.7689_0.575094
46.5747_35.0223_0.472577
47.0218_35.2394_0.410751
47.8566_35.7019_0.315132
48.3329_35.8512_0.280715
48.8139_35.9863_0.260054
49.2974_36.1137_0.253164
49.7817_36.2378_0.246275
50.2669_36.3586_0.239386
50.7523_36.4783_0.246275
51.236_36.6034_0.266937
51.718_36.7364_0.273826
52.6917_36.9519_0.287652
53.1711_37.083_0.225825
53.6587_37.1892_0.191408
54.1499_37.2809_0.170747
54.6429_37.3624_0.150085
55.1374_37.436_0.143196
55.6324_37.5062_0.136307
56.1234_37.5839_0.198133
56.6115_37.6877_0.23255
57.5744_37.747_0.301424
58.0527_37.8897_0.267008
58.5356_38.0182_0.246346
59.021_38.1367_0.225684
59.5085_38.2475_0.218795
59.9968_38.3549_0.211906
60.4858_38.4589_0.205016
60.9744_38.5501_0.14319
61.4692_38.6156_0.108773
62.409_38.8432_0.0549668
62.8936_38.8905_0.184193
63.368_38.9999_0.313419
63.8331_39.1659_0.402444
64.2863_39.37_0.464271
64.7282_39.6001_0.512413
65.1603_39.8498_0.54683
65.5651_40.1204_0.676056
65.935_40.441_0.791977
66.7106_40.8969_0.995247
66.9927_41.2937_0.866021
67.3235_41.6509_0.736795
67.6977_41.9625_0.607569
68.1089_42.2233_0.478343
68.5502_42.4289_0.349117
68.5502_42.4289_0.349117
69.02_42.5867_0.273659
69.5018_42.7136_0.225516
69.9895_42.8196_0.1911
70.4807_42.9112_0.170438
70.9736_42.9948_0.163549
70.9736_42.9948_0.163549
71.4638_43.0838_0.211691
71.9516_43.1922_0.232353
72.437_43.3106_0.253014
72.9208_43.4368_0.259904
73.4036_43.5664_0.266793
73.8856_43.6993_0.273682
74.3569_43.8468_0.362708
74.8198_44.031_0.41085
75.7291_44.2665_0.518659
