configuration 46.8230323792_-26.2805175781_0.619899316938_0.784681360082_54.818611145_35.6322822571_0.774404309534_0.632691050494
length 122.337
time 33.4461
roughness 0.000129905
46.823_-26.2805_1.33723
46.9557_-25.812_1.208
47.1476_-25.3646_1.07878
47.3956_-24.9456_0.94955
47.6955_-24.5587_0.83363
48.0381_-24.203_0.744604
48.4104_-23.8738_0.682778
48.8008_-23.5828_0.553552
49.2288_-23.3329_0.478093
50.024_-22.8168_0.355334
50.4729_-22.6282_0.48456
50.9_-22.3845_0.587077
51.3081_-22.1008_0.648903
51.7002_-21.7934_0.697045
52.0792_-21.4686_0.731462
52.4487_-21.1323_0.752124
52.818_-20.815_0.622898
53.2274_-20.5389_0.533872
53.7509_-19.8129_0.355334
54.2141_-19.663_0.226108
54.6928_-19.574_0.0968817
55.1836_-19.543_-0.00563511
55.6805_-19.556_-0.0674616
56.178_-19.5954_-0.101878
56.178_-19.5954_-0.101878
56.6599_-19.6654_-0.231104
57.1345_-19.7942_-0.333621
57.6007_-19.9665_-0.395448
58.0573_-20.1658_-0.44359
58.5056_-20.3851_-0.478006
58.9477_-20.6181_-0.498668
59.3848_-20.8326_-0.369442
59.8503_-20.9973_-0.280417
60.5391_-21.5688_-0.101878
61.0251_-21.5978_0.0273478
61.5108_-21.5639_0.156574
61.9937_-21.4708_0.259091
62.4715_-21.3336_0.320917
62.9417_-21.1689_0.369059
63.4064_-20.9854_0.389721
63.8702_-20.8011_0.355305
64.3394_-20.6283_0.348415
65.1801_-20.1502_0.304169
65.6578_-20.0039_0.283507
66.1382_-19.8651_0.276618
66.6194_-19.7297_0.269729
67.1016_-19.5976_0.262839
67.5841_-19.4666_0.269729
68.0663_-19.3344_0.262839
68.5467_-19.2202_0.173814
69.0388_-19.1419_0.125672
69.9236_-18.8346_0.018004
70.4235_-18.8245_0.0248932
70.9232_-18.8109_0.0317824
71.4229_-18.7938_0.0386716
71.9225_-18.7757_0.0317824
72.4222_-18.7586_0.0386716
72.9218_-18.7381_0.0455608
73.4068_-18.6954_0.174787
73.8852_-18.5919_0.290708
74.7689_-18.6656_0.506047
75.1844_-18.4117_0.635273
75.5701_-18.1067_0.73779
75.931_-17.7649_0.799616
76.2725_-17.4021_0.847759
76.5984_-17.0241_0.882175
76.9132_-16.6361_0.902837
77.2307_-16.267_0.773611
77.594_-15.9325_0.684585
78.0025_-15.1361_0.506047
78.418_-14.8823_0.635273
78.8038_-14.5772_0.73779
79.1646_-14.2354_0.799616
79.5061_-13.8726_0.847759
79.832_-13.4947_0.882175
80.1469_-13.1067_0.902837
80.4644_-12.7375_0.773611
80.8277_-12.403_0.684585
81.2362_-11.6067_0.506047
81.6716_-11.3889_0.376821
82.1348_-11.2235_0.274304
82.6159_-11.0987_0.212478
83.1045_-11.0015_0.164335
83.5978_-10.9255_0.129919
84.0937_-10.8642_0.109257
84.575_-10.7906_0.238483
85.0512_-10.6599_0.327509
85.943_-10.7356_0.506047
86.3585_-10.4818_0.635273
86.7378_-10.1765_0.764499
87.0746_-9.82493_0.893725
87.3633_-9.43285_1.02295
87.5991_-9.00685_1.15218
87.5991_-9.00685_1.15218
87.778_-8.55401_1.2814
87.9049_-8.07677_1.37043
87.9962_-7.587_1.41857
88.0662_-7.09286_1.45299
88.1192_-6.59659_1.4874
88.1574_-6.09838_1.50807
88.1761_-5.60316_1.58352
88.164_-5.10422_1.61794
88.2224_-4.14549_1.68619
88.1637_-3.64898_1.69308
88.1038_-3.15261_1.68619
88.0451_-2.65611_1.69308
87.9266_-1.66324_1.69308
87.8667_-1.16687_1.68619
87.808_-0.670361_1.69308
87.7482_-0.173992_1.68619
87.6895_0.322512_1.69308
87.6296_0.818881_1.68619
87.5709_1.31539_1.69308
87.4982_1.8056_1.76854
87.3946_2.2938_1.80295
87.3452_3.24261_1.89755
87.2086_3.70994_1.76832
87.1334_4.19099_1.6391
87.1142_4.68445_1.55007
87.1347_5.18106_1.48825
87.1837_5.67685_1.4401
87.2544_6.1709_1.40569
87.3547_6.64735_1.27646
87.5145_7.11002_1.16054
87.6486_7.99963_0.95727
87.9237_8.41184_1.03273
88.1722_8.84368_1.08087
88.402_9.28672_1.11529
88.6187_9.73695_1.13595
88.8283_10.1909_1.14284
89.0347_10.6462_1.14973
89.2147_11.0986_1.27895
89.3454_11.5767_1.35441
89.7868_12.3726_1.50278
89.8328_12.866_1.42733
89.912_13.3579_1.37918
90.0105_13.8477_1.35852
90.1191_14.3354_1.33786
90.2357_14.8216_1.33097
90.3555_15.307_1.32408
90.4943_15.7737_1.19486
90.6913_16.2218_1.07893
90.857_17.092_0.849764
91.1626_17.471_0.97899
91.4169_17.8862_1.10822
91.6155_18.3307_1.23744
91.7552_18.7972_1.36667
91.8336_19.2777_1.49589
91.8336_19.2777_1.49589
91.856_19.771_1.58492
91.841_20.269_1.63306
91.8042_20.7667_1.66748
91.7526_21.2637_1.68814
91.6929_21.7601_1.69503
91.6929_21.7601_1.69503
91.6173_22.2481_1.78405
91.5021_22.7317_1.84588
91.3611_23.2104_1.8803
91.2056_23.6853_1.90096
91.0404_24.1568_1.92162
90.8675_24.6259_1.92851
90.6778_25.0744_2.05774
90.4324_25.4979_2.17366
90.1706_26.3485_2.37644
89.8054_26.6706_2.50567
89.4001_26.9491_2.60818
88.967_27.193_2.67001
88.5196_27.4122_2.71815
88.0623_27.612_2.75257
87.5986_27.7983_2.77323
87.1522_27.9928_2.64401
86.7254_28.2412_2.55498
85.8439_28.3964_2.37644
85.4788_28.7185_2.50567
85.0735_28.997_2.60818
84.6404_29.2409_2.67001
84.193_29.4601_2.71815
83.7357_29.6599_2.75257
83.272_29.8463_2.77323
82.8256_30.0407_2.64401
82.3988_30.2891_2.55498
81.5173_30.4443_2.37644
81.1522_30.7664_2.50567
80.7486_31.0387_2.63489
80.3132_31.2567_2.76412
79.8534_31.4168_2.89335
79.3768_31.5164_3.02257
79.3768_31.5164_3.02257
78.8913_31.5536_3.1518
78.4051_31.528_3.28102
77.9183_31.445_3.37005
77.4366_31.3225_3.43188
76.9601_31.1742_3.46629
76.9601_31.1742_3.46629
76.4925_31.0386_3.33707
76.0113_30.9643_3.20784
75.5161_30.9439_3.13238
75.0181_30.9565_3.08424
74.5202_30.9908_3.04982
74.5202_30.9908_3.04982
74.0237_31.0422_3.01541
73.5279_31.1063_3.00852
73.0325_31.1738_3.00163
72.5376_31.2446_2.99474
72.0432_31.3189_2.98785
72.0432_31.3189_2.98785
71.5593_31.373_3.11708
71.0725_31.3643_3.2463
70.5909_31.293_3.37553
70.1224_31.1601_3.50476
69.675_30.9681_3.63398
69.675_30.9681_3.63398
69.2366_30.7563_3.50476
68.7746_30.6028_3.37553
68.291_30.5025_3.2865
67.7978_30.4408_3.22468
67.3_30.4051_3.19026
67.3_30.4051_3.19026
66.8131_30.402_3.06103
66.3299_30.4618_2.93181
65.8584_30.5832_2.80258
65.4065_30.7645_2.67336
64.9817_31.0024_2.54413
64.9817_31.0024_2.54413
64.5652_31.2709_2.61959
64.1294_31.5123_2.66773
63.6832_31.7373_2.68839
63.2325_31.953_2.70905
62.7781_32.1615_2.71594
62.7781_32.1615_2.71594
62.3223_32.3669_2.72283
61.865_32.5692_2.72972
61.4064_32.7682_2.73661
60.4887_33.1654_2.73661
60.0297_33.3634_2.72972
59.5711_33.5625_2.73661
59.112_33.7606_2.72972
58.1943_34.1577_2.72972
57.7366_34.3589_2.72283
57.2848_34.5687_2.67469
56.8401_34.7967_2.65403
55.9242_35.1719_2.6005
