configuration -3.08480739594_22.5642471313_-0.424155304833_0.905589464041_28.1138801575_4.40596151352_-0.254607913402_0.967044368389
length 41.6073
time 0.205574
roughness 0.000657238
-3.08481_22.5642_-0.876058
-2.75754_22.2038_-0.746832
-2.38654_21.8884_-0.617606
-1.978_21.6236_-0.488379
-1.53874_21.4135_-0.359153
-1.07057_21.251_-0.283695
-0.593063_21.1058_-0.318112
-0.119549_20.9463_-0.338774
0.350567_20.777_-0.359435
0.818175_20.6001_-0.366325
1.28455_20.4199_-0.373214
1.74504_20.2618_-0.243988
2.22879_20.1541_-0.168529
2.72121_20.0784_-0.120387
3.21734_20.0242_-0.0859707
3.71545_19.9847_-0.065309
4.20221_19.9735_0.0639172
4.69166_20.0215_0.166434
5.18004_20.1139_0.22826
5.66485_20.2324_0.262677
6.14647_20.3655_0.283339
6.6193_20.4817_0.154113
7.10315_20.5359_0.0248866
7.58997_20.5274_-0.104339
8.07163_20.4562_-0.233566
8.5401_20.3236_-0.362792
9.00221_20.1702_-0.233566
9.48023_20.0777_-0.104339
9.96619_20.0476_0.0248866
10.452_20.0803_0.154113
10.9295_20.1754_0.283339
11.4023_20.2916_0.154113
11.8862_20.3458_0.0248866
12.373_20.3373_-0.104339
12.8546_20.2661_-0.233566
13.3231_20.1335_-0.362792
13.7852_19.9801_-0.233566
14.2633_19.8876_-0.104339
14.7492_19.8575_0.0248866
15.235_19.8902_0.154113
15.7125_19.9853_0.283339
16.1853_20.1014_0.154113
16.6692_20.1557_0.0248866
17.156_20.1472_-0.104339
17.6377_20.076_-0.233566
18.1061_19.9434_-0.362792
18.5536_19.7514_-0.492018
18.9726_19.5034_-0.621244
19.3562_19.2035_-0.75047
19.6979_18.8567_-0.879696
20.0041_18.467_-0.955154
20.3019_18.0818_-0.825928
20.6468_17.7382_-0.696702
21.0331_17.4418_-0.567476
21.4556_17.1947_-0.451555
21.9072_16.987_-0.389729
22.3493_16.7831_-0.518955
22.7615_16.5239_-0.648181
23.1368_16.2138_-0.777407
23.4691_15.8579_-0.906633
23.7527_15.4621_-1.03586
24.0184_15.0541_-0.906633
24.3345_14.6773_-0.804116
24.6866_14.3265_-0.74229
25.0582_13.9934_-0.707873
25.4401_13.6711_-0.687211
25.803_13.3466_-0.816438
26.1211_12.9779_-0.945664
26.389_12.5714_-1.07489
26.6024_12.1337_-1.20412
26.7603_11.6704_-1.32004
26.901_11.2043_-1.19081
27.1006_10.7602_-1.06158
27.3557_10.3455_-0.932358
27.6622_9.96719_-0.803132
28.0149_9.6315_-0.673906
28.3821_9.31181_-0.803132
28.7051_8.94746_-0.932358
28.9784_8.54453_-1.06158
29.1975_8.10974_-1.19081
29.3588_7.65033_-1.32004
29.4595_7.17397_-1.44926
29.498_6.6886_-1.57849
29.4736_6.20233_-1.70772
29.3868_5.72324_-1.83694
29.2788_5.24849_-1.70772
