configuration -3.08480739594_22.5642471313_-0.424155304833_0.905589464041_28.1138801575_4.40596151352_-0.254607913402_0.967044368389
length 61.3442
time 2.03958
roughness 0.000391512
-3.08481_22.5642_-0.876058
-2.75754_22.2038_-0.746832
-2.38654_21.8884_-0.617606
-1.978_21.6236_-0.488379
-1.53874_21.4135_-0.359153
-1.07057_21.251_-0.283695
-0.597781_21.1347_-0.154469
-0.113946_21.0802_-0.025243
0.372873_21.0886_0.103983
0.854557_21.1596_0.233209
1.32307_21.2921_0.362435
1.77061_21.4838_0.491662
2.1897_21.7317_0.620888
2.57336_22.0315_0.750114
2.91519_22.3782_0.87934
3.21874_22.7677_0.968365
3.51043_23.1662_0.87934
3.83517_23.5425_0.817513
4.18071_23.9026_0.783097
4.53726_24.2526_0.762435
4.89961_24.5971_0.755546
5.23955_24.9457_0.884772
5.53173_25.3352_1.014
5.77129_25.7591_1.14322
5.95997_26.2132_1.24574
6.109_26.6874_1.30757
6.25549_27.1517_1.17834
6.46061_27.5933_1.04912
6.72091_28.0048_0.919889
7.03207_28.3792_0.790663
7.3889_28.7105_0.661437
7.78544_28.993_0.532211
8.21508_29.2221_0.402985
8.67066_29.3939_0.273758
9.14457_29.5055_0.144532
9.62893_29.5552_0.0153062
10.1286_29.5594_-0.00535555
10.6282_29.5533_-0.0260173
11.128_29.5391_-0.0329065
11.6276_29.5215_-0.0397957
12.1271_29.5005_-0.0466849
12.6121_29.4572_-0.175911
13.0874_29.3517_-0.305137
13.5452_29.1859_-0.434363
13.9778_28.9625_-0.563589
14.39_28.6873_-0.639048
14.7828_28.3827_-0.700874
15.1605_28.0565_-0.735291
15.5288_27.7188_-0.755953
15.8918_27.375_-0.762842
16.2524_27.0287_-0.769731
16.6163_26.6902_-0.707904
16.9992_26.3701_-0.673488
17.3919_26.0611_-0.652826
17.7897_25.7583_-0.645937
18.1897_25.4583_-0.639048
18.5678_25.1516_-0.768274
18.9033_24.7987_-0.8975
19.1905_24.4056_-1.02673
19.4363_23.9753_-1.10218
19.6542_23.5272_-1.15033
19.8716_23.0916_-1.0211
20.1433_22.6875_-0.891874
20.4649_22.3219_-0.762648
20.8308_22.0008_-0.633422
21.2361_21.7263_-0.517501
21.6487_21.4677_-0.646727
22.0245_21.1581_-0.775953
22.3572_20.8027_-0.905179
22.6414_20.4073_-1.03441
22.8811_19.9756_-1.12343
23.1102_19.546_-0.994205
23.3927_19.1494_-0.864979
23.7239_18.7831_-0.775953
24.0851_18.4399_-0.727811
24.4604_18.1101_-0.707149
24.8436_17.8098_-0.577923
25.2624_17.5613_-0.448697
25.7096_17.3689_-0.319471
26.1779_17.2357_-0.190245
26.6668_17.1542_-0.114787
27.1477_17.078_-0.244013
27.6147_16.9404_-0.373239
28.0602_16.7438_-0.502465
28.4765_16.4915_-0.631691
28.8603_16.1876_-0.747612
29.2261_15.8468_-0.754501
29.5896_15.5035_-0.76139
29.9507_15.1578_-0.76828
30.3094_14.8095_-0.775169
30.6674_14.4605_-0.76828
31.0029_14.1076_-0.897506
31.2901_13.7144_-1.02673
31.5242_13.2875_-1.15596
31.7014_12.834_-1.28518
31.8186_12.3615_-1.41441
31.9148_11.8842_-1.28518
32.0716_11.4232_-1.15596
32.2866_10.9863_-1.02673
32.556_10.5808_-0.897506
32.8755_10.2134_-0.76828
33.211_9.8605_-0.897506
33.4982_9.46734_-1.02673
33.7323_9.04045_-1.15596
33.9095_8.58694_-1.28518
34.0267_8.11438_-1.41441
34.0821_7.63065_-1.54364
34.0747_7.14381_-1.67286
34.0046_6.66199_-1.80209
33.873_6.19323_-1.93131
33.6821_5.74532_-2.06054
33.4351_5.32576_-2.18977
33.136_4.94152_-2.31899
32.79_4.59903_-2.44822
32.4027_4.30399_-2.57745
31.9805_4.06132_-2.70667
31.5307_3.87508_-2.8359
31.0606_3.74835_-2.96512
30.5781_3.68327_-3.09435
30.0912_3.6809_-3.22358
29.608_3.7413_-3.3528
29.1213_3.85152_-3.38722
28.6375_3.97635_-3.40788
28.1563_4.11116_-3.42854
27.6771_4.25376_-3.43543
27.1989_4.39967_-3.44232
