configuration -4.52205276489_51.1520843506_-0.288179288681_0.957576470876_89.803527832_11.5547637939_-0.656431103106_0.754385980036
length 245.056
time 98.2509
roughness 9.25396e-05
-4.52205_51.1521_-0.58465
-4.10273_50.8814_-0.550233
-3.67503_50.6231_-0.529571
-3.24297_50.3715_-0.522682
-2.80918_50.1229_-0.515793
-2.37483_49.8753_-0.522682
-1.94718_49.6197_-0.570824
-1.5286_49.3469_-0.591486
-1.11575_49.0654_-0.612148
-0.70723_48.7772_-0.619037
-0.300708_48.4861_-0.625926
0.081435_48.1844_-0.755152
0.421512_47.836_-0.884379
0.713851_47.4466_-1.0136
0.953576_47.0229_-1.14283
1.14791_46.567_-1.21829
1.33522_46.1175_-1.08906
1.57889_45.696_-0.959837
1.87484_45.3094_-0.830611
2.21816_44.9641_-0.701384
2.6031_44.666_-0.572158
3.0009_44.3853_-0.701384
3.35921_44.0556_-0.830611
3.67205_43.6825_-0.959837
3.93421_43.2722_-1.08906
4.1413_42.8316_-1.21829
4.28989_42.3679_-1.34752
4.37748_41.889_-1.47674
4.40263_41.4027_-1.60597
4.36677_40.9146_-1.72189
4.28188_40.4248_-1.78371
4.19925_39.945_-1.65449
4.17915_39.4585_-1.52526
4.22191_38.9735_-1.39604
4.32681_38.4981_-1.26681
4.4921_38.0401_-1.13758
4.71504_37.6072_-1.00836
4.99189_37.2067_-0.879132
5.31805_36.8452_-0.749906
5.68808_36.5288_-0.62068
6.0958_36.2626_-0.491453
6.51495_36.0149_-0.62068
6.89867_35.7152_-0.749906
7.24057_35.3685_-0.879132
7.53494_34.9807_-1.00836
7.77689_34.5582_-1.13758
7.96237_34.108_-1.26681
8.08829_33.6377_-1.39604
8.15255_33.1551_-1.52526
8.15408_32.6682_-1.65449
8.09286_32.1852_-1.78371
8.01023_31.7053_-1.65449
7.98572_31.2141_-1.55197
8.00528_30.7175_-1.49015
8.05119_30.2205_-1.45573
8.11197_29.7246_-1.43507
8.15735_29.2398_-1.56429
8.13988_28.7532_-1.69352
8.05985_28.2729_-1.82275
7.9186_27.807_-1.95197
7.71848_27.3631_-2.0812
7.49884_26.9286_-1.95197
7.33703_26.4694_-1.82275
7.23574_25.9931_-1.69352
7.19667_25.5078_-1.56429
7.22047_25.0215_-1.43507
7.26585_24.5367_-1.56429
7.24838_24.0502_-1.69352
7.16835_23.5699_-1.82275
7.0271_23.1039_-1.95197
6.82698_22.6601_-2.0812
6.57133_22.2457_-2.21042
6.26441_21.8677_-2.33965
5.91135_21.5325_-2.46888
5.51802_21.2455_-2.5981
5.09099_21.0116_-2.72733
4.63738_20.8347_-2.85655
4.16475_20.7177_-2.98578
3.68099_20.6626_-3.11501
3.19416_20.6703_-3.24423
2.71238_20.7406_-3.37346
2.24369_20.8725_-3.50268
1.7959_21.0637_-3.63191
1.37647_21.3109_-3.76114
0.992412_21.6102_-3.89036
0.650119_21.9565_-4.01959
0.323547_22.3176_-3.89036
-0.0468383_22.6336_-3.76114
-0.454862_22.8993_-3.63191
-0.893719_23.1102_-3.50268
-1.35609_23.2627_-3.37346
-1.83427_23.3544_-3.24423
-2.32027_23.3837_-3.11501
-2.81118_23.354_-3.01249
-3.30266_23.2799_-2.95066
-3.79156_23.1796_-2.91625
-4.2611_23.0508_-2.78702
-4.71627_22.8646_-2.6845
-5.15768_22.6361_-2.62268
-5.5882_22.3836_-2.58826
-6.01149_22.1181_-2.5676
-6.43119_21.8713_-2.69682
-6.87919_21.6806_-2.82605
-7.34803_21.5493_-2.95528
-7.82989_21.4795_-3.0845
-8.31673_21.4723_-3.21373
-8.81415_21.5002_-3.16559
-9.31319_21.5065_-3.13117
-9.81279_21.4979_-3.11051
-10.3125_21.4812_-3.10362
-10.812_21.461_-3.09673
-11.2971_21.4186_-2.9675
-11.7726_21.314_-2.83828
-12.2307_21.149_-2.70905
-12.6637_20.9264_-2.57983
-13.0644_20.6498_-2.4506
-13.4261_20.3239_-2.32137
-13.7428_19.9541_-2.19215
-14.0183_19.5443_-2.10312
-14.2643_19.111_-2.05498
-14.4915_18.6666_-2.02056
-14.7078_18.2159_-2.01367
-14.9211_17.7637_-2.00678
-15.1312_17.31_-1.9999
-15.3402_16.8558_-2.00678
-15.5503_16.4022_-1.9999
-15.7339_15.9512_-1.87067
-15.8579_15.4804_-1.74144
-15.9202_14.9975_-1.61222
-15.9283_14.502_-1.53676
-15.9034_14.0044_-1.48862
-15.8612_13.5062_-1.48173
-15.8156_13.0083_-1.47484
-15.7666_12.5108_-1.46795
-15.7141_12.0136_-1.46106
-15.6605_11.5165_-1.46795
-15.59_11.0348_-1.33872
-15.458_10.5661_-1.2095
-15.2668_10.1183_-1.08027
-15.0194_9.69896_-0.951045
-14.7201_9.31496_-0.821819
-14.404_8.94464_-0.951045
-14.1382_8.53667_-1.08027
-13.9273_8.09786_-1.2095
-13.7746_7.63552_-1.33872
-13.6828_7.15736_-1.46795
-13.6534_6.67136_-1.59718
-13.6868_6.18562_-1.7264
-13.7826_5.70824_-1.85563
-13.9391_5.24719_-1.98485
-14.153_4.8069_-2.10077
-14.3811_4.37675_-1.97155
-14.5519_3.92079_-1.84232
-14.6651_3.44457_-1.7264
-14.732_2.95206_-1.66457
-14.773_2.45467_-1.63016
-14.8207_1.96751_-1.74608
-14.9193_1.48184_-1.82154
-15.0487_0.999813_-1.85595
-15.1925_0.5213_-1.87662
-15.3462_0.045861_-1.89728
-15.4827_-0.421513_-1.76805
-15.5578_-0.902577_-1.63883
-15.5703_-1.38931_-1.5096
-15.5199_-1.87359_-1.38037
-15.4076_-2.34734_-1.25115
-15.2689_-2.81919_-1.35366
-15.1694_-3.30736_-1.40181
-15.0911_-3.80026_-1.43622
-15.0275_-4.29586_-1.45688
-14.9718_-4.79271_-1.46377
-14.9404_-5.27859_-1.593
-14.9718_-5.76446_-1.72223
-15.064_-6.24518_-1.83815
-15.2069_-6.71973_-1.9136
-15.3818_-7.1862_-1.96175
-15.5667_-7.64978_-1.92733
-15.7379_-8.11922_-1.90667
-15.9016_-8.59162_-1.89978
-16.062_-9.06514_-1.89289
-16.2192_-9.53976_-1.886
-16.3504_-10.0086_-1.75677
-16.4201_-10.4905_-1.62755
-16.427_-10.9774_-1.49832
-16.3712_-11.461_-1.3691
-16.2536_-11.9335_-1.23987
-16.076_-12.3869_-1.11064
-15.8415_-12.8135_-0.981418
-15.5539_-13.2065_-0.852192
-15.2182_-13.559_-0.722966
-14.8385_-13.8775_-0.647507
-14.438_-14.1545_-0.518281
-14.0052_-14.3775_-0.389055
-13.543_-14.5513_-0.30003
-13.0647_-14.6909_-0.251888
-12.58_-14.8121_-0.231226
-12.1112_-14.9437_-0.360452
-11.6633_-15.1346_-0.489678
-11.2437_-15.3816_-0.618904
-10.8595_-15.6806_-0.74813
-10.517_-16.0266_-0.877356
-10.1902_-16.3876_-0.74813
-9.81957_-16.7034_-0.618904
-9.40884_-16.9807_-0.543446
-8.97834_-17.2314_-0.495304
-8.53655_-17.4636_-0.460887
-8.09055_-17.6889_-0.481549
-7.64931_-17.9234_-0.502211
-7.21301_-18.1669_-0.522873
-6.78042_-18.4176_-0.529762
-6.37107_-18.6812_-0.658988
-5.98698_-18.9943_-0.734446
-5.6226_-19.3341_-0.782588
-5.27276_-19.6901_-0.817005
-4.9333_-20.0567_-0.837667
-4.59958_-20.429_-0.844556
-4.26111_-20.779_-0.71533
-3.88037_-21.0825_-0.586104
-3.46369_-21.3343_-0.456877
-3.01803_-21.5304_-0.327651
-2.55081_-21.6674_-0.198425
-2.06984_-21.7431_-0.069199
-1.58312_-21.7562_0.0600271
-1.09878_-21.7064_0.189253
-0.624898_-21.5946_0.318479
-0.169369_-21.4227_0.447705
0.278073_-21.2307_0.318479
0.746524_-21.098_0.189253
1.23043_-21.0243_0.0733324
1.72543_-21.0004_-0.00212575
2.22356_-21.0094_-0.0502679
2.71043_-21.0132_0.0789582
3.19374_-20.9543_0.208184
3.67121_-20.8364_0.310701
4.14306_-20.6765_0.358843
4.60832_-20.4959_0.39326
5.06117_-20.2946_0.468718
5.50198_-20.0625_0.51686
5.93302_-19.8109_0.551277
6.35686_-19.5462_0.571939
6.77663_-19.2747_0.578828
7.19513_-19.0258_0.449602
7.64221_-18.833_0.320376
8.1104_-18.6994_0.191149
8.59192_-18.6272_0.0619233
9.07872_-18.6177_-0.0673028
9.56545_-18.6298_0.0619233
10.0497_-18.5791_0.191149
10.5234_-18.4665_0.320376
10.9786_-18.2937_0.449602
11.4077_-18.0637_0.578828
11.8262_-17.8149_0.449602
12.2733_-17.622_0.320376
12.7415_-17.4884_0.191149
13.2289_-17.4089_0.102124
13.7252_-17.3661_0.0539819
14.2121_-17.3604_-0.0752442
14.6956_-17.4176_-0.20447
15.1678_-17.5365_-0.333696
15.6206_-17.7154_-0.462923
16.0467_-17.9511_-0.592149
16.4388_-18.2397_-0.721375
16.7904_-18.5764_-0.850601
17.0957_-18.9557_-0.979827
17.3496_-19.3712_-1.10905
17.5479_-19.8159_-1.23828
17.6872_-20.2824_-1.36751
17.7652_-20.763_-1.49673
17.7806_-21.2497_-1.62596
17.7367_-21.7089_-1.74838
17.6743_-22.0101_-1.83
17.5695_-22.4856_-1.70077
17.5269_-22.9706_-1.57155
17.5472_-23.4571_-1.44232
17.63_-23.9369_-1.31309
17.7739_-24.402_-1.18387
17.9766_-24.8447_-1.05464
18.2346_-25.2576_-0.925416
18.5437_-25.6338_-0.79619
18.8987_-25.9671_-0.666964
19.2937_-26.2518_-0.537738
19.722_-26.4832_-0.408512
20.1767_-26.6575_-0.279285
20.6499_-26.7718_-0.150059
21.134_-26.8241_-0.0208332
21.6208_-26.8136_0.108393
22.1022_-26.7405_0.237619
22.5701_-26.6059_0.366845
23.0281_-26.4166_0.442303
23.4749_-26.1962_0.490445
23.914_-25.9578_0.511107
24.3517_-25.7291_0.422082
24.8092_-25.5348_0.360255
25.2782_-25.3642_0.325839
25.7527_-25.2075_0.305177
26.2299_-25.0584_0.298288
26.7009_-24.9352_0.169062
27.1862_-24.8713_0.0531407
27.683_-24.8551_-0.00868582
28.181_-24.8674_-0.056828
28.6797_-24.8992_-0.0774897
29.1663_-24.9163_0.0517364
29.6585_-24.8762_0.140762
30.1506_-24.7984_0.188904
30.6397_-24.6991_0.223321
31.1262_-24.5851_0.243982
31.5932_-24.4476_0.373208
32.0387_-24.251_0.502435
32.4551_-23.9986_0.631661
32.8355_-23.6948_0.760887
33.18_-23.3438_0.863404
33.5118_-22.9874_0.734177
33.8868_-22.6769_0.604951
34.2986_-22.4172_0.475725
34.7405_-22.2127_0.346499
35.2069_-22.0642_0.230578
35.6937_-21.9581_0.182436
36.1855_-21.8732_0.14802
36.6802_-21.8029_0.127358
37.1762_-21.7405_0.120469
37.6727_-21.6816_0.113579
38.1584_-21.6469_-0.0156467
38.6445_-21.6752_-0.144873
39.1228_-21.7658_-0.274099
39.5855_-21.9174_-0.403325
40.0249_-22.1273_-0.532551
40.4544_-22.3565_-0.403325
40.9099_-22.5284_-0.274099
41.3838_-22.6402_-0.144873
41.8744_-22.6971_-0.0558474
42.3722_-22.7169_-0.00770529
42.869_-22.731_-0.0695318
43.3665_-22.7714_-0.103948
43.8631_-22.8266_-0.12461
44.3584_-22.8921_-0.145272
44.853_-22.9657_-0.152161
45.3463_-23.0448_-0.172823
45.8386_-23.1319_-0.179712
46.3303_-23.2224_-0.186601
46.8214_-23.3163_-0.193491
47.3118_-23.4135_-0.20038
47.7927_-23.4901_-0.0711537
48.2861_-23.5107_0.0178718
48.784_-23.4938_0.0660139
49.2816_-23.4552_0.100431
49.7789_-23.4039_0.10732
50.2701_-23.3386_0.182778
50.7585_-23.2402_0.23092
51.2441_-23.1225_0.251582
51.7272_-22.9947_0.272244
52.2084_-22.8592_0.279133
52.6818_-22.745_0.149907
53.1658_-22.6928_0.0206805
53.6552_-22.7013_-0.0952403
54.149_-22.7587_-0.157067
54.6397_-22.8445_-0.205209
55.1295_-22.9406_-0.170792
55.6223_-23.0245_-0.163903
56.1158_-23.1049_-0.157014
56.6098_-23.182_-0.150125
57.1043_-23.2556_-0.143235
57.3572_-23.2978_-0.211249
57.8372_-23.3797_-0.0820231
58.3237_-23.399_0.047203
58.8086_-23.3554_0.176429
59.2839_-23.2497_0.305655
59.7416_-23.0836_0.434881
60.1914_-22.8974_0.305655
60.6616_-22.7707_0.176429
61.1441_-22.7056_0.047203
61.631_-22.7033_-0.0820231
62.1217_-22.7582_-0.171048
62.6146_-22.8422_-0.164159
63.108_-22.9228_-0.15727
63.602_-23_-0.150381
64.0965_-23.0737_-0.143492
64.5915_-23.1441_-0.136602
65.0762_-23.1899_-0.00737631
65.5655_-23.1748_0.108544
66.0566_-23.1088_0.184003
66.5462_-23.0119_0.218419
67.0332_-22.9003_0.239081
67.5107_-22.8051_0.109855
67.9965_-22.7723_-0.0193712
68.4898_-22.7964_-0.108397
68.9841_-22.8582_-0.156539
69.4762_-22.9417_-0.190955
69.9668_-23.0284_-0.142813
70.4619_-23.0961_-0.122152
70.9582_-23.1536_-0.10149
71.4557_-23.2031_-0.0946005
71.9535_-23.2492_-0.0877113
72.4516_-23.2895_-0.0670496
72.9504_-23.3195_-0.0463878
73.4498_-23.3416_-0.0394986
73.9494_-23.3602_-0.0326094
74.4492_-23.3753_-0.0257202
74.941_-23.3713_0.0767966
75.4356_-23.323_0.138623
75.9291_-23.2484_0.17304
76.4207_-23.159_0.193702
76.9111_-23.0616_0.200591
77.3837_-22.9445_0.329817
77.8373_-22.7674_0.459043
78.2705_-22.5347_0.56156
78.6857_-22.2615_0.623386
79.0875_-21.9655_0.657803
79.4851_-21.6844_0.528577
79.9192_-21.4453_0.453119
80.3705_-21.2344_0.404976
80.8311_-21.0407_0.384315
81.2956_-20.8565_0.363653
81.7576_-20.7028_0.234427
82.2356_-20.6098_0.105201
82.7215_-20.5793_-0.0240254
83.2073_-20.6116_-0.153251
83.6849_-20.7062_-0.282478
84.1578_-20.822_-0.153251
84.6417_-20.8759_-0.0240254
85.1285_-20.8669_0.105201
85.6101_-20.7953_0.234427
86.0785_-20.6623_0.363653
86.5258_-20.47_0.492879
86.9446_-20.2216_0.622105
87.3279_-19.9214_0.751331
87.6693_-19.5742_0.880557
87.9631_-19.186_1.00978
88.2045_-18.7631_1.13901
88.3893_-18.3127_1.26824
88.5145_-17.8422_1.39746
88.5681_-17.4614_1.49948
88.5731_-17.3847_1.51989
88.5773_-16.8978_1.64911
88.5186_-16.4144_1.77834
88.3982_-15.9427_1.90757
88.218_-15.4904_2.03679
87.981_-15.0651_2.16602
87.6951_-14.6571_2.21416
87.3926_-14.2594_2.23482
87.0819_-13.868_2.25548
86.7649_-13.4814_2.26237
86.4451_-13.0971_2.26926
86.1481_-12.7113_2.14004
85.9033_-12.2904_2.01081
85.7148_-11.8415_1.88158
85.5856_-11.372_1.75236
85.5181_-10.8899_1.62313
85.472_-10.4051_1.75236
85.3654_-9.92743_1.86828
85.2083_-9.4574_1.94374
85.0194_-8.9964_1.99188
84.812_-8.5418_2.01254
84.5854_-8.11086_2.14177
84.3051_-7.71272_2.27099
83.9759_-7.35402_2.40022
83.6032_-7.04073_2.52944
83.1932_-6.77809_2.65867
82.7719_-6.53392_2.52944
82.3857_-6.23751_2.40022
82.0408_-5.89379_2.27099
81.7432_-5.50849_2.14177
81.4976_-5.08805_2.01254
81.3083_-4.63947_1.88331
81.1784_-4.17024_1.75409
81.11_-3.68817_1.62486
81.1043_-3.20132_1.49564
81.1614_-2.71779_1.36641
81.2804_-2.24565_1.23718
81.4591_-1.79277_1.10796
81.6948_-1.36671_0.978731
81.9834_-0.974572_0.849505
82.3201_-0.622895_0.720279
82.6994_-0.317542_0.591052
83.1148_-0.0636064_0.461826
83.5595_0.134677_0.3326
83.8036_0.212962_0.264586
83.9029_0.238902_0.237381
84.3708_0.37335_0.366607
84.8176_0.566982_0.495833
85.2356_0.816568_0.625059
85.618_1.11795_0.754285
85.9584_1.46609_0.883512
86.2574_1.85658_0.986028
86.5205_2.27652_1.06149
86.7564_2.71533_1.10963
86.9603_3.16291_1.21215
87.1251_3.6318_1.27397
87.2871_4.09095_1.14475
87.507_4.52539_1.01552
87.781_4.92788_0.886294
88.1045_5.2917_0.757067
88.4723_5.6108_0.627841
88.8538_5.91324_0.757067
89.1932_6.26233_0.886294
89.4848_6.65224_1.01552
89.64_6.91792_1.09714
89.6859_7.00961_1.12434
89.9048_7.45881_1.10368
90.1113_7.90517_1.2062
90.2654_8.367_1.33542
90.3588_8.84485_1.46465
90.3867_9.22833_1.56667
90.3858_9.35654_1.60068
90.385_9.38218_1.60748
90.3466_9.86754_1.7367
90.2763_10.2195_1.83192
90.2418_10.343_1.86593
90.2266_10.392_1.87953
90.2188_10.4164_1.88633
