configuration -4.52205276489_51.1520843506_-0.288179288681_0.957576470876_89.803527832_11.5547637939_-0.656431103106_0.754385980036
length 151.37
time 10.3963
roughness 9.2665e-05
-4.52205_51.1521_-0.58465
-4.10273_50.8814_-0.550233
-3.67503_50.6231_-0.529571
-3.24297_50.3715_-0.522682
-2.80918_50.1229_-0.515793
-2.37483_49.8753_-0.522682
-2.37483_49.8753_-0.522682
-1.95725_49.6156_-0.625199
-1.56028_49.3164_-0.687026
-1.18021_48.9943_-0.735168
-0.813892_48.6554_-0.769584
-0.457431_48.3052_-0.790246
-0.10828_47.9478_-0.810908
0.211851_47.5809_-0.940134
0.491181_47.1737_-1.02916
1.14791_46.567_-1.21829
1.33522_46.1175_-1.08906
1.57769_45.6897_-0.986546
1.8603_45.2808_-0.92472
2.16658_44.8879_-0.876577
2.49026_44.508_-0.842161
2.82553_44.1375_-0.821499
3.14176_43.7673_-0.950725
3.41676_43.3571_-1.03975
4.1413_42.8316_-1.21829
4.28989_42.3679_-1.34752
4.3875_41.8821_-1.42297
4.45059_41.389_-1.4848
4.48776_40.8913_-1.51922
4.51009_40.3922_-1.53988
4.52209_39.8926_-1.56054
4.54772_39.4064_-1.43131
4.63253_38.922_-1.3288
4.4921_38.0401_-1.13758
4.69397_37.5846_-1.18573
4.87613_37.12_-1.22014
5.04454_36.6495_-1.2408
5.20546_36.1762_-1.24769
5.36311_35.7017_-1.25458
5.51749_35.2262_-1.26147
5.68523_34.7691_-1.13225
5.90983_34.3342_-1.01633
6.04887_33.4584_-0.799171
6.4027_33.1093_-0.737344
6.77597_32.778_-0.702927
7.15941_32.4576_-0.682266
7.54939_32.1452_-0.661604
7.94573_31.841_-0.640942
8.34716_31.5429_-0.634053
8.75355_31.2568_-0.572226
9.1762_30.9913_-0.53781
9.93651_30.4069_-0.456802
10.3865_30.1896_-0.43614
10.8401_29.9794_-0.429251
11.2952_29.7724_-0.422362
11.7517_29.5685_-0.415473
12.2086_29.3656_-0.422362
12.6651_29.1618_-0.415473
13.1019_28.9465_-0.544699
13.5106_28.6771_-0.66062
14.3494_28.4129_-0.890394
14.663_28.0235_-0.897284
14.974_27.632_-0.904173
15.2822_27.2384_-0.911062
15.5877_26.8426_-0.917951
15.8905_26.4448_-0.92484
16.1924_26.0462_-0.917951
16.4747_25.6464_-1.03387
16.7201_25.2141_-1.0957
17.3471_24.537_-1.21692
17.5351_24.0878_-1.0877
17.7793_23.6666_-0.958471
18.0758_23.2804_-0.829245
18.42_22.9292_-0.726728
18.7982_22.6066_-0.664901
18.7982_22.6066_-0.664901
19.1683_22.2903_-0.794128
19.5009_21.928_-0.896644
19.8032_21.5334_-0.958471
20.083_21.1212_-1.00661
20.345_20.6964_-1.04103
20.5945_20.2635_-1.06169
20.8496_19.8488_-0.932465
21.1554_19.4611_-0.84344
21.4328_18.6101_-0.664901
21.8284_18.3262_-0.535675
22.2603_18.0867_-0.44665
22.713_17.8788_-0.398508
23.1751_17.6904_-0.364091
23.6427_17.5134_-0.357202
23.6427_17.5134_-0.357202
24.0974_17.326_-0.459719
24.5382_17.0963_-0.521545
24.9662_16.8412_-0.569687
25.3833_16.5672_-0.604104
25.7926_16.2806_-0.624766
26.1959_15.9856_-0.645428
26.5969_15.7094_-0.516201
27.0325_15.4813_-0.413685
27.6561_14.8413_-0.208625
28.1277_14.7203_-0.337851
28.5886_14.543_-0.426876
29.0388_14.3295_-0.475018
29.48_14.0962_-0.509435
29.9129_13.8478_-0.543851
30.3386_13.5863_-0.564513
30.7607_13.3435_-0.435287
31.2144_13.1485_-0.346262
31.8694_12.5556_-0.155118
32.3532_12.5009_-0.0258924
32.84_12.5089_0.103334
33.3246_12.5779_0.219255
33.8032_12.6995_0.30828
34.2755_12.8582_0.356422
34.7395_13.0395_0.404564
35.1996_13.2353_0.397675
35.6601_13.43_0.404564
36.5138_13.9293_0.387768
36.9777_14.1077_0.325942
37.4523_14.2621_0.291525
37.9319_14.4001_0.257108
38.416_14.5238_0.236446
38.9024_14.6398_0.229557
39.3895_14.7524_0.222668
39.8593_14.88_0.351894
40.3121_15.0661_0.467815
41.1972_15.1368_0.685251
41.5607_15.4606_0.814477
41.8796_15.8286_0.943703
42.1515_16.2356_1.05962
42.3857_16.674_1.12145
42.5949_17.1262_1.16959
42.5949_17.1262_1.16959
42.7795_17.5876_1.23142
42.9403_18.0601_1.26584
43.0847_18.5379_1.30025
43.2149_19.0203_1.32091
43.3374_19.505_1.3278
43.4566_19.9905_1.33469
43.5503_20.4683_1.46392
43.5932_20.9635_1.52575
43.8469_21.7547_1.66659
43.7979_22.2523_1.67348
43.7478_22.7497_1.66659
43.6988_23.2473_1.67348
43.6487_23.7447_1.66659
43.5998_24.2423_1.67348
43.5496_24.7398_1.66659
43.5237_25.226_1.53736
43.5587_25.7142_1.42144
43.3614_26.5793_1.20603
43.5542_27.0264_1.0768
43.8026_27.4482_0.960879
44.0956_27.8497_0.899053
44.4107_28.2367_0.864636
44.7375_28.6147_0.843975
44.7375_28.6147_0.843975
45.0766_28.9709_0.741458
45.4499_29.299_0.679631
45.8417_29.6082_0.645215
46.2439_29.9038_0.610798
46.6551_30.1875_0.590136
47.0712_30.4648_0.583247
47.4914_30.7325_0.535105
47.9229_30.9843_0.514443
48.7455_31.5301_0.473026
49.1887_31.7608_0.493688
49.627_32.0007_0.51435
50.0618_32.2476_0.521239
50.4947_32.4976_0.528128
50.926_32.7505_0.535017
51.3567_33.0044_0.528128
51.7911_33.246_0.466302
52.2394_33.4653_0.431885
53.0418_33.988_0.350689
53.4916_34.1744_0.479916
53.9199_34.4161_0.582432
54.3268_34.699_0.65789
54.7161_35.0099_0.706033
55.0921_35.3381_0.740449
55.4587_35.6777_0.761111
55.826_36.0046_0.658594
56.2249_36.3032_0.610452
56.7772_37.0267_0.485541
57.2188_37.261_0.492431
57.6588_37.4984_0.49932
58.0983_37.7368_0.492431
58.5383_37.9742_0.49932
58.9778_38.2126_0.492431
59.4189_38.4479_0.485541
59.8588_38.6567_0.356315
60.3252_38.8125_0.253798
61.0534_39.3261_0.0649917
61.5375_39.3783_0.194218
62.019_39.4878_0.283243
62.4933_39.6365_0.34507
62.9594_39.8125_0.393212
63.4182_40.009_0.427629
63.8714_40.2193_0.44829
64.3187_40.4116_0.319064
64.792_40.5526_0.230039
65.5155_41.0778_0.0382824
66.0116_41.107_0.100109
66.5076_41.1626_0.134526
67.0014_41.2352_0.168942
67.4934_41.3226_0.189604
67.9841_41.418_0.196493
68.4743_41.5167_0.203382
68.9549_41.5948_0.0741563
69.444_41.6124_-0.0417645
70.2792_41.9138_-0.2592
70.7547_41.8091_-0.129974
71.2397_41.7665_-0.000748142
71.7262_41.7867_0.128478
72.2159_41.8625_0.203936
72.7035_41.9692_0.238353
72.7035_41.9692_0.238353
73.1811_42.064_0.109127
73.6669_42.0965_-0.0200995
74.1579_42.0699_-0.122616
74.6481_41.997_-0.198074
75.135_41.8912_-0.246217
75.6176_41.764_-0.280633
76.0793_41.6095_-0.409859
76.5205_41.3974_-0.52578
77.3884_41.1542_-0.72925
77.7649_40.8455_-0.600024
78.1799_40.5817_-0.497507
78.6215_40.3535_-0.43568
79.0764_40.1505_-0.387538
79.5406_39.9672_-0.353122
80.0107_39.7976_-0.33246
80.4637_39.6193_-0.461686
80.8992_39.3864_-0.550711
81.7857_39.2629_-0.72925
82.1635_38.9449_-0.640224
82.5681_38.6562_-0.578398
82.9891_38.3882_-0.543981
83.4184_38.1325_-0.52332
83.8529_37.8858_-0.502658
84.2692_37.6333_-0.631884
84.6496_37.3294_-0.76111
84.9876_36.9789_-0.890336
85.53_37.0348_-1.36849
85.6379_36.5484_-1.32035
85.7651_36.0652_-1.29969
85.9022_35.5847_-1.27903
86.0471_35.1062_-1.27214
86.1954_34.6287_-1.26525
86.3468_34.1522_-1.25836
86.4899_33.6762_-1.32018
86.6081_33.1913_-1.3546
86.9864_32.307_-1.4226
87.0591_31.8124_-1.42949
87.1284_31.3172_-1.43638
87.1942_30.8216_-1.44327
87.3316_29.8312_-1.44327
87.3964_29.3354_-1.43638
87.4622_28.8398_-1.44327
87.5269_28.3441_-1.43638
87.6644_27.3536_-1.43638
87.7325_26.8583_-1.42949
87.8018_26.3632_-1.43638
87.8699_25.8679_-1.42949
88.0005_24.8765_-1.42949
88.0698_24.3814_-1.43638
88.1356_23.8858_-1.44327
88.2003_23.39_-1.43638
88.3378_22.3996_-1.43638
88.4036_21.904_-1.44327
88.4683_21.4082_-1.43638
88.5342_20.9126_-1.44327
88.6716_19.9222_-1.44327
88.7363_19.4264_-1.43638
88.8022_18.9308_-1.44327
88.8669_18.4351_-1.43638
89.0043_17.4446_-1.43638
89.079_16.9521_-1.38824
89.1752_16.4623_-1.35382
89.2861_15.9751_-1.33316
89.4071_15.4903_-1.3125
89.5359_15.0072_-1.30561
89.6681_14.5251_-1.29872
89.8013_14.0432_-1.30561
89.9335_13.561_-1.29872
90.1856_12.699_-1.30027
