configuration -4.52205276489_51.1520843506_-0.288179288681_0.957576470876_89.803527832_11.5547637939_-0.656431103106_0.754385980036
length 153.217
time 10.9514
roughness 9.95017e-05
-4.52205_51.1521_-0.58465
-4.10273_50.8814_-0.550233
-3.67503_50.6231_-0.529571
-3.24297_50.3715_-0.522682
-2.80918_50.1229_-0.515793
-2.37483_49.8753_-0.522682
-2.37483_49.8753_-0.522682
-1.95725_49.6156_-0.625199
-1.56028_49.3164_-0.687026
-1.18021_48.9943_-0.735168
-0.813892_48.6554_-0.769584
-0.457431_48.3052_-0.790246
-0.10828_47.9478_-0.810908
0.211851_47.5809_-0.940134
0.491181_47.1737_-1.02916
1.14791_46.567_-1.21829
1.33522_46.1175_-1.08906
1.57769_45.6897_-0.986546
1.8603_45.2808_-0.92472
2.16658_44.8879_-0.876577
2.49026_44.508_-0.842161
2.82553_44.1375_-0.821499
3.14176_43.7673_-0.950725
3.41676_43.3571_-1.03975
4.1413_42.8316_-1.21829
4.28989_42.3679_-1.34752
4.3875_41.8821_-1.42297
4.45059_41.389_-1.4848
4.48776_40.8913_-1.51922
4.51009_40.3922_-1.53988
4.52209_39.8926_-1.56054
4.54772_39.4064_-1.43131
4.63253_38.922_-1.3288
4.4921_38.0401_-1.13758
4.70997_37.5934_-1.07576
4.95364_37.1588_-1.02762
5.21648_36.7345_-0.993199
5.49218_36.3178_-0.972537
5.77471_35.9053_-0.965648
6.06007_35.4948_-0.958759
6.32267_35.0848_-1.08798
6.53613_34.6417_-1.1905
7.1454_33.9925_-1.39495
7.25082_33.5172_-1.26573
7.41661_33.0594_-1.1365
7.64001_32.6268_-1.00728
7.9173_32.2266_-0.878049
8.24386_31.8654_-0.748823
8.24386_31.8654_-0.748823
8.60929_31.5242_-0.755712
8.97237_31.1805_-0.762601
9.33466_30.836_-0.755712
10.06_30.1477_-0.755712
10.428_29.8119_-0.70757
10.811_29.4918_-0.673153
11.2038_29.183_-0.652492
11.6018_28.8804_-0.645602
12.0018_28.5805_-0.638713
12.4039_28.2833_-0.631824
12.7842_27.9794_-0.76105
13.1316_27.6284_-0.850075
13.9327_27.2194_-1.02705
14.2021_26.8137_-0.897826
14.5206_26.4341_-0.822368
14.8644_26.0723_-0.787951
15.2192_25.7205_-0.76729
15.5812_25.3761_-0.746628
15.5812_25.3761_-0.746628
15.9337_25.0302_-0.835653
16.2594_24.6547_-0.89748
16.5661_24.261_-0.931896
16.8591_23.857_-0.966313
17.1403_23.4439_-0.986975
17.4149_23.0262_-0.993864
17.6975_22.6297_-0.864638
18.0284_22.2608_-0.78918
18.387_21.4292_-0.62473
18.5915_21.2746_-0.692744
18.9527_20.9481_-0.82197
19.156_20.7172_-0.903586
19.2032_20.6565_-0.92399
19.2186_20.636_-0.930792
19.2186_20.636_-0.930792
19.5121_20.2323_-0.965208
19.7937_19.8195_-0.98587
20.0667_19.401_-1.00653
20.3331_18.9779_-1.01342
20.6079_18.576_-0.884195
20.9315_18.2007_-0.808737
21.1799_17.5417_-0.62473
21.5848_17.2483_-0.631619
21.9876_16.9522_-0.638508
22.3898_16.6552_-0.631619
22.7926_16.359_-0.638508
23.1947_16.062_-0.631619
23.5989_15.7677_-0.62473
24.0056_15.4999_-0.495504
24.4459_15.2808_-0.392987
25.0944_14.6739_-0.190689
25.5844_14.5758_-0.211351
26.073_14.4698_-0.21824
26.5608_14.3604_-0.225129
27.0479_14.2477_-0.232018
27.5342_14.1316_-0.238907
28.0197_14.0122_-0.245797
28.4865_13.8738_-0.375023
28.9348_13.6773_-0.490944
29.8151_13.5743_-0.706136
30.1986_13.2744_-0.57691
30.6176_13.0263_-0.447684
31.065_12.8343_-0.318458
31.5335_12.7016_-0.189232
32.0224_12.6206_-0.113773
32.0224_12.6206_-0.113773
32.508_12.5859_0.0154526
32.9941_12.614_0.144679
33.4725_12.7046_0.273905
33.9384_12.8549_0.389826
34.3919_13.0546_0.465284
34.8314_13.2867_0.52711
35.2507_13.5476_0.616136
35.6504_13.8431_0.677962
36.4203_14.4272_0.759463
36.7872_14.7472_0.630237
37.1924_15.0172_0.501011
37.6304_15.2358_0.38509
38.0933_15.4077_0.296065
38.5716_15.5429_0.234238
39.0583_15.6532_0.199822
39.5392_15.7295_0.0705954
40.0284_15.7454_-0.0453254
40.9233_15.8995_-0.248719
41.4041_15.7692_-0.296861
41.8809_15.6197_-0.317523
42.3545_15.4604_-0.338185
42.8258_15.2935_-0.345074
43.2959_15.1233_-0.351963
43.7648_14.9499_-0.358853
44.233_14.7875_-0.283394
44.7135_14.6558_-0.235252
45.4638_14.2881_-0.140692
45.9454_14.201_-0.256613
46.4215_14.0633_-0.332071
46.8898_13.8933_-0.380213
47.3511_13.7028_-0.41463
47.8071_13.4984_-0.435291
48.2587_13.2846_-0.455953
48.7045_13.0889_-0.326727
49.1767_12.9443_-0.237702
49.889_12.4_-0.0330916
50.3758_12.4045_0.0961346
50.8635_12.4683_0.198651
51.3486_12.5763_0.260478
51.8279_12.7123_0.30862
52.3016_12.8694_0.343037
52.771_13.0407_0.363698
53.233_13.1944_0.234472
53.7165_13.295_0.145447
54.4759_13.7687_-0.0330916
54.9729_13.7624_0.028735
55.4716_13.7825_0.0631516
55.97_13.8175_0.0838134
56.4677_13.8627_0.104475
56.9648_13.916_0.111364
57.4615_13.9727_0.118254
57.9421_14.0506_0.24748
58.4118_14.1885_0.3634
59.3017_14.1993_0.578593
59.6977_14.4826_0.707819
60.0539_14.8145_0.837045
60.3643_15.1896_0.966271
60.6238_15.6016_1.0955
60.8281_16.0436_1.22472
60.8281_16.0436_1.22472
60.9896_16.5149_1.27287
61.1329_16.9935_1.29353
61.2664_17.4751_1.31419
61.3922_17.9589_1.32108
61.5146_18.4437_1.32797
61.6337_18.9293_1.33486
61.7662_19.4005_1.21894
61.9471_19.8634_1.15711
62.0487_20.7646_1.00759
62.3258_21.1649_0.878369
62.6523_21.5262_0.749143
63.0235_21.8487_0.646626
63.4263_22.14_0.584799
63.8455_22.4107_0.550383
63.8455_22.4107_0.550383
64.2558_22.682_0.652899
64.6443_22.992_0.714726
65.0153_23.3245_0.762868
65.3721_23.6734_0.797285
65.7187_24.0333_0.817946
66.0597_24.399_0.824836
66.3747_24.7702_0.954062
66.6483_25.1813_1.04309
67.2861_25.7942_1.20483
67.475_26.2523_1.12938
67.695_26.6993_1.08123
67.9347_27.1371_1.04682
68.1877_27.568_1.02616
68.4477_27.995_1.01927
68.7107_28.4202_1.01238
68.9859_28.8219_0.883151
69.31_29.1968_0.807692
69.7347_29.9767_0.663935
70.1051_30.2927_0.793161
70.4411_30.6546_0.882186
70.749_31.0448_0.944013
71.0347_31.4529_0.992155
71.3029_31.8739_1.02657
71.5586_32.3031_1.04723
71.8197_32.7141_0.918007
72.1311_33.0974_0.828982
72.4325_33.939_0.637225
72.8145_34.2451_0.753146
73.1675_34.5929_0.828604
73.4983_34.9655_0.876746
73.8131_35.3527_0.911163
74.1166_35.7497_0.931825
74.4118_36.1528_0.952487
74.7098_36.5466_0.863461
75.0396_36.9201_0.815319
75.4621_37.7484_0.704742
75.846_38.0479_0.575516
76.2653_38.2953_0.44629
76.713_38.4867_0.317064
77.1817_38.6187_0.187838
77.6634_38.6893_0.0586115
77.6634_38.6893_0.0586115
78.1573_38.7307_0.13407
78.6499_38.8052_0.182212
79.1406_38.8991_0.202874
79.6294_39.0031_0.223535
80.1158_39.1173_0.244197
80.6007_39.2393_0.251086
81.0809_39.3453_0.148569
81.5739_39.4087_0.0867429
82.2982_39.6958_-0.0376258
82.7836_39.6569_-0.166852
83.2598_39.5558_-0.296078
83.7191_39.3941_-0.425304
84.1537_39.1746_-0.55453
84.5564_38.9009_-0.683756
84.5564_38.9009_-0.683756
84.5564_38.9009_-0.683756
84.9205_38.5776_-0.812983
85.2398_38.2101_-0.942209
85.5154_37.8027_-1.04473
85.7586_37.3679_-1.09287
85.9831_36.9222_-1.12728
85.9831_36.9222_-1.12728
86.2098_36.4884_-1.01136
86.4833_36.0751_-0.935905
86.7851_35.6787_-0.887763
87.1032_35.2933_-0.867101
87.4291_34.9146_-0.84644
87.7628_34.5427_-0.825778
88.0774_34.1711_-0.955004
88.3477_33.7602_-1.05752
89.0491_33.2103_-1.26214
89.1799_32.7386_-1.37806
89.2627_32.25_-1.45352
89.3154_31.7537_-1.48793
89.3533_31.2554_-1.50859
89.3809_30.7565_-1.52926
89.3809_30.7565_-1.52926
89.3959_30.2577_-1.56367
89.3961_29.758_-1.58433
89.3859_29.2584_-1.605
89.3653_28.7592_-1.62566
89.3368_28.2601_-1.63255
89.3048_27.7611_-1.63944
89.2508_27.2772_-1.76866
89.1364_26.8013_-1.88458
89.1702_25.915_-2.09964
88.9425_25.4845_-1.97041
88.7723_25.0284_-1.84119
88.6622_24.5541_-1.71196
88.6095_24.0651_-1.60944
88.6005_23.5682_-1.54762
88.6005_23.5682_-1.54762
88.6178_23.0694_-1.5132
88.65_22.5708_-1.49254
88.6903_22.0724_-1.48565
88.7339_21.5744_-1.47876
88.781_21.0766_-1.47187
88.781_21.0766_-1.47187
88.8315_20.5792_-1.46498
88.8855_20.0822_-1.45809
88.9406_19.5853_-1.46498
89.0496_18.5913_-1.46498
89.1013_18.094_-1.47187
89.1495_17.5964_-1.47876
89.1943_17.0984_-1.48565
89.2357_16.6002_-1.49254
89.2736_16.1016_-1.49943
89.3104_15.603_-1.49254
89.3529_15.1052_-1.47188
89.4057_14.6083_-1.45122
89.4569_13.6161_-1.42373
89.5313_13.1217_-1.41684
89.6091_12.6278_-1.40995
89.7613_11.6398_-1.39618
