configuration -3.08480739594_22.5642471313_-0.424155304833_0.905589464041_28.1138801575_4.40596151352_-0.254607913402_0.967044368389
length 43.9718
time 300
roughness 0.000413503
-3.08481_22.5642_-0.876058
-3.00163_22.4667_-0.842051
-2.95002_22.4096_-0.821647
-2.91492_22.3722_-0.808044
-2.89716_22.3537_-0.801243
-2.87928_22.3353_-0.794441
-2.87928_22.3353_-0.794441
-2.52371_22.0027_-0.665215
-2.12824_21.7187_-0.535989
-1.69946_21.488_-0.406763
-1.24454_21.3145_-0.277537
-0.771048_21.2011_-0.148311
-0.280699_21.1425_-0.0592853
0.206122_21.1343_0.0699408
0.692751_21.1871_0.185862
1.32307_21.2921_0.362435
1.77061_21.4838_0.491662
2.19605_21.7305_0.594178
2.6021_22.0172_0.656005
2.99408_22.3261_0.690421
3.37519_22.6484_0.724838
3.74696_22.9822_0.7455
4.11939_23.3034_0.642983
4.52321_23.5932_0.581157
5.09491_24.3019_0.457087
5.54054_24.4981_0.327861
6.01123_24.6406_0.225344
6.4969_24.7393_0.149886
6.99065_24.8058_0.101743
7.4877_24.8507_0.0673268
7.98646_24.8809_0.046665
8.48523_24.8985_0.0122484
8.9849_24.9012_-0.00841336
9.98003_24.9187_-0.0360171
10.4796_24.8995_-0.0429063
10.9792_24.8792_-0.0360171
11.4788_24.8601_-0.0429063
11.9783_24.8398_-0.0360171
12.4779_24.8206_-0.0429063
12.9774_24.7981_-0.0497955
13.4622_24.7532_-0.179022
13.9402_24.6478_-0.294942
14.824_24.7175_-0.510335
15.2383_24.4618_-0.639561
15.6163_24.155_-0.768787
15.961_23.8013_-0.857812
16.2808_23.4193_-0.905954
16.5842_23.023_-0.940371
16.5842_23.023_-0.940371
16.8815_22.6214_-0.919709
17.1871_22.2261_-0.899048
17.4991_21.8354_-0.892158
17.8139_21.447_-0.885269
18.1313_21.0607_-0.87838
18.4513_20.6766_-0.871491
18.755_20.2897_-0.974008
19.0258_19.873_-1.03583
19.6693_19.2073_-1.15759
19.8668_18.7483_-1.17825
20.0548_18.2854_-1.19891
20.2354_17.8192_-1.2058
20.4127_17.3517_-1.21269
20.5869_16.8831_-1.21958
20.7578_16.4132_-1.22647
20.9026_15.9484_-1.35569
20.9938_15.463_-1.44472
21.3529_14.6438_-1.6334
21.343_14.157_-1.50418
21.396_13.673_-1.37495
21.5109_13.1998_-1.24572
21.6858_12.7455_-1.1165
21.9178_12.3174_-0.987271
21.9178_12.3174_-0.987271
22.188_11.8978_-1.02169
22.4459_11.4698_-1.04235
22.6948_11.0365_-1.06301
22.9369_10.5991_-1.0699
23.176_10.16_-1.07679
23.412_9.71928_-1.08368
23.6215_9.27975_-1.2129
23.7754_8.81508_-1.32883
24.2781_8.08276_-1.54388
24.3118_7.59703_-1.41466
24.4078_7.11971_-1.28543
24.5646_6.65874_-1.1562
24.7794_6.22181_-1.02698
25.0487_5.81621_-0.897752
25.0487_5.81621_-0.897752
25.3681_5.4487_-0.768526
25.7322_5.12541_-0.6393
26.1349_4.85173_-0.510074
26.5695_4.63223_-0.380848
27.0288_4.47057_-0.251621
27.0288_4.47057_-0.251621
