configuration -17.6504554749_-22.9172973633_0.256229049699_0.256229049699_76.2194671631_43.7661514282_0.386216847154_0.922408015454
length 133.508
time 300
roughness 0.000250827
-17.6505_-22.9173_0.150019
-17.1606_-22.8329_0.211845
-16.6739_-22.7224_0.246262
-16.1902_-22.5973_0.266923
-15.7082_-22.4643_0.273813
-15.2272_-22.328_0.280702
-15.2272_-22.328_0.280702
-14.7471_-22.1884_0.287591
-14.2674_-22.0477_0.280702
-13.7873_-21.9081_0.287591
-13.3076_-21.7674_0.280702
-12.8275_-21.6277_0.287591
-12.3484_-21.4848_0.29448
-11.8888_-21.3239_0.423706
-11.4506_-21.1058_0.539627
-10.5763_-20.9593_0.755019
-10.2079_-20.641_0.625793
-9.80156_-20.3728_0.496567
-9.36403_-20.1592_0.367341
-8.90262_-20.0037_0.238115
-8.42503_-19.909_0.108889
-8.42503_-19.909_0.108889
-7.93119_-19.8675_0.0334307
-7.43306_-19.8588_-0.0147114
-6.93351_-19.8696_-0.0353732
-6.43428_-19.8907_-0.0560349
-5.93517_-19.9199_-0.0629241
-5.43627_-19.9525_-0.0698133
-4.94126_-19.9973_-0.13164
-4.44728_-20.0685_-0.166057
-3.53127_-20.1208_-0.24639
-3.05054_-20.2246_-0.143873
-2.55728_-20.2857_-0.0820468
-2.05943_-20.3209_-0.0476301
-1.56018_-20.3413_-0.0269684
-1.06037_-20.3536_-0.0200792
-1.06037_-20.3536_-0.0200792
-0.56374_-20.3738_-0.0819057
-0.0668297_-20.4203_-0.116322
0.428186_-20.4839_-0.150739
0.921661_-20.5623_-0.171401
1.4141_-20.6487_-0.17829
1.90593_-20.7385_-0.185179
2.38027_-20.8484_-0.314405
2.8452_-21.0149_-0.403431
3.74334_-21.1184_-0.565212
4.16518_-21.3616_-0.435986
4.61485_-21.5483_-0.306759
5.08482_-21.6755_-0.177533
5.56727_-21.7411_-0.0483072
6.05415_-21.744_0.080919
6.05415_-21.744_0.080919
6.53735_-21.6841_0.210145
7.00879_-21.5624_0.339371
7.46063_-21.3811_0.468597
7.88533_-21.1429_0.597823
8.2758_-20.8521_0.72705
8.2758_-20.8521_0.72705
8.62553_-20.5133_0.856276
8.9287_-20.1324_0.985502
9.18024_-19.7155_1.11473
9.3789_-19.2681_1.23065
9.53506_-18.7963_1.29248
9.53506_-18.7963_1.29248
9.64887_-18.3228_1.4217
9.70543_-17.8343_1.52422
9.71837_-17.3374_1.58604
9.7028_-16.8395_1.63419
9.66548_-16.3418_1.6686
9.61327_-15.8449_1.68927
9.57626_-15.3594_1.56004
9.59611_-14.8659_1.47101
9.32095_-14.0142_1.29248
9.47444_-13.5522_1.16325
9.6862_-13.1137_1.03402
9.95236_-12.703_0.918102
10.2631_-12.3169_0.842644
10.988_-11.7183_0.768769
11.3298_-11.3646_0.871286
11.6393_-10.9775_0.946744
11.9239_-10.5686_0.994886
12.1908_-10.1469_1.0293
12.4454_-9.717_1.04996
12.7054_-9.30531_0.920739
13.0157_-8.92117_0.831713
13.3395_-8.0637_0.646345
13.7155_-7.75425_0.775571
14.0483_-7.39894_0.904797
14.3327_-7.0037_1.03402
14.5637_-6.57511_1.16325
14.5937_-6.50427_1.18365
14.5937_-6.50427_1.18365
14.7965_-6.06161_1.05443
15.0546_-5.64877_0.925201
15.3638_-5.26932_0.80928
15.7149_-4.92207_0.720255
16.0791_-4.58599_0.795713
16.4243_-4.22548_0.83013
16.7608_-3.85572_0.837019
17.3438_-3.82422_0.958252
17.6066_-3.41434_1.08748
17.8144_-2.97402_1.2167
17.9637_-2.51059_1.34593
18.0521_-2.03179_1.47516
18.076_-1.64804_1.57718
18.076_-1.64804_1.57718
18.0522_-1.16172_1.7064
17.966_-0.682527_1.83563
17.8188_-0.218435_1.96486
17.6707_0.108476_2.06007
17.5839_0.265574_2.10768
17.5839_0.265574_2.10768
17.3528_0.694138_1.97846
17.1789_1.14891_1.84923
17.065_1.6223_1.72001
17.0131_2.10641_1.59078
17.024_2.59318_1.46155
17.565_2.90554_-0.117033
17.9225_2.87354_-0.103431
18.4199_2.82306_-0.0965413
18.9176_2.77833_-0.0758796
19.4162_2.74157_-0.0689903
20.0562_2.7131_-0.0550598
20.5531_2.67772_-0.103202
21.0489_2.62062_-0.137619
21.5434_2.54867_-0.15828
22.0362_2.46651_-0.178942
22.528_2.3764_-0.185831
23.0192_2.28289_-0.19272
23.5006_2.20998_-0.0634944
23.9899_2.19757_0.0524264
24.8214_1.88501_0.269687
25.2848_2.0345_0.398913
25.734_2.23963_0.487938
26.1703_2.48021_0.536081
26.5964_2.74003_0.570497
27.0151_3.01276_0.591159
27.428_3.29409_0.611821
27.8379_3.58031_0.604931
28.2498_3.8637_0.598042
29.0178_4.49621_0.569204
29.4351_4.77_0.603621
29.8445_5.05645_0.624283
30.2479_5.3513_0.644944
30.6468_5.65277_0.651834
31.0435_5.95698_0.658723
31.4382_6.26392_0.665612
31.8228_6.57882_0.727438
32.1937_6.91365_0.7481
32.9772_7.47323_0.815188
33.3258_7.81314_0.685962
33.7167_8.11161_0.583446
34.1371_8.37685_0.521619
34.5729_8.61815_0.473477
35.0197_8.84062_0.43906
35.4734_9.0499_0.418398
35.9095_9.2664_0.547625
36.3234_9.53583_0.63665
37.196_9.73498_0.815188
37.5361_10.101_0.83585
37.8686_10.474_0.856512
38.1953_10.8525_0.863401
38.5193_11.2333_0.87029
38.8407_11.6162_0.87718
39.1594_12.0014_0.884069
39.4824_12.3792_0.822242
39.8262_12.741_0.787826
40.3683_13.5328_0.720191
40.7489_13.8503_0.644733
41.1518_14.1433_0.596591
41.5679_14.4189_0.562174
41.9925_14.6823_0.541513
42.4215_14.939_0.534623
42.8523_15.1928_0.527734
43.283_15.4199_0.398508
43.741_15.5925_0.282587
44.4739_16.0874_0.0533931
44.9732_16.113_0.0465038
45.4727_16.1351_0.0396146
45.9723_16.1537_0.0327254
46.472_16.1689_0.0258362
46.9718_16.1807_0.018947
46.9718_16.1807_0.018947
47.4717_16.1913_0.0258362
47.9715_16.2054_0.0327254
48.4712_16.2206_0.0258362
48.971_16.2347_0.0327254
49.4707_16.2499_0.0258362
49.9705_16.2639_0.0327254
50.4573_16.2592_-0.0965007
50.9424_16.1935_-0.212421
51.8151_16.3137_-0.441821
52.2666_16.1186_-0.339304
52.7386_15.9628_-0.277478
53.2199_15.834_-0.229336
53.7072_15.7238_-0.208674
54.1967_15.6236_-0.188012
54.6881_15.5313_-0.181123
55.1703_15.464_-0.0518967
55.6598_15.4573_0.0640241
56.5194_15.2497_0.293828
56.9791_15.4103_0.423054
57.4141_15.6289_0.55228
57.8175_15.9016_0.681507
58.1822_16.2241_0.810733
58.5146_16.5917_0.886191
58.5146_16.5917_0.886191
58.8383_16.962_0.783674
59.1975_17.3055_0.721848
59.5767_17.6287_0.673705
59.9702_17.9356_0.639289
60.3733_18.2309_0.618627
60.7813_18.5199_0.611738
61.1676_18.8162_0.740964
61.5248_19.1597_0.816422
62.3401_19.5605_0.967596
62.6082_19.9752_1.05662
62.8437_20.4129_1.11845
63.0567_20.8643_1.15286
63.2563_21.3223_1.17353
63.4465_21.7844_1.19419
63.6293_22.2498_1.20108
63.7886_22.7126_1.317
63.9035_23.1962_1.37882
64.2845_24.0389_1.50055
64.3392_24.5227_1.37133
64.4558_24.9954_1.2421
64.6314_25.4523_1.12618
64.8556_25.8942_1.05072
65.1101_26.3225_1.00258
65.3835_26.7401_0.968165
65.6659_27.1526_0.975054
65.9455_27.5671_0.981943
66.5981_28.3004_0.998833
66.8744_28.7149_0.950691
67.1691_29.1177_0.916274
67.476_29.512_0.895612
67.7894_29.9016_0.888723
68.1054_30.2889_0.881834
68.4242_30.6741_0.874945
68.752_31.0407_0.772428
69.1144_31.3826_0.724286
69.681_32.1241_0.616786
70.0659_32.4223_0.746012
70.4091_32.7676_0.875238
70.7143_33.1559_0.964264
70.9891_33.57_1.02609
71.2428_33.9998_1.06051
71.2428_33.9998_1.06051
71.4839_34.4375_1.08117
71.718_34.8792_1.08806
71.9491_35.3226_1.09495
72.1771_35.7675_1.10184
72.402_36.214_1.10873
72.402_36.214_1.10873
72.636_36.6466_1.00621
72.9105_37.061_0.944382
73.2077_37.4619_0.909966
73.5171_37.8543_0.889304
73.8346_38.2401_0.868642
74.1599_38.6194_0.84798
74.4662_38.9979_0.977206
74.7303_39.4152_1.06623
75.4226_39.9887_1.24388
75.5774_40.4632_1.27829
75.7227_40.9416_1.2714
75.8691_41.4197_1.27829
76.0346_42.3933_1.25229
