configuration 72.6459350586_2.13817882538_-0.994211695618_0.107438839792_19.5581073761_50.1696281433_0.955633460234_0.294558465643
length 172.275
time 2.40532
roughness 0.00011709
72.6459_2.13818_-2.9263
72.1751_2.0141_-2.79707
71.7242_1.83038_-2.66785
71.3008_1.59009_-2.53862
70.9118_1.29723_-2.40939
70.5638_0.956688_-2.28017
70.231_0.594575_-2.38269
69.8634_0.260027_-2.44451
69.4771_-0.05597_-2.47893
69.0811_-0.360657_-2.49959
68.68_-0.659115_-2.50648
68.2762_-0.931102_-2.63571
67.8406_-1.14878_-2.76493
67.3807_-1.30852_-2.89416
66.904_-1.40765_-3.02338
66.4185_-1.44453_-3.15261
65.9319_-1.45981_-3.02338
65.4512_-1.53767_-2.89416
64.9847_-1.67681_-2.76493
64.5399_-1.87492_-2.63571
64.1244_-2.1287_-2.50648
63.7205_-2.40069_-2.63571
63.285_-2.61837_-2.76493
62.8251_-2.7781_-2.89416
62.3417_-2.88742_-2.96962
61.8495_-2.96481_-3.01776
61.3643_-3.00442_-3.14698
60.8779_-2.98116_-3.27621
60.3986_-2.89543_-3.40544
59.9344_-2.74864_-3.53466
59.493_-2.54326_-3.66389
59.0611_-2.31846_-3.53466
58.6007_-2.14557_-3.43215
58.1216_-2.01298_-3.37032
57.6343_-1.9054_-3.3359
57.1434_-1.8123_-3.31524
56.6607_-1.74857_-3.18602
56.1738_-1.74758_-3.05679
55.6908_-1.80935_-2.92756
55.2198_-1.93283_-2.79834
54.7687_-2.11598_-2.66911
54.3262_-2.31899_-2.79834
53.8611_-2.46328_-2.92756
53.3814_-2.54644_-3.05679
52.895_-2.56708_-3.18602
52.4099_-2.52487_-3.31524
51.9272_-2.46114_-3.18602
51.4403_-2.46015_-3.05679
50.9573_-2.52192_-2.92756
50.4864_-2.6454_-2.79834
50.0352_-2.82855_-2.66911
49.5927_-3.03156_-2.79834
49.1277_-3.17585_-2.92756
48.6479_-3.25901_-3.05679
48.1615_-3.27965_-3.18602
47.6764_-3.23744_-3.31524
47.2009_-3.13307_-3.44447
46.7427_-2.96828_-3.57369
46.298_-2.74955_-3.64915
45.8647_-2.50199_-3.68357
45.4384_-2.2413_-3.70423
45.0159_-1.99927_-3.575
44.5658_-1.8137_-3.44578
44.0955_-1.68769_-3.31655
43.6128_-1.62333_-3.18733
43.126_-1.6217_-3.0581
42.6429_-1.68283_-2.92887
42.1718_-1.8057_-2.79965
41.7204_-1.98826_-2.67042
41.2963_-2.22746_-2.54119
40.9066_-2.51932_-2.41197
40.5308_-2.84772_-2.44639
40.1449_-3.16513_-2.46705
39.7525_-3.4745_-2.48771
39.355_-3.7777_-2.4946
38.9554_-4.07816_-2.50149
38.5508_-4.36132_-2.59051
38.1222_-4.61536_-2.63865
37.6828_-4.85318_-2.65932
37.2385_-5.08187_-2.67998
36.7904_-5.30352_-2.68687
36.3398_-5.50998_-2.76233
35.8741_-5.68944_-2.79674
35.4027_-5.85511_-2.8174
34.928_-6.01101_-2.83807
34.4505_-6.15935_-2.84496
33.9827_-6.31755_-2.75593
33.5242_-6.51233_-2.70779
33.0738_-6.72728_-2.67337
32.6294_-6.95585_-2.65271
32.1886_-7.19166_-2.64582
31.7705_-7.44122_-2.51659
31.3881_-7.74258_-2.38737
31.0477_-8.0907_-2.25814
30.755_-8.47979_-2.12892
30.5149_-8.90335_-1.99969
30.2938_-9.33716_-2.12892
30.0187_-9.73887_-2.25814
29.6941_-10.1018_-2.38737
29.3254_-10.4198_-2.51659
28.9189_-10.6877_-2.64582
28.4812_-10.901_-2.77505
28.0196_-11.0561_-2.90427
27.5398_-11.1529_-3.02019
27.0465_-11.2006_-3.09565
26.5486_-11.2155_-3.14379
26.0516_-11.2042_-3.20562
25.554_-11.1666_-3.24004
25.0571_-11.114_-3.2607
24.5608_-11.0535_-3.26759
24.0649_-10.9895_-3.27448
23.5855_-10.9046_-3.4037
23.1102_-10.7643_-3.47916
22.6428_-10.5918_-3.5273
22.1812_-10.4006_-3.54796
21.7236_-10.1999_-3.56863
21.2894_-9.97966_-3.69785
20.8778_-9.70667_-3.78688
20.487_-9.39965_-3.8487
20.1113_-9.0711_-3.88312
19.7451_-8.73109_-3.90378
19.379_-8.41011_-3.77456
18.9746_-8.13899_-3.64533
18.5386_-7.92225_-3.5161
18.0783_-7.7635_-3.38688
17.6014_-7.66539_-3.25765
17.1159_-7.62955_-3.12843
16.6297_-7.65659_-2.9992
16.1511_-7.74605_-2.86997
15.6849_-7.89526_-2.75405
15.2287_-8.09251_-2.69223
14.7995_-8.32241_-2.563
14.4002_-8.60552_-2.44708
14.0275_-8.93212_-2.37162
13.6732_-9.28362_-2.33721
13.3291_-9.64596_-2.31654
13.0142_-10.0173_-2.18732
12.7498_-10.4261_-2.05809
12.5402_-10.8656_-1.92886
12.3891_-11.3285_-1.79964
12.2988_-11.8069_-1.67041
12.2299_-12.2889_-1.79964
12.0994_-12.758_-1.92886
11.9096_-13.2064_-2.05809
11.6636_-13.6265_-2.18732
11.3655_-14.0115_-2.31654
11.0203_-14.3548_-2.44577
10.6337_-14.6508_-2.575
10.2122_-14.8945_-2.70422
9.76279_-15.0819_-2.83345
9.28938_-15.2151_-2.93596
8.80896_-15.2942_-3.06519
8.32235_-15.3108_-3.19442
7.83767_-15.2645_-3.32364
7.35268_-15.1626_-3.3991
6.87154_-15.03_-3.43352
6.39973_-14.9097_-3.30429
5.91636_-14.8513_-3.17507
5.42948_-14.8556_-3.04584
4.94723_-14.9227_-2.91661
4.47764_-15.0513_-2.78739
4.01423_-15.2007_-2.91661
3.53326_-15.2916_-3.03253
3.03943_-15.3332_-3.10799
2.54047_-15.3443_-3.14241
2.04082_-15.3404_-3.16307
1.54094_-15.3308_-3.15618
1.04102_-15.3247_-3.14929
0.541063_-15.322_-3.1424
0.0411019_-15.3204_-3.14929
-0.458854_-15.3177_-3.1424
-0.94529_-15.2967_-3.27163
-1.42496_-15.2131_-3.40086
-1.88987_-15.0685_-3.53008
-2.33225_-14.8651_-3.65931
-2.74475_-14.6065_-3.78853
-3.12985_-14.2973_-3.87756
-3.49371_-13.957_-3.9257
-3.84505_-13.6017_-3.94636
-4.18897_-13.2392_-3.96702
-4.52722_-12.8711_-3.97391
-4.84268_-12.4968_-4.08983
-5.12416_-12.0871_-4.15166
-5.38471_-11.6615_-4.18608
-5.63274_-11.2277_-4.20674
-5.8739_-10.7897_-4.21363
-6.12471_-10.3724_-4.0844
-6.42721_-9.99091_-3.95518
-6.77635_-9.65155_-3.82595
-7.16631_-9.36001_-3.69672
-7.59058_-9.12116_-3.5675
-8.02505_-8.90139_-3.69672
-8.42758_-8.62747_-3.82595
-8.79145_-8.30396_-3.95518
-9.1106_-7.93625_-4.0844
-9.3797_-7.53049_-4.21363
-9.60844_-7.08921_-4.27546
-9.81444_-6.63462_-4.30987
-10.007_-6.17355_-4.33053
-10.1923_-5.70917_-4.33742
-10.3743_-5.24353_-4.34431
-10.5301_-4.78223_-4.47354
-10.6251_-4.30471_-4.60276
-10.6578_-3.81892_-4.73199
-10.6277_-3.33296_-4.86122
-10.5351_-2.85495_-4.99044
-10.3818_-2.39284_-5.11967
-10.1701_-1.95435_-5.24889
-9.90624_-1.53487_-5.32435
-9.61354_-1.13171_-5.3725
-9.30443_-0.73913_-5.39316
-9.01429_-0.348126_-5.26393
-8.77697_0.0770062_-5.1347
-8.5964_0.529178_-5.00548
-8.47561_1.00085_-4.87625
-8.41662_1.48415_-4.74703
-8.39816_1.98377_-4.75392
-8.37625_2.48326_-4.7608
-8.35091_2.98258_-4.76769
-8.32213_3.48171_-4.77458
-8.28991_3.98063_-4.78147
-8.27691_4.46735_-4.65225
-8.32675_4.95168_-4.52302
-8.43858_5.42556_-4.39379
-8.61055_5.88107_-4.26457
-8.83978_6.31062_-4.13534
-9.12246_6.70705_-4.00612
-9.45387_7.06374_-3.87689
-9.82848_7.37476_-3.74766
-10.2425_7.64399_-3.65864
-10.6794_7.88329_-3.6105
-11.1041_8.12153_-3.73972
-11.4944_8.4125_-3.86895
-11.8441_8.75135_-3.99817
-12.1471_9.13244_-4.1274
-12.3985_9.5494_-4.25663
-12.5941_9.99528_-4.38585
-12.7387_10.4675_-4.47488
-12.8481_10.9535_-4.52302
-12.9388_11.4449_-4.54368
-13.0193_11.938_-4.56434
-13.0706_12.4222_-4.69357
-13.0592_12.909_-4.8228
-12.9851_13.3902_-4.95202
-12.8496_13.8578_-5.08125
-12.6549_14.3041_-5.21047
-12.4099_14.7379_-5.25862
-12.1474_15.1631_-5.27928
-11.8762_15.5827_-5.29994
-11.5981_15.9982_-5.30683
-11.3172_16.4118_-5.31372
-11.059_16.8246_-5.18449
-10.8561_17.2672_-5.05527
-10.712_17.7323_-4.92604
-10.629_18.2121_-4.79681
-10.6086_18.6985_-4.66759
-10.6098_19.1854_-4.79681
-10.5482_19.6684_-4.92604
-10.4249_20.1394_-5.05527
-10.2419_20.5906_-5.18449
-10.0023_21.0145_-5.31372
-9.72246_21.4284_-5.29306
-9.45123_21.8481_-5.27239
-9.18663_22.2723_-5.26551
-8.92495_22.6983_-5.25862
-8.66622_23.1261_-5.25173
-8.41977_23.5577_-5.1899
-8.1955_24.0036_-5.15548
-7.98438_24.4565_-5.13482
-7.78046_24.9129_-5.12793
-7.57968_25.3708_-5.12104
-7.40531_25.8254_-4.99182
-7.29097_26.2987_-4.86259
-7.23858_26.7828_-4.73337
-7.24491_27.2745_-4.63085
-7.29556_27.769_-4.56902
-7.34464_28.2534_-4.69825
-7.33088_28.7401_-4.82747
-7.25453_29.2209_-4.9567
-7.11684_29.688_-5.08593
-6.92011_30.1333_-5.21515
-6.68466_30.5734_-5.18074
-6.46218_31.0208_-5.16007
-6.24679_31.472_-5.15319
-6.03451_31.9246_-5.1463
-5.82536_32.3788_-5.13941
-5.60511_32.813_-5.26863
-5.33074_33.2152_-5.39786
-5.00682_33.5787_-5.52709
-4.63877_33.8975_-5.65631
-4.2327_34.1661_-5.78554
-3.79879_34.4109_-5.7374
-3.37351_34.6732_-5.71673
-2.95225_34.9425_-5.70984
-2.53286_35.2147_-5.70296
-2.11535_35.4897_-5.69607
-1.72179_35.7764_-5.56684
-1.36845_36.1113_-5.43761
-1.06122_36.4891_-5.30839
-0.805237_36.9032_-5.17916
-0.604757_37.3469_-5.04994
-0.424188_37.7991_-5.17916
-0.186854_38.2242_-5.30839
0.103285_38.6152_-5.43761
0.441392_38.9656_-5.56684
0.823235_39.2787_-5.65587
1.20496_39.581_-5.52664
1.54455_39.9299_-5.39741
1.84559_40.3214_-5.30839
2.11862_40.7381_-5.26025
2.37367_41.1671_-5.22583
2.63058_41.5807_-5.35505
2.93864_41.9577_-5.48428
3.29272_42.2919_-5.61351
3.68841_42.584_-5.71602
4.11285_42.8449_-5.76417
4.545_43.0957_-5.7435
4.97187_43.3554_-5.72284
5.39477_43.6221_-5.71595
5.81581_43.8917_-5.70906
6.23499_44.1642_-5.70217
6.65593_44.4257_-5.77763
7.09532_44.6624_-5.81205
7.5421_44.8861_-5.83271
7.99341_45.1006_-5.85337
8.44838_45.3079_-5.86026
8.90572_45.5025_-5.92209
9.37461_45.6735_-5.95651
9.84894_45.8306_-5.97717
10.326_45.9801_-5.98406
10.8041_46.1263_-5.99095
11.277_46.2793_-5.92912
11.7432_46.4577_-5.8947
12.2043_46.6501_-5.87404
12.6613_46.8521_-5.85338
13.1153_47.0614_-5.84649
13.5679_47.2739_-5.8396
14.019_47.4895_-5.83271
14.4686_47.7083_-5.82582
14.9176_47.928_-5.83271
15.3682_48.1446_-5.8396
15.8193_48.3603_-5.83271
16.2689_48.579_-5.82582
16.718_48.7987_-5.83271
17.1686_49.0154_-5.8396
17.6197_49.231_-5.83271
18.0666_49.4242_-5.96194
18.5382_49.5636_-6.06445
19.0255_49.6615_-6.12628
19.5193_49.7338_-6.1607
20.0156_49.7914_-6.18136
