configuration -3.08480739594_22.5642471313_-0.424155304833_0.905589464041_28.1138801575_4.40596151352_-0.254607913402_0.967044368389
length 39.9142
time 300
roughness 0.000350618
-3.08481_22.5642_-0.876058
-3.00163_22.4667_-0.842051
-2.95002_22.4096_-0.821647
-2.91492_22.3722_-0.808044
-2.89716_22.3537_-0.801243
-2.87928_22.3353_-0.794441
-2.87928_22.3353_-0.794441
-2.52323_21.9994_-0.678521
-2.13158_21.7102_-0.549294
-1.70465_21.4707_-0.433374
-1.07057_21.251_-0.283695
-0.590266_21.1122_-0.276806
-0.109022_20.9767_-0.269917
0.373144_20.8444_-0.263028
0.856209_20.7156_-0.256138
1.34015_20.59_-0.249249
1.82438_20.4656_-0.256138
2.30678_20.352_-0.18068
2.79874_20.268_-0.146264
3.71545_19.9847_-0.065309
4.21198_19.9624_-0.00348243
4.71105_19.9664_0.0309342
5.20969_19.9876_0.0653509
5.70806_20.0236_0.0860126
6.20607_20.0677_0.0929018
6.70377_20.1153_0.099791
7.18986_20.1432_-0.0294351
7.67823_20.1101_-0.145356
8.5401_20.3236_-0.362792
9.00221_20.1702_-0.233566
9.48423_20.0727_-0.131049
9.97824_20.0178_-0.0692223
10.4757_19.9913_-0.0210802
10.9748_19.9865_0.0133365
11.4744_19.9966_0.0339982
11.9612_19.9926_-0.0952279
12.4512_19.9311_-0.184253
13.3231_20.1335_-0.362792
13.7767_19.9435_-0.465309
14.2163_19.7114_-0.527135
14.6428_19.4539_-0.575277
15.0584_19.1776_-0.609694
15.466_18.8886_-0.630356
15.8692_18.593_-0.637245
16.2748_18.3082_-0.561787
16.7006_18.0496_-0.513644
17.3799_17.4062_-0.417524
17.8329_17.2278_-0.288298
18.1551_17.1424_-0.19988
18.281_17.1183_-0.165873
18.3316_17.1101_-0.15227
18.357_17.1063_-0.145469
18.357_17.1063_-0.145469
18.851_17.0419_-0.0973266
19.3483_16.9991_-0.06291
19.8472_16.9712_-0.0422483
20.3465_16.9535_-0.0215865
20.8324_16.9224_-0.150813
21.3182_16.8338_-0.239838
22.1454_16.9548_-0.417524
22.5817_16.7386_-0.54675
22.9865_16.4681_-0.675976
23.353_16.1476_-0.805202
23.6753_15.7826_-0.934428
23.9509_15.3781_-1.05035
23.9509_15.3781_-1.05035
24.1865_14.9422_-1.12581
24.3962_14.4892_-1.16022
24.5925_14.0297_-1.18089
24.7792_13.5663_-1.20155
24.9586_13.0996_-1.20844
24.9586_13.0996_-1.20844
25.1426_12.6366_-1.16029
25.347_12.1813_-1.12588
25.5652_11.7318_-1.10522
25.7926_11.2869_-1.08455
26.0272_10.8454_-1.07767
26.2649_10.4055_-1.07078
26.5151_9.98216_-0.968259
26.804_9.57626_-0.920117
27.1893_8.72968_-0.812823
27.5088_8.36222_-0.942049
27.7782_7.95666_-1.07127
27.9961_7.51835_-1.1872
28.17_7.05429_-1.26265
28.3208_6.10039_-1.32973
28.3948_5.82826_-1.25491
28.3948_5.82826_-1.25491
