configuration -17.6504554749_-22.9172973633_0.256229049699_0.256229049699_76.2194671631_43.7661514282_0.386216847154_0.922408015454
length 131.104
time 9.99208
roughness 0.00016779
-17.6505_-22.9173_0.150019
-17.1606_-22.8329_0.211845
-16.6739_-22.7224_0.246262
-16.1902_-22.5973_0.266923
-15.7082_-22.4643_0.273813
-15.2272_-22.328_0.280702
-14.7477_-22.2027_0.205244
-14.2584_-22.1089_0.157102
-13.7644_-22.0342_0.13644
-13.2689_-21.9696_0.115778
-12.7722_-21.913_0.108889
-12.2908_-21.8396_0.238115
-11.823_-21.7048_0.367341
-11.3764_-21.5109_0.496567
-10.9585_-21.261_0.625793
-10.5763_-20.9593_0.755019
-10.2081_-20.6237_0.706877
-9.82489_-20.304_0.672461
-9.43187_-19.9954_0.651799
-9.03371_-19.6931_0.64491
-8.63347_-19.3934_0.638021
-8.23808_-19.0903_0.686163
-7.85368_-18.7711_0.706824
-7.47424_-18.4455_0.713714
-7.09705_-18.1174_0.720603
-6.72213_-17.7866_0.727492
-6.37255_-17.4477_0.856718
-6.06955_-17.0666_0.985944
-5.8182_-16.6496_1.11517
-5.62268_-16.2037_1.2444
-5.48625_-15.7363_1.37362
-5.37072_-15.2633_1.2444
-5.1952_-14.8092_1.11517
-4.96262_-14.3814_0.985944
-4.67686_-13.9872_0.856718
-4.34267_-13.6331_0.727492
-3.99309_-13.2942_0.856718
-3.68376_-12.9119_0.959235
-3.40428_-12.4994_1.00738
-3.14259_-12.0745_1.04179
-2.89339_-11.6414_1.06246
-2.6386_-11.2265_0.933229
-2.33246_-10.8479_0.804003
-1.98008_-10.5119_0.674777
-1.58735_-10.2241_0.545551
-1.1608_-9.98931_0.416325
-0.707557_-9.81145_0.287099
-0.235172_-9.69349_0.157873
0.25081_-9.63503_0.0419519
0.746317_-9.62664_-0.0335063
1.2449_-9.64908_-0.0679229
1.72883_-9.70268_-0.197149
2.21004_-9.81363_-0.286174
2.68567_-9.9619_-0.334317
3.15653_-10.1291_-0.354978
3.62384_-10.306_-0.37564
4.086_-10.4944_-0.410057
4.54406_-10.6948_-0.416946
5.00072_-10.8983_-0.423835
5.45597_-11.1049_-0.430724
5.90979_-11.3147_-0.437614
6.35915_-11.5022_-0.308387
6.82892_-11.6302_-0.179161
7.31126_-11.6966_-0.0499353
7.79814_-11.7002_0.0792909
8.28143_-11.6411_0.208517
8.75307_-11.5203_0.337743
9.2052_-11.3396_0.466969
9.63029_-11.1022_0.596195
10.0212_-10.812_0.725421
10.3715_-10.4738_0.854648
10.6753_-10.0933_0.983874
10.9275_-9.67682_1.1131
11.1353_-9.22691_1.18856
11.3137_-8.76174_1.2367
11.4743_-8.28858_1.25736
11.6439_-7.83219_1.12814
11.8709_-7.40146_0.99891
12.1516_-7.00358_0.869684
12.4811_-6.64518_0.740457
12.8552_-6.32011_0.664999
13.2253_-6.0037_0.794225
13.5515_-5.64224_0.923451
13.8284_-5.24176_1.05268
14.0514_-4.80894_1.1819
14.2167_-4.35098_1.31113
14.3616_-3.88614_1.1819
14.5651_-3.44383_1.05268
14.8239_-3.03144_0.923451
15.1332_-2.64646_0.834426
15.4737_-2.28274_0.786284
15.832_-1.93826_0.724457
16.2095_-1.6118_0.690041
16.597_-1.29639_0.669379
16.9898_-0.987063_0.66249
17.3847_-0.68045_0.655601
17.7671_-0.367994_0.744626
18.128_-0.0245381_0.792768
18.4742_0.33495_0.827185
18.81_0.705041_0.847847
19.1399_1.0807_0.854736
19.4744_1.44631_0.779278
19.8344_1.79071_0.731135
20.2087_2.12178_0.710474
20.5897_2.44505_0.689812
20.9761_2.76233_0.682923
21.3664_3.05331_0.553697
21.7911_3.29155_0.42447
22.2428_3.47309_0.295244
22.7143_3.59489_0.166018
23.1974_3.65493_0.0367921
23.6843_3.65221_-0.092434
24.1668_3.58676_-0.22166
24.6368_3.45968_-0.350886
25.0927_3.27511_-0.453403
25.5349_3.04827_-0.51523
25.9684_2.82653_-0.386003
26.4268_2.6625_-0.256777
26.9025_2.55891_-0.127551
27.3877_2.5175_0.00167492
27.8741_2.53895_0.130901
28.3537_2.6229_0.260127
28.8185_2.76796_0.389353
29.2721_2.96749_0.464811
29.7138_3.19791_0.512954
30.1475_3.44612_0.533615
30.5651_3.70972_0.622641
30.9651_4.00671_0.670783
31.3543_4.31999_0.691445
31.7387_4.63968_0.698334
32.1209_4.962_0.705223
32.5047_5.26161_0.575997
32.9239_5.50926_0.446771
33.3716_5.70083_0.317545
33.8401_5.83312_0.188319
34.3218_5.90391_0.0590925
34.8062_5.95324_0.188319
35.2802_6.06458_0.317545
35.7359_6.23607_0.446771
36.1657_6.46485_0.575997
36.5624_6.74711_0.705223
36.9407_7.07361_0.725885
37.3138_7.40634_0.732774
37.6847_7.74164_0.739663
38.0532_8.07948_0.746552
38.4195_8.41985_0.753442
38.7884_8.73761_0.624216
39.1951_9.00518_0.494989
39.633_9.2181_0.365763
40.0947_9.37282_0.236537
40.5724_9.46675_0.107311
41.0539_9.53937_0.236537
41.5303_9.66918_0.325563
41.9997_9.83607_0.373705
42.4637_10.0217_0.394367
42.9236_10.2168_0.415028
43.3605_10.4319_0.544254
43.766_10.7014_0.67348
44.1366_11.0211_0.789401
44.4794_11.381_0.851228
44.804_11.7601_0.885644
45.1278_12.1238_0.756418
45.4957_12.4426_0.627192
45.9017_12.7114_0.497966
46.3389_12.9256_0.36874
46.8001_13.0817_0.239514
47.2776_13.1771_0.110288
47.7634_13.2101_-0.0189384
48.2493_13.1802_-0.148164
48.7274_13.088_-0.277391
49.1896_12.935_-0.406617
49.6446_12.7615_-0.277391
50.1181_12.6482_-0.148164
50.6023_12.5968_-0.0189384
51.089_12.6082_0.110288
51.5702_12.6822_0.239514
52.0379_12.8177_0.36874
52.4842_13.0123_0.497966
52.9017_13.2627_0.627192
53.2835_13.5649_0.756418
53.6353_13.914_0.831877
53.9782_14.2596_0.70265
54.3628_14.5583_0.573424
54.7826_14.8048_0.444198
55.2307_14.9953_0.314972
55.6996_15.1263_0.185746
56.1815_15.1959_0.0565198
56.6684_15.2028_-0.0727063
57.152_15.1469_-0.201932
57.6245_15.0291_-0.331159
58.0778_14.8514_-0.460385
58.5227_14.6538_-0.331159
58.9895_14.5151_-0.201932
59.4702_14.4378_-0.0727063
59.9568_14.423_0.0565198
60.4414_14.4711_0.185746
60.9156_14.5812_0.314972
61.3718_14.7515_0.444198
61.8021_14.9792_0.573424
62.1996_15.2604_0.70265
62.5575_15.5905_0.831877
62.8699_15.964_0.961103
63.1315_16.3746_1.09033
63.338_16.8156_1.21955
63.4915_17.2828_1.32207
63.6064_17.7676_1.37021
63.7002_18.2578_1.40463
63.7795_18.7511_1.42529
63.8508_19.2459_1.43218
63.9188_19.7413_1.43907
63.9856_20.2367_1.43218
64.0732_20.7157_1.30296
64.2163_21.1902_1.2275
64.3897_21.6582_1.19308
64.5771_22.1213_1.17242
64.7741_22.5805_1.15176
64.9824_23.0341_1.11734
65.2044_23.4817_1.09668
65.4337_23.926_1.08979
65.666_24.3687_1.0829
65.9014_24.8098_1.07601
66.1142_25.2477_1.20524
66.2689_25.7094_1.33446
66.3627_26.1872_1.46369
66.3942_26.673_1.59292
66.3628_27.1589_1.72214
66.3099_27.6429_1.59292
66.3197_28.1297_1.46369
66.3922_28.6112_1.33446
66.5262_29.0793_1.20524
66.7194_29.5262_1.07601
66.9322_29.9641_1.20524
67.0868_30.4258_1.33446
67.1807_30.9036_1.46369
67.219_31.3959_1.55271
67.2177_31.8929_1.61454
67.2171_32.3798_1.48532
67.2792_32.8628_1.35609
67.403_33.3336_1.22686
67.5864_33.7846_1.09764
67.8252_34.2146_0.99512
68.1068_34.6178_0.892603
68.4265_34.9984_0.830777
68.7672_35.3631_0.79636
69.1191_35.7178_0.775698
69.4768_36.0671_0.768809
69.8315_36.4182_0.803226
70.176_36.7801_0.823887
70.513_37.1491_0.844549
70.8441_37.5237_0.851438
71.1727_37.9005_0.858328
71.4751_38.2821_0.987554
71.7257_38.6995_1.11678
71.9205_39.1457_1.24601
72.0562_39.6133_1.37523
72.1305_40.0945_1.50446
72.1833_40.5785_1.37523
72.2981_41.0517_1.24601
72.4729_41.5061_1.11678
72.7048_41.9343_0.987554
72.9899_42.3289_0.858328
73.2923_42.7106_0.987554
73.4805_43.0161_1.08277
73.7268_43.4361_0.953547
74.0252_43.8209_0.824321
74.3707_44.164_0.695095
74.7575_44.4597_0.565869
75.1792_44.7031_0.436642
