configuration -3.08480739594_22.5642471313_-0.424155304833_0.905589464041_28.1138801575_4.40596151352_-0.254607913402_0.967044368389
length 70.7628
time 5.7628
roughness 0.000276344
-3.08481_22.5642_-0.876058
-3.00163_22.4667_-0.842051
-2.95002_22.4096_-0.821647
-2.91492_22.3722_-0.808044
-2.89716_22.3537_-0.801243
-2.87928_22.3353_-0.794441
-2.87928_22.3353_-0.794441
-2.52323_21.9994_-0.678521
-2.13158_21.7102_-0.549294
-1.70465_21.4707_-0.433374
-1.07057_21.251_-0.283695
-0.590266_21.1122_-0.276806
-0.109022_20.9767_-0.269917
0.373144_20.8444_-0.263028
0.856209_20.7156_-0.256138
1.34015_20.59_-0.249249
1.82438_20.4656_-0.256138
2.30678_20.352_-0.18068
2.79874_20.268_-0.146264
3.71545_19.9847_-0.065309
4.20221_19.9735_0.0639172
4.68635_20.0252_0.193143
5.1628_20.1374_0.309064
5.63098_20.2999_0.384522
6.08975_20.4942_0.432664
6.53865_20.7103_0.480807
6.96041_20.9535_0.610033
7.35061_21.2491_0.725953
8.14345_21.6858_0.929469
8.4466_22.0823_0.895053
8.76181_22.47_0.874391
9.0834_22.8528_0.867502
9.40761_23.2334_0.860613
9.73445_23.6117_0.853723
10.0639_23.9878_0.846834
10.4013_24.3508_0.771376
10.7631_24.6946_0.736959
11.3485_25.4511_0.656216
11.7481_25.7378_0.553699
12.1761_25.9904_0.491873
12.6187_26.2211_0.457456
13.0685_26.4387_0.436794
13.522_26.6492_0.429905
13.522_26.6492_0.429905
13.9728_26.8331_0.300679
14.4435_26.9575_0.171453
14.9324_27.0274_0.0824274
15.4285_27.0581_0.0206009
15.9267_27.0604_-0.0275413
16.4254_27.041_-0.0619579
16.9096_26.9903_-0.191184
17.3863_26.879_-0.307105
18.285_26.8371_-0.510375
18.7233_26.6059_-0.434917
19.1785_26.4033_-0.386775
19.6425_26.218_-0.366113
20.1098_26.0401_-0.359224
20.5782_25.8654_-0.352335
20.5782_25.8654_-0.352335
21.0277_25.6782_-0.481561
21.4556_25.4358_-0.584078
21.8645_25.1532_-0.645904
22.2596_24.8483_-0.680321
22.6439_24.5299_-0.714738
23.019_24.1998_-0.735399
23.3659_23.8582_-0.864626
23.6691_23.4739_-0.980546
24.355_22.9066_-1.1976
24.5516_22.4611_-1.06837
24.8039_22.0447_-0.939148
25.1071_21.6549_-0.850123
25.4427_21.2883_-0.788297
25.7996_20.9407_-0.740154
26.1719_20.6083_-0.705738
26.5563_20.3053_-0.589817
26.975_20.04_-0.514359
27.6769_19.442_-0.392143
28.1186_19.237_-0.521369
28.5365_18.9778_-0.623886
28.9339_18.6792_-0.685712
29.3144_18.3576_-0.733854
29.6811_18.0191_-0.768271
30.038_17.6694_-0.788933
30.3954_17.3387_-0.659707
30.7944_17.0477_-0.570681
31.2908_16.3029_-0.392143
31.7324_16.0979_-0.521369
32.144_15.8378_-0.650595
32.5185_15.5267_-0.779821
32.8499_15.17_-0.909047
33.1326_14.7735_-1.03827
33.1326_14.7735_-1.03827
33.3761_14.3402_-1.1001
33.5949_13.8926_-1.14824
33.7943_13.4351_-1.18266
33.9802_12.9714_-1.20332
34.1588_12.5044_-1.21021
34.3341_12.0361_-1.2171
34.5219_11.5869_-1.08787
34.7656_11.1624_-0.971952
34.9522_10.2954_-0.754195
35.2926_9.94732_-0.883421
35.5853_9.55824_-1.01265
35.8255_9.13468_-1.14187
36.009_8.68371_-1.2711
36.1329_8.21285_-1.40033
36.1329_8.21285_-1.40033
36.2119_7.72006_-1.43474
36.2763_7.22456_-1.4554
36.3327_6.72779_-1.46229
36.3857_6.23064_-1.46918
36.4353_5.73314_-1.47607
36.4814_5.23531_-1.48296
36.5036_4.74892_-1.61219
36.4647_4.26099_-1.72811
36.6079_3.39047_-1.95698
36.4056_2.94761_-2.08621
36.1479_2.53453_-2.21544
35.8391_2.15809_-2.34466
35.4837_1.81522_-2.43369
35.1_1.49736_-2.48183
35.1_1.49736_-2.48183
34.7015_1.19834_-2.52997
34.2897_0.916472_-2.56439
33.8691_0.646699_-2.58505
33.443_0.385674_-2.60571
33.0126_0.131382_-2.6126
32.5803_-0.119939_-2.61949
32.1484_-0.34465_-2.74872
31.6894_-0.514664_-2.86464
30.9706_-1.03724_-3.07974
30.4838_-1.04671_-3.20897
29.9998_-0.993372_-3.33819
29.5268_-0.878113_-3.46742
29.0725_-0.702855_-3.59665
28.6447_-0.470519_-3.72587
28.6447_-0.470519_-3.72587
28.2503_-0.184982_-3.8551
27.896_0.148997_-3.98433
27.5877_0.525847_-4.11355
27.3305_0.939283_-4.24278
27.1288_1.38241_-4.372
27.1288_1.38241_-4.372
26.9858_1.84784_-4.50123
26.9041_2.32782_-4.63046
26.8848_2.81433_-4.75968
26.9284_3.29926_-4.88891
27.0342_3.77453_-5.01813
27.0342_3.77453_-5.01813
