configuration -3.08480739594_22.5642471313_-0.424155304833_0.905589464041_28.1138801575_4.40596151352_-0.254607913402_0.967044368389
length 41.7751
time 0.123741
roughness 0.000529643
-3.08481_22.5642_-0.876058
-2.75754_22.2038_-0.746832
-2.38654_21.8884_-0.617606
-1.978_21.6236_-0.488379
-1.53874_21.4135_-0.359153
-1.07057_21.251_-0.283695
-0.593063_21.1058_-0.318112
-0.119549_20.9463_-0.338774
0.350567_20.777_-0.359435
0.818175_20.6001_-0.366325
1.28455_20.4199_-0.373214
1.74504_20.2618_-0.243988
2.22879_20.1541_-0.168529
2.72121_20.0784_-0.120387
3.21734_20.0242_-0.0859707
3.71545_19.9847_-0.065309
4.20221_19.9735_0.0639172
4.69166_20.0215_0.166434
5.18004_20.1139_0.22826
5.66485_20.2324_0.262677
6.14647_20.3655_0.283339
6.6193_20.4817_0.154113
7.10315_20.5359_0.0248866
7.58997_20.5274_-0.104339
8.07163_20.4562_-0.233566
8.5401_20.3236_-0.362792
8.99887_20.1362_-0.43825
9.44655_19.9176_-0.486392
9.88666_19.681_-0.507054
10.3218_19.4353_-0.527716
10.7531_19.1826_-0.534605
11.1822_18.9525_-0.405379
11.6374_18.7796_-0.276153
12.111_18.6668_-0.146926
12.5953_18.616_-0.0177003
13.082_18.628_0.111526
13.5678_18.6617_-0.0177003
14.0538_18.6324_-0.146926
14.532_18.5408_-0.276153
14.9944_18.3883_-0.405379
15.4332_18.1775_-0.534605
15.8623_17.9474_-0.405379
16.3175_17.7745_-0.276153
16.7911_17.6617_-0.146926
17.2754_17.6109_-0.0177003
17.7621_17.623_0.111526
18.2478_17.6566_-0.0177003
18.7339_17.6274_-0.146926
19.212_17.5357_-0.276153
19.6744_17.3832_-0.405379
20.1133_17.1724_-0.534605
20.5447_16.9363_-0.432088
21.0004_16.735_-0.383946
21.4653_16.5533_-0.349529
21.9359_16.3854_-0.328867
22.4095_16.2251_-0.321978
22.8644_16.0516_-0.451204
23.2932_15.8209_-0.58043
23.6886_15.5369_-0.709657
24.0442_15.2042_-0.838883
24.354_14.8286_-0.968109
24.6158_14.415_-1.08403
24.8393_13.9711_-1.14586
25.0374_13.5139_-1.194
25.218_13.0481_-1.21466
25.389_12.5786_-1.23532
25.5686_12.126_-1.1061
25.8051_11.7004_-0.97687
26.0944_11.3088_-0.847643
26.4322_10.9513_-0.745127
26.8043_10.6218_-0.6833
27.1685_10.2987_-0.812526
27.4881_9.93135_-0.941752
27.7576_9.52587_-1.07098
27.9726_9.08903_-1.2002
28.1296_8.62813_-1.32943
28.2309_8.14688_-1.43195
28.292_7.65243_-1.48009
28.3315_7.15491_-1.51451
28.3561_6.65585_-1.53517
28.3728_6.15617_-1.54206
28.4074_5.67051_-1.41283
28.5043_5.19336_-1.28361
28.6619_4.73267_-1.15438
28.8775_4.29614_-1.02515
29.1476_3.89103_-0.895927
