configuration -17.6504554749_-22.9172973633_0.256229049699_0.256229049699_76.2194671631_43.7661514282_0.386216847154_0.922408015454
length 176.914
time 12.3394
roughness 8.19687e-05
-17.6505_-22.9173_0.150019
-17.1606_-22.8329_0.211845
-16.6739_-22.7224_0.246262
-16.1902_-22.5973_0.266923
-15.7082_-22.4643_0.273813
-15.2272_-22.328_0.280702
-15.2272_-22.328_0.280702
-14.7471_-22.1884_0.287591
-14.2674_-22.0477_0.280702
-13.7873_-21.9081_0.287591
-13.3076_-21.7674_0.280702
-12.8275_-21.6277_0.287591
-12.3484_-21.4848_0.29448
-11.8888_-21.3239_0.423706
-11.4506_-21.1058_0.539627
-10.5763_-20.9593_0.755019
-10.2214_-20.6113_0.816846
-9.88398_-20.2436_0.851263
-9.55728_-19.8656_0.871924
-9.23845_-19.4808_0.892586
-8.92567_-19.0908_0.899475
-8.61558_-18.6986_0.906365
-8.33187_-18.3029_1.03559
-8.09847_-17.8726_1.15151
-7.50563_-17.2134_1.36718
-7.38705_-16.7411_1.23795
-7.21073_-16.282_1.13543
-6.9919_-15.8358_1.07361
-6.7473_-15.4017_1.02547
-6.48355_-14.978_0.991049
-6.20695_-14.5619_0.970387
-5.94914_-14.1489_1.09961
-5.73803_-13.7024_1.18864
-5.09945_-13.0753_1.36718
-5.02129_-12.5947_1.4964
-5.00571_-12.1081_1.62563
-5.05297_-11.6235_1.75486
-5.16229_-11.149_1.88408
-5.33184_-10.6926_2.01331
-5.33184_-10.6926_2.01331
-5.55235_-10.2459_2.06145
-5.79083_-9.80677_2.08211
-6.03832_-9.3727_2.10277
-6.29473_-8.94384_2.12344
-6.55816_-8.5189_2.13032
-6.82451_-8.09579_2.13721
-7.10295_-7.69638_2.26644
-7.43076_-7.33287_2.38236
-7.825_-6.5368_2.59745
-8.23051_-6.26731_2.46822
-8.59792_-5.94782_2.33899
-8.92109_-5.58364_2.20977
-9.19463_-5.18086_2.08054
-9.41399_-4.74618_1.95132
-9.41399_-4.74618_1.95132
-9.60276_-4.28354_1.97198
-9.79905_-3.82372_1.97887
-9.99851_-3.36527_1.98576
-10.2011_-2.9082_1.99265
-10.4069_-2.45254_1.99954
-10.6137_-1.99735_1.99265
-10.794_-1.54509_1.86342
-10.9251_-1.06715_1.78796
-11.3822_-0.284498_1.63929
-11.3949_0.202227_1.51006
-11.3949_0.202227_1.51006
-11.3545_0.697623_1.44824
-11.2857_1.19105_1.4001
-11.1974_1.68287_1.37943
-11.099_2.17275_1.35877
-10.9905_2.66049_1.33811
-10.8984_3.1386_1.46734
-10.8642_3.62921_1.56985
-10.5279_4.45355_1.77414
-10.6434_4.93158_1.87666
-10.8028_5.40237_1.93849
-10.9893_5.86435_1.98663
-11.1943_6.32004_2.00729
-11.4086_6.7714_2.02795
-11.4086_6.7714_2.02795
-11.6303_7.21951_2.03484
-11.8551_7.66609_2.04173
-12.083_8.11111_2.04862
-12.3139_8.55454_2.05551
-12.5479_8.99638_2.0624
-12.7849_9.43659_2.06929
-13.0024_9.87513_1.95337
-13.1784_10.3399_1.89154
-13.6951_11.1091_1.77008
-13.8035_11.5942_1.83191
-13.9398_12.0734_1.88005
-14.0952_12.5483_1.90071
-14.2582_13.0209_1.9076
-14.4245_13.4924_1.91449
-14.4245_13.4924_1.91449
-14.5981_13.9604_1.9489
-14.7857_14.4235_1.96957
-14.9809_14.8837_1.97646
-15.1793_15.3427_1.98335
-15.3808_15.8002_1.99023
-15.5833_16.2573_1.98335
-15.7973_16.6947_2.11257
-16.0655_17.1041_2.22849
-16.3322_17.9474_2.45739
-16.6961_18.2709_2.32817
-17.0153_18.6385_2.19894
-17.2845_19.0443_2.06971
-17.4991_19.4813_1.94049
-17.6557_19.9423_1.81126
-17.6557_19.9423_1.81126
-17.7515_20.4197_1.68204
-17.785_20.9055_1.55281
-17.7556_21.3915_1.42358
-17.6654_21.8726_1.30766
-17.5229_22.3454_1.21864
-17.3419_22.8083_1.15681
-17.1327_23.2592_1.09498
-16.899_23.7002_1.06057
-16.3614_24.538_1.00612
-16.0858_24.9499_0.930663
-15.7819_25.3447_0.882521
-15.4619_25.7284_0.861859
-15.134_26.1054_0.841197
-14.7998_26.4773_0.834308
-14.4632_26.8469_0.827419
-14.1188_27.1911_0.698193
-13.7316_27.4943_0.595676
-13.1677_28.1888_0.406869
-12.7081_28.3856_0.39998
-12.248_28.5813_0.406869
-11.7893_28.7802_0.413759
-11.3311_28.9802_0.406869
-10.8715_29.177_0.39998
-10.4114_29.3727_0.406869
-9.95236_29.5547_0.317844
-9.47652_29.7052_0.283427
-8.63546_30.141_0.188905
-8.14461_30.2361_0.195794
-7.65442_30.3345_0.202683
-7.16492_30.4362_0.209572
-6.1876_30.6476_0.209572
-5.70202_30.759_0.257715
-5.21974_30.8897_0.278376
-4.74026_31.0303_0.299038
-4.26282_31.1787_0.305927
-3.78642_31.3304_0.312817
-3.31107_31.4853_0.319706
-2.85576_31.6578_0.448932
-2.4148_31.884_0.52439
-1.53574_32.1188_0.658913
-1.13849_32.4003_0.529687
-0.705165_32.6372_0.440661
-0.251351_32.8399_0.378835
0.214421_33.0167_0.330693
0.68829_33.1734_0.296276
1.16718_33.316_0.275614
1.62966_33.4682_0.40484
2.07765_33.676_0.493866
2.96754_33.7616_0.685622
3.331_34.0856_0.814848
3.64968_34.4537_0.944075
3.91827_34.8598_1.0733
4.13229_35.2971_1.20253
4.28816_35.7584_1.33175
4.28816_35.7584_1.33175
4.38329_36.2359_1.46098
4.42062_36.7263_1.5635
4.41405_37.2233_1.62532
4.37893_37.7203_1.67346
4.3221_38.2161_1.70788
4.25041_38.7106_1.72854
4.19437_39.1942_1.59932
4.19483_39.6881_1.51029
3.88644_40.5283_1.33175
4.02039_40.9991_1.21583
4.2042_41.4593_1.14037
4.41931_41.9087_1.09223
4.6542_42.3491_1.05782
4.90242_42.7827_1.03715
5.15954_43.2112_1.01649
5.43085_43.6259_0.941033
5.72939_44.0258_0.906617
6.24367_44.8417_0.838468
6.58426_45.1897_0.709242
6.9676_45.494_0.593321
7.38528_45.7608_0.517863
7.82205_46.0004_0.469721
8.26964_46.2212_0.435304
8.72457_46.4265_0.400887
9.18608_46.611_0.339061
9.65862_46.7716_0.304644
10.5774_47.1096_0.249824
11.0521_47.2457_0.338849
11.5174_47.4205_0.400676
11.9747_47.6204_0.435092
12.4248_47.8359_0.469509
12.8688_48.0651_0.490171
13.3094_48.3015_0.49706
13.7468_48.5153_0.367834
14.2114_48.6765_0.265317
14.92_49.2161_0.0474141
15.4172_49.2477_0.0955562
15.9142_49.2988_0.116218
16.4107_49.3579_0.123107
16.9067_49.4205_0.129996
17.4023_49.4864_0.136886
17.4023_49.4864_0.136886
17.8978_49.5535_0.129996
18.3937_49.6172_0.123107
18.89_49.6774_0.116218
19.3867_49.7343_0.109329
19.8836_49.79_0.116218
20.3803_49.8468_0.109329
20.8774_49.9002_0.10244
21.3748_49.9502_0.0955503
22.3662_50.074_0.0817778
22.861_50.1021_0.00631964
23.3591_50.0973_-0.0418225
23.8575_50.0707_-0.0762391
24.3555_50.0292_-0.0969009
24.8524_49.9775_-0.117563
25.3488_49.9177_-0.124452
25.8368_49.842_-0.213477
26.322_49.7287_-0.261619
27.2596_49.6312_-0.355873
27.7228_49.481_-0.226647
28.2036_49.3893_-0.110726
28.6986_49.3446_-0.0488998
29.1974_49.3259_-0.0144832
29.697_49.3221_0.00617857
29.697_49.3221_0.00617857
30.1951_49.3331_0.0543207
30.6931_49.3659_0.0887374
31.1905_49.4136_0.109399
31.6868_49.4716_0.130061
32.1824_49.5376_0.13695
32.6775_49.607_0.143839
33.1663_49.661_0.0413225
33.6644_49.6736_-0.00681964
34.5611_49.9199_-0.115953
35.057_49.8587_-0.136615
35.5522_49.7894_-0.143504
36.0468_49.7168_-0.150393
36.5413_49.643_-0.143504
37.036_49.5704_-0.150393
37.036_49.5704_-0.150393
37.5295_49.4921_-0.171055
38.0213_49.4037_-0.191717
38.5118_49.3073_-0.198606
39.0017_49.2075_-0.205495
39.491_49.1044_-0.212384
39.9794_48.9979_-0.219274
40.4639_48.8817_-0.267416
40.9449_48.7464_-0.288077
41.9017_48.5286_-0.342639
42.3715_48.3765_-0.253614
42.8551_48.2617_-0.191787
43.3457_48.1745_-0.143645
43.8404_48.1088_-0.109228
44.3374_48.0577_-0.0885667
44.8355_48.0146_-0.0816775
45.3187_47.9544_-0.210904
45.7958_47.8352_-0.31342
46.684_47.8986_-0.531558
47.0929_47.6342_-0.660784
47.4643_47.3194_-0.79001
47.792_46.9593_-0.919236
48.0706_46.56_-1.04846
48.2954_46.1281_-1.17769
48.2954_46.1281_-1.17769
48.4627_45.6709_-1.30691
48.5697_45.1959_-1.43614
48.6145_44.7111_-1.56537
48.5965_44.2245_-1.69459
48.516_43.7443_-1.82382
48.516_43.7443_-1.82382
48.4015_43.2607_-1.76199
48.3123_42.7696_-1.72758
48.24_42.2758_-1.69316
48.1824_41.7794_-1.6725
48.1328_41.2819_-1.66561
48.0866_40.7841_-1.65872
48.06_40.293_-1.5562
48.0753_39.7951_-1.50806
47.9355_38.8756_-1.38689
48.0448_38.4011_-1.25767
48.0448_38.4011_-1.25767
48.2142_37.9446_-1.12844
48.4411_37.5138_-0.999215
48.7216_37.1159_-0.869989
49.0511_36.7574_-0.740763
49.424_36.4443_-0.611536
49.424_36.4443_-0.611536
49.836_36.1758_-0.50902
50.2746_35.9451_-0.433561
50.73_35.7431_-0.385419
51.1946_35.5608_-0.351003
51.665_35.3922_-0.330341
52.1383_35.2311_-0.323452
52.593_35.057_-0.452678
53.0277_34.827_-0.555195
53.9121_34.6824_-0.746388
54.2833_34.3672_-0.617162
54.6919_34.1025_-0.487936
55.1313_33.8927_-0.35871
55.594_33.7412_-0.229484
56.0724_33.6507_-0.100258
56.0724_33.6507_-0.100258
56.5585_33.6225_0.0289684
57.0442_33.6572_0.158194
57.5213_33.7542_0.287421
57.9851_33.9108_0.403341
58.4359_34.1167_0.4788
58.8722_34.3547_0.540626
59.2879_34.6212_0.629652
59.6859_34.921_0.677794
60.4574_35.5278_0.746177
60.8296_35.855_0.670719
61.2248_36.1584_0.622577
61.6328_36.447_0.601915
62.0465_36.7271_0.581254
62.465_37.0006_0.574364
62.8854_37.2713_0.567475
63.3067_37.5153_0.438249
63.7575_37.706_0.322328
64.4753_38.225_0.0931576
64.9691_38.2814_0.154984
65.4613_38.3641_0.189401
65.9504_38.4637_0.223817
66.4368_38.5779_0.244479
66.9216_38.7001_0.251368
67.4056_38.8255_0.258258
67.8812_38.9298_0.129031
68.3686_38.9742_0.0131106
69.186_39.321_-0.204325
69.6666_39.2425_-0.0750991
70.1532_39.2266_0.054127
70.6378_39.2735_0.183353
71.1123_39.3825_0.312579
71.5689_39.5517_0.441805
71.5689_39.5517_0.441805
71.9998_39.7784_0.571032
72.4072_40.0574_0.660057
72.7959_40.3692_0.708199
73.1712_40.6981_0.742616
73.537_41.0385_0.763277
73.537_41.0385_0.763277
73.8956_41.3864_0.783939
74.2489_41.7402_0.790828
74.5996_42.0965_0.797718
74.948_42.4551_0.804607
75.2955_42.8146_0.797718
75.2955_42.8146_0.797718
