configuration -4.52205276489_51.1520843506_-0.288179288681_0.957576470876_89.803527832_11.5547637939_-0.656431103106_0.754385980036
length 152.343
time 300
roughness 0.000152438
-4.52205_51.1521_-0.58465
-4.10273_50.8814_-0.550233
-3.67503_50.6231_-0.529571
-3.24297_50.3715_-0.522682
-2.80918_50.1229_-0.515793
-2.37483_49.8753_-0.522682
-2.37483_49.8753_-0.522682
-1.95725_49.6156_-0.625199
-1.56028_49.3164_-0.687026
-1.18021_48.9943_-0.735168
-0.813892_48.6554_-0.769584
-0.457431_48.3052_-0.790246
-0.10828_47.9478_-0.810908
0.211851_47.5809_-0.940134
0.491181_47.1737_-1.02916
1.14791_46.567_-1.21829
1.33522_46.1175_-1.08906
1.57769_45.6897_-0.986546
1.8603_45.2808_-0.92472
2.16658_44.8879_-0.876577
2.49026_44.508_-0.842161
2.82553_44.1375_-0.821499
3.14176_43.7673_-0.950725
3.41676_43.3571_-1.03975
4.1413_42.8316_-1.21829
4.28989_42.3679_-1.34752
4.3875_41.8821_-1.42297
4.45059_41.389_-1.4848
4.48776_40.8913_-1.51922
4.51009_40.3922_-1.53988
4.52209_39.8926_-1.56054
4.54772_39.4064_-1.43131
4.63253_38.922_-1.3288
4.4921_38.0401_-1.13758
4.67758_37.5899_-1.26681
4.8035_37.1196_-1.39604
4.86776_36.637_-1.52526
4.86929_36.1501_-1.65449
4.80807_35.667_-1.78371
4.80807_35.667_-1.78371
4.7082_35.1781_-1.7493
4.62287_34.6857_-1.72864
4.54542_34.1918_-1.72175
4.47137_33.6973_-1.71486
4.40073_33.2024_-1.70797
4.3335_32.707_-1.70108
4.28614_32.2175_-1.59856
4.28028_31.7193_-1.55042
4.11927_30.9444_-1.4453
4.20063_30.4643_-1.31608
4.34317_29.9988_-1.18685
4.54452_29.5555_-1.05762
4.80132_29.1418_-0.928397
5.10928_28.7647_-0.799171
5.10928_28.7647_-0.799171
5.45708_28.4055_-0.80606
5.8024_28.044_-0.812949
6.14522_27.6801_-0.819838
6.48553_27.3138_-0.826727
6.8233_26.9452_-0.833617
7.15853_26.5743_-0.840506
7.4984_26.2256_-0.71128
7.88112_25.9205_-0.595359
8.38334_25.193_-0.365667
8.84377_25.0058_-0.427493
9.29554_24.7937_-0.46191
9.7426_24.5698_-0.468799
10.1881_24.3429_-0.475688
10.632_24.1129_-0.482577
10.632_24.1129_-0.482577
11.0651_23.872_-0.558036
11.4835_23.6015_-0.606178
11.8921_23.314_-0.626839
12.2948_23.0181_-0.647501
12.6912_22.714_-0.668163
13.083_22.4033_-0.675052
13.4765_22.1122_-0.559131
13.9032_21.8573_-0.497305
14.4267_21.2924_-0.344999
14.8888_21.1131_-0.420457
15.3403_20.9025_-0.468599
15.7829_20.672_-0.503016
16.2191_20.4281_-0.523678
16.65_20.1753_-0.544339
17.0757_19.9136_-0.565001
17.4976_19.6706_-0.435775
17.9489_19.481_-0.319854
18.6144_18.8883_-0.101583
19.106_18.8258_-0.177041
19.595_18.7302_-0.225183
20.0812_18.6153_-0.245845
20.565_18.4903_-0.266506
21.047_18.3575_-0.273396
21.5281_18.2214_-0.280285
21.9899_18.067_-0.409511
22.4311_17.8552_-0.525432
23.3032_17.6743_-0.727893
23.4353_17.5528_-0.775503
23.4353_17.5528_-0.775503
23.7682_17.1976_-0.904729
24.0526_16.8023_-1.03395
24.2969_16.2026_-1.2307
24.5382_15.6235_-1.37402
24.6205_15.1366_-1.46305
24.6638_14.6415_-1.52488
24.681_14.1427_-1.55929
24.681_13.6436_-1.59371
24.6661_13.1441_-1.61437
24.6432_12.6447_-1.62126
24.6392_12.1578_-1.49203
24.6906_11.6649_-1.41658
24.4926_10.7812_-1.25213
24.6646_10.3257_-1.1229
24.8939_9.89619_-0.993674
25.176_9.49335_-0.891157
25.4953_9.11091_-0.843015
25.8316_8.7421_-0.808598
25.8316_8.7421_-0.808598
26.176_8.37967_-0.815487
26.5179_8.01489_-0.822376
26.8572_7.64775_-0.829266
27.1941_7.27828_-0.836155
27.5301_6.90805_-0.829266
27.8669_6.53858_-0.836155
28.2086_6.18203_-0.747129
28.5786_5.8471_-0.712713
29.1626_5.10097_-0.618038
29.5471_4.80228_-0.747264
29.8963_4.45602_-0.849781
30.2167_4.07602_-0.911607
30.5155_3.67736_-0.959749
30.7993_3.26614_-0.980411
31.0746_2.84915_-1.00107
31.3544_2.45066_-0.871847
31.6831_2.08214_-0.782821
32.0104_1.249_-0.604732
32.4234_0.986264_-0.488812
32.8667_0.764571_-0.413353
33.3258_0.574309_-0.351527
33.7963_0.40784_-0.31711
34.2722_0.255304_-0.296448
34.751_0.112631_-0.275787
35.2247_2.15197e-05_-0.146561
35.7134_-0.0552989_-0.0440438
36.5623_-0.34916_0.132039
37.0578_-0.289126_0.0976225
37.5554_-0.243849_0.0769608
38.0538_-0.208863_0.056299
38.5531_-0.181877_0.0494098
39.0525_-0.158331_0.0425206
39.552_-0.138225_0.0356314
40.0389_-0.141517_-0.0935948
40.5242_-0.205818_-0.209516
41.4024_-0.0730029_-0.424573
41.8372_-0.29219_-0.553799
42.2465_-0.564842_-0.656316
42.634_-0.876157_-0.718142
43.0038_-1.20994_-0.766284
43.3594_-1.56013_-0.800701
43.7048_-1.9212_-0.821363
44.0513_-2.26327_-0.692137
44.4406_-2.56709_-0.603111
44.9126_-3.32759_-0.424573
45.3643_-3.50917_-0.295347
45.8357_-3.63102_-0.166121
46.3189_-3.69111_-0.0368945
46.8058_-3.68844_0.0923316
47.2883_-3.62304_0.221558
47.2883_-3.62304_0.221558
47.7765_-3.5166_0.200896
48.2666_-3.41796_0.194007
48.7574_-3.32269_0.187118
49.2489_-3.23081_0.180228
49.7409_-3.14232_0.173339
50.2332_-3.05496_0.180228
50.7155_-2.98806_0.0510022
51.2072_-2.97962_-0.0515146
52.0597_-2.73593_-0.26718
52.5343_-2.84446_-0.137954
53.0267_-2.90031_-0.0624959
53.5233_-2.92116_-0.000669374
54.0224_-2.91577_0.0337473
54.5216_-2.89547_0.054409
55.0204_-2.86487_0.0750708
55.507_-2.84896_-0.0541553
56.001_-2.88815_-0.129614
56.8719_-2.67271_-0.307684
57.3418_-2.80037_-0.178458
57.8242_-2.86642_-0.0492322
58.3111_-2.86975_0.079994
58.7943_-2.81031_0.20922
59.2659_-2.68909_0.338446
59.2659_-2.68909_0.338446
59.2659_-2.68909_0.338446
59.735_-2.54159_0.235929
60.2206_-2.43536_0.174103
60.7126_-2.35692_0.125961
61.2087_-2.29756_0.105299
61.706_-2.24847_0.0846372
62.2041_-2.20966_0.0639755
62.6883_-2.15796_0.193202
63.1674_-2.04726_0.295718
64.0531_-2.12627_0.513961
64.4869_-1.90508_0.384734
64.9487_-1.73603_0.282218
65.4288_-1.60744_0.220391
65.9167_-1.50633_0.172249
66.4093_-1.42643_0.137832
66.9047_-1.36118_0.117171
67.3854_-1.28382_0.246397
67.8649_-1.15272_0.308223
68.7644_-1.2223_0.460193
69.2136_-1.00347_0.439531
69.6672_-0.793973_0.418869
70.1244_-0.591673_0.41198
70.583_-0.392529_0.405091
71.043_-0.196548_0.398201
71.5043_-0.00373995_0.391312
71.965_0.168346_0.288795
72.4448_0.302569_0.240653
73.2757_0.716698_0.119675
73.769_0.763537_0.0442166
74.267_0.777586_-0.00392555
74.7661_0.769908_-0.0383422
75.2652_0.747317_-0.0590039
75.7638_0.714418_-0.0796657
76.2621_0.673486_-0.0865549
76.7485_0.65199_0.0426712
77.2364_0.691509_0.158592
78.099_0.485681_0.376817
78.5589_0.645491_0.24759
79.0356_0.744701_0.118364
79.521_0.781656_-0.0108618
80.0072_0.75574_-0.140088
80.4861_0.667384_-0.269314
80.4861_0.667384_-0.269314
80.9495_0.518064_-0.39854
81.3898_0.310268_-0.527766
81.7997_0.0474617_-0.656992
82.1844_-0.26493_-0.732451
82.5516_-0.602895_-0.766867
82.5516_-0.602895_-0.766867
82.8876_-0.955294_-0.896093
83.1816_-1.34951_-0.99861
83.4421_-1.77282_-1.06044
83.6785_-2.21138_-1.10858
83.8959_-2.66061_-1.143
84.1001_-3.11667_-1.16366
84.3117_-3.55519_-1.03443
84.5764_-3.97206_-0.945406
84.7657_-4.84685_-0.766867
85.13_-5.18676_-0.718725
85.4973_-5.52163_-0.780552
85.8499_-5.87567_-0.801213
86.629_-6.31754_-0.882491
86.954_-6.68013_-0.753264
87.3229_-6.99782_-0.624038
87.7298_-7.26532_-0.494812
88.1677_-7.47816_-0.365586
88.6293_-7.6328_-0.23636
88.6293_-7.6328_-0.23636
89.1071_-7.72665_-0.107134
89.593_-7.75815_0.0220923
89.7723_-7.75138_0.0697019
89.8235_-7.74758_0.0833046
89.849_-7.74539_0.090106
89.849_-7.74539_0.090106
90.4575_-7.70735_1.06856
90.6766_-7.26964_1.18448
90.8518_-6.80605_1.25994
90.9716_-5.84311_1.32184
91.0715_-5.36657_1.45107
91.1114_-4.87871_1.56699
91.1009_-4.38325_1.64245
91.0551_-3.88832_1.70427
90.9809_-3.39567_1.75242
90.9809_-3.39567_1.75242
90.9134_-2.91349_1.62319
90.902_-2.41979_1.53416
90.9282_-1.92227_1.48602
90.9762_-1.4255_1.4516
91.039_-0.929793_1.43094
91.039_-0.929793_1.43094
91.1204_-0.440935_1.35548
91.2445_0.0298772_1.22626
91.4249_0.489574_1.13723
91.7456_1.40286_0.974431
92.0018_1.81693_1.10366
92.2024_2.26056_1.23288
92.3496_2.7298_1.3354
92.4556_3.2154_1.39723
92.5338_3.70744_1.44537
92.5338_3.70744_1.44537
92.5742_4.19265_1.5746
92.558_4.60243_1.68342
92.5422_4.72967_1.71742
92.5344_4.78037_1.73103
92.5303_4.80568_1.73783
92.5303_4.80568_1.73783
92.4291_5.28193_1.86705
92.3401_5.54957_1.94187
92.3118_5.62107_1.96227
92.3019_5.64476_1.96907
92.2919_5.66837_1.97588
92.2919_5.66837_1.97588
91.8919_6.49694_1.96227
91.7001_6.95864_1.96916
91.5072_7.4199_1.96227
91.3154_7.8816_1.96916
91.0715_8.32928_1.96082
90.8803_8.79126_1.96771
90.6761_9.24088_2.05673
90.4364_9.67763_2.10487
90.0684_10.5853_2.1986
