configuration -4.52205276489_51.1520843506_-0.288179288681_0.957576470876_89.803527832_11.5547637939_-0.656431103106_0.754385980036
length 135.72
time 300
roughness 0.000204815
-4.52205_51.1521_-0.58465
-4.10273_50.8814_-0.550233
-3.67503_50.6231_-0.529571
-3.24297_50.3715_-0.522682
-2.80918_50.1229_-0.515793
-2.37483_49.8753_-0.522682
-2.37483_49.8753_-0.522682
-1.95725_49.6156_-0.625199
-1.56028_49.3164_-0.687026
-1.18021_48.9943_-0.735168
-0.813892_48.6554_-0.769584
-0.457431_48.3052_-0.790246
-0.10828_47.9478_-0.810908
0.211851_47.5809_-0.940134
0.491181_47.1737_-1.02916
1.14791_46.567_-1.21829
1.33522_46.1175_-1.08906
1.57769_45.6897_-0.986546
1.8603_45.2808_-0.92472
2.16658_44.8879_-0.876577
2.49026_44.508_-0.842161
2.82553_44.1375_-0.821499
3.14176_43.7673_-0.950725
3.41676_43.3571_-1.03975
4.1413_42.8316_-1.21829
4.28989_42.3679_-1.34752
4.3875_41.8821_-1.42297
4.45059_41.389_-1.4848
4.48776_40.8913_-1.51922
4.51009_40.3922_-1.53988
4.52209_39.8926_-1.56054
4.54772_39.4064_-1.43131
4.63253_38.922_-1.3288
4.4921_38.0401_-1.13758
4.69397_37.5846_-1.18573
4.87613_37.12_-1.22014
5.04454_36.6495_-1.2408
5.20546_36.1762_-1.24769
5.36311_35.7017_-1.25458
5.51749_35.2262_-1.26147
5.68523_34.7691_-1.13225
5.90983_34.3342_-1.01633
6.04887_33.4584_-0.799171
6.39975_33.1026_-0.778509
6.75651_32.7524_-0.77162
7.11567_32.4046_-0.76473
7.47722_32.0593_-0.757841
7.84115_31.7164_-0.750952
7.84115_31.7164_-0.750952
8.05198_31.5291_-0.676137
8.17326_31.4345_-0.635329
8.23549_31.3892_-0.614925
8.27751_31.3598_-0.601322
8.29869_31.3454_-0.59452
8.29869_31.3454_-0.59452
8.71069_31.0626_-0.615182
9.11676_30.7715_-0.635844
9.51833_30.4736_-0.642733
9.91784_30.1731_-0.649622
10.3153_29.8697_-0.656512
10.688_29.5565_-0.785738
11.0294_29.1973_-0.861196
11.7075_28.7652_-1.00882
11.9842_28.3645_-0.879598
12.3096_27.9907_-0.804139
12.6599_27.6352_-0.769723
13.0211_27.29_-0.749061
13.388_26.9504_-0.742172
13.388_26.9504_-0.742172
13.742_26.606_-0.831197
14.0718_26.2326_-0.879339
14.3857_25.8446_-0.913756
14.6881_25.4468_-0.934418
14.9823_25.0429_-0.95508
15.2681_24.6331_-0.975741
15.5578_24.2418_-0.846515
15.8959_23.8878_-0.730594
16.2804_23.0867_-0.512323
16.7183_22.8546_-0.436865
17.173_22.6511_-0.388723
17.637_22.4672_-0.354306
18.1069_22.2971_-0.333644
18.5796_22.1345_-0.326755
19.0535_21.9751_-0.319866
19.5175_21.806_-0.408891
19.9714_21.6007_-0.457033
20.8851_21.4054_-0.552664
21.3122_21.1615_-0.450147
21.764_20.9545_-0.38832
22.2281_20.7709_-0.353904
22.698_20.6009_-0.333242
23.1713_20.4407_-0.31258
23.6478_20.2903_-0.291919
24.1266_20.1571_-0.230092
24.6138_20.0489_-0.195675
25.5436_19.7611_-0.141089
26.0223_19.6723_-0.270315
26.4915_19.525_-0.372832
26.9506_19.3345_-0.434658
27.399_19.1175_-0.4828
27.8384_18.8807_-0.517217
28.271_18.6307_-0.537879
28.6993_18.3992_-0.408653
29.1581_18.2164_-0.319627
29.8239_17.6182_-0.141089
30.3026_17.5294_-0.270315
30.7719_17.3821_-0.372832
31.2309_17.1916_-0.434658
31.6794_16.9746_-0.4828
32.1188_16.7378_-0.517217
32.5514_16.4878_-0.537879
32.9797_16.2563_-0.408653
33.4384_16.0735_-0.319627
34.1043_15.4753_-0.141089
34.5888_15.4274_-0.0118627
35.0805_15.4382_0.0906541
35.5727_15.4954_0.166112
36.0627_15.5856_0.214254
36.5491_15.6973_0.248671
37.0326_15.8236_0.269333
37.5108_15.9384_0.166816
38.0025_16.0108_0.104989
38.8304_16.381_-0.0198041
39.3172_16.392_0.109422
39.7985_16.4657_0.238648
40.2693_16.5994_0.354569
40.7272_16.7845_0.443594
41.1717_17.007_0.505421
41.6055_17.2536_0.539838
42.0122_17.5213_0.669064
42.3843_17.8394_0.784984
43.1492_18.3286_0.988378
43.3995_18.7462_1.1176
43.594_19.1926_1.24683
43.7293_19.6603_1.37606
43.7694_19.8876_1.43727
43.7821_19.9894_1.46447
43.7821_19.9894_1.46447
43.8667_20.645_1.48593
43.9009_21.142_1.53407
43.9135_21.6409_1.56849
43.9113_22.1406_1.58915
43.8986_22.6401_1.60981
43.878_23.1396_1.6167
43.8539_23.639_1.62359
43.8488_24.1259_1.49437
43.9048_24.6122_1.37845
43.7243_25.4828_1.16127
43.9369_25.9208_1.03205
44.2042_26.3277_0.902821
44.5217_26.6969_0.773595
44.8841_27.022_0.644368
45.2864_27.3009_0.528448
45.2864_27.3009_0.528448
45.7187_27.552_0.521558
46.1517_27.8021_0.528448
46.5855_28.0487_0.494031
47.0271_28.2826_0.473369
47.8011_28.7647_0.426515
48.2558_28.9726_0.433404
48.71_29.1815_0.426515
49.1647_29.3894_0.433404
49.619_29.5983_0.426515
50.0737_29.8062_0.433404
50.5065_30.0292_0.56263
50.9162_30.3048_0.651656
51.6109_30.5158_0.846802
51.9486_30.8666_0.717576
52.3287_31.1709_0.58835
52.7448_31.4237_0.459124
53.19_31.6208_0.329897
53.6617_31.7669_0.240872
54.1467_31.8756_0.179045
54.6291_31.9419_0.0498193
55.116_31.9455_-0.0794068
55.6046_31.8899_-0.181924
56.1299_32.0102_-0.377446
56.5807_31.8136_-0.479962
57.0223_31.5798_-0.500624
57.459_31.337_-0.521286
58.1378_30.6578_-0.506672
58.5731_30.4398_-0.377446
59.0329_30.2797_-0.248219
59.5095_30.1802_-0.118993
59.995_30.1429_0.0102328
59.995_30.1429_0.0102328
60.4816_30.1273_-0.118993
60.97_30.0542_-0.208019
61.4417_29.9336_-0.337245
61.894_29.7531_-0.466471
62.6312_29.4399_-0.758615
62.9991_29.117_-0.642695
63.4869_28.795_-0.472958
63.9294_28.5918_-0.343731
64.3977_28.4418_-0.241215
64.8827_28.333_-0.179388
65.3743_28.252_-0.131246
65.8698_28.1923_-0.0968294
66.3674_28.1474_-0.0761677
66.8509_28.0899_-0.205394
67.3312_27.9749_-0.294419
68.22_28.0802_-0.472958
68.6437_27.8402_-0.602184
69.0329_27.5477_-0.73141
69.3811_27.2074_-0.860636
69.6859_26.8243_-0.976557
69.9556_26.4069_-1.03838
69.9556_26.4069_-1.03838
70.2139_25.9798_-1.00397
70.4851_25.5601_-0.983305
70.7649_25.1462_-0.962643
71.0515_24.7365_-0.955754
71.3409_24.3288_-0.948865
71.3409_24.3288_-0.948865
71.6411_23.9455_-0.819639
71.9882_23.604_-0.690412
72.3763_23.3101_-0.561186
72.7992_23.0687_-0.43196
73.2015_22.9014_-0.316337
73.2015_22.9014_-0.316337
73.2496_22.8838_-0.302734
73.7262_22.7479_-0.227276
74.2126_22.6459_-0.165449
74.6958_22.5861_-0.0362233
75.1876_22.585_0.0662935
75.9936_22.5086_0.241376
76.4669_22.6423_0.343893
76.9292_22.821_0.419351
77.3789_23.0326_0.481177
77.8186_23.2687_0.515594
78.25_23.5197_0.550011
78.25_23.5197_0.550011
79.1049_24.0002_0.590211
79.5205_24.2538_0.460985
79.9681_24.4575_0.358468
80.4309_24.6089_0.229242
80.9093_24.6993_0.100016
81.4729_24.7564_-1.00367
81.7516_24.3572_-0.874443
82.0795_23.9972_-0.745217
82.7246_23.9946_-0.357539
83.1875_23.8437_-0.228312
83.6701_23.7486_-0.125796
84.1644_23.6964_-0.0639692
84.662_23.6725_-0.015827
85.1611_23.6704_0.0185896
85.6606_23.6831_0.0392514
86.1475_23.6816_-0.0899748
86.6378_23.6227_-0.179
87.5086_23.8296_-0.357539
87.9571_23.64_-0.486765
88.3774_23.3943_-0.615991
88.7625_23.0964_-0.745217
89.106_22.7513_-0.874443
89.4022_22.3649_-1.00367
89.4022_22.3649_-1.00367
89.6461_21.9435_-1.1329
89.8158_21.5422_-1.24852
89.8158_21.5422_-1.24852
89.8773_21.3465_-1.30293
89.8773_21.3465_-1.30293
89.9725_20.948_-1.41175
90.0727_20.0394_-1.52852
90.0835_19.5424_-1.59034
90.068_19.0436_-1.62476
90.0376_18.5448_-1.64542
89.9992_18.0464_-1.65231
89.9573_17.5482_-1.6592
89.9573_17.5482_-1.6592
89.919_17.0505_-1.62478
89.8955_16.5514_-1.60412
89.8799_16.0517_-1.59723
89.8679_15.5519_-1.59034
89.8593_15.052_-1.58345
89.8593_15.052_-1.58345
89.8325_14.5658_-1.71268
89.7433_14.0872_-1.8419
89.6107_13.6721_-1.95753
89.5404_13.507_-2.00514
89.5076_13.4374_-2.02554
89.5076_13.4374_-2.02554
89.45_13.3229_-2.05955
89.45_13.3229_-2.05955
89.121_12.7747_-2.22958
