configuration 72.6459350586_2.13817882538_-0.994211695618_0.107438839792_19.5581073761_50.1696281433_0.955633460234_0.294558465643
length 92.7935
time 1.7303
roughness 0.000264113
72.6459_2.13818_-2.9263
72.1751_2.0141_-2.79707
71.7242_1.83038_-2.66785
71.3008_1.59009_-2.53862
70.9118_1.29723_-2.40939
70.5638_0.956688_-2.28017
70.231_0.594575_-2.38269
69.8634_0.260027_-2.44451
69.4771_-0.05597_-2.47893
69.0811_-0.360657_-2.49959
68.68_-0.659115_-2.50648
68.2762_-0.931102_-2.63571
67.8406_-1.14878_-2.76493
67.3807_-1.30852_-2.89416
66.904_-1.40765_-3.02338
66.4185_-1.44453_-3.15261
65.9319_-1.45981_-3.02338
65.4512_-1.53767_-2.89416
64.9847_-1.67681_-2.76493
64.5399_-1.87492_-2.63571
64.1244_-2.1287_-2.50648
63.7205_-2.40069_-2.63571
63.285_-2.61837_-2.76493
62.8251_-2.7781_-2.89416
62.3417_-2.88742_-2.96962
61.8495_-2.96481_-3.01776
61.3643_-3.00442_-3.14698
60.8779_-2.98116_-3.27621
60.3986_-2.89543_-3.40544
59.9344_-2.74864_-3.53466
59.493_-2.54326_-3.66389
59.0611_-2.31846_-3.53466
58.6007_-2.14557_-3.43215
58.1216_-2.01298_-3.37032
57.6343_-1.9054_-3.3359
57.1434_-1.8123_-3.31524
56.6607_-1.74857_-3.18602
56.1738_-1.74758_-3.05679
55.6908_-1.80935_-2.92756
55.2198_-1.93283_-2.79834
54.7687_-2.11598_-2.66911
54.3262_-2.31899_-2.79834
53.8611_-2.46328_-2.92756
53.3814_-2.54644_-3.05679
52.895_-2.56708_-3.18602
52.4099_-2.52487_-3.31524
51.9272_-2.46114_-3.18602
51.4403_-2.46015_-3.05679
50.9573_-2.52192_-2.92756
50.4864_-2.6454_-2.79834
50.0352_-2.82855_-2.66911
49.5927_-3.03156_-2.79834
49.1277_-3.17585_-2.92756
48.6479_-3.25901_-3.05679
48.1615_-3.27965_-3.18602
47.6764_-3.23744_-3.31524
47.2009_-3.13307_-3.44447
46.7427_-2.96828_-3.57369
46.298_-2.74955_-3.64915
45.8647_-2.50199_-3.68357
45.4384_-2.2413_-3.70423
45.0379_-1.96437_-3.83346
44.6765_-1.63813_-3.96268
44.3601_-1.26804_-4.09191
44.0821_-0.857757_-4.16737
43.8307_-0.427652_-4.21551
43.5807_-0.00985991_-4.08628
43.2789_0.372229_-3.95706
42.9298_0.718671_-3.85454
42.5473_1.03598_-3.79271
42.1468_1.33389_-3.7583
41.7619_1.63206_-3.88752
41.4187_1.97735_-4.01675
41.1227_2.364_-4.14597
40.8791_2.78555_-4.2752
40.6918_3.23499_-4.40443
40.5247_3.6923_-4.2752
40.3001_4.12427_-4.14597
40.0238_4.53567_-4.07052
39.7204_4.93197_-4.0361
39.405_5.3195_-4.01544
39.0769_5.67927_-3.88621
38.7052_5.99376_-3.75699
38.2961_6.25774_-3.62776
37.8538_6.47268_-3.52524
37.3888_6.65174_-3.4771
36.9363_6.83139_-3.60633
36.5107_7.06786_-3.73555
36.1191_7.3572_-3.86478
35.7616_7.69495_-3.9673
35.4322_8.06713_-4.02912
35.109_8.4378_-3.92661
34.7502_8.78183_-3.86478
34.3723_9.10781_-3.83036
33.9844_9.42273_-3.8097
33.5912_9.73155_-3.80281
33.2199_10.0466_-3.93204
32.8924_10.4068_-4.06126
32.614_10.8062_-4.19049
32.3893_11.2382_-4.31972
32.2222_11.6955_-4.44894
32.0756_12.1598_-4.31972
31.8704_12.6013_-4.19049
31.61_13.0128_-4.06126
31.2993_13.3966_-3.97224
30.9575_13.759_-3.9241
30.6007_14.1088_-3.90343
30.2382_14.4531_-3.89655
29.8732_14.7949_-3.88966
29.506_15.1341_-3.88277
29.1364_15.4708_-3.87588
28.7891_15.8121_-4.0051
28.4887_16.1953_-4.13433
28.2402_16.614_-4.26356
28.0477_17.0612_-4.39278
27.9145_17.5295_-4.52201
27.8022_18.0032_-4.39278
27.6297_18.4586_-4.26356
27.4001_18.8879_-4.13433
27.117_19.284_-4.0051
26.785_19.6468_-3.90259
26.4469_19.9973_-4.03181
26.1569_20.3883_-4.16104
25.9196_20.8135_-4.29027
25.7307_21.2698_-4.37929
25.5778_21.7427_-4.44112
25.4276_22.2058_-4.31189
25.2189_22.6458_-4.18267
24.9553_23.0551_-4.05344
24.6412_23.4271_-3.92421
24.2817_23.7555_-3.79499
23.908_24.0676_-3.92421
23.5776_24.4252_-4.05344
23.2961_24.8225_-4.18267
23.0681_25.2527_-4.31189
22.8974_25.7087_-4.44112
22.7562_26.1865_-4.39298
22.5941_26.6585_-4.35856
22.4177_27.126_-4.3379
22.2338_27.5909_-4.33101
22.0466_28.0545_-4.32412
21.8816_28.5125_-4.45334
21.7641_28.9955_-4.51517
21.6744_29.4856_-4.56331
21.6036_29.9802_-4.58398
21.5407_30.4762_-4.59086
21.5022_30.9615_-4.72009
21.5266_31.4478_-4.84932
21.6134_31.9269_-4.97854
21.7613_32.3908_-5.10777
21.9677_32.8318_-5.23699
22.1934_33.2632_-5.10777
22.3618_33.72_-4.97854
22.4698_34.1948_-4.84932
22.5158_34.6795_-4.72009
22.505_35.1732_-4.63106
22.4861_35.6597_-4.76029
22.53_36.1446_-4.88952
22.636_36.6198_-5.01874
22.8024_37.0774_-5.14797
23.0263_37.5097_-5.2772
23.2693_37.9317_-5.14797
23.4558_38.3814_-5.01874
23.5829_38.8515_-4.88952
23.6483_39.3339_-4.76029
23.651_39.8208_-4.63106
23.5909_40.304_-4.50184
23.4752_40.7859_-4.42638
23.327_41.2615_-4.37824
23.1579_41.7311_-4.34382
22.9747_42.196_-4.32316
22.7839_42.6581_-4.31627
22.59_43.1189_-4.30938
22.3928_43.5784_-4.30249
22.1946_44.0374_-4.30938
21.9975_44.4968_-4.30249
21.8226_44.9512_-4.43172
21.7076_45.4243_-4.56094
21.6499_45.9127_-4.66346
21.6425_46.4045_-4.76598
21.6461_46.4813_-4.74557
21.6416_46.9682_-4.61635
21.5745_47.4504_-4.48712
21.4457_47.92_-4.3579
21.2575_48.369_-4.22867
21.013_48.7901_-4.09944
20.7163_49.1761_-3.97022
20.3718_49.5271_-3.8677
19.9934_49.8494_-3.80587
19.597_50.1526_-3.77146
19.1912_50.4441_-3.7508
