configuration 72.6459350586_2.13817882538_-0.994211695618_0.107438839792_19.5581073761_50.1696281433_0.955633460234_0.294558465643
length 90.0352
time 300
roughness 0.000165969
72.6459_2.13818_-2.9263
72.1751_2.0141_-2.79707
71.7242_1.83038_-2.66785
71.3008_1.59009_-2.53862
70.9118_1.29723_-2.40939
70.5638_0.956688_-2.28017
70.5638_0.956688_-2.28017
70.2313_0.601022_-2.40939
69.8546_0.284812_-2.51191
69.4469_0.00308389_-2.58737
69.0191_-0.252296_-2.63551
68.5799_-0.489211_-2.66993
68.1332_-0.713176_-2.69059
67.6864_-0.906634_-2.81982
67.2117_-1.05411_-2.88164
66.4052_-1.49522_-3.01776
65.9151_-1.56872_-2.9423
65.43_-1.67711_-2.88047
64.9493_-1.81147_-2.84606
64.4723_-1.96028_-2.8254
63.9985_-2.11892_-2.80473
63.527_-2.28526_-2.79784
63.0621_-2.42977_-2.92707
62.5754_-2.52313_-3.00253
61.8629_-2.91412_-3.15261
61.3716_-2.89207_-3.25513
60.879_-2.82563_-3.31695
60.3886_-2.73293_-3.35137
59.9017_-2.62341_-3.38579
59.4177_-2.49927_-3.40645
58.9355_-2.36729_-3.41334
58.4532_-2.23884_-3.37892
57.9667_-2.12471_-3.35826
57.1434_-1.8123_-3.31524
56.6607_-1.74857_-3.18602
56.1689_-1.74337_-3.0835
55.6734_-1.78241_-3.02167
55.1798_-1.84992_-2.97353
54.6887_-1.93904_-2.93911
54.1999_-2.04289_-2.91845
53.721_-2.13042_-3.04768
53.2282_-2.16223_-3.1367
52.4099_-2.52487_-3.31524
51.9272_-2.46114_-3.18602
51.4354_-2.45594_-3.0835
50.9399_-2.49498_-3.02167
50.4463_-2.56249_-2.97353
49.9552_-2.65161_-2.93911
49.4665_-2.75546_-2.91845
48.9875_-2.84299_-3.04768
48.4947_-2.8748_-3.1367
47.6764_-3.23744_-3.31524
47.2009_-3.13307_-3.44447
46.7427_-2.96828_-3.57369
46.298_-2.74955_-3.64915
45.8647_-2.50199_-3.68357
45.4384_-2.2413_-3.70423
45.4384_-2.2413_-3.70423
45.0259_-1.96655_-3.77969
44.6306_-1.66341_-3.82783
44.2481_-1.34277_-3.86225
43.8749_-1.01047_-3.88291
43.507_-0.672024_-3.8898
43.1413_-0.331046_-3.89669
42.8012_0.0173737_-4.02591
42.5056_0.407541_-4.14183
41.8268_0.975444_-4.37103
41.6478_1.43571_-4.282
41.4312_1.88307_-4.22018
41.1888_2.3183_-4.17203
40.9288_2.74501_-4.15137
40.66_3.16624_-4.13071
40.3826_3.58184_-4.11005
40.09_3.97099_-3.98082
39.7493_4.32249_-3.8649
39.301_5.08852_-3.64915
38.8717_5.33898_-3.71098
38.4565_5.61425_-3.75912
38.0529_5.90788_-3.79354
37.6578_6.21377_-3.8142
37.2674_6.52616_-3.82109
36.8792_6.84123_-3.82798
36.5039_7.16479_-3.90344
36.1467_7.5134_-3.93785
35.465_8.03311_-4.02833
35.1466_8.41817_-4.00766
34.8218_8.79829_-4.00077
34.4945_9.17617_-3.99389
34.1645_9.55178_-3.987
33.832_9.92511_-3.98011
33.4968_10.2961_-3.97322
33.1844_10.6695_-4.10244
32.9195_11.0812_-4.21836
32.2522_11.6589_-4.44815
32.1052_12.1231_-4.31892
31.9038_12.5759_-4.24346
31.6716_13.0167_-4.19532
31.4199_13.4477_-4.1609
31.1552_13.8715_-4.14024
30.8818_14.2897_-4.11958
30.621_14.7066_-4.2221
30.3934_15.1498_-4.27024
29.7683_15.8324_-4.38051
29.5925_16.2917_-4.27799
29.3741_16.7382_-4.21617
29.1299_17.1724_-4.16803
28.8666_17.5964_-4.13361
28.5904_18.0128_-4.11295
28.3056_18.4234_-4.09229
28.0366_18.8323_-4.20821
27.8054_19.2723_-4.27003
27.1807_19.9383_-4.40745
27.034_20.4159_-4.42811
26.8971_20.8965_-4.44877
26.768_21.3795_-4.45566
26.6421_21.8633_-4.46255
26.5196_22.3481_-4.46944
26.5196_22.3481_-4.46944
26.4226_22.8252_-4.59867
26.3879_23.3108_-4.72789
26.4161_23.7969_-4.85712
26.5067_24.2753_-4.98634
26.6581_24.738_-5.11557
26.6581_24.738_-5.11557
26.83_25.1936_-4.98634
26.947_25.6713_-4.88383
27.0193_26.1615_-4.80837
27.0591_26.6582_-4.76023
27.0772_27.1569_-4.72581
27.0805_27.6566_-4.70515
27.0583_28.1456_-4.58923
26.9871_28.6375_-4.5274
26.9956_29.5707_-4.41864
26.835_30.0303_-4.28942
26.6181_30.4717_-4.1869
26.36_30.8964_-4.12507
26.0773_31.3067_-4.07693
25.7765_31.7049_-4.04251
25.4636_32.0945_-4.02185
25.1664_32.4834_-4.13777
24.9049_32.9061_-4.1996
24.2064_33.4788_-4.35157
24.0268_33.9451_-4.33091
23.8396_34.4087_-4.32402
23.6492_34.871_-4.31713
23.4557_35.332_-4.31024
23.2589_35.7916_-4.30335
23.0611_36.2508_-4.31024
22.8897_36.7065_-4.43947
22.7656_37.1878_-4.50129
22.3173_37.9792_-4.65003
22.2664_38.4634_-4.5208
22.1536_38.9371_-4.39158
21.9806_39.3922_-4.26235
21.7539_39.8329_-4.18689
21.4971_40.2598_-4.13875
21.4971_40.2598_-4.13875
21.2414_40.6823_-4.22778
21.0164_41.1268_-4.27592
20.8106_41.5815_-4.31033
20.6183_42.0427_-4.331
20.4355_42.5077_-4.35166
20.2601_42.9759_-4.35855
20.0742_43.4312_-4.25603
19.846_43.8728_-4.1942
19.6332_44.7704_-4.07095
19.3555_45.1735_-4.18687
19.1263_45.606_-4.30279
18.9378_46.0659_-4.36462
18.7795_46.9236_-4.43206
18.6647_47.3967_-4.56129
18.6119_47.8807_-4.69052
18.6219_48.3675_-4.81974
18.6945_48.849_-4.94897
18.8286_49.317_-5.07819
18.8286_49.317_-5.07819
