configuration 72.6459350586_2.13817882538_-0.994211695618_0.107438839792_19.5581073761_50.1696281433_0.955633460234_0.294558465643
length 142.67
time 7.65932
roughness 0.000120504
72.6459_2.13818_-2.9263
72.1663_2.05441_-3.05553
71.6799_2.03315_-3.18475
71.1948_2.07476_-3.31398
70.7191_2.17853_-3.4432
70.2607_2.34274_-3.57243
69.8054_2.53837_-3.49697
69.3355_2.70666_-3.46256
68.8603_2.86102_-3.44189
68.3824_3.00782_-3.435
67.9034_3.15132_-3.42812
67.431_3.26901_-3.29889
66.9473_3.32483_-3.16966
66.4517_3.32634_-3.0942
65.9535_3.29699_-3.05979
65.4558_3.25273_-3.03913
64.9711_3.18413_-2.92321
64.4902_3.06469_-2.84775
64.0142_2.91467_-2.81333
63.5423_2.75033_-2.79267
63.0739_2.57627_-2.77201
62.6129_2.41979_-2.90123
62.1355_2.32403_-3.03046
61.6497_2.29058_-3.15969
61.163_2.27875_-3.03046
61.0866_2.26971_-3.01006
60.6071_2.18545_-2.88083
60.1424_2.0401_-2.7516
59.7003_1.83607_-2.62238
59.2882_1.57678_-2.49315
58.9129_1.26655_-2.36392
58.5613_0.912326_-2.32951
58.2201_0.547346_-2.30885
57.8845_0.176711_-2.30196
57.5515_-0.196227_-2.29507
57.2211_-0.571451_-2.28818
56.8858_-0.924442_-2.4174
56.5077_-1.23128_-2.54663
56.0933_-1.48683_-2.67586
55.6494_-1.68685_-2.80508
55.1834_-1.828_-2.93431
54.6961_-1.91783_-3.00977
54.2012_-1.9754_-3.05791
53.703_-2.01373_-3.07857
53.2039_-2.04407_-3.08546
52.7047_-2.07098_-3.09235
52.2089_-2.10563_-3.03052
51.7135_-2.16663_-2.99611
51.2197_-2.24247_-2.97544
50.7268_-2.32629_-2.96856
50.2345_-2.4135_-2.96167
49.7493_-2.51436_-2.88621
49.2693_-2.64792_-2.83807
48.7948_-2.80254_-2.80365
48.3235_-2.96938_-2.79676
47.8533_-3.13947_-2.78987
47.4038_-3.32643_-2.66064
46.982_-3.56976_-2.53142
46.5952_-3.86542_-2.40219
46.2497_-4.20846_-2.27297
45.9512_-4.59316_-2.14374
45.6702_-4.99075_-2.27297
45.3402_-5.3488_-2.40219
44.9669_-5.66135_-2.53142
44.5545_-5.92936_-2.63394
44.1153_-6.16455_-2.68208
43.6654_-6.3758_-2.7439
43.2031_-6.5638_-2.77832
42.7348_-6.73813_-2.79898
42.2636_-6.90501_-2.80587
41.7911_-7.06864_-2.81276
41.3241_-7.2062_-2.94199
40.8432_-7.28244_-3.07121
40.3565_-7.29606_-3.20044
39.8721_-7.24685_-3.32967
39.3981_-7.13563_-3.45889
38.9273_-6.97263_-3.50703
38.4618_-6.79086_-3.5277
38.0003_-6.59951_-3.54836
37.5416_-6.40065_-3.55525
37.0842_-6.19864_-3.56214
36.6317_-6.01888_-3.43291
36.1598_-5.89892_-3.30368
35.6764_-5.84078_-3.17446
35.1896_-5.84542_-3.04523
34.7074_-5.91276_-2.91601
34.2286_-6.00146_-3.04523
33.7424_-6.02773_-3.17446
33.2569_-5.99112_-3.30368
32.7802_-5.89225_-3.43291
32.3201_-5.73277_-3.56214
31.8813_-5.51604_-3.67806
31.4594_-5.25328_-3.73988
31.0502_-4.96748_-3.7743
30.6493_-4.66924_-3.79496
30.253_-4.36442_-3.80185
29.8561_-4.08236_-3.67262
29.4262_-3.8538_-3.5434
28.9704_-3.68255_-3.41417
28.4964_-3.57146_-3.28495
28.012_-3.52239_-3.15572
27.5259_-3.49488_-3.28495
27.0474_-3.40497_-3.41417
26.5844_-3.25413_-3.5434
26.1448_-3.0449_-3.67262
25.7358_-2.78076_-3.80185
25.3472_-2.46894_-3.84999
24.972_-2.1399_-3.88441
24.6062_-1.79941_-3.90507
24.2459_-1.45289_-3.91196
23.8879_-1.10389_-3.91885
23.7767_-0.997469_-3.87804
23.7194_-0.946179_-3.85764
23.6806_-0.912686_-3.84403
23.6609_-0.896161_-3.83723
23.6412_-0.87977_-3.83043
23.2788_-0.554632_-3.95966
22.9613_-0.185501_-4.08888
22.694_0.221467_-4.21811
22.4814_0.659486_-4.34734
22.327_1.12125_-4.47656
22.2334_1.59906_-4.60579
22.2_2.0874_-4.72171
22.2148_2.58421_-4.78354
22.256_3.0816_-4.81795
22.312_3.57811_-4.83861
22.3574_4.06781_-4.7361
22.359_4.56485_-4.67427
22.3343_5.06332_-4.63985
22.2946_5.56142_-4.61919
22.2469_6.0591_-4.6123
22.2004_6.5566_-4.63296
22.1619_7.05508_-4.63985
22.1268_7.55381_-4.64674
22.0952_8.05277_-4.65363
22.0647_8.5518_-4.64674
22.033_9.05076_-4.65363
22.0025_9.5498_-4.64674
21.9709_10.0488_-4.65363
21.9404_10.5478_-4.64674
21.9087_11.0467_-4.65363
21.8782_11.5458_-4.64674
21.8443_12.0446_-4.63985
21.8069_12.5432_-4.63296
21.7661_13.0414_-4.62608
21.7241_13.5396_-4.63296
21.6856_14.0381_-4.63985
21.6505_14.5369_-4.64674
21.6189_15.0358_-4.65363
21.5906_15.535_-4.66052
21.5636_16.0342_-4.65363
21.5354_16.5334_-4.66052
21.5083_17.0326_-4.65363
21.4778_17.5316_-4.64674
21.4461_18.0306_-4.65363
21.4179_18.5298_-4.66052
21.3886_19.0286_-4.63986
21.3512_19.5271_-4.63297
21.3104_20.0254_-4.62608
21.2662_20.5234_-4.61919
21.2185_21.0211_-4.6123
21.1629_21.5171_-4.57789
21.0925_22.0118_-4.55722
21.0119_22.5049_-4.53656
20.9233_22.997_-4.52967
20.8314_23.4884_-4.52278
20.7194_23.9622_-4.39356
20.5473_24.4177_-4.26433
20.318_24.8472_-4.13511
20.0352_25.2436_-4.00588
19.7035_25.6066_-3.90336
19.3372_25.9275_-3.77414
18.9327_26.1984_-3.64491
18.4966_26.415_-3.51569
18.0363_26.5735_-3.38646
17.5593_26.6714_-3.25723
17.0737_26.7071_-3.12801
16.5876_26.6798_-2.99878
16.1091_26.5902_-2.86955
15.646_26.4396_-2.74033
15.2063_26.2306_-2.6111
14.7762_26.0023_-2.74033
14.3204_25.8313_-2.86955
13.8463_25.7204_-2.99878
13.3618_25.6716_-3.12801
12.8751_25.6856_-3.25723
12.3801_25.7489_-3.29165
11.8866_25.827_-3.31231
11.3947_25.9153_-3.33297
10.9041_26.0115_-3.33986
10.4142_26.1111_-3.34675
9.93168_26.2242_-3.42221
9.45373_26.3679_-3.45663
8.97973_26.526_-3.47729
8.5091_26.6938_-3.49795
8.04095_26.8693_-3.50484
7.59357_27.0614_-3.63407
7.17468_27.3096_-3.76329
6.79126_27.6097_-3.89252
6.44642_27.9571_-4.00844
6.13257_28.3425_-4.07026
5.82471_28.7197_-3.94104
5.4708_29.0541_-3.81181
5.07676_29.3401_-3.68259
4.64915_29.5729_-3.55336
4.1951_29.7487_-3.42413
3.73369_29.9042_-3.55336
3.29615_30.1178_-3.68259
2.88979_30.386_-3.81181
2.52138_30.7043_-3.94104
2.19707_31.0675_-4.07026
1.88921_31.4447_-3.94104
1.53531_31.779_-3.81181
1.14126_32.065_-3.68259
0.711365_32.3039_-3.58007
0.25711_32.5056_-3.51824
-0.187655_32.7037_-3.64747
-0.603181_32.9575_-3.7767
-0.98254_33.2627_-3.90592
-1.3194_33.6143_-4.03515
-1.60816_34.0063_-4.16437
-1.87921_34.4108_-4.03515
-2.20012_34.7769_-3.90592
-2.56555_35.0987_-3.7767
-2.96939_35.3707_-3.64747
-3.40491_35.5883_-3.51824
-3.84968_35.7864_-3.64747
-4.2652_36.0402_-3.7767
-4.64456_36.3454_-3.90592
-4.98143_36.697_-4.03515
-5.27018_37.089_-4.16437
-5.50601_37.515_-4.2936
-5.68498_37.9678_-4.42283
-5.8041_38.4399_-4.55205
-5.86139_38.9234_-4.68128
-5.8559_39.4102_-4.8105
-5.79119_39.8977_-4.91302
-5.68216_40.3827_-4.97485
-5.54715_40.8632_-5.00926
-5.3977_41.34_-5.02993
-5.23842_41.8136_-5.05059
-5.05756_42.2656_-5.17981
-4.81995_42.6906_-5.30904
-4.52955_43.0814_-5.43827
-4.19122_43.4315_-5.56749
-3.81058_43.7351_-5.69672
-3.39104_44.0016_-5.75854
-2.95624_44.2467_-5.79296
-2.51381_44.4789_-5.81362
-2.06668_44.7019_-5.83428
-1.61575_44.9179_-5.84117
-1.16722_45.1073_-5.9704
-0.694432_45.2427_-6.07292
-0.205597_45.3389_-6.12106
0.287834_45.4138_-6.15548
0.783861_45.474_-6.17614
1.26532_45.5465_-6.04691
1.73343_45.6804_-5.91769
2.18038_45.8736_-5.78846
2.59871_46.1227_-5.65923
2.98145_46.4236_-5.53001
3.35044_46.7413_-5.65923
3.75728_47.0088_-5.78846
4.19521_47.2216_-5.91769
4.66234_47.3871_-5.99314
5.14195_47.5219_-6.04129
5.62789_47.6382_-6.06195
6.11612_47.7445_-6.08261
6.60629_47.843_-6.0895
7.09713_47.9381_-6.09639
7.5886_48.0298_-6.10328
8.0807_48.1182_-6.11017
8.573_48.2054_-6.10328
9.0651_48.2937_-6.11017
9.5574_48.3809_-6.10328
10.0495_48.4692_-6.11017
10.5418_48.5564_-6.10328
11.0339_48.6448_-6.11017
11.5262_48.732_-6.10328
12.0183_48.8203_-6.11017
12.5106_48.9075_-6.10328
13.0027_48.9959_-6.11017
13.495_49.0831_-6.10328
13.9871_49.1714_-6.11017
14.4794_49.2586_-6.10328
14.9715_49.3469_-6.11017
15.4638_49.4341_-6.10328
15.9559_49.5225_-6.11017
16.4482_49.6097_-6.10328
16.9403_49.698_-6.11017
17.4326_49.7852_-6.10328
17.9247_49.8735_-6.11017
18.4003_49.9776_-5.98094
18.8586_50.1421_-5.85171
19.2918_50.3643_-5.72249
19.4423_50.4621_-5.67488
