configuration 46.8230323792_-26.2805175781_0.619899316938_0.784681360082_54.818611145_35.6322822571_0.774404309534_0.632691050494
length 162.789
time 300
roughness 0.000253191
46.823_-26.2805_1.33723
46.9077_-25.8531_1.45285
46.934_-25.5723_1.52767
46.9386_-25.4185_1.56848
46.9379_-25.316_1.59568
46.9355_-25.2391_1.61609
46.9355_-25.2391_1.61609
46.9368_-25.1627_1.63649
46.8843_-24.6787_1.76572
46.6621_-23.8919_1.98336
46.4481_-23.4546_2.11259
46.1796_-23.0484_2.24181
45.861_-22.6803_2.37104
45.4976_-22.3563_2.50026
45.0954_-22.0818_2.62949
45.0954_-22.0818_2.62949
44.731_-21.8937_2.73831
44.6125_-21.8447_2.77232
44.5646_-21.8264_2.78592
44.4439_-21.7831_2.81993
44.4196_-21.775_2.82673
44.4196_-21.775_2.82673
43.9457_-21.636_2.91576
43.4591_-21.5347_2.97758
42.7315_-21.4606_3.04577
42.2395_-21.4008_2.97031
41.75_-21.3081_2.92217
41.2642_-21.1939_2.88775
40.7814_-21.0651_2.86709
40.3014_-20.9263_2.84643
39.8234_-20.7798_2.83954
39.3541_-20.6206_2.76408
38.8939_-20.4295_2.71594
37.9844_-20.161_2.63515
37.549_-19.9431_2.76438
37.0892_-19.7831_2.8936
36.9145_-19.7417_2.94121
36.8642_-19.7317_2.95481
36.839_-19.727_2.96162
36.839_-19.727_2.96162
36.3468_-19.641_2.98228
35.8529_-19.5651_3.00294
35.3576_-19.4971_3.00983
34.8618_-19.4326_3.01672
34.3656_-19.3715_3.02361
34.3656_-19.3715_3.02361
33.8801_-19.3347_3.15283
33.3867_-19.3548_3.24186
32.9047_-19.424_3.37108
32.4357_-19.5548_3.50031
31.6284_-19.8177_3.69067
31.2027_-20.054_3.56145
30.75_-20.2334_3.43222
30.2781_-20.353_3.303
29.7946_-20.4108_3.17377
29.3078_-20.4059_3.04454
29.3078_-20.4059_3.04454
28.8216_-20.3793_3.17377
28.3361_-20.4155_3.303
28.3361_-20.4155_3.303
27.8424_-20.4948_3.29611
27.3586_-20.5492_3.16688
26.8718_-20.5409_3.03765
26.1308_-20.7677_1.89085
25.9582_-20.3124_2.02007
25.7289_-19.88_2.13599
25.4531_-19.4682_2.21145
25.1479_-19.0759_2.27328
24.8211_-18.6987_2.30769
24.4815_-18.333_2.34211
24.1572_-17.9698_2.21288
23.8824_-17.5679_2.08366
23.2214_-17.1371_1.67124
23.1521_-16.6551_1.80046
23.0226_-16.1831_1.91638
22.8431_-15.7212_1.99184
22.32_-14.9094_2.05891
22.0865_-14.4672_2.05203
21.8797_-14.0265_1.9228
21.7231_-13.5581_1.83377
21.2543_-12.7732_1.67124
21.2122_-12.2767_1.62309
21.1919_-11.7781_1.58868
21.1864_-11.2784_1.56802
21.1912_-10.7788_1.54735
21.2041_-10.279_1.54047
21.2204_-9.77927_1.53358
21.2553_-9.28871_1.43106
21.3346_-8.79805_1.36923
21.3099_-7.87184_1.24818
21.4627_-7.39672_1.2826
21.6014_-6.91669_1.30326
21.7324_-6.43421_1.31015
21.8602_-5.95084_1.31704
21.9846_-5.4666_1.32393
22.1056_-4.98152_1.33082
22.2012_-4.5041_1.46004
22.2367_-4.01591_1.57597
22.5103_-3.17716_1.80484
22.4175_-2.69918_1.67562
22.3827_-2.20862_1.5731
22.3917_-1.71166_1.51127
22.4293_-1.21488_1.46313
22.4886_-0.719332_1.42871
22.5628_-0.225196_1.40805
22.6212_0.258173_1.53728
22.6233_0.752001_1.6263
22.9358_1.59069_1.80484
22.8089_2.06973_1.8803
22.6496_2.54177_1.92844
22.4695_3.00724_1.96286
22.2754_3.46767_1.98352
22.0718_3.924_2.00418
21.8608_4.37725_2.01107
21.6722_4.82611_1.88185
21.5402_5.29748_1.76593
21.0484_6.03534_1.5477
21.0802_6.52119_1.41847
21.1457_6.87404_1.32326
21.2068_7.09659_1.26204
21.2555_7.24253_1.22123
21.2915_7.33859_1.19403
21.2915_7.33859_1.19403
21.4123_7.62152_1.11241
21.4123_7.62152_1.11241
21.787_8.33845_1.00917
22.0286_8.76117_1.1384
22.2195_9.21442_1.24091
22.3708_9.68786_1.30274
22.495_10.1703_1.35088
22.5983_10.6586_1.3853
22.6871_11.1503_1.40596
22.7872_11.6268_1.27673
22.9442_12.095_1.18771
22.9181_12.9897_1.00917
23.1628_13.4136_1.12509
23.3652_13.866_1.20055
23.538_14.3333_1.24869
23.6929_14.8083_1.26935
23.838_15.2865_1.29001
23.9731_15.7675_1.31068
24.1182_16.2323_1.18145
24.3219_16.6745_1.05222
24.326_17.2686_0.68119
24.6164_17.5206_0.783211
24.6164_17.5206_0.783211
24.9466_17.8785_0.912437
25.1857_18.2116_1.02126
25.1857_18.2116_1.02126
25.4222_18.6372_1.15048
25.6554_19.2595_1.32732
25.7527_19.7366_1.45655
25.7922_20.2268_1.55906
25.7878_20.7239_1.62089
25.7549_21.221_1.66903
25.7003_21.7171_1.70345
25.6308_22.2119_1.72411
25.5769_22.6958_1.59488
25.5795_23.1896_1.50586
25.2749_24.0312_1.32732
25.3848_24.5159_1.38915
25.4693_25.0078_1.42356
25.5368_25.5023_1.45798
25.5897_25.9992_1.47864
25.6345_26.4971_1.48553
25.676_26.9954_1.49242
25.7346_27.4787_1.36319
25.8537_27.9535_1.24727
25.7964_28.8395_1.02984
26.0292_29.2672_1.15906
26.205_29.7212_1.28829
26.3208_30.1941_1.41752
26.3746_30.678_1.54674
26.3657_31.1648_1.67597
26.3657_31.1648_1.67597
26.2941_31.6464_1.80519
26.1611_32.1148_1.93442
25.9688_32.5621_2.06365
25.7204_32.9809_2.19287
25.4202_33.3642_2.3221
25.4202_33.3642_2.3221
25.1032_33.7338_2.19287
24.8365_34.1411_2.06365
24.6245_34.5795_1.93442
24.4708_35.0414_1.80519
24.3779_35.5194_1.67597
24.3779_35.5194_1.67597
24.322_36.0159_1.69663
24.2559_36.5112_1.71729
24.1818_37.0056_1.72418
24.1043_37.4996_1.73107
24.0233_37.9929_1.73796
24.0233_37.9929_1.73796
23.9628_38.476_1.60873
23.9649_38.9629_1.47951
24.0298_39.4455_1.35028
24.1564_39.9156_1.22106
24.3424_40.3656_1.09183
24.3424_40.3656_1.09183
24.5483_40.8068_1.22106
24.6984_41.2727_1.33698
24.8011_41.7575_1.41243
24.8078_42.7232_1.47951
24.8727_43.2058_1.35028
24.9979_43.679_1.23436
25.177_44.1345_1.11844
25.4034_44.577_1.05661
25.8123_45.0608_0.983007
26.0886_45.4775_0.989896
26.3708_45.8849_0.914438
26.6799_46.2767_0.880021
26.9051_46.7545_0.79937
27.2358_47.1185_0.901887
27.536_47.5147_0.963713
28.0856_48.3397_1.05968
28.3056_48.7741_1.1889
28.4677_49.2332_1.31813
28.5694_49.7093_1.44735
28.6077_50.169_1.56978
28.6073_50.246_1.59018
28.6073_50.246_1.59018
28.6011_50.7456_1.56952
28.6223_51.232_1.4403
28.7061_51.7117_1.31107
28.6494_52.3038_0.808067
28.9706_52.6697_0.937293
29.2419_53.074_1.06652
29.4648_53.5124_1.16904
29.6642_54.3102_1.2997
29.8143_54.7733_1.17047
30.0229_55.2133_1.04124
30.2865_55.6227_0.912018
30.985_56.1889_0.62636
31.3912_56.4573_0.497134
31.8286_56.6712_0.367908
32.2899_56.8269_0.238682
32.7675_56.9218_0.109456
33.2533_56.9545_-0.0197701
33.2533_56.9545_-0.0197701
33.7392_56.9242_-0.148996
34.2172_56.8316_-0.278222
34.6793_56.6782_-0.407448
35.1177_56.4664_-0.536675
35.5253_56.2_-0.665901
35.5253_56.2_-0.665901
35.916_55.8886_-0.686562
36.2825_55.5641_-0.802483
36.6205_55.1997_-0.86431
37.1731_54.7624_-0.992367
37.4218_54.3438_-1.12159
37.6144_53.8966_-1.25082
37.7479_53.4284_-1.38005
37.8298_52.6137_-1.57048
37.8311_52.1138_-1.56359
37.8552_51.6275_-1.43437
37.9418_51.1484_-1.30514
38.0895_50.6844_-1.17592
37.8316_50.1838_-0.0542333
38.3297_50.1511_-0.0886499
38.827_50.1034_-0.109312
39.3239_50.0477_-0.116201
39.8204_49.9886_-0.12309
40.3164_49.9261_-0.129979
40.3164_49.9261_-0.129979
40.8014_49.8835_-0.000753184
41.2879_49.9038_0.128473
41.7706_49.985_0.244394
42.2376_50.1227_0.37362
42.683_50.3194_0.502846
43.5101_50.8059_0.734403
43.8852_51.1338_0.686261
44.2631_51.4566_0.748087
44.625_51.8002_0.782504
45.4552_52.2526_0.863629
45.787_52.609_0.734403
46.1415_52.9041_0.611978
46.333_53.0329_0.550766
46.4209_53.0858_0.52356
46.4654_53.1112_0.509957
46.4654_53.1112_0.509957
46.9001_53.3307_0.380731
47.3593_53.4923_0.251505
47.8356_53.5934_0.122279
48.321_53.6322_-0.00694701
48.8073_53.6082_-0.136173
48.8073_53.6082_-0.136173
49.2864_53.5217_-0.265399
49.7149_53.0668_-0.690035
50.1032_52.7731_-0.560809
50.5261_52.5318_-0.431583
50.9806_52.3385_-0.342557
51.4521_52.1812_-0.280731
51.9332_52.0485_-0.246314
52.4185_51.9323_-0.211898
52.9003_51.816_-0.287356
53.3772_51.6691_-0.321772
54.3223_51.6158_-0.403009
54.7617_51.406_-0.532235
55.1768_51.1422_-0.634752
55.5709_50.8394_-0.696578
55.9478_50.5136_-0.744721
56.3109_50.1712_-0.779137
56.664_49.8176_-0.799799
57.0178_49.4831_-0.670573
57.4136_49.1878_-0.581547
57.9018_48.4376_-0.403009
58.3574_48.2658_-0.273783
58.8333_48.1516_-0.157862
59.3257_48.0835_-0.0960356
59.823_48.0413_-0.0616189
60.3219_48.014_-0.0409572
60.3219_48.014_-0.0409572
60.8071_47.9735_-0.170183
60.8071_47.9735_-0.170183
61.283_47.8708_-0.299409
61.7418_47.7076_-0.428636
62.1756_47.4866_-0.557862
62.4531_47.3021_-0.64628
62.5546_47.2237_-0.680286
62.5546_47.2237_-0.680286
62.5774_47.2116_-0.687088
62.9404_46.8871_-0.816314
63.2585_46.5185_-0.94554
63.5327_46.1102_-1.04806
63.7577_45.6784_-1.17728
63.9252_45.2213_-1.30651
64.1907_44.3335_-1.5379
64.1861_43.8467_-1.66713
64.1188_43.3644_-1.79635
63.9899_42.8949_-1.92558
63.8015_42.4459_-2.05481
63.5569_42.025_-2.18403
63.5569_42.025_-2.18403
63.2601_41.639_-2.31326
62.9156_41.2852_-2.40228
62.5415_40.9579_-2.46411
62.1491_40.6495_-2.49853
61.7472_40.3526_-2.51919
61.7472_40.3526_-2.51919
61.3403_40.0621_-2.52608
60.9314_39.7744_-2.53297
60.5206_39.4895_-2.53986
60.1078_39.2074_-2.54675
59.6931_38.9282_-2.55364
59.6931_38.9282_-2.55364
59.2777_38.6499_-2.54675
58.863_38.3707_-2.55364
58.4476_38.0924_-2.54675
57.6214_37.5292_-2.54675
57.2069_37.2737_-2.67597
56.763_37.0738_-2.8052
56.297_36.9327_-2.93442
55.8167_36.8528_-3.06365
55.4582_36.8361_-3.15887
55.4582_36.8361_-3.15887
