configuration -4.52205276489_51.1520843506_-0.288179288681_0.957576470876_89.803527832_11.5547637939_-0.656431103106_0.754385980036
length 143.599
time 300
roughness 0.000208199
-4.52205_51.1521_-0.58465
-4.11105_50.8705_-0.632792
-3.71017_50.5722_-0.653454
-3.31554_50.2657_-0.674115
-2.92566_49.9528_-0.681005
-2.53794_49.6371_-0.687894
-2.1524_49.3188_-0.694783
-1.79193_48.9915_-0.824009
-1.47337_48.6199_-0.93993
-0.747784_48.1192_-1.16881
-0.538473_47.6796_-1.03959
-0.274257_47.2707_-0.910361
0.0394574_46.887_-0.834902
0.380589_46.5255_-0.773076
0.741787_46.1811_-0.738659
1.11354_45.8472_-0.717997
1.4945_45.528_-0.656171
1.89341_45.2281_-0.621754
2.6031_44.666_-0.572158
3.0009_44.3853_-0.701384
3.21182_44.1981_-0.7762
3.21182_44.1981_-0.7762
3.54449_43.8425_-0.905426
3.82857_43.4471_-1.03465
4.1413_42.8316_-1.21829
4.28989_42.3679_-1.34752
4.3875_41.8821_-1.42297
4.45059_41.389_-1.4848
4.48776_40.8913_-1.51922
4.51009_40.3922_-1.53988
4.52209_39.8926_-1.56054
4.54772_39.4064_-1.43131
4.63253_38.922_-1.3288
4.4921_38.0401_-1.13758
4.67758_37.5899_-1.26681
4.8035_37.1196_-1.39604
4.86776_36.637_-1.52526
4.86929_36.1501_-1.65449
4.80807_35.667_-1.78371
4.80807_35.667_-1.78371
4.7082_35.1781_-1.7493
4.62287_34.6857_-1.72864
4.54542_34.1918_-1.72175
4.47137_33.6973_-1.71486
4.40073_33.2024_-1.70797
4.3335_32.707_-1.70108
4.28614_32.2175_-1.59856
4.28028_31.7193_-1.55042
4.11927_30.9444_-1.4453
4.20063_30.4643_-1.31608
4.34317_29.9988_-1.18685
4.54452_29.5555_-1.05762
4.80132_29.1418_-0.928397
5.10928_28.7647_-0.799171
5.10928_28.7647_-0.799171
5.45523_28.4042_-0.819832
5.79554_28.0379_-0.826722
6.13331_27.6693_-0.833611
6.46854_27.2984_-0.8405
6.8012_26.9251_-0.847389
7.13129_26.5496_-0.854278
7.46661_26.193_-0.738358
7.841_25.8661_-0.676531
8.36643_25.1157_-0.541181
8.77274_24.8475_-0.670407
9.14755_24.529_-0.772924
9.49616_24.1748_-0.83475
9.82468_23.8002_-0.882892
10.1371_23.411_-0.917309
10.4382_23.0122_-0.937971
10.7425_22.6322_-0.808745
11.0938_22.2851_-0.719719
11.4741_21.4749_-0.541181
11.9032_21.2183_-0.534292
12.3329_20.9627_-0.541181
12.762_20.7062_-0.534292
13.1917_20.4506_-0.541181
13.6208_20.194_-0.534292
14.0517_19.9404_-0.527403
14.4824_19.7134_-0.398176
14.9405_19.5409_-0.282256
15.6431_19.0003_-0.0668633
16.1346_18.9528_-0.155889
16.6239_18.8656_-0.217715
17.1086_18.7502_-0.265857
17.5898_18.6156_-0.286519
18.0681_18.4711_-0.307181
18.5433_18.3167_-0.327843
18.9972_18.1405_-0.457069
19.4279_17.9079_-0.57299
20.2868_17.684_-0.78874
20.615_17.3244_-0.917966
20.9003_16.9238_-1.02048
21.154_16.495_-1.06863
21.3892_16.0548_-1.10304
21.6114_15.6073_-1.1237
21.6114_15.6073_-1.1237
21.8404_15.1776_-0.994477
22.1228_14.781_-0.865251
22.1228_14.781_-0.865251
22.4535_14.4118_-0.789793
22.8105_14.0661_-0.727966
23.1869_13.7383_-0.69355
23.5733_13.4216_-0.672888
23.9684_13.1253_-0.583863
24.3884_12.8573_-0.535721
25.1489_12.2812_-0.453934
25.5803_12.0499_-0.569855
25.9908_11.7722_-0.645313
26.3816_11.4652_-0.70714
26.7573_11.1366_-0.741557
27.1234_10.7966_-0.762218
27.4825_10.4491_-0.78288
27.8419_10.1206_-0.653654
28.2422_9.83492_-0.551137
28.7478_9.09296_-0.359825
29.2121_8.93821_-0.243905
29.6959_8.8306_-0.168447
30.1883_8.75495_-0.120304
30.6844_8.70074_-0.0858877
31.1826_8.6613_-0.065226
31.6693_8.65018_0.0640001
32.1535_8.70189_0.193226
32.6269_8.81555_0.322452
33.1737_8.59896_0.607777
33.5612_8.89368_0.737003
33.8193_9.14306_0.832223
33.9046_9.23882_0.866229
33.9212_9.2584_0.873031
33.9376_9.27809_0.879832
33.9376_9.27809_0.879832
34.2409_9.66775_0.968858
34.8177_10.3947_1.11943
35.0485_10.8235_0.990209
35.3326_11.2189_0.860983
35.6652_11.5744_0.731757
36.041_11.8841_0.60253
36.4534_12.1428_0.473304
36.4534_12.1428_0.473304
36.8958_12.3461_0.344078
37.3607_12.4908_0.214852
37.8404_12.5744_0.085626
38.3384_12.6183_0.0925152
38.8364_12.6633_0.085626
38.8364_12.6633_0.085626
39.3334_12.698_0.0374838
39.8323_12.711_0.0030672
40.3188_12.6918_-0.126159
40.8087_12.6172_-0.201617
41.4408_12.6198_-0.356463
41.4408_12.6198_-0.356463
41.4408_12.6198_-0.356463
41.8927_12.4316_-0.472384
42.3282_12.1951_-0.547842
42.7542_11.9594_-0.418616
43.2071_11.7805_-0.28939
43.4898_11.2254_1.00497
43.768_11.625_0.875745
44.0954_11.9853_0.746519
44.6749_12.4478_0.549279
45.0993_12.7116_0.569941
45.5196_12.9823_0.57683
45.938_13.256_0.58372
46.3546_13.5325_0.590609
46.7692_13.8118_0.597498
47.1819_14.0941_0.604387
47.5939_14.3535_0.475161
48.0374_14.5607_0.35924
48.6996_15.1443_0.12946
49.1955_15.2077_0.122571
49.6919_15.2677_0.115681
50.1886_15.3242_0.108792
50.6857_15.3774_0.101903
51.1832_15.4271_0.0950137
51.681_15.4734_0.0881245
52.1638_15.5368_0.217351
52.6374_15.6605_0.333271
53.5207_15.6269_0.562964
53.9431_15.8691_0.433738
54.3972_16.0634_0.344712
54.8683_16.2217_0.282886
55.3491_16.3555_0.248469
55.8343_16.475_0.227807
56.3218_16.5845_0.207146
56.7936_16.7048_0.336372
57.2548_16.8814_0.425397
58.1479_16.8978_0.616732
58.3739_17.0665_0.691547
58.3739_17.0665_0.691547
58.5103_17.1831_0.739157
58.5103_17.1831_0.739157
58.8559_17.5261_0.868383
59.1545_17.9107_0.997609
59.407_18.3327_1.10013
59.6114_18.8029_1.22266
59.7808_19.2732_1.22955
59.9471_19.7447_1.23644
60.1101_20.2174_1.24333
60.4284_21.1653_1.24333
60.6044_21.6193_1.1141
60.8375_22.0468_0.984877
61.1217_22.4527_0.909419
61.435_22.8386_0.847592
61.7696_23.2089_0.813176
62.1167_23.5675_0.778759
62.4774_23.8945_0.649533
62.8782_24.1755_0.533612
63.5036_24.8221_0.330453
63.957_24.9995_0.459679
64.3955_25.2304_0.535137
64.8199_25.4913_0.583279
65.2333_25.7709_0.617696
65.6368_26.0646_0.652113
65.6368_26.0646_0.652113
66.0376_26.3606_0.603971
66.4521_26.6369_0.555828
66.8784_26.8976_0.535167
67.7662_27.3517_0.50815
68.1903_27.6046_0.597175
68.5955_27.8925_0.659002
68.9866_28.2026_0.693419
69.3569_28.5293_0.782444
69.7045_28.8861_0.830586
70.2553_29.4237_0.918218
70.5671_29.7977_0.788992
70.9245_30.1284_0.659766
71.3_30.3962_0.537341
71.4556_30.4857_0.489731
71.5237_30.5214_0.469327
71.5237_30.5214_0.469327
71.9574_30.7577_0.558353
72.371_31.0306_0.633811
72.7752_31.3021_0.504585
73.211_31.5192_0.375359
73.5352_32.1148_-0.0445811
74.0306_32.1051_0.030877
74.5283_32.1285_0.0790192
75.0253_32.1736_0.113436
75.5214_32.2336_0.134098
76.0161_32.3038_0.154759
76.5093_32.3842_0.175421
76.9919_32.4488_0.046195
77.4813_32.4527_-0.0697258
78.3221_32.7482_-0.287997
78.7826_32.5903_-0.417224
79.219_32.3743_-0.54645
79.6272_32.1042_-0.66237
80.0102_31.7897_-0.737829
80.3711_31.4479_-0.799655
80.7148_31.086_-0.834072
81.0296_30.7112_-0.949993
81.3103_30.3011_-1.01182
81.9082_29.5724_-1.12099
82.1224_29.1209_-1.14165
82.3294_28.6658_-1.14854
82.5332_28.2093_-1.15543
82.7339_27.7514_-1.16232
82.9335_27.293_-1.15543
82.9335_27.293_-1.15543
83.1342_26.8351_-1.16232
83.3339_26.3767_-1.15543
83.5346_25.9188_-1.16232
83.9349_25.0025_-1.16232
84.1346_24.5442_-1.15543
84.3353_24.0863_-1.16232
84.5349_23.6279_-1.15543
84.9353_22.7116_-1.15543
85.136_22.2537_-1.16232
85.3356_21.7953_-1.15543
85.5363_21.3374_-1.16232
85.9367_20.4211_-1.16232
86.1363_19.9627_-1.15543
86.337_19.5048_-1.16232
86.5366_19.0465_-1.15543
86.937_18.1302_-1.15543
87.1468_17.6796_-1.0936
87.3827_17.2408_-1.04546
87.6363_16.8102_-1.0248
87.8987_16.385_-1.00413
88.168_15.9638_-0.997246
88.4403_15.5445_-0.990357
88.7243_15.149_-0.86113
89.057_14.784_-0.772105
89.4965_14.0025_-0.583259
89.8912_13.7174_-0.712485
90.2458_13.3838_-0.841711
90.5545_13.0073_-0.970937
90.8121_12.5941_-1.10016
91.0143_12.1512_-1.22939
91.0143_12.1512_-1.22939
