configuration 72.6459350586_2.13817882538_-0.994211695618_0.107438839792_19.5581073761_50.1696281433_0.955633460234_0.294558465643
length 169.429
time 7.93317
roughness 0.000117605
72.6459_2.13818_-2.9263
72.1663_2.05441_-3.05553
71.6799_2.03315_-3.18475
71.1948_2.07476_-3.31398
70.7191_2.17853_-3.4432
70.2607_2.34274_-3.57243
69.8054_2.53837_-3.49697
69.3355_2.70666_-3.46256
68.8603_2.86102_-3.44189
68.3824_3.00782_-3.435
67.9034_3.15132_-3.42812
67.431_3.26901_-3.29889
66.9473_3.32483_-3.16966
66.4517_3.32634_-3.0942
65.9535_3.29699_-3.05979
65.4558_3.25273_-3.03913
64.9711_3.18413_-2.92321
64.4902_3.06469_-2.84775
64.0142_2.91467_-2.81333
63.5423_2.75033_-2.79267
63.0739_2.57627_-2.77201
62.6129_2.41979_-2.90123
62.1355_2.32403_-3.03046
61.6497_2.29058_-3.15969
61.163_2.27875_-3.03046
61.0866_2.26971_-3.01006
60.6071_2.18545_-2.88083
60.1424_2.0401_-2.7516
59.7003_1.83607_-2.62238
59.2882_1.57678_-2.49315
58.9129_1.26655_-2.36392
58.5613_0.912326_-2.32951
58.2201_0.547346_-2.30885
57.8845_0.176711_-2.30196
57.5515_-0.196227_-2.29507
57.2211_-0.571451_-2.28818
56.8858_-0.924442_-2.4174
56.5077_-1.23128_-2.54663
56.0933_-1.48683_-2.67586
55.6494_-1.68685_-2.80508
55.1834_-1.828_-2.93431
54.6961_-1.91783_-3.00977
54.2012_-1.9754_-3.05791
53.703_-2.01373_-3.07857
53.2039_-2.04407_-3.08546
52.7047_-2.07098_-3.09235
52.2089_-2.10563_-3.03052
51.7135_-2.16663_-2.99611
51.2197_-2.24247_-2.97544
50.7268_-2.32629_-2.96856
50.2345_-2.4135_-2.96167
49.7493_-2.51436_-2.88621
49.2693_-2.64792_-2.83807
48.7948_-2.80254_-2.80365
48.3235_-2.96938_-2.79676
47.8533_-3.13947_-2.78987
47.4038_-3.32643_-2.66064
46.982_-3.56976_-2.53142
46.5952_-3.86542_-2.40219
46.2497_-4.20846_-2.27297
45.9512_-4.59316_-2.14374
45.6702_-4.99075_-2.27297
45.3402_-5.3488_-2.40219
44.9669_-5.66135_-2.53142
44.5545_-5.92936_-2.63394
44.1153_-6.16455_-2.68208
43.6654_-6.3758_-2.7439
43.2031_-6.5638_-2.77832
42.7348_-6.73813_-2.79898
42.2636_-6.90501_-2.80587
41.7911_-7.06864_-2.81276
41.3241_-7.2062_-2.94199
40.8432_-7.28244_-3.07121
40.3565_-7.29606_-3.20044
39.8721_-7.24685_-3.32967
39.3981_-7.13563_-3.45889
38.9273_-6.97263_-3.50703
38.4618_-6.79086_-3.5277
38.0003_-6.59951_-3.54836
37.5416_-6.40065_-3.55525
37.0842_-6.19864_-3.56214
36.6317_-6.01888_-3.43291
36.1598_-5.89892_-3.30368
35.6764_-5.84078_-3.17446
35.1896_-5.84542_-3.04523
34.7074_-5.91276_-2.91601
34.2286_-6.00146_-3.04523
33.7424_-6.02773_-3.17446
33.2569_-5.99112_-3.30368
32.7802_-5.89225_-3.43291
32.3201_-5.73277_-3.56214
31.8813_-5.51604_-3.67806
31.4594_-5.25328_-3.73988
31.0502_-4.96748_-3.7743
30.6493_-4.66924_-3.79496
30.253_-4.36442_-3.80185
29.8561_-4.08236_-3.67262
29.4262_-3.8538_-3.5434
28.9704_-3.68255_-3.41417
28.4964_-3.57146_-3.28495
28.012_-3.52239_-3.15572
27.5259_-3.49488_-3.28495
27.0474_-3.40497_-3.41417
26.5844_-3.25413_-3.5434
26.1448_-3.0449_-3.67262
25.7358_-2.78076_-3.80185
25.3472_-2.46894_-3.84999
24.972_-2.1399_-3.88441
24.6062_-1.79941_-3.90507
24.2459_-1.45289_-3.91196
23.8879_-1.10389_-3.91885
23.5266_-0.777441_-3.78962
23.1263_-0.50026_-3.6604
22.6937_-0.276975_-3.53117
22.2358_-0.111308_-3.40195
21.7604_-0.00602318_-3.27272
21.2755_0.0371244_-3.14349
20.789_0.0174151_-3.01427
20.3091_-0.0648224_-2.88504
19.833_-0.202527_-2.80958
19.3631_-0.370597_-2.77517
18.9015_-0.52562_-2.90439
18.4239_-0.619872_-3.03362
17.938_-0.651782_-3.16284
17.4521_-0.620815_-3.29207
16.9742_-0.527491_-3.4213
16.5124_-0.373363_-3.55052
16.0743_-0.161004_-3.67975
15.6671_0.106047_-3.80897
15.2978_0.423335_-3.9382
14.9661_0.786397_-4.04072
14.6472_1.15434_-3.91149
14.2836_1.47813_-3.78227
13.8813_1.75236_-3.65304
13.447_1.97245_-3.52381
12.9879_2.13475_-3.39459
12.5221_2.27649_-3.52381
12.0695_2.47409_-3.61284
11.6293_2.70736_-3.66098
11.1973_2.95835_-3.68164
10.7705_3.21821_-3.7023
10.3477_3.48506_-3.70919
9.92673_3.75481_-3.71608
9.50641_4.02553_-3.70919
9.08546_4.29528_-3.71608
8.66513_4.566_-3.70919
8.24387_4.81012_-3.57997
7.79465_4.99793_-3.45074
7.32303_5.12896_-3.33482
6.83339_5.21437_-3.27299
6.33849_5.27173_-3.22485
5.85201_5.29162_-3.09563
5.36702_5.24865_-2.9664
4.89161_5.14355_-2.83717
4.43371_4.97805_-2.70795
4.00095_4.75493_-2.57872
3.57572_4.50383_-2.66775
3.12882_4.28362_-2.71589
2.67234_4.08041_-2.73655
2.21176_3.88668_-2.75721
1.74785_3.70027_-2.7641
1.30325_3.50178_-2.63488
0.887935_3.24766_-2.50565
0.505514_2.94213_-2.38973
0.149517_2.59527_-2.3279
-0.189085_2.22862_-2.29349
-0.526303_1.87741_-2.42271
-0.905967_1.57259_-2.55194
-1.32175_1.31923_-2.68116
-1.76671_1.12157_-2.81039
-2.23344_0.982898_-2.93962
-2.71414_0.905527_-3.06884
-3.20081_0.890747_-3.19807
-3.68532_0.938806_-3.32729
-4.1596_1.0489_-3.45652
-4.61889_1.21816_-3.57244
-5.07472_1.42139_-3.53802
-5.53696_1.61115_-3.51736
-6.00301_1.79132_-3.4967
-6.47218_1.96407_-3.48981
-6.94253_2.13359_-3.48292
-7.40783_2.27699_-3.3537
-7.88772_2.35922_-3.22447
-8.37421_2.37893_-3.09524
-8.85919_2.33578_-2.96602
-9.33456_2.23049_-2.83679
-9.80478_2.10419_-2.96602
-10.2874_2.03953_-3.09524
-10.7742_2.03761_-3.22447
-11.2573_2.09844_-3.3537
-11.7285_2.22102_-3.48292
-12.18_2.4033_-3.61215
-12.6042_2.64224_-3.74137
-12.9941_2.93385_-3.8706
-13.3432_3.27328_-3.99983
-13.6456_3.65487_-4.12905
-13.9237_4.07_-4.10839
-14.2086_4.48085_-4.1015
-14.4963_4.88973_-4.09461
-14.7868_5.29662_-4.08772
-15.0802_5.7015_-4.08083
-15.3507_6.1063_-4.21006
-15.5756_6.54595_-4.29909
-15.7684_7.00535_-4.34723
-15.9413_7.47354_-4.38164
-16.1003_7.94723_-4.40231
-16.2291_8.41678_-4.53153
-16.2963_8.89901_-4.66076
-16.3008_9.38588_-4.78998
-16.2461_9.87463_-4.8925
-16.147_10.3617_-4.95433
-16.0261_10.8468_-4.96122
-15.9019_11.3311_-4.96811
-15.7743_11.8145_-4.975
-15.6456_12.2976_-4.96811
-15.518_12.7811_-4.975
-15.3718_13.2455_-5.10422
-15.167_13.6872_-5.23345
-14.9073_14.1021_-5.34937
-14.6346_14.5054_-5.22014
-14.4161_14.9405_-5.09092
-14.2419_15.4061_-5.02909
-14.0944_15.8819_-4.98095
-13.9651_16.3646_-4.96029
-13.8436_16.8495_-4.9534
-13.7253_17.3353_-4.94651
-13.6326_17.8133_-4.81728
-13.6021_18.2992_-4.68806
-13.6346_18.785_-4.55883
-13.7294_19.2626_-4.4296
-13.885_19.724_-4.30038
-14.0987_20.1615_-4.17115
-14.367_20.5678_-4.04193
-14.6854_20.9361_-3.9127
-15.0486_21.2603_-3.78347
-15.4506_21.535_-3.65425
-15.8644_21.7916_-3.78347
-16.2417_22.0994_-3.9127
-16.5762_22.4532_-4.04193
-16.8623_22.8472_-4.17115
-17.0952_23.2747_-4.30038
-17.2711_23.7287_-4.4296
-17.387_24.2016_-4.55883
-17.441_24.6855_-4.68806
-17.4322_25.1723_-4.81728
-17.3608_25.654_-4.94651
-17.2291_26.1254_-5.06243
-17.0476_26.5865_-5.13789
-16.8364_27.0387_-5.1723
-16.6115_27.4849_-5.19297
-16.3775_27.9264_-5.21363
-16.1257_28.3431_-5.34285
-15.8222_28.7239_-5.47208
-15.4722_29.0624_-5.60131
-15.0816_29.3529_-5.73053
-14.6554_29.5938_-5.84645
-14.2013_29.7921_-5.92191
-13.7325_29.9608_-5.97005
-13.256_30.1114_-5.99071
-12.7766_30.2522_-6.01138
-12.2947_30.3853_-6.01827
-11.8306_30.5326_-5.88904
-11.3894_30.7384_-5.75981
-10.9784_30.9994_-5.63059
-10.6044_31.3112_-5.50136
-10.2644_31.6693_-5.41234
-9.94142_32.051_-5.41922
-9.61586_32.4304_-5.42611
-9.28769_32.8076_-5.433
-8.95865_33.1841_-5.42611
-8.63048_33.5612_-5.433
-8.325_33.9404_-5.30378
-8.07093_34.3557_-5.17455
-7.87249_34.8003_-5.04532
-7.73301_35.2668_-4.9161
-7.65481_35.7474_-4.78687
-7.59803_36.231_-4.9161
-7.47942_36.7032_-5.04532
-7.30093_37.1562_-5.17455
-7.06556_37.5824_-5.30378
-6.77906_37.9868_-5.37924
-6.46893_38.3789_-5.38612
-6.1561_38.7689_-5.39301
-5.84059_39.1568_-5.3999
-5.52242_39.5424_-5.40679
-5.20337_39.9273_-5.3999
-4.88519_40.313_-5.40679
-4.56437_40.6964_-5.41368
-4.24092_41.0777_-5.42057
-3.91484_41.4567_-5.42746
-3.58617_41.8334_-5.43435
-3.2492_42.1849_-5.56357
-2.86976_42.49_-5.6928
-2.45417_42.7436_-5.82203
-2.00935_42.9416_-5.95125
-1.54272_43.0806_-6.08048
-1.07038_43.1988_-5.95125
-0.617209_43.3768_-5.82203
-0.190754_43.6117_-5.6928
0.20187_43.8997_-5.56357
0.554113_44.2358_-5.43435
0.860103_44.6145_-5.30512
1.11474_45.0295_-5.1759
1.31377_45.4739_-5.04667
1.45388_45.9402_-4.91744
1.53273_46.4206_-4.78822
1.59015_46.9041_-4.91744
1.70941_47.3762_-5.04667
1.8885_47.829_-5.1759
2.12444_48.2549_-5.30512
2.4133_48.6468_-5.43435
2.75027_48.9983_-5.56357
3.12971_49.3034_-5.6928
3.5453_49.557_-5.82203
3.99012_49.755_-5.95125
4.45675_49.894_-6.08048
4.94319_49.9791_-6.1695
5.43902_50.0277_-6.21765
5.93783_50.057_-6.23831
6.43714_50.076_-6.25897
6.93698_50.087_-6.26586
7.43689_50.0945_-6.27275
7.93684_50.0985_-6.27964
8.43679_50.1015_-6.27275
8.93674_50.1055_-6.27964
9.43669_50.1084_-6.27275
9.93578_50.1079_-6.30717
10.4352_50.0925_-6.32783
10.9346_50.0691_-6.33472
11.4339_50.0422_-6.34161
11.9329_50.0118_-6.34849
12.4313_49.985_-6.31408
12.9308_49.973_-6.29342
13.4305_49.9713_-6.27275
13.9304_49.9777_-6.26587
14.4302_49.9875_-6.25898
14.93_50.0007_-6.25209
15.4297_50.0174_-6.2452
15.9294_50.0352_-6.25209
16.429_50.0519_-6.2452
16.9287_50.0698_-6.25209
17.4284_50.0865_-6.2452
17.9279_50.1066_-6.23831
18.413_50.149_-6.10908
18.8885_50.2536_-5.97986
19.3466_50.4186_-5.85063
