configuration -3.08480739594_22.5642471313_-0.424155304833_0.905589464041_28.1138801575_4.40596151352_-0.254607913402_0.967044368389
length 50.6498
time 300
roughness 0.0003394
-3.08481_22.5642_-0.876058
-3.00163_22.4667_-0.842051
-2.95002_22.4096_-0.821647
-2.91492_22.3722_-0.808044
-2.89716_22.3537_-0.801243
-2.87928_22.3353_-0.794441
-2.87928_22.3353_-0.794441
-2.52371_22.0027_-0.665215
-2.12824_21.7187_-0.535989
-1.69946_21.488_-0.406763
-1.24454_21.3145_-0.277537
-0.769012_21.1985_-0.161616
-0.285578_21.1405_-0.03239
0.201288_21.1454_0.0968362
0.691188_21.2076_0.185862
1.22546_21.2609_0.33523
1.32307_21.2921_0.362435
1.77061_21.4838_0.491662
2.1897_21.7317_0.620888
2.58273_22.0307_0.709913
2.95296_22.3623_0.77174
3.30664_22.7144_0.806156
3.64799_23.0785_0.840573
3.98514_23.4465_0.806156
4.33208_23.8065_0.799267
4.89961_24.5971_0.755546
5.24284_24.9461_0.871467
5.55226_25.3332_0.946925
5.83427_25.7425_1.00875
6.09539_26.1678_1.04317
6.34399_26.6013_1.06383
6.58358_27.0398_1.08449
6.82917_27.4602_0.955265
7.12655_27.8519_0.852748
7.3889_28.7105_0.661437
7.78544_28.993_0.532211
8.21508_29.2221_0.402985
8.67066_29.3939_0.273758
9.14457_29.5055_0.144532
9.62893_29.5552_0.0153062
9.62893_29.5552_0.0153062
10.1227_29.5482_-0.0737192
10.6175_29.5014_-0.135546
11.1112_29.4283_-0.169962
11.6031_29.3404_-0.190624
12.0931_29.2424_-0.211286
12.5817_29.1364_-0.218175
13.0521_29.011_-0.347401
13.5086_28.828_-0.449918
14.39_28.6873_-0.639048
14.7828_28.3827_-0.700874
15.1605_28.0565_-0.735291
15.5288_27.7188_-0.755953
15.8918_27.375_-0.762842
16.2524_27.0287_-0.769731
16.2524_27.0287_-0.769731
16.6106_26.68_-0.77662
16.9664_26.3287_-0.783509
17.3198_25.9751_-0.790399
17.6707_25.619_-0.797288
18.0192_25.2605_-0.804177
18.3652_24.8996_-0.811066
18.6853_24.5327_-0.940292
18.97_24.1253_-1.00212
19.6542_23.5272_-1.15033
19.8664_23.0777_-1.0885
20.1045_22.6401_-1.04036
20.3602_22.2109_-1.0197
20.6248_21.787_-0.999034
20.8963_21.3671_-0.992145
21.1707_20.9492_-0.985256
21.4567_20.5552_-0.85603
21.7914_20.198_-0.740109
22.2358_19.4333_-0.511085
22.6618_19.1801_-0.586543
23.0743_18.8992_-0.62096
23.4787_18.6057_-0.641621
23.8769_18.3039_-0.662283
24.2705_17.9955_-0.669172
24.2705_17.9955_-0.669172
24.6619_17.6845_-0.676062
25.0512_17.3707_-0.682951
25.4383_17.0543_-0.68984
25.8004_16.7288_-0.819066
26.1268_16.3583_-0.908092
26.7709_15.9114_-1.08406
26.9802_15.4717_-1.21328
27.1311_15.0088_-1.34251
27.2211_14.5303_-1.47173
27.2482_14.0698_-1.59416
27.2382_13.8393_-1.65537
27.2382_13.8393_-1.65537
27.2134_13.5586_-1.73019
27.1618_13.2813_-1.805
27.1618_13.2813_-1.805
27.0564_12.7956_-1.74318
26.9764_12.303_-1.70876
26.7274_11.4403_-1.63672
26.7159_10.9536_-1.50749
26.7673_10.4694_-1.37827
26.8704_9.98198_-1.33013
26.9969_9.50009_-1.28198
27.0716_9.22662_-1.3491
27.0716_9.22662_-1.3491
27.1734_8.73892_-1.39724
27.1734_8.73892_-1.39724
27.2371_8.25621_-1.52646
27.238_7.76932_-1.65569
27.238_7.76932_-1.65569
27.2061_7.27331_-1.59386
27.2155_6.78651_-1.46464
27.2822_6.29721_-1.37561
27.3427_5.40436_-1.21422
