configuration 72.6459350586_2.13817882538_-0.994211695618_0.107438839792_19.5581073761_50.1696281433_0.955633460234_0.294558465643
length 116.803
time 300
roughness 0.000146081
72.6459_2.13818_-2.9263
72.1751_2.0141_-2.79707
71.7242_1.83038_-2.66785
71.4101_1.65676_-2.57263
71.1973_1.51384_-2.50461
71.0748_1.42068_-2.46381
71.0748_1.42068_-2.46381
70.5638_0.956688_-2.28017
70.2313_0.601022_-2.40939
69.8546_0.284812_-2.51191
69.4469_0.00308389_-2.58737
69.0191_-0.252296_-2.63551
68.5799_-0.489211_-2.66993
68.1332_-0.713176_-2.69059
67.6864_-0.906634_-2.81982
67.2117_-1.05411_-2.88164
66.4052_-1.49522_-3.01776
65.9199_-1.53483_-3.14698
65.4336_-1.51158_-3.27621
65.0796_-1.45233_-3.37143
64.8313_-1.38836_-3.43944
64.6363_-1.32467_-3.49385
64.6363_-1.32467_-3.49385
64.5391_-1.29396_-3.52106
64.0778_-1.13011_-3.40514
63.5963_-1.01302_-3.32968
63.1054_-0.927715_-3.28154
62.6104_-0.863766_-3.24712
62.1132_-0.814556_-3.22646
61.6151_-0.775629_-3.2058
61.1283_-0.765009_-3.07657
60.6414_-0.81542_-2.96065
59.7592_-0.703185_-2.74425
59.2971_-0.886073_-2.80607
58.824_-1.04499_-2.84049
58.3458_-1.18989_-2.86115
57.8647_-1.32488_-2.88181
57.3812_-1.4522_-2.8887
56.8968_-1.57618_-2.89559
56.4301_-1.71465_-2.76637
55.9818_-1.91128_-2.65044
55.0994_-2.00221_-2.43308
54.719_-2.32667_-2.43997
54.3364_-2.64849_-2.44686
53.9516_-2.96768_-2.45375
53.566_-3.28598_-2.44686
53.1812_-3.60516_-2.45375
52.7957_-3.92346_-2.44686
52.4088_-4.21903_-2.57608
51.9858_-4.46537_-2.692
51.3757_-5.10316_-2.92117
50.8909_-5.19689_-3.01019
50.3969_-5.25188_-3.07202
49.8994_-5.27855_-3.12016
49.3998_-5.28582_-3.14082
48.9001_-5.28276_-3.16149
48.4006_-5.26938_-3.18215
47.9154_-5.22904_-3.31137
47.4314_-5.1313_-3.4004
46.538_-5.16105_-3.58928
46.0906_-4.96907_-3.46005
45.6202_-4.83366_-3.34413
45.1324_-4.74615_-3.26867
44.6373_-4.69092_-3.22053
44.1393_-4.65727_-3.18611
43.64_-4.63847_-3.16545
43.1422_-4.61861_-3.21359
42.6441_-4.57924_-3.23426
41.6922_-4.68537_-3.29107
41.1992_-4.62146_-3.22924
40.7016_-4.58347_-3.19482
40.203_-4.56263_-3.16041
39.7033_-4.55667_-3.13974
39.2034_-4.55875_-3.13285
38.7034_-4.56426_-3.12597
38.2167_-4.55123_-3.25519
37.7329_-4.47724_-3.37111
36.8561_-4.61748_-3.58855
36.407_-4.39842_-3.60921
35.9612_-4.17203_-3.6161
35.517_-3.94257_-3.62299
35.0744_-3.71007_-3.62988
34.6324_-3.47654_-3.62299
34.1897_-3.24403_-3.62988
33.749_-3.03107_-3.51396
33.2824_-2.85978_-3.45213
32.5113_-2.35392_-3.33047
32.0222_-2.2546_-3.36489
31.5357_-2.1406_-3.38555
31.0517_-2.01657_-3.40621
30.5703_-1.88257_-3.42687
30.0909_-1.74077_-3.43376
29.6124_-1.59566_-3.44065
29.1536_-1.43263_-3.56988
28.7164_-1.2125_-3.6858
27.8458_-1.04296_-3.90086
27.495_-0.692919_-3.97631
27.1664_-0.318385_-4.02446
26.8518_0.069815_-4.04512
26.5453_0.464432_-4.06578
26.245_0.864159_-4.07267
25.9475_1.26595_-4.07956
25.6764_1.6704_-4.20878
25.4567_2.10782_-4.3247
24.8824_2.78025_-4.55388
24.7959_3.27089_-4.50573
24.6879_3.75815_-4.47132
24.5653_4.24254_-4.45065
24.4326_4.72429_-4.42999
24.2922_5.20413_-4.4231
24.1485_5.68299_-4.41621
24.0158_6.16046_-4.49167
23.9121_6.64866_-4.52609
23.5602_7.53525_-4.60825
23.4984_8.02842_-4.54642
23.4103_8.51967_-4.512
23.3075_9.00865_-4.49134
23.1946_9.4954_-4.47068
23.0738_9.98055_-4.46379
22.9497_10.4649_-4.4569
22.8068_10.9303_-4.32767
22.6108_11.3871_-4.26585
22.4365_12.2862_-4.13089
22.1865_12.704_-4.26011
21.9925_13.1506_-4.38934
21.8576_13.6184_-4.51857
21.7842_14.0997_-4.64779
21.7723_14.5097_-4.75661
21.7723_14.5097_-4.75661
21.7734_14.5865_-4.77702
21.8254_15.0706_-4.90624
21.9364_15.5497_-5.00876
22.0913_16.022_-5.07059
22.2734_16.4857_-5.11873
22.4759_16.9419_-5.15315
22.6922_17.3923_-5.17381
22.8903_17.8371_-5.04458
23.0375_18.3085_-4.95556
23.583_19.018_-4.77702
23.583_19.018_-4.77702
23.635_19.5021_-4.90624
23.7461_19.9812_-5.00876
23.9009_20.4535_-5.07059
24.0831_20.9173_-5.11873
24.2837_21.3749_-5.13939
24.4938_21.8282_-5.16005
24.6857_22.2757_-5.03083
24.8265_22.749_-4.9418
25.3632_23.4654_-4.76371
25.3676_23.9523_-4.63449
25.3092_24.4356_-4.50526
25.1889_24.9074_-4.37603
25.0089_25.3598_-4.24681
24.7721_25.7852_-4.11758
24.7721_25.7852_-4.11758
24.4824_26.1766_-3.98836
24.1447_26.5273_-3.85913
23.7634_26.838_-3.75661
23.3517_27.1164_-3.69479
22.9236_27.3713_-3.64664
22.4841_27.6078_-3.61223
22.0367_27.829_-3.57781
21.5824_28.037_-3.55715
20.7341_28.4144_-3.51724
20.2678_28.5897_-3.4691
19.7935_28.7424_-3.42096
19.3123_28.8745_-3.38654
18.8267_28.9923_-3.36588
18.3295_29.0602_-3.34543
18.3295_29.0602_-3.34543
17.8418_29.1484_-3.26997
17.3467_29.2042_-3.22183
16.8488_29.2385_-3.18741
16.3495_29.258_-3.16675
15.8499_29.2671_-3.14609
15.3503_29.2659_-3.12543
14.8635_29.2787_-3.25465
14.3796_29.3524_-3.37057
13.5027_29.194_-3.58885
13.073_29.423_-3.71807
12.6764_29.7054_-3.8473
12.3195_30.0366_-3.97652
11.9962_30.4122_-4.05198
11.6969_30.8105_-4.10012
11.6969_30.8105_-4.10012
11.431_31.2215_-4.21605
11.206_31.663_-4.2915
11.0098_32.1209_-4.33965
10.8334_32.5878_-4.37406
10.6731_33.0605_-4.40848
10.5269_33.5383_-4.42914
10.4107_34.0111_-4.55837
10.3541_34.4973_-4.67429
10.0601_35.3348_-4.89071
10.1261_35.8172_-4.76149
10.1336_36.3089_-4.65897
10.0968_36.8046_-4.59714
10.0316_37.2985_-4.549
9.94481_37.79_-4.51458
9.84325_38.2792_-4.49392
9.75796_38.7586_-4.62315
9.72845_39.2515_-4.71217
9.36964_40.0715_-4.89071
9.47623_40.5466_-5.01994
9.64316_41.004_-5.14916
9.86764_41.436_-5.27839
10.1457_41.8389_-5.39431
10.4676_42.2157_-5.46977
10.4676_42.2157_-5.46977
10.8156_42.5722_-5.51791
11.1783_42.9158_-5.53857
11.5481_43.2519_-5.55923
11.9234_43.5822_-5.56612
12.301_43.9099_-5.57301
12.301_43.9099_-5.57301
12.6845_44.2261_-5.63484
13.0864_44.5206_-5.68298
13.5006_44.7999_-5.70364
13.9206_45.0707_-5.7243
14.3451_45.3348_-5.73119
14.7714_45.596_-5.73808
15.198_45.8306_-5.86731
15.653_46.0111_-5.98323
16.3809_46.5137_-6.21225
16.8646_46.5687_-6.08303
17.3373_46.6857_-5.9538
17.7909_46.8625_-5.82458
18.2271_47.0941_-5.73555
18.646_47.3615_-5.67372
19.0519_47.6519_-5.63931
19.4286_47.9604_-5.51008
19.7657_48.3154_-5.39416
20.4787_48.8768_-5.19035
20.5476_49.0144_-5.14954
20.5476_49.0144_-5.14954
20.6233_49.1771_-5.10193
