configuration -4.52205276489_51.1520843506_-0.288179288681_0.957576470876_89.803527832_11.5547637939_-0.656431103106_0.754385980036
length 117.84
time 12.3976
roughness 0.000103909
-4.52205_51.1521_-0.58465
-4.10239_50.8918_-0.495624
-3.6604_50.6644_-0.433798
-3.20517_50.4599_-0.399381
-2.74317_50.2711_-0.364965
-2.27519_50.0959_-0.344303
-1.80419_49.9283_-0.337414
-1.33833_49.7867_-0.208188
-0.855905_49.7039_-0.0922667
-0.0395092_49.3486_0.123448
0.448562_49.4238_0.212474
0.93382_49.5367_0.260616
1.41572_49.6687_0.281278
1.89479_49.8107_0.301939
2.37179_49.9605_0.308829
2.37179_49.9605_0.308829
2.84394_50.1195_0.356971
3.30953_50.2993_0.391387
3.7701_50.493_0.412049
4.22775_50.6943_0.418938
4.68401_50.8988_0.425828
5.13885_51.1063_0.432717
5.59307_51.3001_0.343691
6.06477_51.4605_0.295549
6.86235_51.935_0.19834
7.35273_52.0323_0.191451
7.84378_52.1263_0.184561
8.33504_52.2192_0.191451
8.82609_52.3132_0.184561
9.31735_52.4061_0.191451
9.80839_52.5001_0.184561
10.2966_52.5994_0.232704
10.782_52.718_0.253365
11.7523_52.8735_0.294184
12.2308_53.0078_0.232357
12.7178_53.1171_0.197941
13.2083_53.212_0.177279
13.7008_53.2967_0.156617
14.1948_53.3736_0.149728
14.6893_53.447_0.142839
15.1844_53.5148_0.122177
15.6808_53.5746_0.115288
16.6678_53.715_0.0876664
17.1652_53.7622_0.108328
17.6621_53.8174_0.115217
18.1587_53.876_0.122107
18.6548_53.938_0.128996
19.1504_54.0035_0.135885
19.6456_54.0724_0.142774
20.1301_54.1212_0.0135481
20.6194_54.1091_-0.102373
21.4722_54.3367_-0.332153
21.9434_54.1705_-0.352815
22.4111_53.9946_-0.373477
22.8762_53.8112_-0.380366
23.34_53.6245_-0.387255
23.8025_53.4346_-0.394144
24.2637_53.2416_-0.401034
24.7196_53.0707_-0.271808
25.2002_52.9496_-0.196349
25.9889_52.4964_-0.0473909
26.4869_52.4807_0.000751277
26.9859_52.4868_0.0351679
27.4855_52.5056_0.0420571
27.985_52.5277_0.0489463
28.4843_52.5533_0.0558356
28.4843_52.5533_0.0558356
28.9834_52.5778_0.0351738
29.4831_52.5942_0.0282846
29.9829_52.6072_0.0213954
30.4827_52.6168_0.0145062
30.9827_52.6229_0.00761696
31.4826_52.6255_0.000727743
31.9808_52.6339_0.0488699
32.4797_52.6617_0.0695316
33.4513_52.6074_0.137738
33.936_52.6538_0.00851151
34.4315_52.6456_-0.0669467
34.928_52.6043_-0.115089
35.4231_52.5413_-0.149505
35.9167_52.4635_-0.170167
36.4085_52.3755_-0.190829
36.8961_52.2732_-0.238971
37.3796_52.1495_-0.273388
38.3397_51.9311_-0.314885
38.8136_51.792_-0.22586
39.3008_51.6883_-0.177717
39.7931_51.6057_-0.143301
40.2881_51.5377_-0.122639
40.7844_51.48_-0.101977
41.2818_51.4326_-0.0813156
41.7766_51.4047_-0.00585739
42.2757_51.4075_0.0285592
43.2279_51.3105_0.109813
43.7162_51.3455_-0.00610731
44.2115_51.3301_-0.0815655
44.7084_51.2837_-0.115982
45.2043_51.2225_-0.136644
45.6989_51.151_-0.157306
45.6989_51.151_-0.157306
46.1929_51.0761_-0.136644
46.6884_51.0092_-0.129755
47.1843_50.9456_-0.122865
47.6806_50.8855_-0.115976
48.1773_50.8288_-0.109087
48.6742_50.7732_-0.115976
49.1598_50.7374_0.0132499
49.651_50.7606_0.115767
50.5222_50.5689_0.304374
50.9924_50.695_0.175148
51.475_50.7594_0.0459214
51.9619_50.7611_-0.0833047
52.445_50.7001_-0.212531
52.9219_50.5802_-0.315048
52.9219_50.5802_-0.315048
53.3931_50.4182_-0.36319
53.8575_50.2356_-0.397606
54.3169_50.0389_-0.418268
54.7721_49.8328_-0.43893
55.2242_49.6193_-0.445819
55.6748_49.4027_-0.452708
56.1212_49.2085_-0.323482
56.5909_49.0707_-0.207561
57.3225_48.5655_0.00961093
57.8092_48.5495_-0.119615
58.2926_48.4726_-0.235536
58.7714_48.345_-0.310994
59.2432_48.1849_-0.359136
59.7084_48.0042_-0.393553
60.1686_47.8094_-0.414215
60.6056_47.5947_-0.543441
61.0146_47.3258_-0.659362
61.8364_46.9716_-0.876235
62.1636_46.6111_-0.747008
62.5345_46.2957_-0.617782
62.943_46.0307_-0.488556
63.3823_45.8206_-0.35933
63.8449_45.6689_-0.230104
63.8449_45.6689_-0.230104
64.3314_45.5537_-0.236993
64.8171_45.4352_-0.243882
65.302_45.3134_-0.250772
65.7861_45.1882_-0.257661
66.2692_45.0597_-0.26455
66.7515_44.9279_-0.271439
67.2146_44.7776_-0.400665
67.6577_44.5696_-0.516586
68.5319_44.4238_-0.731779
68.8833_44.0831_-0.847699
69.2045_43.7037_-0.909526
69.5041_43.3057_-0.957668
69.7866_42.8943_-0.992085
70.057_42.4741_-1.01275
70.3186_42.0484_-1.03341
70.5668_41.6164_-1.08155
70.7986_41.1737_-1.10221
71.3048_40.3291_-1.14354
71.5244_39.8917_-1.02762
71.7911_39.474_-0.952161
72.0865_39.0728_-0.904019
72.3996_38.6841_-0.869603
72.726_38.3065_-0.835186
73.0638_37.9384_-0.814524
73.4126_37.5987_-0.685298
73.8031_37.3036_-0.569377
74.3762_36.6258_-0.352954
74.846_36.4636_-0.291127
75.3257_36.3258_-0.256711
75.8099_36.2023_-0.236049
76.2965_36.0887_-0.215387
76.7851_35.983_-0.208498
77.2745_35.8807_-0.201609
77.747_35.763_-0.330835
78.2035_35.5865_-0.446756
79.0891_35.5348_-0.664121
79.4594_35.2187_-0.793347
79.7859_34.8576_-0.922573
80.0664_34.4564_-1.03849
80.3071_34.0232_-1.11395
80.5221_33.5728_-1.14837
80.5221_33.5728_-1.14837
80.7215_33.1153_-1.18279
80.9074_32.6515_-1.20345
81.0859_32.1844_-1.21034
81.2611_31.7162_-1.21723
81.4332_31.2468_-1.22411
81.602_30.7762_-1.231
81.7629_30.3037_-1.26542
81.9099_29.8262_-1.28608
82.2718_28.9028_-1.31349
82.4143_28.4345_-1.19757
82.6065_27.9777_-1.12211
82.8313_27.5344_-1.06029
83.0801_27.1018_-1.02587
83.342_26.6763_-1.00521
83.6127_26.2563_-0.984547
83.899_25.8625_-0.855321
84.234_25.5055_-0.7394
84.6851_24.7387_-0.522953
85.0962_24.4779_-0.652179
85.4703_24.1663_-0.781405
85.8011_23.809_-0.910631
86.0831_23.4121_-1.03986
86.3177_22.9799_-1.14237
86.3177_22.9799_-1.14237
86.5385_22.5459_-1.01315
86.8121_22.1348_-0.924123
87.1197_21.7444_-0.862296
87.4487_21.3691_-0.82788
87.7893_21.0035_-0.807218
88.1373_20.6449_-0.786556
88.4662_20.286_-0.915782
88.7554_19.8856_-1.00481
89.4938_19.3829_-1.19614
89.6526_18.9227_-1.32537
89.7559_18.4418_-1.42789
89.8165_17.9485_-1.48971
89.8512_17.4506_-1.52413
89.8711_16.9513_-1.54479
89.8711_16.9513_-1.54479
89.8761_16.4532_-1.59293
89.8593_15.9544_-1.62735
89.8277_15.4557_-1.64801
89.7857_14.9578_-1.66867
89.7334_14.4609_-1.68933
89.6732_13.9645_-1.69622
89.6009_13.4728_-1.75805
89.5024_12.9835_-1.79247
89.4045_12.0168_-1.8465
