configuration 46.8230323792_-26.2805175781_0.619899316938_0.784681360082_54.818611145_35.6322822571_0.774404309534_0.632691050494
length 126.186
time 14.9351
roughness 0.000162587
46.823_-26.2805_1.33723
46.9557_-25.812_1.208
47.1476_-25.3646_1.07878
47.3956_-24.9456_0.94955
47.6955_-24.5587_0.83363
48.0381_-24.203_0.744604
48.4104_-23.8738_0.682778
48.8008_-23.5828_0.553552
49.2288_-23.3329_0.478093
50.024_-22.8168_0.355334
50.4918_-22.6587_0.266308
50.9745_-22.5353_0.218166
51.463_-22.4329_0.18375
51.9548_-22.345_0.163088
52.4484_-22.2672_0.142426
52.9435_-22.1997_0.121764
53.438_-22.1495_0.0599379
53.9365_-22.1253_0.0255213
54.8991_-21.9921_-0.0289251
55.3968_-22.0144_-0.0770672
55.8947_-22.0563_-0.097729
56.3916_-22.1085_-0.118391
56.888_-22.1687_-0.12528
57.3839_-22.2323_-0.132169
57.8793_-22.2994_-0.139058
58.3639_-22.3463_-0.00983222
58.8594_-22.3388_0.0656259
59.5487_-22.5707_0.223333
60.0185_-22.4429_0.352559
60.4679_-22.2555_0.481786
60.8894_-22.0118_0.611012
61.276_-21.7158_0.740238
61.6212_-21.3725_0.869464
61.6212_-21.3725_0.869464
61.9286_-20.986_0.958489
62.2059_-20.5735_1.02032
62.4621_-20.1452_1.05473
62.7056_-19.7089_1.07539
62.9401_-19.2677_1.09606
63.1677_-18.8225_1.10295
63.4054_-18.3976_0.973719
63.6955_-18.0005_0.871202
63.9698_-17.1548_0.65337
64.3529_-16.8432_0.742395
64.7122_-16.4997_0.804222
65.052_-16.1353_0.852364
65.3783_-15.7569_0.873026
65.6967_-15.3718_0.893687
66.0071_-14.9803_0.914349
66.3203_-14.6075_0.785123
66.679_-14.2782_0.655897
67.0338_-13.5757_0.00752706
67.523_-13.5907_-0.108394
68.0142_-13.6566_-0.183852
68.5009_-13.7575_-0.245678
68.9836_-13.8844_-0.280095
69.4616_-14.0279_-0.314512
69.9328_-14.1896_-0.362654
70.3988_-14.3701_-0.383316
71.3251_-14.7182_-0.424434
71.781_-14.9082_-0.335408
72.2536_-15.0621_-0.273582
72.7356_-15.1914_-0.239165
73.2218_-15.3041_-0.204749
73.7117_-15.4023_-0.184087
74.2034_-15.4927_-0.177198
74.6859_-15.5582_-0.0479715
75.1797_-15.5673_0.0410539
76.0602_-15.7737_0.203334
76.5408_-15.6957_0.0741078
77.0322_-15.6759_-0.028409
77.5286_-15.7002_-0.0902356
78.024_-15.7531_-0.138378
78.5175_-15.8276_-0.172794
79.0092_-15.9169_-0.193456
79.4905_-15.9901_-0.06423
79.984_-16.0073_0.0247955
80.8127_-16.3455_0.203334
81.285_-16.2271_0.33256
81.7381_-16.0487_0.461786
82.1644_-15.8135_0.591012
82.5568_-15.5254_0.720238
82.9088_-15.189_0.849464
83.2209_-14.8089_0.951981
83.4863_-14.4007_1.08121
83.7056_-13.9582_1.17023
84.0451_-13.0295_1.27997
84.2019_-12.5634_1.17745
84.4018_-12.1083_1.11562
84.628_-11.6644_1.06748
84.8737_-11.23_1.03307
85.1326_-10.8026_1.0124
85.4002_-10.3807_0.991742
85.6492_-9.96222_1.12097
85.8479_-9.51236_1.22348
86.438_-8.84493_1.44176
86.4802_-8.35987_1.57098
86.4595_-7.87342_1.70021
86.3795_-7.38816_1.80273
86.2554_-6.90688_1.86455
86.1054_-6.43086_1.89897
86.1054_-6.43086_1.89897
85.9411_-5.95898_1.91963
85.7671_-5.49059_1.94029
85.5855_-5.02478_1.94718
85.4006_-4.56024_1.95407
85.2126_-4.09698_1.96096
85.2126_-4.09698_1.96096
85.0214_-3.63503_1.96785
84.827_-3.17441_1.97474
84.6315_-2.71423_1.96785
84.4392_-2.25272_1.96096
84.248_-1.79077_1.96785
84.0536_-1.33014_1.97474
83.8814_-0.874732_1.84551
83.7667_-0.398879_1.72959
83.3374_0.372012_1.50021
83.3923_0.855798_1.37098
83.5091_1.32848_1.24176
83.6848_1.78533_1.12584
83.9092_2.22718_1.05038
84.1638_2.65541_1.00224
84.4374_3.07287_0.967819
84.7199_3.48531_0.974708
85.0016_3.89841_0.967819
85.6719_4.62054_0.984762
85.9407_5.03998_1.0329
86.1915_5.47149_1.06732
86.4295_5.9108_1.08798
86.6585_6.35494_1.10864
86.8804_6.80297_1.11553
87.0992_7.25251_1.12242
87.3286_7.68194_0.993197
87.6114_8.08152_0.877276
87.8713_8.93178_0.660103
88.2429_9.24638_0.78933
88.5709_9.60623_0.918556
88.8498_10.0054_1.04778
89.0749_10.4371_1.17701
89.2425_10.8942_1.30623
89.2425_10.8942_1.30623
89.3498_11.3691_1.43546
89.3973_11.8563_1.55138
89.3945_12.3519_1.62684
89.3586_12.8488_1.67498
89.301_13.3446_1.7094
89.2286_13.8389_1.73006
89.1622_14.3301_1.6546
89.1285_14.8271_1.60646
88.8655_15.7087_1.50884
88.8884_16.2064_1.55698
88.8895_16.7055_1.5914
88.8758_17.205_1.61206
88.8518_17.7041_1.63272
88.8197_18.203_1.63961
88.7842_18.7017_1.6465
88.7268_19.1852_1.77572
88.609_19.6603_1.89164
88.6364_20.5486_2.10675
88.4057_20.9773_1.97752
88.2238_21.4364_1.8885
88.0782_21.9117_1.82667
87.9575_22.3959_1.79225
87.8511_22.8842_1.77159
87.7548_23.3745_1.75093
87.6782_23.8641_1.67547
87.6341_24.3603_1.62733
87.4665_25.3024_1.54528
87.4583_25.7892_1.67451
87.4583_25.7892_1.67451
87.3874_26.2709_1.80373
87.2551_26.7394_1.93296
87.0654_27.1932_2.03548
86.8336_27.6329_2.0973
86.5763_28.0595_2.14545
86.2946_28.4566_2.27467
85.9638_28.8174_2.39059
85.4229_29.5538_2.59413
85.0183_29.8246_2.4649
84.6455_30.1454_2.36238
84.2991_30.5018_2.30056
83.973_30.8784_2.25241
83.663_31.2696_2.218
83.3645_31.6703_2.19734
83.0625_32.0522_2.32656
82.7134_32.4015_2.41559
82.3382_33.2141_2.59413
81.9121_33.4497_2.72335
81.4592_33.6284_2.85258
80.9819_33.7552_2.9416
80.4929_33.8439_3.00343
79.9978_33.9069_3.03785
79.9978_33.9069_3.03785
79.5005_33.9553_3.05851
79.0021_33.9956_3.0654
78.5035_34.0325_3.07229
78.0047_34.066_3.07918
77.5058_34.0983_3.07229
77.5058_34.0983_3.07229
77.0071_34.1341_3.0654
76.5085_34.171_3.07229
76.0098_34.2068_3.0654
75.5112_34.2437_3.07229
75.0125_34.2795_3.0654
74.5141_34.3187_3.05851
74.031_34.3796_2.92928
73.5568_34.5009_2.81336
72.6712_34.4607_2.59797
72.2656_34.7299_2.46874
71.8886_35.0489_2.37972
71.5361_35.3993_2.31789
71.2012_35.7694_2.28348
70.8792_36.1507_2.24906
70.5684_36.5419_2.2284
70.2547_36.9143_2.35762
69.8949_37.2526_2.44665
69.4902_38.0502_2.63817
69.0541_38.2668_2.7674
68.592_38.4283_2.88332
68.1099_38.5428_2.95878
67.6186_38.6255_3.00692
67.1233_38.6869_3.04133
67.1233_38.6869_3.04133
66.6372_38.715_3.17056
66.1515_38.6803_3.29979
65.6715_38.5848_3.41571
65.1979_38.4388_3.49117
64.7326_38.2607_3.53931
64.2764_38.0604_3.58745
63.8464_37.832_3.71668
63.4461_37.5503_3.8326
62.6385_37.1415_4.03611
62.318_36.775_3.90689
61.9523_36.4497_3.79097
61.5502_36.16_3.71551
61.1275_35.8962_3.66737
60.693_35.6507_3.63295
60.2509_35.418_3.61229
59.8079_35.2157_3.48306
59.3408_35.0695_3.36714
58.5621_34.6373_3.1499
58.0755_34.6539_3.02067
57.5951_34.733_2.89145
57.1289_34.8734_2.76222
56.6847_35.0727_2.63299
56.2699_35.3276_2.50377
56.2699_35.3276_2.50377
