configuration -4.52205276489_51.1520843506_-0.288179288681_0.957576470876_89.803527832_11.5547637939_-0.656431103106_0.754385980036
length 128.885
time 3.41087
roughness 0.000115772
-4.52205_51.1521_-0.58465
-4.10273_50.8814_-0.550233
-3.67503_50.6231_-0.529571
-3.24297_50.3715_-0.522682
-2.80918_50.1229_-0.515793
-2.37483_49.8753_-0.522682
-1.94303_49.6504_-0.393456
-1.48584_49.4829_-0.26423
-1.01088_49.3758_-0.135004
-0.526073_49.3308_-0.00577775
-0.0395092_49.3486_0.123448
0.448562_49.4238_0.212474
0.93382_49.5367_0.260616
1.41572_49.6687_0.281278
1.89479_49.8107_0.301939
2.37179_49.9605_0.308829
2.82896_50.128_0.438055
3.26073_50.3531_0.567281
3.68397_50.6186_0.546619
4.11168_50.8775_0.53973
4.53854_51.1373_0.560392
4.96156_51.3783_0.431166
5.41372_51.5658_0.315245
5.88933_51.7102_0.253418
6.37388_51.8298_0.219002
6.86235_51.935_0.19834
7.35274_52.0277_0.163923
7.84626_52.1058_0.143261
8.34129_52.1738_0.1226
8.83764_52.2338_0.11571
9.3344_52.2903_0.108821
9.82351_52.3584_0.197847
10.3104_52.4641_0.245989
10.793_52.5912_0.280405
11.2731_52.7307_0.287295
11.7523_52.8735_0.294184
12.2313_53.0103_0.246042
12.7167_53.1263_0.211625
13.206_53.2279_0.190963
13.6971_53.3216_0.184074
14.1888_53.412_0.177185
14.681_53.4943_0.142768
15.1761_53.562_0.122107
15.6725_53.6195_0.101445
16.17_53.669_0.0945556
16.6678_53.715_0.0876664
17.156_53.7746_0.190183
17.642_53.8786_0.25201
18.1239_54.0086_0.286426
18.6022_54.153_0.307088
19.0784_54.3053_0.313977
19.5475_54.4359_0.184751
20.0294_54.505_0.055525
20.5163_54.5114_-0.0737011
20.9999_54.455_-0.202927
21.4722_54.3367_-0.332153
21.9388_54.1976_-0.202927
22.4252_54.1124_-0.113902
22.9211_54.0637_-0.0657596
23.4194_54.0366_-0.031343
23.9189_54.0244_-0.0106812
24.4051_53.9985_-0.139907
24.884_53.9103_-0.269133
25.3474_53.761_-0.39836
25.7878_53.5533_-0.527586
26.1977_53.2906_-0.656812
26.5965_53.0067_-0.540891
27.0275_52.7622_-0.465433
27.4761_52.5434_-0.431016
27.9315_52.3377_-0.410354
28.391_52.1416_-0.389693
28.8488_51.9758_-0.260467
29.3242_51.8705_-0.131241
29.817_51.818_-0.0557823
30.3148_51.7982_-0.00764021
30.8145_51.7978_0.0130215
31.3011_51.7835_-0.116205
31.7819_51.7066_-0.245431
32.2488_51.5684_-0.374657
32.6939_51.3711_-0.503883
33.11_51.1182_-0.633109
33.5144_50.847_-0.503883
33.9503_50.6302_-0.374657
34.4106_50.4714_-0.245431
34.8875_50.3732_-0.116205
35.373_50.3373_0.0130215
35.8727_50.3404_-0.00764021
36.3726_50.3354_-0.0145294
36.8725_50.327_-0.0214186
37.3723_50.3152_-0.0283078
37.8721_50.3021_-0.0214186
38.3589_50.3124_0.107807
38.8501_50.378_0.183266
39.3385_50.4766_0.231408
39.824_50.5946_0.25207
40.3079_50.7204_0.258959
40.7834_50.825_0.129733
41.273_50.8721_0.0272159
41.7711_50.8777_-0.0209263
42.27_50.8615_-0.0553429
42.7687_50.8304_-0.0760047
43.1509_50.7884_-0.178025
43.6427_50.6988_-0.184915
44.1339_50.6057_-0.191804
44.6245_50.5093_-0.198693
45.1144_50.4095_-0.205582
45.6041_50.3085_-0.198693
46.085_50.2327_-0.0694668
46.5765_50.2152_0.03305
47.0728_50.2418_0.0948765
47.5691_50.2948_0.129293
48.0642_50.3626_0.149955
48.5506_50.4172_0.0340341
49.0461_50.4217_-0.0414241
49.5435_50.3931_-0.0895662
50.0401_50.3428_-0.123983
50.5355_50.2776_-0.144645
51.0198_50.2279_-0.0154185
51.5065_50.241_0.113808
51.9875_50.3167_0.243034
52.4606_50.4512_0.345551
52.9247_50.6291_0.407377
53.3795_50.8029_0.278151
53.8581_50.9244_0.189126
54.3489_51.0103_0.140983
54.8441_51.0771_0.120322
55.3405_51.1336_0.0996599
55.8266_51.1615_-0.0295662
56.3122_51.1265_-0.158792
56.7995_51.0359_-0.234251
57.2836_50.9145_-0.268667
57.7644_50.7786_-0.289329
58.2365_50.6595_-0.160103
58.72_50.6024_-0.0308767
59.2069_50.608_0.0983495
59.6987_50.669_0.173808
60.1892_50.7609_0.208224
60.6695_50.8413_0.0789981
61.156_50.8591_-0.050228
61.6408_50.814_-0.179454
62.1261_50.7134_-0.254912
62.6061_50.5801_-0.303054
63.0841_50.4366_-0.268638
63.5668_50.3073_-0.247976
64.0517_50.1857_-0.241087
64.5375_50.0675_-0.234198
65.0241_49.9525_-0.227308
65.4934_49.8228_-0.356534
65.942_49.6337_-0.485761
66.3626_49.3883_-0.614987
66.748_49.0908_-0.744213
67.0919_48.7461_-0.873439
67.4201_48.3865_-0.744213
67.7919_48.0722_-0.614987
68.2037_47.7964_-0.539529
68.6348_47.545_-0.505112
69.0737_47.3062_-0.48445
69.4946_47.0614_-0.613676
69.8804_46.7644_-0.742902
70.2247_46.4201_-0.872129
70.5218_46.0344_-1.00135
70.7667_45.6136_-1.13058
70.9927_45.1823_-1.00135
71.2702_44.7717_-0.925896
71.5748_44.3763_-0.89148
71.8914_43.9898_-0.870818
72.2159_43.6098_-0.850156
72.5524_43.2579_-0.72093
72.9314_42.9523_-0.591704
73.3478_42.695_-0.475783
73.7939_42.4791_-0.400325
74.2558_42.2923_-0.352183
74.7195_42.1439_-0.222957
75.1985_42.0564_-0.0937308
75.6847_42.0314_0.0354953
76.1701_42.0693_0.164721
76.6466_42.1694_0.293948
77.1062_42.3301_0.423174
77.5413_42.5487_0.5524
77.9446_42.8215_0.681626
78.3215_43.1433_0.757084
78.6803_43.4902_0.791501
79.0368_43.8218_0.662275
79.4331_44.1046_0.533049
79.8626_44.3341_0.403822
80.318_44.5062_0.274596
80.7918_44.6183_0.14537
81.2761_44.6683_0.016144
81.7629_44.6556_-0.113082
82.2439_44.5802_-0.242308
82.7112_44.4434_-0.371534
83.1569_44.2476_-0.50076
83.5738_43.9959_-0.629987
83.9547_43.6927_-0.759213
84.2933_43.3429_-0.888439
84.5841_42.9523_-1.01766
84.8221_42.5276_-1.14689
85.0091_42.0727_-1.24941
85.1564_41.598_-1.31123
85.2789_41.1142_-1.34565
85.3871_40.6264_-1.36631
85.4875_40.1366_-1.3732
85.5911_39.6484_-1.33879
85.7094_39.1629_-1.31812
85.8355_38.6791_-1.31123
85.9649_38.1962_-1.30435
86.0976_37.7142_-1.29746
86.2337_37.2331_-1.29057
86.3731_36.7529_-1.28368
86.5158_36.2738_-1.27679
86.6618_35.7956_-1.2699
86.8088_35.3177_-1.27679
86.9405_34.84_-1.35225
87.0408_34.352_-1.40039
87.1221_33.859_-1.42105
87.1956_33.3644_-1.42794
87.2656_32.8694_-1.43483
87.345_32.3802_-1.35937
87.4554_31.8935_-1.32495
87.5803_31.4097_-1.30429
87.7152_30.9286_-1.28363
87.8579_30.4494_-1.27674
88.0186_29.9898_-1.14752
88.2373_29.5548_-1.01829
88.5101_29.1515_-0.889063
88.8327_28.7868_-0.759837
89.1996_28.4667_-0.630611
89.5803_28.1632_-0.759837
89.9187_27.8132_-0.889063
90.2092_27.4224_-1.01829
90.447_26.9975_-1.14752
90.628_26.5455_-1.27674
90.7492_26.074_-1.40597
90.8135_25.5864_-1.50848
90.8342_25.0898_-1.57031
90.8287_24.5907_-1.60473
90.8084_24.0915_-1.62539
90.7799_23.5923_-1.63228
90.7481_23.0934_-1.63917
90.7128_22.5947_-1.64606
90.674_22.0962_-1.65295
90.6319_21.598_-1.65984
90.5885_21.0999_-1.65295
90.5487_20.6016_-1.64606
90.5099_20.1031_-1.65295
90.4677_19.6049_-1.65984
90.4244_19.1068_-1.65295
90.3846_18.6085_-1.64606
90.3458_18.11_-1.65295
90.3036_17.6118_-1.65984
90.2603_17.1137_-1.65295
90.2205_16.6154_-1.64606
90.1817_16.1169_-1.65295
90.1395_15.6187_-1.65984
90.0962_15.1207_-1.65295
90.0564_14.6223_-1.64606
90.0176_14.1238_-1.65295
89.9754_13.6256_-1.65984
89.9321_13.1276_-1.65295
89.9061_12.6344_-1.56392
89.9153_12.1354_-1.5295
89.9325_11.636_-1.55017
