configuration 46.8230323792_-26.2805175781_0.619899316938_0.784681360082_54.818611145_35.6322822571_0.774404309534_0.632691050494
length 114.01
time 8.44391
roughness 0.00020736
46.823_-26.2805_1.33723
46.9155_-25.8025_1.46645
46.9457_-25.3165_1.59568
46.913_-24.8308_1.72491
46.8179_-24.3532_1.85413
46.6621_-23.8919_1.98336
46.4481_-23.4546_2.11259
46.1796_-23.0484_2.24181
45.861_-22.6803_2.37104
45.497_-22.353_2.48696
45.0966_-22.0585_2.54879
44.6813_-21.7801_2.55567
44.2641_-21.5046_2.56256
43.8463_-21.2301_2.55567
43.4291_-20.9546_2.56256
43.0112_-20.68_2.55567
42.5945_-20.4282_2.6849
42.1488_-20.2322_2.81413
41.6816_-20.0953_2.94335
41.2006_-20.0197_3.07258
40.7139_-20.0068_3.2018
40.2295_-20.0566_3.33103
39.7557_-20.1685_3.46026
39.3002_-20.3405_3.58948
38.8706_-20.5698_3.71871
38.4709_-20.8523_3.83463
38.0977_-21.1783_3.91009
37.7336_-21.5016_3.78086
37.3309_-21.7753_3.65164
36.8963_-21.9948_3.52241
36.437_-22.1564_3.39318
35.9586_-22.2601_3.27726
35.4739_-22.3055_3.14804
34.9873_-22.288_3.01881
34.4992_-22.2131_2.92979
34.0138_-22.1005_2.88164
33.533_-21.9667_2.84723
33.0735_-21.8059_2.718
32.6385_-21.5871_2.58877
32.2234_-21.3164_2.51332
31.8251_-21.0172_2.46517
31.4376_-20.7017_2.44451
31.0513_-20.4052_2.57374
30.6301_-20.161_2.70296
30.181_-19.9731_2.83219
29.7113_-19.8446_2.96142
29.2248_-19.7729_3.06393
28.7414_-19.7146_2.93471
28.2696_-19.5945_2.80548
27.8171_-19.4146_2.67626
27.3917_-19.1778_2.54703
27.0003_-18.8883_2.4178
26.6209_-18.5752_2.52032
26.2109_-18.2943_2.58215
25.7849_-18.0343_2.61656
25.3508_-17.7868_2.63722
24.9126_-17.5462_2.64411
24.4752_-17.3322_2.77334
24.014_-17.1763_2.90257
23.5365_-17.0812_3.03179
23.0427_-17.0392_3.10725
22.5437_-17.0278_3.14167
22.0573_-17.0072_3.01244
21.5775_-16.9241_2.88321
21.1125_-16.7799_2.75399
20.6699_-16.5769_2.62476
20.2572_-16.3186_2.49554
19.8812_-16.0092_2.36631
19.5482_-15.654_2.23708
19.2638_-15.2589_2.10786
19.0326_-14.8303_1.97863
18.8586_-14.3756_1.84941
18.7447_-13.9022_1.72018
18.6903_-13.4158_1.60426
18.6839_-12.9188_1.54243
18.706_-12.4211_1.49429
18.7476_-11.9231_1.47363
18.7743_-11.437_1.60285
18.7381_-10.9514_1.73208
18.6396_-10.4746_1.86131
18.4816_-10.0113_1.97723
18.2758_-9.55889_2.03905
18.0472_-9.11457_2.05972
17.8095_-8.67506_2.08038
17.5646_-8.23918_2.08727
17.3167_-7.805_2.09416
17.0658_-7.37253_2.10105
16.8376_-6.94244_1.97182
16.6667_-6.48653_1.84259
16.556_-6.0124_1.71337
16.5073_-5.52795_1.58414
16.5194_-5.03861_1.46822
16.5898_-4.55683_1.33899
16.7216_-4.08813_1.20977
16.9127_-3.64032_1.08054
17.16_-3.22088_0.951316
17.4592_-2.8368_0.822089
17.8042_-2.47731_0.773947
18.1651_-2.13258_0.739531
18.5352_-1.79648_0.732641
18.9076_-1.46294_0.725752
19.2824_-1.13198_0.718863
19.6579_-0.801876_0.725752
20.0326_-0.470911_0.718863
20.4081_-0.140807_0.725752
20.7828_0.190158_0.718863
21.1583_0.520262_0.725752
21.5085_0.858554_0.854978
21.8214_1.24056_0.944004
22.1072_1.64869_0.992146
22.3776_2.06889_1.01281
22.6392_2.49458_1.03347
22.8941_2.92468_1.04036
23.1461_3.35652_1.04725
23.395_3.79008_1.05414
23.643_4.22422_1.04725
23.892_4.65779_1.05414
24.1492_5.07693_0.95162
24.4448_5.47797_0.903478
24.7582_5.86642_0.869062
25.0833_6.24581_0.8484
25.4148_6.62013_0.841511
25.7503_6.99041_0.820849
26.0919_7.35546_0.81396
26.436_7.71815_0.80707
26.7826_8.07846_0.800181
27.1301_8.43797_0.80707
27.4814_8.77505_0.677844
27.8733_9.06404_0.548618
28.2991_9.30012_0.419392
28.7518_9.47936_0.290166
29.2238_9.59877_0.16094
29.7073_9.65636_0.0317137
30.1941_9.65116_-0.0975125
30.6763_9.58326_-0.226739
31.1456_9.4538_-0.355965
31.5944_9.26494_-0.485191
32.0151_9.01981_-0.614417
32.3017_8.80387_-0.709636
32.4171_8.70207_-0.750444
32.473_8.64923_-0.770849
32.4914_8.63132_-0.77765
32.8525_8.30472_-0.648424
33.2526_8.02738_-0.519198
33.6852_7.80393_-0.389972
34.143_7.63808_-0.260745
34.6237_7.52488_-0.17172
35.1065_7.46209_-0.0424939
35.5934_7.46204_0.0867322
36.0762_7.52473_0.215958
36.547_7.64912_0.345184
36.9977_7.83314_0.474411
37.4211_8.07372_0.603637
37.8098_8.36683_0.732863
38.1576_8.70761_0.862089
38.4649_9.0916_0.964606
38.7396_9.5058_1.02643
38.9739_9.93263_1.15566
39.1512_10.3861_1.28488
39.2686_10.8586_1.41411
39.3241_11.3423_1.54334
39.3253_11.8379_1.61879
39.3226_12.3248_1.48957
39.3826_12.808_1.36034
39.5044_13.2794_1.23112
39.686_13.7312_1.10189
39.9242_14.1558_0.972664
40.2152_14.5462_0.843438
40.554_14.8958_0.714212
40.9351_15.1988_0.584986
41.3521_15.4502_0.45576
41.7979_15.6458_0.326534
42.2521_15.8214_0.45576
42.6798_16.054_0.584986
43.074_16.3399_0.714212
43.428_16.6741_0.843438
43.736_17.0511_0.972664
43.9929_17.4648_1.10189
44.1943_17.908_1.23112
44.337_18.3736_1.36034
44.4184_18.8536_1.48957
44.4463_19.3484_1.56503
44.4284_19.835_1.69425
44.348_20.3152_1.82348
44.2065_20.781_1.95271
44.006_21.2247_2.08193
43.7501_21.6389_2.21116
43.4759_22.0413_2.08193
43.256_22.4757_1.95271
43.0938_22.9348_1.82348
42.9922_23.411_1.69425
42.9528_23.8963_1.56503
42.9762_24.3826_1.4358
43.0621_24.8618_1.30657
43.2091_25.326_1.17735
43.4146_25.7674_1.04812
43.6754_26.1786_0.918896
43.9541_26.5778_1.04812
44.179_27.0096_1.17735
44.3575_27.4719_1.25281
44.5057_27.9476_1.30095
44.6332_28.4301_1.33537
44.7266_28.908_1.46459
44.7577_29.3939_1.59382
44.7259_29.8797_1.72304
44.6317_30.3574_1.85227
44.4767_30.819_1.9815
44.3014_31.2732_1.85227
44.1861_31.7463_1.72304
44.1328_32.2302_1.59382
44.1422_32.717_1.46459
44.2143_33.1985_1.33537
44.3478_33.6668_1.20614
44.5406_34.1139_1.07691
44.7893_34.5324_0.947687
45.09_34.9154_0.818461
45.4374_35.2565_0.689235
45.826_35.5499_0.560009
46.2491_35.7908_0.430783
46.6997_35.9752_0.301557
47.1703_36.1_0.17233
47.6574_36.1679_0.0698136
48.1539_36.1923_0.00798711
48.6521_36.1884_-0.040155
49.1512_36.1649_-0.0608168
49.6497_36.1311_-0.0814785
50.1479_36.0892_-0.0883677
50.6458_36.044_-0.095257
51.1434_35.9953_-0.102146
51.6409_35.9454_-0.095257
52.1385_35.8967_-0.102146
52.6359_35.8469_-0.095257
53.1335_35.7982_-0.102146
53.6196_35.7691_0.02708
54.1053_35.8029_0.156306
54.5826_35.899_0.285532
