configuration -17.6504554749_-22.9172973633_0.256229049699_0.256229049699_76.2194671631_43.7661514282_0.386216847154_0.922408015454
length 127.003
time 4.29519
roughness 0.000134962
-17.6505_-22.9173_0.150019
-17.1696_-22.8257_0.265939
-16.6949_-22.6836_0.341398
-16.2281_-22.5093_0.38954
-15.7686_-22.3145_0.423956
-15.3146_-22.1058_0.444618
-14.865_-21.8878_0.46528
-14.4164_-21.6739_0.403453
-13.9551_-21.4833_0.369037
-13.137_-20.9798_0.299589
-12.659_-20.8333_0.2927
-12.18_-20.6901_0.285811
-11.7_-20.5503_0.278922
-11.219_-20.4137_0.272033
-10.7378_-20.2783_0.278922
-10.2574_-20.1396_0.285811
-9.79653_-19.9826_0.415037
-9.35646_-19.7683_0.530958
-8.48189_-19.6287_0.746585
-8.12407_-19.2837_0.808411
-7.7858_-18.9179_0.856554
-7.4611_-18.5382_0.877215
-7.14432_-18.1517_0.897877
-6.8336_-17.7601_0.904766
-6.52559_-17.3662_0.911656
-6.24398_-16.969_1.04088
-6.01286_-16.5376_1.1568
-5.42149_-15.8818_1.38583
-5.31174_-15.4075_1.2566
-5.14178_-14.9512_1.12737
-4.91444_-14.5206_0.998148
-4.6335_-14.123_0.868922
-4.30367_-13.7648_0.739696
-4.30367_-13.7648_0.739696
-3.94108_-13.4231_0.787838
-3.59312_-13.0654_0.822254
-3.25558_-12.6969_0.842916
-2.92573_-12.3216_0.863578
-2.60177_-11.9408_0.870467
-2.28044_-11.5578_0.877356
-1.95364_-11.1969_0.74813
-1.58242_-10.8778_0.632209
-1.12393_-10.116_0.415037
-0.670458_-9.93876_0.285811
-0.197922_-9.82141_0.156585
0.285798_-9.76593_0.0273588
0.772633_-9.77325_-0.101867
1.26221_-9.83792_-0.190893
1.26221_-9.83792_-0.190893
1.74411_-9.94585_-0.279918
2.22065_-10.0911_-0.32806
2.69256_-10.2554_-0.348722
3.16097_-10.4294_-0.369384
3.62679_-10.6109_-0.376273
3.62679_-10.6109_-0.376273
4.09302_-10.7866_-0.328131
4.56712_-10.9443_-0.307469
5.04439_-11.0923_-0.286807
5.52461_-11.2303_-0.266146
6.00727_-11.3607_-0.259256
6.49082_-11.4878_-0.252367
6.96702_-11.5893_-0.123141
7.45474_-11.6308_-0.00722027
8.28646_-11.9429_0.207866
8.75819_-11.8223_0.337093
9.21044_-11.6419_0.466319
9.63567_-11.4048_0.595545
10.0268_-11.1148_0.724771
10.3773_-10.7769_0.853997
10.3773_-10.7769_0.853997
10.6934_-10.3952_0.929455
10.9851_-9.99131_0.977597
11.2593_-9.57432_1.01201
11.519_-9.14814_1.04643
11.7662_-8.71389_1.06709
12.0065_-8.27547_1.07398
12.2565_-7.85766_0.944755
12.5575_-7.46618_0.85573
12.8637_-6.62483_0.664349
13.255_-6.31406_0.68501
13.6414_-5.99685_0.6919
14.0257_-5.67699_0.698789
14.4077_-5.35449_0.705678
14.789_-5.03112_0.698789
15.1711_-4.70862_0.705678
15.5492_-4.38194_0.72634
15.9222_-4.04904_0.733229
16.6958_-3.41859_0.746984
17.0618_-3.07806_0.753873
17.4256_-2.73501_0.760762
17.7869_-2.38947_0.767652
18.1474_-2.0431_0.760762
18.5088_-1.69756_0.767652
18.8693_-1.35119_0.760762
19.2246_-1.00195_0.808905
19.567_-0.638059_0.829566
20.298_0.0164914_0.884146
20.6226_0.382935_0.768225
20.9875_0.718269_0.692767
21.3759_1.03028_0.644625
21.7782_1.32559_0.610208
22.1905_1.60687_0.575791
22.6114_1.87605_0.555129
23.0357_2.1149_0.425903
23.4889_2.29998_0.309983
24.2188_2.81064_0.106864
24.7047_2.84201_-0.0223617
25.1978_2.81643_-0.111387
25.6905_2.75105_-0.173214
26.1811_2.65941_-0.20763
26.6694_2.55304_-0.228292
27.1553_2.43661_-0.248954
27.6318_2.33675_-0.119728
28.1236_2.29223_-0.0307022
28.9327_1.91359_0.160632
29.4197_2.00507_0.236091
29.9022_2.12934_0.284233
30.3796_2.27477_0.318649
30.853_2.43458_0.339311
31.3231_2.60412_0.359973
31.7906_2.78131_0.366862
32.2521_2.93653_0.237636
32.7318_3.03353_0.121715
33.5038_3.46996_-0.0965094
33.99_3.44362_0.0327167
34.4755_3.48015_0.161943
34.9522_3.57895_0.291169
35.4123_3.73836_0.420395
35.848_3.95573_0.549621
35.848_3.95573_0.549621
36.2553_4.22716_0.665542
36.6374_4.54283_0.741
36.9995_4.88497_0.789142
37.349_5.24203_0.809804
37.6911_5.60623_0.830466
38.0256_5.97742_0.851128
38.3618_6.32964_0.721901
38.7417_6.64196_0.619385
39.2143_7.39767_0.414769
39.6512_7.61259_0.543995
40.0631_7.88121_0.646512
40.4536_8.18871_0.708339
40.8289_8.51773_0.742755
41.1946_8.85819_0.763417
41.1946_8.85819_0.763417
41.5566_9.20303_0.756528
41.921_9.54537_0.749639
42.2877_9.88519_0.742749
42.6568_10.2225_0.73586
43.0282_10.5572_0.728971
43.4018_10.8894_0.722082
43.7805_11.1954_0.592856
44.1966_11.4532_0.476935
44.7958_12.1061_0.261742
45.2604_12.2519_0.390969
45.7023_12.4564_0.520195
46.1141_12.7161_0.649421
46.4891_13.0267_0.778647
46.8209_13.383_0.907873
46.8209_13.383_0.907873
47.1365_13.7537_0.778647
47.4981_14.0871_0.67613
47.8923_14.3875_0.600672
48.3077_14.6624_0.55253
48.7355_14.9195_0.518113
49.1713_15.1639_0.497451
49.6086_15.3779_0.368225
50.0717_15.5366_0.252304
50.8502_15.9741_0.0354315
51.3397_15.9728_-0.0804893
51.8325_15.9206_-0.155947
52.3233_15.8354_-0.20409
52.8109_15.7286_-0.238506
53.2956_15.6072_-0.259168
53.7777_15.4759_-0.27983
54.2509_15.3613_-0.150604
54.7393_15.304_-0.0480869
55.5461_14.9242_0.156716
56.0234_15.0205_0.285942
56.4843_15.1776_0.415168
56.9211_15.3926_0.544395
57.3265_15.6622_0.673621
57.6939_15.9818_0.802847
57.6939_15.9818_0.802847
58.0233_16.3469_0.905364
58.3221_16.7442_0.96719
58.6007_17.1583_1.00161
58.8648_17.5817_1.03602
59.1165_18.0134_1.05669
59.3614_18.4493_1.06357
59.5938_18.8886_1.1254
59.8037_19.3414_1.15982
60.2731_20.199_1.21474
60.4601_20.6539_1.11223
60.6892_21.0949_1.0504
60.9423_21.5251_1.01598
61.2084_21.948_0.995322
61.4815_22.3668_0.988432
61.4815_22.3668_0.988432
61.7463_22.7874_1.05026
61.9895_23.2232_1.08468
62.2199_23.6666_1.10534
62.4411_24.1146_1.126
62.6552_24.5665_1.13289
62.8662_25.0197_1.13978
63.0507_25.4703_1.269
63.1782_25.9429_1.38492
63.6047_26.7236_1.58719
63.6174_27.2103_1.45796
63.6926_27.6914_1.32873
63.8293_28.1587_1.19951
64.025_28.6045_1.07028
64.2765_29.0214_0.941055
64.2765_29.0214_0.941055
64.579_29.4118_0.85203
64.913_29.7814_0.803888
65.2634_30.1368_0.769471
65.6247_30.482_0.748809
65.9931_30.8196_0.728148
66.3683_31.1495_0.707486
66.7514_31.45_0.57826
67.1712_31.7017_0.462339
67.8071_32.3221_0.246712
68.2738_32.4609_0.375938
68.7187_32.6587_0.505164
69.1344_32.9122_0.63439
69.514_33.2171_0.763616
69.8575_33.5691_0.866133
69.8575_33.5691_0.866133
70.1716_33.9542_0.92796
70.4662_34.3571_0.962376
70.749_34.7691_0.983038
71.0232_35.1868_1.0037
71.2908_35.6091_1.01059
71.2908_35.6091_1.01059
71.5592_36.0306_0.989927
71.8345_36.4479_0.983038
72.1127_36.8633_0.976149
72.3937_37.2768_0.96926
72.6776_37.6884_0.962371
72.9643_38.098_0.955481
73.2283_38.5071_1.08471
73.4403_38.9483_1.20063
74.0311_39.6041_1.43041
74.1196_40.0829_1.30118
74.2665_40.5522_1.19867
74.4567_41.0114_1.13684
74.6734_41.46_1.0887
74.9099_41.8995_1.05428
75.1596_42.3323_1.03362
75.3908_42.7608_1.16284
75.5733_43.2197_1.25187
76.171_43.8859_1.43041
