configuration 46.8230323792_-26.2805175781_0.619899316938_0.784681360082_54.818611145_35.6322822571_0.774404309534_0.632691050494
length 80.4126
time 7.64153
roughness 0.000220124
46.823_-26.2805_1.33723
46.9557_-25.812_1.208
47.1476_-25.3646_1.07878
47.3951_-24.9423_0.962856
47.6874_-24.5402_0.901029
48.0017_-24.1525_0.866613
48.0017_-24.1525_0.866613
48.3326_-23.7918_0.750692
48.7033_-23.463_0.675234
49.0971_-23.1578_0.627091
49.5037_-22.8674_0.60643
49.9162_-22.5854_0.585768
50.3345_-22.3121_0.565106
50.7343_-22.0342_0.694332
51.1013_-21.7069_0.796849
51.9208_-21.3562_1.00146
52.1657_-20.9354_1.13069
52.3542_-20.4865_1.25992
52.4834_-20.0171_1.38914
52.5583_-19.5289_1.47817
52.5964_-19.0322_1.52631
52.5964_-19.0322_1.52631
52.6106_-18.5342_1.57445
52.603_-18.0352_1.60887
52.5806_-17.536_1.62953
52.5501_-17.037_1.63642
52.5161_-16.5382_1.64331
52.4788_-16.0396_1.6502
52.4608_-15.553_1.52097
52.5038_-15.0654_1.40505
52.3131_-14.1987_1.18808
52.4756_-13.7397_1.31731
52.5776_-13.2636_1.44654
52.6244_-12.772_1.53556
52.6317_-12.275_1.59739
52.6127_-11.7763_1.63181
52.5766_-11.2785_1.66622
52.5347_-10.7812_1.63181
52.5077_-10.2822_1.61114
52.3152_-9.34692_1.56756
52.2961_-8.86041_1.69679
52.2196_-8.37253_1.78581
52.1056_-7.88756_1.83396
51.9702_-7.40718_1.86837
51.8184_-6.93174_1.90279
51.6523_-6.46048_1.92345
51.4649_-6.01109_2.05268
51.2224_-5.58326_2.15519
50.9587_-4.73061_2.3588
50.5993_-4.40216_2.48802
50.1989_-4.11652_2.59054
49.7704_-3.86769_2.666
49.3238_-3.64669_2.71414
48.8673_-3.44502_2.74856
48.4044_-3.25683_2.76922
47.9527_-3.0625_2.6667
47.5133_-2.82764_2.61856
46.624_-2.6337_2.49365
46.2453_-2.3236_2.37773
45.8961_-1.97196_2.30227
45.5692_-1.59591_2.25413
45.2564_-1.20627_2.23347
44.9517_-0.810248_2.2128
44.6553_-0.408015_2.19214
44.3889_-0.000470678_2.06292
44.1742_0.439437_1.947
43.6067_1.12501_1.73061
43.5089_1.60198_1.85983
43.3543_2.07098_1.94886
43.1614_2.52905_2.01069
42.9437_2.97816_2.0451
42.7107_3.41951_2.07952
42.4643_3.85422_2.10018
42.2364_4.2845_1.97096
42.0575_4.74479_1.88193
41.4694_5.41877_1.69041
41.4319_5.90421_1.56118
41.4572_6.39044_1.43196
41.545_6.86935_1.30273
41.6881_7.3438_1.22727
41.8616_7.81177_1.19285
41.8616_7.81177_1.19285
42.0472_8.27602_1.18597
42.2359_8.73898_1.17908
42.4278_9.20064_1.17219
42.6208_9.66185_1.17908
42.8128_10.1235_1.17219
43.0079_10.5838_1.1653
43.2082_11.0416_1.14464
43.4159_11.4964_1.13775
43.7828_12.4239_1.124
44.0067_12.8676_1.06217
44.2562_13.2988_1.01403
44.5232_13.7212_0.993367
44.7988_14.138_0.972705
45.083_14.549_0.952044
45.3739_14.9556_0.945154
45.6421_15.362_1.07438
45.8616_15.8021_1.1769
46.3769_16.3049_1.38764
46.4452_16.787_1.51687
46.4509_17.2738_1.6461
46.3937_17.7573_1.77532
46.2747_18.2295_1.90455
46.0958_18.6823_2.03377
46.0958_18.6823_2.03377
45.8601_19.1083_2.163
45.5719_19.5069_2.26552
45.246_19.8821_2.32734
44.8982_20.2389_2.37549
44.5347_20.5808_2.4099
44.1606_20.912_2.43056
43.8055_21.2451_2.30134
43.4869_21.6225_2.21231
42.7089_22.0649_2.03377
42.5101_22.5094_1.90455
42.3702_22.9757_1.77532
42.2916_23.4562_1.6461
42.2756_23.9429_1.51687
42.3224_24.4275_1.38764
42.3224_24.4275_1.38764
42.423_24.9143_1.32582
42.5496_25.397_1.2914
42.6927_25.8752_1.25698
42.8502_26.3493_1.23632
43.0154_26.8212_1.22943
43.1838_27.292_1.22254
43.3305_27.7563_1.35177
43.4185_28.2378_1.46769
43.8374_29.0207_1.68513
43.8024_29.5063_1.5559
43.8302_29.9924_1.42667
43.9205_30.4708_1.29745
44.0717_30.9337_1.16822
44.2813_31.3731_1.039
44.2813_31.3731_1.039
44.5457_31.7819_0.909769
44.8607_32.1533_0.780543
45.2208_32.4809_0.651317
45.6202_32.7594_0.522091
46.0545_32.9901_0.419574
46.0545_32.9901_0.419574
46.5125_33.1832_0.357748
46.982_33.3526_0.323331
47.4569_33.5081_0.302669
47.9344_33.656_0.29578
48.413_33.8007_0.288891
48.413_33.8007_0.288891
48.8914_33.9299_0.213433
49.38_34.0276_0.16529
49.8732_34.1041_0.130874
50.369_34.1659_0.110212
50.866_34.2174_0.0895503
51.364_34.2587_0.0688885
51.8478_34.3128_0.198115
52.3265_34.4258_0.300631
53.2172_34.3422_0.505598
53.647_34.5919_0.567424
54.0648_34.8649_0.601841
54.4747_35.1506_0.622503
54.8802_35.4431_0.629392
55.2837_35.7383_0.636281
55.2837_35.7383_0.636281
