configuration 46.8230323792_-26.2805175781_0.619899316938_0.784681360082_54.818611145_35.6322822571_0.774404309534_0.632691050494
length 121.338
time 300
roughness 0.000150575
46.823_-26.2805_1.33723
46.9557_-25.812_1.208
47.1476_-25.3646_1.07878
47.3135_-25.0755_0.990359
47.3561_-25.0115_0.969955
47.3707_-24.9904_0.963153
47.3707_-24.9904_0.963153
47.6653_-24.6028_0.833927
47.9888_-24.2739_0.711502
48.1666_-24.1267_0.65029
48.2488_-24.0654_0.623084
48.2905_-24.0356_0.609482
48.2905_-24.0356_0.609482
48.6998_-23.7485_0.616371
49.1105_-23.4779_0.513854
49.5482_-23.24_0.465712
50.024_-22.8168_0.355334
50.4918_-22.6587_0.266308
50.9745_-22.5353_0.218166
51.463_-22.4329_0.18375
51.9548_-22.345_0.163088
52.4484_-22.2672_0.142426
52.9435_-22.1997_0.121764
53.438_-22.1495_0.0599379
53.9365_-22.1253_0.0255213
54.8991_-21.9921_-0.0289251
55.3968_-22.0144_-0.0770672
55.8947_-22.0563_-0.097729
56.3916_-22.1085_-0.118391
56.888_-22.1687_-0.12528
57.3839_-22.2323_-0.132169
57.8793_-22.2994_-0.139058
58.3639_-22.3463_-0.00983222
58.8594_-22.3388_0.0656259
59.5487_-22.5707_0.223333
60.0185_-22.4429_0.352559
60.4679_-22.2555_0.481786
60.8894_-22.0118_0.611012
61.276_-21.7158_0.740238
61.6212_-21.3725_0.869464
61.6212_-21.3725_0.869464
61.9286_-20.986_0.958489
62.2059_-20.5735_1.02032
62.4621_-20.1452_1.05473
62.7056_-19.7089_1.07539
62.9401_-19.2677_1.09606
63.1677_-18.8225_1.10295
63.4054_-18.3976_0.973719
63.6955_-18.0005_0.871202
63.9698_-17.1548_0.65337
64.3686_-16.8755_0.524144
64.8001_-16.6499_0.394918
65.2571_-16.4817_0.265691
65.7319_-16.3739_0.136465
66.2166_-16.3282_0.00723919
66.2166_-16.3282_0.00723919
66.7082_-16.3413_-0.0952776
67.2053_-16.3922_-0.115939
67.7012_-16.4534_-0.136601
68.5852_-16.8283_-0.121987
69.0706_-16.867_0.00723919
69.0706_-16.867_0.00723919
69.5595_-16.8448_0.12316
70.0497_-16.7716_0.198618
70.5365_-16.6655_0.24676
71.019_-16.5381_0.281177
71.4981_-16.3961_0.301839
71.9741_-16.2443_0.3225
72.442_-16.1097_0.193274
72.9234_-16.0365_0.0640482
73.6493_-15.6339_-0.348688
74.1136_-15.7807_-0.219462
74.5928_-15.8664_-0.0902356
74.823_-15.8826_-0.0290232
74.9_-15.8843_-0.00861906
74.9256_-15.8845_-0.00181768
74.9256_-15.8845_-0.00181768
75.4192_-15.8708_0.0872077
76.0602_-15.7737_0.203334
76.0602_-15.7737_0.203334
76.0602_-15.7737_0.203334
76.5408_-15.6957_0.0741078
77.0274_-15.6803_-0.0551184
77.5173_-15.724_-0.157635
78.008_-15.81_-0.205777
78.4954_-15.9176_-0.240194
79.1137_-16.259_-0.252358
79.5899_-16.3605_-0.123132
80.0752_-16.3998_0.00609401
80.8127_-16.3455_0.203334
81.285_-16.2271_0.33256
81.7381_-16.0487_0.461786
82.1644_-15.8135_0.591012
82.5568_-15.5254_0.720238
82.9088_-15.189_0.849464
83.2209_-14.8089_0.951981
83.4863_-14.4007_1.08121
83.7056_-13.9582_1.17023
84.0451_-13.0295_1.27997
84.2019_-12.5634_1.17745
84.4018_-12.1083_1.11562
84.628_-11.6644_1.06748
84.8737_-11.23_1.03307
85.1326_-10.8026_1.0124
85.4002_-10.3807_0.991742
85.6492_-9.96222_1.12097
85.8479_-9.51236_1.22348
86.438_-8.84493_1.44176
86.4802_-8.35987_1.57098
86.4595_-7.87342_1.70021
86.3795_-7.38816_1.80273
86.2554_-6.90688_1.86455
86.1054_-6.43086_1.89897
86.1054_-6.43086_1.89897
85.9411_-5.95898_1.91963
85.7671_-5.49059_1.94029
85.5855_-5.02478_1.94718
85.4006_-4.56024_1.95407
85.2126_-4.09698_1.96096
85.2126_-4.09698_1.96096
85.0214_-3.63503_1.96785
84.827_-3.17441_1.97474
84.6315_-2.71423_1.96785
84.4392_-2.25272_1.96096
84.248_-1.79077_1.96785
84.0536_-1.33014_1.97474
83.8814_-0.874732_1.84551
83.7667_-0.398879_1.72959
83.3374_0.372012_1.50021
83.3923_0.855798_1.37098
83.5091_1.32848_1.24176
83.6848_1.78533_1.12584
83.9092_2.22718_1.05038
84.1638_2.65541_1.00224
84.4374_3.07287_0.967819
84.7199_3.48531_0.974708
85.0016_3.89841_0.967819
85.6719_4.62054_0.984762
85.9407_5.03998_1.0329
86.1915_5.47149_1.06732
86.4295_5.9108_1.08798
86.6585_6.35494_1.10864
86.8804_6.80297_1.11553
87.0992_7.25251_1.12242
87.3286_7.68194_0.993197
87.6114_8.08152_0.877276
87.8713_8.93178_0.660103
88.2429_9.24638_0.78933
88.5709_9.60623_0.918556
88.8498_10.0054_1.04778
89.0749_10.4371_1.17701
89.2425_10.8942_1.30623
89.2425_10.8942_1.30623
89.3498_11.3691_1.43546
89.3973_11.8563_1.55138
89.3945_12.3519_1.62684
89.3586_12.8488_1.67498
89.301_13.3446_1.7094
89.2286_13.8389_1.73006
89.1622_14.3301_1.6546
89.1285_14.8271_1.60646
88.8655_15.7087_1.50884
88.8884_16.2064_1.55698
88.8895_16.7055_1.5914
88.8758_17.205_1.61206
88.8518_17.7041_1.63272
88.8197_18.203_1.63961
88.7842_18.7017_1.6465
88.7268_19.1852_1.77572
88.609_19.6603_1.89164
88.6364_20.5486_2.10675
88.4057_20.9773_1.97752
88.2238_21.4364_1.8885
88.0782_21.9117_1.82667
87.9575_22.3959_1.79225
87.8511_22.8842_1.77159
87.7548_23.3745_1.75093
87.6782_23.8641_1.67547
87.6341_24.3603_1.62733
87.4665_25.3024_1.54528
87.4583_25.7892_1.67451
87.4583_25.7892_1.67451
87.3874_26.2709_1.80373
87.2551_26.7394_1.93296
87.0654_27.1932_2.03548
86.8336_27.6329_2.0973
86.5763_28.0595_2.14545
86.2946_28.4566_2.27467
85.9638_28.8174_2.39059
85.4229_29.5538_2.59413
84.9968_29.7894_2.72335
84.5439_29.9681_2.85258
84.0655_30.0974_2.92804
83.577_30.1952_2.97618
83.0836_30.2741_2.99684
83.0836_30.2741_2.99684
82.5897_30.3495_2.97618
82.0967_30.433_2.96929
81.6043_30.5198_2.9624
81.1126_30.6101_2.95551
80.6215_30.7037_2.94862
80.6215_30.7037_2.94862
80.1306_30.7985_2.95551
79.6395_30.8921_2.94862
79.1486_30.9868_2.95551
78.1665_31.1752_2.95551
77.6754_31.2689_2.94862
77.1845_31.3636_2.95551
76.6934_31.4572_2.94862
75.7114_31.6456_2.94862
75.2227_31.7469_2.91421
74.7367_31.8629_2.89354
74.2523_31.9868_2.88665
73.7688_32.114_2.87977
73.2861_32.2445_2.87288
72.8038_32.3761_2.87977
72.3393_32.522_2.75054
71.8942_32.7257_2.63462
71.0204_32.8627_2.40572
70.646_33.1739_2.53494
70.2335_33.4375_2.65086
69.7907_33.66_2.72632
69.3317_33.8537_2.77447
68.8638_34.0275_2.80888
68.3904_34.1874_2.82954
67.9137_34.3352_2.86396
67.4323_34.4688_2.88462
66.6029_34.7162_2.92191
66.1215_34.8046_3.03783
65.6274_34.8435_3.11329
65.1293_34.8497_3.16143
64.6304_34.834_3.19585
64.1324_34.8013_3.23027
63.635_34.7536_3.25093
63.1537_34.68_3.38015
62.6829_34.5463_3.49608
61.7966_34.4976_3.7125
61.3761_34.2521_3.58327
60.9276_34.0628_3.45405
60.4583_33.9329_3.32482
59.9762_33.8645_3.19559
59.4894_33.8589_3.06637
59.4894_33.8589_3.06637
59.0059_33.916_2.93714
58.5337_34.035_2.80792
58.0809_34.2138_2.67869
57.6548_34.4495_2.54946
57.2627_34.7381_2.42024
57.2627_34.7381_2.42024
56.8828_35.0586_2.48206
56.261_35.6168_2.58347
