configuration 72.6459350586_2.13817882538_-0.994211695618_0.107438839792_19.5581073761_50.1696281433_0.955633460234_0.294558465643
length 146.75
time 3.58438
roughness 0.000165873
72.6459_2.13818_-2.9263
72.1751_2.0141_-2.79707
71.7242_1.83038_-2.66785
71.3008_1.59009_-2.53862
70.9118_1.29723_-2.40939
70.5638_0.956688_-2.28017
70.231_0.594575_-2.38269
69.8634_0.260027_-2.44451
69.4771_-0.05597_-2.47893
69.0811_-0.360657_-2.49959
68.68_-0.659115_-2.50648
68.2762_-0.931102_-2.63571
67.8406_-1.14878_-2.76493
67.3807_-1.30852_-2.89416
66.904_-1.40765_-3.02338
66.4185_-1.44453_-3.15261
65.9319_-1.45981_-3.02338
65.4512_-1.53767_-2.89416
64.9847_-1.67681_-2.76493
64.5399_-1.87492_-2.63571
64.1244_-2.1287_-2.50648
63.7205_-2.40069_-2.63571
63.285_-2.61837_-2.76493
62.8251_-2.7781_-2.89416
62.3417_-2.88742_-2.96962
61.8495_-2.96481_-3.01776
61.3643_-3.00442_-3.14698
60.8779_-2.98116_-3.27621
60.3986_-2.89543_-3.40544
59.9344_-2.74864_-3.53466
59.493_-2.54326_-3.66389
59.0611_-2.31846_-3.53466
58.6007_-2.14557_-3.43215
58.1216_-2.01298_-3.37032
57.6343_-1.9054_-3.3359
57.1434_-1.8123_-3.31524
56.6607_-1.74857_-3.18602
56.1738_-1.74758_-3.05679
55.6908_-1.80935_-2.92756
55.2198_-1.93283_-2.79834
54.7687_-2.11598_-2.66911
54.3262_-2.31899_-2.79834
53.8611_-2.46328_-2.92756
53.3814_-2.54644_-3.05679
52.895_-2.56708_-3.18602
52.4099_-2.52487_-3.31524
51.9272_-2.46114_-3.18602
51.4403_-2.46015_-3.05679
50.9573_-2.52192_-2.92756
50.4864_-2.6454_-2.79834
50.0352_-2.82855_-2.66911
49.5927_-3.03156_-2.79834
49.1277_-3.17585_-2.92756
48.6479_-3.25901_-3.05679
48.1615_-3.27965_-3.18602
47.6764_-3.23744_-3.31524
47.2009_-3.13307_-3.44447
46.7427_-2.96828_-3.57369
46.298_-2.74955_-3.64915
45.8647_-2.50199_-3.68357
45.4384_-2.2413_-3.70423
45.0161_-1.97364_-3.71112
44.5957_-1.70308_-3.71801
44.1771_-1.42963_-3.7249
43.7605_-1.1533_-3.73179
43.3444_-0.876009_-3.7249
42.9498_-0.590856_-3.85412
42.5952_-0.257223_-3.98335
42.2865_0.119326_-4.11258
42.0289_0.532512_-4.2418
41.8268_0.975444_-4.37103
41.6445_1.42692_-4.2418
41.4068_1.85747_-4.13929
41.1287_2.26947_-4.07746
40.8281_2.66787_-4.04304
40.5154_3.05758_-4.02238
40.1899_3.41962_-3.89315
39.8204_3.73668_-3.76393
39.4131_4.00349_-3.6347
38.9708_4.22708_-3.55924
38.5122_4.42185_-3.5111
38.0661_4.61677_-3.64033
37.6487_4.86757_-3.76955
37.2672_5.17006_-3.89878
36.9185_5.51969_-3.98781
36.5967_5.89854_-4.04963
36.2812_6.27577_-3.94712
35.9296_6.62708_-3.88529
35.5584_6.96074_-3.85087
35.177_7.28355_-3.83021
34.7903_7.60037_-3.82332
34.3995_7.89088_-3.69409
33.9746_8.12862_-3.56487
33.5226_8.30962_-3.43564
33.0511_8.43086_-3.30642
32.5678_8.49032_-3.17719
32.0824_8.52825_-3.30642
31.606_8.62842_-3.43564
31.1464_8.78916_-3.56487
30.7113_9.00778_-3.69409
30.3017_9.2799_-3.79661
29.9033_9.55988_-3.66739
29.4722_9.78618_-3.53816
29.0155_9.95504_-3.40893
28.5409_10.0636_-3.27971
28.0563_10.1102_-3.15048
27.57_10.1351_-3.27971
27.091_10.2225_-3.40893
26.6273_10.371_-3.53816
26.1866_10.5779_-3.66739
25.7762_10.8399_-3.79661
25.3936_11.1521_-3.88564
25.0325_11.4954_-3.93378
24.684_11.8535_-3.95444
24.343_12.2187_-3.9751
24.0078_12.5896_-3.98199
23.6986_12.9657_-4.11122
23.4405_13.3786_-4.24044
23.2377_13.8212_-4.36967
23.0882_14.2898_-4.47219
22.9799_14.7748_-4.53401
22.8733_15.2499_-4.40479
22.7063_15.7073_-4.27556
22.4818_16.1393_-4.14634
22.2057_16.5508_-4.07088
21.9012_16.9452_-4.02274
21.6076_17.3336_-4.15196
21.3665_17.7566_-4.28119
21.1819_18.2071_-4.41041
21.0543_18.6797_-4.52633
20.9724_19.1699_-4.58816
20.8916_19.6501_-4.45893
20.7497_20.1158_-4.32971
20.5489_20.5594_-4.20048
20.2926_20.9734_-4.07126
19.9851_21.3509_-3.94203
19.6316_21.6856_-3.8128
19.2378_21.972_-3.68358
18.8104_22.2053_-3.55435
18.3565_22.3815_-3.42513
17.8817_22.5004_-3.3092
17.4055_22.6019_-3.43843
16.9464_22.7639_-3.56766
16.5119_22.9838_-3.69688
16.1095_23.2577_-3.82611
15.7456_23.5813_-3.95534
15.3966_23.9207_-3.82611
15.0066_24.2123_-3.69688
14.5824_24.4512_-3.56766
14.128_24.6392_-3.46514
13.6536_24.7875_-3.40331
13.1783_24.8935_-3.27409
12.6934_24.9373_-3.14486
12.2069_24.9182_-3.01564
11.7269_24.8367_-2.88641
11.2555_24.6965_-2.78389
10.807_24.5069_-2.65467
10.3868_24.261_-2.52544
9.98964_23.9646_-2.44998
9.61104_23.6407_-2.40184
9.2443_23.3014_-2.38118
8.87762_22.981_-2.5104
8.47271_22.7106_-2.63963
8.03634_22.4947_-2.76886
7.57578_22.3367_-2.89808
7.0987_22.2395_-3.02731
6.61307_22.2045_-3.15653
6.12698_22.2324_-3.28576
5.64854_22.3227_-3.41499
5.18572_22.4739_-3.54421
4.74625_22.6835_-3.67344
4.31653_22.9124_-3.54421
3.86089_23.084_-3.41499
3.38693_23.1955_-3.28576
2.90256_23.245_-3.15653
2.41585_23.2316_-3.02731
1.93022_23.1967_-3.15653
1.44413_23.2246_-3.28576
0.965688_23.3149_-3.41499
0.502873_23.4661_-3.54421
0.0634031_23.6757_-3.67344
-0.366321_23.9046_-3.54421
-0.821961_24.0762_-3.41499
-1.29592_24.1877_-3.28576
-1.78029_24.2371_-3.15653
-2.267_24.2238_-3.02731
-2.75263_24.1888_-3.15653
-3.23872_24.2167_-3.28576
-3.71716_24.307_-3.41499
-4.17998_24.4582_-3.54421
-4.61945_24.6678_-3.67344
-5.04917_24.8967_-3.54421
-5.50481_25.0683_-3.41499
-5.97877_25.1798_-3.28576
-6.46314_25.2293_-3.15653
-6.94984_25.2159_-3.02731
-7.43548_25.181_-3.15653
-7.92157_25.2089_-3.28576
-8.40001_25.2992_-3.41499
-8.86282_25.4504_-3.54421
-9.30229_25.66_-3.67344
-9.71109_25.9244_-3.80267
-10.0824_26.2394_-3.93189
-10.41_26.5996_-4.06112
-10.6885_26.999_-4.19034
-10.9132_27.4309_-4.31957
-11.0803_27.8882_-4.4488
-11.1872_28.3632_-4.57802
-11.2412_28.8559_-4.65348
-11.2626_29.3536_-4.70162
-11.2645_29.8533_-4.72228
-11.2391_30.3395_-4.85151
-11.1512_30.8184_-4.98074
-11.0023_31.282_-5.10996
-10.795_31.7225_-5.23919
-10.5325_32.1326_-5.36841
-10.2195_32.5055_-5.49764
-9.86096_32.8349_-5.62687
-9.46298_33.1154_-5.75609
-9.02904_33.3511_-5.84512
-8.57455_33.5552_-5.89326
-8.11677_33.7211_-6.02249
-7.63489_33.8368_-6.09795
-7.1438_33.9207_-6.14609
-6.64865_33.9832_-6.1805
-6.15127_34.031_-6.20117
-5.66815_34.0914_-6.07194
-5.19683_34.2136_-5.94271
-4.74519_34.3955_-5.81349
-4.32076_34.6341_-5.68426
-3.92417_34.9249_-5.58174
-3.56588_35.2546_-5.45252
-3.25306_35.6277_-5.32329
-2.99093_36.038_-5.19407
-2.78386_36.4787_-5.06484
-2.6353_36.9423_-4.93561
-2.51924_37.4277_-4.97003
-2.38861_37.91_-4.99069
-2.25015_38.3904_-4.99758
-2.10839_38.8699_-5.00447
-1.96333_39.3483_-5.01136
-1.82925_39.8254_-4.9359
-1.72662_40.313_-4.88776
-1.64283_40.8055_-4.8671
-1.56923_41.2998_-4.84644
-1.50355_41.7954_-4.83955
-1.45538_42.2869_-4.75052
-1.44436_42.785_-4.70238
-1.45508_43.2839_-4.66796
-1.4807_43.7829_-4.6473
-1.51663_44.2813_-4.62664
-1.53774_44.7678_-4.75587
-1.49598_45.2529_-4.88509
-1.39206_45.7285_-5.01432
-1.22771_46.1868_-5.14354
-1.00566_46.6201_-5.27277
-0.729633_47.0212_-5.402
-0.404216_47.3834_-5.53122
-0.0348411_47.7006_-5.66045
0.374601_47.9767_-5.74947
0.807615_48.2207_-5.8113
1.25453_48.4349_-5.88676
1.71712_48.6199_-5.9349
2.18795_48.7872_-5.95556
2.66214_48.9447_-5.97622
3.13908_49.0947_-5.98311
3.61355_49.2241_-6.08563
4.10282_49.3116_-6.14746
4.59806_49.3734_-6.18187
5.0955_49.4206_-6.20253
5.59393_49.4597_-6.20942
6.08058_49.475_-6.33865
6.56515_49.4274_-6.46788
7.03954_49.3178_-6.5971
7.499_49.149_-6.71302
7.94419_48.9313_-6.78848
8.37984_48.7138_-6.65926
8.83987_48.5544_-6.53003
9.31662_48.4555_-6.4008
9.80213_48.4189_-6.27158
10.2974_48.4371_-6.19612
10.7929_48.4883_-6.14798
11.2876_48.5591_-6.12731
11.7806_48.6401_-6.10665
12.2726_48.729_-6.09976
12.764_48.8213_-6.09287
13.2528_48.9029_-6.16833
13.7486_48.952_-6.21647
14.2474_48.9819_-6.23714
14.7467_49.0015_-6.2578
15.2465_49.013_-6.26469
15.7352_49.0407_-6.14877
16.2245_49.1194_-6.07331
16.71_49.231_-6.02517
17.1911_49.3639_-5.99075
17.6686_49.5112_-5.97009
18.1439_49.6663_-5.9632
18.5991_49.8389_-5.83397
19.0284_50.0687_-5.70475
19.4244_50.3519_-5.57552
19.4632_50.3855_-5.56192
