configuration -3.08480739594_22.5642471313_-0.424155304833_0.905589464041_28.1138801575_4.40596151352_-0.254607913402_0.967044368389
length 41.4351
time 6.65925
roughness 0.00041978
-3.08481_22.5642_-0.876058
-2.75754_22.2038_-0.746832
-2.38554_21.8821_-0.644315
-1.9821_21.5917_-0.582488
-1.5622_21.322_-0.548072
-1.13487_21.0625_-0.541183
-0.705759_20.8059_-0.534293
-0.274893_20.5523_-0.527404
0.15771_20.3017_-0.520515
0.59203_20.054_-0.513626
1.02692_19.8074_-0.520515
1.45921_19.5833_-0.391289
1.92106_19.4085_-0.302263
2.399_19.2678_-0.254121
2.88346_19.1479_-0.219705
3.37186_19.0424_-0.199043
3.85279_18.9664_-0.0698167
4.33949_18.9531_0.0594094
4.82386_19.0026_0.188636
5.29782_19.114_0.317862
5.75345_19.2857_0.447088
6.18317_19.5146_0.576314
6.57981_19.797_0.70554
6.94006_20.1284_0.821461
7.27107_20.4991_0.883287
7.58336_20.8885_0.917704
7.89533_21.2623_0.788478
8.25288_21.5927_0.659252
8.65004_21.8744_0.530026
9.08018_22.1025_0.400799
9.53613_22.2733_0.271573
10.0103_22.3839_0.142347
10.4947_22.4325_0.0131211
10.9814_22.4183_-0.116105
11.4622_22.3414_-0.245331
11.9375_22.2074_-0.334357
12.3903_22.0283_-0.463583
12.8162_21.7923_-0.592809
13.2114_21.5036_-0.70873
13.582_21.1724_-0.770556
13.9361_20.8207_-0.804973
14.2882_20.4843_-0.675747
14.6806_20.1962_-0.546521
15.1092_19.9549_-0.444004
15.5625_19.7481_-0.395862
16.0251_19.561_-0.361445
16.4728_19.3697_-0.490671
16.8922_19.1222_-0.619897
17.2761_18.8228_-0.749123
17.6305_18.4764_-0.824581
17.9628_18.1052_-0.872724
18.2891_17.7287_-0.824581
18.6308_17.3642_-0.80392
18.98_17.0068_-0.783258
19.3351_16.6548_-0.776369
19.6926_16.3053_-0.76948
20.037_15.9514_-0.858505
20.3566_15.5692_-0.906647
20.6618_15.1736_-0.927309
20.9589_14.7718_-0.947971
21.2496_14.365_-0.95486
21.5375_13.9563_-0.961749
21.8226_13.5456_-0.968638
22.1067_13.1342_-0.961749
22.3918_12.7235_-0.968638
22.6759_12.3121_-0.961749
22.9702_11.9156_-0.872724
23.2965_11.5391_-0.824581
23.6395_11.1765_-0.790165
23.9922_10.8221_-0.783276
24.3473_10.4702_-0.776386
24.6799_10.1146_-0.905613
24.9639_9.71909_-1.03484
25.1945_9.29031_-1.16406
25.368_8.83538_-1.29329
25.4815_8.36189_-1.42252
25.5737_7.88382_-1.29329
25.7268_7.42163_-1.16406
25.9382_6.98303_-1.03484
26.2044_6.57532_-0.905613
26.5209_6.20531_-0.776386
26.8729_5.85155_-0.810803
27.2236_5.50673_-0.708286
27.6076_5.19122_-0.64646
28.0074_4.89097_-0.639571
