configuration -3.08480739594_22.5642471313_-0.424155304833_0.905589464041_28.1138801575_4.40596151352_-0.254607913402_0.967044368389
length 52.7226
time 2.72105
roughness 0.000359964
-3.08481_22.5642_-0.876058
-3.00163_22.4667_-0.842051
-2.95002_22.4096_-0.821647
-2.91492_22.3722_-0.808044
-2.89716_22.3537_-0.801243
-2.87928_22.3353_-0.794441
-2.87928_22.3353_-0.794441
-2.52371_22.0027_-0.665215
-2.12824_21.7187_-0.535989
-1.69596_21.4764_-0.460531
-1.24617_21.2621_-0.412389
-0.786589_21.0698_-0.364247
-0.318241_20.8973_-0.32983
0.1544_20.7343_-0.336719
0.625906_20.5681_-0.343608
1.28455_20.4199_-0.373214
1.74504_20.2618_-0.243988
2.22207_20.1643_-0.114762
2.71226_20.1245_-0.0122448
3.20928_20.1286_0.0495818
3.70642_20.1613_0.0977239
4.20253_20.2157_0.132141
4.68202_20.3002_0.261367
5.14972_20.4446_0.377287
6.04334_20.5434_0.580822
6.45318_20.8246_0.642648
6.84925_21.1282_0.677065
7.23463_21.4453_0.711481
7.61082_21.7742_0.732143
7.9819_22.1093_0.739032
8.35066_22.4469_0.745922
8.72194_22.7619_0.616696
9.13177_23.0295_0.500775
9.69139_23.7189_0.283339
10.1642_23.835_0.154113
10.6481_23.8893_0.0248866
11.1349_23.8808_-0.104339
11.6165_23.8096_-0.233566
12.0881_23.6783_-0.349486
12.0881_23.6783_-0.349486
12.5574_23.506_-0.356376
13.0256_23.3305_-0.363265
13.4925_23.1518_-0.370154
14.4234_22.7868_-0.370154
14.8808_22.596_-0.445612
15.3269_22.3741_-0.493754
15.7636_22.1326_-0.528171
16.1935_21.8778_-0.548833
16.6179_21.6142_-0.569494
17.0369_21.3419_-0.590156
17.4525_21.0883_-0.46093
17.8989_20.8875_-0.345009
18.5493_20.2782_-0.126738
19.0345_20.2372_0.00248838
19.5259_20.2551_0.105005
20.0191_20.3173_0.166832
20.509_20.4079_0.214974
20.9964_20.5178_0.235636
21.4814_20.6378_0.256297
21.9572_20.7412_0.127071
22.4487_20.7893_0.0380458
23.2541_21.18_-0.140043
23.7329_21.0917_-0.269269
24.2023_20.9449_-0.371786
24.6615_20.7549_-0.433613
25.1102_20.5383_-0.481755
25.5498_20.302_-0.516171
25.9827_20.0524_-0.536833
26.4113_19.8214_-0.407607
26.8702_19.6391_-0.318581
27.5367_19.0416_-0.140043
28.0155_18.9533_-0.269269
28.4789_18.804_-0.398495
28.9192_18.5962_-0.527721
29.3291_18.3334_-0.656948
29.7017_18.02_-0.786174
29.7017_18.02_-0.786174
30.0308_17.6612_-0.9154
30.311_17.2629_-1.04463
30.5374_16.8319_-1.17385
30.7065_16.3753_-1.30308
30.8152_15.9007_-1.4323
30.8152_15.9007_-1.4323
30.9028_15.4218_-1.30308
31.0489_14.9522_-1.20056
31.2382_14.4926_-1.13873
31.4541_14.0436_-1.09059
31.6897_13.6036_-1.05618
31.9386_13.1704_-1.03551
32.169_12.7414_-1.16474
32.3506_12.2822_-1.25377
32.947_11.6148_-1.4323
32.9937_11.1302_-1.56153
32.9776_10.6436_-1.69076
32.8989_10.1631_-1.81998
32.7589_9.69674_-1.94921
32.56_9.25232_-2.07843
32.56_9.25232_-2.07843
32.3066_8.83088_-2.18095
32.0135_8.42946_-2.24278
31.6971_8.04458_-2.29092
31.365_7.67125_-2.31158
31.0253_7.30485_-2.33224
31.0253_7.30485_-2.33224
30.683_6.94081_-2.31158
30.3464_6.57109_-2.30469
30.0124_6.19906_-2.2978
29.681_5.82475_-2.29091
29.3725_5.44474_-2.17499
29.0986_5.02999_-2.11317
28.4227_4.34485_-1.97901
