configuration -17.6504554749_-22.9172973633_0.256229049699_0.256229049699_76.2194671631_43.7661514282_0.386216847154_0.922408015454
length 177.272
time 241.499
roughness 0.000107641
-17.6505_-22.9173_0.150019
-17.1606_-22.8329_0.211845
-16.6739_-22.7224_0.246262
-16.1902_-22.5973_0.266923
-15.7082_-22.4643_0.273813
-15.2272_-22.328_0.280702
-14.7477_-22.2027_0.205244
-14.2584_-22.1089_0.157102
-13.7644_-22.0342_0.13644
-13.2689_-21.9696_0.115778
-12.7722_-21.913_0.108889
-12.2908_-21.8396_0.238115
-11.823_-21.7048_0.367341
-11.3764_-21.5109_0.496567
-10.9585_-21.261_0.625793
-10.5763_-20.9593_0.755019
-10.2081_-20.6237_0.706877
-9.82489_-20.304_0.672461
-9.43187_-19.9954_0.651799
-9.03371_-19.6931_0.64491
-8.63347_-19.3934_0.638021
-8.23255_-19.0947_0.64491
-7.83231_-18.7951_0.638021
-7.43138_-18.4964_0.64491
-7.03115_-18.1968_0.638021
-6.63022_-17.8981_0.64491
-6.23484_-17.5935_0.679326
-5.84827_-17.2769_0.699988
-5.46832_-16.9524_0.72065
-5.09342_-16.6216_0.727539
-4.72081_-16.2883_0.734428
-4.37358_-15.947_0.863654
-4.07324_-15.5637_0.992881
-3.82478_-15.145_1.12211
-3.63236_-14.6978_1.25133
-3.49917_-14.2294_1.38056
-3.42745_-13.7479_1.50979
-3.41838_-13.2611_1.63901
-3.47213_-12.7771_1.76824
-3.58778_-12.3042_1.89746
-3.76342_-11.8501_2.02669
-3.99476_-11.4161_2.12921
-4.26671_-11.0001_2.19103
-4.56143_-10.5973_2.22545
-4.86839_-10.203_2.24611
-5.18183_-9.81351_2.253
-5.47253_-9.42292_2.12377
-5.71047_-8.99813_1.99455
-5.89741_-8.54324_1.89203
-6.04462_-8.06851_1.8302
-6.16711_-7.58469_1.79579
-6.25552_-7.10589_1.66656
-6.28149_-6.61969_1.53734
-6.25044_-6.12684_1.44831
-6.1796_-5.63488_1.38648
-6.08251_-5.14532_1.35207
-5.96664_-4.66078_1.30393
-5.83155_-4.17972_1.28326
-5.68655_-3.70155_1.2626
-5.5338_-3.22549_1.25571
-5.37777_-2.7505_1.24882
-5.24342_-2.28251_1.37805
-5.17048_-1.80112_1.50728
-5.1602_-1.31433_1.6365
-5.21273_-0.830286_1.76573
-5.32719_-0.357042_1.89495
-5.46258_0.110648_1.76573
-5.53656_0.591884_1.6365
-5.54791_1.07864_1.50728
-5.49644_1.5628_1.37805
-5.383_2.0363_1.24882
-5.24864_2.50428_1.37805
-5.17571_2.98568_1.50728
-5.16112_3.47726_1.60979
-5.19069_3.97342_1.67162
-5.24661_4.46936_1.70604
-5.33264_4.94859_1.83526
-5.47971_5.41274_1.96449
-5.68537_5.85406_2.09371
-5.94619_6.2652_2.22294
-6.25781_6.63931_2.35217
-6.61505_6.97013_2.48139
-7.01193_7.25216_2.61062
-7.44186_7.4807_2.73984
-7.89765_7.65192_2.86907
-8.37375_7.7656_2.98499
-8.47521_7.78069_3.0122
-8.95493_7.86392_2.88297
-9.41993_8.00828_2.75374
-9.86245_8.21135_2.62452
-10.2843_8.46801_2.53549
-10.6892_8.75834_2.48735
-11.0878_9.05968_2.50801
-11.4914_9.35475_2.5149
-11.897_9.64703_2.52179
-12.3047_9.93651_2.52868
-12.713_10.2251_2.52179
-13.0969_10.5244_2.39257
-13.4391_10.8708_2.26334
-13.7339_11.2583_2.13411
-13.9762_11.6806_2.00489
-14.1621_12.1307_1.87566
-14.3153_12.6062_1.89632
-14.4763_13.0796_1.90321
-14.6405_13.5518_1.9101
-14.808_14.0229_1.91699
-14.9787_14.4928_1.92388
-15.141_14.9626_1.86205
-15.2788_15.4423_1.82764
-15.4024_15.9264_1.80697
-15.5183_16.4128_1.80009
-15.6308_16.8999_1.7932
-15.7582_17.3698_1.92242
-15.9452_17.8194_2.05165
-16.1884_18.2411_2.18087
-16.4841_18.628_2.3101
-16.8271_18.9736_2.43933
-17.1851_19.3036_2.3101
-17.4976_19.6769_2.18087
-17.7594_20.0874_2.05165
-17.9661_20.5283_1.92242
-18.1143_20.9921_1.7932
-18.2014_21.4711_1.66397
-18.2262_21.9573_1.53474
-18.188_22.4427_1.40552
-18.0891_22.9221_1.2896
-17.9414_23.3967_1.22777
-17.7593_23.8511_1.11185
-17.53_24.2921_1.05002
-17.2768_24.7221_1.01561
-17.0105_25.1449_0.994944
-16.7372_25.5636_0.988055
-16.4611_25.9804_0.981166
-16.1822_26.3953_0.974277
-15.9004_26.8083_0.967388
-15.6176_27.2206_0.974277
-15.3377_27.6349_0.981166
-15.0501_28.0277_0.85194
-14.7139_28.3835_0.736019
-14.3388_28.7096_0.674193
-13.9453_29.0167_0.639776
-13.5424_29.3122_0.619114
-13.1318_29.5896_0.543656
-12.7013_29.8404_0.495514
-12.2601_30.075_0.474852
-11.8149_30.3026_0.467963
-11.3682_30.5271_0.461074
-10.9417_30.762_0.5903
-10.5371_31.048_0.665758
-10.1481_31.3608_0.700175
-9.76822_31.6853_0.720836
-9.39512_32.0177_0.741498
-9.04388_32.362_0.844015
-8.72132_32.7401_0.905841
-8.41789_33.1364_0.940258
-8.12608_33.542_0.96092
-7.84066_33.9524_0.967809
-7.58179_34.3648_1.09704
-7.37821_34.8071_1.22626
-7.23333_35.2719_1.35549
-7.14955_35.7516_1.48471
-7.12829_36.238_1.61394
-7.12865_36.7249_1.48471
-7.06627_37.2078_1.35549
-6.94218_37.6786_1.22626
-6.75846_38.1295_1.09704
-6.51816_38.5529_0.967809
-6.2253_38.9419_0.838583
-5.88475_39.2899_0.709357
-5.5022_39.5911_0.580131
-5.08402_39.8404_0.450905
-4.6372_40.0339_0.321678
-4.18222_40.2072_0.450905
-3.75338_40.4378_0.580131
-3.35782_40.7217_0.709357
-3.00215_41.0542_0.838583
-2.69229_41.4298_0.967809
-2.39943_41.8187_0.838583
-2.05888_42.1667_0.709357
-1.67633_42.4679_0.580131
-1.25816_42.7173_0.450905
-0.811331_42.9107_0.321678
-0.343307_43.0449_0.192452
0.138112_43.1177_0.0632262
0.624896_43.1278_-0.066
1.11425_43.0788_-0.168517
1.60243_42.9854_-0.230343
2.08075_42.8944_-0.101117
2.56926_42.8636_0.0148036
3.06445_42.8834_0.0902618
3.56095_42.9341_0.124678
4.0563_42.9996_0.14534
4.54062_43.0496_0.0161141
5.02734_43.0369_-0.113112
5.51384_42.9648_-0.215629
5.99708_42.8485_-0.277455
6.47548_42.7064_-0.311872
6.9448_42.5767_-0.182646
7.4269_42.5087_-0.0534198
7.91377_42.5033_0.0758064
8.39726_42.5607_0.205032
8.86932_42.68_0.334259
9.32208_42.859_0.463485
9.74799_43.095_0.592711
10.1399_43.3838_0.721937
10.4914_43.7208_0.851163
10.7965_44.1002_0.980389
11.0845_44.4928_0.851163
11.4206_44.8451_0.721937
11.7993_45.151_0.592711
12.2143_45.4057_0.463485
12.6614_45.6105_0.360968
13.1227_45.7956_0.422794
13.5755_46.0056_0.457211
14.0223_46.2292_0.477873
14.4644_46.4621_0.498535
14.903_46.7021_0.505424
15.3386_46.9196_0.376198
15.8004_47.0819_0.260277
16.2832_47.2_0.19845
16.7736_47.2927_0.164034
17.2671_47.3709_0.143372
17.7621_47.4389_0.12271
18.2585_47.499_0.115821
18.7552_47.5556_0.108932
19.2523_47.6088_0.102043
19.7496_47.6609_0.108932
20.2309_47.7343_0.238158
20.6988_47.8691_0.367384
21.1453_48.0631_0.49661
21.5632_48.313_0.625836
21.9454_48.6147_0.755062
22.3138_48.933_0.625836
22.7201_49.2013_0.49661
23.1576_49.4149_0.367384
23.6208_49.5732_0.251463
24.1038_49.6844_0.176005
24.5937_49.759_0.100547
25.0901_49.801_0.0524048
25.5893_49.8238_0.0317431
26.0888_49.8362_0.0110813
26.5887_49.8406_0.00419209
27.0857_49.8324_-0.0576344
27.5836_49.798_-0.0920511
28.0808_49.7486_-0.112713
28.5775_49.6913_-0.119602
29.0737_49.6305_-0.126491
29.5589_49.5896_0.00273485
30.0543_49.6033_0.078193
30.5514_49.648_0.11261
31.0475_49.7076_0.133271
31.5423_49.7774_0.153933
32.0198_49.8724_0.283159
32.4871_50.0257_0.385676
32.9437_50.222_0.447503
33.3911_50.4432_0.481919
33.8323_50.6778_0.502581
34.2685_50.894_0.373355
34.729_51.0522_0.244129
35.206_51.1498_0.114903
35.6916_51.1851_-0.0143235
36.1777_51.1575_-0.14355
36.6663_51.0743_-0.219008
37.1522_50.9603_-0.253424
37.635_50.8317_-0.274086
38.116_50.6953_-0.280975
38.596_50.5555_-0.287865
39.0759_50.4218_-0.239722
39.5621_50.3088_-0.205306
40.0518_50.208_-0.198417
40.5421_50.1106_-0.191527
41.0332_50.0166_-0.184638
41.5174_49.9451_-0.0687174
42.0125_49.9235_0.00674078
42.5115_49.9325_0.0411574
43.0106_49.9565_0.0618192
43.5096_49.9886_0.0687084
43.9988_50.0035_-0.0472124
44.4947_49.9699_-0.109039
44.9902_49.9099_-0.143456
45.4842_49.8351_-0.164117
45.9766_49.75_-0.184779
46.4586_49.6809_-0.055553
46.9454_49.6745_0.0736732
47.429_49.7309_0.202899
47.9013_49.8491_0.332125
48.3545_50.0273_0.461352
48.7809_50.2623_0.590578
49.1735_50.5503_0.719804
49.5289_50.8868_0.835725
49.852_51.2626_0.911183
50.151_51.6611_0.959325
50.4471_52.0476_0.830099
50.7906_52.3927_0.700873
51.1757_52.6906_0.571646
51.596_52.9364_0.44242
52.0444_53.1261_0.313194
52.5136_53.2563_0.183968
52.9956_53.325_0.054742
53.4909_53.3397_-0.0207161
53.9888_53.3214_-0.0688583
54.4863_53.2814_-0.103275
54.968_53.2107_-0.232501
55.445_53.0828_-0.321526
55.9151_52.9178_-0.369669
56.3798_52.7341_-0.39033
56.8405_52.5408_-0.410992
57.2964_52.3625_-0.295071
57.7748_52.2278_-0.233245
58.2617_52.118_-0.198828
58.7522_52.0227_-0.178166
59.2444_51.9352_-0.171277
59.7202_51.8319_-0.300503
60.1898_51.6734_-0.375961
60.6519_51.4849_-0.410378
61.1087_51.2824_-0.43104
61.5624_51.0725_-0.437929
61.9942_50.8475_-0.567155
62.3934_50.5687_-0.696381
62.7628_50.241_-0.785407
63.1094_49.8831_-0.833549
63.4406_49.5098_-0.867966
63.7708_49.1519_-0.738739
64.1444_48.8396_-0.609513
64.5574_48.569_-0.520488
64.9936_48.3307_-0.458661
65.4436_48.1149_-0.424245
65.8785_47.8958_-0.553471
66.2814_47.6226_-0.682697
66.6459_47.2997_-0.811923
66.9656_46.9325_-0.941149
67.2354_46.5272_-1.07038
67.4507_46.0905_-1.1996
67.6079_45.6297_-1.32883
67.7044_45.1524_-1.45805
67.7387_44.6668_-1.58728
67.71_44.1807_-1.71651
67.6598_43.6964_-1.58728
67.6724_43.2097_-1.45805
67.7476_42.7287_-1.32883
67.8842_42.2613_-1.1996
68.0799_41.8155_-1.07038
68.3314_41.3986_-0.941149
68.5517_41.1153_-0.84593
68.8527_40.8003_-0.730307
68.9492_40.7158_-0.6963
68.9689_40.6994_-0.689498
69.3574_40.4059_-0.560272
69.7804_40.1648_-0.431046
70.231_39.9803_-0.30182
70.7016_39.8554_-0.172594
71.1844_39.7922_-0.0433677
71.6782_39.7854_0.0456577
72.1754_39.8161_0.0937999
72.4112_39.8385_0.0970632
72.4877_39.8465_0.117467
72.9684_39.924_0.246693
73.4351_40.0628_0.37592
73.88_40.2606_0.505146
74.0577_40.363_0.559557
74.1226_40.4043_0.579961
74.5182_40.6881_0.709187
74.8559_41.0023_0.831612
74.9581_41.1174_0.87242
74.9909_41.1568_0.886023
75.007_41.1767_0.892824
75.3106_41.5241_0.770399
75.6686_41.8731_0.777288
76.0223_42.226_0.79795
76.0764_42.2807_0.777546
