configuration -17.6504554749_-22.9172973633_0.256229049699_0.256229049699_76.2194671631_43.7661514282_0.386216847154_0.922408015454
length 117.929
time 2.89343
roughness 6.12725e-05
-17.6505_-22.9173_0.150019
-17.1726_-22.8242_0.279245
-16.7106_-22.6703_0.408471
-16.2634_-22.4609_0.497496
-15.8294_-22.2161_0.545638
-15.4041_-21.9539_0.5663
-15.4041_-21.9539_0.5663
-14.9843_-21.6829_0.586962
-14.5702_-21.4033_0.607624
-14.1604_-21.1169_0.614513
-13.7525_-20.8277_0.621402
-13.3467_-20.5357_0.628291
-13.3467_-20.5357_0.628291
-12.9415_-20.2428_0.621402
-12.5344_-19.9527_0.614513
-12.1265_-19.6635_0.621402
-11.7194_-19.3733_0.614513
-11.3115_-19.0841_0.621402
-11.3115_-19.0841_0.621402
-10.904_-18.8177_0.492176
-10.463_-18.6001_0.389659
-9.99941_-18.4208_0.327833
-9.52523_-18.2679_0.27969
-9.04404_-18.1333_0.259029
-9.04404_-18.1333_0.259029
-8.5791_-17.9888_0.388255
-8.13046_-17.7873_0.490772
-7.69699_-17.5441_0.552598
-7.27522_-17.2773_0.587015
-6.86111_-16.9977_0.607677
-6.86111_-16.9977_0.607677
-6.45467_-16.708_0.642093
-6.05496_-16.4077_0.648982
-5.65734_-16.1046_0.655872
-5.26181_-15.7988_0.662761
-4.8684_-15.4903_0.66965
-4.8684_-15.4903_0.66965
-4.47227_-15.1925_0.594192
-4.0548_-14.9227_0.532365
-3.62519_-14.6936_0.403139
-3.16964_-14.5217_0.273913
-2.69574_-14.41_0.144687
-2.69574_-14.41_0.144687
-2.23696_-14.3619_0.0222622
-2.23696_-14.3619_0.0222622
-1.75109_-14.3304_0.151488
-1.27332_-14.2366_0.280714
-0.811622_-14.082_0.409941
-0.373698_-13.8692_0.539167
0.0543385_-13.6372_0.409941
0.0543385_-13.6372_0.409941
0.492263_-13.4244_0.539167
0.905511_-13.1577_0.641683
1.29497_-12.8513_0.717142
1.63615_-12.5339_0.814263
1.67152_-12.4968_0.80066
1.67152_-12.4968_0.80066
2.02501_-12.162_0.671434
2.41871_-11.8755_0.542208
2.84604_-11.6422_0.412982
3.29987_-11.4658_0.283756
3.7611_-11.3098_0.412982
3.7611_-11.3098_0.412982
4.21493_-11.1335_0.283756
4.68771_-11.0171_0.154529
5.16519_-10.9219_0.283756
5.62641_-10.7659_0.412982
5.92765_-10.6233_0.5014
5.92765_-10.6233_0.5014
6.35614_-10.3743_0.576858
6.77131_-10.0973_0.611274
7.17852_-9.80775_0.631936
7.58125_-9.5115_0.638825
7.98194_-9.21247_0.645715
7.98194_-9.21247_0.645715
8.37499_-8.90633_0.693857
8.75499_-8.58279_0.728273
9.12561_-8.24766_0.748935
9.49101_-7.90641_0.755824
9.85405_-7.56266_0.762714
9.85405_-7.56266_0.762714
10.2197_-7.22427_0.714571
10.5994_-6.89944_0.69391
10.9857_-6.58253_0.673248
11.3773_-6.27169_0.666359
11.771_-5.96355_0.659469
11.771_-5.96355_0.659469
12.1668_-5.65813_0.65258
12.5634_-5.35363_0.659469
12.9592_-5.04821_0.65258
13.3557_-4.7437_0.659469
13.7516_-4.43828_0.65258
13.7516_-4.43828_0.65258
14.1495_-4.1356_0.645691
14.5481_-3.83383_0.65258
14.946_-3.53114_0.645691
15.3447_-3.22937_0.65258
15.7426_-2.92669_0.645691
15.7426_-2.92669_0.645691
16.1333_-2.61951_0.707518
16.5089_-2.2908_0.741934
16.8749_-1.95064_0.762596
17.2356_-1.60444_0.769485
17.5939_-1.25576_0.776374
17.5939_-1.25576_0.776374
17.9514_-0.906253_0.769485
18.3113_-0.559222_0.762596
18.672_-0.213017_0.769485
19.0319_0.134014_0.762596
19.3926_0.480219_0.769485
19.3926_0.480219_0.769485
19.756_0.821079_0.721343
20.1345_1.14635_0.686926
20.523_1.46056_0.666265
20.9168_1.76866_0.659375
21.3126_2.07404_0.652486
21.3126_2.07404_0.652486
21.7075_2.38015_0.673148
22.0961_2.69435_0.69381
22.4797_3.01495_0.700699
22.8611_3.33817_0.707588
23.2418_3.66228_0.700699
23.2418_3.66228_0.700699
23.626_3.9818_0.680037
24.0166_4.29333_0.659375
24.4125_4.59871_0.652486
24.8105_4.90135_0.645597
25.2091_5.20309_0.652486
25.2091_5.20309_0.652486
25.604_5.50919_0.673148
25.9942_5.82179_0.680037
26.3823_6.13707_0.686926
26.7695_6.45324_0.680037
27.1576_6.76852_0.686926
27.1576_6.76852_0.686926
27.5328_7.09229_0.762385
27.8897_7.44109_0.796801
28.2365_7.80082_0.817463
28.5758_8.16763_0.838125
28.9094_8.54006_0.845014
28.9094_8.54006_0.845014
29.2477_8.89022_0.715788
29.6295_9.20021_0.613271
30.0417_9.47787_0.551444
30.4702_9.73206_0.503302
30.9101_9.96775_0.468886
30.9101_9.96775_0.468886
31.338_10.2054_0.584806
31.7443_10.4893_0.660265
32.135_10.7999_0.694681
32.5166_11.1224_0.715343
32.8915_11.4527_0.736005
32.8915_11.4527_0.736005
33.2667_11.7787_0.674178
33.6601_12.0858_0.639762
34.063_12.3813_0.6191
34.4709_12.6705_0.612211
34.8807_12.9569_0.605321
34.8807_12.9569_0.605321
35.2783_13.2497_0.694347
35.656_13.5746_0.742489
36.0199_13.9163_0.776906
36.3737_14.269_0.797567
36.7221_14.6276_0.804457
36.7221_14.6276_0.804457
37.0746_14.9759_0.728998
37.4515_15.3018_0.680856
37.8419_15.6137_0.660195
38.2375_15.9194_0.653305
38.6352_16.2223_0.646416
38.6352_16.2223_0.646416
39.0257_16.5298_0.708243
39.4011_16.8588_0.742659
39.7668_17.1992_0.763321
40.1273_17.5457_0.77021
40.4853_17.8946_0.777099
40.4853_17.8946_0.777099
40.8461_18.2382_0.728957
41.221_18.5685_0.708296
41.6027_18.8909_0.687634
41.9898_19.2074_0.680745
42.3791_19.5211_0.673855
42.3791_19.5211_0.673855
42.7463_19.8408_0.803082
43.0693_20.2051_0.932308
43.3427_20.6081_1.06153
43.5678_21.0453_1.16405
43.755_21.5057_1.22588
43.755_21.5057_1.22588
43.9_21.9705_1.3551
43.984_22.4501_1.48433
43.9981_22.6548_1.53874
43.9988_22.6804_1.54554
43.9994_22.706_1.55234
43.9994_22.706_1.55234
44.0143_23.2049_1.51793
44.0442_23.7037_1.49726
44.0821_24.2022_1.49038
44.1234_24.7005_1.48349
44.1681_25.1984_1.4766
44.1681_25.1984_1.4766
44.2344_25.6808_1.34737
44.3623_26.1506_1.21814
44.5497_26.5999_1.08892
44.7934_27.0214_0.959693
45.0894_27.408_0.830466
45.0894_27.408_0.830466
45.4328_27.7532_0.70124
45.8191_28.0576_0.598724
46.2351_28.3318_0.550581
46.6634_28.588_0.516165
47.0996_28.8316_0.495503
47.0996_28.8316_0.495503
47.54_29.0683_0.488614
47.982_29.302_0.481725
48.4256_29.5326_0.474835
48.8708_29.7602_0.467946
49.3165_29.9867_0.474835
49.3165_29.9867_0.474835
49.7616_30.2143_0.467946
50.2073_30.4408_0.474835
50.6525_30.6684_0.467946
51.0982_30.8949_0.474835
51.5434_31.1224_0.467946
51.5434_31.1224_0.467946
51.9891_31.349_0.474835
52.4342_31.5765_0.467946
52.8799_31.8031_0.474835
53.3251_32.0306_0.467946
53.7708_32.2572_0.474835
53.7708_32.2572_0.474835
54.216_32.4847_0.467946
54.6617_32.7113_0.474835
55.1069_32.9388_0.467946
55.5526_33.1653_0.474835
55.9977_33.3929_0.467946
55.9977_33.3929_0.467946
56.4434_33.6194_0.474835
56.8886_33.847_0.467946
57.3343_34.0735_0.474835
57.7795_34.3011_0.467946
58.2252_34.5276_0.474835
58.2252_34.5276_0.474835
58.6715_34.7431_0.399377
59.1335_34.9319_0.364961
59.6014_35.107_0.344299
60.0729_35.2724_0.323637
60.5473_35.4303_0.316748
60.5473_35.4303_0.316748
61.0142_35.5964_0.392206
61.4715_35.7942_0.440348
61.9205_36.0121_0.474765
62.3633_36.2436_0.495427
62.8026_36.4823_0.502316
62.8026_36.4823_0.502316
63.2414_36.722_0.495427
63.6807_36.9607_0.502316
64.1194_37.2004_0.495427
64.5587_37.4391_0.502316
64.9975_37.6788_0.495427
64.9975_37.6788_0.495427
65.4368_37.9175_0.502316
65.8755_38.1572_0.495427
66.3149_38.3959_0.502316
66.7536_38.6356_0.495427
67.1929_38.8743_0.502316
67.1929_38.8743_0.502316
67.6317_39.114_0.495427
68.071_39.3527_0.502316
68.5097_39.5924_0.495427
68.949_39.8311_0.502316
69.3878_40.0708_0.495427
69.3878_40.0708_0.495427
69.8271_40.3095_0.502316
70.2658_40.5492_0.495427
70.7062_40.7858_0.488537
71.1472_41.0215_0.495427
71.5865_41.2602_0.502316
71.5865_41.2602_0.502316
72.0252_41.4999_0.495427
72.4656_41.7366_0.488537
72.9066_41.9722_0.495427
73.3459_42.2109_0.502316
73.7846_42.4506_0.495427
73.7846_42.4506_0.495427
74.225_42.6873_0.488537
74.666_42.923_0.495427
75.0874_43.1719_0.611347
75.4885_43.4655_0.673174
75.8786_43.7781_0.680063
75.8786_43.7781_0.680063
