configuration 46.8230323792_-26.2805175781_0.619899316938_0.784681360082_54.818611145_35.6322822571_0.774404309534_0.632691050494
length 69.6589
time 2.48918
roughness 0.000289483
46.823_-26.2805_1.33723
46.9498_-25.8014_1.26177
47.1089_-25.3293_1.21363
47.2868_-24.8624_1.19297
47.4743_-24.3992_1.1723
47.6694_-23.9389_1.16542
47.6694_-23.9389_1.16542
47.8794_-23.4968_1.04949
48.1369_-23.0733_0.974037
48.4023_-22.6568_1.06306
48.6375_-22.2177_1.1112
48.8582_-21.7691_1.11809
48.8582_-21.7691_1.11809
49.0861_-21.329_1.04264
49.349_-20.9192_0.913409
49.6626_-20.5467_0.784183
50.0216_-20.2178_0.654957
50.0216_-20.2178_0.654957
50.3948_-19.9051_0.784183
50.7246_-19.547_0.913409
51.0055_-19.1493_1.04264
51.2359_-18.7174_1.15856
51.4204_-18.2593_1.24758
51.4204_-18.2593_1.24758
51.5734_-17.7843_1.282
51.7318_-17.3238_1.15277
51.9481_-16.8876_1.02355
52.2188_-16.483_0.89432
52.2188_-16.483_0.89432
52.5073_-16.0907_1.02355
52.7428_-15.6646_1.15277
52.9214_-15.2116_1.282
53.0402_-14.7395_1.41122
53.0836_-14.409_1.49964
53.0836_-14.409_1.49964
53.1087_-13.9126_1.56147
53.1077_-13.4135_1.59589
53.0748_-12.9278_1.72511
52.9797_-12.4503_1.85434
52.8238_-11.989_1.98356
52.8238_-11.989_1.98356
52.6243_-11.5306_1.97667
52.4512_-11.0755_1.84745
52.3381_-10.6019_1.71822
52.2871_-10.1177_1.589
52.2871_-10.1177_1.589
52.2576_-9.6317_1.71822
52.1657_-9.15355_1.84745
52.013_-8.69123_1.97667
51.802_-8.25245_2.1059
51.5362_-7.84451_2.23513
51.5362_-7.84451_2.23513
51.2525_-7.44879_2.1059
51.0222_-7.01982_1.97667
50.8491_-6.56474_1.84745
50.7361_-6.09115_1.71822
50.6803_-5.60252_1.61571
50.6803_-5.60252_1.61571
50.6791_-5.11563_1.48648
50.7332_-4.62301_1.41102
50.8203_-4.13248_1.36288
50.9289_-3.64536_1.32846
51.0522_-3.16112_1.3078
51.0522_-3.16112_1.3078
51.1986_-2.69676_1.17857
51.4036_-2.25514_1.04935
51.6638_-1.84361_0.920122
51.9749_-1.46905_0.790896
52.3316_-1.1377_0.66167
52.3316_-1.1377_0.66167
52.7281_-0.855085_0.532444
53.1577_-0.625919_0.403218
53.6132_-0.454024_0.273992
54.0871_-0.342265_0.144766
54.5714_-0.292507_0.0155396
54.5714_-0.292507_0.0155396
55.0575_-0.264317_0.144766
55.5359_-0.173723_0.273992
55.9986_-0.0222363_0.403218
56.438_0.187617_0.532444
56.8466_0.452338_0.66167
56.8466_0.452338_0.66167
57.2177_0.767511_0.790896
57.5451_1.12788_0.920122
57.8234_1.52744_1.04935
58.0478_1.95952_1.17857
58.2147_2.41692_1.3078
58.2147_2.41692_1.3078
58.3212_2.89201_1.43703
58.3703_3.38136_1.53954
58.3756_3.87837_1.60137
58.3546_4.37701_1.63579
58.3188_4.87539_1.65645
58.3188_4.87539_1.65645
58.2818_5.3731_1.62203
58.2596_5.87228_1.60137
58.2455_6.37204_1.59448
58.2348_6.87189_1.58759
58.2275_7.3718_1.5807
58.2275_7.3718_1.5807
58.2306_7.87_1.53256
58.2554_8.36847_1.49814
58.2905_8.86719_1.50503
58.3245_9.366_1.49814
58.3664_9.86332_1.46373
58.3664_9.86332_1.46373
58.4141_10.3601_1.49814
58.4469_10.8587_1.51881
58.4537_11.3482_1.63473
58.4118_11.8434_1.69655
58.3479_12.3393_1.70344
58.3479_12.3393_1.70344
58.304_12.8242_1.57422
58.323_13.3107_1.44499
58.4045_13.7907_1.31576
58.5472_14.2562_1.18654
58.7487_14.6995_1.05731
58.7487_14.6995_1.05731
58.9697_15.1333_1.18654
59.1329_15.5921_1.31576
59.2356_16.068_1.44499
59.3172_16.548_1.31576
59.4598_17.0135_1.18654
59.4598_17.0135_1.18654
59.6341_17.4775_1.262
59.7803_17.9546_1.29641
59.91_18.4366_1.33083
60.0254_18.9227_1.35149
60.1331_19.411_1.35838
60.1331_19.411_1.35838
60.2155_19.8908_1.48761
60.2375_20.3798_1.60353
60.2089_20.8746_1.67899
60.1472_21.369_1.72713
60.0638_21.861_1.76154
60.0638_21.861_1.76154
59.9577_22.3451_1.837
59.819_22.8236_1.88514
59.6612_23.2977_1.90581
59.4937_23.7685_1.92647
59.3185_24.2367_1.93336
59.3185_24.2367_1.93336
59.1653_24.6989_1.80413
59.0729_25.1769_1.6749
59.0383_25.6675_1.57239
59.0499_26.163_1.49693
59.0865_26.5809_1.45639
59.0865_26.5809_1.45639
59.1492_27.0761_1.42197
59.2267_27.5697_1.40131
59.3122_28.0623_1.39442
59.401_28.5543_1.38753
59.4932_29.0457_1.38064
59.4932_29.0457_1.38064
59.5649_29.5273_1.50987
59.574_30.0141_1.6391
59.5202_30.498_1.76832
59.4045_30.9709_1.89755
59.2288_31.425_2.02677
59.2288_31.425_2.02677
58.9961_31.8527_2.156
58.7102_32.2468_2.28523
58.3756_32.6072_2.38774
58.0063_32.9399_2.44957
57.6176_33.2516_2.49771
57.6176_33.2516_2.49771
57.2219_33.5558_2.46329
56.8351_33.872_2.44263
56.4531_34.1945_2.43574
56.0733_34.5197_2.42885
55.7188_34.8534_2.29963
55.7188_34.8534_2.29963
