configuration 46.8230323792_-26.2805175781_0.619899316938_0.784681360082_54.818611145_35.6322822571_0.774404309534_0.632691050494
length 70.9819
time 0.919331
roughness 0.000287843
46.823_-26.2805_1.33723
46.942_-25.7952_1.31657
47.0689_-25.3116_1.30968
47.1991_-24.8289_1.30279
47.3326_-24.3471_1.2959
47.4694_-23.8662_1.28901
47.4694_-23.8662_1.28901
47.5952_-23.3869_1.36447
47.6919_-22.8972_1.39888
47.774_-22.4044_1.41955
47.8482_-21.9099_1.42644
47.9189_-21.415_1.43333
47.9189_-21.415_1.43333
47.9863_-20.9196_1.44021
48.0503_-20.4238_1.4471
48.1108_-19.9275_1.45399
48.1702_-19.431_1.4471
48.2308_-18.9348_1.45399
48.2308_-18.9348_1.45399
48.308_-18.454_1.32477
48.4464_-17.9872_1.19554
48.6439_-17.5422_1.06631
48.8971_-17.1263_0.937088
49.2018_-16.7465_0.807862
49.2018_-16.7465_0.807862
49.5529_-16.4092_0.678636
49.9445_-16.1199_0.54941
50.3701_-15.8835_0.420184
50.8227_-15.7039_0.290958
51.2195_-15.6003_0.182136
51.2195_-15.6003_0.182136
51.6942_-15.4919_0.311362
52.1509_-15.3232_0.440588
52.5821_-15.0971_0.569814
52.9806_-14.8173_0.69904
53.3397_-14.4885_0.828266
53.3397_-14.4885_0.828266
53.6534_-14.1162_0.957492
53.9227_-13.7046_1.06001
54.1567_-13.2661_1.12184
54.3657_-12.8139_1.16998
54.5552_-12.3522_1.20439
54.5552_-12.3522_1.20439
54.7102_-11.8906_1.33362
54.8044_-11.4129_1.46285
54.8363_-10.9271_1.59207
54.8053_-10.4412_1.7213
54.712_-9.96333_1.85053
54.712_-9.96333_1.85053
54.5707_-9.48404_1.87119
54.4217_-9.00681_1.87808
54.26_-8.53834_1.95353
54.0666_-8.07922_2.00168
53.8567_-7.62544_2.00857
53.8567_-7.62544_2.00857
53.6692_-7.17611_1.87934
53.5412_-6.70636_1.75011
53.4747_-6.22403_1.62089
53.4709_-5.73715_1.49166
53.5225_-5.24426_1.4162
53.5225_-5.24426_1.4162
53.596_-4.75003_1.43686
53.6616_-4.25439_1.44375
53.7238_-3.75831_1.45064
53.7826_-3.26182_1.45753
53.838_-2.76493_1.46442
53.838_-2.76493_1.46442
53.9102_-2.28342_1.3352
54.0438_-1.81522_1.20597
54.2366_-1.36814_1.07674
54.4166_-1.05765_0.981524
54.4453_-1.01514_0.967921
54.4453_-1.01514_0.967921
54.7381_-0.62614_0.838695
55.0786_-0.278123_0.709469
55.4611_0.0231127_0.580243
55.8793_0.272543_0.451017
56.1596_0.399179_0.3694
56.1596_0.399179_0.3694
56.6058_0.594057_0.498626
57.0232_0.84481_0.627852
57.4047_1.14725_0.757079
57.7441_1.49635_0.886305
58.0357_1.88627_1.01553
58.0357_1.88627_1.01553
58.2746_2.31052_1.14476
58.4569_2.76201_1.27398
58.5794_3.23323_1.40321
58.6402_3.71631_1.53244
58.6425_4.2081_1.63495
58.6425_4.2081_1.63495
58.5907_4.69223_1.76418
58.4769_5.16565_1.8934
58.3032_5.62047_2.02263
58.0722_6.0491_2.15186
57.7879_6.44439_2.28108
57.7879_6.44439_2.28108
57.4864_6.82666_2.15186
57.2366_7.2446_2.02263
57.0428_7.69125_1.8934
56.9081_8.15915_1.76418
56.8349_8.6405_1.63495
56.8349_8.6405_1.63495
56.8243_9.12727_1.50573
56.8765_9.61135_1.3765
56.9907_10.0847_1.24727
57.1649_10.5393_1.11805
57.3962_10.9677_0.988821
57.3962_10.9677_0.988821
57.6464_11.3855_1.11805
57.8406_11.8319_1.24727
57.9757_12.2997_1.3765
58.0494_12.781_1.50573
58.067_13.2745_1.59475
58.067_13.2745_1.59475
58.063_13.7727_1.54661
58.0808_14.2715_1.51219
58.1135_14.7701_1.49153
58.1542_15.2684_1.48464
58.1984_15.7664_1.47775
58.1984_15.7664_1.47775
58.2344_16.2621_1.53958
58.2443_16.7611_1.574
58.2392_17.2607_1.59466
58.2262_17.7605_1.60155
58.2096_18.2602_1.60844
58.2096_18.2602_1.60844
58.1966_18.7591_1.57402
58.1984_19.2588_1.55336
58.2083_19.7587_1.54647
58.2216_20.2584_1.53958
58.236_20.7582_1.54647
58.236_20.7582_1.54647
58.2646_21.2492_1.44395
58.3376_21.7408_1.38212
58.4389_22.2286_1.33398
58.5594_22.7135_1.31332
58.69_23.1958_1.29266
58.69_23.1958_1.29266
58.8434_23.6579_1.16343
58.8434_23.6579_1.16343
59.0464_24.1139_1.12902
59.0464_24.1139_1.12902
59.273_24.5448_0.99979
59.5533_24.9429_0.870564
59.8825_25.3016_0.741338
60.1747_25.5516_0.639317
60.2361_25.5979_0.659722
60.2361_25.5979_0.659722
60.6078_25.9124_0.788948
60.9359_26.2721_0.918174
61.2149_26.6711_1.0474
61.4402_27.1028_1.17663
61.608_27.5599_1.30585
61.608_27.5599_1.30585
61.7154_28.0347_1.43508
61.7608_28.5195_1.5643
61.7433_29.0061_1.69353
61.6633_29.4864_1.82276
61.5221_29.9523_1.95198
61.5221_29.9523_1.95198
61.3219_30.3962_2.08121
61.0663_30.8105_2.21044
60.7594_31.1885_2.33966
60.4063_31.5238_2.46889
60.013_31.8107_2.59811
60.013_31.8107_2.59811
59.5888_32.0737_2.5637
59.1739_32.3511_2.52928
58.767_32.6411_2.50862
58.3645_32.9378_2.50173
57.9642_33.2372_2.49484
57.9642_33.2372_2.49484
57.5659_33.5394_2.48795
57.1683_33.8425_2.49484
56.77_34.1447_2.48795
56.3724_34.4478_2.49484
55.9966_34.7574_2.36561
55.9966_34.7574_2.36561
