configuration -17.6504554749_-22.9172973633_0.256229049699_0.256229049699_76.2194671631_43.7661514282_0.386216847154_0.922408015454
length 118.089
time 1.88687
roughness 8.24601e-05
-17.6505_-22.9173_0.150019
-17.1726_-22.8242_0.279245
-16.7106_-22.6703_0.408471
-16.2662_-22.4598_0.510988
-15.8377_-22.2079_0.572814
-15.4214_-21.9326_0.607231
-15.4214_-21.9326_0.607231
-15.0115_-21.6463_0.61412
-14.6035_-21.3573_0.621009
-14.1976_-21.0655_0.627898
-13.7936_-20.7708_0.634788
-13.3918_-20.4734_0.641677
-13.3918_-20.4734_0.641677
-12.9906_-20.1751_0.634788
-12.5873_-19.8795_0.627898
-12.182_-19.5868_0.621009
-11.7761_-19.2949_0.627898
-11.3708_-19.0022_0.621009
-11.3708_-19.0022_0.621009
-10.9649_-18.7103_0.627898
-10.5609_-18.4157_0.634788
-10.159_-18.1183_0.641677
-9.75922_-17.8181_0.648566
-9.36147_-17.5152_0.655455
-9.36147_-17.5152_0.655455
-8.96441_-17.2114_0.648566
-8.56527_-16.9103_0.641677
-8.16544_-16.6101_0.648566
-7.76631_-16.309_0.641677
-7.36648_-16.0089_0.648566
-7.36648_-16.0089_0.648566
-6.9662_-15.7098_0.627904
-6.56092_-15.417_0.621015
-6.15364_-15.1271_0.614126
-5.74437_-14.8399_0.607237
-5.33444_-14.5537_0.614126
-5.33444_-14.5537_0.614126
-4.92499_-14.2902_0.4849
-4.48499_-14.0817_0.355674
-4.0218_-13.9317_0.226447
-3.54314_-13.8426_0.0972214
-3.05698_-13.8159_-0.0320047
-3.05698_-13.8159_-0.0320047
-2.57011_-13.8108_0.0972214
-2.08796_-13.7431_0.226447
-1.61856_-13.6138_0.355674
-1.16974_-13.425_0.4849
-0.737204_-13.1831_0.560358
-0.737204_-13.1831_0.560358
-0.317514_-12.913_0.594775
0.0944124_-12.6302_0.615436
0.501979_-12.3406_0.622326
0.907542_-12.0483_0.629215
1.31108_-11.7531_0.636104
1.31108_-11.7531_0.636104
1.71465_-11.4807_0.506878
2.14995_-11.2626_0.377652
2.60974_-11.1024_0.248426
2.90986_-11.0348_0.166809
2.93513_-11.0305_0.17361
2.93513_-11.0305_0.17361
3.42214_-10.962_0.0710937
3.42214_-10.962_0.0710937
3.91846_-10.9186_0.119236
4.41416_-10.8558_0.139898
4.90846_-10.7827_0.160559
5.4018_-10.7016_0.167449
5.88367_-10.6033_0.269965
5.88367_-10.6033_0.269965
6.34701_-10.4537_0.399191
6.79042_-10.2464_0.515112
7.21545_-9.9915_0.59057
7.62679_-9.70886_0.624987
8.02998_-9.41373_0.645649
8.02998_-9.41373_0.645649
8.427_-9.11033_0.666311
8.81931_-8.80041_0.6732
9.20948_-8.48779_0.680089
9.59749_-8.17249_0.686978
9.98477_-7.8563_0.680089
9.98477_-7.8563_0.680089
10.3728_-7.541_0.686978
10.7586_-7.22303_0.693867
11.1422_-6.90242_0.700757
11.5236_-6.57917_0.707646
11.9043_-6.25504_0.700757
11.9043_-6.25504_0.700757
12.284_-5.93023_0.721418
12.6586_-5.59917_0.728308
13.031_-5.26553_0.735197
13.4011_-4.92934_0.742086
13.7688_-4.59061_0.748975
13.7688_-4.59061_0.748975
14.1382_-4.255_0.714559
14.5179_-3.93018_0.693897
14.9029_-3.61132_0.687008
15.2902_-3.29512_0.680118
15.6797_-2.98159_0.673229
15.6797_-2.98159_0.673229
16.0682_-2.66736_0.693891
16.4518_-2.34673_0.70078
16.8332_-2.02347_0.707669
17.2123_-1.69759_0.714559
17.5892_-1.36911_0.721448
17.5892_-1.36911_0.721448
17.9602_-1.0352_0.755864
18.3214_-0.689975_0.776526
18.6773_-0.33878_0.783415
19.0307_0.0148587_0.790305
19.3816_0.370923_0.797194
19.3816_0.370923_0.797194
19.7068_0.733348_0.92642
19.9825_1.13465_1.05565
20.2042_1.56814_1.18487
20.3682_2.02658_1.3141
20.4717_2.50233_1.44332
20.4717_2.50233_1.44332
20.554_2.98221_1.3141
20.6975_3.44749_1.18487
20.8997_3.8904_1.05565
21.1573_4.30355_0.92642
21.4661_4.68006_0.797194
21.4661_4.68006_0.797194
21.8198_5.03086_0.749052
22.1892_5.3665_0.714635
22.5689_5.69134_0.693973
22.9539_6.01024_0.687084
23.3412_6.32647_0.680195
23.3412_6.32647_0.680195
23.7327_6.6359_0.645778
24.1339_6.93385_0.625116
24.541_7.22346_0.604455
24.9531_7.50665_0.597565
25.367_7.787_0.590676
25.367_7.787_0.590676
25.7741_8.07223_0.652503
26.1671_8.37978_0.686919
26.5513_8.69931_0.707581
26.9305_9.02515_0.71447
27.3074_9.3536_0.72136
27.3074_9.3536_0.72136
27.6868_9.67659_0.673217
28.0796_9.98544_0.652556
28.4786_10.2861_0.631894
28.8827_10.5805_0.625005
29.2889_10.8721_0.618116
29.2889_10.8721_0.618116
29.6981_11.1588_0.597454
30.1121_11.4391_0.590565
30.528_11.7166_0.583675
30.9445_11.9931_0.590565
31.3605_12.2705_0.583675
31.3605_12.2705_0.583675
31.767_12.5539_0.659134
32.1559_12.8653_0.707276
32.5335_13.1925_0.727937
32.9042_13.5275_0.748599
33.2698_13.8687_0.755488
33.2698_13.8687_0.755488
33.6385_14.202_0.693662
34.0259_14.5166_0.659245
34.4229_14.82_0.638583
34.8262_15.115_0.617922
35.2344_15.4037_0.611032
35.2344_15.4037_0.611032
35.6303_15.6988_0.700058
36.0062_16.0259_0.7482
36.368_16.3696_0.782617
36.7199_16.7244_0.803278
37.0662_17.0849_0.810168
37.0662_17.0849_0.810168
37.417_17.4325_0.721142
37.797_17.7529_0.659316
38.195_18.0541_0.624899
38.6022_18.3436_0.604237
39.0143_18.6267_0.597348
39.0143_18.6267_0.597348
39.4049_18.9174_0.726574
39.7548_19.256_0.8558
40.0614_19.6376_0.971721
40.3305_20.0537_1.04718
40.5727_20.4891_1.09532
40.5727_20.4891_1.09532
40.8137_20.9121_0.966095
41.1072_21.3006_0.836869
41.4484_21.648_0.707643
41.8314_21.9485_0.578417
42.0272_22.0708_0.517205
42.0272_22.0708_0.517205
42.4398_22.3292_0.646431
42.8157_22.6387_0.775657
43.1485_22.9941_0.904883
43.4328_23.3893_1.03411
43.6993_23.7968_0.904883
43.6993_23.7968_0.904883
43.9836_24.1921_1.03411
44.2145_24.6207_1.16334
44.3884_25.0755_1.29256
44.4761_25.4235_1.38778
44.4852_25.474_1.40138
44.4852_25.474_1.40138
44.5876_25.95_1.27216
44.7504_26.4089_1.14293
44.971_26.8429_1.0137
45.2458_27.2449_0.884479
45.57_27.6081_0.755253
45.57_27.6081_0.755253
45.9389_27.9298_0.639332
46.3439_28.2155_0.563874
46.7687_28.4774_0.529457
47.2017_28.7267_0.508795
47.6398_28.9671_0.488134
47.6398_28.9671_0.488134
48.0819_29.2006_0.481244
48.5256_29.431_0.474355
48.9709_29.6583_0.467466
49.4167_29.8847_0.474355
49.862_30.112_0.467466
49.862_30.112_0.467466
50.301_30.345_0.529292
50.7288_30.602_0.563709
51.1494_30.8719_0.584371
51.5642_31.1504_0.605033
51.9748_31.4357_0.611922
51.9748_31.4357_0.611922
52.38_31.727_0.646338
52.7768_32.0307_0.667
53.1689_32.3409_0.673889
53.5588_32.6538_0.680779
53.9481_32.9676_0.673889
53.9481_32.9676_0.673889
54.3411_33.255_0.544663
54.7712_33.5011_0.469205
55.2191_33.7192_0.421063
55.6769_33.918_0.386646
56.1404_34.1055_0.379757
56.1404_34.1055_0.379757
56.5846_34.305_0.508983
57.0057_34.559_0.6115
57.4067_34.8526_0.673327
57.7933_35.1683_0.707743
58.1687_35.4971_0.74216
58.1687_35.4971_0.74216
58.5412_35.8107_0.612934
58.9533_36.0828_0.523908
59.3887_36.3251_0.475766
59.8344_36.5508_0.455104
60.2847_36.7674_0.434443
60.2847_36.7674_0.434443
60.7347_36.9534_0.305217
61.2068_37.0826_0.189296
61.6968_37.1661_0.127469
62.1925_37.2238_0.0930526
62.6899_37.2645_0.058636
62.6899_37.2645_0.058636
63.1743_37.3136_0.187862
63.6587_37.4183_0.26332
64.1376_37.5557_0.311462
64.6109_37.7141_0.345879
65.0798_37.8867_0.366541
65.0798_37.8867_0.366541
65.545_38.069_0.387203
66.0076_38.2588_0.394092
66.4688_38.4519_0.400981
66.9286_38.6481_0.40787
67.3871_38.8474_0.414759
67.3871_38.8474_0.414759
67.8451_39.0479_0.40787
68.3045_39.2451_0.400981
68.7644_39.4413_0.40787
69.2238_39.6386_0.400981
69.6837_39.8348_0.40787
69.6837_39.8348_0.40787
70.122_40.0467_0.537096
70.5387_40.3117_0.626122
70.9377_40.6101_0.674264
71.3239_40.9261_0.708681
71.7011_41.2539_0.729342
71.7011_41.2539_0.729342
72.0786_41.5691_0.626825
72.4871_41.8523_0.564999
72.9121_42.1123_0.516857
73.3482_42.3562_0.496195
73.7892_42.591_0.475533
73.7892_42.591_0.475533
74.2342_42.8189_0.468644
74.6808_43.0437_0.461755
75.1104_43.2783_0.577676
75.5211_43.5583_0.639502
75.9216_43.8576_0.646391
75.9216_43.8576_0.646391
