configuration -4.52205276489_51.1520843506_-0.288179288681_0.957576470876_89.803527832_11.5547637939_-0.656431103106_0.754385980036
length 115.29
time 2.90271
roughness 0.000130926
-4.52205_51.1521_-0.58465
-4.10501_50.9008_-0.455424
-3.65463_50.694_-0.379966
-3.18906_50.5167_-0.331823
-2.71553_50.3572_-0.311162
-2.23923_50.2052_-0.304272
-2.23923_50.2052_-0.304272
-1.76393_50.0712_-0.215247
-1.27558_49.9726_-0.167105
-0.782525_49.8952_-0.132688
-0.286804_49.8325_-0.112026
0.210153_49.7778_-0.105137
0.210153_49.7778_-0.105137
0.694622_49.7079_-0.221058
1.17722_49.589_-0.282885
1.65484_49.4442_-0.317301
2.12849_49.285_-0.337963
2.59979_49.1181_-0.344852
2.59979_49.1181_-0.344852
3.07023_48.9623_-0.269394
3.55253_48.8374_-0.221252
4.04077_48.7311_-0.20059
4.53093_48.6327_-0.193701
5.02176_48.5375_-0.186812
5.02176_48.5375_-0.186812
5.5132_48.4505_-0.152395
6.00759_48.378_-0.131733
6.50337_48.3158_-0.111072
7.00037_48.2615_-0.104182
7.49775_48.2107_-0.0972932
7.49775_48.2107_-0.0972932
7.9839_48.184_0.0319329
8.46945_48.2201_0.161159
8.94629_48.3185_0.290385
9.41507_48.4738_0.379411
9.87289_48.6673_0.441237
9.87289_48.6673_0.441237
10.3216_48.8564_0.312011
10.7909_48.9861_0.182785
11.273_49.0542_0.0535588
11.7598_49.0597_-0.0756673
12.2461_49.0041_-0.191588
12.2461_49.0041_-0.191588
12.7318_48.9268_-0.0890714
13.2287_48.8905_-0.0409292
13.7276_48.8758_-0.00651257
14.2272_48.8759_0.0141492
14.7271_48.8842_0.0210384
14.7271_48.8842_0.0210384
15.2139_48.8738_-0.108188
15.6982_48.8024_-0.224109
16.1785_48.6802_-0.299567
16.6536_48.5275_-0.333983
17.1245_48.3604_-0.354645
17.1245_48.3604_-0.354645
17.5879_48.2109_-0.225419
18.0666_48.1222_-0.0961928
18.5528_48.0961_0.0330333
19.0475_48.1248_0.108491
19.5419_48.1867_0.156634
19.5419_48.1867_0.156634
20.0256_48.2422_0.0274075
20.5125_48.2349_-0.101819
20.9971_48.1666_-0.217739
21.4801_48.0493_-0.279566
21.9582_47.9061_-0.313983
21.9582_47.9061_-0.313983
22.4345_47.7598_-0.26584
22.9175_47.6319_-0.245179
23.4031_47.5139_-0.224517
23.8907_47.4037_-0.217628
24.3791_47.2969_-0.210739
24.3791_47.2969_-0.210739
24.8591_47.2153_-0.0815124
25.3457_47.1963_0.0477137
25.8306_47.2401_0.17694
26.3058_47.346_0.306166
26.7721_47.5087_0.395191
26.7721_47.5087_0.395191
27.2131_47.715_0.524417
27.6239_47.9764_0.653644
27.9975_48.2886_0.78287
28.3278_48.6463_0.912096
28.6092_49.0436_1.04132
28.6092_49.0436_1.04132
28.8727_49.4531_0.912096
29.1868_49.8251_0.78287
29.5462_50.1536_0.653644
29.9449_50.433_0.524417
30.3763_50.6587_0.395191
30.3763_50.6587_0.395191
30.8383_50.838_0.319733
31.3137_50.987_0.271591
31.796_51.1154_0.237174
32.2825_51.2294_0.216513
32.771_51.3357_0.209623
32.771_51.3357_0.209623
33.2511_51.4168_0.0803973
33.7377_51.4353_-0.0488288
34.2226_51.3909_-0.178055
34.6977_51.2845_-0.307281
35.1611_51.1199_-0.409798
35.1611_51.1199_-0.409798
35.618_50.9177_-0.43046
36.0719_50.708_-0.437349
36.5243_50.4952_-0.444238
36.9753_50.2793_-0.451127
37.4247_50.0603_-0.458016
37.4247_50.0603_-0.458016
37.8702_49.8637_-0.32879
38.3372_49.7262_-0.199564
38.8181_49.65_-0.0703381
39.2792_49.6361_0.0520867
39.3304_49.6385_0.0384839
39.3304_49.6385_0.0384839
39.8173_49.6366_-0.0907422
40.3053_49.5755_-0.193259
40.7867_49.5023_-0.0640328
41.2734_49.4918_0.0651933
41.7575_49.544_0.194419
41.7575_49.544_0.194419
42.2388_49.6178_0.0651933
42.7255_49.6289_-0.0640328
43.2097_49.5772_-0.193259
43.6831_49.4635_-0.322485
44.138_49.2897_-0.451711
44.138_49.2897_-0.451711
44.5666_49.0588_-0.580937
44.9619_48.7746_-0.710163
45.3173_48.4418_-0.83939
45.6269_48.066_-0.968616
45.8854_47.6534_-1.09784
45.8854_47.6534_-1.09784
46.0887_47.211_-1.22707
46.2332_46.746_-1.35629
46.3165_46.2663_-1.48552
46.3374_45.7799_-1.61475
46.3305_45.6512_-1.64525
46.3305_45.6512_-1.64525
46.3149_45.1646_-1.51603
46.3621_44.68_-1.3868
46.4714_44.2055_-1.25757
46.6409_43.7491_-1.12835
46.8678_43.3183_-0.999121
46.8678_43.3183_-0.999121
47.1484_42.9204_-0.869895
47.4779_42.5619_-0.740669
47.8514_42.2456_-0.624748
48.2605_41.9659_-0.54929
48.6892_41.7102_-0.514873
48.6892_41.7102_-0.514873
49.1237_41.463_-0.521763
49.5566_41.2129_-0.528652
49.9877_40.9597_-0.535541
50.4183_40.7056_-0.528652
50.8494_40.4524_-0.535541
50.8494_40.4524_-0.535541
51.2737_40.1913_-0.583683
51.6888_39.9131_-0.604345
52.0995_39.6281_-0.611234
52.5083_39.3402_-0.618123
52.9151_39.0495_-0.625012
52.9151_39.0495_-0.625012
53.3241_38.7697_-0.549554
53.7531_38.5163_-0.501412
54.1929_38.2792_-0.48075
54.6375_38.0512_-0.460089
55.086_37.8302_-0.453199
55.086_37.8302_-0.453199
55.5337_37.6083_-0.473861
55.9767_37.3773_-0.494523
56.4162_37.139_-0.501412
56.8541_36.8977_-0.508301
57.2914_36.6553_-0.501412
57.2914_36.6553_-0.501412
57.7263_36.4104_-0.535829
58.1542_36.1524_-0.556491
58.5766_35.8855_-0.577152
58.995_35.6118_-0.584042
59.4114_35.3351_-0.590931
59.4114_35.3351_-0.590931
59.8298_35.0667_-0.529104
60.2635_34.8198_-0.494688
60.704_34.5834_-0.487798
61.1462_34.3501_-0.480909
61.59_34.1199_-0.47402
61.59_34.1199_-0.47402
62.0226_33.8816_-0.563045
62.4396_33.609_-0.611187
62.845_33.3179_-0.645604
63.242_33.0145_-0.666266
63.6343_32.7046_-0.673155
63.6343_32.7046_-0.673155
64.0229_32.3904_-0.693817
64.4065_32.0698_-0.700706
64.7879_31.7466_-0.707595
65.1671_31.4207_-0.714484
65.5456_31.094_-0.707595
65.5456_31.094_-0.707595
65.9286_30.7935_-0.578369
66.3472_30.5449_-0.449143
66.796_30.3493_-0.333222
67.2689_30.1964_-0.271396
67.751_30.0705_-0.223254
67.751_30.0705_-0.223254
68.2238_29.944_-0.339174
68.6869_29.7675_-0.414633
69.1413_29.5612_-0.449049
69.59_29.3412_-0.469711
70.034_29.112_-0.490373
70.034_29.112_-0.490373
70.4715_28.8719_-0.524789
70.9022_28.6186_-0.545451
71.329_28.3582_-0.55234
71.754_28.0949_-0.559229
72.1772_27.8287_-0.566119
72.1772_27.8287_-0.566119
72.5887_27.5525_-0.641577
72.983_27.248_-0.689719
73.3663_26.9274_-0.710381
73.7428_26.599_-0.731043
74.1143_26.2643_-0.737932
74.1143_26.2643_-0.737932
74.4834_25.9271_-0.744821
74.8502_25.5874_-0.75171
75.2147_25.2451_-0.758599
75.5783_24.902_-0.75171
75.9428_24.5598_-0.758599
75.9428_24.5598_-0.758599
76.3078_24.2186_-0.737938
76.6798_23.885_-0.717276
77.0573_23.5572_-0.710387
77.4371_23.232_-0.703497
77.8191_22.9095_-0.696608
77.8191_22.9095_-0.696608
78.2054_22.6132_-0.567382
78.6268_22.3691_-0.438156
79.076_22.1814_-0.30893
79.5457_22.0532_-0.179704
80.028_21.9865_-0.0504776
80.028_21.9865_-0.0504776
80.5238_21.9513_-0.112304
81.0191_21.8897_-0.146721
81.5129_21.8132_-0.167383
82.005_21.7266_-0.188044
82.4959_21.632_-0.194934
82.4959_21.632_-0.194934
82.9854_21.5458_-0.133107
83.4808_21.4852_-0.0986903
83.978_21.4417_-0.0642737
84.4648_21.4311_0.0649524
84.9583_21.4756_0.140411
84.9583_21.4756_0.140411
85.4429_21.5232_0.0111845
85.9295_21.508_-0.118042
86.4102_21.4303_-0.247268
86.8768_21.2912_-0.376494
87.3216_21.0932_-0.50572
87.3216_21.0932_-0.50572
87.7371_20.8394_-0.634946
88.1165_20.5343_-0.764172
88.4535_20.1828_-0.893398
88.7423_19.7908_-1.02262
88.9782_19.3649_-1.15185
88.9782_19.3649_-1.15185
89.1572_18.9121_-1.28108
89.2764_18.44_-1.4103
89.3338_17.9566_-1.53953
89.3284_17.4697_-1.66876
89.2603_16.9876_-1.79798
89.2603_16.9876_-1.79798
89.1708_16.509_-1.66876
89.1393_16.0182_-1.56624
89.1518_15.5213_-1.50441
89.1928_15.0248_-1.45627
89.2533_14.5288_-1.43561
89.2533_14.5288_-1.43561
89.324_14.0342_-1.41495
89.405_13.5411_-1.39428
89.4939_13.0491_-1.3874
89.5816_12.5572_-1.40806
89.6615_12.0637_-1.41495
89.6615_12.0637_-1.41495
