configuration 46.8230323792_-26.2805175781_0.619899316938_0.784681360082_54.818611145_35.6322822571_0.774404309534_0.632691050494
length 72.0102
time 1.18291
roughness 0.000216927
46.823_-26.2805_1.33723
46.9399_-25.7944_1.33034
47.06_-25.3091_1.32345
47.1813_-24.8241_1.33034
47.3015_-24.3388_1.32345
47.4228_-23.8537_1.33034
47.4228_-23.8537_1.33034
47.5587_-23.3862_1.20111
47.7537_-22.9401_1.07189
48.0046_-22.5228_0.942661
48.3071_-22.1413_0.813435
48.6563_-21.802_0.684209
48.6563_-21.802_0.684209
49.0202_-21.4785_0.813435
49.3542_-21.1104_0.875262
49.6673_-20.7229_0.923404
49.9589_-20.3203_0.98523
50.1056_-20.103_0.959892
50.1056_-20.103_0.959892
50.3709_-19.6917_1.07581
50.5926_-19.2504_1.16484
50.7982_-18.7979_1.10301
51.0283_-18.355_1.0686
51.268_-17.9162_1.07548
51.268_-17.9162_1.07548
51.481_-17.4784_1.20471
51.481_-17.4784_1.20471
51.6668_-17.0161_1.15657
51.8711_-16.5601_1.13591
52.0847_-16.1084_1.11525
52.3057_-15.66_1.10836
52.5298_-15.213_1.10147
52.5298_-15.213_1.10147
52.7372_-14.7671_1.20398
52.9059_-14.2996_1.26581
53.0503_-13.8219_1.30023
53.1806_-13.3395_1.32089
53.3031_-12.8547_1.32778
53.3031_-12.8547_1.32778
53.4223_-12.3692_1.33467
53.5404_-11.8834_1.32778
53.6596_-11.3978_1.33467
53.7776_-10.912_1.32778
53.8968_-10.4265_1.33467
53.8968_-10.4265_1.33467
53.9931_-9.94653_1.45059
54.0426_-9.45196_1.51241
54.066_-8.95343_1.54683
54.0745_-8.45383_1.56749
54.075_-7.95387_1.57438
54.075_-7.95387_1.57438
54.0526_-7.46749_1.70361
53.9678_-6.98806_1.83283
53.8218_-6.52355_1.96206
53.6172_-6.08173_2.09129
53.3574_-5.66996_2.22051
53.3574_-5.66996_2.22051
53.0796_-5.27013_2.09129
52.8555_-4.83784_1.96206
52.6891_-4.38028_1.83283
52.583_-3.90509_1.70361
52.5391_-3.42019_1.57438
52.5391_-3.42019_1.57438
52.5579_-2.93366_1.44516
52.6394_-2.45363_1.31593
52.782_-1.98809_1.1867
52.9834_-1.54481_1.05748
53.2403_-1.13119_0.928251
53.2403_-1.13119_0.928251
53.5483_-0.754111_0.799025
53.9023_-0.419872_0.669799
54.2965_-0.134044_0.540573
54.7242_0.0986062_0.411347
55.1783_0.274199_0.28212
55.1783_0.274199_0.28212
55.6513_0.389806_0.152894
56.1352_0.4435_0.0236683
56.622_0.434384_-0.105558
57.1036_0.362612_-0.234784
57.5815_0.269514_-0.105558
57.5815_0.269514_-0.105558
58.0674_0.238779_0.0236683
58.5532_0.27092_0.152894
59.0309_0.365399_0.28212
59.4923_0.520642_0.411347
59.93_0.73406_0.540573
59.93_0.73406_0.540573
60.3364_1.00209_0.669799
60.705_1.32027_0.799025
61.0295_1.68329_0.928251
61.3044_2.0851_1.05748
61.5253_2.51899_1.1867
61.5253_2.51899_1.1867
61.6885_2.97773_1.31593
61.7912_3.45367_1.44516
61.841_3.94674_1.52061
61.858_4.44466_1.56876
61.8533_4.94372_1.60317
61.8533_4.94372_1.60317
61.8188_5.43199_1.71909
61.7333_5.92014_1.79455
61.617_6.40549_1.82897
61.4861_6.88771_1.84963
61.3474_7.36804_1.85652
61.3474_7.36804_1.85652
61.1975_7.84195_1.91835
61.0222_8.30922_1.95276
60.8328_8.77158_1.97342
60.6338_9.22994_1.99409
60.4274_9.6853_2.00097
60.4274_9.6853_2.00097
60.2433_10.136_1.87175
60.1161_10.6087_1.75583
60.0347_11.099_1.694
59.9791_11.595_1.65958
59.9382_12.093_1.63892
59.9382_12.093_1.63892
59.8985_12.5905_1.67334
59.8439_13.0872_1.694
59.7814_13.5832_1.70089
59.7154_14.0788_1.70778
59.646_14.5739_1.71467
59.646_14.5739_1.71467
59.5872_15.066_1.63921
59.5588_15.5643_1.60479
59.5452_16.0638_1.58413
59.542_16.5634_1.56347
59.5468_17.0634_1.55658
59.5468_17.0634_1.55658
59.5351_17.5527_1.6725
59.4725_18.0443_1.74796
59.3789_18.5346_1.78238
59.2706_19.0224_1.80304
59.1544_19.5086_1.80993
59.1544_19.5086_1.80993
59.0592_19.9861_1.6807
59.0264_20.4719_1.55148
59.0152_20.9587_1.6807
58.9447_21.4454_1.78322
58.9163_21.5704_1.81723
58.9163_21.5704_1.81723
58.8176_22.0472_1.688
58.8176_22.0472_1.688
58.7743_22.5392_1.59897
58.7683_23.0373_1.55083
58.784_23.5362_1.51642
58.8146_24.0349_1.49575
58.8555_24.5329_1.47509
58.8555_24.5329_1.47509
58.9044_25.0305_1.4682
58.9567_25.5277_1.46131
59.0125_26.0245_1.45442
59.0717_26.521_1.44754
59.1343_27.017_1.44065
59.1343_27.017_1.44065
59.1816_27.5065_1.54316
59.1851_28.0035_1.60499
59.1623_28.5021_1.63941
59.1246_29.0003_1.66007
59.0767_29.4977_1.68073
59.0767_29.4977_1.68073
59.0028_29.979_1.80996
58.8675_30.4467_1.93918
58.6731_30.8931_2.06841
58.4232_31.314_2.18433
58.1278_31.7119_2.25979
58.1278_31.7119_2.25979
57.8091_32.0971_2.26668
57.4877_32.4801_2.27357
57.1654_32.8623_2.26668
56.844_33.2453_2.27357
56.52_33.626_2.28045
56.52_33.626_2.28045
56.1951_34.006_2.27357
55.8729_34.3883_2.26668
55.5769_34.7749_2.13745
55.3331_35.1964_2.00822
55.1293_35.651_1.96008
55.1293_35.651_1.96008
