configuration -17.6504554749_-22.9172973633_0.256229049699_0.256229049699_76.2194671631_43.7661514282_0.386216847154_0.922408015454
length 120.019
time 0.995457
roughness 7.73937e-05
-17.6505_-22.9173_0.150019
-17.1726_-22.8242_0.279245
-16.7106_-22.6703_0.408471
-16.2724_-22.4581_0.537697
-15.8618_-22.1916_0.653618
-15.4761_-21.8805_0.729076
-15.4761_-21.8805_0.729076
-15.1001_-21.5523_0.694659
-14.714_-21.2351_0.673997
-14.3226_-20.9239_0.667108
-13.9292_-20.6155_0.660219
-13.5336_-20.3098_0.65333
-13.5336_-20.3098_0.65333
-13.1359_-20.0068_0.646441
-12.7361_-19.7066_0.639551
-12.3342_-19.4091_0.632662
-11.9317_-19.1126_0.639551
-11.5299_-18.8151_0.632662
-11.5299_-18.8151_0.632662
-11.126_-18.5204_0.625773
-10.7215_-18.2266_0.632662
-10.3176_-17.9319_0.625773
-9.91303_-17.6381_0.632662
-9.50915_-17.3434_0.625773
-9.50915_-17.3434_0.625773
-9.10326_-17.0515_0.618884
-8.69669_-16.7606_0.625773
-8.29079_-16.4687_0.618884
-7.88423_-16.1777_0.625773
-7.47833_-15.8858_0.618884
-7.47833_-15.8858_0.618884
-7.07334_-15.5931_0.639546
-6.67448_-15.2921_0.660207
-6.28028_-14.9846_0.667096
-5.88821_-14.6744_0.673986
-5.49829_-14.3614_0.680875
-5.49829_-14.3614_0.680875
-5.10732_-14.0713_0.551649
-4.68096_-13.8308_0.435728
-4.22659_-13.633_0.36027
-3.75762_-13.4648_0.312128
-3.28105_-13.3147_0.291466
-3.28105_-13.3147_0.291466
-2.80918_-13.1946_0.16224
-2.42787_-13.1453_0.0602192
-2.42787_-13.1453_0.0602192
-1.94354_-13.0954_0.189445
-1.46968_-12.9835_0.318671
-1.01418_-12.8115_0.447898
-0.581385_-12.5829_0.563818
-0.166822_-12.3087_0.625645
-0.166822_-12.3087_0.625645
0.239573_-12.0405_0.496419
0.677135_-11.827_0.367193
1.13857_-11.6716_0.237967
1.61618_-11.577_0.10874
2.102_-11.5447_-0.0204857
2.102_-11.5447_-0.0204857
2.58792_-11.5753_-0.149712
3.06586_-11.6682_-0.278938
3.52783_-11.822_-0.408164
3.96613_-12.034_-0.53739
4.37345_-12.3008_-0.666616
4.37345_-12.3008_-0.666616
4.76852_-12.5853_-0.53739
5.19697_-12.8166_-0.408164
5.65165_-12.9908_-0.278938
6.12499_-13.1049_-0.149712
6.60907_-13.157_-0.0204857
6.60907_-13.157_-0.0204857
7.09585_-13.1464_0.10874
7.57719_-13.0731_0.237967
8.04507_-12.9383_0.367193
8.49169_-12.7445_0.496419
8.90959_-12.4946_0.625645
8.90959_-12.4946_0.625645
9.29182_-12.193_0.754871
9.63843_-11.8441_0.857388
9.95591_-11.4617_0.919214
10.254_-11.0614_0.953631
10.5404_-10.6519_0.974293
10.5404_-10.6519_0.974293
10.8268_-10.2443_0.926151
11.1313_-9.84884_0.891734
11.4478_-9.46219_0.871072
11.7706_-9.08045_0.864183
12.0961_-8.70094_0.857294
12.0961_-8.70094_0.857294
12.429_-8.3319_0.795467
12.7824_-7.97948_0.761051
13.1466_-7.63737_0.740389
13.5165_-7.30096_0.7335
13.8886_-6.9671_0.72661
13.8886_-6.9671_0.72661
14.2598_-6.63258_0.747272
14.624_-6.29047_0.767934
14.9828_-5.94235_0.774823
15.3393_-5.59176_0.781712
15.6933_-5.23872_0.788602
15.6933_-5.23872_0.788602
16.043_-4.88186_0.809263
16.3872_-4.5192_0.816153
16.7288_-4.15418_0.823042
17.068_-3.78682_0.829931
17.4046_-3.41713_0.83682
17.4046_-3.41713_0.83682
17.7442_-3.0526_0.788678
18.0999_-2.70259_0.754261
18.4664_-2.36296_0.7336
18.8386_-2.02906_0.72671
19.213_-1.69774_0.719821
19.213_-1.69774_0.719821
19.5845_-1.36444_0.754238
19.948_-1.02126_0.761127
20.3092_-0.675585_0.768016
20.6681_-0.327431_0.774905
21.0245_0.023187_0.781795
21.0245_0.023187_0.781795
21.3836_0.368494_0.733653
21.7581_0.698404_0.699236
22.1415_1.01932_0.692347
22.5271_1.33758_0.685457
22.9148_1.65318_0.678568
22.9148_1.65318_0.678568
23.3047_1.96611_0.671679
23.6968_2.27633_0.66479
24.0896_2.58566_0.671679
24.4817_2.89589_0.66479
24.8745_3.20522_0.671679
24.8745_3.20522_0.671679
25.2651_3.51724_0.678568
25.6536_3.83195_0.685457
26.0399_4.14933_0.692347
26.4255_4.46759_0.685457
26.8118_4.78497_0.692347
26.8118_4.78497_0.692347
27.1901_5.1091_0.740489
27.5566_5.44873_0.761151
27.916_5.79587_0.781812
28.27_6.14894_0.788702
28.6216_6.50444_0.795591
28.6216_6.50444_0.795591
28.9473_6.86634_0.924817
29.2236_7.2672_1.05404
29.452_7.70276_1.15656
29.6427_8.16177_1.21839
29.8071_8.63205_1.26653
29.8071_8.63205_1.26653
29.9726_9.08998_1.1373
30.1956_9.52277_1.00808
30.4704_9.93519_0.932618
30.7736_10.3305_0.884476
31.0942_10.713_0.850059
31.0942_10.713_0.850059
31.4193_11.0917_0.884476
31.7333_11.4804_0.905138
32.0391_11.8755_0.925799
32.3388_12.2757_0.932689
32.6357_12.678_0.939578
32.6357_12.678_0.939578
32.9394_13.0585_0.810352
33.2902_13.4061_0.721326
33.6695_13.7291_0.673184
34.0623_14.038_0.652522
34.4614_14.3386_0.631861
34.4614_14.3386_0.631861
34.8607_14.638_0.666277
35.2514_14.9495_0.686939
35.6372_15.2675_0.693828
36.0209_15.5881_0.700717
36.4023_15.9113_0.707607
36.4023_15.9113_0.707607
36.7798_16.2387_0.728268
37.1504_16.5738_0.74893
37.5158_16.9151_0.755819
37.8788_17.2588_0.762709
38.2395_17.6051_0.769598
38.2395_17.6051_0.769598
38.6041_17.9381_0.680572
38.9963_18.2454_0.63243
39.4022_18.5357_0.598014
39.8171_18.8142_0.577352
40.2366_19.0861_0.570463
40.2366_19.0861_0.570463
40.6349_19.3662_0.699689
40.9971_19.6955_0.81561
41.3303_20.0643_0.877436
41.6448_20.4518_0.911853
41.948_20.8489_0.932515
41.948_20.8489_0.932515
42.2213_21.2519_1.06174
42.4404_21.6867_1.19097
42.6016_22.1462_1.32019
42.7022_22.6225_1.44942
42.7406_23.1079_1.57865
42.7406_23.1079_1.57865
42.7574_23.5945_1.44942
42.8368_24.0749_1.32019
42.9774_24.541_1.19097
43.177_24.9852_1.06174
43.4321_25.3999_0.932515
43.4321_25.3999_0.932515
43.7385_25.7783_0.803288
44.0911_26.114_0.674062
44.4857_26.4162_0.612236
44.8974_26.6983_0.577819
45.3178_26.9684_0.557157
45.3178_26.9684_0.557157
45.7437_27.2296_0.536496
46.1749_27.4821_0.515834
46.6104_27.7277_0.508945
47.0476_27.9703_0.502055
47.4864_28.2099_0.495166
47.4864_28.2099_0.495166
47.9244_28.4503_0.515828
48.3587_28.6979_0.522717
48.7914_28.9485_0.529606
49.2223_29.2021_0.536496
49.6514_29.4586_0.543385
49.6514_29.4586_0.543385
50.0737_29.723_0.591527
50.4865_30.0045_0.612189
50.8934_30.2945_0.63285
51.2959_30.5911_0.63974
51.6963_30.8905_0.646629
51.6963_30.8905_0.646629
52.0721_31.2_0.775855
52.4049_31.5554_0.905081
52.7216_31.9253_0.775855
53.0833_32.2512_0.646629
53.484_32.5278_0.517403
53.484_32.5278_0.517403
53.9199_32.772_0.496741
54.3608_33.0071_0.476079
54.8057_33.2352_0.46919
55.2522_33.4602_0.462301
55.7002_33.6822_0.455412
55.7002_33.6822_0.455412
56.1489_33.8834_0.352895
56.6187_34.0456_0.291068
57.0984_34.1833_0.256652
57.5826_34.3069_0.23599
58.0692_34.4203_0.215328
58.0692_34.4203_0.215328
58.5555_34.5325_0.249745
59.0388_34.6594_0.270407
59.5194_34.7962_0.291068
59.998_34.9407_0.297958
60.4756_35.0886_0.304847
60.4756_35.0886_0.304847
60.9529_35.2376_0.297958
61.4311_35.3833_0.291068
61.9104_35.5256_0.284179
62.39_35.6669_0.291068
62.8693_35.8093_0.284179
62.8693_35.8093_0.284179
63.3335_35.9643_0.4001
63.7872_36.1673_0.461926
64.2314_36.3948_0.496343
64.6692_36.6358_0.517005
65.1018_36.8858_0.537667
65.1018_36.8858_0.537667
65.5307_37.1428_0.544556
65.9577_37.4028_0.551445
66.383_37.6657_0.558334
66.8076_37.9296_0.551445
67.2329_38.1925_0.558334
67.2329_38.1925_0.558334
67.6585_38.4543_0.537672
68.0894_38.7072_0.517011
68.5246_38.9534_0.510121
68.9614_39.1965_0.503232
69.4_39.4366_0.496343
69.4_39.4366_0.496343
69.8361_39.6793_0.53076
70.2652_39.9352_0.551421
70.6905_40.1981_0.558311
71.1139_40.4639_0.5652
71.5355_40.7326_0.572089
71.5355_40.7326_0.572089
71.9553_41.0043_0.578978
72.3744_41.2769_0.572089
72.7941_41.5485_0.578978
73.2132_41.8211_0.572089
73.6329_42.0928_0.578978
73.6329_42.0928_0.578978
74.0521_42.3654_0.572089
74.4718_42.637_0.578978
74.8909_42.9096_0.572089
75.298_43.1891_0.661115
75.6884_43.5_0.695531
75.6884_43.5_0.695531
