configuration 72.6459350586_2.13817882538_-0.994211695618_0.107438839792_19.5581073761_50.1696281433_0.955633460234_0.294558465643
length 87.9499
time 4.58401
roughness 0.000198804
72.6459_2.13818_-2.9263
72.1663_2.05441_-3.05553
71.6799_2.03315_-3.18475
71.1948_2.07476_-3.31398
70.7191_2.17853_-3.4432
70.2607_2.34274_-3.57243
70.2607_2.34274_-3.57243
69.8047_2.54353_-3.52429
69.3458_2.70604_-3.39506
68.8697_2.80805_-3.26584
68.3844_2.84786_-3.13661
68.3844_2.84786_-3.13661
67.8909_2.83085_-3.04758
67.3971_2.77404_-2.98576
66.9032_2.70224_-3.02017
66.4068_2.64282_-3.02706
65.9102_2.58455_-3.02017
65.9102_2.58455_-3.02017
65.4299_2.50515_-2.89095
64.9637_2.3645_-2.76172
64.9637_2.3645_-2.76172
64.5043_2.20329_-2.89095
64.0279_2.10262_-3.02017
63.5426_2.06419_-3.1494
63.0563_2.08862_-3.27863
62.5772_2.17551_-3.40785
62.5772_2.17551_-3.40785
62.1133_2.32341_-3.53708
61.6724_2.52986_-3.6663
61.2617_2.79142_-3.79553
60.8882_3.10371_-3.92476
60.558_3.46154_-4.05398
60.558_3.46154_-4.05398
60.2767_3.85893_-4.18321
60.0489_4.28927_-4.31244
59.8785_4.74536_-4.44166
59.7683_5.21961_-4.57089
59.7201_5.70412_-4.70011
59.7201_5.70412_-4.70011
59.7197_6.2032_-4.73453
59.7342_6.70266_-4.75519
59.759_7.20171_-4.77585
59.7919_7.7006_-4.78274
59.8282_8.19924_-4.78963
59.8282_8.19924_-4.78963
59.8451_8.68583_-4.66041
59.7993_9.17056_-4.53118
59.6913_9.64533_-4.40195
59.523_10.1022_-4.27273
59.2973_10.5336_-4.1435
59.2973_10.5336_-4.1435
59.0179_10.9324_-4.01428
58.6894_11.2917_-3.88505
58.3163_11.6122_-3.78253
57.9123_11.9036_-3.73439
57.4952_12.1777_-3.69997
57.4952_12.1777_-3.69997
57.0695_12.424_-3.59746
56.6187_12.6362_-3.54932
56.1583_12.8288_-3.5149
55.6918_13.0078_-3.49424
55.2222_13.1794_-3.48735
55.2222_13.1794_-3.48735
54.7514_13.3478_-3.48046
54.2795_13.5129_-3.47357
53.8065_13.6747_-3.46668
53.3331_13.8355_-3.47357
52.86_13.9974_-3.46668
52.86_13.9974_-3.46668
52.3866_14.1439_-3.39122
51.9019_14.2592_-3.34308
51.4117_14.3558_-3.32242
50.9196_14.4423_-3.30176
50.4258_14.5209_-3.29487
50.4258_14.5209_-3.29487
49.9363_14.6068_-3.35669
49.4513_14.721_-3.40484
48.9698_14.8543_-3.4255
48.4901_14.9954_-3.43239
48.0115_15.1399_-3.43928
48.0115_15.1399_-3.43928
47.5525_15.3023_-3.5685
47.115_15.5218_-3.68442
46.6948_15.7873_-3.74625
46.2874_16.0757_-3.78067
45.8884_16.3764_-3.80133
45.8884_16.3764_-3.80133
45.4914_16.6583_-3.6721
45.0614_16.8866_-3.54288
44.6038_17.0605_-3.42695
44.1249_17.1881_-3.3515
43.6361_17.2841_-3.30335
43.6361_17.2841_-3.30335
43.4839_17.3068_-3.26255
43.4839_17.3068_-3.26255
42.9985_17.345_-3.13332
42.5123_17.3203_-3.00409
42.0332_17.2332_-2.87487
41.5532_17.1172_-2.96389
41.061_17.0346_-2.99831
41.061_17.0346_-2.99831
40.567_16.9598_-2.97765
40.0904_16.8601_-2.84842
39.6307_16.6997_-2.7192
39.1954_16.4815_-2.58997
39.1954_16.4815_-2.58997
38.7703_16.2441_-2.7192
38.3182_16.0635_-2.84842
37.8465_15.9427_-2.97765
37.3632_15.8837_-3.10687
36.8763_15.8874_-3.2361
36.8763_15.8874_-3.2361
36.394_15.9539_-3.36533
35.9243_16.0819_-3.49455
35.4749_16.2694_-3.62378
35.0443_16.5112_-3.7128
34.6296_16.7872_-3.76095
34.6296_16.7872_-3.76095
34.2205_17.056_-3.64503
33.7844_17.2726_-3.5158
33.3241_17.4312_-3.38657
32.8471_17.5292_-3.25735
32.8471_17.5292_-3.25735
32.3663_17.6058_-3.38657
31.8994_17.7438_-3.5158
31.4542_17.9409_-3.64503
31.038_18.1936_-3.77425
30.6579_18.4979_-3.90348
30.6579_18.4979_-3.90348
30.2917_18.8188_-3.77425
29.8872_19.0897_-3.64503
29.4478_19.3151_-3.556
28.9888_19.5059_-3.49417
28.5186_19.6704_-3.44603
28.5186_19.6704_-3.44603
28.0463_19.7992_-3.33011
27.5604_19.875_-3.22759
27.0644_19.9075_-3.16577
26.5654_19.9139_-3.13135
26.5654_19.9139_-3.13135
26.0788_19.9295_-3.26058
25.5982_20.0077_-3.3898
25.1317_20.1473_-3.51903
24.6871_20.3457_-3.64825
24.2718_20.5998_-3.77748
24.2718_20.5998_-3.77748
23.8927_20.9053_-3.90671
23.5561_21.2571_-4.03593
23.2676_21.6494_-4.16516
23.0321_22.0755_-4.29439
22.8506_22.5301_-4.41031
22.8506_22.5301_-4.41031
22.7256_23.0007_-4.53953
22.6623_23.4834_-4.66876
22.6596_23.9729_-4.78468
22.7057_24.4678_-4.84651
22.7781_24.9616_-4.88092
22.7781_24.9616_-4.88092
22.8538_25.454_-4.83278
22.908_25.9502_-4.79836
22.9475_26.4483_-4.7777
22.9767_26.9471_-4.75704
22.9978_27.4466_-4.75015
22.9978_27.4466_-4.75015
23.0087_27.9447_-4.70201
23_28.4443_-4.68135
22.9811_28.9436_-4.66069
22.9541_29.4428_-4.6538
22.9237_29.9419_-4.64691
22.9237_29.9419_-4.64691
22.8991_30.4395_-4.69505
22.8938_30.9391_-4.71571
22.8966_31.4391_-4.7226
22.9029_31.939_-4.72949
22.9126_32.4389_-4.73638
22.9126_32.4389_-4.73638
22.9099_32.9327_-4.64735
22.8674_33.4279_-4.58553
22.7986_33.9222_-4.55111
22.715_34.4148_-4.53045
22.6234_34.9063_-4.52356
22.6234_34.9063_-4.52356
22.5401_35.3964_-4.58539
22.4826_35.8921_-4.6198
22.4398_36.39_-4.64046
22.4073_36.8886_-4.66113
22.3829_37.3879_-4.66801
22.3829_37.3879_-4.66801
22.3407_37.873_-4.53879
22.2429_38.3588_-4.46333
22.1124_38.8396_-4.41519
21.9608_39.3151_-4.38077
21.7948_39.7864_-4.36011
21.7948_39.7864_-4.36011
21.6463_40.2501_-4.48934
21.5589_40.7291_-4.61856
21.5248_41.2235_-4.69402
21.5236_41.7217_-4.74216
21.5419_42.2211_-4.76282
21.5419_42.2211_-4.76282
21.5458_42.7079_-4.6336
21.487_43.1913_-4.50437
21.3708_43.6712_-4.41535
21.2156_44.1434_-4.35352
21.035_44.6087_-4.3191
21.035_44.6087_-4.3191
20.854_45.0716_-4.38093
20.697_45.5453_-4.41535
20.554_46.0241_-4.43601
20.421_46.5057_-4.45667
20.2956_46.9897_-4.46356
20.2956_46.9897_-4.46356
20.1831_47.4739_-4.52539
20.096_47.9653_-4.5598
20.0258_48.4594_-4.59422
19.9703_48.956_-4.61488
19.9228_49.4537_-4.62177
19.9228_49.4537_-4.62177
