configuration -4.52205276489_51.1520843506_-0.288179288681_0.957576470876_89.803527832_11.5547637939_-0.656431103106_0.754385980036
length 114.124
time 3.68111
roughness 0.000127032
-4.52205_51.1521_-0.58465
-4.10501_50.9008_-0.455424
-3.65752_50.7024_-0.339503
-3.18625_50.5491_-0.264045
-2.703_50.4244_-0.229628
-2.21567_50.314_-0.208966
-2.21567_50.314_-0.208966
-1.7314_50.2284_-0.10645
-1.23523_50.1834_-0.0583075
-0.73669_50.16_-0.0238908
-0.237092_50.1515_-0.00322906
0.262871_50.151_0.00366016
0.262871_50.151_0.00366016
0.761899_50.1586_0.0380768
1.26106_50.181_0.0587385
1.7601_50.2115_0.0656278
2.25891_50.2455_0.072517
2.75747_50.2828_0.0794062
2.75747_50.2828_0.0794062
3.24403_50.3008_-0.0498199
3.73162_50.2578_-0.165741
4.22006_50.1658_-0.227567
4.70495_50.0476_-0.261984
5.18667_49.9149_-0.282646
5.18667_49.9149_-0.282646
5.6616_49.7964_-0.166725
6.15334_49.724_-0.104898
6.65024_49.6774_-0.0704817
7.1489_49.6457_-0.0498199
7.64811_49.6242_-0.0291582
7.64811_49.6242_-0.0291582
8.14712_49.6154_0.00525846
8.64675_49.6215_0.0259202
9.14652_49.6356_0.0328094
9.64617_49.6531_0.0396986
10.1457_49.6741_0.0465878
10.1457_49.6741_0.0465878
10.6375_49.6804_-0.0559289
11.133_49.6424_-0.117755
11.628_49.5781_-0.152172
12.1213_49.499_-0.172834
12.6136_49.4118_-0.179723
12.6136_49.4118_-0.179723
13.1019_49.3379_-0.0906976
13.5987_49.3007_-0.0425555
14.0981_49.2829_-0.0218938
14.5977_49.2754_-0.00123201
15.0977_49.276_0.00565721
15.0977_49.276_0.00565721
15.5976_49.2776_-0.00123201
16.0976_49.2759_-0.00812122
16.5975_49.2707_-0.0150104
17.0974_49.2643_-0.00812122
17.5974_49.2591_-0.0150104
17.5974_49.2591_-0.0150104
18.0835_49.2312_-0.144237
18.5648_49.1424_-0.260157
19.0424_49.0047_-0.321984
19.514_48.8413_-0.356401
19.9811_48.6638_-0.377062
19.9811_48.6638_-0.377062
20.4472_48.4854_-0.342646
20.9189_48.3207_-0.321984
21.394_48.1659_-0.301322
21.8718_48.0186_-0.294433
22.3506_47.8746_-0.287544
22.3506_47.8746_-0.287544
22.8275_47.7276_-0.32196
23.3004_47.5662_-0.342622
23.7709_47.3972_-0.349511
24.2403_47.2249_-0.356401
24.7084_47.0494_-0.36329
24.7084_47.0494_-0.36329
25.1704_46.8958_-0.234064
25.6484_46.803_-0.104837
26.1344_46.7727_0.0243886
26.6202_46.8051_0.153615
27.0977_46.9_0.282841
27.0977_46.9_0.282841
27.5591_47.0555_0.412067
27.9966_47.2693_0.541293
28.4028_47.5376_0.670519
28.7712_47.8561_0.799745
29.0954_48.2193_0.928971
29.0954_48.2193_0.928971
29.4031_48.5966_0.799745
29.7569_48.9311_0.670519
30.1509_49.2172_0.541293
30.5784_49.4502_0.412067
31.0324_49.6261_0.282841
31.0324_49.6261_0.282841
31.5053_49.742_0.153615
31.9892_49.7961_0.0243886
32.476_49.7873_-0.104837
32.9654_49.7212_-0.193863
33.4526_49.6174_-0.242005
33.4526_49.6174_-0.242005
33.9385_49.5034_-0.207588
34.4282_49.4037_-0.186927
34.9196_49.312_-0.180037
35.4117_49.2236_-0.173148
35.9044_49.1386_-0.166259
35.9044_49.1386_-0.166259
36.3973_49.0547_-0.173148
36.8896_48.9674_-0.180037
37.3812_48.8768_-0.186927
37.8723_48.7827_-0.193816
38.3627_48.6853_-0.200705
38.3627_48.6853_-0.200705
38.8435_48.6085_-0.071479
39.3369_48.5878_0.0175465
39.8335_48.6067_0.079373
40.3306_48.652_0.11379
40.8266_48.7121_0.134451
40.8266_48.7121_0.134451
41.3114_48.7569_0.00522526
41.798_48.7388_-0.124001
42.2781_48.6582_-0.253227
42.7439_48.5163_-0.382453
43.1875_48.3156_-0.511679
43.1875_48.3156_-0.511679
43.6016_48.0595_-0.640905
43.9792_47.7521_-0.770131
44.314_47.3986_-0.899358
44.6004_47.0049_-1.02858
44.8338_46.5775_-1.15781
44.8338_46.5775_-1.15781
45.0479_46.1403_-1.02858
45.3166_45.7342_-0.899358
45.6354_45.3662_-0.770131
45.999_45.0423_-0.640905
46.4012_44.768_-0.511679
46.4012_44.768_-0.511679
46.8153_44.5118_-0.640905
47.1928_44.2044_-0.770131
47.1928_44.2044_-0.770131
47.5525_43.8572_-0.763242
47.9146_43.5124_-0.756353
48.2543_43.1635_-0.885579
48.5461_42.7738_-1.01481
48.7853_42.3498_-1.14403
48.7853_42.3498_-1.14403
49.0055_41.9155_-1.01481
49.2798_41.5132_-0.885579
49.6036_41.1496_-0.756353
49.9716_40.8308_-0.627127
50.38_40.5501_-0.551669
50.38_40.5501_-0.551669
50.8051_40.3127_-0.422443
51.2613_40.1236_-0.333417
51.7346_39.9681_-0.285275
52.2151_39.8331_-0.250858
52.7_39.7124_-0.230197
52.7_39.7124_-0.230197
53.1689_39.5814_-0.359423
53.6283_39.3955_-0.434881
54.0767_39.1784_-0.483023
54.5176_38.9433_-0.503685
54.9549_38.701_-0.510574
54.9549_38.701_-0.510574
55.3917_38.4576_-0.503685
55.8301_38.2173_-0.496796
56.2691_37.978_-0.503685
56.7075_37.7377_-0.496796
57.1465_37.4984_-0.503685
57.1465_37.4984_-0.503685
57.5744_37.2485_-0.579143
57.9869_36.9691_-0.627285
58.3894_36.6731_-0.647947
58.7874_36.3704_-0.654836
59.1832_36.065_-0.661725
59.1832_36.065_-0.661725
59.5815_35.7677_-0.599899
59.9967_35.4907_-0.565482
60.4204_35.2259_-0.54482
60.8495_34.9699_-0.524159
61.2829_34.7206_-0.517269
61.2829_34.7206_-0.517269
61.718_34.4744_-0.51038
62.1537_34.2291_-0.517269
62.5888_33.9829_-0.51038
63.0245_33.7377_-0.517269
63.4597_33.4914_-0.51038
63.4597_33.4914_-0.51038
63.8833_33.2376_-0.599406
64.2901_32.95_-0.647548
64.6865_32.6458_-0.66821
65.0782_32.3352_-0.675099
65.4678_32.0218_-0.681988
65.4678_32.0218_-0.681988
65.8552_31.7058_-0.688877
66.2404_31.3871_-0.695766
66.6234_31.0657_-0.702656
67.0057_30.7435_-0.695766
67.3887_30.4222_-0.702656
67.3887_30.4222_-0.702656
67.7733_30.104_-0.668239
68.1676_29.7971_-0.647577
68.5682_29.4985_-0.626915
68.9737_29.2061_-0.620026
69.3813_28.9165_-0.613137
69.3813_28.9165_-0.613137
69.7909_28.6297_-0.606248
70.2024_28.3458_-0.599359
70.6158_28.0647_-0.592469
71.0299_27.7846_-0.599359
71.4434_27.5035_-0.592469
71.4434_27.5035_-0.592469
71.8606_27.2296_-0.558053
72.2863_26.9679_-0.537391
72.7164_26.713_-0.530502
73.1482_26.461_-0.523613
73.5817_26.212_-0.516723
73.5817_26.212_-0.516723
74.0009_25.9547_-0.61924
74.4019_25.6591_-0.667382
74.7903_25.3457_-0.701799
75.1697_25.0205_-0.722461
75.544_24.6891_-0.72935
75.544_24.6891_-0.72935
75.9204_24.3803_-0.600124
76.3335_24.1226_-0.470898
76.781_23.9062_-0.409071
77.2412_23.7154_-0.360929
77.7091_23.552_-0.285471
77.7091_23.552_-0.285471
78.1701_23.3953_-0.414697
78.607_23.1804_-0.543923
79.0158_22.9113_-0.659844
79.4022_22.5986_-0.72167
79.7709_22.2635_-0.769813
79.7709_22.2635_-0.769813
80.1346_21.9398_-0.640586
80.5369_21.6656_-0.51136
80.9712_21.4455_-0.382134
81.4303_21.2833_-0.252908
81.9064_21.1815_-0.123682
81.9064_21.1815_-0.123682
82.3962_21.1374_-0.0211651
82.8918_21.1393_0.054293
83.3875_21.1765_0.11612
83.8682_21.2533_0.245346
84.3351_21.3915_0.374572
84.3351_21.3915_0.374572
84.7954_21.5503_0.245346
85.2723_21.6484_0.11612
85.7579_21.6843_-0.0131066
86.244_21.6573_-0.142333
86.7226_21.5678_-0.271559
86.7226_21.5678_-0.271559
87.1857_21.4175_-0.400785
87.6256_21.2087_-0.530011
88.0348_20.945_-0.659237
88.4067_20.6307_-0.788463
88.735_20.2711_-0.917689
88.735_20.2711_-0.917689
89.0142_19.8722_-1.04692
89.2397_19.4407_-1.17614
89.4077_18.9837_-1.30537
89.5231_18.5036_-1.39439
89.6003_18.0126_-1.45622
89.6003_18.0126_-1.45622
89.6354_17.5269_-1.58545
89.6076_17.0408_-1.71467
89.5175_16.5624_-1.8439
89.3664_16.0995_-1.97312
89.1569_15.66_-2.10235
89.1569_15.66_-2.10235
88.9165_15.2266_-2.02689
88.7043_14.7759_-1.97875
88.5165_14.3157_-1.91692
88.3832_13.9202_-1.85338
88.3832_13.9202_-1.85338
88.2674_13.4473_-1.72415
88.2135_12.9634_-1.59493
88.2223_12.4766_-1.4657
88.2905_11.9895_-1.36318
88.4047_11.5073_-1.28773
88.4047_11.5073_-1.28773
