configuration -3.08480739594_22.5642471313_-0.424155304833_0.905589464041_28.1138801575_4.40596151352_-0.254607913402_0.967044368389
length 40.2964
time 0.666744
roughness 0.000364471
-3.08481_22.5642_-0.876058
-2.75754_22.2038_-0.746832
-2.38554_21.8821_-0.644315
-1.9821_21.5917_-0.582488
-1.5622_21.322_-0.548072
-1.13487_21.0625_-0.541183
-1.13487_21.0625_-0.541183
-0.7073_20.8296_-0.411956
-0.253282_20.6537_-0.28273
0.219614_20.5378_-0.153504
0.703501_20.4838_-0.0242781
0.992728_20.4779_-0.012316
0.992728_20.4779_-0.012316
1.49167_20.4661_-0.0467327
1.99094_20.4462_-0.0260709
1.99094_20.4462_-0.0260709
2.49052_20.4366_-0.00540916
2.99048_20.435_0.00148005
3.49044_20.4369_0.00836927
3.99038_20.4422_0.0152585
4.49027_20.451_0.0221477
4.49027_20.451_0.0221477
4.9873_20.4518_-0.0396788
5.47255_20.4119_-0.168905
5.94862_20.3098_-0.298131
6.40755_20.1472_-0.427357
6.40755_20.1472_-0.427357
6.86355_19.9531_-0.351899
7.334_19.7865_-0.317482
7.80976_19.6338_-0.296821
8.28857_19.4909_-0.276159
8.7699_19.3557_-0.26927
8.7699_19.3557_-0.26927
9.25077_19.2359_-0.193812
9.74113_19.1477_-0.145669
10.236_19.0786_-0.125008
10.7322_19.0197_-0.104346
11.2295_18.9688_-0.0974567
11.2295_18.9688_-0.0974567
11.7117_18.9009_-0.226683
12.181_18.7715_-0.355909
12.6298_18.5827_-0.485135
12.6298_18.5827_-0.485135
13.0698_18.3741_-0.355909
13.5329_18.2239_-0.226683
14.0116_18.1347_-0.0974567
14.4977_18.1079_0.0317695
14.4977_18.1079_0.0317695
14.9975_18.1226_0.0248802
15.4971_18.1316_0.00421849
15.9961_18.128_-0.0301982
16.3117_18.118_-0.0345492
16.3117_18.118_-0.0345492
16.7986_18.1218_0.0946769
17.2809_18.1883_0.223903
17.7598_18.2762_0.0946769
18.2461_18.3017_-0.0345492
18.7408_18.2722_-0.110007
18.7408_18.2722_-0.110007
19.222_18.1983_-0.239234
19.6897_18.0629_-0.36846
20.1361_17.8685_-0.497686
20.5537_17.6181_-0.626912
20.9355_17.316_-0.756138
20.9355_17.316_-0.756138
21.2753_16.9673_-0.885364
21.5672_16.5776_-1.01459
21.8126_16.1514_-1.11711
22.0212_15.7003_-1.17893
22.2065_15.2369_-1.21335
22.2065_15.2369_-1.21335
22.3915_14.7771_-1.13789
22.6077_14.3283_-1.08975
22.8419_13.8869_-1.06909
23.0852_13.4505_-1.04843
23.3357_13.0178_-1.04154
23.3357_13.0178_-1.04154
23.5871_12.5856_-1.04843
23.8376_12.1529_-1.04154
24.089_11.7208_-1.04843
24.3395_11.288_-1.04154
24.5909_10.8559_-1.04843
24.5909_10.8559_-1.04843
24.6694_10.7236_-1.00762
24.6694_10.7236_-1.00762
24.931_10.2986_-1.04203
25.1801_9.86542_-1.0627
25.4224_9.42806_-1.06959
25.6616_8.98904_-1.07647
25.8978_8.54839_-1.08336
25.8978_8.54839_-1.08336
26.1329_8.10719_-1.07647
26.3691_7.66653_-1.08336
26.6043_7.22533_-1.07647
26.8405_6.78468_-1.08336
27.0757_6.34348_-1.07647
27.0757_6.34348_-1.07647
27.3246_5.92505_-0.947249
27.6254_5.54219_-0.818023
27.973_5.20128_-0.688797
28.3355_4.87616_-0.818023
28.653_4.50704_-0.947249
28.653_4.50704_-0.947249
