configuration -4.52205276489_51.1520843506_-0.288179288681_0.957576470876_89.803527832_11.5547637939_-0.656431103106_0.754385980036
length 112.392
time 3.27296
roughness 0.000130137
-4.52205_51.1521_-0.58465
-4.10501_50.9008_-0.455424
-3.65906_50.7054_-0.326198
-3.19165_50.569_-0.196971
-2.71056_50.4941_-0.0677454
-2.21905_50.4774_0.0347714
-2.21905_50.4774_0.0347714
-1.7201_50.489_0.000354777
-1.22044_50.4858_-0.020307
-0.720603_50.4745_-0.0271962
-0.220857_50.4597_-0.0340854
0.278776_50.4416_-0.0409746
0.278776_50.4416_-0.0409746
0.777874_50.4176_-0.0616364
1.27682_50.3857_-0.0685256
1.77553_50.3503_-0.0754148
2.27398_50.3115_-0.082304
2.77216_50.2693_-0.0891932
2.77216_50.2693_-0.0891932
3.26252_50.2108_-0.178219
3.75135_50.1146_-0.226361
4.23639_49.9971_-0.260777
4.71827_49.8649_-0.281439
5.19824_49.725_-0.288328
5.19824_49.725_-0.288328
5.67825_49.5862_-0.267667
6.16103_49.4573_-0.247005
6.6461_49.3362_-0.240116
7.13199_49.2184_-0.233226
7.61868_49.104_-0.226337
7.61868_49.104_-0.226337
8.10233_48.9844_-0.274479
8.58115_48.8437_-0.308896
9.05611_48.6885_-0.329558
9.5288_48.5256_-0.336447
10.0003_48.3595_-0.343336
10.0003_48.3595_-0.343336
10.4654_48.2151_-0.21411
10.9451_48.1319_-0.084884
11.4315_48.1113_0.0443422
11.9259_48.1456_0.1198
12.4195_48.2131_0.167942
12.4195_48.2131_0.167942
12.9026_48.274_0.0387163
13.3895_48.2722_-0.0905098
13.8798_48.2131_-0.179535
14.3685_48.1163_-0.227677
14.8534_47.9981_-0.262094
14.8534_47.9981_-0.262094
15.3285_47.892_-0.132868
15.8134_47.848_-0.00364174
16.3_47.8669_0.125584
16.78_47.9483_0.25481
17.2456_48.0909_0.384037
17.2456_48.0909_0.384037
17.7087_48.2623_0.295011
18.1871_48.397_0.233185
18.674_48.5068_0.198768
19.1643_48.6044_0.191879
19.6553_48.6986_0.18499
19.6553_48.6986_0.18499
20.147_48.7894_0.1781
20.6392_48.8769_0.171211
21.1321_48.9609_0.164322
21.6255_49.0416_0.157433
22.1191_49.1211_0.164322
22.1191_49.1211_0.164322
22.6024_49.1803_0.0350958
23.0892_49.1768_-0.0941303
23.5793_49.1159_-0.183156
24.0677_49.0173_-0.231298
24.5521_48.8974_-0.265714
24.5521_48.8974_-0.265714
25.0269_48.7895_-0.136488
25.5116_48.7438_-0.00726224
25.9982_48.7609_0.121964
26.4786_48.8405_0.25119
26.7499_48.9173_0.326005
26.7499_48.9173_0.326005
27.2041_49.0927_0.455231
27.632_49.3251_0.584457
28.0263_49.6107_0.713683
28.3805_49.9447_0.84291
28.6888_50.3216_0.972136
28.6888_50.3216_0.972136
28.98_50.7119_0.84291
29.319_51.0613_0.713683
29.7002_51.3641_0.584457
30.1173_51.6153_0.455231
30.5633_51.8107_0.326005
30.5633_51.8107_0.326005
31.0307_51.9469_0.196779
31.5118_52.0218_0.0675529
31.9986_52.0341_-0.0616732
32.4828_51.9835_-0.190899
32.9565_51.8709_-0.320125
32.9565_51.8709_-0.320125
33.4179_51.7004_-0.422642
33.8689_51.4888_-0.470784
34.3111_51.2574_-0.505201
34.7466_51.0126_-0.525863
35.1785_50.7606_-0.532752
35.1785_50.7606_-0.532752
35.6086_50.5057_-0.539641
36.0369_50.2478_-0.54653
36.4634_49.987_-0.55342
36.8894_49.7252_-0.54653
37.3159_49.4643_-0.55342
37.3159_49.4643_-0.55342
37.7406_49.2262_-0.424194
38.1924_49.0448_-0.294967
38.6639_48.9231_-0.165741
39.157_48.8464_-0.131325
39.6519_48.7891_-0.0831825
39.6519_48.7891_-0.0831825
40.1426_48.7336_-0.172208
40.6304_48.6384_-0.234034
41.1146_48.5171_-0.268451
41.5954_48.3813_-0.289113
42.0743_48.2376_-0.296002
42.0743_48.2376_-0.296002
42.5336_48.076_-0.425228
42.9745_47.8581_-0.527745
43.3986_47.599_-0.589571
43.8103_47.3168_-0.623988
44.2138_47.022_-0.64465
44.2138_47.022_-0.64465
44.5902_46.7132_-0.773876
44.927_46.358_-0.889797
45.2493_45.9931_-0.760571
45.6163_45.6579_-0.698744
45.9617_45.3761_-0.65567
45.9617_45.3761_-0.65567
46.3347_45.0631_-0.784896
46.6642_44.7047_-0.914122
46.9449_44.3069_-1.04335
47.2075_43.8969_-0.914122
47.5209_43.5242_-0.784896
47.5209_43.5242_-0.784896
47.8504_43.1658_-0.914122
48.131_42.7679_-1.04335
48.3581_42.3372_-1.17257
48.5277_41.8808_-1.3018
48.6371_41.4064_-1.43103
48.6371_41.4064_-1.43103
48.7253_40.9275_-1.3018
48.8744_40.4641_-1.17257
49.0821_40.0237_-1.04335
49.3448_39.6137_-0.914122
49.6581_39.241_-0.784896
49.6581_39.241_-0.784896
50.0168_38.9118_-0.65567
50.4169_38.6169_-0.593843
50.8343_38.3448_-0.545701
51.2631_38.0884_-0.525039
51.6963_37.8388_-0.51815
51.6963_37.8388_-0.51815
52.1312_37.5922_-0.511261
52.5678_37.3486_-0.504372
53.0061_37.108_-0.497482
53.4449_36.8684_-0.504372
53.8832_36.6278_-0.497482
53.8832_36.6278_-0.497482
54.3171_36.383_-0.545624
54.7407_36.1192_-0.580041
55.1568_35.8424_-0.600703
55.5686_35.5589_-0.607592
55.9784_35.2725_-0.614481
55.9784_35.2725_-0.614481
56.3901_34.9998_-0.525456
56.8251_34.7569_-0.477314
57.271_34.5327_-0.442897
57.7239_34.3217_-0.422235
58.1804_34.1178_-0.415346
58.1804_34.1178_-0.415346
58.6262_33.9053_-0.504372
59.0584_33.6576_-0.552514
59.4802_33.3908_-0.58693
59.8944_33.1113_-0.607592
60.3042_32.8249_-0.614481
60.3042_32.8249_-0.614481
60.7161_32.5467_-0.552655
61.1439_32.2896_-0.518238
61.5796_32.0451_-0.497576
62.0203_31.8096_-0.476915
62.465_31.5812_-0.470025
62.465_31.5812_-0.470025
62.9089_31.3518_-0.490687
63.3494_31.1152_-0.497576
63.7882_30.8755_-0.504466
64.2253_30.6329_-0.511355
64.6619_30.3892_-0.504466
64.6619_30.3892_-0.504466
65.092_30.1401_-0.566292
65.51_29.8675_-0.600709
65.9203_29.5823_-0.62137
66.3261_29.2903_-0.62826
66.7299_28.9955_-0.635149
66.7299_28.9955_-0.635149
67.1331_28.6998_-0.62826
67.5369_28.405_-0.635149
67.9401_28.1093_-0.62826
68.3439_27.8146_-0.635149
68.747_27.5189_-0.62826
68.747_27.5189_-0.62826
69.1527_27.2496_-0.499034
69.5897_27.035_-0.369807
70.0507_26.8784_-0.240581
70.5281_26.7825_-0.111355
71.0138_26.749_0.0178709
71.0138_26.749_0.0178709
71.5006_26.737_-0.111355
71.9817_26.6625_-0.240581
72.4599_26.5324_-0.31604
72.9309_26.37_-0.364182
73.3966_26.1888_-0.384843
73.3966_26.1888_-0.384843
73.8397_25.987_-0.51407
74.2595_25.7309_-0.616586
74.659_25.4352_-0.678413
75.044_25.1175_-0.712829
75.4215_24.7897_-0.719719
75.4215_24.7897_-0.719719
75.8022_24.4725_-0.644261
76.2046_24.1773_-0.609844
76.617_23.8962_-0.575427
77.0381_23.6271_-0.554765
77.4637_23.3648_-0.547876
77.4637_23.3648_-0.547876
77.8897_23.129_-0.41865
78.3425_22.9501_-0.289424
78.8146_22.831_-0.160198
79.2981_22.7738_-0.0309718
79.7338_22.7768_0.0846516
79.7338_22.7768_0.0846516
80.2203_22.7974_-0.0445745
80.7081_22.757_-0.160495
81.193_22.6637_-0.249521
81.6781_22.5437_-0.228859
82.1647_22.4291_-0.235748
82.1647_22.4291_-0.235748
82.6329_22.2954_-0.364974
83.0832_22.1034_-0.480895
83.5166_21.8633_-0.556353
83.9332_21.5922_-0.61818
84.3416_21.327_-0.488954
84.3416_21.327_-0.488954
84.7614_21.0803_-0.61818
85.1459_20.7816_-0.747406
85.4886_20.4358_-0.876632
85.7903_20.0474_-0.979149
86.059_19.6292_-1.04098
86.059_19.6292_-1.04098
86.3062_19.1957_-1.07539
86.5407_18.7545_-1.09605
86.7661_18.3085_-1.11672
86.9844_17.8587_-1.1236
87.1995_17.4074_-1.13049
87.1995_17.4074_-1.13049
87.4116_16.9547_-1.13738
87.6205_16.5004_-1.14427
87.8263_16.0448_-1.15116
88.0289_15.5877_-1.15805
88.2305_15.1302_-1.15116
88.2305_15.1302_-1.15116
88.4476_14.6944_-1.02194
88.719_14.2901_-0.892709
89.0081_13.8984_-1.02194
89.2442_13.4726_-1.15116
89.4236_13.0199_-1.28039
89.4236_13.0199_-1.28039
89.5561_12.5409_-1.34221
89.6636_12.0535_-1.37663
89.7676_11.5663_-1.32849
89.7676_11.5663_-1.32849
