configuration 46.8230323792_-26.2805175781_0.619899316938_0.784681360082_54.818611145_35.6322822571_0.774404309534_0.632691050494
length 70.4009
time 0.998858
roughness 0.000301869
46.823_-26.2805_1.33723
46.9399_-25.7944_1.33034
47.06_-25.3091_1.32345
47.1813_-24.8241_1.33034
47.3015_-24.3388_1.32345
47.4228_-23.8537_1.33034
47.4228_-23.8537_1.33034
47.5451_-23.3693_1.30968
47.6753_-22.8866_1.30279
47.8088_-22.4047_1.2959
47.9456_-21.9239_1.28901
48.0858_-21.4439_1.28212
48.0858_-21.4439_1.28212
48.244_-20.9835_1.15289
48.4603_-20.5473_1.02367
48.731_-20.1426_0.894443
49.0516_-19.7761_0.765216
49.4167_-19.454_0.63599
49.4167_-19.454_0.63599
49.8222_-19.1646_0.587848
50.2156_-18.8776_0.717074
50.5687_-18.5424_0.8463
50.8756_-18.1644_0.975527
50.8756_-18.1644_0.975527
51.1655_-17.7732_0.8463
51.5033_-17.4226_0.717074
51.8835_-17.1185_0.587848
52.3024_-16.8569_0.498823
52.4365_-16.7814_0.539631
52.4365_-16.7814_0.539631
52.8432_-16.5138_0.668857
53.212_-16.196_0.798083
53.5369_-15.8332_0.927309
53.8122_-15.4317_1.05654
54.0335_-14.998_1.18576
54.0335_-14.998_1.18576
54.1971_-14.5394_1.31499
54.3079_-14.0582_1.40401
54.3828_-13.5656_1.45216
54.4385_-13.0691_1.47282
54.484_-12.5715_1.49348
54.484_-12.5715_1.49348
54.501_-12.0849_1.6227
54.4551_-11.6002_1.75193
54.3472_-11.1254_1.88116
54.179_-10.6685_2.01038
53.9533_-10.2371_2.13961
53.9533_-10.2371_2.13961
53.7086_-9.81609_2.01038
53.5203_-9.3671_1.88116
53.3914_-8.89759_1.75193
53.324_-8.41538_1.6227
53.3194_-7.92851_1.49348
53.3194_-7.92851_1.49348
53.3546_-7.43008_1.51414
53.3817_-6.93085_1.52103
53.4055_-6.43145_1.52792
53.4257_-5.9319_1.53481
53.4426_-5.43222_1.5417
53.4426_-5.43222_1.5417
53.4382_-4.94275_1.65762
53.3809_-4.45226_1.74664
53.3161_-3.9697_1.61742
53.314_-3.48281_1.48819
53.3747_-2.99972_1.35897
53.3747_-2.99972_1.35897
53.4972_-2.52848_1.22974
53.6793_-2.07694_1.10051
53.9181_-1.65265_0.971287
54.2097_-1.26267_0.842061
54.549_-0.91351_0.712835
54.549_-0.91351_0.712835
54.9305_-0.610989_0.583609
55.3478_-0.360153_0.454382
55.794_-0.165185_0.325156
56.2615_-0.0293368_0.19593
56.7427_0.0451265_0.0667041
56.7427_0.0451265_0.0667041
57.2267_0.0981387_0.19593
57.6998_0.21308_0.325156
58.1542_0.388033_0.454382
58.5822_0.620081_0.583609
58.9768_0.905354_0.712835
58.9768_0.905354_0.712835
59.3313_1.23909_0.842061
59.6398_1.61574_0.971287
59.8973_2.029_1.10051
60.0993_2.47199_1.22974
60.2426_2.93733_1.35897
60.2426_2.93733_1.35897
60.3272_3.41945_1.47489
60.3646_3.91508_1.53671
60.3759_4.41403_1.57113
60.3723_4.91369_1.59179
60.3606_5.41352_1.59868
60.3606_5.41352_1.59868
60.3455_5.91325_1.60557
60.327_6.41287_1.61246
60.305_6.91236_1.61935
60.2796_7.41167_1.62624
60.2531_7.91093_1.61935
60.2531_7.91093_1.61935
60.2089_8.39581_1.74857
60.1025_8.87095_1.8778
59.9752_9.34089_1.74857
59.9095_9.82332_1.61935
59.9065_10.3102_1.49012
59.9065_10.3102_1.49012
59.9251_10.7967_1.61935
59.8846_11.2869_1.72186
59.8318_11.7709_1.59264
59.8418_12.2577_1.46341
59.9145_12.7391_1.33419
59.9145_12.7391_1.33419
60.0084_13.2169_1.46341
60.0401_13.7027_1.59264
60.0147_14.1959_1.68166
59.9496_14.6886_1.74349
59.8582_15.1793_1.77791
59.8582_15.1793_1.77791
59.7784_15.6596_1.64868
59.7567_16.1509_1.54616
59.7792_16.6474_1.48434
59.828_17.1441_1.44992
59.8916_17.6397_1.42926
59.8916_17.6397_1.42926
59.9398_18.1242_1.55849
59.9252_18.6109_1.68771
59.8551_19.1015_1.76317
59.752_19.5889_1.81131
59.6296_20.0734_1.83197
59.6296_20.0734_1.83197
59.4953_20.554_1.86639
59.3464_21.031_1.88705
59.1898_21.5058_1.89394
59.03_21.9796_1.90083
58.8669_22.4522_1.90772
58.8669_22.4522_1.90772
58.7255_22.9181_1.77849
58.6454_23.3983_1.64927
58.6278_23.8849_1.52004
58.6731_24.3697_1.39082
58.7399_24.852_1.52004
58.7399_24.852_1.52004
58.7687_25.3508_1.49938
58.8055_25.8494_1.49249
58.8458_26.3478_1.4856
58.8895_26.8458_1.47871
58.9343_27.3438_1.4856
58.9343_27.3438_1.4856
58.9551_27.8302_1.61483
58.9131_28.3153_1.74405
58.8089_28.7909_1.87328
58.6466_29.2551_1.9758
58.4414_29.7079_2.03762
58.4414_29.7079_2.03762
58.2117_30.1509_2.07204
57.9686_30.5875_2.0927
57.7165_31.0189_2.11336
57.4574_31.4465_2.12025
57.1953_31.8722_2.12714
57.1953_31.8722_2.12714
56.9209_32.2744_2.25637
56.597_32.6379_2.38559
56.2289_32.9566_2.51482
55.8228_33.2252_2.64405
55.4556_33.408_2.75287
55.4556_33.408_2.75287
55.0133_33.6114_2.62364
54.6009_33.8702_2.49442
54.2252_34.18_2.36519
53.8926_34.5356_2.23596
53.6086_34.931_2.10674
53.6086_34.931_2.10674
