configuration 72.6459350586_2.13817882538_-0.994211695618_0.107438839792_19.5581073761_50.1696281433_0.955633460234_0.294558465643
length 91.3861
time 4.21693
roughness 0.000224242
72.6459_2.13818_-2.9263
72.1663_2.05441_-3.05553
71.6799_2.03315_-3.18475
71.1948_2.07476_-3.31398
70.7191_2.17853_-3.4432
70.2607_2.34274_-3.57243
70.2607_2.34274_-3.57243
69.8101_2.52715_-3.4432
69.3395_2.65195_-3.31398
68.8567_2.71506_-3.18475
68.3698_2.71544_-3.05553
68.0134_2.67343_-2.96031
68.0134_2.67343_-2.96031
67.5386_2.56543_-2.83108
67.0817_2.39715_-2.70185
66.6503_2.1714_-2.57263
66.2516_1.89193_-2.4434
65.8923_1.56342_-2.31418
65.8923_1.56342_-2.31418
65.5479_1.21927_-2.4434
65.162_0.922363_-2.57263
64.741_0.677664_-2.70185
64.2921_0.48925_-2.83108
63.8226_0.360263_-2.96031
63.8226_0.360263_-2.96031
63.3404_0.292854_-3.08953
62.8535_0.288146_-3.21876
62.3701_0.346219_-3.34798
61.8982_0.466103_-3.47721
61.4369_0.642411_-3.56624
61.4369_0.642411_-3.56624
61.0022_0.861629_-3.69546
60.5993_1.13504_-3.82469
60.235_1.45809_-3.95391
59.9154_1.8254_-4.08314
59.6458_2.23082_-4.21237
59.6458_2.23082_-4.21237
59.3945_2.64783_-4.08314
59.0915_3.03229_-3.96722
58.747_3.3906_-3.90539
58.3826_3.73165_-3.87098
58.0078_4.06206_-3.85031
58.0078_4.06206_-3.85031
57.6519_4.39434_-3.97954
57.3418_4.76971_-4.10877
57.0827_5.18191_-4.23799
56.8788_5.62407_-4.36722
56.7337_6.08881_-4.49645
56.7337_6.08881_-4.49645
56.6496_6.56839_-4.62567
56.628_7.0548_-4.7549
56.6693_7.53994_-4.88412
56.7728_8.01571_-5.01335
56.9367_8.47418_-5.14258
56.9367_8.47418_-5.14258
57.1208_8.92492_-5.01335
57.2453_9.39562_-4.88412
57.3081_9.87844_-4.7549
57.3081_10.3653_-4.62567
57.2455_10.8482_-4.49645
57.2455_10.8482_-4.49645
57.1211_11.3189_-4.36722
56.9371_11.7697_-4.23799
56.6965_12.193_-4.10877
56.4051_12.5938_-4.03331
56.086_12.9764_-3.98517
56.086_12.9764_-3.98517
55.7472_13.3261_-3.85594
55.3661_13.6292_-3.72671
54.9492_13.8807_-3.59749
54.5985_14.0383_-3.49547
54.4535_14.0897_-3.45466
54.4535_14.0897_-3.45466
53.9843_14.2199_-3.32543
53.5023_14.2885_-3.19621
53.0155_14.2945_-3.06698
52.5319_14.2376_-2.93776
52.0597_14.119_-2.80853
52.0597_14.119_-2.80853
51.5932_13.9794_-2.93776
51.1127_13.9012_-3.06698
50.626_13.8855_-3.19621
50.1392_13.8914_-3.06698
49.6556_13.8346_-2.93776
49.6556_13.8346_-2.93776
49.175_13.7563_-3.06698
48.6884_13.7406_-3.19621
48.2038_13.7878_-3.32543
47.7236_13.894_-3.42795
47.2568_14.0488_-3.53047
47.2568_14.0488_-3.53047
46.7989_14.2141_-3.40124
46.3234_14.3191_-3.27201
45.8384_14.3619_-3.14279
45.3403_14.3705_-3.19093
44.841_14.3963_-3.19782
44.841_14.3963_-3.19782
44.3541_14.403_-3.06859
43.8554_14.3677_-3.07548
43.3566_14.3335_-3.06859
42.8604_14.2892_-3.02045
42.7329_14.2752_-3.05446
42.7329_14.2752_-3.05446
42.2465_14.2534_-3.18368
41.7614_14.2945_-3.31291
41.2785_14.3571_-3.18368
40.7916_14.3569_-3.05446
40.3088_14.294_-2.92523
40.3088_14.294_-2.92523
39.8293_14.2098_-3.05446
39.3429_14.188_-3.18368
38.8577_14.2291_-3.31291
38.3819_14.3323_-3.44214
37.9202_14.495_-3.55806
37.9202_14.495_-3.55806
37.4635_14.6983_-3.56495
37.0081_14.9047_-3.57184
36.5542_15.1143_-3.57873
36.1018_15.327_-3.58561
35.6508_15.5428_-3.5925
35.6508_15.5428_-3.5925
35.2219_15.7733_-3.72173
34.8264_16.0572_-3.85096
34.4438_16.3584_-3.72173
34.0256_16.6078_-3.5925
33.6027_16.792_-3.47008
33.6027_16.792_-3.47008
33.1605_16.9232_-3.34765
33.1605_16.9232_-3.34765
32.672_17.0149_-3.28583
32.177_17.0833_-3.26517
31.6807_17.1415_-3.2445
31.1837_17.187_-3.21009
31.1837_17.187_-3.21009
30.6854_17.2155_-3.17567
30.196_17.2135_-3.05975
29.7015_17.1627_-2.99792
29.2075_17.0878_-2.97726
29.2075_17.0878_-2.97726
28.7242_17.0285_-3.10649
28.2374_17.0321_-3.23571
27.755_17.0983_-3.36494
27.2852_17.2262_-3.49417
26.8358_17.4136_-3.62339
26.8358_17.4136_-3.62339
26.4143_17.6572_-3.75262
26.0277_17.9532_-3.88184
25.6825_18.2966_-4.01107
25.3843_18.6815_-4.1403
25.1383_19.1017_-4.26952
25.1383_19.1017_-4.26952
24.9456_19.5516_-4.38544
24.7957_20.0255_-4.44727
24.6728_20.5083_-4.49541
24.5686_20.997_-4.51607
24.4722_21.4876_-4.52296
24.4722_21.4876_-4.52296
24.3792_21.9788_-4.52985
24.2896_22.4707_-4.53674
24.2034_22.9632_-4.54363
24.1183_23.4558_-4.53674
24.032_23.9483_-4.54363
24.032_23.9483_-4.54363
23.9426_24.4393_-4.50921
23.8384_24.928_-4.48855
23.7263_25.4152_-4.48166
23.6108_25.9017_-4.47477
23.492_26.3873_-4.46789
23.492_26.3873_-4.46789
23.3943_26.8643_-4.59711
23.3588_27.3499_-4.72634
23.3803_27.8433_-4.81536
23.4415_28.3365_-4.87719
23.529_28.8279_-4.91161
23.529_28.8279_-4.91161
23.6051_29.3088_-4.78238
23.6228_29.8003_-4.67986
23.5965_30.2966_-4.61804
23.5438_30.7929_-4.58362
23.4762_31.288_-4.56296
23.4762_31.288_-4.56296
23.3984_31.7816_-4.5423
23.3104_32.2734_-4.52163
23.2145_32.7641_-4.51475
23.1152_33.2541_-4.50786
23.0125_33.7434_-4.50097
23.0125_33.7434_-4.50097
22.9087_34.2325_-4.50786
22.8061_34.7218_-4.50097
22.7023_35.2109_-4.50786
22.5996_35.7002_-4.50097
22.4958_36.1892_-4.50786
22.4958_36.1892_-4.50786
22.4172_36.6698_-4.63708
22.3923_37.1647_-4.71254
22.4004_37.6628_-4.76068
22.4279_38.1618_-4.78134
22.4658_38.66_-4.80201
22.4658_38.66_-4.80201
22.4888_39.1463_-4.67278
22.4547_39.639_-4.58375
22.3808_40.1305_-4.52193
22.2807_40.6195_-4.48751
22.1639_41.1047_-4.45309
22.1639_41.1047_-4.45309
22.0346_41.5876_-4.44621
21.9019_42.0697_-4.43932
21.766_42.5508_-4.43243
21.6267_43.031_-4.42554
21.4864_43.5108_-4.43243
21.4864_43.5108_-4.43243
21.3471_43.991_-4.42554
21.2068_44.4709_-4.43243
21.0675_44.9511_-4.42554
20.9272_45.4309_-4.43243
20.7879_45.9111_-4.42554
20.7879_45.9111_-4.42554
20.6476_46.3909_-4.43243
20.5083_46.8711_-4.42554
20.368_47.351_-4.43243
20.2309_47.8318_-4.43932
20.095_48.3129_-4.43243
20.095_48.3129_-4.43243
19.9407_48.7747_-4.3032
19.7283_49.2128_-4.17398
19.4611_49.6199_-4.04475
19.2302_49.8946_-3.94953
19.2302_49.8946_-3.94953
