configuration 46.8230323792_-26.2805175781_0.619899316938_0.784681360082_54.818611145_35.6322822571_0.774404309534_0.632691050494
length 77.1459
time 0.50678
roughness 0.000232945
46.823_-26.2805_1.33723
46.953_-25.8062_1.23471
47.1248_-25.3386_1.18657
47.3172_-24.878_1.15215
47.5234_-24.4229_1.13149
47.7371_-23.9709_1.1246
47.9473_-23.5183_1.15902
48.1441_-23.059_1.17968
48.3337_-22.5963_1.18657
48.52_-22.1324_1.19346
48.7032_-21.6672_1.20035
48.8808_-21.2002_1.22101
49.0511_-20.7301_1.2279
49.2181_-20.2589_1.23479
49.3819_-19.7865_1.24168
49.5424_-19.313_1.24857
49.716_-18.8581_1.11934
49.9468_-18.4294_0.990115
50.2309_-18.034_0.860889
50.5636_-17.6785_0.731662
50.9394_-17.3688_0.602436
51.3285_-17.0762_0.731662
51.6766_-16.7358_0.860889
51.978_-16.3535_0.990115
52.2277_-15.9354_1.11934
52.4271_-15.4859_1.22186
52.5741_-15.0217_1.35108
52.6699_-14.5355_1.42654
52.7337_-14.0414_1.47468
52.7782_-13.5437_1.49535
52.8124_-13.0452_1.51601
52.8578_-12.5578_1.40009
52.9523_-12.0698_1.33826
53.0729_-11.5855_1.30384
53.208_-11.1045_1.28318
53.3509_-10.6254_1.27629
53.475_-10.1519_1.39221
53.5533_-9.66105_1.45404
53.6057_-9.16473_1.48846
53.6434_-8.66648_1.50912
53.6708_-8.16756_1.52978
53.6701_-7.68067_1.65901
53.6067_-7.19793_1.78823
53.4816_-6.72738_1.91746
53.2969_-6.27688_2.04668
53.1616_-6.02944_2.1215
52.9246_-5.60411_1.99227
52.7444_-5.15178_1.86305
52.624_-4.68001_1.73382
52.5655_-4.19666_1.6046
52.5676_-3.70718_1.48867
52.6281_-3.22406_1.35945
52.7503_-2.75276_1.23022
52.9322_-2.30114_1.101
53.1708_-1.87673_0.97177
53.4622_-1.48661_0.842544
53.8013_-1.13728_0.713318
54.1827_-0.834577_0.584091
54.5999_-0.58354_0.454865
55.0459_-0.388356_0.325639
55.5193_-0.24161_0.250181
56.0039_-0.126009_0.202039
56.4939_-0.0314692_0.167622
56.9872_0.0485013_0.146961
57.4653_0.140145_0.276187
57.9277_0.292647_0.405413
58.3666_0.503464_0.534639
58.7747_0.769081_0.663865
59.1451_1.08507_0.793091
59.4717_1.44616_0.922317
59.7491_1.84632_1.05154
59.9842_2.2826_1.127
60.1908_2.73591_1.17514
60.3802_3.19829_1.19581
60.5392_3.6585_1.32503
60.6375_4.13536_1.45426
60.6805_4.62732_1.54328
60.6862_5.12549_1.59143
60.6702_5.62432_1.62584
60.6508_6.12214_1.5777
60.6508_6.62181_1.55704
60.6611_7.12138_1.53638
60.6794_7.621_1.52949
60.7012_8.12049_1.5226
60.704_8.60737_1.65182
60.6496_9.0982_1.74085
60.5574_9.5878_1.78899
60.4438_10.0738_1.82341
60.3156_10.5567_1.84407
60.2042_11.0307_1.71484
60.1548_11.5151_1.58562
60.1682_12.0018_1.45639
60.2371_12.4925_1.38093
60.3389_12.9802_1.33279
60.4336_13.4578_1.46202
60.4659_13.9437_1.59124
60.4392_14.4347_1.69376
60.3681_14.9267_1.75559
60.2708_15.4162_1.79
60.1851_15.8955_1.66078
60.162_16.3818_1.53155
60.1959_16.8745_1.44253
60.2696_17.366_1.3807
60.3695_17.855_1.34628
60.4919_18.3352_1.27082
60.6467_18.8088_1.22268
60.8223_19.2759_1.18827
61.012_19.7382_1.1676
61.2092_20.1976_1.16071
61.4221_20.6355_1.03149
61.6896_21.0423_0.902262
62.0073_21.4113_0.773036
62.3708_21.7426_0.67052
62.7666_22.0407_0.595061
63.1579_22.3305_0.724288
63.5086_22.6683_0.853514
63.8128_23.0484_0.98274
64.0655_23.4646_1.11197
64.2624_23.9099_1.24119
64.4384_24.3667_1.12527
64.6631_24.8084_1.04981
64.9179_25.2365_1.00167
65.1901_25.6555_0.981009
65.4709_26.0688_0.960347
65.7328_26.4793_1.08957
65.9397_26.92_1.2188
66.088_27.3838_1.34803
66.1754_27.8627_1.47725
66.2093_28.3572_1.55271
66.1975_28.8439_1.68194
66.123_29.3251_1.81116
65.9872_29.7926_1.94039
65.7922_30.2388_2.06961
65.5414_30.6561_2.19884
65.2389_31.0376_2.32807
64.8897_31.3769_2.45729
64.4997_31.6684_2.58652
64.0754_31.9073_2.71575
63.6199_32.0979_2.80477
63.1494_32.2663_2.78411
62.6815_32.4423_2.77722
62.2148_32.6216_2.77033
61.7493_32.804_2.76344
61.2851_32.9897_2.75655
60.8221_33.1785_2.74966
60.3596_33.3684_2.75655
59.8967_33.5573_2.74966
59.4342_33.7472_2.75655
58.9713_33.936_2.74966
58.5088_34.126_2.75655
58.0459_34.3148_2.74966
57.5834_34.5047_2.75655
57.1205_34.6936_2.74966
56.658_34.8835_2.75655
56.2149_35.0853_2.62733
55.8015_35.3426_2.4981
55.4247_35.6509_2.36887
55.1245_35.9667_2.25325
