configuration -3.08480739594_22.5642471313_-0.424155304833_0.905589464041_28.1138801575_4.40596151352_-0.254607913402_0.967044368389
length 43.983
time 0.209856
roughness 0.000426053
-3.08481_22.5642_-0.876058
-2.75754_22.2038_-0.746832
-2.38654_21.8884_-0.617606
-1.978_21.6236_-0.488379
-1.53874_21.4135_-0.359153
-1.07607_21.2619_-0.229927
-0.597715_21.1711_-0.100701
-0.111652_21.1427_0.028525
0.38135_21.1713_0.11755
0.875119_21.2377_0.165693
1.36737_21.3235_0.186354
1.84157_21.4339_0.31558
2.2976_21.6045_0.444807
2.72784_21.8324_0.574033
3.12512_22.1139_0.703259
3.48281_22.4442_0.832485
3.82547_22.7901_0.703259
4.20986_23.089_0.574033
4.62954_23.3358_0.444807
5.07754_23.5265_0.31558
5.54637_23.6579_0.186354
6.03414_23.735_0.0973289
6.52971_23.7732_0.0355023
7.02865_23.7852_0.0010857
7.52831_23.7823_-0.0195761
8.02816_23.7713_-0.0264653
8.51499_23.7791_0.102761
9.00451_23.8442_0.191786
9.49039_23.9489_0.253613
9.97204_24.0797_0.288029
10.4501_24.2249_0.308691
10.9199_24.3531_0.179465
11.4022_24.4196_0.050239
11.8891_24.4234_-0.0789872
12.3724_24.3645_-0.208213
12.8441_24.2437_-0.337439
13.3154_24.0771_-0.344329
13.7857_23.9073_-0.351218
14.2547_23.7342_-0.358107
14.7226_23.5579_-0.364996
15.1892_23.3783_-0.371885
15.6349_23.1823_-0.501112
16.0516_22.9305_-0.630338
16.4389_22.6274_-0.732854
16.8038_22.2882_-0.780997
17.1542_21.9328_-0.815413
17.5027_21.5928_-0.686187
17.866_21.2686_-0.815413
18.1845_20.9004_-0.944639
18.4528_20.4941_-1.07387
18.5127_20.3807_-1.10787
18.7471_19.9484_-1.00536
19.0219_19.5342_-0.943529
19.3195_19.1336_-0.909112
19.6292_18.7415_-0.888451
19.9454_18.3542_-0.881561
20.2388_17.9656_-1.01079
20.4887_17.5397_-1.09981
20.7076_17.0922_-1.14796
20.9095_16.6351_-1.16862
21.1019_16.174_-1.18928
21.3022_15.7302_-1.06005
21.558_15.3159_-0.930826
21.8644_14.9286_-0.841801
22.2031_14.5648_-0.779974
22.5619_14.2179_-0.745558
22.9339_13.8883_-0.683731
23.3244_13.5775_-0.649315
23.7253_13.2803_-0.614898
24.1355_12.9948_-0.594236
24.5504_12.7159_-0.587347
24.9644_12.4361_-0.608009
25.3725_12.1479_-0.628671
25.7762_11.8529_-0.63556
26.1779_11.5552_-0.642449
26.5775_11.2548_-0.649338
26.9525_10.9442_-0.778564
27.2843_10.5879_-0.90779
27.5674_10.1918_-1.03702
27.7972_9.7625_-1.16624
27.9697_9.30719_-1.29547
28.0847_8.83141_-1.41139
28.1511_8.3403_-1.48685
28.1849_7.84324_-1.53499
28.1994_7.34378_-1.55565
28.2035_6.84413_-1.57631
28.2214_6.35757_-1.44709
28.3019_5.87738_-1.31786
28.4436_5.41157_-1.18863
28.6442_4.9679_-1.05941
28.9003_4.55378_-0.930183
