configuration 72.6459350586_2.13817882538_-0.994211695618_0.107438839792_19.5581073761_50.1696281433_0.955633460234_0.294558465643
length 94.786
time 2.52108
roughness 0.00022791
72.6459_2.13818_-2.9263
72.1596_2.02598_-2.89188
71.6763_1.89917_-2.87122
71.1957_1.7624_-2.85056
70.7171_1.61784_-2.84367
70.2395_1.46998_-2.83678
69.7693_1.34368_-2.96601
69.2867_1.27902_-3.09523
68.7998_1.27708_-3.22446
68.3168_1.33791_-3.35369
67.8373_1.45604_-3.44271
67.3666_1.58061_-3.31348
66.8838_1.64349_-3.18426
66.3969_1.64362_-3.05503
66.0405_1.60144_-2.95981
66.0153_1.59675_-2.95301
65.5331_1.48993_-2.86399
65.071_1.33677_-2.73476
64.6324_1.12533_-2.60553
64.2247_0.859134_-2.47631
63.8292_0.575088_-2.60553
63.3974_0.335476_-2.69456
62.9499_0.143793_-2.82379
62.4813_0.0113843_-2.95301
61.9996_-0.0595408_-3.08224
61.5128_-0.0677998_-3.21146
61.0236_-0.0168875_-3.31398
60.5409_0.0462286_-3.18475
60.054_0.0466039_-3.05553
59.5711_-0.0157679_-2.9263
59.1003_-0.139847_-2.79708
58.6494_-0.323563_-2.66785
58.2226_-0.563327_-2.55193
57.8178_-0.849128_-2.47647
57.4307_-1.16284_-2.42833
57.0494_-1.46552_-2.55756
56.6322_-1.71654_-2.68678
56.1861_-1.91169_-2.81601
55.7186_-2.04774_-2.94523
55.2375_-2.12241_-3.07446
54.741_-2.16379_-3.02632
54.245_-2.22468_-3.00566
53.7499_-2.29357_-2.99877
53.2551_-2.36587_-2.99188
52.7609_-2.44158_-2.98499
52.2772_-2.49707_-3.11421
51.7904_-2.48976_-3.24344
51.3086_-2.41977_-3.37267
50.8367_-2.28958_-3.48859
50.375_-2.10944_-3.56405
49.9229_-1.92881_-3.43482
49.4512_-1.80796_-3.30559
48.9679_-1.74889_-3.17637
48.4811_-1.7526_-3.04714
47.9987_-1.81902_-2.91791
47.5198_-1.90681_-3.04714
47.0336_-1.93214_-3.17637
46.5481_-1.89461_-3.30559
46.0716_-1.79483_-3.43482
45.6118_-1.63447_-3.56405
45.1766_-1.41621_-3.69327
44.7612_-1.14599_-3.76873
44.3605_-0.848499_-3.80315
43.9683_-0.538823_-3.82381
43.5827_-0.221111_-3.84447
43.2215_0.109315_-3.96039
42.8922_0.479605_-4.03585
42.5842_0.872318_-4.07027
42.2877_1.27452_-4.09093
41.9975_1.68167_-4.09782
41.7005_2.07366_-3.9953
41.3671_2.44387_-3.94716
41.0173_2.79984_-3.91274
40.6566_3.14561_-3.89208
40.2902_3.48575_-3.88519
39.9461_3.83023_-4.01442
39.6493_4.21619_-4.14364
39.3957_4.63993_-4.23267
39.1728_5.08553_-4.28081
38.9693_5.54121_-4.31523
38.7815_6.00363_-4.34964
38.6074_6.47199_-4.3703
38.4408_6.94337_-4.37719
38.2774_7.41589_-4.38408
38.1151_7.88878_-4.37719
37.9437_8.35657_-4.32905
37.7518_8.81726_-4.29464
37.5459_9.27256_-4.27397
37.3326_9.72475_-4.26708
37.1163_10.1755_-4.2602
36.8851_10.604_-4.13097
36.6007_10.9992_-4.00174
36.2677_11.3638_-3.91272
35.9049_11.7053_-3.86458
35.5269_12.0312_-3.83016
35.1382_12.3244_-3.70093
34.7149_12.565_-3.57171
34.2602_12.7576_-3.48268
33.7881_12.9167_-3.43454
33.3087_13.0554_-3.40012
32.8436_13.1997_-3.52935
32.4011_13.4027_-3.65857
31.9884_13.6611_-3.7878
31.6125_13.9705_-3.91703
31.2795_14.3257_-4.04625
30.9952_14.7209_-4.17548
30.7641_15.1495_-4.3047
30.579_15.6092_-4.38016
30.4217_16.0829_-4.41458
30.2783_16.5615_-4.43524
30.1254_17.0238_-4.30602
29.9142_17.4625_-4.17679
29.6481_17.8703_-4.04756
29.3318_18.2404_-3.91834
28.9704_18.5667_-3.78911
28.57_18.8436_-3.65988
28.1372_19.0667_-3.53066
27.6793_19.2321_-3.40143
27.1973_19.3474_-3.32597
26.7061_19.4309_-3.27783
26.227_19.5174_-3.40706
25.763_19.665_-3.53628
25.3219_19.8711_-3.66551
24.911_20.1323_-3.79474
24.5372_20.4443_-3.92396
24.1818_20.7959_-3.91707
23.824_21.1451_-3.91018
23.4638_21.4918_-3.9033
23.1012_21.836_-3.89641
22.7378_22.1794_-3.9033
22.4_22.5301_-4.03252
22.1102_22.9214_-4.16175
21.8733_23.3467_-4.29097
21.6931_23.799_-4.4202
21.5727_24.2708_-4.54943
21.5142_24.7542_-4.67865
21.5184_25.241_-4.80788
21.5853_25.7233_-4.9371
21.7138_26.1929_-5.06633
21.9018_26.6421_-5.19556
22.1095_27.0824_-5.06633
22.2588_27.5459_-4.9371
22.347_28.0247_-4.80788
22.3773_28.5156_-4.70536
22.3659_29.0137_-4.65722
22.3326_29.5116_-4.6228
22.2845_30.009_-4.60214
22.2283_30.5058_-4.59525
22.1688_31.0022_-4.58836
22.1058_31.4982_-4.58147
22.0627_31.9831_-4.7107
22.0826_32.4696_-4.83993
22.1649_32.9495_-4.96915
22.3084_33.4148_-5.09838
22.5106_33.8577_-5.2276
22.7683_34.2708_-5.35683
23.077_34.6473_-5.48606
23.4317_34.9809_-5.61528
23.8264_35.2659_-5.74451
24.2576_35.5067_-5.83353
24.6867_35.7367_-5.70431
25.0826_36.0201_-5.57508
25.4387_36.3522_-5.44586
25.749_36.7273_-5.31663
26.0084_37.1394_-5.1874
26.2125_37.5814_-5.05818
26.358_38.0461_-4.92895
26.4424_38.5256_-4.79972
26.4643_39.012_-4.6705
26.4311_39.5065_-4.59504
26.3537_39.9872_-4.46581
26.2149_40.4539_-4.33659
26.0172_40.8988_-4.20736
25.7638_41.3145_-4.07814
25.4596_41.7035_-3.98911
25.1438_42.0832_-4.07814
24.855_42.4892_-4.12628
24.5837_42.9081_-4.16069
24.3248_43.3354_-4.18136
24.0726_43.7671_-4.18825
23.8195_44.198_-4.16758
23.5594_44.625_-4.16069
23.2869_45.0284_-4.03147
22.9646_45.3934_-3.90224
22.598_45.7138_-3.77302
22.1938_46.008_-3.76613
21.7875_46.2994_-3.75924
21.4029_46.598_-3.88846
21.0535_46.9441_-3.99098
20.7305_47.3234_-4.03912
20.4433_47.7166_-4.16835
20.2003_48.1465_-4.25737
19.9911_48.5973_-4.3192
19.7856_49.0387_-4.18997
19.525_49.45_-4.06075
