configuration 46.8230323792_-26.2805175781_0.619899316938_0.784681360082_54.818611145_35.6322822571_0.774404309534_0.632691050494
length 75.1225
time 1.80391
roughness 0.000261767
46.823_-26.2805_1.33723
46.948_-25.7994_1.2754
47.0987_-25.3237_1.24099
47.2638_-24.8521_1.22032
47.4365_-24.3829_1.21343
47.6125_-23.9149_1.20655
47.7721_-23.4497_1.30906
47.8908_-22.9671_1.37089
47.9843_-22.4768_1.40531
48.0632_-21.9834_1.42597
48.1342_-21.4885_1.43286
48.2216_-21.0095_1.30363
48.3699_-20.5458_1.1744
48.5767_-20.105_1.04518
48.8383_-19.6913_0.929257
49.1439_-19.2992_0.867431
49.4742_-18.9416_0.738205
49.8479_-18.6295_0.608978
50.2587_-18.3681_0.479752
50.6998_-18.1619_0.350526
51.1638_-18.0143_0.2213
51.6338_-17.8874_0.350526
52.0836_-17.7009_0.479752
52.5056_-17.4581_0.608978
52.8928_-17.1629_0.738205
53.2387_-16.8203_0.867431
53.5469_-16.4344_0.956456
53.8105_-16.025_1.08568
54.019_-15.5851_1.21491
54.1692_-15.1219_1.34413
54.2584_-14.6433_1.47336
54.3169_-14.1497_1.41153
54.4038_-13.6591_1.36339
54.51_-13.1709_1.34273
54.6242_-12.6841_1.33584
54.7417_-12.1981_1.32895
54.8382_-11.7209_1.45818
54.8723_-11.2352_1.5874
54.8517_-10.7401_1.66286
54.798_-10.2448_1.711
54.7226_-9.75141_1.74542
54.6208_-9.27026_1.84794
54.475_-8.79508_1.90976
54.3037_-8.32633_1.94418
54.1182_-7.86235_1.96484
53.9232_-7.40231_1.9855
53.7461_-6.94877_1.85628
53.6289_-6.4762_1.72705
53.5736_-5.99246_1.59783
53.581_-5.50563_1.4686
53.6512_-5.02382_1.33937
53.7829_-4.55507_1.21015
53.9738_-4.10719_1.08092
54.2209_-3.68765_0.951695
54.52_-3.30346_0.822469
54.8661_-2.96101_0.693243
55.2535_-2.66602_0.564017
55.6756_-2.42341_0.434791
56.1255_-2.23722_0.305565
56.5956_-2.11056_0.176339
56.9507_-2.05867_0.0811194
57.4339_-1.99868_0.210346
57.9053_-1.87694_0.339572
58.1451_-1.78616_0.407585
58.2389_-1.74466_0.434791
58.2853_-1.72285_0.448394
58.7148_-1.49337_0.57762
59.111_-1.21047_0.706846
59.4675_-0.878855_0.836072
59.7783_-0.504067_0.965298
60.0382_-0.092352_1.09452
60.2429_0.349424_1.22375
60.389_0.813893_1.35298
60.474_1.29331_1.4822
60.5009_1.78437_1.58472
60.486_2.28236_1.63286
60.4538_2.78129_1.63975
60.4182_3.27998_1.64664
60.3792_3.77842_1.65353
60.3367_4.27657_1.66042
60.2908_4.77443_1.66731
60.2577_5.26715_1.57828
60.262_5.76534_1.53014
60.288_6.26374_1.49572
60.3289_6.76174_1.47506
60.3778_7.2593_1.46817
60.4409_7.75085_1.39271
60.537_8.2397_1.34457
60.6545_8.72475_1.31016
60.7866_9.20665_1.28949
60.9265_9.68664_1.2826
61.045_10.1589_1.41183
61.1016_10.6425_1.54106
61.1018_11.1363_1.63008
61.0621_11.6318_1.69191
60.9962_12.1265_1.72633
60.9364_12.6146_1.62381
60.9203_13.1114_1.56198
60.9304_13.6104_1.52757
60.9555_14.1094_1.5069
60.9908_14.6079_1.48624
61.0489_15.0962_1.38373
61.1513_15.5826_1.3219
61.2798_16.0648_1.28748
61.4228_16.5436_1.26682
61.5735_17.0203_1.25993
61.7107_17.4947_1.34896
61.8125_17.9824_1.3971
61.8955_18.4751_1.41776
61.9682_18.9695_1.43842
62.0331_19.4652_1.44531
62.1128_19.9482_1.32939
62.2433_20.4263_1.25393
62.4061_20.8971_1.20579
62.5877_21.3626_1.18513
62.7788_21.8243_1.16447
62.9521_22.2793_1.29369
63.0654_22.7528_1.42292
63.1166_23.237_1.55215
63.1051_23.7238_1.68137
63.0309_24.205_1.8106
62.9354_24.6824_1.68137
62.9022_25.1682_1.55215
62.9319_25.6542_1.42292
63.024_26.1323_1.29369
63.1769_26.5945_1.16447
63.3502_27.0495_1.29369
63.4635_27.5231_1.42292
63.5147_28.0072_1.55215
63.5032_28.494_1.68137
63.429_28.9752_1.8106
63.2934_29.4428_1.93982
63.0987_29.8891_2.06905
62.8481_30.3065_2.19828
62.5458_30.6882_2.3275
62.1964_31.0311_2.44342
61.8249_31.359_2.36796
61.4741_31.7128_2.31982
61.1385_32.0822_2.28541
60.8157_32.4629_2.25099
60.4938_32.8281_2.38022
60.1326_33.1739_2.37333
59.7739_33.5221_2.36644
59.416_33.8712_2.37333
59.0572_34.2194_2.36644
58.6993_34.5685_2.37333
58.3351_34.8917_2.50255
57.9324_35.1652_2.63178
57.4977_35.3846_2.761
57.0384_35.5462_2.89023
56.5582_35.6523_2.99275
56.0741_35.704_3.12197
55.5873_35.693_3.2512
55.106_35.6192_3.38043
54.6383_35.4841_3.50965
54.1918_35.2898_3.63888
