configuration -4.52205276489_51.1520843506_-0.288179288681_0.957576470876_89.803527832_11.5547637939_-0.656431103106_0.754385980036
length 121.046
time 0.870216
roughness 0.000126604
-4.52205_51.1521_-0.58465
-4.10501_50.9008_-0.455424
-3.65906_50.7054_-0.326198
-3.18974_50.5663_-0.210277
-2.70264_50.475_-0.134819
-2.20735_50.4136_-0.100402
-1.71768_50.3497_-0.189427
-1.22995_50.2481_-0.23757
-0.745134_50.1271_-0.258231
-0.262921_49.9962_-0.278893
0.217407_49.8575_-0.285782
0.689947_49.7401_-0.156556
1.1798_49.6775_-0.0675307
1.67734_49.6519_-0.0193886
2.17697_49.6456_0.00127315
2.67663_49.6497_0.0219349
3.16341_49.6397_-0.107291
3.64773_49.5688_-0.223212
4.13008_49.4488_-0.285039
4.60738_49.303_-0.319455
5.08068_49.1428_-0.340117
5.54615_49_-0.210891
6.02835_48.9159_-0.09497
6.52272_48.8812_-0.0195119
7.02179_48.8772_0.0149048
7.52134_48.8881_0.0355665
8.0208_48.9024_0.0149048
8.52073_48.9087_0.00801557
9.02068_48.9116_0.00112636
9.52065_48.911_-0.00576285
10.0206_48.907_-0.0126521
10.5197_48.9064_0.0217646
11.0191_48.9207_0.0424263
11.5186_48.9431_0.0493155
12.0179_48.9688_0.0562048
12.517_48.9981_0.063094
13.0107_49.0417_0.138552
13.5041_49.1163_0.172969
13.9958_49.2057_0.193631
14.4854_49.3052_0.214292
14.9737_49.4126_0.221181
15.4615_49.5141_0.173039
15.954_49.5944_0.138623
16.4494_49.6624_0.131733
16.9451_49.7269_0.124844
17.4414_49.788_0.117955
17.9269_49.8248_-0.0112711
18.413_49.7987_-0.140497
18.8947_49.7117_-0.256418
19.3708_49.574_-0.331876
19.8408_49.406_-0.366293
20.3024_49.2511_-0.237067
20.78_49.1569_-0.107841
21.2659_49.125_0.0213856
21.7518_49.1561_0.150612
22.2296_49.2495_0.279838
22.7029_49.364_0.150612
23.1869_49.4166_0.0213856
23.6737_49.4063_-0.107841
24.1551_49.3335_-0.237067
24.6231_49.1992_-0.366293
25.0847_49.0442_-0.237067
25.5624_48.95_-0.107841
26.0482_48.9182_0.0213856
26.5341_48.9492_0.150612
27.012_49.0426_0.279838
27.4824_49.1929_0.368863
27.9441_49.38_0.417005
28.3981_49.5873_0.451422
28.8462_49.8084_0.472084
29.291_50.0368_0.478973
29.7322_50.2426_0.349747
30.2019_50.4008_0.274289
30.6835_50.528_0.226147
31.1712_50.6343_0.19173
31.6623_50.7262_0.171068
32.1452_50.7886_0.0418421
32.639_50.7948_-0.0471834
33.1349_50.7611_-0.10901
33.6304_50.7011_-0.143427
34.1244_50.6263_-0.164088
34.6009_50.5265_-0.293314
35.0693_50.3699_-0.38234
35.5285_50.1766_-0.430482
35.9811_49.965_-0.451144
36.4293_49.744_-0.471805
36.872_49.5413_-0.342579
37.3371_49.3973_-0.213353
37.8169_49.3145_-0.0841271
38.308_49.2898_0.0183897
38.8047_49.3091_0.0802162
39.2879_49.3687_0.209442
39.77_49.4838_0.2849
40.2458_49.6315_0.333043
40.7155_49.8_0.367459
41.1806_49.9827_0.388121
41.6387_50.1477_0.258895
42.1142_50.2523_0.129669
42.5992_50.2948_0.000442654
43.0857_50.2743_-0.128783
43.5655_50.1914_-0.25801
44.0411_50.0872_-0.128783
44.5262_50.0452_0.000442654
45.0126_50.0661_0.129669
45.4923_50.1494_0.258895
45.9573_50.2939_0.388121
46.3997_50.4971_0.517347
46.8242_50.7529_0.592805
47.2329_51.0378_0.640947
47.6295_51.3408_0.675364
48.0154_51.6573_0.709781
48.3978_51.9587_0.580555
48.8159_52.2082_0.451328
49.2626_52.4018_0.322102
49.7306_52.5362_0.192876
50.2162_52.6141_0.0903595
50.7025_52.6375_-0.0388667
51.1878_52.598_-0.168093
51.664_52.4962_-0.297319
52.134_52.3392_-0.372777
52.5967_52.1522_-0.407194
53.0384_51.9413_-0.523114
53.4638_51.6842_-0.584941
53.8767_51.4039_-0.619358
54.2816_51.111_-0.640019
54.6819_50.8115_-0.646909
55.0846_50.5256_-0.557883
55.5116_50.2712_-0.496057
55.9532_50.0387_-0.46164
56.4021_49.8192_-0.440978
56.8547_49.6069_-0.434089
57.3047_49.421_-0.304863
57.7749_49.2947_-0.175637
58.2575_49.23_-0.0464107
58.7444_49.228_0.0828154
59.2275_49.2888_0.212042
59.7074_49.371_0.0828154
60.1939_49.3907_-0.0464107
60.6788_49.3475_-0.175637
61.1542_49.2422_-0.304863
61.612_49.0765_-0.434089
62.0447_48.8532_-0.563315
62.4543_48.5773_-0.652341
62.8453_48.2686_-0.700483
63.2251_47.9439_-0.721145
63.5981_47.6114_-0.741806
63.9698_47.2784_-0.70739
64.3519_46.9563_-0.686728
64.7392_46.6402_-0.679839
65.1287_46.3268_-0.672949
65.519_46.0143_-0.679839
65.8937_45.6927_-0.768864
66.2462_45.3406_-0.817006
66.5856_44.9739_-0.837668
66.9175_44.6003_-0.85833
67.2434_44.2212_-0.865219
67.5685_43.8414_-0.85833
67.8962_43.4638_-0.85144
68.2248_43.0869_-0.85833
68.5525_42.7093_-0.85144
68.881_42.3325_-0.85833
69.205_41.9521_-0.878991
69.5231_41.5664_-0.885881
69.8385_41.1785_-0.89277
70.153_40.7898_-0.885881
70.4684_40.4019_-0.89277
70.7893_40.0266_-0.803744
71.1416_39.6759_-0.741918
71.5133_39.3429_-0.707501
71.8953_39.0207_-0.68684
72.2826_38.7046_-0.67995
72.6479_38.3827_-0.809176
72.978_38.0154_-0.898202
73.2821_37.6208_-0.946344
73.5693_37.2126_-0.980761
73.8444_36.7955_-1.00142
74.113_36.3738_-1.00831
74.3806_35.9515_-1.00142
74.6491_35.5298_-1.00831
74.9167_35.1074_-1.00142
75.1853_34.6857_-1.00831
75.4622_34.2852_-0.879085
75.7877_33.9116_-0.803627
76.1392_33.5585_-0.755485
76.5064_33.2205_-0.721069
76.884_32.8932_-0.700407
77.2426_32.5639_-0.829633
77.5652_32.19_-0.918658
77.8611_31.7892_-0.9668
78.1399_31.3752_-1.00122
78.4085_30.9535_-1.00811
78.6722_30.5291_-1.02877
78.9291_30.1002_-1.03566
79.1831_29.6695_-1.04255
79.436_29.2383_-1.03566
79.69_28.8077_-1.04255
79.943_28.3764_-1.03566
80.197_27.9458_-1.04255
80.45_27.5145_-1.03566
80.7039_27.0839_-1.04255
80.9569_26.6527_-1.03566
81.2109_26.222_-1.04255
81.4639_25.7908_-1.03566
81.7178_25.3601_-1.04255
81.9708_24.9289_-1.03566
82.2248_24.4982_-1.04255
82.4778_24.067_-1.03566
82.7318_23.6363_-1.04255
82.9847_23.2051_-1.03566
83.2387_22.7745_-1.04255
83.4917_22.3432_-1.03566
83.7575_21.9353_-0.906431
84.0737_21.565_-0.777205
84.4349_21.2386_-0.647979
84.8353_20.9614_-0.518753
85.2693_20.7351_-0.402832
85.7249_20.5634_-0.273606
86.1988_20.4519_-0.14438
86.6832_20.4023_-0.0151537
87.1699_20.4155_0.114072
87.6508_20.4914_0.243299
88.1279_20.5886_0.114072
88.6136_20.6234_-0.0151537
89.0997_20.5954_-0.14438
89.5781_20.505_-0.273606
90.0409_20.3537_-0.402832
90.4803_20.144_-0.532058
90.889_19.8795_-0.661284
91.2603_19.5645_-0.79051
91.5878_19.2042_-0.919737
91.8662_18.8048_-1.04896
92.0908_18.3728_-1.17819
92.2579_17.9154_-1.30741
92.3646_17.4404_-1.43664
92.4092_16.9555_-1.56587
92.391_16.469_-1.69509
92.3102_15.9888_-1.82432
92.1694_15.52_-1.94024
91.979_15.0625_-2.0157
91.7574_14.6163_-2.06384
91.5161_14.1794_-2.09826
91.2535_13.7694_-2.22748
90.9401_13.3968_-2.35671
90.5806_13.0582_-2.44573
90.1924_12.7501_-2.52119
89.8086_12.4505_-2.39197
