configuration -3.08480739594_22.5642471313_-0.424155304833_0.905589464041_28.1138801575_4.40596151352_-0.254607913402_0.967044368389
length 39.7486
time 0.283423
roughness 0.000555035
-3.08481_22.5642_-0.876058
-2.75754_22.2038_-0.746832
-2.38654_21.8884_-0.617606
-1.978_21.6236_-0.488379
-1.53874_21.4135_-0.359153
-1.07607_21.2619_-0.229927
-0.589526_21.1468_-0.236816
-0.103787_21.0284_-0.243706
0.381678_20.9089_-0.236816
0.867417_20.7905_-0.243706
1.35288_20.6709_-0.236816
1.83739_20.5668_-0.161358
2.33034_20.4946_-0.113216
2.82719_20.4416_-0.0925544
3.32503_20.3988_-0.0718927
3.82378_20.3641_-0.0650034
4.30786_20.3119_-0.19423
4.78939_20.2023_-0.283255
5.26546_20.0554_-0.331397
5.73549_19.8877_-0.365814
6.20196_19.7077_-0.372703
6.66253_19.5498_-0.243477
7.13961_19.4526_-0.114251
7.62525_19.4176_0.0149754
8.11134_19.4455_0.144201
8.58977_19.5359_0.273428
9.06373_19.6474_0.144201
9.5481_19.6968_0.0149754
10.0348_19.6835_-0.114251
10.5157_19.6075_-0.243477
10.9829_19.4702_-0.372703
11.4434_19.3123_-0.243477
11.926_19.2074_-0.154451
12.4186_19.1411_-0.0926249
12.916_19.1006_-0.0582083
13.415_19.075_-0.0375465
13.9004_19.0361_-0.166773
14.3767_18.935_-0.295999
14.8359_18.7734_-0.425225
15.2706_18.5539_-0.554451
15.6733_18.2802_-0.683677
16.0634_17.989_-0.554451
16.4879_17.7504_-0.425225
16.9395_17.5685_-0.295999
17.4145_17.4411_-0.193482
17.9041_17.3555_-0.131655
18.3837_17.2712_-0.260882
18.8483_17.1258_-0.390108
19.2993_16.9246_-0.479133
19.7356_16.6865_-0.54096
20.1605_16.4246_-0.575376
20.5694_16.1446_-0.650834
20.9608_15.8365_-0.698977
21.3392_15.511_-0.733393
21.7098_15.1755_-0.740282
22.0782_14.8374_-0.747172
22.3688_14.5857_-0.645151
22.5139_14.48_-0.597541
22.5778_14.4372_-0.577137
22.5993_14.4232_-0.570336
22.6209_14.4094_-0.563535
23.0212_14.1321_-0.692761
23.3823_13.8056_-0.821987
23.6983_13.4352_-0.951213
23.9731_13.0249_-1.04024
24.2158_12.5911_-1.10206
24.454_12.1664_-0.972839
24.7449_11.776_-0.843613
25.0837_11.4263_-0.714386
25.4647_11.1232_-0.58516
25.8816_10.8717_-0.455934
26.3093_10.639_-0.58516
26.7034_10.3531_-0.714386
27.0574_10.0188_-0.843613
27.3654_9.64171_-0.972839
27.6222_9.22804_-1.10206
27.8322_8.78109_-1.19109
27.9933_8.32164_-1.32032
28.0939_7.84526_-1.44954
28.1323_7.35988_-1.57877
28.1258_7.12921_-1.63998
28.097_6.63095_-1.60556
28.0831_6.13148_-1.5849
28.0968_5.64478_-1.45568
28.1732_5.16392_-1.32645
28.3109_4.69691_-1.19722
