configuration -3.08480739594_22.5642471313_-0.424155304833_0.905589464041_28.1138801575_4.40596151352_-0.254607913402_0.967044368389
length 46.702
time 0.283254
roughness 0.000466355
-3.08481_22.5642_-0.876058
-2.75754_22.2038_-0.746832
-2.38654_21.8884_-0.617606
-1.978_21.6236_-0.488379
-1.53874_21.4135_-0.359153
-1.07607_21.2619_-0.229927
-0.597715_21.1711_-0.100701
-0.111652_21.1427_0.028525
0.374014_21.1772_0.157751
0.851185_21.274_0.286977
1.3119_21.4315_0.416203
1.76965_21.6326_0.409314
2.22877_21.8305_0.402425
2.68924_22.0253_0.395536
3.15016_22.219_0.402425
3.61063_22.4137_0.395536
4.05157_22.6202_0.524762
4.47148_22.8801_0.613787
4.87411_23.1735_0.661929
5.26425_23.4848_0.696346
5.64537_23.8079_0.717008
6.02148_24.1373_0.723897
6.39531_24.4693_0.730786
6.76837_24.8021_0.723897
7.11917_25.1398_0.853123
7.42353_25.5198_0.982349
7.71071_25.913_0.853123
8.04616_26.2659_0.723897
8.42429_26.5726_0.594671
8.8388_26.828_0.465445
9.28276_27.0279_0.336219
9.74879_27.169_0.206993
10.2291_27.2487_0.0777664
10.7157_27.266_-0.0514597
11.2004_27.2203_-0.180686
11.6753_27.1126_-0.309912
12.1501_26.957_-0.330574
12.6226_26.7936_-0.337463
13.094_26.627_-0.344352
13.5642_26.4571_-0.351241
14.0332_26.284_-0.358131
14.4816_26.0942_-0.487357
14.9017_25.8481_-0.616583
15.2867_25.55_-0.745809
15.63_25.2048_-0.875035
15.926_24.8182_-1.00426
16.1933_24.3957_-1.01115
16.4578_23.9714_-1.01804
16.7193_23.5453_-1.02493
16.9779_23.1174_-1.03182
17.2335_22.6877_-1.03871
17.4981_22.279_-0.909481
17.8131_21.9077_-0.780255
18.1734_21.5802_-0.651029
18.5728_21.3018_-0.521803
19.0048_21.0772_-0.392577
19.4526_20.8738_-0.495093
19.885_20.6288_-0.55692
20.3037_20.3587_-0.605062
20.7109_20.0701_-0.639479
21.1097_19.7692_-0.66014
21.4813_19.4546_-0.789367
21.8093_19.0947_-0.918593
22.0913_18.6946_-1.03451
22.3365_18.2622_-1.09634
22.5594_17.8157_-1.13076
22.7853_17.3844_-1.00153
23.0648_16.9858_-0.872304
23.3937_16.62_-0.769788
23.758_16.2841_-0.694329
24.146_15.9715_-0.646187
24.5219_15.6621_-0.775413
24.8549_15.3069_-0.90464
25.1392_14.9117_-1.03387
25.3703_14.4831_-1.16309
25.5443_14.0284_-1.29232
25.6806_13.5473_-1.29921
25.8136_13.0654_-1.3061
25.9433_12.5825_-1.31299
26.0719_12.0994_-1.3061
26.2016_11.6166_-1.31299
26.3456_11.1514_-1.18376
26.5483_10.7088_-1.05453
26.8064_10.2959_-0.925307
27.1155_9.91972_-0.796081
27.471_9.58324_-0.68016
27.8362_9.26126_-0.809386
28.1569_8.89489_-0.938613
28.4277_8.49026_-1.06784
28.6441_8.0541_-1.19706
28.8025_7.5937_-1.32629
28.9002_7.11672_-1.45552
28.9357_6.63112_-1.58474
28.9083_6.145_-1.71397
28.8593_5.66058_-1.58474
28.8731_5.17389_-1.45552
