configuration -3.08480739594_22.5642471313_-0.424155304833_0.905589464041_28.1138801575_4.40596151352_-0.254607913402_0.967044368389
length 47.9087
time 0.625631
roughness 0.000369602
-3.08481_22.5642_-0.876058
-2.75754_22.2038_-0.746832
-2.38654_21.8884_-0.617606
-1.97618_21.6174_-0.515089
-1.5387_21.3815_-0.453262
-1.08754_21.1681_-0.418846
-0.634743_20.9891_-0.28962
-0.162657_20.8699_-0.160393
0.320848_20.8126_-0.0311673
0.807707_20.8181_0.0980588
1.2898_20.8862_0.227285
1.77584_21.0022_0.247947
2.26023_21.126_0.254836
2.74375_21.2531_0.261725
3.22639_21.3836_0.268614
3.70812_21.5174_0.275504
4.18184_21.6299_0.146277
4.66611_21.6804_0.0170513
5.15284_21.668_-0.112175
5.63681_21.5947_-0.228096
6.11659_21.4706_-0.303554
6.57464_21.3055_-0.43278
7.01386_21.0843_-0.535297
7.43608_20.822_-0.597123
7.84556_20.5367_-0.63154
8.24681_20.2389_-0.652202
8.64594_19.9601_-0.522975
9.07768_19.735_-0.393749
9.53482_19.5674_-0.264523
10.0097_19.4601_-0.135297
10.4945_19.415_-0.006071
10.9935_19.4062_-0.0404876
11.4927_19.3825_-0.0611494
11.9916_19.3508_-0.0680386
12.4903_19.3157_-0.0749278
12.9888_19.2771_-0.081817
13.4753_19.258_0.0474091
13.9603_19.3016_0.176635
14.4355_19.4074_0.305861
14.8932_19.5736_0.435087
15.3256_19.7973_0.564314
15.732_20.0742_0.66683
16.1162_20.3896_0.728657
16.4825_20.7273_0.776799
16.8365_21.08_0.797461
17.183_21.4399_0.818123
17.5306_21.7809_0.688896
17.9192_22.0742_0.55967
18.3424_22.315_0.430444
18.7931_22.4992_0.301218
19.2638_22.6238_0.171992
19.7395_22.7274_0.301218
20.1266_22.863_0.41004
20.2203_22.9047_0.437246
20.2435_22.9156_0.444047
20.2666_22.9267_0.450848
20.7135_23.1201_0.321622
21.1815_23.2542_0.192396
21.6629_23.327_0.0631699
22.1497_23.3371_-0.0660562
22.6337_23.2844_-0.195282
23.1069_23.1698_-0.324508
23.5614_22.9951_-0.453735
23.9896_22.7634_-0.582961
24.3844_22.4783_-0.712187
24.7391_22.1448_-0.841413
25.0479_21.7684_-0.970639
25.3056_21.3553_-1.09987
25.5193_20.9082_-1.17532
25.7039_20.4454_-1.22347
25.8707_19.9744_-1.24413
26.023_19.5001_-1.29227
26.1547_19.0187_-1.32669
26.2721_18.533_-1.34735
26.3795_18.045_-1.36801
26.4791_17.555_-1.3749
26.5706_17.0644_-1.40932
26.6475_16.5707_-1.42998
26.7166_16.0755_-1.43687
26.7822_15.5799_-1.44376
26.8444_15.0838_-1.45064
26.9141_14.5917_-1.38882
27.01_14.1019_-1.3544
27.1207_13.6147_-1.33374
27.2414_13.1298_-1.31308
27.3699_12.6466_-1.30619
27.4875_12.1652_-1.38165
27.5733_11.6744_-1.42979
27.6378_11.1795_-1.46421
27.6876_10.6823_-1.48487
27.7293_10.1841_-1.49176
27.7676_9.68564_-1.49865
27.8025_9.1869_-1.50554
27.834_8.68792_-1.51242
27.8643_8.18888_-1.50554
27.8981_7.69006_-1.49865
27.9126_7.20338_-1.62787
27.8642_6.7189_-1.7571
27.7538_6.24469_-1.88632
27.5833_5.78865_-2.01555
27.3553_5.3584_-2.14478
