configuration 46.8230323792_-26.2805175781_0.619899316938_0.784681360082_54.818611145_35.6322822571_0.774404309534_0.632691050494
length 73.1797
time 2.12444
roughness 0.000243386
46.823_-26.2805_1.33723
46.9461_-25.7977_1.28909
47.0883_-25.3187_1.26842
47.2383_-24.8418_1.26154
47.3915_-24.3659_1.25465
47.5481_-23.8911_1.24776
47.691_-23.4184_1.33678
47.7987_-22.932_1.38492
47.8853_-22.4405_1.41934
47.9573_-21.946_1.44
48.0214_-21.4502_1.44689
48.102_-20.97_1.31767
48.2438_-20.5042_1.18844
48.4444_-20.0606_1.05921
48.7006_-19.6465_0.929988
48.7942_-19.5244_0.88918
49.1167_-19.1596_0.759954
49.4835_-18.8395_0.630727
49.8886_-18.5693_0.501501
50.325_-18.3535_0.372275
50.7857_-18.1958_0.243049
51.2695_-18.0886_0.167591
51.7457_-17.9871_0.296817
52.2049_-17.8251_0.426043
52.6393_-17.6053_0.555269
52.8116_-17.494_0.60968
53.1986_-17.1986_0.738906
53.5443_-16.8557_0.868133
53.843_-16.4712_0.997359
54.0895_-16.0513_1.12658
54.224_-15.7464_1.215
54.3741_-15.2832_1.34423
54.4632_-14.8045_1.47345
54.49_-14.3184_1.60268
54.4539_-13.8328_1.73191
54.3555_-13.356_1.86113
54.2002_-12.8872_1.95016
54.0067_-12.4294_2.01199
53.7884_-11.9806_2.0464
53.5566_-11.5379_2.06706
53.3156_-11.1002_2.08773
53.0932_-10.6671_1.9585
52.9284_-10.2089_1.82927
52.824_-9.73337_1.70005
52.7724_-9.24049_1.62459
52.7536_-8.74263_1.57645
52.7715_-8.25607_1.44722
52.8448_-7.76596_1.37176
52.9491_-7.27789_1.33735
53.0681_-6.79258_1.31668
53.197_-6.30983_1.29602
53.3144_-5.83224_1.39854
53.3895_-5.34091_1.46037
53.4388_-4.84427_1.49478
53.4733_-4.34579_1.51544
53.4998_-3.84653_1.52233
53.544_-3.36165_1.39311
53.6503_-2.8865_1.26388
53.8169_-2.42901_1.13465
54.0411_-1.99681_1.00543
54.3192_-1.59711_0.876203
54.6464_-1.23657_0.746976
55.0173_-0.921203_0.61775
55.4258_-0.656269_0.488524
55.8651_-0.446185_0.359298
56.3277_-0.294456_0.230072
56.7966_-0.163431_0.359298
57.2448_0.0269299_0.488524
57.6646_0.273454_0.61775
58.0492_0.572029_0.746976
58.3921_0.917676_0.876203
58.6877_1.30463_1.00543
58.9308_1.72644_1.13465
59.1176_2.17607_1.26388
59.2449_2.64603_1.39311
59.3106_3.12847_1.52233
59.3405_3.62666_1.48792
59.3853_4.12432_1.46725
59.4381_4.62148_1.46037
59.4943_5.11827_1.45348
59.554_5.61466_1.44659
59.6102_6.11058_1.481
59.6515_6.60853_1.50167
59.6826_7.10724_1.52233
59.7057_7.60667_1.52922
59.7253_8.10624_1.53611
59.7506_8.60381_1.48796
59.7976_9.10068_1.45355
59.8594_9.5965_1.43289
59.9315_10.0909_1.41222
60.0116_10.5845_1.40533
60.0928_11.0778_1.41222
60.1707_11.5716_1.41911
60.2451_12.066_1.426
60.3161_12.5609_1.43289
60.3837_13.0563_1.43978
60.4501_13.5518_1.43289
60.52_14.0469_1.426
60.5933_14.5415_1.41911
60.6699_15.0355_1.41222
60.75_15.529_1.40533
60.8419_16.0175_1.34351
60.96_16.5024_1.30909
61.0926_16.9842_1.28843
61.2351_17.4631_1.26777
61.3854_17.9399_1.26088
61.5483_18.408_1.18542
61.7412_18.8683_1.151
61.948_19.3231_1.13034
62.1641_19.7736_1.10968
62.3876_20.2209_1.10279
62.5886_20.6643_1.23202
62.7308_21.13_1.36124
62.8118_21.6101_1.49047
62.8303_22.0966_1.6197
62.7859_22.5815_1.74892
62.6794_23.0566_1.87815
62.5136_23.5171_1.99407
62.3002_23.966_2.05589
62.0625_24.4048_2.09031
61.8114_24.8369_2.11097
61.5515_25.2636_2.13163
61.2846_25.6864_2.13852
61.0148_26.1073_2.14541
60.7421_26.5263_2.1523
60.4684_26.9447_2.14541
60.1997_27.366_2.12475
59.9377_27.7918_2.11786
59.6786_28.2194_2.11097
59.4205_28.6476_2.11786
59.1614_29.0752_2.11097
58.9289_29.503_1.98175
58.7535_29.9572_1.85252
58.6381_30.4302_1.72329
58.5846_30.9141_1.59407
58.5939_31.4009_1.46484
58.6248_31.8869_1.59407
58.5929_32.3727_1.72329
58.4986_32.8504_1.85252
58.3435_33.3119_1.98175
58.1303_33.7496_2.11097
57.8624_34.1562_2.2402
57.5444_34.5249_2.36943
57.1815_34.8495_2.49865
56.7798_35.1246_2.62788
56.3446_35.3487_2.7438
55.8882_35.5181_2.87302
55.4137_35.6273_3.00225
54.9291_35.6745_3.13148
54.4424_35.6587_3.2607
53.957_35.6214_3.13148
