configuration -17.6504554749_-22.9172973633_0.256229049699_0.256229049699_76.2194671631_43.7661514282_0.386216847154_0.922408015454
length 122.153
time 2.76479
roughness 9.88851e-05
-17.6505_-22.9173_0.150019
-17.1606_-22.8329_0.211845
-16.6739_-22.7224_0.246262
-16.1902_-22.5973_0.266923
-15.7091_-22.4622_0.287585
-15.23_-22.3192_0.294474
-14.7619_-22.1621_0.3835
-14.3029_-21.9683_0.431642
-13.8505_-21.7561_0.452304
-13.4026_-21.5346_0.472966
-12.9581_-21.3059_0.479855
-12.5361_-21.063_0.609081
-12.1489_-20.7678_0.738307
-11.803_-20.4251_0.867533
-11.5041_-20.0407_0.996759
-11.2573_-19.621_1.12599
-11.0294_-19.1908_0.996759
-10.7479_-18.7935_0.867533
-10.4176_-18.4358_0.738307
-10.0428_-18.1116_0.662849
-9.64523_-17.8113_0.614707
-9.23592_-17.5476_0.485481
-8.79605_-17.3389_0.356254
-8.33294_-17.1886_0.227028
-7.85433_-17.0992_0.0978022
-7.36571_-17.07_-0.0181186
-6.86905_-17.0892_-0.0799451
-6.37205_-17.1348_-0.114362
-5.87605_-17.1952_-0.135024
-5.3814_-17.2659_-0.155685
-4.88766_-17.3445_-0.162574
-4.40428_-17.4029_-0.0333484
-3.91741_-17.3985_0.0958777
-3.43517_-17.3314_0.225104
-2.96255_-17.204_0.341025
-2.49765_-17.0282_0.402851
-2.04674_-16.8226_0.478309
-1.60633_-16.5878_0.512726
-1.17261_-16.3397_0.533388
-0.742682_-16.0845_0.540277
-0.314522_-15.8263_0.547166
0.106743_-15.5603_0.595308
0.516738_-15.2758_0.629725
0.918531_-14.9787_0.650387
1.31573_-14.6751_0.657276
1.71083_-14.3687_0.664165
2.10381_-14.0596_0.671054
2.49465_-13.7478_0.677944
2.88333_-13.4334_0.684833
3.27129_-13.118_0.677944
3.65997_-12.8036_0.684833
4.05062_-12.5086_0.568912
4.47478_-12.2495_0.507085
4.91381_-12.0122_0.472669
5.36025_-11.7877_0.452007
5.81123_-11.5726_0.431345
6.25077_-11.352_0.533862
6.67336_-11.0903_0.595689
7.08325_-10.8056_0.630105
7.48493_-10.5084_0.650767
7.88201_-10.2046_0.657656
8.277_-9.89809_0.664545
8.67127_-9.59067_0.657656
9.06625_-9.28415_0.664545
9.46053_-8.97673_0.657656
9.85551_-8.67021_0.664545
10.2531_-8.37724_0.57552
10.6753_-8.11281_0.527378
11.1088_-7.86432_0.506716
11.5465_-7.62269_0.499827
11.9858_-7.38408_0.492938
12.4241_-7.17206_0.363712
12.8906_-7.01005_0.274686
13.3717_-6.88508_0.21286
13.8607_-6.78525_0.178443
14.353_-6.69994_0.157781
14.8332_-6.60465_0.273702
15.3088_-6.4605_0.335529
15.7782_-6.29078_0.369945
16.2428_-6.10692_0.390607
16.7035_-5.91349_0.411269
17.1412_-5.70011_0.540495
17.5476_-5.4321_0.669721
17.9162_-5.11395_0.798947
18.2694_-4.76254_0.750805
18.637_-4.42417_0.730143
19.0103_-4.09157_0.723254
19.3859_-3.76154_0.716365
19.7637_-3.4341_0.709476
20.1468_-3.11565_0.661333
20.5433_-2.81149_0.640672
20.9459_-2.51558_0.62001
21.3535_-2.22602_0.613121
21.763_-1.93927_0.606231
22.1745_-1.65535_0.599342
22.588_-1.37427_0.592453
23.0034_-1.09604_0.585564
23.4194_-0.81877_0.592453
23.8348_-0.540545_0.585564
24.2409_-0.256407_0.661022
24.6313_0.0544875_0.695439
25.0127_0.377271_0.7161
25.3874_0.707866_0.736762
25.7569_1.04464_0.743651
26.1289_1.376_0.695509
26.5157_1.69139_0.661093
26.9123_1.99545_0.640431
27.3138_2.29328_0.633542
27.7174_2.58833_0.626652
28.0994_2.89032_0.755878
28.4514_3.23917_0.831337
28.7812_3.61259_0.879479
29.0949_4.00071_0.913895
29.3973_4.39848_0.934557
29.7028_4.78394_0.83204
30.0449_5.14445_0.770214
30.4071_5.48783_0.735797
30.7798_5.82064_0.715135
31.158_6.14761_0.708246
31.5422_6.45471_0.605729
31.9565_6.72925_0.543903
32.3865_6.98261_0.509486
32.8244_7.2233_0.488825
33.2663_7.45706_0.481935
33.7019_7.69643_0.543762
34.126_7.95952_0.578179
34.5426_8.23546_0.59884
34.9549_8.51823_0.605729
35.3653_8.80383_0.612619
35.7737_9.09226_0.619508
36.18_9.38349_0.626397
36.5844_9.67751_0.633286
36.9867_9.97431_0.640176
37.387_10.2739_0.647065
37.7876_10.5507_0.517839
38.2218_10.7766_0.401918
38.6832_10.9616_0.340091
39.1555_11.1226_0.305675
39.6331_11.2697_0.285013
40.0941_11.4263_0.414239
40.5343_11.6403_0.53016
40.9579_11.9004_0.591986
41.3668_12.185_0.640129
41.7655_12.4862_0.66079
42.1622_12.7684_0.531564
42.5956_13.0089_0.456106
43.0463_13.2211_0.407964
43.5063_13.4162_0.387302
43.9697_13.6039_0.380413
44.4322_13.771_0.277896
44.9129_13.8975_0.21607
45.4016_13.9989_0.181653
45.8936_14.0858_0.160991
46.3874_14.1625_0.140329
46.8662_14.251_0.269556
47.3296_14.4004_0.398782
47.7698_14.6083_0.528008
48.1889_14.8696_0.617033
48.5906_15.1643_0.665175
48.988_15.4603_0.589717
49.406_15.7331_0.555301
49.8324_15.9936_0.534639
50.264_16.2452_0.513977
50.7_16.49_0.507088
51.1352_16.7082_0.377862
51.595_16.8685_0.248636
52.0716_16.9682_0.119409
52.557_17.0057_-0.00981665
53.0432_16.9803_-0.139043
53.5221_16.8924_-0.268269
53.9857_16.7436_-0.397495
54.4262_16.5363_-0.526721
54.7307_16.3462_-0.62194
54.7929_16.301_-0.642345
55.1948_16.0261_-0.513118
55.6287_15.8053_-0.383892
56.0875_15.6422_-0.254666
56.5635_15.5396_-0.12544
57.0487_15.4993_0.0037861
57.535_15.5217_0.133012
58.0145_15.6067_0.262238
58.4789_15.7527_0.391464
58.9207_15.9574_0.520691
59.3324_16.2173_0.649917
59.7105_16.5282_0.765837
60.0617_16.88_0.827664
60.3928_17.2522_0.875806
60.7102_17.6381_0.896468
61.0214_18.0294_0.903357
61.328_18.424_0.924019
61.6264_18.8248_0.944681
61.9184_19.2306_0.95157
62.2077_19.6384_0.958459
62.4941_20.0481_0.965348
62.7734_20.4617_0.999765
63.0406_20.884_1.02043
63.3011_21.3107_1.02732
63.5586_21.7392_1.03421
63.8132_22.1695_1.04109
64.0412_22.5997_1.17032
64.2119_23.0557_1.29955
64.3223_23.5299_1.42877
64.3708_24.0144_1.558
64.3563_24.5011_1.68722
64.3203_24.9866_1.558
64.3472_25.4728_1.42877
64.4365_25.9514_1.29955
64.5867_26.4146_1.17032
64.7925_26.8635_1.08129
65.0338_27.2994_1.03315
65.2926_27.7268_1.01249
65.5602_28.1487_0.991829
65.8348_28.5666_0.98494
66.1121_28.9825_0.978051
66.3924_29.3966_0.971162
66.6755_29.8087_0.964272
66.9595_30.2201_0.971162
67.2407_30.6335_0.978051
67.521_31.0475_0.971162
67.8041_31.4596_0.964272
68.0881_31.871_0.971162
68.3693_32.2844_0.978051
68.6496_32.6985_0.971162
68.9327_33.1106_0.964272
69.2203_33.5191_0.943611
69.5147_33.9233_0.936722
69.8118_34.3254_0.929832
70.1117_34.7254_0.922943
70.4125_35.1248_0.929832
70.7039_35.5288_0.977974
70.9802_35.9451_0.998636
71.2479_36.3671_1.0193
71.4883_36.7935_1.13522
71.6912_37.2485_1.18336
71.8941_37.6911_1.05413
72.1524_38.1038_0.924909
72.4616_38.4799_0.795683
72.8168_38.8129_0.666456
73.2126_39.1169_0.63204
73.6173_39.3877_0.502814
74.0535_39.604_0.373588
74.4988_39.8008_0.502814
74.9151_40.0533_0.63204
75.1979_40.2742_0.727259
75.5476_40.6131_0.856485
75.8507_40.9941_0.985711
76.1021_41.411_1.11494
76.2977_41.8569_1.24416
76.4343_42.3243_1.37339
