configuration 46.8230323792_-26.2805175781_0.619899316938_0.784681360082_54.818611145_35.6322822571_0.774404309534_0.632691050494
length 78.5018
time 2.45942
roughness 0.000260251
46.823_-26.2805_1.33723
46.9461_-25.7977_1.28909
47.0883_-25.3187_1.26842
47.2383_-24.8418_1.26154
47.3915_-24.3659_1.25465
47.5481_-23.8911_1.24776
47.7155_-23.4231_1.18593
47.9173_-22.98_1.0567
48.1744_-22.5665_0.927478
48.4827_-22.1897_0.798252
48.837_-21.8557_0.669026
49.2314_-21.5702_0.5398
49.6593_-21.3379_0.410574
50.1136_-21.1627_0.281348
50.5945_-21.0272_0.260686
51.0764_-20.9115_0.185228
51.5675_-20.8276_0.137086
52.0466_-20.7407_0.266312
52.5105_-20.5928_0.395538
52.9514_-20.3863_0.524764
53.3621_-20.1247_0.65399
53.742_-19.8125_0.756507
54.0816_-19.4636_0.885733
54.3735_-19.0738_1.01496
54.6126_-18.6497_1.14419
54.8289_-18.2038_1.06873
55.0756_-17.771_1.02059
55.3124_-17.3456_1.14981
55.4923_-16.8932_1.27904
55.6125_-16.4213_1.40826
55.6709_-15.9379_1.53749
55.6664_-15.4511_1.66672
55.5993_-14.9688_1.79594
55.4706_-14.4993_1.92517
55.2824_-14.0502_2.05439
55.038_-13.6291_2.18362
54.7751_-13.2193_2.05439
54.5671_-12.7791_1.92517
54.4122_-12.3123_1.82265
54.3007_-11.8294_1.74719
54.2212_-11.3376_1.69905
54.1385_-10.8578_1.82828
53.9947_-10.3926_1.9575
53.7921_-9.94988_2.08673
53.5342_-9.53693_2.21596
53.3591_-9.31582_2.29077
53.0286_-8.9407_2.29766
52.6955_-8.56786_2.30455
52.3615_-8.19578_2.29766
52.0284_-7.82294_2.30455
51.6928_-7.4524_2.31144
51.3798_-7.07946_2.18221
51.1174_-6.66929_2.05299
50.9101_-6.22874_1.92376
50.7613_-5.76514_1.79453
50.6735_-5.28623_1.66531
50.6481_-4.8_1.53608
50.6857_-4.31456_1.40686
50.7854_-3.838_1.27763
50.9457_-3.37826_1.1484
51.164_-2.94302_1.01918
51.4304_-2.52099_0.98476
51.7112_-2.10837_0.950344
52.0108_-1.72458_0.821118
52.3573_-1.3826_0.691891
52.7451_-1.08814_0.562665
53.1676_-0.846097_0.433439
53.6177_-0.660515_0.304213
54.088_-0.534488_0.174987
54.5706_-0.470118_0.0457608
55.0575_-0.468477_-0.0834653
55.544_-0.48847_0.0457608
56.029_-0.445605_0.174987
56.5044_-0.340597_0.304213
56.9623_-0.175198_0.433439
57.3951_0.0478352_0.562665
57.7956_0.324783_0.691891
58.157_0.651026_0.821118
58.4734_1.02112_0.950344
58.7394_1.42891_1.07957
58.9594_1.87102_1.1686
59.1309_2.32673_1.29782
59.2474_2.80453_1.40034
59.324_3.29681_1.44848
59.3792_3.79283_1.4829
59.4197_4.29086_1.50356
59.4611_4.78734_1.45542
59.5242_5.28242_1.421
59.6022_5.77597_1.40034
59.6881_6.26849_1.39345
59.7775_6.76041_1.38656
59.8804_7.24517_1.3111
60.016_7.72457_1.26296
60.1707_8.19969_1.2423
60.3352_8.67152_1.22164
60.5073_9.14093_1.21475
60.6735_9.61061_1.26289
60.8192_10.0879_1.29731
60.9509_10.5699_1.31797
61.0748_11.0543_1.32486
61.1955_11.5395_1.33175
61.2957_12.021_1.43426
61.3508_12.5135_1.50972
61.3756_13.0119_1.54414
61.3832_13.511_1.57855
61.3758_14.0106_1.59922
61.3826_14.4974_1.46999
61.4468_14.9871_1.38096
61.5486_15.4748_1.33282
61.6718_15.9584_1.29841
61.8096_16.4387_1.27774
61.9433_16.9174_1.33957
62.0521_17.4045_1.37399
62.1465_17.8952_1.39465
62.2306_18.3877_1.41531
62.3069_18.8818_1.4222
62.3585_19.366_1.55143
62.3494_19.8554_1.66735
62.2893_20.3473_1.7428
62.1982_20.838_1.77722
62.0924_21.3263_1.79788
61.9671_21.804_1.88691
61.8047_22.275_1.93505
61.6235_22.7406_1.95571
61.4327_23.2024_1.97637
61.2343_23.6614_1.98326
61.0291_24.1163_2.01768
60.81_24.5654_2.03834
60.5837_25.0112_2.04523
60.3542_25.4554_2.05212
60.1218_25.898_2.05901
59.9118_26.3373_1.92978
59.7547_26.8034_1.82727
59.6385_27.2866_1.76544
59.5476_27.7774_1.73102
59.4713_28.2712_1.71036
59.4241_28.7558_1.58114
59.4397_29.2424_1.45191
59.5178_29.723_1.32268
59.6573_30.1895_1.19346
59.8557_30.6341_1.06423
60.0737_31.0695_1.19346
60.2337_31.5293_1.32268
60.3332_32.0059_1.45191
60.3704_32.4914_1.58114
60.3448_32.9776_1.71036
60.2566_33.4565_1.83959
60.1076_33.92_1.96881
59.9_34.3604_2.09804
59.6374_34.7704_2.22727
59.3242_35.1432_2.35649
58.9655_35.4724_2.48572
58.5674_35.7527_2.61494
58.1365_35.9794_2.74417
57.68_36.1487_2.8734
57.2054_36.2577_3.00262
56.7208_36.3046_3.13185
56.2342_36.2887_3.26107
55.7487_36.2512_3.13185
55.2625_36.2766_3.00262
54.8086_36.3588_2.8802
