configuration 72.6459350586_2.13817882538_-0.994211695618_0.107438839792_19.5581073761_50.1696281433_0.955633460234_0.294558465643
length 100.663
time 1.76474
roughness 0.000194216
72.6459_2.13818_-2.9263
72.1663_2.05441_-3.05553
71.6799_2.03315_-3.18475
71.1948_2.07476_-3.31398
70.7134_2.17546_-3.41649
70.2379_2.32018_-3.47832
69.7719_2.46143_-3.34909
69.2917_2.54145_-3.21987
68.8051_2.55892_-3.09064
68.3129_2.51926_-3.00162
67.8222_2.43982_-2.93979
67.3415_2.36253_-3.06902
66.8548_2.34784_-3.19824
66.3703_2.39598_-3.32747
65.8961_2.50616_-3.4567
65.4339_2.67431_-3.55921
64.9809_2.85274_-3.42999
64.5086_2.97132_-3.30076
64.0227_3.03041_-3.18484
63.5258_3.04169_-3.12301
63.027_3.0267_-3.0886
62.5423_2.98033_-2.95937
62.0676_2.87189_-2.83014
61.6109_2.70318_-2.70092
61.1797_2.47702_-2.57169
60.7813_2.19718_-2.44247
60.4222_1.86833_-2.31324
60.1086_1.49595_-2.18401
59.8455_1.08625_-2.05479
59.6374_0.646072_-1.92556
59.4878_0.182744_-1.79633
59.3589_-0.286775_-1.92556
59.1705_-0.735768_-2.05479
58.9259_-1.15675_-2.18401
58.6291_-1.5427_-2.31324
58.285_-1.88717_-2.44247
57.8994_-2.18444_-2.57169
57.4787_-2.42953_-2.70092
57.0299_-2.61836_-2.83014
56.5605_-2.74779_-2.95937
56.2057_-2.80177_-3.05459
55.7098_-2.83478_-3.11642
55.2107_-2.84163_-3.15083
54.7111_-2.83357_-3.17149
54.2114_-2.81748_-3.17838
53.7119_-2.79794_-3.18527
53.225_-2.79731_-3.05605
52.7421_-2.85943_-2.92682
52.2533_-2.96487_-2.93371
51.7651_-3.07136_-2.91305
51.3303_-3.17533_-2.89456
50.8637_-3.31429_-2.76533
50.4188_-3.51222_-2.63611
50.0032_-3.76583_-2.50688
49.598_-4.05713_-2.5413
49.1848_-4.33861_-2.54819
48.7699_-4.59352_-2.67741
48.3257_-4.79285_-2.80664
47.8595_-4.93327_-2.93587
47.3791_-5.01244_-3.06509
46.8925_-5.02905_-3.19432
46.4078_-4.9828_-3.32354
45.9331_-4.87449_-3.45277
45.4732_-4.70695_-3.56869
45.0251_-4.49182_-3.63052
44.5872_-4.25237_-3.66493
44.1521_-4.00791_-3.63052
43.7094_-3.77627_-3.60986
43.262_-3.55383_-3.58919
42.8108_-3.33848_-3.58231
42.3581_-3.12624_-3.57542
41.9254_-2.90304_-3.70464
41.5157_-2.62726_-3.79367
41.1246_-2.31863_-3.84181
40.7447_-1.99403_-3.86247
40.3717_-1.66165_-3.88313
40.0269_-1.31787_-4.01236
39.7293_-0.932524_-4.14159
39.4777_-0.509937_-4.2441
39.2625_-0.0618957_-4.30593
39.0705_0.398757_-4.34035
38.8744_0.84443_-4.21112
38.623_1.26441_-4.0952
38.3271_1.66376_-4.03337
38.0092_2.04852_-3.99896
37.6796_2.42407_-3.97829
37.369_2.79906_-4.10752
37.1062_3.21202_-4.22344
36.8818_3.65552_-4.28527
36.6803_4.11211_-4.31968
36.4923_4.57504_-4.34035
36.2962_5.02072_-4.21112
36.0444_5.43741_-4.08189
35.7423_5.83027_-4.00644
35.413_6.20418_-3.95829
35.0684_6.56602_-3.93763
34.7429_6.92807_-4.06686
34.4667_7.32905_-4.19608
34.2329_7.76602_-4.27154
34.0276_8.21994_-4.31968
33.8395_8.68287_-4.34035
33.6684_9.14952_-4.40217
33.5215_9.6265_-4.43659
33.3888_10.1082_-4.45725
33.266_10.5926_-4.47791
33.1509_11.0791_-4.4848
33.0211_11.5484_-4.35558
32.8318_11.997_-4.22635
32.5863_12.4174_-4.09712
32.2887_12.8028_-3.9679
32.0189_13.0767_-3.86588
31.6409_13.3835_-3.73665
31.2265_13.6391_-3.60742
30.7826_13.8392_-3.4782
30.3166_13.9804_-3.34897
29.8363_14.0604_-3.21975
29.3414_14.0867_-3.14429
28.8433_14.0801_-3.09615
28.345_14.0517_-3.06173
27.8472_14.0084_-3.04107
27.3499_13.9571_-3.03418
26.864_13.9254_-3.1634
26.3781_13.9567_-3.29263
25.9003_14.0503_-3.42186
25.4386_14.2046_-3.55108
25.0006_14.4172_-3.68031
24.5936_14.6845_-3.80953
24.2244_15.002_-3.93876
23.8993_15.3644_-4.06799
23.6236_15.7657_-4.19721
23.3959_16.2016_-4.29973
23.1924_16.658_-4.27907
22.9794_17.11_-4.25841
22.7591_17.5588_-4.25152
22.5358_18.0061_-4.24463
22.3093_18.4519_-4.23774
22.0731_18.8892_-4.17591
21.8131_19.3152_-4.1415
21.5402_19.7338_-4.12083
21.2587_20.1466_-4.10017
20.9705_20.5551_-4.09328
20.705_20.9632_-4.22251
20.4943_21.4022_-4.35174
20.342_21.8646_-4.48096
20.2404_22.3497_-4.55642
20.1685_22.8436_-4.59084
20.116_23.339_-4.63898
20.0828_23.8376_-4.65964
20.0599_24.3367_-4.6803
20.045_24.8365_-4.68719
20.0336_25.3363_-4.69408
20.0453_25.823_-4.82331
20.1197_26.3042_-4.95253
20.2554_26.7718_-5.08176
20.4503_27.218_-5.21098
20.6981_27.6472_-5.28644
20.9539_28.0696_-5.19742
21.1766_28.514_-5.13559
21.3763_28.9713_-5.10117
21.5625_29.435_-5.08051
21.7414_29.9019_-5.07362
21.894_30.3642_-4.9444
21.9858_30.8424_-4.81517
22.0196_31.333_-4.71265
22.0096_31.83_-4.65083
21.9731_32.3277_-4.61641
21.9426_32.8186_-4.71893
21.9561_33.3154_-4.78075
21.9981_33.8119_-4.8289
22.0595_34.3077_-4.84956
22.1291_34.8028_-4.85645
22.2193_35.2813_-4.98567
22.3705_35.7441_-5.1149
22.58_36.1836_-5.24413
22.8444_36.5924_-5.37335
23.1589_36.9732_-5.46238
23.4754_37.3432_-5.33315
23.7416_37.7509_-5.20393
23.953_38.1895_-5.0747
24.1061_38.6517_-4.94547
24.1984_39.1297_-4.81625
24.258_39.6244_-4.86439
24.3392_40.1168_-4.89881
24.4352_40.6071_-4.91947
24.5413_41.0954_-4.94013
24.631_41.574_-4.8109
24.6583_42.0601_-4.68168
24.6228_42.5457_-4.55245
24.5249_43.0226_-4.42322
24.3664_43.483_-4.294
24.1526_43.9281_-4.20497
23.8982_44.3433_-4.07575
23.5924_44.7222_-3.94652
23.24_45.0707_-3.87106
22.8633_45.3967_-3.82292
22.4721_45.7066_-3.7885
22.0964_46.0163_-3.91773
21.7604_46.3722_-4.03365
21.459_46.7656_-4.10911
21.183_47.1804_-4.15725
20.9225_47.6068_-4.17791
20.671_48.0385_-4.19857
20.4284_48.4754_-4.21924
20.1799_48.8941_-4.09001
19.8796_49.2806_-3.97409
19.5376_49.6413_-3.91226
