configuration -4.52205276489_51.1520843506_-0.288179288681_0.957576470876_89.803527832_11.5547637939_-0.656431103106_0.754385980036
length 117.738
time 0.945957
roughness 0.000106417
-4.52205_51.1521_-0.58465
-4.10386_50.8977_-0.468729
-3.65627_50.685_-0.393271
-3.19313_50.499_-0.358854
-2.72409_50.3267_-0.338192
-2.25206_50.1619_-0.331303
-1.78201_49.9942_-0.36572
-1.31663_49.8123_-0.386382
-0.853956_49.6228_-0.393271
-0.392601_49.4302_-0.40016
0.0683105_49.2365_-0.393271
0.525535_49.0691_-0.264045
1.00051_48.9621_-0.134819
1.48981_48.9125_-0.0323019
1.98681_48.9066_0.0295247
2.48548_48.9271_0.0639413
2.98434_48.9602_0.0708305
3.48297_48.9967_0.0777197
3.98133_49.0367_0.0846089
4.47941_49.0801_0.0914982
4.97739_49.1246_0.0846089
5.47566_49.1657_0.0777197
5.9742_49.2034_0.0708305
6.47299_49.2376_0.0639413
6.97186_49.2707_0.0708305
7.47065_49.305_0.0639413
7.95742_49.3154_-0.0652848
8.44149_49.2631_-0.194511
8.92518_49.1552_-0.269969
9.40315_49.0147_-0.318111
9.87666_48.8551_-0.338773
10.3423_48.7129_-0.209547
10.8224_48.6319_-0.0803207
11.3156_48.6068_0.00870468
11.8137_48.6191_0.0568468
12.3123_48.6509_0.0775086
12.7989_48.668_-0.0517175
13.2837_48.6223_-0.180944
13.7666_48.5191_-0.269969
14.2446_48.3786_-0.318111
14.7168_48.2171_-0.352528
15.1838_48.063_-0.250011
15.6678_47.9499_-0.188185
16.1592_47.8622_-0.153768
16.6534_47.789_-0.133106
17.1491_47.7238_-0.126217
17.6343_47.6831_0.00300917
18.1279_47.6991_0.0920346
18.6218_47.7549_0.153861
19.1141_47.8371_0.188278
19.6042_47.934_0.20894
20.0844_48.0147_0.0797134
20.5709_48.0328_-0.0495127
21.0558_47.9882_-0.178739
21.5411_47.8879_-0.254197
22.0212_47.7549_-0.302339
22.4918_47.6297_-0.173113
22.9745_47.5663_-0.0438869
23.4614_47.5655_0.0853392
23.9443_47.6276_0.214565
24.4235_47.7469_0.303591
24.8975_47.8779_0.201074
25.3865_47.9672_0.139247
25.8815_48.0308_0.104831
26.3788_48.082_0.0979416
26.8765_48.1297_0.0910524
27.3719_48.183_0.139195
27.8653_48.2579_0.173611
28.3569_48.3476_0.194273
28.8472_48.4452_0.201162
29.3369_48.5462_0.208051
29.8086_48.6669_0.337277
30.2639_48.8464_0.453198
30.7062_49.0731_0.515025
31.1377_49.3239_0.549441
31.5604_49.5894_0.583858
31.9776_49.8403_0.454632
32.4237_50.0354_0.325406
32.8971_50.1821_0.249948
33.382_50.3_0.215531
33.8709_50.4035_0.194869
34.3604_50.4897_0.133043
34.8552_50.5478_0.0849006
35.3533_50.5868_0.0642388
35.8523_50.6177_0.0573496
36.3515_50.6452_0.0504604
36.841_50.6513_-0.0654604
37.3362_50.6086_-0.127287
37.8305_50.5396_-0.161704
38.3231_50.4557_-0.182365
38.8145_50.3639_-0.189255
39.2962_50.2927_-0.0600284
39.783_50.2841_0.0691977
40.2669_50.3383_0.198424
40.7479_50.4499_0.287449
41.2234_50.5987_0.335591
41.6959_50.7528_0.273765
42.1779_50.8822_0.239348
42.6642_50.9973_0.218686
43.1525_51.1046_0.211797
43.6415_51.2086_0.204908
44.1278_51.2948_0.115883
44.6235_51.3445_0.0677405
45.1218_51.3726_0.0333238
45.6213_51.3858_0.0126621
46.1212_51.3909_0.00577288
46.6128_51.3771_-0.0967439
47.1064_51.319_-0.15857
47.5983_51.2345_-0.192987
48.0881_51.1353_-0.213649
48.5764_51.0282_-0.220538
49.0466_50.9017_-0.349764
49.4997_50.7165_-0.465685
49.9391_50.4842_-0.527511
50.3674_50.2281_-0.561928
50.7884_49.9589_-0.58259
51.206_49.7085_-0.453364
51.6523_49.514_-0.324138
52.12_49.3787_-0.194912
52.6013_49.3047_-0.0656854
53.088_49.2933_0.0635407
53.5722_49.3448_0.192767
54.0457_49.4583_0.321993
54.5006_49.6318_0.451219
54.9294_49.8625_0.580445
55.3248_50.1465_0.709671
55.7073_50.4478_0.580445
56.1254_50.6973_0.451219
56.5722_50.8909_0.321993
57.0401_51.0252_0.192767
57.5215_51.0982_0.0635407
58.0083_51.1085_-0.0656854
58.4924_51.056_-0.194912
58.9656_50.9415_-0.324138
59.4202_50.767_-0.453364
59.8575_50.5377_-0.542389
60.2699_50.2698_-0.644906
60.6609_49.9629_-0.706732
61.0367_49.6345_-0.741149
61.403_49.2946_-0.761811
61.764_48.9487_-0.7687
62.1165_48.5966_-0.816842
62.456_48.23_-0.837504
62.7898_47.8578_-0.844393
63.121_47.4833_-0.851282
63.4496_47.1065_-0.858172
63.7833_46.7519_-0.728946
64.1612_46.434_-0.63992
64.5655_46.1429_-0.591778
64.9829_45.8693_-0.557361
65.4087_45.6079_-0.5367
65.8196_45.3418_-0.65262
66.2056_45.0311_-0.728079
66.5744_44.6947_-0.762495
66.9333_44.3471_-0.783157
67.285_43.9921_-0.803819
67.6377_43.644_-0.72836
68.0148_43.3184_-0.680218
68.4054_43.0068_-0.659557
68.8023_42.7034_-0.638895
69.2044_42.4061_-0.632006
69.5911_42.1023_-0.734522
69.9531_41.7617_-0.796349
70.298_41.401_-0.830766
70.6324_41.0297_-0.851427
70.9609_40.6529_-0.858317
71.2946_40.2982_-0.72909
71.6711_39.9895_-0.599864
72.0843_39.732_-0.470638
72.5272_39.5298_-0.341412
72.9925_39.3863_-0.212186
73.4637_39.2637_-0.341412
73.9151_39.0814_-0.470638
74.3426_38.843_-0.586559
74.7484_38.5584_-0.662017
75.1385_38.2471_-0.696434
75.5213_37.9255_-0.703323
75.9033_37.6031_-0.696434
76.2862_37.2815_-0.703323
76.6682_36.959_-0.696434
77.051_36.6374_-0.703323
77.4209_36.3075_-0.778781
77.7698_35.9519_-0.826923
78.1035_35.5808_-0.86134
78.4283_35.2007_-0.868229
78.7505_34.8184_-0.875118
79.0497_34.431_-0.991039
79.3134_34.0097_-1.05287
79.5555_33.5733_-1.08728
79.7847_33.1293_-1.10794
80.0069_32.6814_-1.11483
80.2261_32.232_-1.12172
80.4421_31.7811_-1.12861
80.655_31.3288_-1.1355
80.8648_30.8749_-1.14239
81.0735_30.4206_-1.1355
81.2936_29.9766_-1.06004
81.5426_29.5441_-1.02563
81.8046_29.1186_-1.00496
82.0754_28.6987_-0.984303
82.3531_28.2829_-0.977413
82.6317_27.8678_-0.984303
82.9074_27.4507_-0.991192
83.1803_27.0318_-0.998081
83.4503_26.611_-1.00497
83.7193_26.1896_-0.998081
84.0002_25.7919_-0.868855
84.3301_25.4338_-0.739629
84.7045_25.1118_-0.650603
85.1061_24.819_-0.588777
85.5243_24.5466_-0.55436
85.9271_24.273_-0.683586
86.2912_23.9497_-0.812812
86.6139_23.5817_-0.928733
86.9006_23.1775_-1.00419
87.1637_22.7534_-1.03861
87.3928_22.3237_-1.16783
87.5756_21.8631_-1.24329
87.7283_21.3889_-1.29143
87.8604_20.9076_-1.32585
87.9783_20.422_-1.34651
88.1005_19.9418_-1.27105
88.2245_19.4709_-1.40028
88.2867_18.988_-1.52951
88.2861_18.5011_-1.65873
88.2396_18.1195_-1.76075
88.168_17.6379_-1.63153
88.159_17.1511_-1.5023
88.2093_16.6618_-1.39978
88.3039_16.1739_-1.33796
88.4246_15.6896_-1.30354
88.5599_15.2086_-1.28288
88.7051_14.7305_-1.26222
88.858_14.2545_-1.25533
89.0142_13.7796_-1.24844
89.1737_13.3057_-1.24155
89.3222_12.8329_-1.31701
89.4419_12.3484_-1.35143
89.5496_11.8602_-1.35831
