configuration 46.8230323792_-26.2805175781_0.619899316938_0.784681360082_54.818611145_35.6322822571_0.774404309534_0.632691050494
length 74.7838
time 1.41997
roughness 0.000239533
46.823_-26.2805_1.33723
46.9353_-25.7936_1.35789
47.0399_-25.3047_1.36478
47.141_-24.8151_1.37167
47.2388_-24.3248_1.37856
47.3354_-23.8342_1.37167
47.4437_-23.3492_1.30984
47.58_-22.8699_1.2617
47.7352_-22.395_1.24104
47.8982_-21.9223_1.23415
48.0644_-21.4508_1.22726
48.2266_-21.0464_1.11164
48.4085_-20.7077_1.00962
48.6239_-20.3892_0.907595
48.905_-20.0563_0.791972
49.2613_-19.7245_0.662746
49.6575_-19.4415_0.53352
50.0869_-19.2118_0.404294
50.5422_-19.0395_0.275068
51.016_-18.9272_0.145842
51.5003_-18.8769_0.0166154
51.9863_-18.8482_0.145842
52.4646_-18.7571_0.275068
52.9272_-18.6051_0.404294
53.3663_-18.3948_0.53352
53.7746_-18.1296_0.662746
54.1454_-17.8141_0.791972
54.4724_-17.4533_0.921198
54.7502_-17.0535_1.05042
54.9742_-16.6212_1.17965
55.1434_-16.1618_1.29557
55.2558_-15.6881_1.4248
55.3061_-15.2038_1.55402
55.2936_-14.7171_1.68325
55.2186_-14.236_1.81248
55.0821_-13.7686_1.9417
54.9065_-13.3015_1.90729
54.7448_-12.8287_1.88662
54.5929_-12.3527_1.86596
54.4485_-11.874_1.85907
54.3075_-11.3943_1.85218
54.1676_-10.9144_1.85907
54.0243_-10.4353_1.86596
53.8778_-9.95734_1.87285
53.728_-9.48036_1.87974
53.5749_-9.00441_1.88663
53.4434_-8.53561_1.7574
53.3734_-8.05378_1.62818
53.3661_-7.56694_1.49895
53.4198_-7.08041_1.38303
53.5245_-6.59601_1.30757
53.6311_-6.12095_1.4368
53.6757_-5.6361_1.56602
53.6574_-5.14955_1.69525
53.5765_-4.66942_1.82448
53.4744_-4.19336_1.69525
53.4345_-3.70811_1.56602
53.4575_-3.22176_1.4368
53.5429_-2.74242_1.30757
53.6894_-2.2781_1.17835
53.8945_-1.83652_1.04912
53.9705_-1.70099_1.08149
54.2173_-1.28132_0.952267
54.5162_-0.896953_0.823041
54.8626_-0.547877_0.720525
55.2428_-0.227681_0.658698
55.6416_0.0709173_0.610556
56.052_0.332906_0.48133
56.4927_0.539824_0.352104
56.9565_0.688221_0.222877
57.4395_0.780639_0.120361
57.9328_0.827816_0.0449025
58.4179_0.870264_0.174129
58.8934_0.974864_0.303355
59.3515_1.13987_0.432581
59.7845_1.36253_0.561807
60.1851_1.63914_0.691033
60.5468_1.96507_0.820259
60.8635_2.3349_0.949485
61.1299_2.74245_1.07871
61.3475_3.18351_1.18123
61.5293_3.64736_1.22937
61.6727_4.11264_1.3586
61.755_4.59253_1.48782
61.7748_5.07902_1.61705
61.7395_5.57334_1.69251
61.6711_6.06683_1.74065
61.5832_6.55871_1.76131
61.4874_7.04941_1.7682
61.3882_7.53944_1.77509
61.2857_8.02877_1.78198
61.1798_8.51739_1.78887
61.0922_8.99897_1.67295
61.054_9.49308_1.59749
61.0464_9.9921_1.56307
61.0537_10.4917_1.54241
61.0713_10.9911_1.52175
61.0832_11.4865_1.59721
61.0621_11.9843_1.64535
61.0214_12.4823_1.66601
60.9705_12.9794_1.68667
60.9116_13.4758_1.69356
60.8406_13.9678_1.75539
60.7375_14.4525_1.83085
60.6323_14.9279_1.70162
60.5893_15.4129_1.57239
60.6092_15.8994_1.44317
60.6899_16.3822_1.32725
60.8197_16.862_1.26542
60.9771_17.3347_1.21728
61.1533_17.8022_1.19662
61.3371_18.2672_1.18973
61.5241_18.7308_1.18284
61.7143_19.1932_1.17595
61.9205_19.6343_1.04672
62.1801_20.0544_0.957698
62.4732_20.4572_0.909555
62.7842_20.8476_0.875139
63.1071_21.2289_0.854477
63.4109_21.6094_0.983703
63.6632_22.0258_1.11293
63.8684_22.475_1.20195
64.0405_22.9425_1.2501
64.1948_23.4178_1.27076
64.3188_23.8886_1.39998
64.3812_24.3715_1.52921
64.3808_24.8584_1.65844
64.3176_25.3412_1.78766
64.1928_25.8118_1.91689
64.0084_26.2624_2.04612
63.7674_26.6855_2.17534
63.4756_27.086_2.2508
63.1562_27.4684_2.29894
62.8198_27.8371_2.33336
62.4722_28.196_2.35402
62.1186_28.5494_2.36091
61.7626_28.9005_2.3678
61.4042_29.2491_2.37469
61.045_29.5968_2.3678
60.7051_29.9522_2.26528
60.3949_30.3406_2.20346
60.1044_30.7464_2.16904
59.8281_31.162_2.13462
59.564_31.5862_2.11396
59.2949_31.992_2.24319
58.9757_32.3661_2.3457
58.6207_32.7141_2.40753
58.2464_33.0441_2.44195
57.8619_33.3632_2.46261
57.4709_33.6743_2.48327
57.0747_33.9793_2.49016
56.6764_34.2815_2.49705
56.2761_34.581_2.50394
55.8975_34.8872_2.37471
