configuration 46.8230323792_-26.2805175781_0.619899316938_0.784681360082_54.818611145_35.6322822571_0.774404309534_0.632691050494
length 73.44
time 3.15814
roughness 0.000322661
46.823_-26.2805_1.33723
46.942_-25.7952_1.31657
47.071_-25.3125_1.29591
47.2078_-24.8316_1.28902
47.348_-24.3517_1.28213
47.4892_-23.8721_1.28902
47.6314_-23.3931_1.26835
47.7835_-22.9171_1.24769
47.9434_-22.4434_1.2408
48.1065_-21.9708_1.23391
48.2728_-21.4993_1.22702
48.4562_-21.0483_1.0978
48.6962_-20.6246_0.968573
48.9887_-20.2354_0.839347
49.329_-19.8872_0.71012
49.7113_-19.5857_0.580894
50.1293_-19.336_0.451668
50.576_-19.1423_0.322442
51.0439_-19.0077_0.193216
51.5253_-18.9345_0.0639898
52.0094_-18.8828_0.193216
52.4829_-18.7692_0.322442
52.9377_-18.5955_0.451668
53.3664_-18.3646_0.580894
53.5983_-18.2041_0.655709
53.6185_-18.1884_0.662511
54.0041_-17.8747_0.724337
54.374_-17.5397_0.758754
54.7301_-17.1912_0.806896
55.0517_-16.8256_0.936122
55.3235_-16.4217_1.06535
55.5304_-16.0094_1.18777
55.6931_-15.5505_1.317
55.7953_-15.0744_1.44623
55.8352_-14.5892_1.57545
55.8123_-14.1028_1.70468
55.727_-13.6235_1.8339
55.5831_-13.1532_1.93642
55.3959_-12.6928_1.99825
55.1838_-12.241_2.03266
54.958_-11.7952_2.05333
54.7231_-11.3542_2.07399
54.5066_-10.9181_1.94476
54.3481_-10.4577_1.81553
54.2503_-9.98078_1.68631
54.2147_-9.49519_1.55708
54.2272_-9.18779_1.47547
54.2529_-8.70158_1.60469
54.2158_-8.21611_1.73392
54.1165_-7.73947_1.86314
53.9565_-7.2796_1.99237
53.7386_-6.84418_2.1216
53.5016_-6.41887_1.99237
53.3214_-5.96657_1.86314
53.2009_-5.49481_1.73392
53.1423_-5.01146_1.60469
53.1464_-4.52459_1.47547
53.2133_-4.04231_1.34624
53.3417_-3.57266_1.21701
53.5296_-3.12349_1.08779
53.6154_-2.96585_1.04018
53.6285_-2.94376_1.03338
53.8952_-2.53644_0.904151
54.2122_-2.1669_0.774925
54.5742_-1.84129_0.645698
54.9752_-1.56504_0.516472
55.4084_-1.34276_0.387246
55.851_-1.13995_0.516472
56.2638_-0.881794_0.645698
56.6399_-0.572589_0.774925
56.973_-0.217494_0.904151
57.2576_0.177569_1.03338
57.5244_0.584885_0.904151
57.8414_0.95443_0.774925
58.2034_1.28004_0.645698
58.6064_1.56546_0.556673
59.0336_1.8167_0.481215
59.4552_2.06015_0.610441
59.842_2.3559_0.739667
60.1874_2.69904_0.868893
60.4857_3.08382_0.998119
60.732_3.50384_1.12735
60.9279_3.95496_1.22986
61.0844_4.4267_1.29169
61.2164_4.90802_1.32611
61.3341_5.39362_1.34677
61.4441_5.88135_1.35366
61.5287_6.36082_1.48288
61.5509_6.84721_1.61211
61.5139_7.33762_1.71463
61.4307_7.82615_1.79008
61.3126_8.30896_1.85191
61.175_8.78962_1.84502
61.0407_9.27121_1.83813
60.9097_9.75372_1.83124
60.7799_10.2365_1.83813
60.6489_10.719_1.83124
60.5436_11.1944_1.70202
60.5004_11.6794_1.57279
60.5201_12.1659_1.44356
60.6023_12.6458_1.31434
60.7415_13.1195_1.22531
60.8869_13.5842_1.35454
60.9786_14.0695_1.44356
61.0339_14.5646_1.49171
61.0676_15.0626_1.52612
61.0865_15.5619_1.54678
61.0775_16.0487_1.67601
61.0112_16.538_1.76504
60.9053_17.0237_1.82686
60.802_17.4995_1.69764
60.761_17.9846_1.56841
60.7828_18.471_1.43918
60.8671_18.9506_1.30996
61.0125_19.4152_1.18073
61.2136_19.8663_1.09171
61.4517_20.3025_1.02988
61.6845_20.7302_1.15911
61.8603_21.1842_1.28833
61.976_21.6572_1.41756
62.0299_22.1411_1.54678
62.021_22.6279_1.67601
61.9696_23.1252_1.66912
61.9194_23.6226_1.67601
61.868_24.1199_1.66912
61.8178_24.6174_1.67601
61.7664_25.1147_1.66912
61.6981_25.5968_1.79835
61.5683_26.066_1.92757
61.38_26.5178_2.04349
61.1446_26.9556_2.10532
60.884_27.3802_2.15346
60.6336_27.7978_2.02424
60.439_28.2441_1.89501
60.3036_28.7118_1.76578
60.2296_29.193_1.63656
60.2182_29.6798_1.50733
60.2285_30.1665_1.63656
60.1759_30.6506_1.76578
60.0614_31.1238_1.89501
59.8869_31.5784_2.02424
59.6552_32.0066_2.15346
59.3703_32.4015_2.28269
59.0367_32.7627_2.38521
58.6678_33.0937_2.46066
58.2757_33.4011_2.50881
57.8708_33.6938_2.52947
57.4608_33.9565_2.65869
57.0204_34.1641_2.78792
56.5569_34.3132_2.91715
56.0872_34.4416_2.78792
55.638_34.6294_2.65869
55.2168_34.8736_2.52947
54.8305_35.17_2.40024
