configuration 72.6459350586_2.13817882538_-0.994211695618_0.107438839792_19.5581073761_50.1696281433_0.955633460234_0.294558465643
length 89.8368
time 1.05852
roughness 0.00016273
72.6459_2.13818_-2.9263
72.1573_2.03249_-2.93319
71.6679_1.93017_-2.94008
71.1778_1.83123_-2.94697
70.6871_1.73566_-2.95386
70.1957_1.64348_-2.96075
69.7134_1.57628_-3.08997
69.2266_1.57179_-3.2192
68.7356_1.62456_-3.30822
68.2457_1.71505_-3.35637
67.7582_1.8249_-3.37703
67.2804_1.91831_-3.2478
66.7945_1.94936_-3.11857
66.3086_1.91753_-2.98935
65.8309_1.82336_-2.86012
65.3693_1.66842_-2.7309
64.9095_1.47442_-2.76531
64.4435_1.29401_-2.78597
63.9745_1.12102_-2.79286
63.5042_0.951258_-2.79975
63.0335_0.782579_-2.79286
62.57_0.603183_-2.73104
62.1147_0.398759_-2.69662
61.6652_0.180584_-2.67596
61.219_-0.0449188_-2.66907
60.7743_-0.273491_-2.66218
60.3332_-0.479563_-2.79141
59.8692_-0.62707_-2.92063
59.39_-0.713552_-3.04986
58.9012_-0.739768_-3.16578
58.4047_-0.717546_-3.22761
57.9072_-0.671194_-3.24827
57.4213_-0.639916_-3.11904
56.9354_-0.671514_-2.98982
56.4577_-0.765459_-2.86059
56.1162_-0.875705_-2.76537
55.6562_-1.03524_-2.8946
55.1794_-1.13417_-3.02382
54.6909_-1.20661_-2.9348
54.205_-1.3167_-2.88666
53.7236_-1.44809_-2.85224
53.2457_-1.59395_-2.83158
52.7699_-1.74757_-2.82469
52.3012_-1.87956_-2.95391
51.8122_-1.95981_-3.02937
51.3163_-2.00767_-3.07751
50.8174_-2.03623_-3.09818
50.3181_-2.05448_-3.11884
49.8322_-2.08618_-2.98961
49.3545_-2.18022_-2.86039
48.8869_-2.33261_-2.75787
48.4299_-2.52812_-2.69604
47.9821_-2.74834_-2.66163
47.5411_-2.95466_-2.79085
47.0771_-3.10243_-2.92008
46.598_-3.18918_-3.0493
46.1118_-3.21346_-3.17853
45.6264_-3.17488_-3.30776
45.1501_-3.07407_-3.43698
44.6907_-2.91271_-3.56621
44.2559_-2.69351_-3.69543
43.853_-2.42011_-3.82466
43.4888_-2.09706_-3.95389
43.1426_-1.73675_-3.93322
42.7904_-1.38183_-3.92634
42.4359_-1.02935_-3.91945
42.0789_-0.679315_-3.91256
41.7211_-0.330104_-3.91945
41.3826_0.0266735_-4.02196
41.0715_0.415809_-4.07011
40.7771_0.818841_-4.10452
40.4946_1.23096_-4.12518
40.2186_1.64781_-4.13207
39.9601_2.06859_-4.2211
39.7346_2.51156_-4.28292
39.532_2.96768_-4.31734
39.3429_3.43018_-4.338
39.1612_3.89593_-4.34489
38.9671_4.34249_-4.21567
38.7172_4.76032_-4.08644
38.4162_5.15183_-3.99741
38.0827_5.52038_-3.93559
37.7288_5.87227_-3.90117
37.3708_6.22007_-3.93559
37.023_6.57882_-3.95625
36.6808_6.94332_-3.96314
36.3412_7.31018_-3.97003
36.004_7.67936_-3.97692
35.6694_8.05086_-3.98381
35.3357_8.42313_-3.97692
35.0011_8.79463_-3.98381
34.6674_9.1669_-3.97692
34.3328_9.5384_-3.98381
33.9935_9.88761_-3.85458
33.612_10.1902_-3.72535
33.1948_10.4411_-3.59613
32.7486_10.6361_-3.4669
32.2811_10.772_-3.33768
31.808_10.8871_-3.4669
31.3536_11.0621_-3.59613
30.9256_11.2942_-3.72535
30.5311_11.5795_-3.85458
30.1734_11.9136_-3.9705
29.8477_12.2872_-4.04596
29.5461_12.6837_-4.0941
29.2593_13.0928_-4.11476
28.9809_13.5078_-4.13543
28.7092_13.9275_-4.14231
28.464_14.3481_-4.27154
28.2693_14.7998_-4.37406
28.1115_15.2723_-4.4222
27.9742_15.7521_-4.45662
27.8511_16.2364_-4.47728
27.7478_16.7211_-4.55274
27.6765_17.2142_-4.60088
27.6243_17.7111_-4.62154
27.5801_18.2091_-4.62843
27.5393_18.7074_-4.63532
27.4812_19.1908_-4.50609
27.3614_19.6627_-4.37687
27.1818_20.1153_-4.24764
26.9453_20.5409_-4.11841
26.6559_20.9325_-3.98919
26.3495_21.3108_-4.11841
26.0943_21.7255_-4.24764
25.8947_22.1696_-4.37687
25.7513_22.6376_-4.49279
25.6555_23.1238_-4.56825
25.5782_23.6169_-4.53383
25.486_24.108_-4.51317
25.3859_24.5978_-4.50628
25.2825_25.087_-4.49939
25.1757_25.5754_-4.4925
25.0797_26.0616_-4.56796
25.0159_26.5557_-4.6161
24.9713_27.0534_-4.63676
24.937_27.5519_-4.65742
24.9107_28.0511_-4.66431
24.8901_28.5504_-4.68497
24.8798_29.0499_-4.70564
24.8776_29.5499_-4.71252
24.8788_30.0499_-4.71941
24.8812_30.5498_-4.71252
24.8606_31.0363_-4.5833
24.7791_31.5189_-4.46738
24.6487_31.9986_-4.40555
24.4925_32.4726_-4.37113
24.322_32.9423_-4.35047
24.1531_33.411_-4.39862
24.0022_33.8873_-4.41928
23.8588_34.3663_-4.42617
23.7188_34.8462_-4.43306
23.582_35.3271_-4.43994
23.471_35.8012_-4.56917
23.422_36.2856_-4.6984
23.4358_36.7723_-4.82762
23.5123_37.2531_-4.95685
23.65_37.7201_-5.08608
23.8084_38.1805_-4.95685
23.9061_38.6575_-4.82762
23.9415_39.1431_-4.6984
23.9141_39.6292_-4.56917
23.8242_40.1078_-4.43994
23.6807_40.5836_-4.37812
23.5116_41.0532_-4.3437
23.3283_41.518_-4.32304
23.1374_41.9801_-4.31615
22.9434_42.4409_-4.30926
22.7716_42.8965_-4.43849
22.652_43.3756_-4.52751
22.5707_43.866_-4.58934
22.5152_44.3619_-4.62376
22.4744_44.8599_-4.64442
22.4207_45.3439_-4.51519
22.3052_45.8168_-4.38597
22.1318_46.2771_-4.28345
21.9145_46.7225_-4.20799
21.6668_47.1547_-4.15985
21.4016_47.5782_-4.13919
21.1277_47.9961_-4.11852
20.8453_48.4083_-4.09786
20.5561_48.8162_-4.09097
20.2561_49.1997_-3.96175
