configuration -4.52205276489_51.1520843506_-0.288179288681_0.957576470876_89.803527832_11.5547637939_-0.656431103106_0.754385980036
length 118.826
time 1.15663
roughness 0.000127457
-4.52205_51.1521_-0.58465
-4.10501_50.9008_-0.455424
-3.65906_50.7054_-0.326198
-3.19165_50.569_-0.196971
-2.70473_50.4867_-0.107946
-2.20863_50.441_-0.0598039
-1.7109_50.4192_-0.0116618
-1.21123_50.4168_0.00899997
-0.711303_50.4224_0.0158892
-0.211422_50.4315_0.0227784
0.288384_50.444_0.0296676
0.787925_50.4554_0.00900586
1.28788_50.4588_0.00211665
1.78784_50.4587_-0.00477257
2.28779_50.4552_-0.0116618
2.78773_50.4505_-0.00477257
3.28768_50.4469_-0.0116618
3.78762_50.4423_-0.00477257
4.28758_50.4387_-0.0116618
4.78752_50.434_-0.00477257
5.28747_50.4305_-0.0116618
5.78713_50.4281_0.00899997
6.28674_50.4361_0.0296617
6.78645_50.452_0.0365509
7.28603_50.4715_0.0434401
7.78547_50.4943_0.0503294
8.27235_50.4982_-0.0788968
8.76329_50.4448_-0.167922
9.25309_50.3537_-0.216064
9.73931_50.2411_-0.250481
10.2225_50.1139_-0.271143
10.703_49.9768_-0.291804
11.1806_49.8297_-0.312466
11.656_49.6749_-0.319355
12.1303_49.5169_-0.326245
12.6035_49.3556_-0.333134
13.07_49.216_-0.203908
13.5547_49.1327_-0.101391
14.0501_49.0926_-0.0395644
14.549_49.0786_-0.00514778
15.0486_49.0794_0.015514
15.5353_49.0664_-0.113712
16.0262_48.9978_-0.18917
16.5139_48.8963_-0.237312
16.9988_48.7755_-0.257974
17.481_48.6447_-0.278636
17.9544_48.5308_-0.14941
18.4385_48.4787_-0.0201837
18.9355_48.4789_0.0416428
19.4329_48.5076_0.089785
19.9302_48.5559_0.110447
20.4114_48.63_0.239673
20.8791_48.7655_0.368899
21.3254_48.9602_0.498125
21.7521_49.2088_0.58715
22.0982_49.4459_0.627691
22.4798_49.7483_0.756917
22.8193_50.0973_0.886143
23.1379_50.4822_0.865482
23.4644_50.8604_0.84482
23.7987_51.2318_0.824158
24.1391_51.598_0.817269
24.4569_51.9669_0.946495
24.758_52.3495_0.817269
25.1059_52.6901_0.688043
25.4948_52.9831_0.558817
25.9182_53.2235_0.429591
26.369_53.4074_0.300365
26.8398_53.5316_0.171138
27.3227_53.5941_0.0419123
27.8078_53.6351_0.171138
28.2837_53.7383_0.300365
28.7422_53.9019_0.429591
29.1931_54.0858_0.300365
29.6689_54.2179_0.211339
30.1576_54.3146_0.163197
30.651_54.39_0.12878
31.1469_54.4508_0.108119
31.6374_54.4873_0.0056018
32.1344_54.4799_-0.0562247
32.6323_54.4461_-0.0906414
33.1296_54.3975_-0.111303
33.6263_54.3408_-0.118192
34.1226_54.2876_-0.0837757
34.6208_54.2492_-0.0631139
35.1198_54.2189_-0.0562247
35.6191_54.1919_-0.0493355
36.1185_54.1684_-0.0424463
36.6158_54.1393_-0.0905884
37.1131_54.0907_-0.11125
37.6093_54.0318_-0.131912
38.1048_53.9649_-0.138801
38.5998_53.8946_-0.14569
39.0885_53.8397_-0.0431736
39.5854_53.8284_0.0186529
40.0843_53.8434_0.0530696
40.583_53.8734_0.0737313
41.0816_53.9114_0.0806205
41.5681_53.93_-0.0486056
42.053_53.8857_-0.177832
42.5311_53.7808_-0.293752
43.0038_53.6272_-0.355579
43.4696_53.4481_-0.389996
43.9274_53.2822_-0.26077
44.4027_53.1767_-0.131543
44.8877_53.1334_-0.00231731
45.3742_53.1529_0.126909
45.864_53.2279_0.202367
46.3447_53.3054_0.0731409
46.8314_53.3204_-0.0560853
47.3253_53.2803_-0.131543
47.8193_53.2091_-0.16596
48.3115_53.1232_-0.186622
48.7857_53.0127_-0.315848
49.2417_52.842_-0.445074
49.6719_52.6139_-0.5743
50.0755_52.3329_-0.676817
50.4588_52.0147_-0.724959
50.8366_51.7076_-0.595733
51.2509_51.4517_-0.466507
51.6946_51.2513_-0.337281
52.164_51.1044_-0.234764
52.6487_51.0012_-0.159306
53.1322_50.9444_-0.0300797
53.6191_50.9504_0.0991464
54.1011_51.0191_0.228373
54.5703_51.1493_0.357599
55.0187_51.3389_0.486825
55.4583_51.5482_0.357599
55.9212_51.6992_0.228373
56.3997_51.7892_0.0991464
56.8858_51.8168_-0.0300797
57.3714_51.7816_-0.159306
57.8485_51.684_-0.288532
58.3089_51.5258_-0.417758
58.7452_51.3096_-0.546984
59.1592_51.0405_-0.63601
59.5529_50.7371_-0.697836
59.9316_50.412_-0.732253
60.3009_50.0754_-0.752915
60.6649_49.7327_-0.759804
61.0266_49.3875_-0.766693
61.3859_49.0399_-0.773582
61.7458_48.6932_-0.75292
62.1127_48.3541_-0.732259
62.4853_48.0207_-0.725369
62.8601_47.6898_-0.71848
63.2373_47.3616_-0.711591
63.6191_47.0596_-0.582365
64.0368_46.8092_-0.453139
64.4832_46.6148_-0.323913
64.9509_46.4796_-0.194687
65.4321_46.4057_-0.0654604
65.9162_46.3533_-0.194687
66.3895_46.2389_-0.323913
66.8441_46.0646_-0.453139
67.2724_45.833_-0.582365
67.6737_45.5488_-0.684882
68.0496_45.2258_-0.76034
68.405_44.8767_-0.808482
68.7476_44.513_-0.829144
69.0845_44.1436_-0.836033
69.4188_43.7718_-0.842922
69.7579_43.4224_-0.713696
70.1391_43.1195_-0.58447
70.5562_42.8683_-0.455244
70.8166_42.743_-0.435318
70.8398_42.7321_-0.44212
71.2933_42.5287_-0.380293
71.7588_42.3512_-0.332151
72.2325_42.1939_-0.297734
72.6915_42.0315_-0.426961
73.1257_41.8113_-0.556187
73.5279_41.5369_-0.685413
73.8979_41.2129_-0.78793
74.2412_40.8534_-0.849756
74.5663_40.4748_-0.884173
74.8804_40.0862_-0.904834
75.1819_39.6896_-0.952977
75.4685_39.2803_-0.973638
75.7487_38.8662_-0.980528
76.026_38.4502_-0.987417
76.3005_38.0323_-0.994306
76.5829_37.6357_-0.86508
76.9144_37.2755_-0.749159
77.2852_36.9446_-0.687333
77.6746_36.6324_-0.652916
78.0736_36.3315_-0.632254
78.4632_36.0281_-0.72128
78.832_35.6932_-0.769422
79.1865_35.3419_-0.803838
79.5307_34.9797_-0.8245
79.8693_34.6118_-0.831389
80.1819_34.2385_-0.960615
80.4528_33.8256_-1.04964
80.6914_33.3896_-1.11147
80.9075_32.9397_-1.14588
81.1103_32.4831_-1.16655
81.3059_32.023_-1.17344
81.4984_31.5615_-1.18032
81.6897_31.0996_-1.17344
81.8821_30.6382_-1.18032
82.0735_30.1763_-1.17344
82.2659_29.7148_-1.18032
82.4573_29.2529_-1.17344
82.6497_28.7915_-1.18032
82.8411_28.3296_-1.17344
83.0335_27.8681_-1.18032
83.2377_27.4262_-1.0511
83.4972_27.0142_-0.921872
83.8076_26.6391_-0.792646
84.1638_26.3071_-0.66342
84.5598_26.0238_-0.534194
84.9679_25.7584_-0.66342
85.3385_25.4425_-0.792646
85.6653_25.0816_-0.921872
85.9428_24.6816_-1.0511
86.1725_24.2467_-1.15361
86.3645_23.7882_-1.21544
86.5328_23.3184_-1.24986
86.6871_22.8431_-1.27052
86.8316_22.3648_-1.29118
86.9685_21.8839_-1.29807
87.1021_21.4022_-1.30496
87.2345_20.9201_-1.29807
87.3681_20.4383_-1.30496
87.5006_19.9562_-1.29807
87.6341_19.4744_-1.30496
87.7818_19.0104_-1.17573
87.9881_18.5694_-1.04651
88.2495_18.1586_-0.917282
88.5617_17.7816_-0.801361
88.9155_17.4372_-0.712335
89.2702_17.1036_-0.841562
89.579_16.7271_-0.970788
89.8366_16.314_-1.10001
90.0389_15.8711_-1.22924
90.1824_15.4058_-1.35847
90.2647_14.9259_-1.48769
90.2889_14.4347_-1.59021
90.2691_13.9381_-1.65204
90.2207_13.4422_-1.70018
90.1714_12.9509_-1.61115
