configuration 72.6459350586_2.13817882538_-0.994211695618_0.107438839792_19.5581073761_50.1696281433_0.955633460234_0.294558465643
length 102.131
time 1.56312
roughness 0.00020557
72.6459_2.13818_-2.9263
72.1663_2.05441_-3.05553
71.6799_2.03315_-3.18475
71.1948_2.07476_-3.31398
70.7191_2.17853_-3.4432
70.2547_2.34042_-3.54572
69.7993_2.51273_-3.41649
69.3255_2.62492_-3.28727
68.8335_2.68457_-3.21181
68.3361_2.71157_-3.16367
67.8364_2.71916_-3.14301
67.35_2.69921_-3.01378
66.8701_2.61674_-2.88455
66.4049_2.47312_-2.75533
65.9465_2.30897_-2.88455
65.4708_2.20526_-3.01378
64.9857_2.16372_-3.14301
64.4992_2.18504_-3.27223
64.0196_2.26887_-3.40146
63.5489_2.41124_-3.50398
63.0878_2.59695_-3.5658
62.636_2.77837_-3.43658
62.1646_2.90005_-3.30735
61.6814_2.95997_-3.17812
61.1945_2.95711_-3.0489
60.712_2.89154_-2.91967
60.2421_2.76434_-2.79045
59.7924_2.57764_-2.66122
59.3705_2.33455_-2.53199
58.9835_2.03912_-2.40277
58.6378_1.69628_-2.27354
58.3076_1.33841_-2.40277
57.9341_1.02608_-2.53199
57.5216_0.758306_-2.63451
57.0823_0.525904_-2.69634
56.6294_0.316129_-2.73075
56.1742_0.111575_-2.69634
55.7247_-0.106727_-2.67567
55.2799_-0.334269_-2.65501
54.8385_-0.569068_-2.64812
54.3987_-0.806904_-2.64123
53.962_-1.02217_-2.77046
53.5011_-1.17936_-2.89969
53.0184_-1.28349_-2.98871
52.5249_-1.35147_-3.03685
52.0276_-1.40028_-3.05752
51.5446_-1.46169_-2.92829
51.0735_-1.58484_-2.79906
50.6223_-1.76766_-2.66984
50.1983_-2.00711_-2.54061
49.8088_-2.29919_-2.41139
49.4326_-2.60829_-2.54061
49.0197_-2.86634_-2.66984
48.577_-3.06903_-2.79906
48.1119_-3.21298_-2.92829
47.6321_-3.29579_-3.05752
47.1456_-3.31608_-3.18674
46.6606_-3.27351_-3.31597
46.1851_-3.1688_-3.44519
45.7271_-3.00368_-3.57442
45.2941_-2.78091_-3.70365
44.8902_-2.50444_-3.81957
44.5096_-2.18481_-3.88139
44.1448_-1.84415_-3.91581
43.79_-1.49235_-3.93647
43.4406_-1.13469_-3.94336
43.1172_-0.770777_-4.07259
42.8341_-0.366106_-4.16161
42.5802_0.0625459_-4.20976
42.3448_0.502628_-4.24417
42.1224_0.950063_-4.26483
41.8933_1.37967_-4.13561
41.6107_1.77618_-4.00638
41.2794_2.13296_-3.87716
40.9049_2.44407_-3.74793
40.4934_2.70433_-3.6187
40.0566_2.94159_-3.68053
39.6312_3.20263_-3.71495
39.2134_3.47656_-3.73561
38.7997_3.75734_-3.7425
38.3879_4.04096_-3.74939
38.0004_4.33569_-3.87861
37.6541_4.6779_-4.00784
37.3454_5.06341_-4.09686
37.0643_5.47474_-4.14501
36.8009_5.89867_-4.17942
36.536_6.30717_-4.0502
36.2205_6.68144_-3.93428
35.8639_7.02559_-3.85882
35.4833_7.34701_-3.81068
35.0892_7.65423_-3.79001
34.714_7.96446_-3.91924
34.3818_8.32046_-4.04847
34.0983_8.7163_-4.17769
33.8593_9.14843_-4.26672
33.6518_9.60135_-4.31486
33.4663_10.0637_-4.363
33.3008_10.5346_-4.39742
33.1493_11.0107_-4.41808
33.0053_11.4895_-4.42497
32.8647_11.9693_-4.43186
32.7102_12.431_-4.30263
32.4975_12.869_-4.17341
32.2301_13.2759_-4.04418
31.9125_13.6514_-3.94166
31.559_14.0008_-3.87984
31.1853_14.3129_-3.75061
30.7745_14.5743_-3.62138
30.3335_14.7805_-3.49216
29.8695_14.9282_-3.36293
29.3904_15.0149_-3.23371
28.9041_15.0391_-3.10448
28.4187_15.0004_-2.97525
27.9424_14.8995_-2.84603
27.4831_14.7381_-2.7168
27.0484_14.5188_-2.58758
26.6362_14.2467_-2.49855
26.2447_13.9406_-2.43672
25.8704_13.6117_-2.38858
25.5014_13.2941_-2.51781
25.0945_13.0267_-2.64703
24.6565_12.814_-2.77626
24.1948_12.6595_-2.90549
23.717_12.5658_-3.03471
23.2311_12.5344_-3.16394
22.7453_12.5659_-3.29316
22.2675_12.6597_-3.42239
21.8058_12.8144_-3.55162
21.3679_13.0272_-3.68084
20.9611_13.2947_-3.81007
20.5921_13.6124_-3.9393
20.2672_13.975_-4.06852
19.9917_14.3764_-4.19775
19.7702_14.81_-4.32697
19.6064_15.2685_-4.4562
19.5031_15.7443_-4.58543
19.462_16.2295_-4.71465
19.4837_16.7159_-4.84388
19.5679_17.1954_-4.9731
19.7092_17.6686_-5.06213
19.8874_18.1339_-5.11027
20.0569_18.5903_-4.98105
20.1661_19.0648_-4.85182
20.2227_19.5572_-4.77636
20.2489_20.0555_-4.74194
20.2602_20.5551_-4.72128
20.2852_21.0413_-4.85051
20.3726_21.5203_-4.97974
20.4812_21.9949_-4.85051
20.5277_22.4796_-4.72128
20.5222_22.7872_-4.63967
20.4894_23.2858_-4.66033
20.4645_23.7851_-4.66722
20.4431_24.2846_-4.67411
20.4251_24.7843_-4.681
20.4082_25.284_-4.67411
20.3902_25.7836_-4.681
20.3734_26.2833_-4.67411
20.3554_26.7829_-4.681
20.3386_27.2826_-4.67411
20.3206_27.7822_-4.681
20.3259_28.2691_-4.81022
20.394_28.7512_-4.93945
20.5236_29.2205_-5.06867
20.7126_29.6692_-5.1979
20.9579_30.0898_-5.32713
21.2387_30.5014_-5.27898
21.5039_30.9248_-5.25832
21.7604_31.3536_-5.23766
22.0101_31.7868_-5.23077
22.2569_32.2216_-5.22388
22.4984_32.659_-5.20322
22.7309_33.1013_-5.18256
22.9564_33.5475_-5.17567
23.1788_33.9953_-5.16878
23.3981_34.4446_-5.16189
23.5909_34.8917_-5.03266
23.7245_35.3599_-4.90344
23.7966_35.8414_-4.77421
23.806_36.3282_-4.64499
23.7563_36.8175_-4.54247
23.6568_37.2991_-4.43995
23.5133_37.775_-4.37813
23.3442_38.2445_-4.34371
23.1609_38.7094_-4.32305
22.97_39.1715_-4.31616
22.8013_39.6282_-4.44539
22.6929_40.1029_-4.57461
22.6465_40.5876_-4.70384
22.661_41.0768_-4.81976
22.7264_41.5681_-4.89522
22.7946_42.0502_-4.76599
22.8_42.537_-4.63676
22.7427_43.0205_-4.50754
22.6235_43.4926_-4.37831
22.4445_43.9454_-4.24909
22.2221_44.3932_-4.25597
22.0028_44.8425_-4.26286
21.7866_45.2933_-4.26975
21.5735_45.7455_-4.27664
21.3635_46.1993_-4.28353
21.1566_46.6544_-4.29042
20.9508_47.1101_-4.28353
20.744_47.5652_-4.29042
20.5382_48.0209_-4.28353
20.3313_48.476_-4.29042
20.1133_48.9114_-4.16119
19.8409_49.315_-4.03197
19.5191_49.6895_-3.94294
