configuration 46.8230323792_-26.2805175781_0.619899316938_0.784681360082_54.818611145_35.6322822571_0.774404309534_0.632691050494
length 75.7017
time 1.90231
roughness 0.000288907
46.823_-26.2805_1.33723
46.9461_-25.7977_1.28909
47.0903_-25.32_1.25467
47.2489_-24.8461_1.23401
47.4152_-24.3746_1.22712
47.5848_-23.9043_1.22023
47.7554_-23.4343_1.22712
47.9228_-22.9632_1.23401
48.0869_-22.491_1.2409
48.2478_-22.0176_1.24779
48.4076_-21.5439_1.2409
48.5537_-21.0722_1.32992
48.6648_-20.5865_1.37807
48.7548_-20.0956_1.41248
48.8302_-19.6016_1.43314
48.8976_-19.1062_1.44003
48.9815_-18.6266_1.31081
49.1265_-18.1618_1.18158
49.3302_-17.7196_1.05235
49.5892_-17.3073_0.923128
49.8991_-16.9318_0.793902
50.2553_-16.5961_0.677981
50.649_-16.295_0.602523
51.0639_-16.0193_0.554381
51.4912_-15.7614_0.519964
51.9266_-15.5162_0.499303
52.3437_-15.2651_0.628529
52.7251_-14.9624_0.757755
53.0643_-14.6131_0.886981
53.3556_-14.223_1.01621
53.5942_-13.7986_1.14543
53.7762_-13.3469_1.27466
53.8984_-12.8756_1.40389
53.9588_-12.3925_1.53311
53.9566_-11.9056_1.66234
53.8915_-11.4231_1.79156
53.7767_-10.9374_1.82598
53.6739_-10.4615_1.69675
53.6332_-9.97632_1.56753
53.6554_-9.48994_1.4383
53.6992_-9.00502_1.56753
53.6802_-8.51851_1.69675
53.5986_-8.0385_1.82598
53.4559_-7.57301_1.95521
53.2543_-7.12979_2.08443
53.0333_-6.69597_1.95521
52.87_-6.23728_1.82598
52.7671_-5.76138_1.69675
52.7172_-5.26832_1.6213
52.7_-4.77041_1.57315
52.7195_-4.28391_1.44393
52.8015_-3.80398_1.3147
52.9435_-3.33553_1.19878
53.1336_-2.8763_1.13695
53.3486_-2.42588_1.10254
53.5866_-2.00111_0.973312
53.8773_-1.61054_0.844086
54.2159_-1.26069_0.714859
54.5968_-0.957398_0.585633
55.0136_-0.705717_0.456407
55.4593_-0.509847_0.327181
55.9266_-0.373052_0.197955
56.4076_-0.297615_0.0687288
56.8944_-0.284793_-0.0604973
57.3787_-0.3348_-0.189723
57.8603_-0.406275_-0.0604973
58.3471_-0.41509_0.0687288
58.831_-0.361098_0.197955
59.3039_-0.245199_0.327181
59.7579_-0.0693266_0.456407
60.1855_0.163587_0.585633
60.5795_0.449659_0.714859
60.9333_0.784116_0.844086
61.2411_1.16138_0.973312
61.4977_1.57517_1.10254
61.6988_2.01857_1.23176
61.8411_2.48419_1.36099
61.9223_2.96428_1.49022
61.9409_3.45081_1.61944
61.9044_3.94505_1.6949
61.8327_4.43689_1.75673
61.7349_4.92629_1.79114
61.6223_5.41311_1.81181
61.4997_5.89751_1.83247
61.3693_6.38015_1.83936
61.2498_6.86111_1.7639
61.162_7.35152_1.71576
61.0932_7.84644_1.69509
61.0324_8.34269_1.68821
60.9749_8.83934_1.68132
60.9121_9.33356_1.72946
60.8276_9.82544_1.76387
60.7283_10.3152_1.78454
60.6212_10.8035_1.79143
60.5106_11.2911_1.79831
60.421_11.7697_1.66909
60.3938_12.2558_1.53986
60.4236_12.7487_1.45084
60.4911_13.2423_1.40269
60.5803_13.7334_1.36828
60.6579_14.2141_1.4975
60.6729_14.7007_1.62673
60.6289_15.1905_1.72925
60.5424_15.6812_1.77739
60.4344_16.1684_1.81181
60.3383_16.6458_1.68258
60.3_17.1361_1.58006
60.3056_17.6331_1.51824
60.3376_18.1311_1.48382
60.3844_18.6286_1.46316
60.4572_19.11_1.33393
60.5901_19.5811_1.21801
60.7729_20.0417_1.14255
60.987_20.4916_1.09441
61.2192_20.934_1.07375
61.433_21.3715_1.20298
61.5887_21.8328_1.3322
61.6836_22.3104_1.46143
61.7162_22.7961_1.59065
61.6859_23.2821_1.71988
61.5933_23.7601_1.84911
61.4422_24.2281_1.95162
61.248_24.6857_2.01345
61.0291_25.1342_2.04787
60.7966_25.5765_2.06853
60.5825_26.0137_1.9393
60.4156_26.4804_1.86384
60.2794_26.9596_1.8157
60.1639_27.4451_1.78128
60.0629_27.9345_1.76062
59.9913_28.4161_1.6314
59.9825_28.9029_1.50217
60.0364_29.3868_1.37294
60.1523_29.8597_1.24372
60.3281_30.3137_1.11449
60.5239_30.7595_1.24372
60.6607_31.2268_1.37294
60.7361_31.7078_1.50217
60.7488_32.1945_1.6314
60.6988_32.6788_1.76062
60.5867_33.1527_1.88985
60.4145_33.6081_2.01908
60.1851_34.0375_2.1483
59.9023_34.4338_2.27753
59.5707_34.7904_2.40675
59.1959_35.1012_2.53598
58.7842_35.3612_2.66521
58.3425_35.5659_2.79443
57.878_35.712_2.92366
57.3964_35.7995_3.03958
56.9023_35.8377_3.11504
56.4053_35.8407_3.17686
55.9184_35.8441_3.04764
55.4361_35.9103_2.91841
54.9662_36.0381_2.78919
