configuration 72.6459350586_2.13817882538_-0.994211695618_0.107438839792_19.5581073761_50.1696281433_0.955633460234_0.294558465643
length 95.6947
time 1.13043
roughness 0.000181859
72.6459_2.13818_-2.9263
72.1578_2.03025_-2.91941
71.6703_1.91896_-2.91252
71.1837_1.80431_-2.90563
70.6979_1.68632_-2.89874
70.2128_1.56497_-2.89185
69.7364_1.46474_-3.02108
69.251_1.42674_-3.15031
68.7557_1.44346_-3.22576
68.2589_1.49111_-3.26018
67.7631_1.55364_-3.28084
67.2843_1.6416_-3.41007
66.8176_1.78934_-3.52599
66.363_1.98662_-3.60145
65.9183_2.21324_-3.63586
65.4801_2.4533_-3.65653
65.0466_2.67491_-3.5273
64.5881_2.8388_-3.39807
64.1123_2.94224_-3.26885
63.6272_2.98351_-3.13962
63.1407_2.96192_-3.0104
62.6612_2.87782_-2.88117
62.1964_2.73263_-2.75194
61.7543_2.52876_-2.62272
61.3421_2.2696_-2.49349
60.9667_1.95949_-2.36426
60.6345_1.6036_-2.23504
60.3508_1.20785_-2.10581
60.1206_0.778858_-1.97659
59.9475_0.323765_-1.84736
59.8345_-0.149837_-1.71813
59.7427_-0.62799_-1.84736
59.59_-1.09032_-1.97659
59.379_-1.52913_-2.10581
59.1133_-1.93708_-2.23504
58.7971_-2.30739_-2.36426
58.4359_-2.63387_-2.49349
58.0357_-2.91108_-2.62272
57.603_-3.13439_-2.75194
57.1434_-3.30293_-2.86786
56.6631_-3.42491_-2.94332
56.1739_-3.51279_-3.00515
55.6787_-3.57501_-3.03956
55.1813_-3.62247_-3.06023
54.6829_-3.66197_-3.06712
54.1842_-3.69802_-3.07401
53.6891_-3.74177_-3.01218
53.195_-3.81184_-2.97776
52.7026_-3.89673_-2.9571
52.2113_-3.98957_-2.95021
51.7207_-4.0858_-2.94332
51.2478_-4.20185_-2.8141
50.7851_-4.37441_-2.72507
50.3348_-4.58479_-2.66324
49.8944_-4.81959_-2.62883
49.4607_-5.06771_-2.60817
49.0314_-5.2973_-2.73739
48.576_-5.46964_-2.86662
48.1022_-5.58187_-2.99584
47.6179_-5.6321_-3.12507
47.1312_-5.61951_-3.2543
46.6501_-5.5443_-3.38352
46.1828_-5.40772_-3.51275
45.7369_-5.21206_-3.64197
45.32_-4.96058_-3.7712
44.9296_-4.65816_-3.86023
44.5578_-4.32531_-3.89464
44.1956_-3.9811_-3.9153
43.8387_-3.6309_-3.92219
43.4843_-3.27826_-3.92908
43.1307_-2.92481_-3.92219
42.7763_-2.57216_-3.92908
42.4243_-2.21709_-3.93597
42.0748_-1.8596_-3.94286
41.7278_-1.49971_-3.94975
41.3815_-1.13902_-3.94286
41.0579_-0.775273_-4.07209
40.7776_-0.371176_-4.1746
40.5318_0.0608401_-4.23643
40.3082_0.507045_-4.27085
40.0978_0.960253_-4.29151
39.8802_1.39582_-4.16228
39.6083_1.79972_-4.03306
39.2867_2.16521_-3.90383
38.9206_2.48621_-3.7746
38.5162_2.75734_-3.64538
38.1001_3.01025_-3.7746
37.7201_3.31466_-3.90383
37.3825_3.6655_-4.03306
37.0929_4.05692_-4.16228
36.8562_4.48239_-4.29151
36.6454_4.9338_-4.24337
36.4165_5.37795_-4.2227
36.1784_5.81727_-4.20204
35.9332_6.25296_-4.19515
35.685_6.68695_-4.18826
35.4478_7.12208_-4.26372
35.2389_7.57438_-4.31187
35.0473_8.03583_-4.33253
34.8629_8.50058_-4.33942
34.6818_8.96659_-4.34631
34.4884_9.41342_-4.21708
34.2391_9.83161_-4.08785
33.9379_10.2142_-3.95863
33.5899_10.5547_-3.8294
33.1996_10.8539_-3.72688
32.8055_11.1398_-3.85611
32.4482_11.4745_-3.97203
32.1206_11.8482_-4.03386
31.8118_12.2403_-4.06827
31.5145_12.6419_-4.08894
31.2137_13.0248_-3.95971
30.866_13.3779_-3.88425
30.4937_13.7089_-3.83611
30.1075_14.026_-3.81545
29.715_14.3351_-3.79479
29.3412_14.6472_-3.92401
29.0107_15.0047_-4.05324
28.7291_15.4019_-4.18246
28.498_15.8334_-4.29839
28.3074_16.2925_-4.36021
28.1431_16.7628_-4.40835
27.9968_17.2405_-4.42902
27.8604_17.7212_-4.44968
27.7316_18.2043_-4.45657
27.6062_18.6883_-4.46346
27.4664_19.1547_-4.33423
27.272_19.6105_-4.25877
27.0465_20.0548_-4.21063
26.8014_20.4896_-4.17621
26.5432_20.9174_-4.15555
26.2686_21.3194_-4.02632
25.9445_21.6828_-3.8971
25.5763_22.0013_-3.76787
25.17_22.2697_-3.63865
24.7326_22.4835_-3.50942
24.2861_22.6777_-3.63865
23.8684_22.9278_-3.76787
23.4863_23.2296_-3.8971
23.1464_23.5782_-4.02632
22.8542_23.9677_-4.15555
22.6146_24.3915_-4.28478
22.4316_24.8427_-4.414
22.3057_25.3157_-4.52992
22.2256_25.8063_-4.59175
22.1712_26.3024_-4.62617
22.1498_26.7888_-4.75539
22.1876_27.2792_-4.85791
22.2697_27.7694_-4.91974
22.3781_28.2565_-4.95415
22.501_28.7408_-4.97481
22.6073_29.216_-4.84559
22.6515_29.7009_-4.71636
22.6328_30.1874_-4.58714
22.5586_30.6774_-4.51168
22.4535_31.1653_-4.47726
22.3428_31.6519_-4.51168
22.2465_32.1423_-4.53234
22.1604_32.6345_-4.553
22.0822_33.1283_-4.55989
22.0074_33.6226_-4.56678
21.9572_34.1069_-4.69601
21.9615_34.6025_-4.77146
21.9989_35.0993_-4.81961
22.058_35.5948_-4.85402
22.1319_36.089_-4.87469
22.2161_36.5815_-4.89535
22.3104_37.0722_-4.91601
22.4126_37.5616_-4.9229
22.5182_38.0503_-4.92979
22.6271_38.5383_-4.93668
22.7152_39.0171_-4.80745
22.7408_39.5033_-4.67822
22.7055_39.9915_-4.5623
22.6211_40.4814_-4.50048
22.5085_40.9667_-4.45233
22.3956_41.4474_-4.54136
22.3187_41.9397_-4.5895
22.2632_42.4357_-4.62392
22.2225_42.9337_-4.64458
22.1898_43.4326_-4.65147
22.1396_43.9169_-4.52224
22.0273_44.3906_-4.39302
21.855_44.846_-4.26379
21.6255_45.2754_-4.13457
21.3709_45.6962_-4.23708
21.1552_46.1424_-4.31254
20.9687_46.6043_-4.36068
20.8021_47.0748_-4.3951
20.6391_47.5456_-4.34696
20.4594_48.0121_-4.34007
20.2764_48.4774_-4.33318
20.0772_48.9217_-4.20395
19.8224_49.3366_-4.07473
19.5164_49.7216_-3.97221
