configuration -4.52205276489_51.1520843506_-0.288179288681_0.957576470876_89.803527832_11.5547637939_-0.656431103106_0.754385980036
length 122.74
time 1.06226
roughness 0.000106781
-4.52205_51.1521_-0.58465
-4.10239_50.8918_-0.495624
-3.6604_50.6644_-0.433798
-3.20517_50.4599_-0.399381
-2.74411_50.2665_-0.392492
-2.28173_50.0763_-0.385603
-1.82323_49.9125_-0.256377
-1.34745_49.8091_-0.127151
-0.859898_49.7656_-0.0112298
-0.362882_49.7702_0.0505967
0.135242_49.8012_0.0850134
0.62169_49.8219_-0.0442127
1.10676_49.7798_-0.173439
1.58803_49.6786_-0.275956
2.06338_49.5334_-0.337782
2.53233_49.3626_-0.372199
2.99298_49.2049_-0.242973
3.47684_49.0977_-0.167515
3.96934_49.0226_-0.119372
4.46585_48.9665_-0.0987106
4.96342_48.9206_-0.0780489
5.46066_48.8898_-0.0299067
5.9602_48.8783_-0.00924499
6.46015_48.8748_-0.00235577
6.96012_48.8748_0.00453344
7.46007_48.8782_0.0114227
7.95136_48.9004_0.113939
8.44391_48.9671_0.175766
8.93428_49.06_0.210183
9.42222_49.1676_0.230844
9.90866_49.2831_0.237734
10.394_49.3902_0.175907
10.8864_49.4719_0.14149
11.3815_49.5389_0.120829
11.878_49.5981_0.113939
12.3748_49.6538_0.10705
12.8718_49.7083_0.113939
13.3684_49.7663_0.120829
13.8646_49.8277_0.127718
14.3603_49.8925_0.134607
14.8559_49.9585_0.127718
15.3502_50.0277_0.162134
15.8427_50.1118_0.182796
16.3341_50.2038_0.189685
16.8249_50.2992_0.196575
17.3155_50.3957_0.189685
17.7971_50.4672_0.0604593
18.2839_50.476_-0.0687668
18.7678_50.422_-0.197993
19.2407_50.306_-0.327219
19.7058_50.1351_-0.402677
20.1632_49.9606_-0.286756
20.6427_49.8298_-0.22493
21.1304_49.7241_-0.190513
21.6217_49.6328_-0.169851
22.1147_49.5494_-0.162962
22.598_49.4909_-0.0337361
23.0849_49.4951_0.09549
23.5672_49.562_0.224716
24.0451_49.6862_0.313742
24.5165_49.8475_0.361884
24.9849_50.0139_0.300057
25.4633_50.1559_0.26564
25.9463_50.2838_0.244979
26.4319_50.4016_0.224317
26.9196_50.5117_0.217428
27.3991_50.5965_0.0882017
27.8854_50.6188_-0.0410245
28.3706_50.5783_-0.170251
28.8466_50.4755_-0.299477
29.3084_50.3134_-0.415397
29.7618_50.1359_-0.286171
30.2343_50.0184_-0.156945
30.718_49.9628_-0.0277191
31.2098_49.9658_0.0747976
31.7046_50.0131_0.136624
32.1992_50.073_0.088482
32.6968_50.1114_0.0540654
33.1959_50.135_0.0334036
33.6956_50.1505_0.0265144
34.1954_50.1626_0.0196252
34.6814_50.1928_0.148851
35.1594_50.2854_0.278077
35.6215_50.4387_0.407304
36.06_50.6504_0.53653
36.4675_50.9168_0.665756
36.8374_51.2335_0.794982
37.1633_51.5952_0.924208
37.4399_51.9959_1.05343
37.6626_52.4289_1.18266
37.8276_52.8869_1.31189
37.9721_53.3519_1.18266
38.1753_53.7943_1.05343
38.4338_54.2069_0.924208
38.7433_54.5828_0.794982
39.0987_54.9156_0.665756
39.494_55.1998_0.53653
39.9227_55.4307_0.407304
40.3775_55.6045_0.278077
40.8509_55.7182_0.148851
41.3351_55.7699_0.0196252
41.8321_55.7694_-0.0422013
42.3295_55.7405_-0.0903435
42.8268_55.692_-0.111005
43.323_55.6332_-0.131667
43.8185_55.5664_-0.138556
44.3003_55.4804_-0.254477
44.7787_55.3454_-0.316303
45.2512_55.1847_-0.35072
45.7193_55.0098_-0.371382
46.1847_54.8273_-0.378271
46.6405_54.6328_-0.453729
47.0866_54.4089_-0.488146
47.5263_54.1716_-0.508808
47.961_53.9252_-0.529469
48.3919_53.6717_-0.536359
48.8088_53.4069_-0.625384
49.208_53.1088_-0.673526
49.5945_52.7931_-0.707943
49.9718_52.4655_-0.728605
50.3441_52.1318_-0.735494
50.7186_51.8207_-0.606268
51.1301_51.5605_-0.477042
51.5718_51.3555_-0.347815
52.0221_51.1703_-0.477042
52.4447_50.9286_-0.606268
52.8421_50.6353_-0.695293
53.2195_50.3101_-0.743435
53.583_49.9681_-0.777852
53.944_49.6415_-0.648626
54.3441_49.364_-0.5194
54.7767_49.1405_-0.390174
55.2344_48.9746_-0.260947
55.7097_48.869_-0.131721
56.1947_48.8256_-0.00249515
56.6812_48.845_0.126731
57.1611_48.9269_0.255957
57.6324_49.0675_0.358474
58.0942_49.2514_0.4203
58.549_49.4584_0.440962
58.9993_49.6748_0.461624
59.4465_49.8985_0.468513
59.892_50.1253_0.475402
60.336_50.3551_0.482292
60.7792_50.5683_0.379775
61.2445_50.7431_0.317948
61.7202_50.8912_0.269806
62.2027_51.0187_0.235389
62.6894_51.1319_0.214728
63.1691_51.2154_0.0855016
63.6555_51.2364_-0.0437245
64.1406_51.1945_-0.172951
64.6162_51.0905_-0.302177
65.0745_50.926_-0.431403
65.5078_50.7039_-0.560629
65.9088_50.4277_-0.689855
66.2709_50.1022_-0.819081
66.5973_49.7317_-0.908107
66.8975_49.3341_-0.956249
67.1702_48.9224_-1.04527
67.4107_48.4874_-1.1071
67.6098_48.0431_-1.23633
67.7607_47.571_-1.31179
67.8854_47.0872_-1.33245
68.0203_46.6193_-1.20322
68.2144_46.1728_-1.07399
68.4643_45.755_-0.944768
68.7661_45.3729_-0.815542
69.1146_45.0328_-0.686316
69.49_44.7093_-0.761774
69.8449_44.3597_-0.809917
70.187_43.9955_-0.830578
70.5214_43.6242_-0.85124
70.8501_43.2475_-0.858129
71.1646_42.8645_-0.933587
71.4546_42.4594_-0.98173
71.7293_42.042_-1.00239
71.9954_41.6191_-1.02305
72.2548_41.1916_-1.02994
72.5226_40.7819_-0.914021
72.8341_40.3946_-0.852195
73.1669_40.0227_-0.817778
73.5111_39.6605_-0.797117
73.8628_39.3055_-0.776455
74.2237_38.9621_-0.728313
74.5989_38.6321_-0.707651
74.9808_38.3099_-0.686989
75.3438_37.9855_-0.816215
75.662_37.6169_-0.945441
75.9601_37.2177_-0.897299
76.2758_36.8312_-0.862883
76.6034_36.4538_-0.842221
76.9371_36.0816_-0.835332
77.2734_35.7116_-0.828442
77.6174_35.3549_-0.752984
77.9864_35.0201_-0.704842
78.3702_34.7011_-0.670425
78.7642_34.415_-0.541199
79.1918_34.1821_-0.411973
79.6292_33.9684_-0.541199
80.0355_33.7001_-0.670425
80.4039_33.3817_-0.799652
80.7281_33.0185_-0.928878
81.0091_32.6149_-1.03139
81.2556_32.1832_-1.09322
81.4799_31.7374_-1.12764
81.691_31.2845_-1.1483
81.8928_30.8274_-1.16896
82.0872_30.3668_-1.17585
82.2785_29.9049_-1.18274
82.4688_29.4425_-1.17585
82.6601_28.9806_-1.18274
82.8503_28.5183_-1.17585
83.0416_28.0564_-1.18274
83.2319_27.594_-1.17585
83.4232_27.1321_-1.18274
83.6134_26.6697_-1.17585
83.8047_26.2078_-1.18274
83.995_25.7455_-1.17585
84.1863_25.2836_-1.18274
84.3765_24.8212_-1.17585
84.5678_24.3593_-1.18274
84.7581_23.8969_-1.17585
84.9494_23.435_-1.18274
85.1483_22.9811_-1.10728
85.3782_22.5391_-1.05914
85.6275_22.1068_-1.02472
85.8881_21.6801_-1.01783
86.1517_21.2553_-1.01094
86.4015_20.8293_-1.09997
86.6204_20.3817_-1.14811
86.8199_19.9242_-1.18253
87.0059_19.4605_-1.20319
87.1845_18.9935_-1.21008
87.3598_18.5253_-1.21697
87.532_18.0559_-1.22386
87.7009_17.5853_-1.23075
87.8666_17.1136_-1.23764
88.0312_16.6415_-1.23075
88.1969_16.1698_-1.23764
88.3614_15.6977_-1.23075
88.5271_15.226_-1.23764
88.6917_14.7539_-1.23075
88.8574_14.2822_-1.23764
89.022_13.8101_-1.23075
89.1876_13.3384_-1.23764
89.3379_12.8662_-1.31309
89.4596_12.3821_-1.34751
89.5692_11.8943_-1.3544
