configuration -4.52205276489_51.1520843506_-0.288179288681_0.957576470876_89.803527832_11.5547637939_-0.656431103106_0.754385980036
length 118.437
time 1.13656
roughness 9.67715e-05
-4.52205_51.1521_-0.58465
-4.10501_50.9008_-0.455424
-3.65627_50.6996_-0.352907
-3.18607_50.5349_-0.304765
-2.7083_50.3906_-0.270348
-2.22587_50.2605_-0.249686
-1.74687_50.1278_-0.311513
-1.27359_49.9694_-0.34593
-0.804699_49.7967_-0.366591
-0.339474_49.6144_-0.387253
0.123033_49.4245_-0.394142
0.580111_49.2568_-0.264916
1.05884_49.1441_-0.162399
1.55088_49.0739_-0.100573
2.04799_49.0295_-0.0661562
2.54678_48.9999_-0.0454945
3.04055_48.9919_0.0435309
3.53787_49.0216_0.0916731
4.0343_49.073_0.12609
4.52956_49.1392_0.146751
5.02398_49.2135_0.153641
5.51803_49.2842_0.119224
6.01455_49.3402_0.0985623
6.5122_49.3882_0.0916731
7.01017_49.4329_0.0847839
7.50824_49.4764_0.0916731
7.99454_49.5003_-0.037553
8.47987_49.4615_-0.166779
8.95912_49.3618_-0.2827
9.43142_49.2117_-0.358158
9.89679_49.0314_-0.392575
10.3541_48.8644_-0.263349
10.8292_48.7577_-0.134123
11.3218_48.7037_-0.0586643
11.8196_48.6825_-0.0105222
12.3192_48.6807_0.0101395
12.8059_48.665_-0.119087
13.2864_48.5867_-0.248313
13.7613_48.4513_-0.337338
14.2288_48.2789_-0.38548
14.689_48.0859_-0.419897
15.1439_47.8791_-0.440559
15.5956_47.6649_-0.447448
16.0459_47.4475_-0.454337
16.4956_47.2291_-0.447448
16.9459_47.0118_-0.454337
17.392_46.8168_-0.325111
17.8596_46.681_-0.195885
18.3408_46.6066_-0.0666587
18.8275_46.5947_0.0625674
19.3117_46.6457_0.191794
19.7957_46.7524_0.267252
20.2755_46.8897_0.301668
20.7516_47.0414_0.32233
21.2244_47.2029_0.342992
21.6949_47.3722_0.349881
22.1589_47.5195_0.220655
22.6381_47.6059_0.0914288
23.1326_47.6388_0.0159706
23.6308_47.6387_-0.0321715
24.1301_47.6192_-0.0528332
24.6169_47.6141_0.0763929
25.1004_47.6718_0.205619
25.5724_47.7914_0.334845
26.0251_47.9707_0.464071
26.4508_48.2069_0.593297
26.8426_48.496_0.722523
27.1939_48.8331_0.85175
27.4988_49.2127_0.980976
27.7522_49.6285_1.1102
27.9557_50.0762_1.21272
28.1456_50.5245_1.08349
28.3916_50.9447_0.954266
28.6897_51.3297_0.82504
29.0349_51.673_0.695814
29.4215_51.969_0.566588
29.843_52.2127_0.437362
30.2963_52.4086_0.348336
30.7673_52.5711_0.300194
31.2457_52.7132_0.265778
31.7287_52.8412_0.245116
32.2078_52.9417_0.129195
32.7007_52.9933_0.053737
33.1993_53.0144_0.0193203
33.6989_53.0206_-0.00134141
34.1989_53.0188_-0.00823063
34.6902_52.9981_-0.110747
35.183_52.933_-0.172574
35.6737_52.8417_-0.206991
36.1619_52.7356_-0.227652
36.6488_52.6217_-0.234542
37.1351_52.5137_-0.186399
37.6268_52.4244_-0.165738
38.1201_52.3454_-0.145076
38.615_52.2743_-0.138187
39.1104_52.2065_-0.131297
39.5953_52.1633_-0.00207136
40.0818_52.1829_0.127155
40.5617_52.2651_0.256381
41.0271_52.4084_0.385607
41.47_52.6105_0.514833
41.9036_52.832_0.385607
42.3621_52.9959_0.256381
42.8379_53.0993_0.127155
43.3293_53.1475_0.0381293
43.8162_53.1454_-0.0910968
44.2988_53.0806_-0.220323
44.7836_52.9869_-0.131297
45.2791_52.9272_-0.0968808
45.7767_52.8777_-0.10377
46.2584_52.8068_-0.232996
46.7269_52.6744_-0.362222
47.1745_52.4827_-0.491448
47.6131_52.2714_-0.362222
48.0753_52.1183_-0.232996
48.5534_52.0261_-0.10377
49.0393_51.9962_0.0254561
49.5251_52.0292_0.154682
50.0026_52.1245_0.283908
50.4638_52.2806_0.413134
50.9212_52.4824_0.420024
51.3772_52.6873_0.426913
51.8319_52.8954_0.433802
52.286_53.1045_0.426913
52.7406_53.3125_0.433802
53.1907_53.4983_0.304576
53.6609_53.6245_0.17535
54.1435_53.689_0.0461237
54.6304_53.6908_-0.0831024
55.1135_53.6299_-0.212329
55.5847_53.5072_-0.341555
56.0361_53.3248_-0.470781
56.472_53.0891_-0.546239
56.8935_52.8235_-0.594381
57.3038_52.5393_-0.628798
57.7019_52.2398_-0.67694
58.0874_51.9228_-0.711356
58.4636_51.5939_-0.732018
58.8347_51.2589_-0.738907
59.2035_50.9214_-0.745797
59.5729_50.5848_-0.725135
59.9478_50.2541_-0.718246
60.325_49.926_-0.711356
60.7045_49.6004_-0.704467
61.0862_49.2775_-0.697578
61.4701_48.9572_-0.690689
61.8547_48.6378_-0.697578
62.2386_48.3176_-0.690689
62.6233_47.9982_-0.697578
63.0072_47.6779_-0.690689
63.3918_47.3585_-0.697578
63.7743_47.0365_-0.704467
64.1545_46.7118_-0.711356
64.5324_46.3845_-0.718246
64.9096_46.0564_-0.711356
65.2818_45.7251_-0.759499
65.6417_45.3786_-0.78016
65.9963_45.0261_-0.78705
66.3484_44.6712_-0.793939
66.6981_44.3138_-0.800828
67.0341_43.9495_-0.876286
67.3491_43.5624_-0.910703
67.6527_43.1656_-0.931365
67.9502_42.7637_-0.938254
68.2448_42.3598_-0.945143
68.5464_41.9776_-0.815917
68.8953_41.631_-0.7134
69.2778_41.3135_-0.651574
69.6787_41.0178_-0.603431
70.0921_40.7371_-0.58277
70.4962_40.4533_-0.671795
70.8811_40.137_-0.719937
71.2526_39.8036_-0.754354
71.6143_39.4589_-0.775016
71.9707_39.1083_-0.781905
72.3298_38.7629_-0.733763
72.7032_38.4309_-0.713101
73.0833_38.1066_-0.692439
73.4689_37.7883_-0.68555
73.8566_37.4727_-0.678661
74.2223_37.1513_-0.807887
74.5557_36.7846_-0.883345
74.8656_36.3945_-0.931487
75.161_35.9915_-0.952149
75.45_35.5835_-0.959038
75.7319_35.1717_-0.993455
76.0018_34.7511_-1.01412
76.265_34.3261_-1.02101
76.5252_33.8992_-1.02789
76.7825_33.4705_-1.03478
77.0438_33.0463_-0.986642
77.3238_32.6332_-0.952225
77.6163_32.2281_-0.931564
77.9155_31.8275_-0.924674
78.2175_31.429_-0.917785
78.5113_31.0281_-0.979612
78.7847_30.6106_-1.01403
79.0458_30.1846_-1.03469
79.3002_29.7542_-1.04158
79.5516_29.322_-1.04847
79.802_28.8893_-1.04158
80.0534_28.4572_-1.04847
80.3039_28.0244_-1.04158
80.5553_27.5923_-1.04847
80.8057_27.1596_-1.04158
81.0691_26.7501_-0.912353
81.383_26.3715_-0.809836
81.7331_26.0187_-0.74801
82.1028_25.6834_-0.713593
82.4828_25.3589_-0.692932
82.8472_25.0321_-0.808852
83.1829_24.6656_-0.870679
83.5001_24.2802_-0.905096
83.8059_23.8851_-0.925757
84.1036_23.4838_-0.946419
84.3832_23.0746_-1.02188
84.6363_22.6455_-1.07002
84.8709_22.2049_-1.10444
85.0925_21.7571_-1.1251
85.3069_21.3055_-1.13199
85.5183_20.8524_-1.13888
85.7266_20.3979_-1.14577
85.9338_19.9429_-1.13888
86.1441_19.4893_-1.13199
86.3555_19.0362_-1.13888
86.5753_18.594_-1.04985
86.8302_18.1659_-1.00171
87.1039_17.7486_-0.967292
87.3918_17.341_-0.932875
87.6922_16.9416_-0.912214
87.9736_16.5443_-1.04144
88.213_16.1104_-1.1169
88.4243_15.6592_-1.16504
88.616_15.1984_-1.19946
88.7941_14.7316_-1.22012
88.9625_14.2611_-1.24078
89.1235_13.7878_-1.24767
89.2811_13.3133_-1.25456
89.4234_12.8386_-1.33002
89.5369_12.3526_-1.36443
