configuration -3.08480739594_22.5642471313_-0.424155304833_0.905589464041_28.1138801575_4.40596151352_-0.254607913402_0.967044368389
length 41.0511
time 0.308927
roughness 0.000535931
-3.08481_22.5642_-0.876058
-2.75754_22.2038_-0.746832
-2.38654_21.8884_-0.617606
-1.978_21.6236_-0.488379
-1.53874_21.4135_-0.359153
-1.07607_21.2619_-0.229927
-0.597715_21.1711_-0.100701
-0.111652_21.1427_0.028525
0.374014_21.1772_0.157751
0.851185_21.274_0.286977
1.3205_21.4277_0.376003
1.78055_21.5871_0.246777
2.2573_21.686_0.11755
2.74282_21.7225_-0.0116757
3.229_21.6962_-0.140902
3.70773_21.6075_-0.270128
4.18716_21.4688_-0.304545
4.66279_21.3157_-0.325206
5.13618_21.1548_-0.332096
5.60845_20.9908_-0.338985
6.07958_20.8234_-0.345874
6.53904_20.6424_-0.434899
6.98541_20.4238_-0.496726
7.42143_20.1809_-0.531143
7.8505_19.9249_-0.551804
8.27566_19.6618_-0.558694
8.69908_19.4214_-0.429467
9.15157_19.2347_-0.313547
9.62742_19.0912_-0.25172
10.1122_18.9724_-0.217303
10.6008_18.868_-0.196642
11.0909_18.7785_-0.1485
11.5853_18.7104_-0.114083
12.0821_18.6569_-0.0934212
12.58_18.6114_-0.086532
13.0782_18.5693_-0.0796427
13.5615_18.5101_-0.208869
14.0389_18.3919_-0.311386
14.5088_18.2299_-0.373212
14.9714_18.0426_-0.407629
15.4287_17.8414_-0.428291
15.8798_17.6581_-0.299064
16.3508_17.5345_-0.169838
16.8337_17.4726_-0.0406122
17.3206_17.4735_0.0886139
17.8033_17.5371_0.21784
18.2827_17.6221_0.0886139
18.7691_17.6446_-0.0406122
19.2543_17.6042_-0.169838
19.7303_17.5017_-0.299064
20.1891_17.3386_-0.428291
20.623_17.1178_-0.557517
21.0342_16.8443_-0.646542
21.427_16.5379_-0.694684
21.8067_16.214_-0.729101
22.1771_15.8786_-0.749763
22.519_15.532_-0.878989
22.8134_15.1442_-1.00821
23.0554_14.7217_-1.13744
23.241_14.2715_-1.26667
23.367_13.8012_-1.39589
23.4719_13.3258_-1.26667
23.6373_12.8678_-1.13744
23.8603_12.435_-1.00821
24.135_12.0226_-0.932757
24.4381_11.6272_-0.884615
24.7367_11.2364_-0.987131
25.002_10.8161_-1.04896
25.2458_10.3806_-1.08337
25.4768_9.93751_-1.10404
25.7008_9.49052_-1.11093
25.8982_9.04544_-1.24015
26.0366_8.57864_-1.36938
26.1137_8.09789_-1.4986
26.1282_7.61122_-1.62783
26.0799_7.12673_-1.75706
26.0101_6.64487_-1.62783
26.0029_6.15804_-1.4986
26.0586_5.67434_-1.36938
26.1761_5.20185_-1.24015
26.3536_4.74844_-1.11093
26.588_4.32169_-0.981699
26.8754_3.92869_-0.852473
27.2111_3.57602_-0.723247
27.3871_3.4268_-0.662035
27.4074_3.41108_-0.655233
