configuration 72.6459350586_2.13817882538_-0.994211695618_0.107438839792_19.5581073761_50.1696281433_0.955633460234_0.294558465643
length 93.8694
time 0.971886
roughness 0.00015985
72.6459_2.13818_-2.9263
72.1663_2.05441_-3.05553
71.6799_2.03315_-3.18475
71.1948_2.07476_-3.31398
70.711_2.17376_-3.403
70.2318_2.31021_-3.45115
69.7622_2.43874_-3.32192
69.2799_2.50569_-3.19269
68.793_2.50993_-3.06347
68.3001_2.4589_-2.98801
67.809_2.37481_-2.93987
67.3284_2.26166_-2.85084
66.8534_2.11122_-2.8027
66.3833_1.94186_-2.78204
65.9168_1.76283_-2.76138
65.453_1.57622_-2.75449
64.989_1.39808_-2.81631
64.5144_1.24644_-2.86446
64.0329_1.11304_-2.88512
63.549_0.987326_-2.89201
63.0642_0.864946_-2.8989
62.5871_0.768069_-3.02812
62.1014_0.73349_-3.15735
61.6153_0.761785_-3.28657
61.137_0.852482_-3.4158
60.6634_0.99857_-3.49126
60.1993_1.14584_-3.36203
59.7201_1.23207_-3.23281
59.2338_1.25583_-3.10358
58.7485_1.21672_-2.97435
58.2723_1.1154_-2.84513
57.807_0.955897_-2.74261
57.3531_0.753444_-2.68078
56.9087_0.526406_-2.64637
56.4707_0.285927_-2.62571
56.0363_0.0382938_-2.61882
55.6045_-0.186708_-2.74804
55.1431_-0.362563_-2.83707
54.6655_-0.504315_-2.88521
54.1813_-0.625334_-2.91963
53.6931_-0.731977_-2.94029
53.2066_-0.839396_-2.89215
52.7259_-0.970102_-2.844
52.2548_-1.09301_-2.97323
51.7717_-1.15418_-3.10246
51.2848_-1.1526_-3.23168
50.7985_-1.12938_-3.10246
50.3105_-1.16718_-2.98654
49.8211_-1.254_-2.92471
49.3363_-1.36899_-2.87657
48.855_-1.50319_-2.85591
48.3941_-1.66007_-2.72668
47.9572_-1.87505_-2.59745
47.5517_-2.14453_-2.46823
47.1843_-2.46403_-2.339
46.8611_-2.8282_-2.20977
46.5545_-3.20637_-2.339
46.2016_-3.54187_-2.46823
45.8085_-3.82911_-2.59745
45.3816_-4.06328_-2.72668
44.9281_-4.24049_-2.85591
44.4556_-4.35779_-2.98513
43.9718_-4.4132_-3.11436
43.485_-4.40583_-3.24358
43.0032_-4.33577_-3.37281
42.5344_-4.20421_-3.50204
42.0865_-4.01334_-3.63126
41.6669_-3.76633_-3.76049
41.2826_-3.46732_-3.88971
40.9401_-3.12128_-4.01894
40.6451_-2.73398_-4.14817
40.3675_-2.33396_-4.01894
40.0405_-1.9666_-3.91642
39.6783_-1.62624_-3.8546
39.2971_-1.30413_-3.82018
38.9059_-0.993174_-3.79952
38.5084_-0.712046_-3.67029
38.0767_-0.481444_-3.55437
37.6179_-0.294059_-3.47891
37.1452_-0.136722_-3.43077
36.6652_0.000108716_-3.39635
36.1996_0.14267_-3.52558
35.7563_0.344037_-3.65481
35.3427_0.600851_-3.78403
34.9656_0.90883_-3.91326
34.6313_1.26284_-4.04249
34.3392_1.65846_-4.145
34.0807_2.08301_-4.20683
33.844_2.5224_-4.24125
33.6203_2.96919_-4.26191
33.4036_3.41977_-4.2688
33.2022_3.87257_-4.34425
33.0279_4.34024_-4.37867
32.8675_4.81346_-4.39933
32.7146_5.28948_-4.40622
32.5651_5.76653_-4.41311
32.4187_6.24461_-4.42
32.2757_6.72368_-4.42689
32.136_7.20373_-4.43378
31.9974_7.6841_-4.42689
31.8577_8.16415_-4.43378
31.713_8.64089_-4.38564
31.5475_9.1117_-4.35122
31.3677_9.5779_-4.33056
31.1803_10.0414_-4.32367
30.9898_10.5037_-4.31678
30.785_10.9508_-4.21426
30.5386_11.3825_-4.15244
30.2687_11.8023_-4.11802
29.986_12.2143_-4.09736
29.6966_12.622_-4.09047
29.43_13.0294_-4.2197
29.2122_13.4703_-4.32221
29.0326_13.9338_-4.38404
28.8771_14.408_-4.41846
28.7356_14.8872_-4.43912
28.6018_15.369_-4.44601
28.4713_15.8516_-4.4529
28.3441_16.3351_-4.45978
28.218_16.8189_-4.4529
28.0909_17.3024_-4.45978
27.9493_17.7683_-4.33056
27.7489_18.212_-4.20133
27.493_18.6262_-4.07211
27.1858_19.004_-3.94288
26.8518_19.3222_-3.82046
26.4861_19.6437_-3.94968
26.165_20.0096_-4.07891
25.8937_20.4139_-4.20813
25.6767_20.8498_-4.33736
25.5094_21.3144_-4.42639
25.3741_21.7948_-4.4608
25.2531_22.2796_-4.48146
25.1397_22.7666_-4.48835
25.0298_23.2543_-4.49524
24.9232_23.7427_-4.50213
24.8418_24.2228_-4.63136
24.8141_24.7176_-4.70682
24.8193_25.2158_-4.75496
24.844_25.7148_-4.77562
24.879_26.2133_-4.79628
24.9105_26.7093_-4.73445
24.9158_27.2084_-4.70004
24.9062_27.708_-4.67938
24.8885_28.2076_-4.67249
24.8674_28.7071_-4.6656
24.8521_29.2051_-4.71374
24.8585_29.7041_-4.74816
24.8798_30.2034_-4.76882
24.9091_30.7025_-4.77571
24.9419_31.2013_-4.7826
24.9758_31.7002_-4.77571
25.0086_32.199_-4.7826
25.0425_32.6978_-4.77571
25.0753_33.1967_-4.7826
25.1093_33.6955_-4.77571
25.1328_34.1932_-4.72757
25.137_34.6928_-4.7069
25.1308_35.1925_-4.68624
25.1166_35.6922_-4.67935
25.0989_36.1919_-4.67246
25.0689_36.688_-4.61064
25.0125_37.1839_-4.57622
24.9412_37.6785_-4.55556
24.862_38.1721_-4.54867
24.7794_38.6652_-4.54178
24.7171_39.1481_-4.67101
24.7134_39.6399_-4.77352
24.7581_40.1317_-4.86255
24.8513_40.6096_-4.99177
25.0053_41.0715_-5.121
25.1796_41.5261_-4.99177
25.2939_41.9994_-4.86255
25.3463_42.4834_-4.73332
25.3358_42.9702_-4.6041
25.2628_43.4516_-4.47487
25.1282_43.9195_-4.34564
24.9345_44.3662_-4.21642
24.6854_44.7875_-4.1005
24.3916_45.1885_-4.03867
24.0745_45.5728_-3.99053
23.7418_45.9455_-3.96987
23.4014_46.3113_-3.9492
23.055_46.6718_-3.94232
22.7061_47.0299_-3.93543
22.3547_47.3856_-3.92854
22.001_47.7389_-3.92165
21.6464_48.0914_-3.92854
21.2926_48.4446_-3.92165
20.938_48.7971_-3.92854
20.5794_49.1392_-3.85308
