configuration -4.52205276489_51.1520843506_-0.288179288681_0.957576470876_89.803527832_11.5547637939_-0.656431103106_0.754385980036
length 118.739
time 0.88888
roughness 0.000101952
-4.52205_51.1521_-0.58465
-4.10501_50.9008_-0.455424
-3.65463_50.694_-0.379966
-3.18905_50.5143_-0.345549
-2.71776_50.3483_-0.324887
-2.24359_50.1898_-0.317998
-1.7679_50.0368_-0.297336
-1.28916_49.8937_-0.276674
-0.807901_49.7582_-0.269785
-0.325718_49.6261_-0.262896
0.156768_49.495_-0.269785
0.639018_49.37_-0.221643
1.12712_49.2658_-0.187226
1.61856_49.1739_-0.180337
2.11062_49.0854_-0.173448
2.60328_49.0002_-0.166559
3.08523_48.9023_-0.269076
3.56157_48.7604_-0.330902
4.03169_48.5928_-0.365319
4.49715_48.4111_-0.385981
4.9599_48.2218_-0.39287
5.42133_48.0294_-0.399759
5.88142_47.8337_-0.406648
6.34016_47.6349_-0.413537
6.79844_47.4351_-0.406648
7.25718_47.2362_-0.413537
7.71092_47.0597_-0.284311
8.18363_46.943_-0.155085
8.66977_46.8859_-0.0391643
9.16672_46.8767_0.0226622
9.66552_46.8937_0.0570788
10.1642_46.9256_0.0777406
10.6625_46.9656_0.0846298
11.1606_47.009_0.091519
11.6584_47.0558_0.0984082
12.1558_47.1061_0.105297
12.6515_47.1642_0.139714
13.1464_47.235_0.146603
13.6408_47.3092_0.153493
14.1348_47.3867_0.160382
14.6281_47.4677_0.167271
15.1112_47.5284_0.0380448
15.5981_47.5262_-0.0911813
16.0807_47.4614_-0.220407
16.5566_47.3377_-0.322924
17.0247_47.1703_-0.384751
17.4833_47.0069_-0.255525
17.9592_46.9039_-0.126299
18.4443_46.8631_0.00292762
18.9307_46.8851_0.132154
19.4102_46.9697_0.26138
19.8855_47.0755_0.132154
20.3767_47.1261_0.0431283
20.8747_47.1396_-0.00501382
21.3738_47.1314_-0.0394305
21.8729_47.1082_-0.0600922
22.3719_47.0771_-0.0669814
22.8706_47.0425_-0.0738706
23.3692_47.0044_-0.0807599
23.8674_46.9629_-0.0876491
24.3655_46.9203_-0.0807599
24.8521_46.9016_0.0484663
25.337_46.9458_0.177692
25.8121_47.0521_0.306919
26.2696_47.2188_0.436145
26.7018_47.443_0.565371
27.1181_47.7166_0.613513
27.5229_48.0086_0.64793
27.9192_48.3129_0.668591
28.3108_48.6237_0.67548
28.7003_48.9372_0.68237
29.0908_49.228_0.553144
29.5156_49.466_0.423917
29.9674_49.6473_0.294691
30.4389_49.7688_0.165465
30.9221_49.8286_0.0362391
31.4127_49.863_0.138756
31.9035_49.9418_0.200582
32.3914_50.0469_0.234999
32.8765_50.1666_0.255661
33.3599_50.2941_0.26255
33.835_50.4004_0.133324
34.3199_50.4447_0.00409778
34.8065_50.426_-0.125128
35.2865_50.3448_-0.254354
35.7521_50.2025_-0.383581
36.2128_50.0104_-0.417997
36.668_49.8044_-0.438659
37.1202_49.591_-0.445548
37.5708_49.3745_-0.452437
38.02_49.1549_-0.459327
38.4652_48.9578_-0.3301
38.9369_48.8115_-0.241075
39.4225_48.7003_-0.192933
39.9135_48.6079_-0.172271
40.4064_48.5257_-0.151609
40.9006_48.4559_-0.117193
41.3972_48.4009_-0.096531
41.895_48.3539_-0.0896418
42.393_48.3103_-0.0827526
42.8912_48.2678_-0.0896418
43.3775_48.2448_0.0395843
43.8628_48.2847_0.16881
44.3388_48.3867_0.298037
44.7978_48.5493_0.427263
45.232_48.7697_0.556489
45.6559_49.0091_0.427263
46.1072_49.1919_0.298037
46.5783_49.315_0.16881
47.0613_49.3764_0.0395843
47.5482_49.375_-0.0896418
48.0345_49.352_0.0395843
48.5198_49.3919_0.16881
48.9958_49.494_0.298037
49.4548_49.6565_0.427263
49.7766_49.8154_0.522482
50.2116_50.0491_0.433456
50.667_50.2511_0.385314
51.1316_50.4334_0.350898
51.602_50.6019_0.330236
52.0754_50.7629_0.323347
52.5502_50.9184_0.302685
53.0278_51.0664_0.295796
53.5064_51.211_0.288907
53.9853_51.3545_0.295796
54.4639_51.4992_0.288907
54.9418_51.6448_0.309568
55.4167_51.8003_0.33023
55.8893_51.9635_0.337119
56.3607_52.13_0.344008
56.831_52.2997_0.350898
57.2949_52.4475_0.221672
57.774_52.5343_0.0924455
58.2603_52.5587_-0.0367807
58.7456_52.5202_-0.166007
59.222_52.4195_-0.295233
59.6814_52.2582_-0.424459
60.1162_52.0391_-0.553685
60.5191_51.7657_-0.682911
60.8956_51.4435_-0.758369
61.254_51.0961_-0.792786
61.6022_50.7378_-0.813448
61.9448_50.3737_-0.820337
62.285_50.0072_-0.827226
62.6242_49.64_-0.820337
62.9644_49.2736_-0.827226
63.2957_48.9015_-0.875368
63.6111_48.5147_-0.909785
63.9171_48.1193_-0.916674
64.2204_47.7218_-0.923563
64.5209_47.3223_-0.930453
64.8222_46.9237_-0.909791
65.1301_46.5297_-0.902902
65.4406_46.1379_-0.896012
65.7538_45.7482_-0.889123
66.068_45.3593_-0.896012
66.3864_44.9776_-0.834186
66.7259_44.6118_-0.799769
67.0765_44.2559_-0.779108
67.4345_43.9072_-0.758446
67.7982_43.5642_-0.751557
68.1677_43.2471_-0.62233
68.575_42.9803_-0.493104
69.0133_42.7682_-0.363878
69.4752_42.6144_-0.234652
69.9531_42.5213_-0.105426
70.4347_42.4496_-0.234652
70.903_42.3165_-0.363878
71.3503_42.1241_-0.493104
71.769_41.8756_-0.62233
72.1522_41.5753_-0.751557
72.5183_41.2348_-0.744667
72.8867_40.8968_-0.737778
73.2559_40.5596_-0.744667
73.6243_40.2216_-0.737778
73.9935_39.8845_-0.744667
74.3652_39.57_-0.615441
74.7743_39.306_-0.486215
75.214_39.0969_-0.356989
75.677_38.9462_-0.227763
76.1555_38.8565_-0.0985368
76.6376_38.7881_-0.227763
77.1068_38.6582_-0.356989
77.5554_38.4688_-0.486215
77.9758_38.2233_-0.615441
78.3611_37.9256_-0.744667
78.7048_37.5807_-0.873893
79.0045_37.1937_-0.989814
79.266_36.7727_-1.06527
79.4977_36.333_-1.1271
79.7068_35.8798_-1.16152
79.8871_35.4223_-1.26403
80.0275_34.9455_-1.32586
80.1405_34.4603_-1.374
80.2559_33.9872_-1.24477
80.4312_33.533_-1.11555
80.6558_33.0873_-1.08113
80.8938_32.648_-1.06047
81.1409_32.2137_-1.03981
81.3951_31.7831_-1.03292
81.6522_31.3544_-1.02603
81.8983_30.9242_-1.10149
82.1189_30.4765_-1.13591
82.3263_30.0219_-1.15657
82.5265_29.5638_-1.16346
82.7235_29.1043_-1.17035
82.9173_28.6434_-1.17723
83.108_28.1813_-1.18412
83.2955_27.7178_-1.19101
83.4819_27.2539_-1.18412
83.6694_26.7904_-1.19101
83.8558_26.3265_-1.18412
84.0433_25.863_-1.19101
84.2297_25.3991_-1.18412
84.4172_24.9356_-1.19101
84.6036_24.4717_-1.18412
84.7988_24.0133_-1.13598
85.0124_23.5616_-1.11532
85.2353_23.1144_-1.09466
85.4655_22.6706_-1.08777
85.6987_22.2283_-1.08088
85.9235_21.7851_-1.14271
86.1255_21.3287_-1.17712
86.314_20.8659_-1.19778
86.4951_20.3999_-1.20467
86.673_19.9327_-1.21156
86.8477_19.4642_-1.21845
87.0213_18.9954_-1.21156
87.196_18.5269_-1.21845
87.3696_18.0581_-1.21156
87.5443_17.5896_-1.21845
87.7179_17.1208_-1.21156
87.8926_16.6523_-1.21845
88.0662_16.1835_-1.21156
88.2409_15.715_-1.21845
88.4145_15.2462_-1.21156
88.5914_14.7785_-1.20467
88.7693_14.3113_-1.21156
88.944_13.8428_-1.21845
89.1176_13.374_-1.21156
89.2775_12.9068_-1.30059
