configuration -17.6504554749_-22.9172973633_0.256229049699_0.256229049699_76.2194671631_43.7661514282_0.386216847154_0.922408015454
length 126.432
time 1.31774
roughness 8.53055e-05
-17.6505_-22.9173_0.150019
-17.1726_-22.8242_0.279245
-16.7106_-22.6703_0.408471
-16.2634_-22.4609_0.497496
-15.8316_-22.2147_0.559323
-15.4116_-21.9451_0.593739
-14.9949_-21.6839_0.491223
-14.5519_-21.4585_0.429396
-14.0958_-21.2559_0.394979
-13.6333_-21.0668_0.374318
-13.1675_-20.8851_0.367428
-12.7038_-20.7005_0.401845
-12.2453_-20.5019_0.422507
-11.7898_-20.2958_0.429396
-11.3357_-20.0867_0.436285
-10.883_-19.8743_0.443175
-10.4331_-19.657_0.463836
-9.9878_-19.4304_0.484498
-9.54592_-19.1965_0.491387
-9.10565_-18.9596_0.498276
-8.66593_-18.7216_0.491387
-8.22297_-18.4936_0.443245
-7.76969_-18.2848_0.408828
-7.30984_-18.0893_0.388167
-6.84664_-17.9011_0.381277
-6.38215_-17.7161_0.374388
-5.93373_-17.5199_0.490309
-5.50015_-17.2769_0.552136
-5.07826_-17.0103_0.586552
-4.66402_-16.7308_0.607214
-4.25564_-16.4429_0.627876
-3.84782_-16.1567_0.579734
-3.42718_-15.8881_0.545317
-2.9982_-15.6319_0.524655
-2.56491_-15.3825_0.517766
-2.12991_-15.136_0.510877
-1.69548_-14.9162_0.381651
-1.23635_-14.7541_0.252425
-0.760155_-14.6526_0.123198
-0.26849_-14.6064_0.034173
0.228501_-14.5996_-0.0276535
0.715338_-14.5925_0.101573
1.19719_-14.5226_0.230799
1.66603_-14.3912_0.360025
2.12532_-14.2051_0.435483
2.57538_-13.9894_0.4699
3.02244_-13.7662_0.449238
3.47329_-13.5501_0.442349
3.92562_-13.3371_0.435459
4.37941_-13.1273_0.42857
4.83368_-12.9185_0.435459
5.28344_-12.732_0.306233
5.75348_-12.605_0.177007
6.23597_-12.5397_0.0477811
6.72285_-12.537_-0.081445
7.20601_-12.5972_-0.210671
7.68603_-12.6787_-0.081445
8.17254_-12.6977_0.0477811
8.65746_-12.6539_0.177007
9.13268_-12.5479_0.306233
9.59028_-12.3816_0.435459
10.0259_-12.1583_0.55138
10.4438_-11.8893_0.613207
10.8487_-11.5974_0.647623
11.2451_-11.2933_0.668285
11.6368_-10.9826_0.675174
12.0263_-10.6692_0.682064
12.4137_-10.3531_0.688953
12.8004_-10.0362_0.682064
13.1877_-9.72009_0.688953
13.5744_-9.40313_0.682064
13.9618_-9.08707_0.688953
14.347_-8.76834_0.695842
14.73_-8.44697_0.702731
15.1107_-8.12296_0.70962
15.4908_-7.79809_0.702731
15.8766_-7.48471_0.640905
16.28_-7.1909_0.606488
16.6925_-6.90893_0.585826
17.1108_-6.63554_0.565165
17.5336_-6.36875_0.558275
17.9556_-6.10115_0.578937
18.3734_-5.82664_0.585826
18.7894_-5.54926_0.592716
19.2034_-5.26902_0.599605
19.6155_-4.98594_0.606494
20.028_-4.70397_0.585832
20.4453_-4.4285_0.578943
20.8644_-4.15591_0.572054
21.2854_-3.88621_0.565165
21.7082_-3.61943_0.558275
22.1243_-3.34753_0.620102
22.5271_-3.05287_0.654519
22.9214_-2.74596_0.67518
23.3093_-2.43097_0.695842
23.6923_-2.1096_0.702731
24.0758_-1.78929_0.682069
24.4646_-1.47501_0.67518
24.8556_-1.16341_0.668291
25.2487_-0.854508_0.661402
25.6439_-0.548326_0.654513
26.0294_-0.236889_0.729971
26.3953_0.101241_0.778113
26.7468_0.455617_0.81253
27.0879_0.820749_0.833191
27.4232_1.19153_0.840081
27.7631_1.5522_0.764622
28.1281_1.89129_0.71648
28.5082_2.21472_0.682064
28.8971_2.529_0.675174
29.288_2.8406_0.668285
29.6833_3.14534_0.633869
30.0879_3.4385_0.613207
30.4975_3.72529_0.606318
30.909_4.00925_0.599428
31.3224_4.29036_0.592539
31.7264_4.57733_0.667997
32.1126_4.89214_0.716139
32.4853_5.22408_0.750556
32.8483_5.56738_0.771218
33.2042_5.91811_0.79188
33.5589_6.26926_0.757463
33.9243_6.61006_0.736801
34.2953_6.94515_0.729912
34.6687_7.27767_0.723023
35.0443_7.60761_0.716134
35.4262_7.92349_0.640675
35.8303_8.21485_0.592533
36.2467_8.49104_0.571872
36.6687_8.75857_0.55121
37.0953_9.01943_0.544321
37.5127_9.28658_0.619779
37.9135_9.58243_0.667921
38.3018_9.89601_0.702337
38.681_10.2214_0.722999
39.0551_10.5531_0.729888
39.4322_10.8768_0.668062
39.8276_11.1815_0.633645
40.2322_11.4745_0.612984
40.6418_11.7612_0.606094
41.0534_12.0451_0.599205
41.4693_12.3195_0.551063
41.8968_12.5781_0.530401
42.3286_12.8301_0.523512
42.7622_13.079_0.516623
43.1975_13.325_0.509734
43.6262_13.5764_0.57156
44.0429_13.8511_0.605977
44.4516_14.1385_0.626638
44.8559_14.4327_0.633528
45.2582_14.7296_0.640417
45.6584_15.0292_0.647306
46.0579_15.3298_0.640417
46.4581_15.6295_0.647306
46.8562_15.9319_0.654195
47.2537_16.2352_0.647306
47.6542_16.5121_0.51808
48.087_16.7351_0.388854
48.545_16.9004_0.259628
49.0204_17.0053_0.130402
49.5054_17.0481_0.00117554
49.9919_17.0281_-0.128051
50.4717_16.9455_-0.257277
50.9369_16.8018_-0.386503
51.3797_16.5993_-0.515729
51.8046_16.3442_-0.591187
52.22_16.0902_-0.461961
52.6646_15.8918_-0.332735
53.1311_15.7524_-0.203509
53.6117_15.6743_-0.0742826
54.0984_15.6588_0.0549435
54.5975_15.6828_0.0342817
55.0969_15.6965_0.01362
55.5836_15.6825_-0.115606
56.0645_15.6059_-0.244832
56.5314_15.468_-0.374058
56.9767_15.271_-0.503284
57.3929_15.0183_-0.632511
57.773_14.7141_-0.761737
58.1393_14.3933_-0.632511
58.546_14.1132_-0.543485
58.973_13.8793_-0.414259
59.4266_13.7024_-0.285033
59.8993_13.5854_-0.155807
60.383_13.5303_-0.0265807
60.8699_13.538_0.102645
61.3516_13.6084_0.231872
61.8203_13.7402_0.361098
62.2681_13.9314_0.490324
62.6875_14.1787_0.61955
63.0716_14.478_0.748776
63.4139_14.8242_0.878002
63.7087_15.2117_1.00723
63.9511_15.634_1.13645
64.1371_16.0839_1.26568
64.2636_16.5541_1.39491
64.3284_17.0367_1.52413
64.3347_17.5284_1.62665
64.2968_18.024_1.68848
64.2325_18.5189_1.72289
64.1534_19.0123_1.74355
64.0901_19.4951_1.61433
64.0895_19.982_1.4851
64.1517_20.4649_1.35588
64.2743_20.9388_1.23996
64.4454_21.4054_1.17813
64.6433_21.8626_1.12999
64.8614_22.3115_1.09557
65.0931_22.7542_1.07491
65.332_23.1934_1.06802
65.5739_23.6309_1.06113
65.8189_24.0668_1.05424
66.0668_24.501_1.04735
66.3177_24.9334_1.04046
66.5696_25.3653_1.04735
66.8205_25.7977_1.04046
67.0703_26.2305_1.06112
67.3132_26.6675_1.06801
67.5531_27.1061_1.0749
67.79_27.5464_1.08179
68.0238_27.9883_1.08868
68.2585_28.4294_1.06802
68.5023_28.8656_1.04736
68.7532_29.298_1.04047
69.0071_29.7287_1.03358
69.264_30.1577_1.02669
69.4981_30.5846_1.15592
69.6753_31.0381_1.28514
69.7926_31.5106_1.41437
69.848_31.9944_1.54359
69.8406_32.4812_1.67282
69.8116_32.9672_1.54359
69.8454_33.4529_1.41437
69.9416_33.9302_1.28514
70.0985_34.3911_1.15592
70.3095_34.8395_1.08046
70.5511_35.2752_1.03232
70.8103_35.7024_1.01165
71.0783_36.1242_0.990992
71.3532_36.5418_0.984103
71.6309_36.9575_0.977214
71.9096_37.3726_0.984103
72.1873_37.7883_0.977214
72.466_38.2034_0.984103
72.7438_38.6191_0.977214
73.0244_39.0329_0.970324
73.3059_39.4461_0.977214
73.5846_39.8611_0.984103
73.8624_40.2769_0.977214
74.143_40.6907_0.970324
74.4245_41.1038_0.977214
74.7032_41.5189_0.984103
74.9809_41.9346_0.977214
75.2615_42.3484_0.970324
75.5507_42.7526_0.908498
75.8621_43.1427_0.874081
