configuration 72.6459350586_2.13817882538_-0.994211695618_0.107438839792_19.5581073761_50.1696281433_0.955633460234_0.294558465643
length 100.671
time 0.753025
roughness 0.00018029
72.6459_2.13818_-2.9263
72.1585_2.02807_-2.90564
71.6727_1.91008_-2.89875
71.1877_1.78874_-2.89186
70.7035_1.66407_-2.88497
70.2202_1.53606_-2.87808
69.7387_1.40259_-2.85742
69.2601_1.2592_-2.83676
68.7835_1.10805_-2.82987
68.308_0.953619_-2.82298
67.8335_0.795916_-2.81609
67.366_0.659905_-2.94532
66.8849_0.585275_-3.07454
66.3981_0.57327_-3.20377
65.9139_0.62409_-3.33299
65.4403_0.736887_-3.46222
64.9721_0.870616_-3.33299
64.4906_0.9429_-3.20377
64.0038_0.952532_-3.07454
63.5123_0.904947_-2.98552
63.023_0.81762_-2.92369
62.923_0.794552_-2.89648
62.4383_0.672117_-2.8896
61.9544_0.546345_-2.88271
61.4714_0.417243_-2.87582
60.9893_0.284816_-2.86893
60.5081_0.149071_-2.86204
60.0315_0.00395206_-2.8139
59.5608_-0.162089_-2.77948
59.0948_-0.34231_-2.75882
58.6315_-0.530109_-2.75193
58.1694_-0.721096_-2.74504
57.7076_-0.901012_-2.8205
57.2324_-1.05066_-2.86864
56.7503_-1.17968_-2.90306
56.264_-1.2944_-2.92372
55.7756_-1.40135_-2.93061
55.3043_-1.5234_-2.80138
54.8526_-1.70517_-2.67216
54.4189_-1.94145_-2.58313
54.0029_-2.21342_-2.5213
53.6002_-2.50816_-2.48689
53.2017_-2.78801_-2.61611
52.7706_-3.01418_-2.74534
52.3138_-3.1829_-2.87456
51.8392_-3.29135_-3.00379
51.3545_-3.33773_-3.13302
50.8679_-3.32127_-3.26224
50.3875_-3.24224_-3.39147
49.9181_-3.1032_-3.50739
49.4599_-2.91441_-3.58285
49.0111_-2.6961_-3.61726
48.5677_-2.48871_-3.50134
48.0997_-2.32591_-3.42589
47.619_-2.19142_-3.39147
47.134_-2.0712_-3.37081
46.6467_-1.96102_-3.35015
46.175_-1.84012_-3.47937
45.7229_-1.65944_-3.6086
45.2946_-1.42256_-3.72452
44.8853_-1.14049_-3.78635
44.4899_-0.835988_-3.82076
44.1122_-0.515142_-3.89622
43.7525_-0.169117_-3.93064
43.4029_0.187904_-3.9513
43.0608_0.552072_-3.97196
42.7244_0.921908_-3.97885
42.3873_1.29076_-3.95819
42.0427_1.65256_-3.93753
41.6921_2.00899_-3.93064
41.339_2.36299_-3.92375
40.9836_2.71456_-3.91686
40.6506_3.06977_-4.04608
40.3598_3.46644_-4.1486
40.1029_3.89192_-4.21043
39.8678_4.33216_-4.24484
39.6457_4.77974_-4.26551
39.4168_5.20951_-4.13628
39.1345_5.6062_-4.00705
38.8035_5.96321_-3.87783
38.4291_6.27457_-3.7486
38.0178_6.5351_-3.61938
37.5764_6.74046_-3.49015
37.1121_6.88721_-3.36092
36.6328_6.97291_-3.2317
36.1465_6.99613_-3.10247
35.6612_6.95649_-2.97325
35.1749_6.86126_-2.89779
34.6934_6.73326_-2.84964
34.2159_6.58616_-2.82898
33.7415_6.42922_-2.80832
33.2694_6.26458_-2.80143
32.8039_6.12173_-2.93066
32.3239_6.04006_-3.05988
31.8374_6.02092_-3.18911
31.3525_6.06464_-3.31834
30.8773_6.17048_-3.44756
30.4196_6.33668_-3.57679
29.9872_6.56048_-3.70601
29.5872_6.83813_-3.83524
29.2264_7.165_-3.96447
28.9107_7.53566_-4.09369
28.6181_7.9407_-4.07303
28.3172_8.33961_-4.05237
28.0097_8.73387_-4.04548
27.6996_9.126_-4.03859
27.3867_9.51598_-4.0317
27.0966_9.90701_-4.16093
26.8593_10.3322_-4.29015
26.6788_10.7843_-4.41938
26.5581_11.256_-4.54861
26.4919_11.7454_-4.63763
26.4405_12.2366_-4.54861
26.3515_12.7267_-4.50046
26.243_13.2145_-4.4798
26.1245_13.6999_-4.45914
25.9981_14.1836_-4.45225
25.853_14.6484_-4.32303
25.6511_15.0968_-4.22051
25.4062_15.5277_-4.14505
25.1621_15.949_-4.27428
24.9745_16.3983_-4.4035
24.8331_16.8748_-4.46533
24.7166_17.3601_-4.49975
24.6145_17.8492_-4.52041
24.5226_18.3403_-4.54107
24.4385_18.8332_-4.54796
24.3768_19.3188_-4.66388
24.3629_19.8156_-4.72571
24.3753_20.3145_-4.76012
24.4026_20.8135_-4.78078
24.4379_21.3122_-4.78767
24.4539_21.7988_-4.65845
24.4108_22.2887_-4.55593
24.3554_22.7724_-4.68516
24.3627_23.2593_-4.81438
24.4328_23.7411_-4.94361
24.5242_24.2193_-4.81438
24.5532_24.7054_-4.68516
24.5193_25.1911_-4.55593
24.4231_25.6684_-4.4267
24.3058_26.1409_-4.55593
24.2385_26.6334_-4.61776
24.1994_27.13_-4.6659
24.1796_27.6293_-4.68656
24.1701_28.1289_-4.70722
24.171_28.6286_-4.72788
24.1753_29.1282_-4.70722
24.1693_29.6278_-4.68656
24.1552_30.1276_-4.67967
24.1377_30.6273_-4.67278
24.1167_31.1268_-4.66589
24.1127_31.6163_-4.78181
24.1573_32.1113_-4.84364
24.2304_32.6041_-4.89178
24.3251_33.0941_-4.9262
24.4345_33.5817_-4.94686
24.5274_34.0596_-4.81764
24.558_34.5455_-4.68841
24.5316_35.0387_-4.59938
24.4675_35.5327_-4.55124
24.3818_36.0244_-4.51683
24.2752_36.5099_-4.455
24.1427_36.991_-4.42058
23.9956_37.4686_-4.39992
23.8408_37.944_-4.39303
23.6828_38.4183_-4.38614
23.5464_38.8857_-4.51537
23.4714_39.3668_-4.64459
23.4591_39.8535_-4.77382
23.5077_40.3406_-4.88974
23.6073_40.826_-4.9652
23.749_41.2919_-5.09443
23.9495_41.7356_-5.22365
24.2055_42.1497_-5.35288
24.5128_42.5274_-5.4821
24.8661_42.8624_-5.61133
25.234_43.1813_-5.4821
25.5577_43.545_-5.35288
25.8319_43.9474_-5.22365
26.0519_44.3817_-5.09443
26.2141_44.8408_-4.9652
26.3158_45.317_-4.83597
26.3553_45.8023_-4.70675
26.3319_46.2886_-4.57752
26.2846_46.7758_-4.69344
26.2854_47.2728_-4.75527
26.2857_47.7597_-4.62604
26.2232_48.2426_-4.49682
26.0989_48.7133_-4.36759
25.9151_49.1642_-4.23836
25.6747_49.5876_-4.10914
25.3817_49.9765_-3.97991
25.0411_50.3244_-3.85069
24.6584_50.6255_-3.72146
24.2402_50.8747_-3.59223
23.7933_51.068_-3.46301
23.3253_51.2021_-3.33378
22.8438_51.2748_-3.20455
22.357_51.2848_-3.07533
21.873_51.232_-2.9461
21.3941_51.1202_-2.84359
20.9265_50.9614_-2.75456
20.4682_50.7969_-2.88379
19.9926_50.6928_-3.01301
19.5075_50.6509_-3.14224
