configuration -17.6504554749_-22.9172973633_0.256229049699_0.256229049699_76.2194671631_43.7661514282_0.386216847154_0.922408015454
length 129.035
time 0.994854
roughness 0.000105952
-17.6505_-22.9173_0.150019
-17.1726_-22.8242_0.279245
-16.7106_-22.6703_0.408471
-16.2586_-22.4635_0.470297
-15.8164_-22.2323_0.504714
-15.3807_-21.9877_0.525376
-14.9669_-21.7262_0.641297
-14.5748_-21.4207_0.703123
-14.1999_-21.0925_0.751265
-13.8371_-20.749_0.771927
-13.4815_-20.398_0.792589
-13.1253_-20.066_0.663363
-12.7293_-19.7828_0.534136
-12.3001_-19.5529_0.40491
-11.8448_-19.3802_0.275684
-11.3659_-19.2598_0.186659
-10.8917_-19.1493_0.315885
-10.4271_-18.9821_0.40491
-9.97234_-18.7785_0.453052
-9.52614_-18.555_0.487469
-9.08629_-18.3179_0.508131
-8.65497_-18.0685_0.556273
-8.23246_-17.8018_0.576935
-7.81555_-17.5264_0.597597
-7.40288_-17.2441_0.604486
-6.99217_-16.959_0.611375
-6.58211_-16.673_0.604486
-6.17009_-16.3898_0.597597
-5.75743_-16.1075_0.604486
-5.34541_-15.8243_0.597597
-4.93274_-15.5421_0.604486
-4.52076_-15.2826_0.47526
-4.07878_-15.0783_0.346033
-3.61416_-14.9327_0.216807
-3.13466_-14.8483_0.0875813
-2.64827_-14.8263_-0.0416449
-2.16309_-14.8671_-0.170871
-1.68723_-14.9702_-0.300097
-1.22862_-15.1337_-0.429323
-0.794903_-15.3549_-0.558549
-0.393314_-15.6302_-0.687775
-0.00435225_-15.9231_-0.558549
0.420336_-16.1665_-0.442629
0.87375_-16.3701_-0.380802
1.33917_-16.5478_-0.33266
1.81256_-16.7078_-0.311998
2.2692_-16.8767_-0.441224
2.70351_-17.1025_-0.557145
3.11745_-17.375_-0.632603
3.51448_-17.6759_-0.680745
3.8987_-17.9945_-0.715162
4.2795_-18.2979_-0.585936
4.69622_-18.5497_-0.45671
5.14191_-18.7457_-0.327484
5.60915_-18.8826_-0.198258
6.09014_-18.9582_-0.0690314
6.57934_-19.0087_-0.171548
7.06537_-19.1055_-0.247006
7.54644_-19.235_-0.295148
8.02225_-19.3857_-0.329565
8.49391_-19.5506_-0.350227
8.95791_-19.6981_-0.221001
9.43705_-19.7846_-0.0917746
9.92335_-19.8087_0.0374515
10.4087_-19.7699_0.166678
10.885_-19.6688_0.295904
11.3443_-19.5072_0.42513
11.7822_-19.2885_0.541051
12.2004_-19.0227_0.616509
12.6043_-18.7295_0.650925
12.9997_-18.424_0.671587
13.3904_-18.112_0.678476
13.7789_-17.7973_0.685366
14.1652_-17.48_0.692255
14.5494_-17.16_0.699144
14.9328_-16.8391_0.692255
15.2941_-16.5127_0.821481
15.6225_-16.1415_0.896939
15.9271_-15.7473_0.945081
16.2169_-15.3403_0.965743
16.4983_-14.9274_0.986405
16.7839_-14.533_0.857179
17.1179_-14.1788_0.727953
17.496_-13.8584_0.652494
17.896_-13.56_0.618078
18.3052_-13.2732_0.597416
18.7179_-12.991_0.604305
19.1287_-12.706_0.611194
19.5375_-12.4182_0.618084
19.9456_-12.1294_0.611194
20.3544_-11.8416_0.618084
20.7578_-11.5477_0.6525
21.1528_-11.2416_0.673162
21.5413_-10.9274_0.693824
21.9249_-10.6068_0.700713
22.3063_-10.2836_0.707602
22.6901_-9.96582_0.65946
23.088_-9.66458_0.625043
23.4952_-9.375_0.604382
23.9072_-9.09184_0.597492
24.3212_-8.81152_0.590603
24.7138_-8.5235_0.719829
25.0724_-8.18695_0.822346
25.4031_-7.81588_0.884173
25.715_-7.42629_0.918589
26.0156_-7.0271_0.939251
26.298_-6.61992_1.01471
26.5566_-6.19304_1.04913
26.8026_-5.75813_1.06979
27.0396_-5.31823_1.09045
27.2696_-4.87432_1.09734
27.5098_-4.45078_0.968112
27.8025_-4.06173_0.838886
28.1432_-3.70425_0.749861
28.5132_-3.37058_0.701719
28.897_-3.05067_0.681057
29.2811_-2.73201_0.715474
29.656_-2.40165_0.736135
30.024_-2.06362_0.756797
30.3867_-1.71951_0.763686
30.747_-1.37291_0.770576
31.1079_-1.02735_0.749914
31.4746_-0.687424_0.743025
31.8435_-0.350036_0.736135
32.2148_-0.0151973_0.729246
32.5884_0.317075_0.722357
32.9627_0.648489_0.729246
33.3347_0.982473_0.736135
33.706_1.31731_0.729246
34.0781_1.6513_0.736135
34.4493_1.98613_0.729246
34.8196_2.32163_0.749908
35.1829_2.6647_0.77057
35.5408_3.01377_0.777459
35.8964_3.36529_0.784348
36.2495_3.71926_0.791237
36.5767_4.07974_0.920463
36.8668_4.48155_0.995922
37.131_4.90396_1.04406
37.3769_5.33824_1.07848
37.6101_5.78018_1.09914
37.8495_6.20415_0.969916
38.1415_6.59373_0.84069
38.4813_6.94242_0.711464
38.8647_7.25371_0.622438
39.2741_7.53766_0.574296
39.6967_7.79638_0.498838
40.138_8.02769_0.450696
40.5893_8.24224_0.430034
41.0442_8.44964_0.423145
41.5005_8.65389_0.416256
41.9371_8.86945_0.545482
42.3422_9.13948_0.674708
42.7092_9.45946_0.803934
43.0319_9.82407_0.93316
43.3049_10.2272_1.06239
43.5593_10.6454_0.946466
43.859_11.0401_0.871007
44.1848_11.4182_0.836591
44.5221_11.7868_0.815929
44.8655_12.1502_0.80904
45.2162_12.488_0.679814
45.6075_12.7777_0.550588
46.0341_13.0177_0.434667
46.4886_13.2151_0.359209
46.9578_13.3827_0.311066
47.4334_13.5369_0.317956
47.908_13.6942_0.324845
48.3821_13.8527_0.317956
48.8567_14.0101_0.324845
49.3301_14.1708_0.331734
49.7968_14.3097_0.202508
50.2774_14.3873_0.0732819
50.7666_14.4045_-0.0426389
51.2611_14.371_-0.118097
51.7548_14.3044_-0.166239
52.238_14.2442_-0.0370131
52.7248_14.2469_0.092213
53.2073_14.3122_0.221439
53.6774_14.4392_0.350665
54.1271_14.6257_0.479891
54.5712_14.8555_0.473002
54.8994_15.0227_0.467926
55.3429_15.2237_0.3387
55.8085_15.3659_0.209474
56.2886_15.4469_0.0802475
56.7752_15.4653_-0.0489786
57.26_15.4209_-0.178205
57.7424_15.355_-0.0489786
58.2293_15.3517_0.0802475
58.7126_15.4113_0.209474
59.1841_15.5326_0.3387
59.6361_15.7137_0.467926
60.0609_15.9516_0.597152
60.4516_16.2421_0.726378
60.8015_16.5807_0.855604
61.1142_16.9629_0.94463
61.3997_17.3712_0.992772
61.6652_17.7927_1.04091
61.9125_18.2263_1.07533
62.147_18.6675_1.09599
62.3746_19.1126_1.10288
62.5991_19.5594_1.10977
62.797_20.0042_1.239
62.944_20.4757_1.32802
63.0536_20.9605_1.38985
63.1354_21.4519_1.43799
63.1958_21.9473_1.47241
63.2641_22.4294_1.34318
63.394_22.8987_1.21396
63.5832_23.3473_1.08473
63.8256_23.7795_1.00927
64.0976_24.1969_0.961129
64.3809_24.6085_0.981791
64.6556_25.0259_1.00245
64.9238_25.4479_1.00934
65.189_25.8717_1.01623
65.4513_26.2973_1.02312
65.7126_26.7236_1.01623
65.9749_27.1492_1.02312
66.2362_27.5754_1.01623
66.4985_28.0011_1.02312
66.7598_28.4273_1.01623
67.0221_28.853_1.02312
67.2834_29.2792_1.01623
67.5457_29.7048_1.02312
67.807_30.1311_1.01623
68.0693_30.5567_1.02312
68.3324_30.9815_1.00246
68.6042_31.4008_0.981797
68.8829_31.8158_0.974907
69.1645_32.229_0.968018
69.4489_32.6402_0.961129
69.7393_33.046_0.926712
70.0421_33.4435_0.906051
70.3514_33.8363_0.899161
70.6634_34.227_0.892272
70.9781_34.6155_0.885383
71.2764_35.0065_0.9879
71.5414_35.427_1.04973
71.7848_35.8627_1.08414
72.0132_36.3065_1.11856
72.2284_36.7574_1.13922
72.4424_37.2083_1.1048
72.6699_37.6532_1.08414
72.9067_38.0932_1.06348
73.1506_38.5296_1.05659
73.3975_38.9644_1.0497
73.6575_39.376_0.920477
73.9685_39.7507_0.79125
74.3251_40.0821_0.662024
74.7215_40.3649_0.532798
75.151_40.5942_0.403572
75.5903_40.8042_0.532798
75.9988_41.0691_0.662024
76.3698_41.3844_0.79125
76.6971_41.7449_0.920477
76.9752_42.1445_1.0497
77.1995_42.5767_1.17893
77.3662_43.0342_1.30815
77.4725_43.5093_1.43738
77.5141_43.943_1.553
77.515_44.0456_1.58021
