configuration 72.6459350586_2.13817882538_-0.994211695618_0.107438839792_19.5581073761_50.1696281433_0.955633460234_0.294558465643
length 98.375
time 2.31269
roughness 0.000214127
72.6459_2.13818_-2.9263
72.1663_2.05441_-3.05553
71.6799_2.03315_-3.18475
71.1948_2.07476_-3.31398
70.7191_2.17853_-3.4432
70.2607_2.34274_-3.57243
69.8101_2.52715_-3.4432
69.3395_2.65195_-3.31398
68.8567_2.71506_-3.18475
68.3698_2.71544_-3.05553
67.8869_2.65306_-2.9263
67.4036_2.53693_-2.86447
66.9252_2.3949_-2.83006
66.4519_2.23648_-2.79564
65.983_2.06382_-2.77498
65.5167_1.88353_-2.76809
65.05_1.70919_-2.81623
64.5753_1.55509_-2.85065
64.0956_1.41505_-2.87131
63.6135_1.28267_-2.8782
63.1305_1.15361_-2.88509
62.6621_1.01146_-2.76917
62.2052_0.819635_-2.69371
61.7617_0.595234_-2.63188
61.3288_0.346742_-2.59747
60.9031_0.0851397_-2.5768
60.4812_-0.157799_-2.70603
60.0314_-0.344336_-2.83526
59.5614_-0.471362_-2.96448
59.0789_-0.536757_-3.09371
58.592_-0.539432_-3.22293
58.1055_-0.520472_-3.09371
57.6206_-0.564367_-2.96448
57.1454_-0.670384_-2.83526
56.6754_-0.797409_-2.96448
56.1929_-0.862805_-3.09371
55.6941_-0.880979_-3.12812
55.1945_-0.884269_-3.14879
54.6945_-0.879524_-3.15568
54.1947_-0.871335_-3.16257
53.6948_-0.859703_-3.16945
53.208_-0.866777_-3.04023
52.7184_-0.931197_-2.9512
52.2324_-1.03526_-2.88938
51.7505_-1.16534_-2.85496
51.2722_-1.3099_-2.8343
50.8148_-1.47671_-2.70507
50.3827_-1.70108_-2.57585
49.9831_-1.97926_-2.44662
49.6227_-2.30661_-2.31739
49.3074_-2.67769_-2.18817
49.009_-3.0624_-2.31739
48.6635_-3.40544_-2.44662
48.2766_-3.7011_-2.57585
47.8549_-3.94444_-2.70507
47.4054_-4.13141_-2.8343
46.9355_-4.25889_-2.96352
46.453_-4.32474_-3.09275
45.9613_-4.33212_-3.19527
45.4656_-4.29527_-3.25709
44.9706_-4.23208_-3.29151
44.4926_-4.13902_-3.42074
44.0307_-3.98515_-3.54996
43.5892_-3.77378_-3.66588
43.1641_-3.51618_-3.72771
42.7515_-3.23537_-3.76213
42.3413_-2.95473_-3.7003
41.9151_-2.69503_-3.66588
41.4809_-2.44788_-3.64522
41.0424_-2.2076_-3.63833
40.6023_-1.97035_-3.63144
40.1828_-1.72327_-3.76067
39.7986_-1.42419_-3.8899
39.4561_-1.07808_-4.01912
39.1611_-0.690738_-4.14835
38.9068_-0.265426_-4.22381
38.6852_0.177852_-4.29926
38.4925_0.637288_-4.34741
38.3174_1.10526_-4.36807
38.1497_1.57627_-4.37496
37.9852_2.04841_-4.38185
37.8198_2.51991_-4.36118
37.6467_2.98896_-4.35429
37.4704_3.4568_-4.34741
37.2909_3.92342_-4.34052
37.1103_4.38963_-4.34741
36.9375_4.85785_-4.38182
36.7786_5.33157_-4.40248
36.6272_5.80807_-4.40937
36.4791_6.28559_-4.41626
36.3343_6.76413_-4.42315
36.1758_7.22449_-4.29393
35.9593_7.66058_-4.1647
35.6884_8.06514_-4.03547
35.3684_8.44356_-3.96002
35.0231_8.80399_-3.9256
34.6933_9.1621_-4.05482
34.4123_9.55973_-4.18405
34.1818_9.99158_-4.29997
33.992_10.4509_-4.3618
33.826_10.9216_-4.39621
33.6551_11.3775_-4.26699
33.4269_11.8076_-4.13776
33.1452_12.2047_-4.00854
32.8147_12.5622_-3.87931
32.4408_12.8741_-3.75008
32.0299_13.1353_-3.62086
31.5887_13.3413_-3.49163
31.1247_13.4887_-3.36241
30.6455_13.5751_-3.23318
30.1592_13.5991_-3.10395
29.6723_13.6014_-3.23318
29.1898_13.6664_-3.36241
28.7197_13.7931_-3.49163
28.2698_13.9793_-3.62086
27.8477_14.222_-3.75008
27.4603_14.517_-3.87931
27.1142_14.8594_-4.00854
26.7837_15.2169_-3.87931
26.4098_15.5288_-3.75008
25.997_15.7961_-3.64757
25.5577_16.0254_-3.57211
25.1016_16.2261_-3.52397
24.658_16.4267_-3.65319
24.2439_16.6829_-3.78242
23.8663_16.9902_-3.91165
23.5282_17.3441_-4.02757
23.2244_17.7357_-4.10302
22.9341_18.1417_-4.06861
22.6315_18.5392_-4.04795
22.3223_18.9321_-4.04106
22.0104_19.3229_-4.03417
21.6958_19.7115_-4.02728
21.404_20.1012_-4.1565
21.1648_20.5253_-4.28573
20.9823_20.9767_-4.41496
20.8594_21.4478_-4.54418
20.796_21.9332_-4.6601
20.7911_22.4201_-4.78933
20.8491_22.9035_-4.91856
20.9689_23.3754_-5.04778
21.1475_23.8311_-5.1637
21.3734_24.2739_-5.22553
21.5943_24.7078_-5.0963
21.7573_25.1666_-4.96708
21.8599_25.6425_-4.83785
21.9049_26.1323_-4.73533
21.9084_26.6305_-4.68719
21.8901_27.1292_-4.65278
21.8569_27.6278_-4.63211
21.8156_28.126_-4.62522
21.771_28.624_-4.61834
21.7229_29.1216_-4.61145
21.6944_29.6077_-4.74067
21.7229_30.1007_-4.8297
21.7912_30.593_-4.89152
21.8857_31.0831_-4.92594
21.995_31.5707_-4.9466
22.1279_32.039_-5.07583
22.3202_32.4864_-5.20505
22.5684_32.9052_-5.33428
22.8686_33.2886_-5.46351
23.2157_33.6301_-5.59273
23.5775_33.9558_-5.46351
23.8945_34.3254_-5.33428
24.1611_34.7328_-5.20505
24.373_35.1712_-5.07583
24.5266_35.6332_-4.9466
24.6194_36.1112_-4.81738
24.6499_36.5971_-4.68815
24.6175_37.0829_-4.55892
24.5259_37.5661_-4.45641
24.3921_38.046_-4.40827
24.2661_38.5163_-4.53749
24.2018_38.9989_-4.66672
24.2002_39.4858_-4.79594
24.2613_39.9689_-4.92517
24.3829_40.443_-5.04109
24.5204_40.9101_-4.91186
24.5965_41.391_-4.78264
24.6101_41.8777_-4.65341
24.5608_42.3621_-4.52419
24.4495_42.8361_-4.39496
24.2781_43.2918_-4.26573
24.0494_43.7216_-4.13651
23.7672_44.1184_-4.00728
23.4362_44.4754_-3.87806
23.0619_44.7869_-3.74883
22.6742_45.0814_-3.87806
22.3277_45.4234_-4.00728
22.016_45.8087_-4.08274
21.7291_46.2161_-4.13088
21.4598_46.6362_-4.1653
21.2028_47.0647_-4.18596
20.9547_47.4985_-4.20662
20.7135_47.9364_-4.21351
20.4753_48.376_-4.2204
20.2402_48.8172_-4.22729
19.9951_49.2379_-4.09806
19.6979_49.6268_-3.98214
19.3582_49.9877_-3.90668
