configuration -17.6504554749_-22.9172973633_0.256229049699_0.256229049699_76.2194671631_43.7661514282_0.386216847154_0.922408015454
length 124.492
time 0.666236
roughness 0.000102229
-17.6505_-22.9173_0.150019
-17.1569_-22.8392_0.17068
-16.6644_-22.7532_0.17757
-16.1725_-22.6637_0.184459
-15.6813_-22.5709_0.191348
-15.1902_-22.4769_0.184459
-14.6985_-22.3864_0.17757
-14.2066_-22.2969_0.184459
-13.7149_-22.2064_0.17757
-13.223_-22.1169_0.184459
-12.7313_-22.0263_0.17757
-12.2562_-21.9201_0.306796
-11.7955_-21.7546_0.422716
-11.3465_-21.5414_0.484543
-10.9076_-21.3039_0.51896
-10.4754_-21.0531_0.539621
-10.0459_-20.7972_0.532732
-9.61464_-20.5443_0.525843
-9.18164_-20.2943_0.518954
-8.74694_-20.0473_0.512065
-8.31167_-19.8014_0.518954
-7.88116_-19.5489_0.55337
-7.45641_-19.2851_0.56026
-7.0335_-19.0185_0.567149
-6.61243_-18.7489_0.574038
-6.19323_-18.4765_0.580927
-5.77221_-18.2123_0.519101
-5.33607_-17.9697_0.484684
-4.89235_-17.7399_0.464022
-4.44474_-17.5172_0.457133
-3.99561_-17.2975_0.450244
-3.55058_-17.0736_0.498386
-3.11335_-16.8317_0.519048
-2.67981_-16.5827_0.525937
-2.24799_-16.3307_0.532826
-1.81792_-16.0758_0.539715
-1.39001_-15.8435_0.410489
-0.935733_-15.6683_0.281263
-0.462668_-15.5531_0.152037
0.0212986_-15.4998_0.0228109
0.508096_-15.5093_-0.106415
0.993988_-15.5405_0.0228109
1.47984_-15.5087_0.152037
1.95756_-15.4147_0.281263
2.41917_-15.2598_0.410489
2.86322_-15.0484_0.513006
3.29718_-14.8277_0.38378
3.75597_-14.6646_0.254554
4.23194_-14.5621_0.125328
4.71716_-14.5218_-0.00389842
5.20353_-14.5443_-0.133125
5.68842_-14.5884_-0.00389842
6.17495_-14.5697_0.125328
6.65501_-14.4884_0.254554
7.12059_-14.346_0.38378
7.57533_-14.149_0.459238
8.01393_-13.9182_0.534696
8.43847_-13.6575_0.582838
8.85375_-13.3797_0.6035
9.26474_-13.095_0.610389
9.67377_-12.8075_0.617279
10.0774_-12.5139_0.651695
10.4726_-12.2081_0.672357
10.8613_-11.8942_0.693019
11.2452_-11.5739_0.699908
11.6269_-11.251_0.706797
12.0064_-10.9255_0.713686
12.3851_-10.5991_0.706797
12.7645_-10.2735_0.713686
13.1432_-9.94708_0.706797
13.5227_-9.62153_0.713686
13.9026_-9.29704_0.693025
14.288_-8.97852_0.686135
14.6756_-8.66265_0.679246
15.0653_-8.34947_0.672357
15.4557_-8.03718_0.679246
15.8454_-7.72399_0.672357
16.2373_-7.4135_0.665468
16.6313_-7.10571_0.658579
17.0274_-6.80064_0.651689
17.4256_-6.49832_0.6448
17.821_-6.1938_0.679217
18.2093_-5.87883_0.686106
18.5954_-5.56121_0.692995
18.9793_-5.24092_0.699884
19.361_-4.91801_0.706774
19.745_-4.60059_0.658631
20.1422_-4.2975_0.63797
20.5456_-4.00268_0.617308
20.954_-3.71422_0.610419
21.3643_-3.42858_0.60353
21.7738_-3.14216_0.624191
22.1788_-2.84903_0.631081
22.5818_-2.55312_0.63797
22.9827_-2.25444_0.644859
23.3816_-1.953_0.651748
23.7828_-1.66515_0.562723
24.2084_-1.40614_0.514581
24.6451_-1.16322_0.493919
25.0866_-0.929367_0.473257
25.5322_-0.702512_0.466368
25.9735_-0.471399_0.51451
26.4068_-0.222518_0.535172
26.8349_0.0352607_0.555834
27.2589_0.300042_0.562723
27.6812_0.567738_0.569612
28.0797_0.84746_0.698838
28.4422_1.17642_0.814759
28.7757_1.54498_0.876585
29.0906_1.93218_0.911002
29.3941_2.32908_0.931664
29.7008_2.70721_0.802438
30.0537_3.04265_0.673212
30.4484_3.33611_0.570695
30.8721_3.59597_0.508868
31.3107_3.83411_0.474452
31.734_4.0747_0.603678
32.1228_4.36783_0.732904
32.4705_4.70862_0.86213
32.7714_5.09138_0.991356
33.0205_5.50973_1.12058
33.2508_5.93873_0.991356
33.5344_6.33448_0.86213
33.8669_6.69683_0.759613
34.2343_7.03163_0.697787
34.6204_7.3479_0.66337
35.0162_7.65287_0.642708
35.4182_7.94959_0.622046
35.8252_8.23999_0.615157
36.2342_8.52757_0.608268
36.6451_8.81233_0.601379
37.0579_9.07054_0.472153
37.502_9.27637_0.356232
37.9713_9.44011_0.294405
38.4505_9.57945_0.259989
38.9343_9.70457_0.239327
39.402_9.83993_0.368553
39.8545_10.0325_0.47107
40.2927_10.2672_0.532896
40.7196_10.5256_0.567313
41.1392_10.797_0.587975
41.5445_11.0821_0.663433
41.9321_11.3952_0.711575
42.3082_11.7241_0.732237
42.6793_12.0592_0.739126
43.048_12.3968_0.746015
43.4193_12.7118_0.616789
43.828_12.9764_0.487563
44.2674_13.186_0.358337
44.7321_13.3401_0.242416
45.216_13.447_0.166958
45.709_13.5243_0.132541
46.2048_13.5869_0.11188
46.7017_13.6416_0.10499
47.1991_13.6928_0.0981012
47.6967_13.7407_0.091212
48.1793_13.8055_0.220438
48.6494_13.932_0.349664
49.0994_14.1181_0.47889
49.5308_14.3584_0.567916
49.9442_14.6343_0.629742
50.3501_14.9258_0.609081
50.7618_15.2088_0.588419
51.1783_15.4854_0.58153
51.5968_15.7591_0.57464
52.017_16.0298_0.567751
52.4383_16.274_0.438525
52.8875_16.4619_0.309299
53.3571_16.5903_0.180073
53.8394_16.6571_0.0508467
54.3263_16.6613_-0.0783795
54.8096_16.6026_-0.207606
55.2814_16.4821_-0.336832
55.7337_16.3019_-0.466058
56.159_16.0649_-0.595284
56.5502_15.775_-0.72451
56.9281_15.468_-0.595284
57.3425_15.2124_-0.466058
57.7863_15.0122_-0.336832
58.2522_14.8709_-0.207606
58.7325_14.7908_-0.0783795
59.2191_14.7733_0.0508467
59.7038_14.8186_0.180073
60.1787_14.9261_0.309299
60.6358_15.0938_0.438525
61.0675_15.319_0.567751
61.4665_15.598_0.696977
61.8263_15.9261_0.826203
62.1408_16.2978_0.955429
62.4047_16.7069_1.08466
62.6138_17.1466_1.21388
62.7874_17.6155_1.22077
62.9577_18.0855_1.22766
63.127_18.556_1.22077
63.2974_19.026_1.22766
63.4667_19.4964_1.22077
63.6141_19.9605_1.35
63.7005_20.4396_1.47922
63.7245_20.9259_1.60845
63.6855_21.4113_1.73768
63.5844_21.8875_1.8669
63.4622_22.3588_1.73768
63.4017_22.842_1.60845
63.404_23.3288_1.47922
63.4691_23.8114_1.35
63.5957_24.2815_1.22077
63.7819_24.7314_1.09154
64.0224_25.1627_1.00252
64.2973_25.5782_0.954377
64.5904_25.9821_0.919961
64.8959_26.3776_0.899299
65.1996_26.7725_0.947441
65.4885_27.1802_0.968103
65.7709_27.5927_0.974992
66.0505_28.0072_0.981881
66.3273_28.4236_0.98877
66.6119_28.8186_0.859544
66.9454_29.1801_0.757028
67.3136_29.5139_0.695201
67.7005_29.8292_0.660784
68.0971_30.1331_0.640123
68.4843_30.4396_0.729148
68.8505_30.7775_0.77729
69.2022_31.1316_0.811707
69.5436_31.4964_0.832369
69.8793_31.8669_0.839258
70.2105_32.241_0.859919
70.5359_32.6206_0.866809
70.8586_33.0025_0.873698
71.1787_33.3866_0.880587
71.4961_33.7728_0.887476
71.7873_34.1631_1.0167
72.0257_34.5876_1.14593
72.1166_34.7997_1.20714
72.3069_35.2532_1.10462
72.5394_35.6925_1.0428
72.7973_36.1188_0.994656
73.074_36.5342_0.960239
73.3359_36.9445_1.08946
73.5619_37.3895_1.12388
73.7748_37.8416_1.14454
73.9782_38.298_1.16521
74.1744_38.7578_1.17209
74.3675_39.219_1.17898
74.5573_39.6815_1.18587
74.7461_40.1445_1.17898
74.936_40.607_1.18587
75.1248_41.07_1.17898
75.3146_41.5325_1.18587
75.5013_41.9963_1.19276
75.7_42.4408_1.06354
75.9525_42.8652_0.97451
76.2375_43.2749_0.940094
