configuration 72.6459350586_2.13817882538_-0.994211695618_0.107438839792_19.5581073761_50.1696281433_0.955633460234_0.294558465643
length 85.2157
time 2.83509
roughness 5.99847e-05
72.6459_2.13818_-2.9263
72.1663_2.05441_-3.05553
71.6733_2.02647_-3.14455
71.1764_2.03815_-3.20638
70.6787_2.07616_-3.24079
70.1819_2.12907_-3.26146
69.6856_2.19_-3.26835
69.1898_2.25434_-3.27523
68.6945_2.32209_-3.28212
68.1996_2.39326_-3.28901
67.7052_2.46783_-3.2959
67.2114_2.54581_-3.30279
66.7177_2.62492_-3.2959
66.2239_2.7029_-3.30279
65.7302_2.78201_-3.2959
65.2364_2.85999_-3.30279
64.7427_2.9391_-3.2959
64.2485_3.01481_-3.28901
63.7569_3.09587_-3.33715
63.2675_3.19634_-3.35782
62.7789_3.30248_-3.35093
62.3074_3.42375_-3.48015
61.8554_3.60478_-3.60938
61.4305_3.84254_-3.73861
61.0398_4.13308_-3.86783
60.6865_4.47185_-3.98375
60.3632_4.8494_-4.04558
60.059_5.24509_-4.08
59.7665_5.65016_-4.10066
59.4823_6.06118_-4.12132
59.2047_6.47696_-4.12821
58.9299_6.89464_-4.1351
58.658_7.31421_-4.14199
58.3871_7.7344_-4.1351
58.1152_8.15397_-4.14199
57.8443_8.57416_-4.1351
57.5724_8.99372_-4.14199
57.3014_9.41391_-4.1351
57.0295_9.83348_-4.14199
56.7586_10.2537_-4.1351
56.4867_10.6732_-4.14199
56.2158_11.0934_-4.1351
55.9439_11.513_-4.14199
55.673_11.9332_-4.1351
55.4011_12.3528_-4.14199
55.1301_12.7729_-4.1351
54.8494_13.1813_-4.05964
54.5405_13.5722_-4.0115
54.2172_13.9536_-4.00461
53.8852_14.3098_-3.87538
53.5101_14.6202_-3.74616
53.0982_14.8797_-3.61693
52.6562_15.084_-3.4877
52.186_15.2404_-3.41225
51.7036_15.3683_-3.37783
51.217_15.4819_-3.35717
50.7281_15.5854_-3.33651
50.2374_15.6812_-3.32962
49.7461_15.7735_-3.32273
49.2541_15.8624_-3.31584
48.7619_15.9502_-3.32273
48.2699_16.0392_-3.31584
47.7777_16.127_-3.32273
47.2857_16.2159_-3.31584
46.7935_16.3037_-3.32273
46.3015_16.3926_-3.31584
45.8093_16.4804_-3.32273
45.3173_16.5694_-3.31584
44.8251_16.6572_-3.32273
44.3332_16.7461_-3.31584
43.841_16.8339_-3.32273
43.349_16.9229_-3.31584
42.8568_17.0107_-3.32273
42.3648_17.0996_-3.31584
41.8726_17.1874_-3.32273
41.3806_17.2764_-3.31584
40.8884_17.3642_-3.32273
40.3964_17.4531_-3.31584
39.9042_17.5409_-3.32273
39.4122_17.6298_-3.31584
38.9201_17.7177_-3.32273
38.4281_17.8066_-3.31584
37.9359_17.8944_-3.32273
37.4439_17.9833_-3.31584
36.9517_18.0711_-3.32273
36.4597_18.1601_-3.31584
35.9675_18.2479_-3.32273
35.4755_18.3368_-3.31584
34.9833_18.4246_-3.32273
34.4913_18.5136_-3.31584
33.9991_18.6014_-3.32273
33.5072_18.6903_-3.31584
33.015_18.7781_-3.32273
32.523_18.867_-3.31584
32.0308_18.9549_-3.32273
31.5388_19.0438_-3.31584
31.0462_19.1293_-3.30895
30.5534_19.2137_-3.31584
30.0612_19.3016_-3.32273
29.5692_19.3905_-3.31584
29.0766_19.476_-3.30895
28.5839_19.5605_-3.31584
28.0917_19.6483_-3.32273
27.5997_19.7372_-3.31584
27.1071_19.8227_-3.30895
26.6172_19.9136_-3.35709
26.1299_20.0238_-3.37775
25.644_20.1419_-3.38464
25.1769_20.279_-3.51387
24.7312_20.4751_-3.64309
24.3146_20.7271_-3.77232
23.9339_21.0306_-3.90155
23.5955_21.3807_-4.03077
23.305_21.7715_-4.16
23.0674_22.1964_-4.28922
22.8864_22.6484_-4.41845
22.7626_23.122_-4.53437
22.6846_23.6129_-4.5962
22.6324_24.1092_-4.63061
22.5951_24.6075_-4.65128
22.568_25.1064_-4.67194
22.5489_25.606_-4.67883
22.5333_26.1057_-4.68572
22.5211_26.6055_-4.69261
22.5123_27.1054_-4.6995
22.5047_27.6053_-4.69261
22.496_28.1052_-4.6995
22.4884_28.6051_-4.69261
22.4797_29.105_-4.6995
22.4721_29.6049_-4.69261
22.4633_30.1048_-4.6995
22.4557_30.6047_-4.69261
22.447_31.1046_-4.6995
22.4394_31.6045_-4.69261
22.4307_32.1044_-4.6995
22.4231_32.6043_-4.69261
22.4143_33.1042_-4.6995
22.4067_33.6041_-4.69261
22.3957_34.1039_-4.68572
22.3835_34.6037_-4.69261
22.3748_35.1036_-4.6995
22.3672_35.6035_-4.69261
22.3561_36.1034_-4.68572
22.3439_36.6032_-4.69261
22.3352_37.1031_-4.6995
22.3276_37.603_-4.69261
22.3166_38.1028_-4.68572
22.2868_38.5937_-4.5832
22.2127_39.0852_-4.52137
22.1144_39.5751_-4.50071
22.0083_40.0637_-4.49382
21.8988_40.5515_-4.48693
21.7859_41.0386_-4.48004
21.6696_41.5248_-4.47315
21.55_42.0103_-4.46627
21.4293_42.4954_-4.47315
21.312_42.9814_-4.48004
21.1958_43.4677_-4.47315
21.0762_43.9532_-4.46627
20.9555_44.4383_-4.47315
20.8381_44.9243_-4.48004
20.7219_45.4106_-4.47315
20.6023_45.896_-4.46627
20.4816_46.3812_-4.47315
20.3642_46.8672_-4.48004
20.248_47.3535_-4.47315
20.1284_47.8389_-4.46627
20.0077_48.3241_-4.47315
19.8724_48.7918_-4.34393
19.6779_49.2382_-4.2147
19.4276_49.6558_-4.08548
19.2243_49.9199_-3.99706
