configuration -4.52205276489_51.1520843506_-0.288179288681_0.957576470876_89.803527832_11.5547637939_-0.656431103106_0.754385980036
length 109.914
time 2.00277
roughness 2.49607e-05
-4.52205_51.1521_-0.58465
-4.10501_50.9008_-0.455424
-3.65906_50.7054_-0.326198
-3.19165_50.569_-0.196971
-2.70338_50.4843_-0.121513
-2.20794_50.4318_-0.0733712
-1.70938_50.3986_-0.0527094
-1.21023_50.3757_-0.0320477
-0.710489_50.3608_-0.0251585
-0.210656_50.3494_-0.0182692
0.289201_50.3391_-0.0251585
0.789034_50.3277_-0.0182692
1.28889_50.3174_-0.0251585
1.78872_50.306_-0.0182692
2.28858_50.2957_-0.0251585
2.78841_50.2843_-0.0182692
3.28827_50.274_-0.0251585
3.78811_50.2626_-0.0182692
4.28796_50.2523_-0.0251585
4.7878_50.2408_-0.0182692
5.28765_50.2306_-0.0251585
5.78749_50.2191_-0.0182692
6.28734_50.2089_-0.0251585
6.78718_50.1974_-0.0182692
7.28703_50.1871_-0.0251585
7.78687_50.1757_-0.0182692
8.28672_50.1654_-0.0251585
8.78656_50.154_-0.0182692
9.28641_50.1437_-0.0251585
9.78625_50.1323_-0.0182692
10.2861_50.122_-0.0251585
10.7859_50.1106_-0.0182692
11.2858_50.1003_-0.0251585
11.7856_50.0889_-0.0182692
12.2855_50.0786_-0.0251585
12.7853_50.0672_-0.0182692
13.2852_50.0569_-0.0251585
13.785_50.0455_-0.0182692
14.2849_50.0352_-0.0251585
14.7847_50.0237_-0.0182692
15.2846_50.0158_-0.01138
15.7845_50.0089_-0.0182692
16.2844_49.9986_-0.0251585
16.7842_49.9872_-0.0182692
17.2841_49.9792_-0.01138
17.784_49.9724_-0.0182692
18.2839_49.9621_-0.0251585
18.7837_49.9507_-0.0182692
19.2836_49.9427_-0.01138
19.7835_49.9359_-0.0182692
20.2834_49.9256_-0.0251585
20.7832_49.9141_-0.0182692
21.2831_49.9062_-0.01138
21.783_49.8993_-0.0182692
22.2829_49.889_-0.0251585
22.7827_49.8776_-0.0182692
23.2826_49.8696_-0.01138
23.7825_49.8628_-0.0182692
24.2824_49.8525_-0.0251585
24.7822_49.8411_-0.0182692
25.2821_49.8331_-0.01138
25.782_49.8263_-0.0182692
26.2819_49.816_-0.0251585
26.7817_49.8045_-0.0182692
27.2816_49.7966_-0.01138
27.7816_49.7897_-0.0182692
28.2814_49.7794_-0.0251585
28.7812_49.768_-0.0182692
29.2811_49.76_-0.01138
29.7811_49.7532_-0.0182692
30.2809_49.7429_-0.0251585
30.7808_49.7315_-0.0182692
31.2807_49.7235_-0.01138
31.7806_49.7167_-0.0182692
32.2804_49.7064_-0.0251585
32.7803_49.6949_-0.0182692
33.2802_49.687_-0.01138
33.7801_49.6801_-0.0182692
34.2799_49.6698_-0.0251585
34.7798_49.6584_-0.0182692
35.2797_49.6504_-0.01138
35.7796_49.6436_-0.0182692
36.2794_49.6333_-0.0251585
36.7793_49.6219_-0.0182692
37.2792_49.6139_-0.01138
37.7791_49.607_-0.0182692
38.2789_49.5968_-0.0251585
38.7788_49.5853_-0.0182692
39.2787_49.5774_-0.01138
39.7786_49.5705_-0.0182692
40.2785_49.5602_-0.0251585
40.7762_49.5397_-0.0733006
41.2743_49.4997_-0.0939624
41.7722_49.4539_-0.0870731
42.255_49.3911_-0.216299
42.7257_49.2665_-0.345525
43.1764_49.0824_-0.474751
43.5996_48.8416_-0.603978
43.9883_48.5484_-0.733204
44.3453_48.2072_-0.822229
44.676_47.8362_-0.884056
44.988_47.4466_-0.918472
45.2886_47.0475_-0.939134
45.5829_46.6433_-0.946023
45.8744_46.2371_-0.952913
46.1631_45.8289_-0.959802
46.449_45.4188_-0.966691
46.732_45.0066_-0.97358
47.0141_44.5939_-0.966691
47.2972_44.1817_-0.97358
47.5793_43.769_-0.966691
47.8623_43.3568_-0.97358
48.1444_42.9441_-0.966691
48.4275_42.5319_-0.97358
48.7096_42.1192_-0.966691
48.9926_41.707_-0.97358
49.2828_41.31_-0.871063
49.6097_40.934_-0.822921
49.952_40.57_-0.802259
50.305_40.2347_-0.673033
50.7001_39.9355_-0.597575
51.1164_39.6618_-0.549433
51.5443_39.4038_-0.528771
51.9775_39.1548_-0.50811
52.4148_38.9125_-0.50122
52.8538_38.6733_-0.494331
53.2934_38.4351_-0.50122
53.7324_38.1959_-0.494331
54.172_37.9576_-0.50122
54.611_37.7184_-0.494331
55.0506_37.4802_-0.50122
55.4896_37.241_-0.494331
55.9292_37.0028_-0.50122
56.3682_36.7635_-0.494331
56.8077_36.5253_-0.50122
57.2468_36.2861_-0.494331
57.6863_36.0479_-0.50122
58.1253_35.8087_-0.494331
58.5649_35.5705_-0.50122
59.0039_35.3312_-0.494331
59.4435_35.093_-0.50122
59.8825_34.8538_-0.494331
60.3221_34.6156_-0.50122
60.7611_34.3764_-0.494331
61.2006_34.1381_-0.50122
61.6397_33.8989_-0.494331
62.0792_33.6607_-0.50122
62.5182_33.4215_-0.494331
62.9578_33.1833_-0.50122
63.3968_32.944_-0.494331
63.8364_32.7058_-0.50122
64.2754_32.4666_-0.494331
64.7161_32.2304_-0.487442
65.1573_31.9952_-0.494331
65.5968_31.757_-0.50122
66.0358_31.5178_-0.494331
66.4765_31.2816_-0.487442
66.9177_31.0464_-0.494331
67.3573_30.8082_-0.50122
67.7963_30.569_-0.494331
68.2369_30.3328_-0.487442
68.6781_30.0976_-0.494331
69.1177_29.8594_-0.50122
69.5567_29.6202_-0.494331
69.9974_29.384_-0.487442
70.4386_29.1488_-0.494331
70.8781_28.9106_-0.50122
71.3171_28.6714_-0.494331
71.7578_28.4352_-0.487442
72.199_28.2_-0.494331
72.6386_27.9618_-0.50122
73.0776_27.7226_-0.494331
73.5182_27.4864_-0.487442
73.9594_27.2512_-0.494331
74.399_27.013_-0.50122
74.838_26.7737_-0.494331
75.2787_26.5376_-0.487442
75.7198_26.3024_-0.494331
76.1594_26.0642_-0.50122
76.5984_25.8249_-0.494331
77.0391_25.5887_-0.487442
77.4803_25.3536_-0.494331
77.9198_25.1154_-0.50122
78.3589_24.8761_-0.494331
78.7995_24.6399_-0.487442
79.2407_24.4048_-0.494331
79.6803_24.1665_-0.50122
80.1193_23.9273_-0.494331
80.5599_23.6911_-0.487442
81.0011_23.4559_-0.494331
81.4407_23.2177_-0.50122
81.8797_22.9785_-0.494331
82.3204_22.7423_-0.487442
82.7616_22.5071_-0.494331
83.2011_22.2689_-0.50122
83.6402_22.0297_-0.494331
84.0808_21.7935_-0.487442
84.522_21.5583_-0.494331
84.9635_21.3243_-0.473669
85.4089_21.0973_-0.46678
85.8549_20.8712_-0.473669
86.2784_20.631_-0.602895
86.6674_20.3382_-0.732122
87.0154_19.9976_-0.861348
87.3166_19.6151_-0.990574
87.566_19.197_-1.1198
87.7708_18.7457_-1.19526
87.9461_18.2793_-1.2434
88.1035_17.8051_-1.26406
88.2511_17.3277_-1.28472
88.3911_16.8477_-1.29161
88.5277_16.3668_-1.2985
88.6611_15.885_-1.30539
88.7911_15.4022_-1.31228
88.9178_14.9186_-1.31917
89.0434_14.4346_-1.31228
89.1701_13.951_-1.31917
89.2957_13.4671_-1.31228
89.4154_12.9834_-1.36042
89.5163_12.4941_-1.38108
89.6095_12.0029_-1.38797
