configuration -3.08480739594_22.5642471313_-0.424155304833_0.905589464041_28.1138801575_4.40596151352_-0.254607913402_0.967044368389
length 38.9379
time 0.204071
roughness 0.000144116
-3.08481_22.5642_-0.876058
-2.75754_22.2038_-0.746832
-2.38654_21.8884_-0.617606
-1.978_21.6236_-0.488379
-1.53729_21.4106_-0.372459
-1.07133_21.2418_-0.297001
-0.592659_21.1037_-0.248858
-0.107546_20.9839_-0.228197
0.379715_20.8719_-0.221307
0.867736_20.7633_-0.214418
1.35649_20.6581_-0.207529
1.84596_20.5562_-0.20064
2.33567_20.4554_-0.207529
2.82514_20.3535_-0.20064
3.31484_20.2527_-0.207529
3.80431_20.1509_-0.20064
4.29447_20.0523_-0.193751
4.78486_19.955_-0.20064
5.27456_19.8542_-0.207529
5.76403_19.7523_-0.20064
6.2542_19.6538_-0.193751
6.74458_19.5564_-0.20064
7.23429_19.4556_-0.207529
7.72376_19.3537_-0.20064
8.21392_19.2552_-0.193751
8.7043_19.1578_-0.20064
9.19401_19.0571_-0.207529
9.68348_18.9552_-0.20064
10.1736_18.8567_-0.193751
10.664_18.7593_-0.20064
11.1537_18.6585_-0.207529
11.6432_18.5566_-0.20064
12.1334_18.4581_-0.193751
12.6237_18.3607_-0.20064
13.1135_18.2599_-0.207529
13.6029_18.1581_-0.20064
14.0931_18.0595_-0.193751
14.5835_17.9622_-0.20064
15.0732_17.8614_-0.207529
15.5626_17.7595_-0.20064
16.0528_17.661_-0.193751
16.5432_17.5636_-0.20064
17.0329_17.4628_-0.207529
17.5224_17.3609_-0.20064
18.0125_17.2624_-0.193751
18.5029_17.165_-0.20064
18.9931_17.0665_-0.193751
19.4839_16.9714_-0.186861
19.9749_16.8774_-0.193751
20.4483_16.7635_-0.322977
20.9031_16.5895_-0.452203
21.3316_16.3584_-0.581429
21.7268_16.074_-0.710655
22.082_15.741_-0.839881
22.3978_15.3639_-0.942398
22.6816_14.9559_-1.00422
22.9447_14.5318_-1.03864
23.1952_14.0995_-1.0593
23.4368_13.6621_-1.07996
23.6715_13.2206_-1.08685
23.9031_12.7775_-1.09374
24.1316_12.3328_-1.10063
24.3571_11.8866_-1.10752
24.5815_11.4399_-1.10063
24.807_10.9936_-1.10752
25.0315_10.5469_-1.10063
25.2569_10.1006_-1.10752
25.4814_9.6539_-1.10063
25.7069_9.20767_-1.10752
25.9313_8.76092_-1.10063
26.1568_8.31468_-1.10752
26.3812_7.86793_-1.10063
26.6067_7.4217_-1.10752
26.8312_6.97495_-1.10063
27.0566_6.52872_-1.10752
27.279_6.08094_-1.11441
27.5119_5.65337_-0.985185
27.798_5.25938_-0.855958
28.1327_4.89909_-0.753442
