configuration -3.08480739594_22.5642471313_-0.424155304833_0.905589464041_28.1138801575_4.40596151352_-0.254607913402_0.967044368389
length 39.4337
time 0.249231
roughness 0.000149782
-3.08481_22.5642_-0.876058
-2.75754_22.2038_-0.746832
-2.38654_21.8884_-0.617606
-1.978_21.6236_-0.488379
-1.53874_21.4135_-0.359153
-1.07057_21.251_-0.283695
-0.590102_21.1192_-0.235553
-0.103438_21.006_-0.214891
0.385461_20.9028_-0.19423
0.876244_20.8074_-0.18734
1.36767_20.7154_-0.180451
1.85972_20.6268_-0.173562
2.35197_20.5394_-0.180451
2.84402_20.4508_-0.173562
3.33628_20.3633_-0.180451
3.82833_20.2747_-0.173562
4.32058_20.1872_-0.180451
4.81263_20.0986_-0.173562
5.30488_20.0111_-0.180451
5.79693_19.9225_-0.173562
6.28918_19.8351_-0.180451
6.78123_19.7465_-0.173562
7.27349_19.659_-0.180451
7.76554_19.5704_-0.173562
8.25779_19.4829_-0.180451
8.74984_19.3943_-0.173562
9.24209_19.3069_-0.180451
9.73414_19.2183_-0.173562
10.2264_19.1308_-0.180451
10.7184_19.0422_-0.173562
11.2107_18.9547_-0.180451
11.7027_18.8661_-0.173562
12.195_18.7787_-0.180451
12.687_18.6901_-0.173562
13.1797_18.6048_-0.166673
13.6725_18.5208_-0.173562
14.1648_18.4333_-0.180451
14.6568_18.3447_-0.173562
15.1495_18.2595_-0.166673
15.6423_18.1754_-0.173562
16.1346_18.0879_-0.180451
16.6266_17.9993_-0.173562
17.1193_17.9141_-0.166673
17.6121_17.8301_-0.173562
18.1044_17.7426_-0.180451
18.5964_17.654_-0.173562
19.0891_17.5688_-0.166673
19.5774_17.4763_-0.228499
20.0622_17.3577_-0.262916
20.5453_17.2288_-0.256027
21.0107_17.0857_-0.385253
21.4537_16.8837_-0.514479
21.867_16.6264_-0.643705
22.2438_16.318_-0.772931
22.5776_15.9635_-0.902157
22.8692_15.5675_-1.00467
23.1272_15.1427_-1.0665
23.3633_14.703_-1.10092
23.5865_14.2559_-1.12158
23.8025_13.805_-1.12847
24.0155_13.3527_-1.13536
24.2253_12.8989_-1.14225
24.4342_12.4446_-1.13536
24.644_11.9908_-1.14225
24.8528_11.5366_-1.13536
25.0627_11.0828_-1.14225
25.2715_10.6285_-1.13536
25.4813_10.1747_-1.14225
25.688_9.71949_-1.14914
25.8937_9.26379_-1.14225
26.1025_8.80952_-1.13536
26.3123_8.35572_-1.14225
26.5191_7.9005_-1.14914
26.7247_7.4448_-1.14225
26.9335_6.99052_-1.13536
27.1434_6.53673_-1.14225
27.3501_6.0815_-1.14914
27.568_5.6461_-1.01991
27.8402_5.24242_-0.890684
28.1622_4.87718_-0.761457
