configuration 133.385482788_115.927223206_-0.986328190641_0.164792901387_34.5528411865_13.6445770264_-0.541385985877_0.840774175564
length 178.373
time 6.12481
roughness 5.79344e-05
133.385_115.927_-2.8105
132.922_115.741_-2.70715
132.466_115.535_-2.72782
132.01_115.329_-2.70715
131.555_115.123_-2.72782
131.099_114.918_-2.70715
130.643_114.712_-2.72782
130.188_114.506_-2.70715
129.732_114.3_-2.72782
129.276_114.095_-2.70715
128.821_113.889_-2.72782
128.365_113.683_-2.70715
127.909_113.477_-2.72782
127.454_113.272_-2.70715
126.998_113.066_-2.72782
126.542_112.86_-2.70715
126.086_112.654_-2.72782
125.631_112.449_-2.70715
125.175_112.243_-2.72782
124.719_112.037_-2.70715
124.264_111.831_-2.72782
123.808_111.626_-2.70715
123.352_111.42_-2.72782
122.897_111.214_-2.70715
122.441_111.008_-2.72782
121.985_110.803_-2.70715
121.529_110.597_-2.72782
121.074_110.391_-2.70715
120.618_110.185_-2.72782
120.162_109.98_-2.70715
119.707_109.774_-2.72782
119.251_109.568_-2.70715
118.795_109.362_-2.72782
118.34_109.157_-2.70715
117.884_108.951_-2.72782
117.428_108.745_-2.70715
116.973_108.539_-2.72782
116.517_108.334_-2.70715
116.061_108.128_-2.72782
115.605_107.922_-2.70715
115.15_107.716_-2.72782
114.694_107.511_-2.70715
114.238_107.305_-2.72782
113.783_107.099_-2.70715
113.327_106.893_-2.72782
112.871_106.688_-2.70715
112.416_106.482_-2.72782
111.96_106.276_-2.70715
111.504_106.07_-2.72782
111.048_105.865_-2.70715
110.597_105.65_-2.68649
110.146_105.434_-2.70715
109.69_105.229_-2.72782
109.234_105.023_-2.70715
108.783_104.808_-2.68649
108.332_104.593_-2.70715
107.876_104.387_-2.72782
107.42_104.181_-2.70715
106.969_103.966_-2.68649
106.518_103.751_-2.70715
106.062_103.545_-2.72782
105.606_103.339_-2.70715
105.155_103.124_-2.68649
104.704_102.909_-2.70715
104.248_102.703_-2.72782
103.792_102.498_-2.70715
103.341_102.283_-2.68649
102.889_102.067_-2.70715
102.434_101.862_-2.72782
101.978_101.656_-2.70715
101.527_101.441_-2.68649
101.075_101.226_-2.70715
100.62_101.02_-2.72782
100.164_100.814_-2.70715
99.7126_100.599_-2.68649
99.2613_100.384_-2.70715
98.8056_100.178_-2.72782
98.3499_99.9725_-2.70715
97.8985_99.7573_-2.68649
97.4472_99.5422_-2.70715
96.9915_99.3365_-2.72782
96.5358_99.1307_-2.70715
96.0845_98.9156_-2.68649
95.6331_98.7005_-2.70715
95.1774_98.4947_-2.72782
94.7217_98.289_-2.70715
94.2704_98.0738_-2.68649
93.819_97.8587_-2.70715
93.3633_97.653_-2.72782
92.9076_97.4472_-2.70715
92.4563_97.2321_-2.68649
92.0049_97.017_-2.70715
91.5492_96.8112_-2.72782
91.0935_96.6055_-2.70715
90.6422_96.3904_-2.68649
90.1909_96.1752_-2.70715
89.7352_95.9695_-2.72782
89.2795_95.7637_-2.70715
88.8281_95.5486_-2.68649
88.3768_95.3335_-2.70715
87.9211_95.1278_-2.72782
87.4654_94.922_-2.70715
87.014_94.7069_-2.68649
86.5627_94.4918_-2.70715
86.107_94.286_-2.72782
85.6513_94.0803_-2.70715
85.1999_93.8651_-2.68649
84.7486_93.65_-2.70715
84.2929_93.4443_-2.72782
83.8372_93.2385_-2.70715
83.3859_93.0234_-2.68649
82.9345_92.8083_-2.70715
82.4788_92.6025_-2.72782
82.0231_92.3968_-2.70715
81.5718_92.1817_-2.68649
81.1204_91.9665_-2.70715
80.6647_91.7608_-2.72782
80.209_91.555_-2.70715
79.7577_91.3399_-2.68649
79.3063_91.1248_-2.70715
78.8506_90.919_-2.72782
78.395_90.7133_-2.70715
77.9436_90.4982_-2.68649
77.4923_90.2831_-2.70715
77.0366_90.0773_-2.72782
76.5809_89.8716_-2.70715
76.1295_89.6564_-2.68649
75.6782_89.4413_-2.70715
75.2225_89.2356_-2.72782
74.7668_89.0298_-2.70715
74.3154_88.8147_-2.68649
73.8641_88.5996_-2.70715
73.4084_88.3938_-2.72782
73.0012_88.1092_-2.33512
72.734_87.6904_-1.94242
72.6474_87.2012_-1.54973
72.7545_86.7161_-1.15703
72.9508_86.2563_-1.1777
73.1376_85.7924_-1.19836
73.3243_85.3286_-1.1777
73.511_84.8648_-1.19836
73.6978_84.401_-1.1777
73.8845_83.9372_-1.19836
74.0713_83.4734_-1.1777
74.258_83.0096_-1.19836
74.4447_82.5458_-1.1777
74.6315_82.082_-1.19836
74.8182_81.6182_-1.1777
75.005_81.1544_-1.19836
75.1917_80.6905_-1.1777
75.3784_80.2267_-1.19836
75.5652_79.7629_-1.1777
75.7519_79.2991_-1.19836
75.9387_78.8353_-1.1777
76.1254_78.3715_-1.19836
76.3122_77.9077_-1.1777
76.4989_77.4439_-1.19836
76.6856_76.9801_-1.1777
76.8724_76.5163_-1.19836
77.0591_76.0525_-1.1777
77.2459_75.5886_-1.19836
77.4326_75.1248_-1.1777
77.6193_74.661_-1.19836
77.8061_74.1972_-1.1777
77.9928_73.7334_-1.19836
78.1796_73.2696_-1.1777
78.3663_72.8058_-1.19836
78.553_72.342_-1.1777
78.7398_71.8782_-1.19836
78.9265_71.4144_-1.1777
79.1133_70.9506_-1.19836
79.3_70.4867_-1.1777
79.4867_70.0229_-1.19836
79.6735_69.5591_-1.1777
79.8602_69.0953_-1.19836
80.047_68.6315_-1.1777
80.2337_68.1677_-1.19836
80.4205_67.7039_-1.1777
80.6072_67.2401_-1.19836
80.7939_66.7763_-1.1777
80.9807_66.3125_-1.19836
81.1674_65.8487_-1.1777
81.3542_65.3848_-1.19836
81.5409_64.921_-1.1777
81.7276_64.4572_-1.19836
81.9144_63.9934_-1.1777
82.1011_63.5296_-1.19836
82.2879_63.0658_-1.1777
82.4746_62.602_-1.19836
82.6613_62.1382_-1.1777
82.8481_61.6744_-1.19836
83.0348_61.2106_-1.1777
83.2216_60.7468_-1.19836
83.4083_60.2829_-1.1777
83.5951_59.8191_-1.19836
83.7818_59.3553_-1.1777
83.9685_58.8915_-1.19836
84.1553_58.4277_-1.1777
84.342_57.9639_-1.19836
84.5288_57.5001_-1.1777
84.7155_57.0363_-1.19836
84.9022_56.5725_-1.1777
85.089_56.1087_-1.19836
85.2757_55.6449_-1.1777
85.4625_55.181_-1.19836
85.6492_54.7172_-1.1777
85.8455_54.2574_-1.15703
86.0418_53.7975_-1.1777
86.2285_53.3337_-1.19836
86.4153_52.8699_-1.1777
86.6115_52.4101_-1.15703
86.8078_51.9502_-1.1777
86.9049_51.463_-1.57039
86.8082_50.9757_-1.96309
86.5324_50.5625_-2.35579
86.1247_50.2775_-2.70715
85.6734_50.0624_-2.68649
85.222_49.8473_-2.70715
84.7707_49.6322_-2.68649
84.3193_49.417_-2.70715
83.868_49.2019_-2.68649
83.4166_48.9868_-2.70715
82.9653_48.7717_-2.68649
82.5139_48.5565_-2.70715
82.0626_48.3414_-2.68649
81.6112_48.1263_-2.70715
81.1599_47.9112_-2.68649
80.7085_47.6961_-2.70715
80.2572_47.4809_-2.68649
79.8059_47.2658_-2.70715
79.3545_47.0507_-2.68649
78.9032_46.8356_-2.70715
78.4518_46.6204_-2.68649
78.005_46.396_-2.66582
77.5582_46.1716_-2.68649
77.1069_45.9565_-2.70715
76.6555_45.7414_-2.68649
76.2087_45.517_-2.66582
75.7619_45.2926_-2.68649
75.3106_45.0775_-2.70715
74.8592_44.8623_-2.68649
74.4124_44.6379_-2.66582
73.9656_44.4135_-2.68649
73.5143_44.1984_-2.70715
73.0629_43.9833_-2.68649
72.6161_43.7589_-2.66582
72.1693_43.5345_-2.68649
71.718_43.3194_-2.70715
71.2666_43.1042_-2.68649
70.8198_42.8798_-2.66582
70.373_42.6554_-2.68649
69.9217_42.4403_-2.70715
69.4703_42.2252_-2.68649
69.0235_42.0008_-2.66582
68.5767_41.7764_-2.68649
68.1254_41.5613_-2.70715
67.674_41.3461_-2.68649
67.2272_41.1217_-2.66582
66.7804_40.8973_-2.68649
66.3291_40.6822_-2.70715
65.8777_40.4671_-2.68649
65.4309_40.2427_-2.66582
64.9841_40.0183_-2.68649
64.5328_39.8031_-2.70715
64.0814_39.588_-2.68649
63.6346_39.3636_-2.66582
63.1878_39.1392_-2.68649
62.7365_38.9241_-2.70715
62.2851_38.709_-2.68649
61.8383_38.4846_-2.66582
61.3915_38.2602_-2.68649
60.9402_38.045_-2.70715
60.4888_37.8299_-2.68649
60.042_37.6055_-2.66582
59.5952_37.3811_-2.68649
59.1438_37.166_-2.70715
58.6925_36.9509_-2.68649
58.2457_36.7265_-2.66582
57.7989_36.5021_-2.68649
57.3475_36.2869_-2.70715
56.8962_36.0718_-2.68649
56.4494_35.8474_-2.66582
56.0026_35.623_-2.68649
55.5512_35.4079_-2.70715
55.0999_35.1928_-2.68649
54.6531_34.9684_-2.66582
54.2063_34.7439_-2.68649
53.7549_34.5288_-2.70715
53.3036_34.3137_-2.68649
52.8568_34.0893_-2.66582
52.41_33.8649_-2.68649
51.9586_33.6498_-2.70715
51.5073_33.4347_-2.68649
51.0605_33.2102_-2.66582
50.6137_32.9858_-2.68649
50.1623_32.7707_-2.70715
49.711_32.5556_-2.68649
49.2642_32.3312_-2.66582
48.8174_32.1068_-2.68649
48.366_31.8917_-2.70715
47.9147_31.6765_-2.68649
47.4679_31.4521_-2.66582
47.0211_31.2277_-2.68649
46.5697_31.0126_-2.70715
46.1184_30.7975_-2.68649
45.6716_30.5731_-2.66582
45.2248_30.3487_-2.68649
44.7734_30.1336_-2.70715
44.3221_29.9184_-2.68649
43.8753_29.694_-2.66582
43.4285_29.4696_-2.68649
42.9771_29.2545_-2.70715
42.5258_29.0394_-2.68649
42.079_28.815_-2.66582
41.6322_28.5906_-2.68649
41.1808_28.3755_-2.70715
40.7295_28.1603_-2.68649
40.2827_27.9359_-2.66582
39.8359_27.7115_-2.68649
39.3845_27.4964_-2.70715
38.9332_27.2813_-2.68649
38.4864_27.0569_-2.66582
38.0396_26.8325_-2.68649
37.5882_26.6174_-2.70715
37.1369_26.4022_-2.68649
36.6901_26.1778_-2.66582
36.2433_25.9534_-2.68649
35.7919_25.7383_-2.70715
35.3406_25.5232_-2.68649
34.8938_25.2988_-2.66582
34.447_25.0744_-2.68649
33.9956_24.8592_-2.70715
33.5443_24.6441_-2.68649
33.0975_24.4197_-2.66582
32.7087_24.1104_-2.27312
32.468_23.6758_-1.88042
32.4118_23.1822_-1.48772
32.4891_22.6887_-1.34304
32.597_22.2005_-1.36371
32.7049_21.7123_-1.34304
32.8127_21.224_-1.36371
32.9206_20.7358_-1.34304
33.0284_20.2476_-1.36371
33.1363_19.7594_-1.34304
33.2441_19.2712_-1.36371
33.352_18.7829_-1.34304
33.4699_18.297_-1.32237
33.5878_17.8112_-1.34304
33.6957_17.3229_-1.36371
33.8035_16.8347_-1.34304
33.9214_16.3488_-1.32237
34.0394_15.8629_-1.34304
34.1472_15.3747_-1.36371
34.2551_14.8865_-1.34304
34.373_14.4006_-1.32237
34.4909_13.9147_-1.34304
