configuration 46.843963623_148.978851318_-0.536406748472_0.843959596304_156.577575684_33.1800613403_0.186652677497_0.98242596565
length 197.169
time 15.1318
roughness 4.63381e-05
46.844_148.979_-1.13235
47.0515_148.524_-1.15302
47.2497_148.065_-1.17368
47.4478_147.606_-1.15302
47.6459_147.147_-1.17368
47.8441_146.688_-1.15302
48.0422_146.229_-1.17368
48.2403_145.77_-1.15302
48.4384_145.311_-1.17368
48.6366_144.852_-1.15302
48.8347_144.392_-1.17368
49.0328_143.933_-1.15302
49.231_143.474_-1.17368
49.4291_143.015_-1.15302
49.6272_142.556_-1.17368
49.8254_142.097_-1.15302
50.0235_141.638_-1.17368
50.2216_141.179_-1.15302
50.4197_140.72_-1.17368
50.6179_140.261_-1.15302
50.816_139.802_-1.17368
51.0141_139.343_-1.15302
51.2123_138.884_-1.17368
51.4104_138.425_-1.15302
51.6085_137.966_-1.17368
51.8066_137.507_-1.15302
52.0048_137.047_-1.17368
52.2029_136.588_-1.15302
52.401_136.129_-1.17368
52.5992_135.67_-1.15302
52.7973_135.211_-1.17368
52.9954_134.752_-1.15302
53.1936_134.293_-1.17368
53.3917_133.834_-1.15302
53.5898_133.375_-1.17368
53.7879_132.916_-1.15302
53.9861_132.457_-1.17368
54.1842_131.998_-1.15302
54.3823_131.539_-1.17368
54.5805_131.08_-1.15302
54.7786_130.621_-1.17368
54.9767_130.162_-1.15302
55.1748_129.703_-1.17368
55.373_129.243_-1.15302
55.5711_128.784_-1.17368
55.7692_128.325_-1.15302
55.9674_127.866_-1.17368
56.1655_127.407_-1.15302
56.3636_126.948_-1.17368
56.5618_126.489_-1.15302
56.7599_126.03_-1.17368
56.958_125.571_-1.15302
57.1561_125.112_-1.17368
57.3543_124.653_-1.15302
57.5524_124.194_-1.17368
57.7505_123.735_-1.15302
57.9487_123.276_-1.17368
58.1468_122.817_-1.15302
58.3449_122.358_-1.17368
58.543_121.899_-1.15302
58.7412_121.439_-1.17368
58.9393_120.98_-1.15302
59.1374_120.521_-1.17368
59.3356_120.062_-1.15302
59.5337_119.603_-1.17368
59.7318_119.144_-1.15302
59.93_118.685_-1.17368
60.1281_118.226_-1.15302
60.3262_117.767_-1.17368
60.5243_117.308_-1.15302
60.7225_116.849_-1.17368
60.9206_116.39_-1.15302
61.1187_115.931_-1.17368
61.3169_115.472_-1.15302
61.515_115.013_-1.17368
61.7131_114.554_-1.15302
61.9112_114.095_-1.17368
62.1094_113.635_-1.15302
62.3075_113.176_-1.17368
62.5056_112.717_-1.15302
62.7038_112.258_-1.17368
62.9019_111.799_-1.15302
63.1_111.34_-1.17368
63.2982_110.881_-1.15302
63.4963_110.422_-1.17368
63.6944_109.963_-1.15302
63.8925_109.504_-1.17368
64.0907_109.045_-1.15302
64.2888_108.586_-1.17368
64.4869_108.127_-1.15302
64.6851_107.668_-1.17368
64.8832_107.209_-1.15302
65.0813_106.75_-1.17368
65.2795_106.29_-1.15302
65.4776_105.831_-1.17368
65.6757_105.372_-1.15302
65.8738_104.913_-1.17368
66.072_104.454_-1.15302
66.2701_103.995_-1.17368
66.4682_103.536_-1.15302
66.6664_103.077_-1.17368
66.8645_102.618_-1.15302
67.0626_102.159_-1.17368
67.2607_101.7_-1.15302
67.4589_101.241_-1.17368
67.657_100.782_-1.15302
67.8551_100.323_-1.17368
68.0533_99.8637_-1.15302
68.2514_99.4046_-1.17368
68.4495_98.9455_-1.15302
68.6477_98.4865_-1.17368
68.8458_98.0274_-1.15302
69.0439_97.5684_-1.17368
69.242_97.1093_-1.15302
69.4402_96.6502_-1.17368
69.6383_96.1912_-1.15302
69.8364_95.7321_-1.17368
70.0346_95.2731_-1.15302
70.2327_94.814_-1.17368
70.4308_94.3549_-1.15302
70.6289_93.8959_-1.17368
70.8271_93.4368_-1.15302
71.0252_92.9778_-1.17368
71.2233_92.5187_-1.15302
71.4215_92.0596_-1.17368
71.6196_91.6006_-1.15302
71.8177_91.1415_-1.17368
72.0159_90.6825_-1.15302
72.214_90.2234_-1.17368
72.4121_89.7643_-1.15302
72.6102_89.3053_-1.17368
72.8084_88.8462_-1.15302
73.0065_88.3872_-1.17368
73.2046_87.9281_-1.15302
73.4028_87.469_-1.17368
73.6009_87.01_-1.15302
73.799_86.5509_-1.17368
73.9971_86.0919_-1.15302
74.1953_85.6328_-1.17368
74.3934_85.1737_-1.15302
74.5915_84.7147_-1.17368
74.7897_84.2556_-1.15302
74.9972_83.8008_-1.13235
75.2048_83.3459_-1.15302
75.4029_82.8868_-1.17368
75.6011_82.4278_-1.15302
75.8086_81.9729_-1.13235
76.0162_81.518_-1.15302
76.2144_81.059_-1.17368
76.4125_80.5999_-1.15302
76.6201_80.1451_-1.13235
76.8276_79.6902_-1.15302
77.0258_79.2311_-1.17368
77.2239_78.7721_-1.15302
77.4315_78.3172_-1.13235
77.639_77.8623_-1.15302
77.8372_77.4033_-1.17368
78.0353_76.9442_-1.15302
78.2429_76.4893_-1.13235
78.4504_76.0345_-1.15302
78.6486_75.5754_-1.17368
78.8467_75.1164_-1.15302
79.0543_74.6615_-1.13235
79.2619_74.2066_-1.15302
79.46_73.7476_-1.17368
79.6581_73.2885_-1.15302
79.8657_72.8336_-1.13235
80.0733_72.3788_-1.15302
80.2714_71.9197_-1.17368
80.4695_71.4607_-1.15302
80.6771_71.0058_-1.13235
80.8847_70.5509_-1.15302
81.0828_70.0919_-1.17368
81.2809_69.6328_-1.15302
81.4885_69.1779_-1.13235
81.6961_68.7231_-1.15302
81.8942_68.264_-1.17368
82.0923_67.8049_-1.15302
82.2999_67.3501_-1.13235
82.5075_66.8952_-1.15302
82.7056_66.4362_-1.17368
82.9037_65.9771_-1.15302
83.1113_65.5222_-1.13235
83.3189_65.0674_-1.15302
83.517_64.6083_-1.17368
83.7152_64.1492_-1.15302
83.9227_63.6944_-1.13235
84.1303_63.2395_-1.15302
84.3284_62.7804_-1.17368
84.5266_62.3214_-1.15302
84.7341_61.8665_-1.13235
84.9417_61.4117_-1.15302
85.1398_60.9526_-1.17368
85.338_60.4935_-1.15302
85.5455_60.0387_-1.13235
85.7531_59.5838_-1.15302
85.9512_59.1247_-1.17368
86.1494_58.6657_-1.15302
86.357_58.2108_-1.13235
86.5645_57.7559_-1.15302
86.7627_57.2969_-1.17368
86.9608_56.8378_-1.15302
87.1684_56.383_-1.13235
87.3759_55.9281_-1.15302
87.5741_55.469_-1.17368
87.7722_55.01_-1.15302
87.9798_54.5551_-1.13235
88.1873_54.1002_-1.15302
88.3855_53.6412_-1.17368
88.5836_53.1821_-1.15302
88.7693_52.7751_-1.13235
89.0639_52.3751_-0.739648
89.4892_52.1183_-0.346949
89.9804_52.0438_0.0457498
90.4708_52.1331_0.314439
90.9478_52.2828_0.29377
91.4249_52.4325_0.314439
91.9019_52.5822_0.29377
92.379_52.7319_0.314439
92.856_52.8816_0.29377
93.3331_53.0314_0.314439
93.8101_53.1811_0.29377
94.2872_53.3308_0.314439
94.7642_53.4805_0.29377
95.2413_53.6302_0.314439
95.7183_53.7799_0.29377
96.1954_53.9297_0.314439
96.6724_54.0794_0.29377
97.1495_54.2291_0.314439
97.6265_54.3788_0.29377
98.1036_54.5285_0.314439
98.5806_54.6782_0.29377
99.0577_54.828_0.314439
99.5347_54.9777_0.29377
100.012_55.1274_0.314439
100.489_55.2771_0.29377
100.966_55.4268_0.314439
101.443_55.5765_0.29377
101.92_55.7263_0.314439
102.397_55.876_0.29377
102.874_56.0257_0.314439
103.351_56.1754_0.29377
103.828_56.3251_0.314439
104.305_56.4748_0.29377
104.782_56.6246_0.314439
105.259_56.7743_0.29377
105.736_56.924_0.314439
106.213_57.0737_0.29377
106.69_57.2234_0.314439
107.168_57.3731_0.29377
107.645_57.5229_0.314439
108.122_57.6726_0.29377
108.599_57.8223_0.314439
109.076_57.972_0.29377
109.553_58.1217_0.314439
110.03_58.2714_0.29377
110.507_58.4212_0.314439
110.984_58.5709_0.29377
111.461_58.7206_0.314439
111.935_58.8801_0.335107
112.409_59.0397_0.314439
112.886_59.1894_0.29377
113.363_59.3391_0.314439
113.837_59.4987_0.335107
114.31_59.6582_0.314439
114.788_59.8079_0.29377
115.265_59.9576_0.314439
115.738_60.1172_0.335107
116.212_60.2767_0.314439
116.689_60.4264_0.29377
117.166_60.5762_0.314439
117.64_60.7357_0.335107
118.114_60.8952_0.314439
118.591_61.045_0.29377
119.068_61.1947_0.314439
119.542_61.3542_0.335107
120.016_61.5138_0.314439
120.493_61.6635_0.29377
120.97_61.8132_0.314439
121.444_61.9727_0.335107
121.918_62.1323_0.314439
122.395_62.282_0.29377
122.746_62.3923_0.314439
123.24_62.4509_-0.0782604
123.718_62.3161_-0.470959
124.108_62.0087_-0.863659
124.387_61.5951_-1.09101
124.622_61.1539_-1.07034
124.867_60.7178_-1.04967
125.111_60.2816_-1.07034
125.356_59.8454_-1.04967
125.6_59.4093_-1.07034
125.845_58.9731_-1.04967
126.089_58.5369_-1.07034
126.333_58.1007_-1.04967
126.578_57.6646_-1.07034
126.822_57.2284_-1.04967
127.067_56.7922_-1.07034
127.311_56.356_-1.04967
127.556_55.9199_-1.07034
127.8_55.4837_-1.04967
128.044_55.0475_-1.07034
128.289_54.6114_-1.04967
128.533_54.1752_-1.07034
128.778_53.739_-1.04967
129.022_53.3028_-1.07034
129.267_52.8667_-1.04967
129.511_52.4305_-1.07034
129.755_51.9943_-1.04967
130_51.5582_-1.07034
130.244_51.122_-1.04967
130.489_50.6858_-1.07034
130.733_50.2496_-1.04967
130.978_49.8135_-1.07034
131.222_49.3773_-1.04967
131.466_48.9411_-1.07034
131.711_48.505_-1.04967
131.955_48.0688_-1.07034
132.2_47.6326_-1.04967
132.444_47.1964_-1.07034
132.688_46.7603_-1.04967
132.933_46.3241_-1.07034
133.177_45.8879_-1.04967
133.422_45.4517_-1.07034
133.666_45.0156_-1.04967
133.911_44.5794_-1.07034
134.155_44.1432_-1.04967
134.399_43.7071_-1.07034
134.644_43.2709_-1.04967
134.888_42.8347_-1.07034
135.133_42.3985_-1.04967
135.377_41.9624_-1.07034
135.622_41.5262_-1.04967
135.866_41.09_-1.07034
136.11_40.6539_-1.04967
136.355_40.2177_-1.07034
136.599_39.7815_-1.04967
136.844_39.3453_-1.07034
137.088_38.9092_-1.04967
137.333_38.473_-1.07034
137.577_38.0368_-1.04967
137.821_37.6007_-1.07034
138.066_37.1645_-1.04967
138.31_36.7283_-1.07034
138.555_36.2921_-1.04967
138.799_35.856_-1.07034
139.044_35.4198_-1.04967
139.288_34.9836_-1.07034
139.532_34.5475_-1.04967
139.777_34.1113_-1.07034
140.021_33.6751_-1.04967
140.266_33.2389_-1.07034
140.51_32.8028_-1.04967
140.755_32.3666_-1.07034
140.999_31.9304_-1.04967
141.243_31.4942_-1.07034
141.479_31.0531_-1.09101
141.714_30.612_-1.07034
141.959_30.1758_-1.04967
142.203_29.7396_-1.07034
142.438_29.2985_-1.09101
142.674_28.8574_-1.07034
142.918_28.4212_-1.04967
143.163_27.985_-1.07034
143.481_27.604_-0.677643
143.922_27.3741_-0.284944
144.417_27.3301_0.107755
144.894_27.4692_0.459117
145.345_27.6862_0.438449
145.795_27.9031_0.459117
146.246_28.12_0.438449
146.696_28.3369_0.459117
147.147_28.5539_0.438449
147.597_28.7708_0.459117
148.048_28.9877_0.438449
148.498_29.2047_0.459117
148.949_29.4216_0.438449
149.399_29.6385_0.459117
149.85_29.8555_0.438449
150.3_30.0724_0.459117
150.746_30.2986_0.479786
151.192_30.5248_0.459117
151.642_30.7417_0.438449
152.093_30.9586_0.459117
152.539_31.1848_0.479786
152.985_31.411_0.459117
153.435_31.628_0.438449
153.886_31.8449_0.459117
154.331_32.0711_0.479786
154.777_32.2973_0.459117
155.228_32.5142_0.438449
155.678_32.7311_0.459117
156.124_32.9573_0.479786
156.575_33.1742_0.417781
