configuration 46.843963623_148.978851318_-0.536406748472_0.843959596304_156.577575684_33.1800613403_0.186652677497_0.98242596565
length 197.169
time 23.5053
roughness 4.77448e-05
46.844_148.979_-1.13235
47.0515_148.524_-1.15302
47.2591_148.069_-1.13235
47.4667_147.614_-1.15302
47.6743_147.159_-1.13235
47.8818_146.705_-1.15302
48.0894_146.25_-1.13235
48.297_145.795_-1.15302
48.5046_145.34_-1.13235
48.7121_144.885_-1.15302
48.9197_144.43_-1.13235
49.1273_143.975_-1.15302
49.3349_143.52_-1.13235
49.5424_143.066_-1.15302
49.75_142.611_-1.13235
49.9576_142.156_-1.15302
50.1652_141.701_-1.13235
50.3727_141.246_-1.15302
50.5803_140.791_-1.13235
50.7879_140.336_-1.15302
50.9955_139.882_-1.13235
51.203_139.427_-1.15302
51.4106_138.972_-1.13235
51.6182_138.517_-1.15302
51.8258_138.062_-1.13235
52.0333_137.607_-1.15302
52.2409_137.152_-1.13235
52.4485_136.697_-1.15302
52.656_136.243_-1.13235
52.8636_135.788_-1.15302
53.0712_135.333_-1.13235
53.2788_134.878_-1.15302
53.4863_134.423_-1.13235
53.6939_133.968_-1.15302
53.9015_133.513_-1.13235
54.1091_133.059_-1.15302
54.3166_132.604_-1.13235
54.5242_132.149_-1.15302
54.7318_131.694_-1.13235
54.9394_131.239_-1.15302
55.1469_130.784_-1.13235
55.3545_130.329_-1.15302
55.5621_129.874_-1.13235
55.7697_129.42_-1.15302
55.9772_128.965_-1.13235
56.1848_128.51_-1.15302
56.3924_128.055_-1.13235
56.6_127.6_-1.15302
56.8075_127.145_-1.13235
57.0151_126.69_-1.15302
57.2227_126.236_-1.13235
57.4303_125.781_-1.15302
57.6378_125.326_-1.13235
57.8454_124.871_-1.15302
58.0435_124.412_-1.17368
58.2417_123.953_-1.15302
58.4492_123.498_-1.13235
58.6568_123.043_-1.15302
58.855_122.584_-1.17368
59.0531_122.125_-1.15302
59.2607_121.67_-1.13235
59.4682_121.215_-1.15302
59.6664_120.756_-1.17368
59.8645_120.297_-1.15302
60.0721_119.842_-1.13235
60.2796_119.387_-1.15302
60.4778_118.928_-1.17368
60.6759_118.469_-1.15302
60.8835_118.014_-1.13235
61.091_117.559_-1.15302
61.2892_117.1_-1.17368
61.4873_116.641_-1.15302
61.6949_116.187_-1.13235
61.9025_115.732_-1.15302
62.1006_115.273_-1.17368
62.2987_114.814_-1.15302
62.5063_114.359_-1.13235
62.7139_113.904_-1.15302
62.912_113.445_-1.17368
63.1101_112.986_-1.15302
63.3177_112.531_-1.13235
63.5253_112.076_-1.15302
63.7234_111.617_-1.17368
63.9215_111.158_-1.15302
64.1291_110.703_-1.13235
64.3367_110.248_-1.15302
64.5348_109.789_-1.17368
64.7329_109.33_-1.15302
64.9405_108.875_-1.13235
65.1481_108.42_-1.15302
65.3462_107.961_-1.17368
65.5443_107.502_-1.15302
65.7519_107.047_-1.13235
65.9595_106.592_-1.15302
66.1576_106.133_-1.17368
66.3558_105.674_-1.15302
66.5633_105.219_-1.13235
66.7709_104.765_-1.15302
66.969_104.305_-1.17368
67.1672_103.846_-1.15302
67.3747_103.392_-1.13235
67.5823_102.937_-1.15302
67.7804_102.478_-1.17368
67.9786_102.019_-1.15302
68.1861_101.564_-1.13235
68.3937_101.109_-1.15302
68.5918_100.65_-1.17368
68.79_100.191_-1.15302
68.9976_99.7358_-1.13235
69.2051_99.281_-1.15302
69.4033_98.8219_-1.17368
69.6014_98.3628_-1.15302
69.809_97.908_-1.13235
70.0165_97.4531_-1.15302
70.2147_96.994_-1.17368
70.4128_96.535_-1.15302
70.6204_96.0801_-1.13235
70.8279_95.6253_-1.15302
71.0261_95.1662_-1.17368
71.2242_94.7071_-1.15302
71.4318_94.2523_-1.13235
71.6393_93.7974_-1.15302
71.8375_93.3383_-1.17368
72.0356_92.8793_-1.15302
72.2432_92.4244_-1.13235
72.4508_91.9695_-1.15302
72.6489_91.5105_-1.17368
72.9267_91.0986_-0.780985
73.341_90.8245_-0.388286
73.8287_90.7297_0.00441308
74.3181_90.8188_0.355775
74.7885_90.9881_0.335107
75.2624_91.1476_0.314439
75.7362_91.3072_0.335107
76.2101_91.4667_0.314439
76.6839_91.6263_0.335107
77.1578_91.7858_0.314439
77.6316_91.9454_0.335107
78.1055_92.1049_0.314439
78.5793_92.2644_0.335107
79.0532_92.424_0.314439
79.527_92.5835_0.335107
80.0009_92.7431_0.314439
80.4747_92.9026_0.335107
80.9486_93.0622_0.314439
81.4224_93.2217_0.335107
81.8963_93.3813_0.314439
82.3702_93.5408_0.335107
82.8406_93.7101_0.355775
83.3111_93.8794_0.335107
83.7849_94.0389_0.314439
84.2588_94.1985_0.335107
84.7292_94.3678_0.355775
85.1997_94.5371_0.335107
85.6735_94.6966_0.314439
86.1474_94.8562_0.335107
86.6178_95.0255_0.355775
87.0883_95.1948_0.335107
87.5621_95.3543_0.314439
88.036_95.5139_0.335107
88.5065_95.6832_0.355775
88.9769_95.8525_0.335107
89.4508_96.012_0.314439
89.9246_96.1716_0.335107
90.3951_96.3409_0.355775
90.8655_96.5102_0.335107
91.3394_96.6697_0.314439
91.8132_96.8293_0.335107
92.2837_96.9986_0.355775
92.7541_97.1679_0.335107
93.228_97.3274_0.314439
93.7019_97.487_0.335107
94.1723_97.6563_0.355775
94.6428_97.8256_0.335107
95.1166_97.9851_0.314439
95.5905_98.1447_0.335107
96.0609_98.314_0.355775
96.5314_98.4833_0.335107
97.0052_98.6428_0.314439
97.4791_98.8023_0.335107
97.9495_98.9717_0.355775
98.42_99.141_0.335107
98.8938_99.3005_0.314439
99.3677_99.46_0.335107
99.8382_99.6293_0.355775
100.309_99.7986_0.335107
100.782_99.9582_0.314439
101.256_100.118_0.335107
101.727_100.287_0.355775
102.197_100.456_0.335107
102.671_100.616_0.314439
103.145_100.775_0.335107
103.615_100.945_0.355775
104.086_101.114_0.335107
104.56_101.274_0.314439
105.034_101.433_0.335107
105.504_101.602_0.355775
105.974_101.772_0.335107
106.426_101.914_0.273102
106.922_101.952_-0.119597
107.394_101.797_-0.512296
107.771_101.474_-0.904995
108.033_101.049_-1.13235
108.25_100.599_-1.11168
108.467_100.148_-1.13235
108.684_99.6977_-1.11168
108.9_99.2473_-1.13235
109.117_98.7968_-1.11168
109.334_98.3463_-1.13235
109.551_97.8958_-1.11168
109.768_97.4453_-1.13235
109.985_96.9949_-1.11168
110.202_96.5444_-1.13235
110.419_96.0939_-1.11168
110.636_95.6434_-1.13235
110.853_95.1929_-1.11168
111.07_94.7425_-1.13235
111.287_94.292_-1.11168
111.504_93.8415_-1.13235
111.721_93.391_-1.11168
111.937_92.9405_-1.13235
112.154_92.4901_-1.11168
112.371_92.0396_-1.13235
112.588_91.5891_-1.11168
112.805_91.1386_-1.13235
113.022_90.6881_-1.11168
113.239_90.2377_-1.13235
113.456_89.7872_-1.11168
113.673_89.3367_-1.13235
113.89_88.8862_-1.11168
114.107_88.4357_-1.13235
114.324_87.9853_-1.11168
114.541_87.5348_-1.13235
114.758_87.0843_-1.11168
114.975_86.6338_-1.13235
115.191_86.1833_-1.11168
115.408_85.7329_-1.13235
115.625_85.2824_-1.11168
115.842_84.8319_-1.13235
116.059_84.3814_-1.11168
116.276_83.9309_-1.13235
116.493_83.4805_-1.11168
116.71_83.03_-1.13235
116.927_82.5795_-1.11168
117.144_82.129_-1.13235
117.361_81.6785_-1.11168
117.578_81.2281_-1.13235
117.795_80.7776_-1.11168
118.012_80.3271_-1.13235
118.228_79.8766_-1.11168
118.445_79.4261_-1.13235
118.662_78.9757_-1.11168
118.879_78.5252_-1.13235
119.096_78.0747_-1.11168
119.313_77.6242_-1.13235
119.53_77.1737_-1.11168
119.747_76.7233_-1.13235
119.964_76.2728_-1.11168
120.181_75.8223_-1.13235
120.398_75.3718_-1.11168
120.615_74.9213_-1.13235
120.832_74.4709_-1.11168
121.049_74.0204_-1.13235
121.266_73.5699_-1.11168
121.482_73.1194_-1.13235
121.699_72.6689_-1.11168
121.916_72.2185_-1.13235
122.133_71.768_-1.11168
122.35_71.3175_-1.13235
122.567_70.867_-1.11168
122.784_70.4165_-1.13235
123.001_69.9661_-1.11168
123.218_69.5156_-1.13235
123.435_69.0651_-1.11168
123.652_68.6146_-1.13235
123.869_68.1641_-1.11168
124.086_67.7137_-1.13235
124.303_67.2632_-1.11168
124.519_66.8127_-1.13235
124.736_66.3622_-1.11168
124.953_65.9117_-1.13235
125.17_65.4613_-1.11168
125.387_65.0108_-1.13235
125.604_64.5603_-1.11168
125.821_64.1098_-1.13235
126.038_63.6593_-1.11168
126.255_63.2089_-1.13235
126.472_62.7584_-1.11168
126.689_62.3079_-1.13235
126.906_61.8574_-1.11168
127.123_61.4069_-1.13235
127.34_60.9565_-1.11168
127.557_60.506_-1.13235
127.773_60.0555_-1.11168
127.99_59.605_-1.13235
128.207_59.1545_-1.11168
128.424_58.7041_-1.13235
128.641_58.2536_-1.11168
128.858_57.8031_-1.13235
129.075_57.3526_-1.11168
129.292_56.9021_-1.13235
129.509_56.4517_-1.11168
129.726_56.0012_-1.13235
129.943_55.5507_-1.11168
130.16_55.1002_-1.13235
130.377_54.6497_-1.11168
130.594_54.1993_-1.13235
130.81_53.7488_-1.11168
131.027_53.2983_-1.13235
131.244_52.8478_-1.11168
131.461_52.3973_-1.13235
131.678_51.9469_-1.11168
131.895_51.4964_-1.13235
132.112_51.0459_-1.11168
132.329_50.5954_-1.13235
132.546_50.1449_-1.11168
132.763_49.6945_-1.13235
132.97_49.2396_-1.15302
133.178_48.7847_-1.13235
133.395_48.3343_-1.11168
133.612_47.8838_-1.13235
133.819_47.4289_-1.15302
134.027_46.974_-1.13235
134.244_46.5236_-1.11168
134.461_46.0731_-1.13235
134.668_45.6182_-1.15302
134.876_45.1633_-1.13235
135.093_44.7129_-1.11168
135.31_44.2624_-1.13235
135.517_43.8075_-1.15302
135.725_43.3527_-1.13235
135.942_42.9022_-1.11168
136.159_42.4517_-1.13235
136.366_41.9968_-1.15302
136.574_41.542_-1.13235
136.791_41.0915_-1.11168
137.008_40.641_-1.13235
137.215_40.1861_-1.15302
137.423_39.7313_-1.13235
137.64_39.2808_-1.11168
137.857_38.8303_-1.13235
138.064_38.3754_-1.15302
138.272_37.9206_-1.13235
138.489_37.4701_-1.11168
138.706_37.0196_-1.13235
138.914_36.5647_-1.15302
139.121_36.1099_-1.13235
139.338_35.6594_-1.11168
139.555_35.2089_-1.13235
139.763_34.7541_-1.15302
139.97_34.2992_-1.13235
140.187_33.8487_-1.11168
140.404_33.3982_-1.13235
140.612_32.9434_-1.15302
140.819_32.4885_-1.13235
141.036_32.038_-1.11168
141.253_31.5875_-1.13235
141.461_31.1327_-1.15302
141.668_30.6778_-1.13235
141.885_30.2273_-1.11168
142.102_29.7768_-1.13235
142.31_29.322_-1.15302
142.517_28.8671_-1.13235
142.812_28.4671_-0.739648
143.237_28.2103_-0.346949
143.728_28.1357_0.0457498
144.213_28.245_0.397112
144.677_28.4336_0.376444
145.14_28.6222_0.397112
145.603_28.8108_0.376444
146.066_28.9994_0.397112
146.529_29.188_0.376444
146.992_29.3766_0.397112
147.455_29.5652_0.376444
147.918_29.7538_0.397112
148.381_29.9424_0.376444
148.848_30.1214_0.355775
149.315_30.3004_0.376444
149.778_30.489_0.397112
150.241_30.6776_0.376444
150.708_30.8565_0.355775
151.174_31.0355_0.376444
151.638_31.2241_0.397112
152.101_31.4127_0.376444
152.567_31.5917_0.355775
153.034_31.7707_0.376444
153.497_31.9593_0.397112
153.96_32.1479_0.376444
154.427_32.3269_0.355775
154.894_32.5059_0.376444
155.357_32.6945_0.397112
155.82_32.8831_0.376444
156.287_33.0621_0.355775
156.58_33.1812_0.417781
