configuration 176.556686401_134.7056427_-0.977472527886_0.211062685542_59.5791053772_36.8438796997_0.982426073578_-0.18665210943
length 181.872
time 5.09893
roughness 3.71296e-05
176.557_134.706_-2.71627
176.103_134.495_-2.6956
175.65_134.284_-2.71627
175.197_134.073_-2.6956
174.744_133.862_-2.71627
174.29_133.651_-2.6956
173.837_133.44_-2.71627
173.384_133.229_-2.6956
172.93_133.018_-2.71627
172.477_132.807_-2.6956
172.024_132.596_-2.71627
171.571_132.385_-2.6956
171.117_132.174_-2.71627
170.664_131.963_-2.6956
170.211_131.752_-2.71627
169.757_131.541_-2.6956
169.304_131.33_-2.71627
168.851_131.119_-2.6956
168.397_130.908_-2.71627
167.944_130.697_-2.6956
167.491_130.486_-2.71627
167.038_130.275_-2.6956
166.584_130.064_-2.71627
166.131_129.853_-2.6956
165.678_129.642_-2.71627
165.224_129.431_-2.6956
164.771_129.22_-2.71627
164.318_129.009_-2.6956
163.865_128.798_-2.71627
163.411_128.587_-2.6956
162.958_128.376_-2.71627
162.505_128.165_-2.6956
162.051_127.954_-2.71627
161.598_127.743_-2.6956
161.145_127.532_-2.71627
160.692_127.321_-2.6956
160.238_127.11_-2.71627
159.785_126.899_-2.6956
159.332_126.688_-2.71627
158.878_126.477_-2.6956
158.425_126.266_-2.71627
157.972_126.055_-2.6956
157.519_125.844_-2.71627
157.065_125.633_-2.6956
156.612_125.422_-2.71627
156.159_125.211_-2.6956
155.705_125_-2.71627
155.252_124.789_-2.6956
154.799_124.578_-2.71627
154.346_124.367_-2.6956
153.892_124.156_-2.71627
153.439_123.945_-2.6956
152.986_123.734_-2.71627
152.532_123.523_-2.6956
152.079_123.312_-2.71627
151.626_123.101_-2.6956
151.173_122.89_-2.71627
150.719_122.679_-2.6956
150.266_122.468_-2.71627
149.813_122.257_-2.6956
149.359_122.046_-2.71627
148.906_121.835_-2.6956
148.453_121.624_-2.71627
148_121.413_-2.6956
147.546_121.202_-2.71627
147.093_120.991_-2.6956
146.64_120.78_-2.71627
146.186_120.569_-2.6956
145.733_120.358_-2.71627
145.28_120.147_-2.6956
144.827_119.936_-2.71627
144.373_119.725_-2.6956
143.92_119.514_-2.71627
143.467_119.303_-2.6956
143.013_119.092_-2.71627
142.56_118.881_-2.6956
142.107_118.67_-2.71627
141.653_118.459_-2.6956
141.2_118.248_-2.71627
140.747_118.037_-2.6956
140.294_117.826_-2.71627
139.84_117.615_-2.6956
139.387_117.404_-2.71627
138.934_117.193_-2.6956
138.48_116.982_-2.71627
138.027_116.771_-2.6956
137.574_116.56_-2.71627
137.121_116.349_-2.6956
136.667_116.138_-2.71627
136.214_115.927_-2.6956
135.761_115.716_-2.71627
135.307_115.505_-2.6956
134.854_115.294_-2.71627
134.401_115.083_-2.6956
133.948_114.872_-2.71627
133.494_114.661_-2.6956
133.041_114.45_-2.71627
132.588_114.239_-2.6956
132.134_114.028_-2.71627
131.681_113.817_-2.6956
131.228_113.606_-2.71627
130.775_113.395_-2.6956
130.321_113.184_-2.71627
129.868_112.973_-2.6956
129.415_112.762_-2.71627
128.961_112.551_-2.6956
128.508_112.34_-2.71627
128.055_112.129_-2.6956
127.602_111.918_-2.71627
127.148_111.707_-2.6956
126.695_111.496_-2.71627
126.242_111.285_-2.6956
125.788_111.074_-2.71627
125.335_110.863_-2.6956
124.882_110.652_-2.71627
124.429_110.441_-2.6956
123.975_110.23_-2.71627
123.522_110.019_-2.6956
123.069_109.808_-2.71627
122.615_109.597_-2.6956
122.167_109.376_-2.67493
121.718_109.156_-2.6956
121.264_108.945_-2.71627
120.811_108.734_-2.6956
120.362_108.514_-2.67493
119.913_108.293_-2.6956
119.46_108.082_-2.71627
119.007_107.871_-2.6956
118.558_107.651_-2.67493
118.109_107.431_-2.6956
117.656_107.22_-2.71627
117.203_107.009_-2.6956
116.754_106.788_-2.67493
116.305_106.568_-2.6956
115.852_106.357_-2.71627
115.398_106.146_-2.6956
114.95_105.926_-2.67493
114.501_105.705_-2.6956
114.047_105.494_-2.71627
113.594_105.283_-2.6956
113.145_105.063_-2.67493
112.697_104.843_-2.6956
112.243_104.632_-2.71627
111.79_104.421_-2.6956
111.341_104.2_-2.67493
110.892_103.98_-2.6956
110.463_103.78_-2.71627
110.059_103.491_-2.32357
109.797_103.069_-1.93087
109.716_102.579_-1.53817
109.809_102.09_-1.22815
109.972_101.617_-1.24881
110.125_101.141_-1.26948
110.278_100.665_-1.24881
110.432_100.189_-1.26948
110.585_99.7134_-1.24881
110.738_99.2375_-1.26948
110.892_98.7616_-1.24881
111.045_98.2857_-1.26948
111.198_97.8098_-1.24881
111.351_97.3339_-1.26948
111.505_96.858_-1.24881
111.658_96.3821_-1.26948
111.811_95.9061_-1.24881
111.965_95.4302_-1.26948
112.118_94.9543_-1.24881
112.271_94.4784_-1.26948
112.425_94.0025_-1.24881
112.578_93.5266_-1.26948
112.731_93.0507_-1.24881
112.885_92.5748_-1.26948
113.038_92.0989_-1.24881
113.191_91.623_-1.26948
113.345_91.1471_-1.24881
113.498_90.6712_-1.26948
113.651_90.1953_-1.24881
113.804_89.7194_-1.26948
113.958_89.2435_-1.24881
114.111_88.7675_-1.26948
114.264_88.2916_-1.24881
114.418_87.8157_-1.26948
114.571_87.3398_-1.24881
114.724_86.8639_-1.26948
114.878_86.388_-1.24881
115.031_85.9121_-1.26948
115.184_85.4362_-1.24881
115.338_84.9603_-1.26948
115.491_84.4844_-1.24881
115.644_84.0085_-1.26948
115.798_83.5326_-1.24881
115.951_83.0567_-1.26948
116.104_82.5808_-1.24881
116.257_82.1049_-1.26948
116.411_81.629_-1.24881
116.564_81.153_-1.26948
116.717_80.6771_-1.24881
116.871_80.2012_-1.26948
117.024_79.7253_-1.24881
117.177_79.2494_-1.26948
117.331_78.7735_-1.24881
117.484_78.2976_-1.26948
117.637_77.8217_-1.24881
117.791_77.3458_-1.26948
117.944_76.8699_-1.24881
118.097_76.394_-1.26948
118.25_75.9181_-1.24881
118.404_75.4422_-1.26948
118.557_74.9663_-1.24881
118.71_74.4904_-1.26948
118.864_74.0145_-1.24881
119.017_73.5385_-1.26948
119.17_73.0626_-1.24881
119.324_72.5867_-1.26948
119.477_72.1108_-1.24881
119.63_71.6349_-1.26948
119.784_71.159_-1.24881
119.937_70.6831_-1.26948
120.09_70.2072_-1.24881
120.244_69.7313_-1.26948
120.397_69.2554_-1.24881
120.55_68.7795_-1.26948
120.703_68.3036_-1.24881
120.857_67.8277_-1.26948
121.01_67.3518_-1.24881
121.163_66.8759_-1.26948
121.317_66.4_-1.24881
121.379_65.9071_-1.64151
121.248_65.4279_-2.03421
120.943_65.0354_-2.42691
120.532_64.7532_-2.65426
120.088_64.5237_-2.67493
119.643_64.2941_-2.65426
119.199_64.0646_-2.67493
118.755_63.835_-2.65426
118.311_63.6055_-2.67493
117.867_63.3759_-2.65426
117.427_63.1372_-2.6336
117.147_62.9923_-2.6956
116.694_62.7813_-2.71627
116.24_62.5703_-2.6956
115.787_62.3593_-2.71627
115.334_62.1483_-2.6956
114.88_61.9373_-2.71627
114.427_61.7263_-2.6956
113.974_61.5153_-2.71627
113.521_61.3043_-2.6956
113.067_61.0933_-2.71627
112.614_60.8823_-2.6956
112.161_60.6713_-2.71627
111.707_60.4603_-2.6956
111.254_60.2493_-2.71627
110.797_60.0477_-2.73694
110.339_59.8461_-2.71627
109.886_59.6351_-2.6956
109.432_59.4241_-2.71627
108.975_59.2225_-2.73694
108.517_59.0209_-2.71627
108.064_58.8099_-2.6956
107.611_58.5989_-2.71627
107.153_58.3973_-2.73694
106.696_58.1958_-2.71627
106.242_57.9848_-2.6956
105.789_57.7738_-2.71627
105.332_57.5722_-2.73694
104.874_57.3706_-2.71627
104.421_57.1596_-2.6956
103.967_56.9486_-2.71627
103.51_56.747_-2.73694
103.052_56.5454_-2.71627
102.599_56.3344_-2.6956
102.146_56.1234_-2.71627
101.688_55.9218_-2.73694
101.231_55.7202_-2.71627
100.777_55.5092_-2.6956
100.324_55.2982_-2.71627
99.8665_55.0967_-2.73694
99.409_54.8951_-2.71627
98.9557_54.6841_-2.6956
98.5024_54.4731_-2.71627
98.0449_54.2715_-2.73694
97.5873_54.0699_-2.71627
97.134_53.8589_-2.6956
96.6807_53.6479_-2.71627
96.2232_53.4463_-2.73694
95.7656_53.2447_-2.71627
95.3123_53.0337_-2.6956
94.8591_52.8227_-2.71627
94.4015_52.6211_-2.73694
93.944_52.4195_-2.71627
93.4907_52.2086_-2.6956
93.0374_51.9976_-2.71627
92.5798_51.796_-2.73694
92.1223_51.5944_-2.71627
91.669_51.3834_-2.6956
91.2157_51.1724_-2.71627
90.7581_50.9708_-2.73694
90.3006_50.7692_-2.71627
89.8473_50.5582_-2.6956
89.394_50.3472_-2.71627
88.9365_50.1456_-2.73694
88.4789_49.944_-2.71627
88.0256_49.733_-2.6956
87.5723_49.522_-2.71627
87.1148_49.3204_-2.73694
86.6572_49.1189_-2.71627
86.2039_48.9079_-2.6956
85.7507_48.6969_-2.71627
85.2931_48.4953_-2.73694
84.8355_48.2937_-2.71627
84.3823_48.0827_-2.6956
83.929_47.8717_-2.71627
83.4714_47.6701_-2.73694
83.0139_47.4685_-2.71627
82.5606_47.2575_-2.6956
82.1073_47.0465_-2.71627
81.6497_46.8449_-2.73694
81.1922_46.6433_-2.71627
80.7389_46.4323_-2.6956
80.2856_46.2213_-2.71627
79.8281_46.0198_-2.73694
79.3705_45.8182_-2.71627
78.9172_45.6072_-2.6956
78.4639_45.3962_-2.71627
78.0064_45.1946_-2.73694
77.5488_44.993_-2.71627
77.0955_44.782_-2.6956
76.6423_44.571_-2.71627
76.1847_44.3694_-2.73694
75.7271_44.1678_-2.71627
75.2739_43.9568_-2.6956
74.8206_43.7458_-2.71627
74.363_43.5442_-2.73694
73.9055_43.3426_-2.71627
73.4522_43.1316_-2.6956
72.9989_42.9206_-2.71627
72.5413_42.7191_-2.73694
72.0838_42.5175_-2.71627
71.6305_42.3065_-2.6956
71.1772_42.0955_-2.71627
70.7197_41.8939_-2.73694
70.2621_41.6923_-2.71627
69.8088_41.4813_-2.6956
69.3555_41.2703_-2.71627
68.898_41.0687_-2.73694
68.4404_40.8671_-2.71627
67.9871_40.6561_-2.6956
67.5338_40.4451_-2.71627
67.0763_40.2435_-2.73694
66.6187_40.042_-2.71627
66.1655_39.831_-2.6956
65.7122_39.62_-2.71627
65.2546_39.4184_-2.73694
64.7971_39.2168_-2.71627
64.3438_39.0058_-2.6956
63.8905_38.7948_-2.71627
63.4329_38.5932_-2.73694
62.9754_38.3916_-2.71627
62.5221_38.1806_-2.6956
62.0688_37.9696_-2.71627
61.6113_37.768_-2.73694
61.1537_37.5664_-2.71627
60.7004_37.3554_-2.6956
60.2471_37.1444_-2.71627
59.7896_36.9428_-2.73694
