configuration 176.556686401_134.7056427_-0.977472527886_0.211062685542_59.5791053772_36.8438796997_0.982426073578_-0.18665210943
length 193.457
time 300
roughness 0.00044821
176.557_134.706_-2.71627
176.134_134.441_-2.44758
175.753_134.117_-2.42691
175.379_133.786_-2.40624
175.005_133.454_-2.42691
174.623_133.13_-2.44758
174.196_132.874_-2.75761
173.734_132.682_-2.73694
173.272_132.49_-2.75761
172.811_132.298_-2.73694
172.349_132.106_-2.75761
171.887_131.914_-2.73694
171.426_131.722_-2.75761
170.96_131.539_-2.77827
170.295_131.272_-3.19164
169.795_131.272_-3.0883
169.296_131.24_-3.06763
168.797_131.208_-3.0883
168.298_131.176_-3.06763
167.8_131.144_-3.0883
167.3_131.123_-3.10897
166.8_131.101_-3.0883
166.301_131.07_-3.06763
166.15_131.028_-2.67493
166.144_131.059_-1.86887
165.908_130.622_-2.26156
165.523_130.308_-2.65426
165.074_130.088_-2.71627
164.621_129.877_-2.6956
164.168_129.666_-2.71627
164.168_129.666_-2.71627
163.764_129.377_-2.32357
163.418_129.015_-2.34424
163.073_128.654_-2.32357
162.727_128.293_-2.34424
162.382_127.931_-2.32357
162.036_127.57_-2.34424
161.691_127.209_-2.32357
161.352_126.84_-2.3029
161.014_126.472_-2.32357
160.714_126.163_-2.81961
160.221_126.101_-3.21231
159.742_126.232_-3.60501
159.191_126.691_-3.31565
158.693_126.711_-3.04696
158.195_126.669_-3.06763
157.696_126.627_-3.04696
157.198_126.585_-3.06763
156.7_126.543_-3.04696
156.202_126.501_-3.06763
155.704_126.458_-3.04696
155.205_126.416_-3.06763
154.759_126.386_-2.32357
154.413_126.025_-2.34424
154.06_125.671_-2.36491
153.707_125.317_-2.34424
153.354_124.963_-2.36491
153.001_124.609_-2.34424
152.649_124.254_-2.36491
152.296_123.9_-2.34424
151.943_123.546_-2.36491
151.423_123.039_-2.77827
151.002_122.776_-2.38557
150.642_122.429_-2.36491
150.282_122.082_-2.38557
149.922_121.735_-2.36491
149.561_121.389_-2.38557
149.561_121.389_-2.38557
149.201_121.042_-2.36491
148.841_120.695_-2.38557
148.481_120.348_-2.36491
148.121_120.002_-2.38557
147.76_119.655_-2.36491
147.76_119.655_-2.36491
147.481_119.244_-1.97221
147.29_118.782_-1.95154
147.109_118.316_-1.93087
146.928_117.85_-1.95154
146.747_117.384_-1.93087
146.566_116.918_-1.95154
146.385_116.451_-1.93087
146.204_115.985_-1.95154
146.091_115.695_-1.04213
146.33_115.256_-1.10414
146.559_114.811_-1.08347
146.789_114.367_-1.10414
147.018_113.923_-1.08347
147.248_113.479_-1.10414
147.248_113.479_-1.10414
147.554_113.087_-0.711436
147.948_112.781_-0.608095
148.356_112.491_-0.628763
148.757_112.193_-0.649431
149.159_111.895_-0.628763
149.56_111.597_-0.649431
149.961_111.298_-0.628763
150.369_111.008_-0.608095
150.776_110.719_-0.628763
151.041_110.521_-1.16614
151.261_110.073_-1.0628
151.509_109.638_-1.04213
151.765_109.209_-1.02146
152.022_108.78_-1.04213
152.321_108.273_-1.18681
152.504_107.808_-1.20748
152.676_107.339_-1.22815
152.849_106.869_-1.20748
153.022_106.4_-1.22815
153.195_105.931_-1.20748
153.195_105.931_-1.20748
153.298_105.444_-1.5175
153.319_104.944_-1.53817
153.341_104.445_-1.5175
153.362_103.945_-1.53817
153.384_103.446_-1.5175
153.405_102.946_-1.53817
153.427_102.447_-1.5175
153.448_101.947_-1.53817
153.472_101.301_-2.03421
153.34_100.822_-1.64151
153.362_100.323_-1.41416
153.435_99.8286_-1.43483
153.497_99.3326_-1.4555
153.56_98.8365_-1.43483
153.633_98.3419_-1.41416
153.706_97.8472_-1.43483
153.769_97.3512_-1.4555
153.831_96.8551_-1.43483
153.893_96.4449_-1.24881
154.139_96.0134_-0.856115
154.5_95.6683_-0.6701
154.895_95.3619_-0.649431
155.29_95.0554_-0.6701
155.685_94.7489_-0.649431
156.08_94.4425_-0.6701
156.475_94.136_-0.649431
156.871_93.8296_-0.6701
157.397_93.4338_-1.16614
157.551_92.9585_-1.35216
157.664_92.4716_-1.33149
157.778_91.9846_-1.35216
157.891_91.4977_-1.33149
158.005_91.0108_-1.35216
158.118_90.5238_-1.33149
158.231_90.0369_-1.35216
158.345_89.5499_-1.33149
158.458_89.063_-1.35216
158.547_88.6764_-1.08347
158.69_88.2005_-1.47617
158.711_87.7012_-1.57951
158.712_87.2012_-1.55884
158.713_86.7012_-1.57951
158.714_86.2012_-1.55884
158.714_85.7012_-1.57951
158.715_85.2012_-1.55884
158.716_84.7012_-1.57951
158.706_84.2013_-1.60018
158.707_83.7048_-1.62084
158.687_83.2052_-1.60018
158.668_82.7056_-1.62084
158.648_82.206_-1.60018
158.628_81.7064_-1.62084
158.608_81.2069_-1.60018
158.588_80.7073_-1.62084
158.568_80.2077_-1.60018
158.548_79.7081_-1.62084
158.532_79.4687_-2.65426
158.092_79.23_-2.6336
157.658_78.9823_-2.61293
157.224_78.7346_-2.6336
156.789_78.4869_-2.61293
156.355_78.2392_-2.6336
155.921_77.9914_-2.61293
155.492_77.7348_-2.59226
155.063_77.4782_-2.61293
154.628_77.2305_-2.6336
154.201_76.9868_-2.6956
153.74_76.7948_-2.79894
153.267_76.6317_-2.81961
152.791_76.4783_-2.84028
152.315_76.325_-2.81961
151.842_76.1618_-2.79894
151.399_75.9329_-2.53025
150.987_75.6502_-2.55092
150.574_75.3674_-2.53025
150.162_75.0847_-2.55092
149.75_74.802_-2.53025
149.337_74.5193_-2.55092
148.925_74.2365_-2.53025
148.513_73.9538_-2.55092
148.1_73.6711_-2.53025
147.81_73.4812_-2.84028
147.325_73.3577_-2.94362
146.834_73.2645_-2.96429
146.343_73.1712_-2.94362
145.852_73.0779_-2.96429
145.36_72.9847_-2.94362
145.36_72.9847_-2.94362
144.871_72.8813_-2.92295
144.384_72.7678_-2.90228
143.897_72.6543_-2.92295
143.41_72.5408_-2.90228
142.923_72.4273_-2.92295
142.436_72.3138_-2.90228
141.95_72.2004_-2.92295
141.463_72.0869_-2.90228
140.976_71.9734_-2.92295
140.49_71.8601_-2.90228
140_71.7567_-2.96429
139.509_71.6634_-2.94362
139.018_71.5702_-2.96429
138.527_71.4769_-2.94362
138.036_71.3836_-2.96429
137.544_71.2904_-2.94362
137.053_71.1971_-2.96429
136.562_71.1038_-2.94362
136.295_71.043_-1.95154
136.024_70.6266_-2.34424
135.614_70.3457_-2.73694
135.145_70.1729_-2.84028
134.669_70.0196_-2.81961
134.194_69.8663_-2.84028
133.718_69.713_-2.81961
133.242_69.5597_-2.84028
132.766_69.4064_-2.81961
132.392_69.293_-1.78619
132.193_68.8378_-2.17889
131.835_68.4932_-2.57159
131.373_68.3119_-2.96429
130.875_68.2905_-3.23298
130.377_68.3413_-3.25365
129.88_68.392_-3.23298
129.382_68.4428_-3.25365
128.885_68.4936_-3.23298
128.308_68.5622_-2.65426
127.835_68.4096_-3.00563
127.34_68.3368_-2.98496
126.846_68.2639_-3.00563
126.351_68.191_-2.98496
125.856_68.1181_-3.00563
125.362_68.0452_-2.98496
124.867_67.9723_-3.00563
124.372_67.8994_-2.98496
123.878_67.8265_-3.00563
123.663_67.8073_-2.01354
123.366_67.4086_-2.40624
122.961_67.118_-2.6336
122.526_66.8703_-2.61293
122.092_66.6226_-2.6336
121.658_66.3749_-2.61293
121.223_66.1271_-2.6336
120.591_65.7559_-2.11689
120.255_65.3898_-2.50958
119.855_65.0903_-2.48892
119.455_64.7908_-2.50958
119.054_64.4912_-2.48892
118.654_64.1917_-2.50958
118.253_63.8922_-2.48892
117.853_63.5926_-2.50958
117.453_63.2931_-2.48892
116.82_62.8352_-2.11689
116.498_62.4547_-2.42691
116.124_62.1231_-2.40624
115.757_61.7839_-2.38557
115.389_61.4446_-2.40624
115.022_61.1054_-2.38557
114.655_60.7662_-2.40624
114.288_60.4269_-2.38557
113.92_60.0877_-2.40624
113.382_59.6139_-1.95154
113.111_59.1976_-2.34424
112.702_58.9166_-2.73694
112.244_58.715_-2.71627
111.786_58.5135_-2.73694
111.329_58.3119_-2.71627
110.871_58.1103_-2.73694
110.41_57.9182_-2.75761
109.948_57.7261_-2.73694
109.305_57.4466_-3.19164
108.811_57.3843_-2.84028
108.335_57.231_-2.81961
107.863_57.0679_-2.79894
107.39_56.9048_-2.81961
106.913_56.7512_-2.84028
106.476_56.514_-2.44758
106.124_56.1604_-2.26156
105.801_55.7783_-2.28223
105.479_55.3963_-2.26156
105.156_55.0142_-2.28223
105.156_55.0142_-2.28223
104.765_54.7084_-2.67493
104.303_54.5165_-2.81961
103.831_54.3534_-2.79894
103.358_54.1903_-2.81961
102.886_54.0272_-2.79894
102.886_54.0272_-2.79894
102.416_53.8543_-2.77827
101.951_53.6718_-2.75761
101.485_53.4893_-2.77827
101.02_53.3068_-2.75761
100.554_53.1243_-2.77827
100.554_53.1243_-2.77827
100.089_52.9418_-2.75761
99.6234_52.7593_-2.77827
99.1579_52.5768_-2.75761
98.6924_52.3943_-2.77827
98.2269_52.2118_-2.75761
98.2269_52.2118_-2.75761
97.7614_52.0293_-2.77827
97.296_51.8468_-2.75761
96.8305_51.6643_-2.77827
96.365_51.4818_-2.75761
95.8995_51.2992_-2.77827
95.8995_51.2992_-2.77827
95.434_51.1167_-2.75761
94.9685_50.9342_-2.77827
94.503_50.7517_-2.75761
94.0375_50.5692_-2.77827
93.572_50.3867_-2.75761
93.572_50.3867_-2.75761
93.1065_50.2042_-2.77827
92.641_50.0217_-2.75761
92.1755_49.8392_-2.77827
91.7101_49.6567_-2.75761
91.2446_49.4742_-2.77827
91.2446_49.4742_-2.77827
90.783_49.2821_-2.71627
90.3255_49.0805_-2.73694
89.8679_48.879_-2.71627
89.4104_48.6774_-2.73694
88.9528_48.4758_-2.71627
88.9528_48.4758_-2.71627
88.4912_48.2837_-2.77827
88.0258_48.1012_-2.75761
87.5603_47.9187_-2.77827
87.0948_47.7362_-2.75761
86.6293_47.5537_-2.77827
86.6293_47.5537_-2.77827
86.1638_47.3712_-2.75761
85.6983_47.1887_-2.77827
85.2328_47.0062_-2.75761
84.7673_46.8237_-2.77827
84.3018_46.6412_-2.75761
84.3018_46.6412_-2.75761
83.8327_46.4683_-2.81961
83.3568_46.315_-2.84028
82.8778_46.1716_-2.86095
82.3989_46.0281_-2.84028
81.9227_45.8747_-2.81961
81.4536_45.7019_-2.75761
80.992_45.5098_-2.73694
80.5304_45.3177_-2.75761
80.0687_45.1257_-2.73694
79.6071_44.9336_-2.75761
79.6071_44.9336_-2.75761
79.1416_44.7511_-2.77827
78.6761_44.5686_-2.75761
78.2145_44.3765_-2.73694
77.7529_44.1844_-2.75761
77.2874_44.0019_-2.77827
77.2874_44.0019_-2.77827
76.8219_43.8194_-2.75761
76.3603_43.6273_-2.73694
75.8987_43.4352_-2.75761
75.4332_43.2527_-2.77827
74.9677_43.0702_-2.75761
74.9677_43.0702_-2.75761
74.5061_42.8781_-2.73694
74.0444_42.686_-2.75761
73.579_42.5035_-2.77827
73.1135_42.321_-2.75761
72.6518_42.1289_-2.73694
72.6518_42.1289_-2.73694
72.1902_41.9368_-2.75761
71.7247_41.7543_-2.77827
71.2592_41.5718_-2.75761
70.7976_41.3797_-2.73694
70.336_41.1876_-2.75761
70.336_41.1876_-2.75761
69.8479_41.095_-3.1503
69.3615_41.1961_-3.543
68.917_41.424_-3.68768
68.4924_41.6881_-3.70835
68.0679_41.9522_-3.68768
68.0679_41.9522_-3.68768
67.6011_42.1224_-3.29498
67.1048_42.1011_-2.90228
66.623_41.9676_-2.84028
66.1441_41.8241_-2.86095
65.6622_41.6906_-2.88162
65.6622_41.6906_-2.88162
65.2163_41.4717_-2.48892
64.8222_41.164_-2.46825
64.4346_40.8482_-2.44758
64.047_40.5323_-2.46825
63.6593_40.2165_-2.44758
63.6593_40.2165_-2.44758
63.2228_39.9794_-2.84028
62.7293_39.917_-3.19164
62.231_39.9575_-3.25365
61.7336_40.0083_-3.23298
61.2337_40.0487_-3.21231
60.7408_39.9865_-2.81961
60.2885_39.7759_-2.59226
59.8648_39.5105_-2.57159
59.4467_39.2364_-2.55092
59.0278_38.9618_-2.57159
58.6699_38.6173_-2.17889
58.4711_38.162_-1.78619
58.4616_37.6653_-1.39349
58.6429_37.2028_-1.00079
58.9875_36.8449_-0.608095
58.9875_36.8449_-0.608095
59.4427_36.646_-0.215396
59.4907_36.6251_-0.608095
59.4907_36.6251_-1.00079
59.4907_36.6251_-1.39349
59.4907_36.6251_-1.78619
59.4907_36.6251_-1.78619
59.4907_36.6251_-2.17889
59.4907_36.6251_-2.17889
