configuration 176.556686401_134.7056427_-0.977472527886_0.211062685542_59.5791053772_36.8438796997_0.982426073578_-0.18665210943
length 203.089
time 1.54827
roughness 0.000409033
176.557_134.706_-2.71627
176.073_134.593_-3.10897
175.573_134.592_-3.17097
175.073_134.602_-3.1503
174.573_134.611_-3.17097
174.073_134.621_-3.1503
173.585_134.528_-2.75761
173.128_134.326_-2.6956
172.679_134.106_-2.67493
172.23_133.886_-2.6956
171.777_133.675_-2.71627
171.36_133.402_-2.40624
170.986_133.07_-2.42691
170.605_132.746_-2.44758
170.224_132.423_-2.42691
169.843_132.099_-2.44758
169.462_131.775_-2.42691
169.081_131.451_-2.44758
168.7_131.128_-2.42691
168.319_130.804_-2.44758
167.938_130.48_-2.42691
167.538_130.181_-2.57159
167.114_129.915_-2.59226
166.691_129.65_-2.57159
166.267_129.384_-2.59226
165.843_129.119_-2.57159
165.381_128.938_-2.96429
164.883_128.927_-3.27431
164.386_128.988_-3.25365
163.89_129.049_-3.27431
163.394_129.11_-3.25365
162.899_129.181_-3.31565
162.406_129.262_-3.29498
161.913_129.344_-3.31565
161.419_129.425_-3.29498
160.926_129.507_-3.31565
160.429_129.496_-2.92295
159.975_129.296_-2.53025
159.594_128.972_-2.34424
159.249_128.611_-2.32357
158.903_128.25_-2.34424
158.614_127.844_-2.03421
158.386_127.399_-2.05488
158.149_126.959_-2.07555
157.912_126.519_-2.05488
157.674_126.079_-2.07555
157.354_125.699_-2.46825
156.917_125.461_-2.81961
156.448_125.289_-2.75761
155.982_125.106_-2.77827
155.513_124.933_-2.79894
155.087_124.678_-2.40624
154.719_124.339_-2.38557
154.352_124_-2.40624
153.985_123.661_-2.38557
153.618_123.321_-2.40624
153.25_122.982_-2.38557
152.883_122.643_-2.40624
152.516_122.304_-2.38557
152.148_121.964_-2.40624
151.781_121.625_-2.38557
151.36_121.361_-2.77827
150.884_121.208_-2.88162
150.402_121.075_-2.86095
149.921_120.941_-2.88162
149.439_120.808_-2.86095
148.944_120.766_-3.25365
148.455_120.868_-3.43966
147.976_121.009_-3.41899
147.496_121.151_-3.43966
147.017_121.293_-3.41899
146.575_121.52_-3.81169
146.253_121.898_-4.20439
146.014_122.338_-4.22506
145.775_122.777_-4.20439
145.537_123.216_-4.22506
145.223_123.602_-3.83236
144.786_123.837_-3.43966
144.291_123.888_-3.04696
143.816_123.745_-2.65426
143.376_123.507_-2.6336
142.998_123.185_-2.2409
142.743_122.756_-1.97221
142.543_122.298_-1.99288
142.343_121.84_-1.97221
142.143_121.382_-1.99288
141.855_120.977_-2.38557
141.502_120.623_-2.32357
141.156_120.261_-2.34424
140.803_119.907_-2.36491
140.45_119.553_-2.34424
140.07_119.23_-2.53025
139.664_118.939_-2.50958
139.263_118.639_-2.48892
138.863_118.34_-2.50958
138.462_118.04_-2.48892
138.089_117.709_-2.34424
137.743_117.347_-2.32357
137.397_116.986_-2.34424
137.052_116.625_-2.32357
136.706_116.263_-2.34424
136.361_115.902_-2.32357
136.015_115.541_-2.34424
135.67_115.179_-2.32357
135.324_114.818_-2.34424
134.978_114.457_-2.32357
134.575_114.167_-2.71627
134.091_114.055_-3.10897
133.601_114.136_-3.50167
133.179_114.398_-3.89437
132.81_114.736_-3.8737
132.383_114.99_-3.481
131.891_115.06_-3.0883
131.41_114.938_-2.6956
130.993_114.664_-2.42691
130.612_114.341_-2.44758
130.176_114.103_-2.84028
129.681_114.051_-3.23298
129.205_114.192_-3.62568
128.819_114.505_-4.01838
128.537_114.917_-4.20439
128.537_114.917_-3.81169
128.537_114.917_-3.41899
128.041_114.957_-3.02629
127.569_114.805_-2.6336
127.19_114.483_-2.2409
126.9_114.076_-2.13755
126.628_113.657_-2.15822
126.355_113.238_-2.13755
126.082_112.819_-2.15822
125.809_112.4_-2.13755
125.466_112.041_-2.53025
125.011_111.84_-2.92295
124.514_111.829_-3.31565
124.03_111.951_-3.46033
123.557_112.113_-3.481
123.557_112.113_-3.0883
123.075_111.99_-2.6956
122.678_111.692_-2.3029
122.424_111.265_-1.9102
122.353_110.773_-1.5175
122.353_110.773_-1.9102
122.1_110.346_-2.3029
121.702_110.049_-2.6956
121.22_109.926_-3.0883
120.727_109.987_-3.43966
120.233_110.037_-3.04696
119.744_109.934_-2.81961
119.268_109.781_-2.84028
118.789_109.637_-2.86095
118.311_109.494_-2.84028
117.816_109.442_-3.23298
117.337_109.573_-3.58434
116.879_109.773_-3.52234
116.416_109.964_-3.543
115.954_110.154_-3.52234
115.954_110.154_-3.12964
115.468_110.051_-2.73694
115.058_109.771_-2.34424
114.787_109.354_-1.95154
114.676_108.869_-1.64151
114.545_108.39_-2.03421
114.24_107.997_-2.42691
113.84_107.698_-2.57159
113.422_107.424_-2.55092
113.01_107.141_-2.53025
112.616_106.833_-2.42691
112.235_106.51_-2.44758
111.847_106.194_-2.46825
111.459_105.878_-2.44758
111.072_105.562_-2.46825
110.751_105.182_-2.07555
110.601_104.709_-1.68285
110.642_104.214_-1.29015
110.776_103.732_-1.31082
110.899_103.248_-1.33149
110.921_102.751_-1.72419
110.751_102.285_-2.11689
110.478_101.866_-2.17889
110.196_101.452_-2.15822
109.915_101.039_-2.17889
109.716_100.584_-1.78619
109.707_100.087_-1.39349
109.86_99.6127_-1.1248
110.071_99.1594_-1.14547
110.282_98.7061_-1.1248
110.483_98.2487_-1.18681
110.675_97.787_-1.16614
110.867_97.3254_-1.18681
111.059_96.8638_-1.16614
111.252_96.4022_-1.18681
111.444_95.9406_-1.16614
111.636_95.4789_-1.18681
111.828_95.0173_-1.16614
112.02_94.5557_-1.18681
112.212_94.0941_-1.16614
112.315_93.608_-1.55884
112.224_93.1196_-1.95154
111.987_92.6805_-2.17889
111.705_92.2672_-2.15822
111.424_91.8539_-2.17889
111.225_91.3986_-1.78619
111.216_90.9019_-1.39349
111.397_90.4394_-1.00079
111.72_90.0595_-0.732105
112.088_89.7215_-0.752773
112.435_89.3614_-0.856115
112.766_88.9872_-0.835447
113.106_88.6199_-0.814778
113.445_88.2526_-0.835447
113.784_87.8853_-0.814778
114.057_87.4693_-1.16614
114.259_87.0117_-1.14547
114.46_86.5542_-1.16614
114.662_86.0966_-1.14547
114.863_85.6391_-1.16614
115.144_85.2293_-0.773442
115.526_84.9071_-0.628763
115.927_84.6089_-0.649431
116.322_84.3024_-0.6701
116.717_83.9959_-0.649431
117.092_83.6659_-0.79411
117.446_83.3129_-0.773442
117.801_82.9599_-0.79411
118.155_82.6069_-0.773442
118.509_82.254_-0.79411
118.781_81.8385_-1.18681
118.964_81.373_-1.20748
119.146_80.9075_-1.18681
119.329_80.442_-1.20748
119.511_79.9765_-1.18681
119.784_79.5611_-0.79411
120.152_79.2232_-0.690768
120.541_78.9086_-0.6701
120.929_78.5941_-0.690768
121.318_78.2795_-0.6701
121.64_77.9009_-1.0628
121.869_77.4568_-1.1248
122.08_77.0035_-1.14547
122.291_76.5502_-1.1248
122.502_76.097_-1.14547
122.615_75.6131_-1.53817
122.534_75.123_-1.93087
122.28_74.6952_-2.28223
121.957_74.3132_-2.26156
121.643_73.9245_-2.2409
121.336_73.5295_-2.22023
121.038_73.1282_-2.19956
120.74_72.7269_-2.22023
120.442_72.3256_-2.19956
120.143_71.9242_-2.22023
119.926_71.4776_-1.82753
119.896_70.9817_-1.43483
120.009_70.4954_-1.24881
120.163_70.0195_-1.26948
120.316_69.5436_-1.24881
120.562_69.1121_-0.856115
120.909_68.752_-0.752773
121.277_68.414_-0.732105
121.645_68.076_-0.752773
122.014_67.7379_-0.732105
122.345_67.3645_-0.959457
122.636_66.958_-0.938789
122.927_66.5516_-0.959457
123.218_66.1451_-0.938789
123.518_65.7448_-0.91812
123.737_65.2988_-1.31082
123.768_64.8031_-1.70352
123.608_64.3329_-2.09622
123.344_63.9084_-2.15822
123.062_63.4951_-2.17889
122.704_63.1506_-2.57159
122.253_62.9402_-2.84028
121.774_62.7968_-2.86095
121.295_62.6533_-2.84028
120.816_62.5099_-2.86095
120.347_62.3372_-2.71627
119.889_62.1356_-2.73694
119.428_61.9435_-2.75761
118.966_61.7514_-2.73694
118.504_61.5593_-2.75761
118.019_61.4463_-3.06763
117.521_61.4042_-3.04696
117.023_61.3621_-3.06763
116.525_61.32_-3.04696
116.027_61.2779_-3.06763
115.548_61.1453_-2.67493
115.156_60.8395_-2.28223
114.834_60.4574_-2.26156
114.519_60.0688_-2.2409
114.205_59.6801_-2.26156
113.819_59.3663_-2.65426
113.366_59.1554_-2.75761
112.905_58.9633_-2.73694
112.443_58.7713_-2.75761
111.982_58.5792_-2.73694
111.52_58.3871_-2.75761
111.058_58.195_-2.73694
110.597_58.0029_-2.75761
110.135_57.8108_-2.73694
109.673_57.6187_-2.75761
109.212_57.4266_-2.73694
108.75_57.2346_-2.75761
108.289_57.0425_-2.73694
107.827_56.8504_-2.75761
107.365_56.6583_-2.73694
106.904_56.4662_-2.75761
106.442_56.2741_-2.73694
105.98_56.082_-2.75761
105.519_55.8899_-2.73694
105.057_55.6979_-2.75761
104.596_55.5058_-2.73694
104.134_55.3137_-2.75761
103.672_55.1216_-2.73694
103.211_54.9295_-2.75761
102.749_54.7374_-2.73694
102.287_54.5453_-2.75761
101.826_54.3532_-2.73694
101.364_54.1612_-2.75761
100.903_53.9691_-2.73694
100.441_53.777_-2.75761
100.003_53.5388_-2.53025
99.5902_53.2561_-2.55092
99.1779_52.9733_-2.53025
98.7655_52.6906_-2.55092
98.3531_52.4079_-2.53025
97.9103_52.179_-2.79894
97.4411_52.0062_-2.77827
96.9756_51.8237_-2.75761
96.5101_51.6412_-2.77827
96.0446_51.4587_-2.75761
95.5791_51.2761_-2.77827
95.1136_51.0936_-2.75761
94.6481_50.9111_-2.77827
94.1826_50.7286_-2.75761
93.7172_50.5461_-2.77827
93.248_50.3733_-2.79894
92.7754_50.2102_-2.81961
92.3027_50.047_-2.79894
91.8301_49.8839_-2.81961
91.3574_49.7208_-2.79894
90.876_49.5874_-2.94362
90.3868_49.484_-2.92295
89.8999_49.3705_-2.90228
89.413_49.257_-2.92295
88.926_49.1436_-2.90228
88.4756_48.9339_-2.50958
88.1241_48.5812_-2.19956
87.8258_48.1799_-2.22023
87.5194_47.7848_-2.2409
87.2129_47.3898_-2.22023
86.8411_47.0603_-2.61293
86.3884_46.8496_-2.79894
85.9193_46.6768_-2.77827
85.4501_46.5039_-2.79894
84.9809_46.3311_-2.77827
84.5118_46.1582_-2.79894
84.0426_45.9854_-2.77827
83.5734_45.8125_-2.79894
83.1043_45.6397_-2.77827
82.6351_45.4668_-2.79894
82.1659_45.294_-2.77827
81.6968_45.1211_-2.79894
81.2276_44.9483_-2.77827
80.7584_44.7755_-2.79894
80.2893_44.6026_-2.77827
79.8201_44.4298_-2.79894
79.351_44.2569_-2.77827
78.8818_44.0841_-2.79894
78.4126_43.9112_-2.77827
77.9435_43.7384_-2.79894
77.4743_43.5655_-2.77827
77.0051_43.3927_-2.79894
76.536_43.2198_-2.77827
76.0668_43.047_-2.79894
75.5976_42.8741_-2.77827
75.1285_42.7013_-2.79894
74.6593_42.5284_-2.77827
74.1901_42.3556_-2.79894
73.721_42.1827_-2.77827
73.2518_42.0099_-2.79894
72.8142_41.7722_-2.48892
72.4139_41.4726_-2.50958
72.0074_41.1814_-2.53025
71.601_40.8903_-2.50958
71.1946_40.5991_-2.53025
70.7475_40.3796_-2.84028
70.2716_40.2263_-2.81961
69.7957_40.073_-2.84028
69.3198_39.9197_-2.81961
68.8439_39.7664_-2.84028
68.3498_39.7143_-3.23298
67.8735_39.8553_-3.62568
67.461_40.1361_-3.85303
67.079_40.4586_-3.83236
66.6969_40.7811_-3.85303
66.6969_40.7811_-3.46033
66.2039_40.8418_-3.06763
65.7251_40.7091_-2.67493
65.3336_40.4034_-2.28223
65.0888_39.971_-1.88953
64.8441_39.5387_-2.28223
64.4526_39.2329_-2.67493
64.0037_39.0126_-2.6956
63.5549_38.7923_-2.67493
63.1061_38.5719_-2.6956
62.6572_38.3516_-2.67493
62.2084_38.1313_-2.6956
61.7596_37.911_-2.67493
61.3107_37.6907_-2.6956
60.8619_37.4703_-2.67493
60.4131_37.25_-2.6956
59.9643_37.0297_-2.67493
59.5826_36.852_-2.73694
