configuration 161.70602417_-18.2518405914_0.169978369946_0.985447793519_193.750076294_109.599342346_0.85380148664_0.520598714377
length 181.024
time 97.0784
roughness 0.000421569
161.706_-18.2518_0.341615
162.198_-18.1799_-0.0510836
162.69_-18.2618_-0.278436
163.169_-18.4041_-0.299104
163.648_-18.5465_-0.278436
164.128_-18.6889_-0.299104
164.607_-18.8313_-0.278436
165.089_-18.9637_-0.257767
165.667_-19.1289_-0.113089
166.162_-19.0875_0.27961
166.604_-18.8599_0.672309
166.998_-18.5526_0.651641
167.399_-18.2535_0.630973
167.799_-17.9543_0.651641
168.2_-17.6552_0.630973
168.601_-17.3561_0.651641
169.001_-17.057_0.630973
169.402_-16.7579_0.651641
169.706_-16.5299_0.878993
169.987_-16.1175_1.06501
170.225_-15.6776_1.08568
170.453_-15.2329_1.10635
170.682_-14.7882_1.08568
170.92_-14.3478_1.06501
171.176_-13.9181_1.003
171.449_-13.4994_0.982335
171.722_-13.0807_1.003
171.987_-12.6564_1.02367
172.251_-12.2321_1.003
172.524_-11.8134_0.982335
172.798_-11.3946_1.003
173.062_-10.9703_1.02367
173.355_-10.5065_0.362284
173.809_-10.2961_0.506962
174.243_-10.0489_0.527631
174.678_-9.80159_0.506962
175.112_-9.55433_0.527631
175.547_-9.30707_0.506962
175.981_-9.05981_0.527631
176.416_-8.81255_0.506962
176.851_-8.56529_0.527631
177.28_-8.3091_0.548299
177.545_-8.15235_0.858325
177.936_-7.84698_0.465626
178.398_-7.65554_0.320947
178.871_-7.49291_0.341615
179.343_-7.33029_0.320947
179.816_-7.16766_0.341615
179.816_-7.16766_0.341615
180.295_-7.02478_0.238274
180.782_-6.91179_0.217605
181.269_-6.79881_0.238274
181.756_-6.68583_0.217605
182.246_-6.58293_0.196937
182.735_-6.48004_0.217605
183.222_-6.36706_0.238274
183.709_-6.25407_0.217605
184.198_-6.15118_0.196937
184.68_-6.03953_0.176268
185.176_-5.98771_0.0315898
185.676_-5.96675_0.0522582
186.175_-5.93548_0.0729266
186.674_-5.9042_0.0522582
187.173_-5.87292_0.0729266
187.672_-5.84165_0.0522582
188.172_-5.82069_0.0315898
188.671_-5.79974_0.0522582
189.41_-5.76047_0.465626
189.802_-5.60741_0.27961
189.802_-5.60741_0.27961
190.271_-5.43519_0.424289
190.728_-5.23408_0.403621
191.19_-5.04247_0.382952
191.652_-4.85086_0.403621
192.11_-4.64975_0.424289
192.567_-4.44863_0.403621
193.029_-4.25702_0.382952
193.491_-4.06542_0.403621
193.822_-3.92119_0.382952
194.238_-3.64922_0.775651
194.518_-3.23887_1.16835
194.709_-2.77682_1.18902
194.9_-2.31478_1.16835
195.101_-1.85678_1.14768
195.328_-1.32233_1.41637
195.348_-0.823824_1.64372
195.317_-0.324812_1.62305
195.286_0.1742_1.64372
195.255_0.673212_1.62305
195.223_1.17222_1.64372
195.223_1.17222_1.64372
195.141_1.66465_1.82974
195.008_2.14662_1.85041
194.875_2.62859_1.82974
194.742_3.11057_1.85041
194.609_3.59254_1.82974
194.476_4.07451_1.85041
194.343_4.55649_1.82974
194.21_5.03846_1.85041
194.077_5.52043_1.82974
193.967_5.95791_1.97442
193.756_6.41135_2.03642
193.536_6.86041_2.01575
193.316_7.30947_2.03642
193.097_7.75852_2.01575
192.877_8.20758_2.03642
192.657_8.65664_2.01575
192.437_9.1057_2.03642
192.217_9.55476_2.01575
192.007_10.0083_1.99509
191.791_10.4493_1.97442
191.571_10.8982_2.07776
191.324_11.3328_2.09843
191.076_11.7673_2.07776
190.829_12.2019_2.09843
190.582_12.6365_2.07776
190.582_12.6365_2.07776
190.353_13.0808_2.01575
190.142_13.5343_1.99509
189.932_13.9878_2.01575
189.721_14.4413_1.99509
189.511_14.8949_2.01575
189.3_15.3484_1.99509
189.09_15.8019_2.01575
188.879_16.2554_1.99509
188.669_16.7089_2.01575
188.506_17.0632_2.24311
188.215_17.4698_2.13976
187.941_17.8882_2.16043
187.659_18.3008_2.1811
187.377_18.7135_2.16043
187.094_19.1262_2.1811
186.812_19.5388_2.16043
186.538_19.9573_2.13976
186.265_20.3757_2.16043
185.924_20.8819_1.62305
185.821_21.3692_1.93308
185.649_21.8386_1.91241
185.486_22.3114_1.89174
185.324_22.7842_1.91241
185.161_23.257_1.89174
184.998_23.7298_1.91241
184.836_24.2026_1.89174
184.673_24.6754_1.91241
184.51_25.1482_1.89174
184.4_25.4632_1.58172
184.348_25.9598_1.76773
184.256_26.4511_1.74706
184.163_26.9424_1.76773
184.07_27.4337_1.74706
183.977_27.925_1.76773
183.885_28.4163_1.74706
183.792_28.9076_1.76773
183.699_29.399_1.74706
183.546_30.1409_2.16043
183.255_30.5476_2.22244
182.948_30.942_2.24311
182.641_31.3364_2.22244
182.333_31.7308_2.24311
182.026_32.1252_2.22244
181.719_32.5196_2.24311
181.411_32.9139_2.22244
181.104_33.3083_2.24311
180.789_33.6963_2.26377
180.594_33.937_2.5738
180.236_34.2807_2.1811
179.98_34.7097_2.03642
179.751_35.1541_2.05709
179.522_35.5985_2.03642
179.292_36.043_2.05709
179.063_36.4874_2.03642
178.834_36.9318_2.05709
178.605_37.3762_2.03642
178.385_37.8253_2.01575
178.159_38.2651_2.07776
177.997_38.7354_1.7264
177.924_39.2302_1.70573
177.852_39.7249_1.7264
177.769_40.218_1.74706
177.687_40.7111_1.7264
177.614_41.2059_1.70573
177.542_41.7006_1.7264
177.46_42.1937_1.74706
177.346_42.9368_1.3337
177.367_43.4332_1.7264
177.234_43.9142_1.95375
177.052_44.3798_1.93308
176.87_44.8455_1.95375
176.688_45.3112_1.93308
176.506_45.7769_1.95375
176.314_46.2387_1.97442
176.122_46.7005_1.95375
175.866_47.3451_1.45771
175.897_47.844_1.56105
175.907_48.3439_1.54038
175.917_48.8437_1.56105
175.927_49.3436_1.54038
175.937_49.8435_1.56105
175.937_49.8435_1.56105
175.845_50.3317_1.95375
175.625_50.7804_2.09843
175.378_51.2149_2.07776
175.131_51.6495_2.09843
174.884_52.0841_2.07776
174.636_52.5187_2.09843
174.389_52.9532_2.07776
174.142_53.3878_2.09843
173.923_53.7865_2.80115
173.496_54.0406_2.40845
173.199_54.4387_2.01575
173.066_54.9182_1.66439
173.015_55.4155_1.68506
172.952_55.9116_1.70573
172.89_56.4077_1.68506
172.838_56.905_1.66439
172.787_57.4023_1.68506
172.724_57.8984_1.70573
172.686_58.2287_1.97442
172.494_58.6905_1.95375
172.302_59.1523_1.97442
172.111_59.6141_1.95375
171.919_60.0759_1.97442
171.727_60.5378_1.95375
171.727_60.5378_1.95375
171.455_60.9535_2.34645
171.109_61.3141_2.32578
170.77_61.6817_2.30511
170.431_62.0494_2.32578
170.093_62.4171_2.30511
169.754_62.7847_2.32578
169.415_63.1524_2.30511
169.076_63.52_2.32578
168.802_63.8025_1.45771
168.761_64.2976_1.85041
168.608_64.7736_1.91241
168.436_65.2429_1.93308
168.264_65.7123_1.91241
168.091_66.1816_1.93308
167.919_66.6509_1.91241
167.746_67.1203_1.93308
167.574_67.5896_1.91241
167.454_67.9394_1.003
167.634_68.4023_1.3957
167.624_68.899_1.7884
167.424_69.3538_2.1811
167.133_69.7606_2.20177
166.834_70.1612_2.22244
166.535_70.5619_2.20177
166.236_70.9625_2.22244
165.974_71.319_2.40845
165.677_71.7171_2.01575
165.555_72.1986_1.62305
165.585_72.6966_1.3957
165.678_73.188_1.37503
165.762_73.6884_0.92033
165.98_74.1348_1.31303
166.01_74.6307_1.70573
165.868_75.1079_2.01575
165.648_75.557_2.03642
165.428_76.006_2.01575
165.208_76.4551_2.03642
164.988_76.9041_2.01575
164.841_77.2059_2.1811
164.641_77.6607_1.7884
164.538_78.15_1.76773
164.445_78.6413_1.74706
164.363_79.1344_1.7264
164.28_79.6276_1.74706
164.187_80.1189_1.76773
164.094_80.6102_1.74706
164.012_81.1033_1.7264
163.969_81.3623_0.775651
164.343_81.6933_0.672309
164.737_82.0006_0.651641
165.132_82.308_0.672309
165.526_82.6153_0.651641
165.927_82.9144_0.630973
166.328_83.2135_0.651641
166.722_83.5209_0.672309
167.116_83.8282_0.651641
167.517_84.1273_0.630973
167.889_84.4174_0.527631
168.328_84.6556_0.465626
168.773_84.8847_0.486294
169.217_85.1138_0.465626
169.662_85.3429_0.486294
170.101_85.5811_0.506962
170.541_85.8193_0.486294
170.985_86.0484_0.465626
171.43_86.2775_0.486294
172.116_86.6483_0.114263
172.593_86.7905_0.465626
172.593_86.7905_0.465626
173.027_87.0376_0.568968
173.445_87.3113_0.589636
173.864_87.5851_0.568968
174.282_87.8588_0.589636
174.701_88.1325_0.568968
175.119_88.4062_0.589636
175.537_88.6799_0.568968
175.956_88.9536_0.589636
176.274_89.1625_0.320947
176.758_89.2854_0.176268
177.251_89.368_0.1556
177.744_89.4506_0.176268
178.236_89.5434_0.196937
178.727_89.6361_0.176268
179.22_89.7187_0.1556
179.713_89.8013_0.176268
180.205_89.894_0.196937
180.606_89.9632_0.982335
180.957_90.3147_0.589636
181.396_90.5525_0.403621
181.853_90.7537_0.424289
182.311_90.9548_0.403621
182.769_91.1559_0.424289
183.227_91.357_0.403621
183.684_91.5581_0.424289
184.142_91.7592_0.403621
184.604_91.9508_0.382952
185.091_92.1565_0.961667
185.449_92.5007_0.568968
185.912_92.6816_0.176268
186.409_92.7231_-0.0097469
186.909_92.7234_0.0109215
187.409_92.7237_-0.0097469
187.846_92.73_0.1556
188.313_92.9013_0.548299
188.713_93.2_0.734315
189.087_93.5311_0.713646
189.469_93.8545_0.692978
189.85_94.1779_0.713646
190.231_94.5013_0.692978
190.613_94.8246_0.713646
190.987_95.1558_0.734315
191.234_95.3754_-0.299104
191.729_95.3245_0.093595
192.223_95.3968_0.196937
192.714_95.4896_0.176268
193.206_95.5823_0.196937
193.697_95.6751_0.176268
193.697_95.6751_0.176268
194.16_95.8559_0.568968
194.566_96.1466_0.672309
194.954_96.462_0.692978
195.342_96.7774_0.672309
195.73_97.0928_0.692978
195.73_97.0928_0.692978
196.043_97.4787_1.08568
196.185_97.9549_1.47838
196.164_98.453_1.74706
196.061_98.9422_1.80907
195.948_99.4305_1.7884
195.785_99.9023_2.01575
195.575_100.356_1.99509
195.364_100.809_2.01575
195.154_101.263_1.99509
194.943_101.716_2.01575
194.943_101.716_2.01575
194.801_102.194_1.70573
194.729_102.688_1.7264
194.656_103.183_1.70573
194.584_103.678_1.7264
194.511_104.172_1.70573
194.511_104.172_1.70573
194.399_104.659_1.89174
194.236_105.132_1.91241
194.073_105.604_1.89174
193.92_106.08_1.87108
193.768_106.557_1.89174
193.768_106.557_1.89174
193.696_107.049_1.54038
193.706_107.549_1.56105
193.716_108.049_1.54038
193.726_108.548_1.56105
193.736_109.048_1.54038
193.746_109.548_1.56105
