configuration 176.556686401_134.7056427_-0.977472527886_0.211062685542_59.5791053772_36.8438796997_0.982426073578_-0.18665210943
length 204.504
time 174.967
roughness 0.000471492
176.557_134.706_-2.71627
176.14_134.433_-2.40624
175.766_134.101_-2.42691
175.385_133.777_-2.44758
175.004_133.453_-2.42691
174.623_133.13_-2.44758
174.186_132.893_-2.84028
173.692_132.841_-3.23298
173.216_132.982_-3.62568
172.83_133.294_-4.01838
172.506_133.675_-3.99771
172.114_133.98_-3.60501
171.634_134.111_-3.21231
171.141_134.048_-2.81961
170.704_133.811_-2.46825
170.31_133.503_-2.48892
169.923_133.187_-2.42691
169.549_132.856_-2.40624
169.174_132.524_-2.42691
168.8_132.193_-2.40624
168.426_131.861_-2.42691
168.066_131.515_-2.32357
167.72_131.153_-2.34424
167.375_130.792_-2.32357
167.029_130.431_-2.34424
166.683_130.069_-2.32357
166.28_129.78_-2.71627
165.796_129.667_-3.10897
165.306_129.748_-3.50167
164.867_129.985_-3.77036
164.459_130.275_-3.74969
164.004_130.473_-3.35699
163.507_130.483_-2.96429
163.045_130.301_-2.57159
162.672_129.971_-2.26156
162.35_129.589_-2.28223
162.105_129.157_-1.88953
162.044_128.664_-1.49683
162.097_128.167_-1.43483
162.17_127.672_-1.41416
162.242_127.177_-1.43483
162.212_126.681_-1.82753
161.995_126.235_-2.22023
161.63_125.897_-2.57159
161.217_125.615_-2.50958
160.811_125.323_-2.53025
160.572_125.218_-2.92295
160.31_125.212_-3.31565
160.115_125.288_-3.70835
159.945_125.45_-4.10105
159.871_125.618_-4.49375
159.871_125.618_-4.10105
159.512_125.961_-3.70835
159.049_126.141_-3.31565
158.552_126.13_-2.92295
158.098_125.93_-2.53025
157.643_125.729_-2.92295
157.147_125.718_-3.31565
156.655_125.81_-3.33632
156.166_125.912_-3.35699
155.676_126.014_-3.33632
155.179_126.013_-2.94362
154.704_125.86_-2.71627
154.247_125.658_-2.73694
153.789_125.457_-2.71627
153.332_125.255_-2.73694
152.922_124.974_-2.34424
152.651_124.558_-1.95154
152.519_124.077_-1.72419
152.438_123.583_-1.74486
152.356_123.09_-1.72419
152.186_122.623_-2.11689
151.88_122.229_-2.34424
151.527_121.875_-2.36491
151.174_121.521_-2.34424
150.821_121.167_-2.36491
150.406_120.894_-2.75761
149.944_120.702_-2.73694
149.483_120.51_-2.75761
149.021_120.318_-2.73694
148.559_120.126_-2.75761
148.071_120.033_-3.1503
147.585_120.135_-3.543
147.174_120.414_-3.9357
146.82_120.767_-3.91503
146.459_121.113_-3.89437
146.077_121.435_-3.79102
145.682_121.741_-3.81169
145.293_122.056_-3.83236
144.905_122.371_-3.81169
144.516_122.685_-3.83236
144.079_122.921_-3.43966
143.584_122.971_-3.04696
143.108_122.829_-2.65426
142.723_122.515_-2.26156
142.488_122.078_-1.86887
142.252_121.64_-2.26156
141.867_121.327_-2.65426
141.418_121.106_-2.71627
140.965_120.895_-2.6956
140.511_120.684_-2.71627
140.05_120.492_-2.77827
139.581_120.319_-2.79894
139.111_120.147_-2.77827
138.642_119.974_-2.79894
138.173_119.801_-2.77827
137.752_119.537_-2.38557
137.399_119.183_-2.32357
137.054_118.822_-2.34424
136.708_118.46_-2.32357
136.362_118.099_-2.34424
135.953_117.818_-2.73694
135.495_117.617_-2.71627
135.042_117.406_-2.6956
134.589_117.195_-2.71627
134.135_116.984_-2.6956
133.738_116.686_-2.3029
133.399_116.318_-2.32357
133.061_115.949_-2.3029
132.723_115.581_-2.32357
132.385_115.212_-2.3029
131.988_114.915_-2.6956
131.506_114.792_-3.0883
131.014_114.863_-3.481
130.557_115.063_-3.62568
130.112_115.291_-3.60501
129.633_115.422_-3.21231
129.133_115.431_-3.10897
128.633_115.42_-3.12964
128.133_115.42_-3.1503
127.633_115.419_-3.12964
127.147_115.316_-2.73694
126.737_115.035_-2.34424
126.392_114.674_-2.32357
126.054_114.305_-2.3029
125.716_113.937_-2.32357
125.385_113.562_-2.26156
125.063_113.18_-2.28223
124.74_112.798_-2.26156
124.418_112.415_-2.28223
124.095_112.033_-2.26156
123.773_111.651_-2.28223
123.442_111.276_-2.3029
123.112_110.901_-2.28223
122.782_110.525_-2.3029
122.451_110.15_-2.28223
122.06_109.844_-2.67493
121.581_109.712_-3.06763
121.088_109.772_-3.46033
120.656_110.017_-3.85303
120.28_110.347_-3.8737
119.853_110.601_-3.481
119.361_110.672_-3.0883
118.862_110.65_-3.10897
118.362_110.629_-3.0883
117.863_110.607_-3.10897
117.379_110.495_-2.71627
116.975_110.205_-2.32357
116.653_109.823_-2.22023
116.346_109.428_-2.2409
116.04_109.033_-2.22023
115.668_108.704_-2.61293
115.198_108.542_-3.00563
114.702_108.572_-3.39832
114.237_108.752_-3.62568
113.792_108.98_-3.60501
113.313_109.112_-3.21231
112.82_109.049_-2.81961
112.389_108.803_-2.42691
112.051_108.436_-2.19956
111.753_108.034_-2.22023
111.455_107.633_-2.19956
111.157_107.232_-2.22023
110.859_106.83_-2.19956
110.56_106.429_-2.22023
110.262_106.028_-2.19956
110.007_105.598_-2.01354
109.788_105.149_-2.03421
109.56_104.704_-2.05488
109.332_104.259_-2.03421
109.104_103.814_-2.05488
108.84_103.39_-2.19956
108.542_102.989_-2.22023
108.244_102.587_-2.19956
107.945_102.186_-2.22023
107.647_101.785_-2.19956
107.439_101.334_-1.80686
107.419_100.837_-1.41416
107.591_100.371_-1.02146
107.882_99.9649_-0.876783
108.198_99.5773_-0.897452
108.48_99.1653_-1.04213
108.737_98.7362_-1.02146
108.994_98.3071_-1.04213
109.25_97.8779_-1.02146
109.507_97.4488_-1.04213
109.727_97.0004_-1.18681
109.919_96.5388_-1.16614
110.111_96.0772_-1.18681
110.303_95.6155_-1.16614
110.495_95.1539_-1.18681
110.751_94.7265_-0.876783
111.075_94.3455_-0.856115
111.399_93.9645_-0.876783
111.722_93.5835_-0.856115
112.046_93.2025_-0.876783
112.283_92.7659_-1.26948
112.436_92.29_-1.24881
112.59_91.8141_-1.26948
112.743_91.3382_-1.24881
112.896_90.8623_-1.26948
113.06_90.3898_-1.20748
113.242_89.9243_-1.18681
113.425_89.4588_-1.20748
113.607_88.9933_-1.18681
113.79_88.5278_-1.20748
113.872_88.0379_-1.60018
113.832_87.5398_-1.70352
113.75_87.0465_-1.76552
113.75_87.0465_-1.37282
113.75_87.0465_-0.980125
114.041_86.6401_-0.91812
114.341_86.2398_-0.938789
114.64_85.8395_-0.91812
114.94_85.4391_-0.938789
115.239_85.0388_-0.91812
115.458_84.5928_-1.31082
115.5_84.0972_-1.66218
115.46_83.5988_-1.64151
115.43_83.0997_-1.62084
115.399_82.6006_-1.64151
115.462_82.1078_-1.24881
115.672_81.6554_-1.02146
115.938_81.2317_-1.00079
116.203_80.808_-1.02146
116.46_80.3789_-1.04213
116.67_79.9263_-1.22815
116.834_79.4536_-1.24881
116.997_78.981_-1.22815
117.16_78.5084_-1.24881
117.323_78.0357_-1.22815
117.543_77.5879_-1.00079
117.808_77.1642_-1.02146
118.074_76.7404_-1.00079
118.339_76.3167_-1.02146
118.605_75.893_-1.00079
118.949_75.5351_-0.608095
119.373_75.2712_-0.504753
119.814_75.0339_-0.484084
120.254_74.7967_-0.504753
120.694_74.5594_-0.484084
121.08_74.2468_-0.876783
121.345_73.8244_-1.14547
121.556_73.3711_-1.1248
121.767_72.9178_-1.14547
121.978_72.4645_-1.1248
122.1_71.9831_-1.5175
122.091_71.4837_-1.66218
122.05_70.9853_-1.64151
122.02_70.4862_-1.62084
121.99_69.9872_-1.64151
122.052_69.4943_-1.24881
122.225_69.0252_-1.18681
122.408_68.5597_-1.20748
122.58_68.0905_-1.22815
122.753_67.6214_-1.20748
122.836_67.1315_-1.60018
122.725_66.6473_-1.99288
122.437_66.2425_-2.38557
122.043_65.9352_-2.57159
121.619_65.6698_-2.59226
121.254_65.3327_-2.19956
121.046_64.8816_-1.80686
120.955_64.3903_-1.70352
120.883_63.8954_-1.72419
120.812_63.4006_-1.70352
120.652_62.9304_-2.09622
120.346_62.5365_-2.36491
119.993_62.1824_-2.34424
119.647_61.8211_-2.32357
119.302_61.4597_-2.34424
118.892_61.1788_-2.73694
118.414_61.0357_-2.96429
117.923_60.9424_-2.94362
117.432_60.8491_-2.96429
116.941_60.7559_-2.94362
116.451_60.6525_-2.92295
115.964_60.539_-2.90228
115.477_60.4255_-2.92295
114.991_60.312_-2.90228
114.504_60.1985_-2.92295
114.049_59.9982_-2.53025
113.706_59.6392_-2.13755
113.478_59.1949_-1.95154
113.287_58.7327_-1.97221
113.097_58.2704_-1.95154
113.097_58.2704_-2.34424
113.097_58.2704_-2.73694
113.045_58.2596_-3.12964
112.66_58.3315_-3.52234
112.353_58.5312_-3.91503
111.937_58.8023_-3.52234
111.448_58.8934_-3.12964
110.962_58.7906_-2.73694
110.553_58.5097_-2.34424
110.222_58.1346_-2.2409
109.844_57.8129_-2.6336
109.374_57.6506_-2.98496
108.881_57.5675_-2.96429
108.388_57.4844_-2.98496
107.895_57.4013_-2.96429
107.417_57.2582_-2.73694
106.955_57.0661_-2.75761
106.489_56.8836_-2.77827
106.024_56.7011_-2.75761
105.558_56.5186_-2.77827
105.08_56.3752_-2.92295
104.593_56.2618_-2.90228
104.106_56.1483_-2.92295
103.619_56.0348_-2.90228
103.132_55.9213_-2.92295
102.661_55.7585_-2.6956
102.207_55.5475_-2.71627
101.754_55.3365_-2.6956
101.301_55.1255_-2.71627
100.847_54.9145_-2.6956
100.394_54.7035_-2.71627
99.9408_54.4925_-2.6956
99.4919_54.2722_-2.67493
99.0431_54.0519_-2.6956
98.5898_53.8409_-2.71627
98.186_53.5516_-2.32357
97.88_53.1571_-2.13755
97.6072_52.738_-2.15822
97.3344_52.319_-2.13755
97.0616_51.9_-2.15822
96.7109_51.5481_-2.55092
96.2676_51.3191_-2.77827
95.8021_51.1366_-2.75761
95.3367_50.9541_-2.77827
94.8712_50.7716_-2.75761
94.4095_50.5795_-2.73694
93.9479_50.3874_-2.75761
93.4863_50.1953_-2.73694
93.0247_50.0032_-2.75761
92.5631_49.8111_-2.73694
92.1014_49.619_-2.75761
91.6359_49.4365_-2.77827
91.1705_49.254_-2.75761
90.705_49.0715_-2.77827
90.2395_48.889_-2.75761
89.774_48.7065_-2.77827
89.3085_48.524_-2.75761
88.843_48.3415_-2.77827
88.3775_48.159_-2.75761
87.912_47.9765_-2.77827
87.4465_47.794_-2.75761
86.981_47.6115_-2.77827
86.5155_47.429_-2.75761
86.05_47.2465_-2.77827
85.5846_47.064_-2.75761
85.1191_46.8814_-2.77827
84.6536_46.6989_-2.75761
84.1881_46.5164_-2.77827
83.7226_46.3339_-2.75761
83.2571_46.1514_-2.77827
82.7916_45.9689_-2.75761
82.3261_45.7864_-2.77827
81.8606_45.6039_-2.75761
81.3951_45.4214_-2.77827
80.9296_45.2389_-2.75761
80.4641_45.0564_-2.77827
79.9986_44.8739_-2.75761
79.5332_44.6914_-2.77827
79.0677_44.5089_-2.75761
78.6022_44.3264_-2.77827
78.1367_44.1439_-2.75761
77.6712_43.9613_-2.77827
77.2057_43.7788_-2.75761
76.7402_43.5963_-2.77827
76.2747_43.4138_-2.75761
75.8092_43.2313_-2.77827
75.3437_43.0488_-2.75761
74.8782_42.8663_-2.77827
74.4127_42.6838_-2.75761
73.9473_42.5013_-2.77827
73.4818_42.3188_-2.75761
73.0163_42.1363_-2.77827
72.5508_41.9538_-2.75761
72.0853_41.7713_-2.77827
71.6198_41.5888_-2.75761
71.1543_41.4063_-2.77827
70.6888_41.2238_-2.75761
70.2233_41.0412_-2.77827
69.7578_40.8587_-2.75761
69.2923_40.6762_-2.77827
68.8268_40.4937_-2.75761
68.3614_40.3112_-2.77827
67.8959_40.1287_-2.75761
67.4304_39.9462_-2.77827
66.9649_39.7637_-2.75761
66.4768_39.671_-3.1503
65.9855_39.7522_-3.46033
65.5091_39.904_-3.43966
65.0327_40.0557_-3.46033
64.5563_40.2075_-3.43966
64.062_40.2579_-3.04696
63.5861_40.1154_-2.65426
63.1746_39.8333_-2.42691
62.7936_39.5095_-2.44758
62.406_39.1937_-2.46825
62.0855_38.8141_-2.07555
61.8483_38.374_-2.05488
61.6202_37.9291_-2.03421
61.3921_37.4841_-2.05488
61.164_37.0392_-2.03421
61.0397_36.5852_-1.64151
61.0397_36.5852_-2.03421
61.0397_36.5852_-2.42691
60.8126_36.4557_-2.81961
60.5792_36.4262_-3.21231
60.3774_36.4814_-3.60501
60.2121_36.6096_-3.99771
60.2121_36.6096_-3.60501
59.7503_36.8001_-3.46033
