configuration 133.385482788_115.927223206_-0.986328190641_0.164792901387_34.5528411865_13.6445770264_-0.541385985877_0.840774175564
length 199.473
time 7.91268
roughness 0.000457472
133.385_115.927_-2.8105
132.893_115.86_-3.2032
132.397_115.917_-3.30654
131.904_116.004_-3.32721
131.412_116.091_-3.30654
130.92_116.179_-3.32721
130.423_116.173_-2.93451
129.966_115.978_-2.54181
129.603_115.637_-2.23178
129.292_115.245_-2.25245
128.973_114.861_-2.27312
128.732_114.426_-1.88042
128.585_113.948_-1.85975
128.438_113.47_-1.88042
128.29_112.993_-1.85975
128.143_112.515_-1.88042
127.902_112.08_-2.27312
127.513_111.771_-2.66582
127.054_111.575_-2.8105
126.583_111.407_-2.78983
126.111_111.24_-2.8105
125.624_111.132_-3.03785
125.128_111.076_-3.01718
124.631_111.019_-3.03785
124.134_110.962_-3.01718
123.637_110.905_-3.03785
123.143_110.951_-3.43055
122.679_111.137_-3.61656
122.232_111.361_-3.59589
121.785_111.585_-3.61656
121.338_111.809_-3.59589
120.858_111.936_-3.2032
120.366_111.869_-2.8105
119.931_111.628_-2.45913
119.54_111.316_-2.4798
119.148_111.005_-2.45913
118.77_110.678_-2.39713
118.399_110.343_-2.4178
118.028_110.008_-2.39713
117.657_109.673_-2.4178
117.286_109.338_-2.39713
116.862_109.079_-2.78983
116.371_109.002_-3.18253
115.878_109.079_-3.40988
115.394_109.206_-3.38921
114.911_109.334_-3.40988
114.415_109.37_-3.01718
113.944_109.213_-2.62448
113.568_108.888_-2.23178
113.346_108.444_-1.83908
113.259_107.952_-1.65307
113.122_107.475_-2.04577
112.88_107.037_-2.10777
112.628_106.605_-2.0871
112.377_106.173_-2.10777
112.126_105.741_-2.0871
111.84_105.331_-2.27312
111.521_104.946_-2.25245
111.202_104.561_-2.27312
110.883_104.176_-2.25245
110.564_103.791_-2.27312
110.323_103.357_-1.88042
110.267_102.863_-1.48772
110.375_102.376_-1.21903
110.542_101.905_-1.2397
110.709_101.434_-1.21903
110.786_100.943_-1.61173
110.72_100.448_-1.79775
110.612_99.9601_-1.77708
110.515_99.4697_-1.75641
110.417_98.9793_-1.77708
110.412_98.4825_-1.38438
110.53_97.9968_-1.28104
110.668_97.5162_-1.30171
110.796_97.0329_-1.32237
110.924_96.5495_-1.30171
111.138_96.1005_-0.950343
111.425_95.6907_-0.971011
111.711_95.2809_-0.950343
111.998_94.8711_-0.971011
112.284_94.4614_-0.950343
112.587_94.0638_-0.888338
112.899_93.6726_-0.909006
113.21_93.2813_-0.888338
113.521_92.8901_-0.909006
113.832_92.4988_-0.888338
114.16_92.1209_-0.826333
114.495_91.7497_-0.847001
114.83_91.3785_-0.826333
115.165_91.0073_-0.847001
115.499_90.6361_-0.826333
115.758_90.212_-1.21903
115.926_89.7409_-1.2397
116.093_89.2698_-1.21903
116.261_88.7986_-1.2397
116.428_88.3275_-1.21903
116.505_87.8367_-1.61173
116.388_87.3538_-2.00443
116.095_86.9524_-2.39713
115.724_86.6174_-2.4178
115.353_86.2825_-2.39713
115.06_85.8811_-2.00443
114.944_85.3982_-1.61173
115.021_84.9074_-1.21903
115.279_84.4834_-0.826333
115.637_84.1338_-0.722991
115.994_83.7842_-0.826333
116.336_83.42_-0.805664
116.679_83.0558_-0.826333
117.021_82.6916_-0.805664
117.364_82.3274_-0.826333
117.632_81.9083_-1.1777
117.828_81.4484_-1.15703
118.024_80.9886_-1.1777
118.221_80.5287_-1.15703
118.417_80.0689_-1.1777
118.693_79.6559_-0.784996
119.078_79.3373_-0.598981
119.488_79.0512_-0.619649
119.892_78.7566_-0.640317
120.296_78.4621_-0.619649
120.68_78.1433_-0.764328
121.038_77.7936_-0.784996
121.395_77.4439_-0.764328
121.752_77.0941_-0.784996
122.11_76.7444_-0.764328
122.394_76.3372_-1.15703
122.581_75.8735_-1.21903
122.748_75.4024_-1.2397
122.916_74.9312_-1.21903
123.083_74.4601_-1.2397
123.27_73.9965_-1.13636
123.485_73.5451_-1.11569
123.7_73.0938_-1.13636
123.915_72.6425_-1.11569
124.13_72.1911_-1.13636
124.248_71.7083_-1.52906
124.171_71.2175_-1.92176
123.913_70.7932_-2.31446
123.578_70.4218_-2.29379
123.251_70.0435_-2.27312
122.932_69.6585_-2.25245
122.613_69.2735_-2.27312
122.294_68.8885_-2.25245
121.975_68.5035_-2.27312
121.656_68.1185_-2.25245
121.424_67.6791_-1.85975
121.378_67.1845_-1.46705
121.486_66.6973_-1.2397
121.643_66.2228_-1.26037
121.791_65.7451_-1.28104
121.838_65.2505_-1.67374
121.691_64.7758_-2.06644
121.374_64.3933_-2.45913
120.965_64.107_-2.60381
120.533_63.8554_-2.62448
120.533_63.8554_-2.23178
120.533_63.8554_-1.83908
120.508_63.5164_-1.44638
120.665_63.0449_-1.05368
120.99_62.6693_-0.660986
120.99_62.6693_-1.05368
120.99_62.6693_-1.44638
120.954_62.1738_-1.83908
120.732_61.7296_-2.23178
120.356_61.4045_-2.62448
119.887_61.238_-2.97584
119.395_61.1504_-2.95518
118.903_61.0628_-2.97584
118.41_60.9752_-2.95518
117.918_60.8876_-2.97584
117.439_60.75_-2.74849
116.975_60.5633_-2.76916
116.511_60.3765_-2.74849
116.047_60.1898_-2.76916
115.583_60.003_-2.74849
115.142_59.7698_-2.56248
114.721_59.5005_-2.58314
114.299_59.2312_-2.56248
113.878_58.9619_-2.58314
113.457_58.6926_-2.56248
113.03_58.4321_-2.62448
112.598_58.1804_-2.60381
112.166_57.9288_-2.62448
111.734_57.6771_-2.60381
111.302_57.4255_-2.62448
110.831_57.2688_-3.01718
110.332_57.2635_-3.24453
109.835_57.32_-3.2652
109.338_57.3765_-3.24453
108.841_57.433_-3.2652
108.346_57.3969_-2.8725
107.887_57.2012_-2.60381
107.455_56.9495_-2.62448
107.023_56.6979_-2.60381
106.591_56.4462_-2.62448
106.159_56.1946_-2.60381
105.727_55.9429_-2.62448
105.295_55.6912_-2.60381
104.863_55.4396_-2.62448
104.431_55.1879_-2.60381
103.985_54.9637_-2.74849
103.521_54.777_-2.76916
103.057_54.5902_-2.74849
102.593_54.4035_-2.76916
102.129_54.2168_-2.74849
101.652_54.0692_-2.93451
101.164_53.9613_-2.91384
100.676_53.8535_-2.93451
100.188_53.7456_-2.91384
99.6995_53.6377_-2.93451
99.2381_53.452_-2.58314
98.8113_53.1914_-2.60381
98.3846_52.9309_-2.58314
97.9578_52.6704_-2.60381
97.5311_52.4098_-2.58314
97.1044_52.1493_-2.60381
96.6776_51.8888_-2.58314
96.2509_51.6282_-2.60381
95.8241_51.3677_-2.58314
95.3974_51.1072_-2.60381
94.9706_50.8466_-2.58314
94.5439_50.5861_-2.60381
94.1171_50.3255_-2.58314
93.6904_50.065_-2.60381
93.2636_49.8045_-2.58314
92.8133_49.5898_-2.8105
92.3421_49.4224_-2.78983
91.8746_49.2453_-2.76916
91.407_49.0682_-2.78983
90.9394_48.8911_-2.76916
90.4503_48.804_-3.16186
89.9599_48.8909_-3.47188
89.4853_49.0481_-3.45122
89.0076_49.1955_-3.43055
88.5298_49.343_-3.45122
88.0362_49.3991_-3.05852
87.5587_49.2621_-2.66582
87.1323_49.0018_-2.52114
86.7225_48.7153_-2.54181
86.3069_48.4374_-2.56248
85.861_48.2134_-2.78983
85.3935_48.0363_-2.76916
84.9259_47.8592_-2.78983
84.4583_47.6821_-2.76916
83.9907_47.505_-2.78983
83.5667_47.2461_-2.39713
83.2405_46.8686_-2.16978
82.9544_46.4586_-2.19045
82.6598_46.0546_-2.21111
82.3652_45.6506_-2.19045
82.3652_45.6506_-2.58314
82.3652_45.6506_-2.97584
82.3652_45.6506_-3.36854
82.1268_45.758_-3.76124
81.9119_45.9865_-4.15394
81.5715_46.3484_-3.76124
81.1186_46.5525_-3.36854
80.6249_46.6294_-3.22386
80.1271_46.6756_-3.24453
79.6292_46.7219_-3.22386
79.1357_46.6653_-2.83116
78.6646_46.4979_-2.76916
78.1971_46.3208_-2.78983
77.7295_46.1437_-2.76916
77.2619_45.9666_-2.78983
76.8265_45.7249_-2.4798
76.4289_45.4217_-2.50047
76.0313_45.1185_-2.4798
75.6337_44.8154_-2.50047
75.2361_44.5122_-2.4798
74.8385_44.209_-2.50047
74.4409_43.9059_-2.4798
74.0433_43.6027_-2.50047
73.6458_43.2995_-2.4798
73.2482_42.9964_-2.50047
72.8272_42.7273_-2.64515
72.3852_42.4937_-2.66582
71.9431_42.2601_-2.64515
71.506_42.0174_-2.62448
71.0688_41.7748_-2.64515
70.6796_41.465_-2.29379
70.3449_41.0936_-2.31446
70.0026_40.7291_-2.33512
69.6604_40.3646_-2.31446
69.3181_40.0001_-2.33512
68.9538_39.7455_-2.72782
68.4687_39.6383_-3.12052
67.9795_39.7249_-3.51322
67.5607_39.9922_-3.90592
67.2761_40.3993_-4.29862
66.9914_40.8065_-3.90592
66.5726_41.0737_-3.51322
66.0835_41.1604_-3.12052
65.5932_41.0731_-2.8105
65.1187_40.9155_-2.83116
64.6595_40.7195_-2.64515
64.2223_40.4768_-2.62448
63.7852_40.2341_-2.64515
63.348_39.9915_-2.62448
62.9109_39.7488_-2.64515
62.4958_39.4712_-2.45913
62.1046_39.1599_-2.4798
61.707_38.8567_-2.50047
61.3094_38.5536_-2.4798
60.9118_38.2504_-2.50047
60.5793_37.8813_-2.10777
60.4133_37.4131_-1.71507
60.3568_36.9163_-1.65307
60.3106_36.4185_-1.67374
60.2644_35.9206_-1.65307
60.2644_35.9206_-2.04577
59.9553_35.5317_-2.43847
59.521_35.2905_-2.83116
59.0274_35.234_-3.22386
58.5498_35.3706_-3.61656
58.0721_35.5072_-3.22386
57.5755_35.4711_-2.91384
57.0872_35.3632_-2.93451
56.599_35.2553_-2.91384
56.1108_35.1475_-2.93451
55.6338_34.9999_-2.74849
55.17_34.8132_-2.76916
54.7025_34.636_-2.78983
54.2349_34.4589_-2.76916
53.7673_34.2818_-2.78983
53.2765_34.2049_-3.18253
52.7936_34.3217_-3.57523
52.3922_34.6144_-3.96793
52.0496_34.9786_-3.94726
51.6996_35.3356_-3.92659
51.2865_35.6114_-3.53389
50.7992_35.7082_-3.14119
50.312_35.6111_-2.74849
49.8869_35.3516_-2.43847
49.5022_35.0322_-2.45913
49.1852_34.6497_-2.06644
49.0188_34.1803_-1.75641
48.9215_33.6899_-1.77708
48.814_33.2016_-1.79775
48.7066_32.7133_-1.77708
48.5211_32.2517_-2.12844
48.261_31.8247_-2.10777
48.0096_31.3925_-2.0871
47.7583_30.9602_-2.10777
47.507_30.528_-2.0871
47.1822_30.1521_-2.4798
46.7382_29.9291_-2.8725
46.2524_29.8112_-2.93451
45.7642_29.7034_-2.91384
45.276_29.5955_-2.93451
44.8025_29.4382_-2.70715
44.3468_29.2325_-2.72782
43.887_29.0362_-2.74849
43.4271_28.8399_-2.72782
42.9673_28.6436_-2.74849
42.4801_28.5465_-3.14119
41.9801_28.5515_-3.16186
41.4801_28.5564_-3.14119
40.9802_28.5614_-3.16186
40.4802_28.5664_-3.14119
39.9845_28.5096_-2.91384
39.4963_28.4017_-2.93451
39.0059_28.304_-2.95518
38.5156_28.2062_-2.93451
38.0253_28.1085_-2.95518
37.5644_27.923_-2.56248
37.2097_27.5752_-2.16978
37.015_27.1181_-1.77708
36.9176_26.6277_-1.75641
36.8305_26.1354_-1.73574
36.6548_25.6706_-2.12844
36.3148_25.3085_-2.52114
35.862_25.1041_-2.91384
35.3699_25.0165_-3.01718
34.8745_24.9493_-2.99651
34.3778_24.8924_-3.05852
33.88_24.8458_-3.03785
33.3822_24.7992_-3.05852
32.8844_24.7525_-3.03785
32.3866_24.7059_-3.05852
31.8899_24.649_-2.99651
31.3944_24.5818_-3.01718
30.899_24.5147_-2.99651
30.4035_24.4475_-3.01718
29.908_24.3803_-2.99651
29.908_24.3803_-2.60381
29.908_24.3803_-2.21111
29.6947_23.9317_-1.81841
29.6692_23.4355_-1.42572
29.8355_22.9674_-1.03302
30.0598_22.521_-1.1777
30.2465_22.0572_-1.19836
30.4332_21.5934_-1.1777
30.62_21.1296_-1.19836
30.8067_20.6658_-1.1777
31.0218_20.2146_-1.07435
31.2553_19.7725_-1.09502
31.4889_19.3305_-1.07435
31.7225_18.8884_-1.09502
31.9561_18.4463_-1.07435
32.1897_18.0043_-1.09502
32.4233_17.5622_-1.07435
32.666_17.125_-1.05368
32.9086_16.6879_-1.07435
33.1422_16.2458_-1.09502
33.3758_15.8037_-1.07435
33.6185_15.3666_-1.05368
33.8612_14.9295_-1.07435
34.0948_14.4874_-1.09502
34.3284_14.0453_-1.07435
34.5455_13.6542_-1.05368
