configuration 161.70602417_-18.2518405914_0.169978369946_0.985447793519_193.750076294_109.599342346_0.85380148664_0.520598714377
length 181.247
time 91.819
roughness 0.000427773
161.706_-18.2518_0.341615
162.198_-18.1799_-0.0510836
162.69_-18.2618_-0.278436
163.169_-18.4041_-0.299104
163.648_-18.5465_-0.278436
164.128_-18.6889_-0.299104
164.607_-18.8313_-0.278436
165.089_-18.9637_-0.257767
165.667_-19.1289_-0.113089
166.162_-19.0875_0.27961
166.604_-18.8599_0.672309
166.998_-18.5526_0.651641
167.399_-18.2535_0.630973
167.799_-17.9543_0.651641
168.2_-17.6552_0.630973
168.601_-17.3561_0.651641
169.001_-17.057_0.630973
169.402_-16.7579_0.651641
169.706_-16.5299_0.878993
169.987_-16.1175_1.06501
170.225_-15.6776_1.08568
170.453_-15.2329_1.10635
170.682_-14.7882_1.08568
170.92_-14.3478_1.06501
171.176_-13.9181_1.003
171.449_-13.4994_0.982335
171.722_-13.0807_1.003
171.987_-12.6564_1.02367
172.251_-12.2321_1.003
172.524_-11.8134_0.982335
172.798_-11.3946_1.003
173.062_-10.9703_1.02367
173.355_-10.5065_0.362284
173.809_-10.2961_0.506962
174.243_-10.0489_0.527631
174.678_-9.80159_0.506962
175.112_-9.55433_0.527631
175.547_-9.30707_0.506962
175.981_-9.05981_0.527631
176.416_-8.81255_0.506962
176.851_-8.56529_0.527631
177.28_-8.3091_0.548299
177.545_-8.15235_0.858325
177.936_-7.84698_0.465626
178.398_-7.65554_0.320947
178.871_-7.49291_0.341615
179.343_-7.33029_0.320947
179.816_-7.16766_0.341615
179.816_-7.16766_0.341615
180.295_-7.02478_0.238274
180.782_-6.91179_0.217605
181.269_-6.79881_0.238274
181.756_-6.68583_0.217605
182.246_-6.58293_0.196937
182.735_-6.48004_0.217605
183.222_-6.36706_0.238274
183.709_-6.25407_0.217605
184.198_-6.15118_0.196937
184.68_-6.03953_0.176268
185.176_-5.98771_0.0315898
185.676_-5.96675_0.0522582
186.175_-5.93548_0.0729266
186.674_-5.9042_0.0522582
187.173_-5.87292_0.0729266
187.672_-5.84165_0.0522582
188.172_-5.82069_0.0315898
188.671_-5.79974_0.0522582
189.41_-5.76047_0.465626
189.802_-5.4551_0.858325
190.092_-5.0486_1.04434
190.347_-4.61893_1.02367
190.603_-4.18926_1.04434
190.859_-3.75959_1.02367
191.115_-3.32992_1.04434
191.37_-2.90025_1.02367
191.635_-2.47596_1.003
191.923_-2.00533_0.382952
192.345_-1.74168_0.734315
192.712_-1.40283_0.754983
193.08_-1.06398_0.734315
193.455_-0.732795_0.713646
193.829_-0.401615_0.734315
194.197_-0.0627647_0.754983
194.565_0.276086_0.734315
194.939_0.607266_0.713646
195.314_0.938446_0.734315
195.479_1.08989_1.64372
195.428_1.58712_1.70573
195.365_2.08323_1.68506
195.303_2.57935_1.70573
195.241_3.07546_1.68506
195.179_3.57158_1.70573
195.179_3.57158_1.70573
195.097_4.06463_1.76773
194.994_4.55392_1.7884
194.891_5.04321_1.76773
194.788_5.5325_1.7884
194.685_6.02179_1.76773
194.582_6.51108_1.7884
194.469_6.99813_1.80907
194.356_7.48519_1.7884
194.253_7.97448_1.76773
194.161_8.36776_1.99509
193.932_8.81198_2.09843
193.685_9.24656_2.07776
193.438_9.68113_2.09843
193.19_10.1157_2.07776
192.943_10.5503_2.09843
192.943_10.5503_2.09843
192.705_10.9898_2.03642
192.485_11.4389_2.01575
192.265_11.8879_2.03642
192.045_12.337_2.01575
191.826_12.786_2.03642
191.606_13.2351_2.01575
191.395_13.6886_1.99509
191.185_14.1421_2.01575
190.965_14.5912_2.03642
190.748_15.0332_2.09843
190.519_15.4774_1.99509
190.309_15.9309_2.01575
190.098_16.3844_1.99509
189.888_16.8379_2.01575
189.668_17.287_2.03642
189.448_17.7361_2.01575
189.238_18.1896_1.99509
189.027_18.6431_2.01575
188.807_19.0921_2.03642
188.638_19.4383_2.26377
188.299_19.8058_2.36712
187.946_20.1592_2.34645
187.592_20.5125_2.36712
187.231_20.8585_2.38778
186.87_21.2044_2.36712
186.516_21.5578_2.34645
186.162_21.9111_2.36712
185.801_22.257_2.38778
185.44_22.603_2.36712
185.142_22.9011_2.1811
184.923_23.3484_1.87108
184.77_23.8245_1.89174
184.617_24.3005_1.87108
184.465_24.7766_1.89174
184.312_25.2527_1.87108
184.169_25.7318_1.85041
184.026_26.2109_1.87108
183.873_26.687_1.89174
183.72_27.163_1.87108
183.627_27.491_2.1811
183.371_27.92_2.03642
183.142_28.3645_2.05709
182.913_28.8089_2.03642
182.684_29.2533_2.05709
182.455_29.6977_2.03642
182.226_30.1421_2.05709
181.996_30.5866_2.03642
181.767_31.031_2.05709
181.462_31.6373_1.56105
181.37_32.1254_1.95375
181.169_32.5831_2.01575
180.949_33.0322_2.03642
180.729_33.4812_2.01575
180.509_33.9303_2.03642
180.289_34.3794_2.01575
180.079_34.8329_1.99509
179.868_35.2864_2.01575
179.648_35.7354_2.03642
179.437_36.167_1.93308
179.245_36.6287_1.99509
179.044_37.0865_1.97442
178.843_37.5442_1.99509
178.642_38.002_1.97442
178.441_38.4598_1.99509
178.441_38.4598_1.99509
178.194_38.8937_2.1811
177.903_39.3005_2.20177
177.612_39.7072_2.1811
177.322_40.1139_2.20177
177.023_40.5146_2.22244
176.723_40.9152_2.20177
176.321_41.4773_1.45771
176.331_41.9765_1.64372
176.289_42.4748_1.66439
176.248_42.973_1.64372
176.216_43.472_1.62305
176.185_43.971_1.64372
176.144_44.4693_1.66439
176.086_45.1998_1.29236
176.137_45.6946_1.64372
176.106_46.1936_1.62305
176.075_46.6926_1.64372
176.044_47.1916_1.62305
176.012_47.6906_1.64372
175.981_48.1896_1.62305
175.95_48.6886_1.64372
175.919_49.1877_1.62305
175.885_49.7487_1.89174
175.657_50.1914_2.20177
175.358_50.592_2.22244
175.059_50.9927_2.20177
174.759_51.3933_2.22244
174.46_51.794_2.20177
174.161_52.1946_2.22244
173.862_52.5953_2.20177
173.563_52.9959_2.22244
173.127_53.5991_2.53246
172.783_53.9574_2.13976
172.554_54.4011_1.95375
172.372_54.8668_1.93308
172.19_55.3325_1.95375
172.008_55.7982_1.93308
172.008_55.7982_1.93308
171.855_56.274_1.82974
171.722_56.756_1.85041
171.589_57.238_1.82974
171.456_57.72_1.85041
171.323_58.2019_1.82974
171.2_58.6866_1.80907
171.077_59.1712_1.82974
170.944_59.6531_1.85041
170.761_60.3536_2.26377
170.445_60.7416_2.24311
170.138_61.136_2.22244
169.831_61.5304_2.24311
169.523_61.9247_2.22244
169.216_62.3191_2.24311
168.909_62.7135_2.22244
168.601_63.1079_2.24311
168.294_63.5023_2.22244
167.894_64.0209_1.7264
167.893_64.5189_1.41637
167.965_65.0137_1.43704
168.027_65.5099_1.45771
168.088_66.0061_1.43704
168.15_66.5023_1.45771
168.211_66.9985_1.43704
168.283_67.4933_1.41637
168.355_67.9881_1.43704
168.438_68.6387_1.97442
168.246_69.1005_1.95375
168.054_69.5623_1.97442
167.863_70.0242_1.95375
167.671_70.486_1.97442
167.479_70.9478_1.95375
167.288_71.4096_1.97442
167.096_71.8714_1.95375
166.905_72.3333_1.97442
166.781_72.6333_1.02367
166.952_73.0999_1.41637
166.931_73.5962_1.80907
166.788_74.0752_1.91241
166.626_74.548_1.89174
166.463_75.0208_1.91241
166.301_75.4936_1.89174
166.138_75.9664_1.91241
165.975_76.4392_1.89174
165.842_76.8064_0.858325
165.842_76.8064_1.25102
165.903_77.2995_1.64372
165.771_77.7784_2.03642
165.465_78.1702_2.42912
165.033_78.4154_2.82182
165.033_78.4154_2.82182
165.033_78.4154_2.42912
164.889_78.601_2.03642
164.756_79.0799_1.64372
164.818_79.5729_1.25102
165.063_80.005_0.858325
165.063_80.005_0.858325
165.378_80.3933_0.92033
165.685_80.788_0.899662
165.991_81.1827_0.92033
166.29_81.5837_0.940998
166.589_81.9847_0.92033
166.799_82.2482_0.27961
167.24_82.4758_0.672309
167.561_82.8551_1.06501
167.79_83.2997_1.12701
168.009_83.749_1.10635
168.228_84.1983_1.12701
168.448_84.6477_1.10635
168.667_85.097_1.12701
168.877_85.5507_1.14768
168.952_85.7073_0.27961
169.417_85.889_0.465626
169.861_86.1181_0.486294
170.306_86.3472_0.465626
170.75_86.5763_0.486294
171.194_86.8054_0.465626
171.639_87.0345_0.486294
172.083_87.2636_0.465626
172.528_87.4927_0.486294
172.972_87.7218_0.465626
173.257_87.8625_0.114263
173.743_87.9752_0.341615
174.212_88.1476_0.362284
174.678_88.3296_0.382952
175.144_88.5116_0.362284
175.614_88.6843_0.341615
176.083_88.8566_0.362284
176.552_89.029_0.341615
177.022_89.2013_0.362284
177.491_89.3737_0.341615
177.964_89.5363_0.320947
178.437_89.699_0.341615
178.906_89.8713_0.362284
179.375_90.0437_0.341615
179.848_90.2063_0.320947
180.292_90.3694_0.217605
180.773_90.5024_0.320947
181.246_90.665_0.341615
181.719_90.8276_0.320947
182.192_90.9903_0.341615
182.665_91.1529_0.320947
183.137_91.3155_0.341615
183.61_91.4781_0.320947
184.083_91.6408_0.341615
184.556_91.8034_0.320947
185.022_91.9637_0.258942
185.513_92.0564_0.114263
186.009_92.1185_0.134932
186.505_92.1806_0.114263
187.001_92.2428_0.134932
187.497_92.3049_0.114263
187.497_92.3049_0.114263
187.97_92.4568_0.506962
188.382_92.7387_0.692978
188.77_93.0541_0.672309
189.158_93.3695_0.692978
189.546_93.6849_0.672309
189.934_94.0003_0.692978
190.322_94.3158_0.672309
190.716_94.6231_0.651641
190.945_94.8025_-0.423114
191.421_94.6506_-0.195762
191.91_94.5482_-0.216431
192.4_94.4459_-0.195762
192.889_94.3436_-0.216431
193.378_94.2413_-0.195762
193.378_94.2413_-0.195762
193.875_94.2416_0.196937
194.35_94.3941_0.424289
194.804_94.6046_0.444957
195.257_94.8151_0.424289
195.711_95.0257_0.444957
195.711_95.0257_0.444957
196.109_95.3229_0.837656
196.363_95.7498_1.23036
196.535_96.2193_1.20969
196.706_96.6889_1.23036
196.869_97.1619_1.25102
196.869_97.1619_1.25102
196.93_97.6549_1.64372
196.847_98.1473_1.82974
196.714_98.6293_1.85041
196.581_99.1113_1.82974
196.448_99.5932_1.85041
196.448_99.5932_1.85041
196.295_100.069_1.91241
196.123_100.539_1.93308
195.941_101.004_1.95375
195.759_101.47_1.93308
195.587_101.94_1.91241
195.367_102.388_2.13976
195.093_102.806_2.16043
194.82_103.224_2.13976
194.546_103.643_2.16043
194.272_104.061_2.13976
194.272_104.061_2.13976
194.091_104.524_1.74706
194.029_105.02_1.64372
193.998_105.519_1.62305
193.967_106.018_1.64372
193.935_106.517_1.62305
193.935_106.517_1.62305
193.904_107.016_1.64372
193.873_107.515_1.62305
193.842_108.014_1.64372
193.81_108.513_1.62305
193.779_109.012_1.64372
193.779_109.012_1.64372
193.748_109.511_1.62305
193.748_109.511_1.62305
