configuration 176.556686401_134.7056427_-0.977472527886_0.211062685542_59.5791053772_36.8438796997_0.982426073578_-0.18665210943
length 213.444
time 213.658
roughness 0.000558985
176.557_134.706_-2.71627
176.14_134.433_-2.40624
175.766_134.101_-2.42691
175.385_133.777_-2.44758
175.004_133.453_-2.42691
174.623_133.13_-2.44758
174.186_132.893_-2.84028
173.692_132.841_-3.23298
173.216_132.982_-3.62568
172.83_133.294_-4.01838
172.506_133.675_-3.99771
172.114_133.98_-3.60501
171.634_134.111_-3.21231
171.141_134.048_-2.81961
170.704_133.811_-2.46825
170.31_133.503_-2.48892
169.923_133.187_-2.42691
169.549_132.856_-2.40624
169.174_132.524_-2.42691
168.8_132.193_-2.40624
168.426_131.861_-2.42691
168.113_131.475_-2.07555
167.867_131.039_-2.09622
167.62_130.604_-2.07555
167.374_130.169_-2.09622
167.128_129.734_-2.07555
166.807_129.354_-2.46825
166.366_129.126_-2.86095
165.871_129.085_-3.25365
165.394_129.226_-3.60501
164.944_129.445_-3.58434
164.463_129.566_-3.19164
163.971_129.493_-2.79894
163.545_129.238_-2.40624
163.17_128.907_-2.42691
162.796_128.575_-2.40624
162.37_128.32_-2.79894
161.878_128.248_-3.19164
161.381_128.299_-3.29498
160.888_128.38_-3.31565
160.395_128.462_-3.29498
159.896_128.492_-3.10897
159.397_128.47_-3.0883
158.897_128.449_-3.10897
158.398_128.427_-3.0883
157.898_128.406_-3.10897
157.414_128.293_-2.71627
157.01_128.004_-2.32357
156.739_127.587_-1.97221
156.539_127.129_-1.99288
156.329_126.675_-2.01354
156.11_126.225_-2.03421
155.892_125.776_-2.01354
155.673_125.326_-2.03421
155.454_124.876_-2.01354
155.235_124.427_-2.03421
154.963_124.009_-2.26156
154.648_123.62_-2.2409
154.334_123.231_-2.26156
154.019_122.843_-2.2409
153.705_122.454_-2.26156
153.319_122.14_-2.65426
152.844_121.998_-3.04696
152.349_122.048_-3.43966
151.892_122.248_-3.66701
151.457_122.494_-3.64635
150.986_122.655_-3.29498
150.495_122.747_-3.35699
150.005_122.849_-3.33632
149.514_122.94_-3.31565
149.022_123.032_-3.33632
148.533_123.134_-3.35699
148.043_123.235_-3.33632
147.554_123.337_-3.35699
147.064_123.439_-3.33632
146.575_123.541_-3.35699
146.078_123.55_-2.96429
145.615_123.369_-2.57159
145.229_123.054_-2.34424
144.876_122.7_-2.36491
144.523_122.346_-2.34424
144.252_121.929_-1.95154
144.1_121.453_-1.80686
143.988_120.966_-1.78619
143.876_120.479_-1.80686
143.764_119.991_-1.78619
143.565_119.536_-2.17889
143.284_119.123_-2.15822
143.011_118.704_-2.13755
142.738_118.285_-2.15822
142.466_117.866_-2.13755
142.122_117.507_-2.53025
141.684_117.269_-2.75761
141.222_117.076_-2.73694
140.765_116.875_-2.71627
140.307_116.673_-2.73694
139.821_116.571_-3.12964
139.325_116.621_-3.35699
138.835_116.723_-3.33632
138.346_116.825_-3.35699
137.856_116.927_-3.33632
137.359_116.926_-2.94362
136.901_116.735_-2.55092
136.521_116.412_-2.32357
136.175_116.051_-2.34424
135.829_115.689_-2.32357
135.426_115.4_-2.71627
134.957_115.227_-2.86095
134.478_115.084_-2.84028
134.002_114.93_-2.81961
133.526_114.777_-2.84028
133.032_114.725_-3.23298
132.544_114.827_-3.46033
132.067_114.978_-3.43966
131.591_115.13_-3.46033
131.114_115.282_-3.43966
130.62_115.332_-3.04696
130.144_115.19_-2.65426
129.759_114.876_-2.26156
129.429_114.501_-2.32357
129.091_114.132_-2.3029
128.693_113.835_-2.6956
128.212_113.712_-3.0883
127.72_113.783_-3.481
127.281_114.019_-3.79102
126.88_114.317_-3.77036
126.88_114.317_-3.37766
126.88_114.317_-2.98496
126.414_114.146_-2.59226
126.049_113.809_-2.19956
125.841_113.358_-1.80686
125.633_112.907_-2.19956
125.268_112.569_-2.59226
124.802_112.398_-2.98496
124.305_112.417_-3.37766
123.823_112.549_-3.43966
123.329_112.6_-3.04696
122.853_112.457_-2.65426
122.468_112.144_-2.26156
122.153_111.755_-2.2409
121.839_111.366_-2.26156
121.839_111.366_-2.65426
121.363_111.224_-3.04696
120.868_111.274_-3.43966
120.431_111.51_-3.83236
120.101_111.883_-4.14239
120.101_111.883_-3.74969
120.101_111.883_-3.35699
119.604_111.892_-2.96429
119.142_111.711_-2.57159
118.784_111.366_-2.17889
118.529_110.937_-2.03421
118.301_110.492_-2.05488
118.063_110.052_-2.07555
117.826_109.612_-2.05488
117.589_109.171_-2.07555
117.268_108.792_-2.46825
116.827_108.564_-2.86095
116.345_108.43_-2.88162
115.863_108.297_-2.86095
115.382_108.163_-2.88162
114.886_108.132_-3.27431
114.402_108.253_-3.50167
113.932_108.425_-3.481
113.462_108.596_-3.50167
112.993_108.767_-3.481
112.501_108.838_-3.0883
112.02_108.715_-2.6956
111.622_108.418_-2.3029
111.368_107.991_-1.9102
111.197_107.521_-1.93087
110.952_107.087_-2.2409
110.653_106.686_-2.17889
110.363_106.279_-2.19956
110.065_105.877_-2.22023
109.767_105.476_-2.19956
109.469_105.075_-2.22023
109.171_104.674_-2.19956
108.872_104.272_-2.22023
108.574_103.871_-2.19956
108.276_103.47_-2.22023
108.058_103.023_-1.82753
108.028_102.527_-1.43483
108.171_102.05_-1.1248
108.382_101.597_-1.14547
108.584_101.139_-1.16614
108.687_100.653_-1.55884
108.596_100.165_-1.95154
108.341_99.7365_-2.26156
108.027_99.3479_-2.2409
107.72_98.9528_-2.22023
107.503_98.5061_-1.82753
107.473_98.0102_-1.43483
107.635_97.5406_-1.04213
107.892_97.1115_-1.02146
108.157_96.6878_-1.00079
108.395_96.2488_-1.14547
108.606_95.7956_-1.1248
108.827_95.3467_-1.10414
109.047_94.8979_-1.1248
109.267_94.4491_-1.10414
109.541_94.0318_-0.876783
109.857_93.6442_-0.897452
110.173_93.2566_-0.876783
110.488_92.869_-0.897452
110.804_92.4813_-0.876783
111.041_92.0448_-1.26948
111.165_91.5605_-1.37282
111.268_91.0713_-1.35216
111.372_90.5822_-1.37282
111.475_90.093_-1.35216
111.675_89.6384_-0.959457
111.967_89.2319_-0.938789
112.266_88.8316_-0.91812
112.566_88.4312_-0.938789
112.865_88.0309_-0.91812
113.084_87.5849_-1.31082
113.208_87.1004_-1.33149
113.321_86.6135_-1.35216
113.435_86.1265_-1.33149
113.548_85.6396_-1.35216
113.748_85.185_-0.959457
114.072_84.8045_-0.773442
114.426_84.4515_-0.79411
114.78_84.0986_-0.773442
115.134_83.7456_-0.79411
115.406_83.3301_-1.18681
115.589_82.8646_-1.20748
115.762_82.3955_-1.22815
115.935_81.9263_-1.20748
116.108_81.4572_-1.22815
116.362_81.0308_-0.835447
116.761_80.7345_-0.442748
117.219_80.5344_-0.380743
117.685_80.3534_-0.360074
118.152_80.1724_-0.380743
118.568_79.9014_-0.773442
118.849_79.4916_-1.16614
119.05_79.0341_-1.14547
119.261_78.5808_-1.1248
119.472_78.1275_-1.14547
119.674_77.6699_-1.16614
119.866_77.2083_-1.18681
120.058_76.7467_-1.16614
120.25_76.2851_-1.18681
120.442_75.8235_-1.16614
120.625_75.358_-1.22815
120.798_74.8889_-1.20748
120.971_74.4197_-1.22815
121.143_73.9505_-1.20748
121.316_73.4814_-1.22815
121.571_73.055_-0.835447
121.932_72.7097_-0.690768
122.314_72.3872_-0.711436
122.696_72.0647_-0.690768
123.078_71.7422_-0.711436
123.44_71.3967_-0.814778
123.786_71.0365_-0.79411
124.14_70.6835_-0.773442
124.495_70.3306_-0.79411
124.849_69.9776_-0.773442
125.13_69.5679_-1.16614
125.302_69.0989_-1.26948
125.456_68.623_-1.24881
125.609_68.1471_-1.26948
125.762_67.6712_-1.24881
125.825_67.1783_-1.64151
125.693_66.6991_-2.03421
125.405_66.2933_-2.34424
125.059_65.932_-2.32357
124.721_65.5636_-2.3029
124.391_65.1883_-2.28223
124.06_64.813_-2.3029
123.73_64.4377_-2.28223
123.4_64.0624_-2.3029
123.069_63.687_-2.28223
122.678_63.3813_-2.67493
122.225_63.1703_-2.73694
121.763_62.9782_-2.75761
121.301_62.7861_-2.73694
120.84_62.594_-2.75761
120.359_62.4608_-2.98496
119.866_62.3777_-2.96429
119.373_62.2946_-2.98496
118.88_62.2115_-2.96429
118.387_62.1284_-2.98496
117.921_61.9567_-2.59226
117.534_61.6418_-2.32357
117.189_61.2805_-2.34424
116.843_60.9191_-2.32357
116.497_60.5578_-2.34424
116.088_60.2769_-2.73694
115.626_60.0848_-2.75761
115.164_59.8927_-2.73694
114.703_59.7006_-2.75761
114.241_59.5085_-2.73694
113.761_59.3754_-3.00563
113.266_59.3025_-2.98496
112.772_59.2296_-3.00563
112.277_59.1567_-2.98496
111.782_59.0839_-3.00563
111.782_59.0839_-3.39832
111.782_59.0839_-3.79102
111.643_59.2404_-4.18372
111.507_59.6359_-4.57642
111.531_60.0274_-4.96912
111.531_60.0274_-4.57642
111.531_60.0274_-4.18372
111.531_60.0274_-3.79102
111.084_60.2448_-3.39832
110.588_60.2748_-3.00563
110.111_60.1319_-2.6956
109.658_59.9209_-2.71627
109.204_59.7099_-2.6956
108.751_59.4989_-2.71627
108.298_59.2879_-2.6956
107.849_59.0676_-2.67493
107.4_58.8473_-2.6956
106.951_58.627_-2.67493
106.503_58.4067_-2.6956
106.054_58.1863_-2.67493
105.625_57.9299_-2.53025
105.213_57.6472_-2.55092
104.8_57.3645_-2.53025
104.388_57.0817_-2.55092
103.976_56.799_-2.53025
103.542_56.5516_-2.71627
103.084_56.3501_-2.73694
102.627_56.1485_-2.71627
102.169_55.9469_-2.73694
101.712_55.7453_-2.71627
101.254_55.5437_-2.73694
100.796_55.3421_-2.71627
100.339_55.1405_-2.73694
99.8814_54.9389_-2.71627
99.4238_54.7374_-2.73694
98.9378_54.6346_-3.12964
98.4494_54.7257_-3.52234
97.9833_54.9067_-3.50167
97.5136_55.078_-3.481
97.0439_55.2493_-3.50167
96.5537_55.3303_-3.10897
96.0699_55.2176_-2.71627
95.6211_54.9973_-2.65426
95.177_54.7677_-2.67493
94.7281_54.5474_-2.6956
94.3304_54.2498_-2.3029
94.0676_53.8274_-1.95154
93.877_53.3651_-1.97221
93.6769_52.9069_-1.99288
93.4768_52.4487_-1.97221
93.1973_52.0381_-2.36491
92.7818_51.7657_-2.75761
92.3202_51.5736_-2.73694
91.8626_51.372_-2.71627
91.4051_51.1704_-2.73694
90.9953_50.8895_-2.34424
90.7066_50.4837_-2.03421
90.4785_50.0388_-2.05488
90.2412_49.5987_-2.07555
90.004_49.1586_-2.05488
89.6914_48.7724_-2.44758
89.2594_48.526_-2.79894
88.7902_48.3531_-2.77827
88.3247_48.1706_-2.75761
87.8592_47.9881_-2.77827
87.3937_47.8056_-2.75761
86.9282_47.6231_-2.77827
86.4627_47.4406_-2.75761
85.9972_47.2581_-2.77827
85.5317_47.0756_-2.75761
85.0663_46.8931_-2.77827
84.6008_46.7106_-2.75761
84.1353_46.5281_-2.77827
83.6698_46.3456_-2.75761
83.2043_46.1631_-2.77827
82.7388_45.9806_-2.75761
82.2733_45.7981_-2.77827
81.8078_45.6155_-2.75761
81.3423_45.433_-2.77827
80.8768_45.2505_-2.75761
80.3938_45.1274_-3.02629
79.8977_45.0647_-3.00563
79.4031_44.9918_-2.98496
78.9084_44.919_-3.00563
78.4138_44.8461_-2.98496
77.9174_44.8658_-3.37766
77.4487_45.0367_-3.60501
76.9991_45.2556_-3.58434
76.5451_45.4651_-3.56367
76.0912_45.6747_-3.58434
75.6094_45.7958_-3.19164
75.1179_45.7234_-2.79894
74.6915_45.4684_-2.40624
74.3952_45.0697_-2.01354
74.274_44.5879_-1.62084
74.1529_44.1061_-2.01354
73.9157_43.6662_-2.11689
73.6605_43.2362_-2.09622
73.4142_42.8011_-2.07555
73.1679_42.366_-2.09622
72.8396_41.9931_-2.48892
72.402_41.7554_-2.79894
71.9329_41.5825_-2.77827
71.4674_41.4_-2.75761
71.0019_41.2175_-2.77827
70.575_40.9622_-2.42691
70.194_40.6384_-2.44758
69.813_40.3147_-2.42691
69.432_39.9909_-2.44758
69.0509_39.6671_-2.42691
68.6194_39.421_-2.81961
68.1405_39.2776_-2.88162
67.6587_39.1441_-2.86095
67.1768_39.0106_-2.88162
66.695_38.877_-2.86095
66.2_38.8352_-3.25365
65.7266_38.986_-3.64635
65.347_39.3065_-4.03904
65.0393_39.7005_-4.05971
64.7397_40.1009_-4.08038
64.3737_40.4368_-3.68768
63.907_40.607_-3.29498
63.4106_40.5856_-2.90228
62.9602_40.376_-2.50958
62.5865_40.0449_-2.32357
62.241_39.6836_-2.34424
61.8954_39.3222_-2.32357
61.5573_38.9538_-2.3029
61.2193_38.5854_-2.32357
60.8737_38.2241_-2.34424
60.6027_37.8077_-1.95154
60.5116_37.3194_-1.55884
60.6143_36.8333_-1.16614
60.8952_36.4236_-0.773442
61.0135_36.2511_-1.16614
61.0135_36.2511_-1.55884
61.0135_36.2511_-1.95154
61.0135_36.2511_-2.34424
61.0135_36.2511_-2.73694
61.0135_36.2511_-2.84028
61.0135_36.2511_-3.23298
61.0135_36.2511_-3.62568
60.8103_36.4155_-4.01838
60.6605_36.6913_-4.41108
60.6304_36.9773_-4.80377
60.6304_36.9773_-4.41108
60.6304_36.9773_-4.01838
60.61_36.9937_-3.62568
60.3593_37.0679_-3.23298
60.0993_37.0405_-2.84028
59.6628_36.8034_-2.44758
59.5147_36.6205_-2.05488
59.5147_36.6205_-2.44758
59.5147_36.6205_-2.67493
59.5147_36.6205_-2.65426
