configuration -14.0353517532_151.94859314_0.0_1.0_147.259887695_176.039077759_0.145212769539_0.989400450557
length 202.716
time 14.2636
roughness 0.00053677
-14.0354_151.949_-0
-13.5371_151.985_0.144679
-13.0416_152.052_0.12401
-12.5448_152.108_0.103342
-12.0481_152.165_0.12401
-11.5513_152.222_0.103342
-11.0527_152.258_0.0413367
-10.5534_152.284_0.0620051
-10.0541_152.31_0.0413367
-9.55473_152.335_0.0620051
-9.05541_152.361_0.0413367
-8.56457_152.285_-0.351362
-8.10918_152.079_-0.496041
-7.66702_151.846_-0.475373
-7.22485_151.612_-0.496041
-6.78269_151.379_-0.475373
-6.35073_151.128_-0.578714
-5.92935_150.858_-0.558046
-5.50797_150.589_-0.578714
-5.08659_150.32_-0.558046
-4.66521_150.051_-0.578714
-4.2043_149.866_-0.186015
-3.712_149.778_-0.165347
-3.21971_149.691_-0.186015
-2.72741_149.603_-0.165347
-2.23512_149.516_-0.186015
-1.73835_149.521_0.206684
-1.25811_149.659_0.351362
-0.786909_149.826_0.330694
-0.312356_149.984_0.310026
0.162197_150.141_0.330694
0.654514_150.207_-0.0620051
1.13482_150.081_-0.454704
1.53665_149.787_-0.806067
1.88652_149.43_-0.785398
2.23639_149.073_-0.806067
2.64367_148.789_-0.413367
3.12881_148.682_-0.0206684
3.62558_148.728_0.206684
4.11596_148.825_0.186015
4.60635_148.923_0.206684
5.06333_149.118_0.599383
5.41097_149.473_0.992082
5.55731_149.837_1.38478
5.55731_149.837_0.992082
5.55731_149.837_0.64072
6.00586_150.05_0.24802
6.50199_150.076_-0.144679
6.89367_150.096_0.24802
7.38952_150.142_-0.0620051
7.88884_150.116_-0.0413367
8.38859_150.101_-0.0206684
8.88834_150.086_-0.0413367
9.38809_150.07_-0.0206684
9.87323_149.963_-0.413367
10.3099_149.721_-0.599383
10.7256_149.443_-0.578714
11.1413_149.165_-0.599383
11.557_148.888_-0.578714
11.557_148.888_-0.186015
12.0538_148.893_0.206684
12.5108_149.088_0.599383
12.8584_149.442_0.992082
13.0438_149.903_1.38478
13.2292_150.364_0.992082
13.5768_150.719_0.599383
14.0338_150.914_0.206684
14.531_150.929_-0.144679
15.0265_150.862_-0.12401
15.5254_150.857_0.103342
16.0232_150.904_0.0826735
16.5219_150.94_0.0620051
17.0206_150.976_0.0826735
17.5192_151.012_0.0620051
17.9995_151.139_0.454704
18.451_151.354_0.434036
18.9068_151.56_0.413367
19.3625_151.765_0.434036
19.8183_151.971_0.413367
20.3034_152.078_0.0206684
20.7987_152.021_-0.24802
21.2847_151.903_-0.227352
21.7706_151.786_-0.24802
22.2565_151.668_-0.227352
22.7267_151.501_-0.454704
23.1782_151.286_-0.434036
23.6339_151.081_-0.413367
24.0897_150.875_-0.434036
24.5455_150.669_-0.413367
24.9711_150.41_-0.682056
25.3624_150.099_-0.661388
25.7602_149.796_-0.64072
26.1579_149.493_-0.661388
26.5556_149.19_-0.64072
27.0041_148.976_-0.24802
27.4875_148.848_-0.268689
27.9709_148.721_-0.24802
28.4543_148.593_-0.268689
28.9377_148.465_-0.24802
29.0683_148.458_0.144679
29.2654_148.528_0.537378
29.4013_148.651_0.930077
29.48_148.816_1.32278
29.4881_148.973_1.71547
29.5138_149.469_1.32278
29.7274_149.918_0.930077
30.0963_150.25_0.537378
30.5645_150.416_0.144679
31.0632_150.432_-0.0826735
31.0632_150.432_0.310026
31.4976_150.673_0.702725
31.8068_151.062_1.09542
31.9436_151.539_1.48812
31.8873_152.033_1.88082
31.8309_152.526_1.48812
31.9677_153.004_1.09542
32.2769_153.393_0.702725
32.6918_153.67_0.475373
33.1339_153.903_0.496041
33.6032_154.07_0.186015
34.0936_154.168_0.206684
34.584_154.265_0.186015
35.0744_154.363_0.206684
35.5648_154.46_0.186015
36.0257_154.646_0.578714
36.3806_154.993_0.971414
36.5754_155.45_1.36411
36.5806_155.947_1.75681
36.4932_156.439_1.73614
36.5086_156.936_1.34344
36.7128_157.389_0.950745
37.0748_157.729_0.558046
37.5395_157.905_0.165347
38.0369_157.951_0.0206684
38.5343_157.997_0.165347
39.0283_158.075_0.144679
39.5223_158.152_0.165347
40.0163_158.229_0.144679
40.5103_158.306_0.165347
40.9749_158.482_0.558046
41.3369_158.822_0.950745
41.5412_159.275_1.34344
41.5566_159.772_1.73614
41.449_160.26_1.83949
41.4131_160.755_1.44679
41.4698_161.252_1.46745
41.5265_161.749_1.44679
41.5935_162.244_1.42612
41.6604_162.74_1.44679
41.8169_163.211_1.05409
42.1419_163.587_0.661388
42.5859_163.81_0.268689
43.0693_163.938_0.24802
43.5527_164.065_0.268689
44.0427_164.163_0.12401
44.5394_164.219_0.103342
45.0362_164.276_0.12401
45.533_164.333_0.103342
46.0297_164.39_0.12401
46.5265_164.446_0.103342
47.0232_164.503_0.12401
47.52_164.56_0.103342
48.0168_164.616_0.12401
48.5135_164.673_0.103342
49.0126_164.699_6.52256e-16
49.5126_164.694_-0.0206684
50.0126_164.689_6.52256e-16
50.5125_164.683_-0.0206684
51.0125_164.678_6.52256e-16
51.5108_164.714_0.144679
52.0062_164.781_0.12401
52.503_164.838_0.103342
52.9998_164.895_0.12401
53.4965_164.952_0.103342
53.9712_165.098_0.496041
54.3979_165.358_0.599383
54.8078_165.645_0.620051
55.2177_165.931_0.599383
55.6276_166.217_0.620051
56.0375_166.504_0.599383
56.4532_166.781_0.578714
56.8689_167.059_0.599383
57.2846_167.337_0.578714
57.7004_167.615_0.599383
58.1574_167.81_0.206684
58.6541_167.815_-0.186015
59.1398_167.697_-0.289357
59.6205_167.559_-0.268689
60.1012_167.422_-0.289357
60.3094_167.402_0.103342
60.7841_167.549_0.496041
61.1665_167.866_0.88874
61.3984_168.305_1.28144
61.4445_168.8_1.67414
61.4907_169.295_1.28144
61.7226_169.734_0.88874
62.105_170.051_0.496041
62.5796_170.198_0.103342
63.0775_170.244_0.0826735
63.5767_170.239_-0.103342
64.0745_170.193_-0.0826735
64.5724_170.146_-0.103342
65.0702_170.1_-0.0826735
65.568_170.053_-0.103342
66.0642_170.089_0.24802
66.5501_170.207_0.227352
67.036_170.325_0.24802
67.522_170.443_0.227352
68.0079_170.56_0.24802
68.4704_170.746_0.516709
68.9076_170.989_0.496041
69.3498_171.222_0.475373
69.792_171.456_0.496041
70.2341_171.689_0.475373
70.6713_171.931_0.537378
71.1035_172.183_0.516709
71.5356_172.434_0.537378
71.9677_172.686_0.516709
72.3999_172.937_0.537378
72.8681_173.104_0.144679
73.3657_173.15_0.0413367
73.8654_173.165_0.0206684
74.3652_173.181_0.0413367
74.8649_173.196_0.0206684
75.3541_173.11_-0.372031
75.7728_172.842_-0.76473
76.066_172.44_-1.11609
76.2902_171.994_-1.09542
76.5236_171.551_-1.07476
76.8408_171.169_-0.682056
77.2801_170.937_-0.289357
77.7747_170.891_0.103342
78.2726_170.937_0.0826735
78.7713_170.973_0.0620051
79.2706_170.999_0.0413367
79.7699_171.025_0.0620051
80.2692_171.051_0.0413367
80.7686_171.077_0.0620051
81.2679_171.103_0.0413367
81.7587_171.026_-0.351362
82.1828_170.767_-0.744061
82.4757_170.366_-1.13676
82.6718_169.906_-1.19877
82.8583_169.442_-1.1781
82.9857_168.96_-1.44679
83.0526_168.465_-1.42612
83.1196_167.969_-1.44679
83.1866_167.474_-1.42612
83.2535_166.978_-1.44679
83.41_166.507_-1.05409
83.7199_166.117_-0.744061
84.0842_165.774_-0.76473
84.4486_165.432_-0.744061
84.8129_165.09_-0.76473
85.0974_164.682_-1.15743
85.2246_164.201_-1.46745
85.2813_163.704_-1.44679
85.3483_163.209_-1.42612
85.4153_162.713_-1.44679
85.5717_162.242_-1.05409
85.8493_161.826_-0.909408
86.1523_161.429_-0.930077
86.4553_161.031_-0.909408
86.7583_160.633_-0.930077
86.9814_160.189_-1.28144
87.129_159.711_-1.26077
87.2864_159.236_-1.2401
87.4439_158.762_-1.26077
87.6013_158.287_-1.2401
87.7782_157.82_-1.1781
87.9648_157.356_-1.19877
88.1417_156.888_-1.21943
88.3186_156.42_-1.19877
88.4956_155.953_-1.21943
88.7543_155.529_-0.826735
89.1556_155.236_-0.434036
89.6384_155.119_-0.0413367
90.1292_155.196_0.351362
90.6004_155.363_0.330694
91.0928_155.429_-0.0620051
91.5731_155.302_-0.454704
91.9682_155.001_-0.847403
92.2874_154.617_-0.909408
92.5985_154.225_-0.88874
92.9809_153.908_-0.496041
93.4556_153.761_-0.103342
93.9502_153.807_0.289357
94.4309_153.945_0.268689
94.9143_154.073_0.24802
95.3884_154.23_0.392699
95.8484_154.426_0.413367
96.3083_154.622_0.392699
96.7682_154.819_0.413367
97.2281_155.015_0.392699
97.7154_155.112_7.77156e-16
98.2026_155.015_-0.392699
98.6442_154.782_-0.578714
99.0656_154.512_-0.558046
99.4924_154.252_-0.537378
99.9606_154.086_-0.144679
100.457_154.112_0.24802
100.905_154.325_0.64072
101.303_154.628_0.661388
101.701_154.931_0.64072
102.141_155.164_0.330694
102.612_155.331_0.351362
103.083_155.498_0.330694
103.558_155.656_0.310026
104.033_155.813_0.330694
104.033_155.813_0.723393
104.033_155.813_1.11609
104.093_156.041_1.50879
104.026_156.533_1.90149
103.776_156.962_2.29419
103.737_157.03_1.90149
103.67_157.522_1.50879
103.797_158.003_1.11609
104.098_158.398_0.723393
104.513_158.675_0.454704
104.969_158.88_0.392699
105.432_159.067_0.372031
105.896_159.253_0.392699
106.36_159.44_0.372031
106.824_159.626_0.392699
107.288_159.813_0.372031
107.752_160_0.392699
108.216_160.186_0.372031
108.68_160.373_0.392699
109.143_160.559_0.372031
109.607_160.746_0.392699
110.071_160.932_0.372031
110.535_161.119_0.392699
110.999_161.305_0.372031
111.463_161.492_0.392699
111.463_161.492_1.11022e-15
111.899_161.405_-0.392699
112.312_161.129_-0.785398
112.588_160.716_-1.1781
112.685_160.229_-1.5708
112.685_160.229_-1.1781
112.961_159.816_-0.785398
113.374_159.54_-0.392699
113.861_159.443_1.22125e-15
114.348_159.54_0.392699
114.808_159.736_0.413367
115.268_159.932_0.392699
115.728_160.128_0.413367
116.188_160.324_0.392699
116.648_160.52_0.413367
117.099_160.735_0.475373
117.546_160.96_0.454704
117.993_161.184_0.475373
118.44_161.408_0.454704
118.887_161.632_0.475373
119.334_161.856_0.454704
119.781_162.081_0.475373
120.228_162.305_0.454704
120.675_162.529_0.475373
121.121_162.753_0.454704
121.548_163.013_0.64072
121.945_163.316_0.661388
122.343_163.619_0.64072
122.741_163.922_0.661388
123.139_164.225_0.64072
123.565_164.485_0.454704
124.016_164.7_0.434036
124.468_164.915_0.454704
124.919_165.13_0.434036
125.371_165.345_0.454704
125.851_165.472_0.0620051
126.343_165.406_-0.330694
126.794_165.191_-0.558046
127.22_164.931_-0.537378
127.647_164.67_-0.558046
128.112_164.495_-0.165347
128.609_164.51_0.227352
129.066_164.705_0.578714
129.488_164.974_0.558046
129.914_165.235_0.537378
130.346_165.486_0.516709
130.779_165.737_0.537378
131.211_165.989_0.516709
131.643_166.24_0.537378
132.075_166.492_0.516709
132.502_166.752_0.578714
132.923_167.021_0.558046
133.345_167.291_0.578714
133.766_167.56_0.558046
134.187_167.829_0.578714
134.648_168.014_0.186015
135.139_168.112_0.206684
135.629_168.209_0.186015
136.119_168.307_0.206684
136.608_168.414_0.227352
137.061_168.619_0.620051
137.464_168.913_0.64072
137.868_169.208_0.620051
138.272_169.503_0.64072
138.676_169.798_0.620051
139.129_170.002_0.227352
139.625_170.058_1.02696e-15
140.125_170.064_0.0206684
140.625_170.069_1.02696e-15
141.125_170.074_0.0206684
141.61_170.181_0.413367
142.017_170.465_0.806067
142.359_170.83_0.826735
142.702_171.194_0.806067
143.044_171.558_0.826735
143.387_171.923_0.806067
143.729_172.287_0.826735
144.072_172.651_0.806067
144.414_173.016_0.826735
144.756_173.38_0.806067
145.099_173.744_0.826735
145.441_174.109_0.806067
145.784_174.473_0.826735
146.126_174.837_0.806067
146.468_175.202_0.826735
146.811_175.566_0.806067
147.153_175.93_0.826735
