configuration 133.385482788_115.927223206_-0.986328190641_0.164792901387_34.5528411865_13.6445770264_-0.541385985877_0.840774175564
length 183.405
time 300
roughness 0.00159772
133.385_115.927_-2.8105
132.905_115.789_-2.91384
132.419_115.671_-2.89317
131.933_115.554_-2.91384
131.447_115.436_-2.89317
130.962_115.318_-2.91384
130.473_115.21_-2.93451
129.985_115.102_-2.91384
129.499_114.984_-2.89317
128.973_114.861_-2.27312
128.654_114.476_-2.25245
128.343_114.084_-2.23178
128.032_113.693_-2.25245
127.721_113.301_-2.23178
127.41_112.91_-2.25245
127.099_112.518_-2.23178
126.796_112.12_-2.21111
126.493_111.722_-2.23178
126.111_111.24_-2.8105
125.624_111.132_-3.03785
125.128_111.076_-3.01718
124.631_111.019_-3.03785
124.134_110.962_-3.01718
123.637_110.905_-3.03785
123.637_110.905_-3.03785
123.138_110.889_-3.18253
122.638_110.904_-3.16186
122.139_110.92_-3.18253
121.639_110.935_-3.16186
121.139_110.95_-3.18253
120.639_110.966_-3.16186
120.139_110.981_-3.18253
119.64_110.996_-3.16186
119.148_111.005_-2.45913
118.77_110.678_-2.39713
118.399_110.343_-2.4178
118.028_110.008_-2.39713
117.657_109.673_-2.4178
117.286_109.338_-2.39713
117.286_109.338_-2.39713
116.944_108.974_-2.25245
116.633_108.582_-2.23178
116.322_108.191_-2.25245
116.011_107.799_-2.23178
115.7_107.408_-2.25245
115.389_107.016_-2.23178
115.078_106.625_-2.25245
114.759_106.24_-2.27312
114.331_105.711_-2.04577
114.022_105.322_-2.43847
113.597_105.063_-2.74849
113.137_104.867_-2.72782
112.677_104.67_-2.74849
112.217_104.474_-2.72782
111.757_104.278_-2.74849
111.294_104.091_-2.76916
110.564_103.791_-2.27312
110.323_103.357_-1.88042
110.267_102.863_-1.48772
110.404_102.386_-1.09502
110.638_101.943_-1.07435
110.871_101.501_-1.09502
111.064_101.116_-7.44021
111.241_100.649_-7.54355
111.389_100.171_-7.56422
111.527_99.6904_-7.58489
111.665_99.2098_-7.56422
111.813_98.7318_-7.54355
111.951_98.2513_-7.60556
112.079_97.7679_-7.58489
112.207_97.2846_-7.60556
112.335_96.8012_-7.58489
112.463_96.3179_-7.60556
112.463_96.3179_-7.60556
112.581_95.832_-7.62623
112.698_95.3461_-7.60556
112.816_94.8602_-7.62623
112.934_94.3743_-7.60556
113.052_93.8884_-7.62623
113.17_93.4026_-7.60556
113.288_92.9167_-7.62623
113.406_92.4308_-7.60556
113.534_91.9474_-7.58489
113.645_91.4903_-7.48155
113.85_91.0348_-7.37821
114.084_90.5928_-7.35754
114.318_90.1507_-7.37821
114.551_89.7086_-7.35754
114.785_89.2665_-7.37821
115.018_88.8245_-7.35754
115.252_88.3824_-7.37821
115.485_87.9403_-7.35754
115.719_87.4983_-7.37821
115.867_87.1901_-7.06818
116.178_86.7997_-7.29553
116.447_86.3784_-7.27487
116.716_85.9571_-7.29553
116.986_85.5358_-7.27487
117.255_85.1146_-7.29553
117.524_84.6933_-7.27487
117.794_84.272_-7.29553
118.054_83.8453_-7.3162
118.315_83.4185_-7.29553
118.525_83.0884_-7.02684
118.835_82.6987_-7.33687
119.078_82.2616_-7.35754
119.311_81.8195_-7.37821
119.545_81.3774_-7.35754
119.788_80.9393_-7.33687
119.945_80.4679_-7.72957
120.012_79.9724_-7.7089
120.089_79.4784_-7.68823
120.167_78.9845_-7.7089
120.234_78.489_-7.72957
120.301_77.9936_-7.7089
120.379_77.4996_-7.68823
120.421_77.1891_-7.66756
120.457_76.6915_-7.89492
120.432_76.1921_-7.91558
120.406_75.6928_-7.89492
120.381_75.1935_-7.91558
120.355_74.6941_-7.89492
120.34_74.1944_-7.87425
120.324_73.6946_-7.89492
120.299_73.1953_-7.91558
120.273_72.696_-7.89492
120.259_72.209_-7.2542
120.455_71.7521_-7.6469
120.522_71.2571_-7.79157
120.558_70.7584_-7.77091
120.594_70.2597_-7.79157
120.631_69.7611_-7.77091
120.667_69.2624_-7.79157
120.703_68.7637_-7.77091
120.74_68.2651_-7.79157
120.768_67.7537_-8.45296
120.573_67.2966_-8.06026
120.537_66.7994_-7.79157
120.563_66.3001_-7.81224
120.579_65.8003_-7.83291
120.595_65.3006_-7.81224
120.621_64.8013_-7.79157
120.647_64.302_-7.81224
120.591_63.9403_-8.20494
120.656_63.9411_-9.03168
120.192_63.7543_-9.05235
119.728_63.5676_-9.03168
119.264_63.3809_-9.05235
118.8_63.1941_-9.03168
118.337_63.0074_-9.05235
117.869_62.8303_-9.07301
117.401_62.6531_-9.05235
116.938_62.4664_-9.03168
116.474_62.2797_-9.05235
116.034_62.1134_-9.15569
115.56_61.9558_-9.05235
115.096_61.7691_-9.03168
114.632_61.5823_-9.05235
114.168_61.3956_-9.03168
113.705_61.2088_-9.05235
113.705_61.2088_-9.05235
113.23_61.0513_-9.15569
112.747_60.9233_-9.17636
112.264_60.7954_-9.15569
111.78_60.6674_-9.17636
111.297_60.5395_-9.15569
110.814_60.4116_-9.17636
110.33_60.2836_-9.15569
109.85_60.1457_-9.13502
109.369_60.0078_-9.15569
108.937_59.894_-9.01101
108.473_59.7073_-9.07301
108.005_59.5302_-9.05235
107.538_59.3531_-9.07301
107.07_59.176_-9.05235
106.606_58.9892_-9.03168
106.606_58.9892_-9.03168
106.135_58.8219_-9.13502
105.655_58.684_-9.15569
105.174_58.5461_-9.13502
104.694_58.4082_-9.15569
104.213_58.2703_-9.13502
104.213_58.2703_-9.13502
103.774_58.0382_-8.74232
103.389_57.7189_-8.72165
103.011_57.3916_-8.70098
102.633_57.0644_-8.72165
102.255_56.7372_-8.70098
102.255_56.7372_-8.70098
101.83_56.478_-9.05235
101.363_56.3009_-9.07301
100.892_56.1335_-9.09368
100.421_55.9661_-9.07301
99.9518_55.7884_-9.05235
99.492_55.5921_-8.99034
99.0407_55.377_-8.96967
98.5893_55.1619_-8.99034
98.138_54.9468_-8.96967
97.6866_54.7316_-8.99034
97.6866_54.7316_-8.99034
97.2447_54.4982_-8.887
96.8127_54.2465_-8.90767
96.3807_53.9948_-8.887
95.9486_53.7432_-8.90767
95.5166_53.4915_-8.887
95.5166_53.4915_-8.887
95.0702_53.2673_-9.03168
94.6063_53.0806_-9.05235
94.1388_52.9034_-9.07301
93.6712_52.7263_-9.05235
93.2069_52.5394_-9.03168
92.747_52.3431_-9.01101
92.2913_52.1373_-8.99034
91.8356_51.9316_-9.01101
91.3799_51.7258_-8.99034
90.9242_51.5201_-9.01101
90.9242_51.5201_-9.01101
90.473_51.305_-8.949
90.0309_51.0714_-8.92833
89.5888_50.8378_-8.949
89.1468_50.6042_-8.92833
88.7047_50.3706_-8.949
88.7047_50.3706_-8.949
88.2728_50.1191_-8.84566
87.8572_49.8411_-8.82499
87.4474_49.5546_-8.80432
87.0376_49.2682_-8.82499
86.6217_48.99_-8.84566
86.1678_48.7851_-9.15569
85.6844_48.6571_-9.17636
85.1986_48.5392_-9.19702
84.7127_48.4213_-9.17636
84.2282_48.293_-9.15569
83.7367_48.2055_-9.3417
83.238_48.1692_-9.36237
82.7394_48.1328_-9.3417
82.2407_48.0965_-9.36237
81.742_48.0602_-9.3417
81.2433_48.0238_-9.36237
80.7447_47.9875_-9.3417
80.2469_47.9409_-9.32103
79.6395_47.892_-8.78366
79.2241_47.6141_-8.887
78.792_47.3625_-8.90767
78.36_47.1108_-8.887
77.9332_46.8503_-8.86633
77.5065_46.5898_-8.887
77.5065_46.5898_-8.887
77.0911_46.3119_-8.78366
76.6935_46.0088_-8.76299
76.3022_45.6974_-8.74232
75.911_45.3861_-8.76299
75.513_45.0827_-8.78366
75.1154_44.7795_-8.76299
74.7178_44.4764_-8.78366
74.3202_44.1732_-8.76299
73.9227_43.87_-8.78366
73.5251_43.5669_-8.76299
73.5251_43.5669_-8.76299
73.1275_43.2637_-8.78366
72.7299_42.9605_-8.76299
72.3323_42.6574_-8.78366
71.9347_42.3542_-8.76299
71.5371_42.051_-8.78366
71.5371_42.051_-8.78366
71.1395_41.7479_-8.76299
70.7483_41.4366_-8.74232
70.357_41.1252_-8.76299
69.9658_40.8139_-8.74232
69.5745_40.5026_-8.76299
69.5745_40.5026_-8.76299
69.1306_40.2796_-9.15569
68.65_40.1417_-9.13502
68.1694_40.0038_-9.15569
67.6888_39.8659_-9.13502
67.2082_39.728_-9.15569
66.7276_39.5901_-9.13502
66.2499_39.4423_-9.11435
65.7723_39.2945_-9.13502
65.1927_39.1296_-9.71373
64.698_39.1755_-9.32103
64.2062_39.088_-9.17636
63.7203_38.9701_-9.19702
63.2344_38.8521_-9.17636
62.7485_38.7342_-9.19702
62.7485_38.7342_-9.19702
62.2957_38.5298_-8.80432
61.9046_38.2186_-8.70098
61.5334_37.8836_-8.68031
61.1622_37.5487_-8.70098
60.791_37.2137_-8.68031
60.791_37.2137_-8.68031
60.4198_36.8787_-8.70098
60.0486_36.5438_-8.68031
59.6774_36.2088_-8.70098
59.3062_35.8738_-8.68031
58.935_35.5389_-8.70098
58.935_35.5389_-8.70098
58.5058_35.2888_-9.09368
58.0135_35.2221_-9.48638
57.5157_35.2683_-9.54839
57.0189_35.3248_-9.52772
56.5221_35.3814_-9.54839
56.0266_35.4481_-9.56905
55.5311_35.5149_-9.54839
55.0343_35.5714_-9.52772
54.5043_35.6411_-10.1478
54.0748_35.8908_-9.75507
53.5825_35.9572_-9.36237
53.1022_35.83_-8.96967
52.7071_35.5288_-8.57697
52.413_35.1254_-8.39096
52.1617_34.6931_-8.37029
51.9104_34.2609_-8.39096
51.6591_33.8287_-8.37029
51.4167_33.3913_-8.34962
51.2633_33.113_-8.12227
51.0407_32.6689_-8.51497
50.6651_32.3438_-8.90767
50.1936_32.1871_-9.30037
49.6946_32.1715_-9.48638
49.1952_32.1971_-9.46571
48.6959_32.2227_-9.48638
48.1966_32.2483_-9.46571
47.821_32.273_-9.63106
47.3242_32.2779_-9.23836
46.8361_32.1701_-9.17636
46.3527_32.0422_-9.15569
45.8841_31.8996_-8.63898
45.5738_31.509_-8.41163
45.3136_31.082_-8.39096
45.0534_30.6551_-8.41163
44.7932_30.2281_-8.39096
44.533_29.8011_-8.41163
44.533_29.8011_-8.41163
44.1929_29.439_-8.80432
43.7401_29.2346_-9.19702
43.2436_29.219_-9.58972
42.7747_29.3851_-9.94109
42.3519_29.6548_-9.96175
41.8837_29.8207_-9.56905
41.3865_29.8051_-9.21769
40.8983_29.6973_-9.19702
40.41_29.5894_-9.21769
39.9208_29.4814_-9.19702
39.4681_29.277_-8.80432
39.128_28.9149_-8.41163
38.9232_28.4604_-8.14294
38.7857_27.9797_-8.12227
38.6482_27.499_-8.14294
38.6482_27.499_-8.14294
38.4164_27.0595_-8.53564
38.0342_26.7422_-8.92833
37.583_26.5272_-9.03168
37.1192_26.3405_-9.05235
36.6554_26.1537_-9.03168
36.1916_25.967_-9.05235
35.7935_25.8033_-8.41163
35.4534_25.4412_-8.80432
35.0323_25.172_-8.90767
34.5952_24.9293_-8.92833
34.158_24.6866_-8.90767
33.7209_24.444_-8.92833
33.2788_24.2104_-8.949
33.0947_24.0638_-8.5563
33.0742_24.0968_-7.7089
33.0488_23.6007_-8.1016
32.8354_23.152_-8.4943
32.4666_22.8192_-8.887
32.0014_22.643_-9.23836
31.5018_22.596_-9.3417
31.5018_22.596_-8.949
31.113_22.2866_-8.5563
30.8723_21.8521_-8.16361
30.8161_21.3585_-7.77091
30.9336_20.8745_-7.46088
30.9336_20.8745_-7.46088
31.1393_20.4189_-7.39888
31.3637_19.9721_-7.37821
31.5881_19.5253_-7.39888
31.8125_19.0785_-7.37821
32.0369_18.6317_-7.39888
32.0369_18.6317_-7.39888
32.2613_18.1849_-7.37821
32.4857_17.7381_-7.39888
32.7101_17.2913_-7.37821
32.9345_16.8445_-7.39888
33.1589_16.3977_-7.37821
33.1589_16.3977_-7.37821
33.3833_15.9509_-7.39888
33.6077_15.504_-7.37821
33.8321_15.0572_-7.39888
34.0565_14.6104_-7.37821
34.2809_14.1636_-7.39888
34.2809_14.1636_-7.39888
34.5053_13.7168_-7.37821
34.5053_13.7168_-7.37821
