configuration 133.385482788_115.927223206_-0.986328190641_0.164792901387_34.5528411865_13.6445770264_-0.541385985877_0.840774175564
length 182.454
time 4.31577
roughness 0.000342776
133.385_115.927_-2.8105
132.956_115.677_-2.4178
132.655_115.282_-2.0251
132.431_114.835_-2.04577
132.207_114.388_-2.0251
131.983_113.941_-2.04577
131.983_113.941_-2.04577
131.674_113.552_-2.43847
131.265_113.266_-2.62448
130.833_113.014_-2.60381
130.401_112.763_-2.62448
129.964_112.52_-2.64515
129.964_112.52_-2.64515
129.513_112.305_-2.74849
129.053_112.109_-2.72782
128.593_111.912_-2.74849
128.133_111.716_-2.72782
127.673_111.52_-2.74849
127.673_111.52_-2.74849
127.209_111.333_-2.76916
126.742_111.156_-2.78983
126.274_110.979_-2.76916
125.807_110.802_-2.78983
125.339_110.624_-2.76916
125.339_110.624_-2.76916
124.884_110.419_-2.66582
124.442_110.185_-2.64515
123.999_109.952_-2.66582
123.557_109.718_-2.64515
123.115_109.484_-2.66582
123.115_109.484_-2.66582
122.66_109.279_-2.76916
122.192_109.102_-2.78983
121.725_108.925_-2.76916
121.257_108.747_-2.78983
120.79_108.57_-2.76916
120.79_108.57_-2.76916
120.312_108.423_-2.91384
119.826_108.305_-2.89317
119.34_108.187_-2.91384
118.855_108.069_-2.89317
118.369_107.951_-2.91384
118.369_107.951_-2.91384
117.895_107.794_-2.72782
117.439_107.588_-2.70715
116.984_107.382_-2.72782
116.524_107.186_-2.74849
116.064_106.99_-2.72782
116.064_106.99_-2.72782
115.627_106.747_-2.54181
115.627_106.747_-2.54181
115.182_106.523_-2.8105
114.711_106.356_-2.78983
114.243_106.179_-2.76916
113.776_106.002_-2.78983
113.304_105.834_-2.8105
113.304_105.834_-2.8105
112.875_105.584_-2.4178
112.511_105.242_-2.35579
112.161_104.884_-2.33512
111.812_104.527_-2.35579
111.462_104.17_-2.33512
111.462_104.17_-2.33512
111.127_103.798_-2.27312
110.8_103.42_-2.29379
110.473_103.042_-2.27312
110.146_102.664_-2.29379
109.82_102.285_-2.27312
109.82_102.285_-2.27312
109.579_101.851_-1.88042
109.523_101.357_-1.48772
109.559_100.858_-1.50839
109.585_100.359_-1.52906
109.611_99.8597_-1.50839
109.611_99.8597_-1.50839
109.738_99.3795_-1.11569
110.039_98.9844_-0.722991
110.469_98.7347_-0.330292
110.961_98.6684_0.0624072
111.458_98.7253_0.165749
111.458_98.7253_0.165749
111.954_98.7101_-0.22695
112.407_98.506_-0.619649
112.748_98.1441_-1.01235
112.933_97.6827_-1.36371
113.041_97.1945_-1.34304
113.041_97.1945_-1.34304
113.139_96.7042_-1.40505
113.216_96.2102_-1.42572
113.294_95.7163_-1.40505
113.371_95.2223_-1.42572
113.448_94.7284_-1.40505
113.448_94.7284_-1.40505
113.474_94.2301_-1.6324
113.449_93.7308_-1.61173
113.434_93.231_-1.59106
113.418_92.7313_-1.61173
113.403_92.2315_-1.59106
113.403_92.2315_-1.59106
113.296_91.7463_-1.98376
113.028_91.3265_-2.29379
112.701_90.9482_-2.27312
112.382_90.5632_-2.25245
112.063_90.1782_-2.27312
112.063_90.1782_-2.27312
111.848_89.7894_-1.88042
111.792_89.2958_-1.48772
111.929_88.8183_-1.09502
112.238_88.4296_-0.702323
112.673_88.1888_-0.309623
112.673_88.1888_-0.309623
113.107_87.948_-0.702323
113.416_87.5593_-1.09502
113.554_87.0817_-1.48772
113.497_86.5881_-1.88042
113.321_86.1206_-1.98376
113.321_86.1206_-1.98376
113.214_85.6354_-1.59106
113.271_85.1402_-1.32237
113.389_84.6543_-1.34304
113.496_84.1661_-1.36371
113.604_83.6779_-1.34304
113.604_83.6779_-1.34304
113.79_83.2159_-1.03302
114.042_82.7838_-1.05368
114.294_82.3518_-1.03302
114.545_81.9198_-1.05368
114.797_81.4877_-1.03302
114.797_81.4877_-1.03302
115.002_81.033_-1.26037
115.16_80.5585_-1.2397
115.318_80.084_-1.26037
115.475_79.6095_-1.2397
115.633_79.135_-1.26037
115.633_79.135_-1.26037
115.856_78.69_-0.950343
116.143_78.2802_-0.971011
116.429_77.8705_-0.950343
116.716_77.4607_-0.971011
117.002_77.0509_-0.950343
117.002_77.0509_-0.950343
117.364_76.7108_-0.557644
117.802_76.4686_-0.454302
118.253_76.2538_-0.433634
118.709_76.0484_-0.412965
119.165_75.8431_-0.433634
119.165_75.8431_-0.433634
119.621_75.6377_-0.412965
120.081_75.4418_-0.392297
120.541_75.2459_-0.412965
120.605_75.201_-0.805664
120.605_75.201_-1.19836
120.605_75.201_-1.19836
120.692_74.7118_-1.59106
120.615_74.2193_-1.85975
120.468_73.7415_-1.88042
120.311_73.2669_-1.90109
120.153_72.7923_-1.88042
120.153_72.7923_-1.88042
120.097_72.2987_-1.48772
120.185_71.8071_-1.30171
120.313_71.3238_-1.32237
120.44_70.8404_-1.30171
120.578_70.3598_-1.28104
120.578_70.3598_-1.28104
120.726_69.8822_-1.26037
120.884_69.4077_-1.2397
121.041_68.9332_-1.26037
121.199_68.4587_-1.2397
121.357_67.9842_-1.26037
121.357_67.9842_-1.26037
121.413_67.4907_-1.65307
121.277_67.013_-2.04577
120.968_66.624_-2.43847
120.583_66.3047_-2.45913
120.198_65.9854_-2.43847
120.198_65.9854_-2.43847
119.865_65.615_-2.16978
119.578_65.205_-2.19045
119.284_64.801_-2.21111
118.989_64.397_-2.19045
118.703_63.987_-2.16978
118.703_63.987_-2.16978
118.348_63.6392_-2.56248
117.916_63.3876_-2.66582
117.474_63.154_-2.64515
117.032_62.9204_-2.66582
116.59_62.6869_-2.64515
116.59_62.6869_-2.64515
116.139_62.4718_-2.74849
115.679_62.2755_-2.72782
115.219_62.0793_-2.74849
114.76_61.883_-2.72782
114.3_61.6867_-2.74849
114.3_61.6867_-2.74849
113.84_61.4904_-2.72782
113.384_61.2846_-2.70715
112.928_61.0789_-2.72782
112.473_60.8732_-2.70715
112.017_60.6674_-2.72782
112.017_60.6674_-2.72782
111.575_60.434_-2.58314
111.149_60.1735_-2.60381
110.722_59.9129_-2.58314
110.295_59.6524_-2.60381
109.868_59.3919_-2.58314
109.868_59.3919_-2.58314
109.404_59.2159_-2.97584
108.91_59.1385_-2.99651
108.414_59.0713_-3.01718
107.919_59.0042_-2.99651
107.423_58.937_-3.01718
107.423_58.937_-3.01718
106.952_58.7804_-2.62448
106.515_58.5377_-2.64515
106.078_58.295_-2.62448
105.641_58.0523_-2.64515
105.203_57.8097_-2.62448
105.203_57.8097_-2.62448
104.777_57.5492_-2.56248
104.355_57.2799_-2.58314
103.934_57.0106_-2.56248
103.513_56.7413_-2.58314
103.092_56.472_-2.56248
103.092_56.472_-2.56248
102.67_56.2027_-2.58314
102.244_55.9421_-2.60381
101.817_55.6816_-2.58314
101.396_55.4123_-2.56248
100.974_55.143_-2.58314
100.974_55.143_-2.58314
100.548_54.8825_-2.60381
100.121_54.6219_-2.58314
99.6996_54.3526_-2.56248
99.2783_54.0833_-2.58314
98.8516_53.8228_-2.60381
98.8516_53.8228_-2.60381
98.4052_53.5986_-2.74849
97.9414_53.4118_-2.76916
97.4775_53.2251_-2.74849
97.0137_53.0384_-2.76916
96.5499_52.8516_-2.74849
96.5499_52.8516_-2.74849
96.1085_52.6184_-2.56248
95.6872_52.3491_-2.58314
95.2659_52.0798_-2.56248
94.8447_51.8105_-2.58314
94.4234_51.5412_-2.56248
94.4234_51.5412_-2.56248
93.982_51.3079_-2.74849
93.5221_51.1116_-2.72782
93.0664_50.9059_-2.70715
92.6107_50.7001_-2.72782
92.155_50.4944_-2.70715
92.155_50.4944_-2.70715
91.6952_50.2981_-2.76916
91.2277_50.121_-2.78983
90.7601_49.9439_-2.76916
90.2925_49.7668_-2.78983
89.825_49.5897_-2.76916
89.825_49.5897_-2.76916
89.3652_49.3934_-2.70715
88.9138_49.1783_-2.68649
88.4625_48.9632_-2.70715
88.0111_48.748_-2.68649
87.5598_48.5329_-2.70715
87.5598_48.5329_-2.70715
87.0962_48.3462_-2.8105
86.6217_48.1886_-2.83116
86.1472_48.031_-2.8105
85.6727_47.8733_-2.83116
85.1982_47.7157_-2.8105
85.1982_47.7157_-2.8105
84.7307_47.5386_-2.74849
84.2709_47.3423_-2.72782
83.811_47.146_-2.74849
83.3512_46.9497_-2.72782
82.8913_46.7534_-2.74849
82.8913_46.7534_-2.74849
82.4499_46.5202_-2.56248
82.0286_46.2509_-2.58314
81.6018_45.9904_-2.60381
81.1751_45.7298_-2.58314
80.7484_45.4693_-2.60381
80.7484_45.4693_-2.60381
80.3271_45.2_-2.54181
79.9174_44.9135_-2.52114
79.5076_44.6271_-2.54181
79.0978_44.3406_-2.52114
78.688_44.0541_-2.54181
78.688_44.0541_-2.54181
78.2782_43.7676_-2.52114
77.8684_43.4812_-2.54181
77.4587_43.1947_-2.52114
77.0489_42.9082_-2.54181
76.6391_42.6217_-2.52114
76.6391_42.6217_-2.52114
76.1863_42.4173_-2.91384
75.6896_42.3811_-3.22386
75.1909_42.417_-3.2032
74.6916_42.4427_-3.18253
74.1923_42.4683_-3.2032
74.1923_42.4683_-3.2032
73.7_42.4015_-2.8105
73.2255_42.2439_-2.83116
72.751_42.0863_-2.8105
72.2765_41.9286_-2.83116
71.802_41.771_-2.8105
71.802_41.771_-2.8105
71.3566_41.5472_-2.54181
70.9409_41.2693_-2.56248
70.5253_40.9913_-2.54181
70.1097_40.7134_-2.56248
69.6941_40.4355_-2.54181
69.6941_40.4355_-2.54181
69.2904_40.1406_-2.4798
68.8928_39.8374_-2.50047
68.4952_39.5343_-2.4798
68.0976_39.2311_-2.50047
67.7_38.9279_-2.4798
67.7_38.9279_-2.4798
67.2693_38.677_-2.74849
66.8094_38.4807_-2.72782
66.3537_38.275_-2.70715
65.898_38.0692_-2.72782
65.4423_37.8635_-2.70715
65.4423_37.8635_-2.70715
64.9866_37.6578_-2.72782
64.5268_37.4615_-2.74849
64.0669_37.2652_-2.72782
63.6071_37.0689_-2.74849
63.1472_36.8726_-2.72782
63.1472_36.8726_-2.72782
62.6835_36.6859_-2.78983
62.2123_36.5185_-2.8105
61.7412_36.3511_-2.78983
61.2701_36.1836_-2.8105
60.799_36.0162_-2.78983
60.799_36.0162_-2.78983
60.3092_35.9291_-3.14119
59.8092_35.9237_-3.12052
59.3095_35.908_-3.09985
58.8098_35.8923_-3.12052
58.31_35.8766_-3.09985
58.31_35.8766_-3.09985
57.8272_35.7595_-2.70715
57.4195_35.4745_-2.35579
57.0625_35.1244_-2.37646
56.6983_34.7819_-2.39713
56.3341_34.4393_-2.37646
56.3341_34.4393_-2.37646
55.9155_34.1717_-2.76916
55.4517_33.985_-2.74849
54.9919_33.7887_-2.72782
54.532_33.5924_-2.74849
54.0722_33.3961_-2.72782
54.0722_33.3961_-2.72782
53.6256_33.1718_-2.62448
53.1884_32.9291_-2.64515
52.7463_32.6956_-2.66582
52.3043_32.462_-2.64515
51.8622_32.2284_-2.66582
51.8622_32.2284_-2.66582
51.4027_32.0323_-2.8105
50.9316_31.8648_-2.78983
50.4605_31.6974_-2.8105
49.9894_31.53_-2.78983
49.5182_31.3626_-2.8105
49.5182_31.3626_-2.8105
49.0546_31.1759_-2.70715
48.5989_30.9702_-2.72782
48.1432_30.7644_-2.70715
47.6875_30.5587_-2.72782
47.2318_30.3529_-2.70715
47.2318_30.3529_-2.70715
46.749_30.2358_-3.09985
46.2582_30.3123_-3.49255
45.7943_30.4986_-3.55456
45.3343_30.6945_-3.53389
45.0265_30.7556_-3.14119
45.0265_30.7556_-3.14119
44.5393_30.6585_-2.74849
44.1264_30.3823_-2.35579
43.8505_29.9692_-1.96309
43.7165_29.6544_-1.98376
43.7165_29.6544_-1.98376
43.4321_29.247_-2.37646
43.0136_28.9794_-2.76916
42.5245_28.8924_-3.16186
42.0393_28.9992_-3.55456
41.6319_29.2835_-3.94726
41.6319_29.2835_-3.94726
41.2245_29.5678_-3.55456
40.7393_29.6746_-3.16186
40.2502_29.5876_-2.76916
39.8091_29.3545_-2.54181
39.3993_29.068_-2.52114
39.3993_29.068_-2.52114
39.0362_28.7265_-2.25245
38.7172_28.3415_-2.27312
38.3981_27.9565_-2.25245
38.0791_27.5715_-2.27312
37.7601_27.1865_-2.25245
37.7601_27.1865_-2.25245
37.4255_26.8152_-2.35579
37.0685_26.4652_-2.37646
36.7115_26.1152_-2.35579
36.3544_25.7652_-2.37646
35.9974_25.4152_-2.35579
35.9974_25.4152_-2.35579
35.5844_25.139_-2.74849
35.1169_24.9619_-2.8105
34.6458_24.7945_-2.78983
34.1747_24.6271_-2.8105
33.7035_24.4597_-2.78983
33.7035_24.4597_-2.78983
33.2795_24.2008_-2.39713
32.9868_23.7994_-2.00443
32.8701_23.3165_-1.61173
32.947_22.8257_-1.21903
33.1618_22.375_-1.03302
33.1618_22.375_-1.03302
33.3281_21.9069_-1.42572
33.4055_21.4129_-1.40505
33.4829_20.9189_-1.42572
33.5603_20.425_-1.40505
33.6377_19.931_-1.42572
33.6377_19.931_-1.42572
33.6327_19.433_-1.73574
33.5557_18.939_-1.71507
33.489_18.4435_-1.6944
33.4222_17.948_-1.71507
33.3554_17.4525_-1.6944
33.3554_17.4525_-1.6944
33.3915_16.957_-1.30171
33.5393_16.4794_-1.2397
33.7067_16.0083_-1.21903
33.8742_15.5371_-1.2397
34.0416_15.066_-1.21903
34.0416_15.066_-1.21903
34.209_14.5949_-1.2397
34.3764_14.1237_-1.21903
34.5535_13.6562_-1.19836
34.5535_13.6562_-1.19836
