configuration 46.843963623_148.978851318_-0.536406748472_0.843959596304_156.577575684_33.1800613403_0.186652677497_0.98242596565
length 206.25
time 7.58398
roughness 0.00030532
46.844_148.979_-1.13235
47.1141_148.56_-0.863659
47.4429_148.183_-0.84299
47.7716_147.806_-0.863659
48.1003_147.43_-0.84299
48.4291_147.053_-0.863659
48.4291_147.053_-0.863659
48.6719_146.62_-1.25636
48.8315_146.146_-1.23569
48.991_145.672_-1.25636
49.1506_145.198_-1.23569
49.3101_144.724_-1.25636
49.3101_144.724_-1.25636
49.4794_144.254_-1.19435
49.668_143.791_-1.17368
49.8566_143.328_-1.19435
50.0452_142.865_-1.17368
50.2338_142.402_-1.19435
50.2338_142.402_-1.19435
50.5031_141.984_-0.801653
50.8395_141.614_-0.863659
51.1682_141.238_-0.84299
51.5046_140.868_-0.822322
51.8411_140.498_-0.84299
51.8411_140.498_-0.84299
52.0929_140.07_-1.23569
52.2524_139.596_-1.25636
52.4119_139.122_-1.23569
52.5715_138.648_-1.25636
52.731_138.174_-1.23569
52.731_138.174_-1.23569
52.8906_137.7_-1.25636
53.0403_137.223_-1.27703
53.19_136.746_-1.25636
53.3397_136.269_-1.27703
53.4894_135.792_-1.25636
53.4894_135.792_-1.25636
53.6684_135.325_-1.15302
53.8665_134.866_-1.17368
54.0646_134.407_-1.15302
54.2627_133.948_-1.17368
54.4609_133.489_-1.15302
54.4609_133.489_-1.15302
54.659_133.03_-1.17368
54.8476_132.567_-1.19435
55.0362_132.104_-1.17368
55.2248_131.641_-1.19435
55.4134_131.178_-1.17368
55.4134_131.178_-1.17368
55.6115_130.719_-1.15302
55.8097_130.26_-1.17368
56.0078_129.801_-1.15302
56.2059_129.342_-1.17368
56.4041_128.883_-1.15302
56.4041_128.883_-1.15302
56.5634_128.409_-1.33903
56.6732_127.922_-1.3597
56.783_127.434_-1.33903
56.8928_126.946_-1.3597
57.0026_126.458_-1.33903
57.0026_126.458_-1.33903
57.2089_126.006_-0.946332
57.5054_125.604_-0.925664
57.8019_125.201_-0.946332
58.0984_124.799_-0.925664
58.3949_124.396_-0.946332
58.3949_124.396_-0.946332
58.6107_123.948_-1.29769
58.7505_123.468_-1.27703
58.9002_122.991_-1.25636
59.05_122.514_-1.27703
59.1997_122.037_-1.25636
59.1997_122.037_-1.25636
59.3786_121.57_-1.15302
59.5767_121.111_-1.17368
59.7748_120.652_-1.15302
59.973_120.193_-1.17368
60.1711_119.734_-1.15302
60.1711_119.734_-1.15302
60.3692_119.275_-1.17368
60.5674_118.816_-1.15302
60.7655_118.357_-1.17368
60.9636_117.898_-1.15302
61.1617_117.438_-1.17368
61.1617_117.438_-1.17368
61.3599_116.979_-1.15302
61.5675_116.525_-1.13235
61.775_116.07_-1.15302
61.9826_115.615_-1.13235
62.1902_115.16_-1.15302
62.1902_115.16_-1.15302
62.4163_114.714_-1.04967
62.6697_114.283_-1.02901
62.9231_113.852_-1.04967
63.1764_113.421_-1.02901
63.4298_112.99_-1.04967
63.4298_112.99_-1.04967
63.6466_112.54_-1.19435
63.8352_112.077_-1.17368
64.0238_111.614_-1.19435
64.2124_111.151_-1.17368
64.401_110.688_-1.19435
64.401_110.688_-1.19435
64.5896_110.225_-1.17368
64.7877_109.766_-1.15302
64.9858_109.307_-1.17368
65.184_108.848_-1.15302
65.3821_108.389_-1.17368
65.3821_108.389_-1.17368
65.5707_107.925_-1.19435
65.7593_107.462_-1.17368
65.9479_106.999_-1.19435
66.1365_106.536_-1.17368
66.3251_106.073_-1.19435
66.3251_106.073_-1.19435
66.4944_105.603_-1.25636
66.6539_105.129_-1.23569
66.8135_104.655_-1.25636
66.973_104.181_-1.23569
67.1326_103.707_-1.25636
67.1326_103.707_-1.25636
67.321_103.245_-1.11168
67.5379_102.794_-1.13235
67.7549_102.344_-1.11168
67.9718_101.893_-1.13235
68.1887_101.443_-1.11168
68.1887_101.443_-1.11168
68.3963_100.988_-1.17368
68.5849_100.525_-1.19435
68.7735_100.062_-1.17368
68.9621_99.5989_-1.19435
69.1507_99.1358_-1.17368
69.1507_99.1358_-1.17368
69.3393_98.6728_-1.19435
69.5279_98.2097_-1.17368
69.7165_97.7466_-1.19435
69.9051_97.2836_-1.17368
70.0937_96.8205_-1.19435
70.0937_96.8205_-1.19435
70.2233_96.3387_-1.4217
70.3026_95.8451_-1.40104
70.3922_95.3532_-1.38037
70.4817_94.8613_-1.40104
70.5713_94.3694_-1.38037
70.5713_94.3694_-1.38037
70.7587_93.9093_-0.987669
71.0865_93.5337_-0.71898
71.4593_93.2005_-0.739648
71.8321_92.8673_-0.71898
72.2049_92.5342_-0.739648
72.2049_92.5342_-0.739648
72.4995_92.1341_-1.13235
72.6976_91.6751_-1.19435
72.8862_91.2121_-1.17368
73.0748_90.749_-1.19435
73.2634_90.286_-1.17368
73.2634_90.286_-1.17368
73.4709_89.8312_-1.11168
73.6879_89.3807_-1.13235
73.9048_88.9302_-1.11168
74.1217_88.4797_-1.13235
74.3387_88.0293_-1.11168
74.3387_88.0293_-1.11168
74.4677_87.5495_-1.50438
74.4033_87.0569_-1.89708
74.1554_86.6264_-2.28978
73.8_86.2753_-2.43445
73.4166_85.9544_-2.45512
73.4166_85.9544_-2.45512
73.1011_85.5706_-2.06242
72.9566_85.0953_-1.66973
73.0049_84.6009_-1.27703
73.1932_84.1385_-1.09101
73.4286_83.6974_-1.07034
73.4286_83.6974_-1.07034
73.6819_83.2664_-1.00834
73.9529_82.8462_-0.987669
74.2239_82.426_-1.00834
74.4949_82.0058_-0.987669
74.7659_81.5856_-1.00834
74.7659_81.5856_-1.00834
75.1077_81.2251_-0.615638
75.5301_80.958_-0.512296
75.9633_80.7084_-0.532965
76.3966_80.4588_-0.512296
76.8298_80.2093_-0.532965
76.8298_80.2093_-0.532965
77.2002_79.8782_-0.925664
77.4439_79.4433_-1.19435
77.6325_78.9803_-1.17368
77.8211_78.5172_-1.19435
78.0097_78.0542_-1.17368
78.0097_78.0542_-1.17368
78.1887_77.5874_-1.23569
78.358_77.1169_-1.21502
78.5273_76.6465_-1.23569
78.6869_76.1726_-1.25636
78.8464_75.6988_-1.23569
78.8464_75.6988_-1.23569
79.0157_75.2283_-1.21502
79.185_74.7579_-1.23569
79.3543_74.2874_-1.21502
79.5236_73.817_-1.23569
79.6929_73.3465_-1.21502
79.6929_73.3465_-1.21502
79.8622_72.876_-1.23569
80.0218_72.4022_-1.25636
80.1813_71.9283_-1.23569
80.3506_71.4579_-1.21502
80.5199_70.9874_-1.23569
80.5199_70.9874_-1.23569
80.7543_70.5481_-0.925664
81.0508_70.1455_-0.946332
81.3473_69.7429_-0.925664
81.6438_69.3403_-0.946332
81.9403_68.9377_-0.925664
81.9403_68.9377_-0.925664
82.1932_68.5076_-1.15302
82.4008_68.0527_-1.13235
82.6083_67.5979_-1.15302
82.8159_67.143_-1.13235
83.0235_66.6881_-1.15302
83.0235_66.6881_-1.15302
83.2216_66.2291_-1.17368
83.4197_65.77_-1.15302
83.6179_65.3109_-1.17368
83.816_64.8519_-1.15302
84.0141_64.3928_-1.17368
84.0141_64.3928_-1.17368
84.1834_63.9226_-1.27703
84.3331_63.4455_-1.25636
84.4828_62.9685_-1.27703
84.6325_62.4914_-1.25636
84.7822_62.0144_-1.27703
84.7822_62.0144_-1.27703
84.9418_61.5406_-1.21502
85.1207_61.0737_-1.19435
85.2997_60.6069_-1.21502
85.4787_60.14_-1.19435
85.6577_59.6732_-1.21502
85.6577_59.6732_-1.21502
85.7773_59.1888_-1.44237
85.8362_58.6923_-1.46304
85.8951_58.1958_-1.44237
85.954_57.6993_-1.46304
86.013_57.2028_-1.44237
86.013_57.2028_-1.44237
86.0923_56.7092_-1.38037
86.1819_56.2173_-1.40104
86.2843_55.8366_-1.21502
86.2843_55.8366_-1.21502
86.5448_55.4137_-0.822322
86.9474_55.1226_-0.429623
87.4308_55.0078_-0.0369237
87.4308_55.0078_-0.429623
87.4308_55.0078_-0.822322
87.4308_55.0078_-0.822322
87.7515_54.6245_-0.925664
88.048_54.2219_-0.946332
88.3445_53.8193_-0.925664
88.641_53.4167_-0.946332
88.9375_53.0141_-0.925664
88.9375_53.0141_-0.925664
89.3079_52.6831_-0.532965
89.7509_52.4517_-0.429623
90.2033_52.2388_-0.450291
90.6557_52.0258_-0.429623
91.1081_51.8129_-0.450291
91.1081_51.8129_-0.450291
91.5724_51.6285_-0.305613
92.0476_51.4732_-0.326281
92.5229_51.3178_-0.305613
92.9981_51.1625_-0.326281
93.4734_51.0071_-0.305613
93.4734_51.0071_-0.305613
93.9672_50.9529_0.0870866
94.4442_51.0919_0.479786
94.8317_51.4028_0.872485
95.107_51.8188_1.09984
95.3293_52.2667_1.12051
95.3293_52.2667_1.12051
95.6286_52.6632_0.727806
96.0568_52.915_0.335107
96.5489_52.9837_-0.057592
97.0477_52.9497_-0.0782604
97.5465_52.9158_-0.057592
97.5465_52.9158_-0.057592
98.0386_52.9845_0.335107
98.4668_53.2363_0.727806
98.7993_53.6083_0.955158
99.0922_54.0135_0.93449
99.3852_54.4187_0.955158
99.3852_54.4187_0.955158
99.7457_54.7605_0.562459
100.21_54.9383_0.16976
100.706_54.9251_-0.222939
101.177_54.7603_-0.450291
101.625_54.5381_-0.470959
101.625_54.5381_-0.470959
102.103_54.4034_-0.0782604
102.603_54.4004_0.0664182
103.102_54.4284_0.0457498
103.601_54.4565_0.0664182
104.1_54.4845_0.0457498
104.1_54.4845_0.0457498
104.583_54.6036_0.438449
105.037_54.8112_0.417781
105.492_55.0188_0.438449
105.947_55.2263_0.417781
106.402_55.4339_0.438449
106.402_55.4339_0.438449
106.857_55.6415_0.417781
107.316_55.8396_0.397112
107.775_56.0377_0.417781
108.234_56.2359_0.397112
108.693_56.434_0.417781
108.693_56.434_0.417781
109.099_56.7203_0.81048
109.432_57.093_0.872485
109.75_57.4793_0.893153
110.067_57.8655_0.872485
110.393_58.2452_0.851816
110.393_58.2452_0.851816
110.65_58.671_1.20318
110.825_59.1394_1.22385
111_59.6078_1.20318
111.174_60.0762_1.22385
111.349_60.5446_1.20318
111.349_60.5446_1.20318
111.615_60.9645_0.81048
112.021_61.2508_0.417781
112.506_61.3599_0.0250815
113.005_61.3466_-0.0782604
113.504_61.3127_-0.057592
113.504_61.3127_-0.057592
114.003_61.2787_-0.0782604
114.502_61.2448_-0.057592
115_61.2108_-0.0782604
115.499_61.1769_-0.057592
115.998_61.143_-0.0782604
115.998_61.143_-0.0782604
116.498_61.1297_0.0250815
116.998_61.1371_0.00441308
117.498_61.1444_0.0250815
117.998_61.1518_0.00441308
118.498_61.1592_0.0250815
118.498_61.1592_0.0250815
118.81_61.2028_0.252434
118.81_61.2028_0.252434
119.286_61.3524_0.355775
119.757_61.5217_0.335107
120.227_61.691_0.355775
120.694_61.87_0.376444
121.161_62.049_0.355775
121.161_62.049_0.355775
121.652_62.1279_-0.0369237
122.135_62.013_-0.429623
122.544_61.73_-0.780985
122.903_61.3817_-0.760317
123.269_61.0409_-0.739648
123.269_61.0409_-0.739648
123.648_60.7155_-0.677643
124.034_60.398_-0.698312
124.421_60.0806_-0.677643
124.807_59.7631_-0.698312
125.193_59.4456_-0.677643
125.193_59.4456_-0.677643
125.512_59.0646_-1.07034
125.747_58.6235_-1.09101
125.983_58.1823_-1.07034
126.218_57.7412_-1.09101
126.453_57.3001_-1.07034
126.453_57.3001_-1.07034
126.642_56.838_-1.29769
126.781_56.358_-1.27703
126.921_55.8779_-1.29769
127.061_55.3979_-1.27703
127.201_54.9179_-1.29769
127.201_54.9179_-1.29769
127.408_54.4648_-0.987669
127.679_54.0446_-1.00834
127.941_53.6189_-1.02901
128.203_53.1932_-1.00834
128.465_52.7675_-1.02901
128.465_52.7675_-1.02901
128.8_52.4_-0.636306
129.205_52.1071_-0.615638
129.616_51.8226_-0.59497
130.027_51.5381_-0.615638
130.438_51.2536_-0.59497
130.438_51.2536_-0.59497
130.849_50.9691_-0.615638
131.261_50.6846_-0.59497
131.672_50.4001_-0.615638
132.083_50.1156_-0.59497
132.494_49.8311_-0.615638
132.494_49.8311_-0.615638
132.836_49.4706_-1.00834
133.014_49.0067_-1.40104
133.073_48.5104_-1.50438
133.111_48.0119_-1.48371
133.149_47.5134_-1.50438
133.149_47.5134_-1.50438
133.218_47.0186_-1.3597
133.318_46.5287_-1.38037
133.408_46.0368_-1.40104
133.497_45.5449_-1.38037
133.597_45.0549_-1.3597
133.597_45.0549_-1.3597
133.615_44.5578_-1.71106
133.54_44.0635_-1.73173
133.465_43.5691_-1.71106
133.39_43.0748_-1.73173
133.314_42.5805_-1.71106
133.314_42.5805_-1.71106
133.342_42.0844_-1.31836
133.549_41.6319_-0.967
133.828_41.2174_-0.987669
134.108_40.8029_-0.967
134.388_40.3884_-0.987669
134.388_40.3884_-0.987669
134.737_40.0351_-0.59497
135.159_39.7678_-0.532965
135.593_39.5183_-0.512296
136.026_39.2687_-0.532965
136.459_39.0191_-0.512296
136.459_39.0191_-0.512296
136.836_38.6958_-0.904995
137.061_38.2527_-1.29769
137.099_37.7574_-1.69039
136.953_37.3101_-2.08309
136.953_37.3101_-1.69039
136.953_37.3101_-1.69039
136.991_36.8147_-1.29769
137.216_36.3717_-0.904995
137.529_35.9817_-0.884327
137.842_35.5917_-0.904995
138.154_35.2017_-0.884327
138.154_35.2017_-0.884327
138.434_34.7878_-1.07034
138.669_34.3467_-1.09101
138.904_33.9055_-1.07034
139.14_33.4644_-1.09101
139.375_33.0233_-1.07034
139.375_33.0233_-1.07034
139.694_32.6423_-0.677643
140.099_32.3495_-0.574301
140.516_32.0735_-0.59497
140.933_31.7976_-0.574301
141.35_31.5216_-0.59497
141.35_31.5216_-0.59497
141.35_31.5216_-0.987669
141.36_31.4974_-1.38037
141.357_31.0791_-1.77307
141.195_30.6935_-2.16577
140.934_30.4362_-2.55847
140.934_30.4362_-2.55847
140.581_30.087_-2.16577
140.388_29.6292_-1.77307
140.385_29.1324_-1.38037
140.573_28.6723_-0.987669
140.861_28.2637_-0.925664
140.861_28.2637_-0.925664
141.231_27.9327_-0.532965
141.7_27.7686_-0.140266
142.199_27.7656_0.128423
142.695_27.8245_0.107755
143.192_27.8835_0.128423
143.192_27.8835_0.128423
143.673_28.0129_0.397112
144.136_28.2015_0.376444
144.599_28.3901_0.397112
145.062_28.5787_0.376444
145.525_28.7673_0.397112
145.525_28.7673_0.397112
145.988_28.9559_0.376444
146.451_29.1445_0.397112
146.914_29.3331_0.376444
147.377_29.5217_0.397112
147.84_29.7103_0.376444
147.84_29.7103_0.376444
148.329_29.7993_-0.0162553
148.815_29.6945_-0.408954
149.223_29.4118_-0.801653
149.438_29.263_-0.408954
149.438_29.263_-0.408954
149.924_29.1582_-0.0162553
150.413_29.2472_0.376444
150.858_29.4731_0.562459
151.278_29.7441_0.583128
151.698_30.015_0.562459
151.698_30.015_0.562459
152.119_30.286_0.583128
152.539_30.557_0.562459
152.959_30.828_0.583128
153.379_31.099_0.562459
153.799_31.37_0.583128
153.799_31.37_0.583128
154.22_31.641_0.562459
154.64_31.9119_0.583128
155.06_32.1829_0.562459
155.48_32.4539_0.583128
155.895_32.7335_0.603796
155.895_32.7335_0.603796
156.309_33.0131_0.583128
156.578_33.1787_0.521122
156.578_33.1787_0.521122
