configuration 176.556686401_134.7056427_-0.977472527886_0.211062685542_59.5791053772_36.8438796997_0.982426073578_-0.18665210943
length 188.986
time 7.70436
roughness 0.000299134
176.557_134.706_-2.71627
176.146_134.424_-2.36491
175.786_134.078_-2.38557
175.419_133.738_-2.40624
175.052_133.399_-2.38557
174.684_133.06_-2.40624
174.684_133.06_-2.40624
174.258_132.805_-2.79894
173.766_132.733_-3.19164
173.267_132.763_-3.21231
172.769_132.803_-3.23298
172.272_132.854_-3.25365
172.272_132.854_-3.25365
171.777_132.812_-2.86095
171.301_132.659_-2.79894
170.832_132.486_-2.77827
170.362_132.313_-2.79894
169.893_132.14_-2.77827
169.893_132.14_-2.77827
169.472_131.877_-2.38557
169.112_131.53_-2.36491
168.752_131.183_-2.38557
168.392_130.836_-2.36491
168.031_130.49_-2.38557
168.031_130.49_-2.38557
167.651_130.166_-2.48892
167.256_129.858_-2.46825
166.862_129.55_-2.48892
166.468_129.243_-2.46825
166.074_128.935_-2.48892
166.074_128.935_-2.48892
165.746_128.562_-2.09622
165.537_128.109_-1.9102
165.385_127.632_-1.8482
165.373_127.609_-2.2409
165.373_127.609_-2.2409
164.995_127.287_-2.6336
164.522_127.135_-3.02629
164.023_127.145_-3.29498
163.53_127.226_-3.31565
163.112_127.217_-2.92295
163.112_127.217_-2.92295
162.657_127.016_-2.53025
162.263_126.709_-2.42691
161.889_126.377_-2.40624
161.515_126.046_-2.42691
161.141_125.714_-2.40624
161.141_125.714_-2.40624
160.714_125.459_-2.79894
160.238_125.306_-2.86095
159.759_125.162_-2.84028
159.28_125.019_-2.86095
158.801_124.876_-2.84028
158.801_124.876_-2.84028
158.329_124.712_-2.77827
157.86_124.54_-2.79894
157.39_124.367_-2.77827
156.921_124.194_-2.79894
156.452_124.021_-2.77827
156.452_124.021_-2.77827
155.987_123.839_-2.75761
155.521_123.656_-2.77827
155.056_123.474_-2.75761
154.59_123.291_-2.77827
154.125_123.109_-2.75761
154.125_123.109_-2.75761
153.663_122.916_-2.73694
153.201_122.724_-2.75761
152.74_122.532_-2.73694
152.278_122.34_-2.75761
151.817_122.148_-2.73694
151.817_122.148_-2.73694
151.373_121.919_-2.59226
150.944_121.662_-2.61293
150.509_121.414_-2.6336
150.075_121.167_-2.61293
149.641_120.919_-2.6336
149.641_120.919_-2.6336
149.242_120.62_-2.36491
148.881_120.274_-2.38557
148.514_119.934_-2.40624
148.147_119.595_-2.38557
147.779_119.256_-2.40624
147.779_119.256_-2.40624
147.405_118.924_-2.42691
147.024_118.601_-2.44758
146.643_118.277_-2.42691
146.262_117.953_-2.44758
145.881_117.629_-2.42691
145.881_117.629_-2.42691
145.45_117.383_-2.81961
144.957_117.321_-3.21231
144.459_117.372_-3.27431
143.965_117.443_-3.29498
143.47_117.514_-3.27431
143.47_117.514_-3.27431
142.973_117.575_-3.25365
142.477_117.636_-3.27431
141.981_117.697_-3.25365
141.484_117.748_-3.23298
140.986_117.799_-3.25365
140.986_117.799_-3.25365
140.491_117.757_-2.86095
140.05_117.529_-2.46825
139.705_117.169_-2.19956
139.407_116.767_-2.22023
139.109_116.366_-2.19956
139.109_116.366_-2.19956
138.744_116.029_-2.59226
138.296_115.809_-2.77827
137.83_115.626_-2.75761
137.365_115.444_-2.77827
136.899_115.261_-2.75761
136.899_115.261_-2.75761
136.437_115.069_-2.73694
135.98_114.868_-2.71627
135.522_114.666_-2.73694
135.065_114.465_-2.71627
134.607_114.263_-2.73694
134.607_114.263_-2.73694
134.127_114.13_-3.00563
133.632_114.057_-2.98496
133.139_113.974_-2.96429
132.646_113.891_-2.98496
132.153_113.808_-2.96429
132.153_113.808_-2.96429
131.682_113.645_-2.65426
131.238_113.416_-2.67493
130.789_113.195_-2.6956
130.341_112.975_-2.67493
129.892_112.755_-2.6956
129.892_112.755_-2.6956
129.438_112.544_-2.71627
128.981_112.342_-2.73694
128.523_112.141_-2.71627
128.066_111.939_-2.73694
127.608_111.737_-2.71627
127.608_111.737_-2.71627
127.147_111.545_-2.77827
126.677_111.373_-2.79894
126.208_111.2_-2.77827
125.739_111.027_-2.79894
125.27_110.854_-2.77827
125.27_110.854_-2.77827
124.843_110.599_-2.42691
124.462_110.275_-2.44758
124.081_109.951_-2.42691
123.7_109.627_-2.44758
123.319_109.304_-2.42691
123.319_109.304_-2.42691
122.887_109.057_-2.81961
122.415_108.894_-2.79894
121.942_108.731_-2.81961
121.47_108.568_-2.79894
120.997_108.405_-2.81961
120.997_108.405_-2.81961
120.513_108.282_-2.96429
120.022_108.188_-2.94362
119.53_108.095_-2.96429
119.039_108.002_-2.94362
118.548_107.909_-2.96429
118.548_107.909_-2.96429
118.085_107.727_-2.57159
117.667_107.453_-2.55092
117.249_107.179_-2.57159
116.831_106.905_-2.55092
116.413_106.631_-2.57159
116.413_106.631_-2.57159
115.989_106.365_-2.59226
115.566_106.1_-2.57159
115.147_105.826_-2.55092
114.729_105.551_-2.57159
114.729_105.551_-2.57159
114.277_105.341_-2.84028
113.798_105.198_-2.86095
113.319_105.054_-2.84028
112.975_104.867_-2.44758
112.975_104.867_-2.44758
112.569_104.576_-2.59226
112.14_104.319_-2.61293
111.705_104.072_-2.6336
111.486_103.885_-2.2409
111.486_103.885_-2.2409
111.18_103.49_-2.22023
110.873_103.095_-2.2409
110.567_102.7_-2.22023
110.26_102.305_-2.2409
109.954_101.91_-2.22023
109.954_101.91_-2.22023
109.736_101.463_-1.82753
109.706_100.968_-1.43483
109.779_100.473_-1.41416
109.862_99.9798_-1.39349
109.945_99.4868_-1.41416
109.945_99.4868_-1.41416
109.926_98.9904_-1.80686
109.736_98.53_-2.11689
109.481_98.1001_-2.09622
109.225_97.6701_-2.11689
108.97_97.2402_-2.09622
108.97_97.2402_-2.09622
108.81_96.7701_-1.70352
108.821_96.2722_-1.39349
108.904_95.7792_-1.41416
108.977_95.2845_-1.43483
109.05_94.7899_-1.41416
109.05_94.7899_-1.41416
109.221_94.3237_-1.02146
109.544_93.9442_-0.711436
109.919_93.6138_-0.732105
110.294_93.2835_-0.711436
110.67_92.9531_-0.732105
110.67_92.9531_-0.732105
110.967_92.5554_-1.1248
111.09_92.074_-1.5175
111.019_91.5823_-1.9102
110.848_91.1125_-1.93087
110.677_90.6428_-1.9102
110.677_90.6428_-1.9102
110.677_90.6428_-1.5175
110.741_90.3894_-1.1248
111.039_89.9917_-0.732105
111.466_89.7381_-0.339406
111.958_89.6672_0.0532933
111.958_89.6672_0.0532933
112.449_89.5964_-0.339406
112.877_89.3428_-0.732105
113.174_88.945_-1.1248
113.366_88.4836_-1.22815
113.539_88.0144_-1.20748
113.539_88.0144_-1.20748
113.682_87.5359_-1.35216
113.796_87.0489_-1.33149
113.919_86.5644_-1.31082
114.043_86.0799_-1.33149
114.166_85.5954_-1.31082
114.166_85.5954_-1.31082
114.27_85.1065_-1.41416
114.353_84.6134_-1.39349
114.446_84.1222_-1.37282
114.539_83.631_-1.39349
114.633_83.1398_-1.37282
114.633_83.1398_-1.37282
114.716_82.6468_-1.43483
114.789_82.1522_-1.41416
114.862_81.6575_-1.43483
114.934_81.1629_-1.41416
115.007_80.6682_-1.43483
115.007_80.6682_-1.43483
115.169_80.1986_-1.04213
115.435_79.775_-0.980125
115.718_79.3626_-0.959457
116_78.9502_-0.980125
116.283_78.5378_-0.959457
116.283_78.5378_-0.959457
116.493_78.0869_-1.31082
116.626_77.605_-1.29015
116.77_77.1261_-1.26948
116.913_76.6471_-1.29015
117.057_76.1681_-1.26948
117.057_76.1681_-1.26948
117.219_75.8694_-0.876783
117.463_75.672_-0.484084
117.739_75.5904_-0.0913853
117.999_75.6178_0.301314
118.229_75.7426_0.694013
118.229_75.7426_0.694013
118.229_75.7426_0.301314
118.229_75.7426_-0.0913853
118.705_75.6016_-0.484084
119.091_75.2891_-0.876783
119.328_74.8526_-1.26948
119.328_74.8526_-1.26948
119.557_74.4107_-0.91812
119.864_74.0166_-0.897452
120.08_73.5985_-1.29015
120.08_73.5985_-1.29015
120.234_73.1226_-1.22815
120.397_72.65_-1.24881
120.56_72.1774_-1.22815
120.723_71.7047_-1.24881
120.859_71.251_-1.31082
120.859_71.251_-1.31082
120.982_70.7665_-1.33149
121.106_70.282_-1.31082
121.229_69.7976_-1.33149
121.353_69.3131_-1.31082
121.477_68.8286_-1.33149
121.477_68.8286_-1.33149
121.539_68.3336_-1.55884
121.54_67.8336_-1.57951
121.541_67.3336_-1.55884
121.552_66.8337_-1.53817
121.563_66.3339_-1.55884
121.563_66.3339_-1.55884
121.523_65.8362_-1.74486
121.441_65.3429_-1.72419
121.36_64.8496_-1.74486
121.268_64.3581_-1.76552
121.176_63.8666_-1.74486
121.176_63.8666_-1.74486
120.996_63.4035_-2.13755
120.653_63.0445_-2.53025
120.21_62.8156_-2.79894
119.741_62.6427_-2.77827
119.275_62.4602_-2.75761
119.275_62.4602_-2.75761
118.803_62.2972_-2.86095
118.321_62.1637_-2.88162
117.839_62.0302_-2.86095
117.358_61.8967_-2.88162
116.876_61.7631_-2.86095
116.876_61.7631_-2.86095
116.403_61.6001_-2.75761
115.942_61.408_-2.73694
115.48_61.2159_-2.75761
115.018_61.0238_-2.73694
114.557_60.8317_-2.75761
114.557_60.8317_-2.75761
114.095_60.6397_-2.73694
113.638_60.4381_-2.71627
113.18_60.2365_-2.73694
112.723_60.0349_-2.71627
112.265_59.8333_-2.73694
112.265_59.8333_-2.73694
111.807_59.6317_-2.71627
111.35_59.4301_-2.73694
110.892_59.2285_-2.71627
110.435_59.027_-2.73694
109.977_58.8254_-2.71627
109.977_58.8254_-2.71627
109.52_58.6238_-2.73694
109.062_58.4222_-2.71627
108.605_58.2206_-2.73694
108.147_58.019_-2.71627
107.689_57.8174_-2.73694
107.689_57.8174_-2.73694
107.232_57.6159_-2.71627
106.774_57.4143_-2.73694
106.317_57.2127_-2.71627
105.859_57.0111_-2.73694
105.402_56.8095_-2.71627
105.402_56.8095_-2.71627
104.944_56.6079_-2.73694
104.487_56.4063_-2.71627
104.029_56.2047_-2.73694
103.571_56.0032_-2.71627
103.114_55.8016_-2.73694
103.114_55.8016_-2.73694
102.656_55.6_-2.71627
102.199_55.3984_-2.73694
101.741_55.1968_-2.71627
101.284_54.9952_-2.73694
100.826_54.7936_-2.71627
100.826_54.7936_-2.71627
100.369_54.5921_-2.73694
99.907_54.4_-2.75761
99.4454_54.2079_-2.73694
98.9838_54.0158_-2.75761
98.5221_53.8237_-2.73694
98.5221_53.8237_-2.73694
98.0646_53.6221_-2.71627
97.607_53.4205_-2.73694
97.1495_53.2189_-2.71627
96.6919_53.0174_-2.73694
96.2344_52.8158_-2.71627
96.2344_52.8158_-2.71627
95.7768_52.6142_-2.73694
95.3193_52.4126_-2.71627
94.8617_52.211_-2.73694
94.4042_52.0094_-2.71627
93.9466_51.8078_-2.73694
93.9466_51.8078_-2.73694
93.4891_51.6063_-2.71627
93.0315_51.4047_-2.73694
92.574_51.2031_-2.71627
92.1164_51.0015_-2.73694
91.6589_50.7999_-2.71627
91.6589_50.7999_-2.71627
91.2013_50.5983_-2.73694
90.7438_50.3967_-2.71627
90.2862_50.1951_-2.73694
89.8287_49.9936_-2.71627
89.3711_49.792_-2.73694
89.3711_49.792_-2.73694
88.9135_49.5904_-2.71627
88.4603_49.3794_-2.6956
88.007_49.1684_-2.71627
87.5537_48.9574_-2.6956
87.1004_48.7464_-2.71627
87.1004_48.7464_-2.71627
86.6428_48.5448_-2.73694
86.1853_48.3432_-2.71627
85.7277_48.1416_-2.73694
85.2702_47.94_-2.71627
84.8126_47.7385_-2.73694
84.8126_47.7385_-2.73694
84.364_47.5182_-2.6336
83.9247_47.2795_-2.65426
83.4853_47.0409_-2.6336
83.046_46.8022_-2.65426
82.6066_46.5635_-2.6336
82.6066_46.5635_-2.6336
82.158_46.3433_-2.73694
81.6964_46.1512_-2.75761
81.2347_45.9591_-2.73694
80.7731_45.767_-2.75761
80.3115_45.5749_-2.73694
80.3115_45.5749_-2.73694
79.8499_45.3828_-2.75761
79.3883_45.1907_-2.73694
78.9266_44.9987_-2.75761
78.465_44.8066_-2.73694
78.0034_44.6145_-2.75761
78.0034_44.6145_-2.75761
77.5418_44.4224_-2.73694
77.0802_44.2303_-2.75761
76.6185_44.0382_-2.73694
76.1569_43.8461_-2.75761
75.6953_43.654_-2.73694
75.6953_43.654_-2.73694
75.2337_43.462_-2.75761
74.7721_43.2699_-2.73694
74.3104_43.0778_-2.75761
73.8488_42.8857_-2.73694
73.3872_42.6936_-2.75761
73.3872_42.6936_-2.75761
72.9256_42.5015_-2.73694
72.464_42.3094_-2.75761
72.0023_42.1173_-2.73694
71.5407_41.9253_-2.75761
71.0791_41.7332_-2.73694
71.0791_41.7332_-2.73694
70.6011_41.59_-2.96429
70.1099_41.4968_-2.94362
69.6187_41.4035_-2.96429
69.1275_41.3102_-2.94362
68.6383_41.2068_-2.92295
68.6383_41.2068_-2.92295
68.1667_41.0441_-2.6956
67.7179_40.8237_-2.67493
67.269_40.6034_-2.6956
66.8202_40.3831_-2.67493
66.3714_40.1628_-2.6956
66.3714_40.1628_-2.6956
65.9225_39.9424_-2.67493
65.4737_39.7221_-2.6956
65.0249_39.5018_-2.67493
64.576_39.2815_-2.6956
64.1272_39.0612_-2.67493
64.1272_39.0612_-2.67493
63.6485_38.9285_-3.06763
63.1554_38.9891_-3.46033
62.7024_39.1982_-3.68768
62.7024_39.1982_-3.68768
62.2357_39.3685_-3.29498
61.7393_39.3471_-2.90228
61.2889_39.1375_-2.50958
60.9374_38.7848_-2.19956
60.6475_38.3774_-2.17889
60.6475_38.3774_-2.17889
60.3576_37.97_-2.19956
60.0678_37.5626_-2.17889
59.7864_37.1493_-2.15822
59.5279_36.89_-2.55092
59.5279_36.89_-2.55092
