configuration 176.556686401_134.7056427_-0.977472527886_0.211062685542_59.5791053772_36.8438796997_0.982426073578_-0.18665210943
length 187.596
time 3.55888
roughness 0.000252348
176.557_134.706_-2.71627
176.103_134.495_-2.6956
175.655_134.274_-2.67493
175.206_134.054_-2.6956
174.757_133.834_-2.67493
174.308_133.613_-2.6956
174.308_133.613_-2.6956
173.904_133.324_-2.34424
173.551_132.97_-2.36491
173.198_132.615_-2.34424
172.845_132.261_-2.36491
172.492_131.907_-2.34424
172.492_131.907_-2.34424
172.082_131.626_-2.73694
171.625_131.425_-2.71627
171.167_131.223_-2.73694
170.709_131.021_-2.71627
170.252_130.82_-2.73694
170.252_130.82_-2.73694
169.842_130.539_-2.34424
169.497_130.178_-2.32357
169.151_129.816_-2.34424
168.805_129.455_-2.32357
168.46_129.094_-2.34424
168.46_129.094_-2.34424
168.05_128.813_-2.73694
167.588_128.621_-2.75761
167.127_128.429_-2.73694
166.665_128.236_-2.75761
166.204_128.044_-2.73694
166.204_128.044_-2.73694
165.735_127.872_-2.84028
165.259_127.718_-2.81961
164.786_127.555_-2.79894
164.313_127.392_-2.81961
163.841_127.229_-2.79894
163.841_127.229_-2.79894
163.379_127.037_-2.6956
162.926_126.826_-2.71627
162.473_126.615_-2.6956
162.02_126.404_-2.71627
161.566_126.193_-2.6956
161.566_126.193_-2.6956
161.122_125.963_-2.6336
160.688_125.716_-2.61293
160.253_125.468_-2.6336
159.819_125.22_-2.61293
159.385_124.973_-2.6336
159.385_124.973_-2.6336
158.936_124.752_-2.73694
158.475_124.56_-2.75761
158.013_124.368_-2.73694
157.551_124.176_-2.75761
157.09_123.984_-2.73694
157.09_123.984_-2.73694
156.628_123.792_-2.75761
156.166_123.6_-2.73694
155.705_123.408_-2.75761
155.243_123.216_-2.73694
154.782_123.024_-2.75761
154.782_123.024_-2.75761
154.316_122.841_-2.77827
153.851_122.659_-2.75761
153.389_122.466_-2.73694
152.927_122.274_-2.75761
152.462_122.092_-2.77827
152.462_122.092_-2.77827
151.993_121.919_-2.79894
151.524_121.746_-2.77827
151.054_121.573_-2.79894
150.585_121.4_-2.77827
150.116_121.228_-2.79894
150.116_121.228_-2.79894
149.668_121.008_-2.57159
149.245_120.742_-2.59226
148.821_120.477_-2.57159
148.397_120.211_-2.59226
147.973_119.946_-2.57159
147.973_119.946_-2.57159
147.58_119.639_-2.38557
147.213_119.299_-2.40624
146.845_118.96_-2.38557
146.478_118.621_-2.40624
146.111_118.282_-2.38557
146.111_118.282_-2.38557
145.69_118.018_-2.77827
145.211_117.875_-2.92295
144.722_117.771_-2.94362
144.233_117.668_-2.92295
143.744_117.564_-2.94362
143.744_117.564_-2.94362
143.247_117.564_-3.33632
142.787_117.753_-3.72902
142.436_118.104_-4.12172
142.345_118.321_-4.51442
142.345_118.53_-4.90712
142.345_118.53_-4.90712
142.345_118.53_-4.51442
142.345_118.53_-4.12172
141.993_118.881_-3.72902
141.534_119.07_-3.33632
141.037_119.069_-2.94362
141.037_119.069_-2.94362
140.578_118.879_-2.55092
140.205_118.548_-2.28223
139.875_118.173_-2.3029
139.537_117.804_-2.32357
139.199_117.436_-2.3029
139.199_117.436_-2.3029
138.853_117.075_-2.36491
138.5_116.72_-2.34424
138.147_116.366_-2.36491
137.794_116.012_-2.34424
137.441_115.658_-2.36491
137.441_115.658_-2.36491
137.026_115.386_-2.75761
136.56_115.203_-2.77827
136.091_115.03_-2.79894
135.622_114.858_-2.77827
135.153_114.685_-2.79894
135.153_114.685_-2.79894
134.674_114.541_-2.90228
134.19_114.418_-2.88162
133.705_114.294_-2.90228
133.221_114.171_-2.88162
132.739_114.037_-2.86095
132.739_114.037_-2.86095
132.274_113.855_-2.67493
131.83_113.625_-2.65426
131.386_113.396_-2.67493
130.941_113.166_-2.65426
130.497_112.937_-2.67493
130.497_112.937_-2.67493
130.048_112.716_-2.6956
129.6_112.496_-2.67493
129.151_112.276_-2.6956
128.702_112.055_-2.67493
128.253_111.835_-2.6956
128.253_111.835_-2.6956
127.792_111.643_-2.79894
127.322_111.47_-2.77827
126.857_111.288_-2.75761
126.392_111.105_-2.77827
125.926_110.923_-2.75761
125.926_110.923_-2.75761
125.469_110.721_-2.6956
125.015_110.51_-2.71627
124.562_110.299_-2.6956
124.109_110.088_-2.71627
123.655_109.877_-2.6956
123.655_109.877_-2.6956
123.207_109.657_-2.67493
122.758_109.437_-2.6956
122.309_109.216_-2.67493
121.86_108.996_-2.6956
121.411_108.776_-2.67493
121.411_108.776_-2.67493
120.943_108.603_-2.90228
120.459_108.48_-2.88162
119.977_108.346_-2.86095
119.495_108.213_-2.88162
119.013_108.079_-2.86095
119.013_108.079_-2.86095
118.567_107.86_-2.50958
118.166_107.56_-2.48892
117.766_107.261_-2.50958
117.359_106.97_-2.53025
116.953_106.678_-2.50958
116.953_106.678_-2.50958
116.524_106.422_-2.6956
116.076_106.202_-2.67493
115.627_105.982_-2.6956
115.178_105.761_-2.67493
114.729_105.541_-2.6956
114.729_105.541_-2.6956
114.248_105.418_-3.0883
113.748_105.397_-3.10897
113.249_105.375_-3.0883
112.749_105.354_-3.10897
112.25_105.332_-3.0883
112.25_105.332_-3.0883
111.768_105.209_-2.6956
111.37_104.912_-2.3029
111.064_104.517_-2.15822
110.783_104.104_-2.17889
110.493_103.696_-2.19956
110.493_103.696_-2.19956
110.256_103.258_-1.93087
110.075_102.792_-1.95154
109.885_102.329_-1.97221
109.694_101.867_-1.95154
109.504_101.405_-1.97221
109.504_101.405_-1.97221
109.249_100.976_-2.2409
108.943_100.581_-2.22023
108.645_100.18_-2.19956
108.346_99.7785_-2.22023
108.048_99.3772_-2.19956
108.048_99.3772_-2.19956
107.84_98.9262_-1.80686
107.82_98.4298_-1.41416
107.982_97.9595_-1.0628
108.221_97.5202_-1.08347
108.451_97.076_-1.10414
108.451_97.076_-1.10414
108.652_96.6187_-1.20748
108.825_96.1495_-1.22815
108.998_95.6803_-1.20748
109.171_95.2112_-1.22815
109.344_94.742_-1.20748
109.344_94.742_-1.20748
109.507_94.2694_-1.26948
109.65_93.7905_-1.29015
109.794_93.3115_-1.26948
109.937_92.8325_-1.29015
110.08_92.3536_-1.26948
110.08_92.3536_-1.26948
110.318_91.917_-0.876783
110.633_91.5294_-0.897452
110.941_91.1353_-0.91812
111.249_90.7413_-0.897452
111.557_90.3472_-0.91812
111.557_90.3472_-0.91812
111.804_89.9142_-1.18681
111.996_89.4526_-1.16614
112.188_88.9909_-1.18681
112.38_88.5293_-1.16614
112.572_88.0677_-1.18681
112.572_88.0677_-1.18681
112.801_87.6242_-1.00079
113.075_87.206_-0.980125
113.358_86.7936_-0.959457
113.641_86.3813_-0.980125
113.915_85.9631_-1.00079
113.915_85.9631_-1.00079
114.106_85.5039_-1.35216
114.22_85.0169_-1.33149
114.343_84.5324_-1.31082
114.467_84.048_-1.33149
114.59_83.5635_-1.31082
114.59_83.5635_-1.31082
114.8_83.1125_-0.959457
115.083_82.7001_-0.980125
115.357_82.282_-1.00079
115.631_81.8639_-0.980125
115.914_81.4515_-0.959457
115.914_81.4515_-0.959457
116.114_80.9969_-1.35216
116.146_80.4999_-1.66218
116.105_80.0015_-1.64151
116.065_79.5032_-1.66218
116.024_79.0048_-1.64151
116.024_79.0048_-1.64151
116.087_78.5119_-1.24881
116.259_78.0428_-1.18681
116.451_77.5812_-1.16614
116.644_77.1196_-1.18681
116.836_76.658_-1.16614
116.836_76.658_-1.16614
117.091_76.2302_-0.897452
117.407_75.8425_-0.876783
117.723_75.4549_-0.897452
118.039_75.0673_-0.876783
118.355_74.6797_-0.897452
118.355_74.6797_-0.897452
118.583_74.2383_-1.29015
118.625_73.7433_-1.68285
118.574_73.2459_-1.66218
118.533_72.7475_-1.64151
118.493_72.2492_-1.66218
118.493_72.2492_-1.66218
118.493_72.2492_-1.26948
118.73_71.8127_-0.876783
119.116_71.5001_-0.484084
119.593_71.3591_-0.0913853
120.087_71.4112_0.301314
120.087_71.4112_0.301314
120.087_71.4112_-0.0913853
120.563_71.2702_-0.484084
120.949_70.9577_-0.876783
121.186_70.5211_-1.26948
121.238_70.0271_-1.66218
121.238_70.0271_-1.66218
121.097_69.5507_-2.05488
120.793_69.1577_-2.40624
120.584_68.8887_-2.05488
120.584_68.8887_-2.05488
120.443_68.4124_-1.66218
120.495_67.9183_-1.26948
120.648_67.4424_-1.24881
120.802_66.9665_-1.26948
120.955_66.4906_-1.24881
120.955_66.4906_-1.24881
121.017_65.9977_-1.64151
120.886_65.5185_-2.03421
120.582_65.126_-2.42691
120.16_64.8616_-2.73694
119.702_64.66_-2.71627
119.702_64.66_-2.71627
119.237_64.4776_-2.81961
118.764_64.3145_-2.79894
118.291_64.1514_-2.81961
117.819_63.9882_-2.79894
117.346_63.8251_-2.81961
117.346_63.8251_-2.81961
116.881_63.6427_-2.71627
116.428_63.4317_-2.6956
115.974_63.2207_-2.71627
115.521_63.0097_-2.6956
115.068_62.7987_-2.71627
115.068_62.7987_-2.71627
114.602_62.6163_-2.81961
114.13_62.4532_-2.79894
113.657_62.29_-2.81961
113.185_62.1269_-2.79894
112.712_61.9638_-2.81961
112.712_61.9638_-2.81961
112.251_61.7719_-2.67493
111.802_61.5516_-2.6956
111.349_61.3406_-2.71627
110.895_61.1296_-2.6956
110.442_60.9186_-2.71627
110.442_60.9186_-2.71627
109.984_60.717_-2.73694
109.523_60.5249_-2.75761
109.061_60.3328_-2.73694
108.6_60.1407_-2.75761
108.138_59.9486_-2.73694
108.138_59.9486_-2.73694
107.68_59.7471_-2.71627
107.227_59.5361_-2.6956
106.774_59.3251_-2.71627
106.321_59.1141_-2.6956
105.867_58.9031_-2.71627
105.867_58.9031_-2.71627
105.423_58.6736_-2.61293
104.989_58.4259_-2.6336
104.555_58.1782_-2.61293
104.12_57.9305_-2.6336
103.686_57.6828_-2.61293
103.686_57.6828_-2.61293
103.222_57.501_-2.92295
102.735_57.3875_-2.90228
102.251_57.264_-2.88162
101.766_57.1404_-2.90228
101.282_57.0169_-2.88162
101.282_57.0169_-2.88162
100.813_56.8443_-2.6956
100.365_56.624_-2.67493
99.9158_56.4037_-2.6956
99.4669_56.1833_-2.67493
99.0181_55.963_-2.6956
99.0181_55.963_-2.6956
98.5606_55.7615_-2.75761
98.0951_55.579_-2.77827
97.6296_55.3964_-2.75761
97.1641_55.2139_-2.77827
96.6986_55.0314_-2.75761
96.6986_55.0314_-2.75761
96.2412_54.8299_-2.6956
95.7923_54.6096_-2.67493
95.3435_54.3892_-2.6956
94.8947_54.1689_-2.67493
94.4458_53.9486_-2.6956
94.4458_53.9486_-2.6956
93.997_53.7283_-2.67493
93.5482_53.5079_-2.6956
93.0993_53.2876_-2.67493
92.6505_53.0673_-2.6956
92.2017_52.847_-2.67493
92.2017_52.847_-2.67493
91.7575_52.6174_-2.65426
91.3133_52.3879_-2.67493
90.8691_52.1583_-2.65426
90.425_51.9288_-2.67493
89.9808_51.6992_-2.65426
89.9808_51.6992_-2.65426
89.5366_51.4697_-2.67493
89.0878_51.2493_-2.6956
88.6389_51.029_-2.67493
88.1901_50.8087_-2.6956
87.7413_50.5884_-2.67493
87.7413_50.5884_-2.67493
87.2924_50.368_-2.6956
86.8436_50.1477_-2.67493
86.3948_49.9274_-2.6956
85.9459_49.7071_-2.67493
85.4971_49.4868_-2.6956
85.4971_49.4868_-2.6956
85.0632_49.2393_-2.55092
84.645_48.9651_-2.57159
84.2213_48.6997_-2.59226
83.7976_48.4342_-2.57159
83.3739_48.1688_-2.59226
83.3739_48.1688_-2.59226
82.9348_47.9302_-2.6956
82.4815_47.7192_-2.71627
82.0282_47.5082_-2.6956
81.5749_47.2972_-2.71627
81.1216_47.0862_-2.6956
81.1216_47.0862_-2.6956
80.6683_46.8752_-2.71627
80.215_46.6642_-2.6956
79.7617_46.4532_-2.71627
79.3085_46.2422_-2.6956
78.8552_46.0312_-2.71627
78.8552_46.0312_-2.71627
78.4019_45.8202_-2.6956
77.9486_45.6092_-2.71627
77.4953_45.3982_-2.6956
77.042_45.1872_-2.71627
76.5887_44.9762_-2.6956
76.5887_44.9762_-2.6956
76.1354_44.7652_-2.71627
75.6821_44.5542_-2.6956
75.2333_44.3339_-2.67493
74.7845_44.1135_-2.6956
74.3312_43.9025_-2.71627
74.3312_43.9025_-2.71627
73.8779_43.6915_-2.6956
73.4291_43.4712_-2.67493
72.9802_43.2509_-2.6956
72.527_43.0399_-2.71627
72.0737_42.8289_-2.6956
72.0737_42.8289_-2.6956
71.6629_42.5473_-2.38557
71.2956_42.2081_-2.40624
70.9214_41.8765_-2.42691
70.5472_41.5449_-2.40624
70.1729_41.2134_-2.42691
70.1729_41.2134_-2.42691
69.7414_40.9672_-2.81961
69.2655_40.8139_-2.84028
68.7896_40.6606_-2.81961
68.3137_40.5073_-2.84028
67.8378_40.354_-2.81961
67.8378_40.354_-2.81961
67.3725_40.1716_-2.71627
66.9149_39.97_-2.73694
66.4533_39.7779_-2.75761
65.9917_39.5858_-2.73694
65.5301_39.3937_-2.75761
65.5301_39.3937_-2.75761
65.0684_39.2016_-2.73694
64.6109_39_-2.71627
64.1533_38.7984_-2.73694
63.6917_38.6064_-2.75761
63.2301_38.4143_-2.73694
63.2301_38.4143_-2.73694
62.7725_38.2127_-2.71627
62.315_38.0111_-2.73694
61.8534_37.819_-2.75761
61.3917_37.6269_-2.73694
60.9342_37.4253_-2.71627
60.9342_37.4253_-2.71627
60.4766_37.2237_-2.73694
60.015_37.0317_-2.75761
59.5777_36.8497_-2.73694
59.5777_36.8497_-2.73694
