configuration 161.70602417_-18.2518405914_0.169978369946_0.985447793519_193.750076294_109.599342346_0.85380148664_0.520598714377
length 179.028
time 5.21396
roughness 0.000374841
161.706_-18.2518_0.341615
162.163_-18.0509_0.486294
162.603_-17.8127_0.506962
163.043_-17.5744_0.486294
163.461_-17.4207_0.217605
163.461_-17.4207_0.217605
163.925_-17.2394_0.527631
164.343_-16.9658_0.630973
164.533_-16.8777_0.238274
164.533_-16.8777_0.238274
165.012_-16.7348_0.341615
165.481_-16.5625_0.362284
165.951_-16.3901_0.341615
166.42_-16.2177_0.362284
166.889_-16.0454_0.341615
166.889_-16.0454_0.341615
167.322_-15.7994_0.692978
167.71_-15.484_0.672309
168.098_-15.1685_0.692978
168.486_-14.8531_0.672309
168.873_-14.5377_0.692978
168.873_-14.5377_0.692978
169.268_-14.2304_0.630973
169.675_-13.9397_0.610304
170.081_-13.6489_0.630973
170.488_-13.3581_0.610304
170.895_-13.0673_0.630973
170.895_-13.0673_0.630973
171.342_-12.8486_0.27961
171.824_-12.7156_0.258942
172.305_-12.5826_0.27961
172.785_-12.4396_0.300279
173.264_-12.2967_0.27961
173.264_-12.2967_0.27961
173.705_-12.0691_0.672309
174.08_-11.738_0.775651
174.44_-11.3916_0.754983
174.801_-11.0453_0.775651
175.161_-10.6989_0.754983
175.161_-10.6989_0.754983
175.507_-10.3381_0.858325
175.838_-9.96309_0.837656
176.169_-9.58812_0.858325
176.499_-9.21315_0.837656
176.499_-9.21315_0.837656
176.898_-8.91595_0.444957
177.347_-8.69609_0.465626
177.796_-8.47623_0.444957
178.245_-8.25637_0.465626
178.694_-8.03651_0.444957
178.694_-8.03651_0.444957
179.128_-7.78946_0.589636
179.541_-7.50716_0.610304
179.953_-7.22486_0.589636
180.366_-6.94255_0.610304
180.779_-6.66025_0.589636
180.779_-6.66025_0.589636
181.208_-6.40417_0.486294
181.647_-6.16594_0.506962
182.087_-5.92771_0.486294
182.527_-5.68948_0.506962
182.966_-5.45126_0.486294
182.966_-5.45126_0.486294
183.434_-5.27941_0.217605
183.921_-5.16643_0.238274
184.408_-5.05344_0.217605
184.895_-4.94046_0.238274
185.382_-4.82748_0.217605
185.382_-4.82748_0.217605
185.869_-4.71449_0.238274
186.354_-4.59147_0.258942
186.839_-4.46844_0.238274
187.323_-4.34542_0.258942
187.808_-4.22239_0.238274
187.808_-4.22239_0.238274
188.272_-4.04091_0.506962
188.712_-3.80268_0.486294
189.156_-3.57359_0.465626
189.601_-3.3445_0.486294
190.045_-3.11541_0.465626
190.045_-3.11541_0.465626
190.524_-2.98325_0.0729266
191.022_-3.01384_-0.195762
191.506_-3.13625_-0.299104
191.506_-3.13625_-0.299104
192_-3.1872_0.093595
192.476_-3.04517_0.486294
192.862_-2.73177_0.878993
193.098_-2.29472_1.27169
193.149_-1.80054_1.66439
193.149_-1.80054_1.66439
193.2_-1.30637_1.27169
193.4_-0.849351_1.04434
193.647_-0.414488_1.06501
193.894_0.0203735_1.04434
194.14_0.455236_1.06501
194.14_0.455236_1.06501
194.292_0.928434_1.45771
194.25_1.42351_1.85041
194.117_1.90548_1.82974
193.994_2.3901_1.80907
193.871_2.87472_1.82974
193.871_2.87472_1.82974
193.718_3.35058_1.93308
193.546_3.81992_1.91241
193.374_4.28927_1.93308
193.201_4.75861_1.91241
193.029_5.22795_1.93308
193.029_5.22795_1.93308
192.947_5.71792_1.54038
192.957_6.21781_1.56105
192.957_6.7178_1.58172
192.956_7.21779_1.56105
192.956_7.71778_1.58172
192.956_7.71778_1.58172
192.894_8.21284_1.80907
192.781_8.6999_1.7884
192.668_9.18696_1.80907
192.555_9.67402_1.7884
192.442_10.1611_1.80907
192.442_10.1611_1.80907
192.261_10.6254_2.07776
192.022_11.065_2.05709
191.793_11.5094_2.03642
191.564_11.9538_2.05709
191.335_12.3982_2.03642
191.335_12.3982_2.03642
191.203_12.8771_1.64372
191.161_13.3754_1.66439
191.12_13.8736_1.64372
191.078_14.3719_1.66439
191.037_14.8701_1.64372
191.037_14.8701_1.64372
190.975_15.366_1.74706
190.892_15.8592_1.7264
190.809_16.3523_1.74706
190.727_16.8454_1.7264
190.644_17.3385_1.74706
190.644_17.3385_1.74706
190.502_17.8166_1.97442
190.3_18.2744_1.99509
190.099_18.7322_1.97442
189.898_19.1899_1.99509
189.697_19.6477_1.97442
189.697_19.6477_1.97442
189.506_20.1095_1.95375
189.323_20.5752_1.93308
189.141_21.0409_1.95375
188.959_21.5065_1.93308
188.777_21.9722_1.95375
188.777_21.9722_1.95375
188.586_22.434_1.97442
188.385_22.8918_1.99509
188.184_23.3496_1.97442
187.982_23.8073_1.99509
187.781_24.2651_1.97442
187.781_24.2651_1.97442
187.58_24.7228_1.99509
187.379_25.1806_1.97442
187.178_25.6384_1.99509
186.977_26.0961_1.97442
186.776_26.5539_1.99509
186.776_26.5539_1.99509
186.565_27.0074_2.01575
186.345_27.4564_2.03642
186.126_27.9055_2.01575
185.906_28.3546_2.03642
185.686_28.8036_2.01575
185.686_28.8036_2.01575
185.638_28.9261_1.87108
185.638_28.9261_1.87108
185.456_29.3913_2.01575
185.236_29.8404_2.03642
185.016_30.2895_2.01575
184.797_30.7385_2.03642
184.577_31.1876_2.01575
184.577_31.1876_2.01575
184.385_31.6492_1.91241
184.213_32.1185_1.93308
184.04_32.5879_1.91241
183.868_33.0572_1.93308
183.696_33.5266_1.91241
183.696_33.5266_1.91241
183.523_33.9959_1.93308
183.351_34.4653_1.91241
183.179_34.9346_1.93308
183.006_35.4039_1.91241
182.834_35.8733_1.93308
182.834_35.8733_1.93308
182.652_36.339_1.95375
182.46_36.8008_1.97442
182.269_37.2626_1.95375
182.077_37.7244_1.97442
181.885_38.1862_1.95375
181.885_38.1862_1.95375
181.763_38.6694_1.68506
181.701_39.1655_1.70573
181.638_39.6616_1.68506
181.576_40.1578_1.70573
181.514_40.6539_1.68506
181.514_40.6539_1.68506
181.452_41.15_1.70573
181.39_41.6461_1.68506
181.328_42.1422_1.70573
181.266_42.6383_1.68506
181.204_43.1344_1.70573
181.204_43.1344_1.70573
181.042_43.6042_2.09843
180.713_43.9764_2.49113
180.266_44.1943_2.88383
179.771_44.2248_3.27652
179.301_44.0633_3.66922
179.301_44.0633_3.66922
178.831_43.9017_3.27652
178.335_43.9322_2.88383
177.889_44.1501_2.49113
177.56_44.5223_2.09843
177.349_44.9751_1.91241
177.349_44.9751_1.91241
177.197_45.4511_1.85041
177.054_45.9303_1.87108
176.911_46.4094_1.85041
176.768_46.8885_1.87108
176.625_47.3676_1.85041
176.625_47.3676_1.85041
176.584_47.8627_1.45771
176.686_48.3514_1.27169
176.828_48.8307_1.29236
176.961_49.3128_1.31303
177.093_49.7949_1.29236
177.093_49.7949_1.29236
177.134_50.2901_1.68506
176.982_50.7631_2.07776
176.661_51.142_2.47046
176.272_51.457_2.44979
175.884_51.7719_2.47046
175.884_51.7719_2.47046
175.563_52.1508_2.07776
175.343_52.5997_1.97442
175.151_53.0615_1.95375
174.96_53.5233_1.97442
174.96_53.5233_1.97442
174.759_53.9811_1.99509
174.557_54.4389_1.97442
174.366_54.9007_1.95375
174.174_55.3625_1.97442
173.973_55.8202_1.99509
173.973_55.8202_1.99509
173.831_56.2979_1.7264
173.748_56.7911_1.74706
173.655_57.2824_1.76773
173.562_57.7737_1.74706
173.47_58.265_1.76773
173.47_58.265_1.76773
173.317_58.74_1.99509
173.116_59.1978_1.97442
172.915_59.6556_1.99509
172.704_60.1091_2.01575
172.494_60.5626_1.99509
172.494_60.5626_1.99509
172.205_60.9667_2.38778
171.783_61.2295_2.78048
171.293_61.311_3.17318
170.797_61.2592_3.31786
170.305_61.1664_3.33853
170.305_61.1664_3.33853
169.808_61.1661_2.94583
169.349_61.356_2.55313
168.998_61.7071_2.16043
168.807_62.1659_1.76773
168.715_62.6572_1.74706
168.715_62.6572_1.74706
168.714_63.1547_1.3957
168.796_63.6479_1.41637
168.868_64.1427_1.43704
168.94_64.6375_1.41637
169.022_65.1307_1.3957
169.022_65.1307_1.3957
169.032_65.6286_1.70573
168.96_66.1234_1.7264
168.887_66.6181_1.70573
168.815_67.1128_1.7264
168.742_67.6075_1.70573
168.742_67.6075_1.70573
168.66_68.1006_1.76773
168.567_68.5919_1.74706
168.474_69.0832_1.76773
168.382_69.5745_1.74706
168.289_70.0658_1.76773
168.289_70.0658_1.76773
168.156_70.5474_1.91241
167.993_71.0202_1.89174
167.831_71.493_1.91241
167.668_71.9658_1.89174
167.515_72.4419_1.87108
167.515_72.4419_1.87108
167.515_72.4419_1.47838
167.515_72.4419_1.47838
167.464_72.936_1.87108
167.227_73.3728_2.26377
166.841_73.6857_2.65647
166.598_73.8834_2.26377
166.598_73.8834_1.87108
166.598_73.8834_1.87108
166.495_74.372_1.68506
166.443_74.8693_1.66439
166.391_75.3665_1.68506
166.329_75.8627_1.70573
166.329_75.8627_1.70573
166.167_76.3324_2.09843
165.838_76.7046_2.49113
165.425_76.9863_2.59447
164.996_77.242_2.61514
164.566_77.4977_2.59447
164.566_77.4977_2.59447
164.393_77.657_2.20177
164.184_78.1076_1.80907
164.163_78.6039_1.41637
164.334_79.0705_1.02367
164.64_79.4644_0.79632
164.64_79.4644_0.79632
164.986_79.8254_0.816988
165.332_80.1863_0.79632
165.678_80.5473_0.816988
166.024_80.9083_0.79632
166.37_81.2693_0.816988
166.37_81.2693_0.816988
166.737_81.6079_0.672309
167.125_81.9233_0.692978
167.506_82.2466_0.713646
167.888_82.57_0.692978
168.269_82.8934_0.713646
168.269_82.8934_0.713646
168.675_83.1837_0.527631
169.11_83.431_0.506962
169.544_83.6783_0.527631
169.979_83.9255_0.506962
170.413_84.1728_0.527631
170.413_84.1728_0.527631
170.853_84.411_0.465626
171.302_84.6308_0.444957
171.751_84.8507_0.465626
172.2_85.0705_0.444957
172.649_85.2904_0.465626
172.649_85.2904_0.465626
173.094_85.5195_0.486294
173.538_85.7486_0.465626
173.982_85.9777_0.486294
174.427_86.2068_0.465626
174.871_86.4359_0.486294
174.871_86.4359_0.486294
175.32_86.6557_0.424289
175.774_86.8662_0.444957
176.227_87.0768_0.424289
176.681_87.2873_0.444957
177.134_87.4978_0.424289
177.134_87.4978_0.424289
177.538_87.7867_0.816988
177.861_88.1683_0.92033
178.168_88.563_0.899662
178.475_88.9578_0.92033
178.782_89.3525_0.899662
178.782_89.3525_0.899662
179.089_89.7473_0.92033
179.387_90.1483_0.940998
179.686_90.5493_0.92033
179.985_90.9503_0.940998
180.283_91.3513_0.92033
180.283_91.3513_0.92033
180.283_91.3513_0.527631
180.753_91.5129_0.134932
181.249_91.4824_-0.257767
181.695_91.2644_-0.650466
182.024_90.8922_-1.04317
182.024_90.8922_-1.04317
182.353_90.5201_-0.650466
182.8_90.3021_-0.257767
183.296_90.2716_0.134932
183.765_90.4332_0.527631
184.2_90.6805_0.506962
184.2_90.6805_0.506962
184.579_91.0018_0.899662
184.843_91.4252_1.12701
185.062_91.8745_1.10635
185.282_92.3238_1.12701
185.501_92.7731_1.10635
185.501_92.7731_1.10635
185.806_93.1653_0.713646
186.228_93.4293_0.403621
186.69_93.6209_0.382952
187.152_93.8125_0.403621
187.614_94.0041_0.382952
187.614_94.0041_0.382952
188.071_94.2052_0.444957
188.52_94.4251_0.465626
188.969_94.6449_0.444957
189.418_94.8648_0.465626
189.863_95.0939_0.486294
189.863_95.0939_0.486294
190.32_95.2948_0.341615
190.793_95.4574_0.320947
191.266_95.6201_0.341615
191.739_95.7827_0.320947
192.211_95.9453_0.341615
192.211_95.9453_0.341615
192.644_96.1913_0.692978
193.032_96.5067_0.672309
193.42_96.8221_0.692978
193.801_97.1455_0.713646
194.182_97.4689_0.692978
194.182_97.4689_0.692978
194.495_97.8547_1.08568
194.637_98.3309_1.47838
194.636_98.8302_1.66439
194.595_99.3285_1.64372
194.553_99.8267_1.66439
194.553_99.8267_1.66439
194.563_100.326_1.43704
194.625_100.822_1.45771
194.686_101.318_1.43704
194.748_101.814_1.45771
194.81_102.31_1.43704
194.81_102.31_1.43704
194.799_102.808_1.74706
194.716_103.301_1.7264
194.644_103.796_1.70573
194.572_104.291_1.7264
194.499_104.785_1.70573
194.499_104.785_1.70573
194.367_105.266_1.97442
194.156_105.719_2.03642
194.156_105.719_2.03642
194.024_106.198_1.64372
193.982_106.697_1.66439
193.941_107.195_1.64372
193.899_107.693_1.66439
193.858_108.191_1.64372
193.858_108.191_1.64372
193.816_108.69_1.66439
193.774_109.188_1.64372
193.705_109.603_1.82974
193.705_109.603_1.82974
