configuration -14.0353517532_151.94859314_0.0_1.0_147.259887695_176.039077759_0.145212769539_0.989400450557
length 194.593
time 10.2116
roughness 0.000357299
-14.0354_151.949_-0
-13.5362_151.974_0.103342
-13.0384_152.021_0.0826735
-12.5406_152.067_0.103342
-12.0428_152.114_0.0826735
-11.5449_152.16_0.103342
-11.0482_152.217_0.12401
-10.5514_152.274_0.103342
-10.0546_152.33_0.12401
-9.55786_152.387_0.103342
-9.0611_152.444_0.12401
-8.56561_152.511_0.144679
-8.07162_152.588_0.165347
-7.57762_152.665_0.144679
-7.08363_152.742_0.165347
-6.58963_152.819_0.144679
-6.09137_152.856_8.32667e-17
-5.59141_152.85_-0.0206684
-5.09144_152.845_8.32667e-17
-4.59148_152.84_-0.0206684
-4.09152_152.835_8.32667e-17
-3.59155_152.84_0.0206684
-3.09159_152.845_8.32667e-17
-2.59162_152.85_0.0206684
-2.09166_152.856_8.32667e-17
-1.59169_152.861_0.0206684
-1.09173_152.866_8.32667e-17
-0.591765_152.861_-0.0206684
-0.0918004_152.856_8.32667e-17
0.408164_152.85_-0.0206684
0.908128_152.845_8.32667e-17
1.39538_152.748_-0.392699
1.84189_152.524_-0.537378
2.26874_152.264_-0.558046
2.69559_152.004_-0.537378
3.12244_151.743_-0.558046
3.54929_151.483_-0.537378
3.97615_151.222_-0.558046
4.403_150.962_-0.537378
4.82985_150.702_-0.558046
5.21849_150.545_-0.206684
5.70887_150.448_-0.186015
6.20117_150.361_-0.165347
6.69772_150.376_0.227352
7.17817_150.514_0.330694
7.64937_150.681_0.351362
8.12057_150.848_0.330694
8.59176_151.015_0.351362
9.0826_151.092_-0.0413367
9.56543_150.975_-0.434036
10.0023_150.733_-0.578714
10.4237_150.464_-0.558046
10.8451_150.194_-0.578714
11.306_150.009_-0.186015
11.8037_149.994_0.12401
12.3005_150.05_0.103342
12.7983_150.097_0.0826735
13.2962_150.143_0.103342
13.7899_150.22_0.206684
14.2803_150.318_0.186015
14.7707_150.415_0.206684
15.2611_150.513_0.186015
15.7515_150.611_0.206684
16.2437_150.698_0.144679
16.7377_150.775_0.165347
17.2317_150.852_0.144679
17.7257_150.93_0.165347
18.2197_151.007_0.144679
18.7152_151.074_0.12401
19.2119_151.13_0.103342
19.7087_151.187_0.12401
20.2055_151.244_0.103342
20.7022_151.301_0.12401
21.2007_151.337_0.0206684
21.7007_151.342_1.80411e-16
22.2006_151.347_0.0206684
22.7006_151.352_1.80411e-16
23.2006_151.357_0.0206684
23.6966_151.414_0.206684
24.187_151.511_0.186015
24.6793_151.599_0.165347
25.1716_151.686_0.186015
25.6639_151.774_0.165347
26.1365_151.93_0.475373
26.5834_152.155_0.454704
27.0303_152.379_0.475373
27.4772_152.603_0.454704
27.9241_152.827_0.475373
28.4017_152.964_0.0826735
28.9004_153_0.0620051
29.3991_153.036_0.0826735
29.8978_153.073_0.0620051
30.3964_153.109_0.0826735
30.8917_153.176_0.186015
31.3821_153.273_0.206684
31.8725_153.371_0.186015
32.3629_153.468_0.206684
32.8532_153.566_0.186015
33.3436_153.663_0.206684
33.834_153.761_0.186015
34.3244_153.859_0.206684
34.8148_153.956_0.186015
35.3052_154.054_0.206684
35.7622_154.248_0.599383
36.1098_154.603_0.992082
36.3049_155.061_1.34344
36.4226_155.547_1.32278
36.5403_156.033_1.34344
36.7446_156.486_0.950745
37.0999_156.834_0.599383
37.5098_157.12_0.620051
37.9197_157.406_0.599383
38.3296_157.693_0.620051
38.7825_157.897_0.227352
39.2746_157.984_0.12401
39.7701_158.051_0.144679
40.2641_158.128_0.165347
40.7581_158.206_0.144679
41.2263_158.372_0.537378
41.5952_158.704_0.930077
41.8088_159.153_1.32278
41.8344_159.649_1.71547
41.7369_160.139_1.81882
41.7113_160.635_1.42612
41.8088_161.126_1.32278
41.9465_161.606_1.26077
42.1874_162.041_0.868072
42.5763_162.35_0.475373
43.0319_162.555_0.372031
43.4957_162.742_0.392699
43.9596_162.928_0.372031
44.4488_163.015_-0.0206684
44.9487_163.01_5.55112e-17
45.4487_163.005_-0.0206684
45.9487_163_5.55112e-17
46.4486_162.995_-0.0206684
46.9475_163.02_0.12401
47.443_163.087_0.144679
47.9385_163.154_0.12401
48.434_163.221_0.144679
48.9295_163.288_0.12401
49.425_163.355_0.144679
49.9204_163.422_0.12401
50.4159_163.489_0.144679
50.9114_163.556_0.12401
51.4069_163.623_0.144679
51.8751_163.789_0.537378
52.3072_164.041_0.516709
52.7394_164.292_0.537378
53.1715_164.544_0.516709
53.6037_164.795_0.537378
54.025_165.064_0.599383
54.4349_165.351_0.620051
54.8448_165.637_0.599383
55.2547_165.923_0.620051
55.6646_166.21_0.599383
56.1216_166.404_0.206684
56.6176_166.461_0.0206684
57.1174_166.477_0.0413367
57.6171_166.492_0.0206684
58.1169_166.508_0.0413367
58.5997_166.624_0.434036
59.001_166.917_0.826735
59.2597_167.341_1.21943
59.3364_167.832_1.61213
59.2194_168.315_2.00483
59.1025_168.798_1.61213
59.1792_169.289_1.21943
59.4379_169.713_0.826735
59.8392_170.006_0.434036
60.3097_170.173_0.24802
60.8058_170.198_-0.144679
61.3025_170.142_-0.0826735
61.8003_170.095_-0.103342
62.2971_170.039_-0.12401
62.7939_169.982_-0.103342
63.2877_169.905_-0.206684
63.778_169.807_-0.186015
64.2684_169.71_-0.206684
64.7588_169.612_-0.186015
65.2492_169.514_-0.206684
65.746_169.509_0.186015
66.2069_169.695_0.578714
66.5618_170.042_0.971414
66.8481_170.452_0.950745
67.1428_170.856_0.930077
67.5118_171.189_0.537378
67.98_171.355_0.144679
68.4776_171.401_0.0413367
68.9769_171.427_0.0620051
69.4762_171.453_0.0413367
69.9692_171.53_0.268689
70.4526_171.658_0.24802
70.936_171.786_0.268689
71.4194_171.913_0.24802
71.9027_172.041_0.268689
72.3613_172.237_0.537378
72.7934_172.488_0.516709
73.2256_172.739_0.537378
73.6577_172.991_0.516709
74.0899_173.242_0.537378
74.5581_173.409_0.144679
75.056_173.403_-0.165347
75.55_173.326_-0.144679
76.044_173.249_-0.165347
76.538_173.172_-0.144679
77.0062_173.006_-0.537378
77.4217_172.728_-0.64072
77.8256_172.433_-0.620051
78.2295_172.139_-0.64072
78.6334_171.844_-0.620051
79.0863_171.64_-0.227352
79.5826_171.593_0.0413367
80.0824_171.609_0.0206684
80.5821_171.624_0.0413367
81.0819_171.64_0.0206684
81.571_171.553_-0.372031
81.9897_171.286_-0.76473
82.2742_170.878_-1.15743
82.4215_170.402_-1.38478
82.5089_169.909_-1.40545
82.6364_169.427_-1.21943
82.8037_168.955_-1.2401
82.9709_168.484_-1.21943
83.1381_168.013_-1.2401
83.3053_167.542_-1.21943
83.4823_167.074_-1.19877
83.6688_166.61_-1.1781
83.8554_166.146_-1.19877
84.0419_165.683_-1.1781
84.2285_165.219_-1.19877
84.376_164.741_-1.34344
84.4836_164.253_-1.36411
84.5913_163.765_-1.34344
84.6989_163.277_-1.36411
84.8066_162.788_-1.34344
85.0109_162.335_-0.950745
85.3522_161.972_-0.682056
85.7371_161.653_-0.702725
86.1153_161.326_-0.723393
86.4935_160.999_-0.702725
86.8026_160.61_-1.09542
86.9594_160.137_-1.40545
87.0366_159.643_-1.42612
87.1138_159.149_-1.40545
87.191_158.655_-1.42612
87.2885_158.165_-1.32278
87.4163_157.682_-1.30211
87.544_157.198_-1.32278
87.6718_156.715_-1.30211
87.7995_156.232_-1.32278
87.9372_155.751_-1.26077
88.0848_155.273_-1.28144
88.2324_154.796_-1.26077
88.38_154.318_-1.28144
88.5276_153.84_-1.26077
88.7686_153.406_-0.868072
89.1574_153.097_-0.475373
89.635_152.96_-0.0826735
90.1286_153.016_0.310026
90.6222_153.072_-0.0826735
91.1175_153.006_-0.186015
91.6098_152.918_-0.165347
91.7927_152.924_0.227352
92.27_153.071_0.372031
92.7339_153.258_0.392699
93.1978_153.444_0.372031
93.6617_153.631_0.392699
94.1255_153.818_0.372031
94.6147_153.904_-0.0206684
95.0998_153.797_-0.413367
95.5071_153.513_-0.806067
95.7745_153.094_-1.19877
95.9514_152.627_-1.21943
96.2101_152.202_-0.826735
96.6115_151.91_-0.434036
97.0943_151.793_-0.0413367
97.5851_151.869_0.351362
98.0359_152.084_0.537378
98.4779_152.317_0.434036
98.9293_152.532_0.454704
99.3807_152.747_0.434036
99.8322_152.962_0.454704
100.284_153.177_0.434036
100.735_153.392_0.454704
101.186_153.607_0.434036
101.638_153.822_0.454704
102.089_154.037_0.434036
102.541_154.252_0.454704
102.992_154.467_0.434036
103.444_154.682_0.454704
103.895_154.897_0.434036
104.347_155.112_0.454704
104.798_155.326_0.434036
105.229_155.578_0.620051
105.639_155.864_0.599383
106.055_156.142_0.578714
106.471_156.419_0.599383
106.887_156.697_0.578714
107.347_156.883_0.186015
107.844_156.877_-0.206684
108.301_156.683_-0.599383
108.494_156.601_-0.206684
108.99_156.595_0.186015
109.451_156.781_0.578714
109.806_157.128_0.971414
110.001_157.585_1.36411
110.006_158.082_1.75681
110.011_158.579_1.36411
110.197_159.04_1.01275
110.442_159.313_0.661388
110.873_159.563_0.392699
111.333_159.76_0.413367
111.789_159.965_0.434036
112.245_160.171_0.413367
112.7_160.376_0.434036
113.156_160.582_0.413367
113.612_160.787_0.434036
114.068_160.993_0.413367
114.524_161.198_0.434036
114.979_161.404_0.413367
115.443_161.591_0.351362
115.911_161.768_0.372031
116.375_161.954_0.392699
116.839_162.141_0.372031
117.302_162.327_0.392699
117.754_162.542_0.496041
118.196_162.775_0.475373
118.643_163_0.454704
119.09_163.224_0.475373
119.532_163.457_0.496041
119.974_163.691_0.475373
120.421_163.915_0.454704
120.868_164.139_0.475373
121.315_164.363_0.454704
121.762_164.588_0.475373
122.164_164.881_0.785398
122.521_165.231_0.76473
122.878_165.581_0.785398
123.235_165.931_0.76473
123.6_166.273_0.744061
124.024_166.532_0.351362
124.492_166.709_0.372031
124.955_166.895_0.392699
125.419_167.082_0.372031
125.883_167.268_0.392699
126.343_167.465_0.413367
126.799_167.67_0.434036
127.255_167.876_0.413367
127.71_168.081_0.434036
128.166_168.287_0.413367
128.65_168.404_0.0620051
129.148_168.44_0.0826735
129.646_168.487_0.103342
130.144_168.533_0.0826735
130.642_168.579_0.103342
131.116_168.726_0.496041
131.554_168.969_0.516709
131.991_169.211_0.496041
132.428_169.454_0.516709
132.865_169.696_0.496041
133.34_169.843_0.103342
133.838_169.889_0.0826735
134.336_169.936_0.103342
134.834_169.982_0.0826735
135.311_170.119_0.475373
135.758_170.343_0.454704
136.205_170.567_0.475373
136.652_170.792_0.454704
137.099_171.016_0.475373
137.546_171.24_0.454704
137.993_171.464_0.475373
138.439_171.688_0.454704
138.886_171.913_0.475373
139.333_172.137_0.454704
139.78_172.361_0.475373
140.227_172.585_0.454704
140.674_172.81_0.475373
141.121_173.034_0.454704
141.568_173.258_0.475373
142.023_173.464_0.372031
142.487_173.65_0.392699
142.951_173.837_0.372031
143.415_174.023_0.392699
143.879_174.21_0.372031
144.356_174.357_0.227352
144.678_174.471_0.454704
145.148_174.638_0.227352
145.638_174.736_0.165347
145.956_174.856_0.558046
146.353_175.159_0.744061
146.718_175.501_0.76473
147.075_175.851_0.785398
