configuration 46.843963623_148.978851318_-0.536406748472_0.843959596304_156.577575684_33.1800613403_0.186652677497_0.98242596565
length 207.639
time 20.4229
roughness 0.000343548
46.844_148.979_-1.13235
47.0421_148.52_-1.19435
47.2307_148.057_-1.17368
47.4193_147.594_-1.19435
47.6079_147.131_-1.17368
47.7965_146.668_-1.19435
48.0574_146.244_-0.84299
48.3861_145.867_-0.863659
48.707_145.484_-0.884327
49.0279_145.1_-0.863659
49.3487_144.717_-0.884327
49.6011_144.288_-1.19435
49.7897_143.825_-1.17368
49.9783_143.362_-1.19435
50.1669_142.899_-1.17368
50.3555_142.436_-1.19435
50.5441_141.972_-1.17368
50.7327_141.509_-1.19435
50.9213_141.046_-1.17368
51.1099_140.583_-1.19435
51.2985_140.12_-1.17368
51.4775_139.653_-1.23569
51.6468_139.183_-1.21502
51.8161_138.713_-1.23569
51.9854_138.242_-1.21502
52.1644_137.775_-1.19435
52.4336_137.358_-0.801653
52.7777_136.995_-0.822322
53.1141_136.625_-0.84299
53.4506_136.255_-0.822322
53.787_135.885_-0.84299
54.0388_135.457_-1.23569
54.1983_134.983_-1.25636
54.348_134.506_-1.27703
54.4978_134.029_-1.25636
54.6475_133.552_-1.27703
54.7873_133.072_-1.29769
54.9271_132.592_-1.27703
55.0669_132.112_-1.29769
55.2068_131.632_-1.27703
55.3466_131.152_-1.29769
55.4963_130.675_-1.23569
55.6558_130.201_-1.25636
55.8154_129.727_-1.23569
55.9749_129.253_-1.25636
56.1345_128.779_-1.23569
56.323_128.317_-1.13235
56.5306_127.862_-1.15302
56.7381_127.407_-1.13235
56.9457_126.952_-1.15302
57.1533_126.497_-1.13235
57.3224_126.027_-1.31836
57.4422_125.542_-1.33903
57.5621_125.057_-1.31836
57.682_124.571_-1.33903
57.8018_124.086_-1.31836
57.9515_123.609_-1.21502
58.1208_123.138_-1.23569
58.2901_122.668_-1.21502
58.4594_122.198_-1.23569
58.6287_121.727_-1.21502
58.8893_121.304_-0.822322
59.2333_120.941_-0.801653
59.5773_120.578_-0.822322
59.9213_120.216_-0.801653
60.2653_119.853_-0.822322
60.5259_119.43_-1.21502
60.6048_118.939_-1.60772
60.4899_118.456_-2.00042
60.2602_118.138_-2.39312
60.0821_118.028_-2.78582
60.0821_118.028_-2.39312
59.791_117.626_-2.00042
59.6762_117.143_-1.60772
59.755_116.652_-1.21502
60.0156_116.229_-0.822322
60.3742_115.881_-0.71898
60.7538_115.555_-0.698312
61.1334_115.23_-0.71898
61.513_114.905_-0.698312
61.8926_114.579_-0.71898
62.1954_114.185_-1.11168
62.3742_113.719_-1.29769
62.514_113.239_-1.27703
62.6538_112.759_-1.29769
62.7936_112.279_-1.27703
62.9034_111.792_-1.4217
62.9725_111.297_-1.44237
63.0417_110.801_-1.4217
63.121_110.308_-1.40104
63.1902_109.813_-1.46304
63.3097_109.329_-1.19435
63.4887_108.862_-1.21502
63.658_108.391_-1.23569
63.8273_107.921_-1.21502
63.9966_107.45_-1.23569
64.2484_107.022_-0.84299
64.5997_106.667_-0.739648
64.9725_106.334_-0.71898
65.3453_106_-0.739648
65.7181_105.667_-0.71898
66.0209_105.273_-1.11168
66.1499_104.794_-1.50438
66.1367_104.295_-1.69039
66.0719_103.799_-1.71106
66.0071_103.303_-1.69039
66.0452_102.808_-1.29769
66.2144_102.338_-1.15302
66.4125_101.879_-1.17368
66.6106_101.419_-1.15302
66.7694_101.03_-1.21502
66.8483_100.539_-1.60772
66.8143_100.04_-1.66973
66.7701_99.5423_-1.64906
66.7362_99.0434_-1.62839
66.8049_98.5514_-1.23569
66.9934_98.0886_-1.13235
67.201_97.6337_-1.15302
67.4086_97.1788_-1.13235
67.6161_96.724_-1.15302
67.9024_96.3179_-0.760317
68.3223_96.0524_-0.367618
68.783_95.8583_-0.429623
69.2397_95.6548_-0.408954
69.7005_95.4607_-0.388286
70.1147_95.1865_-0.780985
70.3926_94.7747_-1.17368
70.5321_94.2957_-1.40104
70.6115_93.802_-1.4217
70.6908_93.3084_-1.40104
70.8687_92.8445_-1.00834
71.1886_92.4622_-0.739648
71.5545_92.1214_-0.760317
71.9203_91.7806_-0.739648
72.2861_91.4398_-0.760317
72.706_91.1742_-0.367618
73.191_91.059_-0.0989288
73.688_91.0045_-0.119597
74.1838_90.9397_-0.140266
74.6796_90.8749_-0.119597
75.1749_90.913_0.273102
75.6279_91.1197_0.583128
76.0424_91.3994_0.603796
76.445_91.6958_0.665801
76.8794_91.9393_0.355775
77.3463_92.1183_0.376444
77.8093_92.3069_0.397112
78.2724_92.4955_0.376444
78.7354_92.6841_0.397112
79.2022_92.863_0.335107
79.6727_93.0323_0.355775
80.1431_93.2016_0.335107
80.6136_93.3709_0.355775
81.084_93.5402_0.335107
81.5665_93.67_0.190428
82.0564_93.7697_0.211097
82.5464_93.8694_0.190428
83.0363_93.9691_0.211097
83.5241_94.0789_0.231765
83.9808_94.2761_0.583128
84.3894_94.5641_0.645133
84.8195_94.817_0.417781
85.2743_95.0246_0.438449
85.7292_95.2321_0.417781
86.1841_95.4397_0.438449
86.6389_95.6473_0.417781
87.0745_95.8914_0.603796
87.4831_96.1795_0.624464
87.8857_96.476_0.645133
88.3206_96.7197_0.376444
88.7874_96.8987_0.355775
89.2543_97.0777_0.376444
89.7212_97.2566_0.355775
90.188_97.4356_0.376444
90.672_97.5551_0.107755
91.1685_97.614_0.128423
91.665_97.673_0.107755
92.1615_97.7319_0.128423
92.658_97.7908_0.107755
93.132_97.9395_0.500454
93.5731_98.1749_0.479786
94.0143_98.4103_0.500454
94.4554_98.6456_0.479786
94.8965_98.881_0.500454
95.3705_99.0297_0.107755
95.8654_98.9858_-0.284944
96.3057_98.7558_-0.677643
96.6487_98.3941_-0.946332
96.9452_97.9915_-0.925664
96.9452_97.9915_-0.532965
96.9452_97.9915_-0.140266
97.1541_98.0032_0.252434
97.6017_98.2187_0.645133
97.9327_98.5892_1.03783
98.2412_98.9807_0.769143
98.5968_99.3322_0.789811
98.9525_99.6836_0.769143
99.3081_100.035_0.789811
99.6638_100.387_0.769143
100.004_100.752_0.872485
100.33_101.132_0.851816
100.655_101.511_0.872485
100.981_101.891_0.851816
101.306_102.271_0.872485
101.693_102.582_0.479786
102.17_102.72_0.0870866
102.664_102.666_-0.305613
103.11_102.445_-0.615638
103.522_102.16_-0.59497
103.979_101.968_-0.202271
104.472_101.882_-0.140266
104.966_101.807_-0.160934
105.459_101.722_-0.181602
105.921_101.539_-0.574301
106.277_101.193_-0.967
106.521_100.757_-1.15302
106.729_100.302_-1.13235
106.936_99.8475_-1.15302
107.144_99.3926_-1.13235
107.352_98.9378_-1.15302
107.559_98.4829_-1.13235
107.767_98.028_-1.15302
107.974_97.5732_-1.13235
108.172_97.1142_-1.19435
108.361_96.6511_-1.17368
108.55_96.1881_-1.19435
108.738_95.725_-1.17368
108.927_95.262_-1.19435
109.179_94.8326_-0.884327
109.492_94.4427_-0.904995
109.797_94.0463_-0.925664
110.102_93.6499_-0.904995
110.406_93.2535_-0.925664
110.659_92.8234_-1.15302
110.867_92.3686_-1.13235
111.074_91.9137_-1.15302
111.282_91.4588_-1.13235
111.489_91.004_-1.15302
111.725_90.5632_-1.00834
111.987_90.1375_-1.02901
112.24_89.7065_-1.04967
112.494_89.2754_-1.02901
112.747_88.8444_-1.04967
112.973_88.3987_-1.15302
113.181_87.9438_-1.13235
113.398_87.4934_-1.11168
113.615_87.0429_-1.13235
113.832_86.5924_-1.11168
114.102_86.1731_-0.884327
114.415_85.7831_-0.904995
114.728_85.3931_-0.884327
115.041_85.0031_-0.904995
115.353_84.6131_-0.884327
115.666_84.2232_-0.904995
115.979_83.8332_-0.884327
116.292_83.4432_-0.904995
116.605_83.0532_-0.884327
116.918_82.6632_-0.904995
117.161_82.2288_-1.21502
117.34_81.7619_-1.19435
117.529_81.2988_-1.17368
117.718_80.8358_-1.19435
117.906_80.3727_-1.17368
118.104_79.9137_-1.15302
118.312_79.4588_-1.13235
118.519_79.0039_-1.15302
118.727_78.5491_-1.13235
118.935_78.0942_-1.15302
119.133_77.6351_-1.17368
119.321_77.1721_-1.19435
119.51_76.709_-1.17368
119.698_76.246_-1.19435
119.887_75.7829_-1.17368
120.056_75.3127_-1.27703
120.196_74.8326_-1.29769
120.336_74.3526_-1.27703
120.476_73.8725_-1.29769
120.616_73.3925_-1.27703
120.804_72.9301_-1.09101
121.03_72.4842_-1.11168
121.256_72.0383_-1.09101
121.483_71.5924_-1.11168
121.709_71.1465_-1.09101
121.926_70.6961_-1.15302
122.124_70.237_-1.17368
122.322_69.778_-1.15302
122.52_69.3189_-1.17368
122.718_68.8598_-1.15302
122.996_68.4475_-0.801653
123.34_68.0846_-0.822322
123.684_67.7218_-0.801653
124.028_67.359_-0.822322
124.372_66.9962_-0.801653
124.642_66.5787_-1.19435
124.731_66.0899_-1.58705
124.666_65.5952_-1.8144
124.55_65.1088_-1.79374
124.435_64.6223_-1.8144
124.411_64.1261_-1.4217
124.58_63.6586_-1.02901
124.876_63.2566_-0.84299
125.204_62.8799_-0.863659
125.533_62.5031_-0.84299
125.862_62.1264_-0.863659
126.191_61.7497_-0.84299
126.519_61.373_-0.863659
126.848_60.9962_-0.84299
127.177_60.6195_-0.863659
127.521_60.2568_-0.760317
127.887_59.916_-0.739648
128.252_59.5752_-0.760317
128.618_59.2344_-0.739648
128.984_58.8936_-0.760317
129.27_58.4876_-1.15302
129.42_58.0116_-1.38037
129.519_57.5216_-1.3597
129.619_57.0317_-1.38037
129.719_56.5417_-1.3597
129.788_56.047_-1.50438
129.816_55.5478_-1.52505
129.844_55.0485_-1.50438
129.872_54.5493_-1.52505
129.89_54.0497_-1.54571
129.989_53.5622_-1.19435
130.168_53.0954_-1.21502
130.347_52.6285_-1.19435
130.526_52.1617_-1.21502
130.705_51.6948_-1.19435
130.794_51.206_-1.58705
130.729_50.7113_-1.8144
130.601_50.3669_-2.04176
130.466_49.8887_-1.64906
130.504_49.3922_-1.33903
130.614_48.9044_-1.3597
130.724_48.4166_-1.33903
130.897_48.036_-0.946332
131.132_47.5962_-1.21502
131.301_47.1258_-1.23569
131.471_46.6553_-1.21502
131.64_46.1849_-1.23569
131.809_45.7144_-1.21502
131.998_45.2514_-1.15302
132.196_44.7924_-1.17368
132.394_44.3333_-1.15302
132.592_43.8742_-1.17368
132.79_43.4152_-1.15302
133.069_43.0028_-0.801653
133.42_42.6472_-0.780985
133.771_42.2915_-0.801653
134.116_41.9287_-0.822322
134.46_41.5659_-0.801653
134.729_41.1484_-1.19435
134.888_40.6747_-1.29769
135.028_40.1947_-1.27703
135.168_39.7147_-1.29769
135.308_39.2346_-1.27703
135.356_38.7402_-1.66973
135.211_38.2649_-2.06242
134.936_37.8485_-2.24844
134.618_37.4623_-2.26911
134.417_37.0955_-1.87641
134.363_36.6017_-1.48371
134.422_36.1053_-1.4217
134.491_35.6101_-1.44237
134.55_35.1136_-1.46304
134.609_34.617_-1.44237
134.767_34.1462_-1.04967
135.094_33.7719_-0.656975
135.539_33.5511_-0.264276
136.035_33.5174_0.128423
136.506_33.6759_0.521122
136.506_33.6759_0.128423
136.662_33.6652_-0.264276
137.107_33.4444_-0.656975
137.434_33.0701_-1.04967
137.592_32.5993_-1.44237
137.672_32.1057_-1.38037
137.771_31.6157_-1.3597
137.881_31.128_-1.33903
138.055_30.7474_-0.946332
138.418_30.4087_-0.553633
138.846_30.1503_-0.532965
139.274_29.8918_-0.553633
139.702_29.6333_-0.532965
140.073_29.3023_-0.925664
140.361_28.8937_-0.987669
140.64_28.4792_-0.967
140.92_28.0647_-0.987669
141.2_27.6502_-0.967
141.556_27.3041_-0.574301
142.011_27.1014_-0.264276
142.492_26.9658_-0.284944
142.973_26.8302_-0.264276
143.455_26.6946_-0.284944
143.95_26.6507_0.107755
144.439_26.7502_0.29377
144.916_26.9_0.314439
145.393_27.0497_0.29377
145.87_27.1994_0.314439
146.314_27.4247_0.624464
146.723_27.7128_0.603796
147.131_28.0009_0.624464
147.534_28.2974_0.645133
147.817_28.4887_0.541791
148.279_28.6765_0.231765
148.74_28.8644_0.541791
149.171_29.1177_0.521122
149.602_29.3711_0.541791
150.033_29.6245_0.521122
150.464_29.8779_0.541791
150.878_30.1574_0.645133
151.281_30.4539_0.624464
151.683_30.7504_0.645133
151.99_30.8979_0.252434
152.47_31.0377_0.314439
152.943_31.1972_0.335107
153.417_31.3568_0.314439
153.891_31.5163_0.335107
154.166_31.6087_0.314439
154.624_31.8065_0.500454
155.06_32.051_0.521122
155.06_32.051_0.128423
155.531_32.2095_0.521122
155.926_32.5133_0.789811
156.274_32.8721_0.81048
156.597_33.1417_0.583128
