configuration 46.843963623_148.978851318_-0.536406748472_0.843959596304_156.577575684_33.1800613403_0.186652677497_0.98242596565
length 213.218
time 5.7136
roughness 0.000344821
46.844_148.979_-1.13235
47.1306_148.572_-0.780985
47.4821_148.217_-0.801653
47.8261_147.854_-0.822322
48.1701_147.491_-0.801653
48.5141_147.128_-0.822322
48.7837_146.71_-1.17368
48.9819_146.251_-1.15302
49.18_145.792_-1.17368
49.3781_145.333_-1.15302
49.5762_144.874_-1.17368
49.7648_144.411_-1.19435
49.9438_143.944_-1.21502
50.1228_143.477_-1.19435
50.3018_143.01_-1.21502
50.4808_142.543_-1.19435
50.6403_142.07_-1.29769
50.7801_141.59_-1.27703
50.9199_141.11_-1.29769
51.0598_140.63_-1.27703
51.1996_140.15_-1.29769
51.3591_139.676_-1.19435
51.538_139.209_-1.21502
51.7073_138.739_-1.23569
51.8766_138.268_-1.21502
52.046_137.798_-1.23569
52.2977_137.37_-0.84299
52.6342_137_-0.822322
52.9782_136.637_-0.801653
53.3222_136.274_-0.822322
53.6662_135.911_-0.801653
53.9355_135.494_-1.19435
54.1048_135.023_-1.25636
54.2643_134.549_-1.23569
54.4239_134.076_-1.25636
54.5834_133.602_-1.23569
54.7331_133.125_-1.29769
54.8729_132.645_-1.27703
55.0127_132.165_-1.29769
55.1426_131.682_-1.31836
55.2725_131.199_-1.29769
55.4222_130.722_-1.23569
55.5817_130.248_-1.25636
55.7413_129.774_-1.23569
55.9008_129.3_-1.25636
56.0604_128.827_-1.23569
56.2199_128.353_-1.25636
56.3696_127.876_-1.27703
56.5193_127.399_-1.25636
56.6691_126.922_-1.27703
56.8188_126.445_-1.25636
57.0441_126_-0.946332
57.3322_125.592_-0.967
57.6203_125.183_-0.946332
57.9084_124.775_-0.967
58.1965_124.366_-0.946332
58.4312_123.926_-1.21502
58.6102_123.459_-1.19435
58.7988_122.996_-1.17368
58.9874_122.533_-1.19435
59.176_122.07_-1.17368
59.3835_121.615_-1.11168
59.6097_121.169_-1.09101
59.8359_120.723_-1.11168
60.0621_120.278_-1.09101
60.2883_119.832_-1.11168
60.4174_119.352_-1.50438
60.4454_118.853_-1.52505
60.4734_118.354_-1.50438
60.5014_117.854_-1.52505
60.5295_117.355_-1.50438
60.6585_116.875_-1.11168
60.9455_116.468_-0.801653
61.2895_116.106_-0.822322
61.6335_115.743_-0.801653
61.9776_115.38_-0.822322
62.2381_114.957_-1.21502
62.3976_114.483_-1.27703
62.5474_114.006_-1.25636
62.6971_113.529_-1.27703
62.8468_113.052_-1.25636
63.0063_112.578_-1.23569
63.1659_112.104_-1.25636
63.3254_111.63_-1.23569
63.485_111.157_-1.25636
63.6445_110.683_-1.23569
63.7235_110.192_-1.58705
63.6297_109.757_-1.97975
63.5249_109.272_-1.58705
63.5219_108.772_-1.56638
63.5189_108.272_-1.58705
63.516_107.772_-1.56638
63.5748_107.276_-1.33903
63.6846_106.788_-1.3597
63.7843_106.298_-1.38037
63.884_105.808_-1.3597
63.9837_105.318_-1.38037
64.1711_104.858_-0.987669
64.5203_104.505_-0.59497
64.9532_104.256_-0.450291
65.401_104.033_-0.470959
65.8442_103.802_-0.491628
66.228_103.487_-0.884327
66.5244_103.084_-0.987669
66.7019_102.648_-1.38037
66.7711_102.153_-1.48371
66.8094_101.655_-1.50438
66.8374_101.156_-1.52505
66.8654_100.656_-1.50438
66.9038_100.158_-1.48371
67.0232_99.6743_-1.17368
67.2118_99.2113_-1.19435
67.4004_98.7482_-1.17368
67.5985_98.2891_-1.15302
67.7966_97.8301_-1.17368
68.0745_97.4182_-0.780985
68.4602_97.1012_-0.59497
68.8713_96.8167_-0.615638
69.2765_96.5238_-0.636306
69.6817_96.2308_-0.615638
70.0537_95.8984_-0.84299
70.3825_95.5216_-0.863659
70.7033_95.1382_-0.884327
71.0242_94.7548_-0.863659
71.2543_94.3442_-1.25636
71.3128_93.8509_-1.64906
71.1781_93.3727_-2.04176
70.8863_92.9691_-2.35178
70.5307_92.6176_-2.37245
70.2778_92.2521_-1.97975
70.1729_91.7665_-1.58705
70.2619_91.2778_-1.19435
70.5312_90.8603_-0.801653
70.9037_90.5274_-0.656975
71.2964_90.2179_-0.677643
71.7128_89.9424_-0.491628
72.1511_89.7018_-0.512296
72.5894_89.4612_-0.491628
73.0277_89.2207_-0.512296
73.466_88.9801_-0.491628
73.9413_88.8355_-0.0989288
74.4358_88.8839_0.29377
74.9022_89.0627_0.438449
75.3527_89.2796_0.459117
75.8032_89.4966_0.438449
76.258_89.7041_0.417781
76.7129_89.9117_0.438449
77.1678_90.1193_0.417781
77.6226_90.3269_0.438449
78.0775_90.5344_0.417781
78.5604_90.6537_0.0664182
79.0589_90.692_0.0870866
79.5566_90.7407_0.107755
80.0542_90.7893_0.0870866
80.5518_90.8379_0.107755
81.0258_90.9867_0.500454
81.462_91.2311_0.521122
81.8981_91.4755_0.500454
82.3343_91.72_0.521122
82.7705_91.9644_0.500454
83.1719_92.26_0.769143
83.5275_92.6115_0.789811
83.8831_92.9629_0.769143
84.2388_93.3144_0.789811
84.5944_93.6658_0.769143
85.0119_93.9351_0.376444
85.4994_94.0343_0.0250815
85.999_94.052_0.0457498
86.4982_94.08_0.0664182
86.9974_94.108_0.0457498
87.4798_94.2271_0.438449
87.9256_94.4533_0.500454
88.3667_94.6886_0.479786
88.8078_94.924_0.500454
89.249_95.1594_0.479786
89.7148_95.338_0.252434
90.1977_95.4678_0.273102
90.6805_95.5977_0.252434
91.1633_95.7276_0.273102
91.6462_95.8575_0.252434
92.1034_96.0548_0.562459
92.5291_96.317_0.541791
92.9601_96.5704_0.521122
93.3911_96.8238_0.541791
93.8222_97.0772_0.521122
94.293_97.2357_0.128423
94.7882_97.3049_0.149092
95.2818_97.3843_0.16976
95.7755_97.4636_0.149092
96.2691_97.543_0.16976
96.733_97.7209_0.562459
97.0935_98.0627_0.955158
97.2957_98.5164_1.34786
97.3911_99.0072_1.40986
97.4763_99.4999_1.38919
97.6596_99.9616_0.996495
98.0057_100.318_0.603796
98.4413_100.562_0.417781
98.8961_100.77_0.438449
99.351_100.977_0.417781
99.7967_101.203_0.521122
100.233_101.448_0.500454
100.674_101.683_0.479786
101.115_101.919_0.500454
101.556_102.154_0.479786
102.002_102.38_0.459117
102.453_102.597_0.438449
102.903_102.814_0.459117
103.349_103.04_0.479786
103.826_103.179_0.0870866
104.32_103.125_-0.305613
104.755_102.886_-0.698312
105.091_102.517_-0.967
105.379_102.108_-0.946332
105.65_101.688_-1.04967
105.903_101.257_-1.02901
106.157_100.826_-1.04967
106.41_100.395_-1.02901
106.663_99.9643_-1.04967
106.99_99.59_-0.656975
107.389_99.2888_-0.636306
107.788_98.9875_-0.656975
108.187_98.6863_-0.636306
108.586_98.385_-0.656975
108.913_98.0107_-1.04967
109.175_97.5851_-0.987669
109.446_97.1649_-1.00834
109.717_96.7447_-0.987669
109.988_96.3245_-1.00834
110.268_95.9101_-0.946332
110.564_95.5075_-0.925664
110.861_95.1049_-0.946332
111.157_94.7023_-0.925664
111.454_94.2997_-0.946332
111.75_93.8971_-0.925664
112.047_93.4945_-0.946332
112.343_93.092_-0.925664
112.64_92.6894_-0.946332
112.936_92.2868_-0.925664
113.18_91.8519_-1.19435
113.368_91.3889_-1.17368
113.557_90.9258_-1.19435
113.746_90.4627_-1.17368
113.934_89.9997_-1.19435
114.113_89.5328_-1.21502
114.292_89.066_-1.19435
114.471_88.5991_-1.21502
114.65_88.1323_-1.19435
114.829_87.6654_-1.21502
115.008_87.1986_-1.19435
115.197_86.7355_-1.17368
115.385_86.2724_-1.19435
115.574_85.8094_-1.17368
115.762_85.3463_-1.19435
116.015_84.917_-0.884327
116.328_84.527_-0.904995
116.633_84.1306_-0.925664
116.937_83.7343_-0.904995
117.242_83.3379_-0.925664
117.53_82.9293_-0.987669
117.801_82.5091_-1.00834
118.072_82.089_-0.987669
118.343_81.6688_-1.00834
118.614_81.2486_-0.987669
118.91_80.8462_-0.884327
119.223_80.4562_-0.904995
119.536_80.0662_-0.884327
119.849_79.6762_-0.904995
120.162_79.2862_-0.884327
120.475_78.8962_-0.904995
120.788_78.5062_-0.884327
121.101_78.1162_-0.904995
121.414_77.7262_-0.884327
121.726_77.3362_-0.904995
121.951_76.8932_-1.29769
122.081_76.4104_-1.31836
122.201_75.9249_-1.33903
122.321_75.4395_-1.31836
122.441_74.9541_-1.33903
122.499_74.4587_-1.56638
122.496_73.9587_-1.58705
122.483_73.4589_-1.60772
122.46_73.1176_-1.66973
122.508_72.6232_-1.27703
122.742_72.1849_-0.884327
122.976_71.7466_-1.27703
123.126_71.2695_-1.25636
123.285_70.7957_-1.23569
123.445_70.3218_-1.25636
123.604_69.848_-1.23569
123.856_69.4197_-0.84299
124.193_69.0498_-0.822322
124.529_68.68_-0.84299
124.865_68.3101_-0.822322
125.202_67.9403_-0.84299
125.454_67.512_-1.23569
125.603_67.035_-1.29769
125.743_66.555_-1.27703
125.883_66.0749_-1.29769
126.023_65.5949_-1.27703
126.257_65.1566_-0.884327
126.585_64.7799_-0.822322
126.929_64.4171_-0.801653
127.273_64.0543_-0.822322
127.617_63.6914_-0.801653
127.887_63.2739_-1.19435
128.066_62.8071_-1.21502
128.235_62.3366_-1.23569
128.404_61.8662_-1.21502
128.574_61.3957_-1.23569
128.762_60.9329_-1.13235
128.97_60.478_-1.15302
129.177_60.0231_-1.13235
129.385_59.5683_-1.15302
129.592_59.1134_-1.13235
129.771_58.6469_-1.27703
129.921_58.1699_-1.25636
130.071_57.6928_-1.27703
130.22_57.2158_-1.25636
130.37_56.7387_-1.27703
130.586_56.2901_-0.967
130.866_55.8756_-0.987669
131.145_55.4611_-0.967
131.425_55.0466_-0.987669
131.705_54.6321_-0.967
131.93_54.1875_-1.23569
132.099_53.717_-1.21502
132.269_53.2466_-1.23569
132.438_52.7761_-1.21502
132.607_52.3057_-1.23569
132.676_51.8137_-1.62839
132.571_51.3269_-1.93841
132.396_50.8585_-1.91775
132.231_50.3865_-1.89708
132.066_49.9146_-1.91775
131.991_49.4234_-1.52505
132.11_48.9411_-1.13235
132.405_48.5411_-0.739648
132.804_48.2403_-0.553633
133.226_47.973_-0.574301
133.583_47.627_-0.967
133.779_47.1708_-1.3597
133.889_46.683_-1.33903
134.009_46.1976_-1.31836
134.129_45.7122_-1.33903
134.335_45.2603_-0.946332
134.699_44.9216_-0.553633
135.132_44.6721_-0.491628
135.57_44.4315_-0.512296
136.008_44.191_-0.491628
136.008_44.191_-0.884327
136.008_44.191_-1.27703
136.057_43.6965_-1.66973
135.912_43.2212_-2.06242
135.597_42.8374_-2.45512
135.281_42.4537_-2.06242
135.137_41.9784_-1.66973
135.185_41.4839_-1.27703
135.335_41.0069_-1.25636
135.494_40.533_-1.23569
135.746_40.1048_-0.84299
136.143_39.8054_-0.450291
136.607_39.6211_-0.305613
137.082_39.4657_-0.326281
137.557_39.3104_-0.305613
137.993_39.0713_-0.698312
138.304_38.6838_-1.09101
138.443_38.2069_-1.48371
138.44_37.7076_-1.66973
138.385_37.2106_-1.69039
138.231_36.7384_-2.08309
137.955_36.3218_-2.22777
137.646_35.9291_-2.24844
137.328_35.5428_-2.26911
137.011_35.1565_-2.24844
136.781_34.7162_-1.85574
136.737_34.2213_-1.46304
136.826_33.7299_-1.31836
136.946_33.2444_-1.33903
137.066_32.759_-1.31836
137.282_32.3114_-0.925664
137.652_31.9804_-0.532965
138.115_31.7966_-0.222939
138.601_31.681_-0.243607
139.085_31.5554_-0.264276
139.53_31.3346_-0.656975
139.857_30.9603_-1.04967
140.015_30.4895_-1.44237
139.982_29.9938_-1.83507
139.966_29.759_-1.44237
140.065_29.2695_-1.29769
140.195_28.7867_-1.31836
140.325_28.3038_-1.29769
140.455_27.821_-1.31836
140.585_27.3382_-1.29769
140.81_26.8951_-0.904995
141.187_26.5718_-0.512296
141.659_26.4175_-0.119597
142.154_26.4556_0.273102
142.628_26.615_0.376444
143.105_26.7646_0.231765
143.59_26.8845_0.252434
144.075_27.0044_0.231765
144.561_27.1242_0.252434
145.046_27.2441_0.231765
145.512_27.4225_0.500454
145.953_27.6579_0.479786
146.399_27.8841_0.459117
146.845_28.1103_0.479786
147.286_28.3457_0.500454
147.7_28.6249_0.686469
148.09_28.9378_0.665801
148.48_29.2506_0.686469
148.87_29.5635_0.665801
149.266_29.8683_0.645133
149.696_30.1211_0.417781
150.151_30.3287_0.438449
150.606_30.5363_0.417781
151.065_30.7344_0.397112
151.524_30.9325_0.417781
151.979_31.1401_0.438449
152.434_31.3477_0.417781
152.893_31.5458_0.397112
153.352_31.744_0.417781
153.807_31.9515_0.438449
154.207_32.2461_0.831148
154.464_32.6714_1.22385
154.518_32.7609_0.831148
154.518_32.7609_0.438449
154.518_32.7609_0.0457498
155.012_32.83_0.231765
155.5_32.9398_0.211097
155.988_33.0496_0.231765
156.475_33.1594_0.211097
