configuration 161.70602417_-18.2518405914_0.169978369946_0.985447793519_193.750076294_109.599342346_0.85380148664_0.520598714377
length 174.844
time 5.55338
roughness 1.78849e-05
161.706_-18.2518_0.341615
162.171_-18.0757_0.403442
162.628_-17.8746_0.437859
163.079_-17.6596_0.45852
163.526_-17.4373_0.46541
163.973_-17.2119_0.472299
164.417_-16.9834_0.479188
164.861_-16.7519_0.486077
165.302_-16.5173_0.492966
165.743_-16.2817_0.486077
166.185_-16.0471_0.492966
166.626_-15.8115_0.486077
167.067_-15.5769_0.492966
167.508_-15.3414_0.486077
167.95_-15.1068_0.492966
168.391_-14.8712_0.486077
168.832_-14.6366_0.492966
169.273_-14.401_0.486077
169.715_-14.1664_0.492966
170.155_-13.9308_0.486077
170.597_-13.6963_0.492966
171.038_-13.4607_0.486077
171.479_-13.2261_0.492966
171.92_-12.9905_0.486077
172.362_-12.7559_0.492966
172.803_-12.5203_0.486077
173.244_-12.2858_0.492966
173.685_-12.0502_0.486077
174.127_-11.8156_0.492966
174.568_-11.58_0.486077
175.009_-11.3454_0.492966
175.45_-11.1098_0.486077
175.892_-10.8753_0.492966
176.333_-10.6397_0.486077
176.774_-10.4051_0.492966
177.215_-10.1695_0.486077
177.657_-9.93492_0.492966
178.098_-9.69933_0.486077
178.539_-9.46475_0.492966
178.98_-9.22916_0.486077
179.422_-8.99458_0.492966
179.863_-8.75899_0.486077
180.304_-8.52441_0.492966
180.745_-8.28882_0.486077
181.187_-8.05424_0.492966
181.628_-7.81865_0.486077
182.069_-7.58407_0.492966
182.51_-7.34848_0.486077
182.952_-7.1139_0.492966
183.393_-6.87831_0.486077
183.834_-6.64373_0.492966
184.275_-6.40814_0.486077
184.717_-6.17357_0.492966
185.158_-5.93797_0.486077
185.599_-5.7034_0.492966
186.04_-5.46781_0.486077
186.482_-5.23323_0.492966
186.923_-4.99764_0.486077
187.364_-4.76306_0.492966
187.805_-4.52747_0.486077
188.247_-4.29289_0.492966
188.688_-4.0573_0.486077
189.129_-3.82272_0.492966
189.57_-3.58713_0.486077
190.012_-3.35255_0.492966
190.453_-3.11696_0.486077
190.894_-2.88238_0.492966
191.335_-2.64679_0.486077
191.778_-2.41424_0.479188
192.221_-2.18271_0.486077
192.663_-1.94813_0.492966
193.104_-1.71254_0.486077
193.542_-1.47435_0.520494
193.974_-1.22288_0.541156
194.402_-0.964352_0.548045
194.806_-0.693288_0.677271
195.172_-0.372364_0.806497
195.494_-0.00693041_0.935723
195.766_0.396919_1.06495
195.984_0.832448_1.19418
196.144_1.2924_1.3234
196.243_1.76909_1.45263
196.279_2.25458_1.58185
196.253_2.74078_1.71108
196.167_3.22249_1.827
196.031_3.70062_1.88883
195.869_4.17286_1.92324
195.694_4.64061_1.94391
195.51_5.10576_1.95079
195.324_5.56963_1.95768
195.134_6.03221_1.96457
194.941_6.49346_1.97146
194.747_6.95428_1.96457
194.554_7.41553_1.97146
194.36_7.87635_1.96457
194.168_8.33761_1.97146
193.974_8.79842_1.96457
193.781_9.25968_1.97146
193.587_9.72049_1.96457
193.394_10.1817_1.97146
193.2_10.6426_1.96457
193.007_11.1038_1.97146
192.813_11.5646_1.96457
192.62_12.0259_1.97146
192.426_12.4867_1.96457
192.233_12.948_1.97146
192.039_13.4088_1.96457
191.847_13.87_1.97146
191.653_14.3308_1.96457
191.46_14.7921_1.97146
191.266_15.2529_1.96457
191.073_15.7142_1.97146
190.879_16.175_1.96457
190.686_16.6362_1.97146
190.492_17.0971_1.96457
190.299_17.5583_1.97146
190.105_18.0191_1.96457
189.912_18.4804_1.97146
189.718_18.9412_1.96457
189.526_19.4025_1.97146
189.332_19.8633_1.96457
189.139_20.3245_1.97146
188.945_20.7853_1.96457
188.752_21.2466_1.97146
188.558_21.7074_1.96457
188.365_22.1687_1.97146
188.171_22.6295_1.96457
187.978_23.0907_1.97146
187.784_23.5516_1.96457
187.591_24.0128_1.97146
187.397_24.4736_1.96457
187.205_24.9349_1.97146
187.011_25.3957_1.96457
186.818_25.857_1.97146
186.624_26.3178_1.96457
186.431_26.779_1.97146
186.237_27.2398_1.96457
186.044_27.7011_1.97146
185.85_28.1619_1.96457
185.657_28.6232_1.97146
185.463_29.084_1.96457
185.27_29.5452_1.97146
185.077_30.0061_1.96457
184.884_30.4673_1.97146
184.69_30.9281_1.96457
184.497_31.3894_1.97146
184.303_31.8502_1.96457
184.11_32.3115_1.97146
183.916_32.7723_1.96457
183.723_33.2335_1.97146
183.529_33.6943_1.96457
183.336_34.1556_1.97146
183.142_34.6164_1.96457
182.949_35.0777_1.97146
182.756_35.5385_1.96457
182.563_35.9997_1.97146
182.369_36.4606_1.96457
182.176_36.9218_1.97146
181.982_37.3826_1.96457
181.789_37.8439_1.97146
181.595_38.3047_1.96457
181.402_38.766_1.97146
181.208_39.2268_1.96457
181.015_39.688_1.97146
180.821_40.1488_1.96457
180.629_40.6101_1.97146
180.435_41.0709_1.96457
180.242_41.5322_1.97146
180.048_41.993_1.96457
179.855_42.4542_1.97146
179.661_42.9151_1.96457
179.468_43.3763_1.97146
179.274_43.8371_1.96457
179.081_44.2984_1.97146
178.887_44.7592_1.96457
178.694_45.2205_1.97146
178.5_45.6813_1.96457
178.308_46.1425_1.97146
178.114_46.6033_1.96457
177.921_47.0646_1.97146
177.727_47.5254_1.96457
177.534_47.9867_1.97146
177.34_48.4475_1.96457
177.147_48.9087_1.97146
176.953_49.3696_1.96457
176.76_49.8308_1.97146
176.566_50.2916_1.96457
176.373_50.7529_1.97146
176.179_51.2137_1.96457
175.987_51.675_1.97146
175.793_52.1358_1.96457
175.6_52.597_1.97146
175.406_53.0578_1.96457
175.213_53.5191_1.97146
175.019_53.9799_1.96457
174.826_54.4412_1.97146
174.632_54.902_1.96457
174.439_55.3632_1.97146
174.245_55.8241_1.96457
174.052_56.2853_1.97146
173.858_56.7461_1.96457
173.666_57.2074_1.97146
173.472_57.6682_1.96457
173.279_58.1295_1.97146
173.085_58.5903_1.96457
172.892_59.0515_1.97146
172.698_59.5123_1.96457
172.505_59.9736_1.97146
172.311_60.4344_1.96457
172.118_60.8957_1.97146
171.924_61.3565_1.96457
171.731_61.8177_1.97146
171.538_62.2785_1.96457
171.345_62.7398_1.97146
171.151_63.2006_1.96457
170.958_63.6619_1.97146
170.764_64.1227_1.96457
170.571_64.5839_1.97146
170.377_65.0448_1.96457
170.184_65.506_1.97146
169.99_65.9668_1.96457
169.797_66.4281_1.97146
169.603_66.8889_1.96457
169.41_67.3502_1.97146
169.217_67.811_1.96457
169.024_68.2722_1.97146
168.83_68.733_1.96457
168.637_69.1943_1.97146
168.443_69.6551_1.96457
168.25_70.1164_1.97146
168.056_70.5772_1.96457
167.863_71.0384_1.97146
167.669_71.4993_1.96457
167.476_71.9605_1.97146
167.282_72.4213_1.96457
167.09_72.8826_1.97146
166.896_73.3434_1.96457
166.703_73.8047_1.97146
166.509_74.2655_1.96457
166.316_74.7267_1.97146
166.122_75.1875_1.96457
165.929_75.6488_1.97146
165.735_76.1096_1.96457
165.542_76.5709_1.97146
165.348_77.0317_1.96457
165.155_77.4929_1.97146
164.961_77.9538_1.96457
164.769_78.415_1.97146
164.575_78.8758_1.96457
164.384_79.338_1.95768
164.196_79.8014_1.95079
164.035_80.2608_1.82157
163.934_80.7372_1.69234
163.896_81.2225_1.56312
163.92_81.7088_1.43389
164.007_82.1879_1.30466
164.155_82.6518_1.17544
164.361_83.0928_1.04621
164.623_83.5035_0.916986
164.935_83.8771_0.78776
165.293_84.2073_0.658534
165.691_84.4919_0.542613
166.122_84.7397_0.480786
166.567_84.9655_0.44637
167.019_85.1781_0.425708
167.475_85.3835_0.418819
167.932_85.5858_0.411929
168.391_85.7849_0.40504
168.851_85.9808_0.398151
169.311_86.1757_0.40504
169.771_86.3717_0.398151
170.231_86.5666_0.40504
170.691_86.7626_0.398151
171.152_86.9575_0.40504
171.612_87.1534_0.398151
172.072_87.3483_0.40504
172.532_87.5443_0.398151
172.993_87.7392_0.40504
173.453_87.9351_0.398151
173.913_88.13_0.40504
174.373_88.326_0.398151
174.833_88.5209_0.40504
175.293_88.7168_0.398151
175.754_88.9117_0.40504
176.214_89.1077_0.398151
176.674_89.3026_0.40504
177.134_89.4986_0.398151
177.594_89.6935_0.40504
178.054_89.8915_0.411929
178.512_90.0907_0.40504
178.972_90.2866_0.398151
179.432_90.4815_0.40504
179.892_90.6796_0.411929
180.35_90.8787_0.40504
180.81_91.0747_0.398151
181.271_91.2696_0.40504
181.73_91.4676_0.411929
182.188_91.6667_0.40504
182.648_91.8627_0.398151
183.109_92.0576_0.40504
183.568_92.2557_0.411929
184.026_92.4548_0.40504
184.486_92.6508_0.398151
184.947_92.8457_0.40504
185.406_93.0437_0.411929
185.864_93.2428_0.40504
186.324_93.4388_0.398151
186.785_93.6337_0.40504
187.244_93.8318_0.411929
187.702_94.0309_0.40504
188.162_94.2269_0.398151
188.623_94.4218_0.40504
189.082_94.6198_0.411929
189.54_94.8189_0.40504
190_95.0149_0.398151
190.461_95.2098_0.40504
190.92_95.4079_0.411929
191.378_95.607_0.40504
191.838_95.8029_0.398151
192.299_95.9979_0.40504
192.758_96.1959_0.411929
193.216_96.395_0.40504
193.655_96.6057_0.534266
194.063_96.8712_0.663493
194.446_97.186_0.738951
194.792_97.5289_0.868177
195.09_97.9135_0.997403
195.337_98.3333_1.12663
195.527_98.7815_1.25586
195.658_99.2504_1.38508
195.728_99.7323_1.51431
195.737_100.222_1.63023
195.697_100.717_1.69205
195.629_101.211_1.7402
195.541_101.703_1.76086
195.444_102.193_1.78152
195.338_102.681_1.78841
195.229_103.169_1.7953
195.116_103.656_1.80219
195.003_104.143_1.7953
194.891_104.63_1.80219
194.777_105.117_1.7953
194.665_105.604_1.80219
194.551_106.091_1.7953
194.441_106.579_1.78841
194.332_107.067_1.7953
194.219_107.554_1.80219
194.106_108.041_1.7953
193.982_108.519_1.88432
193.821_108.99_1.93247
193.647_109.459_1.9118
