configuration 133.385482788_115.927223206_-0.986328190641_0.164792901387_34.5528411865_13.6445770264_-0.541385985877_0.840774175564
length 181.807
time 5.19104
roughness 1.7691e-05
133.385_115.927_-2.8105
132.914_115.762_-2.78983
132.446_115.586_-2.76917
131.981_115.403_-2.76228
131.517_115.217_-2.75539
131.053_115.03_-2.76228
130.589_114.844_-2.75539
130.126_114.656_-2.76228
129.662_114.47_-2.75539
129.198_114.283_-2.76228
128.734_114.097_-2.75539
128.271_113.909_-2.76228
127.807_113.723_-2.75539
127.343_113.536_-2.76228
126.879_113.35_-2.75539
126.416_113.162_-2.76228
125.952_112.976_-2.75539
125.488_112.789_-2.76228
125.024_112.603_-2.75539
124.56_112.416_-2.76228
124.096_112.229_-2.75539
123.633_112.042_-2.76228
123.169_111.856_-2.75539
122.705_111.669_-2.76228
122.241_111.482_-2.75539
121.778_111.295_-2.76228
121.314_111.109_-2.75539
120.85_110.922_-2.76228
120.386_110.736_-2.75539
119.923_110.548_-2.76228
119.459_110.362_-2.75539
118.995_110.175_-2.76228
118.531_109.989_-2.75539
118.067_109.801_-2.76228
117.603_109.615_-2.75539
117.14_109.428_-2.76228
116.676_109.242_-2.75539
116.212_109.055_-2.76228
115.748_108.868_-2.75539
115.285_108.681_-2.76228
114.821_108.495_-2.75539
114.357_108.308_-2.76228
113.893_108.121_-2.75539
113.43_107.934_-2.76228
112.966_107.748_-2.75539
112.502_107.561_-2.76228
112.038_107.375_-2.75539
111.574_107.187_-2.76228
111.11_107.001_-2.75539
110.647_106.814_-2.76228
110.183_106.628_-2.75539
109.719_106.44_-2.76228
109.255_106.254_-2.75539
108.792_106.067_-2.76228
108.328_105.881_-2.75539
107.864_105.694_-2.76228
107.4_105.507_-2.75539
106.937_105.32_-2.76228
106.473_105.134_-2.75539
106.009_104.947_-2.76228
105.545_104.76_-2.75539
105.081_104.573_-2.76228
104.617_104.387_-2.75539
104.154_104.2_-2.76228
103.69_104.014_-2.75539
103.226_103.826_-2.76228
102.762_103.64_-2.75539
102.299_103.453_-2.76228
101.835_103.267_-2.75539
101.371_103.079_-2.76228
100.907_102.893_-2.75539
100.444_102.706_-2.76228
99.9795_102.52_-2.75539
99.5159_102.332_-2.76228
99.0519_102.146_-2.75539
98.5884_101.959_-2.76228
98.1244_101.773_-2.75539
97.6608_101.586_-2.76228
97.1968_101.399_-2.75539
96.7332_101.212_-2.76228
96.2692_101.026_-2.75539
95.8057_100.839_-2.76228
95.3417_100.652_-2.75539
94.8781_100.465_-2.76228
94.4141_100.279_-2.75539
93.9505_100.092_-2.76228
93.4865_99.9056_-2.75539
93.0229_99.7183_-2.76228
92.5589_99.5321_-2.75539
92.0954_99.3449_-2.76228
91.6314_99.1587_-2.75539
91.1678_98.9714_-2.76228
90.7038_98.7852_-2.75539
90.2402_98.598_-2.76228
89.7762_98.4118_-2.75539
89.3127_98.2245_-2.76228
88.8487_98.0383_-2.75539
88.3851_97.8511_-2.76228
87.9211_97.6649_-2.75539
87.4584_97.4755_-2.74851
86.9961_97.2851_-2.75539
86.5325_97.0978_-2.76228
86.0685_96.9116_-2.75539
85.6058_96.7222_-2.74851
85.1436_96.5318_-2.75539
84.68_96.3445_-2.76228
84.216_96.1583_-2.75539
83.7533_95.969_-2.74851
83.291_95.7785_-2.75539
82.8274_95.5913_-2.76228
82.3634_95.4051_-2.75539
81.9007_95.2157_-2.74851
81.4385_95.0252_-2.75539
80.9749_94.838_-2.76228
80.5109_94.6518_-2.75539
80.0482_94.4624_-2.74851
79.5859_94.272_-2.75539
79.1223_94.0847_-2.76228
78.6583_93.8985_-2.75539
78.1956_93.7091_-2.74851
77.7334_93.5187_-2.75539
77.2698_93.3314_-2.76228
76.8058_93.1452_-2.75539
76.3431_92.9558_-2.74851
75.8808_92.7654_-2.75539
75.4173_92.5781_-2.76228
74.9616_92.3832_-2.68683
74.5176_92.1572_-2.63868
74.0801_91.9152_-2.63179
73.6656_91.6598_-2.50257
73.2874_91.3531_-2.37334
72.9519_91.0003_-2.24412
72.6647_90.6071_-2.11489
72.4306_90.1802_-1.98566
72.2534_89.7267_-1.85644
72.1361_89.2542_-1.72721
72.0807_88.7704_-1.59799
72.0881_88.2836_-1.46876
72.1582_87.8018_-1.33953
72.2855_87.3246_-1.25051
72.4499_86.8543_-1.20237
72.635_86.3908_-1.16795
72.8359_85.934_-1.13353
73.0506_85.4828_-1.11287
73.2558_85.0336_-1.2019
73.4304_84.5661_-1.23631
73.5934_84.0934_-1.2432
73.7594_83.6228_-1.20879
73.9396_83.1567_-1.18812
74.1273_82.6933_-1.18123
74.3183_82.2313_-1.17435
74.5103_81.7696_-1.18123
74.7012_81.3076_-1.17435
74.8932_80.8459_-1.18123
75.0842_80.3839_-1.17435
75.2762_79.9223_-1.18123
75.4671_79.4602_-1.17435
75.6591_78.9986_-1.18123
75.85_78.5365_-1.17435
76.042_78.0749_-1.18123
76.233_77.6128_-1.17435
76.4271_77.1521_-1.16746
76.6223_76.6918_-1.17435
76.8143_76.2301_-1.18123
77.0052_75.7681_-1.17435
77.1993_75.3073_-1.16746
77.3945_74.847_-1.17435
77.5865_74.3854_-1.18123
77.7774_73.9233_-1.17435
77.9716_73.4626_-1.16746
78.1667_73.0023_-1.17435
78.3587_72.5407_-1.18123
78.5497_72.0786_-1.17435
78.7438_71.6179_-1.16746
78.939_71.1576_-1.17435
79.131_70.696_-1.18123
79.3219_70.2339_-1.17435
79.516_69.7732_-1.16746
79.7112_69.3129_-1.17435
79.9032_68.8512_-1.18123
80.0941_68.3892_-1.17435
80.2883_67.9284_-1.16746
80.4834_67.4681_-1.17435
80.6754_67.0065_-1.18123
80.8664_66.5444_-1.17435
81.0605_66.0837_-1.16746
81.2557_65.6234_-1.17435
81.4477_65.1618_-1.18123
81.6386_64.6997_-1.17435
81.8327_64.239_-1.16746
82.0279_63.7787_-1.17435
82.2199_63.3171_-1.18123
82.4108_62.855_-1.17435
82.605_62.3942_-1.16746
82.8001_61.934_-1.17435
82.9921_61.4723_-1.18123
83.1831_61.0103_-1.17435
83.3772_60.5495_-1.16746
83.5724_60.0892_-1.17435
83.7644_59.6276_-1.18123
83.9553_59.1655_-1.17435
84.1494_58.7048_-1.16746
84.3446_58.2445_-1.17435
84.5366_57.7829_-1.18123
84.7275_57.3208_-1.17435
84.9217_56.8601_-1.16746
85.1168_56.3998_-1.17435
85.3088_55.9381_-1.18123
85.4998_55.4761_-1.17435
85.6939_55.0153_-1.16746
85.8891_54.555_-1.17435
86.0811_54.0934_-1.18123
86.272_53.6314_-1.17435
86.4661_53.1706_-1.16746
86.6409_52.7134_-1.28338
86.772_52.234_-1.3452
86.8804_51.7462_-1.36586
86.9852_51.2871_-1.30729
87.092_50.8121_-1.43652
87.1367_50.3272_-1.56574
87.1185_49.8407_-1.69497
87.0378_49.3605_-1.8242
86.8958_48.8948_-1.95342
86.6951_48.4512_-2.08265
86.4388_48.0372_-2.21188
86.1314_47.6597_-2.3411
85.7778_47.3249_-2.47033
85.3832_47.0353_-2.58625
84.9556_46.782_-2.64807
84.5133_46.5506_-2.68249
84.0639_46.3323_-2.70315
83.6107_46.1211_-2.71004
83.1561_45.913_-2.71693
82.7001_45.7081_-2.72382
82.2427_45.5063_-2.73071
81.7839_45.3076_-2.7376
81.3246_45.11_-2.73071
80.8658_44.9114_-2.7376
80.4065_44.7138_-2.73071
79.9477_44.5152_-2.7376
79.4885_44.3176_-2.73071
79.0297_44.1189_-2.7376
78.5704_43.9213_-2.73071
78.1116_43.7227_-2.7376
77.6523_43.5251_-2.73071
77.1935_43.3265_-2.7376
76.7342_43.1289_-2.73071
76.2754_42.9302_-2.7376
75.8162_42.7327_-2.73071
75.3574_42.534_-2.7376
74.8981_42.3364_-2.73071
74.4393_42.1378_-2.7376
73.98_41.9402_-2.73071
73.5212_41.7416_-2.7376
73.062_41.544_-2.73071
72.6032_41.3453_-2.7376
72.1439_41.1477_-2.73071
71.6851_40.9491_-2.7376
71.2258_40.7515_-2.73071
70.767_40.5529_-2.7376
70.3078_40.3553_-2.73071
69.8489_40.1566_-2.7376
69.3897_39.959_-2.73071
68.9309_39.7604_-2.7376
68.4716_39.5628_-2.73071
68.0128_39.3642_-2.7376
67.5535_39.1666_-2.73071
67.0947_38.9679_-2.7376
66.6355_38.7704_-2.73071
66.1767_38.5717_-2.7376
65.7174_38.3741_-2.73071
65.2595_38.1734_-2.72382
64.8021_37.9716_-2.73071
64.3433_37.7729_-2.7376
63.884_37.5754_-2.73071
63.4261_37.3746_-2.72382
62.9687_37.1728_-2.73071
62.5099_36.9742_-2.7376
62.0506_36.7766_-2.73071
61.5927_36.5758_-2.72382
61.1353_36.374_-2.73071
60.6765_36.1754_-2.7376
60.2172_35.9778_-2.73071
59.7593_35.7771_-2.72382
59.3019_35.5753_-2.73071
58.8431_35.3766_-2.7376
58.3838_35.179_-2.73071
57.9259_34.9783_-2.72382
57.4685_34.7765_-2.73071
57.0097_34.5779_-2.7376
56.5504_34.3803_-2.73071
56.0926_34.1795_-2.72382
55.6351_33.9777_-2.73071
55.1763_33.7791_-2.7376
54.7171_33.5815_-2.73071
54.2592_33.3807_-2.72382
53.8017_33.1789_-2.73071
53.3429_32.9803_-2.7376
52.8837_32.7827_-2.73071
52.4258_32.582_-2.72382
51.9683_32.3802_-2.73071
51.5095_32.1815_-2.7376
51.0503_31.9839_-2.73071
50.5924_31.7832_-2.72382
50.1349_31.5814_-2.73071
49.6761_31.3828_-2.7376
49.2169_31.1852_-2.73071
48.759_30.9844_-2.72382
48.3016_30.7826_-2.73071
47.8428_30.584_-2.7376
47.3835_30.3864_-2.73071
46.9256_30.1856_-2.72382
46.4682_29.9839_-2.73071
46.0094_29.7852_-2.7376
45.5501_29.5876_-2.73071
45.0922_29.3869_-2.72382
44.6348_29.1851_-2.73071
44.176_28.9864_-2.7376
43.7167_28.7888_-2.73071
43.2588_28.5881_-2.72382
42.8014_28.3863_-2.73071
42.3426_28.1877_-2.7376
41.8833_27.9901_-2.73071
41.4254_27.7893_-2.72382
40.968_27.5875_-2.73071
40.5092_27.3889_-2.7376
40.0499_27.1913_-2.73071
39.592_26.9906_-2.72382
39.1346_26.7888_-2.73071
38.6758_26.5901_-2.7376
38.2165_26.3925_-2.73071
37.7586_26.1918_-2.72382
37.3012_25.99_-2.73071
36.8424_25.7913_-2.7376
36.3831_25.5938_-2.73071
35.9253_25.393_-2.72382
35.4678_25.1912_-2.73071
35.009_24.9926_-2.7376
34.5583_24.7864_-2.66214
34.1182_24.5511_-2.62772
33.6834_24.3044_-2.62084
33.2717_24.0445_-2.49161
32.8969_23.7336_-2.36238
32.5653_23.3771_-2.23316
32.2824_22.9808_-2.10393
32.0529_22.5514_-1.9747
31.8807_22.096_-1.84548
31.7687_21.6222_-1.71625
31.7186_21.1379_-1.58703
31.7313_20.6512_-1.4578
31.805_20.1672_-1.34188
31.9295_19.6876_-1.26642
32.0864_19.2147_-1.21828
32.2641_18.7483_-1.18386
32.4558_18.2869_-1.1632
32.655_17.8283_-1.15631
32.8574_17.3712_-1.14942
33.063_16.9154_-1.14253
33.2696_16.4601_-1.14942
33.4751_16.0044_-1.14253
33.6838_15.55_-1.13564
33.8935_15.0962_-1.14253
34.1001_14.6409_-1.14942
34.3056_14.1851_-1.14253
34.5122_13.7299_-1.14942
