configuration 161.70602417_-18.2518405914_0.169978369946_0.985447793519_193.750076294_109.599342346_0.85380148664_0.520598714377
length 174.704
time 6.68932
roughness 1.89588e-05
161.706_-18.2518_0.341615
162.169_-18.0742_0.417074
162.623_-17.8668_0.45149
163.071_-17.6457_0.472152
163.515_-17.4173_0.479041
163.959_-17.1858_0.48593
164.4_-16.9513_0.49282
164.84_-16.7138_0.499709
165.278_-16.4732_0.506598
165.716_-16.2316_0.499709
166.154_-15.991_0.506598
166.592_-15.7495_0.499709
167.03_-15.5089_0.506598
167.468_-15.2673_0.499709
167.906_-15.0267_0.506598
168.344_-14.7851_0.499709
168.782_-14.5446_0.506598
169.22_-14.303_0.499709
169.658_-14.0624_0.506598
170.096_-13.8208_0.499709
170.534_-13.5803_0.506598
170.972_-13.3387_0.499709
171.41_-13.0981_0.506598
171.848_-12.8565_0.499709
172.286_-12.616_0.506598
172.724_-12.3744_0.499709
173.162_-12.1338_0.506598
173.6_-11.8922_0.499709
174.038_-11.6516_0.506598
174.476_-11.4101_0.499709
174.914_-11.1695_0.506598
175.352_-10.9279_0.499709
175.79_-10.6873_0.506598
176.228_-10.4458_0.499709
176.666_-10.2052_0.506598
177.104_-9.9636_0.499709
177.542_-9.72302_0.506598
177.98_-9.48144_0.499709
178.418_-9.24087_0.506598
178.856_-8.99929_0.499709
179.294_-8.75871_0.506598
179.732_-8.51713_0.499709
180.17_-8.27656_0.506598
180.608_-8.03498_0.499709
181.047_-7.79642_0.49282
181.487_-7.55887_0.499709
181.926_-7.31829_0.506598
182.363_-7.07671_0.499709
182.803_-6.83815_0.49282
183.243_-6.6006_0.499709
183.681_-6.36003_0.506598
184.119_-6.11845_0.499709
184.558_-5.87989_0.49282
184.998_-5.64234_0.499709
185.436_-5.40177_0.506598
185.874_-5.16019_0.499709
186.313_-4.92163_0.49282
186.753_-4.68408_0.499709
187.192_-4.4435_0.506598
187.629_-4.20192_0.499709
188.069_-3.96336_0.49282
188.509_-3.72581_0.499709
188.947_-3.48524_0.506598
189.385_-3.24366_0.499709
189.824_-3.0051_0.49282
190.264_-2.76755_0.499709
190.702_-2.52698_0.506598
191.14_-2.2854_0.499709
191.579_-2.04684_0.49282
192.019_-1.80929_0.499709
192.458_-1.56871_0.506598
192.895_-1.32713_0.499709
193.335_-1.09073_0.479047
193.78_-0.861299_0.472158
194.223_-0.630986_0.49282
194.642_-0.382661_0.622046
195.025_-0.082437_0.751272
195.367_0.26468_0.880498
195.66_0.652901_1.00972
195.902_1.07575_1.13895
196.087_1.52618_1.26818
196.212_1.99668_1.3974
196.276_2.4794_1.52663
196.276_2.96629_1.65585
196.215_3.44923_1.78508
196.095_3.92847_1.87411
195.939_4.40149_1.92225
195.762_4.86806_1.95667
195.571_5.32969_1.97733
195.372_5.78845_1.98422
195.17_6.24583_1.99111
194.965_6.70181_1.99799
194.757_7.15636_2.00488
194.547_7.61044_1.99799
194.339_8.06499_2.00488
194.13_8.51907_1.99799
193.922_8.97362_2.00488
193.713_9.4277_1.99799
193.504_9.88225_2.00488
193.295_10.3363_1.99799
193.089_10.7918_1.99111
192.884_11.2478_1.99799
192.676_11.7024_2.00488
192.467_12.1564_1.99799
192.26_12.612_1.99111
192.055_13.0679_1.99799
191.847_13.5225_2.00488
191.638_13.9766_1.99799
191.432_14.4321_1.99111
191.227_14.888_1.99799
191.019_15.3426_2.00488
190.809_15.7967_1.99799
190.603_16.2522_1.99111
190.398_16.7082_1.99799
190.19_17.1627_2.00488
189.981_17.6168_1.99799
189.775_18.0723_1.99111
189.57_18.5283_1.99799
189.362_18.9828_2.00488
189.152_19.4369_1.99799
188.946_19.8924_1.99111
188.741_20.3484_1.99799
188.533_20.8029_2.00488
188.324_21.257_1.99799
188.118_21.7125_1.99111
187.913_22.1685_1.99799
187.704_22.6231_2.00488
187.495_23.0771_1.99799
187.289_23.5326_1.99111
187.084_23.9886_1.99799
186.876_24.4432_2.00488
186.667_24.8972_1.99799
186.46_25.3528_1.99111
186.255_25.8087_1.99799
186.047_26.2633_2.00488
185.838_26.7174_1.99799
185.632_27.1729_1.99111
185.427_27.6288_1.99799
185.219_28.0834_2.00488
185.009_28.5375_1.99799
184.803_28.993_1.99111
184.598_29.449_1.99799
184.39_29.9035_2.00488
184.181_30.3576_1.99799
183.975_30.8131_1.99111
183.77_31.2691_1.99799
183.561_31.7236_2.00488
183.352_32.1777_1.99799
183.146_32.6332_1.99111
182.941_33.0892_1.99799
182.733_33.5437_2.00488
182.524_33.9978_1.99799
182.318_34.4533_1.99111
182.112_34.9093_1.99799
181.904_35.3639_2.00488
181.695_35.8179_1.99799
181.489_36.2734_1.99111
181.284_36.7294_1.99799
181.076_37.184_2.00488
180.866_37.6381_1.99799
180.66_38.0936_1.99111
180.455_38.5495_1.99799
180.247_39.0041_2.00488
180.038_39.4582_1.99799
179.832_39.9137_1.99111
179.627_40.3697_1.99799
179.419_40.8242_2.00488
179.209_41.2783_1.99799
179.003_41.7338_1.99111
178.798_42.1898_1.99799
178.59_42.6443_2.00488
178.381_43.0984_1.99799
178.175_43.5539_1.99111
177.97_44.0099_1.99799
177.761_44.4644_2.00488
177.552_44.9185_1.99799
177.346_45.374_1.99111
177.141_45.83_1.99799
176.933_46.2846_2.00488
176.724_46.7386_1.99799
176.517_47.1941_1.99111
176.312_47.6501_1.99799
176.104_48.1047_2.00488
175.895_48.5587_1.99799
175.689_49.0143_1.99111
175.484_49.4702_1.99799
175.276_49.9248_2.00488
175.066_50.3789_1.99799
174.86_50.8344_1.99111
174.655_51.2903_1.99799
174.447_51.7449_2.00488
174.238_52.199_1.99799
174.032_52.6545_1.99111
173.827_53.1105_1.99799
173.619_53.565_2.00488
173.409_54.0191_1.99799
173.203_54.4746_1.99111
172.998_54.9306_1.99799
172.79_55.3851_2.00488
172.581_55.8392_1.99799
172.375_56.2947_1.99111
172.17_56.7507_1.99799
171.961_57.2052_2.00488
171.752_57.6593_1.99799
171.546_58.1148_1.99111
171.341_58.5708_1.99799
171.133_59.0254_2.00488
170.924_59.4794_1.99799
170.717_59.9349_1.99111
170.512_60.3909_1.99799
170.304_60.8455_2.00488
170.095_61.2995_1.99799
169.881_61.7496_2.04614
169.65_62.1923_2.0668
169.411_62.6315_2.07369
169.191_63.069_1.95777
169.013_63.5331_1.89594
168.859_64.0078_1.86152
168.719_64.4875_1.84086
168.587_64.9696_1.83397
168.458_65.4527_1.82708
168.332_65.9366_1.82019
168.21_66.4214_1.8133
168.091_66.907_1.80642
167.973_67.3929_1.8133
167.854_67.8785_1.80642
167.737_68.3644_1.8133
167.618_68.85_1.80642
167.5_69.3358_1.8133
167.381_69.8215_1.80642
167.263_70.3073_1.8133
167.144_70.7929_1.80642
167.026_71.2788_1.8133
166.907_71.7644_1.80642
166.789_72.2503_1.8133
166.67_72.7359_1.80642
166.553_73.2218_1.8133
166.434_73.7074_1.80642
166.318_74.1938_1.79953
166.204_74.6805_1.80642
166.086_75.1664_1.8133
165.967_75.652_1.80642
165.851_76.1384_1.79953
165.737_76.6251_1.80642
165.619_77.111_1.8133
165.5_77.5966_1.80642
165.384_78.083_1.79953
165.27_78.5697_1.80642
165.152_79.0556_1.8133
165.023_79.5355_1.87513
164.868_80.0099_1.90955
164.701_80.4811_1.91644
164.555_80.9457_1.78721
164.471_81.4253_1.65799
164.449_81.9117_1.52876
164.49_82.3968_1.39953
164.593_82.8727_1.27031
164.757_83.3312_1.14108
164.979_83.7648_1.01185
165.254_84.1663_0.882628
165.579_84.529_0.753402
165.948_84.8467_0.624176
166.357_85.1234_0.535151
166.79_85.368_0.473324
167.236_85.5904_0.438908
167.69_85.7996_0.418246
168.147_86.0017_0.411357
168.606_86.2005_0.404467
169.066_86.3962_0.397578
169.527_86.5908_0.404467
169.987_86.7865_0.397578
170.447_86.9812_0.404467
170.907_87.1769_0.397578
171.368_87.3715_0.404467
171.827_87.5693_0.411357
172.286_87.7682_0.404467
172.746_87.9639_0.397578
173.206_88.1585_0.404467
173.666_88.3563_0.411357
174.124_88.5552_0.404467
174.584_88.7509_0.397578
175.045_88.9455_0.404467
175.504_89.1433_0.411357
175.963_89.3422_0.404467
176.423_89.5379_0.397578
176.883_89.7325_0.404467
177.343_89.9303_0.411357
177.801_90.1292_0.404467
178.261_90.3249_0.397578
178.722_90.5195_0.404467
179.181_90.7173_0.411357
179.64_90.9162_0.404467
180.1_91.1118_0.397578
180.56_91.3065_0.404467
181.019_91.5043_0.411357
181.478_91.7031_0.404467
181.938_91.8988_0.397578
182.399_92.0935_0.404467
182.858_92.2913_0.411357
183.317_92.4901_0.404467
183.777_92.6858_0.397578
184.237_92.8805_0.404467
184.696_93.0783_0.411357
185.155_93.2771_0.404467
185.615_93.4728_0.397578
186.076_93.6675_0.404467
186.535_93.8653_0.411357
186.994_94.0641_0.404467
187.454_94.2598_0.397578
187.914_94.4545_0.404467
188.373_94.6523_0.411357
188.832_94.8511_0.404467
189.292_95.0468_0.397578
189.753_95.2415_0.404467
190.212_95.4393_0.411357
190.671_95.6381_0.404467
191.131_95.8338_0.397578
191.591_96.0285_0.404467
192.05_96.2263_0.411357
192.509_96.4251_0.404467
192.969_96.6208_0.397578
193.43_96.8155_0.404467
193.869_97.0259_0.533693
194.283_97.2902_0.63621
194.681_97.5913_0.670627
194.966_97.8229_0.7061
195.323_98.1542_0.835326
195.634_98.5288_0.964552
195.894_98.9403_1.09378
196.099_99.3819_1.223
196.246_99.8463_1.35223
196.331_100.326_1.48146
196.354_100.812_1.61068
196.316_101.3_1.7266
196.229_101.789_1.78843
196.115_102.275_1.82285
195.987_102.758_1.84351
195.849_103.239_1.86417
195.704_103.717_1.87106
195.555_104.194_1.87795
195.403_104.67_1.88484
195.247_105.146_1.89173
195.088_105.62_1.89862
194.928_106.093_1.89173
194.77_106.567_1.89862
194.61_107.041_1.89173
194.451_107.515_1.89862
194.291_107.989_1.89173
194.124_108.457_1.95355
193.933_108.918_1.98797
193.731_109.376_1.98108
