configuration 161.70602417_-18.2518405914_0.169978369946_0.985447793519_193.750076294_109.599342346_0.85380148664_0.520598714377
length 171.825
time 8.42383
roughness 1.77408e-05
161.706_-18.2518_0.341615
162.171_-18.0757_0.403442
162.628_-17.8746_0.437859
163.079_-17.6596_0.45852
163.525_-17.4354_0.479182
163.968_-17.2038_0.486071
164.41_-16.9692_0.492961
164.85_-16.7316_0.49985
165.289_-16.493_0.492961
165.729_-16.2554_0.49985
166.168_-16.0168_0.492961
166.608_-15.7792_0.49985
167.047_-15.5405_0.492961
167.487_-15.3029_0.49985
167.927_-15.0643_0.492961
168.367_-14.8267_0.49985
168.806_-14.5881_0.492961
169.246_-14.3505_0.49985
169.685_-14.1119_0.492961
170.125_-13.8742_0.49985
170.564_-13.6356_0.492961
171.004_-13.398_0.49985
171.444_-13.1594_0.492961
171.884_-12.9218_0.49985
172.323_-12.6832_0.492961
172.763_-12.4455_0.49985
173.202_-12.2069_0.492961
173.642_-11.9693_0.49985
174.081_-11.7307_0.492961
174.521_-11.4931_0.49985
174.961_-11.2545_0.492961
175.401_-11.0168_0.49985
175.84_-10.7782_0.492961
176.28_-10.5406_0.49985
176.719_-10.302_0.492961
177.159_-10.0644_0.49985
177.598_-9.82576_0.492961
178.038_-9.58815_0.49985
178.478_-9.34953_0.492961
178.917_-9.11192_0.49985
179.357_-8.8733_0.492961
179.797_-8.63568_0.49985
180.236_-8.39706_0.492961
180.676_-8.15945_0.49985
181.115_-7.92083_0.492961
181.555_-7.68322_0.49985
181.994_-7.4446_0.492961
182.434_-7.20699_0.49985
182.874_-6.96837_0.492961
183.314_-6.73075_0.49985
183.753_-6.49213_0.492961
184.193_-6.25452_0.49985
184.632_-6.0159_0.492961
185.072_-5.77829_0.49985
185.511_-5.53967_0.492961
185.951_-5.30206_0.49985
186.391_-5.06344_0.492961
186.831_-4.82582_0.49985
187.27_-4.5872_0.492961
187.71_-4.34959_0.49985
188.149_-4.11097_0.492961
188.589_-3.87336_0.49985
189.028_-3.63474_0.492961
189.468_-3.39713_0.49985
189.908_-3.15851_0.492961
190.348_-2.92089_0.49985
190.787_-2.68227_0.492961
191.227_-2.44466_0.49985
191.666_-2.20604_0.492961
192.106_-1.96843_0.49985
192.545_-1.72981_0.492961
192.985_-1.4922_0.49985
193.414_-1.24386_0.575308
193.83_-0.967533_0.609725
194.239_-0.680293_0.616614
194.624_-0.382155_0.74584
194.967_-0.0368977_0.875066
195.263_0.349722_1.00429
195.507_0.771256_1.13352
195.694_1.22068_1.26274
195.822_1.69049_1.39197
195.888_2.17285_1.5212
195.892_2.65973_1.65042
195.832_3.143_1.77965
195.718_3.62509_1.85511
195.57_4.10099_1.90325
195.404_4.57217_1.92391
195.228_5.03981_1.94457
195.044_5.50483_1.95146
194.857_5.96858_1.95835
194.667_6.43103_1.96524
194.476_6.89304_1.95835
194.286_7.35549_1.96524
194.095_7.8175_1.95835
193.905_8.27995_1.96524
193.714_8.74196_1.95835
193.524_9.20441_1.96524
193.333_9.66642_1.95835
193.143_10.1289_1.96524
192.952_10.5909_1.95835
192.764_11.0542_1.95146
192.577_11.5179_1.95835
192.387_11.9804_1.96524
192.196_12.4424_1.95835
192.008_12.9057_1.95146
191.821_13.3695_1.95835
191.631_13.8319_1.96524
191.44_14.2939_1.95835
191.252_14.7572_1.95146
191.066_15.221_1.95835
190.876_15.6834_1.96524
190.685_16.1455_1.95835
190.497_16.6088_1.95146
190.31_17.0725_1.95835
190.12_17.535_1.96524
189.929_17.997_1.95835
189.741_18.4603_1.95146
189.554_18.924_1.95835
189.364_19.3865_1.96524
189.173_19.8485_1.95835
188.985_20.3118_1.95146
188.798_20.7756_1.95835
188.608_21.238_1.96524
188.417_21.7_1.95835
188.229_22.1633_1.95146
188.042_22.6271_1.95835
187.852_23.0895_1.96524
187.661_23.5515_1.95835
187.474_24.0149_1.95146
187.287_24.4786_1.95835
187.097_24.9411_1.96524
186.906_25.4031_1.95835
186.718_25.8664_1.95146
186.531_26.3301_1.95835
186.341_26.7926_1.96524
186.15_27.2546_1.95835
185.962_27.7179_1.95146
185.775_28.1817_1.95835
185.585_28.6441_1.96524
185.394_29.1061_1.95835
185.206_29.5694_1.95146
185.019_30.0332_1.95835
184.829_30.4956_1.96524
184.638_30.9576_1.95835
184.45_31.421_1.95146
184.264_31.8847_1.95835
184.074_32.3472_1.96524
183.882_32.8092_1.95835
183.695_33.2725_1.95146
183.508_33.7362_1.95835
183.318_34.1987_1.96524
183.127_34.6607_1.95835
182.939_35.124_1.95146
182.752_35.5878_1.95835
182.562_36.0502_1.96524
182.371_36.5122_1.95835
182.183_36.9755_1.95146
181.996_37.4393_1.95835
181.806_37.9017_1.96524
181.615_38.3637_1.95835
181.427_38.8271_1.95146
181.24_39.2908_1.95835
181.05_39.7533_1.96524
180.859_40.2153_1.95835
180.671_40.6786_1.95146
180.485_41.1423_1.95835
180.295_41.6048_1.96524
180.103_42.0668_1.95835
179.916_42.5301_1.95146
179.729_42.9939_1.95835
179.539_43.4563_1.96524
179.348_43.9183_1.95835
179.16_44.3816_1.95146
178.973_44.8454_1.95835
178.783_45.3078_1.96524
178.592_45.7698_1.95835
178.404_46.2332_1.95146
178.217_46.6969_1.95835
178.027_47.1593_1.96524
177.836_47.6214_1.95835
177.648_48.0847_1.95146
177.461_48.5484_1.95835
177.271_49.0109_1.96524
177.08_49.4729_1.95835
176.892_49.9362_1.95146
176.706_50.3999_1.95835
176.516_50.8624_1.96524
176.325_51.3244_1.95835
176.137_51.7877_1.95146
175.95_52.2515_1.95835
175.76_52.7139_1.96524
175.569_53.1759_1.95835
175.381_53.6392_1.95146
175.194_54.103_1.95835
175.004_54.5654_1.96524
174.813_55.0275_1.95835
174.625_55.4908_1.95146
174.438_55.9545_1.95835
174.248_56.417_1.96524
174.057_56.879_1.95835
173.869_57.3423_1.95146
173.682_57.806_1.95835
173.492_58.2685_1.96524
173.301_58.7305_1.95835
173.113_59.1938_1.95146
172.927_59.6576_1.95835
172.737_60.12_1.96524
172.546_60.582_1.95835
172.358_61.0453_1.95146
172.171_61.5091_1.95835
171.981_61.9715_1.96524
171.79_62.4336_1.95835
171.602_62.8969_1.95146
171.415_63.3606_1.95835
171.225_63.8231_1.96524
171.034_64.2851_1.95835
170.846_64.7484_1.95146
170.659_65.2121_1.95835
170.469_65.6746_1.96524
170.278_66.1366_1.95835
170.09_66.5999_1.95146
169.903_67.0637_1.95835
169.713_67.5261_1.96524
169.522_67.9881_1.95835
169.335_68.4514_1.95146
169.148_68.9152_1.95835
168.958_69.3776_1.96524
168.767_69.8396_1.95835
168.579_70.303_1.95146
168.392_70.7667_1.95835
168.202_71.2292_1.96524
168.011_71.6912_1.95835
167.823_72.1545_1.95146
167.636_72.6182_1.95835
167.446_73.0807_1.96524
167.255_73.5427_1.95835
167.067_74.006_1.95146
166.88_74.4698_1.95835
166.69_74.9322_1.96524
166.499_75.3942_1.95835
166.311_75.8575_1.95146
166.125_76.3213_1.95835
165.935_76.7837_1.96524
165.743_77.2457_1.95835
165.556_77.7091_1.95146
165.369_78.1728_1.95835
165.204_78.631_1.82912
165.1_79.1066_1.6999
165.055_79.594_1.58398
165.069_80.0807_1.45475
165.146_80.5615_1.32553
165.284_81.0284_1.1963
165.482_81.4736_1.06707
165.734_81.8896_0.937847
166.039_82.2697_0.808621
166.39_82.6073_0.679395
166.783_82.9061_0.59037
167.201_83.1768_0.542228
167.631_83.4294_0.507811
168.07_83.6694_0.487149
168.512_83.9024_0.48026
168.956_84.1324_0.473371
169.4_84.3613_0.48026
169.844_84.5913_0.473371
170.289_84.8202_0.48026
170.733_85.0502_0.473371
171.177_85.2792_0.48026
171.621_85.5091_0.473371
172.066_85.7381_0.48026
172.51_85.9681_0.473371
172.954_86.197_0.48026
173.398_86.427_0.473371
173.842_86.6559_0.48026
174.286_86.8859_0.473371
174.731_87.1148_0.48026
175.175_87.3448_0.473371
175.619_87.5738_0.48026
176.063_87.8037_0.473371
176.508_88.0327_0.48026
176.952_88.2626_0.473371
177.396_88.4916_0.48026
177.84_88.7216_0.473371
178.284_88.9505_0.48026
178.728_89.1805_0.473371
179.173_89.4094_0.48026
179.617_89.6394_0.473371
180.061_89.8683_0.48026
180.505_90.0983_0.473371
180.95_90.3273_0.48026
181.394_90.5572_0.473371
181.838_90.7862_0.48026
182.282_91.0162_0.473371
182.726_91.2451_0.48026
183.17_91.4751_0.473371
183.616_91.702_0.466482
184.062_91.9279_0.473371
184.506_92.1568_0.48026
184.95_92.3868_0.473371
185.396_92.6137_0.466482
185.842_92.8396_0.473371
186.286_93.0685_0.48026
186.73_93.2985_0.473371
187.176_93.5254_0.466482
187.622_93.7513_0.473371
188.066_93.9802_0.48026
188.51_94.2102_0.473371
188.956_94.4371_0.466482
189.402_94.663_0.473371
189.846_94.8919_0.48026
190.29_95.1219_0.473371
190.736_95.3488_0.466482
191.182_95.5747_0.473371
191.626_95.8036_0.48026
192.07_96.0336_0.473371
192.516_96.2605_0.466482
192.952_96.4944_0.54194
193.377_96.7567_0.576356
193.796_97.0301_0.583246
194.19_97.3153_0.712472
194.545_97.6489_0.841698
194.854_98.0254_0.970924
195.111_98.4386_1.10015
195.313_98.8815_1.22938
195.457_99.3468_1.3586
195.539_99.8267_1.48783
195.561_100.316_1.60375
195.532_100.81_1.67921
195.47_101.305_1.72735
195.389_101.798_1.74801
195.3_102.29_1.7549
195.207_102.781_1.76179
195.111_103.272_1.76868
195.012_103.762_1.77557
194.909_104.251_1.78246
194.803_104.739_1.78935
194.696_105.228_1.78246
194.589_105.716_1.78935
194.482_106.205_1.78246
194.376_106.693_1.78935
194.269_107.182_1.78246
194.165_107.671_1.77557
194.049_108.148_1.87808
193.89_108.621_1.92623
193.713_109.088_1.94689
193.549_109.529_1.88832
