configuration 176.556686401_134.7056427_-0.977472527886_0.211062685542_59.5791053772_36.8438796997_0.982426073578_-0.18665210943
length 182.764
time 6.983
roughness 1.10161e-05
176.557_134.706_-2.71627
176.102_134.498_-2.70938
175.647_134.29_-2.71627
175.192_134.083_-2.70938
174.738_133.874_-2.71627
174.283_133.667_-2.70938
173.828_133.458_-2.71627
173.374_133.251_-2.70938
172.919_133.043_-2.71627
172.464_132.835_-2.70938
172.01_132.627_-2.71627
171.555_132.42_-2.70938
171.1_132.211_-2.71627
170.645_132.004_-2.70938
170.191_131.796_-2.71627
169.736_131.588_-2.70938
169.281_131.38_-2.71627
168.826_131.173_-2.70938
168.372_130.964_-2.71627
167.917_130.757_-2.70938
167.463_130.548_-2.71627
167.008_130.341_-2.70938
166.553_130.133_-2.71627
166.098_129.925_-2.70938
165.644_129.717_-2.71627
165.189_129.51_-2.70938
164.734_129.301_-2.71627
164.279_129.094_-2.70938
163.825_128.886_-2.71627
163.37_128.678_-2.70938
162.916_128.47_-2.71627
162.461_128.262_-2.70938
162.006_128.054_-2.71627
161.551_127.847_-2.70938
161.097_127.638_-2.71627
160.642_127.431_-2.70938
160.187_127.223_-2.71627
159.732_127.015_-2.70938
159.278_126.807_-2.71627
158.823_126.6_-2.70938
158.368_126.391_-2.71627
157.914_126.184_-2.70938
157.459_125.976_-2.71627
157.004_125.768_-2.70938
156.55_125.56_-2.71627
156.095_125.352_-2.70938
155.64_125.144_-2.71627
155.185_124.937_-2.70938
154.731_124.728_-2.71627
154.276_124.521_-2.70938
153.821_124.313_-2.71627
153.366_124.105_-2.70938
152.912_123.897_-2.71627
152.457_123.69_-2.70938
152.003_123.481_-2.71627
151.548_123.274_-2.70938
151.093_123.065_-2.71627
150.638_122.858_-2.70938
150.184_122.65_-2.71627
149.729_122.442_-2.70938
149.274_122.234_-2.71627
148.819_122.027_-2.70938
148.365_121.818_-2.71627
147.91_121.611_-2.70938
147.456_121.403_-2.71627
147.001_121.195_-2.70938
146.546_120.987_-2.71627
146.091_120.78_-2.70938
145.637_120.571_-2.71627
145.182_120.364_-2.70938
144.727_120.155_-2.71627
144.272_119.948_-2.70938
143.818_119.74_-2.71627
143.362_119.534_-2.72316
142.906_119.33_-2.71627
142.451_119.123_-2.70938
141.996_118.915_-2.71627
141.54_118.709_-2.72316
141.084_118.505_-2.71627
140.629_118.298_-2.70938
140.175_118.089_-2.71627
139.719_117.884_-2.72316
139.262_117.68_-2.71627
138.807_117.473_-2.70938
138.353_117.264_-2.71627
137.897_117.059_-2.72316
137.441_116.855_-2.71627
136.986_116.647_-2.70938
136.531_116.439_-2.71627
136.075_116.234_-2.72316
135.619_116.03_-2.71627
135.164_115.822_-2.70938
134.71_115.614_-2.71627
134.254_115.409_-2.72316
133.797_115.204_-2.71627
133.342_114.997_-2.70938
132.888_114.789_-2.71627
132.432_114.583_-2.72316
131.976_114.379_-2.71627
131.521_114.172_-2.70938
131.066_113.964_-2.71627
130.61_113.758_-2.72316
130.154_113.554_-2.71627
129.699_113.347_-2.70938
129.245_113.138_-2.71627
128.789_112.933_-2.72316
128.332_112.729_-2.71627
127.877_112.522_-2.70938
127.423_112.313_-2.71627
126.967_112.108_-2.72316
126.511_111.904_-2.71627
126.056_111.696_-2.70938
125.601_111.488_-2.71627
125.145_111.283_-2.72316
124.689_111.079_-2.71627
124.234_110.871_-2.70938
123.78_110.663_-2.71627
123.324_110.458_-2.72316
122.867_110.253_-2.71627
122.412_110.046_-2.70938
121.958_109.838_-2.71627
121.502_109.632_-2.72316
121.046_109.428_-2.71627
120.591_109.221_-2.70938
120.136_109.013_-2.71627
119.68_108.807_-2.72316
119.224_108.603_-2.71627
118.769_108.396_-2.70938
118.315_108.187_-2.71627
117.859_107.982_-2.72316
117.402_107.778_-2.71627
116.947_107.571_-2.70938
116.493_107.362_-2.71627
116.037_107.157_-2.72316
115.581_106.953_-2.71627
115.126_106.745_-2.70938
114.671_106.537_-2.71627
114.215_106.332_-2.72316
113.759_106.128_-2.71627
113.304_105.92_-2.70938
112.85_105.712_-2.71627
112.394_105.507_-2.72316
111.937_105.302_-2.71627
111.482_105.095_-2.70938
111.028_104.887_-2.71627
110.572_104.681_-2.72316
110.116_104.477_-2.71627
109.661_104.27_-2.70938
109.206_104.062_-2.71627
108.75_103.856_-2.72316
108.294_103.652_-2.71627
107.839_103.445_-2.70938
107.385_103.236_-2.71627
106.929_103.031_-2.72316
106.472_102.827_-2.71627
106.017_102.62_-2.70938
105.563_102.411_-2.71627
105.107_102.206_-2.72316
104.651_102.002_-2.71627
104.196_101.794_-2.70938
103.741_101.586_-2.71627
103.285_101.381_-2.72316
102.829_101.177_-2.71627
102.374_100.969_-2.70938
101.92_100.761_-2.71627
101.464_100.556_-2.72316
101.007_100.351_-2.71627
100.552_100.144_-2.70938
100.098_99.9357_-2.71627
99.642_99.7305_-2.72316
99.1857_99.5263_-2.71627
98.7307_99.3189_-2.70938
98.2763_99.1106_-2.71627
97.8204_98.9053_-2.72316
97.364_98.7011_-2.71627
96.9091_98.4938_-2.70938
96.4546_98.2854_-2.71627
95.9987_98.0801_-2.72316
95.5424_97.8759_-2.71627
95.0874_97.6686_-2.70938
94.6329_97.4602_-2.71627
94.177_97.255_-2.72316
93.7207_97.0508_-2.71627
93.2657_96.8434_-2.70938
92.8113_96.6351_-2.71627
92.3554_96.4298_-2.72316
91.899_96.2256_-2.71627
91.4441_96.0183_-2.70938
90.9896_95.8099_-2.71627
90.5337_95.6046_-2.72316
90.0774_95.4004_-2.71627
89.6224_95.1931_-2.70938
89.1679_94.9847_-2.71627
88.7121_94.7795_-2.72316
88.2557_94.5753_-2.71627
87.8008_94.3679_-2.70938
87.3463_94.1596_-2.71627
86.8904_93.9543_-2.72316
86.434_93.7501_-2.71627
85.9791_93.5428_-2.70938
85.5246_93.3344_-2.71627
85.0687_93.1291_-2.72316
84.6124_92.9249_-2.71627
84.1574_92.7176_-2.70938
83.703_92.5092_-2.71627
83.2471_92.304_-2.72316
82.7907_92.0998_-2.71627
82.3358_91.8924_-2.70938
81.8813_91.6841_-2.71627
81.4254_91.4788_-2.72316
80.969_91.2746_-2.71627
80.5141_91.0673_-2.70938
80.0596_90.8589_-2.71627
79.6037_90.6537_-2.72316
79.1474_90.4495_-2.71627
78.6924_90.2421_-2.70938
78.238_90.0337_-2.71627
77.7821_89.8285_-2.72316
77.3257_89.6243_-2.71627
76.8708_89.4169_-2.70938
76.4377_89.1944_-2.58015
76.0276_88.9193_-2.49113
75.6339_88.6126_-2.45671
75.3499_88.3782_-2.44149
74.9912_88.049_-2.31226
74.6779_87.6763_-2.18303
74.4152_87.2664_-2.05381
74.2075_86.826_-1.92458
74.0584_86.3625_-1.79536
73.9702_85.8837_-1.66613
73.9444_85.3975_-1.5369
73.9815_84.912_-1.40768
74.0777_84.4297_-1.30516
74.218_83.9529_-1.24333
74.384_83.4822_-1.20892
74.5641_83.0161_-1.18826
74.7518_82.5527_-1.18137
74.9427_82.0906_-1.17448
75.1367_81.6299_-1.16759
75.3318_81.1695_-1.17448
75.5259_80.7088_-1.16759
75.721_80.2485_-1.17448
75.9151_79.7877_-1.16759
76.1102_79.3274_-1.17448
76.3042_78.8666_-1.16759
76.4993_78.4063_-1.17448
76.6934_77.9455_-1.16759
76.8885_77.4852_-1.17448
77.0826_77.0244_-1.16759
77.2777_76.5641_-1.17448
77.4717_76.1034_-1.16759
77.6669_75.643_-1.17448
77.8609_75.1823_-1.16759
78.0581_74.7229_-1.1607
78.2564_74.2639_-1.16759
78.4515_73.8036_-1.17448
78.6456_73.3428_-1.16759
78.8428_72.8834_-1.1607
79.0411_72.4244_-1.16759
79.2362_71.9641_-1.17448
79.4303_71.5033_-1.16759
79.6275_71.0439_-1.1607
79.8258_70.585_-1.16759
80.0209_70.1246_-1.17448
80.215_69.6639_-1.16759
80.4122_69.2045_-1.1607
80.6105_68.7455_-1.16759
80.8056_68.2852_-1.17448
80.9996_67.8244_-1.16759
81.1969_67.365_-1.1607
81.3951_66.906_-1.16759
81.5903_66.4457_-1.17448
81.7843_65.9849_-1.16759
81.9815_65.5255_-1.1607
82.1798_65.0666_-1.16759
82.3749_64.6062_-1.17448
82.569_64.1455_-1.16759
82.7662_63.686_-1.1607
82.9645_63.2271_-1.16759
83.1596_62.7668_-1.17448
83.3537_62.306_-1.16759
83.5509_61.8466_-1.1607
83.7492_61.3876_-1.16759
83.9443_60.9273_-1.17448
84.1383_60.4665_-1.16759
84.3356_60.0071_-1.1607
84.5339_59.5482_-1.16759
84.729_59.0878_-1.17448
84.923_58.6271_-1.16759
85.1203_58.1676_-1.1607
85.3185_57.7087_-1.16759
85.5136_57.2484_-1.17448
85.7077_56.7876_-1.16759
85.9049_56.3282_-1.1607
86.1032_55.8692_-1.16759
86.2983_55.4089_-1.17448
86.4924_54.9481_-1.16759
86.6896_54.4887_-1.1607
86.8646_54.0344_-1.28993
86.9875_53.5561_-1.37895
87.077_53.0651_-1.41337
87.1329_52.5814_-1.54259
87.126_52.0946_-1.67182
87.0564_51.6127_-1.80105
86.9253_51.1438_-1.93027
86.7349_50.6957_-2.0595
86.4883_50.2758_-2.18872
86.1896_49.8913_-2.31795
85.8439_49.5484_-2.44718
85.4556_49.2467_-2.54969
85.0375_48.9779_-2.61152
84.604_48.7305_-2.64594
84.1629_48.4959_-2.6666
83.7169_48.2704_-2.68726
83.2672_48.0521_-2.69415
82.816_47.8368_-2.70104
82.3642_47.6225_-2.69415
81.913_47.4073_-2.70104
81.4613_47.193_-2.69415
81.01_46.9777_-2.70104
80.5583_46.7635_-2.69415
80.107_46.5482_-2.70104
79.6553_46.334_-2.69415
79.2041_46.1187_-2.70104
78.7523_45.9045_-2.69415
78.3011_45.6892_-2.70104
77.8494_45.4749_-2.69415
77.3981_45.2597_-2.70104
76.9464_45.0454_-2.69415
76.4951_44.8301_-2.70104
76.0434_44.6159_-2.69415
75.5922_44.4006_-2.70104
75.1404_44.1864_-2.69415
74.6892_43.9711_-2.70104
74.2375_43.7568_-2.69415
73.7862_43.5416_-2.70104
73.3335_43.3294_-2.70793
72.8803_43.1183_-2.70104
72.4286_42.904_-2.69415
71.9773_42.6887_-2.70104
71.5246_42.4766_-2.70793
71.0714_42.2655_-2.70104
70.6197_42.0512_-2.69415
70.1684_41.8359_-2.70104
69.7157_41.6238_-2.70793
69.2625_41.4126_-2.70104
68.8108_41.1984_-2.69415
68.3596_40.9831_-2.70104
67.9068_40.771_-2.70793
67.4536_40.5598_-2.70104
67.0019_40.3456_-2.69415
66.5507_40.1303_-2.70104
66.098_39.9181_-2.70793
65.6448_39.707_-2.70104
65.193_39.4928_-2.69415
64.7418_39.2775_-2.70104
64.2891_39.0653_-2.70793
63.8359_38.8542_-2.70104
63.3841_38.64_-2.69415
62.9329_38.4247_-2.70104
62.4802_38.2125_-2.70793
62.027_38.0014_-2.70104
61.5753_37.7871_-2.69415
61.124_37.5719_-2.70104
60.6706_37.3619_-2.7217
60.2129_37.1614_-2.74236
59.7527_36.966_-2.73547
