configuration -14.0353517532_151.94859314_0.0_1.0_147.259887695_176.039077759_0.145212769539_0.989400450557
length 279.121
time 56.3971
roughness 1.10457e-05
-14.0354_151.949_-0
-13.5357_151.945_-0.0206618
-13.0359_151.934_-0.027551
-12.5361_151.919_-0.0344402
-12.0365_151.9_-0.0413294
-11.537_151.879_-0.0482186
-11.0376_151.856_-0.0413294
-10.5381_151.834_-0.0482186
-10.0386_151.811_-0.0413294
-9.53916_151.789_-0.0482186
-9.03972_151.766_-0.0413294
-8.54024_151.744_-0.0482186
-8.0408_151.721_-0.0413294
-7.54131_151.7_-0.0482186
-7.04188_151.677_-0.0413294
-6.54239_151.655_-0.0482186
-6.04295_151.632_-0.0413294
-5.54346_151.61_-0.0482186
-5.04403_151.587_-0.0413294
-4.54454_151.565_-0.0482186
-4.0451_151.542_-0.0413294
-3.54562_151.521_-0.0482186
-3.04618_151.498_-0.0413294
-2.54669_151.476_-0.0482186
-2.04726_151.453_-0.0413294
-1.54777_151.431_-0.0482186
-1.04833_151.408_-0.0413294
-0.548844_151.386_-0.0482186
-0.049408_151.363_-0.0413294
0.45008_151.342_-0.0482186
0.949516_151.319_-0.0413294
1.449_151.297_-0.0482186
1.94844_151.274_-0.0413294
2.44793_151.252_-0.0482186
2.94736_151.229_-0.0413294
3.44685_151.207_-0.0482186
3.94629_151.184_-0.0413294
4.44578_151.162_-0.0482186
4.94521_151.14_-0.0413294
5.4447_151.118_-0.0482186
5.94414_151.095_-0.0413294
6.44362_151.073_-0.0482186
6.94306_151.05_-0.0413294
7.44255_151.028_-0.0482186
7.94198_151.005_-0.0413294
8.44147_150.983_-0.0482186
8.94091_150.961_-0.0413294
9.44039_150.939_-0.0482186
9.93983_150.916_-0.0413294
10.4393_150.894_-0.0482186
10.9386_150.869_-0.0551078
11.4303_150.858_0.047409
11.9262_150.892_0.109235
12.4233_150.943_0.0885737
12.9212_150.988_0.095463
13.4188_151.037_0.102352
13.916_151.089_0.109241
14.4128_151.145_0.116131
14.9093_151.204_0.12302
15.4056_151.264_0.116131
15.9021_151.323_0.12302
16.3984_151.384_0.116131
16.8949_151.443_0.12302
17.3912_151.503_0.116131
17.8877_151.562_0.12302
18.384_151.622_0.116131
18.8804_151.681_0.12302
19.3768_151.742_0.116131
19.8732_151.801_0.12302
20.3696_151.861_0.116131
20.866_151.92_0.12302
21.3623_151.98_0.116131
21.8588_152.039_0.12302
22.3551_152.099_0.116131
22.8516_152.158_0.12302
23.3479_152.219_0.116131
23.8444_152.278_0.12302
24.3407_152.338_0.116131
24.8372_152.397_0.12302
25.3335_152.457_0.116131
25.8299_152.516_0.12302
26.3263_152.576_0.116131
26.8227_152.636_0.12302
27.3191_152.696_0.116131
27.8155_152.755_0.12302
28.3118_152.815_0.116131
28.7926_152.892_0.245357
29.2702_153.024_0.320815
29.7433_153.185_0.341477
30.1947_153.367_0.470703
30.6222_153.606_0.586624
31.0304_153.889_0.64845
31.4247_154.195_0.682867
31.8083_154.515_0.717283
32.1825_154.846_0.737945
32.5517_155.183_0.744834
32.9185_155.523_0.751724
33.2829_155.865_0.758613
33.6466_156.208_0.751724
34.0126_156.549_0.744834
34.3794_156.888_0.751724
34.7438_157.231_0.758613
35.1075_157.574_0.751724
35.4735_157.914_0.744834
35.8457_158.244_0.683008
36.2355_158.556_0.662346
36.6304_158.863_0.655457
37.0287_159.143_0.526231
37.4597_159.37_0.397005
37.9163_159.539_0.267778
38.3908_159.648_0.138552
38.8755_159.694_0.00932623
39.3621_159.678_-0.1199
39.8426_159.599_-0.249126
40.3089_159.46_-0.378352
40.7534_159.261_-0.507578
41.1685_159.006_-0.636804
41.5473_158.7_-0.76603
41.8836_158.348_-0.895257
42.1749_157.955_-1.01118
42.43_157.528_-1.073
42.6633_157.087_-1.10742
42.8835_156.639_-1.12808
43.0967_156.186_-1.13497
43.3067_155.733_-1.14186
43.5136_155.277_-1.14875
43.7194_154.822_-1.14186
43.9263_154.367_-1.14875
44.1322_153.911_-1.14186
44.3391_153.456_-1.14875
44.5449_153_-1.14186
44.7518_152.545_-1.14875
44.9576_152.09_-1.14186
45.1645_151.634_-1.14875
45.3704_151.179_-1.14186
45.5773_150.724_-1.14875
45.7831_150.268_-1.14186
45.99_149.813_-1.14875
46.1959_149.357_-1.14186
46.4027_148.902_-1.14875
46.6086_148.446_-1.14186
46.8155_147.991_-1.14875
47.0213_147.536_-1.14186
47.2282_147.081_-1.14875
47.4341_146.625_-1.14186
47.641_146.17_-1.14875
47.8468_145.714_-1.14186
48.0537_145.259_-1.14875
48.2595_144.803_-1.14186
48.4664_144.348_-1.14875
48.6723_143.893_-1.14186
48.8792_143.437_-1.14875
49.085_142.982_-1.14186
49.2919_142.527_-1.14875
49.4978_142.071_-1.14186
49.7046_141.616_-1.14875
49.9105_141.16_-1.14186
50.1174_140.705_-1.14875
50.3232_140.25_-1.14186
50.5301_139.794_-1.14875
50.736_139.339_-1.14186
50.9429_138.884_-1.14875
51.1487_138.428_-1.14186
51.3556_137.973_-1.14875
51.5614_137.517_-1.14186
51.7683_137.062_-1.14875
51.9742_136.606_-1.14186
52.1811_136.151_-1.14875
52.3869_135.696_-1.14186
52.5938_135.241_-1.14875
52.7997_134.785_-1.14186
53.0065_134.33_-1.14875
53.2124_133.874_-1.14186
53.4193_133.419_-1.14875
53.6251_132.963_-1.14186
53.832_132.508_-1.14875
54.0379_132.053_-1.14186
54.2448_131.597_-1.14875
54.4506_131.142_-1.14186
54.6575_130.687_-1.14875
54.8633_130.231_-1.14186
55.0702_129.776_-1.14875
55.2761_129.32_-1.14186
55.483_128.865_-1.14875
55.6888_128.41_-1.14186
55.8957_127.954_-1.14875
56.1016_127.499_-1.14186
56.3084_127.044_-1.14875
56.5143_126.588_-1.14186
56.7212_126.133_-1.14875
56.927_125.677_-1.14186
57.1339_125.222_-1.14875
57.3398_124.766_-1.14186
57.5467_124.311_-1.14875
57.7525_123.856_-1.14186
57.9594_123.401_-1.14875
58.1652_122.945_-1.14186
58.3721_122.49_-1.14875
58.578_122.034_-1.14186
58.7849_121.579_-1.14875
58.9907_121.123_-1.14186
59.1976_120.668_-1.14875
59.4035_120.213_-1.14186
59.6103_119.757_-1.14875
59.8162_119.302_-1.14186
60.0231_118.847_-1.14875
60.2289_118.391_-1.14186
60.4358_117.936_-1.14875
60.6417_117.48_-1.14186
60.8486_117.025_-1.14875
61.0544_116.57_-1.14186
61.2613_116.114_-1.14875
61.4671_115.659_-1.14186
61.674_115.204_-1.14875
61.8799_114.748_-1.14186
62.0868_114.293_-1.14875
62.2926_113.837_-1.14186
62.4995_113.382_-1.14875
62.7054_112.926_-1.14186
62.9122_112.471_-1.14875
63.1181_112.016_-1.14186
63.325_111.561_-1.14875
63.5308_111.105_-1.14186
63.7377_110.65_-1.14875
63.9436_110.194_-1.14186
64.1505_109.739_-1.14875
64.3563_109.283_-1.14186
64.5632_108.828_-1.14875
64.769_108.373_-1.14186
64.9759_107.918_-1.14875
65.1818_107.462_-1.14186
65.3887_107.007_-1.14875
65.5945_106.551_-1.14186
65.8014_106.096_-1.14875
66.0073_105.64_-1.14186
66.2141_105.185_-1.14875
66.42_104.73_-1.14186
66.6269_104.274_-1.14875
66.8327_103.819_-1.14186
67.0396_103.364_-1.14875
67.2455_102.908_-1.14186
67.4524_102.453_-1.14875
67.6582_101.997_-1.14186
67.8651_101.542_-1.14875
68.0709_101.086_-1.14186
68.2778_100.631_-1.14875
68.4837_100.176_-1.14186
68.6906_99.7206_-1.14875
68.8964_99.265_-1.14186
69.1033_98.8098_-1.14875
69.3092_98.3542_-1.14186
69.516_97.899_-1.14875
69.7219_97.4434_-1.14186
69.9288_96.9883_-1.14875
70.1325_96.5317_-1.15564
70.3352_96.0747_-1.14875
70.5411_95.6191_-1.14186
70.748_95.1639_-1.14875
70.9517_94.7074_-1.15564
71.1544_94.2503_-1.14875
71.3603_93.7947_-1.14186
71.5672_93.3396_-1.14875
71.7826_92.8952_-1.05972
72.0332_92.4646_-1.01158
72.2954_92.0393_-1.03224
72.5626_91.6322_-0.903018
72.8801_91.2631_-0.773792
73.2424_90.9379_-0.644566
73.6437_90.6621_-0.51534
74.0771_90.4403_-0.386114
74.5355_90.2762_-0.256887
75.0112_90.1726_-0.127661
75.4964_90.1311_0.0015648
75.9828_90.1525_0.130791
76.4624_90.2364_0.260017
76.9331_90.3788_0.362534
77.3941_90.5646_0.42436
77.8466_90.7753_0.458777
78.293_90.9997_0.479439
78.7361_91.2313_0.486328
79.1776_91.466_0.493217
79.6174_91.7037_0.500106
80.0556_91.9445_0.506996
80.4932_92.1862_0.500106
80.9314_92.427_0.506996
81.369_92.6687_0.500106
81.8072_92.9095_0.506996
82.2448_93.1512_0.500106
82.683_93.392_0.506996
83.1206_93.6337_0.500106
83.5588_93.8745_0.506996
83.9964_94.1162_0.500106
84.4346_94.357_0.506996
84.8722_94.5987_0.500106
85.3104_94.8395_0.506996
85.748_95.0812_0.500106
86.1862_95.322_0.506996
86.6239_95.5637_0.500106
87.062_95.8045_0.506996
87.4997_96.0462_0.500106
87.9379_96.287_0.506996
88.3755_96.5287_0.500106
88.8137_96.7695_0.506996
89.2513_97.0112_0.500106
89.6895_97.252_0.506996
90.1271_97.4938_0.500106
90.5653_97.7345_0.506996
91.0029_97.9763_0.500106
91.4411_98.217_0.506996
91.8776_98.4608_0.513885
92.3136_98.7055_0.506996
92.7512_98.9473_0.500106
93.1894_99.188_0.506996
93.6259_99.4318_0.513885
94.0618_99.6766_0.506996
94.4995_99.9183_0.500106
94.9376_100.159_0.506996
95.3742_100.403_0.513885
95.8101_100.648_0.506996
96.2477_100.889_0.500106
96.6859_101.13_0.506996
97.1224_101.374_0.513885
97.5584_101.619_0.506996
97.996_101.86_0.500106
98.4342_102.101_0.506996
98.8707_102.345_0.513885
99.3067_102.59_0.506996
99.7443_102.831_0.500106
100.182_103.072_0.506996
100.619_103.316_0.513885
101.055_103.561_0.506996
101.493_103.802_0.500106
101.931_104.043_0.506996
102.367_104.287_0.513885
102.803_104.532_0.506996
103.241_104.773_0.500106
103.679_105.014_0.506996
104.116_105.258_0.513885
104.545_105.51_0.562027
104.965_105.781_0.596444
105.378_106.062_0.603333
105.767_106.355_0.732559
106.114_106.696_0.861785
106.415_107.079_0.991011
106.665_107.497_1.12024
106.858_107.944_1.24946
106.992_108.412_1.37869
107.065_108.893_1.50792
107.075_109.38_1.63714
107.022_109.864_1.76637
106.913_110.348_1.84183
106.772_110.826_1.88997
106.612_111.299_1.91063
106.442_111.769_1.93129
106.265_112.236_1.93818
106.084_112.702_1.94507
105.9_113.167_1.95196
105.716_113.632_1.94507
105.532_114.097_1.95196
105.347_114.561_1.94507
105.163_115.026_1.95196
104.978_115.491_1.94507
104.794_115.956_1.95196
104.609_116.42_1.94507
104.425_116.885_1.95196
104.24_117.35_1.94507
104.057_117.815_1.95196
103.872_118.279_1.94507
103.688_118.744_1.95196
103.503_119.208_1.94507
103.319_119.673_1.95196
103.134_120.138_1.94507
102.95_120.603_1.95196
102.765_121.067_1.94507
102.582_121.532_1.95196
102.397_121.997_1.94507
102.213_122.462_1.95196
102.028_122.926_1.94507
101.844_123.391_1.95196
101.659_123.856_1.94507
101.475_124.321_1.95196
101.29_124.785_1.94507
101.106_125.25_1.95196
100.922_125.715_1.94507
100.738_126.18_1.95196
100.553_126.644_1.94507
100.369_127.109_1.95196
100.184_127.573_1.94507
100_128.038_1.95196
99.8152_128.503_1.94507
99.6313_128.968_1.95196
99.4464_129.432_1.94507
99.2626_129.897_1.95196
99.0776_130.362_1.94507
98.8938_130.827_1.95196
98.7089_131.291_1.94507
98.525_131.756_1.95196
98.3401_132.221_1.94507
98.1562_132.686_1.95196
97.9713_133.15_1.94507
97.7875_133.615_1.95196
97.6025_134.08_1.94507
97.4187_134.544_1.95196
97.2338_135.009_1.94507
97.0499_135.474_1.95196
96.865_135.938_1.94507
96.6811_136.403_1.95196
96.4962_136.868_1.94507
96.3124_137.333_1.95196
96.1275_137.797_1.94507
95.9436_138.262_1.95196
95.7587_138.727_1.94507
95.5748_139.192_1.95196
95.3899_139.656_1.94507
95.2061_140.121_1.95196
95.0211_140.586_1.94507
94.8373_141.051_1.95196
94.6524_141.515_1.94507
94.4685_141.98_1.95196
94.2836_142.444_1.94507
94.1019_142.91_1.93818
93.9212_143.376_1.94507
93.7374_143.841_1.95196
93.5525_144.306_1.94507
93.3707_144.772_1.93818
93.1901_145.238_1.94507
93.0062_145.703_1.95196
92.8213_146.167_1.94507
92.6396_146.633_1.93818
92.459_147.099_1.94507
92.2751_147.564_1.95196
92.0902_148.029_1.94507
91.9315_148.489_1.81584
91.8335_148.966_1.68662
91.7956_149.454_1.5707
91.8068_149.813_1.47548
91.8736_150.295_1.34625
92.0021_150.765_1.21703
92.19_151.214_1.0878
92.4342_151.635_0.958573
92.7306_152.021_0.829347
93.0744_152.366_0.700121
93.4597_152.664_0.570895
93.8832_152.921_0.495437
94.325_153.153_0.46102
94.774_153.372_0.440358
95.2275_153.582_0.419697
95.6845_153.785_0.412807
96.1429_153.984_0.405918
96.6018_154.183_0.412807
97.0602_154.382_0.405918
97.5191_154.581_0.412807
97.9775_154.78_0.405918
98.4364_154.979_0.412807
98.8949_155.178_0.405918
99.3537_155.377_0.412807
99.8122_155.576_0.405918
100.271_155.775_0.412807
100.729_155.974_0.405918
101.188_156.173_0.412807
101.647_156.372_0.405918
102.106_156.571_0.412807
102.564_156.77_0.405918
103.023_156.969_0.412807
103.481_157.168_0.405918
103.94_157.367_0.412807
104.399_157.566_0.405918
104.858_157.765_0.412807
105.316_157.964_0.405918
105.775_158.163_0.412807
106.233_158.362_0.405918
106.692_158.561_0.412807
107.151_158.76_0.405918
107.609_158.959_0.412807
108.068_159.158_0.405918
108.527_159.357_0.412807
108.985_159.556_0.405918
109.444_159.755_0.412807
109.903_159.954_0.405918
110.361_160.153_0.412807
110.82_160.352_0.405918
111.279_160.551_0.412807
111.737_160.75_0.405918
112.196_160.949_0.412807
112.654_161.148_0.405918
113.113_161.347_0.412807
113.572_161.546_0.405918
114.031_161.745_0.412807
114.489_161.944_0.405918
114.948_162.143_0.412807
115.406_162.342_0.405918
115.865_162.541_0.412807
116.324_162.74_0.405918
116.783_162.939_0.412807
117.241_163.138_0.405918
117.701_163.335_0.399029
118.161_163.53_0.405918
118.62_163.729_0.412807
119.078_163.928_0.405918
119.538_164.124_0.399029
119.998_164.32_0.405918
120.457_164.518_0.412807
120.916_164.718_0.405918
121.375_164.914_0.399029
121.836_165.109_0.405918
122.295_165.308_0.412807
122.753_165.507_0.405918
123.213_165.704_0.399029
123.673_165.899_0.405918
124.132_166.097_0.412807
124.59_166.297_0.405918
125.05_166.493_0.399029
125.51_166.689_0.405918
125.969_166.887_0.412807
126.428_167.087_0.405918
126.887_167.283_0.399029
127.348_167.478_0.405918
127.807_167.677_0.412807
128.265_167.876_0.405918
128.725_168.073_0.399029
129.185_168.268_0.405918
129.644_168.466_0.412807
130.102_168.666_0.405918
130.562_168.862_0.399029
131.022_169.058_0.405918
131.481_169.256_0.412807
131.94_169.456_0.405918
132.399_169.652_0.399029
132.86_169.847_0.405918
133.319_170.046_0.412807
133.777_170.245_0.405918
134.237_170.442_0.399029
134.697_170.637_0.405918
135.156_170.835_0.412807
135.614_171.035_0.405918
136.074_171.231_0.399029
136.534_171.427_0.405918
136.993_171.625_0.412807
137.452_171.825_0.405918
137.911_172.021_0.399029
138.372_172.216_0.405918
138.831_172.415_0.412807
139.289_172.614_0.405918
139.749_172.811_0.399029
140.209_173.006_0.405918
140.668_173.204_0.412807
141.126_173.404_0.405918
141.586_173.6_0.399029
142.046_173.796_0.405918
142.505_173.994_0.412807
142.964_174.194_0.405918
143.423_174.39_0.399029
143.884_174.585_0.405918
144.343_174.784_0.412807
144.801_174.983_0.405918
145.261_175.18_0.399029
145.721_175.375_0.405918
146.182_175.564_0.357776
146.651_175.736_0.337114
147.122_175.903_0.344004
