configuration 176.556686401_134.7056427_-0.977472527886_0.211062685542_59.5791053772_36.8438796997_0.982426073578_-0.18665210943
length 181.897
time 5.08006
roughness 1.09513e-05
176.557_134.706_-2.71627
176.102_134.498_-2.70938
175.648_134.288_-2.70249
175.195_134.076_-2.70938
174.742_133.866_-2.70249
174.289_133.654_-2.70938
173.835_133.444_-2.70249
173.382_133.232_-2.70938
172.929_133.022_-2.70249
172.476_132.81_-2.70938
172.022_132.6_-2.70249
171.569_132.388_-2.70938
171.116_132.178_-2.70249
170.663_131.966_-2.70938
170.209_131.756_-2.70249
169.756_131.544_-2.70938
169.303_131.334_-2.70249
168.85_131.122_-2.70938
168.396_130.912_-2.70249
167.943_130.701_-2.70938
167.49_130.49_-2.70249
167.036_130.279_-2.70938
166.583_130.068_-2.70249
166.13_129.857_-2.70938
165.676_129.646_-2.70249
165.223_129.435_-2.70938
164.77_129.224_-2.70249
164.317_129.013_-2.70938
163.863_128.802_-2.70249
163.41_128.591_-2.70938
162.957_128.38_-2.70249
162.504_128.169_-2.70938
162.05_127.958_-2.70249
161.597_127.747_-2.70938
161.144_127.536_-2.70249
160.691_127.325_-2.70938
160.237_127.114_-2.70249
159.784_126.903_-2.70938
159.331_126.692_-2.70249
158.878_126.481_-2.70938
158.424_126.27_-2.70249
157.971_126.059_-2.70938
157.518_125.848_-2.70249
157.065_125.637_-2.70938
156.611_125.426_-2.70249
156.158_125.215_-2.70938
155.705_125.004_-2.70249
155.252_124.793_-2.70938
154.798_124.582_-2.70249
154.345_124.371_-2.70938
153.892_124.16_-2.70249
153.439_123.949_-2.70938
152.985_123.738_-2.70249
152.532_123.527_-2.70938
152.079_123.316_-2.70249
151.626_123.105_-2.70938
151.172_122.894_-2.70249
150.719_122.683_-2.70938
150.266_122.473_-2.70249
149.813_122.261_-2.70938
149.359_122.051_-2.70249
148.906_121.839_-2.70938
148.452_121.629_-2.70249
147.999_121.417_-2.70938
147.546_121.207_-2.70249
147.093_120.995_-2.70938
146.639_120.785_-2.70249
146.186_120.573_-2.70938
145.733_120.363_-2.70249
145.28_120.151_-2.70938
144.826_119.941_-2.70249
144.373_119.729_-2.70938
143.92_119.519_-2.70249
143.467_119.307_-2.70938
143.013_119.097_-2.70249
142.56_118.885_-2.70938
142.107_118.675_-2.70249
141.654_118.463_-2.70938
141.2_118.253_-2.70249
140.747_118.041_-2.70938
140.294_117.831_-2.70249
139.841_117.619_-2.70938
139.387_117.409_-2.70249
138.934_117.197_-2.70938
138.481_116.987_-2.70249
138.028_116.775_-2.70938
137.574_116.565_-2.70249
137.122_116.351_-2.6956
136.671_116.137_-2.70249
136.218_115.925_-2.70938
135.764_115.715_-2.70249
135.312_115.501_-2.6956
134.86_115.286_-2.70249
134.407_115.075_-2.70938
133.954_114.864_-2.70249
133.502_114.651_-2.6956
133.05_114.436_-2.70249
132.597_114.225_-2.70938
132.144_114.014_-2.70249
131.692_113.801_-2.6956
131.24_113.586_-2.70249
130.787_113.375_-2.70938
130.334_113.164_-2.70249
129.882_112.951_-2.6956
129.43_112.736_-2.70249
128.977_112.524_-2.70938
128.524_112.314_-2.70249
128.072_112.1_-2.6956
127.62_111.886_-2.70249
127.167_111.674_-2.70938
126.713_111.464_-2.70249
126.261_111.25_-2.6956
125.81_111.036_-2.70249
125.357_110.824_-2.70938
124.903_110.614_-2.70249
124.451_110.4_-2.6956
124_110.185_-2.70249
123.547_109.974_-2.70938
123.093_109.763_-2.70249
122.641_109.55_-2.6956
122.19_109.335_-2.70249
121.737_109.124_-2.70938
121.283_108.913_-2.70249
120.831_108.7_-2.6956
120.379_108.485_-2.70249
119.926_108.273_-2.70938
119.473_108.063_-2.70249
119.021_107.849_-2.6956
118.569_107.635_-2.70249
118.116_107.423_-2.70938
117.663_107.213_-2.70249
117.211_106.999_-2.6956
116.759_106.785_-2.70249
116.306_106.573_-2.70938
115.853_106.363_-2.70249
115.401_106.149_-2.6956
114.949_105.934_-2.70249
114.496_105.723_-2.70938
114.043_105.512_-2.70249
113.591_105.299_-2.6956
113.139_105.084_-2.70249
112.686_104.873_-2.70938
112.232_104.662_-2.70249
111.795_104.438_-2.59997
111.372_104.175_-2.55183
110.956_103.897_-2.55872
110.561_103.613_-2.42949
110.206_103.279_-2.30027
109.897_102.903_-2.17104
109.64_102.49_-2.04182
109.437_102.047_-1.91259
109.294_101.581_-1.78336
109.211_101.102_-1.65414
109.191_100.615_-1.52491
109.234_100.13_-1.39569
109.333_99.6444_-1.32023
109.462_99.1624_-1.28581
109.606_98.6839_-1.26515
109.757_98.2074_-1.25826
109.912_97.732_-1.25137
110.07_97.2577_-1.24448
110.232_96.7845_-1.23759
110.396_96.3124_-1.2307
110.562_95.8407_-1.23759
110.727_95.3686_-1.2307
110.892_94.8969_-1.23759
111.057_94.4248_-1.2307
111.222_93.9531_-1.23759
111.387_93.481_-1.2307
111.553_93.0093_-1.23759
111.717_92.5372_-1.2307
111.883_92.0655_-1.23759
112.048_91.5934_-1.2307
112.213_91.1217_-1.23759
112.378_90.6496_-1.2307
112.544_90.1779_-1.23759
112.708_89.7058_-1.2307
112.874_89.2341_-1.23759
113.039_88.762_-1.2307
113.204_88.2903_-1.23759
113.369_87.8182_-1.2307
113.535_87.3465_-1.23759
113.699_86.8744_-1.2307
113.865_86.4027_-1.23759
114.03_85.9306_-1.2307
114.195_85.4589_-1.23759
114.36_84.9868_-1.2307
114.526_84.5151_-1.23759
114.69_84.043_-1.2307
114.856_83.5713_-1.23759
115.02_83.0992_-1.2307
115.186_82.6275_-1.23759
115.351_82.1554_-1.2307
115.516_81.6837_-1.23759
115.681_81.2117_-1.2307
115.847_80.7399_-1.23759
116.011_80.2679_-1.2307
116.177_79.7961_-1.23759
116.342_79.3241_-1.2307
116.507_78.8523_-1.23759
116.672_78.3803_-1.2307
116.838_77.9086_-1.23759
117.002_77.4365_-1.2307
117.168_76.9648_-1.23759
117.333_76.4927_-1.2307
117.498_76.021_-1.23759
117.663_75.5489_-1.2307
117.829_75.0772_-1.23759
117.993_74.6051_-1.2307
118.159_74.1334_-1.23759
118.323_73.6613_-1.2307
118.489_73.1896_-1.23759
118.654_72.7175_-1.2307
118.819_72.2458_-1.23759
118.984_71.7737_-1.2307
119.15_71.302_-1.23759
119.314_70.8299_-1.2307
119.48_70.3582_-1.23759
119.645_69.8861_-1.2307
119.812_69.4151_-1.22381
119.981_68.9446_-1.2307
120.147_68.4729_-1.23759
120.312_68.0008_-1.2307
120.48_67.5298_-1.22381
120.649_67.0593_-1.2307
120.791_66.5938_-1.35993
120.875_66.1116_-1.47585
120.917_65.6143_-1.51027
120.926_65.1275_-1.63949
120.872_64.6436_-1.76872
120.756_64.1707_-1.89794
120.58_63.7166_-2.02717
120.347_63.2891_-2.1564
120.061_62.8951_-2.28562
119.727_62.5412_-2.41485
119.35_62.2334_-2.54408
118.933_61.9678_-2.6331
118.494_61.7322_-2.68124
118.045_61.5133_-2.7019
117.592_61.3037_-2.72257
117.134_61.1014_-2.72946
116.676_60.9021_-2.73634
116.216_60.7061_-2.74323
115.755_60.5111_-2.73634
115.296_60.315_-2.74323
114.835_60.12_-2.73634
114.375_59.924_-2.74323
113.915_59.729_-2.73634
113.455_59.5329_-2.74323
112.995_59.3379_-2.73634
112.535_59.1419_-2.74323
112.074_58.9469_-2.73634
111.614_58.7508_-2.74323
111.154_58.5558_-2.73634
110.694_58.3598_-2.74323
110.234_58.1648_-2.73634
109.774_57.9687_-2.74323
109.313_57.7759_-2.75012
108.851_57.584_-2.74323
108.39_57.389_-2.73634
107.931_57.193_-2.74323
107.469_57.0001_-2.75012
107.008_56.8083_-2.74323
106.547_56.6133_-2.73634
106.087_56.4172_-2.74323
105.626_56.2244_-2.75012
105.164_56.0325_-2.74323
104.704_55.8375_-2.73634
104.244_55.6415_-2.74323
103.783_55.4486_-2.75012
103.321_55.2568_-2.74323
102.861_55.0618_-2.73634
102.401_54.8657_-2.74323
101.94_54.6729_-2.75012
101.478_54.481_-2.74323
101.017_54.286_-2.73634
100.558_54.09_-2.74323
100.096_53.8971_-2.75012
99.6346_53.7053_-2.74323
99.1742_53.5103_-2.73634
98.7143_53.3142_-2.74323
98.2531_53.1214_-2.75012
97.7914_52.9295_-2.74323
97.331_52.7345_-2.73634
96.8711_52.5385_-2.74323
96.4098_52.3456_-2.75012
95.9481_52.1538_-2.74323
95.4877_51.9588_-2.73634
95.0278_51.7627_-2.74323
94.5666_51.5699_-2.75012
94.1049_51.378_-2.74323
93.6445_51.183_-2.73634
93.1846_50.987_-2.74323
92.7233_50.7941_-2.75012
92.2616_50.6023_-2.74323
91.8012_50.4073_-2.73634
91.3413_50.2112_-2.74323
90.8801_50.0184_-2.75012
90.4184_49.8265_-2.74323
89.958_49.6315_-2.73634
89.4981_49.4355_-2.74323
89.0368_49.2426_-2.75012
88.5751_49.0508_-2.74323
88.1147_48.8558_-2.73634
87.6548_48.6597_-2.74323
87.1936_48.4669_-2.75012
86.7319_48.275_-2.74323
86.2715_48.08_-2.73634
85.8116_47.884_-2.74323
85.3503_47.6911_-2.75012
84.8886_47.4993_-2.74323
84.4282_47.3043_-2.73634
83.9683_47.1082_-2.74323
83.5071_46.9154_-2.75012
83.0454_46.7235_-2.74323
82.585_46.5285_-2.73634
82.1251_46.3325_-2.74323
81.6638_46.1396_-2.75012
81.2021_45.9478_-2.74323
80.7417_45.7528_-2.73634
80.2818_45.5567_-2.74323
79.8206_45.3639_-2.75012
79.3589_45.172_-2.74323
78.8985_44.977_-2.73634
78.4386_44.781_-2.74323
77.9773_44.5881_-2.75012
77.5156_44.3963_-2.74323
77.0552_44.2013_-2.73634
76.5953_44.0052_-2.74323
76.1341_43.8124_-2.75012
75.6724_43.6205_-2.74323
75.212_43.4255_-2.73634
74.7521_43.2295_-2.74323
74.2908_43.0366_-2.75012
73.8291_42.8448_-2.74323
73.3687_42.6498_-2.73634
72.9088_42.4537_-2.74323
72.4476_42.2609_-2.75012
71.9859_42.069_-2.74323
71.5255_41.874_-2.73634
71.0656_41.678_-2.74323
70.6043_41.4851_-2.75012
70.1426_41.2933_-2.74323
69.6822_41.0983_-2.73634
69.2223_40.9022_-2.74323
68.7611_40.7094_-2.75012
68.2993_40.5175_-2.74323
67.839_40.3225_-2.73634
67.3791_40.1265_-2.74323
66.9178_39.9336_-2.75012
66.4561_39.7418_-2.74323
65.9957_39.5468_-2.73634
65.5358_39.3507_-2.74323
65.0745_39.1579_-2.75012
64.6128_38.966_-2.74323
64.1525_38.771_-2.73634
63.6926_38.575_-2.74323
63.2313_38.3821_-2.75012
62.7696_38.1903_-2.74323
62.3092_37.9953_-2.73634
61.8493_37.7992_-2.74323
61.388_37.6064_-2.75012
60.9255_37.4167_-2.75701
60.4616_37.2302_-2.7639
59.9973_37.0447_-2.75701
