configuration 133.385482788_115.927223206_-0.986328190641_0.164792901387_34.5528411865_13.6445770264_-0.541385985877_0.840774175564
length 179.206
time 2.00157
roughness 1.75784e-05
133.385_115.927_-2.8105
132.917_115.758_-2.76235
132.454_115.57_-2.74169
131.995_115.372_-2.72103
131.539_115.167_-2.71414
131.085_114.958_-2.70725
130.632_114.747_-2.70036
130.179_114.534_-2.70725
129.726_114.323_-2.70036
129.274_114.111_-2.70725
128.82_113.899_-2.70036
128.368_113.687_-2.70725
127.915_113.475_-2.70036
127.462_113.263_-2.70725
127.009_113.051_-2.70036
126.557_112.839_-2.70725
126.104_112.627_-2.70036
125.651_112.415_-2.70725
125.198_112.204_-2.70036
124.745_111.991_-2.70725
124.292_111.78_-2.70036
123.84_111.567_-2.70725
123.387_111.356_-2.70036
122.934_111.143_-2.70725
122.481_110.932_-2.70036
122.029_110.719_-2.70725
121.575_110.508_-2.70036
121.123_110.295_-2.70725
120.67_110.084_-2.70036
120.217_109.872_-2.70725
119.764_109.66_-2.70036
119.312_109.448_-2.70725
118.859_109.236_-2.70036
118.406_109.024_-2.70725
117.953_108.812_-2.70036
117.5_108.6_-2.70725
117.047_108.388_-2.70036
116.595_108.176_-2.70725
116.142_107.965_-2.70036
115.689_107.752_-2.70725
115.236_107.541_-2.70036
114.784_107.328_-2.70725
114.33_107.117_-2.70036
113.878_106.904_-2.70725
113.425_106.693_-2.70036
112.972_106.48_-2.70725
112.519_106.269_-2.70036
112.067_106.056_-2.70725
111.614_105.845_-2.70036
111.161_105.633_-2.70725
110.708_105.421_-2.70036
110.255_105.209_-2.70725
109.802_104.997_-2.70036
109.35_104.785_-2.70725
108.897_104.573_-2.70036
108.444_104.361_-2.70725
107.991_104.149_-2.70036
107.539_103.937_-2.70725
107.085_103.725_-2.70036
106.633_103.513_-2.70725
106.18_103.302_-2.70036
105.727_103.089_-2.70725
105.274_102.878_-2.70036
104.822_102.665_-2.70725
104.369_102.454_-2.70036
103.916_102.241_-2.70725
103.463_102.03_-2.70036
103.01_101.817_-2.70725
102.557_101.606_-2.70036
102.105_101.394_-2.70725
101.652_101.182_-2.70036
101.199_100.97_-2.70725
100.746_100.758_-2.70036
100.293_100.546_-2.70725
99.8404_100.334_-2.70036
99.3879_100.122_-2.70725
98.9348_99.9104_-2.70036
98.4822_99.6979_-2.70725
98.0292_99.4865_-2.70036
97.5766_99.274_-2.70725
97.1236_99.0626_-2.70036
96.671_98.8501_-2.70725
96.2179_98.6387_-2.70036
95.7654_98.4262_-2.70725
95.3123_98.2148_-2.70036
94.8597_98.0023_-2.70725
94.4067_97.7909_-2.70036
93.9541_97.5784_-2.70725
93.5011_97.3669_-2.70036
93.0485_97.1545_-2.70725
92.5954_96.943_-2.70036
92.1429_96.7306_-2.70725
91.6898_96.5191_-2.70036
91.2372_96.3067_-2.70725
90.7842_96.0952_-2.70036
90.3316_95.8828_-2.70725
89.8786_95.6713_-2.70036
89.426_95.4589_-2.70725
88.972_95.2495_-2.71414
88.5175_95.0412_-2.70725
88.0644_94.8298_-2.70036
87.6118_94.6173_-2.70725
87.1578_94.408_-2.71414
86.7033_94.1997_-2.70725
86.2503_93.9882_-2.70036
85.7977_93.7758_-2.70725
85.3437_93.5664_-2.71414
84.8892_93.3581_-2.70725
84.4361_93.1467_-2.70036
83.9835_92.9342_-2.70725
83.5295_92.7248_-2.71414
83.075_92.5165_-2.70725
82.622_92.3051_-2.70036
82.1694_92.0926_-2.70725
81.7154_91.8833_-2.71414
81.2609_91.675_-2.70725
80.8078_91.4636_-2.70036
80.3552_91.2511_-2.70725
79.9012_91.0417_-2.71414
79.4467_90.8334_-2.70725
78.9936_90.622_-2.70036
78.5411_90.4095_-2.70725
78.0871_90.2002_-2.71414
77.6326_89.9919_-2.70725
77.1795_89.7804_-2.70036
76.7269_89.568_-2.70725
76.2729_89.3586_-2.71414
75.8249_89.1433_-2.65232
75.3871_88.9037_-2.6179
74.9547_88.6527_-2.61101
74.5456_88.3888_-2.48178
74.1739_88.0743_-2.35256
73.8458_87.7145_-2.22333
73.5668_87.3155_-2.0941
73.3416_86.8838_-1.96488
73.1739_86.4267_-1.83565
73.0664_85.9518_-1.70643
73.0211_85.4671_-1.5772
73.0386_84.9805_-1.44797
73.1187_84.5002_-1.31875
73.2525_84.0215_-1.25692
73.412_83.5486_-1.2225
73.5858_83.0801_-1.20184
73.7692_82.6154_-1.18118
73.9602_82.1533_-1.17429
74.1543_81.6926_-1.1674
74.3516_81.2332_-1.16051
74.55_80.7743_-1.1674
74.7473_80.3149_-1.16051
74.9457_79.8559_-1.1674
75.143_79.3966_-1.16051
75.3414_78.9376_-1.1674
75.5387_78.4783_-1.16051
75.737_78.0193_-1.1674
75.9343_77.5599_-1.16051
76.1327_77.101_-1.1674
76.33_76.6416_-1.16051
76.5284_76.1827_-1.1674
76.7257_75.7233_-1.16051
76.9241_75.2644_-1.1674
77.1214_74.805_-1.16051
77.3197_74.3461_-1.1674
77.5171_73.8867_-1.16051
77.7154_73.4278_-1.1674
77.9127_72.9684_-1.16051
78.1111_72.5095_-1.1674
78.3084_72.0501_-1.16051
78.5068_71.5912_-1.1674
78.7041_71.1318_-1.16051
78.9025_70.6729_-1.1674
79.0998_70.2135_-1.16051
79.2981_69.7546_-1.1674
79.4954_69.2952_-1.16051
79.6938_68.8362_-1.1674
79.8911_68.3769_-1.16051
80.0895_67.9179_-1.1674
80.2868_67.4586_-1.16051
80.4852_66.9996_-1.1674
80.6825_66.5402_-1.16051
80.8808_66.0813_-1.1674
81.0782_65.6219_-1.16051
81.2765_65.163_-1.1674
81.4738_64.7036_-1.16051
81.6722_64.2447_-1.1674
81.8695_63.7853_-1.16051
82.0679_63.3264_-1.1674
82.2652_62.867_-1.16051
82.4636_62.4081_-1.1674
82.6609_61.9487_-1.16051
82.8592_61.4898_-1.1674
83.0565_61.0304_-1.16051
83.2549_60.5715_-1.1674
83.4522_60.1121_-1.16051
83.6506_59.6532_-1.1674
83.8479_59.1938_-1.16051
84.0484_58.7358_-1.15362
84.2499_58.2782_-1.16051
84.4483_57.8193_-1.1674
84.6456_57.3599_-1.16051
84.846_56.9019_-1.15362
85.0476_56.4443_-1.16051
85.2459_55.9854_-1.1674
85.4432_55.526_-1.16051
85.6437_55.068_-1.15362
85.8452_54.6105_-1.16051
86.0436_54.1515_-1.1674
86.2409_53.6922_-1.16051
86.4414_53.2342_-1.15362
86.6429_52.7766_-1.16051
86.8343_52.3166_-1.20866
87.0057_51.8479_-1.24307
87.1678_51.3749_-1.23618
87.308_50.9087_-1.36541
87.387_50.4282_-1.49464
87.4035_49.9416_-1.62386
87.3571_49.457_-1.75309
87.2486_48.9823_-1.88231
87.0799_48.5256_-2.01154
86.8537_48.0944_-2.14077
86.5738_47.696_-2.26999
86.2449_47.337_-2.39922
85.8725_47.0233_-2.52844
85.4605_46.7512_-2.61747
85.0252_46.5088_-2.66561
84.579_46.2852_-2.70003
84.1258_46.0748_-2.72069
83.669_45.8715_-2.72758
83.2108_45.6715_-2.73447
82.7522_45.4724_-2.72758
82.294_45.2724_-2.73447
81.8353_45.0733_-2.72758
81.3772_44.8733_-2.73447
80.9185_44.6742_-2.72758
80.4603_44.4742_-2.73447
80.0017_44.2751_-2.72758
79.5435_44.0751_-2.73447
79.0849_43.876_-2.72758
78.6267_43.676_-2.73447
78.168_43.4769_-2.72758
77.7099_43.2769_-2.73447
77.2512_43.0778_-2.72758
76.793_42.8778_-2.73447
76.3344_42.6787_-2.72758
75.8762_42.4787_-2.73447
75.4176_42.2796_-2.72758
74.9594_42.0796_-2.73447
74.5007_41.8805_-2.72758
74.0425_41.6805_-2.73447
73.5839_41.4814_-2.72758
73.1257_41.2813_-2.73447
72.6671_41.0823_-2.72758
72.2089_40.8822_-2.73447
71.7503_40.6832_-2.72758
71.2921_40.4831_-2.73447
70.8334_40.2841_-2.72758
70.3752_40.084_-2.73447
69.9166_39.885_-2.72758
69.4584_39.6849_-2.73447
68.9998_39.4859_-2.72758
68.5416_39.2858_-2.73447
68.0829_39.0868_-2.72758
67.6248_38.8867_-2.73447
67.1661_38.6877_-2.72758
66.7079_38.4876_-2.73447
66.2493_38.2886_-2.72758
65.7911_38.0885_-2.73447
65.3325_37.8895_-2.72758
64.8743_37.6894_-2.73447
64.4156_37.4904_-2.72758
63.9575_37.2903_-2.73447
63.4988_37.0913_-2.72758
63.0406_36.8912_-2.73447
62.582_36.6922_-2.72758
62.1238_36.4921_-2.73447
61.6652_36.2931_-2.72758
61.207_36.093_-2.73447
60.7483_35.894_-2.72758
60.2902_35.6939_-2.73447
59.8315_35.4949_-2.72758
59.3733_35.2948_-2.73447
58.9138_35.0979_-2.74136
58.4538_34.9021_-2.73447
57.9951_34.703_-2.72758
57.5369_34.503_-2.73447
57.0774_34.306_-2.74136
56.6174_34.1102_-2.73447
56.1587_33.9112_-2.72758
55.7006_33.7111_-2.73447
55.241_33.5142_-2.74136
54.781_33.3183_-2.73447
54.3224_33.1193_-2.72758
53.8642_32.9192_-2.73447
53.4046_32.7223_-2.74136
52.9446_32.5264_-2.73447
52.486_32.3274_-2.72758
52.0278_32.1273_-2.73447
51.5683_31.9304_-2.74136
51.1082_31.7346_-2.73447
50.6496_31.5355_-2.72758
50.1914_31.3355_-2.73447
49.7319_31.1385_-2.74136
49.2719_30.9427_-2.73447
48.8132_30.7437_-2.72758
48.355_30.5436_-2.73447
47.8955_30.3467_-2.74136
47.4355_30.1508_-2.73447
46.9768_29.9518_-2.72758
46.5187_29.7517_-2.73447
46.0591_29.5548_-2.74136
45.5991_29.3589_-2.73447
45.1405_29.1599_-2.72758
44.6823_28.9598_-2.73447
44.2227_28.7629_-2.74136
43.7627_28.567_-2.73447
43.3041_28.368_-2.72758
42.8459_28.1679_-2.73447
42.3864_27.971_-2.74136
41.9263_27.7752_-2.73447
41.4677_27.5761_-2.72758
41.0095_27.3761_-2.73447
40.55_27.1792_-2.74136
40.09_26.9833_-2.73447
39.6313_26.7843_-2.72758
39.1731_26.5842_-2.73447
38.7136_26.3873_-2.74136
38.2536_26.1914_-2.73447
37.7949_25.9924_-2.72758
37.3368_25.7923_-2.73447
36.8772_25.5954_-2.74136
36.4172_25.3995_-2.73447
35.9586_25.2005_-2.72758
35.5004_25.0004_-2.73447
35.0408_24.8035_-2.74136
34.5808_24.6077_-2.73447
34.1222_24.4086_-2.72758
33.6851_24.1941_-2.59835
33.2794_23.9249_-2.46913
32.897_23.6074_-2.4073
32.6341_23.3579_-2.33176
32.3135_22.9914_-2.20254
32.0429_22.5867_-2.07331
31.8267_22.1504_-1.94408
31.6685_21.6899_-1.81486
31.571_21.2129_-1.68563
31.5358_20.7273_-1.55641
31.5634_20.2412_-1.42718
31.6534_19.7627_-1.29795
31.7989_19.2889_-1.2225
31.9764_18.8234_-1.17435
32.1744_18.3653_-1.13994
32.3862_17.9127_-1.11927
32.6054_17.4634_-1.11239
32.8276_17.0155_-1.1055
33.053_16.5692_-1.09861
33.2814_16.1245_-1.09172
33.5109_15.6803_-1.09861
33.7393_15.2356_-1.09172
33.9666_14.7906_-1.11238
34.1868_14.3417_-1.11927
34.4039_13.8914_-1.12616
