configuration 133.385482788_115.927223206_-0.986328190641_0.164792901387_34.5528411865_13.6445770264_-0.541385985877_0.840774175564
length 300.285
time 10.5208
roughness 6.35681e-06
133.385_115.927_-2.8105
132.917_115.758_-2.76235
132.454_115.57_-2.74169
131.995_115.372_-2.72103
131.539_115.167_-2.71414
131.085_114.958_-2.70725
130.632_114.747_-2.70036
130.179_114.534_-2.70725
129.726_114.323_-2.70036
129.274_114.111_-2.70725
128.82_113.899_-2.70036
128.368_113.687_-2.70725
127.915_113.475_-2.70036
127.462_113.263_-2.70725
127.009_113.051_-2.70036
126.557_112.839_-2.70725
126.104_112.627_-2.70036
125.651_112.415_-2.70725
125.198_112.204_-2.70036
124.745_111.991_-2.70725
124.292_111.78_-2.70036
123.84_111.567_-2.70725
123.387_111.356_-2.70036
122.934_111.143_-2.70725
122.481_110.932_-2.70036
122.029_110.719_-2.70725
121.575_110.508_-2.70036
121.123_110.295_-2.70725
120.67_110.084_-2.70036
120.217_109.872_-2.70725
119.764_109.66_-2.70036
119.312_109.448_-2.70725
118.859_109.236_-2.70036
118.406_109.024_-2.70725
117.953_108.812_-2.70036
117.501_108.598_-2.69347
117.05_108.382_-2.70036
116.598_108.17_-2.70725
116.145_107.958_-2.70036
115.693_107.744_-2.69347
115.242_107.528_-2.70036
114.789_107.316_-2.70725
114.336_107.104_-2.70036
113.885_106.89_-2.69347
113.434_106.674_-2.70036
112.981_106.462_-2.70725
112.528_106.25_-2.70036
112.076_106.036_-2.69347
111.625_105.82_-2.70036
111.173_105.608_-2.70725
110.72_105.396_-2.70036
110.268_105.182_-2.69347
109.817_104.966_-2.70036
109.364_104.754_-2.70725
108.911_104.542_-2.70036
108.46_104.328_-2.69347
108.009_104.112_-2.70036
107.556_103.9_-2.70725
107.103_103.688_-2.70036
106.652_103.474_-2.69347
106.2_103.258_-2.70036
105.748_103.046_-2.70725
105.295_102.834_-2.70036
104.843_102.62_-2.69347
104.392_102.404_-2.70036
103.94_102.191_-2.70725
103.486_101.98_-2.70036
103.035_101.765_-2.69347
102.584_101.55_-2.70036
102.131_101.337_-2.70725
101.678_101.126_-2.70036
101.227_100.911_-2.69347
100.775_100.696_-2.70036
100.323_100.483_-2.70725
99.8699_100.272_-2.70036
99.4183_100.057_-2.69347
98.9672_99.8418_-2.70036
98.5146_99.6294_-2.70725
98.0615_99.4179_-2.70036
97.61_99.2034_-2.69347
97.1589_98.9878_-2.70036
96.7063_98.7753_-2.70725
96.2532_98.5639_-2.70036
95.8017_98.3494_-2.69347
95.3506_98.1338_-2.70036
94.898_97.9213_-2.70725
94.4449_97.7099_-2.70036
93.9933_97.4953_-2.69347
93.5422_97.2797_-2.70036
93.0897_97.0673_-2.70725
92.6366_96.8558_-2.70036
92.185_96.6413_-2.69347
91.7339_96.4257_-2.70036
91.2814_96.2132_-2.70725
90.8283_96.0018_-2.70036
90.3767_95.7873_-2.69347
89.9256_95.5717_-2.70036
89.4731_95.3592_-2.70725
89.02_95.1478_-2.70036
88.5684_94.9332_-2.69347
88.1173_94.7176_-2.70036
87.6647_94.5052_-2.70725
87.2117_94.2937_-2.70036
86.7601_94.0792_-2.69347
86.309_93.8636_-2.70036
85.8564_93.6511_-2.70725
85.4034_93.4397_-2.70036
84.9518_93.2252_-2.69347
84.5007_93.0096_-2.70036
84.0481_92.7971_-2.70725
83.5951_92.5857_-2.70036
83.1435_92.3711_-2.69347
82.6924_92.1555_-2.70036
82.2398_91.9431_-2.70725
81.7868_91.7316_-2.70036
81.3352_91.5171_-2.69347
80.8841_91.3015_-2.70036
80.4315_91.089_-2.70725
79.9784_90.8776_-2.70036
79.5269_90.663_-2.69347
79.0758_90.4475_-2.70036
78.6232_90.235_-2.70725
78.1701_90.0236_-2.70036
77.7185_89.809_-2.69347
77.2675_89.5934_-2.70036
76.8149_89.381_-2.70725
76.3618_89.1695_-2.70036
75.9102_88.955_-2.69347
75.4629_88.7628_-2.8227
74.9885_88.6193_-2.89816
74.503_88.4999_-2.90505
74.0253_88.4059_-3.03427
73.5394_88.3743_-3.1635
73.0536_88.4056_-3.29273
72.5758_88.4993_-3.42195
72.114_88.6537_-3.55118
71.676_88.8663_-3.6804
71.2691_89.1337_-3.80963
70.9_89.4512_-3.93886
70.5748_89.8136_-4.06808
70.2992_90.215_-4.19731
70.0745_90.6498_-4.31323
69.8907_91.1117_-4.37506
69.731_91.5845_-4.40947
69.5852_92.0624_-4.43013
69.4493_92.5432_-4.4508
69.3211_93.0265_-4.45769
69.1963_93.5106_-4.46457
69.0748_93.9956_-4.47146
68.9544_94.4808_-4.46457
68.8328_94.9658_-4.47146
68.7124_95.4511_-4.46457
68.5909_95.936_-4.47146
68.4705_96.4213_-4.46457
68.349_96.9062_-4.47146
68.2286_97.3915_-4.46457
68.1048_97.8759_-4.45769
67.98_98.36_-4.46457
67.8584_98.845_-4.47146
67.738_99.3302_-4.46457
67.6143_99.8146_-4.45769
67.4775_100.291_-4.38223
67.3103_100.761_-4.34781
67.1309_101.228_-4.34092
66.9464_101.692_-4.32026
66.7542_102.154_-4.31337
66.5589_102.614_-4.30648
66.3605_103.073_-4.29959
66.1588_103.53_-4.2927
65.9541_103.987_-4.28581
65.7483_104.442_-4.2927
65.5435_104.898_-4.28581
65.3377_105.354_-4.2927
65.1329_105.81_-4.28581
64.9271_106.266_-4.2927
64.7223_106.722_-4.28581
64.5165_107.177_-4.2927
64.3117_107.634_-4.28581
64.1059_108.089_-4.2927
63.9011_108.545_-4.28581
63.6953_109.001_-4.2927
63.4906_109.457_-4.28581
63.2847_109.913_-4.2927
63.08_110.369_-4.28581
62.8742_110.824_-4.2927
62.6694_111.28_-4.28581
62.4636_111.736_-4.2927
62.2588_112.192_-4.28581
62.053_112.648_-4.2927
61.8482_113.104_-4.28581
61.6424_113.56_-4.2927
61.4376_114.016_-4.28581
61.2318_114.471_-4.2927
61.027_114.927_-4.28581
60.8212_115.383_-4.2927
60.6164_115.839_-4.28581
60.4106_116.295_-4.2927
60.2059_116.751_-4.28581
60_117.207_-4.2927
59.7953_117.663_-4.28581
59.5895_118.118_-4.2927
59.3847_118.574_-4.28581
59.1789_119.03_-4.2927
58.9741_119.486_-4.28581
58.7683_119.942_-4.2927
58.5635_120.398_-4.28581
58.3577_120.854_-4.2927
58.1529_121.31_-4.28581
57.9471_121.765_-4.2927
57.7423_122.221_-4.28581
57.5365_122.677_-4.2927
57.3318_123.133_-4.28581
57.1259_123.589_-4.2927
56.9212_124.045_-4.28581
56.7154_124.5_-4.2927
56.5106_124.957_-4.28581
56.3048_125.412_-4.2927
56.1_125.868_-4.28581
55.8942_126.324_-4.2927
55.6894_126.78_-4.28581
55.4836_127.236_-4.2927
55.2788_127.692_-4.28581
55.073_128.147_-4.2927
54.8682_128.604_-4.28581
54.6624_129.059_-4.2927
54.4576_129.515_-4.28581
54.2518_129.971_-4.2927
54.0471_130.427_-4.28581
53.8412_130.883_-4.2927
53.6365_131.339_-4.28581
53.4307_131.794_-4.2927
53.2259_132.25_-4.28581
53.0201_132.706_-4.2927
52.8153_133.162_-4.28581
52.6095_133.618_-4.2927
52.4047_134.074_-4.28581
52.1989_134.53_-4.2927
51.9941_134.986_-4.28581
51.7883_135.441_-4.2927
51.5835_135.897_-4.28581
51.3777_136.353_-4.2927
51.173_136.809_-4.28581
50.9671_137.265_-4.2927
50.7624_137.721_-4.28581
50.5566_138.177_-4.2927
50.3518_138.633_-4.28581
50.146_139.088_-4.2927
49.9412_139.544_-4.28581
49.7354_140_-4.2927
49.5306_140.456_-4.28581
49.3248_140.912_-4.2927
49.12_141.368_-4.28581
48.9142_141.824_-4.2927
48.7094_142.28_-4.28581
48.5036_142.735_-4.2927
48.2988_143.191_-4.28581
48.093_143.647_-4.2927
47.8883_144.103_-4.28581
47.6824_144.559_-4.2927
47.4777_145.015_-4.28581
47.2719_145.47_-4.2927
47.0671_145.927_-4.28581
46.8613_146.382_-4.2927
46.6565_146.838_-4.28581
46.4507_147.294_-4.2927
46.248_147.751_-4.29959
46.0464_148.209_-4.2927
45.8416_148.665_-4.28581
45.6358_149.12_-4.2927
45.4331_149.577_-4.29959
45.2315_150.035_-4.2927
45.0267_150.491_-4.28581
44.8209_150.947_-4.2927
44.6182_151.404_-4.29959
44.4166_151.861_-4.2927
44.2119_152.317_-4.28581
44.006_152.773_-4.2927
43.8034_153.23_-4.29959
43.6017_153.687_-4.2927
43.397_154.143_-4.28581
43.1912_154.599_-4.2927
42.9885_155.056_-4.29959
42.7869_155.514_-4.2927
42.5821_155.97_-4.28581
42.3763_156.425_-4.2927
42.1599_156.864_-4.17678
41.8975_157.287_-4.11496
41.6136_157.698_-4.09429
41.3605_158.065_-4.13737
41.0786_158.462_-4.00814
40.748_158.819_-3.87892
40.374_159.131_-3.74969
39.9629_159.392_-3.62046
39.5217_159.598_-3.49124
39.0576_159.745_-3.36201
38.5784_159.831_-3.23279
38.0921_159.855_-3.10356
37.6068_159.816_-2.97433
37.1306_159.714_-2.84511
36.6714_159.553_-2.71588
36.2369_159.333_-2.58665
35.8343_159.059_-2.45743
35.4703_158.736_-2.3282
35.1447_158.367_-2.22569
34.8502_157.967_-2.16386
34.576_157.55_-2.12944
34.3141_157.124_-2.10878
34.0589_156.694_-2.10189
33.8066_156.263_-2.095
33.5574_155.829_-2.08811
33.3111_155.394_-2.08122
33.0659_154.958_-2.08811
32.8196_154.523_-2.08122
32.5743_154.088_-2.08811
32.3281_153.653_-2.08122
32.0828_153.217_-2.08811
31.8366_152.782_-2.08122
31.5913_152.346_-2.08811
31.3451_151.911_-2.08122
31.0998_151.475_-2.08811
30.8535_151.04_-2.08122
30.6083_150.604_-2.08811
30.362_150.169_-2.08122
30.1168_149.734_-2.08811
29.8705_149.299_-2.08122
29.6252_148.863_-2.08811
29.379_148.428_-2.08122
29.1337_147.992_-2.08811
28.8875_147.557_-2.08122
28.6422_147.121_-2.08811
28.396_146.686_-2.08122
28.1507_146.251_-2.08811
27.9044_145.815_-2.08122
27.6592_145.38_-2.08811
27.4129_144.945_-2.08122
27.1677_144.509_-2.08811
26.9194_144.075_-2.095
26.6702_143.642_-2.08811
26.4239_143.207_-2.08122
26.1828_142.769_-2.06056
25.9486_142.327_-2.05367
25.7136_141.886_-2.07433
25.4802_141.446_-2.02619
25.2658_140.995_-1.99178
25.0648_140.538_-1.97111
24.871_140.077_-1.96423
24.6804_139.615_-1.95734
24.493_139.151_-1.95045
24.3066_138.687_-1.95734
24.1192_138.224_-1.95045
23.9329_137.76_-1.95734
23.7454_137.296_-1.95045
23.5591_136.832_-1.95734
23.3717_136.369_-1.95045
23.1875_135.904_-1.94356
23.0043_135.439_-1.95045
22.818_134.975_-1.95734
22.6305_134.512_-1.95045
22.4463_134.047_-1.94356
22.2632_133.582_-1.95045
22.0768_133.118_-1.95734
21.8894_132.654_-1.95045
21.7255_132.193_-1.83453
21.6058_131.71_-1.7727
21.5067_131.22_-1.76581
21.4326_130.739_-1.63658
21.4124_130.244_-1.56113
21.423_129.745_-1.52671
21.4484_129.246_-1.50605
21.4819_128.747_-1.49916
21.5189_128.249_-1.49227
21.5592_127.75_-1.48538
21.603_127.252_-1.47849
21.648_126.754_-1.48538
21.6918_126.256_-1.47849
21.7367_125.758_-1.48538
21.7805_125.26_-1.47849
21.8254_124.762_-1.48538
21.8692_124.264_-1.47849
21.9142_123.766_-1.48538
21.958_123.268_-1.47849
22.0029_122.77_-1.48538
22.0467_122.272_-1.47849
22.0917_121.774_-1.48538
22.1355_121.276_-1.47849
22.1804_120.778_-1.48538
22.2242_120.28_-1.47849
22.2691_119.782_-1.48538
22.3129_119.284_-1.47849
22.3579_118.786_-1.48538
22.4017_118.288_-1.47849
22.4466_117.79_-1.48538
22.4904_117.292_-1.47849
22.5354_116.794_-1.48538
22.5791_116.296_-1.47849
22.6241_115.799_-1.48538
22.6679_115.3_-1.47849
22.7128_114.803_-1.48538
22.7566_114.304_-1.47849
22.8016_113.807_-1.48538
22.8454_113.309_-1.47849
22.8903_112.811_-1.48538
22.9341_112.313_-1.47849
22.979_111.815_-1.48538
23.0228_111.317_-1.47849
23.0678_110.819_-1.48538
23.1116_110.321_-1.47849
23.1565_109.823_-1.48538
23.2003_109.325_-1.47849
23.2453_108.827_-1.48538
23.289_108.329_-1.47849
23.334_107.831_-1.48538
23.3778_107.333_-1.47849
23.4227_106.835_-1.48538
23.4665_106.337_-1.47849
23.5115_105.839_-1.48538
23.5553_105.341_-1.47849
23.6002_104.843_-1.48538
23.644_104.345_-1.47849
23.6889_103.847_-1.48538
23.7327_103.349_-1.47849
23.7777_102.851_-1.48538
23.8215_102.353_-1.47849
23.8664_101.855_-1.48538
23.9102_101.357_-1.47849
23.9552_100.859_-1.48538
23.9989_100.361_-1.47849
24.0439_99.8628_-1.48538
24.0877_99.3648_-1.47849
24.1326_98.8668_-1.48538
24.1764_98.3688_-1.47849
24.2214_97.8709_-1.48538
24.2652_97.3728_-1.47849
24.3101_96.8749_-1.48538
24.3539_96.3768_-1.47849
24.3988_95.8789_-1.48538
24.4426_95.3809_-1.47849
24.4876_94.8829_-1.48538
24.5314_94.3849_-1.47849
24.5763_93.8869_-1.48538
24.6201_93.3889_-1.47849
24.6651_92.891_-1.48538
24.7089_92.3929_-1.47849
24.7538_91.895_-1.48538
24.7976_91.3969_-1.47849
24.8425_90.899_-1.48538
24.8863_90.4009_-1.47849
24.9313_89.903_-1.48538
24.9751_89.405_-1.47849
25.02_88.907_-1.48538
25.0638_88.409_-1.47849
25.1087_87.911_-1.48538
25.1525_87.413_-1.47849
25.1975_86.9151_-1.48538
25.2413_86.417_-1.47849
25.2862_85.9191_-1.48538
25.33_85.421_-1.47849
25.375_84.9231_-1.48538
25.4188_84.4251_-1.47849
25.4637_83.9271_-1.48538
25.5075_83.4291_-1.47849
25.5524_82.9311_-1.48538
25.5962_82.4331_-1.47849
25.6412_81.9352_-1.48538
25.685_81.4371_-1.47849
25.7299_80.9392_-1.48538
25.7737_80.4411_-1.47849
25.8186_79.9432_-1.48538
25.8624_79.4452_-1.47849
25.9074_78.9472_-1.48538
25.9512_78.4492_-1.47849
25.9961_77.9512_-1.48538
26.0399_77.4532_-1.47849
26.0849_76.9553_-1.48538
26.1287_76.4572_-1.47849
26.1736_75.9593_-1.48538
26.2174_75.4612_-1.47849
26.2623_74.9633_-1.48538
26.3061_74.4653_-1.47849
26.3511_73.9673_-1.48538
26.3949_73.4693_-1.47849
26.4398_72.9713_-1.48538
26.4836_72.4733_-1.47849
26.5285_71.9754_-1.48538
26.5723_71.4773_-1.47849
26.6173_70.9794_-1.48538
26.6611_70.4813_-1.47849
26.706_69.9834_-1.48538
26.7498_69.4854_-1.47849
26.7948_68.9874_-1.48538
26.8386_68.4894_-1.47849
26.8835_67.9914_-1.48538
26.9273_67.4934_-1.47849
26.9722_66.9955_-1.48538
27.016_66.4974_-1.47849
27.061_65.9995_-1.48538
27.1048_65.5014_-1.47849
27.1497_65.0035_-1.48538
27.1935_64.5054_-1.47849
27.2384_64.0075_-1.48538
27.2822_63.5095_-1.47849
27.3272_63.0115_-1.48538
27.371_62.5135_-1.47849
27.4159_62.0155_-1.48538
27.4597_61.5175_-1.47849
27.5047_61.0196_-1.48538
27.5485_60.5215_-1.47849
27.5934_60.0236_-1.48538
27.6372_59.5255_-1.47849
27.6821_59.0276_-1.48538
27.7259_58.5296_-1.47849
27.7709_58.0316_-1.48538
27.8147_57.5336_-1.47849
27.8596_57.0356_-1.48538
27.9034_56.5376_-1.47849
27.9483_56.0397_-1.48538
27.9921_55.5416_-1.47849
28.0371_55.0437_-1.48538
28.0809_54.5456_-1.47849
28.1258_54.0477_-1.48538
28.1696_53.5497_-1.47849
28.2146_53.0517_-1.48538
28.2584_52.5537_-1.47849
28.3033_52.0557_-1.48538
28.3471_51.5577_-1.47849
28.392_51.0598_-1.48538
28.4358_50.5617_-1.47849
28.4808_50.0638_-1.48538
28.5246_49.5657_-1.47849
28.5695_49.0678_-1.48538
28.6133_48.5698_-1.47849
28.6582_48.0718_-1.48538
28.702_47.5738_-1.47849
28.747_47.0758_-1.48538
28.7908_46.5778_-1.47849
28.8357_46.0799_-1.48538
28.8795_45.5818_-1.47849
28.9245_45.0839_-1.48538
28.9683_44.5858_-1.47849
29.0132_44.0879_-1.48538
29.057_43.5899_-1.47849
29.1019_43.0919_-1.48538
29.1457_42.5939_-1.47849
29.1907_42.0959_-1.48538
29.2345_41.5979_-1.47849
29.2794_41.1_-1.48538
29.3232_40.6019_-1.47849
29.3681_40.104_-1.48538
29.4119_39.6059_-1.47849
29.4569_39.108_-1.48538
29.5007_38.6099_-1.47849
29.5456_38.112_-1.48538
29.5894_37.614_-1.47849
29.6344_37.116_-1.48538
29.6782_36.618_-1.47849
29.7254_36.1203_-1.4716
29.7738_35.6226_-1.47849
29.8187_35.1247_-1.48538
29.8625_34.6267_-1.47849
29.9097_34.1289_-1.4716
29.9581_33.6313_-1.47849
30.003_33.1334_-1.48538
30.0468_32.6353_-1.47849
30.0941_32.1376_-1.4716
30.1424_31.64_-1.47849
30.1874_31.142_-1.48538
30.2312_30.644_-1.47849
30.2784_30.1463_-1.4716
30.3268_29.6487_-1.47849
30.3717_29.1507_-1.48538
30.4263_28.6582_-1.40992
30.5119_28.1665_-1.37551
30.61_27.6762_-1.36862
30.7159_27.1885_-1.3342
30.8363_26.7036_-1.31354
30.9646_26.2203_-1.30665
31.0963_25.738_-1.29976
31.2312_25.2566_-1.29287
31.3695_24.7762_-1.28598
31.5089_24.296_-1.29287
31.6472_23.8156_-1.28598
31.7865_23.3354_-1.29287
31.9248_22.855_-1.28598
32.0642_22.3748_-1.29287
32.2003_21.8937_-1.29976
32.3352_21.4123_-1.29287
32.4735_20.9319_-1.28598
32.6129_20.4517_-1.29287
32.7489_19.9706_-1.29976
32.8839_19.4892_-1.29287
33.0222_19.0088_-1.28598
33.1616_18.5286_-1.29287
33.2976_18.0475_-1.29976
33.4326_17.5661_-1.29287
33.5709_17.0857_-1.28598
33.7102_16.6055_-1.29287
33.8463_16.1244_-1.29976
33.9813_15.643_-1.29287
34.1195_15.1626_-1.28598
34.2672_14.6867_-1.23784
34.4357_14.217_-1.20342
34.6096_13.7491_-1.23784
