configuration 176.556686401_134.7056427_-0.977472527886_0.211062685542_59.5791053772_36.8438796997_0.982426073578_-0.18665210943
length 187.387
time 5.7672
roughness 1.12896e-05
176.557_134.706_-2.71627
176.101_134.5_-2.72316
175.643_134.298_-2.73005
175.185_134.099_-2.73694
174.725_133.904_-2.74383
174.263_133.711_-2.75071
173.802_133.519_-2.74383
173.34_133.327_-2.75071
172.878_133.135_-2.74383
172.418_132.941_-2.73694
171.958_132.745_-2.74383
171.497_132.552_-2.75071
171.035_132.361_-2.74383
170.574_132.166_-2.73694
170.114_131.97_-2.74383
169.653_131.777_-2.75071
169.191_131.586_-2.74383
168.731_131.391_-2.73694
168.27_131.195_-2.74383
167.809_131.003_-2.75071
167.347_130.811_-2.74383
166.887_130.617_-2.73694
166.427_130.421_-2.74383
165.965_130.228_-2.75071
165.504_130.037_-2.74383
165.043_129.842_-2.73694
164.583_129.646_-2.74383
164.122_129.454_-2.75071
163.66_129.262_-2.74383
163.199_129.067_-2.73694
162.739_128.871_-2.74383
162.278_128.679_-2.75071
161.816_128.487_-2.74383
161.356_128.293_-2.73694
160.896_128.097_-2.74383
160.434_127.904_-2.75071
159.972_127.713_-2.74383
159.512_127.518_-2.73694
159.052_127.322_-2.74383
158.591_127.13_-2.75071
158.129_126.938_-2.74383
157.668_126.743_-2.73694
157.208_126.547_-2.74383
156.747_126.355_-2.75071
156.285_126.163_-2.74383
155.825_125.969_-2.73694
155.365_125.773_-2.74383
154.903_125.58_-2.75071
154.441_125.389_-2.74383
153.981_125.194_-2.73694
153.521_124.998_-2.74383
153.059_124.806_-2.75071
152.598_124.614_-2.74383
152.137_124.419_-2.73694
151.677_124.223_-2.74383
151.216_124.031_-2.75071
150.754_123.839_-2.74383
150.293_123.645_-2.73694
149.833_123.449_-2.74383
149.372_123.256_-2.75071
148.91_123.065_-2.74383
148.45_122.87_-2.73694
147.99_122.674_-2.74383
147.528_122.482_-2.75071
147.066_122.29_-2.74383
146.606_122.095_-2.73694
146.146_121.9_-2.74383
145.685_121.707_-2.75071
145.223_121.515_-2.74383
144.762_121.321_-2.73694
144.302_121.125_-2.74383
143.841_120.932_-2.75071
143.379_120.741_-2.74383
142.919_120.546_-2.73694
142.459_120.35_-2.74383
141.997_120.158_-2.75071
141.535_119.966_-2.74383
141.075_119.771_-2.73694
140.615_119.576_-2.74383
140.153_119.383_-2.75071
139.692_119.191_-2.74383
139.231_118.997_-2.73694
138.771_118.801_-2.74383
138.31_118.608_-2.75071
137.848_118.417_-2.74383
137.387_118.222_-2.73694
136.927_118.026_-2.74383
136.466_117.834_-2.75071
136.004_117.642_-2.74383
135.544_117.447_-2.73694
135.084_117.252_-2.74383
134.622_117.059_-2.75071
134.161_116.867_-2.74383
133.7_116.673_-2.73694
133.24_116.477_-2.74383
132.779_116.284_-2.75071
132.317_116.093_-2.74383
131.856_115.898_-2.73694
131.396_115.702_-2.74383
130.935_115.51_-2.75071
130.473_115.318_-2.74383
130.013_115.123_-2.73694
129.553_114.928_-2.74383
129.091_114.735_-2.75071
128.629_114.543_-2.74383
128.169_114.349_-2.73694
127.709_114.153_-2.74383
127.247_113.96_-2.75071
126.786_113.769_-2.74383
126.325_113.574_-2.73694
125.865_113.378_-2.74383
125.404_113.186_-2.75071
124.942_112.994_-2.74383
124.481_112.799_-2.73694
124.021_112.604_-2.74383
123.56_112.411_-2.75071
123.098_112.219_-2.74383
122.638_112.025_-2.73694
122.178_111.829_-2.74383
121.716_111.636_-2.75071
121.255_111.445_-2.74383
120.794_111.25_-2.73694
120.334_111.054_-2.74383
119.873_110.862_-2.75071
119.411_110.67_-2.74383
118.95_110.475_-2.73694
118.49_110.28_-2.74383
118.029_110.087_-2.75071
117.567_109.895_-2.74383
117.107_109.701_-2.73694
116.647_109.505_-2.74383
116.185_109.312_-2.75071
115.723_109.121_-2.74383
115.263_108.926_-2.73694
114.803_108.73_-2.74383
114.342_108.538_-2.75071
113.88_108.346_-2.74383
113.419_108.151_-2.73694
112.959_107.956_-2.74383
112.498_107.763_-2.75071
112.036_107.571_-2.74383
111.576_107.377_-2.73694
111.115_107.181_-2.74383
110.654_106.988_-2.75071
110.192_106.797_-2.74383
109.732_106.602_-2.73694
109.272_106.406_-2.74383
108.81_106.214_-2.75071
108.349_106.022_-2.74383
107.888_105.827_-2.73694
107.428_105.632_-2.74383
106.967_105.439_-2.75071
106.505_105.248_-2.74383
106.044_105.053_-2.73694
105.584_104.857_-2.74383
105.123_104.664_-2.75071
104.661_104.473_-2.74383
104.201_104.278_-2.73694
103.741_104.082_-2.74383
103.279_103.89_-2.75071
102.817_103.698_-2.74383
102.357_103.503_-2.73694
101.897_103.308_-2.74383
101.436_103.115_-2.75071
100.974_102.924_-2.74383
100.513_102.729_-2.73694
100.053_102.533_-2.74383
99.5919_102.34_-2.75071
99.13_102.149_-2.74383
98.6696_101.954_-2.73694
98.2095_101.758_-2.74383
97.7482_101.566_-2.75071
97.2863_101.374_-2.74383
96.8259_101.179_-2.73694
96.3658_100.984_-2.74383
95.9044_100.791_-2.75071
95.4426_100.6_-2.74383
94.9821_100.405_-2.73694
94.5221_100.209_-2.74383
94.0607_100.016_-2.75071
93.5989_99.8249_-2.74383
93.1384_99.6302_-2.73694
92.6784_99.4344_-2.74383
92.217_99.2418_-2.75071
91.7552_99.0502_-2.74383
91.2947_98.8555_-2.73694
90.8347_98.6597_-2.74383
90.3733_98.4671_-2.75071
89.9115_98.2756_-2.74383
89.451_98.0808_-2.73694
88.991_97.8851_-2.74383
88.5296_97.6925_-2.75071
88.0678_97.5009_-2.74383
87.6073_97.3062_-2.73694
87.1473_97.1104_-2.74383
86.6859_96.9178_-2.75071
86.2241_96.7263_-2.74383
85.7636_96.5315_-2.73694
85.3036_96.3357_-2.74383
84.8422_96.1431_-2.75071
84.3804_95.9516_-2.74383
83.9199_95.7569_-2.73694
83.4599_95.5611_-2.74383
82.9985_95.3685_-2.75071
82.5367_95.1769_-2.74383
82.0762_94.9822_-2.73694
81.6161_94.7864_-2.74383
81.1548_94.5938_-2.75071
80.693_94.4023_-2.74383
80.2325_94.2076_-2.73694
79.7724_94.0118_-2.74383
79.3111_93.8192_-2.75071
78.8492_93.6276_-2.74383
78.3888_93.4329_-2.73694
77.9287_93.2371_-2.74383
77.4674_93.0445_-2.75071
77.0055_92.853_-2.74383
76.5451_92.6582_-2.73694
76.085_92.4624_-2.74383
75.6236_92.2698_-2.75071
75.163_92.0763_-2.73005
74.7052_91.8752_-2.72316
74.2489_91.671_-2.71627
73.8143_91.4515_-2.58705
73.4116_91.1779_-2.45782
73.0475_90.8546_-2.3286
72.7281_90.487_-2.19937
72.4588_90.0814_-2.07014
72.244_89.6445_-1.94092
72.0873_89.1835_-1.81169
71.9912_88.7062_-1.68247
71.9575_88.2205_-1.55324
71.9867_87.7344_-1.42401
72.0751_87.2506_-1.3215
72.2075_86.7716_-1.25967
72.3658_86.2983_-1.22525
72.5382_85.8293_-1.20459
72.7183_85.3629_-1.1977
72.9016_84.8977_-1.19081
73.0881_84.4339_-1.18392
73.2778_83.9713_-1.17703
73.4686_83.5092_-1.18392
73.6583_83.0466_-1.17703
73.8491_82.5844_-1.18392
74.0387_82.1219_-1.17703
74.2295_81.6597_-1.18392
74.4192_81.1971_-1.17703
74.61_80.735_-1.18392
74.7997_80.2724_-1.17703
74.9904_79.8103_-1.18392
75.1801_79.3477_-1.17703
75.3709_78.8856_-1.18392
75.5606_78.423_-1.17703
75.7513_77.9608_-1.18392
75.941_77.4983_-1.17703
76.1318_77.0361_-1.18392
76.3215_76.5735_-1.17703
76.5122_76.1114_-1.18392
76.7019_75.6488_-1.17703
76.8927_75.1867_-1.18392
77.0824_74.7241_-1.17703
77.2731_74.262_-1.18392
77.4628_73.7994_-1.17703
77.6536_73.3372_-1.18392
77.8433_72.8747_-1.17703
78.034_72.4125_-1.18392
78.2237_71.9499_-1.17703
78.4145_71.4878_-1.18392
78.6042_71.0252_-1.17703
78.7949_70.5631_-1.18392
78.9846_70.1005_-1.17703
79.1754_69.6384_-1.18392
79.3651_69.1758_-1.17703
79.5559_68.7136_-1.18392
79.7455_68.2511_-1.17703
79.9363_67.7889_-1.18392
80.1239_67.3255_-1.19081
80.3104_66.8616_-1.18392
80.5001_66.399_-1.17703
80.6908_65.9369_-1.18392
80.8784_65.4734_-1.19081
81.0649_65.0096_-1.18392
81.2546_64.547_-1.17703
81.4454_64.0848_-1.18392
81.6329_63.6214_-1.19081
81.8194_63.1575_-1.18392
82.0091_62.6949_-1.17703
82.1999_62.2328_-1.18392
82.3875_61.7694_-1.19081
82.574_61.3055_-1.18392
82.7637_60.8429_-1.17703
82.9544_60.3808_-1.18392
83.142_59.9173_-1.19081
83.3285_59.4534_-1.18392
83.5182_58.9909_-1.17703
83.7089_58.5287_-1.18392
83.8965_58.0653_-1.19081
84.083_57.6014_-1.18392
84.2727_57.1388_-1.17703
84.4635_56.6767_-1.18392
84.651_56.2132_-1.19081
84.8375_55.7494_-1.18392
85.0272_55.2868_-1.17703
85.218_54.8246_-1.18392
85.4056_54.3612_-1.19081
85.5921_53.8973_-1.18392
85.7818_53.4347_-1.17703
85.9785_52.9761_-1.14262
86.1872_52.5217_-1.13573
86.3989_52.0688_-1.12884
86.5883_51.6203_-1.25807
86.7184_51.1511_-1.38729
86.7868_50.669_-1.51652
86.7926_50.1822_-1.64574
86.7356_49.6986_-1.77497
86.6168_49.2265_-1.9042
86.4381_48.7735_-2.03342
86.2025_48.3474_-2.16265
85.914_47.9552_-2.29187
85.5774_47.6035_-2.4211
85.1982_47.2981_-2.55033
84.7803_47.035_-2.63935
84.3398_46.8022_-2.68749
83.8888_46.5884_-2.72191
83.4311_46.3879_-2.74257
82.97_46.1948_-2.74946
82.5075_46.0048_-2.75635
82.0438_45.8179_-2.76324
81.5796_45.6322_-2.75635
81.1158_45.4454_-2.76324
80.6517_45.2596_-2.75635
80.1879_45.0728_-2.76324
79.7237_44.8871_-2.75635
79.26_44.7003_-2.76324
78.7958_44.5145_-2.75635
78.3321_44.3277_-2.76324
77.8679_44.142_-2.75635
77.4041_43.9551_-2.76324
76.9399_43.7694_-2.75635
76.4762_43.5826_-2.76324
76.012_43.3968_-2.75635
75.5483_43.21_-2.76324
75.0841_43.0243_-2.75635
74.6203_42.8375_-2.76324
74.1562_42.6517_-2.75635
73.6924_42.4649_-2.76324
73.2282_42.2792_-2.75635
72.7645_42.0923_-2.76324
72.3003_41.9066_-2.75635
71.8366_41.7198_-2.76324
71.3724_41.534_-2.75635
70.9086_41.3472_-2.76324
70.4436_41.1636_-2.77013
69.9782_40.9811_-2.76324
69.514_40.7953_-2.75635
69.0502_40.6085_-2.76324
68.5852_40.4249_-2.77013
68.1198_40.2423_-2.76324
67.6556_40.0566_-2.75635
67.1918_39.8698_-2.76324
66.7268_39.6862_-2.77013
66.2614_39.5036_-2.76324
65.7972_39.3179_-2.75635
65.3334_39.1311_-2.76324
64.8684_38.9474_-2.77013
64.403_38.7649_-2.76324
63.9388_38.5792_-2.75635
63.475_38.3923_-2.76324
63.01_38.2087_-2.77013
62.5446_38.0262_-2.76324
62.0804_37.8404_-2.75635
61.6166_37.6536_-2.76324
61.1516_37.47_-2.77013
60.6862_37.2875_-2.76324
60.2211_37.1038_-2.77013
59.7557_36.9213_-2.76324
