configuration 161.70602417_-18.2518405914_0.169978369946_0.985447793519_193.750076294_109.599342346_0.85380148664_0.520598714377
length 174.838
time 7.58912
roughness 1.86485e-05
161.706_-18.2518_0.341615
162.171_-18.0757_0.403442
162.628_-17.8746_0.437859
163.079_-17.6596_0.45852
163.525_-17.4354_0.479182
163.968_-17.2038_0.486071
164.41_-16.9692_0.492961
164.85_-16.7316_0.49985
165.289_-16.493_0.492961
165.729_-16.2554_0.49985
166.168_-16.0168_0.492961
166.608_-15.7792_0.49985
167.047_-15.5405_0.492961
167.487_-15.3029_0.49985
167.927_-15.0643_0.492961
168.367_-14.8267_0.49985
168.806_-14.5881_0.492961
169.246_-14.3505_0.49985
169.685_-14.1119_0.492961
170.125_-13.8742_0.49985
170.564_-13.6356_0.492961
171.004_-13.398_0.49985
171.444_-13.1594_0.492961
171.884_-12.9218_0.49985
172.323_-12.6832_0.492961
172.763_-12.4455_0.49985
173.202_-12.2069_0.492961
173.642_-11.9693_0.49985
174.081_-11.7307_0.492961
174.521_-11.4931_0.49985
174.961_-11.2545_0.492961
175.401_-11.0168_0.49985
175.84_-10.7782_0.492961
176.28_-10.5406_0.49985
176.719_-10.302_0.492961
177.159_-10.0644_0.49985
177.598_-9.82576_0.492961
178.038_-9.58815_0.49985
178.478_-9.34953_0.492961
178.917_-9.11192_0.49985
179.357_-8.8733_0.492961
179.797_-8.63568_0.49985
180.236_-8.39706_0.492961
180.676_-8.15945_0.49985
181.115_-7.92083_0.492961
181.555_-7.68322_0.49985
181.994_-7.4446_0.492961
182.434_-7.20699_0.49985
182.874_-6.96837_0.492961
183.314_-6.73075_0.49985
183.753_-6.49213_0.492961
184.193_-6.25452_0.49985
184.632_-6.0159_0.492961
185.072_-5.77829_0.49985
185.511_-5.53967_0.492961
185.951_-5.30206_0.49985
186.391_-5.06344_0.492961
186.831_-4.82582_0.49985
187.27_-4.5872_0.492961
187.71_-4.34959_0.49985
188.148_-4.10896_0.506739
188.586_-3.86731_0.49985
189.025_-3.62869_0.492961
189.465_-3.39108_0.49985
189.903_-3.15044_0.506739
190.341_-2.9088_0.49985
190.78_-2.67018_0.492961
191.22_-2.43257_0.49985
191.658_-2.19193_0.506739
192.096_-1.95029_0.49985
192.535_-1.71167_0.492961
192.975_-1.47406_0.49985
193.414_-1.23342_0.506739
193.829_-0.979293_0.635965
194.214_-0.673968_0.738482
194.58_-0.333794_0.772899
194.913_0.0206249_0.902125
195.199_0.41511_1.03135
195.431_0.843082_1.16058
195.606_1.2974_1.2898
195.721_1.7705_1.41903
195.774_2.25448_1.54826
195.765_2.74128_1.67748
195.692_3.22277_1.80671
195.566_3.70355_1.86853
195.414_4.17897_1.90295
195.248_4.65019_1.92361
195.072_5.11788_1.94427
194.889_5.58296_1.95116
194.702_6.04677_1.95805
194.514_6.51014_1.95116
194.328_6.97394_1.95805
194.14_7.43731_1.95116
193.953_7.90112_1.95805
193.766_8.36449_1.95116
193.579_8.82829_1.95805
193.391_9.29166_1.95116
193.204_9.75547_1.95805
193.017_10.2188_1.95116
192.83_10.6826_1.95805
192.642_11.146_1.95116
192.456_11.6098_1.95805
192.268_12.0732_1.95116
192.081_12.537_1.95805
191.893_13.0004_1.95116
191.707_13.4642_1.95805
191.519_13.9275_1.95116
191.332_14.3913_1.95805
191.145_14.8547_1.95116
190.958_15.3185_1.95805
190.77_15.7819_1.95116
190.583_16.2457_1.95805
190.396_16.7091_1.95116
190.209_17.1729_1.95805
190.021_17.6362_1.95116
189.835_18.1_1.95805
189.645_18.5626_1.96494
189.454_19.0246_1.95805
189.266_19.488_1.95116
189.079_19.9518_1.95805
188.889_20.4143_1.96494
188.699_20.8764_1.95805
188.511_21.3397_1.95116
188.324_21.8035_1.95805
188.134_22.2661_1.96494
187.943_22.7281_1.95805
187.756_23.1915_1.95116
187.569_23.6553_1.95805
187.379_24.1178_1.96494
187.188_24.5799_1.95805
187_25.0432_1.95116
186.814_25.507_1.95805
186.624_25.9696_1.96494
186.433_26.4316_1.95805
186.245_26.895_1.95116
186.058_27.3588_1.95805
185.868_27.8213_1.96494
185.678_28.2834_1.95805
185.49_28.7467_1.95116
185.303_29.2105_1.95805
185.113_29.673_1.96494
184.922_30.1351_1.95805
184.735_30.5985_1.95116
184.548_31.0623_1.95805
184.358_31.5248_1.96494
184.167_31.9869_1.95805
183.979_32.4502_1.95116
183.793_32.914_1.95805
183.603_33.3765_1.96494
183.412_33.8386_1.95805
183.224_34.302_1.95116
183.037_34.7658_1.95805
182.848_35.2283_1.96494
182.657_35.6904_1.95805
182.469_36.1537_1.95116
182.282_36.6175_1.95805
182.092_37.08_1.96494
181.901_37.5421_1.95805
181.714_38.0055_1.95116
181.527_38.4693_1.95805
181.337_38.9318_1.96494
181.146_39.3939_1.95805
180.958_39.8572_1.95116
180.772_40.321_1.95805
180.582_40.7835_1.96494
180.391_41.2456_1.95805
180.203_41.709_1.95116
180.016_42.1728_1.95805
179.827_42.6353_1.96494
179.636_43.0974_1.95805
179.448_43.5607_1.95116
179.261_44.0245_1.95805
179.071_44.487_1.96494
178.88_44.9491_1.95805
178.693_45.4125_1.95116
178.506_45.8763_1.95805
178.316_46.3388_1.96494
178.125_46.8009_1.95805
177.937_47.2642_1.95116
177.751_47.728_1.95805
177.561_48.1905_1.96494
177.37_48.6526_1.95805
177.182_49.116_1.95116
176.996_49.5798_1.95805
176.806_50.0423_1.96494
176.615_50.5044_1.95805
176.427_50.9677_1.95116
176.24_51.4315_1.95805
176.05_51.894_1.96494
175.859_52.3561_1.95805
175.672_52.8195_1.95116
175.485_53.2833_1.95805
175.295_53.7458_1.96494
175.104_54.2079_1.95805
174.916_54.6712_1.95116
174.73_55.135_1.95805
174.54_55.5975_1.96494
174.349_56.0596_1.95805
174.161_56.523_1.95116
173.975_56.9868_1.95805
173.785_57.4493_1.96494
173.594_57.9114_1.95805
173.406_58.3747_1.95116
173.219_58.8385_1.95805
173.029_59.301_1.96494
172.839_59.7631_1.95805
172.651_60.2265_1.95116
172.464_60.6903_1.95805
172.274_61.1528_1.96494
172.083_61.6149_1.95805
171.896_62.0782_1.95116
171.709_62.542_1.95805
171.519_63.0045_1.96494
171.328_63.4666_1.95805
171.14_63.93_1.95116
170.954_64.3938_1.95805
170.764_64.8563_1.96494
170.573_65.3184_1.95805
170.385_65.7817_1.95116
170.198_66.2455_1.95805
170.008_66.708_1.96494
169.818_67.1701_1.95805
169.63_67.6335_1.95116
169.443_68.0973_1.95805
169.253_68.5598_1.96494
169.062_69.0219_1.95805
168.875_69.4852_1.95116
168.688_69.949_1.95805
168.498_70.4115_1.96494
168.307_70.8736_1.95805
168.119_71.337_1.95116
167.933_71.8008_1.95805
167.743_72.2633_1.96494
167.552_72.7254_1.95805
167.364_73.1887_1.95116
167.177_73.6525_1.95805
166.988_74.115_1.96494
166.797_74.5771_1.95805
166.609_75.0405_1.95116
166.422_75.5043_1.95805
166.232_75.9668_1.96494
166.041_76.4289_1.95805
165.854_76.8922_1.95116
165.667_77.356_1.95805
165.477_77.8185_1.96494
165.286_78.2806_1.95805
165.098_78.744_1.95116
164.912_79.2078_1.95805
164.747_79.666_1.82883
164.633_80.1482_1.75337
164.541_80.6396_1.76026
164.469_81.1213_1.63103
164.461_81.6081_1.50181
164.515_82.092_1.37258
164.631_82.5648_1.24335
164.807_83.0188_1.11413
165.04_83.4463_0.984901
165.326_83.8402_0.855675
165.661_84.194_0.726449
166.038_84.5016_0.597222
166.455_84.77_0.521764
166.89_85.0114_0.473622
167.337_85.2339_0.439205
167.79_85.4454_0.432316
168.245_85.6539_0.425427
168.7_85.8592_0.418538
169.158_86.0613_0.411649
169.616_86.2603_0.404759
170.076_86.4582_0.411649
170.534_86.6572_0.404759
170.993_86.8552_0.411649
171.452_87.0542_0.404759
171.911_87.2521_0.411649
172.37_87.4511_0.404759
172.829_87.649_0.411649
173.287_87.848_0.404759
173.747_88.046_0.411649
174.205_88.245_0.404759
174.664_88.4429_0.411649
175.123_88.6419_0.404759
175.582_88.8398_0.411649
176.041_89.0388_0.404759
176.5_89.2368_0.411649
176.959_89.4358_0.404759
177.418_89.6337_0.411649
177.876_89.8327_0.404759
178.335_90.0306_0.411649
178.794_90.2296_0.404759
179.253_90.4276_0.411649
179.712_90.6266_0.404759
180.171_90.8245_0.411649
180.63_91.0235_0.404759
181.089_91.2214_0.411649
181.547_91.4204_0.404759
182.006_91.6184_0.411649
182.465_91.8174_0.404759
182.924_92.0153_0.411649
183.383_92.2143_0.404759
183.842_92.4122_0.411649
184.3_92.6133_0.418538
184.757_92.8155_0.411649
185.216_93.0145_0.404759
185.675_93.2124_0.411649
186.133_93.4135_0.418538
186.59_93.6157_0.411649
187.048_93.8146_0.404759
187.508_94.0126_0.411649
187.965_94.2137_0.418538
188.423_94.4158_0.411649
188.881_94.6148_0.404759
189.34_94.8128_0.411649
189.798_95.0139_0.418538
190.255_95.216_0.411649
190.714_95.415_0.404759
191.173_95.6129_0.411649
191.631_95.814_0.418538
192.088_96.0162_0.411649
192.547_96.2152_0.404759
193.006_96.4131_0.411649
193.465_96.6026_0.349822
193.936_96.7706_0.32916
194.409_96.9333_0.33605
194.861_97.1132_0.465276
195.287_97.3499_0.594502
195.678_97.6395_0.723728
196.029_97.977_0.852954
196.333_98.357_0.98218
196.586_98.7731_1.11141
196.784_99.2182_1.24063
196.922_99.6851_1.36986
196.999_100.166_1.49908
197.013_100.653_1.62831
196.964_101.137_1.75754
196.86_101.622_1.833
196.723_102.101_1.88114
196.565_102.574_1.91555
196.393_103.043_1.93622
196.214_103.51_1.9431
196.031_103.975_1.94999
195.845_104.439_1.95688
195.657_104.903_1.94999
195.471_105.367_1.95688
195.282_105.829_1.96377
195.091_106.292_1.95688
194.904_106.755_1.94999
194.718_107.219_1.95688
194.529_107.682_1.96377
194.338_108.144_1.95688
194.145_108.604_1.9913
193.938_109.059_2.01196
193.73_109.513_1.97754
