configuration 46.843963623_148.978851318_-0.536406748472_0.843959596304_156.577575684_33.1800613403_0.186652677497_0.98242596565
length 201.327
time 38.6004
roughness 1.49909e-05
46.844_148.979_-1.13235
47.0552_148.526_-1.13924
47.2633_148.071_-1.14613
47.4682_147.615_-1.15302
47.67_147.158_-1.1599
47.8687_146.699_-1.16679
48.0662_146.24_-1.1599
48.2649_145.781_-1.16679
48.4625_145.322_-1.1599
48.6632_144.864_-1.15302
48.865_144.406_-1.1599
49.0637_143.947_-1.16679
49.2613_143.488_-1.1599
49.462_143.03_-1.15302
49.6638_142.573_-1.1599
49.8625_142.114_-1.16679
50.0601_141.655_-1.1599
50.2608_141.197_-1.15302
50.4626_140.739_-1.1599
50.6613_140.281_-1.16679
50.8589_139.821_-1.1599
51.0596_139.363_-1.15302
51.2614_138.906_-1.1599
51.4601_138.447_-1.16679
51.6577_137.988_-1.1599
51.8584_137.53_-1.15302
52.0602_137.073_-1.1599
52.2588_136.614_-1.16679
52.4564_136.155_-1.1599
52.6572_135.697_-1.15302
52.859_135.239_-1.1599
53.0576_134.78_-1.16679
53.2552_134.321_-1.1599
53.456_133.863_-1.15302
53.6578_133.406_-1.1599
53.8564_132.947_-1.16679
54.054_132.488_-1.1599
54.2548_132.03_-1.15302
54.4566_131.573_-1.1599
54.6552_131.114_-1.16679
54.8528_130.654_-1.1599
55.0536_130.197_-1.15302
55.2554_129.739_-1.1599
55.454_129.28_-1.16679
55.6516_128.821_-1.1599
55.8524_128.363_-1.15302
56.0542_127.906_-1.1599
56.2528_127.447_-1.16679
56.4504_126.988_-1.1599
56.6511_126.53_-1.15302
56.8529_126.072_-1.1599
57.0516_125.614_-1.16679
57.2492_125.154_-1.1599
57.4499_124.696_-1.15302
57.6517_124.239_-1.1599
57.8504_123.78_-1.16679
58.048_123.321_-1.1599
58.2487_122.863_-1.15302
58.4505_122.406_-1.1599
58.6492_121.947_-1.16679
58.8468_121.488_-1.1599
59.0475_121.03_-1.15302
59.2493_120.572_-1.1599
59.448_120.113_-1.16679
59.6456_119.654_-1.1599
59.8463_119.196_-1.15302
60.0481_118.739_-1.1599
60.2468_118.28_-1.16679
60.4443_117.821_-1.1599
60.6451_117.363_-1.15302
60.8469_116.905_-1.1599
61.0455_116.447_-1.16679
61.2431_115.987_-1.1599
61.4439_115.529_-1.15302
61.6457_115.072_-1.1599
61.8443_114.613_-1.16679
62.0419_114.154_-1.1599
62.2427_113.696_-1.15302
62.4445_113.239_-1.1599
62.6431_112.78_-1.16679
62.8407_112.321_-1.1599
63.0415_111.863_-1.15302
63.2433_111.405_-1.1599
63.4419_110.946_-1.16679
63.6395_110.487_-1.1599
63.8403_110.029_-1.15302
64.0421_109.572_-1.1599
64.2407_109.113_-1.16679
64.4383_108.654_-1.1599
64.6391_108.196_-1.15302
64.8409_107.739_-1.1599
65.0395_107.28_-1.16679
65.2371_106.82_-1.1599
65.4378_106.363_-1.15302
65.6396_105.905_-1.1599
65.8383_105.446_-1.16679
66.0359_104.987_-1.1599
66.2366_104.529_-1.15302
66.4384_104.072_-1.1599
66.6371_103.613_-1.16679
66.8347_103.154_-1.1599
67.0354_102.696_-1.15302
67.2372_102.238_-1.1599
67.4359_101.78_-1.16679
67.6335_101.32_-1.1599
67.8342_100.862_-1.15302
68.036_100.405_-1.1599
68.2347_99.9462_-1.16679
68.4323_99.4869_-1.1599
68.633_99.029_-1.15302
68.8348_98.5716_-1.1599
69.0335_98.1128_-1.16679
69.231_97.6535_-1.1599
69.4318_97.1956_-1.15302
69.6336_96.7382_-1.1599
69.8322_96.2794_-1.16679
70.0298_95.8202_-1.1599
70.2306_95.3623_-1.15302
70.4324_94.9048_-1.1599
70.631_94.446_-1.16679
70.8286_93.9868_-1.1599
71.0294_93.5289_-1.15302
71.2312_93.0715_-1.1599
71.4298_92.6126_-1.16679
71.6274_92.1534_-1.1599
71.8282_91.6955_-1.15302
72.03_91.2381_-1.1599
72.2286_90.7793_-1.16679
72.4262_90.32_-1.1599
72.627_89.8621_-1.15302
72.8288_89.4047_-1.1599
73.0274_88.9459_-1.16679
73.225_88.4866_-1.1599
73.4258_88.0287_-1.15302
73.6276_87.5713_-1.1599
73.8262_87.1125_-1.16679
74.0238_86.6532_-1.1599
74.2245_86.1953_-1.15302
74.4263_85.7379_-1.1599
74.625_85.2791_-1.16679
74.8226_84.8199_-1.1599
75.0233_84.362_-1.15302
75.2251_83.9045_-1.1599
75.4238_83.4457_-1.16679
75.6214_82.9865_-1.1599
75.8221_82.5286_-1.15302
76.0239_82.0712_-1.1599
76.2226_81.6123_-1.16679
76.4202_81.1531_-1.1599
76.6209_80.6952_-1.15302
76.8227_80.2378_-1.1599
77.0214_79.779_-1.16679
77.219_79.3197_-1.1599
77.4197_78.8618_-1.15302
77.6215_78.4044_-1.1599
77.8202_77.9456_-1.16679
78.0177_77.4863_-1.1599
78.2185_77.0284_-1.15302
78.4203_76.571_-1.1599
78.6189_76.1122_-1.16679
78.8165_75.6529_-1.1599
79.0173_75.195_-1.15302
79.2191_74.7376_-1.1599
79.4177_74.2788_-1.16679
79.6153_73.8196_-1.1599
79.8161_73.3617_-1.15302
80.0179_72.9042_-1.1599
80.2165_72.4454_-1.16679
80.4141_71.9862_-1.1599
80.6149_71.5283_-1.15302
80.8167_71.0709_-1.1599
81.0153_70.6121_-1.16679
81.2129_70.1528_-1.1599
81.4137_69.6949_-1.15302
81.6155_69.2375_-1.1599
81.8141_68.7787_-1.16679
82.0117_68.3194_-1.1599
82.2125_67.8615_-1.15302
82.4143_67.4041_-1.1599
82.6129_66.9453_-1.16679
82.8105_66.486_-1.1599
83.0112_66.0281_-1.15302
83.213_65.5707_-1.1599
83.4117_65.1119_-1.16679
83.6093_64.6526_-1.1599
83.81_64.1948_-1.15302
84.0118_63.7373_-1.1599
84.2105_63.2785_-1.16679
84.4081_62.8193_-1.1599
84.6088_62.3614_-1.15302
84.8106_61.9039_-1.1599
85.0093_61.4451_-1.16679
85.2069_60.9859_-1.1599
85.4076_60.528_-1.15302
85.6094_60.0706_-1.1599
85.8081_59.6118_-1.16679
86.0057_59.1525_-1.1599
86.2064_58.6946_-1.15302
86.4082_58.2372_-1.1599
86.6069_57.7784_-1.16679
86.8044_57.3191_-1.1599
87.0052_56.8612_-1.15302
87.207_56.4038_-1.1599
87.4056_55.945_-1.16679
87.6032_55.4857_-1.1599
87.804_55.0278_-1.15302
88.0058_54.5704_-1.1599
88.2044_54.1116_-1.16679
88.402_53.6523_-1.1599
88.6048_53.1956_-1.13924
88.8149_52.742_-1.13235
89.0261_52.2888_-1.13924
89.2484_51.8556_-1.01002
89.5245_51.4546_-0.88079
89.8501_51.0926_-0.751564
90.2196_50.7755_-0.622338
90.6269_50.5087_-0.493112
91.0652_50.2966_-0.363886
91.5271_50.1428_-0.23466
92.005_50.0497_-0.105434
92.4909_50.0191_0.0237926
92.9768_50.0513_0.153019
93.4573_50.1443_0.268939
93.9337_50.2862_0.330766
94.4038_50.4536_0.365183
94.8693_50.6353_0.385844
95.3309_50.8265_0.406506
95.7897_51.0253_0.413395
96.2471_51.2272_0.420285
96.7031_51.4322_0.427174
97.1586_51.6383_0.420285
97.6146_51.8433_0.427174
98.0701_52.0494_0.420285
98.5261_52.2545_0.427174
98.9816_52.4606_0.420285
99.4376_52.6656_0.427174
99.8931_52.8717_0.420285
100.349_53.0767_0.427174
100.805_53.2828_0.420285
101.261_53.4879_0.427174
101.716_53.694_0.420285
102.172_53.899_0.427174
102.628_54.1051_0.420285
103.084_54.3101_0.427174
103.539_54.5162_0.420285
103.995_54.7213_0.427174
104.451_54.9274_0.420285
104.907_55.1324_0.427174
105.362_55.3385_0.420285
105.818_55.5435_0.427174
106.274_55.7496_0.420285
106.73_55.9547_0.427174
107.185_56.1608_0.420285
107.641_56.3658_0.427174
108.097_56.5719_0.420285
108.553_56.7769_0.427174
109.008_56.983_0.420285
109.464_57.1881_0.427174
109.92_57.3941_0.420285
110.375_57.5992_0.427174
110.831_57.8053_0.420285
111.287_58.0103_0.427174
111.742_58.2164_0.420285
112.198_58.4215_0.427174
112.654_58.6275_0.420285
113.11_58.8326_0.427174
113.565_59.0387_0.420285
114.021_59.2437_0.427174
114.477_59.4498_0.420285
114.933_59.6549_0.427174
115.388_59.8609_0.420285
115.844_60.066_0.427174
116.3_60.2721_0.420285
116.756_60.4771_0.427174
117.211_60.6832_0.420285
117.667_60.8882_0.427174
118.123_61.0943_0.420285
118.579_61.2994_0.427174
119.034_61.5055_0.420285
119.49_61.7105_0.427174
119.946_61.9166_0.420285
120.402_62.1216_0.427174
120.857_62.3277_0.420285
121.313_62.5328_0.427174
121.769_62.7389_0.420285
122.225_62.9439_0.427174
122.681_63.1405_0.365347
123.15_63.3135_0.330931
123.618_63.4829_0.379073
124.078_63.6437_0.249847
124.554_63.744_0.120621
125.04_63.782_-0.00860561
125.526_63.7572_-0.137832
126.005_63.6699_-0.267058
126.469_63.5217_-0.396284
126.909_63.3149_-0.52551
127.32_63.053_-0.654736
127.693_62.7404_-0.783962
128.023_62.3823_-0.913188
128.307_61.9838_-1.02911
128.555_61.5527_-1.09094
128.78_61.1074_-1.12535
128.992_60.655_-1.14601
129.197_60.199_-1.1529
129.399_59.7416_-1.15979
129.598_59.2828_-1.16668
129.793_58.8227_-1.17357
129.986_58.3612_-1.18046
130.177_57.8993_-1.17357
130.369_57.4378_-1.18046
130.561_56.9759_-1.17357
130.755_56.5153_-1.16668
130.951_56.0551_-1.17357
131.143_55.5937_-1.18046
131.334_55.1317_-1.17357
131.529_54.6712_-1.16668
131.724_54.211_-1.17357
131.917_53.7495_-1.18046
132.108_53.2876_-1.17357
132.302_52.827_-1.16668
132.498_52.3669_-1.17357
132.69_51.9054_-1.18046
132.882_51.4435_-1.17357
133.076_50.9829_-1.16668
133.272_50.5228_-1.17357
133.464_50.0613_-1.18046
133.655_49.5994_-1.17357
133.85_49.1388_-1.16668
134.045_48.6786_-1.17357
134.238_48.2172_-1.18046
134.429_47.7552_-1.17357
134.623_47.2946_-1.16668
134.819_46.8345_-1.17357
135.011_46.373_-1.18046
135.202_45.9111_-1.17357
135.397_45.4505_-1.16668
135.592_44.9904_-1.17357
135.785_44.5289_-1.18046
135.976_44.067_-1.17357
136.171_43.6064_-1.16668
136.366_43.1462_-1.17357
136.559_42.6848_-1.18046
136.75_42.2228_-1.17357
136.944_41.7623_-1.16668
137.14_41.3021_-1.17357
137.332_40.8406_-1.18046
137.523_40.3787_-1.17357
137.718_39.9181_-1.16668
137.913_39.458_-1.17357
138.106_38.9965_-1.18046
138.297_38.5346_-1.17357
138.492_38.074_-1.16668
138.687_37.6139_-1.17357
138.879_37.1524_-1.18046
139.071_36.6905_-1.17357
139.265_36.2299_-1.16668
139.461_35.7697_-1.17357
139.653_35.3083_-1.18046
139.844_34.8463_-1.17357
140.039_34.3857_-1.16668
140.234_33.9256_-1.17357
140.427_33.4641_-1.18046
140.618_33.0022_-1.17357
140.813_32.5416_-1.16668
141.008_32.0815_-1.17357
141.2_31.62_-1.18046
141.392_31.1581_-1.17357
141.586_30.6975_-1.16668
141.782_30.2373_-1.17357
141.974_29.7759_-1.18046
142.178_29.3339_-1.05123
142.438_28.9218_-0.922008
142.748_28.5434_-0.806087
143.1_28.2066_-0.676861
143.492_27.918_-0.547635
143.918_27.6824_-0.418409
144.371_27.5036_-0.289183
144.843_27.3846_-0.159957
145.327_27.3275_-0.0307305
145.813_27.3332_0.0984956
146.295_27.4016_0.227722
146.765_27.5315_0.356948
147.225_27.7162_0.432406
147.674_27.9322_0.480548
148.115_28.1662_0.50121
148.552_28.4093_0.521872
148.984_28.6596_0.528761
149.416_28.9128_0.53565
149.845_29.1689_0.542539
150.274_29.4261_0.53565
150.703_29.6823_0.542539
151.132_29.9394_0.53565
151.561_30.1956_0.542539
151.99_30.4527_0.53565
152.419_30.7089_0.542539
152.848_30.9661_0.53565
153.277_31.2222_0.542539
153.706_31.4794_0.53565
154.137_31.7336_0.528761
154.568_31.9868_0.53565
154.997_32.2429_0.542539
155.428_32.4908_0.480713
155.873_32.7165_0.446296
156.325_32.9312_0.439407
