configuration 176.556686401_134.7056427_-0.977472527886_0.211062685542_59.5791053772_36.8438796997_0.982426073578_-0.18665210943
length 183.679
time 4.80797
roughness 1.12184e-05
176.557_134.706_-2.71627
176.102_134.498_-2.70938
175.647_134.29_-2.71627
175.192_134.083_-2.70938
174.738_133.874_-2.71627
174.283_133.667_-2.70938
173.828_133.458_-2.71627
173.374_133.251_-2.70938
172.919_133.043_-2.71627
172.464_132.835_-2.70938
172.01_132.627_-2.71627
171.555_132.42_-2.70938
171.1_132.211_-2.71627
170.645_132.004_-2.70938
170.191_131.796_-2.71627
169.736_131.588_-2.70938
169.281_131.38_-2.71627
168.826_131.173_-2.70938
168.372_130.964_-2.71627
167.917_130.757_-2.70938
167.463_130.548_-2.71627
167.008_130.341_-2.70938
166.553_130.133_-2.71627
166.098_129.925_-2.70938
165.644_129.717_-2.71627
165.189_129.51_-2.70938
164.734_129.301_-2.71627
164.279_129.094_-2.70938
163.825_128.886_-2.71627
163.37_128.678_-2.70938
162.916_128.47_-2.71627
162.461_128.262_-2.70938
162.006_128.054_-2.71627
161.551_127.847_-2.70938
161.097_127.638_-2.71627
160.642_127.431_-2.70938
160.187_127.223_-2.71627
159.732_127.015_-2.70938
159.278_126.807_-2.71627
158.823_126.6_-2.70938
158.368_126.391_-2.71627
157.914_126.184_-2.70938
157.459_125.976_-2.71627
157.004_125.768_-2.70938
156.55_125.56_-2.71627
156.095_125.352_-2.70938
155.64_125.144_-2.71627
155.185_124.937_-2.70938
154.731_124.728_-2.71627
154.276_124.521_-2.70938
153.821_124.313_-2.71627
153.366_124.105_-2.70938
152.912_123.897_-2.71627
152.457_123.69_-2.70938
152.003_123.481_-2.71627
151.548_123.274_-2.70938
151.093_123.065_-2.71627
150.638_122.858_-2.70938
150.184_122.65_-2.71627
149.729_122.442_-2.70938
149.274_122.234_-2.71627
148.819_122.027_-2.70938
148.365_121.818_-2.71627
147.91_121.611_-2.70938
147.456_121.403_-2.71627
147.001_121.195_-2.70938
146.546_120.987_-2.71627
146.091_120.78_-2.70938
145.637_120.571_-2.71627
145.182_120.364_-2.70938
144.727_120.155_-2.71627
144.272_119.948_-2.70938
143.818_119.74_-2.71627
143.363_119.532_-2.70938
142.908_119.324_-2.71627
142.454_119.117_-2.70938
141.999_118.908_-2.71627
141.544_118.701_-2.70938
141.09_118.493_-2.71627
140.635_118.285_-2.70938
140.18_118.077_-2.71627
139.725_117.869_-2.70938
139.271_117.661_-2.71627
138.816_117.454_-2.70938
138.361_117.245_-2.71627
137.906_117.038_-2.70938
137.452_116.83_-2.71627
136.997_116.622_-2.70938
136.543_116.414_-2.71627
136.088_116.207_-2.70938
135.633_115.998_-2.71627
135.178_115.791_-2.70938
134.724_115.583_-2.71627
134.269_115.375_-2.70938
133.814_115.167_-2.71627
133.359_114.959_-2.70938
132.905_114.751_-2.71627
132.45_114.544_-2.70938
131.996_114.335_-2.71627
131.541_114.128_-2.70938
131.086_113.92_-2.71627
130.631_113.712_-2.70938
130.177_113.504_-2.71627
129.722_113.297_-2.70938
129.267_113.088_-2.71627
128.812_112.881_-2.70938
128.358_112.672_-2.71627
127.903_112.465_-2.70938
127.448_112.257_-2.71627
126.994_112.049_-2.70938
126.539_111.841_-2.71627
126.084_111.634_-2.70938
125.631_111.423_-2.70249
125.178_111.212_-2.70938
124.723_111.003_-2.71627
124.268_110.796_-2.70938
123.815_110.586_-2.70249
123.362_110.374_-2.70938
122.907_110.166_-2.71627
122.452_109.958_-2.70938
121.999_109.748_-2.70249
121.546_109.536_-2.70938
121.091_109.328_-2.71627
120.636_109.121_-2.70938
120.183_108.91_-2.70249
119.73_108.699_-2.70938
119.275_108.49_-2.71627
118.82_108.283_-2.70938
118.367_108.072_-2.70249
117.914_107.861_-2.70938
117.459_107.653_-2.71627
117.004_107.445_-2.70938
116.551_107.235_-2.70249
116.098_107.023_-2.70938
115.643_106.815_-2.71627
115.189_106.608_-2.70938
114.735_106.397_-2.70249
114.282_106.186_-2.70938
113.828_105.977_-2.71627
113.373_105.77_-2.70938
112.919_105.559_-2.70249
112.466_105.348_-2.70938
112.012_105.139_-2.71627
111.555_104.939_-2.75069
111.091_104.752_-2.77135
110.625_104.572_-2.77824
110.177_104.38_-2.64901
109.759_104.131_-2.51978
109.375_103.831_-2.39056
109.034_103.484_-2.26133
108.74_103.096_-2.13211
108.498_102.673_-2.00288
108.313_102.223_-1.87365
108.188_101.752_-1.74443
108.124_101.27_-1.6152
108.123_100.783_-1.48598
108.183_100.297_-1.37005
108.294_99.8139_-1.2946
108.436_99.3354_-1.26018
108.592_98.8607_-1.23952
108.758_98.3893_-1.21886
108.931_97.9204_-1.21197
109.108_97.4527_-1.20508
109.285_96.9854_-1.21197
109.462_96.5176_-1.20508
109.64_96.0503_-1.21197
109.816_95.5826_-1.20508
109.994_95.1153_-1.21197
110.171_94.6476_-1.20508
110.349_94.1803_-1.21197
110.525_93.7126_-1.20508
110.703_93.2453_-1.21197
110.88_92.7775_-1.20508
111.057_92.3102_-1.21197
111.234_91.8425_-1.20508
111.412_91.3752_-1.21197
111.588_90.9075_-1.20508
111.766_90.4402_-1.21197
111.943_89.9725_-1.20508
112.12_89.5052_-1.21197
112.297_89.0374_-1.20508
112.475_88.5701_-1.21197
112.651_88.1024_-1.20508
112.829_87.6351_-1.21197
113.006_87.1674_-1.20508
113.186_86.7009_-1.19819
113.367_86.2348_-1.20508
113.544_85.7675_-1.21197
113.721_85.2998_-1.20508
113.901_84.8333_-1.19819
114.082_84.3673_-1.20508
114.26_83.8999_-1.21197
114.436_83.4322_-1.20508
114.616_82.9657_-1.19819
114.797_82.4997_-1.20508
114.975_82.0324_-1.21197
115.151_81.5646_-1.20508
115.331_81.0982_-1.19819
115.512_80.6321_-1.20508
115.69_80.1648_-1.21197
115.867_79.6971_-1.20508
116.046_79.2306_-1.19819
116.227_78.7645_-1.20508
116.405_78.2972_-1.21197
116.582_77.8295_-1.20508
116.762_77.363_-1.19819
116.943_76.8969_-1.20508
117.12_76.4296_-1.21197
117.297_75.9619_-1.20508
117.477_75.4954_-1.19819
117.658_75.0293_-1.20508
117.835_74.562_-1.21197
118.012_74.0943_-1.20508
118.192_73.6278_-1.19819
118.373_73.1617_-1.20508
118.551_72.6944_-1.21197
118.727_72.2267_-1.20508
118.907_71.7602_-1.19819
119.088_71.2942_-1.20508
119.266_70.8268_-1.21197
119.442_70.3591_-1.20508
119.622_69.8926_-1.19819
119.803_69.4266_-1.20508
119.981_68.9593_-1.21197
120.158_68.4915_-1.20508
120.338_68.0251_-1.19819
120.518_67.559_-1.20508
120.679_67.094_-1.30759
120.801_66.611_-1.35574
120.906_66.1223_-1.36263
120.987_65.6421_-1.49185
121.004_65.1555_-1.62108
120.959_64.6707_-1.7503
120.852_64.1957_-1.87953
120.685_63.7386_-2.00876
120.46_63.3068_-2.13798
120.181_62.9076_-2.26721
119.853_62.5476_-2.39643
119.641_62.3615_-2.47125
119.246_62.0723_-2.58717
118.818_61.822_-2.66263
118.373_61.5971_-2.69705
117.92_61.3853_-2.71771
117.464_61.1807_-2.7246
117.007_60.9793_-2.73149
116.548_60.781_-2.73837
116.087_60.5859_-2.74526
115.627_60.3918_-2.73837
115.166_60.1967_-2.74526
114.705_60.0026_-2.73837
114.245_59.8075_-2.74526
113.784_59.6135_-2.73837
113.324_59.4183_-2.74526
112.863_59.2243_-2.73837
112.403_59.0292_-2.74526
111.942_58.8351_-2.73837
111.482_58.64_-2.74526
111.021_58.4459_-2.73837
110.561_58.2508_-2.74526
110.1_58.0567_-2.73837
109.64_57.8616_-2.74526
109.179_57.6676_-2.73837
108.719_57.4724_-2.74526
108.258_57.2784_-2.73837
107.798_57.0833_-2.74526
107.337_56.8892_-2.73837
106.877_56.6941_-2.74526
106.416_56.5_-2.73837
105.955_56.3049_-2.74526
105.495_56.1108_-2.73837
105.034_55.9157_-2.74526
104.574_55.7217_-2.73837
104.113_55.5265_-2.74526
103.653_55.3325_-2.73837
103.192_55.1374_-2.74526
102.731_54.9433_-2.73837
102.271_54.7482_-2.74526
101.81_54.5541_-2.73837
101.35_54.359_-2.74526
100.889_54.1649_-2.73837
100.429_53.9698_-2.74526
99.9682_53.7757_-2.73837
99.5079_53.5806_-2.74526
99.0471_53.3866_-2.73837
98.5868_53.1914_-2.74526
98.126_52.9974_-2.73837
97.6657_52.8023_-2.74526
97.205_52.6082_-2.73837
96.7446_52.4131_-2.74526
96.2839_52.219_-2.73837
95.8236_52.0239_-2.74526
95.3628_51.8298_-2.73837
94.9025_51.6347_-2.74526
94.4417_51.4407_-2.73837
93.9814_51.2455_-2.74526
93.5206_51.0515_-2.73837
93.0603_50.8564_-2.74526
92.5995_50.6623_-2.73837
92.1392_50.4672_-2.74526
91.6776_50.2752_-2.75215
91.2155_50.0844_-2.74526
90.7547_49.8903_-2.73837
90.2944_49.6952_-2.74526
89.8328_49.5032_-2.75215
89.3707_49.3124_-2.74526
88.9099_49.1183_-2.73837
88.4496_48.9232_-2.74526
87.9879_48.7312_-2.75215
87.5258_48.5403_-2.74526
87.0651_48.3463_-2.73837
86.6048_48.1512_-2.74526
86.1431_47.9592_-2.75215
85.681_47.7683_-2.74526
85.2203_47.5743_-2.73837
84.7599_47.3792_-2.74526
84.2983_47.1872_-2.75215
83.8362_46.9963_-2.74526
83.3754_46.8023_-2.73837
82.9151_46.6072_-2.74526
82.4535_46.4152_-2.75215
81.9914_46.2243_-2.74526
81.5306_46.0303_-2.73837
81.0703_45.8351_-2.74526
80.6086_45.6432_-2.75215
80.1466_45.4523_-2.74526
79.6858_45.2583_-2.73837
79.2255_45.0631_-2.74526
78.7638_44.8712_-2.75215
78.3017_44.6803_-2.74526
77.841_44.4862_-2.73837
77.3807_44.2911_-2.74526
76.919_44.0992_-2.75215
76.4569_43.9083_-2.74526
75.9962_43.7142_-2.73837
75.5358_43.5191_-2.74526
75.0742_43.3272_-2.75215
74.6121_43.1363_-2.74526
74.1513_42.9422_-2.73837
73.691_42.7471_-2.74526
73.2294_42.5552_-2.75215
72.7673_42.3643_-2.74526
72.3065_42.1702_-2.73837
71.8462_41.9751_-2.74526
71.3845_41.7832_-2.75215
70.9225_41.5923_-2.74526
70.4617_41.3982_-2.73837
70.0014_41.2031_-2.74526
69.5397_41.0112_-2.75215
69.0776_40.8203_-2.74526
68.6169_40.6262_-2.73837
68.1565_40.4311_-2.74526
67.6949_40.2392_-2.75215
67.2328_40.0483_-2.74526
66.772_39.8542_-2.73837
66.3117_39.6591_-2.74526
65.8501_39.4671_-2.75215
65.388_39.2763_-2.74526
64.9272_39.0822_-2.73837
64.4669_38.8871_-2.74526
64.0053_38.6951_-2.75215
63.5432_38.5043_-2.74526
63.0824_38.3102_-2.73837
62.6221_38.1151_-2.74526
62.1604_37.9231_-2.75215
61.6983_37.7322_-2.74526
61.2376_37.5382_-2.73837
60.7773_37.3431_-2.74526
60.3156_37.1511_-2.75215
59.8527_36.9624_-2.75904
