configuration 161.70602417_-18.2518405914_0.169978369946_0.985447793519_193.750076294_109.599342346_0.85380148664_0.520598714377
length 244.966
time 56.8805
roughness 8.38129e-05
161.706_-18.2518_0.341615
162.157_-18.0694_0.470842
162.582_-17.8304_0.600068
162.971_-17.5386_0.729294
163.32_-17.1991_0.85852
163.623_-16.8174_0.987746
163.908_-16.4227_0.85852
164.241_-16.068_0.729294
164.618_-15.7593_0.600068
165.031_-15.5016_0.470842
165.45_-15.309_0.348417
165.92_-15.1372_0.355306
166.388_-14.9622_0.362195
166.855_-14.784_0.369084
167.322_-14.6047_0.362195
167.789_-14.4265_0.369084
168.235_-14.2317_0.498311
168.653_-13.9811_0.627537
169.034_-13.6788_0.756763
169.374_-13.3298_0.885989
169.665_-12.94_1.01522
169.94_-12.5376_0.885989
170.263_-12.1739_0.756763
170.631_-11.8549_0.627537
171.037_-11.586_0.498311
171.474_-11.3716_0.369084
171.942_-11.1969_0.334668
172.415_-11.036_0.314006
172.891_-10.885_0.293344
173.37_-10.7415_0.286455
173.85_-10.6013_0.279566
174.312_-10.4473_0.408792
174.75_-10.235_0.538018
175.157_-9.96796_0.667244
175.526_-9.65073_0.79647
175.852_-9.28854_0.925696
176.161_-8.91225_0.79647
176.516_-8.57891_0.667244
176.911_-8.29409_0.538018
177.339_-8.06254_0.408792
177.793_-7.8881_0.279566
178.272_-7.7449_0.313983
178.746_-7.58731_0.334644
179.218_-7.42202_0.341533
179.688_-7.25349_0.348423
180.159_-7.08387_0.341533
180.628_-6.91328_0.362195
181.094_-6.73302_0.382857
181.558_-6.54518_0.389746
182.02_-6.35416_0.396635
182.48_-6.15995_0.403525
182.936_-5.98792_0.274299
183.413_-5.87079_0.171782
183.905_-5.79591_0.109955
184.401_-5.74683_0.0755386
184.9_-5.71255_0.0548768
185.385_-5.66527_0.184103
185.859_-5.55593_0.313329
186.315_-5.38636_0.442555
186.746_-5.15939_0.571781
187.144_-4.87881_0.701007
187.529_-4.58082_0.571781
187.949_-4.33494_0.442555
188.398_-4.14526_0.313329
188.872_-4.00695_0.224304
189.359_-3.90393_0.176161
189.835_-3.79836_0.305388
190.292_-3.63242_0.434614
190.725_-3.40888_0.56384
191.125_-3.13146_0.693066
191.486_-2.8048_0.822292
191.832_-2.46241_0.693066
192.22_-2.16749_0.56384
192.644_-1.91887_0.461323
193.093_-1.7068_0.399497
193.555_-1.51797_0.36508
194.002_-1.32502_0.494306
194.421_-1.07607_0.623532
194.804_-0.775275_0.752758
195.145_-0.427651_0.881984
195.438_-0.0389931_1.01121
195.679_0.384217_1.14044
195.863_0.834921_1.26966
195.987_1.3056_1.39889
196.05_1.78842_1.52811
196.051_2.27531_1.65734
195.993_2.76582_1.74637
195.898_3.25491_1.79451
195.782_3.74026_1.82893
195.653_4.22336_1.83581
195.521_4.70557_1.8427
195.373_5.17456_1.94522
195.184_5.63527_1.99336
194.974_6.08808_2.02778
194.75_6.53495_2.04844
194.519_6.97843_2.05533
194.284_7.41897_2.07599
194.041_7.85592_2.08288
193.795_8.29119_2.08977
193.546_8.72475_2.09666
193.294_9.15659_2.10355
193.039_9.58668_2.11044
192.781_10.015_2.11733
192.522_10.4427_2.11044
192.264_10.8711_2.11733
192.005_11.2988_2.11044
191.773_11.7267_1.98121
191.592_12.1841_1.8787
191.451_12.6607_1.81687
191.335_13.1461_1.78245
191.234_13.6354_1.76179
191.121_14.109_1.89102
190.953_14.5754_1.96647
190.754_15.032_2.01462
190.535_15.4802_2.04903
190.302_15.9222_2.0697
190.07_16.3635_2.02155
189.856_16.8147_2.00089
189.648_17.2696_1.994
189.444_17.7259_1.98711
189.243_18.1837_1.98022
189.033_18.6307_2.06925
188.787_19.0623_2.13108
188.516_19.482_2.16549
188.234_19.8939_2.18615
187.944_20.3015_2.19304
187.658_20.7104_2.15863
187.384_21.1281_2.13796
187.116_21.5504_2.13108
186.851_21.9745_2.12419
186.59_22.4005_2.1173
186.354_22.8268_1.98807
186.176_23.2799_1.85884
186.058_23.7521_1.72962
186.001_24.2357_1.60039
186.007_24.7226_1.47117
186.037_25.2111_1.58709
186.019_25.7078_1.64891
185.974_26.2049_1.68333
185.915_26.701_1.70399
185.847_27.1964_1.71088
185.759_27.6752_1.84011
185.614_28.1472_1.92913
185.43_28.609_1.99096
185.221_29.0623_2.02538
184.999_29.5097_2.04604
184.758_29.9328_2.17526
184.464_30.3213_2.30449
184.123_30.6721_2.42041
183.743_30.9925_2.48224
183.345_31.2937_2.51665
182.962_31.5951_2.38743
182.622_31.9432_2.2582
182.329_32.3322_2.12898
182.089_32.7558_1.99975
181.906_33.2068_1.87052
181.753_33.6819_1.90494
181.586_34.1528_1.9256
181.409_34.6201_1.94626
181.224_35.0848_1.95315
181.037_35.5482_1.96004
180.871_36.0061_1.83082
180.766_36.4815_1.70159
180.723_36.9665_1.57236
180.735_37.462_1.49691
180.78_37.9582_1.44876
180.818_38.4435_1.57799
180.794_38.9298_1.70722
180.708_39.4089_1.83644
180.56_39.8729_1.96567
180.354_40.314_2.09489
180.093_40.7248_2.22412
179.78_41.0986_2.35335
179.422_41.4322_2.46927
179.027_41.7338_2.53109
178.615_42.0152_2.56551
178.218_42.2975_2.43628
177.861_42.6285_2.30706
177.55_43.0028_2.17783
177.28_43.4166_2.08881
177.057_43.8494_1.95958
176.892_44.3074_1.83035
176.787_44.7828_1.70113
176.705_45.2654_1.81705
176.574_45.7448_1.87888
176.417_46.2187_1.91329
176.246_46.6881_1.93395
176.068_47.1551_1.94084
175.897_47.6221_1.87902
175.751_48.0993_1.8446
175.62_48.5813_1.82394
175.498_49.0659_1.80328
175.384_49.5527_1.79639
175.271_50.0397_1.80328
175.154_50.526_1.81017
175.037_51.012_1.80328
174.921_51.4982_1.81017
174.803_51.9842_1.80328
174.711_52.4623_1.67405
174.675_52.9548_1.58502
174.676_53.453_1.53688
174.698_53.9516_1.50247
174.734_54.4503_1.49558
174.75_54.9369_1.6248
174.703_55.4215_1.75403
174.594_55.8961_1.88326
174.425_56.3526_2.01248
174.198_56.7836_2.14171
173.918_57.1818_2.27093
173.62_57.5671_2.14171
173.375_57.9875_2.01248
173.185_58.4361_1.88326
173.056_58.9054_1.75403
172.987_59.3874_1.6248
172.94_59.8721_1.75403
172.831_60.3466_1.88326
172.662_60.8032_2.01248
172.436_61.2341_2.14171
172.155_61.6323_2.27093
171.826_61.991_2.40016
171.453_62.3075_2.51608
171.044_62.5876_2.59154
170.616_62.8436_2.62596
170.179_63.087_2.64662
169.761_63.3362_2.51739
169.378_63.6372_2.38816
169.038_63.9851_2.25894
168.745_64.3739_2.12971
168.504_64.7973_2.00049
168.32_65.2481_1.87126
168.196_65.7189_1.74203
168.133_66.2018_1.61281
168.134_66.6886_1.48358
168.196_67.1715_1.35436
168.281_67.651_1.48358
168.303_68.1374_1.61281
168.262_68.6225_1.74203
168.158_69.0984_1.87126
167.995_69.5569_2.00049
167.811_70.0077_1.87126
167.686_70.4785_1.74203
167.614_70.9688_1.66658
167.575_71.4654_1.61843
167.554_71.9647_1.59777
167.52_72.4504_1.727
167.424_72.9277_1.85622
167.268_73.3887_1.98545
167.053_73.8256_2.11468
166.783_74.2312_2.2439
166.464_74.6051_2.34642
166.11_74.9552_2.39456
165.739_75.2901_2.42898
165.359_75.6142_2.44964
164.973_75.9323_2.45653
164.583_76.2413_2.50467
164.179_76.5357_2.52533
163.769_76.8217_2.54599
163.355_77.1012_2.55288
162.938_77.3779_2.55977
162.543_77.6624_2.43055
162.188_77.9956_2.30132
161.879_78.3716_2.17209
161.621_78.7844_2.04287
161.418_79.2271_1.91364
161.235_79.6783_2.04287
160.995_80.1021_2.17209
160.703_80.4916_2.30132
160.363_80.8523_2.37678
159.999_81.1938_2.4112
159.651_81.5337_2.28197
159.349_81.9157_2.15274
159.099_82.3334_2.02352
158.904_82.7799_1.89429
158.769_83.2476_1.76507
158.696_83.7289_1.63584
158.685_84.2157_1.50661
158.736_84.6998_1.37739
158.85_85.1732_1.24816
159.024_85.6281_1.11893
159.218_86.0747_1.24816
159.352_86.5426_1.37739
159.426_87.0239_1.50661
159.436_87.5107_1.63584
159.384_87.9948_1.76507
159.27_88.4681_1.89429
159.096_88.9228_2.02352
158.864_89.3512_2.15274
158.58_89.7462_2.28197
158.247_90.1013_2.4112
157.881_90.4396_2.36305
157.53_90.7941_2.32864
157.187_91.158_2.32175
156.846_91.5243_2.31486
156.509_91.8929_2.30797
156.197_92.2669_2.17874
155.936_92.678_2.04952
155.73_93.1193_1.92029
155.583_93.5834_1.79106
155.494_94.0648_1.67514
155.423_94.5465_1.80437
155.291_95.0149_1.9336
155.103_95.4737_2.00905
154.885_95.9214_2.0572
154.648_96.3615_2.07786
154.43_96.7967_1.94863
154.27_97.2565_1.81941
154.17_97.7331_1.69018
154.132_98.2185_1.56095
154.158_98.7047_1.43173
154.214_99.1971_1.50719
154.238_99.6947_1.55533
154.242_100.194_1.57599
154.236_100.694_1.59665
154.222_101.194_1.60354
154.186_101.679_1.73277
154.087_102.156_1.86199
153.927_102.616_1.99122
153.863_102.756_2.03203
153.84_102.802_2.04563
153.599_103.225_2.17486
153.306_103.613_2.30408
152.964_103.97_2.39311
152.594_104.304_2.44125
152.209_104.621_2.47567
151.839_104.938_2.34644
151.513_105.299_2.21721
151.236_105.7_2.08799
151.014_106.133_1.95876
150.849_106.591_1.82954
150.705_107.056_1.95876
150.501_107.499_2.08799
150.243_107.911_2.21721
149.934_108.287_2.34644
149.578_108.62_2.47567
149.183_108.904_2.60489
148.817_109.141_2.48927
148.443_109.453_2.36004
148.112_109.81_2.23082
147.83_110.207_2.10159
147.602_110.637_1.97236
147.481_110.947_1.88395
147.326_111.423_1.89084
147.167_111.897_1.89773
147.006_112.37_1.90461
146.841_112.842_1.9115
146.675_113.314_1.90461
146.535_113.78_1.77539
146.456_114.261_1.64616
146.44_114.747_1.51694
146.487_115.232_1.38771
146.596_115.706_1.25848
146.726_116.176_1.38771
146.794_116.658_1.51694
146.799_117.145_1.64616
146.742_117.628_1.77539
146.623_118.1_1.90461
146.483_118.567_1.77539
146.405_119.047_1.64616
146.389_119.534_1.51694
146.435_120.018_1.38771
146.544_120.493_1.25848
146.713_120.949_1.12926
146.94_121.38_1.00003
147.22_121.779_0.870806
147.549_122.137_0.74158
147.922_122.451_0.612353
148.333_122.717_0.496433
148.775_122.944_0.434606
149.23_123.149_0.400189
149.691_123.341_0.379528
150.157_123.523_0.358866
150.62_123.705_0.407008
151.078_123.906_0.42767
151.531_124.116_0.448332
151.981_124.334_0.455221
152.43_124.555_0.46211
152.874_124.753_0.332884
153.341_124.893_0.203658
153.823_124.974_0.087737
154.319_125.007_0.0259105
154.818_125.014_-0.00850615
155.305_125.031_0.12072
155.785_125.11_0.249946
156.252_125.25_0.379172
156.696_125.449_0.508398
157.111_125.704_0.637624
157.514_125.977_0.508398
157.949_126.196_0.379172
158.408_126.357_0.249946
158.885_126.457_0.12072
159.37_126.495_-0.00850615
159.857_126.512_0.12072
160.337_126.591_0.249946
160.804_126.731_0.379172
161.248_126.93_0.508398
161.663_127.185_0.637624
162.066_127.458_0.508398
162.501_127.677_0.379172
162.96_127.838_0.249946
163.437_127.938_0.12072
163.922_127.976_-0.00850615
164.409_127.993_0.12072
164.889_128.072_0.249946
165.356_128.212_0.379172
165.8_128.411_0.508398
166.215_128.666_0.637624
166.618_128.939_0.508398
167.053_129.158_0.379172
167.512_129.319_0.249946
167.989_129.419_0.12072
168.474_129.457_-0.00850615
168.961_129.474_0.12072
169.441_129.553_0.249946
169.907_129.693_0.379172
170.352_129.892_0.508398
170.767_130.147_0.637624
171.17_130.42_0.508398
171.605_130.639_0.379172
172.064_130.8_0.249946
172.541_130.9_0.12072
173.026_130.938_-0.00850615
173.513_130.955_0.12072
173.993_131.034_0.249946
174.459_131.174_0.379172
174.904_131.373_0.508398
175.318_131.628_0.637624
175.697_131.934_0.766851
176.033_132.287_0.896077
176.321_132.679_1.0253
176.567_133.109_1.10076
176.788_133.557_1.13518
177.012_133.989_1.00595
177.29_134.389_0.876725
177.617_134.75_0.747499
177.988_135.065_0.618273
178.396_135.331_0.489047
178.835_135.541_0.359821
179.298_135.693_0.230595
179.776_135.784_0.101369
180.262_135.813_-0.0278575
180.748_135.778_-0.157084
181.225_135.682_-0.28631
181.686_135.525_-0.415536
182.123_135.31_-0.544762
182.528_135.04_-0.673988
182.895_134.72_-0.803214
183.218_134.356_-0.93244
183.498_133.951_-1.03496
183.743_133.519_-1.09678
183.965_133.072_-1.1312
184.175_132.618_-1.15186
184.377_132.161_-1.15875
184.576_131.703_-1.16564
184.772_131.243_-1.17253
184.965_130.781_-1.17942
185.157_130.32_-1.17253
185.35_129.858_-1.17942
185.542_129.397_-1.17253
185.734_128.935_-1.17942
185.926_128.474_-1.17253
186.119_128.012_-1.17942
186.311_127.551_-1.17253
186.504_127.089_-1.17942
186.695_126.628_-1.17253
186.888_126.166_-1.17942
187.08_125.705_-1.17253
187.273_125.243_-1.17942
187.465_124.782_-1.17253
187.658_124.32_-1.17942
187.849_123.859_-1.17253
188.042_123.397_-1.17942
188.234_122.936_-1.17253
188.427_122.474_-1.17942
188.619_122.013_-1.17253
188.811_121.551_-1.17942
189.003_121.09_-1.17253
189.196_120.628_-1.17942
189.388_120.167_-1.17253
189.581_119.705_-1.17942
189.77_119.243_-1.18631
189.959_118.78_-1.17942
190.142_118.316_-1.22756
190.306_117.845_-1.24822
190.462_117.37_-1.26888
190.609_116.892_-1.27577
190.753_116.413_-1.28266
190.904_115.94_-1.22084
191.081_115.473_-1.18642
191.271_115.011_-1.16576
191.469_114.552_-1.15887
191.671_114.094_-1.15198
191.875_113.638_-1.14509
192.083_113.183_-1.1382
192.293_112.73_-1.13131
192.505_112.277_-1.1382
192.716_111.823_-1.13131
192.927_111.37_-1.1382
193.126_110.915_-1.20003
193.283_110.454_-1.32925
193.38_109.977_-1.45848
193.412_109.542_-1.5741
