configuration 133.385482788_115.927223206_-0.986328190641_0.164792901387_34.5528411865_13.6445770264_-0.541385985877_0.840774175564
length 183.638
time 300
roughness 8.98301e-05
133.385_115.927_-2.8105
132.993_115.808_-2.91932
132.993_115.808_-2.91932
132.505_115.703_-2.95374
132.014_115.613_-2.9744
131.52_115.534_-2.99506
131.026_115.462_-3.00195
130.547_115.374_-2.87272
130.07_115.232_-2.8109
129.156_115.255_-2.65567
128.712_115.034_-2.73113
128.252_114.843_-2.77927
127.784_114.671_-2.81369
127.31_114.513_-2.83435
126.832_114.366_-2.85501
126.352_114.225_-2.8619
125.878_114.078_-2.80008
125.409_113.906_-2.76566
124.464_113.722_-2.69672
124.017_113.501_-2.64858
123.58_113.259_-2.61416
123.15_113.005_-2.5935
122.746_112.734_-2.46427
122.37_112.413_-2.37525
121.893_112.177_-2.21382
121.586_111.788_-2.28928
121.252_111.419_-2.33742
120.902_111.063_-2.37184
120.542_110.716_-2.37873
120.18_110.371_-2.38562
119.397_109.776_-2.38995
119.029_109.437_-2.41061
118.656_109.104_-2.4175
118.281_108.774_-2.42439
117.903_108.446_-2.43128
117.521_108.145_-2.56051
117.102_107.892_-2.67643
116.66_107.397_-2.90832
116.183_107.269_-2.81929
115.675_107.039_-2.72468
115.28_106.641_-3.07263
114.796_106.587_-2.94341
114.323_106.471_-2.81418
113.869_106.295_-2.68496
113.436_106.063_-2.58244
113.022_105.79_-2.50698
112.626_105.488_-2.45884
112.242_105.168_-2.42442
111.889_104.833_-2.2952
111.576_104.454_-2.19268
111.054_103.984_-2.01027
110.852_103.53_-1.94844
110.673_103.064_-1.91403
110.508_102.592_-1.89336
110.353_102.117_-1.8727
110.206_101.639_-1.86581
110.061_101.161_-1.85892
109.943_100.688_-1.7297
109.881_100.2_-1.62718
109.597_99.4683_-1.42466
109.669_98.9735_-1.43155
109.737_98.4782_-1.43843
109.802_97.9824_-1.44532
109.883_97.5024_-1.3161
110.022_97.0284_-1.22707
110.042_96.089_-1.05058
110.299_95.6653_-0.975122
110.58_95.2521_-0.968233
110.864_94.8409_-0.961344
111.404_94.4313_-0.996169
111.683_94.0198_-0.934343
111.984_93.6218_-0.899926
112.299_93.2345_-0.865509
112.626_92.8562_-0.844848
112.958_92.4831_-0.837958
113.294_92.1123_-0.831069
113.637_91.7668_-0.701843
114.022_91.4653_-0.585922
114.561_90.7796_-0.383022
114.585_90.77_-0.389824
114.585_90.77_-0.389824
115.027_90.5661_-0.51905
115.796_90.0147_-0.770701
116.13_89.661_-0.899927
116.42_89.2663_-1.01585
116.668_88.8391_-1.10487
116.884_88.3904_-1.15302
117.14_87.4396_-1.20505
117.328_86.9792_-1.14322
117.548_86.5451_-1.01399
117.823_86.143_-0.884768
118.145_85.765_-0.822941
118.293_85.2521_-0.666106
118.663_84.9353_-0.795333
119.029_84.4338_-0.999374
119.275_84.0135_-1.1286
119.473_83.5611_-1.21763
119.638_83.0909_-1.26577
119.782_82.6132_-1.30018
119.912_82.1308_-1.32085
119.912_82.1308_-1.32085
119.959_81.9576_-1.27324
119.959_81.9576_-1.27324
120.109_81.4809_-1.25257
120.269_81.0074_-1.23191
120.438_80.5373_-1.21125
120.74_79.7785_-1.19016
120.925_79.3139_-1.19705
121.109_78.8488_-1.19016
121.293_78.3842_-1.19705
121.477_77.9192_-1.19016
121.662_77.4546_-1.19705
121.845_76.9896_-1.19016
122.018_76.525_-1.26562
122.162_76.0473_-1.30004
122.562_75.179_-1.38088
122.662_74.69_-1.34646
122.777_74.2036_-1.3258
122.901_73.7197_-1.30514
123.034_73.2376_-1.29825
123.169_72.7564_-1.29136
123.308_72.2761_-1.28447
123.466_71.8153_-1.15525
123.68_71.3753_-1.03933
123.832_70.5001_-0.824269
124.147_70.1291_-0.953495
124.412_69.7204_-1.08272
124.622_69.2811_-1.21195
124.773_68.8184_-1.34117
124.864_68.34_-1.4704
124.864_68.34_-1.4704
124.892_67.8539_-1.59963
124.858_67.3683_-1.72885
124.822_67.1663_-1.78326
124.816_67.1413_-1.79006
124.811_67.1162_-1.79687
124.811_67.1162_-1.79687
124.681_66.6468_-1.92609
124.493_66.1979_-2.05532
124.248_65.7771_-2.18454
123.951_65.3913_-2.31377
123.607_65.047_-2.443
123.22_64.7436_-2.54551
122.805_64.4876_-2.67474
122.362_64.2871_-2.80396
121.66_64.022_-3.00132
121.173_63.9721_-3.11724
120.264_64.0099_-3.26099
119.779_64.0474_-3.13176
119.288_64.0259_-3.02925
118.797_63.9581_-2.95379
118.309_63.8572_-2.90565
117.825_63.735_-2.87123
117.344_63.5982_-2.85057
116.876_63.4427_-2.76154
116.416_63.2505_-2.7134
115.514_62.9556_-2.61842
115.08_62.7244_-2.72094
114.622_62.5283_-2.76908
114.155_62.352_-2.8035
113.682_62.1895_-2.82416
113.207_62.0345_-2.83105
113.207_62.0345_-2.83105
112.744_61.8685_-2.72853
112.293_61.6597_-2.6667
111.852_61.4264_-2.63229
111.417_61.1798_-2.61162
110.987_60.9261_-2.60474
110.987_60.9261_-2.60474
110.558_60.6694_-2.59785
110.13_60.4097_-2.59096
109.705_60.1472_-2.58407
108.854_59.621_-2.58407
108.427_59.3668_-2.64589
107.986_59.1344_-2.68031
107.537_58.9151_-2.70097
107.084_58.7029_-2.70786
106.63_58.4939_-2.71475
106.63_58.4939_-2.71475
106.182_58.2788_-2.65292
105.746_58.0379_-2.60478
105.318_57.7795_-2.58412
104.896_57.5122_-2.56346
104.478_57.238_-2.55657
104.062_56.961_-2.54968
103.666_56.6726_-2.43376
103.295_56.3417_-2.37193
102.507_55.8734_-2.23725
102.19_55.5038_-2.36647
101.828_55.1781_-2.4957
101.425_54.8956_-2.59821
100.995_54.65_-2.67367
100.546_54.4325_-2.72182
100.088_54.2343_-2.75623
99.6238_54.0545_-2.80437
99.1511_53.8924_-2.82504
98.1995_53.5965_-2.8525
97.7228_53.4487_-2.81808
97.2502_53.2866_-2.79742
96.7799_53.1168_-2.79053
96.3108_52.9438_-2.78364
95.843_52.7676_-2.77675
95.3763_52.5881_-2.76986
94.9156_52.4306_-2.89909
94.4363_52.3313_-3.01501
93.6586_51.9188_-3.24528
93.1662_51.9555_-3.15626
92.6691_51.9525_-3.09443
92.1709_51.9233_-3.06001
91.674_51.8769_-3.0256
91.1781_51.8157_-3.00494
90.6829_51.7464_-2.99805
90.1985_51.6973_-3.12727
89.7047_51.7047_-3.2163
88.845_51.4394_-3.39392
88.3688_51.5408_-3.2647
87.8835_51.5801_-3.13547
87.8835_51.5801_-3.13547
87.3972_51.5565_-3.00625
86.918_51.4704_-2.87702
86.4538_51.3233_-2.74779
86.0093_51.1184_-2.63187
85.5947_50.863_-2.50265
85.2166_50.5563_-2.37342
84.5459_49.87_-2.14186
84.27_49.4552_-2.19001
83.9757_49.0522_-2.22442
83.6677_48.6595_-2.25884
83.3575_48.2696_-2.2107
83.0641_47.8658_-2.17628
82.5206_47.3716_-2.10599
82.2547_46.9637_-2.23522
81.9389_46.5841_-2.32424
81.501_46.1835_-2.4538
81.1117_45.8711_-2.48822
80.7129_45.5701_-2.50888
80.309_45.2754_-2.51577
79.9032_44.9835_-2.52266
79.4953_44.6944_-2.52955
79.4953_44.6944_-2.52955
79.0835_44.4123_-2.56396
78.6631_44.1424_-2.58463
78.238_43.879_-2.59152
77.8112_43.6187_-2.59841
77.3826_43.3612_-2.60529
77.3826_43.3612_-2.60529
76.9526_43.1274_-2.72122
76.4948_42.9339_-2.78304
76.0255_42.7641_-2.81746
75.5508_42.6082_-2.83812
75.0733_42.4599_-2.84501
75.0733_42.4599_-2.84501
74.6141_42.298_-2.71578
74.1706_42.0809_-2.62676
73.7409_41.8287_-2.57862
73.3202_41.5591_-2.55795
72.9052_41.2809_-2.53729
72.9052_41.2809_-2.53729
72.4932_41.0214_-2.66652
72.0511_40.8173_-2.79574
71.5865_40.6718_-2.92497
71.1029_40.5824_-3.02749
70.6093_40.5383_-3.10295
70.1112_40.527_-3.15109
69.625_40.5523_-3.28031
69.1431_40.6384_-3.39623
68.3039_40.7179_-3.59305
67.8572_40.9115_-3.46383
67.3892_41.046_-3.3346
66.9078_41.1191_-3.20538
66.4211_41.1295_-3.07615
65.9317_41.0807_-2.97363
65.4453_40.9857_-2.89818
64.9638_40.8579_-2.85003
64.4907_40.7053_-2.78821
64.0261_40.5254_-2.74006
63.5592_40.287_-2.70068
63.1281_40.0608_-2.57145
62.9154_39.9176_-2.50344
62.7931_39.8243_-2.46263
62.7335_39.7756_-2.44222
62.7139_39.759_-2.43542
62.7139_39.759_-2.43542
62.329_39.447_-2.51088
61.9216_39.1622_-2.57271
61.4981_38.8982_-2.60712
61.0657_38.6489_-2.64154
60.6289_38.4337_-2.77077
60.1648_38.2711_-2.87328
59.3956_37.8176_-3.05266
58.8976_37.7743_-3.05955
58.3992_37.7345_-3.06644
57.9005_37.6981_-3.07332
57.4017_37.6651_-3.08021
56.9026_37.6356_-3.0871
56.4033_37.6095_-3.09399
55.9184_37.5658_-2.96477
55.431_37.4683_-2.90294
54.8675_37.5429_-2.7461
54.4266_37.3364_-2.61687
54.0159_37.0749_-2.48765
53.633_36.763_-2.39862
53.2739_36.4193_-2.33679
52.932_36.0557_-2.30238
52.932_36.0557_-2.30238
52.5944_35.6882_-2.33679
52.2455_35.3305_-2.35746
51.8893_34.98_-2.37812
51.5274_34.6352_-2.38501
51.163_34.2928_-2.3919
51.163_34.2928_-2.3919
50.7929_33.9764_-2.52112
50.3851_33.7104_-2.65035
49.943_33.4904_-2.73937
49.4819_33.2979_-2.76004
49.0169_33.1151_-2.7807
48.0826_33.0365_-2.77307
47.457_32.7464_-2.58943
47.0307_32.4851_-2.59632
46.6026_32.2268_-2.60321
46.0458_31.6876_-2.63704
45.6058_31.4563_-2.69887
45.1525_31.2477_-2.73329
44.6925_31.0524_-2.75395
44.2286_30.8667_-2.77461
43.7788_30.6738_-2.65869
43.3434_30.434_-2.59686
42.4559_30.2556_-2.4727
42.0615_29.9701_-2.60193
41.6336_29.7378_-2.73115
41.1793_29.5627_-2.86038
40.7062_29.4475_-2.9896
40.2223_29.3942_-3.11883
40.2223_29.3942_-3.11883
40.1454_29.392_-3.09843
40.1454_29.392_-3.09843
39.6509_29.3582_-3.02297
39.1572_29.2913_-2.97483
38.681_29.1902_-2.8456
38.2185_29.0297_-2.72968
37.344_28.8058_-2.54071
36.9322_28.5222_-2.53383
36.5224_28.2358_-2.52694
36.1147_27.9465_-2.52005
35.7089_27.6545_-2.51316
35.2771_27.3028_-2.51844
34.8941_27.0022_-2.38922
34.5531_26.6547_-2.25999
34.1119_26.0213_-2.07923
34.1119_26.0213_-2.07923
33.8696_25.584_-2.07234
33.6302_25.1451_-2.06545
33.3939_24.7045_-2.05856
33.1606_24.2623_-2.05167
32.9539_23.8215_-1.92244
32.8057_23.3577_-1.79322
32.404_22.7629_-1.35453
32.5124_22.2749_-1.34764
32.6242_21.7876_-1.34075
32.7393_21.301_-1.33387
32.9707_20.3282_-1.33387
33.0869_19.842_-1.34075
33.202_19.3554_-1.33387
33.3183_18.8692_-1.34075
33.5496_17.8964_-1.34075
33.6647_17.4098_-1.33387
33.7832_16.9241_-1.32698
33.905_16.4392_-1.32009
34.0363_15.9586_-1.27194
34.1867_15.4821_-1.25128
34.4305_14.5217_-1.19693
