configuration 133.385482788_115.927223206_-0.986328190641_0.164792901387_34.5528411865_13.6445770264_-0.541385985877_0.840774175564
length 193.527
time 7.35353
roughness 9.02006e-05
133.385_115.927_-2.8105
132.919_115.789_-2.93972
132.434_115.706_-3.04224
131.938_115.667_-3.10407
131.439_115.654_-3.13848
130.939_115.654_-3.14537
130.453_115.635_-3.01615
129.973_115.554_-2.88692
129.507_115.411_-2.75769
129.179_115.266_-2.66247
129.156_115.255_-2.65567
128.716_115.046_-2.7849
128.249_114.887_-2.87392
127.766_114.763_-2.92207
127.278_114.66_-2.95648
126.786_114.571_-2.97714
126.31_114.471_-2.84792
125.839_114.316_-2.77246
125.376_114.13_-2.73804
124.918_113.931_-2.71738
124.464_113.722_-2.69672
124.011_113.51_-2.71738
123.555_113.306_-2.72427
123.097_113.104_-2.73116
122.639_112.906_-2.73805
122.179_112.708_-2.73116
121.741_112.495_-2.60193
121.335_112.228_-2.47271
120.966_111.91_-2.34348
120.641_111.547_-2.21426
120.357_111.143_-2.12523
120.091_110.72_-2.14589
119.818_110.301_-2.15278
119.542_109.884_-2.15967
119.265_109.468_-2.15278
118.989_109.051_-2.15967
118.702_108.658_-2.2889
118.366_108.302_-2.40482
117.991_107.976_-2.46664
117.598_107.668_-2.50106
117.195_107.372_-2.52172
116.787_107.107_-2.65095
116.349_106.896_-2.78018
115.886_106.743_-2.9094
115.408_106.651_-3.03863
114.922_106.621_-3.16785
114.435_106.614_-3.03863
113.954_106.543_-2.9094
113.485_106.411_-2.78018
113.037_106.22_-2.65095
112.618_105.972_-2.52172
112.231_105.673_-2.4058
111.869_105.332_-2.34398
111.525_104.971_-2.30956
111.191_104.599_-2.2889
110.863_104.222_-2.28201
110.561_103.84_-2.15278
110.299_103.419_-2.07732
110.064_102.98_-2.02918
109.846_102.53_-2.00852
109.635_102.077_-2.00163
109.425_101.623_-2.00852
109.212_101.171_-2.01541
108.996_100.72_-2.0223
108.777_100.27_-2.02919
108.555_99.8226_-2.03608
108.355_99.3786_-1.90685
108.214_98.9125_-1.77762
108.134_98.4322_-1.6484
108.117_97.9456_-1.51917
108.159_97.4556_-1.41666
108.254_96.9781_-1.28743
108.41_96.5168_-1.1582
108.624_96.0794_-1.02898
108.893_95.6733_-0.899751
109.211_95.3051_-0.770525
109.546_94.9515_-0.899751
109.832_94.5577_-1.02898
110.065_94.1303_-1.1582
110.242_93.6764_-1.28743
110.358_93.2036_-1.41666
110.442_92.7126_-1.36851
110.548_92.2248_-1.3341
110.668_91.7399_-1.31343
110.797_91.2567_-1.30655
110.929_90.7744_-1.29966
111.079_90.3112_-1.17043
111.287_89.8713_-1.0412
111.548_89.45_-0.965746
111.838_89.0448_-0.917604
112.145_88.6501_-0.896942
112.432_88.2571_-1.02617
112.666_87.8304_-1.15539
112.852_87.3729_-1.24442
113.004_86.8985_-1.29256
113.136_86.417_-1.32698
113.273_85.9499_-1.19775
113.47_85.5045_-1.06853
113.722_85.088_-0.9393
114.026_84.7076_-0.810074
114.377_84.3661_-0.694153
114.738_84.0391_-0.823379
115.053_83.6683_-0.952605
115.33_83.2573_-1.02806
115.581_82.8267_-1.07621
115.812_82.3847_-1.11062
116.01_81.9397_-1.23985
116.148_81.4729_-1.36907
116.226_80.9922_-1.4983
116.245_80.5008_-1.60082
116.222_80.0031_-1.64896
116.204_79.5165_-1.51973
116.25_79.0318_-1.39051
116.357_78.5569_-1.26128
116.525_78.0998_-1.13206
116.75_77.6682_-1.00283
117.026_77.2548_-0.941003
117.325_76.8549_-0.906586
117.636_76.4635_-0.885924
117.953_76.0771_-0.879035
118.273_75.6928_-0.872146
118.57_75.307_-1.00137
118.815_74.8862_-1.1306
119.003_74.4373_-1.25982
119.132_73.9679_-1.38905
119.2_73.4857_-1.51828
119.246_73.001_-1.38905
119.354_72.5263_-1.25982
119.523_72.0695_-1.1306
119.749_71.6382_-1.00137
120.029_71.2396_-0.872146
120.357_70.8804_-0.74292
120.729_70.5666_-0.613694
121.139_70.3033_-0.484467
121.583_70.0863_-0.395442
122.045_69.9042_-0.333615
122.498_69.7255_-0.462842
122.924_69.4898_-0.592068
123.316_69.2012_-0.721294
123.668_68.8645_-0.85052
123.973_68.4852_-0.979746
124.227_68.0698_-1.10897
124.425_67.6251_-1.2382
124.565_67.1586_-1.36742
124.643_66.678_-1.49665
124.658_66.1913_-1.62588
124.611_65.7068_-1.7551
124.501_65.2323_-1.88433
124.332_64.776_-2.01355
124.108_64.3336_-2.08901
123.855_63.9048_-2.13716
123.576_63.5054_-2.26638
123.249_63.1452_-2.39561
122.876_62.8209_-2.48463
122.477_62.5229_-2.53278
122.064_62.2422_-2.56719
121.642_61.9835_-2.64265
121.201_61.7497_-2.67707
120.752_61.5289_-2.69773
120.3_61.3175_-2.71839
119.843_61.1132_-2.72528
119.385_60.9143_-2.74594
118.923_60.7226_-2.75283
118.46_60.5342_-2.75972
117.996_60.3489_-2.76661
117.53_60.1669_-2.7735
117.063_59.9881_-2.78039
116.596_59.8103_-2.7735
116.129_59.6315_-2.78039
115.662_59.4537_-2.7735
115.195_59.2749_-2.78039
114.736_59.0882_-2.70493
114.286_58.8719_-2.67051
113.842_58.6421_-2.64985
113.402_58.405_-2.64296
112.964_58.1649_-2.63607
112.528_57.9474_-2.7653
112.068_57.7878_-2.89452
111.591_57.6889_-3.02375
111.098_57.6429_-3.09921
110.6_57.6298_-3.14735
110.113_57.612_-3.01812
109.633_57.5316_-2.8889
109.167_57.39_-2.75967
108.723_57.1895_-2.63045
108.309_56.9336_-2.50122
107.907_56.6595_-2.63045
107.469_56.4279_-2.7059
107.014_56.2249_-2.75405
106.55_56.0393_-2.77471
106.083_55.861_-2.7816
105.615_55.6838_-2.77471
105.149_55.5034_-2.76782
104.683_55.3219_-2.77471
104.217_55.1415_-2.76782
103.751_54.96_-2.77471
103.283_54.7864_-2.80912
102.81_54.6265_-2.82979
102.333_54.4743_-2.83668
101.856_54.3253_-2.84357
101.378_54.1795_-2.85045
100.899_54.0467_-2.91228
100.412_53.9388_-2.9467
99.9208_53.8454_-2.96736
99.4282_53.7599_-2.97425
98.935_53.6777_-2.98114
98.4581_53.5797_-2.85191
97.9947_53.422_-2.73599
97.5444_53.2152_-2.66053
97.1046_52.9792_-2.62612
96.6716_52.7299_-2.60545
96.2392_52.4848_-2.66728
95.7926_52.262_-2.7017
95.339_52.0523_-2.72236
94.8819_51.8498_-2.72925
94.4234_51.6505_-2.73614
93.9635_51.4544_-2.74303
93.5023_51.2614_-2.74992
93.0397_51.0716_-2.75681
92.5759_50.885_-2.76369
92.1108_50.7016_-2.77058
91.65_50.5445_-2.89981
91.1727_50.448_-3.02904
90.687_50.4139_-3.15826
90.201_50.4426_-3.28749
89.7227_50.5338_-3.41671
89.2489_50.6461_-3.28749
88.7646_50.6964_-3.15826
88.2779_50.6838_-3.02904
87.7969_50.6087_-2.89981
87.3295_50.4722_-2.77058
86.8665_50.2859_-2.73617
86.4087_50.0857_-2.71551
85.9551_49.8761_-2.69484
85.5047_49.659_-2.68795
85.0558_49.4389_-2.68107
84.6175_49.2076_-2.60561
84.1914_48.9478_-2.57119
83.7727_48.6751_-2.55053
83.3582_48.3956_-2.54364
82.9456_48.1132_-2.53675
82.5337_47.8535_-2.66598
82.0876_47.6377_-2.74143
81.6258_47.4486_-2.77585
81.1579_47.2731_-2.79651
80.687_47.105_-2.8034
80.235_46.9242_-2.67418
79.7983_46.6899_-2.59872
79.3739_46.4272_-2.5643
78.9571_46.1516_-2.54364
78.5461_45.8675_-2.52298
78.1618_45.5686_-2.39375
77.7911_45.2529_-2.52298
77.3828_44.9876_-2.6522
76.9438_44.7771_-2.78143
76.8475_44.7418_-2.80864
76.3793_44.5715_-2.76049
75.9168_44.3824_-2.73983
75.4582_44.1839_-2.71917
75.0027_43.9779_-2.71228
74.5486_43.7687_-2.70539
74.0949_43.5585_-2.71228
73.6399_43.3515_-2.71917
73.1834_43.1475_-2.72606
72.7255_42.9468_-2.73295
72.2672_42.747_-2.72606
71.8138_42.5695_-2.85528
71.3413_42.452_-2.98451
70.8576_42.3962_-3.11374
70.3708_42.4033_-3.24296
69.8889_42.4731_-3.37219
69.4106_42.5642_-3.24296
68.9246_42.5929_-3.11374
68.4389_42.5587_-2.98451
67.9616_42.4622_-2.85528
67.5008_42.305_-2.72606
67.0641_42.0898_-2.59683
66.6468_41.8225_-2.52137
66.2461_41.5264_-2.47323
65.8561_41.2141_-2.45257
65.4726_40.8938_-2.43191
65.0901_40.5925_-2.56114
64.67_40.3368_-2.66365
64.224_40.1173_-2.72548
63.7653_39.9208_-2.7599
63.3003_39.7379_-2.78056
62.8525_39.5468_-2.65133
62.4298_39.3_-2.53541
62.0272_39.0085_-2.47358
61.6389_38.6948_-2.43917
61.2598_38.3694_-2.4185
60.8857_38.0377_-2.41162
60.5139_37.7035_-2.40473
60.1444_37.3667_-2.39784
59.7772_37.0273_-2.39095
59.4109_36.6871_-2.39784
59.0437_36.3478_-2.39095
58.6773_36.0076_-2.39784
58.3102_35.6682_-2.39095
57.9438_35.328_-2.39784
57.5766_34.9887_-2.39095
57.2068_34.672_-2.52017
56.797_34.3964_-2.6092
56.3638_34.1504_-2.65734
55.9194_33.9232_-2.69176
55.468_33.709_-2.71242
55.0171_33.5253_-2.84165
54.5462_33.4013_-2.97087
54.0633_33.339_-3.1001
53.5765_33.3394_-3.22932
53.084_33.3952_-3.30478
52.6007_33.4539_-3.17556
52.1138_33.4498_-3.04633
51.6315_33.383_-2.9171
51.1619_33.2546_-2.78788
50.7127_33.0667_-2.65865
50.2914_32.8225_-2.52943
49.9019_32.5262_-2.41351
49.5377_32.1879_-2.35168
49.1905_31.8294_-2.31726
48.8537_31.4602_-2.2966
48.5154_31.1101_-2.42583
48.1348_30.8065_-2.55505
47.7182_30.5544_-2.68428
47.2727_30.3581_-2.8135
46.8055_30.2209_-2.94273
46.3246_30.145_-3.07196
45.8311_30.1252_-3.16098
45.3345_30.145_-3.22281
44.8386_30.1934_-3.27095
44.3589_30.2766_-3.40018
43.8834_30.3811_-3.27095
43.3983_30.4233_-3.14173
42.9118_30.4028_-3.0125
42.4321_30.3197_-2.88327
41.9671_30.1755_-2.75405
41.5245_29.9725_-2.62482
41.1117_29.7142_-2.49559
40.7357_29.4049_-2.36637
40.4027_29.0497_-2.23714
40.1183_28.6546_-2.10792
39.8516_28.2472_-2.23714
39.5347_27.8776_-2.36637
39.1728_27.5518_-2.49559
38.772_27.2755_-2.62482
38.3388_27.0531_-2.75405
37.8807_26.8883_-2.88327
37.4051_26.784_-3.0125
36.92_26.7418_-3.14173
36.4336_26.7625_-3.27095
35.9538_26.8458_-3.40018
35.4743_26.9808_-3.44832
34.999_27.135_-3.46898
34.527_27.2989_-3.48964
34.0574_27.4705_-3.49653
33.589_27.6454_-3.50342
33.1267_27.7983_-3.3742
32.6486_27.8903_-3.24497
32.1626_27.92_-3.11574
31.6769_27.8868_-2.98652
31.1995_27.7913_-2.85729
30.7383_27.635_-2.72806
30.3012_27.4206_-2.59884
29.8953_27.1517_-2.46961
29.5274_26.8327_-2.34039
29.4046_26.7019_-2.29278
29.0986_26.3232_-2.16355
28.8439_25.9082_-2.03432
28.6449_25.4638_-1.9051
28.5048_24.9975_-1.77587
28.4259_24.5171_-1.64665
28.4096_24.0305_-1.51742
28.4562_23.5458_-1.38819
28.5618_23.0655_-1.28568
28.7114_22.5915_-1.22385
28.8864_22.1241_-1.18943
29.0836_21.6714_-1.10041
29.318_21.233_-1.03858
29.5761_20.8059_-1.00417
29.8472_20.3862_-0.983504
30.1252_19.9706_-0.976614
30.395_19.5532_-1.03844
30.6434_19.1203_-1.07286
30.879_18.6796_-1.09352
31.1076_18.235_-1.10041
31.3332_17.7888_-1.1073
31.5669_17.3538_-1.01827
31.8364_16.9362_-0.956446
32.1287_16.5317_-0.922029
32.4334_16.1356_-0.901367
32.7461_15.7459_-0.880706
33.0546_15.3562_-0.942532
33.3433_14.9491_-0.976949
33.62_14.533_-0.99761
33.8902_14.1123_-1.0045
34.1575_13.6898_-1.01139
