configuration 133.385482788_115.927223206_-0.986328190641_0.164792901387_34.5528411865_13.6445770264_-0.541385985877_0.840774175564
length 183.518
time 29.9259
roughness 9.96986e-05
133.385_115.927_-2.8105
132.919_115.789_-2.93972
132.434_115.706_-3.04224
131.938_115.667_-3.10407
131.439_115.654_-3.13848
130.939_115.654_-3.14537
130.453_115.635_-3.01615
129.973_115.554_-2.88692
129.507_115.411_-2.75769
129.179_115.266_-2.66247
129.156_115.255_-2.65567
128.716_115.046_-2.7849
128.249_114.887_-2.87392
127.766_114.763_-2.92207
127.278_114.66_-2.95648
126.786_114.571_-2.97714
126.31_114.471_-2.84792
125.839_114.316_-2.77246
125.376_114.13_-2.73804
124.918_113.931_-2.71738
124.464_113.722_-2.69672
124.011_113.51_-2.71738
123.555_113.306_-2.72427
123.097_113.104_-2.73116
122.639_112.906_-2.73805
122.179_112.708_-2.73116
121.741_112.495_-2.60193
121.335_112.228_-2.47271
120.954_111.911_-2.39725
120.593_111.567_-2.34911
120.244_111.209_-2.32845
119.925_110.841_-2.19922
119.647_110.434_-2.11019
119.398_110.002_-2.06205
119.165_109.56_-2.04139
118.941_109.113_-2.02073
118.711_108.684_-2.14996
118.428_108.288_-2.27918
118.096_107.932_-2.40841
117.72_107.622_-2.53763
117.308_107.363_-2.66686
116.866_107.159_-2.79609
116.401_107.013_-2.92531
115.922_106.929_-3.05454
115.436_106.907_-3.18376
114.95_106.948_-3.31299
114.468_107.011_-3.18376
113.981_107.011_-3.05454
113.498_106.948_-2.92531
113.027_106.824_-2.79609
112.576_106.639_-2.66686
112.153_106.399_-2.53763
111.764_106.105_-2.40841
111.407_105.764_-2.31938
111.074_105.394_-2.27124
110.755_105.01_-2.25058
110.465_104.618_-2.12135
110.228_104.193_-1.99213
110.048_103.741_-1.8629
109.925_103.267_-1.74698
109.853_102.778_-1.65795
109.831_102.292_-1.52873
109.872_101.807_-1.3995
109.975_101.331_-1.27028
110.125_100.854_-1.26339
110.277_100.378_-1.2565
110.433_99.9024_-1.24961
110.591_99.4284_-1.24272
110.751_98.9548_-1.24961
110.925_98.4997_-1.12038
111.154_98.0644_-1.01786
111.422_97.6447_-0.969723
111.709_97.2364_-0.935306
112.008_96.8363_-0.914644
112.289_96.4383_-1.04387
112.527_96.0038_-1.11933
112.74_95.5523_-1.15375
112.939_95.094_-1.17441
113.129_94.6318_-1.19507
113.311_94.1663_-1.20196
113.49_93.6995_-1.20885
113.666_93.2316_-1.21574
113.841_92.7632_-1.20885
114.017_92.2952_-1.21574
114.206_91.8463_-1.08651
114.447_91.4136_-1.01105
114.718_90.9957_-0.96291
115.007_90.5875_-0.942248
115.302_90.1838_-0.935359
115.574_89.78_-1.06459
115.791_89.3446_-1.19381
115.951_88.8847_-1.32304
116.058_88.4026_-1.41206
116.129_87.9094_-1.4602
116.162_87.4237_-1.58943
116.133_86.9377_-1.71866
116.044_86.454_-1.82117
115.911_85.9751_-1.883
115.752_85.5019_-1.91742
115.606_85.0374_-1.78819
115.521_84.5579_-1.65896
115.495_84.0669_-1.55645
115.512_83.5701_-1.49462
115.556_83.0729_-1.4602
115.63_82.5917_-1.33098
115.766_82.1241_-1.20175
115.96_81.6779_-1.07253
116.211_81.2604_-0.9433
116.513_80.8787_-0.814074
116.835_80.5103_-0.929995
117.122_80.1057_-1.00545
117.384_79.6813_-1.03987
117.634_79.2486_-1.06053
117.875_78.811_-1.08119
118.086_78.372_-1.21042
118.238_77.9095_-1.33965
118.329_77.4312_-1.46887
118.358_76.9452_-1.5981
118.324_76.4595_-1.72732
118.269_75.9758_-1.5981
118.276_75.4889_-1.46887
118.343_75.0017_-1.36635
118.454_74.5171_-1.30453
118.591_74.0372_-1.27011
118.738_73.5593_-1.277
118.881_73.0804_-1.28389
119.022_72.6006_-1.29078
119.161_72.1204_-1.28389
119.301_71.6406_-1.29078
119.456_71.1788_-1.16155
119.668_70.7407_-1.03233
119.935_70.3337_-0.903101
120.253_69.9645_-0.773875
120.615_69.6392_-0.644649
120.991_69.3304_-0.773875
121.337_68.9753_-0.849333
121.66_68.596_-0.897475
121.969_68.2032_-0.918137
122.27_67.8042_-0.938799
122.54_67.3995_-1.06802
122.757_66.9633_-1.19725
122.915_66.5029_-1.32648
123.013_66.0259_-1.4557
123.048_65.5403_-1.58493
123.021_65.0541_-1.71416
122.931_64.5756_-1.84338
122.78_64.1127_-1.97261
122.571_63.6731_-2.10183
122.306_63.264_-2.23106
121.992_62.8925_-2.36029
121.632_62.5646_-2.48951
121.233_62.2858_-2.61874
120.801_62.0607_-2.74796
120.339_61.8822_-2.82342
119.864_61.7247_-2.81653
119.39_61.5661_-2.82342
118.915_61.4086_-2.81653
118.441_61.25_-2.82342
117.967_61.0925_-2.81653
117.512_60.9176_-2.68731
117.084_60.6856_-2.55808
116.683_60.4009_-2.45556
116.305_60.0782_-2.39374
115.943_59.7347_-2.35932
115.584_59.4064_-2.48855
115.185_59.1272_-2.61777
114.753_58.9018_-2.747
114.296_58.7338_-2.87623
113.821_58.6261_-3.00545
113.337_58.5429_-2.90293
112.855_58.4174_-2.85479
112.378_58.2708_-2.82038
111.905_58.1097_-2.79971
111.434_57.941_-2.79283
110.97_57.7942_-2.92205
110.49_57.7084_-3.05128
110.004_57.6851_-3.1805
109.519_57.7246_-3.30973
109.043_57.8264_-3.43896
108.565_57.9597_-3.3635
108.078_58.0615_-3.31536
107.585_58.1422_-3.28094
107.09_58.2082_-3.26028
106.593_58.2639_-3.23962
106.107_58.291_-3.11039
105.622_58.2552_-2.98116
105.145_58.1571_-2.85194
104.684_57.9984_-2.72271
104.237_57.7856_-2.64725
103.818_57.5366_-2.51803
103.436_57.2358_-2.3888
103.095_56.8881_-2.25957
102.967_56.7275_-2.20516
102.937_56.686_-2.19156
102.637_56.3023_-2.32079
102.29_55.9572_-2.43671
101.905_55.643_-2.49853
101.502_55.3483_-2.53295
101.09_55.0654_-2.55361
100.673_54.7911_-2.57427
100.25_54.5234_-2.58116
99.8262_54.2587_-2.58805
99.4016_53.9948_-2.58116
98.9775_53.7301_-2.58805
98.5528_53.4663_-2.58116
98.1287_53.2015_-2.58805
97.704_52.9377_-2.58116
97.2799_52.6729_-2.58805
96.8552_52.4091_-2.58116
96.4311_52.1443_-2.58805
96.0064_51.8805_-2.58116
95.5823_51.6157_-2.58805
95.1576_51.3519_-2.58116
94.7335_51.0871_-2.58805
94.3056_50.832_-2.63619
93.8667_50.5931_-2.65686
93.4238_50.3612_-2.66375
92.9793_50.1323_-2.67063
92.5333_49.9064_-2.67752
92.0914_49.6763_-2.62938
91.6575_49.4285_-2.60872
91.2275_49.1735_-2.60183
90.7992_48.9156_-2.59494
90.3727_48.6547_-2.58805
89.9458_48.4104_-2.69057
89.494_48.2005_-2.73871
89.0327_48.0101_-2.77313
88.5653_47.8333_-2.79379
88.0949_47.664_-2.80068
87.6295_47.5208_-2.92991
87.1496_47.4388_-3.05913
86.6631_47.4193_-3.18836
86.1781_47.4626_-3.31758
85.7028_47.5681_-3.44681
85.2326_47.6946_-3.31758
84.7501_47.7595_-3.18836
84.2632_47.7616_-3.05913
83.7773_47.7027_-2.94321
83.2921_47.5947_-2.88138
82.8093_47.465_-2.87449
82.3273_47.3319_-2.86761
81.8463_47.1956_-2.86072
81.3656_47.0581_-2.86761
80.8846_46.9217_-2.86072
80.423_46.767_-2.73149
79.9788_46.5558_-2.62897
79.5486_46.3045_-2.58083
79.1291_46.0343_-2.54641
78.7172_45.7513_-2.52575
78.3098_45.4616_-2.51886
77.9044_45.169_-2.51197
77.4996_44.8755_-2.51886
77.0941_44.583_-2.51197
76.6894_44.2895_-2.51886
76.2839_43.997_-2.51197
75.8791_43.7035_-2.51886
75.4737_43.411_-2.51197
75.0689_43.1175_-2.51886
74.6635_42.825_-2.51197
74.2587_42.5315_-2.51886
73.8533_42.239_-2.51197
73.4485_41.9455_-2.51886
73.0431_41.653_-2.51197
72.6383_41.3595_-2.51886
72.2311_41.0926_-2.64809
71.7929_40.8803_-2.77732
71.331_40.7263_-2.90654
70.8532_40.633_-3.03577
70.3672_40.6022_-3.16499
69.8804_40.5929_-3.03577
69.3989_40.521_-2.90654
68.92_40.3936_-2.83108
68.4481_40.2338_-2.78294
67.9814_40.0552_-2.76228
67.5219_39.8942_-2.89151
67.0434_39.7913_-3.00743
66.5523_39.7396_-3.09645
66.0554_39.7274_-3.15828
65.5574_39.7437_-3.20642
65.0707_39.7546_-3.0772
64.5865_39.7027_-2.94797
64.1132_39.5889_-2.81874
63.6584_39.415_-2.68952
63.2265_39.1845_-2.5736
62.8054_38.9402_-2.70282
62.3562_38.7522_-2.83205
61.8866_38.6237_-2.96127
61.4044_38.5568_-3.0905
60.9175_38.5525_-3.21973
60.4309_38.5699_-3.0905
59.9461_38.5245_-2.96127
59.4631_38.4216_-2.87225
58.9851_38.2814_-2.82411
58.5127_38.1202_-2.78969
58.0632_37.9331_-2.66046
57.6415_37.6897_-2.53124
57.2454_37.3949_-2.44221
56.8693_37.0681_-2.39407
56.5072_36.7246_-2.35965
56.1475_36.3965_-2.48888
55.7485_36.1174_-2.61811
55.3169_35.8921_-2.74733
54.8598_35.7243_-2.87656
54.385_35.6168_-3.00578
53.9058_35.5305_-2.87656
53.4417_35.3832_-2.74733
53.0005_35.1773_-2.61811
52.5895_34.9162_-2.48888
52.2156_34.6044_-2.35965
51.8655_34.2487_-2.32524
51.5258_33.8822_-2.30458
51.1938_33.5088_-2.28391
50.8676_33.13_-2.27702
50.544_32.7488_-2.27014
50.2151_32.3899_-2.39936
49.8426_32.0762_-2.52859
49.4329_31.8133_-2.65781
48.9926_31.6053_-2.78704
48.5293_31.4557_-2.91627
48.0597_31.3269_-2.78704
47.6107_31.1387_-2.65781
47.1897_30.8942_-2.52859
46.7972_30.5978_-2.42607
46.4288_30.2641_-2.36424
46.0676_29.9376_-2.49347
45.6674_29.6604_-2.6227
45.2347_29.437_-2.75192
44.7769_29.2713_-2.88115
44.3015_29.166_-3.01037
43.822_29.0819_-2.88115
43.3572_28.9367_-2.75192
42.9151_28.7328_-2.6227
42.5029_28.4737_-2.49347
42.1275_28.1635_-2.36424
41.7663_27.8371_-2.49347
41.3661_27.5598_-2.6227
40.9334_27.3365_-2.75192
40.4756_27.1708_-2.88115
40.0002_27.0655_-3.01037
39.5153_27.0223_-3.1396
39.0288_27.0419_-3.26883
38.5436_27.0832_-3.1396
38.0572_27.0616_-3.01037
37.5777_26.9775_-2.88115
37.1129_26.8323_-2.75192
36.6708_26.6284_-2.6227
36.2342_26.3883_-2.67084
35.7869_26.167_-2.70525
35.3326_25.959_-2.72592
34.8747_25.7582_-2.73281
34.4155_25.5605_-2.7397
33.9759_25.3512_-2.61047
33.5669_25.087_-2.48124
33.1954_24.7723_-2.35202
32.8675_24.4124_-2.22279
32.5887_24.0132_-2.09356
32.3637_23.5814_-1.96434
32.1962_23.1243_-1.83511
32.0891_22.6493_-1.70589
32.044_22.1645_-1.57666
32.0618_21.6779_-1.44743
32.1351_21.1878_-1.37198
32.2413_20.7011_-1.32383
32.3688_20.2185_-1.28942
32.5109_19.7395_-1.26876
32.6607_19.2625_-1.26187
32.8179_18.7888_-1.22745
32.9893_18.3195_-1.20679
33.1684_17.8527_-1.1999
33.3507_17.3871_-1.19301
33.5361_16.9228_-1.18612
33.7181_16.4581_-1.22054
33.884_15.9874_-1.25495
34.0359_15.5114_-1.27562
34.1885_15.0371_-1.22747
34.3599_14.5678_-1.20681
