configuration -14.0353517532_151.94859314_0.0_1.0_147.259887695_176.039077759_0.145212769539_0.989400450557
length 213.562
time 149.881
roughness 8.39191e-05
-14.0354_151.949_-0
-13.9071_151.947_-0.0340069
-13.9071_151.947_-0.0340069
-13.4217_151.91_-0.163233
-12.937_151.815_-0.252258
-12.4583_151.682_-0.314085
-11.9855_151.522_-0.348502
-11.517_151.348_-0.369163
-11.0522_151.165_-0.389825
-10.5945_150.999_-0.260599
-10.1138_150.886_-0.171574
-9.48231_150.459_0.0133053
-8.98265_150.463_-0.00735643
-8.48271_150.458_-0.0142456
-7.98282_150.449_-0.0211348
-7.48299_150.438_-0.0280241
-6.98319_150.425_-0.0211348
-6.48337_150.413_-0.0280241
-5.99251_150.383_-0.130541
-5.49964_150.31_-0.178683
-4.70607_150.372_-0.29795
-4.63237_150.35_-0.277546
-4.63237_150.35_-0.277546
-4.15888_150.236_-0.14832
-3.67472_150.185_-0.0190936
-3.18297_150.192_0.0834232
-2.28597_150.344_0.226896
-1.80174_150.441_0.137871
-1.30812_150.499_0.076044
-0.810808_150.529_0.0279018
-0.311248_150.539_0.00724009
0.188422_150.54_-0.0134217
0.68799_150.529_-0.0340834
1.17346_150.492_-0.16331
1.65304_150.394_-0.27923
2.53995_150.429_-0.494981
2.88369_150.237_-0.532988
2.88369_150.237_-0.532988
3.3123_149.981_-0.553649
3.7355_149.715_-0.574311
4.15463_149.442_-0.5812
4.65176_149.097_-0.598225
5.06658_148.819_-0.577563
5.48608_148.547_-0.570674
5.90743_148.278_-0.563785
6.33063_148.012_-0.556895
6.75445_147.746_-0.563785
7.17765_147.48_-0.556895
7.59999_147.213_-0.577557
8.01672_146.937_-0.598219
8.87032_146.429_-0.625705
9.26942_146.131_-0.673847
9.65582_145.815_-0.708264
10.0331_145.487_-0.728926
10.4035_145.152_-0.749587
10.7686_144.81_-0.756477
11.1315_144.466_-0.763366
11.4859_144.116_-0.811508
11.8273_143.752_-0.83217
12.5486_143.094_-0.88648
12.8707_142.715_-0.824653
13.2147_142.355_-0.776511
13.5735_142.007_-0.755849
13.9395_141.667_-0.735188
14.3111_141.332_-0.728298
14.6849_141_-0.721409
15.0634_140.675_-0.686993
15.4519_140.361_-0.666331
16.2163_139.726_-0.638886
16.4468_139.564_-0.56407
16.4468_139.564_-0.56407
16.4468_139.564_-0.56407
16.4468_139.564_-0.56407
16.8701_139.318_-0.44815
17.3175_139.126_-0.318924
17.7918_138.982_-0.243465
18.4882_138.87_-0.154964
18.9713_138.778_-0.257481
19.4493_138.641_-0.319307
19.9197_138.477_-0.36745
20.3848_138.295_-0.388111
20.846_138.102_-0.408773
21.3006_137.928_-0.279547
21.779_137.806_-0.190521
22.4679_137.322_-0.0121352
22.9546_137.337_0.117091
23.4353_137.414_0.246317
23.902_137.553_0.375543
24.2316_137.695_0.470762
24.3226_137.742_0.497968
24.3226_137.742_0.497968
24.7401_137.993_0.627194
25.1219_138.295_0.75642
25.3575_138.53_0.844838
25.4746_138.667_0.892448
25.5382_138.747_0.919653
25.5382_138.747_0.919653
25.8338_139.148_0.967795
26.2127_139.892_1.01487
26.4662_140.319_1.0767
26.6955_140.762_1.12484
26.9055_141.214_1.15926
27.1023_141.674_1.17992
27.2917_142.136_1.18681
27.4779_142.6_1.1937
27.6379_143.06_1.32292
27.7372_143.537_1.45215
28.1016_144.272_1.69983
28.0595_144.757_1.57061
28.0802_145.243_1.44138
28.1634_145.723_1.31216
28.3078_146.188_1.18293
28.5109_146.63_1.0537
28.5109_146.63_1.0537
28.7422_147.067_1.14273
28.9418_147.523_1.19087
29.1215_147.989_1.22529
29.2875_148.46_1.24595
29.4437_148.935_1.26661
29.5901_149.412_1.28727
29.746_149.874_1.15805
29.9593_150.314_1.04213
30.0797_151.195_0.823855
30.4254_151.538_0.694629
30.4254_151.538_0.694629
30.8139_151.842_0.605603
31.2283_152.117_0.543777
31.6587_152.368_0.495634
32.0999_152.602_0.474973
32.5458_152.828_0.454311
32.9957_153.031_0.365285
33.4639_153.202_0.317143
34.3183_153.606_0.22186
34.7883_153.734_0.351086
35.238_153.92_0.480312
35.6662_154.162_0.582829
36.073_154.445_0.658287
36.4622_154.756_0.70643
36.8381_155.084_0.740846
37.1979_155.427_0.802673
37.5405_155.79_0.837089
38.1737_156.452_0.891276
38.4954_156.817_0.76205
38.8625_157.144_0.659533
39.2615_157.441_0.597707
39.6777_157.714_0.549565
40.1063_157.97_0.515148
40.5428_158.213_0.494486
40.9612_158.462_0.623713
41.3534_158.763_0.712738
42.2083_159.027_0.891276
42.498_159.419_1.0205
42.7408_159.846_1.12302
42.9468_160.299_1.18485
43.1269_160.763_1.23299
43.2869_161.236_1.2674
43.4329_161.714_1.28807
43.5884_162.175_1.15884
43.7994_162.622_1.06981
43.8787_163.513_0.891276
44.2004_163.879_0.76205
44.5666_164.2_0.632824
44.971_164.471_0.503598
45.4085_164.69_0.387677
45.8724_164.869_0.325851
45.8724_164.869_0.325851
46.3398_165.005_0.196625
46.8281_165.09_0.121166
47.3227_165.14_0.0593399
47.8212_165.163_0.0249232
48.3208_165.172_0.00426149
48.8204_165.171_-0.0164003
49.3071_165.184_0.112826
49.7937_165.256_0.215343
50.6715_165.092_0.406556
51.1307_165.274_0.31753
51.6064_165.422_0.269388
52.089_165.549_0.234971
52.5757_165.662_0.21431
53.0646_165.765_0.193648
53.5556_165.858_0.172986
54.0342_165.96_0.288907
54.5077_166.112_0.350733
55.4241_166.147_0.488089
55.8678_166.371_0.426263
56.3246_166.57_0.37812
56.7905_166.749_0.343704
57.2621_166.914_0.323042
57.7366_167.071_0.316153
58.2121_167.226_0.309264
58.6692_167.394_0.43849
59.1042_167.618_0.554411
59.9786_167.766_0.772168
60.3127_168.12_0.901394
60.5984_168.514_1.03062
60.8308_168.942_1.15985
61.0062_169.396_1.28907
61.1217_169.869_1.4183
61.1217_169.869_1.4183
61.216_170.347_1.28907
61.371_170.809_1.15985
61.5843_171.246_1.03062
61.8223_171.611_0.914997
61.9017_171.712_0.88099
61.9017_171.712_0.88099
62.1527_172.003_0.778969
62.1702_172.022_0.772168
62.5331_172.346_0.642942
62.9348_172.621_0.513716
63.3686_172.842_0.38449
63.754_172.983_0.275668
63.9026_173.023_0.234859
63.9026_173.023_0.234859
64.386_173.123_0.145834
64.88_173.188_0.0976917
65.3776_173.233_0.07703
65.8761_173.268_0.0563682
66.3753_173.295_0.049479
66.3753_173.295_0.049479
66.7854_173.301_-0.059343
67.0409_173.28_-0.127357
67.1932_173.258_-0.168165
67.2942_173.24_-0.19537
67.3696_173.225_-0.215775
67.3696_173.225_-0.215775
67.8577_173.117_-0.222664
68.3451_173.005_-0.229553
68.8317_172.89_-0.236442
69.3174_172.772_-0.243331
69.7945_172.675_-0.114105
70.2866_172.633_-0.0250799
71.0856_172.311_0.170764
71.5614_172.414_0.29999
72.0201_172.578_0.429216
72.4538_172.799_0.558442
72.8587_173.074_0.674363
73.238_173.393_0.749821
73.238_173.393_0.749821
73.608_173.709_0.620595
74.0158_173.975_0.491369
74.4544_174.187_0.362143
74.9199_174.345_0.259626
75.8905_174.489_0.138107
76.3751_174.536_0.00888095
76.3751_174.536_0.00888095
76.8689_174.526_-0.0801445
77.3634_174.476_-0.141971
77.8566_174.4_-0.176388
78.3469_174.306_-0.210804
78.8348_174.198_-0.231466
79.3035_174.067_-0.360692
79.7575_173.878_-0.463209
80.3085_173.783_-0.672767
80.6761_173.464_-0.801993
80.9995_173.1_-0.931219
81.2732_172.697_-1.06045
81.4929_172.262_-1.18967
81.6546_171.803_-1.3189
81.6546_171.803_-1.3189
81.7661_171.32_-1.39436
81.8457_170.828_-1.4425
81.9039_170.333_-1.47691
81.9473_169.835_-1.49758
81.9804_169.336_-1.51824
82.0266_168.852_-1.38901
82.1283_168.367_-1.31355
81.9997_167.691_-1.14826
82.2037_167.234_-1.15514
82.4045_166.776_-1.16203
82.6022_166.317_-1.16892
82.9446_165.432_-1.18253
83.1479_164.989_-1.0533
83.4065_164.577_-0.924074
83.716_164.201_-0.794848
84.0715_163.868_-0.665622
84.4687_163.575_-0.576596
84.4687_163.575_-0.576596
84.8653_163.292_-0.705822
85.2221_162.961_-0.835048
85.5333_162.587_-0.964275
85.7936_162.175_-1.0935
85.9988_161.734_-1.22273
85.9988_161.734_-1.22273
86.1636_161.263_-1.25714
86.3145_160.786_-1.27781
86.4555_160.307_-1.29847
86.5889_159.825_-1.30536
86.7189_159.342_-1.31225
86.7189_159.342_-1.31225
86.8234_158.867_-1.44147
86.8656_158.382_-1.5707
86.849_157.89_-1.67321
86.7923_157.394_-1.70763
86.7208_156.9_-1.72829
86.3577_156.067_-1.71353
86.3295_155.838_-1.65231
86.3295_155.838_-1.65231
86.3104_155.352_-1.52309
86.3464_154.857_-1.44763
86.4176_154.365_-1.3858
86.5171_153.877_-1.33766
86.6495_153.409_-1.20843
86.8393_152.955_-1.10592
87.023_152.251_-0.909531
87.337_151.867_-0.834073
87.6791_151.521_-0.704847
88.0645_151.212_-0.615821
88.8271_150.624_-0.492361
89.2655_150.412_-0.363135
89.7276_150.259_-0.233909
90.2056_150.166_-0.104683
90.6915_150.136_0.0245432
91.1773_150.168_0.153769
91.1773_150.168_0.153769
91.6549_150.263_0.282995
92.1162_150.419_0.412222
92.5537_150.633_0.541448
92.9599_150.901_0.670674
93.3376_151.219_0.759699
93.7528_151.563_0.908722
94.0683_151.937_0.792801
94.4248_152.281_0.717343
94.806_152.6_0.655516
95.2057_152.898_0.607374
95.6188_153.178_0.572958
96.0405_153.446_0.552296
96.5765_153.727_0.516892
97.0096_153.95_0.387666
97.4677_154.114_0.258439
97.9433_154.219_0.129213
98.4307_154.263_0.0132925
98.938_154.237_-0.13604
99.6255_154.106_-0.265909
100.1_153.998_-0.136683
100.585_153.952_-0.00745723
101.072_153.969_0.121769
101.552_154.049_0.250995
102.018_154.189_0.380221
102.018_154.189_0.380221
102.465_154.388_0.496142
102.883_154.638_0.625368
103.266_154.939_0.754594
103.945_155.617_0.986151
104.197_156.034_1.11538
104.392_156.48_1.2446
104.529_156.947_1.37383
104.603_157.428_1.50306
104.616_157.915_1.63228
104.616_157.915_1.63228
104.607_158.402_1.50306
104.66_158.886_1.37383
104.775_159.359_1.2446
104.951_159.813_1.11538
105.044_159.995_1.06097
105.044_159.995_1.06097
105.183_160.241_0.986151
105.469_160.635_0.856925
105.803_160.989_0.727699
106.18_161.297_0.598473
106.595_161.557_0.482552
107.04_161.779_0.420725
107.04_161.779_0.420725
107.498_161.977_0.386309
107.962_162.163_0.365647
108.429_162.34_0.358758
108.898_162.515_0.351869
109.367_162.686_0.344979
109.367_162.686_0.344979
109.838_162.854_0.33809
110.309_163.021_0.344979
110.78_163.189_0.33809
111.723_163.524_0.33809
112.188_163.666_0.208864
112.668_163.746_0.0796379
113.155_163.764_-0.0495883
113.64_163.72_-0.178814
114.115_163.613_-0.30804
114.115_163.613_-0.30804
114.585_163.485_-0.178814
115.067_163.419_-0.0495883
115.554_163.415_0.0796379
116.037_163.475_0.208864
116.519_163.589_0.284322
116.519_163.589_0.284322
116.997_163.735_0.318739
117.47_163.895_0.339401
117.94_164.064_0.360062
118.408_164.242_0.366951
118.874_164.422_0.373841
118.874_164.422_0.373841
119.339_164.606_0.38073
119.803_164.793_0.387619
120.265_164.983_0.394508
121.189_165.364_0.394508
121.651_165.555_0.387619
122.115_165.743_0.38073
122.58_165.92_0.332588
123.054_166.08_0.311926
123.958_166.482_0.258393
124.434_166.586_0.129167
124.925_166.635_0.0401415
125.422_166.645_-0.0216851
125.92_166.626_-0.0698272
126.414_166.606_0.0191982
126.913_166.622_0.0536149
127.459_166.419_0.163174
127.953_166.499_0.156285
128.447_166.575_0.149395
128.941_166.649_0.142506
129.43_166.731_0.217964
129.915_166.847_0.266106
130.749_166.881_0.356929
131.212_167.032_0.227703
131.69_167.121_0.0984769
132.177_167.149_-0.0307492
132.662_167.113_-0.159975
133.149_167.022_-0.235433
133.149_167.022_-0.235433
133.627_166.929_-0.106207
134.113_166.897_0.0230188
134.599_166.929_0.152245
135.077_167.023_0.281471
135.538_167.178_0.410697
135.538_167.178_0.410697
135.982_167.39_0.513214
136.41_167.643_0.57504
136.826_167.919_0.609457
137.233_168.208_0.630119
137.635_168.505_0.650781
137.635_168.505_0.650781
138.035_168.783_0.521554
138.467_169.008_0.392328
138.924_169.175_0.263102
139.399_169.281_0.133876
139.884_169.326_0.00464998
139.884_169.326_0.00464998
140.37_169.349_0.133876
140.85_169.434_0.263102
141.314_169.58_0.392328
141.756_169.786_0.521554
142.082_169.988_0.623575
142.082_169.988_0.623575
142.167_170.046_0.650781
142.542_170.357_0.780007
142.876_170.714_0.895927
143.176_171.109_0.971386
143.595_171.979_1.03846
143.858_172.397_0.949434
144.155_172.795_0.887607
144.475_173.179_0.85319
144.806_173.553_0.832529
145.145_173.92_0.811867
145.145_173.92_0.811867
145.493_174.276_0.763725
145.859_174.601_0.647804
146.262_174.893_0.585977
147.017_175.508_0.47781
