configuration -14.0353517532_151.94859314_0.0_1.0_147.259887695_176.039077759_0.145212769539_0.989400450557
length 204.983
time 230.28
roughness 7.39885e-05
-14.0354_151.949_-0
-13.9071_151.947_-0.0340069
-13.9071_151.947_-0.0340069
-13.4217_151.91_-0.163233
-12.937_151.815_-0.252258
-12.4583_151.682_-0.314085
-11.9855_151.522_-0.348502
-11.517_151.348_-0.369163
-11.0522_151.165_-0.389825
-10.5945_150.999_-0.260599
-10.1138_150.886_-0.171574
-9.48231_150.459_0.0133053
-8.98265_150.463_-0.00735643
-8.48271_150.458_-0.0142456
-7.98282_150.449_-0.0211348
-7.48299_150.438_-0.0280241
-6.98319_150.425_-0.0211348
-6.48337_150.413_-0.0280241
-5.99251_150.383_-0.130541
-5.49964_150.31_-0.178683
-4.70607_150.372_-0.29795
-4.63237_150.35_-0.277546
-4.63237_150.35_-0.277546
-4.15888_150.236_-0.14832
-3.67472_150.185_-0.0190936
-3.18297_150.192_0.0834232
-2.28597_150.344_0.226896
-1.80174_150.441_0.137871
-1.30812_150.499_0.076044
-0.810808_150.529_0.0279018
-0.311248_150.539_0.00724009
0.188422_150.54_-0.0134217
0.68799_150.529_-0.0340834
1.17346_150.492_-0.16331
1.65304_150.394_-0.27923
2.53995_150.429_-0.494981
2.74078_150.315_-0.556193
2.74078_150.315_-0.556193
3.16478_150.05_-0.563082
3.58546_149.78_-0.583744
4.002_149.504_-0.590633
4.65176_149.097_-0.598225
5.06658_148.819_-0.577563
5.48608_148.547_-0.570674
5.90743_148.278_-0.563785
6.33063_148.012_-0.556895
6.75445_147.746_-0.563785
7.17765_147.48_-0.556895
7.59999_147.213_-0.577557
8.01672_146.937_-0.598219
8.87032_146.429_-0.625705
9.26942_146.131_-0.673847
9.65582_145.815_-0.708264
10.0331_145.487_-0.728926
10.4035_145.152_-0.749587
10.7686_144.81_-0.756477
11.1315_144.466_-0.763366
11.4859_144.116_-0.811508
11.8273_143.752_-0.83217
12.5486_143.094_-0.88648
12.8707_142.715_-0.824653
13.2147_142.355_-0.776511
13.5735_142.007_-0.755849
13.9395_141.667_-0.735188
14.3111_141.332_-0.728298
14.6849_141_-0.721409
15.0634_140.675_-0.686993
15.4519_140.361_-0.666331
16.2163_139.726_-0.638886
16.4468_139.564_-0.56407
16.4468_139.564_-0.56407
16.4468_139.564_-0.56407
16.4468_139.564_-0.56407
16.8701_139.318_-0.44815
17.3175_139.126_-0.318924
17.7918_138.982_-0.243465
18.4882_138.87_-0.154964
18.9713_138.778_-0.257481
19.4493_138.641_-0.319307
19.9197_138.477_-0.36745
20.3848_138.295_-0.388111
20.846_138.102_-0.408773
21.3006_137.928_-0.279547
21.779_137.806_-0.190521
22.4679_137.322_-0.0121352
22.9546_137.337_0.117091
23.4353_137.414_0.246317
23.902_137.553_0.375543
24.2316_137.695_0.470762
24.3226_137.742_0.497968
24.3226_137.742_0.497968
24.7401_137.993_0.627194
25.1219_138.295_0.75642
25.3575_138.53_0.844838
25.4746_138.667_0.892448
25.5382_138.747_0.919653
25.5382_138.747_0.919653
25.8338_139.148_0.967795
26.2127_139.892_1.01487
26.4662_140.319_1.0767
26.6955_140.762_1.12484
26.9055_141.214_1.15926
27.1023_141.674_1.17992
27.2917_142.136_1.18681
27.4779_142.6_1.1937
27.6379_143.06_1.32292
27.7372_143.537_1.45215
28.1016_144.272_1.69983
28.0595_144.757_1.57061
28.0802_145.243_1.44138
28.1634_145.723_1.31216
28.3078_146.188_1.18293
28.5109_146.63_1.0537
28.5109_146.63_1.0537
28.7422_147.067_1.14273
28.9418_147.523_1.19087
29.1215_147.989_1.22529
29.2875_148.46_1.24595
29.4437_148.935_1.26661
29.5901_149.412_1.28727
29.746_149.874_1.15805
29.9593_150.314_1.04213
30.0797_151.195_0.823855
30.4254_151.538_0.694629
30.4254_151.538_0.694629
30.626_151.697_0.626615
30.626_151.697_0.626615
31.0321_151.966_0.497389
31.0321_151.966_0.497389
31.4737_152.197_0.449247
31.9253_152.41_0.428585
32.3812_152.615_0.407923
32.8412_152.81_0.387261
33.2953_153.009_0.462719
33.7393_153.237_0.497136
34.3822_153.403_0.580438
34.7996_153.678_0.587328
35.2151_153.956_0.594217
35.6288_154.237_0.601106
36.0404_154.521_0.607995
36.4502_154.807_0.614884
36.8579_155.097_0.621774
37.2636_155.389_0.628663
37.6673_155.684_0.635552
38.4776_156.269_0.635546
38.8737_156.571_0.683688
39.2589_156.889_0.70435
39.6374_157.215_0.725012
40.0109_157.548_0.731901
40.382_157.883_0.73879
40.7509_158.22_0.745679
41.0942_158.565_0.874906
41.3935_158.953_0.990826
42.0926_159.49_1.21971
42.1015_159.514_1.21291
42.1015_159.514_1.21291
42.2912_159.962_1.08368
42.2912_159.962_1.08368
42.536_160.389_0.981165
42.8208_160.796_0.919338
43.1292_161.187_0.871196
43.4549_161.565_0.83678
43.7922_161.934_0.816118
44.1104_162.303_0.945344
44.3876_162.711_1.03437
45.0807_163.229_1.21971
45.4963_163.714_1.05648
45.5217_163.758_1.04287
45.5217_163.758_1.04287
45.7846_164.168_0.913647
46.0981_164.54_0.784421
46.0981_164.54_0.784421
46.2085_164.648_0.743613
46.2085_164.648_0.743613
46.5772_164.985_0.736724
46.9483_165.32_0.729834
47.3217_165.653_0.722945
48.068_166.313_0.709226
48.4506_166.614_0.58
48.8688_166.863_0.450773
49.3156_167.057_0.321547
49.7872_167.196_0.219031
50.2752_167.297_0.170888
50.2752_167.297_0.170888
50.7666_167.371_0.109062
51.2633_167.42_0.0746452
51.7619_167.454_0.0539834
52.2612_167.479_0.0470942
52.7606_167.502_0.040205
52.7606_167.502_0.040205
53.2597_167.525_0.0608668
53.7587_167.557_0.067756
54.2574_167.592_0.0746452
54.7559_167.63_0.0815344
55.2541_167.672_0.0884236
55.2541_167.672_0.0884236
55.752_167.717_0.0953128
56.2496_167.766_0.102202
56.7444_167.825_0.150344
57.2369_167.905_0.184761
58.2225_167.997_0.238317
58.6904_168.132_0.367543
59.1482_168.322_0.443002
60.0234_168.796_0.539128
60.4515_169.028_0.409902
60.9059_169.203_0.280675
61.379_169.318_0.151449
61.863_169.371_0.0222232
62.3498_169.361_-0.107003
62.3498_169.361_-0.107003
62.8421_169.323_-0.0179775
63.3403_169.322_0.0301647
63.8397_169.34_0.0508264
64.3389_169.367_0.0577156
64.838_169.397_0.0646048
64.838_169.397_0.0646048
65.3221_169.449_0.193831
65.7955_169.563_0.323057
66.2613_169.732_0.398515
66.7173_169.933_0.446657
67.1665_170.152_0.467319
67.1665_170.152_0.467319
67.6141_170.374_0.446657
68.0663_170.586_0.425996
68.522_170.792_0.419106
68.9792_170.994_0.412217
69.4228_171.206_0.514734
69.8525_171.459_0.562876
70.6101_171.672_0.676705
71.0006_171.984_0.669815
71.3932_172.294_0.662926
71.788_172.6_0.656037
72.1849_172.904_0.649148
72.5849_173.182_0.519922
73.0205_173.415_0.430896
73.4308_173.819_0.242527
73.9135_173.923_0.153501
74.4061_173.989_0.0916749
74.9036_174.029_0.0572583
75.4028_174.057_0.050369
75.9022_174.081_0.0434798
75.9022_174.081_0.0434798
76.3891_174.081_-0.0857463
76.872_174.019_-0.214972
77.3429_173.895_-0.344199
77.7938_173.712_-0.473425
78.2291_173.475_-0.548883
78.2291_173.475_-0.548883
78.6562_173.215_-0.541994
79.0851_172.958_-0.535104
79.5146_172.702_-0.541994
80.373_172.189_-0.541994
80.7791_171.92_-0.67122
81.1472_171.602_-0.800446
81.4775_171.237_-0.902963
81.7797_170.841_-0.951105
82.0649_170.432_-0.985521
82.0649_170.432_-0.985521
82.1752_170.259_-1.03993
82.1752_170.259_-1.03993
82.4205_169.825_-1.08807
82.6447_169.38_-1.13622
82.8496_168.925_-1.17063
83.1059_168.179_-1.21183
83.2941_167.724_-1.10932
83.5246_167.284_-1.04749
83.7789_166.855_-1.01307
84.0463_166.433_-0.992411
84.3206_166.015_-0.985521
84.3206_166.015_-0.985521
84.5721_165.598_-1.11475
84.7678_165.152_-1.24397
84.9044_164.684_-1.3732
84.9797_164.203_-1.50243
84.9923_163.717_-1.63165
84.9923_163.717_-1.63165
84.9746_163.221_-1.55619
84.9898_162.723_-1.50805
85.0268_162.226_-1.47364
85.0911_161.738_-1.37112
85.1977_161.252_-1.32298
85.3156_160.355_-1.22181
85.5013_159.905_-1.09258
85.743_159.48_-0.976662
86.0877_159.037_-0.813726
86.4068_158.67_-0.942952
86.6759_158.264_-1.07218
86.8904_157.827_-1.2014
87.0468_157.366_-1.33063
87.1424_156.888_-1.45986
87.1424_156.888_-1.45986
87.1989_156.391_-1.45297
87.2566_155.895_-1.45986
87.313_155.398_-1.45297
87.4272_154.405_-1.45297
87.5049_153.924_-1.32374
87.6438_153.457_-1.19452
87.8418_153.012_-1.06529
88.0954_152.597_-0.936063
88.4004_152.217_-0.806837
88.4004_152.217_-0.806837
88.7519_151.88_-0.677611
89.1438_151.591_-0.548385
89.5697_151.355_-0.419158
90.0224_151.176_-0.289932
90.4945_151.057_-0.160706
90.4945_151.057_-0.160706
90.9833_150.967_-0.222533
91.4624_150.88_-0.0933066
91.9486_150.855_0.0359195
92.5394_150.432_0.282822
93.0008_150.588_0.412048
93.4383_150.801_0.541274
93.8446_151.07_0.6705
94.2129_151.388_0.799726
94.5371_151.751_0.928952
94.5371_151.751_0.928952
94.8448_152.129_0.799726
95.1986_152.463_0.6705
95.5941_152.755_0.567983
96.0185_153.014_0.506157
96.4577_153.251_0.47174
96.4577_153.251_0.47174
96.9044_153.475_0.451078
97.3548_153.692_0.444189
97.8068_153.906_0.4373
98.2602_154.116_0.430411
98.715_154.324_0.423521
98.715_154.324_0.423521
99.1691_154.533_0.444183
99.6201_154.748_0.451072
100.07_154.967_0.457962
100.517_155.189_0.464851
100.964_155.415_0.47174
100.964_155.415_0.47174
101.407_155.617_0.342514
101.872_155.761_0.213288
102.351_155.844_0.0840616
102.838_155.864_-0.0451645
103.323_155.822_-0.174391
103.323_155.822_-0.174391
103.806_155.758_-0.0451645
104.293_155.756_0.0840616
104.776_155.818_0.213288
105.247_155.941_0.342514
105.698_156.124_0.47174
105.698_156.124_0.47174
106.141_156.326_0.342514
106.606_156.47_0.213288
107.085_156.553_0.0840616
107.572_156.573_-0.0451645
108.057_156.531_-0.174391
108.057_156.531_-0.174391
108.54_156.467_-0.0451645
109.027_156.465_0.0840616
109.51_156.527_0.213288
109.981_156.65_0.342514
110.432_156.833_0.47174
110.432_156.833_0.47174
110.877_157.061_0.478629
111.32_157.292_0.485518
111.763_157.525_0.478629
112.649_157.988_0.478629
113.092_158.219_0.485518
113.535_158.452_0.478629
113.978_158.683_0.485518
114.864_159.147_0.485518
115.284_159.392_0.614745
115.67_159.689_0.743971
116.014_160.034_0.873197
116.311_160.42_1.00242
116.555_160.841_1.13165
116.555_160.841_1.13165
116.78_161.273_1.00242
117.06_161.671_0.873197
117.388_162.031_0.743971
117.76_162.345_0.614745
118.172_162.621_0.539286
118.172_162.621_0.539286
118.603_162.867_0.47746
119.049_163.091_0.443043
119.502_163.303_0.422381
119.959_163.506_0.415492
120.417_163.707_0.408603
120.417_163.707_0.408603
120.875_163.907_0.415492
121.332_164.11_0.422381
121.787_164.316_0.429271
122.695_164.735_0.429271
123.149_164.944_0.43616
123.603_165.154_0.429271
124.057_165.364_0.43616
124.965_165.783_0.43616
125.414_165.97_0.306934
125.884_166.097_0.177708
126.367_166.163_0.0484815
126.861_166.172_-0.0405439
127.358_166.144_-0.0886861
127.358_166.144_-0.0886861
127.844_166.121_0.0405401
128.33_166.162_0.169766
128.806_166.264_0.298992
129.264_166.427_0.428218
129.631_166.611_0.53704
129.631_166.611_0.53704
130.039_166.877_0.666267
130.408_167.194_0.795493
130.734_167.556_0.924719
131.01_167.957_1.05394
131.233_168.39_1.18317
131.233_168.39_1.18317
131.436_168.833_1.05394
131.694_169.245_0.924719
132.003_169.621_0.795493
132.359_169.954_0.666267
132.755_170.245_0.56375
132.755_170.245_0.56375
133.18_170.496_0.474724
133.627_170.717_0.426582
134.083_170.921_0.40592
134.544_171.115_0.385259
135.008_171.302_0.378369
135.008_171.302_0.378369
135.473_171.485_0.37148
135.939_171.666_0.364591
136.406_171.845_0.37148
137.338_172.205_0.37148
137.805_172.385_0.364591
138.271_172.564_0.37148
138.738_172.745_0.364591
139.671_173.105_0.364591
140.137_173.284_0.37148
140.604_173.464_0.364591
141.07_173.644_0.37148
142.003_174.004_0.37148
142.47_174.184_0.364591
142.936_174.363_0.37148
143.403_174.544_0.364591
144.336_174.903_0.364591
144.797_175.058_0.235365
145.275_175.151_0.106139
145.766_175.187_0.00362204
146.263_175.178_-0.0582045
146.761_175.143_-0.0926211
146.761_175.143_-0.0926211
