configuration -14.0353517532_151.94859314_0.0_1.0_147.259887695_176.039077759_0.145212769539_0.989400450557
length 192.372
time 21.804
roughness 9.82151e-05
-14.0354_151.949_-0
-13.5489_151.928_-0.129226
-13.0692_151.845_-0.258452
-12.6041_151.701_-0.387678
-12.1616_151.498_-0.516904
-11.7456_151.24_-0.632825
-11.3411_150.969_-0.503599
-10.9026_150.746_-0.401082
-10.4411_150.561_-0.339256
-9.96861_150.401_-0.304839
-9.49135_150.252_-0.29795
-9.02028_150.129_-0.168724
-8.53727_150.067_-0.0394977
-8.05038_150.069_0.0897284
-7.56773_150.133_0.218954
-7.09737_150.259_0.348181
-6.63307_150.405_0.218954
-6.15375_150.491_0.0897284
-5.6674_150.514_-0.0394977
-5.18215_150.474_-0.168724
-4.70607_150.372_-0.29795
-4.23499_150.249_-0.168724
-3.75198_150.187_-0.0394977
-3.25817_150.182_0.0495277
-2.76103_150.215_0.0976698
-2.26492_150.269_0.132086
-1.77007_150.339_0.152748
-1.2761_150.416_0.159637
-0.782678_150.496_0.166527
-0.289822_150.58_0.173416
0.202839_150.666_0.166527
0.695695_150.75_0.173416
1.18836_150.835_0.166527
1.68121_150.919_0.173416
2.17387_151.004_0.166527
2.66673_151.088_0.173416
3.14945_151.152_0.0441897
3.63633_151.152_-0.0850364
4.11928_151.091_-0.214263
4.59022_150.967_-0.343489
5.04131_150.784_-0.472715
5.48381_150.581_-0.343489
5.94879_150.436_-0.214263
6.42851_150.353_-0.0850364
6.91496_150.332_0.0441897
7.40279_150.372_0.160111
7.89654_150.451_0.153221
8.39047_150.528_0.160111
8.88422_150.607_0.153221
9.37815_150.684_0.160111
9.8719_150.763_0.153221
10.3658_150.84_0.160111
10.8592_150.921_0.167
11.352_151.006_0.173889
11.8442_151.093_0.180778
12.3359_151.184_0.187667
12.8176_151.255_0.0584412
13.3044_151.262_-0.0707849
13.7882_151.207_-0.200011
14.2609_151.091_-0.329237
14.7145_150.914_-0.458463
15.1599_150.717_-0.329237
15.6269_150.579_-0.200011
16.1077_150.503_-0.0707849
16.597_150.487_0.0451359
17.0929_150.519_0.106962
17.5885_150.578_0.141379
18.0827_150.652_0.162041
18.5759_150.734_0.16893
19.0686_150.819_0.175819
19.5606_150.908_0.182708
20.0382_151.015_0.298629
20.5081_151.173_0.374087
20.9705_151.36_0.408504
21.4277_151.562_0.429166
21.8806_151.773_0.449828
22.3277_151.966_0.320601
22.7958_152.1_0.191375
23.2773_152.172_0.0621492
23.7641_152.182_-0.0670769
24.2481_152.128_-0.196303
24.7292_152.054_-0.0670769
25.216_152.042_0.0621492
25.7002_152.093_0.191375
26.1738_152.205_0.320601
26.629_152.378_0.449828
27.0776_152.574_0.333907
27.5504_152.727_0.27208
28.0327_152.856_0.237664
28.5191_152.97_0.217002
29.0076_153.077_0.210113
29.4963_153.182_0.217002
29.9843_153.291_0.223891
30.4715_153.403_0.23078
30.9585_153.516_0.223891
31.4457_153.628_0.23078
31.9145_153.76_0.360006
32.3625_153.95_0.489233
32.7822_154.197_0.618459
33.1666_154.496_0.747685
33.5093_154.842_0.876911
33.8363_155.203_0.747685
34.207_155.518_0.618459
34.6153_155.784_0.489233
35.0544_155.994_0.360006
35.5224_156.157_0.284548
35.9835_156.313_0.413774
36.4206_156.528_0.543
36.8264_156.797_0.672227
37.1942_157.116_0.801453
37.5178_157.48_0.930679
37.8249_157.857_0.801453
38.1781_158.193_0.672227
38.5716_158.479_0.543
38.9987_158.713_0.413774
39.4524_158.89_0.284548
39.9135_159.046_0.413774
40.3597_159.258_0.5028
40.7923_159.505_0.550942
41.2145_159.771_0.585359
41.6291_160.05_0.60602
42.0407_160.31_0.476794
42.4823_160.515_0.347568
42.9467_160.661_0.218342
43.4261_160.747_0.0891158
43.9125_160.769_-0.0401103
44.3993_160.77_0.0891158
44.882_160.834_0.218342
45.3525_160.96_0.347568
45.806_161.144_0.463489
46.2436_161.376_0.538947
46.6649_161.64_0.600774
47.0733_161.927_0.63519
47.4735_162.226_0.655852
47.869_162.532_0.662741
48.2624_162.841_0.66963
48.6566_163.126_0.540404
49.0844_163.359_0.411178
49.5385_163.534_0.281952
50.0115_163.65_0.152726
50.4954_163.704_0.0234998
50.9813_163.736_0.152726
51.4619_163.829_0.268647
51.9362_163.972_0.344105
52.4041_164.146_0.378522
52.8671_164.334_0.399183
53.3188_164.538_0.474641
53.7582_164.772_0.522784
54.1894_165.025_0.543445
54.6153_165.286_0.564107
55.0372_165.554_0.570996
55.4576_165.8_0.44177
55.9062_165.989_0.312544
56.379_166.125_0.210027
56.8672_166.218_0.148201
57.3616_166.286_0.113784
57.8425_166.362_0.24301
58.3097_166.499_0.372236
58.7667_166.691_0.447694
59.2123_166.914_0.495837
59.6485_167.156_0.530253
60.0779_167.412_0.550915
60.5018_167.676_0.571577
60.9217_167.948_0.578466
61.3396_168.222_0.585355
61.7557_168.499_0.592244
62.1709_168.754_0.463018
62.6153_168.952_0.333792
63.0817_169.092_0.204566
63.5622_169.171_0.0753399
64.0488_169.187_-0.0538862
64.4332_169.179_0.0481344
64.6123_169.19_0.0957441
64.7144_169.201_0.12295
64.7398_169.204_0.129751
64.7652_169.208_0.136552
65.2443_169.294_0.265778
65.7083_169.442_0.395005
66.1526_169.648_0.510925
66.5787_169.901_0.586383
66.9892_170.183_0.634526
67.3687_170.488_0.763752
67.7058_170.839_0.892978
67.9948_171.231_1.0222
68.2308_171.657_1.15143
68.4101_172.11_1.28066
68.569_172.57_1.15143
68.7859_173.006_1.0222
69.0572_173.41_0.892978
69.3783_173.776_0.763752
69.7439_174.098_0.634526
70.1479_174.369_0.5053
70.5836_174.587_0.376073
71.0436_174.746_0.246847
71.5204_174.845_0.117621
72.0059_174.882_-0.011605
72.4921_174.855_-0.140831
72.9708_174.767_-0.270057
73.4372_174.618_-0.385978
73.8938_174.422_-0.447805
74.3411_174.2_-0.482221
74.7822_173.966_-0.502883
75.2184_173.722_-0.523545
75.6508_173.471_-0.530434
76.0815_173.217_-0.537323
76.5104_172.96_-0.544212
76.9372_172.726_-0.414986
77.3907_172.549_-0.28576
77.8633_172.431_-0.156534
78.3546_172.366_-0.0810758
78.8524_172.332_-0.0466591
79.3374_172.288_-0.175885
79.8127_172.183_-0.305111
80.2705_172.017_-0.434338
80.6585_171.819_-0.549961
80.7671_171.751_-0.583968
80.7884_171.736_-0.590769
81.181_171.448_-0.719995
81.5331_171.112_-0.849221
81.8389_170.733_-0.978447
82.0965_170.317_-1.09437
82.3127_169.871_-1.16983
82.5208_169.428_-1.05391
82.7753_169.001_-0.992079
83.053_168.586_-0.957662
83.3433_168.18_-0.937001
83.6403_167.778_-0.930112
83.9146_167.375_-1.05934
84.1347_166.941_-1.18856
84.3053_166.478_-1.27759
84.4416_165.998_-1.32573
84.5572_165.513_-1.36015
84.6777_165.038_-1.24423
84.8468_164.571_-1.1824
85.0411_164.111_-1.14798
85.2492_163.657_-1.12732
85.4667_163.207_-1.10666
85.6916_162.761_-1.09977
85.9195_162.316_-1.09288
86.1484_161.871_-1.09977
86.3763_161.426_-1.09288
86.6052_160.982_-1.09977
86.8076_160.539_-1.229
86.9593_160.069_-1.31802
87.0762_159.585_-1.36616
87.172_159.095_-1.40058
87.2556_158.602_-1.40747
87.3535_158.122_-1.29155
87.502_157.649_-1.21609
87.6825_157.185_-1.16795
87.8834_156.728_-1.13353
88.0999_156.279_-1.09912
88.3216_155.831_-1.13353
88.53_155.377_-1.15419
88.7313_154.92_-1.16108
88.9294_154.461_-1.16797
89.1243_154_-1.17486
89.331_153.559_-1.04564
89.5927_153.149_-0.91641
89.9052_152.775_-0.787184
90.2632_152.445_-0.657958
90.6607_152.164_-0.528732
91.0911_151.937_-0.399506
91.5473_151.766_-0.27028
92.0216_151.656_-0.141053
92.5061_151.609_-0.0118274
92.9928_151.623_0.117399
93.4735_151.701_0.246625
93.9402_151.84_0.375851
94.3851_152.037_0.505077
94.8008_152.291_0.634303
95.1027_152.529_0.736324
95.4781_152.847_0.633807
95.8845_153.133_0.571981
96.3073_153.398_0.537564
96.7382_153.651_0.516902
97.1734_153.897_0.510013
97.6121_154.133_0.461871
98.0609_154.353_0.441209
98.5135_154.565_0.43432
98.9675_154.775_0.427431
99.423_154.981_0.420541
99.8798_155.184_0.413652
100.337_155.386_0.420541
100.794_155.589_0.413652
101.251_155.791_0.420541
101.708_155.994_0.413652
102.166_156.196_0.420541
102.622_156.399_0.413652
103.08_156.601_0.420541
103.537_156.804_0.413652
103.994_157.006_0.420541
104.446_157.186_0.291315
104.918_157.306_0.162089
105.402_157.364_0.032863
105.889_157.359_-0.0963631
106.371_157.292_-0.225589
106.85_157.203_-0.0963631
107.336_157.177_0.032863
107.821_157.214_0.162089
108.298_157.313_0.291315
108.769_157.467_0.366773
109.231_157.653_0.414916
109.686_157.859_0.449332
110.134_158.079_0.469994
110.579_158.307_0.476883
111.023_158.537_0.483772
111.463_158.745_0.354546
111.927_158.895_0.22532
112.405_158.983_0.096094
112.892_159.01_-0.0331321
113.377_158.973_-0.162358
113.86_158.915_-0.0331321
114.347_158.919_0.096094
114.83_158.986_0.22532
115.302_159.114_0.341241
115.767_159.29_0.403067
116.224_159.491_0.437484
116.675_159.706_0.458146
117.122_159.93_0.478808
117.565_160.161_0.485697
118.006_160.395_0.492586
118.447_160.631_0.485697
118.889_160.865_0.492586
119.33_161.101_0.485697
119.772_161.335_0.492586
120.213_161.57_0.485697
120.633_161.816_0.614923
121.019_162.113_0.744149
121.363_162.458_0.873375
121.659_162.844_1.0026
121.904_163.265_1.13183
122.095_163.716_1.24775
122.24_164.19_1.32321
122.354_164.675_1.37135
122.45_165.165_1.39201
122.536_165.657_1.41267
122.633_166.134_1.28345
122.79_166.595_1.15422
123.006_167.032_1.02499
123.276_167.437_0.895768
123.596_167.804_0.766541
123.961_168.126_0.637315
124.364_168.399_0.508089
124.802_168.626_0.419064
125.261_168.822_0.370922
125.728_169_0.35026
126.198_169.168_0.329598
126.672_169.329_0.322709
127.146_169.486_0.31582
127.622_169.64_0.308931
128.098_169.793_0.31582
128.566_169.925_0.186594
129.048_169.995_0.0573675
129.535_170.002_-0.0718586
130.019_169.947_-0.201085
130.497_169.832_-0.303602
130.968_169.706_-0.174375
131.45_169.642_-0.0451493
131.937_169.641_0.0840768
132.42_169.702_0.213303
132.899_169.821_0.302328
133.37_169.946_0.173102
133.853_170.01_0.0438761
134.34_170.01_-0.08535
134.823_169.948_-0.214576
135.293_169.825_-0.343802
135.758_169.68_-0.214576
136.238_169.597_-0.08535
136.724_169.576_0.0438761
137.21_169.618_0.173102
137.685_169.722_0.302328
138.143_169.886_0.431554
138.588_170.105_0.507013
139.02_170.354_0.555155
139.443_170.62_0.575817
139.861_170.893_0.582706
140.278_171.169_0.589595
140.693_171.448_0.596484
141.106_171.73_0.603373
141.517_172.015_0.610263
141.926_172.302_0.617152
142.335_172.591_0.610263
142.744_172.878_0.617152
143.152_173.166_0.610263
143.562_173.452_0.603373
143.973_173.737_0.610263
144.384_173.999_0.481036
144.827_174.211_0.37852
145.293_174.388_0.330378
145.767_174.544_0.295961
146.246_174.687_0.275299
146.709_174.839_0.404525
147.148_175.049_0.533751
147.556_175.315_0.662978
147.927_175.63_0.792204
148.254_175.991_0.92143
