configuration 133.385482788_115.927223206_-0.986328190641_0.164792901387_34.5528411865_13.6445770264_-0.541385985877_0.840774175564
length 188.467
time 29.2243
roughness 8.71057e-05
133.385_115.927_-2.8105
132.919_115.789_-2.93972
132.434_115.706_-3.04224
131.938_115.667_-3.10407
131.439_115.654_-3.13848
130.939_115.654_-3.14537
130.453_115.635_-3.01615
129.973_115.554_-2.88692
129.507_115.411_-2.75769
129.179_115.266_-2.66247
129.156_115.255_-2.65567
128.716_115.046_-2.7849
128.249_114.887_-2.87392
127.766_114.763_-2.92207
127.278_114.66_-2.95648
126.786_114.571_-2.97714
126.31_114.471_-2.84792
125.839_114.316_-2.77246
125.376_114.13_-2.73804
124.918_113.931_-2.71738
124.464_113.722_-2.69672
124.011_113.51_-2.71738
123.555_113.306_-2.72427
123.097_113.104_-2.73116
122.639_112.906_-2.73805
122.179_112.708_-2.73116
121.741_112.495_-2.60193
121.335_112.228_-2.47271
120.966_111.91_-2.34348
120.641_111.547_-2.21426
120.357_111.143_-2.12523
120.083_110.741_-2.25446
119.76_110.377_-2.38368
119.392_110.057_-2.51291
118.987_109.788_-2.64214
118.55_109.573_-2.77136
118.089_109.416_-2.90059
117.611_109.32_-3.02981
117.126_109.286_-3.15904
116.64_109.315_-3.28827
116.15_109.398_-3.35009
115.669_109.479_-3.22087
115.183_109.497_-3.09164
114.695_109.454_-2.97572
114.209_109.359_-2.90026
113.725_109.235_-2.86584
113.263_109.082_-2.73662
112.824_108.872_-2.60739
112.416_108.606_-2.47817
112.039_108.29_-2.37565
111.685_107.939_-2.32751
111.347_107.573_-2.29309
111.019_107.195_-2.27243
110.697_106.813_-2.26554
110.378_106.428_-2.25865
110.062_106.041_-2.25176
109.771_105.65_-2.12254
109.534_105.225_-1.99331
109.353_104.773_-1.86408
109.232_104.301_-1.73486
109.173_103.818_-1.60563
109.177_103.331_-1.4764
109.243_102.849_-1.34718
109.371_102.379_-1.21795
109.554_101.918_-1.14249
109.768_101.469_-1.09435
109.99_101.022_-1.14249
110.192_100.566_-1.17691
110.38_100.103_-1.19757
110.562_99.6372_-1.20446
110.74_99.17_-1.21135
110.919_98.7034_-1.19069
111.107_98.2407_-1.17003
111.303_97.7808_-1.16314
111.503_97.3223_-1.15625
111.705_96.8651_-1.14936
111.912_96.4106_-1.1287
112.127_95.9592_-1.12181
112.345_95.5093_-1.11492
112.567_95.0609_-1.10803
112.791_94.614_-1.10114
113.022_94.1716_-1.06672
113.266_93.7357_-1.04606
113.519_93.305_-1.0254
113.78_92.8782_-1.01851
114.043_92.4532_-1.01162
114.314_92.0351_-0.963481
114.604_91.6286_-0.929064
114.905_91.2304_-0.908402
115.214_90.8369_-0.901513
115.525_90.4455_-0.894624
115.813_90.0531_-1.02385
116.049_89.6269_-1.15308
116.227_89.1739_-1.2823
116.348_88.6997_-1.39822
116.424_88.2084_-1.46005
116.494_87.7217_-1.35753
116.608_87.2366_-1.30939
116.742_86.7559_-1.27497
116.891_86.279_-1.25431
117.048_85.8042_-1.24742
117.183_85.3364_-1.37665
117.256_84.8551_-1.50588
117.267_84.3684_-1.6351
117.216_83.8842_-1.76433
117.105_83.4051_-1.86684
116.983_82.9338_-1.73762
116.922_82.4507_-1.60839
116.924_81.9638_-1.47917
116.984_81.4736_-1.39014
117.081_80.9849_-1.342
117.212_80.5159_-1.21277
117.402_80.0675_-1.08355
117.648_79.6473_-0.95432
117.946_79.2623_-0.825094
118.291_78.919_-0.695868
118.668_78.5935_-0.74401
119.033_78.2526_-0.764672
119.392_77.9042_-0.785333
119.744_77.5499_-0.792222
120.095_77.1931_-0.799112
120.448_76.8441_-0.737285
120.822_76.5128_-0.702869
121.205_76.1925_-0.682207
121.595_75.8801_-0.661545
121.99_75.5738_-0.654656
122.364_75.2613_-0.783882
122.694_74.9032_-0.913108
122.975_74.5056_-1.04233
123.202_74.0751_-1.17156
123.372_73.6189_-1.30079
123.516_73.1447_-1.22533
123.693_72.6787_-1.17719
123.887_72.2186_-1.15652
124.092_71.7626_-1.13586
124.303_71.3097_-1.12897
124.504_70.8565_-1.20443
124.675_70.3886_-1.25257
124.828_69.9129_-1.27324
124.971_69.4342_-1.2939
125.107_68.953_-1.30079
125.217_68.4787_-1.43001
125.264_67.9941_-1.55924
125.249_67.5075_-1.68846
125.172_67.0268_-1.81769
125.033_66.5601_-1.94692
124.835_66.1153_-2.07614
124.582_65.6996_-2.20537
124.277_65.3201_-2.3346
123.925_64.9736_-2.42362
123.544_64.6544_-2.48545
123.144_64.3677_-2.58796
122.716_64.1152_-2.64979
122.273_63.8845_-2.68421
121.824_63.667_-2.70487
121.369_63.4587_-2.72553
120.916_63.281_-2.85476
120.444_63.1632_-2.98398
119.954_63.1001_-3.07301
119.459_63.0785_-3.14847
118.961_63.0899_-3.19661
118.474_63.096_-3.06738
117.99_63.0394_-2.93816
117.51_62.9254_-2.84913
117.037_62.7724_-2.7873
116.571_62.5939_-2.75289
116.128_62.3904_-2.62366
115.704_62.1344_-2.5482
115.296_61.8492_-2.50006
114.899_61.546_-2.46564
114.512_61.2307_-2.44498
114.125_60.9344_-2.57421
113.701_60.6814_-2.66323
113.255_60.4592_-2.71138
112.799_60.2562_-2.74579
112.337_60.0668_-2.76646
111.873_59.8805_-2.74579
111.414_59.6847_-2.72513
110.957_59.4814_-2.71824
110.501_59.2749_-2.71135
110.047_59.0674_-2.71824
109.594_58.8572_-2.68383
109.146_58.6352_-2.67694
108.699_58.4102_-2.67005
108.255_58.182_-2.66316
107.811_57.9508_-2.65627
107.371_57.7421_-2.7855
106.905_57.5864_-2.88801
106.421_57.4716_-2.94984
105.93_57.3821_-2.98425
105.436_57.3072_-3.00492
104.952_57.2238_-2.9024
104.47_57.098_-2.85426
103.993_56.9511_-2.81984
103.52_56.7898_-2.79918
103.049_56.6209_-2.79229
102.584_56.4429_-2.74415
102.126_56.2444_-2.70973
101.673_56.0322_-2.68907
101.224_55.8125_-2.68218
100.777_55.5898_-2.67529
100.351_55.3527_-2.54607
99.9604_55.0627_-2.41684
99.5977_54.725_-2.34138
99.2542_54.3629_-2.30696
98.9212_53.9904_-2.2863
98.5865_53.6367_-2.41553
98.2091_53.3292_-2.54475
97.7932_53.0667_-2.64727
97.3509_52.8399_-2.7091
96.8954_52.636_-2.74351
96.439_52.4664_-2.87274
95.9645_52.3571_-3.00197
95.4799_52.3098_-3.13119
94.9933_52.3254_-3.26042
94.5049_52.3984_-3.34944
94.0246_52.4785_-3.22022
93.538_52.4962_-3.09099
93.0533_52.451_-2.96177
92.5783_52.3437_-2.83254
92.1212_52.1761_-2.70331
91.6756_51.9559_-2.64149
91.2404_51.7116_-2.60707
90.8122_51.4541_-2.58641
90.3879_51.1896_-2.57952
89.9655_50.9222_-2.57263
89.5449_50.6518_-2.56574
89.1262_50.3786_-2.55885
88.7094_50.1025_-2.55196
88.2945_49.8236_-2.54507
87.8802_49.5437_-2.55196
87.4653_49.2647_-2.54507
87.051_48.9848_-2.55196
86.6361_48.7058_-2.54507
86.2219_48.4259_-2.55196
85.807_48.147_-2.54507
85.3927_47.867_-2.55196
84.9778_47.5881_-2.54507
84.5636_47.3082_-2.55196
84.1487_47.0292_-2.54507
83.7344_46.7493_-2.55196
83.3186_46.496_-2.68119
82.8689_46.2843_-2.74302
82.4067_46.0959_-2.77743
81.9386_45.9212_-2.79809
81.467_45.7561_-2.81876
80.9991_45.6213_-2.94798
80.5178_45.548_-3.07721
80.031_45.5373_-3.20643
79.5469_45.5894_-3.33566
79.0736_45.7035_-3.46489
78.6058_45.8384_-3.33566
78.1245_45.912_-3.20643
77.6377_45.9229_-3.07721
77.1536_45.871_-2.94798
76.6698_45.7636_-2.87252
76.1881_45.6295_-2.86563
75.7074_45.4922_-2.85875
75.2276_45.3516_-2.85186
74.7488_45.2076_-2.84497
74.2704_45.0626_-2.85186
73.8101_44.9039_-2.72263
73.3708_44.6878_-2.60671
72.9485_44.4257_-2.54488
72.5389_44.1406_-2.51047
72.1376_43.843_-2.4898
71.7408_43.5388_-2.48292
71.3461_43.2318_-2.47603
70.9536_42.9222_-2.46914
70.5632_42.6099_-2.46225
70.1735_42.2967_-2.46914
69.8058_41.9775_-2.33991
69.4759_41.6128_-2.23739
69.1767_41.2159_-2.17557
68.8976_40.8021_-2.14115
68.6307_40.3797_-2.12049
68.359_39.9757_-2.24971
68.0375_39.61_-2.37894
67.6715_39.2889_-2.50817
67.2672_39.0176_-2.63739
66.8288_38.7947_-2.73991
66.373_38.6235_-2.86914
65.899_38.5125_-2.99836
65.4145_38.4635_-3.12759
64.9278_38.4773_-3.25681
64.447_38.5537_-3.38604
63.97_38.6514_-3.25681
63.482_38.6891_-3.14089
62.9866_38.6764_-3.06544
62.4894_38.6327_-3.03102
61.9932_38.5741_-3.01036
61.5136_38.49_-2.88113
61.0489_38.3448_-2.7519
60.6067_38.1409_-2.62268
60.1881_37.8827_-2.52016
59.7901_37.5851_-2.45834
59.3998_37.294_-2.58756
58.9752_37.0556_-2.71679
58.5235_36.8739_-2.84601
58.0521_36.752_-2.97524
57.569_36.6918_-3.10447
57.0836_36.6531_-2.97524
56.6073_36.5522_-2.84601
56.148_36.3907_-2.71679
55.7133_36.1715_-2.58756
55.3071_35.8982_-2.47164
54.9239_35.5817_-2.40981
54.5565_35.2439_-2.3754
54.1988_34.895_-2.35474
53.8485_34.5388_-2.33407
53.5037_34.1767_-2.32718
53.1548_33.8371_-2.45641
52.7651_33.5452_-2.58564
52.3398_33.3029_-2.70156
51.8863_33.1031_-2.77702
51.418_32.9305_-2.81143
50.9645_32.7533_-2.68221
50.5376_32.5191_-2.55298
50.1351_32.2329_-2.46396
49.7544_31.9134_-2.40213
49.3895_31.5729_-2.36771
49.0272_31.2477_-2.49694
48.626_30.9718_-2.62616
48.1926_30.75_-2.75539
47.7342_30.5859_-2.88462
47.2584_30.4822_-3.01384
46.7733_30.4407_-3.14307
46.2869_30.4621_-3.27229
45.8073_30.5459_-3.40152
45.3425_30.6909_-3.53075
44.9002_30.8945_-3.65997
44.4675_31.1176_-3.53075
44.0096_31.2831_-3.40152
43.5341_31.3882_-3.27229
43.0491_31.4311_-3.14307
42.5555_31.4173_-3.05404
42.0727_31.3542_-2.92482
41.5991_31.2308_-2.8089
41.1348_31.0573_-2.73344
40.6791_30.8539_-2.69902
40.229_30.6368_-2.67836
39.803_30.401_-2.54913
39.411_30.1123_-2.41991
39.0595_29.7754_-2.29068
38.7543_29.396_-2.16146
38.5005_28.9805_-2.03223
38.2654_28.5541_-2.16146
37.9774_28.1616_-2.29068
37.6412_27.8094_-2.41991
37.2624_27.5035_-2.54913
36.8473_27.249_-2.67836
36.3981_27.0336_-2.7265
35.9391_26.8375_-2.76092
35.4739_26.6551_-2.78158
35.0056_26.48_-2.78847
34.5361_26.3082_-2.79536
34.0855_26.1237_-2.66613
33.6625_25.8827_-2.53691
33.274_25.5892_-2.40768
32.9266_25.248_-2.27845
32.6261_24.865_-2.14923
32.3774_24.4464_-2.02
32.1847_23.9992_-1.89078
32.0513_23.531_-1.76155
31.9793_23.0494_-1.63232
31.97_22.5626_-1.5031
32.0199_22.0734_-1.40058
32.1121_21.5838_-1.35244
32.2258_21.0978_-1.31802
32.3541_20.6149_-1.29736
32.4923_20.1347_-1.2767
32.6384_19.6566_-1.26981
32.7877_19.1794_-1.26292
32.9403_18.7033_-1.25603
33.094_18.2276_-1.26292
33.2466_17.7514_-1.25603
33.4003_17.2757_-1.26292
33.5507_16.7989_-1.26981
33.7_16.3217_-1.26292
33.8526_15.8456_-1.25603
34.0063_15.3699_-1.26292
34.1648_14.8976_-1.21478
34.3422_14.4305_-1.19412
34.5272_13.966_-1.18723
