configuration 176.556686401_134.7056427_-0.977472527886_0.211062685542_59.5791053772_36.8438796997_0.982426073578_-0.18665210943
length 188.648
time 300
roughness 7.61391e-05
176.557_134.706_-2.71627
176.1_134.507_-2.76441
175.634_134.329_-2.79883
175.162_134.164_-2.81949
174.687_134.009_-2.84015
174.209_133.862_-2.84704
173.73_133.718_-2.85393
173.27_133.56_-2.7247
172.822_133.348_-2.64925
171.925_133.206_-2.49914
171.884_133.176_-2.51274
171.884_133.176_-2.51274
171.476_132.897_-2.60177
171.045_132.648_-2.64991
170.602_132.417_-2.68433
170.152_132.2_-2.70499
169.698_131.992_-2.72565
169.24_131.791_-2.73254
168.802_131.578_-2.60331
168.388_131.312_-2.5008
167.576_131.11_-2.28305
167.243_130.755_-2.41227
166.865_130.44_-2.51479
166.457_130.157_-2.57662
166.032_129.897_-2.62476
165.595_129.655_-2.65917
165.151_129.427_-2.67984
164.724_129.191_-2.55061
164.323_128.904_-2.46158
163.443_128.648_-2.27624
163.112_128.291_-2.40547
162.737_127.98_-2.5347
162.326_127.719_-2.66392
161.908_127.524_-2.78635
161.739_127.464_-2.83396
161.739_127.464_-2.83396
160.837_127.231_-2.76594
160.371_127.056_-2.81409
159.897_126.898_-2.83475
159.419_126.751_-2.85541
158.939_126.611_-2.8623
158.458_126.474_-2.86919
157.995_126.323_-2.73996
157.553_126.115_-2.62404
156.981_126.102_-2.40623
156.606_125.774_-2.45437
156.218_125.46_-2.47503
155.823_125.153_-2.49569
155.422_124.855_-2.51635
155.023_124.557_-2.46821
154.634_124.243_-2.44755
154.138_123.98_-2.37715
153.891_123.757_-2.46557
153.891_123.757_-2.46557
153.498_123.468_-2.5948
153.498_123.468_-2.5948
152.909_123.159_-2.75803
152.473_123.009_-2.89406
151.997_122.91_-3.02329
151.511_122.873_-3.15251
151.178_122.886_-3.24093
151.076_122.897_-3.26813
151.051_122.901_-3.27494
151.051_122.901_-3.27494
150.546_122.987_-3.41096
150.068_123.102_-3.30845
149.577_123.172_-3.23299
149.08_123.21_-3.18485
148.581_123.228_-3.16418
148.082_123.236_-3.14352
147.582_123.233_-3.12286
147.096_123.203_-2.99364
146.615_123.113_-2.87771
145.727_123.16_-2.66161
145.287_122.924_-2.62719
144.854_122.675_-2.60653
144.424_122.419_-2.59964
143.997_122.16_-2.59275
143.571_121.899_-2.58586
143.571_121.899_-2.58586
143.152_121.629_-2.53772
142.742_121.342_-2.51706
142.339_121.047_-2.49639
141.94_120.746_-2.48951
141.544_120.442_-2.48262
141.149_120.135_-2.47573
140.779_119.818_-2.3465
140.45_119.456_-2.23058
139.72_118.958_-2.0017
139.498_118.525_-2.13093
139.498_118.525_-2.13093
139.222_118.123_-2.26016
138.897_117.761_-2.38938
138.527_117.444_-2.51861
138.12_117.177_-2.64783
137.682_116.964_-2.77706
137.682_116.964_-2.77706
137.22_116.81_-2.90629
136.742_116.717_-3.03551
136.252_116.681_-3.13803
135.755_116.69_-3.19986
135.257_116.725_-3.23427
134.642_116.952_-3.24636
134.151_116.987_-3.14384
133.656_116.975_-3.06838
133.161_116.929_-3.00655
132.666_116.858_-2.98589
132.173_116.777_-2.96523
131.432_116.517_-2.96922
130.956_116.414_-2.83999
130.498_116.249_-2.71077
130.199_116.101_-2.62235
130.023_115.996_-2.56794
129.937_115.94_-2.54073
129.937_115.94_-2.54073
129.851_115.886_-2.51353
129.586_115.684_-2.42511
129.289_115.427_-2.37686
128.925_115.085_-2.41127
128.55_114.755_-2.43193
128.169_114.432_-2.4526
127.781_114.117_-2.47326
127.388_113.808_-2.48015
126.993_113.502_-2.48704
126.594_113.222_-2.61626
126.162_112.993_-2.73218
125.52_112.381_-2.94724
125.046_112.267_-2.81801
124.586_112.095_-2.7155
124.137_111.88_-2.65367
123.701_111.639_-2.60553
123.275_111.379_-2.57111
122.856_111.107_-2.55045
122.441_110.853_-2.67968
121.993_110.646_-2.7687
121.36_110.013_-2.94724
120.876_109.937_-3.06316
120.381_109.91_-3.13862
119.883_109.917_-3.18676
119.385_109.945_-3.22118
118.888_109.991_-3.25559
118.392_110.051_-3.27626
117.907_110.096_-3.14703
117.415_110.082_-3.04451
116.562_110.347_-2.83945
116.247_110.239_-2.75103
115.805_110.034_-2.6218
115.629_109.929_-2.56739
115.586_109.901_-2.55379
115.565_109.887_-2.54699
115.565_109.887_-2.54699
115.173_109.597_-2.41776
114.822_109.26_-2.28854
114.518_108.88_-2.15931
114.265_108.464_-2.03008
114.068_108.018_-1.90086
114.068_108.018_-1.90086
113.896_107.554_-1.97632
113.692_107.099_-2.02446
113.468_106.653_-2.05887
113.231_106.213_-2.07954
112.981_105.782_-2.12768
112.714_105.36_-2.14834
112.341_104.788_-2.17945
112.063_104.374_-2.13131
111.802_103.949_-2.09689
111.554_103.515_-2.07623
111.313_103.077_-2.06934
111.075_102.637_-2.06245
110.84_102.196_-2.05556
110.632_101.756_-1.92634
110.479_101.291_-1.81042
110.004_100.547_-1.58153
110.011_100.051_-1.50607
110.052_99.5547_-1.45793
110.113_99.0595_-1.42352
110.19_98.5657_-1.40285
110.275_98.073_-1.39596
110.363_97.5809_-1.38908
110.471_97.1061_-1.25985
110.636_96.6407_-1.17082
110.731_95.7405_-1.00884
110.978_95.3157_-1.11136
111.187_94.8662_-1.18682
111.366_94.4013_-1.23496
111.525_93.9283_-1.26938
111.67_93.4501_-1.29004
111.808_92.9694_-1.29693
111.948_92.4905_-1.26251
112.101_92.0145_-1.25562
112.304_91.044_-1.21303
112.476_90.5748_-1.2337
112.64_90.1026_-1.24059
112.801_89.6293_-1.24748
112.959_89.1548_-1.25436
113.113_88.6793_-1.26125
113.267_88.2035_-1.25436
113.438_87.7476_-1.12514
113.662_87.3059_-1.04968
113.845_86.4187_-0.900816
114.131_86.0246_-1.03004
114.37_85.5946_-1.13256
114.569_85.1407_-1.20802
114.738_84.6722_-1.25616
114.887_84.1959_-1.29058
115.022_83.7148_-1.31124
115.163_83.2414_-1.22221
115.34_82.7759_-1.17407
115.426_81.8646_-1.0627
115.681_81.4496_-0.933472
115.987_81.0676_-0.817551
116.335_80.7147_-0.742093
116.707_80.3839_-0.693951
117.095_80.0692_-0.659534
117.492_79.7657_-0.638873
117.884_79.4612_-0.700699
118.262_79.1351_-0.735116
119.084_78.7011_-0.819282
119.401_78.3316_-0.948508
119.668_77.9243_-1.07773
119.88_77.486_-1.20696
120.034_77.024_-1.33619
120.127_76.5461_-1.46541
120.127_76.5461_-1.46541
120.157_76.0602_-1.59464
120.125_75.5744_-1.72386
120.035_75.0887_-1.81289
119.912_74.6045_-1.83355
119.779_74.1229_-1.85421
119.279_73.2991_-1.82638
119.176_72.8232_-1.69716
119.135_72.3381_-1.56793
119.157_71.8517_-1.4387
119.241_71.3722_-1.30948
119.321_71.1016_-1.23466
119.321_71.1016_-1.23466
119.387_70.9076_-1.18025
119.591_70.4656_-1.05102
119.85_70.0503_-0.935104
120.154_69.6565_-0.873278
120.479_69.2777_-0.838861
120.815_68.9083_-0.818199
120.815_68.9083_-0.818199
121.132_68.5392_-0.947425
121.4_68.1322_-1.07665
121.612_67.6941_-1.20588
121.767_67.2323_-1.3351
121.86_66.7545_-1.46433
121.86_66.7545_-1.46433
121.891_66.2686_-1.59356
121.86_65.7828_-1.72278
121.766_65.305_-1.85201
121.611_64.8434_-1.98123
121.398_64.4056_-2.11046
121.398_64.4056_-2.11046
121.13_63.9989_-2.23969
120.812_63.63_-2.36891
120.449_63.3052_-2.49814
120.046_63.0237_-2.60066
119.615_62.7765_-2.66248
119.615_62.7765_-2.66248
119.169_62.5565_-2.72431
118.711_62.3595_-2.75873
118.246_62.176_-2.77939
117.778_61.9999_-2.78628
117.309_61.8271_-2.79317
117.309_61.8271_-2.79317
116.838_61.6597_-2.81383
116.364_61.4998_-2.82072
115.89_61.3432_-2.82761
115.414_61.1899_-2.83449
114.938_61.0377_-2.82761
114.938_61.0377_-2.82761
114.465_60.8781_-2.79319
113.996_60.7043_-2.77253
113.53_60.5229_-2.76564
113.066_60.3382_-2.75875
112.602_60.1504_-2.75186
112.602_60.1504_-2.75186
112.414_60.0691_-2.69745
112.414_60.0691_-2.69745
111.963_59.8532_-2.69056
111.515_59.6323_-2.6699
111.07_59.4041_-2.66301
110.366_59.0424_-2.64863
109.924_58.809_-2.66929
109.477_58.5847_-2.68996
109.027_58.3676_-2.69685
108.575_58.1535_-2.70374
108.122_57.9426_-2.71062
108.122_57.9426_-2.71062
107.671_57.7581_-2.83985
107.199_57.6306_-2.95577
106.708_57.5488_-3.0176
106.213_57.4927_-3.05201
105.715_57.4515_-3.07268
105.715_57.4515_-3.07268
105.231_57.3974_-2.94345
104.758_57.2814_-2.81422
104.298_57.1076_-2.71171
103.845_56.8962_-2.69105
103.397_56.6755_-2.67038
102.685_56.0312_-2.685
102.236_55.8118_-2.69189
101.785_55.5955_-2.69878
101.348_55.3381_-2.70697
100.894_55.1286_-2.71386
100.438_54.9222_-2.72075
99.9815_54.719_-2.72764
99.0674_54.3137_-2.72764
98.6304_54.0991_-2.59841
98.2246_53.83_-2.46919
97.8536_53.5108_-2.35326
97.5105_53.1511_-2.29144
97.1855_52.7724_-2.25702
97.1855_52.7724_-2.25702
96.8613_52.4091_-2.38625
96.493_52.0907_-2.51547
96.0849_51.8161_-2.61799
95.6495_51.5765_-2.67982
95.2001_51.3593_-2.71423
95.2001_51.3593_-2.71423
94.744_51.1553_-2.7349
94.2844_50.9586_-2.74178
93.8234_50.765_-2.74867
93.3611_50.5747_-2.75556
92.8983_50.3854_-2.74867
92.8983_50.3854_-2.74867
92.4411_50.2182_-2.8779
91.966_50.1113_-3.00713
91.4812_50.0665_-3.13635
90.9947_50.0846_-3.26558
90.5145_50.1652_-3.3948
90.5145_50.1652_-3.3948
90.0384_50.2671_-3.26558
89.5531_50.3068_-3.13635
89.0668_50.2836_-3.00713
88.5875_50.198_-2.8779
88.1232_50.0513_-2.74867
88.1232_50.0513_-2.74867
87.6644_49.8549_-2.71426
87.2111_49.6447_-2.6936
86.761_49.4271_-2.68671
86.3123_49.2064_-2.67982
85.8653_48.9826_-2.67293
85.8653_48.9826_-2.67293
85.4173_48.7672_-2.73475
84.9567_48.575_-2.76917
84.4901_48.3964_-2.78983
84.0203_48.2252_-2.79672
83.5494_48.0573_-2.80361
83.5494_48.0573_-2.80361
83.0821_47.8846_-2.75547
82.6205_47.6932_-2.73481
82.163_47.4924_-2.71415
81.7085_47.2841_-2.70726
81.2554_47.0726_-2.70037
81.2554_47.0726_-2.70037
80.8029_46.8602_-2.70726
80.3498_46.6487_-2.70037
79.8972_46.4363_-2.70726
78.9916_46.0124_-2.70726
78.5385_45.8009_-2.70037
78.086_45.5885_-2.70726
77.6329_45.377_-2.70037
76.7302_44.9469_-2.70037
76.0663_44.6745_-2.71397
75.6102_44.4704_-2.73463
75.15_44.2758_-2.75529
74.4217_43.9923_-2.77611
73.9748_43.7992_-2.64689
73.5473_43.552_-2.55786
73.136_43.2708_-2.50972
72.7348_42.9729_-2.48906
72.3399_42.6668_-2.4684
72.3399_42.6668_-2.4684
71.9725_42.3474_-2.33917
71.6371_41.9825_-2.26371
71.3227_41.5949_-2.22929
71.0197_41.1976_-2.20863
70.7229_40.7953_-2.20174
70.7229_40.7953_-2.20174
70.4192_40.4146_-2.33097
70.0691_40.0763_-2.4602
69.6783_39.7859_-2.58942
69.2521_39.5453_-2.70534
68.7978_39.3472_-2.7808
68.7978_39.3472_-2.7808
68.3365_39.1622_-2.71897
68.3365_39.1622_-2.71897
67.8822_38.9541_-2.69831
67.4323_38.7367_-2.67765
66.9857_38.512_-2.67076
66.5374_38.2901_-2.6638
66.0916_38.0657_-2.69822
65.6388_37.8545_-2.71888
65.1824_37.6504_-2.72577
64.7246_37.4495_-2.73266
64.2654_37.2518_-2.73955
64.2654_37.2518_-2.73955
63.8096_37.0804_-2.86877
63.3318_36.964_-2.97129
62.8403_36.8898_-3.03312
62.3442_36.8438_-3.08126
61.8458_36.8194_-3.11568
61.8458_36.8194_-3.11568
61.3589_36.8275_-3.2449
60.8772_36.8981_-3.37413
60.4086_37.0303_-3.50335
60.1945_37.1163_-3.56457
60.1245_37.1484_-3.58497
60.1245_37.1484_-3.58497
