configuration -14.0353517532_151.94859314_0.0_1.0_147.259887695_176.039077759_0.145212769539_0.989400450557
length 190.609
time 300
roughness 9.25717e-05
-14.0354_151.949_-0
-13.5489_151.969_0.129226
-13.0663_152.051_0.245147
-12.5887_152.183_0.320605
-12.1203_152.349_0.382432
-11.6554_152.525_0.320605
-11.1801_152.68_0.299943
-10.5761_153.16_0.210843
-10.0961_153.242_0.0816165
-9.6096_153.261_-0.0476096
-9.11723_153.223_-0.136635
-8.37998_153.028_-0.258452
-7.90054_152.918_-0.155935
-7.31679_152.88_-0.0272055
-6.81861_152.875_0.0209366
-6.3327_152.906_0.150163
-5.8447_152.992_0.225621
-4.97055_153.048_0.374274
-4.51023_153.206_0.245048
-4.0333_153.304_0.115822
-3.54773_153.34_-0.013404
-3.06159_153.313_-0.14263
-2.24095_153.115_-0.367075
-1.77309_152.941_-0.332659
-1.2997_152.781_-0.311997
-0.830397_152.652_-0.182771
-0.340972_152.574_-0.107313
0.554919_152.236_0.0403759
1.04181_152.235_-0.0888502
1.52451_152.171_-0.218076
2.09897_151.769_-0.348653
2.29297_151.703_-0.294242
2.34212_151.688_-0.280639
2.34212_151.688_-0.280639
3.01711_151.54_-0.0970018
3.51461_151.491_-0.103891
4.01175_151.438_-0.11078
4.50852_151.381_-0.117669
5.00489_151.322_-0.124559
5.50113_151.261_-0.117669
5.99777_151.203_-0.11078
6.48596_151.168_0.00514059
6.98406_151.178_0.0532827
7.77384_150.994_0.182001
8.25599_151.061_0.0527747
8.7477_151.071_-0.0497421
9.24351_151.036_-0.111569
9.73767_150.973_-0.159711
10.2147_150.875_-0.288937
10.6811_150.719_-0.391454
11.615_150.492_-0.581947
12.0327_150.242_-0.452721
12.4792_150.048_-0.323495
12.947_149.912_-0.194268
13.4283_149.839_-0.0650423
13.915_149.828_0.0641838
13.915_149.828_0.0641838
14.3992_149.88_0.19341
14.8783_149.99_0.295927
15.3486_150.147_0.371385
15.8099_150.335_0.419527
16.2633_150.543_0.453944
16.7109_150.766_0.474605
17.1545_150.973_0.358685
17.6234_151.137_0.296858
18.3567_151.666_0.158293
18.8404_151.722_0.0290666
19.3342_151.722_-0.0599588
19.8296_151.682_-0.121785
20.3243_151.616_-0.156202
20.8164_151.533_-0.190619
21.3063_151.435_-0.21128
21.7863_151.353_-0.0820543
22.2794_151.327_0.00697115
23.1035_150.979_0.198493
23.1788_150.995_0.218898
23.1788_150.995_0.218898
23.5764_151.095_0.32772
24.039_151.268_0.416745
24.4893_151.478_0.478571
24.9296_151.713_0.512988
25.3633_151.961_0.53365
25.7917_152.219_0.554312
26.2162_152.483_0.561201
26.639_152.724_0.431975
27.0942_152.92_0.356517
27.7435_153.489_0.190435
28.2295_153.593_0.252261
28.7099_153.725_0.300404
29.1849_153.878_0.33482
29.6557_154.046_0.355482
30.124_154.221_0.362371
30.5911_154.399_0.36926
31.0522_154.555_0.240034
31.5317_154.653_0.124113
32.3053_155.087_-0.0936439
32.801_155.051_-0.0318174
33.2991_155.043_0.0163248
33.798_155.057_0.0507414
34.2969_155.086_0.0714032
34.7955_155.122_0.0782924
35.2938_155.163_0.0851816
35.7767_155.225_0.214408
36.2582_155.342_0.289866
37.1449_155.339_0.433851
37.5776_155.563_0.563077
37.9779_155.84_0.692303
38.3392_156.166_0.82153
38.6554_156.536_0.950756
38.9213_156.944_1.07998
38.9213_156.944_1.07998
39.1658_157.375_1.00452
39.4397_157.791_0.956381
39.7306_158.198_0.93572
40.0298_158.598_0.915058
40.3355_158.993_0.908169
40.644_159.387_0.90128
40.9618_159.765_0.812254
41.3102_160.121_0.764112
41.7935_160.754_0.673566
42.1866_161.042_0.54434
42.6134_161.276_0.415114
43.0669_161.453_0.285888
43.5394_161.571_0.156662
44.0231_161.626_0.0274355
44.0231_161.626_0.0274355
44.514_161.656_0.129952
45.0054_161.731_0.191779
45.4942_161.831_0.226195
45.9793_161.949_0.260612
46.4612_162.081_0.281274
46.9412_162.221_0.288163
47.4048_162.378_0.404084
47.8577_162.583_0.46591
48.755_162.811_0.587874
49.1516_163.098_0.703795
49.5186_163.428_0.79282
49.8601_163.789_0.854647
50.1881_164.39_0.900737
50.5064_164.758_0.771511
50.8703_165.089_0.668994
51.2665_165.389_0.607168
51.6801_165.667_0.559026
52.1062_165.926_0.524609
52.5376_166.152_0.395383
52.9976_166.326_0.292866
53.7364_166.731_0.118579
54.2219_166.768_-0.0106469
54.9356_166.712_-0.201085
55.4164_166.635_-0.0718593
55.9031_166.621_0.0573669
56.3929_166.666_0.159884
56.8818_166.755_0.22171
57.366_166.872_0.269852
57.8455_167.011_0.304269
58.3034_167.176_0.433495
58.7395_167.399_0.549416
59.6016_167.662_0.752762
59.9597_168.009_0.800905
60.303_168.371_0.835321
60.6356_168.744_0.855983
60.9625_169.122_0.862872
61.2867_169.503_0.869761
61.6083_169.885_0.876651
61.9354_170.246_0.747424
62.3068_170.565_0.631504
62.7645_171.324_0.414349
63.2181_171.501_0.285123
63.4906_171.574_0.210308
63.6162_171.599_0.176301
63.6668_171.608_0.162698
63.6921_171.612_0.155897
63.6921_171.612_0.155897
64.1495_171.666_0.033472
64.6481_171.688_0.0678887
65.1463_171.726_0.0885504
65.6437_171.773_0.109212
66.125_171.847_0.238438
66.5987_171.979_0.340955
67.519_172.046_0.522142
67.9509_172.27_0.392916
68.4133_172.448_0.317458
68.8886_172.594_0.255631
69.3729_172.715_0.221215
69.8611_172.821_0.200553
70.3515_172.917_0.179891
70.8264_173.024_0.309117
71.2895_173.19_0.411634
72.1825_173.2_0.602847
72.5949_173.459_0.473621
73.0372_173.663_0.344395
73.5021_173.807_0.215169
73.9874_173.899_0.126143
74.4826_173.953_0.0780013
74.4826_173.953_0.0780013
74.9758_173.977_-0.0110241
75.4739_173.964_-0.0591663
75.9717_173.929_-0.0935829
76.4689_173.878_-0.114245
76.9649_173.818_-0.134906
77.4601_173.75_-0.141796
77.9388_173.66_-0.271022
78.4051_173.512_-0.386943
79.2854_173.437_-0.616348
79.6704_173.139_-0.745574
79.8548_172.961_-0.813588
79.9246_172.886_-0.840793
79.9586_172.847_-0.854396
79.9754_172.828_-0.861197
79.9754_172.828_-0.861197
80.28_172.445_-0.977118
80.5468_172.027_-1.05258
80.7845_171.537_-1.14119
80.9872_171.081_-1.17561
81.1764_170.619_-1.19627
81.356_170.152_-1.21693
81.5259_169.682_-1.2376
81.6883_169.21_-1.24448
81.8475_168.736_-1.25137
81.9807_168.267_-1.3806
82.0548_167.783_-1.49652
82.4215_166.976_-1.71158
82.3736_166.491_-1.58235
82.3886_166.005_-1.45313
82.4662_165.524_-1.3239
82.6051_165.057_-1.19467
82.8012_164.606_-1.09216
82.8012_164.606_-1.09216
83.0391_164.17_-1.03033
83.3008_163.745_-0.995914
83.5753_163.327_-0.975252
83.8568_162.914_-0.968363
84.141_162.503_-0.961474
84.141_162.503_-0.961474
84.4144_162.089_-1.03693
84.661_161.657_-1.08507
84.8889_161.213_-1.11949
85.1037_160.761_-1.14015
85.3092_160.306_-1.16081
85.5052_159.846_-1.18148
85.6708_159.388_-1.3107
85.7785_158.911_-1.42662
86.169_158.114_-1.64204
86.155_157.628_-1.51282
86.2038_157.143_-1.38359
86.3146_156.669_-1.25437
86.4855_156.213_-1.12514
86.7138_155.783_-0.995914
86.7138_155.783_-0.995914
86.9884_155.366_-0.975252
87.2716_154.954_-0.95459
87.5614_154.547_-0.947701
87.8541_154.141_-0.940812
88.1496_153.738_-0.933923
88.4478_153.337_-0.927034
88.7563_152.96_-0.797807
89.1112_152.623_-0.681887
89.5534_151.854_-0.466782
89.9971_151.653_-0.337556
90.4629_151.512_-0.20833
90.9431_151.431_-0.0791039
91.4297_151.413_0.0501222
91.8891_151.455_0.172547
91.8891_151.455_0.172547
92.3807_151.544_0.193209
92.8712_151.641_0.200098
93.3609_151.742_0.206987
93.85_151.846_0.213876
94.3383_151.953_0.220766
94.8259_152.064_0.227655
95.3044_152.153_0.0984286
95.793_152.183_-0.0174922
96.6235_152.482_-0.247273
97.1002_152.383_-0.118047
97.5857_152.346_0.0111795
98.0719_152.372_0.140406
98.5507_152.461_0.269632
99.0141_152.61_0.398858
99.0141_152.61_0.398858
99.4543_152.818_0.528084
99.876_153.078_0.603542
100.282_153.368_0.651684
100.675_153.675_0.686101
101.057_153.995_0.720518
101.431_154.328_0.741179
101.804_154.647_0.638663
102.209_154.938_0.59052
102.777_155.622_0.479942
103.222_155.85_0.45928
103.671_156.07_0.452391
104.121_156.288_0.445502
104.572_156.502_0.438612
105.026_156.714_0.431723
105.026_156.714_0.431723
105.473_156.931_0.49355
105.908_157.174_0.541692
106.334_157.434_0.562354
106.755_157.704_0.583015
107.172_157.98_0.589905
107.586_158.259_0.596794
107.977_158.55_0.72602
108.334_158.888_0.828537
109.099_159.343_1.03076
109.367_159.75_0.901538
109.685_160.119_0.772312
110.048_160.443_0.643086
110.363_160.663_0.541065
110.385_160.677_0.534264
110.385_160.677_0.534264
110.816_160.91_0.418343
111.273_161.1_0.342885
111.745_161.26_0.294742
112.224_161.399_0.260326
112.708_161.524_0.239664
113.194_161.64_0.219002
113.674_161.725_0.0897762
114.163_161.75_-0.0261446
115.017_161.997_-0.24255
115.494_161.9_-0.113324
115.98_161.866_0.0159018
116.466_161.894_0.145128
116.952_161.98_0.234153
117.433_162.105_0.29598
117.907_162.258_0.344122
118.376_162.43_0.364784
118.842_162.612_0.385446
119.717_163.065_0.396691
120.176_163.262_0.417353
120.633_163.465_0.424242
121.088_163.672_0.431131
121.542_163.882_0.43802
121.994_164.095_0.44491
121.994_164.095_0.44491
122.446_164.309_0.43802
122.898_164.523_0.44491
123.35_164.737_0.43802
124.254_165.164_0.43802
124.708_165.365_0.376194
125.175_165.541_0.328052
125.649_165.699_0.30739
126.126_165.847_0.286728
126.606_165.987_0.279839
127.087_166.124_0.27295
127.561_166.235_0.143724
128.047_166.287_0.0278029
128.886_166.577_-0.187916
129.368_166.506_-0.0586896
129.855_166.498_0.0705366
130.342_166.552_0.186457
130.826_166.656_0.261916
131.663_167.025_0.342592
132.132_167.196_0.363253
132.599_167.374_0.370143
133.065_167.556_0.377032
133.563_167.825_0.368696
134.03_168.005_0.361807
134.497_168.183_0.368696
134.964_168.362_0.361807
135.431_168.54_0.368696
135.898_168.719_0.361807
136.366_168.895_0.354918
136.829_169.044_0.225692
137.31_169.136_0.109771
138.095_169.548_-0.105621
138.581_169.517_0.0236049
139.066_169.549_0.152831
139.544_169.644_0.282057
139.74_169.704_0.336468
139.812_169.73_0.356872
139.812_169.73_0.356872
139.932_169.776_0.390879
139.932_169.776_0.390879
139.956_169.786_0.39768
139.956_169.786_0.39768
140.443_170.012_0.540509
140.859_170.279_0.629535
141.257_170.578_0.677677
141.644_170.894_0.698339
142.024_171.218_0.719
142.4_171.548_0.72589
142.4_171.548_0.72589
142.773_171.881_0.732779
143.144_172.216_0.739668
143.512_172.554_0.746557
144.244_173.236_0.746557
144.61_173.576_0.753446
144.974_173.919_0.760336
145.334_174.266_0.780997
145.686_174.62_0.801659
146.426_175.287_0.828905
