configuration 161.70602417_-18.2518405914_0.169978369946_0.985447793519_193.750076294_109.599342346_0.85380148664_0.520598714377
length 260.125
time 45.2026
roughness 5.92474e-05
161.706_-18.2518_0.341615
162.157_-18.0694_0.470842
162.588_-17.8316_0.573358
163_-17.5535_0.635185
163.396_-17.2515_0.683327
163.78_-16.932_0.717744
164.154_-16.6008_0.738405
164.527_-16.2886_0.609179
164.941_-16.0153_0.533721
165.45_-15.309_0.348417
165.546_-15.2731_0.375622
165.546_-15.2731_0.375622
166.005_-15.0813_0.437449
166.453_-14.8631_0.485591
166.893_-14.6268_0.506253
167.328_-14.3815_0.526914
167.76_-14.1291_0.533804
168.19_-13.8737_0.540693
168.596_-13.6057_0.669919
168.968_-13.2873_0.78584
169.665_-12.94_1.01522
169.94_-12.5376_0.885989
170.263_-12.1739_0.756763
170.631_-11.8549_0.627537
171.037_-11.586_0.498311
171.474_-11.3716_0.369084
171.474_-11.3716_0.369084
171.938_-11.1862_0.403501
172.396_-10.9869_0.424163
172.85_-10.7781_0.444825
173.3_-10.5619_0.451714
173.75_-10.3426_0.458603
174.198_-10.1203_0.465492
174.623_-9.8835_0.594718
175.018_-9.59398_0.710639
175.852_-9.28854_0.925696
176.161_-8.91225_0.79647
176.516_-8.57891_0.667244
176.911_-8.29409_0.538018
177.342_-8.05364_0.448993
177.794_-7.8446_0.400851
178.256_-7.65757_0.352708
178.725_-7.48594_0.345819
179.196_-7.31755_0.33893
180.159_-7.08387_0.341533
180.631_-6.91976_0.320872
181.106_-6.76543_0.30021
181.584_-6.61868_0.293321
182.063_-6.47523_0.286432
182.543_-6.33507_0.279542
183.023_-6.19823_0.272653
183.503_-6.07931_0.183628
183.994_-5.99619_0.135486
184.9_-5.71255_0.0548768
185.39_-5.66898_0.157394
185.877_-5.57908_0.232852
186.36_-5.45637_0.280994
186.839_-5.3145_0.301656
187.315_-5.16277_0.322317
187.788_-5.00123_0.342979
188.239_-4.81821_0.472205
188.666_-4.5791_0.588126
189.523_-4.34058_0.804234
189.875_-4.0045_0.675008
190.269_-3.71034_0.572491
190.692_-3.44972_0.510664
191.131_-3.21321_0.462522
191.58_-2.99564_0.428106
192.036_-2.79134_0.407444
192.475_-2.57963_0.53667
192.891_-2.31476_0.625695
193.766_-2.12518_0.804234
194.089_-1.76047_0.93346
194.361_-1.35724_1.06269
194.58_-0.922205_1.19191
194.741_-0.46262_1.32114
194.844_0.0159578_1.43706
194.844_0.0159578_1.43706
194.888_0.500818_1.56629
194.876_0.994497_1.65531
194.824_1.48879_1.71714
194.743_1.98045_1.76528
194.643_2.47002_1.78594
194.533_2.95743_1.8066
194.422_3.444_1.77219
194.326_3.93425_1.75152
194.001_4.85939_1.70854
193.92_5.34842_1.784
193.807_5.83359_1.83214
193.673_6.31422_1.86656
193.524_6.79118_1.88722
193.367_7.26597_1.89411
193.207_7.73966_1.901
193.032_8.19923_2.00351
192.815_8.64608_2.06534
192.545_9.53471_2.17304
192.286_9.94727_2.04381
192.083_10.3897_1.91459
191.933_10.8581_1.81207
191.824_11.3431_1.75024
191.741_11.8351_1.71583
191.741_11.8351_1.71583
191.65_12.3135_1.84505
191.498_12.7762_1.97428
191.291_13.2244_2.06331
191.047_13.6575_2.12513
190.778_14.0768_2.17327
190.491_14.4848_2.20769
190.185_14.8636_2.33692
189.832_15.2031_2.45284
189.308_15.9346_2.65611
188.888_16.1798_2.52688
188.502_16.4772_2.39766
188.158_16.8218_2.26843
187.855_17.2092_2.16591
187.585_17.6264_2.10409
187.339_18.0594_2.05594
187.13_18.4994_1.92672
186.977_18.9644_1.8108
186.6_19.7963_1.60726
186.573_20.2938_1.65541
186.526_20.7906_1.68982
186.463_21.2863_1.71048
186.39_21.7806_1.73115
186.309_22.274_1.73804
186.225_22.7668_1.74492
186.128_23.2544_1.80675
186.008_23.7394_1.82741
185.89_24.5367_1.89263
185.72_25.0004_1.98166
185.512_25.4519_2.04349
185.28_25.8936_2.0779
185.032_26.3271_2.11232
184.772_26.7535_2.13298
184.505_27.1759_2.13987
184.243_27.5998_2.09173
183.997_28.0349_2.07107
183.417_28.812_2.00157
183.233_29.2627_1.87234
183.103_29.737_1.76982
183.017_30.225_1.69437
182.964_30.7204_1.64622
182.932_31.2184_1.61181
182.915_31.7178_1.59114
182.886_32.2065_1.70707
182.808_32.6974_1.76889
182.925_33.5939_1.90746
182.755_34.0631_1.94187
182.571_34.5275_1.96254
182.379_34.9891_1.96943
182.184_35.4494_1.97631
181.985_35.9084_1.9832
181.985_35.9084_1.9832
181.786_36.3669_1.97631
181.59_36.8268_1.96943
181.397_37.288_1.96254
181.207_37.7505_1.95565
181.02_38.2143_1.94876
180.837_38.6794_1.94187
180.641_39.1253_2.07109
180.39_39.5455_2.18702
180.176_40.4031_2.41671
179.798_40.7102_2.54593
179.384_40.966_2.67516
178.94_41.1664_2.80439
178.474_41.3078_2.93361
177.994_41.3881_3.06284
177.505_41.408_3.17876
177.019_41.3693_3.30799
176.535_41.2732_3.39701
175.614_40.9844_3.52015
175.149_40.8007_3.51326
174.682_40.6202_3.50637
174.215_40.4429_3.49948
173.277_40.0959_3.49948
173.277_40.0959_3.49948
173.277_40.0959_3.49948
172.808_39.9264_3.46506
172.333_39.7708_3.4444
171.855_39.6229_3.43751
171.377_39.4782_3.43062
170.897_39.3368_3.42374
170.417_39.1987_3.41685
169.939_39.0811_3.31433
169.448_39.0057_3.2525
168.579_38.6912_3.1317
168.093_38.6753_3.26093
167.607_38.6003_3.36344
167.124_38.481_3.42527
166.648_38.3339_3.47341
166.178_38.1659_3.50783
165.713_37.9838_3.52849
165.255_37.7885_3.57663
164.803_37.5748_3.59729
163.896_37.1862_3.63855
163.455_36.9533_3.60414
163.006_36.7334_3.58347
162.553_36.5206_3.57658
162.099_36.311_3.5697
161.644_36.1045_3.56281
161.187_35.9011_3.55592
160.729_35.7009_3.54903
160.27_35.5038_3.54214
159.351_35.1109_3.54214
158.899_34.9063_3.6176
158.46_34.671_3.66574
158.029_34.4179_3.68641
157.604_34.156_3.70707
157.182_33.8872_3.71396
156.763_33.6154_3.72085
156.367_33.3319_3.85007
156.008_32.9994_3.96599
155.234_32.5714_4.19516
154.975_32.1588_4.06594
154.666_31.7829_3.93671
154.311_31.4501_3.80749
153.915_31.1658_3.67826
153.487_30.9348_3.54903
153.487_30.9348_3.54903
153.028_30.7526_3.46001
152.553_30.6067_3.39818
152.068_30.4856_3.36376
151.58_30.3788_3.3431
151.09_30.2822_3.32244
150.598_30.1934_3.31555
150.109_30.1223_3.22653
149.612_30.088_3.17838
148.681_29.8971_3.09714
148.192_29.9002_3.21306
147.698_29.8525_3.28852
147.207_29.7716_3.33666
146.718_29.6693_3.37108
146.232_29.5523_3.39174
145.749_29.4253_3.4124
145.269_29.2883_3.43306
144.79_29.1435_3.43995
143.837_28.8507_3.46716
143.37_28.7146_3.33793
142.889_28.64_3.20871
142.402_28.6279_3.07948
141.918_28.6787_2.95026
141.444_28.7915_2.82103
141.444_28.7915_2.82103
140.989_28.9643_2.6918
140.551_29.192_2.60278
140.127_29.4545_2.55464
139.713_29.7341_2.53397
139.305_30.0222_2.51331
139.305_30.0222_2.51331
138.907_30.3214_2.46517
138.519_30.6369_2.44451
138.138_30.9603_2.42385
137.762_31.29_2.41696
137.389_31.6222_2.41007
137.017_31.9571_2.40318
136.652_32.2972_2.36876
136.297_32.6485_2.3481
135.568_33.3164_2.30701
135.25_33.6918_2.2045
134.966_34.0984_2.12904
134.709_34.5251_2.0809
134.471_34.9634_2.04648
134.245_35.4092_2.02582
134.026_35.8588_2.01893
133.82_36.3111_1.9571
133.637_36.7755_1.92268
133.227_37.656_1.86829
133.076_38.1315_1.9027
132.909_38.6027_1.92336
132.734_39.0705_1.94403
132.55_39.5356_1.95092
132.364_39.9994_1.9578
132.364_39.9994_1.9578
132.188_40.4629_1.88235
132.043_40.9395_1.8342
131.919_41.4228_1.79979
131.809_41.9102_1.77913
131.706_42.3996_1.77224
131.607_42.8897_1.76535
131.534_43.371_1.63612
131.52_43.8603_1.5202
131.299_44.7172_1.29101
131.413_45.1904_1.42023
131.466_45.6745_1.54946
131.46_46.1662_1.65198
131.407_46.659_1.72743
131.322_47.1498_1.77558
131.215_47.6373_1.80999
131.091_48.1208_1.84441
130.952_48.6009_1.86507
130.669_49.479_1.88892
130.497_49.9346_2.01815
130.27_50.3706_2.12067
130_50.7865_2.19613
129.702_51.1857_2.24427
129.387_51.5722_2.27868
129.059_51.9496_2.29935
128.729_52.3247_2.27868
128.405_52.7053_2.27179
127.685_53.3888_2.24254
127.386_53.7843_2.16708
127.113_54.201_2.11894
126.855_54.6292_2.09828
126.607_55.0627_2.07762
126.365_55.5004_2.07073
126.127_55.9397_2.06384
125.914_56.378_1.93461
125.758_56.8417_1.81869
125.283_57.5876_1.58952
125.268_58.0865_1.62394
125.238_58.5853_1.6446
125.2_59.0838_1.65149
125.158_59.582_1.65838
125.113_60.08_1.66527
125.065_60.5776_1.67216
125.025_61.073_1.61033
125.011_61.5719_1.57591
124.827_62.528_1.50311
124.881_63.0119_1.37389
124.996_63.4849_1.24466
125.172_63.9391_1.11544
125.172_63.9391_1.11544
125.404_64.3669_0.986209
125.69_64.7612_0.856983
126.024_65.1154_0.727757
126.401_65.4236_0.598531
126.814_65.6806_0.469305
126.814_65.6806_0.469305
127.248_65.9168_0.55833
127.664_66.1888_0.620157
128.067_66.4834_0.654574
128.459_66.7918_0.68899
128.843_67.1121_0.709652
129.221_67.4388_0.716541
129.575_67.7738_0.845767
129.885_68.1523_0.961688
130.6_68.6878_1.1641
130.812_69.1265_1.03487
131.078_69.5342_0.905646
131.394_69.9042_0.776419
131.756_70.2303_0.647193
132.156_70.5072_0.517967
132.156_70.5072_0.517967
132.591_70.7331_0.402046
133.051_70.9156_0.326588
133.526_71.0678_0.278446
134.007_71.2019_0.257784
134.491_71.3259_0.237123
134.978_71.44_0.216461
135.448_71.5646_0.345687
135.905_71.7468_0.448204
136.795_71.7964_0.652819
137.194_72.0755_0.523593
137.627_72.3038_0.407672
138.087_72.4889_0.332214
138.56_72.6438_0.284072
139.041_72.7782_0.249655
139.526_72.8983_0.228994
140.004_72.9886_0.0997674
140.493_73.0188_-0.0161534
141.352_73.2521_-0.233395
141.83_73.1597_-0.104169
142.316_73.1296_0.0250573
142.802_73.1624_0.154283
143.28_73.2576_0.28351
143.741_73.4135_0.412736
143.741_73.4135_0.412736
144.178_73.6275_0.541962
144.584_73.8961_0.671188
144.703_73.9934_0.711996
144.723_74.0102_0.718798
144.742_74.0271_0.725599
144.742_74.0271_0.725599
145.107_74.3645_0.787425
145.455_74.7221_0.821842
145.791_75.0915_0.856259
146.116_75.4712_0.87692
146.44_75.8491_0.828778
146.781_76.2151_0.808117
147.185_76.8359_0.737656
147.559_77.1478_0.60843
147.97_77.4089_0.479204
148.411_77.6149_0.349978
148.875_77.7623_0.220752
149.354_77.8487_0.0915255
149.354_77.8487_0.0915255
149.851_77.8886_0.0571089
150.35_77.9137_0.0364471
150.85_77.9285_0.0157854
151.35_77.9352_0.00889619
151.85_77.9385_0.00200697
152.336_77.9601_0.131233
152.824_78.0391_0.220259
153.694_77.9273_0.384394
154.137_78.1288_0.513621
154.55_78.3858_0.642847
154.927_78.694_0.772073
155.261_79.0481_0.901299
155.547_79.4423_1.03053
155.547_79.4423_1.03053
155.815_79.8489_0.901299
156.133_80.224_0.798782
156.487_80.5729_0.736956
156.86_80.9041_0.702539
157.244_81.2243_0.681877
157.244_81.2243_0.681877
157.635_81.5149_0.552651
158.06_81.7527_0.423425
158.512_81.9337_0.294199
158.983_82.055_0.164973
159.466_82.1146_0.0357466
159.466_82.1146_0.0357466
159.952_82.1526_0.164973
160.436_82.248_0.253998
160.916_82.3809_0.30214
161.392_82.5329_0.322802
161.865_82.6946_0.343464
161.865_82.6946_0.343464
162.328_82.8731_0.418922
162.781_83.0814_0.453339
163.229_83.3033_0.474
163.672_83.5344_0.494662
164.111_83.7728_0.501551
164.111_83.7728_0.501551
164.546_84.0177_0.535968
164.974_84.2758_0.55663
165.396_84.5428_0.577291
165.815_84.8166_0.584181
166.231_85.0933_0.59107
166.231_85.0933_0.59107
166.646_85.3472_0.461844
167.091_85.5455_0.332618
167.562_85.6929_0.243592
168.048_85.8053_0.19545
168.539_85.8966_0.161033
168.539_85.8966_0.161033
169.015_85.995_0.29026
169.476_86.154_0.419486
169.911_86.371_0.548712
170.322_86.6415_0.651229
170.711_86.9509_0.713055
170.711_86.9509_0.713055
171.093_87.2535_0.583829
171.51_87.5044_0.454603
171.956_87.6995_0.325377
172.423_87.8354_0.196151
172.905_87.91_0.0669245
172.905_87.91_0.0669245
173.389_87.9631_0.196151
173.862_88.0782_0.325377
174.316_88.2532_0.454603
174.744_88.4854_0.583829
175.142_88.7706_0.69975
175.142_88.7706_0.69975
175.527_89.0681_0.570524
175.948_89.3134_0.441298
176.398_89.5054_0.325377
176.872_89.6546_0.26355
177.355_89.7791_0.229134
177.355_89.7791_0.229134
177.834_89.8695_0.0999074
178.32_89.8975_-0.0293187
178.806_89.8626_-0.158545
179.283_89.7654_-0.287771
179.743_89.6076_-0.416997
179.743_89.6076_-0.416997
180.196_89.4294_-0.287771
180.671_89.3085_-0.17185
181.162_89.2336_-0.110024
181.659_89.1845_-0.0756069
182.157_89.1502_-0.0549452
182.157_89.1502_-0.0549452
182.644_89.1441_0.0742809
183.128_89.2007_0.203507
183.6_89.3193_0.332733
184.053_89.4976_0.461959
184.479_89.7329_0.591185
184.479_89.7329_0.591185
184.895_89.9869_0.461959
185.339_90.1853_0.332733
185.806_90.3246_0.203507
186.286_90.4028_0.0742809
186.773_90.4183_-0.0549452
186.773_90.4183_-0.0549452
187.26_90.4122_0.0742809
187.743_90.4688_0.203507
188.221_90.5845_0.306024
188.692_90.7439_0.36785
189.156_90.9287_0.402267
189.156_90.9287_0.402267
189.611_91.1311_0.450409
190.059_91.3517_0.471071
190.503_91.5815_0.491733
190.943_91.8186_0.498622
191.382_92.0587_0.505511
191.382_92.0587_0.505511
191.807_92.3105_0.594536
192.215_92.5961_0.642679
192.611_92.8998_0.677095
192.998_93.2155_0.697757
193.381_93.5376_0.704646
193.381_93.5376_0.704646
193.738_93.8684_0.833872
194.049_94.2425_0.963098
194.31_94.6537_1.09232
194.516_95.095_1.22155
194.663_95.5592_1.35078
194.663_95.5592_1.35078
194.749_96.0384_1.48
194.782_96.5329_1.55546
194.781_97.0311_1.6036
194.761_97.5304_1.62427
194.734_98.0296_1.63115
194.734_98.0296_1.63115
194.702_98.5285_1.63804
194.668_99.0273_1.64493
194.629_99.5258_1.65182
194.545_100.522_1.65182
194.495_101.017_1.71365
194.418_101.51_1.74807
194.326_102.001_1.76873
194.227_102.491_1.77562
194.124_102.98_1.78251
194.124_102.98_1.78251
194.014_103.467_1.81692
193.889_103.951_1.83758
193.756_104.433_1.84447
193.619_104.914_1.85136
193.48_105.394_1.85825
193.48_105.394_1.85825
193.357_105.87_1.75573
193.278_106.359_1.68028
193.231_106.855_1.63213
193.206_107.354_1.59772
193.199_107.853_1.5633
193.184_108.342_1.67922
193.122_108.836_1.72736
193.282_109.489_1.86977
