configuration 161.70602417_-18.2518405914_0.169978369946_0.985447793519_193.750076294_109.599342346_0.85380148664_0.520598714377
length 182.891
time 63.2078
roughness 0.000108151
161.706_-18.2518_0.341615
162.157_-18.0694_0.470842
162.582_-17.8304_0.600068
162.971_-17.5386_0.729294
163.32_-17.1991_0.85852
163.623_-16.8174_0.987746
163.908_-16.4227_0.85852
164.241_-16.068_0.729294
164.618_-15.7593_0.600068
165.031_-15.5016_0.470842
165.45_-15.309_0.348417
165.92_-15.1372_0.355306
166.388_-14.9622_0.362195
166.855_-14.784_0.369084
167.322_-14.6047_0.362195
167.789_-14.4265_0.369084
168.235_-14.2317_0.498311
168.653_-13.9811_0.627537
169.034_-13.6788_0.756763
169.374_-13.3298_0.885989
169.665_-12.94_1.01522
169.94_-12.5376_0.885989
170.263_-12.1739_0.756763
170.631_-11.8549_0.627537
171.037_-11.586_0.498311
171.474_-11.3716_0.369084
171.942_-11.1969_0.334668
172.415_-11.036_0.314006
172.891_-10.885_0.293344
173.37_-10.7415_0.286455
173.85_-10.6013_0.279566
174.312_-10.4473_0.408792
174.75_-10.235_0.538018
175.157_-9.96796_0.667244
175.526_-9.65073_0.79647
175.852_-9.28854_0.925696
176.161_-8.91225_0.79647
176.516_-8.57891_0.667244
176.911_-8.29409_0.538018
177.339_-8.06254_0.408792
177.793_-7.8881_0.279566
178.272_-7.7449_0.313983
178.746_-7.58731_0.334644
179.218_-7.42202_0.341533
179.688_-7.25349_0.348423
180.159_-7.08387_0.341533
180.628_-6.91328_0.362195
181.094_-6.73302_0.382857
181.558_-6.54518_0.389746
182.02_-6.35416_0.396635
182.48_-6.15995_0.403525
182.936_-5.98792_0.274299
183.413_-5.87079_0.171782
183.905_-5.79591_0.109955
184.401_-5.74683_0.0755386
184.9_-5.71255_0.0548768
185.385_-5.66527_0.184103
185.859_-5.55593_0.313329
186.315_-5.38636_0.442555
186.746_-5.15939_0.571781
187.144_-4.87881_0.701007
187.529_-4.58082_0.571781
187.949_-4.33494_0.442555
188.398_-4.14526_0.313329
188.872_-4.00695_0.224304
189.359_-3.90393_0.176161
189.835_-3.79836_0.305388
190.292_-3.63242_0.434614
190.725_-3.40888_0.56384
191.125_-3.13146_0.693066
191.486_-2.8048_0.822292
191.832_-2.46241_0.693066
192.22_-2.16749_0.56384
192.644_-1.91887_0.461323
193.093_-1.7068_0.399497
193.555_-1.51797_0.36508
194.002_-1.32502_0.494306
194.421_-1.07607_0.623532
194.804_-0.775275_0.752758
195.145_-0.427651_0.881984
195.438_-0.0389931_1.01121
195.679_0.384217_1.14044
195.863_0.834921_1.26966
195.987_1.3056_1.39889
196.05_1.78842_1.52811
196.051_2.27531_1.65734
195.993_2.76582_1.74637
195.898_3.25491_1.79451
195.782_3.74026_1.82893
195.653_4.22336_1.83581
195.521_4.70557_1.8427
195.373_5.17456_1.94522
195.184_5.63527_1.99336
194.974_6.08808_2.02778
194.75_6.53495_2.04844
194.519_6.97843_2.05533
194.284_7.41897_2.07599
194.041_7.85592_2.08288
193.795_8.29119_2.08977
193.546_8.72475_2.09666
193.294_9.15659_2.10355
193.039_9.58668_2.11044
192.781_10.015_2.11733
192.522_10.4427_2.11044
192.264_10.8711_2.11733
192.005_11.2988_2.11044
191.773_11.7267_1.98121
191.592_12.1841_1.8787
191.451_12.6607_1.81687
191.335_13.1461_1.78245
191.234_13.6354_1.76179
191.121_14.109_1.89102
190.953_14.5754_1.96647
190.754_15.032_2.01462
190.535_15.4802_2.04903
190.302_15.9222_2.0697
190.087_16.3593_1.94047
189.931_16.8203_1.81124
189.835_17.2977_1.68202
189.792_17.7914_1.60656
189.78_18.2903_1.57214
189.759_18.7768_1.70137
189.675_19.2564_1.83059
189.537_19.734_1.89242
189.374_20.2057_1.92684
189.197_20.6728_1.9475
188.999_21.1176_2.07673
188.745_21.5331_2.20595
188.44_21.9124_2.33518
188.088_22.2526_2.4511
187.698_22.5585_2.52656
187.312_22.8561_2.39733
186.968_23.2008_2.2681
186.66_23.5885_2.19265
186.374_23.9975_2.15823
186.1_24.4153_2.13757
185.856_24.8368_2.00834
185.669_25.2861_1.87912
185.541_25.7559_1.74989
185.474_26.2383_1.62066
185.471_26.7251_1.49144
185.511_27.2234_1.48455
185.553_27.7216_1.49144
185.594_28.2199_1.48455
185.636_28.7181_1.49144
185.677_29.2164_1.48455
185.698_29.7029_1.61377
185.657_30.188_1.743
185.553_30.6637_1.87223
185.389_31.1221_2.00145
185.168_31.5618_2.10397
184.92_31.9945_2.06955
184.682_32.4341_2.06266
184.447_32.8753_2.05577
184.214_33.3182_2.04888
183.985_33.7626_2.042
183.746_34.1867_2.17122
183.454_34.5764_2.30045
183.115_34.9252_2.42967
182.733_35.2274_2.5589
182.313_35.4869_2.64793
181.894_35.7356_2.5187
181.511_36.0361_2.38947
181.17_36.3835_2.26025
180.876_36.772_2.13102
180.635_37.195_2.00179
180.451_37.6456_1.87257
180.326_38.1162_1.74334
180.263_38.599_1.61412
180.258_39.0908_1.5116
180.298_39.5862_1.44977
180.338_40.074_1.56569
180.331_40.571_1.62752
180.297_41.0689_1.66194
180.248_41.5662_1.6826
180.191_42.0629_1.68949
180.113_42.5435_1.81871
179.973_43.01_1.94794
179.775_43.4547_2.07717
179.521_43.8701_2.20639
179.216_44.2493_2.33562
178.869_44.6092_2.34251
178.519_44.9668_2.3494
178.169_45.3235_2.34251
177.819_45.681_2.3494
177.469_46.0378_2.34251
177.115_46.372_2.47173
176.719_46.6671_2.56076
176.298_46.9312_2.62259
175.862_47.1738_2.657
175.419_47.4057_2.66389
174.996_47.6477_2.53467
174.609_47.9421_2.40544
174.262_48.284_2.27621
173.962_48.6677_2.14699
173.715_49.0869_2.01776
173.502_49.5389_1.9971
173.298_49.9953_1.97644
173.102_50.4551_1.96955
172.909_50.9163_1.96266
172.719_51.3788_1.95577
172.556_51.8374_1.82654
172.452_52.3133_1.69732
172.412_52.7984_1.56809
172.433_53.2848_1.43887
172.515_53.7699_1.33635
172.623_54.2563_1.38449
172.709_54.7477_1.41891
172.782_55.2422_1.43957
172.846_55.738_1.44646
172.907_56.2342_1.45335
172.943_56.7197_1.58257
172.917_57.2059_1.7118
172.828_57.6846_1.84103
172.678_58.1479_1.97025
172.474_58.5995_2.04571
172.27_59.0416_1.91648
172.125_59.5062_1.78726
172.04_59.9858_1.65803
172.019_60.4722_1.52881
172.06_60.9573_1.39958
172.122_61.4402_1.52881
172.122_61.9271_1.65803
172.059_62.4099_1.78726
171.934_62.8806_1.91648
171.75_63.3312_2.04571
171.509_63.7544_2.17494
171.216_64.143_2.30416
170.875_64.4906_2.43339
170.491_64.8035_2.50885
170.085_65.094_2.54326
169.695_65.385_2.41404
169.345_65.724_2.28481
169.042_66.1051_2.15559
168.791_66.5221_2.02636
168.595_66.968_1.89713
168.453_67.4389_1.79462
168.353_67.9257_1.73279
168.278_68.4192_1.69837
168.216_68.9152_1.69148
168.157_69.4117_1.68459
168.081_69.8927_1.81382
167.944_70.3598_1.94305
167.748_70.8055_2.07227
167.496_71.2221_2.2015
167.192_71.6028_2.33073
166.872_71.9697_2.2015
166.602_72.3747_2.07227
166.386_72.8112_1.94305
166.228_73.2718_1.81382
166.131_73.7489_1.68459
166.056_74.2299_1.81382
165.919_74.6971_1.94305
165.74_75.1638_1.92239
165.638_75.4586_1.86616
165.477_75.918_1.99538
165.258_76.3527_2.12461
164.984_76.7556_2.25384
164.661_77.1199_2.38306
164.624_77.155_2.39667
164.28_77.5_2.26744
163.984_77.8863_2.13821
163.74_78.3076_2.00899
163.552_78.7569_1.87976
163.424_79.2266_1.75054
163.355_79.7112_1.63461
163.333_80.2077_1.57279
163.338_80.7068_1.53837
163.358_81.2061_1.51771
163.385_81.7053_1.51082
163.435_82.1896_1.38159
163.547_82.6635_1.25237
163.719_83.1191_1.12314
163.948_83.5486_0.993916
164.23_83.9451_0.86469
164.562_84.3019_0.735463
164.936_84.6129_0.606237
165.348_84.8732_0.477011
165.79_85.0782_0.347785
166.257_85.2301_0.245268
166.735_85.3624_0.320727
167.205_85.527_0.368869
167.67_85.7104_0.38953
168.131_85.9033_0.410192
168.589_86.1037_0.417081
169.047_86.2957_0.355255
169.517_86.4639_0.320838
169.992_86.6182_0.300176
170.471_86.7627_0.279515
170.952_86.8995_0.272625
171.434_87.026_0.224483
171.921_87.1338_0.203822
172.411_87.2316_0.18316
172.903_87.3215_0.176271
173.396_87.4081_0.169381
173.872_87.5104_0.298608
174.331_87.6732_0.427834
174.765_87.8938_0.55706
175.167_88.1685_0.686286
175.542_88.4921_0.761744
175.908_88.8129_0.632518
176.313_89.0838_0.503292
176.749_89.3004_0.374066
177.209_89.4589_0.24484
177.692_89.5645_0.155814
178.184_89.6475_0.190231
178.674_89.7454_0.210893
179.162_89.8512_0.217782
179.65_89.9603_0.224671
180.137_90.0728_0.23156
180.606_90.2046_0.360786
181.054_90.3956_0.490012
181.474_90.6427_0.619239
181.858_90.9419_0.748465
182.203_91.2884_0.864385
182.535_91.6451_0.735159
182.91_91.956_0.605933
183.321_92.2161_0.476707
183.763_92.421_0.347481
184.227_92.5672_0.218255
184.707_92.6524_0.0890287
185.193_92.6751_-0.0401974
185.678_92.635_-0.169424
186.154_92.5326_-0.29865
186.613_92.3698_-0.427876
187.064_92.1867_-0.29865
187.535_92.0633_-0.169424
188.018_92.0016_-0.0401974
188.505_92.0027_0.0890287
188.988_92.0665_0.218255
189.476_92.1713_0.197593
189.967_92.266_0.176931
190.459_92.3529_0.170042
190.952_92.4363_0.163153
191.446_92.5164_0.156264
191.929_92.5717_0.0270376
192.415_92.6055_0.156264
192.892_92.7016_0.28549
193.185_92.7961_0.367106
193.233_92.8147_0.380709
193.257_92.8243_0.38751
193.699_93.0273_0.516737
194.112_93.2855_0.645963
194.488_93.5948_0.775189
194.821_93.95_0.904415
195.106_94.3452_1.03364
195.337_94.7737_1.16287
195.511_95.2284_1.29209
195.625_95.7017_1.42132
195.677_96.1858_1.55055
195.675_96.6814_1.626
195.639_97.1784_1.67415
195.584_97.675_1.69481
195.521_98.171_1.7017
195.455_98.6665_1.70859
195.385_99.1616_1.71548
195.312_99.6561_1.72236
195.235_100.15_1.72925
195.157_100.644_1.72236
195.081_101.138_1.72925
195.003_101.632_1.72236
194.926_102.126_1.72925
194.849_102.62_1.72236
194.772_103.114_1.72925
194.694_103.608_1.72236
194.618_104.102_1.72925
194.54_104.596_1.72236
194.463_105.09_1.72925
194.385_105.584_1.72236
194.309_106.078_1.72925
194.231_106.572_1.72236
194.154_107.066_1.72925
194.077_107.56_1.72236
194_108.054_1.72925
193.904_108.534_1.84517
193.76_109.009_1.907
