configuration 133.385482788_115.927223206_-0.986328190641_0.164792901387_34.5528411865_13.6445770264_-0.541385985877_0.840774175564
length 184.196
time 6.57762
roughness 0.000104099
133.385_115.927_-2.8105
132.919_115.789_-2.93972
132.434_115.706_-3.04224
131.938_115.667_-3.10407
131.439_115.654_-3.13848
130.939_115.654_-3.14537
130.453_115.635_-3.01615
129.973_115.554_-2.88692
129.507_115.411_-2.75769
129.179_115.266_-2.66247
129.156_115.255_-2.65567
128.716_115.046_-2.7849
128.249_114.887_-2.87392
127.766_114.763_-2.92207
127.278_114.66_-2.95648
126.786_114.571_-2.97714
126.31_114.471_-2.84792
125.839_114.316_-2.77246
125.376_114.13_-2.73804
124.918_113.931_-2.71738
124.464_113.722_-2.69672
124.011_113.51_-2.71738
123.555_113.306_-2.72427
123.097_113.104_-2.73116
122.639_112.906_-2.73805
122.179_112.708_-2.73116
121.741_112.495_-2.60193
121.335_112.228_-2.47271
120.966_111.91_-2.34348
120.641_111.547_-2.21426
120.357_111.143_-2.12523
120.083_110.741_-2.25446
119.76_110.377_-2.38368
119.392_110.057_-2.51291
118.987_109.788_-2.64214
118.55_109.573_-2.77136
118.089_109.416_-2.90059
117.611_109.32_-3.02981
117.126_109.286_-3.15904
116.64_109.315_-3.28827
116.15_109.398_-3.35009
115.669_109.479_-3.22087
115.183_109.497_-3.09164
114.695_109.454_-2.97572
114.209_109.359_-2.90026
113.725_109.235_-2.86584
113.263_109.082_-2.73662
112.824_108.872_-2.60739
112.416_108.606_-2.47817
112.039_108.29_-2.37565
111.685_107.939_-2.32751
111.336_107.588_-2.40297
110.962_107.258_-2.45111
110.575_106.943_-2.47177
110.181_106.635_-2.49243
109.782_106.334_-2.49932
109.405_106.026_-2.37009
109.071_105.672_-2.24087
108.785_105.278_-2.11164
108.549_104.849_-1.99572
108.353_104.392_-1.93389
108.2_103.93_-1.80467
108.107_103.452_-1.67544
108.077_102.966_-1.54622
108.11_102.48_-1.41699
108.201_101.997_-1.31447
108.333_101.516_-1.28006
108.48_101.038_-1.25939
108.634_100.562_-1.25251
108.792_100.088_-1.24562
108.953_99.6146_-1.23873
109.105_99.1414_-1.30055
109.233_98.659_-1.33497
109.346_98.1723_-1.35563
109.452_97.6837_-1.36252
109.554_97.1943_-1.36941
109.671_96.7218_-1.24018
109.818_96.3389_-1.13136
110.044_95.9074_-1.00214
110.114_95.8002_-0.96813
110.129_95.7791_-0.961328
110.419_95.3731_-0.926912
110.722_94.9756_-0.90625
111.031_94.5827_-0.899361
111.343_94.192_-0.892471
111.658_93.8035_-0.885582
111.949_93.4137_-1.01481
112.189_92.9897_-1.14403
112.377_92.5353_-1.24655
112.526_92.0611_-1.30838
112.65_91.5776_-1.34279
112.78_91.1084_-1.21357
112.969_90.6599_-1.08434
113.215_90.2395_-0.955116
113.512_89.8543_-0.82589
113.858_89.5042_-0.723373
114.209_89.1668_-0.852599
114.513_88.7869_-0.981825
114.776_88.3684_-1.07085
115.007_87.9274_-1.11899
115.222_87.4763_-1.13965
115.407_87.0258_-1.26888
115.532_86.5552_-1.39811
115.598_86.0701_-1.51403
115.616_85.5734_-1.57585
115.607_85.0744_-1.61027
115.609_84.5875_-1.48104
115.673_84.1049_-1.35182
115.799_83.6345_-1.22259
115.984_83.1843_-1.09337
116.226_82.7617_-0.96414
116.515_82.355_-0.929724
116.817_81.9566_-0.909062
117.125_81.5629_-0.902173
117.436_81.1713_-0.895283
117.749_80.7818_-0.888394
118.04_80.3913_-1.01762
118.278_79.9665_-1.14685
118.459_79.5147_-1.27607
118.581_79.0432_-1.4053
118.641_78.56_-1.53452
118.679_78.0746_-1.4053
118.779_77.5982_-1.27607
118.94_77.1387_-1.14685
119.159_76.7038_-1.01762
119.433_76.3008_-0.888394
119.723_75.9102_-1.01762
119.961_75.4855_-1.14685
120.143_75.0336_-1.27607
120.264_74.5621_-1.4053
120.324_74.0789_-1.53452
120.343_73.5793_-1.52764
120.366_73.0799_-1.52075
120.392_72.5806_-1.51386
120.422_72.0815_-1.50697
120.452_71.5825_-1.51386
120.501_71.098_-1.38463
120.605_70.6134_-1.30917
120.741_70.1343_-1.26103
120.897_69.6595_-1.24037
121.062_69.188_-1.21971
121.21_68.7241_-1.34893
121.297_68.245_-1.47816
121.321_67.7588_-1.60739
121.283_67.2734_-1.73661
121.182_66.797_-1.86584
121.021_66.3376_-1.99506
120.802_65.9027_-2.12429
120.529_65.4998_-2.25352
120.206_65.1354_-2.38274
119.839_64.8156_-2.51197
119.458_64.5125_-2.38274
119.113_64.1622_-2.28023
118.797_63.7785_-2.2184
118.5_63.3771_-2.18398
118.215_62.9665_-2.16332
117.928_62.5651_-2.25235
117.608_62.1833_-2.30049
117.271_61.8151_-2.3349
116.922_61.4567_-2.35557
116.568_61.1038_-2.36246
116.208_60.7767_-2.49168
115.808_60.4987_-2.62091
115.372_60.263_-2.69637
114.919_60.0533_-2.73078
114.46_59.8569_-2.75144
113.998_59.6657_-2.74456
113.537_59.4713_-2.73767
113.078_59.2737_-2.73078
112.619_59.0751_-2.73767
112.159_58.8797_-2.74456
111.699_58.6833_-2.72389
111.243_58.4794_-2.717
110.788_58.2724_-2.71012
110.334_58.0623_-2.70323
109.881_57.8511_-2.71012
109.432_57.6355_-2.66197
108.99_57.4019_-2.64131
108.553_57.1592_-2.62065
108.12_56.9094_-2.61376
107.689_56.6566_-2.60687
107.258_56.4028_-2.61376
106.827_56.15_-2.60687
106.396_55.8962_-2.61376
105.965_55.6434_-2.60687
105.534_55.3896_-2.61376
105.103_55.1368_-2.60687
104.672_54.883_-2.61376
104.24_54.6302_-2.60687
103.81_54.3764_-2.61376
103.378_54.1236_-2.60687
102.949_53.8935_-2.7361
102.494_53.7205_-2.86532
102.021_53.6077_-2.99455
101.536_53.5568_-3.12378
101.05_53.5688_-3.253
100.564_53.6024_-3.12378
100.078_53.5731_-2.99455
99.5997_53.4814_-2.86532
99.1373_53.3289_-2.7361
98.6984_53.118_-2.60687
98.2688_52.8622_-2.59998
97.841_52.6035_-2.59309
97.415_52.3419_-2.5862
96.9896_52.0792_-2.59309
96.5635_51.8175_-2.5862
96.1393_51.5786_-2.71543
95.6849_51.3905_-2.81795
95.2105_51.2422_-2.87977
94.727_51.1185_-2.91419
94.2394_51.0092_-2.93485
93.7676_50.8892_-2.80563
93.3151_50.7093_-2.6764
92.8896_50.4727_-2.54717
92.4981_50.1832_-2.41795
92.1408_49.8452_-2.31543
91.796_49.5015_-2.44466
91.4097_49.2051_-2.57388
90.9885_48.9609_-2.70311
90.5393_48.7731_-2.83233
90.0696_48.6447_-2.96156
89.5775_48.5563_-2.96845
89.0852_48.469_-2.96156
88.5932_48.3806_-2.96845
88.1009_48.2934_-2.96156
87.6088_48.205_-2.96845
87.1332_48.1008_-2.83922
86.6749_47.9363_-2.71
86.2417_47.7141_-2.58077
85.8343_47.4385_-2.47825
85.4637_47.1227_-2.34903
85.1068_46.7814_-2.43805
84.7213_46.4677_-2.49988
84.3181_46.1736_-2.5343
83.9069_45.8892_-2.54119
83.4937_45.6077_-2.54808
83.0789_45.3528_-2.6773
82.6347_45.1534_-2.80653
82.1685_45.0129_-2.93575
81.6881_44.9337_-3.06498
81.199_44.9149_-3.1809
80.7121_44.9134_-3.05167
80.2295_44.8491_-2.92245
79.7591_44.7232_-2.79322
79.3058_44.5387_-2.6773
78.866_44.3071_-2.61548
78.4373_44.0515_-2.58106
78.016_43.7829_-2.5604
77.5987_43.5075_-2.55351
77.1834_43.2292_-2.54662
76.77_42.948_-2.53973
76.3573_42.6896_-2.66896
75.9121_42.4806_-2.77147
75.4448_42.3079_-2.81961
74.9696_42.1554_-2.85403
74.4895_42.017_-2.87469
74.0257_41.8688_-2.74547
73.5787_41.6638_-2.64295
73.1471_41.4172_-2.58112
72.7275_41.147_-2.54671
72.314_40.8659_-2.53982
71.9003_40.6044_-2.65574
71.4561_40.3814_-2.71756
70.9989_40.1813_-2.75198
70.5353_39.9947_-2.77264
70.0681_39.8177_-2.7933
69.6038_39.671_-2.92253
69.1245_39.5855_-3.05176
68.6381_39.5624_-3.18098
68.1455_39.5963_-3.27001
67.6539_39.6701_-3.33184
67.1723_39.7418_-3.20261
66.6855_39.7509_-3.07338
66.2016_39.6972_-2.94416
65.7287_39.5815_-2.81493
65.2746_39.4059_-2.6857
64.8287_39.2102_-2.81493
64.3614_39.0737_-2.94416
63.8745_38.9911_-3.03318
63.3794_38.9475_-3.09501
62.8806_38.93_-3.12943
62.3809_38.9273_-3.15009
61.8813_38.935_-3.17075
61.3945_38.9286_-3.04152
60.9125_38.8594_-2.9123
60.4435_38.7288_-2.78307
59.9952_38.5388_-2.65384
59.5751_38.2926_-2.52462
59.1903_37.9943_-2.39539
58.8471_37.6489_-2.26617
58.5513_37.2622_-2.13694
58.2988_36.8378_-2.04791
58.0771_36.3916_-1.99977
57.856_35.9578_-2.129
57.5809_35.5561_-2.25822
57.2563_35.1933_-2.38745
56.8876_34.8752_-2.51668
56.481_34.6074_-2.6459
56.0393_34.375_-2.68032
55.5903_34.1557_-2.70098
55.1376_33.9435_-2.70787
54.6835_33.7345_-2.71476
54.2279_33.5285_-2.72165
53.7753_33.349_-2.85088
53.3013_33.2267_-2.9668
52.8102_33.1504_-3.02862
52.3137_33.0998_-3.06304
51.8153_33.064_-3.0837
51.3308_33.0153_-2.95447
50.8567_32.9045_-2.82525
50.4008_32.7336_-2.69602
49.9708_32.5053_-2.5668
49.5737_32.2235_-2.43757
49.1895_31.9244_-2.5668
48.77_31.6772_-2.69602
48.3222_31.4862_-2.82525
47.8535_31.3545_-2.95447
47.3717_31.2842_-3.0837
46.8797_31.2411_-2.99468
46.3881_31.1603_-2.94653
45.8986_31.0601_-2.92587
45.4112_30.9498_-2.90521
44.9254_30.8316_-2.89832
44.4483_30.7344_-3.02755
43.9627_30.6996_-3.15677
43.4766_30.7276_-3.286
42.9982_30.818_-3.41523
42.5354_30.9693_-3.54445
42.0798_31.1411_-3.41523
41.6059_31.2527_-3.286
41.1215_31.3023_-3.15677
40.6348_31.289_-3.02755
40.1539_31.2131_-2.89832
39.6867_31.0759_-2.76909
39.2411_30.8797_-2.63987
38.8246_30.6276_-2.51064
38.4439_30.324_-2.38142
38.1056_29.9739_-2.25219
37.8152_29.583_-2.12296
37.5776_29.1581_-1.99374
37.3911_28.703_-1.89122
37.2442_28.2282_-1.82939
37.1222_27.7443_-1.79498
36.9939_27.2746_-1.9242
36.8062_26.8253_-2.05343
36.5621_26.404_-2.18266
36.2674_26.0056_-2.25811
35.9452_25.6256_-2.30626
35.6035_25.2787_-2.43548
35.22_24.9788_-2.56471
34.801_24.7308_-2.69393
34.3536_24.5388_-2.82316
33.8815_24.4007_-2.92568
33.4108_24.2763_-2.79645
32.96_24.0923_-2.66723
32.5367_23.8518_-2.538
32.1479_23.5587_-2.40877
31.8001_23.2179_-2.27955
31.4992_22.8352_-2.15032
31.2501_22.4169_-2.02109
31.0569_21.9699_-1.89187
30.923_21.5018_-1.76264
30.8505_21.0204_-1.63342
30.8406_20.5336_-1.50419
30.8936_20.0496_-1.37496
31.0085_19.5764_-1.24574
31.1812_19.116_-1.14322
31.3966_18.668_-1.08139
31.6362_18.2302_-1.04698
31.8891_17.7993_-1.02632
32.1491_17.3722_-1.01943
32.412_16.9469_-1.01254
32.6778_16.5235_-1.00565
32.9465_16.1019_-0.99876
33.2181_15.6821_-0.99187
33.4926_15.2643_-0.984981
33.7588_14.8445_-1.04681
34.0036_14.4096_-1.08122
