configuration 161.70602417_-18.2518405914_0.169978369946_0.985447793519_193.750076294_109.599342346_0.85380148664_0.520598714377
length 428.994
time 81.6945
roughness 4.28527e-05
161.706_-18.2518_0.341615
162.157_-18.0694_0.470842
162.582_-17.8304_0.600068
162.971_-17.5386_0.729294
163.32_-17.1991_0.85852
163.623_-16.8174_0.987746
163.908_-16.4227_0.85852
164.241_-16.068_0.729294
164.618_-15.7593_0.600068
165.031_-15.5016_0.470842
165.45_-15.309_0.348417
165.92_-15.1372_0.355306
166.388_-14.9622_0.362195
166.855_-14.784_0.369084
167.322_-14.6047_0.362195
167.789_-14.4265_0.369084
168.235_-14.2317_0.498311
168.653_-13.9811_0.627537
169.034_-13.6788_0.756763
169.374_-13.3298_0.885989
169.665_-12.94_1.01522
169.94_-12.5376_0.885989
170.263_-12.1739_0.756763
170.631_-11.8549_0.627537
171.037_-11.586_0.498311
171.474_-11.3716_0.369084
171.942_-11.1969_0.334668
172.415_-11.036_0.314006
172.891_-10.885_0.293344
173.37_-10.7415_0.286455
173.85_-10.6013_0.279566
174.312_-10.4473_0.408792
174.75_-10.235_0.538018
175.157_-9.96796_0.667244
175.526_-9.65073_0.79647
175.852_-9.28854_0.925696
176.161_-8.91225_0.79647
176.516_-8.57891_0.667244
176.911_-8.29409_0.538018
177.339_-8.06254_0.408792
177.793_-7.8881_0.279566
178.272_-7.7449_0.313983
178.746_-7.58731_0.334644
179.218_-7.42202_0.341533
179.688_-7.25349_0.348423
180.159_-7.08387_0.341533
180.628_-6.91328_0.362195
181.094_-6.73302_0.382857
181.558_-6.54518_0.389746
182.02_-6.35416_0.396635
182.48_-6.15995_0.403525
182.936_-5.98792_0.274299
183.413_-5.87079_0.171782
183.905_-5.79591_0.109955
184.401_-5.74683_0.0755386
184.9_-5.71255_0.0548768
185.397_-5.67726_0.103019
185.893_-5.62025_0.137436
186.388_-5.55062_0.144325
186.882_-5.47758_0.151214
187.376_-5.40113_0.158103
187.854_-5.30416_0.287329
188.314_-5.14652_0.416555
188.751_-4.93082_0.545782
189.156_-4.66068_0.675008
189.523_-4.34058_0.804234
189.875_-4.0045_0.675008
190.268_-3.71662_0.545782
190.694_-3.48175_0.416555
191.147_-3.30379_0.287329
191.62_-3.18572_0.158103
192.097_-3.08876_0.287329
192.558_-2.93111_0.416555
192.994_-2.71542_0.545782
193.399_-2.44527_0.675008
193.766_-2.12518_0.804234
194.089_-1.76047_0.93346
194.361_-1.35724_1.06269
194.58_-0.922205_1.19191
194.741_-0.46262_1.32114
194.841_0.0138495_1.45036
194.881_0.501679_1.56629
194.873_0.998653_1.62811
194.839_1.49656_1.66253
194.79_1.9938_1.68319
194.733_2.49048_1.69008
194.668_2.9853_1.7245
194.588_3.47854_1.74516
194.5_3.97073_1.75205
194.409_4.46229_1.75894
194.314_4.95322_1.76583
194.199_5.42645_1.89505
194.025_5.88098_2.02428
193.797_6.3209_2.09974
193.538_6.74694_2.14788
193.263_7.1638_2.16854
193.006_7.57752_2.03931
192.805_8.02087_1.91009
192.657_8.48991_1.80757
192.548_8.97602_1.75943
192.46_9.46729_1.72501
192.365_9.9448_1.85424
192.214_10.417_1.9297
192.034_10.8822_1.96411
191.839_11.3424_1.98477
191.635_11.7985_2.00544
191.449_12.2484_1.87621
191.322_12.7185_1.74698
191.257_13.2011_1.61776
191.255_13.688_1.48853
191.308_14.1807_1.41307
191.364_14.6644_1.5423
191.357_15.1512_1.67153
191.288_15.6331_1.80075
191.163_16.1127_1.87621
191.006_16.5854_1.92435
190.818_17.0346_2.05358
190.574_17.4559_2.1828
190.277_17.8422_2.31203
189.934_18.1871_2.44126
189.548_18.488_2.55718
189.141_18.7717_2.48172
188.753_19.0834_2.43358
188.375_19.4109_2.41292
188.005_19.7462_2.39225
187.64_20.0876_2.38536
187.3_20.4364_2.25614
187.008_20.8261_2.12691
186.769_21.2501_1.99769
186.586_21.7014_1.86846
186.463_22.1726_1.73923
186.361_22.6487_1.86846
186.199_23.1077_1.99769
185.979_23.5419_2.12691
185.704_23.9442_2.25614
185.38_24.3077_2.38536
185.041_24.6565_2.25614
184.74_25.0479_2.16711
184.466_25.4646_2.11897
184.209_25.8928_2.09831
183.96_26.3263_2.07765
183.742_26.7616_1.94842
183.582_27.2214_1.8192
183.483_27.698_1.68997
183.445_28.1834_1.56074
183.471_28.6696_1.43152
183.52_29.1566_1.54744
183.521_29.6537_1.60926
183.497_30.1521_1.64368
183.457_30.6502_1.66434
183.409_31.1479_1.67123
183.34_31.6298_1.80046
183.209_32.0988_1.92968
183.019_32.547_2.05891
182.775_32.9788_2.13437
182.502_33.3956_2.18251
182.24_33.8057_2.05328
182.033_34.2462_1.92406
181.884_34.7097_1.79483
181.796_35.1886_1.66561
181.77_35.6748_1.53638
181.766_36.1617_1.66561
181.7_36.644_1.79483
181.572_37.1137_1.92406
181.384_37.563_2.05328
181.14_37.9844_2.18251
180.909_38.2916_2.28453
180.575_38.6458_2.41376
180.198_38.954_2.54298
179.784_39.2111_2.67221
179.36_39.4495_2.54298
178.944_39.7156_2.63201
178.505_39.9517_2.68015
178.057_40.1732_2.68704
177.918_40.2389_2.72785
177.464_40.4156_2.85707
176.991_40.5324_2.9863
176.507_40.5872_3.11553
176.021_40.5793_3.24475
175.539_40.5087_3.37398
175.052_40.3946_3.36709
174.565_40.284_3.3602
174.076_40.1767_3.35331
173.587_40.0727_3.34642
173.098_39.9699_3.35331
172.621_39.8503_3.45583
172.151_39.687_3.51765
171.689_39.4984_3.55207
171.233_39.2959_3.57273
170.779_39.0859_3.57962
170.33_38.8983_3.4504
169.855_38.7621_3.36137
169.367_38.6613_3.31323
168.874_38.5817_3.27881
168.379_38.5168_3.25815
167.898_38.4397_3.38738
167.425_38.304_3.48989
166.962_38.1248_3.55172
166.506_37.9205_3.58614
166.057_37.7025_3.6068
165.631_37.4659_3.73602
165.381_37.2868_3.81764
165.341_37.2549_3.80404
164.97_36.9394_3.93326
164.643_36.5788_4.06249
164.356_36.177_4.15152
164.103_35.7509_4.22697
164.017_35.5935_4.17936
163.752_35.185_4.05014
163.436_34.8141_3.92091
163.076_34.4869_3.79169
162.676_34.2089_3.66246
162.24_33.9731_3.587
161.787_33.7632_3.55258
161.328_33.5668_3.53192
160.865_33.3776_3.52503
160.401_33.1916_3.51814
159.936_33.0088_3.51126
159.475_32.8523_3.38203
158.99_32.7464_3.30657
158.497_32.6701_3.27215
158.001_32.6084_3.25149
157.504_32.5571_3.23083
157.022_32.4931_3.36006
156.551_32.3676_3.48928
156.101_32.1824_3.61851
155.943_32.0976_3.66612
155.921_32.0847_3.67292
155.583_31.901_3.5709
155.149_31.6798_3.70013
154.747_31.4045_3.82935
154.496_31.1856_3.91777
154.328_31.0273_3.85656
153.947_30.7067_3.80842
153.552_30.422_3.67919
153.124_30.1907_3.54996
152.669_30.0164_3.42074
152.496_29.9697_3.37313
152.013_29.8476_3.42127
151.534_29.7043_3.45569
151.06_29.5467_3.47635
150.588_29.3814_3.48324
150.118_29.2128_3.49013
149.649_29.0389_3.51079
149.184_28.8574_3.51768
148.719_28.6727_3.52457
148.255_28.4869_3.51768
147.79_28.3023_3.52457
147.326_28.1165_3.51768
146.861_27.9318_3.52457
146.397_27.746_3.51768
145.933_27.5613_3.52457
145.468_27.3756_3.51768
145.01_27.1836_3.5795
144.56_26.9668_3.61392
144.117_26.7364_3.63458
143.677_26.4988_3.64147
143.239_26.2581_3.64836
142.804_26.04_3.51913
142.344_25.8799_3.38991
141.867_25.7803_3.26068
141.382_25.743_3.13146
140.896_25.7686_3.00223
140.417_25.8566_2.873
139.953_26.0056_2.74378
139.513_26.2131_2.61455
139.103_26.4756_2.48533
138.73_26.7887_2.3561
138.4_27.1473_2.22687
138.12_27.5454_2.09765
137.893_27.9763_1.96842
137.724_28.4327_1.83919
137.615_28.9073_1.70997
137.527_29.3861_1.83919
137.384_29.8605_1.91465
137.208_30.3268_1.9628
137.014_30.7873_1.98346
136.811_31.2436_2.00412
136.625_31.6938_1.87489
136.499_32.1641_1.74567
136.435_32.6467_1.61644
136.433_33.1336_1.48721
136.494_33.6166_1.35799
136.577_34.0965_1.48721
136.597_34.5829_1.61644
136.554_35.0679_1.74567
136.449_35.5434_1.87489
136.284_36.0013_2.00412
136.061_36.4342_2.13334
135.785_36.8411_2.23586
135.47_37.2258_2.29769
135.134_37.5949_2.3321
134.787_37.9543_2.35277
134.435_38.3098_2.34588
134.086_38.6678_2.33899
133.74_39.0281_2.3321
133.396_39.3908_2.32521
133.054_39.7559_2.31832
132.738_40.1267_2.18909
132.467_40.5369_2.08658
132.231_40.9742_2.02475
132.017_41.4252_1.99033
131.817_41.883_1.96967
131.636_42.3443_1.89421
131.485_42.8192_1.84607
131.353_43.3009_1.82541
131.228_43.7851_1.81852
131.106_44.27_1.81163
130.97_44.7375_1.94086
130.775_45.1836_2.07008
130.524_45.6008_2.19931
130.221_45.9821_2.32854
129.872_46.3213_2.45776
129.508_46.6446_2.32854
129.189_47.0122_2.19931
128.916_47.4188_2.08339
128.684_47.8566_2.00793
128.478_48.3112_1.97351
128.306_48.7668_1.84429
128.195_49.2408_1.71506
128.145_49.7251_1.58584
128.158_50.2118_1.45661
128.234_50.6928_1.32738
128.332_51.1699_1.45661
128.367_51.6555_1.58584
128.339_52.1416_1.71506
128.248_52.62_1.84429
128.097_53.0828_1.97351
127.909_53.5442_1.92537
127.741_54.0142_1.89096
127.587_54.4896_1.87029
127.441_54.9676_1.86341
127.298_55.4467_1.85652
127.141_55.9076_1.98574
126.926_56.3444_2.11497
126.656_56.7499_2.24419
126.337_57.1238_2.34671
125.982_57.4738_2.39485
125.639_57.8193_2.26563
125.344_58.2062_2.1364
125.1_58.628_2.00717
124.913_59.0776_1.87795
124.786_59.5475_1.74872
124.692_60.0376_1.78314
124.583_60.5253_1.8038
124.465_61.0107_1.82446
124.338_61.4944_1.83135
124.208_61.9772_1.83824
124.06_62.4409_1.96747
123.853_62.8816_2.09669
123.591_63.292_2.22592
123.278_63.6651_2.35515
122.919_64.0043_2.44417
122.559_64.3325_2.31494
122.245_64.7043_2.18572
121.981_65.1136_2.05649
121.772_65.5534_1.92727
121.636_65.9672_1.81164
121.516_66.4525_1.81853
121.392_66.9369_1.82542
121.265_67.4204_1.83231
121.134_67.9031_1.8392
121.003_68.3855_1.83231
120.857_68.85_1.96154
120.653_69.292_2.09076
120.393_69.7039_2.21999
120.083_70.0789_2.34922
119.727_70.4108_2.47844
119.356_70.7265_2.34922
119.029_71.0873_2.21999
118.751_71.4873_2.09076
118.528_71.9197_1.96154
118.361_72.3774_1.83231
118.223_72.8548_1.89414
118.059_73.3261_1.92855
117.881_73.793_1.94922
117.695_74.2571_1.9561
117.506_74.72_1.96299
117.336_75.1791_1.84707
117.211_75.66_1.78525
117.11_76.1488_1.75083
117.024_76.641_1.73017
116.948_77.1349_1.70951
116.86_77.6138_1.83873
116.712_78.0775_1.96796
116.505_78.5181_2.09719
116.242_78.9283_2.22641
115.929_79.3013_2.35564
115.6_79.6601_2.22641
115.32_80.0583_2.09719
115.082_80.4928_2.02173
114.872_80.9447_1.97358
114.679_81.4057_1.95292
114.517_81.8647_1.8237
114.405_82.3475_1.74824
114.325_82.8392_1.7001
114.264_83.3352_1.67943
114.213_83.8323_1.65877
114.15_84.315_1.788
114.025_84.7856_1.91723
113.84_85.2361_2.04645
113.599_85.6591_2.17568
113.306_86.0476_2.3049
112.995_86.4225_2.17568
112.735_86.8344_2.04645
112.531_87.2763_1.91723
112.385_87.7409_1.788
112.301_88.2203_1.65877
112.269_88.7149_1.58331
112.271_89.2131_1.53517
112.292_89.7124_1.51451
112.324_90.211_1.49385
112.363_90.7094_1.48696
112.384_91.1959_1.61619
112.341_91.6809_1.74541
112.241_92.1645_1.83444
112.101_92.6416_1.89626
111.936_93.1126_1.93068
111.784_93.5752_1.80145
111.693_94.0535_1.67223
111.665_94.5395_1.543
111.699_95.0252_1.41378
111.795_95.5024_1.28455
111.913_95.9749_1.41378
111.968_96.4586_1.543
111.961_96.9455_1.67223
111.892_97.4273_1.80145
111.76_97.8962_1.93068
111.57_98.3442_2.05991
111.325_98.7731_2.14893
111.046_99.1859_2.19707
110.749_99.5869_2.23149
110.44_99.9793_2.25215
110.149_100.37_2.12293
109.912_100.795_1.9937
109.731_101.247_1.86447
109.61_101.719_1.73525
109.55_102.202_1.60602
109.513_102.688_1.73525
109.413_103.164_1.86447
109.252_103.624_1.9937
109.034_104.059_2.12293
108.761_104.462_2.25215
108.471_104.853_2.12293
108.233_105.278_1.9937
108.052_105.73_1.86447
107.931_106.202_1.73525
107.872_106.685_1.60602
107.834_107.17_1.73525
107.739_107.655_1.82427
107.606_108.135_1.87242
107.453_108.61_1.90683
107.285_109.081_1.92749
107.095_109.529_2.05672
106.85_109.953_2.17264
106.56_110.354_2.2481
106.241_110.737_2.29624
105.906_111.107_2.33066
105.556_111.446_2.45988
105.165_111.736_2.58911
104.737_111.985_2.66457
104.291_112.207_2.71271
103.835_112.412_2.73337
103.397_112.624_2.60415
102.989_112.891_2.47492
102.62_113.208_2.34569
102.294_113.57_2.21647
102.018_113.971_2.08724
101.761_114.39_2.18976
101.465_114.791_2.2379
101.152_115.179_2.27232
100.827_115.559_2.29298
100.495_115.933_2.29987
100.187_116.31_2.17064
99.9292_116.723_2.04142
99.727_117.166_1.91219
99.5836_117.631_1.78296
99.5014_118.111_1.65374
99.4405_118.594_1.78296
99.3179_119.065_1.91219
99.1356_119.517_2.04142
98.8966_119.941_2.17064
98.605_120.331_2.29987
98.2963_120.707_2.17064
98.0387_121.121_2.04142
97.8365_121.564_1.91219
97.6931_122.029_1.78296
97.6108_122.509_1.65374
97.55_122.992_1.78296
97.4274_123.463_1.91219
97.2451_123.914_2.04142
97.0061_124.339_2.17064
96.7144_124.729_2.29987
96.4058_125.105_2.17064
96.1482_125.518_2.04142
95.946_125.961_1.91219
95.8026_126.426_1.78296
95.7203_126.906_1.65374
95.6595_127.389_1.78296
95.5368_127.861_1.91219
95.3545_128.312_2.04142
95.1156_128.736_2.17064
94.8239_129.126_2.29987
94.5153_129.503_2.17064
94.2577_129.916_2.04142
94.0555_130.359_1.91219
93.9121_130.824_1.78296
93.8298_131.304_1.65374
93.7689_131.787_1.78296
93.6463_132.258_1.91219
93.464_132.71_2.04142
93.2251_133.134_2.17064
92.9334_133.524_2.29987
92.6247_133.9_2.17064
92.3672_134.314_2.04142
92.165_134.756_1.91219
92.0216_135.222_1.78296
91.9393_135.702_1.65374
91.8802_136.188_1.76966
91.772_136.673_1.83149
91.6378_137.153_1.8659
91.4892_137.63_1.88656
91.3308_138.104_1.90723
91.1897_138.57_1.778
91.1098_139.051_1.64877
91.0925_139.537_1.51955
91.138_140.022_1.39032
91.2456_140.497_1.26109
91.3742_140.966_1.39032
91.4412_141.449_1.51955
91.4455_141.936_1.64877
91.3888_142.422_1.76469
91.2794_142.903_1.85372
91.1238_143.365_1.98295
90.9101_143.802_2.11217
90.6417_144.208_2.2414
90.3232_144.577_2.37062
89.9599_144.901_2.49985
89.5826_145.209_2.37062
89.2481_145.562_2.2414
88.962_145.956_2.11217
88.7229_146.386_2.00965
88.521_146.84_1.94783
88.338_147.305_1.94094
88.1582_147.772_1.93405
87.9795_148.239_1.94094
87.7997_148.705_1.93405
87.621_149.172_1.94094
87.4643_149.633_1.81171
87.3682_150.111_1.68249
87.3345_150.596_1.55326
87.3637_151.082_1.42403
87.4552_151.561_1.29481
87.6076_152.023_1.16558
87.8184_152.462_1.03636
88.0839_152.87_0.90713
88.3998_153.241_0.777904
88.7608_153.567_0.648678
89.161_153.845_0.519452
89.5967_154.077_0.430426
90.0525_154.275_0.3686
90.5201_154.45_0.334183
90.9933_154.61_0.313521
91.4647_154.772_0.361664
91.9294_154.953_0.39608
92.3891_155.149_0.416742
92.8458_155.353_0.423631
93.3011_155.559_0.43052
93.7517_155.744_0.301294
94.2224_155.868_0.172068
94.7126_155.941_0.09661
95.2099_155.983_0.0621933
95.7088_156.011_0.0415316
96.2082_156.028_0.0208698
96.7081_156.038_0.0139806
97.208_156.043_0.00709142
97.708_156.046_0.000202204
98.2079_156.045_-0.00668701
98.6972_156.06_0.109234
99.19_156.124_0.17106
99.6808_156.215_0.205477
100.169_156.32_0.226139
100.656_156.434_0.233028
101.135_156.56_0.308486
101.609_156.717_0.342903
102.079_156.888_0.363564
102.544_157.069_0.384226
103.007_157.258_0.391115
103.471_157.443_0.356699
103.94_157.614_0.336037
104.413_157.778_0.329148
104.886_157.938_0.322259
105.361_158.095_0.315369
105.835_158.254_0.336031
106.306_158.42_0.34292
106.777_158.589_0.34981
107.246_158.761_0.356699
107.714_158.937_0.363588
108.176_159.091_0.234362
108.654_159.183_0.105136
109.14_159.214_-0.0240903
109.626_159.182_-0.153316
110.104_159.087_-0.282543
110.576_158.971_-0.153316
111.06_158.917_-0.0240903
111.547_158.926_0.105136
112.034_158.994_0.207653
112.518_159.107_0.269479
112.999_159.243_0.290141
113.478_159.387_0.29703
113.956_159.535_0.303919
114.432_159.685_0.310808
114.909_159.837_0.303919
115.382_159.994_0.352061
115.849_160.169_0.372723
116.315_160.353_0.379612
116.779_160.539_0.386502
117.241_160.728_0.393391
117.683_160.934_0.522617
118.094_161.195_0.651843
118.468_161.506_0.781069
118.799_161.863_0.910295
119.081_162.26_1.03952
119.345_162.669_0.910295
119.66_163.04_0.781069
120.02_163.368_0.651843
120.419_163.647_0.522617
120.853_163.878_0.4201
121.311_164.076_0.385683
121.776_164.261_0.365022
122.243_164.438_0.358133
122.712_164.613_0.351243
123.182_164.784_0.344354
123.651_164.955_0.365016
124.117_165.135_0.371905
124.583_165.318_0.378794
125.047_165.504_0.385683
125.511_165.691_0.378794
125.97_165.851_0.249568
126.447_165.952_0.120342
126.932_165.99_-0.00888408
127.418_165.965_-0.13811
127.905_165.882_-0.227136
128.384_165.793_-0.0979095
128.876_165.759_-0.00888408
129.375_165.763_0.0392581
129.873_165.788_0.0736747
130.371_165.828_0.0943365
130.853_165.894_0.223563
131.323_166.022_0.352789
131.773_166.21_0.482015
132.194_166.454_0.611241
132.581_166.75_0.740467
132.954_167.063_0.611241
133.364_167.325_0.482015
133.804_167.532_0.352789
134.268_167.681_0.223563
134.747_167.769_0.0943365
135.229_167.835_0.223563
135.699_167.963_0.352789
136.148_168.15_0.482015
136.57_168.394_0.611241
136.956_168.69_0.740467
137.329_169.003_0.611241
137.74_169.265_0.482015
138.18_169.473_0.352789
138.644_169.621_0.223563
139.123_169.709_0.0943365
139.605_169.775_0.223563
140.075_169.903_0.352789
140.533_170.088_0.441814
140.98_170.308_0.489956
141.418_170.548_0.524373
141.828_170.809_0.653599
142.202_171.121_0.782825
142.532_171.479_0.912051
142.814_171.876_1.04128
143.042_172.307_1.1705
143.25_172.746_1.04128
143.512_173.165_0.952252
143.808_173.566_0.90411
144.121_173.955_0.869693
144.446_174.335_0.849031
144.782_174.686_0.719805
145.162_174.991_0.590579
145.577_175.245_0.461353
146.022_175.443_0.332127
146.489_175.582_0.202901
146.961_175.7_0.332127
147.414_175.879_0.461353
147.841_176.114_0.590579
148.233_176.402_0.719805
148.568_176.719_0.84223
148.876_177.096_0.971456
149.133_177.509_1.10068
149.338_177.954_1.2166
149.526_178.403_1.08738
149.771_178.824_0.958151
150.067_179.21_0.828925
150.411_179.555_0.699699
150.797_179.852_0.570472
151.217_180.098_0.441246
151.523_180.231_0.352828
151.987_180.411_0.400971
152.445_180.611_0.435387
152.896_180.825_0.456049
153.343_181.048_0.476711
153.787_181.278_0.4836
154.227_181.486_0.354374
154.691_181.636_0.225148
155.169_181.724_0.0959216
155.656_181.75_-0.0333045
156.141_181.713_-0.162531
156.618_181.614_-0.291757
157.078_181.455_-0.420983
157.513_181.237_-0.550209
157.917_180.965_-0.679435
158.283_180.643_-0.808661
158.634_180.294_-0.733203
159.009_179.966_-0.685061
159.398_179.653_-0.664399
159.794_179.347_-0.643737
160.194_179.048_-0.636848
160.573_178.742_-0.766074
160.913_178.39_-0.881995
161.221_178_-0.943822
161.509_177.592_-0.978238
161.785_177.176_-0.9989
162.058_176.757_-0.978238
162.34_176.345_-0.957577
162.629_175.937_-0.950687
162.92_175.53_-0.943798
163.213_175.125_-0.950687
163.496_174.715_-0.998829
163.763_174.293_-1.01949
164.024_173.866_-1.02638
164.282_173.438_-1.03327
164.537_173.008_-1.04016
164.789_172.576_-1.04705
165.04_172.144_-1.04016
165.294_171.713_-1.03327
165.549_171.283_-1.04016
165.801_170.851_-1.04705
166.044_170.416_-1.09519
166.267_169.97_-1.12961
166.477_169.517_-1.15027
166.678_169.059_-1.17093
166.872_168.598_-1.17782
167.075_168.15_-1.0753
167.321_167.718_-1.01348
167.589_167.298_-0.97906
167.871_166.885_-0.958398
168.159_166.476_-0.951509
168.431_166.066_-1.05403
168.67_165.629_-1.10217
168.89_165.182_-1.13658
169.098_164.727_-1.15725
169.297_164.269_-1.16414
169.508_163.827_-1.04821
169.766_163.404_-0.972756
170.053_162.996_-0.924614
170.358_162.601_-0.890197
170.648_162.21_-1.01942
170.913_161.787_-0.998762
171.186_161.368_-0.9781
171.467_160.954_-0.971211
171.75_160.542_-0.964322
172.034_160.131_-0.971211
172.317_159.719_-0.964322
172.603_159.308_-0.957432
172.891_158.9_-0.950543
173.183_158.494_-0.943654
173.477_158.09_-0.936765
173.749_157.686_-1.06599
173.975_157.247_-1.15502
174.169_156.788_-1.20316
174.343_156.32_-1.23758
174.503_155.847_-1.25824
174.664_155.375_-1.21009
174.843_154.909_-1.18943
175.03_154.445_-1.18254
175.221_153.983_-1.17565
175.414_153.522_-1.16877
175.619_153.071_-1.09331
175.855_152.632_-1.04517
176.111_152.203_-1.01075
176.379_151.782_-0.990087
176.654_151.364_-0.983197
176.907_150.948_-1.11242
177.107_150.501_-1.22834
177.261_150.03_-1.3038
177.383_149.548_-1.36563
177.476_149.059_-1.41377
177.534_148.573_-1.52969
177.542_148.078_-1.60515
177.517_147.58_-1.65329
177.47_147.083_-1.68771
177.409_146.587_-1.70837
177.362_146.103_-1.57914
177.379_145.616_-1.44992
177.458_145.136_-1.32069
177.598_144.669_-1.19147
177.798_144.225_-1.06224
178.042_143.789_-1.05535
178.29_143.355_-1.04846
178.538_142.921_-1.05535
178.786_142.486_-1.04846
179.034_142.052_-1.05535
179.275_141.615_-1.08977
179.503_141.171_-1.11043
179.722_140.722_-1.13109
179.934_140.269_-1.13798
180.142_139.814_-1.14487
180.348_139.359_-1.15176
180.552_138.902_-1.14487
180.758_138.447_-1.15176
180.962_137.99_-1.14487
181.168_137.535_-1.15176
181.347_137.082_-1.28098
181.466_136.61_-1.41021
181.524_136.126_-1.53944
181.523_135.634_-1.64195
181.477_135.14_-1.70378
181.433_134.655_-1.57455
181.452_134.168_-1.44533
181.533_133.688_-1.3161
181.673_133.217_-1.21359
181.855_132.753_-1.16544
182.057_132.296_-1.13103
182.273_131.846_-1.11036
182.496_131.398_-1.10348
182.722_130.952_-1.09659
182.951_130.508_-1.0897
183.182_130.064_-1.09659
183.411_129.62_-1.0897
183.641_129.176_-1.09659
183.871_128.732_-1.0897
184.101_128.288_-1.09659
184.33_127.844_-1.0897
184.561_127.4_-1.09659
184.79_126.956_-1.0897
185.02_126.512_-1.09659
185.25_126.068_-1.0897
185.48_125.624_-1.09659
185.709_125.18_-1.0897
185.94_124.736_-1.09659
186.169_124.292_-1.0897
186.399_123.848_-1.09659
186.629_123.404_-1.0897
186.859_122.96_-1.09659
187.088_122.516_-1.0897
187.319_122.072_-1.09659
187.548_121.628_-1.0897
187.778_121.184_-1.09659
188.008_120.74_-1.0897
188.238_120.296_-1.09659
188.467_119.852_-1.0897
188.698_119.408_-1.09659
188.927_118.964_-1.0897
189.157_118.52_-1.09659
189.387_118.076_-1.0897
189.617_117.632_-1.09659
189.846_117.188_-1.0897
190.077_116.744_-1.09659
190.306_116.3_-1.0897
190.536_115.856_-1.09659
190.766_115.412_-1.0897
190.996_114.968_-1.09659
191.223_114.523_-1.10348
191.449_114.077_-1.09659
191.679_113.633_-1.0897
191.909_113.189_-1.09659
192.136_112.744_-1.10348
192.363_112.298_-1.09659
192.592_111.854_-1.0897
192.822_111.41_-1.09659
193.05_110.965_-1.10348
193.274_110.518_-1.11036
