configuration 161.70602417_-18.2518405914_0.169978369946_0.985447793519_193.750076294_109.599342346_0.85380148664_0.520598714377
length 182.415
time 248.766
roughness 9.81102e-05
161.706_-18.2518_0.341615
161.754_-18.2344_0.355218
161.754_-18.2344_0.355218
162.203_-18.0459_0.484444
162.624_-17.8011_0.61367
162.871_-17.6173_0.695287
162.968_-17.534_0.729294
163.006_-17.4997_0.742897
163.006_-17.4997_0.742897
163.375_-17.1624_0.736007
163.747_-16.8276_0.729118
164.119_-16.4936_0.736007
164.493_-16.1823_0.606781
164.907_-15.91_0.531323
165.403_-15.3287_0.36202
165.864_-15.1432_0.423846
166.316_-14.9327_0.458263
166.763_-14.7086_0.478924
167.205_-14.4753_0.499586
167.643_-14.2348_0.506475
168.08_-13.9912_0.513365
168.493_-13.7343_0.642591
168.877_-13.4265_0.745108
169.531_-13.1277_0.954003
169.83_-12.7428_0.824777
170.137_-12.4342_0.709153
170.275_-12.3195_0.661544
170.316_-12.2882_0.647941
170.336_-12.2727_0.641139
170.336_-12.2727_0.641139
170.741_-11.9892_0.552114
171.169_-11.7372_0.490287
171.612_-11.5073_0.455871
172.063_-11.2927_0.421454
172.52_-11.0987_0.359628
172.989_-10.9284_0.325211
173.85_-10.6013_0.279566
173.85_-10.6013_0.279566
173.85_-10.6013_0.279566
174.75_-10.235_0.538018
175.175_-9.97431_0.572435
175.594_-9.70077_0.593097
176.008_-9.42037_0.599986
176.42_-9.13713_0.606875
176.83_-8.85106_0.613764
177.238_-8.56217_0.620653
177.647_-8.27659_0.586237
178.065_-8.00303_0.565575
178.693_-7.52174_0.538018
179.125_-7.28128_0.448993
179.577_-7.07478_0.387166
180.041_-6.89165_0.35275
180.511_-6.72461_0.318333
180.987_-6.57149_0.297671
181.463_-6.41965_0.332088
181.934_-6.2535_0.35275
182.48_-6.15995_0.403525
182.939_-5.98225_0.301008
183.416_-5.84721_0.22555
183.902_-5.74602_0.163723
184.396_-5.67032_0.129307
185.053_-5.70206_0.0956851
185.385_-5.66527_0.184103
185.871_-5.56426_0.245929
186.354_-5.43722_0.280346
186.833_-5.29566_0.301008
187.309_-5.14424_0.32167
187.783_-4.98508_0.328559
188.237_-4.80859_0.457785
188.667_-4.57566_0.573706
189.523_-4.34058_0.804234
189.523_-4.34058_0.804234
189.875_-4.0045_0.675008
190.269_-3.71034_0.572491
190.692_-3.44972_0.510664
191.131_-3.21321_0.462522
191.58_-2.99564_0.428106
192.036_-2.79134_0.407444
192.475_-2.57963_0.53667
192.891_-2.31476_0.625695
193.766_-2.12518_0.804234
194.089_-1.76047_0.93346
194.361_-1.35724_1.06269
194.58_-0.922205_1.19191
194.741_-0.46262_1.32114
194.841_0.0138495_1.45036
194.841_0.0138495_1.45036
194.881_0.501679_1.56629
194.873_0.998653_1.62811
194.839_1.49656_1.66253
194.79_1.9938_1.68319
194.733_2.49048_1.69008
194.733_2.49048_1.69008
194.659_2.97886_1.7791
194.549_3.46458_1.82725
194.417_3.94586_1.86166
194.27_4.42355_1.88233
194.114_4.8981_1.90299
193.949_5.37035_1.90988
193.77_5.82835_2.01239
193.55_6.2753_2.06054
193.263_7.1638_2.16854
193.006_7.57752_2.03931
192.799_8.02359_1.9368
192.644_8.5876_1.80807
192.523_9.07245_1.82873
192.365_9.9448_1.85424
192.228_10.4255_1.83358
192.1_10.9086_1.82669
191.974_11.3926_1.8198
191.852_11.8774_1.81291
191.733_12.363_1.80602
191.64_12.8409_1.67679
191.602_13.3333_1.58777
191.308_14.1807_1.41307
191.364_14.6644_1.5423
191.357_15.1512_1.67153
191.288_15.6331_1.80075
191.157_16.1021_1.92998
191.02_16.4339_2.0252
191.02_16.4339_2.0252
190.967_16.5502_2.0592
190.775_16.8835_2.16122
190.775_16.8835_2.16122
190.746_16.926_2.17483
190.746_16.926_2.17483
190.456_17.3292_2.23665
190.143_17.7181_2.27107
189.818_18.098_2.29173
189.487_18.4728_2.29862
188.799_19.1076_2.29873
188.476_19.4854_2.2369
188.172_19.8813_2.20248
187.88_20.2866_2.18182
187.596_20.6978_2.16116
187.319_21.1138_2.15427
187.065_21.5323_2.03835
186.85_21.9805_1.97652
186.361_22.6487_1.86846
186.199_23.1077_1.99769
186.199_23.1077_1.99769
186.177_23.1543_2.01129
186.177_23.1543_2.01129
185.979_23.5419_2.12691
185.896_23.6715_2.16772
185.896_23.6715_2.16772
185.618_24.0867_2.14706
185.346_24.5065_2.14017
185.078_24.9282_2.13328
184.836_25.3508_2.00405
184.642_25.8049_1.91503
184.204_26.3927_1.73923
184.115_26.8837_1.77365
184.011_27.3725_1.79431
183.92_27.8536_1.67839
183.877_28.3487_1.61657
183.532_29.1641_1.47966
183.558_29.6529_1.59558
183.531_30.146_1.68461
183.465_30.6385_1.74643
183.372_31.1289_1.78085
183.25_31.6004_1.91007
183.073_32.0634_1.98553
182.917_32.7254_2.11332
182.917_32.7254_2.11332
182.917_32.7254_2.11332
182.502_33.3956_2.18251
182.24_33.8057_2.05328
182.027_34.2488_1.95077
181.852_34.7141_1.88894
181.704_35.1897_1.8408
181.576_35.6722_1.80638
181.463_36.1589_1.78572
181.339_36.6297_1.91495
181.159_37.0895_2.00397
181.14_37.9844_2.18251
180.877_38.3945_2.05328
180.664_38.8376_1.95077
180.489_39.3029_1.88894
180.341_39.7785_1.8408
180.213_40.261_1.80638
180.1_40.7477_1.78572
179.976_41.2185_1.91495
179.796_41.6783_2.00397
179.777_42.5731_2.18251
179.641_42.7593_2.24372
179.641_42.7593_2.24372
179.576_42.839_2.27093
179.576_42.839_2.27093
179.526_42.8975_2.29133
179.526_42.8975_2.29133
179.249_43.2148_2.31907
178.905_43.5744_2.36721
178.545_43.9214_2.38787
178.178_44.2608_2.40854
177.805_44.5926_2.4292
177.426_44.9185_2.43609
177.059_45.2497_2.34706
176.716_45.6107_2.29892
176.124_45.9898_2.19597
175.85_46.3981_2.09345
175.611_46.8337_2.03162
175.396_47.2835_1.98348
175.199_47.7426_1.96282
175.011_48.2056_1.94216
174.833_48.6725_1.9215
174.685_49.1364_1.79227
174.589_49.6225_1.71681
174.349_50.102_1.54809
174.339_50.5888_1.67732
174.274_51.0801_1.75278
174.174_51.567_1.8146
174.048_52.0499_1.84902
173.906_52.5282_1.88344
173.736_52.9847_2.01266
173.51_53.4157_2.14189
173.231_53.8231_2.23092
173.241_54.3293_2.43338
172.885_54.6614_2.30416
172.571_55.0373_2.18824
172.333_55.4019_2.07261
172.333_55.4019_2.07261
172.098_55.8421_2.0382
171.886_56.29_1.96274
171.703_56.7534_1.9146
171.371_57.5075_1.83486
171.237_57.989_1.85552
171.096_58.4685_1.86241
170.951_58.947_1.8693
170.803_59.4245_1.87619
170.637_59.8823_2.00542
170.413_60.3148_2.13464
170.136_60.7149_2.26387
170.192_61.2612_2.56599
169.795_61.5433_2.43677
169.438_61.8742_2.30754
169.126_62.2484_2.17832
168.749_62.8862_1.98108
168.749_62.8862_1.98108
168.652_63.1235_1.91306
168.652_63.1235_1.91306
168.5_63.5934_1.82404
168.385_64.077_1.76221
168.296_64.5681_1.72779
168.24_65.0518_1.59857
168.243_65.5436_1.49605
168.13_66.4533_1.30094
168.239_66.9276_1.43016
168.29_67.4145_1.54609
168.281_67.9013_1.67531
168.21_68.383_1.80454
168.027_68.9166_1.96747
167.956_69.081_2.01508
167.956_69.081_2.01508
167.731_69.523_2.09054
167.474_69.9442_2.17957
167.181_70.3461_2.24139
166.736_70.7945_2.29555
166.429_71.1724_2.16632
166.173_71.5866_2.0371
165.967_72.0332_1.93458
165.795_72.5016_1.90016
165.636_72.9755_1.8795
165.588_73.9401_1.88116
165.42_74.397_2.01039
165.197_74.8375_2.09941
164.651_75.4561_2.20713
164.359_75.8609_2.17271
164.083_76.276_2.12457
163.824_76.7028_2.10391
163.52_77.2867_2.06924
163.306_77.7238_1.94001
163.15_78.1849_1.81078
163.054_78.6623_1.68156
163.021_79.1481_1.55233
163.05_79.6341_1.42311
163.05_79.6341_1.42311
163.142_80.1122_1.29388
163.295_80.5745_1.16465
163.506_81.0132_1.03543
163.699_81.316_0.940208
163.76_81.3983_0.913003
163.76_81.3983_0.913003
164.074_81.7706_0.783777
164.433_82.0994_0.65455
164.832_82.3792_0.525324
165.263_82.6053_0.396098
165.72_82.774_0.266872
165.72_82.774_0.266872
166.194_82.9166_0.34233
166.662_83.0895_0.376747
167.126_83.2765_0.397409
167.585_83.4731_0.41807
168.042_83.6771_0.42496
168.042_83.6771_0.42496
168.476_83.8965_0.554186
168.885_84.1693_0.656702
169.273_84.4807_0.718529
169.645_84.8136_0.752946
170.007_85.1577_0.773607
170.007_85.1577_0.773607
170.364_85.5079_0.780497
170.718_85.8605_0.787386
171.07_86.2155_0.794275
171.769_86.9312_0.794275
172.124_87.2638_0.665049
172.52_87.5477_0.535823
172.948_87.7784_0.406597
173.403_87.9518_0.277371
173.877_88.0652_0.148144
173.877_88.0652_0.148144
174.368_88.1466_0.196287
174.858_88.2474_0.216948
175.345_88.3583_0.23761
175.831_88.4771_0.244499
176.315_88.5992_0.251388
176.315_88.5992_0.251388
176.782_88.7402_0.380615
177.225_88.9401_0.509841
177.64_89.1955_0.639067
178.021_89.5022_0.754988
178.376_89.8502_0.816814
178.376_89.8502_0.816814
178.724_90.1907_0.687588
179.113_90.4835_0.558362
179.537_90.7237_0.429136
179.988_90.9074_0.29991
180.459_91.0314_0.170684
180.459_91.0314_0.170684
180.942_91.0937_0.0414575
181.428_91.0932_-0.0877687
181.911_91.03_-0.216995
182.382_90.9051_-0.346221
182.832_90.7206_-0.475447
182.832_90.7206_-0.475447
183.274_90.5163_-0.346221
183.744_90.3625_-0.257195
184.227_90.2435_-0.209053
184.717_90.1455_-0.174637
185.209_90.0621_-0.153975
185.209_90.0621_-0.153975
185.693_90.0079_-0.0247488
186.18_90.0165_0.104477
186.662_90.0877_0.233703
187.13_90.2204_0.36293
187.584_90.4105_0.465446
187.584_90.4105_0.465446
188.009_90.6473_0.594672
188.401_90.9369_0.723899
188.751_91.2745_0.853125
189.056_91.6546_0.982351
189.309_92.0706_1.11158
189.309_92.0706_1.11158
189.543_92.4976_0.982351
189.83_92.8907_0.853125
190.165_93.2436_0.723899
190.544_93.5504_0.594672
190.958_93.8058_0.465446
190.958_93.8058_0.465446
191.402_94.0057_0.33622
191.868_94.1467_0.206994
192.348_94.2265_0.0777679
192.835_94.2437_-0.0514582
193.32_94.1981_-0.180684
193.32_94.1981_-0.180684
193.802_94.131_-0.0514582
194.289_94.1265_0.0777679
194.772_94.1849_0.206994
195.244_94.3051_0.33622
195.696_94.485_0.465446
195.696_94.485_0.465446
196.122_94.7218_0.594672
196.513_95.0114_0.723899
196.864_95.3491_0.853125
197.168_95.7291_0.982351
197.421_96.1452_1.11158
197.421_96.1452_1.11158
197.618_96.5904_1.2408
197.757_97.0573_1.37003
197.833_97.5381_1.49926
197.847_98.0248_1.62848
197.799_98.5092_1.75771
197.799_98.5092_1.75771
197.695_98.9937_1.83317
197.558_99.4727_1.88131
197.402_99.9475_1.90197
197.236_100.419_1.92263
197.063_100.888_1.92952
197.063_100.888_1.92952
196.88_101.351_1.97766
196.679_101.809_1.99832
196.471_102.263_2.00521
196.26_102.716_2.0121
196.045_103.168_2.01899
196.045_103.168_2.01899
195.836_103.62_1.97085
195.647_104.082_1.93643
195.472_104.55_1.91577
195.304_105.021_1.90888
195.139_105.493_1.90199
195.139_105.493_1.90199
194.973_105.964_1.92265
194.798_106.432_1.94332
194.615_106.898_1.95021
194.429_107.362_1.9571
194.239_107.824_1.96398
194.239_107.824_1.96398
194.047_108.286_1.97087
193.642_109.199_1.97087
