configuration 176.556686401_134.7056427_-0.977472527886_0.211062685542_59.5791053772_36.8438796997_0.982426073578_-0.18665210943
length 183.837
time 14.9004
roughness 8.50983e-05
176.557_134.706_-2.71627
176.103_134.496_-2.69561
175.654_134.278_-2.67495
175.208_134.052_-2.66806
174.763_133.823_-2.66117
174.32_133.591_-2.65428
174.32_133.591_-2.65428
173.891_133.347_-2.56525
173.48_133.067_-2.50343
173.083_132.765_-2.46901
172.692_132.453_-2.46212
172.304_132.138_-2.45523
172.304_132.138_-2.45523
171.918_131.82_-2.44834
171.534_131.5_-2.44145
171.153_131.177_-2.43456
170.772_130.853_-2.44145
170.39_130.53_-2.43456
170.39_130.53_-2.43456
170.007_130.23_-2.56379
169.588_129.981_-2.69302
169.141_129.789_-2.82224
168.672_129.656_-2.95147
168.191_129.584_-3.08069
168.191_129.584_-3.08069
167.707_129.534_-2.95147
167.23_129.423_-2.83555
166.759_129.264_-2.77372
166.295_129.079_-2.7393
165.837_128.88_-2.71864
165.837_128.88_-2.71864
165.385_128.699_-2.84787
164.913_128.578_-2.97709
164.43_128.519_-3.10632
164.43_128.519_-3.10632
163.945_128.481_-2.97709
163.468_128.381_-2.84787
163.008_128.22_-2.71864
162.573_128.002_-2.58942
162.358_127.863_-2.5214
162.358_127.863_-2.5214
161.974_127.563_-2.39218
161.632_127.217_-2.26295
161.338_126.829_-2.13372
161.338_126.829_-2.13372
161.061_126.429_-2.26295
160.734_126.067_-2.39218
160.364_125.751_-2.5214
159.956_125.485_-2.65063
159.514_125.265_-2.73965
159.514_125.265_-2.73965
159.074_125.056_-2.61043
159.074_125.056_-2.61043
158.643_124.824_-2.72635
158.185_124.636_-2.80181
157.713_124.48_-2.86363
157.251_124.326_-2.73441
156.812_124.115_-2.60518
156.812_124.115_-2.60518
156.38_123.872_-2.68064
155.93_123.658_-2.72878
155.471_123.46_-2.74944
155.008_123.273_-2.7701
154.542_123.092_-2.77699
154.542_123.092_-2.77699
154.078_122.909_-2.74258
153.619_122.712_-2.72192
153.163_122.507_-2.71503
152.708_122.299_-2.70814
152.255_122.088_-2.70125
152.255_122.088_-2.70125
151.803_121.874_-2.69436
151.353_121.657_-2.68747
150.904_121.436_-2.68058
150.456_121.215_-2.68747
150.007_120.994_-2.68058
150.007_120.994_-2.68058
149.562_120.797_-2.80981
149.095_120.658_-2.93903
148.615_120.58_-3.06826
148.128_120.565_-3.19748
147.644_120.613_-3.32671
147.644_120.613_-3.32671
147.162_120.682_-3.19748
146.675_120.688_-3.06826
146.191_120.632_-2.93903
145.966_120.581_-2.87782
145.941_120.575_-2.87102
145.941_120.575_-2.87102
145.478_120.425_-2.74179
145.038_120.216_-2.61257
144.608_119.989_-2.74179
144.152_119.818_-2.87102
143.778_119.728_-2.97304
143.778_119.728_-2.97304
143.302_119.626_-2.84381
142.834_119.467_-2.75479
142.376_119.272_-2.70665
141.924_119.058_-2.68598
141.477_118.835_-2.66532
141.477_118.835_-2.66532
141.054_118.594_-2.5361
140.666_118.3_-2.40687
140.309_117.958_-2.31784
139.977_117.588_-2.2697
139.66_117.202_-2.23529
139.66_117.202_-2.23529
139.344_116.832_-2.36451
138.982_116.505_-2.49374
138.582_116.228_-2.62296
138.147_115.999_-2.72548
137.688_115.807_-2.78731
137.688_115.807_-2.78731
137.225_115.658_-2.91653
136.746_115.57_-3.04576
136.26_115.544_-3.17499
135.774_115.58_-3.30421
135.298_115.68_-3.43344
135.298_115.68_-3.43344
134.826_115.8_-3.30421
134.343_115.858_-3.17499
133.856_115.854_-3.04576
133.373_115.787_-2.91653
132.895_115.662_-2.82751
132.895_115.662_-2.82751
132.439_115.492_-2.69828
132.009_115.265_-2.56906
131.611_114.984_-2.43983
131.241_114.655_-2.36437
130.889_114.301_-2.32995
130.889_114.301_-2.32995
130.547_113.936_-2.30929
130.214_113.564_-2.28863
129.886_113.187_-2.28174
129.56_112.807_-2.27485
129.236_112.427_-2.28174
129.236_112.427_-2.28174
128.903_112.072_-2.41097
128.527_111.763_-2.54019
128.111_111.495_-2.62922
127.673_111.258_-2.67736
127.225_111.037_-2.69802
127.225_111.037_-2.69802
126.777_110.847_-2.82725
126.308_110.716_-2.95648
125.826_110.647_-3.0857
125.339_110.641_-3.21493
124.855_110.697_-3.34415
124.855_110.697_-3.34415
124.375_110.774_-3.21493
123.888_110.79_-3.0857
123.403_110.742_-2.95648
122.929_110.632_-2.82725
122.473_110.462_-2.69802
122.473_110.462_-2.69802
122.022_110.246_-2.69113
121.593_110.016_-2.56191
121.197_109.732_-2.43268
120.832_109.4_-2.34366
120.832_109.4_-2.34366
120.478_109.066_-2.47288
120.083_108.781_-2.60211
119.655_108.548_-2.73133
119.201_108.373_-2.86056
118.721_108.248_-2.93602
118.721_108.248_-2.93602
118.249_108.128_-2.80679
117.797_107.949_-2.67757
117.371_107.713_-2.54834
116.973_107.424_-2.44582
116.609_107.096_-2.3299
116.609_107.096_-2.3299
116.259_106.758_-2.45913
115.869_106.467_-2.58836
115.444_106.229_-2.71758
115.444_106.229_-2.71758
114.998_106.014_-2.64212
114.566_105.767_-2.5803
114.566_105.767_-2.5803
114.144_105.525_-2.70952
113.693_105.34_-2.83875
113.235_105.176_-2.70952
112.793_104.956_-2.6205
112.595_104.837_-2.55929
112.595_104.837_-2.55929
112.2_104.552_-2.43006
111.845_104.219_-2.30083
111.536_103.842_-2.17161
111.278_103.43_-2.04238
111.076_102.987_-1.91315
111.076_102.987_-1.91315
110.932_102.522_-1.78393
110.849_102.042_-1.6547
110.829_101.555_-1.52548
110.871_101.07_-1.39625
110.976_100.595_-1.26702
110.976_100.595_-1.26702
111.141_100.137_-1.1378
111.364_99.704_-1.00857
111.606_99.2814_-1.1378
111.791_98.8312_-1.26702
111.917_98.3608_-1.39625
111.917_98.3608_-1.39625
112.003_97.8683_-1.40314
112.088_97.3755_-1.39625
112.192_96.9_-1.26702
112.358_96.442_-1.1378
112.58_96.0091_-1.00857
112.58_96.0091_-1.00857
112.822_95.5866_-1.1378
113.008_95.1363_-1.26702
113.133_94.666_-1.39625
113.198_94.1833_-1.52548
113.199_93.6965_-1.6547
113.199_93.6965_-1.6547
113.179_93.21_-1.52548
113.221_92.725_-1.39625
113.322_92.2414_-1.30722
113.459_91.7625_-1.25908
113.616_91.288_-1.23842
113.616_91.288_-1.23842
113.765_90.8156_-1.31388
113.887_90.3315_-1.3483
113.994_89.8434_-1.36896
114.09_89.3532_-1.38962
114.179_88.8612_-1.39651
114.179_88.8612_-1.39651
114.276_88.3736_-1.33468
114.398_87.8897_-1.30027
114.535_87.4091_-1.2796
114.679_86.9306_-1.27271
114.827_86.453_-1.26582
114.827_86.453_-1.26582
114.954_85.9828_-1.39505
115.018_85.5002_-1.52428
115.02_85.0133_-1.6535
114.96_84.5302_-1.78273
114.837_84.059_-1.91196
114.837_84.059_-1.91196
114.694_83.5937_-1.78273
114.612_83.1138_-1.6535
114.592_82.6273_-1.52428
114.635_82.1423_-1.39505
114.738_81.6613_-1.29253
114.738_81.6613_-1.29253
114.889_81.1932_-1.19002
115.081_80.7337_-1.14188
115.294_80.2823_-1.10746
115.52_79.8368_-1.0868
115.754_79.3948_-1.07991
115.754_79.3948_-1.07991
116.002_78.9756_-0.950682
116.301_78.5917_-0.821455
116.647_78.2496_-0.692229
117.035_77.955_-0.563003
117.458_77.7128_-0.433777
117.458_77.7128_-0.433777
117.89_77.4896_-0.563003
118.291_77.2125_-0.692229
118.652_76.8862_-0.821455
118.968_76.516_-0.950682
119.234_76.1081_-1.07991
119.234_76.1081_-1.07991
119.445_75.6693_-1.20913
119.598_75.2071_-1.33836
119.69_74.7289_-1.46759
119.761_74.2472_-1.33836
119.893_73.7786_-1.20913
119.893_73.7786_-1.20913
120.064_73.3098_-1.24355
120.214_72.8359_-1.30538
120.214_72.8359_-1.30538
120.362_72.3719_-1.17615
120.362_72.3719_-1.17615
120.53_71.9149_-1.30538
120.637_71.4401_-1.4346
120.683_70.9554_-1.56383
120.707_70.4691_-1.4346
120.793_69.9899_-1.30538
120.793_69.9899_-1.30538
120.921_69.5069_-1.32604
121.039_69.0213_-1.3467
121.164_68.5457_-1.24418
121.332_68.0765_-1.19604
121.518_67.6128_-1.17538
121.518_67.6128_-1.17538
121.686_67.1559_-1.30461
121.794_66.6811_-1.43383
121.84_66.1964_-1.56306
121.823_65.7098_-1.69228
121.754_65.2797_-1.80791
121.754_65.2797_-1.80791
121.62_64.8117_-1.93713
121.426_64.3649_-2.06636
121.177_63.9468_-2.19559
120.876_63.5643_-2.32481
120.527_63.2238_-2.45404
120.527_63.2238_-2.45404
120.138_62.931_-2.58326
119.713_62.6847_-2.68578
119.262_62.4752_-2.74761
118.799_62.2889_-2.78202
118.33_62.1163_-2.80269
118.33_62.1163_-2.80269
117.861_61.945_-2.76827
117.397_61.7595_-2.74761
116.936_61.5665_-2.74072
116.476_61.3704_-2.73383
116.017_61.1732_-2.74072
116.017_61.1732_-2.74072
115.557_60.977_-2.73383
115.098_60.7777_-2.72694
114.64_60.5773_-2.73383
114.182_60.378_-2.72694
113.724_60.1777_-2.73383
113.724_60.1777_-2.73383
113.264_59.9926_-2.80929
112.791_59.8352_-2.8437
112.312_59.6918_-2.86437
111.83_59.5584_-2.88503
111.346_59.4326_-2.89192
111.346_59.4326_-2.89192
110.863_59.3058_-2.87126
110.382_59.1712_-2.86437
109.901_59.0333_-2.85748
109.421_58.892_-2.85059
108.943_58.7475_-2.8437
108.943_58.7475_-2.8437
108.469_58.5936_-2.79556
108.001_58.419_-2.76114
107.539_58.2302_-2.74048
107.079_58.034_-2.73359
106.621_57.8346_-2.7267
106.621_57.8346_-2.7267
106.163_57.632_-2.71981
105.707_57.4283_-2.7267
105.25_57.2258_-2.71981
104.793_57.0221_-2.7267
104.336_56.8195_-2.71981
104.336_56.8195_-2.71981
103.878_56.6229_-2.76795
103.412_56.4461_-2.80237
102.939_56.283_-2.82303
102.464_56.1275_-2.82992
101.99_55.971_-2.80926
101.99_55.971_-2.80926
101.523_55.7993_-2.74743
101.065_55.6023_-2.71301
100.612_55.3916_-2.69235
100.163_55.1715_-2.67169
99.7177_54.9441_-2.6648
99.7177_54.9441_-2.6648
99.274_54.7136_-2.65791
98.8319_54.4801_-2.65102
98.3915_54.2435_-2.64413
97.9516_54.006_-2.65102
97.5111_53.7694_-2.64413
97.5111_53.7694_-2.64413
97.0698_53.5439_-2.71959
96.6122_53.3447_-2.75401
96.148_53.1614_-2.78843
95.678_52.9918_-2.80909
95.205_52.8297_-2.81598
95.205_52.8297_-2.81598
94.734_52.6646_-2.78156
94.2676_52.4854_-2.7609
93.8039_52.2985_-2.75401
93.3414_52.1085_-2.74712
92.8803_51.9153_-2.74023
92.8803_51.9153_-2.74023
92.4205_51.7189_-2.73334
91.9612_51.5215_-2.74023
91.5005_51.3272_-2.74712
91.0394_51.134_-2.74023
90.5796_50.9376_-2.73334
90.5796_50.9376_-2.73334
90.1193_50.7448_-2.76776
89.6529_50.5655_-2.78842
89.1829_50.3959_-2.80908
88.71_50.2338_-2.81597
88.2359_50.0749_-2.82286
88.2359_50.0749_-2.82286
87.7672_49.9095_-2.76103
87.306_49.7188_-2.72662
86.8501_49.5142_-2.70596
86.3973_49.3022_-2.69907
85.946_49.0871_-2.69218
85.946_49.0871_-2.69218
85.4952_48.8709_-2.69907
85.0429_48.6579_-2.70596
84.5892_48.4479_-2.71284
84.1349_48.239_-2.70596
83.6812_48.0291_-2.71284
83.6812_48.0291_-2.71284
83.2269_47.8202_-2.70596
82.7732_47.6103_-2.71284
82.319_47.4014_-2.70596
81.8652_47.1914_-2.71284
81.411_46.9825_-2.70596
81.411_46.9825_-2.70596
80.9572_46.7726_-2.71284
80.503_46.5637_-2.70596
80.0492_46.3538_-2.71284
79.595_46.1449_-2.70596
79.1413_45.9349_-2.71284
79.1413_45.9349_-2.71284
78.687_45.726_-2.70596
78.2333_45.5161_-2.71284
77.779_45.3072_-2.70596
77.3253_45.0973_-2.71284
76.8711_44.8884_-2.70596
76.8711_44.8884_-2.70596
76.4271_44.6681_-2.6305
75.9966_44.4175_-2.58236
75.5766_44.1478_-2.54794
75.1643_43.8655_-2.52728
74.7564_43.5764_-2.52039
74.7564_43.5764_-2.52039
74.3464_43.2981_-2.59585
73.9164_43.0464_-2.64399
73.4757_42.8109_-2.66465
73.0302_42.5846_-2.68531
72.5809_42.3653_-2.6922
72.5809_42.3653_-2.6922
72.1294_42.1514_-2.71286
71.6742_41.9446_-2.71975
71.2176_41.7409_-2.72664
70.7596_41.5404_-2.73353
70.3002_41.343_-2.74042
70.3002_41.343_-2.74042
69.8395_41.1489_-2.74731
69.3784_40.9557_-2.74042
68.9176_40.7616_-2.74731
68.4565_40.5684_-2.74042
67.9958_40.3743_-2.74731
67.9958_40.3743_-2.74731
67.5387_40.2064_-2.87653
67.5387_40.2064_-2.87653
67.0586_40.0702_-2.84212
66.5834_39.9175_-2.8077
66.1171_39.7776_-2.93693
65.6284_39.6866_-2.99875
65.1334_39.6165_-3.00564
65.1334_39.6165_-3.00564
64.6542_39.5302_-2.87642
64.1843_39.3853_-2.7739
63.7242_39.1971_-2.71207
63.2729_38.9841_-2.67766
62.8291_38.7557_-2.64324
62.8291_38.7557_-2.64324
62.3919_38.5138_-2.62258
61.9583_38.2649_-2.61569
61.5265_38.0129_-2.6088
61.0964_37.7579_-2.60191
60.6649_37.5113_-2.66374
60.6649_37.5113_-2.66374
