configuration 176.556686401_134.7056427_-0.977472527886_0.211062685542_59.5791053772_36.8438796997_0.982426073578_-0.18665210943
length 184.701
time 6.39512
roughness 7.68889e-05
176.557_134.706_-2.71627
176.119_134.487_-2.60035
175.701_134.221_-2.52489
175.297_133.928_-2.49047
174.901_133.622_-2.46981
174.511_133.31_-2.46292
174.511_133.31_-2.46292
174.122_132.995_-2.45603
173.736_132.678_-2.44914
173.352_132.358_-2.44225
172.969_132.037_-2.44914
172.585_131.717_-2.44225
172.585_131.717_-2.44225
172.199_131.419_-2.57148
171.778_131.174_-2.70071
171.33_130.985_-2.82993
170.86_130.856_-2.95916
170.48_130.799_-3.06118
170.48_130.799_-3.06118
169.997_130.739_-2.93195
169.517_130.622_-2.84293
169.043_130.468_-2.79479
168.576_130.293_-2.76037
168.112_130.106_-2.75348
168.112_130.106_-2.75348
167.67_129.903_-2.62425
167.254_129.645_-2.50833
166.862_129.341_-2.43287
166.487_129.012_-2.39846
166.121_128.672_-2.3778
166.121_128.672_-2.3778
165.756_128.35_-2.50702
165.35_128.072_-2.60954
164.916_127.829_-2.67137
164.469_127.608_-2.70578
164.015_127.4_-2.72644
164.015_127.4_-2.72644
163.558_127.197_-2.71956
163.102_126.991_-2.71267
162.648_126.782_-2.70578
162.195_126.57_-2.69889
161.743_126.357_-2.70578
161.743_126.357_-2.70578
161.297_126.138_-2.64395
160.863_125.893_-2.59581
160.437_125.631_-2.57515
160.018_125.36_-2.55448
159.602_125.082_-2.5476
159.602_125.082_-2.5476
159.185_124.818_-2.63662
158.745_124.586_-2.69845
158.292_124.378_-2.73286
157.832_124.18_-2.73975
157.372_123.985_-2.74664
157.372_123.985_-2.74664
156.909_123.799_-2.78106
156.44_123.626_-2.80172
155.968_123.462_-2.82238
155.493_123.306_-2.82927
155.017_123.154_-2.83616
155.017_123.154_-2.83616
154.54_123.003_-2.82927
154.064_122.85_-2.83616
153.588_122.699_-2.82927
153.112_122.546_-2.83616
152.635_122.395_-2.82927
152.635_122.395_-2.82927
152.179_122.225_-2.70005
151.738_122.001_-2.61102
151.313_121.742_-2.56288
150.898_121.465_-2.52846
150.492_121.174_-2.5078
150.492_121.174_-2.5078
150.088_120.879_-2.51469
149.682_120.587_-2.52158
149.275_120.297_-2.52847
148.865_120.011_-2.53536
148.455_119.725_-2.52847
148.455_119.725_-2.52847
148.047_119.436_-2.52158
147.641_119.145_-2.51469
147.236_118.85_-2.5078
146.834_118.553_-2.50091
146.433_118.255_-2.5078
146.433_118.255_-2.5078
146.029_117.984_-2.63703
145.593_117.767_-2.76625
145.133_117.608_-2.89548
144.656_117.509_-3.0247
144.17_117.473_-3.15393
144.17_117.473_-3.15393
143.684_117.5_-3.28316
143.205_117.589_-3.41238
142.911_117.679_-3.494
142.887_117.688_-3.5008
142.863_117.697_-3.5076
142.863_117.697_-3.5076
142.402_117.852_-3.37838
141.924_117.946_-3.24915
141.438_117.978_-3.11992
140.952_117.946_-2.9907
140.474_117.853_-2.86147
140.474_117.853_-2.86147
140.012_117.698_-2.73225
139.574_117.486_-2.60302
139.167_117.219_-2.47379
138.798_116.901_-2.34457
138.473_116.539_-2.21534
138.473_116.539_-2.21534
138.164_116.162_-2.34457
137.81_115.829_-2.47379
137.415_115.544_-2.60302
136.987_115.312_-2.73225
136.532_115.137_-2.86147
136.532_115.137_-2.86147
136.053_114.996_-2.84081
135.576_114.847_-2.83392
135.1_114.694_-2.82703
134.625_114.538_-2.82014
134.151_114.379_-2.81325
134.151_114.379_-2.81325
133.697_114.203_-2.68403
133.269_113.97_-2.5548
132.876_113.683_-2.42557
132.876_113.683_-2.42557
132.495_113.379_-2.5548
132.079_113.127_-2.68403
131.633_112.931_-2.81325
131.166_112.793_-2.94248
130.685_112.717_-3.0717
130.685_112.717_-3.0717
130.201_112.663_-2.94248
129.729_112.546_-2.81325
129.275_112.37_-2.68403
128.848_112.137_-2.5548
128.447_111.851_-2.45228
128.447_111.851_-2.45228
128.059_111.557_-2.58151
127.636_111.316_-2.71074
127.185_111.132_-2.83996
126.715_111.007_-2.96919
126.239_110.903_-2.83996
126.239_110.903_-2.83996
125.768_110.778_-2.96919
125.285_110.715_-3.09841
124.793_110.679_-3.00939
124.3_110.606_-2.96125
123.808_110.517_-2.96814
123.808_110.517_-2.96814
123.333_110.413_-2.83891
122.874_110.248_-2.70968
122.441_110.026_-2.58046
122.04_109.75_-2.45123
121.678_109.424_-2.32201
121.678_109.424_-2.32201
121.331_109.083_-2.45123
120.942_108.782_-2.55375
120.523_108.515_-2.61557
120.088_108.272_-2.66372
119.643_108.045_-2.68438
119.643_108.045_-2.68438
119.197_107.849_-2.8136
118.726_107.706_-2.91612
118.24_107.605_-2.97795
117.746_107.53_-3.01236
117.25_107.469_-3.03303
117.25_107.469_-3.03303
116.769_107.395_-2.9038
116.301_107.261_-2.77457
115.854_107.067_-2.64535
115.43_106.818_-2.54283
115.025_106.53_-2.481
115.025_106.53_-2.481
114.635_106.219_-2.44659
114.248_105.923_-2.57581
113.826_105.68_-2.70504
113.377_105.493_-2.83427
113.377_105.493_-2.83427
112.919_105.326_-2.70504
112.487_105.102_-2.57581
112.088_104.824_-2.44659
111.727_104.496_-2.31736
111.412_104.125_-2.18814
111.412_104.125_-2.18814
111.126_103.716_-2.16747
110.846_103.302_-2.16058
110.569_102.885_-2.1537
110.294_102.467_-2.14681
110.021_102.049_-2.1537
110.021_102.049_-2.1537
109.77_101.631_-2.02447
109.576_101.185_-1.89524
109.44_100.717_-1.76602
109.366_100.236_-1.63679
109.355_99.7494_-1.50756
109.355_99.7494_-1.50756
109.406_99.2652_-1.37834
109.519_98.7917_-1.24911
109.693_98.3367_-1.11989
109.923_97.9079_-0.990661
110.173_97.4897_-1.11989
110.173_97.4897_-1.11989
110.383_97.0379_-1.16803
110.575_96.5768_-1.18869
110.758_96.1119_-1.20935
110.934_95.6439_-1.21624
111.107_95.1746_-1.22313
111.107_95.1746_-1.22313
111.282_94.7074_-1.18871
111.471_94.245_-1.16805
111.668_93.7855_-1.16116
111.869_93.3274_-1.15427
112.072_92.8706_-1.14738
112.072_92.8706_-1.14738
112.261_92.4146_-1.23641
112.417_91.9414_-1.28455
112.553_91.4611_-1.31897
112.674_90.9763_-1.33963
112.787_90.4894_-1.34652
112.787_90.4894_-1.34652
112.916_90.0197_-1.21729
113.104_89.5705_-1.08807
113.348_89.1492_-0.958841
113.644_88.7629_-0.829615
113.988_88.418_-0.700389
113.988_88.418_-0.700389
114.346_88.0887_-0.829615
114.663_87.7152_-0.945536
114.945_87.3063_-1.00736
115.205_86.8809_-1.0555
115.448_86.4445_-1.07617
115.448_86.4445_-1.07617
115.669_86.0031_-1.16519
115.859_85.5422_-1.21333
116.028_85.0727_-1.24775
116.185_84.5983_-1.25464
116.34_84.1227_-1.26153
116.34_84.1227_-1.26153
116.468_83.6531_-1.39076
116.535_83.1708_-1.51998
116.539_82.6839_-1.64921
116.48_82.2006_-1.77843
116.36_81.7288_-1.90766
116.36_81.7288_-1.90766
116.219_81.2629_-1.77843
116.139_80.7826_-1.64921
116.112_80.2878_-1.57375
116.116_79.7887_-1.53933
116.136_79.2894_-1.51867
116.136_79.2894_-1.51867
116.182_78.8047_-1.38944
116.29_78.3299_-1.26022
116.453_77.862_-1.18476
116.648_77.4035_-1.13662
116.863_76.9532_-1.1022
116.863_76.9532_-1.1022
117.095_76.5123_-1.05406
117.346_76.0813_-1.01964
117.611_75.6574_-0.998981
117.884_75.2391_-0.97832
118.164_74.825_-0.97143
118.164_74.825_-0.97143
118.422_74.4117_-1.10066
118.624_73.9686_-1.22988
118.767_73.5033_-1.35911
118.849_73.0234_-1.48833
118.869_72.5369_-1.61756
118.869_72.5369_-1.61756
118.866_72.05_-1.48833
118.927_71.5669_-1.35911
119.047_71.0898_-1.25659
119.21_70.6204_-1.19477
119.4_70.16_-1.14662
119.4_70.16_-1.14662
119.618_69.7189_-1.04411
119.876_69.2944_-0.98228
120.158_68.8825_-0.947863
120.452_68.4787_-0.927202
120.755_68.081_-0.90654
120.755_68.081_-0.90654
121.039_67.6853_-1.03577
121.269_67.2563_-1.16499
121.442_66.8012_-1.29422
121.555_66.3276_-1.42344
121.606_65.8434_-1.55267
121.606_65.8434_-1.55267
121.594_65.3567_-1.6819
121.52_64.8755_-1.81112
121.384_64.4079_-1.94035
121.189_63.9618_-2.06957
120.938_63.5445_-2.1988
120.938_63.5445_-2.1988
120.636_63.1629_-2.32803
120.286_62.8236_-2.45725
119.897_62.5321_-2.58648
119.471_62.2901_-2.7024
119.017_62.0881_-2.76423
119.017_62.0881_-2.76423
118.552_61.9049_-2.77112
118.085_61.725_-2.77801
117.618_61.5461_-2.77112
117.152_61.3662_-2.77801
116.685_61.1873_-2.77112
116.685_61.1873_-2.77112
116.224_61.0304_-2.90034
115.745_60.9317_-3.01626
115.252_60.882_-3.09172
114.755_60.8674_-3.15355
114.257_60.8814_-3.20169
114.257_60.8814_-3.20169
113.77_60.89_-3.07246
113.286_60.8358_-2.94324
112.807_60.7226_-2.84072
112.336_60.5656_-2.77889
111.871_60.3832_-2.74448
111.871_60.3832_-2.74448
111.41_60.2057_-2.8335
110.934_60.0648_-2.89533
110.449_59.9511_-2.94347
109.958_59.8584_-2.97789
109.475_59.7995_-3.10711
109.475_59.7995_-3.10711
108.99_59.7621_-2.97789
108.513_59.6625_-2.84866
108.042_59.5076_-2.7732
107.58_59.3207_-2.72506
107.125_59.1154_-2.7044
107.125_59.1154_-2.7044
106.672_58.9027_-2.69751
106.221_58.6889_-2.7044
105.768_58.4762_-2.69751
105.316_58.2625_-2.7044
104.864_58.0497_-2.69751
104.864_58.0497_-2.69751
104.413_57.8339_-2.69062
103.963_57.615_-2.68373
103.515_57.3929_-2.67684
103.068_57.1699_-2.68373
102.62_56.9479_-2.67684
102.62_56.9479_-2.67684
102.172_56.7248_-2.68373
101.723_56.5048_-2.69062
101.274_56.2859_-2.68373
100.825_56.0659_-2.69062
100.375_55.847_-2.68373
100.375_55.847_-2.68373
99.9258_55.6292_-2.70439
99.4716_55.4208_-2.72506
99.014_55.2195_-2.73195
98.5549_55.0215_-2.73883
98.0945_54.8266_-2.74572
98.0945_54.8266_-2.74572
97.6348_54.6307_-2.72506
97.1781_54.4274_-2.71817
96.7227_54.2209_-2.71128
96.2688_54.0113_-2.70439
95.8164_53.7986_-2.6975
95.8164_53.7986_-2.6975
95.3667_53.5808_-2.67684
94.9202_53.3557_-2.66995
94.4754_53.1275_-2.66306
94.0321_52.8963_-2.65618
93.5904_52.662_-2.64929
93.5904_52.662_-2.64929
93.1493_52.4267_-2.65618
92.7066_52.1944_-2.66306
92.2622_51.9652_-2.66995
91.8195_51.7626_-2.79918
91.3544_51.6187_-2.92841
91.3544_51.6187_-2.92841
90.8775_51.4984_-2.82589
90.4083_51.3344_-2.76406
89.9465_51.1452_-2.72965
89.49_50.942_-2.70898
89.0366_50.7313_-2.7021
89.0366_50.7313_-2.7021
88.5846_50.5175_-2.69521
88.1332_50.3027_-2.7021
87.6812_50.089_-2.69521
87.2297_49.8742_-2.7021
86.7778_49.6604_-2.69521
86.7778_49.6604_-2.69521
86.3263_49.4456_-2.7021
85.8743_49.2318_-2.69521
85.4229_49.017_-2.7021
84.9709_48.8033_-2.69521
84.5194_48.5885_-2.7021
84.5194_48.5885_-2.7021
84.0675_48.3747_-2.69521
83.617_48.1578_-2.68832
83.167_47.9399_-2.69521
82.7166_47.7231_-2.68832
82.2666_47.5051_-2.69521
82.2666_47.5051_-2.69521
81.8144_47.2925_-2.71587
81.3579_47.0893_-2.73653
80.898_46.8934_-2.74342
80.4367_46.7006_-2.75031
79.9741_46.5109_-2.7572
79.9741_46.5109_-2.7572
79.5121_46.3204_-2.73654
79.0543_46.1203_-2.71587
78.5994_45.9128_-2.70898
78.146_45.7022_-2.7021
77.694_45.4884_-2.69521
77.694_45.4884_-2.69521
77.2464_45.2678_-2.66079
76.8049_45.0337_-2.64013
76.3671_44.7923_-2.63324
75.9309_44.548_-2.62635
75.4964_44.3006_-2.61946
75.4964_44.3006_-2.61946
75.061_44.0567_-2.65388
74.618_43.8256_-2.67454
74.1703_43.6037_-2.6952
73.7188_43.3889_-2.70209
73.2659_43.1772_-2.70898
73.2659_43.1772_-2.70898
72.8137_42.9646_-2.68832
72.3647_42.7446_-2.68143
71.9173_42.5215_-2.67454
71.4714_42.2954_-2.66765
71.0271_42.0662_-2.66076
71.0271_42.0662_-2.66076
70.5872_41.8303_-2.62634
70.1558_41.5794_-2.59193
69.7302_41.3429_-2.72115
69.2777_41.1632_-2.85038
68.8058_41.0433_-2.97961
68.8058_41.0433_-2.97961
68.3261_40.946_-2.86368
67.8531_40.7981_-2.78823
67.3885_40.6182_-2.74008
66.9299_40.4198_-2.71942
66.4755_40.2119_-2.69876
66.4755_40.2119_-2.69876
66.0243_39.9967_-2.69187
65.5745_39.7783_-2.68498
65.1253_39.5589_-2.69187
64.6755_39.3405_-2.68498
64.2263_39.1211_-2.69187
64.2263_39.1211_-2.69187
63.7972_38.8911_-2.56265
63.4013_38.6076_-2.43342
63.0452_38.2755_-2.30419
62.7349_37.9003_-2.17497
62.7349_37.9003_-2.17497
62.4416_37.5117_-2.30419
62.1006_37.1641_-2.43342
61.7177_36.8634_-2.56265
61.2993_36.6145_-2.69187
60.8484_36.413_-2.7809
60.8484_36.413_-2.7809
