configuration -14.0353517532_151.94859314_0.0_1.0_147.259887695_176.039077759_0.145212769539_0.989400450557
length 188.519
time 6.26629
roughness 6.69869e-05
-14.0354_151.949_-0
-13.5384_151.959_0.0618265
-13.0407_151.995_0.0962432
-12.5437_152.047_0.116905
-12.0478_152.108_0.137567
-11.5527_152.178_0.144456
-11.5527_152.178_0.144456
-11.0609_152.258_0.192598
-10.5712_152.357_0.21326
-10.0828_152.464_0.220149
-9.59513_152.574_0.227038
-9.10825_152.688_0.233927
-9.10825_152.688_0.233927
-8.62627_152.785_0.131411
-8.13228_152.84_0.0695841
-7.63404_152.869_0.0351675
-7.13457_152.884_0.0145057
-6.63491_152.887_-0.00615604
-6.63491_152.887_-0.00615604
-6.13793_152.895_0.0556705
-5.63997_152.928_0.0900871
-5.14213_152.974_0.0969764
-4.64463_153.024_0.103866
-4.14748_153.077_0.110755
-4.14748_153.077_0.110755
-3.66173_153.11_-0.0184713
-3.17574_153.08_-0.147697
-2.69762_152.988_-0.276924
-2.23534_152.835_-0.40615
-1.79662_152.624_-0.535376
-1.79662_152.624_-0.535376
-1.3677_152.394_-0.40615
-0.912672_152.221_-0.276924
-0.439111_152.108_-0.147697
0.0450823_152.056_-0.0184713
0.536825_152.064_0.0840454
0.536825_152.064_0.0840454
1.02329_152.084_-0.0451807
1.50832_152.042_-0.174407
1.98381_151.937_-0.303633
2.44184_151.772_-0.432859
2.67213_151.659_-0.500873
2.67213_151.659_-0.500873
3.10874_151.444_-0.371647
3.56947_151.286_-0.242421
4.04666_151.189_-0.113194
4.53876_151.148_-0.024169
5.03695_151.144_0.0239731
5.03695_151.144_0.0239731
5.52376_151.135_-0.105253
6.00535_151.063_-0.234479
6.4737_150.93_-0.363705
6.93567_150.777_-0.234479
7.4136_150.684_-0.105253
7.4136_150.684_-0.105253
7.90759_150.644_-0.0297948
8.40575_150.637_0.0183473
8.90526_150.65_0.0390091
9.4044_150.673_0.0596708
9.90341_150.703_0.06656
9.90341_150.703_0.06656
10.3874_150.756_0.195786
10.871_150.865_0.271244
11.3502_151.004_0.305661
11.8257_151.158_0.326323
12.2989_151.319_0.333212
12.2989_151.319_0.333212
12.7672_151.462_0.217291
13.2537_151.556_0.141833
13.7485_151.621_0.107416
14.2457_151.671_0.0867546
14.7439_151.713_0.0798654
14.7439_151.713_0.0798654
15.2398_151.761_0.128007
15.7349_151.828_0.148669
16.2285_151.906_0.169331
16.7212_151.991_0.17622
17.2132_152.08_0.183109
17.2132_152.08_0.183109
17.705_152.17_0.17622
18.1974_152.256_0.169331
18.69_152.342_0.17622
19.1825_152.428_0.169331
19.6751_152.514_0.17622
19.6751_152.514_0.17622
20.1576_152.579_0.0469941
20.6445_152.581_-0.082232
21.1276_152.52_-0.211458
21.5989_152.398_-0.340684
22.0643_152.255_-0.211458
22.0643_152.255_-0.211458
22.5442_152.173_-0.082232
23.0332_152.151_0.0336888
23.5295_152.178_0.0955153
24.0258_152.232_0.129932
24.5208_152.3_0.150594
24.5208_152.3_0.150594
25.0143_152.378_0.171255
25.5067_152.465_0.178145
25.9986_152.554_0.185034
26.4898_152.647_0.191923
26.9803_152.744_0.198812
26.9803_152.744_0.198812
27.4589_152.857_0.301329
27.9322_153.013_0.349471
28.3992_153.189_0.383888
28.8612_153.379_0.40455
29.3203_153.577_0.411439
29.3203_153.577_0.411439
29.7744_153.753_0.282213
30.2526_153.876_0.193187
30.743_153.964_0.145045
31.2379_154.033_0.124383
31.7341_154.094_0.117494
31.7341_154.094_0.117494
32.2291_154.158_0.151911
32.7224_154.237_0.172573
33.2148_154.324_0.179462
33.7065_154.414_0.186351
34.1976_154.508_0.19324
34.1976_154.508_0.19324
34.671_154.622_0.322466
35.1259_154.795_0.451692
35.5545_155.026_0.580919
35.9592_155.309_0.669944
36.3447_155.625_0.718086
36.3447_155.625_0.718086
36.7246_155.929_0.58886
37.1432_156.192_0.499835
37.5842_156.423_0.451692
38.0357_156.636_0.417276
38.4939_156.835_0.396614
38.4939_156.835_0.396614
38.9346_157.042_0.52584
39.345_157.304_0.655066
39.7182_157.617_0.784292
39.7182_157.617_0.784292
40.048_157.975_0.913519
40.3351_158.374_1.01604
40.5855_158.802_1.09149
40.7559_159.129_1.08642
40.7679_159.151_1.07962
40.7679_159.151_1.07962
40.9792_159.59_1.20884
41.1321_160.052_1.33807
41.2644_160.521_1.20884
41.456_160.969_1.07962
41.4927_161.036_1.05921
41.4927_161.036_1.05921
41.7488_161.45_0.929986
42.0562_161.828_0.800759
42.4097_162.163_0.671533
42.8033_162.449_0.542307
43.2306_162.683_0.413081
43.2306_162.683_0.413081
43.6845_162.859_0.283855
44.1635_162.986_0.208397
44.6526_163.081_0.160255
45.1464_163.157_0.139593
45.6416_163.223_0.118931
45.6416_163.223_0.118931
46.1379_163.284_0.12582
46.6341_163.346_0.118931
47.1304_163.406_0.12582
47.6265_163.468_0.118931
48.1228_163.528_0.12582
48.1228_163.528_0.12582
48.619_163.59_0.118931
49.1153_163.65_0.12582
49.6114_163.712_0.118931
50.1077_163.772_0.12582
50.6039_163.834_0.118931
50.6039_163.834_0.118931
51.0844_163.912_0.248157
51.5509_164.051_0.377383
52.0069_164.246_0.452842
52.4514_164.471_0.500984
52.8863_164.715_0.5354
52.8863_164.715_0.5354
53.3183_164.955_0.446375
53.7711_165.163_0.398233
54.233_165.353_0.377571
54.6987_165.534_0.356909
55.1676_165.708_0.35002
55.1676_165.708_0.35002
55.6174_165.894_0.479246
56.0396_166.137_0.608472
56.4269_166.432_0.737698
56.773_166.774_0.866925
57.0721_167.158_0.996151
57.0721_167.158_0.996151
57.3482_167.574_0.961734
57.6369_167.982_0.941072
57.94_168.363_0.811846
58.2897_168.702_0.68262
58.6802_168.992_0.553394
58.6802_168.992_0.553394
59.1049_169.231_0.424168
59.5567_169.412_0.294942
60.0282_169.534_0.165716
60.5114_169.594_0.0364895
61.0032_169.595_-0.0660273
61.0032_169.595_-0.0660273
61.502_169.565_-0.0453656
62.0013_169.546_-0.0247038
62.5011_169.535_-0.0178146
63.001_169.527_-0.0109254
63.5009_169.521_-0.0178146
63.5009_169.521_-0.0178146
63.7829_169.522_0.0570005
63.7829_169.522_0.0570005
64.2674_169.571_0.186227
64.7417_169.681_0.315453
65.1977_169.852_0.444679
65.628_170.079_0.573905
65.628_170.079_0.573905
66.0477_170.326_0.444679
66.4957_170.517_0.315453
66.9646_170.648_0.186227
67.4464_170.718_0.0570005
67.9381_170.729_-0.0455163
67.9381_170.729_-0.0455163
68.425_170.728_0.0837099
68.908_170.789_0.212936
69.3791_170.912_0.342162
69.8392_171.091_0.431188
70.2884_171.307_0.47933
70.2884_171.307_0.47933
70.7334_171.534_0.458668
71.1829_171.752_0.438006
71.6362_171.963_0.431117
72.0909_172.171_0.424228
72.547_172.376_0.417339
72.547_172.376_0.417339
73.0001_172.554_0.288112
73.4723_172.673_0.158886
73.9574_172.765_0.247912
74.4398_172.893_0.282328
74.7886_173.001_0.337929
74.7886_173.001_0.337929
75.2544_173.143_0.208703
75.7416_173.234_0.133245
76.2364_173.292_0.0851027
76.7346_173.331_0.0644409
77.2336_173.362_0.0575517
77.2336_173.362_0.0575517
77.7204_173.369_-0.0716744
78.2041_173.314_-0.200901
78.6767_173.197_-0.330127
79.1302_173.02_-0.459353
79.5571_172.785_-0.588579
79.5571_172.785_-0.588579
79.9502_172.498_-0.717805
80.303_172.163_-0.847031
80.6097_171.784_-0.976257
80.8651_171.37_-1.10548
81.0649_170.926_-1.23471
81.0649_170.926_-1.23471
81.2448_170.474_-1.10548
81.4816_170.048_-0.976257
81.7711_169.657_-0.847031
82.1087_169.306_-0.717805
82.4887_169.001_-0.588579
82.4887_169.001_-0.588579
82.8819_168.714_-0.717805
83.2347_168.379_-0.847031
83.5414_168_-0.976257
83.7968_167.586_-1.10548
83.9966_167.142_-1.23471
83.9966_167.142_-1.23471
84.1666_166.673_-1.20029
84.3507_166.208_-1.17963
84.5424_165.746_-1.17274
84.7372_165.286_-1.16585
84.9353_164.827_-1.15896
84.9353_164.827_-1.15896
85.1111_164.373_-1.28819
85.2269_163.9_-1.41742
85.2808_163.416_-1.54664
85.272_162.929_-1.67587
85.2004_162.448_-1.80509
85.2004_162.448_-1.80509
85.0674_161.979_-1.93432
84.8752_161.532_-2.06355
84.6311_161.099_-2.12537
84.3607_160.682_-2.1872
84.0663_160.28_-2.23534
84.0663_160.28_-2.23534
83.7825_159.884_-2.10612
83.7825_159.884_-2.10612
83.5521_159.455_-1.97689
83.3789_159_-1.84766
83.2658_158.527_-1.71844
83.2146_158.043_-1.58921
83.2263_157.556_-1.45998
83.2263_157.556_-1.45998
83.3006_157.075_-1.33076
83.4363_156.607_-1.20153
83.6311_156.161_-1.07231
83.8818_155.744_-0.94308
84.1842_155.362_-0.813854
84.1842_155.362_-0.813854
84.5333_155.022_-0.684628
84.9231_154.731_-0.555402
85.3473_154.492_-0.426176
85.7988_154.31_-0.29695
86.27_154.187_-0.167724
86.27_154.187_-0.167724
86.7531_154.126_-0.0384975
87.24_154.128_0.0907286
87.7226_154.193_0.219955
88.1928_154.319_0.349181
88.6428_154.505_0.478407
88.6428_154.505_0.478407
89.0883_154.722_0.402949
89.5497_154.912_0.368532
90.017_155.089_0.34787
90.4874_155.258_0.340981
90.959_155.424_0.334092
90.959_155.424_0.334092
91.4286_155.593_0.368509
91.8934_155.777_0.38917
92.3556_155.967_0.39606
92.8164_156.161_0.402949
93.2759_156.358_0.409838
93.2759_156.358_0.409838
93.7359_156.552_0.375421
94.202_156.732_0.35476
94.6712_156.905_0.34787
95.1416_157.074_0.340981
95.6124_157.242_0.34787
95.6124_157.242_0.34787
96.0833_157.409_0.327209
96.5571_157.569_0.320319
97.032_157.725_0.31343
97.508_157.878_0.306541
97.9843_158.03_0.31343
97.9843_158.03_0.31343
98.4585_158.188_0.334092
98.9305_158.353_0.340981
99.4013_158.521_0.34787
99.8709_158.693_0.35476
100.339_158.867_0.361649
100.339_158.867_0.361649
100.807_159.043_0.35476
101.277_159.216_0.34787
101.746_159.387_0.35476
102.215_159.56_0.34787
102.685_159.731_0.35476
102.685_159.731_0.35476
103.154_159.904_0.34787
103.625_160.073_0.340981
104.095_160.242_0.34787
104.566_160.411_0.340981
105.037_160.579_0.34787
105.037_160.579_0.34787
105.508_160.741_0.299728
105.986_160.886_0.279067
106.467_161.022_0.272177
106.949_161.156_0.265288
107.432_161.286_0.258399
107.432_161.286_0.258399
107.907_161.424_0.333857
108.377_161.593_0.368274
108.842_161.776_0.388935
109.303_161.969_0.409597
109.761_162.169_0.416486
109.761_162.169_0.416486
110.22_162.366_0.38207
110.684_162.551_0.375181
111.15_162.733_0.368291
111.617_162.912_0.361402
112.085_163.088_0.354513
112.085_163.088_0.354513
112.552_163.264_0.375175
113.016_163.451_0.395836
113.477_163.645_0.402726
113.936_163.842_0.409615
114.395_164.04_0.402726
114.395_164.04_0.402726
114.857_164.228_0.354584
115.327_164.395_0.320167
115.802_164.549_0.299505
116.28_164.696_0.292616
116.759_164.839_0.285727
116.759_164.839_0.285727
117.236_164.985_0.320143
117.709_165.146_0.340805
118.18_165.314_0.347694
118.65_165.485_0.354584
119.119_165.658_0.347694
119.119_165.658_0.347694
119.589_165.829_0.354584
120.058_166.002_0.347694
120.528_166.173_0.354584
120.997_166.346_0.347694
121.467_166.517_0.354584
121.467_166.517_0.354584
121.936_166.687_0.333922
122.409_166.85_0.327033
122.883_167.01_0.320143
123.358_167.166_0.313254
123.833_167.321_0.320143
123.833_167.321_0.320143
124.306_167.482_0.340805
124.776_167.652_0.361467
125.243_167.83_0.368356
125.709_168.011_0.375245
126.175_168.193_0.368356
126.175_168.193_0.368356
126.642_168.372_0.361467
127.11_168.548_0.354578
127.578_168.722_0.361467
128.046_168.898_0.354578
128.515_169.073_0.361467
128.515_169.073_0.361467
128.983_169.248_0.354578
129.451_169.423_0.361467
129.92_169.599_0.354578
130.388_169.774_0.361467
130.856_169.949_0.354578
130.856_169.949_0.354578
131.324_170.124_0.361467
131.793_170.3_0.354578
132.261_170.474_0.361467
132.729_170.65_0.354578
133.198_170.825_0.361467
133.198_170.825_0.361467
133.666_171_0.354578
134.134_171.175_0.361467
134.602_171.351_0.354578
135.071_171.526_0.361467
135.539_171.701_0.354578
135.539_171.701_0.354578
136.008_171.874_0.347688
136.478_172.045_0.354578
136.946_172.22_0.361467
137.414_172.396_0.354578
137.883_172.568_0.347688
137.883_172.568_0.347688
138.349_172.745_0.395831
138.809_172.941_0.416492
139.264_173.146_0.437154
139.717_173.359_0.444043
140.168_173.575_0.450932
140.168_173.575_0.450932
140.619_173.785_0.40279
141.081_173.975_0.368374
141.548_174.152_0.347712
142.019_174.321_0.340823
142.49_174.487_0.333934
142.49_174.487_0.333934
142.963_174.65_0.327044
143.437_174.81_0.320155
143.912_174.966_0.313266
144.388_175.119_0.306377
144.864_175.271_0.313266
144.864_175.271_0.313266
145.34_175.424_0.306377
145.816_175.576_0.313266
146.292_175.729_0.306377
146.769_175.878_0.299487
147.246_176.029_0.320149
147.246_176.029_0.320149
