configuration 46.843963623_148.978851318_-0.536406748472_0.843959596304_156.577575684_33.1800613403_0.186652677497_0.98242596565
length 200.731
time 11.3464
roughness 8.21597e-05
46.844_148.979_-1.13235
47.0685_148.544_-1.01643
47.3388_148.127_-0.9546
47.6319_147.723_-0.920183
47.9372_147.327_-0.899522
48.2507_146.938_-0.87886
48.2507_146.938_-0.87886
48.5452_146.55_-1.00809
48.7873_146.128_-1.13731
48.9729_145.678_-1.26654
49.0989_145.208_-1.39576
49.0989_145.208_-1.39576
49.1992_144.724_-1.30674
49.3369_144.245_-1.2586
49.4956_143.772_-1.22418
49.6686_143.303_-1.20352
49.8492_142.837_-1.19663
49.8492_142.837_-1.19663
50.0462_142.392_-1.0674
50.2971_141.966_-0.978378
50.5818_141.558_-0.930236
50.8832_141.159_-0.909574
51.1928_140.767_-0.888912
51.1928_140.767_-0.888912
51.4865_140.375_-1.00483
51.7417_139.951_-1.08029
51.9718_139.508_-1.11471
52.1888_139.058_-1.13537
52.3964_138.603_-1.15603
52.3964_138.603_-1.15603
52.5968_138.145_-1.16292
52.7941_137.686_-1.16981
52.9882_137.225_-1.1767
53.1812_136.764_-1.16981
53.3753_136.303_-1.1767
53.3753_136.303_-1.1767
53.5662_135.841_-1.18359
53.7539_135.377_-1.19048
53.9406_134.914_-1.18359
54.1283_134.45_-1.19048
54.315_133.986_-1.18359
54.315_133.986_-1.18359
54.5121_133.53_-1.12176
54.7339_133.083_-1.08734
54.9692_132.642_-1.06668
55.2117_132.205_-1.05979
55.4572_131.77_-1.0529
55.4572_131.77_-1.0529
55.6861_131.334_-1.15542
55.8772_130.875_-1.21725
56.0447_130.405_-1.25166
56.1982_129.93_-1.27233
56.3441_129.452_-1.27922
56.3441_129.452_-1.27922
56.4984_128.981_-1.20376
56.6846_128.519_-1.15562
56.8893_128.063_-1.13495
57.1033_127.611_-1.11429
57.3248_127.163_-1.1074
57.3248_127.163_-1.1074
57.545_126.714_-1.12806
57.756_126.261_-1.14873
57.9597_125.805_-1.15562
58.1603_125.347_-1.1625
58.3578_124.888_-1.16939
58.3578_124.888_-1.16939
58.5475_124.426_-1.20381
58.7236_123.958_-1.22447
58.8922_123.488_-1.23136
59.0576_123.016_-1.23825
59.2197_122.543_-1.24514
59.2197_122.543_-1.24514
59.3866_122.074_-1.197
59.5723_121.61_-1.17634
59.7655_121.149_-1.16945
59.9619_120.689_-1.16256
60.1614_120.23_-1.15567
60.1614_120.23_-1.15567
60.3641_119.773_-1.14878
60.5699_119.318_-1.14189
60.7768_118.863_-1.14878
60.9826_118.407_-1.14189
61.1895_117.952_-1.14878
61.1895_117.952_-1.14878
61.3933_117.495_-1.15567
61.5938_117.037_-1.16256
61.7913_116.578_-1.16945
61.9876_116.118_-1.16256
62.1851_115.659_-1.16945
62.1851_115.659_-1.16945
62.3793_115.198_-1.17634
62.5704_114.736_-1.18323
62.7583_114.273_-1.19011
62.943_113.808_-1.197
63.1266_113.343_-1.19011
63.1266_113.343_-1.19011
63.3135_112.879_-1.18323
63.5035_112.417_-1.17634
63.6967_111.956_-1.16945
63.8909_111.495_-1.17634
64.0841_111.034_-1.16945
64.0841_111.034_-1.16945
64.2844_110.577_-1.13503
64.4984_110.125_-1.11437
64.7198_109.677_-1.10748
64.9442_109.23_-1.10059
65.1718_108.785_-1.0937
65.1718_108.785_-1.0937
65.3959_108.339_-1.12812
65.6068_107.886_-1.14878
65.8083_107.429_-1.16944
66.0026_106.968_-1.17633
66.1937_106.506_-1.18322
66.1937_106.506_-1.18322
66.3584_106.048_-1.31245
66.4705_105.567_-1.40147
66.5442_105.076_-1.4633
66.592_104.579_-1.49771
66.6251_104.08_-1.51838
66.6251_104.08_-1.51838
66.6712_103.596_-1.38915
66.7793_103.121_-1.25992
66.9478_102.664_-1.1307
67.1737_102.233_-1.00147
67.4533_101.834_-0.872245
67.4533_101.834_-0.872245
67.7503_101.448_-1.00147
68.0013_101.025_-1.10399
68.2183_100.577_-1.15213
68.416_100.119_-1.18655
68.6001_99.6542_-1.20721
68.6001_99.6542_-1.20721
68.7924_99.2069_-1.07798
69.0407_98.7881_-0.948756
69.3347_98.384_-0.928094
69.6369_97.9861_-0.907433
69.73_97.8636_-0.948241
69.73_97.8636_-0.948241
69.9969_97.4564_-1.07747
70.2091_97.0182_-1.20669
70.363_96.5563_-1.33592
70.4562_96.0784_-1.46515
70.487_95.5924_-1.59437
70.487_95.5924_-1.59437
70.4961_95.1056_-1.46515
70.5679_94.6241_-1.33592
70.7012_94.1558_-1.20669
70.8937_93.7086_-1.07747
71.1423_93.2899_-0.948241
71.1423_93.2899_-0.948241
71.4154_92.8809_-1.05076
71.6534_92.4446_-1.11258
71.8691_91.9945_-1.147
72.0714_91.5376_-1.16766
72.2665_91.0773_-1.17455
72.2665_91.0773_-1.17455
72.4489_90.6149_-1.23638
72.6048_90.1417_-1.28452
72.7224_89.6692_-1.41375
72.7781_89.1856_-1.54297
72.771_88.6987_-1.6722
72.771_88.6987_-1.6722
72.7423_88.2127_-1.54297
72.7423_88.2127_-1.54297
72.7764_87.727_-1.41375
72.8729_87.2497_-1.28452
73.0301_86.7889_-1.15529
73.2453_86.3522_-1.02607
73.515_85.9468_-0.896842
73.515_85.9468_-0.896842
73.6402_85.7843_-0.951253
73.6402_85.7843_-0.951253
73.9058_85.3763_-1.08048
74.1167_84.9374_-1.20971
74.2692_84.475_-1.33893
74.361_83.9969_-1.46816
74.3903_83.5108_-1.59738
74.3903_83.5108_-1.59738
74.398_83.024_-1.46816
74.4666_82.5394_-1.35224
74.5844_82.0565_-1.29041
74.728_81.5785_-1.25599
74.8859_81.1045_-1.23533
74.8859_81.1045_-1.23533
75.0656_80.6519_-1.10611
75.302_80.2263_-0.97688
75.5913_79.8347_-0.847654
75.9287_79.4836_-0.718427
76.3085_79.179_-0.589201
76.3085_79.179_-0.589201
76.7015_78.8915_-0.718427
77.0541_78.5558_-0.847654
77.3638_78.1767_-0.963574
77.639_77.7628_-1.0254
77.893_77.3332_-1.05982
77.893_77.3332_-1.05982
78.1403_76.899_-1.03916
78.3966_76.4701_-1.01849
78.6599_76.0451_-1.0116
78.9261_75.6219_-1.00472
79.1952_75.2005_-0.997826
79.1952_75.2005_-0.997826
79.4416_74.7805_-1.12705
79.6318_74.3323_-1.25628
79.7626_73.8634_-1.3855
79.832_73.3814_-1.51473
79.8474_72.8861_-1.59019
79.8474_72.8861_-1.59019
79.8586_72.3993_-1.46096
79.9307_71.9152_-1.34504
80.0537_71.4351_-1.26958
80.2109_70.9636_-1.20776
80.3934_70.4991_-1.17334
80.3934_70.4991_-1.17334
80.5627_70.0426_-1.30257
80.6717_69.5681_-1.43179
80.704_69.2879_-1.50661
80.7055_69.2623_-1.51341
80.707_69.2367_-1.52021
80.707_69.2367_-1.52021
80.7109_68.7498_-1.64944
80.7109_68.7498_-1.64944
80.6933_68.2632_-1.52021
80.7385_67.7784_-1.39098
80.8458_67.3035_-1.26176
81.0134_66.8464_-1.13253
81.2385_66.4147_-1.00331
81.2385_66.4147_-1.00331
81.5174_66.0156_-0.87408
81.5174_66.0156_-0.87408
81.8137_65.6292_-1.00331
82.0578_65.2079_-1.13253
82.2456_64.7587_-1.26176
82.3739_64.289_-1.39098
82.4812_63.8141_-1.26176
82.4812_63.8141_-1.26176
82.6121_63.3425_-1.37768
82.7257_62.869_-1.24845
82.8994_62.4142_-1.11923
83.1303_61.9855_-0.990001
83.1729_61.9214_-0.969597
83.1729_61.9214_-0.969597
83.4634_61.5199_-0.894139
83.7519_61.1277_-1.02336
84.0018_60.6981_-1.08519
84.232_60.2546_-1.10585
84.3802_59.9485_-1.14816
84.3802_59.9485_-1.14816
84.5985_59.5133_-1.01893
84.8712_59.1098_-0.889703
85.1935_58.7449_-0.760477
85.5317_58.3947_-0.889703
85.822_58.0038_-1.01893
85.822_58.0038_-1.01893
86.0831_57.5774_-1.02582
86.3413_57.1493_-1.03271
86.5965_56.7194_-1.0396
86.8488_56.2877_-1.04649
87.0981_55.8544_-1.05338
87.0981_55.8544_-1.05338
87.3499_55.4235_-1.01896
87.5874_54.9984_-1.14819
87.7681_54.5463_-1.27741
87.889_54.0747_-1.40664
87.889_54.0747_-1.40664
87.9889_53.5981_-1.27741
88.1493_53.1384_-1.14819
88.3676_52.7032_-1.01896
88.6402_52.2998_-0.889733
88.9625_51.9349_-0.760507
88.9625_51.9349_-0.760507
89.3292_51.6145_-0.631281
89.7341_51.3441_-0.502054
90.1704_51.1281_-0.372828
90.631_50.9701_-0.243602
91.108_50.8728_-0.114376
91.108_50.8728_-0.114376
91.5937_50.8378_0.01485
92.0797_50.8656_0.144076
92.5582_50.9559_0.273302
93.021_51.107_0.402528
93.4605_51.3166_0.531755
93.4605_51.3166_0.531755
93.8938_51.5571_0.456296
94.3445_51.7694_0.408154
94.8045_51.9646_0.387492
95.2684_52.1502_0.366831
95.7355_52.3285_0.359941
95.7355_52.3285_0.359941
96.1981_52.4805_0.230715
96.6804_52.5767_0.128199
97.1745_52.6301_0.0663721
97.6729_52.6575_0.0319554
98.1724_52.67_0.0112937
98.1724_52.67_0.0112937
98.6586_52.6962_0.14052
99.1373_52.7847_0.269746
99.6038_52.9331_0.385667
100.058_53.1309_0.461125
100.503_53.3581_0.495541
100.503_53.3581_0.495541
100.921_53.6076_0.624768
100.921_53.6076_0.624768
101.328_53.8785_0.508847
101.766_54.1063_0.419821
102.219_54.2857_0.290595
102.696_54.4132_0.20157
103.186_54.5075_0.167153
103.186_54.5075_0.167153
103.668_54.6057_0.26967
104.144_54.7479_0.331497
104.614_54.9158_0.365913
105.08_55.0978_0.386575
105.541_55.2893_0.407237
105.541_55.2893_0.407237
105.996_55.4939_0.455379
106.443_55.7168_0.476041
106.885_55.9488_0.496702
107.324_56.1881_0.503592
107.762_56.4303_0.510481
107.762_56.4303_0.510481
108.188_56.6832_0.585939
108.598_56.9653_0.634081
108.997_57.2656_0.668498
109.387_57.578_0.689159
109.777_57.8777_0.586643
109.777_57.8777_0.586643
110.194_58.1298_0.457417
110.639_58.3261_0.32819
111.106_58.4634_0.198964
111.587_58.5393_0.0697382
112.074_58.5526_-0.0594879
112.074_58.5526_-0.0594879
112.561_58.5443_0.0697382
113.052_58.5932_0.158764
113.543_58.6798_0.206906
114.031_58.7859_0.227567
114.517_58.9019_0.248229
114.517_58.9019_0.248229
114.984_59.0415_0.377455
115.431_59.2391_0.493376
115.85_59.4876_0.622602
116.233_59.7881_0.751828
116.574_60.1354_0.881055
116.574_60.1354_0.881055
116.9_60.4975_0.751828
117.269_60.8147_0.622602
117.676_61.0816_0.493376
118.115_61.2938_0.36415
118.577_61.4478_0.234924
118.577_61.4478_0.234924
119.045_61.5811_0.36415
119.492_61.7736_0.493376
119.93_61.9858_0.36415
120.392_62.1398_0.234924
120.87_62.2329_0.105698
120.87_62.2329_0.105698
121.356_62.2637_-0.0235283
121.842_62.2317_-0.152754
122.319_62.1373_-0.281981
122.781_61.9821_-0.411207
123.219_61.7687_-0.540433
123.219_61.7687_-0.540433
123.637_61.5032_-0.615891
124.039_61.2089_-0.664033
124.43_60.8983_-0.684695
124.817_60.5812_-0.691584
125.201_60.2614_-0.698473
125.201_60.2614_-0.698473
125.584_59.9391_-0.705362
125.963_59.6141_-0.712252
126.341_59.2864_-0.719141
126.718_58.958_-0.712252
127.097_58.6321_-0.705362
127.097_58.6321_-0.705362
127.454_58.301_-0.834589
127.766_57.9267_-0.963815
128.032_57.5135_-1.06633
128.263_57.0735_-1.12816
128.472_56.6201_-1.16257
128.472_56.6201_-1.16257
128.646_56.1654_-1.2918
128.76_55.6921_-1.42103
128.813_55.208_-1.55025
128.802_54.7212_-1.67948
128.738_54.2902_-1.7951
128.738_54.2902_-1.7951
128.65_53.8114_-1.66588
128.625_53.3251_-1.53665
128.662_52.8397_-1.40742
128.761_52.3631_-1.2782
128.919_51.8972_-1.17568
128.919_51.8972_-1.17568
129.125_51.4562_-1.04646
129.387_51.0454_-0.917229
129.699_50.6718_-0.788003
130.057_50.3321_-0.698977
130.444_50.0202_-0.637151
130.444_50.0202_-0.637151
130.829_49.7144_-0.739668
131.19_49.3719_-0.801494
131.533_49.0094_-0.835911
131.865_48.6364_-0.856573
132.19_48.2566_-0.877234
132.19_48.2566_-0.877234
132.51_47.8729_-0.870345
132.833_47.4913_-0.863456
133.159_47.1121_-0.856567
133.488_46.7351_-0.849678
133.818_46.3603_-0.842788
133.818_46.3603_-0.842788
134.148_45.985_-0.86345
134.472_45.6043_-0.870339
134.794_45.2213_-0.877229
135.114_44.8376_-0.870339
135.436_44.4546_-0.877229
135.436_44.4546_-0.877229
135.734_44.0665_-0.993149
135.994_43.6447_-1.06861
136.229_43.2045_-1.10302
136.452_42.757_-1.12369
136.664_42.305_-1.14435
136.664_42.305_-1.14435
136.847_41.8535_-1.27357
136.97_41.3824_-1.4028
137.035_40.895_-1.50532
137.058_40.3984_-1.56714
137.054_39.8994_-1.60156
137.054_39.8994_-1.60156
137.06_39.4125_-1.47233
137.128_38.9305_-1.34311
137.258_38.4612_-1.21388
137.447_38.0126_-1.08466
137.693_37.5922_-0.955429
137.693_37.5922_-0.955429
137.984_37.1862_-0.934767
138.282_36.7846_-0.927878
138.582_36.3852_-0.920989
138.886_35.9878_-0.9141
139.19_35.5911_-0.920989
139.19_35.5911_-0.920989
139.485_35.1897_-0.969131
139.763_34.775_-1.00355
140.029_34.3518_-1.02421
140.285_33.9231_-1.04487
140.535_33.4902_-1.05176
140.535_33.4902_-1.05176
140.77_33.0538_-1.12722
140.974_32.6006_-1.18905
141.136_32.1415_-1.31827
141.238_31.6653_-1.4475
141.28_31.1776_-1.56342
141.28_31.1776_-1.56342
141.304_30.6913_-1.43419
141.39_30.2122_-1.30497
141.538_29.7482_-1.17574
141.744_29.3072_-1.04651
142.006_28.8964_-0.917288
142.006_28.8964_-0.917288
142.318_28.5227_-0.788062
142.676_28.1924_-0.658835
143.073_27.9109_-0.529609
143.503_27.683_-0.400383
143.959_27.5124_-0.271157
143.959_27.5124_-0.271157
144.433_27.402_-0.141931
144.918_27.3536_-0.0127048
145.405_27.368_0.116521
145.885_27.4451_0.245747
146.355_27.5822_0.361668
146.355_27.5822_0.361668
146.816_27.7675_0.423495
147.269_27.9778_0.457911
147.716_28.2018_0.478573
148.158_28.435_0.499235
148.596_28.6753_0.506124
148.596_28.6753_0.506124
149.033_28.9187_0.513013
149.468_29.1651_0.519903
149.902_29.4125_0.513013
150.337_29.6589_0.519903
150.772_29.9063_0.513013
150.772_29.9063_0.513013
151.208_30.1506_0.506124
151.646_30.392_0.499235
152.085_30.6304_0.492346
152.526_30.8657_0.485456
152.966_31.0744_0.35623
152.966_31.0744_0.35623
153.415_31.2634_0.485456
153.836_31.5086_0.614683
154.245_31.7723_0.485456
154.685_31.9811_0.35623
155.049_32.103_0.25421
155.049_32.103_0.25421
155.526_32.2396_0.329668
155.993_32.4101_0.391494
156.448_32.6092_0.453321
156.775_32.7745_0.498877
156.775_32.7745_0.498877
