configuration 176.556686401_134.7056427_-0.977472527886_0.211062685542_59.5791053772_36.8438796997_0.982426073578_-0.18665210943
length 185.479
time 6.88157
roughness 6.38028e-05
176.557_134.706_-2.71627
176.122_134.486_-2.58704
175.719_134.212_-2.45782
175.346_133.889_-2.36879
174.995_133.536_-2.32065
174.657_133.168_-2.29999
174.657_133.168_-2.29999
174.325_132.794_-2.2931
173.995_132.418_-2.28621
173.668_132.04_-2.27932
173.343_131.66_-2.27243
173.022_131.277_-2.26554
173.022_131.277_-2.26554
172.694_130.917_-2.39477
172.323_130.601_-2.52399
171.914_130.333_-2.63991
171.473_130.103_-2.70174
171.019_129.896_-2.73616
171.019_129.896_-2.73616
170.559_129.7_-2.74305
170.098_129.507_-2.74994
169.635_129.317_-2.75682
169.172_129.131_-2.76371
168.707_128.947_-2.7706
168.707_128.947_-2.7706
168.24_128.767_-2.77749
167.773_128.59_-2.78438
167.304_128.416_-2.79127
166.834_128.246_-2.79816
166.363_128.076_-2.79127
166.363_128.076_-2.79127
165.898_127.898_-2.74313
165.44_127.699_-2.70871
164.988_127.486_-2.68805
164.539_127.266_-2.68116
164.092_127.043_-2.67427
164.092_127.043_-2.67427
163.644_126.823_-2.70869
163.189_126.617_-2.72935
162.73_126.418_-2.73624
162.27_126.221_-2.74313
161.809_126.029_-2.75002
161.809_126.029_-2.75002
161.346_125.841_-2.77068
160.88_125.661_-2.77757
160.412_125.484_-2.78446
159.944_125.308_-2.77757
159.476_125.131_-2.78446
159.476_125.131_-2.78446
159.01_124.953_-2.7638
158.545_124.768_-2.75691
158.082_124.579_-2.75002
157.621_124.387_-2.74313
157.16_124.192_-2.73624
157.16_124.192_-2.73624
156.705_124.019_-2.86547
156.705_124.019_-2.86547
156.231_123.907_-2.99469
155.747_123.856_-3.12392
155.26_123.868_-3.25314
154.779_123.942_-3.38237
154.312_124.078_-3.5116
154.312_124.078_-3.5116
153.851_124.235_-3.38237
153.374_124.331_-3.25314
152.888_124.365_-3.12392
152.402_124.336_-2.99469
151.924_124.244_-2.86547
151.924_124.244_-2.86547
151.461_124.091_-2.73624
151.022_123.881_-2.60701
150.614_123.615_-2.47779
150.244_123.299_-2.34856
149.908_122.937_-2.25954
149.908_122.937_-2.25954
149.583_122.575_-2.38876
149.213_122.254_-2.50468
148.807_121.967_-2.56651
148.385_121.7_-2.60093
147.955_121.446_-2.62159
147.955_121.446_-2.62159
147.519_121.203_-2.656
147.076_120.973_-2.67667
146.628_120.752_-2.69733
146.176_120.538_-2.70422
145.722_120.327_-2.71111
145.722_120.327_-2.71111
145.286_120.106_-2.59519
144.866_119.839_-2.53336
144.46_119.549_-2.49894
144.062_119.247_-2.47828
143.669_118.938_-2.47139
143.669_118.938_-2.47139
143.278_118.627_-2.4645
142.886_118.316_-2.48516
142.886_118.316_-2.48516
142.487_118.03_-2.58768
142.059_117.78_-2.66314
141.618_117.574_-2.79236
141.153_117.427_-2.92159
140.674_117.341_-3.05082
140.674_117.341_-3.05082
140.192_117.276_-2.92159
139.721_117.15_-2.79236
139.271_116.964_-2.66314
138.849_116.722_-2.53391
138.449_116.429_-2.45845
138.449_116.429_-2.45845
138.058_116.134_-2.57438
137.634_115.876_-2.6362
137.194_115.639_-2.67062
136.747_115.416_-2.69128
136.296_115.201_-2.71194
136.296_115.201_-2.71194
135.842_114.992_-2.70505
135.389_114.78_-2.69816
134.938_114.564_-2.69127
134.489_114.345_-2.68439
134.04_114.126_-2.69127
134.04_114.126_-2.69127
133.59_113.907_-2.68439
133.142_113.685_-2.6775
132.695_113.461_-2.67061
132.25_113.233_-2.66372
131.806_113.004_-2.67061
131.806_113.004_-2.67061
131.358_112.782_-2.70502
130.904_112.574_-2.72569
130.446_112.376_-2.74635
129.984_112.184_-2.75324
129.521_111.996_-2.76013
129.521_111.996_-2.76013
129.056_111.811_-2.76701
128.591_111.629_-2.7739
128.124_111.45_-2.78079
127.655_111.275_-2.78768
127.187_111.101_-2.78079
127.187_111.101_-2.78079
126.726_110.916_-2.71897
126.273_110.706_-2.68455
125.826_110.482_-2.66389
125.382_110.251_-2.657
124.941_110.017_-2.65011
124.941_110.017_-2.65011
124.502_109.806_-2.77934
124.04_109.653_-2.90856
123.56_109.558_-3.02448
123.066_109.512_-3.09994
122.568_109.5_-3.14808
122.568_109.5_-3.14808
122.081_109.482_-3.01886
121.601_109.402_-2.88963
121.135_109.261_-2.7604
120.691_109.061_-2.63118
120.277_108.805_-2.50195
120.277_108.805_-2.50195
119.872_108.519_-2.57741
119.447_108.26_-2.62555
119.01_108.018_-2.65997
118.566_107.79_-2.68063
118.127_107.559_-2.60517
118.127_107.559_-2.60517
117.696_107.306_-2.62583
117.261_107.061_-2.63272
116.823_106.818_-2.63961
116.385_106.578_-2.6465
115.944_106.342_-2.65339
115.944_106.342_-2.65339
115.502_106.108_-2.66028
115.058_105.878_-2.66717
114.614_105.649_-2.66028
114.17_105.418_-2.66717
113.728_105.214_-2.7964
113.728_105.214_-2.7964
113.258_105.044_-2.78951
112.789_104.873_-2.7964
112.318_104.702_-2.78951
111.849_104.531_-2.7964
111.378_104.363_-2.80329
111.378_104.363_-2.80329
110.926_104.182_-2.67406
110.501_103.944_-2.54483
110.231_103.749_-2.45642
110.152_103.684_-2.42921
110.133_103.667_-2.42241
110.133_103.667_-2.42241
109.78_103.331_-2.29318
109.474_102.952_-2.16396
109.219_102.537_-2.03473
108.993_102.092_-2.05539
108.761_101.649_-2.0485
108.761_101.649_-2.0485
108.555_101.208_-1.91928
108.409_100.743_-1.79005
108.323_100.264_-1.66082
108.3_99.7777_-1.5316
108.34_99.2924_-1.40237
108.34_99.2924_-1.40237
108.44_98.8134_-1.28645
108.591_98.3413_-1.21099
108.772_97.8762_-1.17658
108.967_97.4162_-1.15591
109.171_96.9603_-1.13525
109.171_96.9603_-1.13525
109.387_96.5103_-1.10084
109.617_96.0663_-1.08017
109.853_95.6259_-1.07329
110.093_95.1871_-1.0664
110.335_94.75_-1.05951
110.335_94.75_-1.05951
110.591_94.3358_-0.930281
110.898_93.9487_-0.841255
111.237_93.5851_-0.779429
111.596_93.2384_-0.745012
111.966_92.9021_-0.72435
111.966_92.9021_-0.72435
112.316_92.5643_-0.853576
112.62_92.1842_-0.982802
112.873_91.768_-1.11203
113.07_91.3227_-1.24125
113.208_90.8557_-1.37048
113.208_90.8557_-1.37048
113.284_90.3749_-1.49971
113.298_89.8882_-1.62893
113.253_89.3985_-1.73145
113.164_88.9096_-1.79328
113.048_88.4241_-1.82769
113.048_88.4241_-1.82769
112.944_87.9484_-1.69847
112.903_87.4632_-1.56924
112.924_86.9768_-1.44001
113.008_86.4972_-1.31079
113.147_86.0216_-1.23533
113.147_86.0216_-1.23533
113.327_85.5691_-1.1061
113.562_85.1371_-1.00359
113.838_84.7235_-0.941761
114.137_84.3254_-0.893619
114.453_83.9382_-0.872957
114.453_83.9382_-0.872957
114.75_83.5522_-1.00218
114.994_83.1311_-1.13141
115.183_82.6821_-1.26064
115.312_82.2126_-1.38986
115.379_81.7304_-1.51909
115.379_81.7304_-1.51909
115.425_81.2456_-1.38986
115.529_80.7651_-1.28734
115.678_80.2909_-1.22552
115.852_79.8232_-1.1911
116.041_79.3604_-1.17044
116.041_79.3604_-1.17044
116.211_78.9044_-1.29967
116.211_78.9044_-1.29967
116.362_78.4412_-1.17044
116.57_78.0013_-1.04121
116.834_77.5919_-0.911988
117.079_77.2959_-0.809967
117.097_77.2774_-0.803166
117.097_77.2774_-0.803166
117.446_76.9202_-0.782504
117.802_76.5685_-0.775615
118.159_76.2193_-0.768725
118.523_75.8959_-0.639499
118.928_75.6102_-0.564041
118.928_75.6102_-0.564041
119.328_75.3327_-0.693267
119.689_75.006_-0.822493
120.005_74.6355_-0.951719
120.277_74.2255_-1.05424
120.513_73.7884_-1.11606
120.513_73.7884_-1.11606
120.709_73.3423_-1.24529
120.845_72.8748_-1.37451
120.919_72.3936_-1.50374
120.931_71.9069_-1.63297
120.88_71.4227_-1.76219
120.88_71.4227_-1.76219
120.808_70.9412_-1.63297
120.799_70.4544_-1.50374
120.852_69.9704_-1.37451
120.926_69.4893_-1.50374
120.938_69.0025_-1.63297
120.938_69.0025_-1.63297
120.929_68.5157_-1.50374
120.982_68.0318_-1.37451
121.057_67.5506_-1.50374
121.069_67.0639_-1.63297
121.018_66.5796_-1.76219
121.018_66.5796_-1.76219
120.905_66.106_-1.89142
120.732_65.6508_-2.02065
120.502_65.2218_-2.14987
120.218_64.8259_-2.2791
119.886_64.4699_-2.40832
119.886_64.4699_-2.40832
119.51_64.1533_-2.51084
119.103_63.8684_-2.57267
118.679_63.6044_-2.60708
118.247_63.3528_-2.62775
117.811_63.1081_-2.63463
117.811_63.1081_-2.63463
117.372_62.8708_-2.66905
116.926_62.6464_-2.68971
116.476_62.4291_-2.6966
116.024_62.215_-2.70349
115.571_62.0039_-2.71038
115.571_62.0039_-2.71038
115.116_61.796_-2.71727
114.66_61.5912_-2.72416
114.203_61.3875_-2.71727
113.747_61.1827_-2.72416
113.291_60.9789_-2.71727
113.291_60.9789_-2.71727
112.835_60.7741_-2.72416
112.377_60.5725_-2.73105
111.918_60.374_-2.73794
111.458_60.1787_-2.74483
110.997_59.9844_-2.73794
110.997_59.9844_-2.73794
110.539_59.785_-2.71728
110.084_59.5781_-2.71039
109.63_59.3681_-2.7035
109.178_59.155_-2.69661
108.726_58.9408_-2.7035
108.726_58.9408_-2.7035
108.273_58.7298_-2.71039
107.818_58.5218_-2.71728
107.363_58.315_-2.71039
106.908_58.107_-2.71728
106.453_57.9002_-2.71039
106.453_57.9002_-2.71039
106.001_57.7127_-2.82631
105.526_57.5683_-2.88813
105.041_57.4487_-2.92255
104.553_57.3435_-2.94321
104.062_57.2484_-2.96387
104.062_57.2484_-2.96387
103.584_57.1435_-2.84795
103.113_56.9883_-2.7725
102.65_56.8029_-2.73808
102.192_56.6035_-2.71742
101.737_56.3967_-2.71053
101.737_56.3967_-2.71053
101.282_56.1889_-2.71742
100.826_55.9841_-2.72431
100.369_55.7805_-2.71742
99.913_55.5757_-2.72431
99.4555_55.3742_-2.7312
99.4555_55.3742_-2.7312
98.9959_55.178_-2.75186
98.533_54.9891_-2.75875
98.0688_54.8034_-2.76564
97.6033_54.6209_-2.77252
97.1366_54.4416_-2.77941
97.1366_54.4416_-2.77941
96.6802_54.2531_-2.69039
96.2354_54.0287_-2.64225
95.8_53.7847_-2.60783
95.3716_53.5275_-2.58717
94.9471_53.2633_-2.58028
94.9471_53.2633_-2.58028
94.521_53.0075_-2.64211
94.0802_52.7734_-2.67652
93.6321_52.5524_-2.69718
93.1802_52.3385_-2.70407
92.7268_52.1277_-2.71096
92.7268_52.1277_-2.71096
92.2713_51.9223_-2.73162
91.8124_51.7241_-2.73851
91.352_51.529_-2.7454
90.8903_51.3371_-2.75229
90.4282_51.1463_-2.7454
90.4282_51.1463_-2.7454
89.9686_50.9503_-2.72474
89.5119_50.7468_-2.71785
89.0566_50.5402_-2.71096
88.6028_50.3305_-2.70407
88.1494_50.1197_-2.71096
88.1494_50.1197_-2.71096
87.6946_49.912_-2.71785
87.2384_49.7075_-2.72474
86.7808_49.5061_-2.73163
86.3218_49.3079_-2.73852
85.8624_49.1107_-2.73163
85.8624_49.1107_-2.73163
85.4043_48.9104_-2.72474
84.9476_48.7069_-2.71785
84.4924_48.5003_-2.71096
84.0385_48.2905_-2.70407
83.5861_48.0777_-2.69718
83.5861_48.0777_-2.69718
83.1331_47.8732_-2.75901
82.668_47.6923_-2.79343
82.1971_47.525_-2.81409
81.7229_47.3675_-2.83475
81.246_47.2176_-2.84164
81.246_47.2176_-2.84164
80.7763_47.0594_-2.76618
80.3158_46.8693_-2.71804
79.8632_46.659_-2.68362
79.4181_46.4332_-2.64921
78.9794_46.194_-2.62854
78.9794_46.194_-2.62854
78.5415_45.9564_-2.67669
78.0933_45.7355_-2.69735
77.6407_45.5239_-2.71801
77.1844_45.3194_-2.7249
76.7268_45.1181_-2.73179
76.7268_45.1181_-2.73179
76.2699_44.9159_-2.71113
75.816_44.7062_-2.70424
75.3636_44.4934_-2.69735
74.9127_44.2775_-2.69046
74.4632_44.0585_-2.68357
74.4632_44.0585_-2.68357
74.036_43.8249_-2.55434
73.6425_43.5382_-2.42512
73.2892_43.2031_-2.29589
72.9727_42.824_-2.20687
72.6857_42.4182_-2.14504
72.6857_42.4182_-2.14504
72.4042_42.021_-2.27427
72.0738_41.6634_-2.40349
71.7_41.3513_-2.53272
71.2892_41.09_-2.66194
70.8455_40.878_-2.76446
70.8455_40.878_-2.76446
70.3796_40.6972_-2.78512
69.9107_40.5238_-2.79201
69.4406_40.3536_-2.7989
68.9693_40.1867_-2.80579
68.4977_40.0209_-2.7989
68.4977_40.0209_-2.7989
68.0279_39.8687_-2.88793
67.5621_39.7266_-2.7587
67.1186_39.5258_-2.62947
66.7047_39.2694_-2.50025
66.4632_39.0788_-2.41863
66.4632_39.0788_-2.41863
66.0848_38.7724_-2.54786
65.67_38.5174_-2.67708
65.2222_38.3093_-2.76611
64.7561_38.1365_-2.82794
64.2797_37.988_-2.86235
64.2797_37.988_-2.86235
63.7984_37.8536_-2.88301
63.3148_37.7268_-2.8899
62.8303_37.6034_-2.89679
62.345_37.4834_-2.90368
61.8588_37.3667_-2.91057
61.8588_37.3667_-2.91057
61.3719_37.2533_-2.91746
60.8896_37.1329_-2.85563
60.4112_36.9887_-2.83497
59.9349_36.8367_-2.82808
59.9349_36.8367_-2.82808
