configuration -14.0353517532_151.94859314_0.0_1.0_147.259887695_176.039077759_0.145212769539_0.989400450557
length 185.723
time 4.87173
roughness 6.91962e-05
-14.0354_151.949_-0
-13.5417_151.963_0.0890254
-13.0463_152.015_0.137168
-12.5518_152.087_0.157829
-12.0589_152.169_0.178491
-11.5671_152.259_0.18538
-11.5671_152.259_0.18538
-11.0768_152.34_0.123554
-10.5808_152.396_0.0891371
-10.0828_152.437_0.0684753
-9.5841_152.468_0.0478136
-9.08466_152.491_0.0409244
-9.08466_152.491_0.0409244
-8.59205_152.526_0.12995
-8.09914_152.598_0.178092
-7.60899_152.692_0.212509
-7.1213_152.801_0.23317
-6.63513_152.917_0.24006
-6.63513_152.917_0.24006
-6.15097_153.023_0.164601
-5.65825_153.097_0.116459
-5.16158_153.152_0.0957975
-4.6638_153.198_0.0889083
-4.16571_153.242_0.0820191
-4.16571_153.242_0.0820191
-3.6792_153.261_-0.047207
-3.19426_153.217_-0.176433
-2.71898_153.112_-0.305659
-2.26129_152.946_-0.434885
-1.82881_152.722_-0.564112
-1.82881_152.722_-0.564112
-1.40669_152.479_-0.434885
-0.956825_152.293_-0.305659
-0.486711_152.166_-0.176433
-0.00418777_152.101_-0.047207
0.489567_152.092_0.0418184
0.489567_152.092_0.0418184
0.98914_152.112_0.0349292
1.48876_152.131_0.0418184
1.98833_152.151_0.0349292
2.48795_152.169_0.0418184
2.98752_152.189_0.0349292
2.98752_152.189_0.0349292
3.4744_152.185_-0.094297
3.95675_152.119_-0.223523
4.42652_151.991_-0.352749
4.87589_151.804_-0.481975
5.29737_151.56_-0.611201
5.29737_151.56_-0.611201
5.70759_151.298_-0.481975
6.14819_151.09_-0.352749
6.61182_150.942_-0.223523
7.09075_150.854_-0.094297
7.57946_150.826_0.0216238
7.57946_150.826_0.0216238
8.07827_150.843_0.0560405
8.57695_150.874_0.0767022
9.07488_150.916_0.097364
9.57236_150.966_0.104253
10.0695_151.019_0.111142
10.0695_151.019_0.111142
10.5657_151.078_0.131804
11.0606_151.147_0.152466
11.5545_151.224_0.159355
12.048_151.304_0.166244
12.5409_151.388_0.173134
12.5409_151.388_0.173134
13.0337_151.471_0.152472
13.528_151.546_0.145583
14.0228_151.617_0.138693
14.5181_151.685_0.131804
15.0136_151.752_0.138693
15.0136_151.752_0.138693
15.4983_151.799_0.00946725
15.9849_151.783_-0.119759
16.4814_151.727_-0.0990971
16.9782_151.674_-0.119759
17.473_151.608_-0.154176
17.473_151.608_-0.154176
17.9569_151.554_-0.0249494
18.4463_151.561_0.0909714
18.4463_151.561_0.0909714
18.9317_151.624_0.206892
19.4121_151.703_0.0776661
19.8986_151.72_-0.05156
20.3834_151.675_-0.180786
20.6844_151.611_-0.262403
20.6844_151.611_-0.262403
21.1489_151.465_-0.391629
21.6021_151.265_-0.467087
22.0479_151.039_-0.473976
22.0479_151.039_-0.473976
22.4902_150.835_-0.34475
22.955_150.69_-0.215524
23.4346_150.606_-0.0862978
23.921_150.585_0.0429283
24.4061_150.626_0.172154
24.4061_150.626_0.172154
24.8819_150.73_0.301381
25.3403_150.894_0.430607
25.7737_151.116_0.559833
26.1749_151.392_0.689059
26.5373_151.717_0.818285
26.5373_151.717_0.818285
26.8854_152.064_0.715768
27.2671_152.383_0.653942
27.6666_152.682_0.619525
28.0754_152.969_0.598863
28.4901_153.248_0.578202
28.4901_153.248_0.578202
28.9114_153.505_0.489176
29.3548_153.73_0.42735
29.8114_153.931_0.392933
30.2743_154.12_0.372271
30.7404_154.3_0.365382
30.7404_154.3_0.365382
31.2054_154.461_0.262865
31.688_154.58_0.201039
32.1781_154.674_0.166622
32.6714_154.753_0.14596
33.1662_154.825_0.139071
33.1662_154.825_0.139071
33.6615_154.893_0.132182
34.1573_154.958_0.125293
34.6534_155.019_0.118403
35.15_155.077_0.111514
35.6468_155.134_0.118403
35.6468_155.134_0.118403
36.1274_155.212_0.24763
36.6024_155.347_0.336655
37.0699_155.519_0.384797
37.5318_155.71_0.405459
37.9895_155.91_0.426121
37.9895_155.91_0.426121
38.424_156.13_0.555347
38.8357_156.402_0.644372
39.2269_156.709_0.706199
39.6029_157.037_0.740615
39.9693_157.377_0.761277
39.9693_157.377_0.761277
40.3073_157.727_0.890503
40.5972_158.119_1.01973
40.8695_158.522_0.890503
41.1915_158.887_0.761277
41.4394_159.11_0.672859
41.4394_159.11_0.672859
41.8326_159.397_0.543633
42.2596_159.631_0.414407
42.2596_159.631_0.414407
42.6966_159.846_0.543633
43.1023_160.115_0.672859
43.4956_160.402_0.543633
43.9225_160.636_0.414407
44.3277_160.796_0.298784
44.3277_160.796_0.298784
44.803_160.949_0.3332
45.274_161.116_0.353862
45.7416_161.292_0.374524
46.2053_161.478_0.395186
46.6663_161.671_0.402075
46.6663_161.671_0.402075
47.1091_161.88_0.517996
47.5358_162.135_0.579822
47.9482_162.415_0.627964
48.3505_162.711_0.648626
48.7466_163.015_0.669288
48.7466_163.015_0.669288
49.1409_163.301_0.540062
49.5687_163.533_0.410835
50.0229_163.709_0.281609
50.5023_163.835_0.206151
50.9919_163.931_0.171735
50.9919_163.931_0.171735
51.4827_164.022_0.206151
51.9711_164.128_0.226813
52.4571_164.243_0.247475
52.9416_164.367_0.254364
53.4252_164.494_0.261253
53.4252_164.494_0.261253
53.8957_164.637_0.36377
54.3565_164.823_0.425596
54.8087_165.035_0.460013
55.2549_165.259_0.480675
55.6976_165.492_0.487564
55.6976_165.492_0.487564
56.1415_165.718_0.439422
56.5955_165.925_0.405005
57.0561_166.119_0.384344
57.5201_166.305_0.377454
57.9852_166.488_0.370565
57.9852_166.488_0.370565
58.4497_166.673_0.391227
58.9115_166.864_0.398116
59.3719_167.059_0.405005
59.831_167.257_0.411894
60.2887_167.458_0.418784
60.2887_167.458_0.418784
60.7337_167.672_0.507809
61.1651_167.922_0.555951
61.586_168.19_0.590368
61.9992_168.471_0.61103
62.408_168.759_0.617919
62.408_168.759_0.617919
62.8165_169.024_0.488693
63.2556_169.234_0.359467
63.7183_169.386_0.23024
64.2034_169.487_0.154782
64.6969_169.556_0.10664
64.6969_169.556_0.10664
65.1861_169.623_0.195666
65.6716_169.729_0.257492
66.1527_169.862_0.291909
66.6303_170.009_0.312571
67.1047_170.166_0.333232
67.1047_170.166_0.333232
67.5576_170.344_0.462458
67.9838_170.58_0.591685
68.376_170.868_0.720911
68.7278_171.205_0.850137
69.0549_171.583_0.870799
69.0549_171.583_0.870799
69.3841_171.941_0.741572
69.7568_172.255_0.612346
70.1667_172.517_0.48312
70.607_172.725_0.353894
71.0705_172.874_0.224668
71.0705_172.874_0.224668
71.5493_172.963_0.0954418
72.0355_172.988_-0.0337843
72.521_172.951_-0.16301
73.0044_172.893_-0.0337843
73.4912_172.897_0.0954418
73.4912_172.897_0.0954418
73.9886_172.939_0.0610252
74.4875_172.966_0.0403634
74.9871_172.985_0.0334742
75.4868_173.001_0.026585
75.9866_173.013_0.0196958
75.9866_173.013_0.0196958
76.4822_173.01_-0.0557624
76.9791_172.974_-0.103905
77.4757_172.919_-0.124566
77.9717_172.856_-0.131455
78.4672_172.789_-0.138345
78.4672_172.789_-0.138345
78.9461_172.702_-0.267571
79.4098_172.553_-0.396797
79.8505_172.346_-0.526023
80.2608_172.084_-0.655249
80.634_171.771_-0.784475
80.634_171.771_-0.784475
80.9637_171.413_-0.913701
81.2477_171.014_-1.02962
81.4949_170.583_-1.09145
81.72_170.138_-1.12587
81.932_169.685_-1.14653
81.932_169.685_-1.14653
82.1134_169.233_-1.27575
82.2351_168.762_-1.40498
82.3309_168.277_-1.31595
82.4623_167.796_-1.28154
82.6038_167.316_-1.28843
82.6038_167.316_-1.28843
82.7195_166.844_-1.41765
82.7733_166.36_-1.54688
82.7643_165.873_-1.6761
82.7155_165.517_-1.77132
82.6885_165.392_-1.80533
82.6885_165.392_-1.80533
82.5956_164.914_-1.6761
82.5649_164.428_-1.54688
82.5972_163.942_-1.41765
82.6918_163.465_-1.28843
82.6918_163.465_-1.28843
82.8229_162.984_-1.33657
82.9401_162.498_-1.32968
83.0606_162.013_-1.32279
83.1822_161.528_-1.32968
83.1822_161.528_-1.32968
83.3184_161.06_-1.20045
83.5118_160.608_-1.09794
83.7472_160.17_-1.03611
84.0064_159.744_-1.00169
84.2786_159.325_-0.981032
84.2786_159.325_-0.981032
84.5663_158.932_-0.851806
84.9022_158.58_-0.722579
85.2821_158.264_-0.633554
85.6883_157.976_-0.585412
86.1074_157.705_-0.550995
86.1074_157.705_-0.550995
86.511_157.432_-0.680221
86.8763_157.11_-0.809447
87.1969_156.744_-0.938674
87.4677_156.339_-1.0679
87.6841_155.903_-1.19713
87.6841_155.903_-1.19713
87.8809_155.458_-1.0679
88.1334_155.042_-0.938674
88.4375_154.661_-0.809447
88.788_154.323_-0.680221
89.1792_154.033_-0.550995
89.1792_154.033_-0.550995
89.6044_153.796_-0.421769
90.0567_153.616_-0.292543
90.5284_153.495_-0.163317
91.0118_153.437_-0.0340907
91.4986_153.441_0.0951354
91.4986_153.441_0.0951354
91.9809_153.508_0.224362
92.4589_153.632_0.313387
92.9304_153.793_0.361529
93.3951_153.975_0.395946
93.8548_154.17_0.416607
93.8548_154.17_0.416607
94.3125_154.372_0.409718
94.7715_154.57_0.402829
95.2319_154.765_0.39594
95.6936_154.957_0.389051
96.1567_155.145_0.382161
96.1567_155.145_0.382161
96.6201_155.333_0.389051
97.0823_155.523_0.39594
97.5431_155.717_0.402829
98.0035_155.912_0.39594
98.4644_156.106_0.402829
98.4644_156.106_0.402829
98.9227_156.305_0.423491
99.3768_156.514_0.444153
99.8277_156.729_0.451042
100.277_156.948_0.457931
100.725_157.17_0.46482
100.725_157.17_0.46482
101.151_157.407_0.594046
101.542_157.696_0.723272
101.893_158.034_0.852499
102.198_158.414_0.981725
102.451_158.829_1.11095
102.451_158.829_1.11095
102.685_159.256_0.981725
102.973_159.649_0.852499
103.309_160.002_0.723272
103.687_160.308_0.594046
104.101_160.564_0.46482
104.101_160.564_0.46482
104.546_160.763_0.335594
105.016_160.912_0.246569
105.501_161.023_0.184742
105.992_161.109_0.150325
106.487_161.181_0.129664
106.487_161.181_0.129664
106.972_161.261_0.232181
107.453_161.385_0.294007
107.929_161.535_0.328424
108.401_161.7_0.349085
108.871_161.872_0.355975
108.871_161.872_0.355975
109.339_162.047_0.362864
109.806_162.226_0.369753
110.272_162.407_0.376642
110.736_162.592_0.383531
111.2_162.778_0.376642
111.2_162.778_0.376642
111.666_162.952_0.314816
112.142_163.101_0.280399
112.624_163.233_0.245982
113.109_163.352_0.225321
113.597_163.462_0.218431
113.597_163.462_0.218431
114.073_163.585_0.320948
114.541_163.752_0.382775
115.002_163.943_0.417191
115.457_164.149_0.437853
115.91_164.362_0.444742
115.91_164.362_0.444742
116.362_164.576_0.437853
116.815_164.787_0.430964
117.27_164.995_0.424075
117.726_165.199_0.417186
118.182_165.403_0.424075
118.182_165.403_0.424075
118.639_165.603_0.389658
119.103_165.79_0.368996
119.57_165.969_0.362107
120.038_166.145_0.355218
120.507_166.318_0.348329
120.507_166.318_0.348329
120.976_166.49_0.355218
121.446_166.662_0.348329
121.915_166.834_0.355218
122.384_167.007_0.348329
122.855_167.176_0.34144
122.855_167.176_0.34144
123.326_167.343_0.33455
123.799_167.506_0.327661
124.272_167.668_0.33455
124.744_167.831_0.327661
125.217_167.993_0.33455
125.217_167.993_0.33455
125.69_168.156_0.327661
126.163_168.318_0.33455
126.635_168.481_0.327661
127.108_168.643_0.33455
127.581_168.806_0.327661
127.581_168.806_0.327661
128.053_168.97_0.348323
128.524_169.133_0.300181
129.002_169.277_0.279519
129.483_169.414_0.27263
129.483_169.414_0.27263
129.955_169.561_0.361655
130.416_169.746_0.423482
130.868_169.957_0.457898
131.315_170.181_0.47856
131.758_170.412_0.485449
131.758_170.412_0.485449
132.198_170.621_0.356223
132.666_170.779_0.267198
133.149_170.903_0.219056
133.637_171.006_0.184639
134.129_171.094_0.163977
134.129_171.094_0.163977
134.605_171.194_0.293203
135.074_171.35_0.382229
135.531_171.545_0.444055
135.979_171.765_0.478472
136.421_171.998_0.499134
136.421_171.998_0.499134
136.862_172.227_0.437307
137.317_172.433_0.402891
137.778_172.626_0.382229
138.243_172.809_0.361567
138.711_172.985_0.354678
138.711_172.985_0.354678
139.177_173.163_0.389094
139.638_173.356_0.409756
140.096_173.556_0.416645
140.553_173.76_0.423535
141.008_173.966_0.430424
141.008_173.966_0.430424
141.464_174.167_0.382282
141.929_174.348_0.347865
142.4_174.515_0.327203
142.874_174.674_0.320314
143.349_174.831_0.313425
143.349_174.831_0.313425
143.825_174.984_0.306536
144.302_175.134_0.299646
144.78_175.28_0.292757
145.258_175.425_0.299646
145.736_175.572_0.292757
145.736_175.572_0.292757
146.215_175.715_0.285868
146.694_175.857_0.292757
147.173_176.003_0.299646
147.173_176.003_0.299646
