configuration 46.843963623_148.978851318_-0.536406748472_0.843959596304_156.577575684_33.1800613403_0.186652677497_0.98242596565
length 201.371
time 18.3532
roughness 8.46722e-05
46.844_148.979_-1.13235
47.0552_148.526_-1.13924
47.2633_148.071_-1.14613
47.4682_147.615_-1.15302
47.67_147.158_-1.1599
47.8687_146.699_-1.16679
47.8687_146.699_-1.16679
48.0662_146.24_-1.1599
48.2649_145.781_-1.16679
48.4625_145.322_-1.1599
48.6611_144.863_-1.16679
48.8587_144.403_-1.1599
48.8587_144.403_-1.1599
49.0574_143.945_-1.16679
49.255_143.485_-1.1599
49.4536_143.027_-1.16679
49.6512_142.567_-1.1599
49.8498_142.108_-1.16679
49.8498_142.108_-1.16679
50.053_141.654_-1.11865
50.2762_141.207_-1.08423
50.5129_140.767_-1.06357
50.7567_140.331_-1.05668
51.0036_139.896_-1.04979
51.0036_139.896_-1.04979
51.2619_139.475_-0.960769
51.5538_139.071_-0.912627
51.8636_138.68_-0.87821
52.1837_138.296_-0.871321
52.5065_137.914_-0.864432
52.5065_137.914_-0.864432
52.8065_137.531_-0.993658
53.0547_137.112_-1.12288
53.2467_136.664_-1.25211
53.3796_136.196_-1.38134
53.4509_135.714_-1.51056
53.4509_135.714_-1.51056
53.5008_135.23_-1.38134
53.6127_134.756_-1.25211
53.7847_134.301_-1.12288
54.0133_133.868_-1.00696
54.2875_133.453_-0.945137
54.2875_133.453_-0.945137
54.5557_133.047_-1.07436
54.7692_132.609_-1.20359
54.9246_132.148_-1.33282
55.0218_131.668_-1.44874
55.0675_131.176_-1.53776
55.0675_131.176_-1.53776
55.1041_130.691_-1.40854
55.2031_130.214_-1.27931
55.3627_129.754_-1.15008
55.5795_129.315_-1.03416
55.8423_128.893_-0.972336
55.8423_128.893_-0.972336
56.1084_128.477_-1.06136
56.3443_128.039_-1.1095
56.5637_127.59_-1.13017
56.7759_127.137_-1.13705
56.9849_126.683_-1.14394
56.9849_126.683_-1.14394
57.1909_126.227_-1.15083
57.3937_125.77_-1.15772
57.5954_125.313_-1.15083
57.7982_124.856_-1.15772
58_124.398_-1.15083
58_124.398_-1.15083
58.2172_123.963_-1.02161
58.4887_123.558_-0.89238
58.7779_123.167_-1.02161
59.0142_122.741_-1.15083
59.168_122.361_-1.25965
59.168_122.361_-1.25965
59.3298_121.891_-1.19783
59.517_121.428_-1.16341
59.7181_120.971_-1.14275
59.9286_120.518_-1.12209
60.1466_120.068_-1.1152
60.1466_120.068_-1.1152
60.3713_119.622_-1.08078
60.6095_119.183_-1.06012
60.8548_118.747_-1.05323
61.1032_118.313_-1.04634
61.3545_117.881_-1.03945
61.3545_117.881_-1.03945
61.5921_117.448_-1.12848
61.7981_116.995_-1.17662
61.9845_116.532_-1.21104
62.1572_116.063_-1.2317
62.3224_115.591_-1.23859
62.3224_115.591_-1.23859
62.4886_115.12_-1.21793
62.6625_114.651_-1.21104
62.8396_114.183_-1.20415
63.0199_113.717_-1.19726
63.2034_113.252_-1.19037
63.2034_113.252_-1.19037
63.3921_112.789_-1.16971
63.5904_112.331_-1.14905
63.7961_111.875_-1.14216
64.0049_111.421_-1.13527
64.2169_110.968_-1.12838
64.2169_110.968_-1.12838
64.4299_110.516_-1.13527
64.6398_110.062_-1.14216
64.8465_109.607_-1.14905
65.0522_109.151_-1.14216
65.259_108.696_-1.14905
65.259_108.696_-1.14905
65.4626_108.239_-1.15593
65.6631_107.781_-1.16282
65.8625_107.323_-1.15593
66.063_106.865_-1.16282
66.2624_106.406_-1.15593
66.2624_106.406_-1.15593
66.4396_105.953_-1.28516
66.5568_105.48_-1.41439
66.6122_104.996_-1.54361
66.6111_104.503_-1.63264
66.6016_104.016_-1.50341
66.6016_104.016_-1.50341
66.6532_103.529_-1.38749
66.7538_103.042_-1.32567
66.8805_102.559_-1.29125
67.0216_102.08_-1.27059
67.1706_101.603_-1.2637
67.1706_101.603_-1.2637
67.3322_101.134_-1.18824
67.5238_100.674_-1.15382
67.7293_100.218_-1.13316
67.9441_99.767_-1.1125
68.1664_99.3191_-1.10561
68.1664_99.3191_-1.10561
68.3874_98.871_-1.12627
68.6014_98.4192_-1.13316
68.8122_97.9658_-1.14005
69.02_97.5111_-1.14694
69.2266_97.0558_-1.14005
69.2266_97.0558_-1.14005
69.4485_96.6224_-1.01082
69.723_96.2119_-0.921799
70.0304_95.8199_-0.873657
70.3539_95.439_-0.852995
70.6836_95.0632_-0.846106
70.6836_95.0632_-0.846106
70.9906_94.6853_-0.975332
71.2464_94.271_-1.10456
71.4524_93.8244_-1.20707
71.6171_93.357_-1.28253
71.7535_92.8769_-1.31695
71.7535_92.8769_-1.31695
71.8557_92.4009_-1.44618
71.8957_91.9156_-1.5754
71.9141_91.4291_-1.44618
71.9899_90.9411_-1.35715
72.0184_90.8161_-1.32314
72.0184_90.8161_-1.32314
72.1376_90.3309_-1.34381
72.249_89.8435_-1.35069
72.357_89.3553_-1.35758
72.4617_88.8664_-1.36447
72.563_88.3768_-1.37136
72.563_88.3768_-1.37136
72.6796_87.9041_-1.24214
72.8561_87.4504_-1.11291
73.0897_87.0231_-0.983684
73.3745_86.6175_-0.908225
73.6872_86.2297_-0.860083
73.6872_86.2297_-0.860083
73.9921_85.8468_-0.976004
74.2621_85.4295_-1.03783
74.5107_84.9968_-1.07225
74.7466_84.5563_-1.09291
74.9734_84.111_-1.11357
74.9734_84.111_-1.11357
75.1909_83.6612_-1.13423
75.4012_83.2076_-1.14112
75.6085_82.7526_-1.14801
75.8125_82.2962_-1.1549
76.0156_81.8393_-1.14801
76.0156_81.8393_-1.14801
76.2049_81.3832_-1.23704
76.358_80.9103_-1.29886
76.4865_80.4281_-1.33328
76.6008_79.9417_-1.35394
76.7072_79.4532_-1.36083
76.7072_79.4532_-1.36083
76.8288_78.9817_-1.2316
77.0101_78.5298_-1.10238
77.2481_78.1051_-0.973152
77.5389_77.7146_-0.843926
77.8776_77.3648_-0.7147
77.8776_77.3648_-0.7147
78.2315_77.0304_-0.843926
78.5426_76.6524_-0.959847
78.8193_76.2396_-1.02167
79.0749_75.8109_-1.05609
79.3179_75.3743_-1.07675
79.3179_75.3743_-1.07675
79.5391_74.9328_-1.16578
79.7281_74.4718_-1.21392
79.8971_74.0022_-1.24834
80.0521_73.5272_-1.269
80.1996_73.0495_-1.27589
80.1996_73.0495_-1.27589
80.3439_72.5708_-1.28278
80.4848_72.0911_-1.28967
80.6224_71.6104_-1.29655
80.7567_71.1288_-1.30344
80.8899_70.6469_-1.29655
80.8899_70.6469_-1.29655
81.0017_70.1731_-1.42578
81.0516_69.6888_-1.55501
81.0387_69.202_-1.68423
81.0387_69.202_-1.68423
81.0041_68.7164_-1.55501
81.0324_68.2303_-1.42578
81.1181_67.744_-1.33676
81.2414_67.2613_-1.28861
81.3859_66.7835_-1.2542
81.3859_66.7835_-1.2542
81.5569_66.3277_-1.12497
81.7853_65.8977_-0.995744
82.0672_65.5007_-0.866518
82.3979_65.1433_-0.737292
82.7731_64.8222_-0.648267
82.7731_64.8222_-0.648267
83.1484_64.5121_-0.777493
83.4839_64.1557_-0.893414
83.7727_63.7637_-1.02264
84.0086_63.3377_-1.15187
84.1876_62.885_-1.28109
84.1876_62.885_-1.28109
84.3068_62.4129_-1.41032
84.3713_61.9233_-1.49934
84.3966_61.4269_-1.56117
84.3935_60.9287_-1.60931
84.3599_60.436_-1.69834
84.3599_60.436_-1.69834
84.3185_59.9509_-1.56911
84.34_59.4645_-1.43989
84.4239_58.9849_-1.31066
84.569_58.5201_-1.18143
84.7727_58.0779_-1.05221
84.7727_58.0779_-1.05221
85.0318_57.6656_-0.922981
85.3089_57.2652_-1.05221
85.532_56.8325_-1.18143
85.6976_56.3747_-1.31066
85.7292_56.2504_-1.34467
85.7292_56.2504_-1.34467
85.8487_55.7667_-1.29652
85.9852_55.2858_-1.28963
86.125_54.8057_-1.28275
86.2703_54.3276_-1.26208
86.2703_54.3276_-1.26208
86.4377_53.8705_-1.13286
86.6627_53.4387_-1.00363
86.9414_53.0395_-0.874405
87.2693_52.6795_-0.745179
87.6408_52.3648_-0.615953
87.6408_52.3648_-0.615953
88.0498_52.1006_-0.486727
88.492_51.8854_-0.38421
88.9568_51.7061_-0.336068
89.4299_51.5469_-0.301651
89.908_51.4018_-0.28099
89.908_51.4018_-0.28099
90.3811_51.2867_-0.151764
90.8727_51.224_-0.0763054
91.37_51.194_-0.0281632
91.8695_51.1834_-0.0075015
92.3692_51.1831_0.0131603
92.3692_51.1831_0.0131603
92.8553_51.2101_0.142386
93.3339_51.2996_0.271612
93.797_51.45_0.400839
94.2369_51.6588_0.530065
94.6461_51.9225_0.659291
94.6461_51.9225_0.659291
95.0433_52.2042_0.530065
95.4734_52.4323_0.400839
95.9311_52.606_0.284918
96.4108_52.7359_0.223091
96.8988_52.8407_0.188675
96.8988_52.8407_0.188675
97.3727_52.9522_0.317901
97.8284_53.1239_0.447127
98.2581_53.3528_0.576353
98.6547_53.6352_0.705579
99.0116_53.9664_0.834805
99.0116_53.9664_0.834805
99.3535_54.313_0.705579
99.7372_54.6128_0.576353
99.7372_54.6128_0.576353
100.158_54.8667_0.473836
100.605_55.0844_0.41201
101.065_55.279_0.377593
101.53_55.46_0.356931
101.999_55.6336_0.350042
101.999_55.6336_0.350042
102.463_55.7811_0.220816
102.949_55.8775_0.145358
103.444_55.9441_0.110941
103.941_55.996_0.0902794
104.439_56.0376_0.0696177
104.439_56.0376_0.0696177
104.923_56.092_0.198844
105.396_56.2084_0.32807
105.863_56.3456_0.198844
106.344_56.4214_0.0696177
106.651_56.4346_-0.0119988
106.651_56.4346_-0.0119988
107.138_56.4494_0.117227
107.618_56.5268_0.246453
108.085_56.6655_0.37568
108.53_56.8632_0.504906
108.946_57.1165_0.634132
108.946_57.1165_0.634132
109.326_57.4214_0.763358
109.663_57.7726_0.892584
109.952_58.1643_1.02181
109.952_58.1643_1.02181
110.223_58.5685_0.892584
110.545_58.9344_0.763358
110.91_59.2558_0.634132
111.314_59.5274_0.504906
111.75_59.7446_0.37568
111.75_59.7446_0.37568
112.215_59.9122_0.286654
112.694_60.0429_0.224828
113.182_60.1486_0.190411
113.673_60.2398_0.169749
114.166_60.3231_0.16286
114.166_60.3231_0.16286
114.65_60.3816_0.0336338
115.137_60.3774_-0.0955923
115.623_60.3515_0.0336338
116.108_60.3885_0.16286
116.585_60.4877_0.292086
116.585_60.4877_0.292086
117.064_60.6235_0.243944
117.55_60.7385_0.209527
118.039_60.839_0.188866
118.531_60.9295_0.168204
119.024_61.012_0.161315
119.024_61.012_0.161315
119.501_61.1105_0.290541
119.961_61.2697_0.419767
120.397_61.4868_0.548993
120.813_61.7559_0.624451
121.21_62.0547_0.686278
121.21_62.0547_0.686278
121.599_62.347_0.557052
122.023_62.5866_0.427825
122.474_62.7697_0.298599
122.945_62.8931_0.169373
123.428_62.9547_0.040147
123.428_62.9547_0.040147
123.915_62.9536_-0.0890791
124.398_62.8898_-0.218305
124.868_62.7643_-0.347531
125.319_62.5792_-0.476757
125.741_62.3377_-0.605984
125.741_62.3377_-0.605984
126.144_62.0462_-0.66781
126.532_61.7327_-0.702227
126.912_61.4073_-0.722888
127.284_61.0742_-0.74355
127.651_60.7349_-0.750439
127.651_60.7349_-0.750439
127.993_60.3881_-0.879666
128.299_59.9985_-0.955124
128.58_59.5872_-1.00327
128.846_59.164_-1.02393
129.103_58.7354_-1.04459
129.103_58.7354_-1.04459
129.329_58.3044_-1.17382
129.498_57.8478_-1.30304
129.607_57.3732_-1.43227
129.654_56.8886_-1.56149
129.638_56.402_-1.69072
129.638_56.402_-1.69072
129.6_55.9165_-1.56149
129.625_55.4303_-1.43227
129.713_54.9514_-1.30304
129.859_54.4818_-1.20052
130.048_54.0222_-1.1387
130.048_54.0222_-1.1387
130.254_53.567_-1.15936
130.451_53.1077_-1.18002
130.641_52.645_-1.18691
130.827_52.181_-1.1938
131.01_51.7157_-1.20069
131.01_51.7157_-1.20069
131.205_51.2696_-1.07146
131.456_50.8525_-0.942237
131.759_50.4711_-0.813011
132.108_50.1226_-0.723986
132.487_49.7986_-0.675844
132.487_49.7986_-0.675844
132.854_49.4782_-0.80507
133.176_49.1132_-0.934296
133.448_48.7097_-1.06352
133.673_48.272_-1.16604
133.859_47.8112_-1.22787
133.859_47.8112_-1.22787
134.011_47.3415_-1.31689
134.129_46.8573_-1.36503
134.225_46.3676_-1.39945
134.307_45.8747_-1.42011
134.378_45.3802_-1.44077
134.378_45.3802_-1.44077
134.457_44.8926_-1.35175
134.575_44.4098_-1.28992
134.719_43.9319_-1.2555
134.877_43.4579_-1.23484
135.043_42.9863_-1.22795
135.043_42.9863_-1.22795
135.226_42.5351_-1.09873
135.465_42.1112_-0.969501
135.757_41.7217_-0.840275
136.097_41.3732_-0.711049
136.481_41.065_-0.608532
136.481_41.065_-0.608532
136.868_40.77_-0.737758
137.214_40.4275_-0.866984
137.513_40.0433_-0.99621
137.76_39.6237_-1.12544
137.951_39.1759_-1.25466
137.951_39.1759_-1.25466
138.112_38.7033_-1.22025
138.287_38.2352_-1.19958
138.471_37.7708_-1.17892
138.663_37.3092_-1.17203
138.858_36.8489_-1.16514
138.858_36.8489_-1.16514
139.031_36.3938_-1.29437
139.144_35.9202_-1.4236
139.195_35.436_-1.55282
139.183_34.9492_-1.68205
139.145_34.6698_-1.75686
139.145_34.6698_-1.75686
139.075_34.1879_-1.62764
139.068_33.7011_-1.49841
139.124_33.2174_-1.36919
139.242_32.7449_-1.23996
139.419_32.2916_-1.11073
139.419_32.2916_-1.11073
139.654_31.8649_-0.981507
139.941_31.4719_-0.852281
140.277_31.1193_-0.723055
140.655_30.8129_-0.593829
141.07_30.5578_-0.464603
141.07_30.5578_-0.464603
141.364_30.3999_-0.55302
141.364_30.3999_-0.55302
141.725_30.1572_-0.668644
141.725_30.1572_-0.668644
142.094_29.8394_-0.79787
142.419_29.4768_-0.927096
142.419_29.4768_-0.927096
142.728_29.1_-0.79787
143.082_28.7662_-0.668644
143.477_28.4808_-0.539418
143.904_28.2487_-0.410192
144.359_28.0736_-0.280965
144.359_28.0736_-0.280965
144.832_27.9586_-0.151739
145.316_27.9054_-0.0225132
145.803_27.9151_0.106713
146.284_27.9874_0.235939
146.752_28.1212_0.365165
146.752_28.1212_0.365165
147.199_28.3142_0.494391
147.618_28.5632_0.623617
148.004_28.864_0.739538
148.362_29.207_0.814996
148.697_29.575_0.863139
148.697_29.575_0.863139
149.029_29.9312_0.733912
149.404_30.2417_0.604686
149.818_30.5075_0.50217
150.259_30.7377_0.440343
150.713_30.9453_0.405926
150.713_30.9453_0.405926
151.173_31.1394_0.385265
151.637_31.3262_0.378375
152.102_31.5098_0.371486
152.568_31.6903_0.364597
153.036_31.8675_0.357708
153.036_31.8675_0.357708
153.504_32.0414_0.350819
153.973_32.2143_0.357708
154.442_32.3883_0.350819
154.911_32.5612_0.357708
155.379_32.7373_0.364597
155.379_32.7373_0.364597
