configuration 46.843963623_148.978851318_-0.536406748472_0.843959596304_156.577575684_33.1800613403_0.186652677497_0.98242596565
length 201.75
time 81.2804
roughness 9.14359e-05
46.844_148.979_-1.13235
47.053_148.525_-1.15301
47.2548_148.068_-1.1599
47.4534_147.609_-1.16679
47.651_147.15_-1.1599
47.8497_146.691_-1.16679
47.8497_146.691_-1.16679
48.0452_146.231_-1.17368
48.2396_145.77_-1.16679
48.4351_145.31_-1.17368
48.6295_144.849_-1.16679
48.825_144.389_-1.17368
48.825_144.389_-1.17368
49.0214_143.93_-1.15302
49.2253_143.473_-1.14613
49.4323_143.018_-1.13924
49.6425_142.564_-1.13235
49.8558_142.112_-1.12546
49.8558_142.112_-1.12546
50.0722_141.661_-1.11857
50.2917_141.212_-1.11168
50.5143_140.765_-1.10479
50.74_140.318_-1.0979
50.9667_139.873_-1.10479
50.9667_139.873_-1.10479
51.1858_139.424_-1.13921
51.3917_138.969_-1.15987
51.5903_138.51_-1.16676
51.7858_138.05_-1.17365
51.9781_137.589_-1.18054
51.9781_137.589_-1.18054
52.1823_137.147_-1.05131
52.44_136.725_-0.962285
52.7313_136.321_-0.914143
53.039_135.928_-0.893481
53.3548_135.54_-0.872819
53.3548_135.54_-0.872819
53.6517_135.154_-1.00205
53.908_134.73_-1.0775
54.1393_134.288_-1.11192
54.3576_133.839_-1.13258
54.5687_133.385_-1.13947
54.5687_133.385_-1.13947
54.7787_132.932_-1.13258
54.9898_132.478_-1.13947
55.1999_132.025_-1.13258
55.411_131.572_-1.13947
55.6211_131.118_-1.13258
55.6211_131.118_-1.13258
55.8322_130.665_-1.13947
56.0401_130.21_-1.14636
56.245_129.754_-1.15325
56.4467_129.296_-1.16014
56.6452_128.838_-1.16703
56.6452_128.838_-1.16703
56.8427_128.378_-1.16014
57.0412_127.919_-1.16703
57.2387_127.46_-1.16014
57.4373_127.001_-1.16703
57.6347_126.542_-1.16014
57.6347_126.542_-1.16014
57.8333_126.083_-1.16703
58.0287_125.623_-1.17392
58.2209_125.161_-1.18081
58.4099_124.698_-1.1877
58.5978_124.235_-1.18081
58.5978_124.235_-1.18081
58.789_123.773_-1.17392
58.9833_123.313_-1.16703
59.1808_122.853_-1.16014
59.3793_122.394_-1.16703
59.5768_121.935_-1.16014
59.5768_121.935_-1.16014
59.7753_121.476_-1.16703
59.9728_121.017_-1.16014
60.1713_120.558_-1.16703
60.3688_120.099_-1.16014
60.5674_119.64_-1.16703
60.5674_119.64_-1.16703
60.7648_119.181_-1.16014
60.9655_118.723_-1.15325
61.1693_118.266_-1.14636
61.3741_117.81_-1.15325
61.5779_117.353_-1.14636
61.5779_117.353_-1.14636
61.7805_116.897_-1.16702
61.9759_116.437_-1.17391
62.1681_115.975_-1.1808
62.3571_115.512_-1.18769
62.5451_115.049_-1.1808
62.5451_115.049_-1.1808
62.7109_114.591_-1.31003
62.8164_114.116_-1.43925
62.9007_113.636_-1.31003
63.046_113.172_-1.1808
63.1596_112.913_-1.10599
63.1596_112.913_-1.10599
63.3592_112.469_-1.23521
63.5_112.003_-1.36444
63.5_112.003_-1.36444
63.6198_111.531_-1.23521
63.7995_111.079_-1.10599
64.036_110.653_-0.976759
64.3254_110.262_-0.847533
64.6319_109.883_-0.976759
64.6319_109.883_-0.976759
64.887_109.469_-1.10599
65.0867_109.025_-1.23521
65.2274_108.558_-1.36444
65.3068_108.078_-1.49366
65.3613_107.589_-1.39115
65.3613_107.589_-1.39115
65.3828_107.463_-1.42515
65.3828_107.463_-1.42515
65.433_106.979_-1.55438
65.4244_106.487_-1.6569
65.4244_106.487_-1.6569
65.3849_105.989_-1.63624
65.3556_105.49_-1.61557
65.3545_105.003_-1.48635
65.4125_104.515_-1.38383
65.513_104.027_-1.33569
65.513_104.027_-1.33569
65.6087_103.547_-1.45161
65.6417_103.164_-1.55363
65.6417_103.164_-1.55363
65.6422_102.665_-1.60177
65.6211_102.167_-1.63619
65.6099_101.68_-1.50696
65.6615_101.196_-1.37774
65.7751_100.722_-1.24851
65.7751_100.722_-1.24851
65.9421_100.254_-1.18668
66.1362_99.7954_-1.13854
66.3587_99.3624_-1.00932
66.6352_98.9616_-0.880089
66.961_98.5998_-0.750863
66.961_98.5998_-0.750863
67.3273_98.2595_-0.743974
67.696_97.9218_-0.737085
68.0423_97.5795_-0.866311
68.3416_97.1955_-0.995537
68.5889_96.7761_-1.12476
68.5889_96.7761_-1.12476
68.8094_96.3284_-1.09035
69.0434_95.8869_-1.06968
69.2864_95.4503_-1.04902
69.5366_95.0174_-1.04213
69.7898_94.5863_-1.03524
69.7898_94.5863_-1.03524
70.0203_94.1574_-1.16447
70.1936_93.7024_-1.2937
70.3068_93.2289_-1.42292
70.3334_93.0255_-1.47733
70.3401_92.9488_-1.49774
70.3401_92.9488_-1.49774
70.3962_92.4652_-1.36851
70.5141_91.9928_-1.23929
70.6919_91.5395_-1.11006
70.8897_91.0946_-1.23929
71.0286_90.628_-1.36851
71.0286_90.628_-1.36851
71.1465_90.1556_-1.23929
71.3143_89.6856_-1.20487
71.4983_89.2216_-1.17045
71.6631_88.8342_-1.16465
71.6732_88.8106_-1.17145
71.6732_88.8106_-1.17145
71.7676_88.5722_-1.23947
71.7676_88.5722_-1.23947
71.9063_88.1055_-1.36869
71.9862_87.6226_-1.48461
71.9862_87.6226_-1.48461
72.0412_87.1301_-1.40915
72.1292_86.6397_-1.36101
72.2388_86.1528_-1.3266
72.3629_85.6688_-1.30593
72.497_85.1874_-1.28527
72.497_85.1874_-1.28527
72.6538_84.7265_-1.15605
72.8687_84.2896_-1.02682
73.1381_83.884_-0.897594
73.4576_83.5166_-0.768368
73.8224_83.1812_-0.69291
73.8224_83.1812_-0.69291
74.2091_82.8647_-0.672248
74.601_82.5542_-0.665359
74.995_82.2465_-0.65847
75.3911_81.9415_-0.651581
75.7893_81.6392_-0.644691
75.7893_81.6392_-0.644691
76.1658_81.3303_-0.773918
76.4992_80.9756_-0.903144
76.7962_80.5789_-0.978602
77.0677_80.1611_-1.02674
77.3234_79.7318_-1.04741
77.3234_79.7318_-1.04741
77.5629_79.2963_-1.10923
77.78_78.8469_-1.14365
77.9839_78.3907_-1.16431
78.1783_77.9304_-1.18497
78.3654_77.4668_-1.19186
78.3654_77.4668_-1.19186
78.5553_77.0052_-1.15744
78.7592_76.549_-1.13678
78.9704_76.0959_-1.12989
79.1848_75.6443_-1.123
79.4023_75.1941_-1.11612
79.4023_75.1941_-1.11612
79.5974_74.748_-1.24534
79.7334_74.2805_-1.37457
79.808_73.7993_-1.50379
79.82_73.3126_-1.63302
79.7692_72.8284_-1.76225
79.7692_72.8284_-1.76225
79.6969_72.3469_-1.63302
79.6872_71.8601_-1.50379
79.7404_71.3761_-1.37457
79.8555_70.903_-1.24534
80.0305_70.4487_-1.11612
80.0305_70.4487_-1.11612
80.2256_70.0026_-1.24534
80.3616_69.5351_-1.37457
80.4362_69.0539_-1.50379
80.4482_68.5672_-1.63302
80.4385_68.3366_-1.57181
80.4385_68.3366_-1.57181
80.4586_67.8502_-1.44258
80.5343_67.3604_-1.36712
80.6429_66.8742_-1.31898
80.7727_66.3923_-1.28456
80.9171_65.9139_-1.2639
80.9171_65.9139_-1.2639
81.0837_65.4564_-1.13468
81.3079_65.0242_-1.00545
81.5853_64.6181_-0.902934
81.9011_64.2343_-0.841107
82.2391_63.8683_-0.792965
82.2391_63.8683_-0.792965
82.5658_63.5072_-0.922191
82.5658_63.5072_-0.922191
82.8603_63.1054_-0.970333
83.1181_62.6924_-1.09956
83.3206_62.2496_-1.22879
83.4643_61.7844_-1.35801
83.4643_61.7844_-1.35801
83.5872_61.3133_-1.22879
83.7698_60.8619_-1.09956
84.009_60.4379_-0.970333
84.3009_60.0482_-0.841107
84.6406_59.6993_-0.711881
84.6406_59.6993_-0.711881
85.0019_59.3656_-0.814398
85.3328_58.9968_-0.889856
85.6402_58.6047_-0.937998
85.9308_58.1989_-0.972415
86.2023_57.7826_-1.03424
86.2023_57.7826_-1.03424
86.4475_57.3503_-1.09607
86.6574_56.9055_-1.19858
86.6574_56.9055_-1.19858
86.8381_56.4393_-1.20547
87.0157_55.972_-1.21236
87.1921_55.5042_-1.20547
87.3852_55.0572_-1.07625
87.6342_54.6388_-0.947022
87.6342_54.6388_-0.947022
87.9048_54.2309_-1.06294
88.1321_53.7925_-1.15197
88.3249_53.3344_-1.21379
88.4915_52.8649_-1.26194
88.4915_52.8649_-1.26194
88.659_52.4077_-1.13271
88.8841_51.9759_-1.00348
89.1629_51.5768_-0.874258
89.4908_51.2169_-0.745032
89.8624_50.9022_-0.615806
89.8624_50.9022_-0.615806
90.2714_50.6381_-0.48658
90.711_50.4289_-0.357354
91.174_50.278_-0.228128
91.6594_50.1781_-0.152669
92.1529_50.1102_-0.104527
92.1529_50.1102_-0.104527
92.6389_50.08_0.0246988
93.1247_50.1126_0.153925
93.6022_50.2076_0.283151
94.0721_50.3594_0.372176
94.5332_50.548_0.420319
94.5332_50.548_0.420319
94.988_50.755_0.44098
95.4384_50.9714_0.461642
95.8855_51.1951_0.468531
96.3311_51.4219_0.47542
96.7751_51.6518_0.48231
96.7751_51.6518_0.48231
97.1965_51.8957_0.611536
97.5829_52.1919_0.740762
97.928_52.5354_0.869988
98.2259_52.9205_0.999214
98.3206_53.073_1.04682
98.3206_53.073_1.04682
98.5781_53.4981_0.984997
98.8601_53.9088_0.936855
99.1589_54.3093_0.916193
99.4658_54.7036_0.895532
99.7792_55.0931_0.888642
99.7792_55.0931_0.888642
100.102_55.4577_0.759416
100.469_55.7777_0.63019
100.874_56.0477_0.500964
101.311_56.2632_0.371738
101.775_56.4262_0.269221
101.775_56.4262_0.269221
102.249_56.5357_0.139995
102.734_56.5832_0.0107689
103.22_56.5678_-0.118457
103.701_56.4898_-0.247683
104.173_56.3532_-0.3502
104.173_56.3532_-0.3502
104.639_56.2029_-0.234279
105.123_56.1025_-0.145254
105.607_56.0525_-0.0160278
106.094_56.0653_0.113198
106.575_56.1408_0.242424
106.575_56.1408_0.242424
107.042_56.2776_0.371651
107.488_56.4734_0.500877
107.905_56.7251_0.630103
108.285_57.0284_0.759329
108.624_57.3783_0.888555
108.624_57.3783_0.888555
108.947_57.7429_0.759329
109.314_58.0628_0.630103
109.719_58.3327_0.500877
110.156_58.5482_0.371651
110.616_58.7057_0.242424
110.616_58.7057_0.242424
111.084_58.8425_0.371651
111.529_59.0384_0.500877
111.529_59.0384_0.500877
111.966_59.2538_0.371651
112.43_59.4168_0.269134
112.904_59.5263_0.139908
113.389_59.5737_0.0106816
113.876_59.5583_-0.118545
113.876_59.5583_-0.118545
114.361_59.5212_0.0106816
114.847_59.5471_0.139908
115.326_59.6353_0.269134
115.798_59.7806_0.358159
116.262_59.9627_0.406301
116.262_59.9627_0.406301
116.721_60.1613_0.413191
117.178_60.3631_0.42008
117.614_60.5804_0.549306
118.018_60.8519_0.678532
118.384_61.1733_0.807758
118.384_61.1733_0.807758
118.735_61.5106_0.678532
119.126_61.7999_0.549306
119.552_62.0363_0.42008
120.005_62.2158_0.290854
120.477_62.3356_0.161628
120.477_62.3356_0.161628
120.96_62.3935_0.0324014
121.447_62.3886_-0.0968247
121.929_62.3211_-0.226051
122.399_62.1919_-0.355277
122.848_62.0034_-0.484503
122.848_62.0034_-0.484503
123.268_61.7585_-0.613729
123.654_61.4615_-0.742955
123.998_61.1172_-0.872181
124.305_60.7299_-0.961207
124.583_60.3169_-1.00935
124.583_60.3169_-1.00935
124.86_59.9161_-0.880123
125.185_59.5421_-0.804665
125.536_59.1887_-0.756523
125.902_58.8483_-0.735861
126.275_58.5154_-0.715199
126.275_58.5154_-0.715199
126.653_58.1884_-0.70831
127.033_57.864_-0.701421
127.416_57.5423_-0.694531
127.799_57.2214_-0.701421
128.182_56.8997_-0.694531
128.182_56.8997_-0.694531
128.543_56.5725_-0.823758
128.858_56.2015_-0.952984
129.123_55.7931_-1.08221
129.333_55.3538_-1.21144
129.485_54.8912_-1.34066
129.485_54.8912_-1.34066
129.616_54.4223_-1.21144
129.806_53.9742_-1.08221
130.053_53.5543_-0.952984
130.351_53.1697_-0.823758
130.697_52.8147_-0.748299
130.697_52.8147_-0.748299
131.04_52.4686_-0.877525
131.335_52.0812_-1.00675
131.577_51.6591_-1.13598
131.763_51.2092_-1.2652
131.89_50.7391_-1.39443
131.89_50.7391_-1.39443
131.994_50.2608_-1.27851
132.149_49.79_-1.20305
132.334_49.3264_-1.16863
132.532_48.8679_-1.14797
132.741_48.4137_-1.12731
132.741_48.4137_-1.12731
132.968_47.9831_-0.998085
133.248_47.5761_-0.909059
133.561_47.1904_-0.847233
133.896_46.8201_-0.812816
134.242_46.4596_-0.792154
134.242_46.4596_-0.792154
134.583_46.0987_-0.853981
134.905_45.7179_-0.902123
135.212_45.3237_-0.922785
135.513_44.9244_-0.929674
135.811_44.5231_-0.936563
135.811_44.5231_-0.936563
136.082_44.119_-1.06579
136.303_43.6819_-1.18171
136.482_43.2182_-1.24354
136.637_42.7438_-1.27795
136.778_42.2644_-1.29862
136.778_42.2644_-1.29862
136.889_41.7904_-1.42784
136.938_41.3059_-1.55707
136.924_40.8192_-1.68629
136.888_40.3336_-1.55707
136.915_39.8475_-1.42784
136.915_39.8475_-1.42784
137.005_39.369_-1.29862
137.156_38.906_-1.16939
137.365_38.4662_-1.04016
137.629_38.0571_-0.910937
137.943_37.6854_-0.781711
137.943_37.6854_-0.781711
138.274_37.3281_-0.910937
138.565_36.9292_-0.999962
138.827_36.5057_-1.0481
139.072_36.0704_-1.08252
139.305_35.6284_-1.08941
139.305_35.6284_-1.08941
139.512_35.1876_-1.21864
139.666_34.7205_-1.32115
139.779_34.2365_-1.38298
139.866_33.7452_-1.4174
139.937_33.2511_-1.45181
139.937_33.2511_-1.45181
140.015_32.7705_-1.32259
140.155_32.304_-1.19336
140.353_31.8594_-1.06413
140.607_31.4441_-0.934908
140.913_31.065_-0.805682
140.913_31.065_-0.805682
141.132_30.8489_-0.724066
141.132_30.8489_-0.724066
141.283_30.7103_-0.778477
141.283_30.7103_-0.778477
141.427_30.5636_-0.832888
141.427_30.5636_-0.832888
141.478_30.5064_-0.853292
141.478_30.5064_-0.853292
141.594_30.3693_-0.900901
141.594_30.3693_-0.900901
141.808_30.0812_-0.996121
141.808_30.0812_-0.996121
141.89_29.9509_-1.03693
141.89_29.9509_-1.03693
142.155_29.5427_-0.907703
142.471_29.172_-0.778477
142.831_28.8451_-0.649251
143.231_28.5674_-0.520025
143.664_28.3436_-0.390798
143.664_28.3436_-0.390798
144.121_28.1774_-0.261572
144.597_28.0715_-0.132346
145.082_28.0278_-0.00312003
145.568_28.0469_0.126106
146.048_28.1285_0.255332
146.048_28.1285_0.255332
146.514_28.2714_0.384558
146.957_28.473_0.513784
147.37_28.73_0.643011
147.747_29.0382_0.772237
148.048_29.3539_0.88786
148.048_29.3539_0.88786
148.371_29.7182_0.758634
148.738_30.0379_0.629408
149.145_30.3138_0.526891
149.58_30.5548_0.465065
150.028_30.7711_0.416922
150.028_30.7711_0.416922
150.482_30.9492_0.287696
150.954_31.0675_0.15847
151.437_31.1238_0.029244
151.924_31.1174_-0.0999821
152.41_31.0894_0.029244
152.41_31.0894_0.029244
152.896_31.1243_0.15847
153.373_31.2214_0.287696
153.837_31.3781_0.403617
154.288_31.5841_0.479075
154.724_31.8222_0.540902
154.724_31.8222_0.540902
155.147_32.0855_0.589044
155.566_32.3505_0.513586
156.003_32.5907_0.479169
156.446_32.8222_0.486058
156.446_32.8222_0.486058
