configuration -14.0353517532_151.94859314_0.0_1.0_147.259887695_176.039077759_0.145212769539_0.989400450557
length 184.322
time 15.0166
roughness 6.83641e-05
-14.0354_151.949_-0
-13.5384_151.959_0.0618265
-13.0407_151.995_0.0962432
-12.5437_152.047_0.116905
-12.0478_152.108_0.137567
-11.5527_152.178_0.144456
-11.5527_152.178_0.144456
-11.0586_152.242_0.0963138
-10.561_152.287_0.075652
-10.0625_152.321_0.0549902
-9.5632_152.347_0.048101
-9.06376_152.37_0.0412118
-9.06376_152.37_0.0412118
-8.56927_152.403_0.11667
-8.07427_152.467_0.151087
-7.58082_152.545_0.171748
-7.08911_152.634_0.19241
-6.59859_152.731_0.199299
-6.59859_152.731_0.199299
-6.10828_152.824_0.164883
-5.61484_152.903_0.144221
-5.1199_152.973_0.137332
-4.62449_153.041_0.130443
-4.12862_153.105_0.123553
-4.12862_153.105_0.123553
-3.63698_153.151_0.0345279
-3.13999_153.158_-0.0272986
-2.64128_153.139_-0.0617153
-2.14278_153.104_-0.082377
-1.64461_153.062_-0.0892662
-1.64461_153.062_-0.0892662
-1.16193_152.998_-0.218492
-0.685708_152.875_-0.321009
-0.21738_152.709_-0.382836
0.241721_152.515_-0.430978
0.692749_152.302_-0.465394
0.692749_152.302_-0.465394
1.13672_152.102_-0.336168
1.60276_151.961_-0.206942
2.08307_151.881_-0.0777161
2.57217_151.862_0.0382047
3.06835_151.891_0.100031
3.06835_151.891_0.100031
3.55443_151.919_-0.0291949
4.04281_151.886_-0.145116
4.53123_151.802_-0.220574
5.01389_151.683_-0.2824
5.49008_151.537_-0.330543
5.49008_151.537_-0.330543
5.73439_151.459_-0.262529
5.73439_151.459_-0.262529
6.21782_151.333_-0.241867
6.69506_151.236_-0.112641
7.18718_151.195_-0.0236155
7.68698_151.182_-0.0305047
7.68698_151.182_-0.0305047
8.17992_151.153_-0.11953
8.67033_151.081_-0.194988
9.15157_151.007_-0.0657622
9.63832_150.996_0.063464
10.1225_151.047_0.19269
10.1225_151.047_0.19269
10.6134_151.137_0.158273
11.1074_151.213_0.137612
11.6028_151.278_0.11695
12.0994_151.335_0.110061
12.5965_151.389_0.103172
12.5965_151.389_0.103172
13.0939_151.439_0.0962823
13.5917_151.486_0.0893931
14.0898_151.53_0.0825039
14.5879_151.572_0.0893931
15.086_151.615_0.0825039
15.086_151.615_0.0825039
15.5818_151.664_0.130646
16.0767_151.733_0.151308
16.5702_151.812_0.17197
17.0626_151.898_0.178859
17.5543_151.988_0.185748
17.5543_151.988_0.185748
18.046_152.077_0.165086
18.5395_152.156_0.144424
19.0344_152.227_0.137535
19.5298_152.294_0.130646
20.0256_152.358_0.123757
20.0256_152.358_0.123757
20.5188_152.407_0.0482986
21.0167_152.423_0.000156497
21.5158_152.418_-0.0342601
22.015_152.397_-0.0549219
22.5142_152.368_-0.0618111
22.5142_152.368_-0.0618111
23.001_152.359_0.067415
23.4849_152.412_0.196641
23.9637_152.525_0.299158
24.4374_152.679_0.3473
24.9047_152.854_0.381717
24.9047_152.854_0.381717
25.3656_153.019_0.265796
25.8478_153.14_0.203969
26.3376_153.235_0.169553
26.8307_153.316_0.148891
27.3253_153.389_0.142002
27.3253_153.389_0.142002
27.8194_153.463_0.162664
28.3126_153.546_0.169553
28.8052_153.631_0.176442
29.2972_153.72_0.183331
29.7886_153.812_0.19022
29.7886_153.812_0.19022
30.2706_153.92_0.279246
30.7472_154.065_0.327388
31.2192_154.229_0.34805
31.6877_154.402_0.368711
32.1537_154.584_0.375601
32.1537_154.584_0.375601
32.6173_154.77_0.396262
33.0769_154.966_0.416924
33.5335_155.17_0.423813
33.9888_155.376_0.430703
34.4426_155.586_0.437592
34.4426_155.586_0.437592
34.892_155.774_0.308366
35.3617_155.902_0.17914
35.8514_155.978_0.103681
36.3484_156.024_0.0692647
36.8471_156.055_0.048603
36.8471_156.055_0.048603
37.332_156.099_0.177829
37.8071_156.205_0.307055
38.2646_156.372_0.436281
38.6298_156.559_0.545103
38.6517_156.572_0.551905
38.6517_156.572_0.551905
39.0552_156.844_0.681131
39.4201_157.167_0.810357
39.7404_157.533_0.939583
40.0108_157.938_1.06881
40.0231_157.961_1.07561
40.0231_157.961_1.07561
40.2724_158.379_0.946384
40.5735_158.762_0.817158
40.9215_159.102_0.687932
41.3104_159.395_0.558706
41.7338_159.636_0.42948
41.7338_159.636_0.42948
42.1899_159.838_0.395063
42.6524_160.027_0.374402
43.119_160.205_0.339985
43.5912_160.368_0.319323
44.0662_160.524_0.312434
44.0662_160.524_0.312434
44.5228_160.693_0.44166
44.9538_160.92_0.570886
45.3519_161.2_0.700112
45.7106_161.529_0.829338
46.0544_161.874_0.700112
46.0544_161.874_0.700112
46.4397_162.171_0.570886
46.8602_162.417_0.44166
47.3126_162.615_0.352635
47.7829_162.779_0.304493
48.2607_162.923_0.270076
48.2607_162.923_0.270076
48.7432_163.053_0.249414
49.2279_163.176_0.242525
49.7135_163.295_0.235636
50.2_163.41_0.228746
50.6866_163.525_0.235636
50.6866_163.525_0.235636
51.1655_163.653_0.311094
51.6373_163.813_0.359236
52.1038_163.991_0.379898
52.5666_164.18_0.40056
53.0265_164.376_0.407449
53.0265_164.376_0.407449
53.465_164.588_0.536675
53.8725_164.854_0.665901
54.2456_165.171_0.781822
54.4628_165.395_0.838048
54.4628_165.395_0.838048
54.8036_165.743_0.708822
55.1863_166.044_0.579596
55.6046_166.293_0.45037
56.0515_166.486_0.321144
56.5196_166.62_0.191918
56.5196_166.62_0.191918
57.0014_166.728_0.280943
57.4778_166.874_0.329085
57.9482_167.041_0.363502
58.414_167.222_0.384164
58.8771_167.41_0.391053
58.8771_167.41_0.391053
59.3326_167.609_0.452879
59.7789_167.833_0.487296
60.2187_168.07_0.507958
60.6536_168.316_0.52862
61.0848_168.569_0.535509
61.0848_168.569_0.535509
61.5137_168.799_0.406283
61.9687_168.972_0.277057
62.4474_169.094_0.188031
62.9383_169.179_0.139889
63.4336_169.245_0.119227
63.4336_169.245_0.119227
63.9293_169.308_0.139889
64.4081_169.396_0.269115
64.8715_169.545_0.398341
65.3119_169.753_0.527567
65.3119_169.753_0.527567
65.7419_170.008_0.548229
66.1678_170.244_0.419003
66.6254_170.434_0.343545
67.097_170.599_0.322883
67.097_170.599_0.322883
67.5684_170.739_0.220366
68.0528_170.856_0.268508
68.5345_170.989_0.275398
69.0163_171.122_0.254736
69.0163_171.122_0.254736
69.4819_171.265_0.383962
69.9252_171.466_0.513188
70.3388_171.723_0.642414
70.3388_171.723_0.642414
70.7424_172.015_0.594272
71.1591_172.289_0.559855
71.577_172.561_0.607998
71.9851_172.849_0.628659
72.3913_173.14_0.607998
72.3913_173.14_0.607998
72.8024_173.401_0.478771
73.2436_173.607_0.349545
73.7077_173.754_0.220319
74.191_173.845_0.117802
74.6857_173.893_0.0559759
74.6857_173.893_0.0559759
75.1725_173.9_-0.0732502
75.6562_173.844_-0.202476
76.1285_173.726_-0.331702
76.5818_173.548_-0.460929
77.0083_173.313_-0.590155
77.0083_173.313_-0.590155
77.401_173.025_-0.719381
77.7533_172.689_-0.848607
78.0593_172.31_-0.977833
78.3141_171.896_-1.10706
78.5132_171.451_-1.23629
78.5132_171.451_-1.23629
78.6534_170.985_-1.36551
78.7324_170.505_-1.49474
78.7899_170.021_-1.36551
78.9093_169.549_-1.23629
79.0678_169.143_-1.12066
79.0678_169.143_-1.12066
79.2975_168.711_-1.00474
79.5736_168.299_-0.929283
79.8781_167.905_-0.881141
80.2001_167.524_-0.846724
80.5336_167.152_-0.826062
80.5336_167.152_-0.826062
80.8789_166.805_-0.710142
81.2623_166.488_-0.648315
81.6642_166.194_-0.600173
82.0785_165.915_-0.579511
82.4975_165.642_-0.572622
82.4975_165.642_-0.572622
82.8951_165.361_-0.701848
83.2533_165.031_-0.831074
83.566_164.658_-0.9603
83.8279_164.247_-1.08953
84.0348_163.807_-1.21875
84.0348_163.807_-1.21875
84.2187_163.348_-1.12973
84.4401_162.903_-1.0679
84.6856_162.469_-1.03348
84.9443_162.041_-1.01282
85.2118_161.619_-0.99216
85.2118_161.619_-0.99216
85.3472_161.402_-1.06017
85.3472_161.402_-1.06017
85.5669_160.967_-1.1894
85.7288_160.508_-1.31863
85.8302_160.032_-1.44785
85.8597_159.725_-1.52947
85.8607_159.7_-1.53627
85.8607_159.7_-1.53627
85.8982_159.214_-1.40704
85.9978_158.738_-1.27782
86.1581_158.278_-1.14859
86.3762_157.843_-1.01937
86.6486_157.439_-0.89014
86.6486_157.439_-0.89014
86.9708_157.074_-0.760914
87.3373_156.754_-0.631688
87.7421_156.483_-0.502461
87.7421_156.483_-0.502461
88.1585_156.231_-0.631688
88.5389_155.927_-0.760914
88.8769_155.576_-0.89014
89.167_155.185_-1.01937
89.4043_154.76_-1.14859
89.4043_154.76_-1.14859
89.6225_154.325_-1.01937
89.8949_153.921_-0.89014
90.2171_153.556_-0.760914
90.5836_153.236_-0.631688
90.9884_152.965_-0.502461
90.9884_152.965_-0.502461
91.4246_152.749_-0.373235
91.8851_152.591_-0.244009
92.3621_152.493_-0.114783
92.8477_152.458_0.014443
93.3339_152.486_0.143669
93.3339_152.486_0.143669
93.8153_152.574_0.25959
94.2909_152.713_0.335048
94.7603_152.883_0.369465
95.225_153.067_0.390126
95.687_153.258_0.397016
95.687_153.258_0.397016
96.1476_153.452_0.403905
96.6069_153.65_0.410794
97.0648_153.85_0.417683
97.5223_154.052_0.410794
97.9802_154.253_0.417683
97.9802_154.253_0.417683
98.434_154.461_0.4521
98.882_154.682_0.472762
99.3266_154.911_0.479651
99.7696_155.142_0.48654
100.211_155.377_0.493429
100.211_155.377_0.493429
100.653_155.606_0.445287
101.106_155.818_0.424625
101.563_156.021_0.403964
102.023_156.216_0.397074
102.484_156.409_0.390185
102.484_156.409_0.390185
102.946_156.6_0.397074
103.407_156.794_0.403964
103.866_156.992_0.410853
104.324_157.193_0.417742
104.781_157.394_0.410853
104.781_157.394_0.410853
105.239_157.595_0.417742
105.697_157.797_0.410853
106.155_157.998_0.417742
106.612_158.199_0.410853
107.07_158.4_0.417742
107.07_158.4_0.417742
107.525_158.606_0.438404
107.976_158.821_0.459066
108.424_159.044_0.465955
108.87_159.269_0.472844
109.315_159.498_0.479733
109.315_159.498_0.479733
109.76_159.723_0.445317
110.212_159.935_0.424655
110.668_160.14_0.417766
111.126_160.342_0.410876
111.585_160.541_0.403987
111.585_160.541_0.403987
112.024_160.751_0.533213
112.432_161.016_0.662439
112.803_161.332_0.791666
113.13_161.692_0.920892
113.408_162.092_1.05012
113.408_162.092_1.05012
113.668_162.504_0.920892
113.979_162.878_0.791666
114.335_163.21_0.662439
114.733_163.499_0.559923
115.16_163.755_0.498096
115.16_163.755_0.498096
115.599_163.975_0.395579
116.061_164.154_0.320121
116.537_164.303_0.271979
117.019_164.434_0.251317
117.504_164.555_0.230656
117.504_164.555_0.230656
117.985_164.679_0.292482
118.461_164.828_0.326899
118.933_164.992_0.347561
119.403_165.163_0.35445
119.872_165.338_0.361339
119.872_165.338_0.361339
120.339_165.516_0.368228
120.805_165.697_0.375117
121.271_165.879_0.368228
121.737_166.06_0.375117
122.202_166.242_0.368228
122.202_166.242_0.368228
122.668_166.423_0.375117
123.134_166.605_0.368228
123.6_166.786_0.375117
124.066_166.968_0.368228
124.532_167.149_0.375117
124.532_167.149_0.375117
124.997_167.331_0.368228
125.463_167.512_0.375117
125.929_167.695_0.368228
126.395_167.876_0.375117
126.86_168.058_0.368228
126.86_168.058_0.368228
127.327_168.239_0.375117
127.792_168.421_0.368228
128.258_168.602_0.375117
128.724_168.784_0.368228
129.19_168.965_0.375117
129.19_168.965_0.375117
129.655_169.135_0.299659
130.134_169.277_0.265243
130.617_169.405_0.244581
131.103_169.522_0.223919
131.59_169.632_0.21703
131.59_169.632_0.21703
132.073_169.749_0.278856
132.552_169.892_0.313273
133.026_170.049_0.333935
133.497_170.216_0.354597
133.965_170.391_0.361486
133.965_170.391_0.361486
134.431_170.571_0.382147
134.895_170.758_0.389037
135.357_170.949_0.395926
135.818_171.143_0.402815
136.277_171.34_0.409704
136.277_171.34_0.409704
136.737_171.536_0.389043
137.2_171.724_0.382153
137.664_171.91_0.375264
138.129_172.094_0.382153
138.593_172.279_0.375264
138.593_172.279_0.375264
139.057_172.466_0.395926
139.518_172.66_0.402815
139.977_172.857_0.409704
140.436_173.057_0.416594
140.893_173.258_0.409704
140.893_173.258_0.409704
141.343_173.467_0.485162
141.783_173.675_0.355936
142.246_173.826_0.22671
142.724_173.915_0.0974841
142.776_173.92_0.0838814
142.776_173.92_0.0838814
143.259_173.981_0.213108
143.733_174.103_0.329028
144.197_174.274_0.404486
144.652_174.478_0.452629
145.099_174.701_0.487045
145.099_174.701_0.487045
145.537_174.94_0.521462
145.968_175.192_0.542124
146.399_175.434_0.453098
146.85_175.645_0.404956
147.307_175.847_0.439373
147.307_175.847_0.439373
