configuration 133.385482788_115.927223206_-0.986328190641_0.164792901387_34.5528411865_13.6445770264_-0.541385985877_0.840774175564
length 178.608
time 7.38487
roughness 7.64915e-05
133.385_115.927_-2.8105
132.917_115.758_-2.76235
132.454_115.57_-2.74169
131.993_115.378_-2.76235
131.528_115.194_-2.76924
131.062_115.011_-2.76235
131.062_115.011_-2.76235
130.612_114.814_-2.65984
130.174_114.576_-2.6117
129.745_114.32_-2.59103
129.745_114.32_-2.59103
129.316_114.067_-2.63918
128.88_113.85_-2.7684
128.419_113.692_-2.89763
127.935_113.582_-2.95945
127.935_113.582_-2.95945
127.46_113.474_-2.83023
127.003_113.305_-2.701
126.572_113.079_-2.57178
126.38_112.951_-2.51056
126.36_112.935_-2.50376
126.36_112.935_-2.50376
125.972_112.63_-2.41474
125.605_112.293_-2.3666
125.25_111.941_-2.34593
124.901_111.583_-2.33904
124.555_111.222_-2.33215
124.555_111.222_-2.33215
124.209_110.861_-2.33904
123.861_110.503_-2.34593
123.51_110.146_-2.35282
123.157_109.792_-2.35971
122.803_109.439_-2.35282
122.803_109.439_-2.35282
122.445_109.109_-2.48205
122.048_108.827_-2.61127
121.616_108.593_-2.71379
121.159_108.396_-2.77562
120.691_108.223_-2.81003
120.691_108.223_-2.81003
120.38_108.105_-2.72162
120.38_108.105_-2.72162
119.925_107.898_-2.70096
119.474_107.682_-2.68029
119.027_107.458_-2.6734
118.581_107.232_-2.66651
118.136_107.004_-2.6734
118.136_107.004_-2.6734
117.693_106.803_-2.80263
117.227_106.661_-2.93186
116.747_106.579_-3.06108
116.568_106.568_-3.10869
116.542_106.567_-3.11549
116.542_106.567_-3.11549
116.057_106.534_-2.98627
115.579_106.438_-2.85704
115.118_106.282_-2.72782
114.681_106.067_-2.59859
114.275_105.798_-2.46936
114.275_105.798_-2.46936
113.882_105.511_-2.59859
113.455_105.278_-2.72782
113.001_105.101_-2.85704
112.524_104.979_-2.95956
112.035_104.902_-3.03502
112.035_104.902_-3.03502
111.553_104.829_-2.90579
111.085_104.696_-2.77656
110.638_104.503_-2.64734
110.22_104.254_-2.51811
109.834_103.953_-2.40219
109.834_103.953_-2.40219
109.488_103.61_-2.27296
109.19_103.225_-2.14374
108.943_102.805_-2.01451
108.753_102.357_-1.88529
108.622_101.888_-1.75606
108.622_101.888_-1.75606
108.531_101.396_-1.74917
108.444_100.904_-1.74228
108.357_100.412_-1.74917
108.27_99.9196_-1.74228
108.183_99.4271_-1.74917
108.183_99.4271_-1.74917
108.117_98.9447_-1.61994
108.114_98.4579_-1.49072
108.173_97.9746_-1.36149
108.295_97.5031_-1.23227
108.471_97.0399_-1.15681
108.471_97.0399_-1.15681
108.679_96.587_-1.10867
108.906_96.1429_-1.07425
109.147_95.7052_-1.05359
109.395_95.2712_-1.0467
109.647_94.8389_-1.03981
109.647_94.8389_-1.03981
109.911_94.4299_-0.910583
110.225_94.0583_-0.781357
110.585_93.7304_-0.652131
110.984_93.4516_-0.522905
111.416_93.2265_-0.393679
111.416_93.2265_-0.393679
111.858_93.0209_-0.522905
112.269_92.76_-0.652131
112.643_92.4484_-0.781357
112.974_92.0912_-0.910583
113.256_91.6943_-1.03981
113.256_91.6943_-1.03981
113.484_91.2644_-1.16904
113.664_90.8044_-1.25806
113.807_90.3284_-1.31989
113.925_89.8436_-1.3543
114.029_89.3548_-1.37497
114.029_89.3548_-1.37497
114.14_88.8735_-1.28594
114.287_88.3977_-1.2378
114.456_87.9279_-1.20338
114.639_87.4628_-1.18272
114.831_87.0016_-1.16206
114.831_87.0016_-1.16206
115.019_86.5416_-1.22388
115.183_86.0703_-1.2583
115.334_85.5938_-1.27896
115.474_85.1143_-1.29962
115.607_84.6323_-1.30651
115.607_84.6323_-1.30651
115.714_84.1573_-1.43574
115.759_83.6725_-1.56497
115.741_83.1859_-1.69419
115.661_82.7057_-1.82342
115.519_82.2399_-1.95264
115.519_82.2399_-1.95264
115.357_81.7808_-1.82342
115.256_81.3046_-1.69419
115.216_80.8193_-1.56497
115.24_80.333_-1.43574
115.321_79.8458_-1.34671
115.321_79.8458_-1.34671
115.443_79.3655_-1.27126
115.597_78.8919_-1.22311
115.771_78.4233_-1.20245
115.954_77.9584_-1.18179
116.145_77.4962_-1.1749
116.145_77.4962_-1.1749
116.351_77.0554_-1.04568
116.613_76.6448_-0.91645
116.925_76.2714_-0.787223
117.283_75.9414_-0.657997
117.532_75.7598_-0.576381
117.532_75.7598_-0.576381
117.935_75.478_-0.678898
118.313_75.1572_-0.754356
118.67_74.8103_-0.802498
119.013_74.4475_-0.836915
119.341_74.0722_-0.885057
119.341_74.0722_-0.885057
119.633_73.6826_-1.01428
119.872_73.2587_-1.14351
120.055_72.8074_-1.27274
120.178_72.3364_-1.40196
120.28_71.8603_-1.27274
120.28_71.8603_-1.27274
120.414_71.3831_-1.34819
120.513_70.8961_-1.41002
120.571_70.4127_-1.53925
120.576_69.9157_-1.60107
120.556_69.417_-1.63549
120.556_69.417_-1.63549
120.545_68.9302_-1.50626
120.589_68.4968_-1.39064
120.624_68.3208_-1.34303
120.642_68.2459_-1.32263
120.648_68.2211_-1.31582
120.648_68.2211_-1.31582
120.751_67.7452_-1.44505
120.792_67.26_-1.57428
120.769_66.7736_-1.7035
120.685_66.2941_-1.83273
120.539_65.8296_-1.96196
120.539_65.8296_-1.96196
120.334_65.3878_-2.09118
120.074_64.976_-2.22041
119.764_64.6011_-2.34963
119.407_64.2693_-2.47886
119.01_63.9831_-2.59478
119.01_63.9831_-2.59478
118.581_63.7309_-2.64292
118.14_63.495_-2.66358
117.695_63.2682_-2.68425
117.245_63.0506_-2.70491
116.813_62.8262_-2.57568
116.813_62.8262_-2.57568
116.388_62.5684_-2.63751
115.948_62.3323_-2.67192
115.501_62.1092_-2.69259
115.05_61.8933_-2.69948
114.598_61.6804_-2.70636
114.598_61.6804_-2.70636
114.143_61.4728_-2.72703
113.685_61.2725_-2.73392
113.226_61.0753_-2.74081
112.766_60.8792_-2.73392
112.307_60.6821_-2.74081
112.307_60.6821_-2.74081
111.848_60.484_-2.72014
111.392_60.2784_-2.71325
110.938_60.0697_-2.70636
110.484_59.8599_-2.71325
110.03_59.6512_-2.70636
110.03_59.6512_-2.70636
109.575_59.446_-2.74078
109.113_59.2542_-2.76144
108.649_59.0698_-2.76833
108.183_58.8885_-2.77522
107.715_58.7105_-2.78211
107.715_58.7105_-2.78211
107.246_58.5379_-2.80277
106.774_58.3751_-2.82343
106.299_58.2198_-2.83032
105.823_58.0678_-2.83721
105.345_57.919_-2.8441
105.345_57.919_-2.8441
104.878_57.7604_-2.75508
104.419_57.5653_-2.70693
103.969_57.3499_-2.67252
103.524_57.1229_-2.66563
103.08_56.8928_-2.65874
103.08_56.8928_-2.65874
102.64_56.656_-2.62432
102.208_56.4059_-2.60366
101.779_56.1488_-2.59677
101.352_55.8887_-2.58988
100.927_55.6257_-2.58299
100.927_55.6257_-2.58299
100.5_55.3709_-2.64482
100.059_55.1381_-2.67924
99.6098_54.9183_-2.6999
99.1566_54.7078_-2.72056
98.6999_54.5046_-2.72745
98.6999_54.5046_-2.72745
98.2421_54.3192_-2.81647
97.7679_54.1702_-2.8783
97.2846_54.0458_-2.91272
96.7972_53.9358_-2.93338
96.3078_53.8336_-2.94027
96.3078_53.8336_-2.94027
95.8295_53.719_-2.83775
95.3584_53.5606_-2.77593
94.8944_53.3768_-2.74151
94.4355_53.179_-2.72085
93.9809_52.9718_-2.70019
93.9809_52.9718_-2.70019
93.5382_52.7489_-2.62473
93.1091_52.4958_-2.57659
92.6889_52.2254_-2.55592
92.2745_51.9463_-2.53526
91.8643_51.6605_-2.52837
91.8643_51.6605_-2.52837
91.452_51.3855_-2.60383
91.0201_51.1372_-2.65197
90.5775_50.9053_-2.67263
90.1302_50.6825_-2.6933
89.6792_50.4668_-2.70019
89.6792_50.4668_-2.70019
89.2266_50.2543_-2.70707
88.7726_50.0449_-2.71396
88.3172_49.8386_-2.72085
87.8613_49.6333_-2.71396
87.4059_49.427_-2.72085
87.4059_49.427_-2.72085
86.9491_49.2239_-2.72774
86.4909_49.0239_-2.73463
86.0322_48.8249_-2.72774
85.574_48.6249_-2.73463
85.1153_48.4259_-2.72774
85.1153_48.4259_-2.72774
84.658_48.2238_-2.72085
84.2021_48.0186_-2.71396
83.7477_47.8102_-2.70707
83.2937_47.6008_-2.71396
82.8392_47.3924_-2.70707
82.8392_47.3924_-2.70707
82.395_47.1726_-2.63162
81.9642_46.9225_-2.58347
81.5422_46.6549_-2.56281
81.1258_46.3787_-2.54215
80.7136_46.0957_-2.53526
80.7136_46.0957_-2.53526
80.2994_45.8209_-2.59709
79.8696_45.5673_-2.6315
79.4319_45.3263_-2.65217
78.9901_45.0923_-2.65906
78.5467_44.8613_-2.66594
78.5467_44.8613_-2.66594
78.1002_44.6429_-2.72777
77.641_44.4474_-2.76219
77.1756_44.2656_-2.78285
76.7065_44.0934_-2.80351
76.2345_43.9286_-2.8104
76.2345_43.9286_-2.8104
75.763_43.7819_-2.89943
75.2781_43.6726_-2.96125
74.7861_43.5887_-2.99567
74.2915_43.5218_-3.03009
73.7946_43.4696_-3.05075
73.7946_43.4696_-3.05075
73.312_43.4049_-2.92152
72.8418_43.2786_-2.7923
72.3918_43.0927_-2.66307
71.9577_42.8536_-2.58761
71.5383_42.5848_-2.53947
71.5383_42.5848_-2.53947
71.1229_42.3117_-2.6013
70.692_42.0599_-2.63571
70.2533_41.8208_-2.65637
69.8105_41.5886_-2.66326
69.3661_41.3595_-2.67015
69.3661_41.3595_-2.67015
68.9202_41.1335_-2.67704
68.4727_40.9105_-2.68393
68.0247_40.6886_-2.67704
67.5772_40.4656_-2.68393
67.1292_40.2437_-2.67704
67.1292_40.2437_-2.67704
66.6972_40.0086_-2.57452
66.2813_39.7343_-2.52638
65.8771_39.4416_-2.49197
65.4813_39.1366_-2.4713
65.0902_38.8251_-2.46442
65.0902_38.8251_-2.46442
64.7013_38.5109_-2.45753
64.3145_38.1941_-2.45064
63.9285_37.8764_-2.45753
63.5418_37.5595_-2.45064
63.1557_37.2418_-2.45753
63.1557_37.2418_-2.45753
62.7657_36.9504_-2.58675
62.3381_36.6999_-2.66221
61.8926_36.4748_-2.69663
61.4401_36.2629_-2.71729
60.9834_36.0603_-2.73795
60.9834_36.0603_-2.73795
60.5225_35.8672_-2.75861
60.0583_35.6815_-2.7655
59.5929_35.4989_-2.77239
59.1262_35.3195_-2.77928
58.6583_35.1434_-2.78617
58.6583_35.1434_-2.78617
58.1911_34.9663_-2.76551
57.7276_34.7796_-2.74485
57.2669_34.5853_-2.73796
56.8076_34.3879_-2.73107
56.3496_34.1873_-2.72418
56.3496_34.1873_-2.72418
55.8966_34.009_-2.8534
55.4243_33.8905_-2.98263
54.9407_33.8339_-3.11186
54.4539_33.84_-3.24108
53.9641_33.9035_-3.33011
53.9641_33.9035_-3.33011
53.4824_33.9744_-3.20088
52.9956_33.9827_-3.07166
52.5118_33.9281_-2.94243
52.039_33.8116_-2.8132
51.5852_33.6352_-2.68398
51.5852_33.6352_-2.68398
51.1397_33.4388_-2.8132
50.6726_33.3014_-2.94243
50.1999_33.185_-2.8132
49.7461_33.0085_-2.68398
49.4515_32.8527_-2.59556
49.4515_32.8527_-2.59556
49.0465_32.5824_-2.46633
48.6983_32.2799_-2.34391
48.6983_32.2799_-2.34391
48.3733_31.9173_-2.21468
48.3733_31.9173_-2.21468
48.0648_31.5406_-2.34391
47.7103_31.2068_-2.47313
47.3158_30.9215_-2.60236
46.9089_30.6541_-2.47313
46.7113_30.4907_-2.40512
46.7113_30.4907_-2.40512
46.3371_30.1792_-2.53435
45.9247_29.9155_-2.65027
45.4821_29.6927_-2.72573
45.0232_29.4963_-2.76014
44.5582_29.3135_-2.7808
44.5582_29.3135_-2.7808
44.0933_29.132_-2.74639
43.6335_28.9364_-2.72573
43.1766_28.7334_-2.71884
42.7211_28.5272_-2.71195
42.2671_28.3179_-2.70506
42.2671_28.3179_-2.70506
41.8175_28.1309_-2.83428
41.4722_28.0331_-2.9295
41.3214_28.0028_-2.97031
41.2708_27.9942_-2.98391
41.2455_27.9903_-2.99072
41.2455_27.9903_-2.99072
40.7677_27.8967_-2.86149
40.2999_27.7449_-2.75897
39.8427_27.5499_-2.69715
39.3946_27.3301_-2.66273
38.9527_27.0969_-2.64207
38.9527_27.0969_-2.64207
38.5158_26.8545_-2.62141
38.0825_26.605_-2.61452
37.651_26.3525_-2.60763
37.2212_26.0971_-2.60074
36.7932_25.8387_-2.59385
36.7932_25.8387_-2.59385
36.3659_25.5999_-2.70977
35.9108_25.4038_-2.78523
35.4415_25.24_-2.84706
34.9623_25.1006_-2.88147
34.4785_24.9754_-2.90213
34.4785_24.9754_-2.90213
34.0109_24.84_-2.77291
33.5645_24.6454_-2.64368
33.147_24.395_-2.51446
32.7652_24.0928_-2.38523
32.4256_23.744_-2.256
32.4256_23.744_-2.256
32.1337_23.3543_-2.12678
31.8945_22.9302_-1.99755
31.7119_22.4788_-1.86832
31.589_22.0077_-1.7391
31.5279_21.5247_-1.60987
31.5279_21.5247_-1.60987
31.5295_21.0378_-1.48065
31.5939_20.5551_-1.35142
31.7155_20.0765_-1.26239
31.8743_19.6043_-1.21425
32.0538_19.1386_-1.17984
32.0538_19.1386_-1.17984
32.2565_18.6905_-1.07732
32.5009_18.2577_-1.01549
32.7703_17.8386_-0.96735
33.0582_17.431_-0.932934
33.3612_17.0355_-0.884792
33.3612_17.0355_-0.884792
33.6534_16.6461_-1.01402
33.893_16.2222_-1.14324
34.0759_15.771_-1.27247
34.1992_15.2999_-1.4017
34.2607_14.8169_-1.53092
34.2607_14.8169_-1.53092
