configuration 46.843963623_148.978851318_-0.536406748472_0.843959596304_156.577575684_33.1800613403_0.186652677497_0.98242596565
length 202.564
time 11.3874
roughness 6.57968e-05
46.844_148.979_-1.13235
47.053_148.525_-1.15301
47.2548_148.068_-1.1599
47.4534_147.609_-1.16679
47.6489_147.149_-1.17368
47.8412_146.687_-1.18057
47.8412_146.687_-1.18057
48.0453_146.245_-1.05134
48.303_145.824_-0.962314
48.5943_145.42_-0.914172
48.902_145.026_-0.893511
49.2179_144.639_-0.872849
49.2179_144.639_-0.872849
49.5147_144.253_-1.00207
49.771_143.829_-1.07753
50.0023_143.386_-1.11195
50.2205_142.937_-1.13261
50.4294_142.483_-1.15327
50.4294_142.483_-1.15327
50.6416_142.035_-1.07782
50.8828_141.598_-1.0434
51.1373_141.168_-1.02274
51.4006_140.744_-1.00207
51.6708_140.323_-0.995186
51.6708_140.323_-0.995186
51.9301_139.901_-1.07064
52.162_139.46_-1.11879
52.3771_139.009_-1.13945
52.5829_138.553_-1.16011
52.7814_138.094_-1.167
52.7814_138.094_-1.167
52.9768_137.634_-1.17389
53.169_137.173_-1.18078
53.3581_136.71_-1.18767
53.546_136.247_-1.18078
53.735_135.784_-1.18767
53.735_135.784_-1.18767
53.923_135.32_-1.18078
54.1142_134.858_-1.17389
54.3085_134.398_-1.167
54.506_133.938_-1.16011
54.7045_133.48_-1.167
54.7045_133.48_-1.167
54.8999_133.019_-1.17389
55.0921_132.558_-1.18078
55.2812_132.095_-1.18767
55.467_131.631_-1.19456
55.6518_131.166_-1.18767
55.6518_131.166_-1.18767
55.8376_130.702_-1.19456
56.0224_130.238_-1.18767
56.2082_129.773_-1.19456
56.393_129.309_-1.18767
56.5788_128.845_-1.19456
56.5788_128.845_-1.19456
56.7636_128.38_-1.18767
56.9515_127.917_-1.18078
57.1427_127.455_-1.17389
57.337_126.994_-1.167
57.5324_126.534_-1.17389
57.5324_126.534_-1.17389
57.7224_126.072_-1.19455
57.905_125.606_-1.20144
58.0844_125.14_-1.20833
58.2606_124.672_-1.21522
58.4358_124.204_-1.20833
58.4358_124.204_-1.20833
58.589_123.741_-1.33755
58.6813_123.263_-1.46678
58.7113_122.777_-1.59601
58.7113_122.777_-1.59601
58.6784_122.292_-1.72523
58.5832_121.814_-1.85446
58.4272_121.353_-1.98368
58.4272_121.353_-1.98368
58.251_120.899_-1.85446
58.1346_120.426_-1.72523
58.0802_119.942_-1.59601
58.0885_119.456_-1.46678
58.1596_118.974_-1.33755
58.1596_118.974_-1.33755
58.2921_118.505_-1.20833
58.4839_118.058_-1.0791
58.7317_117.639_-0.949876
59.0312_117.249_-0.847359
59.3678_116.883_-0.785533
59.3678_116.883_-0.785533
59.7247_116.534_-0.751116
60.0922_116.196_-0.730454
60.4654_115.863_-0.723565
60.8409_115.533_-0.716676
61.2186_115.205_-0.709787
61.2186_115.205_-0.709787
61.5741_114.873_-0.839013
61.8838_114.497_-0.968239
62.1516_114.082_-1.05726
62.3894_113.644_-1.10541
62.6082_113.196_-1.13982
62.6082_113.196_-1.13982
62.8065_112.74_-1.20165
62.9788_112.272_-1.24979
63.1332_111.797_-1.27045
63.28_111.319_-1.27734
63.4236_110.84_-1.28423
63.4236_110.84_-1.28423
63.5809_110.38_-1.15501
63.7962_109.943_-1.02578
64.0661_109.538_-0.896554
64.3856_109.161_-0.807528
64.7365_108.809_-0.745702
64.7365_108.809_-0.745702
65.0798_108.464_-0.874928
65.3758_108.077_-1.00415
65.6313_107.653_-1.07961
65.8617_107.21_-1.11403
66.079_106.76_-1.13469
66.079_106.76_-1.13469
66.2869_106.306_-1.15535
66.4876_105.848_-1.16224
66.6852_105.388_-1.16913
66.8796_104.928_-1.17602
67.073_104.467_-1.16913
67.073_104.467_-1.16913
67.2674_104.006_-1.17602
67.4586_103.544_-1.18291
67.6466_103.081_-1.1898
67.8315_102.616_-1.19669
68.0153_102.151_-1.1898
68.0153_102.151_-1.1898
68.2022_101.688_-1.18291
68.3924_101.225_-1.17602
68.5857_100.764_-1.16913
68.7801_100.304_-1.17602
68.9735_99.8426_-1.16913
68.9735_99.8426_-1.16913
69.1633_99.381_-1.20355
69.3395_98.9135_-1.22421
69.5083_98.4428_-1.2311
69.6738_97.9711_-1.23799
69.836_97.4982_-1.24488
69.836_97.4982_-1.24488
70.0012_97.0272_-1.21046
70.1806_96.5609_-1.1898
70.3676_96.0972_-1.18291
70.5578_95.6348_-1.17602
70.7511_95.1737_-1.16913
70.7511_95.1737_-1.16913
70.9476_94.714_-1.16224
71.1473_94.2556_-1.15535
71.3501_93.7987_-1.14846
71.554_93.3422_-1.15535
71.7569_92.8852_-1.14846
71.7569_92.8852_-1.14846
71.9751_92.45_-1.01924
72.2476_92.0464_-0.890011
72.2476_92.0464_-0.890011
72.5377_91.6554_-1.01924
72.775_91.2303_-1.14846
72.9917_90.7888_-1.04595
73.2482_90.3617_-0.997804
73.5202_89.9422_-0.990915
73.5202_89.9422_-0.990915
73.7695_89.524_-1.12014
73.9628_89.0771_-1.24937
74.0969_88.6091_-1.37859
74.1696_88.1276_-1.50782
74.1796_87.6408_-1.63705
74.1796_87.6408_-1.63705
74.168_87.1541_-1.50782
74.2192_86.6699_-1.37859
74.3324_86.1963_-1.24937
74.499_85.7281_-1.18754
74.6927_85.2691_-1.1394
74.6927_85.2691_-1.1394
74.9028_84.8154_-1.13251
75.116_84.3632_-1.12562
75.3324_83.9124_-1.11873
75.5518_83.4632_-1.11184
75.7722_83.0145_-1.11873
75.7722_83.0145_-1.11873
75.9851_82.563_-1.15315
76.1846_82.1049_-1.17381
76.3699_81.6424_-1.22195
76.5374_81.1717_-1.24261
76.6975_80.6981_-1.2495
76.6975_80.6981_-1.2495
76.8585_80.2251_-1.22884
77.0293_79.7555_-1.20818
77.2078_79.2884_-1.20129
77.3894_78.8226_-1.1944
77.5742_78.3581_-1.18751
77.5742_78.3581_-1.18751
77.7643_77.896_-1.16685
77.9618_77.4367_-1.15996
78.1626_76.9788_-1.15307
78.3664_76.5223_-1.14618
78.5735_76.0672_-1.13929
78.5735_76.0672_-1.13929
78.7815_75.6126_-1.14618
78.9864_75.1566_-1.15307
79.1882_74.6991_-1.15996
79.3868_74.2403_-1.16685
79.5823_73.7801_-1.17374
79.5823_73.7801_-1.17374
79.7787_73.3207_-1.15308
79.9826_72.8642_-1.14619
80.1896_72.4091_-1.1393
80.3997_71.9554_-1.13241
80.613_71.5032_-1.12552
80.613_71.5032_-1.12552
80.8362_71.0591_-1.06369
81.0836_70.6257_-1.02928
81.3441_70.1993_-1.00861
81.6115_69.7769_-1.00173
81.8819_69.3563_-0.994837
81.8819_69.3563_-0.994837
82.1295_68.9371_-1.12406
82.324_68.4879_-1.23998
82.4758_68.0146_-1.30181
82.6029_67.532_-1.33623
82.7157_67.0452_-1.35689
82.7157_67.0452_-1.35689
82.8311_66.5618_-1.29506
82.9725_66.0831_-1.26065
83.1283_65.6084_-1.23998
83.2918_65.1359_-1.23309
83.4585_64.6645_-1.22621
83.4585_64.6645_-1.22621
83.6263_64.1936_-1.23309
83.7909_63.7215_-1.23998
83.9544_63.249_-1.23309
84.1189_62.7769_-1.23998
84.2824_62.3044_-1.23309
84.2824_62.3044_-1.23309
84.3074_62.2316_-1.2535
84.3074_62.2316_-1.2535
84.46_61.7559_-1.27416
84.6051_61.2774_-1.28105
84.7585_60.8062_-1.20559
84.7585_60.8062_-1.20559
84.9185_60.3411_-1.30811
85.0352_59.8595_-1.38357
85.1055_59.3777_-1.51279
85.1241_58.881_-1.57462
85.1164_58.382_-1.60904
85.1164_58.382_-1.60904
85.1185_57.8951_-1.47981
85.1832_57.4125_-1.35058
85.3096_56.9423_-1.22136
85.4955_56.4923_-1.09213
85.7379_56.07_-0.962905
85.7379_56.07_-0.962905
86.0327_55.6825_-0.833679
86.3749_55.3362_-0.704453
86.759_55.0369_-0.575226
87.1814_54.7778_-0.499768
87.6222_54.5437_-0.465352
87.6222_54.5437_-0.465352
88.0476_54.3069_-0.594578
88.439_54.0173_-0.723804
88.7899_53.6797_-0.85303
89.0943_53.2997_-0.982256
89.3666_52.8815_-1.01667
89.3666_52.8815_-1.01667
89.6401_52.4787_-0.887447
89.9632_52.1145_-0.758221
90.3306_51.7949_-0.628994
90.7361_51.5254_-0.499768
91.1729_51.3104_-0.370542
91.1729_51.3104_-0.370542
91.6338_51.1535_-0.241316
92.1111_51.0573_-0.11209
92.5968_51.0234_0.0171362
93.0829_51.0523_0.146362
93.5611_51.1437_0.275588
93.5611_51.1437_0.275588
94.0365_51.2887_0.337415
94.5055_51.4594_0.371832
94.9698_51.6441_0.392493
95.4313_51.8364_0.399383
95.8915_52.0319_0.406272
95.8915_52.0319_0.406272
96.3302_52.243_0.535498
96.738_52.509_0.664724
97.1082_52.8253_0.79395
97.4345_53.1867_0.923176
97.7115_53.5871_1.0524
97.7115_53.5871_1.0524
97.9704_53.9994_0.923176
98.2804_54.3749_0.79395
98.6361_54.7074_0.664724
99.0317_54.9912_0.535498
99.4606_55.2217_0.406272
99.4606_55.2217_0.406272
99.5552_55.2614_0.379066
99.5552_55.2614_0.379066
100.021_55.4407_0.34465
100.492_55.6063_0.323988
100.958_55.7758_0.399446
101.416_55.9751_0.433863
101.87_56.182_0.413201
101.87_56.182_0.413201
102.319_56.3923_0.488659
102.755_56.6332_0.536801
103.163_56.8997_0.666027
103.536_57.2166_0.781948
103.884_57.5733_0.83009
103.884_57.5733_0.83009
104.227_57.9184_0.700864
104.612_58.2163_0.571638
105.032_58.4621_0.442412
105.481_58.6517_0.313186
105.95_58.782_0.18396
105.95_58.782_0.18396
106.442_58.8677_0.149543
106.936_58.9387_0.128881
107.432_59.0018_0.121992
107.929_59.0615_0.115103
108.425_59.1178_0.108214
108.425_59.1178_0.108214
108.911_59.1498_-0.0210125
109.397_59.119_-0.150239
109.875_59.0258_-0.279465
110.346_58.8756_-0.36849
110.807_58.6887_-0.416632
110.807_58.6887_-0.416632
111.261_58.5108_-0.287406
111.733_58.3926_-0.15818
112.217_58.3364_-0.0289539
112.703_58.3429_0.100272
113.188_58.4105_0.216193
113.188_58.4105_0.216193
113.659_58.535_0.345419
114.11_58.7191_0.474645
114.533_58.9598_0.603871
114.922_59.253_0.733097
115.269_59.5938_0.862324
115.269_59.5938_0.862324
115.601_59.9498_0.733097
115.977_60.26_0.603871
116.389_60.5192_0.474645
116.831_60.7232_0.345419
117.296_60.8685_0.216193
117.296_60.8685_0.216193
117.769_60.9917_0.332114
118.234_61.1649_0.407572
118.688_61.3697_0.455714
119.116_61.6023_0.58494
119.116_61.6023_0.58494
119.535_61.8731_0.550524
119.963_62.1293_0.516107
120.396_62.3514_0.386881
120.855_62.5158_0.257655
121.33_62.6198_0.128429
121.33_62.6198_0.128429
121.816_62.6617_-0.00079753
122.302_62.6407_-0.130024
122.782_62.5571_-0.25925
123.247_62.4125_-0.388476
123.689_62.2091_-0.517702
123.689_62.2091_-0.517702
124.101_61.9504_-0.646928
124.489_61.6419_-0.722386
124.858_61.3066_-0.770528
125.214_60.9561_-0.79119
125.563_60.5983_-0.811852
125.563_60.5983_-0.811852
125.882_60.2312_-0.941078
126.152_59.8259_-1.0703
126.368_59.3892_-1.19953
126.528_58.9266_-1.31545
126.641_58.4441_-1.39091
126.641_58.4441_-1.39091
126.748_57.9692_-1.26168
126.916_57.5121_-1.13246
127.137_57.0688_-1.057
127.389_56.6389_-1.00886
127.658_56.2179_-0.988195
127.658_56.2179_-0.988195
127.93_55.7988_-1.00886
128.196_55.3751_-1.01575
128.458_54.9496_-1.02264
128.718_54.5222_-1.02952
128.976_54.0943_-1.02264
128.976_54.0943_-1.02264
129.236_53.667_-1.02952
129.492_53.238_-1.03641
129.746_52.8071_-1.0433
129.997_52.3745_-1.05019
130.246_51.9414_-1.0433
130.246_51.9414_-1.0433
130.497_51.5088_-1.05019
130.745_51.0745_-1.05708
130.989_50.6385_-1.06397
131.231_50.2008_-1.07086
131.47_49.7615_-1.07775
131.47_49.7615_-1.07775
131.718_49.3428_-0.948523
132.019_48.9595_-0.819297
132.366_48.6149_-0.703376
132.752_48.3012_-0.641549
133.155_48.0072_-0.607133
133.155_48.0072_-0.607133
133.543_47.7127_-0.736359
133.889_47.3707_-0.865585
134.195_46.9857_-0.968102
134.469_46.5705_-1.02993
134.721_46.1397_-1.06434
134.721_46.1397_-1.06434
134.96_45.7011_-1.08501
135.19_45.2577_-1.10567
135.413_44.8103_-1.11256
135.634_44.3614_-1.11945
135.851_43.911_-1.12634
135.851_43.911_-1.12634
136.067_43.4601_-1.11945
136.286_43.0107_-1.11256
136.508_42.5628_-1.10567
136.733_42.1165_-1.09878
136.962_41.6717_-1.09189
136.962_41.6717_-1.09189
137.181_41.226_-1.15372
137.378_40.7674_-1.18813
137.562_40.3026_-1.20879
137.738_39.8347_-1.21568
137.911_39.3655_-1.22257
137.911_39.3655_-1.22257
138.057_38.9012_-1.3518
138.148_38.4178_-1.45432
138.195_37.923_-1.51614
138.217_37.4244_-1.55056
138.221_36.9254_-1.58498
138.221_36.9254_-1.58498
138.235_36.4387_-1.45575
138.311_35.9578_-1.32652
138.449_35.4908_-1.1973
138.646_35.0454_-1.06807
138.898_34.6291_-0.938845
138.898_34.6291_-0.938845
139.169_34.2244_-1.06807
139.385_33.7882_-1.1973
139.543_33.3277_-1.32652
139.681_32.8607_-1.1973
139.878_32.4153_-1.06807
139.878_32.4153_-1.06807
140.094_31.9791_-1.1973
140.252_31.5187_-1.32652
140.365_31.0334_-1.37467
140.454_30.5432_-1.42281
140.52_30.0494_-1.47095
140.52_30.0494_-1.47095
140.589_29.5674_-1.34172
140.719_29.0983_-1.2125
140.909_28.65_-1.08327
141.155_28.2299_-0.954046
141.454_27.845_-0.82482
141.454_27.845_-0.82482
141.799_27.5017_-0.695593
142.186_27.2058_-0.566367
142.607_26.9622_-0.437141
143.057_26.775_-0.307915
143.526_26.6472_-0.178689
143.526_26.6472_-0.178689
144.009_26.5811_-0.0494628
144.496_26.5776_0.0797633
144.979_26.6369_0.208989
145.451_26.758_0.338216
145.911_26.9356_0.427241
145.911_26.9356_0.427241
146.361_27.1492_0.475383
146.804_27.381_0.496045
147.242_27.6218_0.516707
147.676_27.8698_0.523596
148.108_28.1208_0.530485
148.108_28.1208_0.530485
148.539_28.3747_0.537374
148.968_28.6316_0.544263
149.396_28.8895_0.537374
149.825_29.1464_0.544263
150.254_29.4043_0.537374
150.254_29.4043_0.537374
150.683_29.6612_0.544263
151.111_29.9191_0.537374
151.54_30.176_0.544263
151.968_30.4339_0.537374
152.398_30.6889_0.530485
152.398_30.6889_0.530485
152.829_30.9428_0.537374
153.258_31.1997_0.544263
153.686_31.4576_0.537374
154.116_31.7125_0.530485
154.547_31.9665_0.537374
154.547_31.9665_0.537374
154.976_32.2234_0.544263
155.406_32.472_0.482437
155.851_32.6984_0.44802
156.302_32.914_0.441131
156.302_32.914_0.441131
