configuration -14.0353517532_151.94859314_0.0_1.0_147.259887695_176.039077759_0.145212769539_0.989400450557
length 187.105
time 6.06034
roughness 6.69141e-05
-14.0354_151.949_-0
-13.5384_151.959_0.0618265
-13.0407_151.995_0.0962432
-12.5437_152.047_0.116905
-12.0472_152.106_0.123794
-11.5512_152.169_0.130683
-11.5512_152.169_0.130683
-11.0572_152.24_0.1651
-10.5649_152.325_0.185762
-10.0738_152.419_0.192651
-9.58326_152.516_0.19954
-9.09344_152.616_0.206429
-9.09344_152.616_0.206429
-8.60382_152.713_0.172013
-8.11094_152.795_0.151351
-7.61652_152.869_0.144462
-7.1216_152.94_0.137573
-6.62621_153.007_0.130683
-6.62621_153.007_0.130683
-6.13671_153.055_0.0281666
-5.63969_153.059_-0.03366
-5.14111_153.036_-0.0680766
-4.64285_152.999_-0.0887384
-4.14495_152.953_-0.0956276
-4.14495_152.953_-0.0956276
-3.65628_152.925_0.0202932
-3.15965_152.945_0.0821198
-2.66275_152.992_0.116536
-2.16688_153.053_0.137198
-1.67178_153.123_0.144087
-1.67178_153.123_0.144087
-1.1874_153.172_0.0148612
-0.698048_153.161_-0.10106
-0.20468_153.101_-0.162886
0.286838_153.014_-0.197303
0.775086_152.911_-0.231719
0.775086_152.911_-0.231719
1.2438_152.779_-0.360945
1.69162_152.588_-0.490172
2.11437_152.341_-0.606092
2.51178_152.048_-0.695118
2.51178_152.048_-0.695118
2.89858_151.752_-0.565892
3.32026_151.509_-0.436666
3.76979_151.322_-0.307439
4.23968_151.194_-0.178213
4.72209_151.128_-0.0489872
4.72209_151.128_-0.0489872
5.20897_151.125_0.0802389
5.69551_151.144_-0.0489872
6.18037_151.099_-0.178213
6.65546_150.993_-0.307439
6.72863_150.969_-0.327844
6.72863_150.969_-0.327844
7.19581_150.832_-0.198617
7.67678_150.756_-0.0693913
8.16349_150.743_0.0598348
8.64784_150.792_0.189061
9.1295_150.864_0.0598348
9.1295_150.864_0.0598348
9.6285_150.895_0.066724
10.1273_150.929_0.0736132
10.6258_150.967_0.0805024
11.124_151.008_0.0873916
11.6222_151.051_0.0805024
11.6222_151.051_0.0805024
12.115_151.103_0.155961
12.6059_151.188_0.204103
13.0945_151.293_0.224764
13.5808_151.408_0.245426
14.0655_151.53_0.252315
14.0655_151.53_0.252315
14.5499_151.647_0.204173
15.0398_151.745_0.183512
15.5316_151.835_0.176622
16.024_151.922_0.169733
16.517_152.005_0.162844
16.517_152.005_0.162844
17.0101_152.087_0.169733
17.5027_152.173_0.176622
17.9951_152.26_0.169733
18.4877_152.345_0.176622
18.9801_152.432_0.169733
18.9801_152.432_0.169733
19.471_152.522_0.20415
19.9596_152.626_0.224812
20.4467_152.739_0.231701
20.933_152.855_0.23859
21.4186_152.974_0.245479
21.4186_152.974_0.245479
21.8954_153.072_0.116253
22.381_153.108_-0.0129731
22.8698_153.083_-0.128894
23.3613_153.009_-0.19072
23.437_152.995_-0.170316
23.437_152.995_-0.170316
23.9199_152.933_-0.0410902
24.4117_152.93_0.0614266
24.907_152.97_0.123253
25.4016_153.037_0.15767
25.8952_153.117_0.164559
25.8952_153.117_0.164559
26.3882_153.2_0.171448
26.8806_153.286_0.178337
27.3725_153.376_0.185227
27.8637_153.469_0.192116
28.3547_153.564_0.185227
28.3547_153.564_0.185227
28.8464_153.652_0.164565
29.3398_153.733_0.157676
29.8337_153.811_0.150786
30.3279_153.887_0.157676
30.8218_153.964_0.150786
30.8218_153.964_0.150786
31.2996_154.058_0.280013
31.7674_154.209_0.382529
32.2246_154.404_0.444356
32.6727_154.624_0.478773
33.1146_154.857_0.499434
33.1146_154.857_0.499434
33.5558_155.089_0.451292
34.0073_155.301_0.416875
34.4649_155.503_0.409986
34.9239_155.701_0.403097
35.3843_155.896_0.396208
35.3843_155.896_0.396208
35.8441_156.07_0.293691
36.3233_156.207_0.245549
36.8087_156.323_0.211132
37.298_156.424_0.190471
37.7891_156.518_0.183581
37.7891_156.518_0.183581
38.2637_156.627_0.312807
38.7202_156.796_0.442034
39.151_157.023_0.57126
39.5491_157.303_0.700486
39.9077_157.633_0.829712
39.9077_157.633_0.829712
40.2513_157.977_0.700486
40.6365_158.275_0.57126
41.06_158.533_0.495802
41.5019_158.763_0.447659
41.9539_158.976_0.426998
41.9539_158.976_0.426998
42.3881_159.196_0.556224
42.7996_159.469_0.645249
43.1967_159.772_0.665911
43.1967_159.772_0.665911
43.5665_160.089_0.795137
43.8924_160.451_0.924363
44.1689_160.852_1.05359
44.3975_161.287_1.15611
44.5858_161.745_1.23156
44.5858_161.745_1.23156
44.7671_162.197_1.10234
45.0052_162.622_0.973112
45.296_163.013_0.843886
45.6347_163.362_0.71466
46.0156_163.666_0.585434
46.0156_163.666_0.585434
46.4324_163.917_0.456208
46.8782_164.113_0.326981
47.3455_164.25_0.197755
47.8308_164.33_0.0952385
48.3274_164.369_0.0470964
48.3274_164.369_0.0470964
48.8246_164.401_0.0952385
49.3217_164.452_0.1159
49.8182_164.511_0.122789
50.3142_164.573_0.129679
50.8098_164.639_0.136568
50.8098_164.639_0.136568
51.3053_164.706_0.129679
51.8012_164.769_0.122789
52.2975_164.829_0.1159
52.7943_164.886_0.109011
53.2912_164.942_0.1159
53.2912_164.942_0.1159
53.772_165.018_0.245126
54.2389_165.156_0.374352
54.693_165.35_0.463378
55.135_165.58_0.51152
55.5674_165.829_0.545937
55.5674_165.829_0.545937
55.9938_166.064_0.416711
56.447_166.242_0.287484
56.9194_166.361_0.158258
56.9194_166.361_0.158258
57.4066_166.451_0.233716
57.4066_166.451_0.233716
57.8751_166.584_0.362943
58.3225_166.776_0.492169
58.7415_167.024_0.621395
59.1283_167.324_0.737316
59.4867_167.666_0.812774
59.4867_167.666_0.812774
59.8361_168.005_0.683548
60.2263_168.296_0.554322
60.6508_168.535_0.425095
61.1025_168.716_0.295869
61.5738_168.839_0.166643
61.5738_168.839_0.166643
62.065_168.927_0.20106
62.5539_169.03_0.221722
63.0414_169.141_0.228611
63.5281_169.256_0.2355
64.014_169.373_0.242389
64.014_169.373_0.242389
64.4813_169.51_0.371615
64.927_169.706_0.500841
65.3636_169.922_0.371615
65.8244_170.079_0.242389
66.3015_170.176_0.113163
66.3015_170.176_0.113163
66.7826_170.251_0.242389
67.2498_170.388_0.371615
67.6956_170.584_0.500841
68.1124_170.835_0.630068
68.4933_171.139_0.759294
68.4933_171.139_0.759294
68.8603_171.459_0.630068
69.2655_171.729_0.500841
69.7021_171.944_0.371615
70.1629_172.101_0.242389
70.6401_172.198_0.113163
70.6401_172.198_0.113163
71.1353_172.26_0.14758
71.629_172.337_0.168242
72.121_172.424_0.188903
72.6119_172.519_0.195792
73.1021_172.618_0.202682
73.1021_172.618_0.202682
73.5744_172.736_0.331908
74.0276_172.914_0.461134
74.4541_173.149_0.59036
74.8467_173.437_0.719586
75.2261_173.742_0.59036
75.2261_173.742_0.59036
75.6417_173.995_0.461134
76.0866_174.193_0.331908
76.5532_174.332_0.202682
77.041_174.42_0.127224
77.5361_174.475_0.0790814
77.5361_174.475_0.0790814
78.0227_174.493_-0.0501447
78.5075_174.448_-0.179371
78.9824_174.341_-0.308597
79.4396_174.174_-0.437823
79.8715_173.949_-0.567049
79.8715_173.949_-0.567049
80.2707_173.67_-0.696275
80.6371_173.342_-0.798792
80.9789_172.979_-0.846934
81.3051_172.602_-0.881351
81.6203_172.214_-0.902013
81.6203_172.214_-0.902013
81.9057_171.82_-1.03124
82.138_171.392_-1.16046
82.3131_170.937_-1.28969
82.4282_170.464_-1.41892
82.4861_169.976_-1.52143
82.4861_169.976_-1.52143
82.5308_169.491_-1.39221
82.6375_169.016_-1.26298
82.8045_168.559_-1.13376
83.0291_168.127_-1.00453
83.3075_167.727_-0.875303
83.3075_167.727_-0.875303
83.6034_167.34_-1.00453
83.8469_166.919_-1.13376
84.0427_166.466_-1.22278
84.2025_165.995_-1.28461
84.3379_165.515_-1.31902
84.3379_165.515_-1.31902
84.4391_165.038_-1.44825
84.4781_164.553_-1.57748
84.4542_164.067_-1.7067
84.3679_163.587_-1.83593
84.2205_163.123_-1.96515
84.2205_163.123_-1.96515
84.0527_162.666_-1.83593
83.9451_162.192_-1.7067
83.8996_161.707_-1.57748
83.917_161.22_-1.44825
83.997_160.74_-1.31902
83.997_160.74_-1.31902
84.1306_160.261_-1.2572
84.2919_159.79_-1.20906
84.4739_159.325_-1.17464
84.6482_158.865_-1.27716
84.7847_158.386_-1.3253
84.7847_158.386_-1.3253
84.923_157.919_-1.19607
85.1202_157.474_-1.06685
85.3732_157.058_-0.937619
85.6777_156.678_-0.808393
86.0286_156.341_-0.679167
86.0286_156.341_-0.679167
86.4133_156.023_-0.713584
86.7868_155.692_-0.748
87.1508_155.349_-0.768662
87.5094_155.001_-0.775551
87.8655_154.65_-0.782441
87.8655_154.65_-0.782441
88.2251_154.322_-0.653214
88.6239_154.042_-0.523988
89.0554_153.817_-0.394762
89.5124_153.649_-0.265536
89.9872_153.541_-0.13631
89.9872_153.541_-0.13631
90.472_153.495_-0.00708388
90.9586_153.513_0.122142
91.4389_153.592_0.251368
91.9134_153.729_0.340394
92.3803_153.903_0.388536
92.3803_153.903_0.388536
92.8425_154.094_0.395425
93.3035_154.287_0.402314
93.7631_154.484_0.409204
94.2222_154.682_0.402314
94.6818_154.879_0.409204
94.6818_154.879_0.409204
95.1356_155.084_0.457346
95.5809_155.31_0.491762
96.0197_155.549_0.512424
96.4549_155.795_0.519313
96.8884_156.044_0.526203
96.8884_156.044_0.526203
97.3228_156.29_0.491786
97.7648_156.523_0.471124
98.2109_156.748_0.464235
98.6584_156.971_0.457346
99.1075_157.191_0.450456
99.1075_157.191_0.450456
99.5588_157.405_0.429795
100.014_157.611_0.409133
100.474_157.808_0.402244
100.934_158.003_0.395355
101.396_158.195_0.388465
101.396_158.195_0.388465
101.66_158.295_0.31365
101.66_158.295_0.31365
102.127_158.46_0.389108
102.585_158.656_0.437251
103.035_158.872_0.471667
103.478_159.103_0.492329
103.918_159.34_0.499218
103.918_159.34_0.499218
104.359_159.566_0.42376
104.816_159.766_0.389343
105.28_159.953_0.368682
105.747_160.129_0.34802
106.218_160.299_0.341131
106.218_160.299_0.341131
106.687_160.469_0.361792
107.153_160.649_0.382454
107.617_160.837_0.389343
108.079_161.028_0.396233
108.541_161.22_0.389343
108.541_161.22_0.389343
109.003_161.408_0.382454
109.468_161.594_0.375565
109.933_161.776_0.368676
110.4_161.955_0.361786
110.867_162.133_0.368676
110.867_162.133_0.368676
111.334_162.313_0.361786
111.801_162.491_0.368676
112.268_162.67_0.361786
112.735_162.848_0.368676
113.202_163.027_0.361786
113.202_163.027_0.361786
113.668_163.207_0.382448
114.132_163.395_0.389337
114.594_163.585_0.396227
115.054_163.779_0.403116
115.514_163.977_0.410005
115.514_163.977_0.410005
115.973_164.173_0.389343
116.436_164.361_0.382454
116.901_164.547_0.375565
117.366_164.729_0.368676
117.833_164.908_0.361786
117.833_164.908_0.361786
118.301_165.084_0.354897
118.769_165.259_0.361786
119.237_165.435_0.354897
119.706_165.61_0.361786
120.173_165.788_0.368676
120.173_165.788_0.368676
120.64_165.967_0.361786
121.108_166.143_0.354897
121.576_166.318_0.361786
122.044_166.493_0.354897
122.513_166.666_0.348008
122.513_166.666_0.348008
122.983_166.838_0.354897
123.451_167.012_0.361786
123.919_167.19_0.368676
124.385_167.37_0.361786
124.853_167.548_0.368676
124.853_167.548_0.368676
125.319_167.727_0.361786
125.787_167.905_0.368676
126.253_168.084_0.361786
126.721_168.262_0.368676
127.187_168.441_0.361786
127.187_168.441_0.361786
127.655_168.619_0.368676
128.121_168.798_0.361786
128.589_168.974_0.354897
129.058_169.149_0.361786
129.525_169.327_0.368676
129.525_169.327_0.368676
129.992_169.506_0.361786
130.46_169.682_0.354897
130.928_169.857_0.361786
131.395_170.035_0.368676
131.862_170.214_0.361786
131.862_170.214_0.361786
132.329_170.375_0.272761
132.811_170.501_0.224619
133.299_170.607_0.190202
133.79_170.698_0.169541
134.283_170.781_0.162651
134.283_170.781_0.162651
134.765_170.877_0.265168
135.242_171.017_0.326995
135.713_171.183_0.361411
136.179_171.363_0.382073
136.642_171.55_0.388962
136.642_171.55_0.388962
137.105_171.741_0.395851
137.566_171.935_0.402741
138.026_172.13_0.395851
138.487_172.324_0.402741
138.947_172.519_0.395851
138.947_172.519_0.395851
139.408_172.712_0.402741
139.868_172.907_0.395851
140.329_173.101_0.402741
140.79_173.296_0.395851
141.251_173.49_0.402741
141.251_173.49_0.402741
141.711_173.685_0.395851
142.172_173.879_0.402741
142.632_174.074_0.395851
143.093_174.267_0.402741
143.554_174.462_0.395851
143.554_174.462_0.395851
144.014_174.656_0.402741
144.474_174.853_0.40963
144.933_175.051_0.402741
145.393_175.246_0.395851
145.854_175.44_0.402741
145.854_175.44_0.402741
146.316_175.628_0.354599
146.785_175.798_0.333937
147.252_175.971_0.395763
147.252_175.971_0.395763
