configuration -14.0353517532_151.94859314_0.0_1.0_147.259887695_176.039077759_0.145212769539_0.989400450557
length 187.214
time 4.91869
roughness 7.40204e-05
-14.0354_151.949_-0
-13.5438_151.965_0.102517
-13.0506_152.026_0.164343
-12.5592_152.114_0.19876
-12.0693_152.213_0.205649
-11.5801_152.317_0.212538
-11.5801_152.317_0.212538
-11.0911_152.421_0.205649
-10.6015_152.522_0.19876
-10.1116_152.622_0.205649
-9.62191_152.723_0.19876
-9.13202_152.823_0.205649
-9.13202_152.823_0.205649
-8.64274_152.916_0.157507
-8.14897_152.989_0.12309
-7.65267_153.047_0.102429
-7.15521_153.097_0.0955394
-6.65742_153.144_0.0886502
-6.65742_153.144_0.0886502
-6.17105_153.166_-0.0405759
-5.68583_153.126_-0.169802
-5.20986_153.023_-0.299028
-4.75108_152.86_-0.428254
-4.45205_152.713_-0.516672
-4.45205_152.713_-0.516672
-4.0189_152.491_-0.387446
-3.56071_152.326_-0.25822
-3.08512_152.222_-0.128994
-2.59765_152.177_-0.013073
-2.10062_152.181_0.0487535
-2.10062_152.181_0.0487535
-1.6083_152.22_0.137779
-1.11598_152.296_0.185921
-0.626582_152.394_0.220338
-0.139755_152.506_0.240999
0.345484_152.627_0.247889
0.345484_152.627_0.247889
0.82213_152.726_0.118663
1.3076_152.763_-0.0105635
1.79381_152.737_-0.13979
2.27265_152.649_-0.269016
2.73612_152.5_-0.398242
2.73612_152.5_-0.398242
3.19837_152.314_-0.3501
3.66911_152.148_-0.315683
4.14515_151.997_-0.295021
4.60458_151.835_-0.424247
5.04845_151.619_-0.513273
5.04845_151.619_-0.513273
5.48236_151.398_-0.384047
5.94111_151.235_-0.254821
6.41705_151.132_-0.125595
6.90678_151.087_-0.0230778
7.40382_151.086_0.0387488
7.40382_151.086_0.0387488
7.9019_151.097_-0.00939336
8.40087_151.087_-0.04381
8.8999_151.062_-0.0644718
9.39875_151.028_-0.071361
9.89736_150.991_-0.0782502
9.89736_150.991_-0.0782502
10.3807_150.933_-0.207476
10.8607_150.817_-0.296502
11.3309_150.66_-0.37196
11.722_150.505_-0.389359
11.7696_150.486_-0.375757
11.7696_150.486_-0.375757
12.2297_150.327_-0.24653
12.7064_150.228_-0.117304
13.192_150.191_0.0119219
13.6854_150.212_0.100947
14.1802_150.27_0.149089
14.1802_150.27_0.149089
14.6748_150.343_0.1422
15.1695_150.415_0.149089
15.6641_150.488_0.1422
16.1589_150.56_0.149089
16.6534_150.633_0.1422
16.6534_150.633_0.1422
17.14_150.718_0.231226
17.6231_150.84_0.279368
18.1012_150.983_0.313784
18.5754_151.14_0.334446
19.0473_151.305_0.341335
19.0473_151.305_0.341335
19.5194_151.465_0.293193
19.9987_151.606_0.272531
20.4808_151.737_0.25187
20.9653_151.86_0.244981
21.4506_151.981_0.238091
21.4506_151.981_0.238091
21.9328_152.106_0.286233
22.4112_152.25_0.306895
22.8865_152.404_0.327557
23.3595_152.566_0.334446
23.8313_152.732_0.341335
23.8313_152.732_0.341335
24.2985_152.878_0.225415
24.7852_152.979_0.163588
25.2785_153.054_0.129171
25.7744_153.115_0.10851
26.2716_153.168_0.10162
26.2716_153.168_0.10162
26.7675_153.225_0.136037
27.262_153.296_0.156699
27.7557_153.375_0.163588
28.2488_153.458_0.170477
28.7413_153.544_0.177366
28.7413_153.544_0.177366
29.2335_153.626_0.14295
29.7286_153.694_0.122288
30.2249_153.751_0.101626
30.7224_153.801_0.0947371
31.2203_153.847_0.0878479
31.2203_153.847_0.0878479
31.7169_153.896_0.122265
32.2124_153.961_0.142926
32.7071_154.033_0.149816
33.2013_154.109_0.156705
33.6949_154.188_0.163594
33.6949_154.188_0.163594
34.1715_154.288_0.29282
34.6313_154.448_0.422046
35.0666_154.666_0.551272
35.2642_154.791_0.593442
35.3069_154.82_0.579839
35.3069_154.82_0.579839
35.7058_155.103_0.69576
36.0807_155.43_0.757587
36.4371_155.778_0.805729
36.7787_156.142_0.840146
37.1095_156.516_0.860807
37.1095_156.516_0.860807
37.4423_156.872_0.731581
37.818_157.181_0.602355
38.2306_157.44_0.473129
38.673_157.643_0.343903
39.1436_157.799_0.268445
39.1436_157.799_0.268445
39.6253_157.932_0.275334
40.1068_158.067_0.268445
40.5885_158.201_0.275334
41.07_158.336_0.268445
41.5517_158.469_0.275334
41.5517_158.469_0.275334
42.0142_158.621_0.40456
42.4533_158.832_0.533786
42.8616_159.097_0.663012
43.2323_159.413_0.792238
43.5592_159.774_0.921465
43.5592_159.774_0.921465
43.8698_160.149_0.792238
44.2261_160.48_0.663012
44.6222_160.764_0.533786
45.0514_160.993_0.40456
45.5068_161.166_0.275334
45.5068_161.166_0.275334
45.9693_161.318_0.40456
46.4083_161.528_0.533786
46.8166_161.794_0.663012
47.1873_162.109_0.792238
47.3804_162.315_0.867054
47.3804_162.315_0.867054
47.7109_162.672_0.737827
48.0847_162.984_0.608601
48.4956_163.246_0.479375
48.9367_163.452_0.350149
49.4008_163.599_0.220923
49.4008_163.599_0.220923
49.8875_163.712_0.241585
50.3727_163.833_0.248474
50.857_163.957_0.255363
51.3405_164.084_0.262252
51.8236_164.213_0.255363
51.8236_164.213_0.255363
52.2999_164.35_0.330821
52.77_164.517_0.365238
53.2355_164.699_0.3859
53.6971_164.89_0.406561
54.1558_165.089_0.413451
54.1558_165.089_0.413451
54.6151_165.284_0.379034
55.0806_165.466_0.358372
55.5492_165.64_0.351483
56.019_165.811_0.344594
56.49_165.979_0.337705
56.49_165.979_0.337705
56.9421_166.16_0.466931
57.3705_166.397_0.582851
57.7746_166.68_0.671877
58.1572_166.998_0.733703
58.5323_167.308_0.604477
58.5323_167.308_0.604477
58.9442_167.568_0.475251
59.3904_167.783_0.399793
59.8524_167.97_0.351651
60.3227_168.139_0.330989
60.7963_168.298_0.310327
60.7963_168.298_0.310327
61.2678_168.429_0.194407
61.7573_168.515_0.13258
62.2528_168.576_0.0981634
62.7503_168.621_0.0775017
63.2488_168.657_0.0568399
63.2488_168.657_0.0568399
63.7333_168.705_0.186066
64.2075_168.815_0.315292
64.6696_168.983_0.417809
65.1197_169.194_0.479635
65.5598_169.43_0.514052
65.5598_169.43_0.514052
65.9957_169.674_0.507163
66.4333_169.916_0.500274
66.8725_170.155_0.493384
67.3123_170.393_0.500274
67.7516_170.632_0.493384
67.7516_170.632_0.493384
68.1898_170.844_0.364158
68.6517_170.998_0.234932
68.6517_170.998_0.234932
69.12_171.131_0.364158
69.5672_171.324_0.493384
69.995_171.57_0.58241
70.3993_171.854_0.671435
70.3993_171.854_0.671435
70.793_172.14_0.542209
71.2203_172.374_0.412983
71.6741_172.55_0.283757
72.1506_172.672_0.18124
72.6413_172.751_0.119414
72.6413_172.751_0.119414
73.1375_172.805_0.084997
73.6356_172.844_0.0643353
74.1346_172.875_0.057446
74.6338_172.903_0.0505568
75.1332_172.927_0.0436676
75.1332_172.927_0.0436676
75.6327_172.947_0.0367784
76.1323_172.967_0.0436676
76.6318_172.988_0.0367784
77.1314_173.007_0.0436676
77.631_173.028_0.0367784
77.631_173.028_0.0367784
78.1178_173.025_-0.0924477
78.6003_172.96_-0.221674
79.0703_172.833_-0.3509
79.52_172.646_-0.480126
79.942_172.403_-0.609352
79.942_172.403_-0.609352
80.3291_172.108_-0.738578
80.6749_171.765_-0.867804
80.9736_171.38_-0.997031
81.2203_170.961_-1.12626
81.4109_170.513_-1.25548
81.4109_170.513_-1.25548
81.5421_170.044_-1.38471
81.6119_169.562_-1.51394
81.6189_169.075_-1.64316
81.5631_168.591_-1.77239
81.486_168.111_-1.64316
81.486_168.111_-1.64316
81.4714_167.624_-1.51394
81.5196_167.139_-1.38471
81.6299_166.665_-1.25548
81.8004_166.209_-1.12626
82.0282_165.779_-0.997031
82.0282_165.779_-0.997031
82.3096_165.381_-0.867804
82.6398_165.024_-0.738578
83.0134_164.711_-0.609352
83.4241_164.45_-0.480126
83.8651_164.244_-0.3509
83.8651_164.244_-0.3509
84.3148_164.057_-0.480126
84.7367_163.814_-0.609352
85.1238_163.519_-0.738578
85.4696_163.176_-0.867804
85.7684_162.791_-0.997031
85.7684_162.791_-0.997031
86.0151_162.372_-1.12626
86.2142_161.92_-1.21528
86.3801_161.45_-1.26342
86.5257_160.973_-1.29784
86.6571_160.491_-1.3185
86.6571_160.491_-1.3185
86.7585_160.014_-1.44773
86.7978_159.529_-1.57695
86.7741_159.043_-1.70618
86.688_158.564_-1.83541
86.5996_158.269_-1.91702
86.5996_158.269_-1.91702
86.454_157.804_-1.7878
86.3694_157.325_-1.65857
86.3473_156.838_-1.52935
86.3881_156.353_-1.40012
86.491_155.877_-1.27089
86.491_155.877_-1.27089
86.6545_155.419_-1.14167
86.8756_154.985_-1.01244
87.1508_154.583_-0.883215
87.4755_154.22_-0.753989
87.8443_153.902_-0.624762
87.8443_153.902_-0.624762
88.2509_153.635_-0.495536
88.6886_153.422_-0.36631
89.1502_153.267_-0.237084
89.6279_153.172_-0.107858
90.1137_153.141_0.0213682
90.1137_153.141_0.0213682
90.5997_153.172_0.150594
91.0831_153.262_0.253111
91.5617_153.396_0.314938
92.0344_153.556_0.349354
92.5027_153.73_0.370016
92.5027_153.73_0.370016
92.9684_153.912_0.376905
93.4328_154.097_0.383794
93.896_154.286_0.390684
94.3579_154.477_0.397573
94.8184_154.672_0.404462
94.8184_154.672_0.404462
95.2791_154.865_0.3838
95.7431_155.051_0.376911
96.2084_155.234_0.370022
96.6749_155.414_0.363133
97.1427_155.59_0.356243
97.1427_155.59_0.356243
97.6068_155.772_0.404386
98.0648_155.971_0.425047
98.5186_156.181_0.445709
98.9692_156.397_0.452598
99.4183_156.617_0.459488
99.4183_156.617_0.459488
99.8681_156.833_0.425071
100.325_157.036_0.404409
100.785_157.232_0.39752
101.246_157.424_0.390631
101.709_157.613_0.383742
101.709_157.613_0.383742
102.172_157.802_0.390631
102.635_157.991_0.383742
103.098_158.179_0.390631
103.561_158.369_0.383742
104.024_158.557_0.390631
104.024_158.557_0.390631
104.487_158.746_0.383742
104.951_158.932_0.376852
105.416_159.115_0.369963
105.882_159.297_0.376852
106.347_159.48_0.369963
106.347_159.48_0.369963
106.808_159.637_0.240737
107.285_159.732_0.111511
107.285_159.732_0.111511
107.767_159.807_0.240737
108.242_159.939_0.329762
108.711_160.108_0.377905
109.174_160.295_0.398566
109.633_160.492_0.419228
109.633_160.492_0.419228
110.092_160.69_0.384811
110.556_160.875_0.36415
111.024_161.052_0.35726
111.492_161.225_0.350371
111.962_161.398_0.35726
111.962_161.398_0.35726
112.429_161.576_0.377922
112.893_161.762_0.384811
113.356_161.95_0.391701
113.817_162.142_0.39859
114.279_162.335_0.391701
114.279_162.335_0.391701
114.738_162.531_0.426117
115.191_162.741_0.446779
115.64_162.96_0.467441
116.086_163.186_0.47433
116.53_163.415_0.481219
116.53_163.415_0.481219
116.976_163.639_0.433077
117.431_163.846_0.412415
117.89_164.043_0.391754
118.352_164.232_0.384864
118.816_164.419_0.377975
118.816_164.419_0.377975
119.279_164.607_0.398637
119.74_164.802_0.405526
120.199_165_0.412415
120.656_165.202_0.419304
121.112_165.406_0.426194
121.112_165.406_0.426194
121.563_165.619_0.474336
122.004_165.852_0.508752
122.439_166.099_0.529414
122.868_166.354_0.550076
123.294_166.616_0.556965
123.294_166.616_0.556965
123.696_166.891_0.686191
124.059_167.215_0.815417
124.378_167.584_0.944644
124.646_167.99_1.07387
124.86_168.427_1.2031
124.86_168.427_1.2031
125.054_168.874_1.07387
125.304_169.292_0.944644
125.606_169.674_0.815417
125.954_170.014_0.686191
126.344_170.306_0.556965
126.344_170.306_0.556965
126.767_170.546_0.427739
127.219_170.729_0.298513
127.69_170.852_0.169287
128.177_170.918_0.0667701
128.672_170.939_-0.00868809
128.672_170.939_-0.00868809
129.164_170.951_0.0938287
129.657_171.008_0.155655
130.15_171.091_0.190072
130.64_171.189_0.210734
131.128_171.295_0.217623
131.128_171.295_0.217623
131.614_171.408_0.252039
132.097_171.536_0.272701
132.579_171.672_0.27959
133.059_171.811_0.28648
133.538_171.953_0.293369
133.538_171.953_0.293369
134.017_172.097_0.28648
134.496_172.239_0.293369
134.975_172.382_0.28648
135.454_172.525_0.293369
135.933_172.668_0.28648
135.933_172.668_0.28648
136.413_172.811_0.293369
136.892_172.954_0.28648
137.371_173.096_0.293369
137.85_173.24_0.28648
138.329_173.382_0.293369
138.329_173.382_0.293369
138.808_173.521_0.258952
139.292_173.646_0.23829
139.779_173.76_0.217629
140.267_173.867_0.21074
140.756_173.971_0.20385
140.756_173.971_0.20385
141.242_174.079_0.251992
141.724_174.209_0.286409
142.203_174.354_0.307071
142.679_174.506_0.31396
143.154_174.661_0.320849
143.154_174.661_0.320849
143.609_174.834_0.450075
144.038_175.065_0.579301
144.434_175.348_0.708528
144.817_175.649_0.579301
144.947_175.732_0.538493
144.947_175.732_0.538493
145.375_175.963_0.409267
145.834_176.149_0.333809
146.307_176.302_0.271982
146.788_176.426_0.210156
147.174_176.502_0.161345
147.174_176.502_0.161345
