configuration 176.556686401_134.7056427_-0.977472527886_0.211062685542_59.5791053772_36.8438796997_0.982426073578_-0.18665210943
length 187.876
time 12.1429
roughness 7.75192e-05
176.557_134.706_-2.71627
176.101_134.5_-2.72316
175.643_134.298_-2.73005
175.185_134.099_-2.73694
174.726_133.901_-2.73005
174.267_133.703_-2.73694
173.814_133.497_-2.67511
173.371_133.268_-2.64069
172.933_133.027_-2.6338
172.497_132.783_-2.62691
172.062_132.536_-2.62003
171.626_132.294_-2.66817
171.18_132.07_-2.68883
170.729_131.854_-2.70949
170.275_131.646_-2.71638
169.819_131.441_-2.72327
169.383_131.224_-2.59404
168.966_130.956_-2.51859
168.566_130.658_-2.47044
168.177_130.345_-2.44978
167.794_130.024_-2.42912
167.413_129.721_-2.55835
166.993_129.462_-2.64737
166.551_129.232_-2.69551
166.098_129.02_-2.71618
165.642_128.817_-2.73684
165.196_128.608_-2.63432
164.769_128.356_-2.55886
164.352_128.106_-2.68809
163.906_127.911_-2.81731
163.438_127.776_-2.94654
162.957_127.702_-3.07577
162.47_127.69_-3.20499
161.986_127.742_-3.33422
161.512_127.855_-3.46344
161.057_128.029_-3.59267
160.611_128.222_-3.46344
160.143_128.356_-3.33422
159.661_128.429_-3.20499
159.174_128.44_-3.07577
158.69_128.387_-2.94654
158.211_128.275_-2.84402
157.739_128.12_-2.7822
157.274_127.939_-2.74778
156.814_127.744_-2.72712
156.357_127.542_-2.72023
155.902_127.334_-2.69957
155.451_127.119_-2.69268
155.001_126.901_-2.68579
154.553_126.68_-2.6789
154.105_126.458_-2.68579
153.659_126.233_-2.65137
153.22_125.995_-2.63071
152.784_125.75_-2.62382
152.35_125.501_-2.61693
151.918_125.25_-2.61004
151.489_124.993_-2.58938
151.066_124.728_-2.56872
150.646_124.456_-2.56183
150.229_124.182_-2.55494
149.812_123.906_-2.56183
149.401_123.625_-2.5
149.005_123.322_-2.46559
148.617_123.006_-2.44493
148.235_122.685_-2.43804
147.854_122.36_-2.43115
147.478_122.032_-2.41049
147.108_121.696_-2.38982
146.744_121.354_-2.38293
146.381_121.009_-2.37605
146.022_120.661_-2.36916
145.666_120.31_-2.34849
145.316_119.953_-2.3416
144.969_119.594_-2.33472
144.624_119.232_-2.32783
144.281_118.868_-2.32094
143.935_118.526_-2.45016
143.547_118.232_-2.57939
143.121_117.981_-2.66841
142.674_117.763_-2.73024
142.215_117.569_-2.76466
141.755_117.409_-2.89388
141.278_117.31_-3.02311
140.793_117.273_-3.15234
140.306_117.299_-3.28156
139.828_117.387_-3.41079
139.353_117.497_-3.28156
138.869_117.544_-3.15234
138.382_117.529_-3.02311
137.901_117.451_-2.89388
137.532_117.344_-2.79186
137.062_117.174_-2.79875
136.591_117.007_-2.80564
136.119_116.841_-2.79875
135.648_116.674_-2.80564
135.176_116.508_-2.79875
134.708_116.335_-2.76434
134.245_116.148_-2.74367
133.784_115.953_-2.73679
133.325_115.755_-2.7299
132.866_115.556_-2.73679
132.427_115.345_-2.60756
132.019_115.08_-2.47833
131.623_114.797_-2.60756
131.194_114.567_-2.73679
130.739_114.394_-2.86601
130.273_114.243_-2.75009
129.818_114.044_-2.68826
129.372_113.82_-2.65385
128.929_113.602_-2.74287
128.467_113.416_-2.79101
127.996_113.25_-2.82543
127.52_113.098_-2.84609
127.041_112.953_-2.85298
126.581_112.795_-2.72376
126.145_112.579_-2.59453
125.74_112.308_-2.4653
125.373_111.988_-2.33608
125.039_111.622_-2.26062
124.714_111.26_-2.38985
124.344_110.939_-2.50577
123.94_110.667_-2.63499
123.505_110.449_-2.76422
123.045_110.289_-2.89345
122.57_110.154_-2.80442
122.102_109.981_-2.75628
121.642_109.788_-2.72186
121.187_109.582_-2.7012
120.735_109.367_-2.69431
120.288_109.176_-2.82354
119.819_109.043_-2.95276
119.338_108.972_-3.08199
118.851_108.964_-3.21121
118.367_109.018_-3.34044
117.886_109.094_-3.21121
117.399_109.107_-3.08199
116.915_109.058_-2.95276
116.441_108.946_-2.82354
115.986_108.774_-2.69431
115.535_108.557_-2.68742
115.085_108.339_-2.69431
114.635_108.121_-2.68742
114.185_107.903_-2.69431
113.735_107.686_-2.68742
113.298_107.456_-2.5984
112.876_107.192_-2.55025
112.464_106.909_-2.51584
112.06_106.615_-2.50895
111.657_106.319_-2.50206
111.259_106.018_-2.4814
110.866_105.709_-2.46073
110.478_105.393_-2.45385
110.093_105.075_-2.44696
109.709_104.754_-2.44007
109.324_104.456_-2.56929
108.902_104.203_-2.67181
108.454_103.988_-2.73364
107.994_103.795_-2.76805
107.528_103.616_-2.78871
107.078_103.428_-2.65949
106.657_103.184_-2.53026
106.27_102.888_-2.40104
105.897_102.575_-2.53026
105.487_102.313_-2.65949
105.042_102.087_-2.69391
104.59_101.873_-2.71457
104.135_101.667_-2.72146
103.678_101.465_-2.72835
103.22_101.265_-2.73523
102.763_101.089_-2.85116
102.303_100.93_-2.72193
101.867_100.713_-2.5927
101.463_100.441_-2.46348
101.344_100.343_-2.42267
100.964_100.038_-2.5519
100.547_99.7786_-2.65441
100.103_99.555_-2.71624
99.6459_99.3543_-2.75066
99.1826_99.1671_-2.77132
98.7231_98.9778_-2.70949
98.2723_98.7636_-2.67507
97.8276_98.5358_-2.65441
97.3863_98.3007_-2.64752
96.9467_98.0626_-2.64063
96.5101_97.8471_-2.76986
96.0494_97.6896_-2.89909
95.5722_97.5928_-3.02831
95.0865_97.5583_-3.15754
94.6005_97.5867_-3.28676
94.1161_97.6367_-3.15754
93.6294_97.6238_-3.02831
93.1484_97.5483_-2.89909
92.6812_97.4115_-2.76986
92.2354_97.2155_-2.64063
91.7963_96.9764_-2.64752
91.3556_96.7404_-2.65441
90.9133_96.5073_-2.6613
90.4694_96.2773_-2.66819
90.0249_96.0484_-2.6613
89.5795_95.8278_-2.72313
89.1212_95.6303_-2.75754
88.6566_95.4462_-2.77821
88.1884_95.2718_-2.79887
87.7171_95.1049_-2.80576
87.2585_94.9272_-2.70324
86.8041_94.723_-2.75138
86.3413_94.5339_-2.75827
85.8823_94.3402_-2.71013
85.4318_94.1555_-2.83936
84.9612_94.0304_-2.96858
84.4785_93.967_-3.09781
83.9916_93.9663_-3.22703
83.4934_94.0078_-3.22014
82.9948_94.0459_-3.21326
82.4961_94.0806_-3.20637
81.9971_94.1118_-3.19948
81.5127_94.1605_-3.3287
81.0309_94.2307_-3.19948
80.544_94.2383_-3.07025
80.0603_94.183_-2.94102
79.5877_94.0659_-2.8118
79.1341_93.8888_-2.68257
78.7072_93.6548_-2.55335
78.3139_93.3677_-2.42412
77.961_93.0323_-2.29489
77.6542_92.6543_-2.16567
77.3987_92.2398_-2.03644
77.1618_91.8144_-2.16567
76.8721_91.4231_-2.29489
76.5344_91.0723_-2.42412
76.1543_90.7681_-2.55335
75.7382_90.5153_-2.68257
75.3112_90.2813_-2.55335
74.918_89.9942_-2.42412
74.565_89.6588_-2.29489
74.2582_89.2807_-2.16567
74.0027_88.8663_-2.03644
73.8027_88.4223_-1.90722
73.6616_87.9563_-1.77799
73.5817_87.476_-1.64876
73.5644_86.9895_-1.51954
73.6099_86.5047_-1.39031
73.6867_86.0151_-1.46577
73.731_85.5189_-1.51391
73.7536_85.0203_-1.54833
73.7637_84.5204_-1.55522
73.7703_84.0205_-1.56211
73.7952_83.5343_-1.43288
73.8825_83.0553_-1.30365
74.0268_82.583_-1.21463
74.208_82.1189_-1.16649
74.4096_81.6623_-1.13207
74.6114_81.2081_-1.1939
74.7898_80.742_-1.22831
74.9544_80.2702_-1.24898
75.1114_79.7955_-1.25586
75.2652_79.3198_-1.26275
75.4219_78.846_-1.22834
75.593_78.3765_-1.20768
75.7716_77.9095_-1.20079
75.9535_77.4438_-1.1939
76.1386_76.9794_-1.18701
76.3268_76.5162_-1.18012
76.5183_76.0544_-1.17323
76.7129_75.5939_-1.16634
76.9107_75.1347_-1.15945
77.1117_74.6769_-1.15256
77.3228_74.2269_-1.09073
77.56_73.7888_-1.04259
77.8148_73.3589_-1.02193
78.0784_72.9345_-1.00127
78.3489_72.514_-0.99438
78.5968_72.0949_-1.12361
78.7885_71.6474_-1.25283
78.9316_71.1729_-1.32829
79.0435_70.6875_-1.37643
79.1366_70.1965_-1.39709
79.2396_69.718_-1.28117
79.3929_69.2468_-1.20572
79.5764_68.7826_-1.1713
79.774_68.3237_-1.15064
79.9809_67.8689_-1.12998
80.1932_67.4162_-1.13686
80.4024_66.9621_-1.14375
80.6084_66.5066_-1.15064
80.8113_66.0496_-1.15753
81.011_65.5913_-1.16442
81.2223_65.1526_-1.0352
81.4883_64.7448_-0.905969
81.8046_64.3747_-0.776743
82.1668_64.042_-0.674226
82.5616_63.7424_-0.598768
82.9518_63.4512_-0.727994
83.3012_63.1121_-0.85722
83.604_62.7308_-0.986446
83.8551_62.3137_-1.11567
84.0534_61.8662_-1.23159
84.2347_61.4143_-1.10237
84.4359_60.9709_-1.23159
84.5783_60.5053_-1.36082
84.6595_60.0253_-1.49005
84.6782_59.5387_-1.61927
84.634_59.0538_-1.7485
84.5683_58.5714_-1.61927
84.5633_58.0819_-1.50335
84.5958_57.583_-1.51024
84.6272_57.0841_-1.50335
84.6643_56.5858_-1.48269
84.7277_56.103_-1.35346
84.8483_55.6242_-1.26444
85.005_55.1903_-1.14201
85.226_54.7564_-1.01279
85.5011_54.3547_-0.883561
85.7938_53.9656_-1.01279
86.0338_53.542_-1.14201
86.2173_53.091_-1.27124
86.3412_52.6201_-1.40047
86.4033_52.1372_-1.52969
86.4027_51.6503_-1.65892
86.3393_51.1676_-1.78814
86.2142_50.697_-1.91737
86.0296_50.2465_-2.0466
85.7884_49.8235_-2.17582
85.4948_49.4352_-2.30505
85.1535_49.0879_-2.43427
84.7691_48.7811_-2.53679
84.3548_48.5044_-2.58493
83.9281_48.2456_-2.61935
83.4933_47.9994_-2.64001
83.053_47.7644_-2.67443
82.6053_47.5425_-2.69509
82.1538_47.3276_-2.70198
81.7009_47.1159_-2.70887
81.2475_46.9052_-2.70198
80.7946_46.6934_-2.70887
80.3412_46.4827_-2.70198
79.8883_46.271_-2.70887
79.4349_46.0603_-2.70198
78.982_45.8486_-2.70887
78.5331_45.6324_-2.66073
78.0917_45.3983_-2.64006
77.6553_45.155_-2.6194
77.2225_44.9047_-2.61251
76.7915_44.6513_-2.60562
76.3591_44.4038_-2.65377
75.9156_44.1749_-2.68818
75.4649_43.9592_-2.70884
75.0106_43.7505_-2.71573
74.5548_43.545_-2.72262
74.0985_43.3406_-2.71573
73.6427_43.1351_-2.72262
73.1865_42.9307_-2.71573
72.7307_42.7252_-2.72262
72.2744_42.5207_-2.71573
71.84_42.301_-2.58651
71.4374_42.0271_-2.45728
71.0671_41.7035_-2.35476
70.7234_41.3444_-2.29294
70.4002_40.9653_-2.2448
70.0804_40.5981_-2.37402
69.716_40.2752_-2.50325
69.3131_40.0019_-2.63247
68.875_39.774_-2.7215
68.4169_39.5781_-2.76964
67.9541_39.3914_-2.73523
67.4964_39.1908_-2.71456
67.0419_38.9826_-2.70767
66.5887_38.7714_-2.70079
66.137_38.557_-2.6939
65.6858_38.3565_-2.78292
65.2165_38.1891_-2.83106
64.7396_38.042_-2.86548
64.2579_37.9091_-2.88614
63.7736_37.7862_-2.9068
63.2871_37.671_-2.91369
62.7998_37.5592_-2.92058
62.3117_37.4507_-2.92747
61.8234_37.3433_-2.92058
61.3354_37.2348_-2.92747
60.852_37.1193_-2.86564
60.3734_36.9778_-2.83123
59.8976_36.824_-2.82434
