configuration 133.385482788_115.927223206_-0.986328190641_0.164792901387_34.5528411865_13.6445770264_-0.541385985877_0.840774175564
length 183.286
time 13.3588
roughness 9.19072e-05
133.385_115.927_-2.8105
132.932_115.75_-2.68127
132.506_115.515_-2.55204
132.113_115.227_-2.42282
131.751_114.891_-2.33379
131.412_114.526_-2.28565
131.081_114.153_-2.32007
130.738_113.789_-2.34073
130.388_113.433_-2.36139
130.031_113.082_-2.36828
129.673_112.734_-2.37517
129.308_112.411_-2.5044
128.905_112.138_-2.63362
128.466_111.908_-2.70908
128.01_111.707_-2.75722
127.546_111.522_-2.77788
127.079_111.343_-2.77099
126.613_111.161_-2.76411
126.149_110.976_-2.75722
125.685_110.79_-2.76411
125.221_110.604_-2.75722
124.756_110.427_-2.81904
124.281_110.277_-2.86718
123.799_110.145_-2.88785
123.315_110.023_-2.90851
122.828_109.908_-2.9154
122.359_109.779_-2.78617
121.91_109.591_-2.65695
121.489_109.346_-2.52772
121.091_109.05_-2.45226
120.71_108.728_-2.41784
120.332_108.422_-2.54707
119.916_108.163_-2.66299
119.471_107.946_-2.73845
119.009_107.758_-2.78659
118.539_107.588_-2.80725
118.07_107.418_-2.77284
117.605_107.235_-2.75217
117.143_107.044_-2.74529
116.682_106.85_-2.7384
116.223_106.653_-2.73151
115.763_106.457_-2.75217
115.3_106.268_-2.75906
114.836_106.083_-2.76595
114.371_105.898_-2.75906
113.907_105.712_-2.76595
113.462_105.515_-2.63672
113.046_105.261_-2.50749
112.667_104.957_-2.37827
112.326_104.605_-2.26235
112.017_104.216_-2.20052
111.714_103.835_-2.32975
111.364_103.496_-2.45897
110.974_103.205_-2.5882
110.549_102.967_-2.71743
110.097_102.786_-2.84665
109.626_102.664_-2.97588
109.138_102.599_-3.0784
108.643_102.58_-3.15385
108.145_102.594_-3.202
107.647_102.63_-3.23641
107.165_102.697_-3.36564
106.686_102.785_-3.23641
106.2_102.81_-3.10719
105.714_102.773_-2.97796
105.437_102.72_-2.90314
104.959_102.591_-2.82769
104.488_102.43_-2.77954
104.021_102.25_-2.75888
103.559_102.06_-2.73822
103.1_101.863_-2.73133
102.64_101.666_-2.75199
102.177_101.478_-2.75888
101.713_101.292_-2.76577
101.248_101.109_-2.77266
100.782_100.928_-2.76577
100.32_100.766_-2.88169
99.8391_100.653_-2.97072
99.3576_100.553_-2.8682
98.8801_100.411_-2.82006
98.4061_100.252_-2.81317
97.9412_100.08_-2.73771
97.4857_99.9082_-2.86694
97.0119_99.7961_-2.99616
96.5276_99.746_-3.12539
96.0343_99.7235_-3.03636
95.5412_99.6611_-2.97454
95.05_99.5725_-2.94012
94.5612_99.4691_-2.91946
94.0737_99.3579_-2.91257
93.6047_99.2273_-2.78334
93.1451_99.042_-2.70789
92.6964_98.8254_-2.65974
92.2552_98.5908_-2.63908
91.8176_98.349_-2.63219
91.403_98.0938_-2.50297
91.0247_97.7873_-2.37374
90.6891_97.4345_-2.24451
90.3954_97.04_-2.142
90.1353_96.6165_-2.08017
89.8801_96.2018_-2.2094
89.5736_95.8236_-2.33862
89.2209_95.4879_-2.46785
88.8278_95.2005_-2.59708
88.401_94.9662_-2.7263
87.9476_94.7888_-2.85553
87.4751_94.6713_-2.98475
86.9914_94.6157_-3.11398
86.5046_94.6229_-3.24321
86.0227_94.6928_-3.37243
85.5444_94.784_-3.24321
85.0584_94.8128_-3.11398
84.5727_94.7788_-2.98475
84.0874_94.6873_-2.89573
83.6079_94.5565_-2.8339
83.1506_94.3895_-2.70468
82.7185_94.1649_-2.57545
82.3191_93.8866_-2.44622
81.9588_93.5591_-2.317
81.6343_93.1868_-2.22797
81.3208_92.8143_-2.3572
80.962_92.4852_-2.48642
80.5636_92.2052_-2.61565
80.1326_91.9788_-2.74488
79.6759_91.8099_-2.8741
79.2122_91.6614_-2.74488
78.7715_91.4544_-2.61565
78.3548_91.1933_-2.51313
77.9588_90.8929_-2.45131
77.5777_90.5707_-2.41689
77.1991_90.2604_-2.53281
76.7858_89.9901_-2.62184
76.3534_89.7664_-2.75106
75.8905_89.5892_-2.82652
75.4149_89.445_-2.88835
74.9491_89.3031_-2.75912
74.5055_89.1024_-2.6299
74.0915_88.8462_-2.50067
73.7139_88.5388_-2.37144
73.3791_88.1853_-2.24222
73.0926_87.7916_-2.11299
72.8593_87.3643_-1.98377
72.6829_86.9104_-1.85454
72.5717_86.4628_-1.73211
72.5637_86.4121_-1.71851
72.5125_85.9279_-1.58929
72.5241_85.4412_-1.46006
72.5967_84.9571_-1.34414
72.7201_84.4771_-1.26868
72.8741_84.0024_-1.23426
73.0494_83.5388_-1.15881
73.2545_83.0838_-1.12439
73.4733_82.6346_-1.10373
73.7013_82.19_-1.08307
73.9366_81.7489_-1.07618
74.1857_81.3306_-0.94695
74.4859_80.9384_-0.857925
74.8186_80.5692_-0.796098
75.1718_80.2165_-0.761681
75.5357_79.8742_-0.74102
75.8807_79.5306_-0.870246
76.1785_79.1454_-0.999472
76.4242_78.725_-1.1287
76.6137_78.2765_-1.25792
76.7438_77.8073_-1.38715
76.8529_77.3328_-1.25792
77.0223_76.8763_-1.1287
77.2476_76.4392_-1.02618
77.482_76.0124_-1.15541
77.6594_75.559_-1.28463
77.8077_75.0834_-1.23649
77.9768_74.6138_-1.20207
78.1601_74.149_-1.18141
78.351_73.6869_-1.17452
78.545_73.2261_-1.16763
78.7508_72.7753_-1.09218
78.9873_72.3368_-1.04403
79.2431_71.9083_-1.00962
79.5195_71.5074_-0.880391
79.8452_71.1455_-0.751165
80.1866_70.7984_-0.880391
80.4805_70.4102_-1.00962
80.725_69.9862_-1.12554
80.9298_69.5333_-1.18736
81.1112_69.0684_-1.22178
81.2582_68.6042_-1.35101
81.3441_68.1249_-1.48023
81.3676_67.6386_-1.60946
81.3281_67.1533_-1.73869
81.2265_66.6771_-1.86791
81.1038_66.206_-1.73869
81.0429_65.7229_-1.60946
81.0447_65.236_-1.48023
81.1092_64.7534_-1.35101
81.2354_64.2832_-1.22178
81.4165_63.8219_-1.14632
81.6289_63.3712_-1.09818
81.8612_62.9295_-1.06376
82.1068_62.4943_-1.0431
82.3596_62.063_-1.03621
82.604_61.6302_-1.09804
82.8261_61.1832_-1.13246
83.0351_60.7294_-1.15312
83.2368_60.2719_-1.16001
83.4354_59.8131_-1.1669
83.6401_59.3602_-1.10507
83.8693_58.9168_-1.07065
84.112_58.48_-1.04999
84.3617_58.0469_-1.0431
84.6145_57.6155_-1.03621
84.8589_57.1827_-1.09804
85.0987_56.759_-0.968814
85.3912_56.3698_-0.839588
85.7314_56.0215_-0.710362
86.0867_55.6886_-0.839588
86.3962_55.3127_-0.968814
86.6547_54.9001_-1.09804
86.8578_54.4576_-1.22727
87.0022_53.9926_-1.35649
87.0855_53.5129_-1.48572
87.1063_53.0265_-1.61494
87.0642_52.5414_-1.74417
86.9814_52.0486_-1.72351
86.9042_51.5547_-1.7304
86.8214_51.0619_-1.75106
86.746_50.6759_-1.78907
86.6205_50.2054_-1.91829
86.4355_49.7551_-2.04752
86.1939_49.3323_-2.17675
85.8999_48.9442_-2.30597
85.5583_48.5973_-2.4352
85.1736_48.2909_-2.53771
84.7588_48.0171_-2.59954
84.3283_47.7645_-2.63396
83.89_47.5246_-2.65462
83.4468_47.2939_-2.67528
82.9987_47.0822_-2.75074
82.5351_46.8998_-2.79888
82.0633_46.7351_-2.81954
81.5883_46.5803_-2.8402
81.1105_46.4329_-2.84709
80.651_46.272_-2.71787
80.207_46.0558_-2.62884
79.7768_45.8044_-2.5807
79.3556_45.5357_-2.56004
78.9399_45.2584_-2.53938
78.5274_44.9998_-2.6686
78.0807_44.7852_-2.74406
77.6183_44.5997_-2.7922
77.1477_44.4319_-2.81286
76.6741_44.2716_-2.81975
76.2041_44.1064_-2.77161
75.7408_43.9206_-2.7372
75.2828_43.7209_-2.71653
74.8278_43.5137_-2.70964
74.3743_43.3033_-2.70276
73.9212_43.0919_-2.70964
73.4667_42.8837_-2.71653
73.0107_42.6785_-2.72342
72.5534_42.4766_-2.73031
72.0956_42.2756_-2.72342
71.6372_42.0782_-2.75784
71.1732_41.8921_-2.76473
70.7079_41.7091_-2.77162
70.2413_41.5294_-2.77851
69.7736_41.3529_-2.7854
69.3046_41.1797_-2.79229
68.8344_41.0096_-2.79917
68.3631_40.8429_-2.80606
67.8914_40.6771_-2.79917
67.4201_40.5104_-2.80606
66.9675_40.3307_-2.67684
66.5356_40.0955_-2.57432
66.122_39.8199_-2.51249
65.7218_39.5216_-2.47808
65.3287_39.2128_-2.47119
64.9347_38.9267_-2.60041
64.5041_38.6849_-2.68944
64.0525_38.4745_-2.73758
63.5914_38.2835_-2.772
63.1242_38.1062_-2.79266
62.654_37.9364_-2.79955
62.1834_37.7676_-2.79266
61.7132_37.5978_-2.79955
61.2426_37.429_-2.79266
60.7723_37.2591_-2.79955
60.3076_37.0828_-2.73772
59.851_36.8815_-2.70331
59.4_36.6663_-2.68265
58.9523_36.4438_-2.67576
58.5061_36.2182_-2.66887
58.0594_36.0037_-2.74432
57.5969_35.8183_-2.79247
57.126_35.6529_-2.82688
56.6498_35.5015_-2.84755
56.171_35.3577_-2.85443
55.7103_35.2002_-2.72521
55.2705_34.9853_-2.60929
54.8475_34.7243_-2.54746
54.4372_34.4402_-2.51304
54.0351_34.1436_-2.49238
53.6342_33.8628_-2.6083
53.2012_33.6216_-2.68376
52.774_33.3881_-2.55454
52.3804_33.1014_-2.42531
52.0271_32.7665_-2.29608
51.6889_32.4161_-2.42531
51.3085_32.1123_-2.55454
50.892_31.86_-2.68376
50.4466_31.6635_-2.81299
49.9795_31.5261_-2.94221
49.4986_31.4499_-3.07144
49.0119_31.4364_-3.20067
48.5275_31.4857_-3.32989
48.0535_31.5971_-3.45912
47.5946_31.7675_-3.57504
47.1445_31.9531_-3.44581
46.6742_32.0791_-3.31659
46.1916_32.1435_-3.18736
45.7047_32.1452_-3.05813
45.2217_32.084_-2.92891
44.7475_31.9625_-2.81299
44.2826_31.7909_-2.73753
43.826_31.5895_-2.70311
43.3943_31.3643_-2.57389
42.9952_31.0853_-2.44466
42.6355_30.7572_-2.31543
42.3146_30.3845_-2.21292
42.0252_29.9805_-2.15109
41.7412_29.5849_-2.28032
41.4086_29.2293_-2.40954
41.0606_28.8888_-2.28032
40.7501_28.5049_-2.19129
40.4669_28.0949_-2.14315
40.1861_27.6972_-2.27238
39.8564_27.3389_-2.4016
39.4832_27.0262_-2.53083
39.0729_26.7641_-2.66005
38.6322_26.5571_-2.78928
38.1715_26.3745_-2.71382
37.7198_26.1623_-2.67941
37.2741_25.9364_-2.65874
36.8331_25.7013_-2.63808
36.3958_25.4591_-2.63119
35.9572_25.2253_-2.69302
35.5049_25.0164_-2.74116
35.0434_24.8248_-2.76182
34.5781_24.6428_-2.78249
34.1096_24.4681_-2.78937
33.6601_24.281_-2.66015
33.2385_24.0374_-2.53092
32.8518_23.7416_-2.4017
32.5065_23.3984_-2.27247
32.2082_23.0135_-2.14324
31.962_22.5934_-2.01402
31.7721_22.1451_-1.88479
31.6414_21.6761_-1.75557
31.5724_21.1941_-1.62634
31.566_20.7073_-1.49711
31.6223_20.2237_-1.36789
31.7406_19.7513_-1.23866
31.9153_19.2894_-1.14964
32.1278_18.8401_-1.08781
32.3646_18.4008_-1.05339
32.6065_17.9642_-1.08781
32.8355_17.5201_-1.10847
33.0553_17.0714_-1.12913
33.2679_16.6189_-1.13602
33.4775_16.165_-1.14291
33.6839_15.7096_-1.1498
33.8872_15.2528_-1.15669
34.0894_14.7956_-1.1498
34.2927_14.3388_-1.15669
34.4928_13.8807_-1.16358
