configuration -14.0353517532_151.94859314_0.0_1.0_147.259887695_176.039077759_0.145212769539_0.989400450557
length 186.04
time 8.73537
roughness 6.99519e-05
-14.0354_151.949_-0
-13.5399_151.961_0.0754582
-13.0438_152.006_0.1236
-12.5484_152.072_0.144262
-12.0544_152.147_0.164924
-11.5614_152.23_0.171813
-11.0692_152.307_0.123671
-10.573_152.365_0.103009
-10.0756_152.413_0.0823474
-9.57726_152.453_0.0754582
-9.07863_152.49_0.0685689
-8.58114_152.53_0.102986
-8.08448_152.585_0.123647
-7.58848_152.647_0.130537
-7.09292_152.714_0.137426
-6.59783_152.783_0.144315
-6.1046_152.845_0.0824884
-5.60677_152.88_0.0480718
-5.10752_152.901_0.0274101
-4.60796_152.911_0.0067483
-4.108_152.913_-0.000140911
-3.62155_152.892_-0.129367
-3.13629_152.813_-0.231884
-2.65811_152.721_-0.102658
-2.1721_152.692_0.0265684
-1.68637_152.725_0.155795
-1.19387_152.792_0.093968
-0.696487_152.833_0.0595514
-0.19751_152.86_0.0388896
0.301904_152.876_0.0182279
0.801804_152.883_0.0113387
1.28846_152.868_-0.117887
1.772_152.792_-0.233808
2.25107_152.665_-0.309266
2.7247_152.508_-0.343683
3.19264_152.335_-0.3781
3.65855_152.158_-0.329958
4.13237_151.999_-0.309296
4.60936_151.851_-0.288634
5.08897_151.709_-0.281745
5.56954_151.572_-0.274856
6.03213_151.42_-0.404082
6.47129_151.209_-0.533308
6.8797_150.944_-0.662534
7.12345_150.748_-0.710192
7.16248_150.715_-0.696589
7.54885_150.418_-0.567363
7.97017_150.174_-0.438137
8.41943_149.987_-0.308911
8.88913_149.858_-0.179685
9.37144_149.792_-0.0504584
9.86317_149.784_0.0520583
10.3589_149.82_0.113885
10.8541_149.882_0.148302
11.3477_149.959_0.168963
11.8404_150.044_0.175852
12.3328_150.131_0.168963
12.8259_150.214_0.162074
13.3195_150.293_0.155185
13.8136_150.369_0.148296
14.3079_150.444_0.155185
14.8021_150.518_0.134523
15.2977_150.584_0.127634
15.7937_150.647_0.120745
16.2902_150.706_0.113855
16.787_150.761_0.106966
17.2783_150.827_0.182424
17.7667_150.925_0.230567
18.2524_151.042_0.251228
18.7355_151.17_0.27189
19.2168_151.305_0.278779
19.6965_151.43_0.203321
20.186_151.522_0.155179
20.6802_151.596_0.134517
21.1758_151.66_0.113855
21.6726_151.716_0.106966
22.1695_151.763_0.0725496
22.668_151.796_0.0518879
23.1674_151.821_0.0449986
23.6669_151.842_0.0381094
24.1665_151.86_0.0312202
24.6521_151.896_0.160446
25.129_151.994_0.289672
25.5979_152.149_0.378698
26.0578_152.34_0.42684
26.5097_152.552_0.461257
26.9545_152.75_0.332031
27.4211_152.889_0.202804
27.9076_152.974_0.113779
28.4034_153.023_0.0656369
28.9022_153.052_0.0449751
29.3966_153.087_0.120433
29.8902_153.155_0.168575
30.3821_153.242_0.189237
30.8722_153.339_0.209899
31.361_153.445_0.216788
31.8316_153.57_0.346014
32.2822_153.754_0.47524
32.7171_153.992_0.550699
33.1394_154.258_0.585115
33.554_154.536_0.605777
33.9657_154.797_0.476551
34.4074_155.001_0.347325
34.8752_155.153_0.244808
35.3604_155.266_0.196666
35.851_155.358_0.162249
36.3277_155.457_0.291475
36.7937_155.614_0.393992
37.2487_155.814_0.455819
37.6942_156.039_0.490235
38.1334_156.277_0.510897
38.566_156.526_0.545314
38.9914_156.788_0.565975
39.4113_157.059_0.586637
39.827_157.337_0.593526
40.2408_157.618_0.600416
40.6493_157.904_0.634832
41.0496_158.203_0.655494
41.4227_158.516_0.78472
41.7523_158.875_0.913946
42.033_159.272_1.04317
42.2601_159.703_1.1724
42.4298_160.159_1.30162
42.5393_160.634_1.43085
42.574_160.939_1.51247
42.5754_160.965_1.51927
42.6211_161.45_1.39004
42.7289_161.925_1.26082
42.8969_162.382_1.13159
43.1224_162.813_1.00236
43.4017_163.212_0.873138
43.73_163.572_0.743912
44.1019_163.886_0.614686
44.5112_164.149_0.48546
44.9511_164.358_0.356233
45.4142_164.508_0.227007
45.8992_164.626_0.261424
46.381_164.759_0.282086
46.8608_164.899_0.288975
47.3397_165.043_0.295864
47.8176_165.19_0.302753
48.2908_165.346_0.350895
48.7588_165.521_0.371557
49.2231_165.705_0.392219
49.6847_165.897_0.399108
50.1449_166.093_0.405997
50.5999_166.266_0.276771
51.0735_166.379_0.147545
51.5621_166.435_0.0450284
52.059_166.447_-0.0167981
52.5579_166.433_-0.0512148
53.0547_166.418_0.0106117
53.5537_166.429_0.0450284
54.0527_166.455_0.0656901
54.551_166.491_0.0863519
55.049_166.535_0.0932411
55.5314_166.601_0.222467
56.0014_166.728_0.351693
56.4509_166.915_0.480919
56.8727_167.159_0.610146
57.2595_167.454_0.739372
57.6329_167.767_0.610146
58.046_168.041_0.534687
58.4786_168.282_0.459229
58.9275_168.488_0.370204
59.3885_168.645_0.240978
59.8725_168.751_0.16552
60.3652_168.825_0.117377
60.8459_168.903_0.246604
61.3126_169.041_0.37583
61.7575_169.239_0.505056
62.1825_169.491_0.594081
62.5773_169.78_0.710002
62.9422_170.113_0.799027
63.2962_170.447_0.669801
63.6904_170.733_0.540575
64.1181_170.966_0.411349
64.5732_171.17_0.445766
65.0211_171.391_0.480182
65.462_171.597_0.350956
65.9259_171.745_0.22173
66.4129_171.844_0.159904
66.8899_171.942_0.28913
67.3563_172.098_0.391646
67.8117_172.297_0.453473
68.256_172.523_0.501615
68.6924_172.766_0.522277
69.1243_172.991_0.393051
69.5816_173.158_0.263825
70.0566_173.265_0.134599
70.5492_173.319_0.0591404
71.0477_173.343_0.0247237
71.5345_173.334_-0.104502
72.0162_173.263_-0.233729
72.4942_173.17_-0.104502
72.9826_173.138_0.0114184
73.0851_173.14_0.0386239
73.584_173.154_0.00420725
74.0837_173.152_-0.0164545
74.5832_173.141_-0.0371163
75.0828_173.121_-0.0440055
75.5822_173.098_-0.0508947
76.067_173.052_-0.180121
76.5419_172.945_-0.309347
76.999_172.777_-0.438573
77.4423_172.556_-0.514031
77.874_172.305_-0.548448
77.9611_172.251_-0.575653
78.3803_172.004_-0.446427
78.8102_171.775_-0.575653
79.207_171.493_-0.704879
79.5642_171.162_-0.834106
79.5814_171.143_-0.840907
79.8904_170.767_-0.970133
80.1483_170.354_-1.09936
80.3508_169.911_-1.22859
80.4946_169.446_-1.35781
80.5773_168.966_-1.48704
80.6385_168.483_-1.35781
80.7602_168.009_-1.24189
80.9304_167.542_-1.18006
81.1257_167.082_-1.14565
81.3349_166.629_-1.12499
81.5261_166.181_-1.25421
81.6606_165.71_-1.37013
81.7373_165.229_-1.49936
81.7515_164.743_-1.62858
81.7028_164.258_-1.75781
81.6326_163.776_-1.62858
81.6251_163.29_-1.49936
81.6749_162.798_-1.41033
81.7643_162.309_-1.34851
81.8799_161.824_-1.31409
82.0193_161.35_-1.22506
82.1957_160.884_-1.17692
82.3925_160.426_-1.14251
82.6031_159.972_-1.12184
82.8211_159.523_-1.11495
83.0538_159.095_-0.985729
83.3396_158.701_-0.856503
83.6739_158.347_-0.727277
84.0521_158.032_-0.62476
84.4612_157.75_-0.562933
84.8615_157.473_-0.692159
85.2229_157.147_-0.821386
85.5391_156.776_-0.950612
85.8051_156.369_-1.07984
86.0162_155.93_-1.20906
86.2077_155.482_-1.07984
86.4552_155.063_-0.950612
86.7547_154.679_-0.821386
87.1012_154.337_-0.692159
87.4889_154.042_-0.562933
87.9113_153.8_-0.433707
88.3614_153.614_-0.304481
88.8316_153.488_-0.175255
89.3142_153.424_-0.0460288
89.806_153.418_0.0564879
90.2905_153.466_0.185714
90.773_153.571_0.274739
91.2503_153.714_0.322882
91.723_153.876_0.343543
92.1923_154.047_0.364205
92.6591_154.227_0.371094
93.1246_154.409_0.377984
93.5888_154.595_0.384873
94.0526_154.781_0.377984
94.5169_154.967_0.384873
94.9787_155.158_0.405535
95.4377_155.356_0.412424
95.8952_155.557_0.419313
96.3524_155.76_0.412424
96.8099_155.961_0.419313
97.268_156.154_0.357486
97.7375_156.324_0.32307
98.2124_156.479_0.302408
98.69_156.627_0.295519
99.1686_156.771_0.28863
99.6486_156.91_0.267968
100.131_157.041_0.261079
100.614_157.169_0.254189
101.099_157.294_0.2473
101.584_157.415_0.240411
102.064_157.544_0.302238
102.538_157.698_0.336654
103.009_157.866_0.357316
103.476_158.044_0.377978
103.94_158.229_0.384867
104.403_158.418_0.391756
104.866_158.608_0.384867
105.329_158.797_0.391756
105.791_158.987_0.384867
106.255_159.173_0.377978
106.719_159.359_0.384867
107.182_159.548_0.391756
107.645_159.737_0.384867
108.108_159.926_0.391756
108.57_160.116_0.384867
109.029_160.279_0.255641
109.508_160.388_0.153124
110_160.451_0.0776658
110.497_160.482_0.0295237
110.996_160.491_-0.00489296
111.483_160.509_0.124333
111.963_160.59_0.253559
112.439_160.726_0.329017
112.91_160.893_0.363434
113.376_161.074_0.384096
113.838_161.264_0.404758
114.297_161.462_0.411647
114.754_161.663_0.418536
115.212_161.865_0.411647
115.669_162.066_0.418536
116.127_162.268_0.411647
116.584_162.469_0.418536
117.042_162.672_0.411647
117.499_162.873_0.418536
117.957_163.075_0.411647
118.414_163.276_0.418536
118.871_163.48_0.425425
119.327_163.686_0.418536
119.784_163.888_0.411647
120.242_164.089_0.418536
120.7_164.281_0.356709
121.169_164.448_0.308567
121.647_164.596_0.287906
122.126_164.737_0.281016
122.607_164.875_0.274127
123.07_165.026_0.403353
123.509_165.236_0.532579
123.924_165.5_0.635096
124.315_165.804_0.710554
124.698_166.106_0.581328
125.118_166.367_0.50587
125.558_166.602_0.457728
126.008_166.819_0.437066
126.461_167.03_0.430177
126.916_167.238_0.423288
127.372_167.442_0.416399
127.83_167.643_0.409509
128.289_167.841_0.40262
128.749_168.038_0.409509
129.208_168.236_0.40262
129.667_168.433_0.409509
130.127_168.631_0.40262
130.586_168.828_0.409509
131.045_169.026_0.40262
131.505_169.223_0.409509
131.964_169.421_0.40262
132.423_169.618_0.409509
132.882_169.816_0.40262
133.342_170.013_0.409509
133.801_170.211_0.40262
134.257_170.382_0.273394
134.731_170.494_0.144168
135.209_170.584_0.273394
135.672_170.735_0.40262
136.118_170.943_0.505137
136.557_171.18_0.47072
137.004_171.403_0.450058
137.455_171.62_0.443169
137.907_171.833_0.43628
138.36_172.043_0.429391
138.815_172.251_0.422502
139.272_172.454_0.415612
139.729_172.657_0.422502
140.185_172.861_0.415612
140.642_173.064_0.422502
141.099_173.268_0.415612
141.556_173.471_0.422502
142.011_173.677_0.429391
142.466_173.884_0.422502
142.923_174.088_0.415612
143.381_174.28_0.353786
143.845_174.429_0.22456
144.324_174.517_0.0953337
144.81_174.543_-0.0338925
145.297_174.547_0.0953337
145.779_174.614_0.22456
146.249_174.742_0.353786
146.716_174.918_0.374448
147.179_175.106_0.408864
