configuration 161.70602417_-18.2518405914_0.169978369946_0.985447793519_193.750076294_109.599342346_0.85380148664_0.520598714377
length 185.785
time 13.3602
roughness 0.000108166
161.706_-18.2518_0.341615
162.157_-18.0694_0.470842
162.582_-17.8304_0.600068
162.971_-17.5386_0.729294
163.32_-17.1991_0.85852
163.623_-16.8174_0.987746
163.908_-16.4227_0.85852
164.241_-16.068_0.729294
164.618_-15.7593_0.600068
165.031_-15.5016_0.470842
165.474_-15.2993_0.341615
165.939_-15.1558_0.212389
166.419_-15.0734_0.0831632
166.914_-15.0446_0.00770504
167.411_-15.051_-0.0541215
167.909_-15.0837_-0.0885381
168.395_-15.1062_0.040688
168.88_-15.0658_0.169914
169.356_-14.9632_0.29914
169.815_-14.8001_0.428366
170.249_-14.5792_0.557592
170.651_-14.3043_0.686819
171.014_-13.9799_0.816045
171.332_-13.6114_0.945271
171.6_-13.205_1.0745
171.814_-12.7674_1.20372
171.977_-12.3015_1.29275
172.106_-11.8203_1.34089
172.237_-11.3513_1.21166
172.428_-10.9032_1.08244
172.674_-10.4832_0.953212
172.972_-10.0986_0.823986
173.318_-9.75563_0.69476
173.705_-9.46005_0.565534
174.127_-9.2168_0.436308
174.576_-9.02993_0.307082
175.046_-8.90255_0.177856
175.529_-8.8368_0.0486294
176.014_-8.79254_0.177856
176.489_-8.68617_0.307082
176.946_-8.51946_0.436308
177.378_-8.29518_0.565534
177.778_-8.01709_0.69476
178.165_-7.72151_0.565534
178.587_-7.47826_0.436308
179.04_-7.28284_0.347282
179.511_-7.1208_0.29914
179.99_-6.9792_0.264724
180.465_-6.87183_0.135497
180.95_-6.82657_0.00627134
181.436_-6.84415_-0.122955
181.916_-6.92429_-0.252181
182.382_-7.06565_-0.381407
182.842_-7.22757_-0.252181
183.323_-7.33665_-0.163155
183.816_-7.40969_-0.115013
184.312_-7.46128_-0.0805967
184.811_-7.49808_-0.0599349
185.295_-7.54781_-0.189161
185.769_-7.65955_-0.318387
186.237_-7.79223_-0.189161
186.726_-7.87321_-0.113703
187.197_-7.92175_-0.0810977
187.688_-7.94499_0.0214191
188.183_-7.92198_0.0968773
188.678_-7.86586_0.145019
189.156_-7.77514_0.274246
189.622_-7.6247_0.390166
190.064_-7.4206_0.519392
190.476_-7.16124_0.648619
190.851_-6.85093_0.777845
191.193_-6.49418_0.86687
191.507_-6.10876_0.928697
191.815_-5.73154_0.799471
192.169_-5.38776_0.710445
192.552_-5.07142_0.648619
192.954_-4.77685_0.600476
193.369_-4.49959_0.56606
193.769_-4.22128_0.695286
194.129_-3.89382_0.824512
194.444_-3.52265_0.953738
194.709_-3.11396_1.08296
194.919_-2.67458_1.21219
195.07_-2.21183_1.34142
195.166_-1.72941_1.44393
195.218_-1.23517_1.50576
195.245_-0.736807_1.54018
195.257_-0.237277_1.56084
195.241_0.249357_1.69006
195.164_0.73279_1.80599
195.039_1.21366_1.86781
194.887_1.68919_1.90223
194.721_2.16054_1.92289
194.573_2.62426_1.79366
194.48_3.1073_1.69115
194.429_3.6028_1.64301
194.398_4.10096_1.60859
194.383_4.60039_1.58793
194.354_5.08642_1.71715
194.264_5.5676_1.83307
194.125_6.04489_1.8949
193.961_6.51614_1.92932
193.782_6.98282_1.94998
193.622_7.44236_1.82075
193.519_7.92091_1.70483
193.462_8.41474_1.64301
193.432_8.91291_1.60859
193.417_9.41234_1.58793
193.388_9.89837_1.71715
193.301_10.3846_1.80618
193.177_10.8671_1.85432
193.032_11.3447_1.88874
192.873_11.8182_1.9094
192.695_12.279_1.99842
192.481_12.7289_2.04657
192.248_13.1699_2.08098
192.002_13.6057_2.08787
191.754_14.0397_2.09476
191.51_14.4747_2.06034
191.278_14.9173_2.03968
191.053_15.3638_2.03279
190.831_15.8118_2.0259
190.612_16.2614_2.01902
190.383_16.6909_2.14824
190.1_17.0872_2.27747
189.768_17.4438_2.40669
189.421_17.7852_2.27747
189.197_18.0653_2.18225
188.935_18.4755_2.05302
188.727_18.916_1.9238
188.568_19.3852_1.84834
188.441_19.8659_1.78651
188.343_20.3542_1.73837
188.243_20.8334_1.85429
188.094_21.3076_1.91612
187.919_21.7753_1.95053
187.731_22.2381_1.97119
187.535_22.698_1.97808
187.336_23.1566_1.98497
187.136_23.6148_1.97808
186.937_24.0734_1.98497
186.737_24.5316_1.97808
186.537_24.9902_1.98497
186.358_25.4454_1.86905
186.224_25.9226_1.79359
186.119_26.4106_1.75918
186.029_26.9021_1.73852
185.947_27.3952_1.73163
185.849_27.8721_1.86085
185.69_28.3323_1.99008
185.473_28.7682_2.11931
185.201_29.1726_2.24853
185.153_29.2322_2.26894
184.856_29.6181_2.13971
184.605_30.0411_2.03719
184.391_30.4896_1.97537
184.2_30.9506_1.94095
184.022_31.4177_1.92029
183.836_31.8677_2.04951
183.607_32.2682_2.17194
183.427_32.5172_2.25355
183.294_32.674_2.30797
183.189_32.7865_2.34877
182.863_33.1475_2.21955
182.585_33.5476_2.09032
182.362_33.9801_1.9611
182.196_34.4378_1.83187
182.09_34.9131_1.70264
182.006_35.3927_1.83187
181.866_35.8681_1.90733
181.694_36.3357_1.95547
181.503_36.7975_1.97613
181.305_37.2565_1.98302
181.104_37.7141_1.98991
180.899_38.1704_1.9968
180.693_38.6261_1.98991
180.489_39.0823_1.9968
180.283_39.5381_1.98991
180.075_39.9916_2.02433
179.853_40.4393_2.04499
179.624_40.8835_2.05188
179.391_41.3262_2.05877
179.156_41.7673_2.06566
178.94_42.2066_1.94974
178.768_42.6715_1.87428
178.627_43.1492_1.82614
178.504_43.6335_1.80547
178.391_44.1203_1.78481
178.268_44.5913_1.91404
178.088_45.0512_2.00306
177.872_45.5002_2.05121
177.636_45.9401_2.08562
177.386_46.3717_2.12004
177.149_46.7973_1.99081
176.97_47.2499_1.86159
176.811_47.71_1.99081
176.593_48.1458_2.12004
176.357_48.5715_1.99081
176.178_49.0241_1.86159
176.058_49.496_1.73236
175.959_49.9728_1.86159
175.8_50.4329_1.99081
175.583_50.8687_2.12004
175.311_51.2728_2.24926
174.99_51.6386_2.37849
174.653_51.9897_2.24926
174.363_52.3814_2.12004
174.127_52.8071_1.99081
173.942_53.2626_1.8883
173.796_53.7379_1.82647
173.693_54.2138_1.69724
173.652_54.699_1.56802
173.674_55.1853_1.43879
173.756_55.6704_1.33627
173.879_56.1531_1.28813
173.995_56.626_1.41736
174.049_57.1098_1.54658
174.04_57.5967_1.67581
173.969_58.0783_1.80504
173.836_58.5466_1.93426
173.643_58.994_2.06349
173.395_59.4128_2.19271
173.095_59.7962_2.32194
172.747_60.1409_2.43786
172.362_60.4521_2.51332
171.98_60.7547_2.38409
171.641_61.1039_2.25487
171.35_61.4939_2.12564
171.111_61.9183_1.99642
170.929_62.3699_1.86719
170.796_62.8473_1.79173
170.707_63.3286_1.67581
170.667_63.8226_1.60035
170.658_64.3216_1.56594
170.64_64.8082_1.69516
170.561_65.2912_1.81108
170.431_65.7695_1.88654
170.269_66.2405_1.93468
170.088_66.7062_1.95534
169.89_67.1608_2.0308
169.662_67.6036_2.07894
169.416_68.0385_2.09961
169.161_68.4681_2.12027
168.899_68.8939_2.12716
168.624_69.2961_2.25638
168.3_69.6596_2.38561
167.932_69.9783_2.51484
167.764_70.0956_2.56925
167.742_70.1094_2.57605
167.343_70.3875_2.44682
166.982_70.7148_2.3176
166.667_71.0858_2.18837
166.39_71.4969_2.11291
166.14_71.9278_2.06477
165.928_72.3658_1.93554
165.773_72.8277_1.80632
165.68_73.3055_1.67709
165.608_73.787_1.80632
165.474_74.2552_1.93554
165.281_74.7023_2.06477
165.033_75.1208_2.194
164.732_75.5038_2.32322
164.4_75.8735_2.2614
164.089_76.2626_2.21325
163.814_76.6645_2.08403
163.593_77.0984_1.9548
163.43_77.5571_1.82557
163.309_78.0415_1.79116
163.199_78.5291_1.79805
163.129_78.8369_1.785
163.043_79.3188_1.66908
163.009_79.8115_1.58005
163.026_80.2981_1.45083
163.104_80.7786_1.3216
163.244_81.2449_1.19237
163.442_81.6926_1.07645
163.691_82.111_0.947226
163.992_82.4938_0.818
164.34_82.8347_0.688774
164.48_82.9466_0.641164
164.882_83.2211_0.511938
165.316_83.4414_0.382712
165.777_83.6067_0.266791
166.259_83.7279_0.204965
166.749_83.8239_0.170548
167.228_83.9253_0.286469
167.702_84.0755_0.348295
168.169_84.2512_0.382712
168.631_84.441_0.403374
169.09_84.6383_0.410263
169.528_84.8512_0.539489
169.938_85.1185_0.65541
170.326_85.4295_0.717237
170.698_85.7618_0.751653
171.061_86.1055_0.772315
171.424_86.4302_0.643089
171.827_86.7085_0.527168
172.261_86.9471_0.45171
172.712_87.1598_0.417293
173.171_87.3591_0.396631
173.627_87.528_0.267405
174.102_87.6366_0.138179
174.587_87.6832_0.00895311
175.073_87.7082_0.138179
175.174_87.7232_0.165385
175.651_87.8237_0.294611
176.119_87.9809_0.383636
176.576_88.1764_0.445463
177.024_88.3966_0.479879
177.465_88.6303_0.500541
177.906_88.8624_0.452399
178.357_89.0777_0.431737
178.812_89.2858_0.424848
179.268_89.4909_0.417959
179.725_89.6928_0.41107
180.184_89.8915_0.40418
180.644_90.0871_0.397291
181.105_90.2816_0.40418
181.565_90.4771_0.397291
182.025_90.6716_0.40418
182.484_90.8693_0.41107
182.942_91.0701_0.417959
183.4_91.272_0.41107
183.858_91.4728_0.417959
184.315_91.6747_0.41107
184.774_91.8712_0.390408
185.237_92.0604_0.383519
185.701_92.2465_0.376629
186.167_92.4293_0.36974
186.632_92.611_0.376629
187.092_92.7707_0.247403
187.569_92.8699_0.118177
188.054_92.9067_-0.0110489
188.541_92.8807_-0.140275
189.019_92.7923_-0.269501
189.494_92.6826_-0.140275
189.981_92.6327_-0.0243542
190.475_92.6353_0.0646712
190.959_92.6873_0.193897
191.432_92.8013_0.323123
191.887_92.9753_0.45235
192.315_93.2065_0.581576
192.72_93.4898_0.670601
193.105_93.8056_0.718743
193.477_94.1385_0.75316
193.846_94.4562_0.623934
194.253_94.7236_0.494708
194.691_94.9364_0.365482
195.158_95.1019_0.290023
195.637_95.2342_0.228197
196.106_95.3644_0.357423
196.555_95.5539_0.486649
196.975_95.7996_0.615875
197.36_96.0975_0.745101
197.704_96.4425_0.874327
198_96.8289_1.00355
198.244_97.2502_1.13278
198.431_97.6995_1.26201
198.56_98.1692_1.39123
198.626_98.6516_1.52046
198.63_99.1384_1.64968
198.571_99.6217_1.77891
198.453_100.099_1.88143
198.292_100.569_1.94325
198.103_101.03_1.9914
197.896_101.485_2.01206
197.679_101.935_2.03272
197.456_102.382_2.03961
197.229_102.828_2.0465
197.001_103.273_2.03961
196.785_103.721_1.97778
196.595_104.181_1.92964
196.405_104.63_2.05887
196.159_105.05_2.18809
195.861_105.434_2.31732
195.545_105.805_2.18809
195.281_106.214_2.05887
195.071_106.653_1.92964
194.919_107.116_1.80041
194.857_107.417_1.7188
194.765_107.896_1.84802
194.615_108.364_1.95054
194.421_108.822_2.01237
194.201_109.268_2.06051
193.954_109.691_2.17643
