configuration 176.556686401_134.7056427_-0.977472527886_0.211062685542_59.5791053772_36.8438796997_0.982426073578_-0.18665210943
length 191.213
time 7.37456
roughness 8.00818e-05
176.557_134.706_-2.71627
176.116_134.488_-2.61375
175.692_134.229_-2.55193
175.28_133.946_-2.51751
174.877_133.652_-2.49685
174.478_133.35_-2.48996
174.076_133.06_-2.56542
173.654_132.795_-2.61356
173.221_132.546_-2.63422
172.782_132.306_-2.65488
172.34_132.073_-2.66177
171.895_131.856_-2.73723
171.434_131.667_-2.78537
170.964_131.498_-2.81979
170.489_131.344_-2.84045
170.011_131.196_-2.84734
169.552_131.036_-2.71811
169.108_130.82_-2.62909
168.677_130.568_-2.58094
168.258_130.298_-2.54653
167.846_130.015_-2.52587
167.434_129.742_-2.61489
167_129.501_-2.67672
166.551_129.282_-2.71114
166.096_129.077_-2.7318
165.637_128.879_-2.73869
165.176_128.684_-2.74558
164.719_128.515_-2.8748
164.245_128.407_-3.00403
163.751_128.349_-3.06585
163.264_128.333_-3.19508
162.78_128.379_-3.32431
162.298_128.447_-3.19508
161.811_128.453_-3.06585
161.327_128.395_-2.93663
160.845_128.282_-2.86117
160.368_128.137_-2.81303
159.897_127.972_-2.79237
159.428_127.798_-2.7717
158.962_127.616_-2.76481
158.499_127.429_-2.74415
158.039_127.235_-2.73726
157.579_127.037_-2.73037
157.122_126.836_-2.72349
156.664_126.634_-2.73037
156.227_126.421_-2.60115
155.82_126.153_-2.47192
155.439_125.836_-2.39646
155.076_125.493_-2.36205
154.723_125.139_-2.34139
154.37_124.805_-2.47061
153.975_124.515_-2.58653
153.547_124.262_-2.64836
153.105_124.031_-2.68278
152.656_123.812_-2.70344
152.224_123.587_-2.57421
151.815_123.31_-2.48519
151.426_123_-2.43704
151.047_122.673_-2.41638
150.674_122.341_-2.40949
150.3_122.009_-2.43015
149.92_121.684_-2.43704
149.539_121.361_-2.44393
149.155_121.041_-2.45082
148.769_120.723_-2.45771
148.379_120.432_-2.58694
147.952_120.187_-2.68945
147.501_119.979_-2.75128
147.037_119.794_-2.7857
146.567_119.623_-2.80636
146.115_119.444_-2.67713
145.671_119.244_-2.80636
145.205_119.104_-2.93559
144.724_119.025_-3.06481
144.622_119.018_-3.09202
144.137_118.973_-2.96279
143.656_118.869_-2.86027
143.18_118.723_-2.81213
142.71_118.556_-2.77772
142.244_118.375_-2.75705
141.779_118.191_-2.77772
141.332_117.999_-2.64849
140.913_117.75_-2.51926
140.53_117.45_-2.39004
140.169_117.105_-2.35562
139.811_116.775_-2.48485
139.413_116.495_-2.61407
138.982_116.268_-2.7433
138.526_116.098_-2.87253
138.052_115.989_-3.00175
137.567_115.941_-3.13098
137.08_115.957_-3.2602
136.6_116.035_-3.38943
136.123_116.134_-3.2602
135.633_116.205_-3.33566
135.143_116.305_-3.35632
134.654_116.408_-3.33566
134.479_116.445_-3.38327
134.001_116.542_-3.25405
133.516_116.576_-3.12482
133.03_116.547_-2.99559
132.551_116.456_-2.86637
132.089_116.304_-2.73714
131.629_116.108_-2.74403
131.168_115.913_-2.73714
130.708_115.718_-2.74403
130.248_115.523_-2.73714
129.788_115.327_-2.74403
129.347_115.12_-2.6148
128.937_114.858_-2.48558
128.555_114.545_-2.39655
128.194_114.201_-2.34841
127.846_113.843_-2.32775
127.515_113.474_-2.25229
127.207_113.082_-2.20415
126.914_112.677_-2.18349
126.627_112.268_-2.1766
126.344_111.856_-2.16971
126.052_111.466_-2.29893
125.713_111.117_-2.42816
125.332_110.814_-2.55739
124.915_110.563_-2.68661
124.464_110.356_-2.76207
124.005_110.195_-2.8913
123.528_110.095_-3.02052
123.043_110.056_-3.14975
122.557_110.081_-3.27898
122.203_110.141_-3.37419
121.725_110.233_-3.24497
121.239_110.263_-3.11574
120.753_110.23_-2.98652
120.27_110.137_-2.884
119.792_110.001_-2.82217
119.32_109.839_-2.78776
118.853_109.662_-2.76709
118.389_109.476_-2.74643
117.928_109.283_-2.73954
117.468_109.086_-2.73265
117.03_108.874_-2.60343
116.623_108.607_-2.4742
116.247_108.29_-2.37169
115.898_107.936_-2.30986
115.566_107.564_-2.27544
115.235_107.206_-2.40467
114.861_106.895_-2.53389
114.45_106.634_-2.66312
114.008_106.428_-2.79235
113.544_106.281_-2.92157
113.074_106.155_-2.79235
112.624_105.969_-2.66312
112.201_105.727_-2.53389
111.814_105.432_-2.40467
111.468_105.09_-2.27544
111.137_104.733_-2.40467
110.763_104.421_-2.53389
110.35_104.157_-2.64981
109.908_103.934_-2.72527
109.449_103.737_-2.75969
108.99_103.575_-2.88892
108.514_103.474_-3.01814
108.029_103.434_-3.14737
107.644_103.449_-3.24939
107.542_103.461_-3.27659
107.049_103.534_-3.31101
106.557_103.622_-3.33167
106.067_103.72_-3.35233
105.578_103.825_-3.35922
105.09_103.934_-3.36611
104.611_104.023_-3.23689
104.125_104.048_-3.10766
103.64_104.011_-2.97843
103.163_103.912_-2.84921
102.703_103.752_-2.71998
102.25_103.542_-2.68557
101.803_103.319_-2.6649
101.359_103.089_-2.65801
100.917_102.855_-2.65113
100.477_102.619_-2.64424
100.056_102.369_-2.52832
99.6578_102.074_-2.45286
99.2762_101.752_-2.41844
98.9038_101.419_-2.39778
98.5385_101.078_-2.37712
98.1984_100.726_-2.2612
97.8898_100.336_-2.19937
97.6009_99.9294_-2.16495
97.3241_99.5135_-2.14429
97.0559_99.0919_-2.12363
96.7829_98.6887_-2.25286
96.4601_98.3177_-2.35537
96.1018_97.9732_-2.4172
95.7243_97.6468_-2.45162
95.3367_97.3314_-2.47228
94.9424_97.0457_-2.6015
94.5133_96.8102_-2.71742
94.0562_96.615_-2.77925
93.5876_96.4459_-2.82739
93.1113_96.2947_-2.84805
92.6331_96.149_-2.84117
92.1552_96.0021_-2.84805
91.6769_95.8564_-2.84117
91.199_95.7095_-2.84805
90.7208_95.5638_-2.84117
90.2425_95.4192_-2.86183
89.7616_95.2822_-2.86872
89.2798_95.1486_-2.87561
88.7972_95.0183_-2.88249
88.3136_94.8913_-2.88938
87.8289_94.7699_-2.91005
87.3451_94.6708_-2.99907
86.8509_94.608_-3.04721
86.3531_94.5643_-3.06788
85.8695_94.5079_-2.93865
85.3914_94.3925_-2.83613
84.9177_94.2606_-2.93865
84.4289_94.1704_-3.00048
83.9337_94.1012_-3.00736
83.4544_94.0157_-2.87814
82.9901_93.8691_-2.74891
82.5486_93.6639_-2.61969
82.1372_93.4035_-2.49046
81.7628_93.0922_-2.36123
81.4041_92.7452_-2.39565
81.0361_92.4067_-2.40254
80.6658_92.0708_-2.40943
80.2932_91.7375_-2.41632
79.9183_91.4067_-2.42321
79.5385_91.102_-2.55243
79.1226_90.8489_-2.68166
78.6775_90.6514_-2.81089
78.2107_90.513_-2.94011
77.73_90.4359_-3.06934
77.2463_90.3802_-2.94011
76.7738_90.2626_-2.81089
76.3204_90.0851_-2.68166
75.8937_89.8507_-2.55243
75.5007_89.5633_-2.42321
75.148_89.2276_-2.29398
74.8416_88.8492_-2.16476
74.5864_88.4345_-2.03553
74.3869_87.9904_-1.9063
74.2462_87.5243_-1.77708
74.1384_87.037_-1.81149
74.0159_86.5526_-1.83216
73.8856_86.0699_-1.83904
73.752_85.5881_-1.84593
73.6151_85.1072_-1.85282
73.4995_84.6343_-1.7236
73.4459_84.1503_-1.59437
73.455_83.6635_-1.46514
73.5234_83.1765_-1.36263
73.6361_82.6924_-1.3008
73.7747_82.213_-1.26638
73.9278_81.7373_-1.24572
74.0885_81.2639_-1.23883
74.2525_80.7916_-1.23194
74.4198_80.3205_-1.22506
74.5943_79.8529_-1.19064
74.7829_79.3902_-1.16998
74.981_78.9315_-1.14932
75.1866_78.4757_-1.14243
75.3954_78.0214_-1.13554
75.6051_77.5676_-1.14243
75.8138_77.1133_-1.13554
76.0236_76.6594_-1.14243
76.2323_76.2051_-1.13554
76.4421_75.7513_-1.14243
76.6528_75.2982_-1.12176
76.8708_74.8483_-1.11488
77.092_74.3999_-1.10799
77.3162_73.9531_-1.1011
77.5436_73.5078_-1.09421
77.7739_73.0641_-1.08732
78.0074_72.6219_-1.08043
78.2438_72.1814_-1.07354
78.4813_71.7415_-1.08043
78.7178_71.301_-1.07354
78.9531_70.8602_-1.0942
79.1815_70.4154_-1.10109
79.4067_69.9691_-1.10798
79.6289_69.5212_-1.11487
79.8501_69.0728_-1.10798
80.0857_68.6467_-0.978754
80.3743_68.2546_-0.849528
80.711_67.9029_-0.720302
80.988_67.6747_-0.625082
81.0717_67.6154_-0.597877
81.4622_67.3246_-0.727103
81.8119_66.9858_-0.856329
82.1183_66.6041_-0.97225
82.3872_66.1878_-1.04771
82.6315_65.7526_-1.08212
82.8417_65.3134_-1.21135
82.9935_64.8508_-1.34058
83.0895_64.3684_-1.44309
83.1426_63.8742_-1.50492
83.1698_63.3759_-1.53934
83.2057_62.8903_-1.41011
83.3039_62.4134_-1.28088
83.4627_61.9532_-1.15166
83.6309_61.6074_-1.04964
83.8552_61.1753_-1.17886
84.0219_60.7178_-1.30809
84.1283_60.2427_-1.43732
84.1726_59.7578_-1.56654
84.154_59.2713_-1.69577
84.1139_58.7861_-1.56654
84.1346_58.297_-1.45062
84.2134_57.8165_-1.3214
84.3477_57.3395_-1.24594
84.5143_56.87_-1.1978
84.6932_56.4034_-1.21846
84.8624_55.9333_-1.23912
85.0241_55.4602_-1.24601
85.1825_54.986_-1.2529
85.3377_54.5107_-1.25979
85.5062_54.0539_-1.13056
85.7322_53.6226_-1.00133
86.0106_53.2148_-0.912309
86.3227_52.828_-0.850482
86.6562_52.4567_-0.816065
86.9745_52.0882_-0.945292
87.2426_51.6817_-1.07452
87.456_51.2441_-1.20374
87.6114_50.7827_-1.33297
87.7059_50.3051_-1.4622
87.7381_49.8192_-1.59142
87.7075_49.3333_-1.72065
87.6144_48.8554_-1.84987
87.4606_48.3934_-1.9791
87.2485_47.9552_-2.10833
86.9817_47.5479_-2.23755
86.6647_47.1784_-2.36678
86.3026_46.8528_-2.49601
85.9017_46.5766_-2.62523
85.4647_46.3428_-2.70069
85.0109_46.135_-2.73511
84.5506_45.9406_-2.75577
84.0864_45.7557_-2.77643
83.619_45.5783_-2.78332
83.1504_45.404_-2.79021
82.6806_45.233_-2.7971
82.2104_45.0631_-2.79021
81.7406_44.8921_-2.7971
81.2704_44.7222_-2.79021
80.8006_44.5511_-2.7971
80.3304_44.3812_-2.79021
79.8613_44.2081_-2.78332
79.3935_44.0317_-2.77643
78.9269_43.8521_-2.76954
78.4608_43.6714_-2.77643
77.999_43.5169_-2.90566
77.5212_43.4233_-3.03488
77.0353_43.392_-3.16411
76.5495_43.4236_-3.29333
76.0717_43.5175_-3.42256
75.5986_43.6326_-3.29333
75.1147_43.6857_-3.16411
74.6279_43.676_-3.03488
74.1464_43.6037_-2.90566
73.6698_43.4742_-2.81663
73.2154_43.2993_-2.6874
72.7873_43.0673_-2.55818
72.3863_42.7827_-2.45566
72.0108_42.4593_-2.3802
71.6444_42.1386_-2.50943
71.2452_41.8391_-2.47501
70.8546_41.5275_-2.45435
70.4689_41.2094_-2.44746
70.0853_40.8887_-2.44057
69.704_40.5653_-2.43368
69.321_40.2647_-2.56291
68.9004_40.0098_-2.66543
68.4541_39.7911_-2.72725
67.9949_39.5978_-2.77539
67.5271_39.4221_-2.79606
67.0558_39.2561_-2.81672
66.5816_39.0977_-2.82361
66.1064_38.9424_-2.8305
65.6301_38.7905_-2.83739
65.1534_38.6396_-2.8305
64.684_38.5104_-2.95972
64.1971_38.4104_-2.8979
63.7142_38.2845_-2.86348
63.2347_38.144_-2.84282
62.7582_37.9936_-2.82216
62.2838_37.8355_-2.81527
61.8106_37.6742_-2.80838
61.3386_37.5096_-2.80149
60.8687_37.3396_-2.78083
60.4013_37.1621_-2.77394
59.9351_36.9813_-2.76705
