configuration -14.0353517532_151.94859314_0.0_1.0_147.259887695_176.039077759_0.145212769539_0.989400450557
length 189.931
time 2.5485
roughness 6.84697e-05
-14.0354_151.949_-0
-13.5384_151.959_0.0618265
-13.0407_151.995_0.0962432
-12.5437_152.047_0.116905
-12.0478_152.108_0.137567
-11.5527_152.178_0.144456
-11.0578_152.247_0.123794
-10.5615_152.307_0.116905
-10.0648_152.364_0.110016
-9.56776_152.418_0.103127
-9.07033_152.469_0.0962373
-8.57668_152.526_0.158064
-8.08475_152.611_0.19248
-7.59498_152.71_0.213142
-7.10657_152.816_0.220031
-6.61891_152.927_0.226921
-6.13242_153.029_0.165094
-5.63922_153.105_0.130677
-5.14337_153.167_0.110016
-4.64636_153.218_0.089354
-4.14829_153.262_0.0824648
-3.65118_153.295_0.0343226
-3.1517_153.308_0.0136609
-2.65204_153.312_-0.00700089
-2.1521_153.307_-0.0138901
-1.6522_153.299_-0.0207793
-1.16628_153.268_-0.150005
-0.688373_153.175_-0.279232
-0.226449_153.021_-0.408458
0.21179_152.809_-0.537684
0.619036_152.542_-0.66691
1.01402_152.258_-0.537684
1.4424_152.026_-0.408458
1.89703_151.852_-0.279232
2.37033_151.738_-0.150005
2.85441_151.685_-0.0207793
3.34033_151.655_-0.150005
3.81823_151.562_-0.279232
4.28016_151.408_-0.408458
4.72463_151.197_-0.510974
5.1085_150.973_-0.566293
5.53008_150.729_-0.437067
5.97954_150.542_-0.307841
6.44938_150.414_-0.178615
6.93176_150.348_-0.0493885
7.41864_150.344_0.0798377
7.91456_150.392_0.12798
8.40969_150.459_0.148642
8.90333_150.537_0.169303
9.39595_150.622_0.176193
9.88797_150.711_0.183082
10.3707_150.815_0.272107
10.8484_150.957_0.320249
11.3215_151.117_0.340911
11.7913_151.287_0.361573
12.2585_151.465_0.368462
12.7253_151.644_0.361573
13.1934_151.82_0.354684
13.6618_151.995_0.361573
14.1299_152.171_0.354684
14.5983_152.345_0.361573
15.0606_152.498_0.232347
15.5465_152.603_0.17052
16.0393_152.682_0.136104
16.5348_152.746_0.115442
17.0315_152.8_0.09478
17.5167_152.865_0.210701
17.9986_152.981_0.286159
18.4757_153.127_0.320576
18.9489_153.288_0.341237
19.4196_153.456_0.348127
19.8839_153.603_0.2189
20.3632_153.688_0.0896743
20.8496_153.711_-0.0395518
21.3348_153.672_-0.168778
21.8109_153.569_-0.298004
22.2881_153.436_-0.222546
22.7758_153.334_-0.174404
23.2682_153.253_-0.139987
23.7471_153.164_-0.269213
24.2213_153.021_-0.344671
24.6861_152.876_-0.215445
25.1658_152.792_-0.0862191
25.6569_152.766_0.0162976
26.1536_152.784_0.0781242
26.6507_152.829_0.112541
27.1317_152.904_0.241767
27.6022_153.039_0.357688
28.0641_153.223_0.419514
28.5175_153.432_0.453931
28.9651_153.654_0.474593
29.4072_153.858_0.345367
29.8719_154.003_0.21614
30.3585_154.097_0.140682
30.8528_154.159_0.0925401
31.3506_154.202_0.0718784
31.8488_154.232_0.0374617
32.3482_154.247_0.0168
32.8479_154.252_-0.00386178
33.3478_154.249_-0.010751
33.8478_154.243_-0.0176402
34.3345_154.255_0.111586
34.8156_154.329_0.240812
35.2831_154.465_0.370038
35.7292_154.66_0.499264
36.1464_154.912_0.62849
36.5544_155.195_0.566664
36.9785_155.458_0.532247
37.4108_155.709_0.511585
37.8481_155.951_0.490924
38.2896_156.185_0.484035
38.7197_156.428_0.57306
39.1318_156.706_0.634886
39.5302_157.007_0.669303
39.9199_157.319_0.689965
40.3048_157.638_0.696854
40.6646_157.966_0.82608
40.9791_158.338_0.955306
41.2431_158.747_1.08453
41.4522_159.187_1.21376
41.6029_159.65_1.34298
41.7328_160.119_1.21376
41.9222_160.568_1.08453
42.1678_160.988_0.955306
42.4655_161.373_0.82608
42.8103_161.717_0.696854
43.1966_162.013_0.567628
43.6179_162.258_0.438402
44.0671_162.445_0.309176
44.5428_162.584_0.233718
45.0293_162.692_0.185575
45.5035_162.802_0.314802
45.9708_162.967_0.39026
46.4284_163.164_0.438402
46.8794_163.379_0.459064
47.3271_163.602_0.465953
47.7709_163.802_0.336727
48.2426_163.954_0.261269
48.7259_164.075_0.213126
49.215_164.177_0.192465
49.7061_164.269_0.171803
50.1949_164.339_0.0827774
50.692_164.373_0.0346353
51.1915_164.387_0.0139736
51.6912_164.39_-0.0066882
52.1911_164.386_-0.0135774
52.6778_164.4_0.115649
53.1586_164.476_0.244875
53.6286_164.613_0.360796
54.09_164.798_0.422622
54.5428_165.008_0.457039
54.9933_165.221_0.408897
55.4535_165.414_0.37448
55.9198_165.593_0.353818
56.3892_165.765_0.346929
56.8597_165.934_0.34004
57.3248_166.11_0.401866
57.7819_166.31_0.436283
58.2333_166.524_0.456945
58.6814_166.746_0.463834
59.1281_166.971_0.470723
59.5522_167.21_0.599949
59.9421_167.501_0.729175
60.2911_167.841_0.858402
60.5935_168.223_0.987628
60.8786_168.617_0.858402
61.1939_168.954_0.735977
61.5683_169.265_0.606751
61.9821_169.535_0.517725
62.4189_169.774_0.469583
62.8665_169.995_0.435166
63.321_170.203_0.414505
63.7642_170.416_0.517022
64.1888_170.671_0.59248
64.5996_170.955_0.626896
65.0022_171.251_0.647558
65.3986_171.555_0.66822
65.7941_171.843_0.552299
66.2224_172.093_0.476841
66.6684_172.317_0.442424
67.1214_172.527_0.421762
67.5787_172.729_0.401101
68.0346_172.9_0.271875
68.514_173.018_0.182849
69.0053_173.101_0.134707
69.5009_173.165_0.114045
69.9977_173.218_0.0933835
70.4954_173.266_0.100273
70.9927_173.317_0.107162
71.4897_173.372_0.114051
71.9865_173.428_0.107162
72.4835_173.482_0.114051
72.9691_173.517_-0.015175
73.4552_173.489_-0.144401
73.9336_173.399_-0.273627
74.3964_173.247_-0.402853
74.8448_173.04_-0.491879
75.2833_172.829_-0.362653
75.7455_172.676_-0.233426
76.2235_172.583_-0.1042
76.7188_172.542_-0.0423738
77.2177_172.526_-0.00795719
77.7039_172.502_-0.137183
78.183_172.415_-0.266409
78.6468_172.267_-0.395636
79.0878_172.06_-0.524862
79.4984_171.799_-0.654088
79.8719_171.486_-0.783314
80.2084_171.128_-0.885831
80.5149_170.736_-0.947657
80.8015_170.328_-0.982074
81.0761_169.91_-1.00274
81.3204_169.489_-1.13196
81.5084_169.04_-1.26119
81.6763_168.583_-1.13196
81.9017_168.151_-1.00274
82.1808_167.752_-0.873509
82.4773_167.366_-1.00274
82.7216_166.945_-1.13196
82.9182_166.492_-1.22099
83.0789_166.022_-1.28281
83.2152_165.542_-1.31723
83.3572_165.076_-1.188
83.558_164.632_-1.05878
83.8143_164.218_-0.929552
84.1219_163.841_-0.800326
84.4755_163.506_-0.6711
84.8436_163.188_-0.800326
85.1676_162.824_-0.929552
85.4421_162.422_-1.05878
85.6624_161.988_-1.188
85.825_161.529_-1.31723
85.927_161.053_-1.44646
85.9669_160.567_-1.57568
85.9439_160.081_-1.70491
85.8584_159.602_-1.83413
85.7118_159.137_-1.96336
85.5448_158.68_-1.83413
85.4381_158.205_-1.70491
85.3935_157.72_-1.57568
85.4117_157.234_-1.44646
85.4516_156.748_-1.57568
85.4699_156.262_-1.44646
85.5507_155.782_-1.31723
85.6927_155.316_-1.188
85.8935_154.872_-1.05878
86.1498_154.459_-0.929552
86.446_154.056_-0.950214
86.7337_153.648_-0.970875
87.015_153.234_-0.977765
87.2935_152.819_-0.984654
87.5691_152.402_-0.991543
87.8526_152.006_-0.862317
88.1848_151.65_-0.733091
88.5601_151.34_-0.603865
88.9723_151.081_-0.474639
89.4144_150.877_-0.345413
89.8791_150.731_-0.216186
90.3586_150.647_-0.0869603
90.8451_150.626_0.0422658
91.3302_150.667_0.171492
91.806_150.77_0.300718
92.2776_150.927_0.362545
92.7422_151.109_0.396961
93.2017_151.306_0.417623
93.6582_151.51_0.424512
94.1133_151.716_0.431401
94.569_151.92_0.396985
95.0312_152.11_0.376323
95.4966_152.293_0.369434
95.9632_152.472_0.362545
96.4303_152.65_0.369434
96.8961_152.832_0.376323
97.3606_153.017_0.383212
97.8239_153.205_0.390101
98.2867_153.394_0.383212
98.75_153.582_0.390101
99.2057_153.78_0.451928
99.6504_154.005_0.50007
100.087_154.248_0.520732
100.52_154.497_0.527621
100.952_154.75_0.53451
101.384_154.997_0.486368
101.828_155.228_0.465706
102.276_155.449_0.445045
102.728_155.663_0.438155
103.181_155.874_0.431266
103.635_156.082_0.424377
104.091_156.289_0.431266
104.545_156.497_0.424377
105_156.704_0.431266
105.455_156.912_0.424377
105.907_157.122_0.458794
106.354_157.347_0.479455
106.796_157.58_0.500117
107.234_157.821_0.507006
107.67_158.065_0.513896
108.108_158.305_0.479479
108.553_158.533_0.458817
109.001_158.753_0.451928
109.452_158.97_0.445039
109.903_159.185_0.43815
110.358_159.389_0.390007
110.821_159.576_0.369346
111.288_159.755_0.362456
111.756_159.931_0.355567
112.225_160.104_0.348678
112.692_160.28_0.383095
113.154_160.47_0.403756
113.613_160.667_0.410646
114.071_160.868_0.417535
114.528_161.072_0.424424
114.984_161.277_0.417535
115.441_161.48_0.424424
115.897_161.685_0.417535
116.353_161.889_0.424424
116.809_162.094_0.417535
117.266_162.298_0.424424
117.721_162.505_0.431313
118.175_162.715_0.438202
118.628_162.926_0.431313
119.083_163.134_0.424424
119.534_163.315_0.295198
120.006_163.437_0.165972
120.499_163.519_0.159083
120.913_163.589_0.188065
120.939_163.594_0.194866
121.426_163.675_0.105841
121.921_163.718_0.0440145
122.42_163.734_0.00959784
122.919_163.735_-0.0110639
123.419_163.726_-0.0317257
123.906_163.731_0.0975005
124.388_163.799_0.226727
124.86_163.927_0.342647
125.325_164.104_0.404474
125.78_164.307_0.452616
126.224_164.532_0.500758
126.659_164.777_0.535175
127.087_165.035_0.555837
127.511_165.3_0.562726
127.934_165.567_0.569615
128.357_165.832_0.535198
128.789_166.084_0.514537
129.224_166.329_0.507647
129.662_166.571_0.500758
130.101_166.81_0.493869
130.542_167.046_0.48698
130.983_167.281_0.493869
131.424_167.517_0.48698
131.865_167.752_0.493869
132.306_167.988_0.48698
132.726_168.233_0.616206
133.118_168.531_0.718723
133.497_168.836_0.589497
133.913_169.089_0.46027
134.358_169.287_0.331044
134.825_169.458_0.392871
135.282_169.656_0.441013
135.732_169.872_0.461675
136.179_170.096_0.468564
136.625_170.323_0.475453
137.069_170.553_0.482342
137.511_170.786_0.489232
137.952_171.022_0.496121
138.392_171.259_0.489232
138.833_171.495_0.496121
139.273_171.732_0.489232
139.714_171.968_0.496121
140.154_172.205_0.489232
140.595_172.441_0.496121
141.035_172.678_0.489232
141.476_172.913_0.496121
141.916_173.15_0.489232
142.357_173.386_0.496121
142.797_173.623_0.489232
143.238_173.859_0.496121
143.677_174.098_0.50301
144.116_174.338_0.496121
144.556_174.575_0.489232
144.997_174.811_0.496121
145.436_175.05_0.50301
145.875_175.29_0.496121
146.316_175.515_0.420663
146.774_175.714_0.386246
147.236_175.905_0.406908
