configuration 161.70602417_-18.2518405914_0.169978369946_0.985447793519_193.750076294_109.599342346_0.85380148664_0.520598714377
length 179.251
time 4.73606
roughness 0.000114985
161.706_-18.2518_0.341615
162.157_-18.0694_0.470842
162.582_-17.8304_0.600068
162.971_-17.5386_0.729294
163.32_-17.1991_0.85852
163.623_-16.8174_0.987746
163.908_-16.4227_0.85852
164.241_-16.068_0.729294
164.618_-15.7593_0.600068
165.031_-15.5016_0.470842
165.478_-15.2879_0.395383
165.919_-15.0815_0.52461
166.33_-14.82_0.653836
166.703_-14.5077_0.783062
167.034_-14.1499_0.912288
167.315_-13.7526_1.04151
167.578_-13.3431_0.912288
167.892_-12.971_0.783062
168.252_-12.6424_0.653836
168.65_-12.3629_0.52461
169.082_-12.1371_0.395383
169.539_-11.9688_0.266157
170.013_-11.8608_0.136931
170.504_-11.8078_0.0479057
171.003_-11.7896_0.0134891
171.106_-11.7873_0.0406946
171.592_-11.7881_-0.0885315
172.075_-11.8517_-0.217758
172.546_-11.977_-0.346984
172.996_-12.1618_-0.47621
173.419_-12.4031_-0.605436
173.831_-12.663_-0.47621
174.273_-12.8677_-0.346984
174.737_-13.0137_-0.217758
175.216_-13.0986_-0.0885315
175.703_-13.1211_0.0406946
176.188_-13.0807_0.169921
176.664_-12.9781_0.299147
177.126_-12.8161_0.415068
177.574_-12.605_0.490526
178.012_-12.3648_0.524942
178.422_-12.1032_0.654169
178.799_-11.7907_0.770089
179.163_-11.4669_0.640863
179.565_-11.1926_0.511637
179.999_-10.9724_0.382411
180.446_-10.7725_0.498332
180.873_-10.5238_0.587357
181.281_-10.24_0.649184
181.681_-9.96231_0.519958
182.113_-9.73853_0.390731
182.555_-9.53418_0.519958
182.976_-9.2763_0.608983
183.38_-8.98481_0.657125
183.772_-8.67544_0.691542
184.155_-8.35414_0.712204
184.509_-8.02062_0.84143
184.818_-7.64418_0.970656
185.076_-7.23107_1.09988
185.278_-6.78821_1.22911
185.432_-6.31727_1.30457
185.58_-5.85338_1.17534
185.787_-5.41242_1.04611
186.048_-5.00174_0.916888
186.361_-4.62819_0.787662
186.718_-4.298_0.658436
187.116_-4.01667_0.529209
187.546_-3.78889_0.399983
188.002_-3.61847_0.270757
188.476_-3.50824_0.141531
188.961_-3.46005_0.012305
189.447_-3.43344_0.141531
189.926_-3.34439_0.270757
190.389_-3.1944_0.399983
190.829_-2.98597_0.529209
191.238_-2.72257_0.658436
191.62_-2.40903_0.747461
191.98_-2.06455_0.795603
192.325_-1.70409_0.83002
192.66_-1.33304_0.850682
192.989_-0.956451_0.857571
193.291_-0.575068_0.986797
193.542_-0.157861_1.11602
193.737_0.288213_1.24525
193.873_0.755714_1.37448
193.948_1.23685_1.5037
193.96_1.72359_1.63293
193.909_2.20782_1.76215
193.803_2.69185_1.83761
193.664_3.17026_1.88575
193.506_3.64427_1.90642
193.365_4.11038_1.77719
193.278_4.5965_1.68816
193.228_5.09215_1.64002
193.199_5.5904_1.60561
193.185_6.08988_1.58494
193.181_6.58954_1.56428
193.186_7.08948_1.55739
193.194_7.58938_1.5505
193.205_8.08922_1.54361
193.22_8.58896_1.53672
193.216_9.07584_1.66595
193.149_9.55813_1.79518
193.028_10.0403_1.857
192.882_10.5175_1.89142
192.721_10.9906_1.91208
192.557_11.4626_1.89142
192.401_11.9374_1.88453
192.248_12.4133_1.87764
192.098_12.8903_1.87075
191.951_13.3683_1.86386
191.805_13.8466_1.87075
191.657_14.3239_1.87764
191.505_14.8001_1.88453
191.351_15.2761_1.87764
191.199_15.7523_1.88453
191.033_16.2173_1.97356
190.829_16.6705_2.03538
190.6_17.1141_2.0698
190.358_17.5512_2.09046
190.109_17.9846_2.09735
189.868_18.4193_2.03552
189.649_18.868_2.00111
189.444_19.3236_1.98045
189.246_19.7826_1.97356
189.051_20.243_1.96667
188.844_20.6839_2.09589
188.583_21.0945_2.22512
188.276_21.4888_2.24578
187.961_21.8768_2.26644
187.637_22.2562_2.30086
187.328_22.6324_2.17163
187.058_23.0481_2.09618
186.812_23.4827_2.06176
186.58_23.925_2.0411
186.357_24.3719_2.02044
186.164_24.819_1.89121
186.03_25.2872_1.76198
185.958_25.7687_1.63276
185.942_26.2623_1.54373
185.963_26.76_1.49559
186.002_27.2585_1.4887
186.021_27.745_1.61793
185.978_28.2299_1.74715
185.881_28.7174_1.80898
185.746_29.1852_1.93821
185.552_29.6318_2.06743
185.302_30.0497_2.19666
185_30.4318_2.32588
184.652_30.7719_2.45511
184.289_31.0962_2.32588
183.97_31.4646_2.19666
183.702_31.8709_2.06743
183.477_32.3124_1.99197
183.278_32.7702_1.95756
183.114_33.2285_1.82833
183.01_33.7042_1.6991
182.968_34.1892_1.56988
182.981_34.6847_1.49442
183.025_35.1818_1.46
183.058_35.6676_1.58923
183.028_36.1536_1.71846
182.941_36.6397_1.80748
182.817_37.122_1.85562
182.671_37.5994_1.89004
182.505_38.068_1.95187
182.314_38.5291_1.98628
182.11_38.9849_2.00694
181.897_39.4376_2.01383
181.682_39.8888_2.02072
181.458_40.3339_2.06887
181.212_40.7655_2.13069
180.937_41.1732_2.23321
180.654_41.5694_2.10398
180.424_41.9989_1.97476
180.214_42.438_2.10398
179.949_42.8465_2.23321
179.634_43.2174_2.36243
179.273_43.5445_2.49166
178.873_43.8225_2.62089
178.461_44.0824_2.49166
178.087_44.3932_2.36243
177.755_44.7497_2.23321
177.46_45.1479_2.15775
177.188_45.5666_2.12333
176.951_45.9915_1.99411
176.756_46.4488_1.93228
176.587_46.9176_1.88414
176.452_47.3903_1.78162
176.33_47.8616_1.91085
176.148_48.3133_2.04007
175.919_48.7574_2.06074
175.681_49.1967_2.0814
175.43_49.6274_2.12954
175.181_50.0537_2.04051
174.963_50.5015_1.99237
174.764_50.9592_1.95796
174.578_51.4231_1.93729
174.4_51.8903_1.9304
174.211_52.3445_2.03292
173.981_52.7848_2.09475
173.726_53.214_2.12916
173.458_53.636_2.14983
173.182_54.0523_2.17049
172.922_54.4666_2.05457
172.699_54.9113_1.99274
172.5_55.3689_1.95832
172.315_55.8328_1.93766
172.136_56.2999_1.93077
171.984_56.7625_1.80155
171.893_57.2407_1.67232
171.864_57.7268_1.5431
171.898_58.2125_1.41387
171.992_58.6953_1.31135
172.097_59.1708_1.44058
172.139_59.6558_1.5698
172.119_60.1423_1.69903
172.036_60.6221_1.82826
171.958_60.893_1.90307
171.785_61.3573_1.97853
171.582_61.8132_2.01295
171.365_62.2633_2.03361
171.138_62.7089_2.05427
170.905_63.151_2.06116
170.694_63.5898_1.93193
170.542_64.0522_1.80271
170.45_64.5304_1.67348
170.418_65.0188_1.55756
170.435_65.5156_1.49573
170.451_66.0022_1.62496
170.404_66.4868_1.75419
170.295_66.9614_1.88341
170.126_67.4179_2.01264
169.899_67.8488_2.14186
169.621_68.2589_2.21732
169.314_68.6517_2.26546
168.992_69.0334_2.28613
168.662_69.4083_2.30679
168.325_69.7781_2.31368
168.011_70.1503_2.18445
167.748_70.5599_2.05522
167.54_71_1.926
167.39_71.4633_1.79677
167.301_71.942_1.66755
167.234_72.4242_1.79677
167.104_72.8936_1.926
166.916_73.3425_2.05522
166.671_73.7634_2.18445
166.374_74.1526_2.30037
166.065_74.5289_2.17115
165.807_74.942_2.04192
165.605_75.3848_1.91269
165.461_75.85_1.78347
165.379_76.3299_1.65424
165.321_76.8183_1.75676
165.219_77.3048_1.81858
165.09_77.7857_1.86673
164.941_78.2627_1.88739
164.782_78.7364_1.90805
164.64_79.2023_1.77882
164.56_79.6825_1.6496
164.542_80.1691_1.52037
164.587_80.6539_1.39115
164.695_81.1288_1.26192
164.862_81.586_1.13269
165.087_82.0178_1.00347
165.366_82.4169_0.874241
165.694_82.7768_0.745015
166.065_83.0914_0.615789
166.47_83.3844_0.650206
166.865_83.6896_0.670867
167.256_84.0013_0.677757
167.645_84.3157_0.684646
168.031_84.6327_0.691535
168.419_84.9271_0.562309
168.845_85.1807_0.486851
169.289_85.4091_0.452434
169.74_85.6245_0.431772
170.195_85.8304_0.411111
170.655_86.0222_0.362968
171.123_86.194_0.328552
171.597_86.352_0.30789
172.075_86.5002_0.287228
172.554_86.6407_0.280339
173.016_86.7951_0.409565
173.454_87.0078_0.538791
173.861_87.2751_0.668017
174.242_87.5917_0.743476
174.604_87.9347_0.791618
174.96_88.2663_0.662392
175.356_88.5492_0.533166
175.786_88.7787_0.403939
176.241_88.9509_0.274713
176.715_89.063_0.145487
177.193_89.154_0.274713
177.656_89.3058_0.403939
178.095_89.516_0.533166
178.504_89.781_0.662392
178.878_90.0965_0.778312
179.239_90.4233_0.649086
179.639_90.7009_0.51986
180.071_90.9247_0.390634
180.529_91.0908_0.261408
180.954_91.1874_0.145785
181.438_91.2377_0.0165585
181.932_91.2313_-0.0724669
182.427_91.1851_-0.134293
182.919_91.1105_-0.182436
183.406_91.0103_-0.244262
183.883_90.9127_-0.115036
184.369_90.8774_0.0141901
184.855_90.9049_0.143416
185.333_90.9948_0.272642
185.796_91.1457_0.401868
186.236_91.355_0.531095
186.645_91.6191_0.660321
187.016_91.9338_0.789547
187.344_92.2937_0.918773
187.623_92.6929_1.048
187.884_93.1041_0.918773
188.195_93.4782_0.789547
188.553_93.8091_0.660321
188.779_93.9766_0.585506
188.801_93.9907_0.578704
189.22_94.2632_0.571815
189.641_94.5328_0.564926
190.064_94.7995_0.558037
190.489_95.0632_0.551147
190.915_95.3241_0.544258
191.342_95.5583_0.415032
191.796_95.7355_0.285806
192.268_95.8529_0.15658
192.752_95.9084_0.0273537
193.239_95.9011_-0.101872
193.725_95.8721_0.0273537
194.21_95.906_0.15658
194.688_96.0023_0.285806
195.149_96.1592_0.415032
195.585_96.3743_0.544258
195.991_96.6438_0.673484
196.358_96.9633_0.80271
196.681_97.3275_0.931936
196.955_97.7303_1.06116
197.174_98.165_1.19039
197.336_98.6244_1.31961
197.437_99.1007_1.44884
197.475_99.5861_1.57807
197.451_100.072_1.70729
197.364_100.551_1.83652
197.226_101.03_1.88466
197.066_101.503_1.91908
196.893_101.971_1.93974
196.711_102.437_1.94663
196.527_102.902_1.95352
196.339_103.365_1.96041
196.148_103.827_1.9673
195.956_104.289_1.96041
195.765_104.751_1.9673
195.573_105.213_1.96041
195.382_105.675_1.9673
195.19_106.136_1.96041
194.999_106.598_1.9673
194.807_107.06_1.96041
194.616_107.522_1.9673
194.424_107.984_1.96041
194.229_108.443_1.99482
194.021_108.897_2.01549
193.806_109.349_2.0086
