configuration 176.556686401_134.7056427_-0.977472527886_0.211062685542_59.5791053772_36.8438796997_0.982426073578_-0.18665210943
length 189.011
time 11.5792
roughness 8.65583e-05
176.557_134.706_-2.71627
176.122_134.486_-2.58704
175.71_134.214_-2.49802
175.316_133.909_-2.44987
174.936_133.586_-2.41546
174.564_133.251_-2.3948
174.198_132.911_-2.38791
173.833_132.57_-2.3948
173.467_132.229_-2.38791
173.101_131.888_-2.3948
172.735_131.547_-2.38791
172.366_131.23_-2.51713
171.96_130.962_-2.64636
171.519_130.74_-2.73539
171.058_130.551_-2.78353
170.589_130.379_-2.80419
170.13_130.2_-2.70167
169.685_129.98_-2.63985
169.25_129.734_-2.60543
168.821_129.478_-2.59854
168.394_129.219_-2.59165
167.968_128.982_-2.72088
167.516_128.802_-2.8501
167.044_128.682_-2.97933
166.56_128.624_-3.10855
166.073_128.629_-3.23778
165.587_128.655_-3.10855
165.089_128.633_-3.07414
164.591_128.593_-3.03972
164.098_128.533_-2.9779
163.971_128.513_-3.0119
163.491_128.43_-2.88268
163.026_128.285_-2.75345
162.584_128.082_-2.62422
162.171_127.823_-2.495
161.796_127.514_-2.36577
161.44_127.163_-2.35888
161.08_126.835_-2.48811
160.681_126.555_-2.61733
160.249_126.326_-2.73326
159.81_126.114_-2.60403
159.397_125.848_-2.50151
159.004_125.543_-2.43969
158.627_125.217_-2.40527
158.259_124.879_-2.38461
157.891_124.56_-2.51383
157.483_124.282_-2.60286
157.051_124.033_-2.651
156.608_123.803_-2.68542
156.158_123.586_-2.70608
155.704_123.378_-2.72674
155.245_123.18_-2.7474
154.783_122.989_-2.75429
154.32_122.801_-2.76118
153.855_122.616_-2.76807
153.395_122.458_-2.8973
152.918_122.361_-3.02652
152.428_122.321_-3.12904
151.93_122.325_-3.19087
151.433_122.357_-3.23901
150.947_122.384_-3.10978
150.462_122.348_-2.98056
149.985_122.249_-2.85133
149.525_122.09_-2.7221
149.089_121.873_-2.59288
148.66_121.618_-2.62729
148.223_121.375_-2.64796
147.782_121.139_-2.65485
147.34_120.907_-2.66173
146.896_120.677_-2.66862
146.472_120.437_-2.5394
146.071_120.146_-2.46394
145.686_119.829_-2.42952
145.31_119.499_-2.40886
144.941_119.163_-2.3882
144.572_118.845_-2.51743
144.163_118.568_-2.60645
143.73_118.321_-2.65459
143.287_118.09_-2.67525
142.839_117.869_-2.69592
142.388_117.669_-2.78494
141.918_117.505_-2.84677
141.439_117.366_-2.88119
140.955_117.24_-2.90185
140.469_117.123_-2.90874
139.988_116.998_-2.84691
139.512_116.848_-2.81249
139.041_116.683_-2.79183
138.571_116.511_-2.78494
138.103_116.335_-2.77805
137.635_116.163_-2.81247
137.161_116.005_-2.83313
136.684_115.854_-2.84002
136.206_115.706_-2.84691
135.728_115.562_-2.8538
135.249_115.419_-2.84691
134.771_115.273_-2.84002
134.293_115.126_-2.84691
133.814_114.981_-2.8538
133.335_114.838_-2.84691
132.875_114.677_-2.71768
132.429_114.462_-2.64223
131.994_114.218_-2.60781
131.565_113.961_-2.58715
131.141_113.697_-2.58026
130.715_113.441_-2.64208
130.274_113.207_-2.6765
129.826_112.986_-2.69716
129.374_112.772_-2.70405
128.92_112.561_-2.71094
128.47_112.377_-2.84017
127.999_112.252_-2.96939
127.523_112.149_-2.84017
127.065_111.985_-2.71094
126.632_111.763_-2.58171
126.205_111.51_-2.65717
125.761_111.285_-2.70532
125.306_111.077_-2.72598
124.848_110.879_-2.74664
124.386_110.687_-2.75353
123.944_110.484_-2.6243
123.531_110.226_-2.49508
123.143_109.917_-2.41962
122.774_109.582_-2.37148
122.418_109.232_-2.35081
122.061_108.9_-2.48004
121.665_108.618_-2.60927
121.235_108.389_-2.73849
120.78_108.217_-2.86772
120.631_108.177_-2.90853
120.153_108.085_-3.03775
119.667_108.055_-3.16698
119.169_108.06_-3.11884
118.669_108.047_-3.11195
118.329_108.032_-3.06964
117.834_107.986_-3.00782
117.342_107.912_-2.95968
116.859_107.844_-3.0889
116.373_107.839_-3.21813
115.889_107.897_-3.34735
115.409_107.976_-3.21813
114.922_107.993_-3.0889
114.437_107.947_-2.95968
113.955_107.843_-2.87065
113.477_107.702_-2.82251
113.021_107.53_-2.69328
112.592_107.3_-2.56406
112.196_107.018_-2.43483
111.839_106.686_-2.3056
111.525_106.311_-2.18968
111.226_105.926_-2.31891
110.88_105.584_-2.44814
110.493_105.289_-2.57736
110.068_105.037_-2.66639
109.621_104.816_-2.71453
109.165_104.612_-2.73519
108.726_104.401_-2.60596
108.307_104.138_-2.53051
107.899_103.848_-2.50985
107.495_103.578_-2.63907
107.058_103.361_-2.7683
106.598_103.203_-2.89752
106.121_103.106_-3.02675
105.635_103.07_-3.15598
105.148_103.057_-3.02675
104.668_102.98_-2.89752
104.19_102.849_-2.82207
103.719_102.685_-2.77392
103.254_102.502_-2.75326
102.812_102.299_-2.62404
102.399_102.04_-2.49481
102.024_101.73_-2.36558
101.685_101.374_-2.26307
101.373_100.986_-2.21492
101.064_100.609_-2.34415
100.71_100.275_-2.47338
100.315_99.9901_-2.6026
99.8856_99.7551_-2.71852
99.4282_99.5604_-2.78035
98.961_99.3826_-2.77346
98.4949_99.2016_-2.76657
98.0301_99.0174_-2.75968
97.5666_98.83_-2.75279
97.1035_98.6416_-2.75968
96.6444_98.4794_-2.88891
96.1683_98.3778_-3.01813
95.683_98.3383_-3.14736
95.1964_98.3205_-3.01813
94.7107_98.2435_-2.91562
94.2287_98.1222_-2.85379
93.7533_97.9731_-2.80565
93.284_97.8032_-2.77123
92.838_97.6079_-2.64201
92.4209_97.3568_-2.51278
92.0396_97.054_-2.38355
91.7005_96.7045_-2.25433
91.4093_96.3143_-2.1251
91.1357_95.9116_-2.25433
90.8125_95.5474_-2.38355
90.4451_95.228_-2.51278
90.0395_94.9586_-2.64201
89.6013_94.7406_-2.75793
89.1424_94.5777_-2.88715
88.6665_94.4752_-3.01638
88.1864_94.394_-2.88715
87.7208_94.2516_-2.75793
87.2774_94.0503_-2.6287
86.8434_93.8296_-2.75793
86.3846_93.6667_-2.88715
85.9086_93.5642_-3.01638
85.4234_93.5239_-3.14561
84.9371_93.5465_-3.27483
84.4522_93.5907_-3.14561
83.9656_93.572_-3.01638
83.4856_93.4908_-2.88715
83.02_93.3483_-2.75793
82.5766_93.1471_-2.6287
82.1629_92.8904_-2.49947
81.761_92.6156_-2.6287
81.327_92.3949_-2.75793
80.8836_92.1937_-2.6287
80.4666_91.9374_-2.51278
80.0707_91.6369_-2.45095
79.6811_91.3282_-2.51278
79.2742_91.0393_-2.5472
78.8583_90.7623_-2.56786
78.4368_90.494_-2.58852
78.0107_90.2323_-2.59541
77.5843_89.9973_-2.72464
77.1312_89.8191_-2.85386
76.6589_89.7009_-2.98309
76.1818_89.6037_-2.85386
76.1572_89.5964_-2.84706
75.6977_89.4354_-2.71783
75.2628_89.2166_-2.58861
74.8597_88.9435_-2.45938
74.4951_88.6208_-2.33016
74.1752_88.2538_-2.20093
73.9052_87.8486_-2.0717
73.6897_87.412_-1.94248
73.5322_86.9513_-1.81325
73.4664_86.6508_-1.73163
73.458_86.6002_-1.74524
73.3938_86.1175_-1.61601
73.3925_85.6306_-1.48679
73.4464_85.138_-1.41133
73.5334_84.6474_-1.36318
73.6418_84.1603_-1.32877
73.7708_83.6803_-1.26694
73.9256_83.2058_-1.23253
74.0947_82.7356_-1.21186
74.2734_82.269_-1.1912
74.4597_81.805_-1.18431
74.6532_81.345_-1.1499
74.8604_80.8903_-1.12923
75.0771_80.4401_-1.10857
75.3011_79.9931_-1.10168
75.5281_79.5476_-1.09479
75.7601_79.1051_-1.07413
75.9994_78.6661_-1.06724
76.2416_78.2287_-1.06035
76.4869_77.7931_-1.05346
76.7332_77.358_-1.06035
76.9528_76.9234_-1.18958
77.1147_76.4642_-1.31881
77.216_75.988_-1.44803
77.2551_75.5027_-1.57726
77.2313_75.0164_-1.70648
77.1859_74.5316_-1.57726
77.2034_74.045_-1.44803
77.2835_73.5648_-1.31881
77.4247_73.0988_-1.18958
77.624_72.6517_-1.07366
77.8593_72.2109_-1.09432
78.0876_71.7661_-1.10121
78.3128_71.3198_-1.1081
78.5349_70.8719_-1.11499
78.754_70.4224_-1.12188
78.972_69.9725_-1.11499
79.1931_69.5241_-1.1081
79.4173_69.0772_-1.10121
79.6446_68.6319_-1.09432
79.8493_68.1902_-1.22355
80.0296_67.7285_-1.14809
80.2412_67.2775_-1.09995
80.471_66.8338_-1.07928
80.7079_66.3935_-1.0724
80.9479_65.9549_-1.06551
81.1821_65.5152_-1.11365
81.3995_65.0653_-1.13431
81.6077_64.6111_-1.15497
81.8086_64.1532_-1.16186
82.0063_63.694_-1.16875
82.2157_63.2544_-1.03952
82.4799_62.8455_-0.910298
82.7946_62.474_-0.781072
83.1546_62.1462_-0.651846
83.5108_61.8952_-0.536223
83.9184_61.6289_-0.665449
84.2883_61.3123_-0.794675
84.6144_60.9507_-0.923901
84.8911_60.5501_-1.05313
85.1139_60.1172_-1.18235
85.279_59.6592_-1.31158
85.3838_59.1837_-1.44081
85.4264_58.6987_-1.57003
85.4061_58.2122_-1.69926
85.3233_57.7324_-1.82848
85.2193_57.2568_-1.69926
85.1775_56.7717_-1.57003
85.1985_56.2852_-1.44081
85.2787_55.8_-1.33829
85.4031_55.3188_-1.27646
85.564_54.8593_-1.14724
85.7812_54.418_-1.04472
86.0395_53.9934_-0.982893
86.3211_53.5813_-0.948476
86.6151_53.1773_-0.927814
86.8903_52.7756_-1.05704
87.1114_52.3418_-1.18627
87.2747_51.8832_-1.31549
87.3776_51.4073_-1.44472
87.4183_50.9221_-1.57394
87.3961_50.4357_-1.70317
87.3115_49.9562_-1.8324
87.1657_49.4917_-1.96162
86.9614_49.0498_-2.09085
86.7017_48.6379_-2.22008
86.3912_48.2629_-2.3493
86.0344_47.9277_-2.46522
85.6403_47.6273_-2.54068
85.2249_47.3522_-2.58882
84.7978_47.0928_-2.60948
84.3655_46.8423_-2.63015
83.929_46.5986_-2.63704
83.4908_46.3579_-2.64392
83.0509_46.1202_-2.65081
82.6094_45.8856_-2.6577
82.1655_45.6562_-2.67836
81.717_45.436_-2.69903
81.2647_45.2229_-2.70592
80.8109_45.013_-2.71281
80.3567_44.8041_-2.70592
79.9019_44.5986_-2.74033
79.4406_44.4066_-2.76099
78.9759_44.222_-2.76788
78.5101_44.0405_-2.77477
78.043_43.8623_-2.78166
77.5795_43.6794_-2.73352
77.1223_43.4779_-2.71286
76.6693_43.2671_-2.6922
76.2195_43.0489_-2.68531
75.7711_42.8275_-2.67842
75.3219_42.6121_-2.72656
74.8629_42.4161_-2.76098
74.3978_42.2337_-2.78164
73.9294_42.0587_-2.78853
73.4599_41.8869_-2.79542
72.9911_41.7141_-2.77475
72.5248_41.5337_-2.76787
72.0597_41.3501_-2.76098
71.596_41.1633_-2.75409
71.1335_40.9733_-2.7472
70.6709_40.7845_-2.76786
70.2045_40.6053_-2.78852
69.735_40.4335_-2.79541
69.2643_40.2649_-2.8023
68.7932_40.0974_-2.79541
68.3225_39.9289_-2.8023
67.8507_39.7636_-2.80919
67.3784_39.5993_-2.8023
66.9074_39.4318_-2.79541
66.4367_39.2633_-2.8023
65.9692_39.1181_-2.91822
65.4834_39.0204_-2.99368
64.9895_38.9549_-3.04182
64.4923_38.9109_-3.07624
63.994_38.884_-3.11065
63.5084_38.8483_-2.98143
63.0315_38.7504_-2.8522
62.5651_38.5942_-2.74969
62.1098_38.3949_-2.68786
61.6655_38.1694_-2.63972
61.2308_37.9243_-2.6053
60.7984_37.6792_-2.66713
60.3523_37.454_-2.68779
59.9025_37.2358_-2.69468
59.4864_37.0219_-2.61034
