configuration 161.70602417_-18.2518405914_0.169978369946_0.985447793519_193.750076294_109.599342346_0.85380148664_0.520598714377
length 185.165
time 9.61787
roughness 9.53021e-05
161.706_-18.2518_0.341615
162.157_-18.0694_0.470842
162.582_-17.8304_0.600068
162.975_-17.5388_0.715988
163.343_-17.2049_0.777815
163.694_-16.8506_0.812232
164.044_-16.5117_0.683006
164.434_-16.2207_0.553779
164.859_-15.9824_0.424553
165.315_-15.7924_0.335528
165.787_-15.6384_0.273701
166.25_-15.487_0.402927
166.69_-15.2773_0.532154
167.098_-15.0127_0.66138
167.47_-14.6976_0.790606
167.797_-14.3374_0.919832
168.095_-13.9369_0.954249
168.381_-13.5272_0.97491
168.661_-13.1128_0.9818
168.937_-12.6965_0.988689
169.211_-12.2782_0.995578
169.493_-11.8813_0.866352
169.824_-11.524_0.737126
170.198_-11.2123_0.6079
170.61_-10.9482_0.491979
171.053_-10.7251_0.416521
171.51_-10.5387_0.327495
171.984_-10.386_0.279353
172.466_-10.2516_0.258691
172.949_-10.1271_0.23803
173.436_-10.0103_0.23114
173.914_-9.91895_0.101914
174.4_-9.88998_-0.0273119
174.886_-9.92389_-0.156538
175.363_-10.0201_-0.285764
175.824_-10.177_-0.41499
176.277_-10.3543_-0.285764
176.75_-10.4716_-0.156538
177.234_-10.5271_-0.0273119
177.723_-10.5218_0.0886089
178.215_-10.4656_0.164067
178.692_-10.3658_0.293293
179.152_-10.2054_0.422519
179.593_-9.98864_0.525036
180.018_-9.73073_0.586863
180.428_-9.44824_0.635005
180.832_-9.17629_0.505779
181.272_-8.94711_0.43032
181.728_-8.74656_0.382178
182.193_-8.56341_0.361517
182.661_-8.3899_0.340855
183.132_-8.23597_0.265397
183.615_-8.11059_0.23098
184.102_-7.99501_0.237869
184.383_-7.92965_0.209997
184.872_-7.83121_0.175581
185.365_-7.74731_0.154919
185.859_-7.6713_0.14803
186.353_-7.5987_0.141141
186.848_-7.52951_0.134251
187.333_-7.44723_0.236768
187.814_-7.32075_0.298595
188.289_-7.16847_0.333011
188.76_-7.00189_0.353673
189.229_-6.82765_0.360562
189.69_-6.64278_0.422389
190.141_-6.43129_0.470531
190.585_-6.2017_0.491193
191.024_-5.96299_0.511855
191.46_-5.71711_0.518744
191.892_-5.49385_0.389518
192.35_-5.32821_0.260292
192.828_-5.22037_0.144371
193.314_-5.16848_0.02845
193.811_-5.16454_-0.0333766
194.298_-5.16015_0.0958495
194.78_-5.09306_0.225076
195.25_-4.96438_0.354302
195.699_-4.77626_0.483528
196.12_-4.53184_0.612754
196.506_-4.23519_0.74198
196.851_-3.89126_0.871206
197.148_-3.50578_1.00043
197.394_-3.08519_1.12966
197.583_-2.6365_1.25888
197.712_-2.16719_1.38811
197.785_-1.68083_1.49063
197.817_-1.18364_1.53877
197.827_-0.684665_1.57319
197.823_-0.185016_1.59385
197.791_0.300832_1.72307
197.697_0.778525_1.8523
197.542_1.2401_1.98153
197.434_1.47283_2.04954
197.398_1.54087_2.06994
197.147_1.95809_2.19917
196.845_2.3395_2.3284
196.495_2.67872_2.45762
196.105_2.97011_2.58685
195.681_3.20879_2.71607
195.246_3.42839_2.58685
194.844_3.70216_2.45762
194.48_4.02553_2.3284
194.161_4.39311_2.19917
193.891_4.79877_2.06994
193.677_5.23575_1.94072
193.52_5.69676_1.81149
193.419_6.17807_1.70898
193.361_6.67167_1.64715
193.328_7.16971_1.61273
193.287_7.65487_1.74196
193.184_8.1307_1.87118
193.027_8.60236_1.93301
192.845_9.067_1.96743
192.649_9.52654_1.98809
192.445_9.98314_1.99498
192.238_10.4383_2.00187
192.028_10.8921_2.00876
191.817_11.3453_2.00187
191.607_11.7991_2.00876
191.401_12.2534_1.97434
191.208_12.7143_1.95368
191.024_13.1791_1.93302
190.848_13.647_1.92613
190.676_14.1161_1.91924
190.5_14.5832_1.95365
190.31_15.0454_1.97432
190.113_15.5048_1.98121
189.912_15.9628_1.9881
189.708_16.4194_1.99498
189.527_16.8712_1.86576
189.405_17.3427_1.73653
189.343_17.8282_1.62061
189.298_18.313_1.74984
189.191_18.788_1.87906
189.058_19.2614_1.77655
188.964_19.7507_1.7284
188.891_20.2444_1.69399
188.833_20.7407_1.67333
188.783_21.2382_1.66644
188.716_21.7204_1.79566
188.589_22.1931_1.91158
188.413_22.658_1.97341
188.212_23.1149_2.00783
187.998_23.5662_2.02849
187.79_24.0161_1.95303
187.612_24.4812_1.90489
187.451_24.9544_1.88423
187.3_25.4308_1.86357
187.157_25.9098_1.85668
187.007_26.3837_1.9185
186.832_26.8509_1.95292
186.642_27.3133_1.97358
186.443_27.7716_1.99424
186.237_28.2269_2.00113
186.025_28.6796_2.02179
185.804_29.1278_2.04246
185.576_29.5726_2.04934
185.345_30.0159_2.05623
185.113_30.4586_2.04934
184.87_30.881_2.17857
184.576_31.2685_2.3078
184.233_31.6149_2.43702
183.849_31.9142_2.56625
183.43_32.1616_2.69548
183_32.3901_2.56625
182.603_32.6721_2.43702
182.246_33.0029_2.3078
181.934_33.377_2.17857
181.673_33.7881_2.04934
181.465_34.2309_1.93342
181.303_34.6976_1.8444
181.152_35.1603_1.97362
180.942_35.5998_2.10285
180.678_36.0118_2.21877
180.369_36.3993_2.29423
180.033_36.7674_2.34237
179.709_37.1305_2.21315
179.434_37.5324_2.08392
179.199_37.9703_2.02209
178.989_38.4221_1.97395
178.796_38.883_1.95329
178.634_39.342_1.82406
178.532_39.8181_1.69484
178.492_40.3034_1.56561
178.509_40.7969_1.47659
178.566_41.2907_1.41476
178.621_41.7744_1.54398
178.616_42.2639_1.65991
178.559_42.7562_1.73536
178.472_43.2476_1.76978
178.37_43.7367_1.79044
178.25_44.2176_1.8659
178.115_44.696_1.80407
178.005_45.1828_1.76966
177.901_45.6709_1.80407
177.773_46.1478_1.8931
177.607_46.6178_1.94124
177.421_47.0809_1.97566
177.221_47.5388_1.99632
177.014_47.9937_2.00321
176.791_48.4267_2.13243
176.515_48.8275_2.26166
176.189_49.1892_2.39089
175.819_49.5208_2.45271
175.429_49.8313_2.50086
175.051_50.1386_2.37163
174.716_50.492_2.2424
174.43_50.8857_2.11318
174.193_51.3142_1.99726
174_51.7704_1.9218
173.825_52.2384_1.94246
173.642_52.7038_1.94935
173.456_53.168_1.95624
173.267_53.6308_1.96313
173.077_54.0932_1.95624
172.89_54.557_1.94935
172.707_55.022_1.94246
172.524_55.4874_1.94935
172.34_55.9524_1.94246
172.158_56.4178_1.94935
171.983_56.8833_1.88752
171.836_57.3591_1.83938
171.707_57.8418_1.81872
171.585_58.3267_1.81183
171.467_58.8125_1.80494
171.341_59.2935_1.86677
171.19_59.7692_1.90118
171.052_60.2361_1.77196
170.975_60.7168_1.64273
170.961_61.2035_1.51351
170.968_61.6903_1.64273
170.914_62.1769_1.75865
170.81_62.6613_1.83411
170.674_63.1416_1.86853
170.524_63.6183_1.88919
170.361_64.0889_1.93733
170.179_64.5541_1.95799
169.989_65.0166_1.96488
169.796_65.4778_1.97177
169.599_65.9377_1.97866
169.423_66.3941_1.86274
169.263_66.854_1.99197
169.045_67.2895_2.12119
168.773_67.6934_2.25042
168.624_67.8699_2.31163
168.311_68.2428_2.1824
168.043_68.6548_2.07989
167.81_69.0937_2.01806
167.599_69.5461_1.98364
167.401_70.0051_1.96298
167.201_70.4582_2.03844
166.969_70.8993_2.08658
166.72_71.3322_2.10724
166.461_71.7599_2.12791
166.196_72.1837_2.1348
165.953_72.6058_2.00557
165.767_73.0557_1.87634
165.64_73.5259_1.74712
165.575_74.0084_1.61789
165.573_74.4953_1.48867
165.593_74.9818_1.61789
165.549_75.4667_1.74712
165.445_75.945_1.86304
165.289_76.4135_1.95206
165.127_76.8727_1.82284
164.986_77.3386_1.95206
164.785_77.7825_2.08129
164.53_78.1968_2.21052
164.256_78.5994_2.08129
164.036_79.0339_1.95206
163.874_79.4931_1.82284
163.765_79.9748_1.73381
163.697_80.4656_1.65835
163.675_80.952_1.52913
163.716_81.4372_1.3999
163.819_81.9131_1.27068
163.983_82.3717_1.14145
164.204_82.8054_1.01222
164.479_83.2103_0.896302
164.798_83.5895_0.820844
165.145_83.9314_0.691618
165.533_84.2257_0.562392
165.955_84.4676_0.433166
166.407_84.656_0.317245
166.882_84.8013_0.255419
167.358_84.9043_0.126192
167.843_84.945_-0.00303368
168.33_84.9229_-0.13226
168.809_84.8383_-0.261486
169.274_84.6926_-0.390712
169.737_84.5078_-0.356295
170.2_84.3575_-0.227069
170.679_84.2681_-0.0978432
171.165_84.2411_0.031383
171.523_84.2636_0.126602
172.003_84.3455_0.255828
172.469_84.4885_0.385054
172.912_84.6904_0.514281
173.325_84.9476_0.643507
173.702_85.256_0.772733
174.036_85.6104_0.901959
174.328_86.0063_1.00448
174.586_86.4311_1.0663
174.837_86.8562_0.977277
175.122_87.2647_0.929135
175.425_87.6611_0.894718
175.741_88.0487_0.874056
176.062_88.4314_0.867167
176.393_88.7889_0.737941
176.767_89.1009_0.608715
177.179_89.3653_0.492794
177.621_89.5888_0.417336
178.08_89.7858_0.382919
178.534_89.9824_0.458377
178.978_90.21_0.50652
179.413_90.4554_0.527181
179.844_90.7079_0.53407
180.274_90.9634_0.54096
180.705_91.2079_0.465502
181.154_91.4244_0.417359
181.612_91.6238_0.396698
182.074_91.8137_0.376036
182.54_91.9962_0.369147
183.004_92.1797_0.389808
183.466_92.3708_0.396698
183.927_92.565_0.403587
184.387_92.7624_0.410476
184.845_92.9608_0.403587
185.305_93.1413_0.314561
185.781_93.2879_0.266419
186.264_93.4137_0.232003
186.751_93.5253_0.211341
187.241_93.6267_0.190679
187.731_93.7133_0.142537
188.226_93.7809_0.121875
188.723_93.8382_0.101214
189.22_93.8853_0.0805518
189.707_93.9038_-0.0486744
190.193_93.9008_0.0805518
190.677_93.9605_0.209778
191.148_94.082_0.339004
191.6_94.2632_0.46823
192.025_94.5012_0.597456
192.441_94.7639_0.494939
192.882_94.9883_0.419481
193.341_95.1863_0.385065
193.805_95.3685_0.350648
194.276_95.5369_0.329986
194.729_95.714_0.459212
195.156_95.9482_0.588439
195.549_96.2353_0.717665
195.902_96.5708_0.846891
196.209_96.9489_0.976117
196.464_97.3634_1.10534
196.664_97.8074_1.23457
196.805_98.2734_1.3638
196.885_98.7537_1.49302
196.902_99.2403_1.62225
196.862_99.7325_1.71127
196.783_100.223_1.7731
196.675_100.709_1.82124
196.567_101.191_1.73222
196.494_101.684_1.68407
196.419_102.165_1.8133
196.282_102.633_1.94253
196.086_103.078_2.07175
195.834_103.495_2.20098
195.564_103.9_2.07175
195.34_104.34_1.98273
195.148_104.8_1.93458
194.976_105.268_1.90017
194.817_105.742_1.87951
194.669_106.219_1.85884
194.512_106.683_1.97477
194.305_107.131_2.06379
194.06_107.564_2.12562
193.787_107.967_2.25484
193.463_108.331_2.38407
