configuration 176.556686401_134.7056427_-0.977472527886_0.211062685542_59.5791053772_36.8438796997_0.982426073578_-0.18665210943
length 188.782
time 11.5614
roughness 8.85479e-05
176.557_134.706_-2.71627
176.119_134.487_-2.60035
175.701_134.221_-2.52489
175.297_133.928_-2.49047
174.901_133.622_-2.46981
174.511_133.31_-2.46292
174.122_132.995_-2.45603
173.736_132.678_-2.44914
173.351_132.36_-2.45603
172.964_132.042_-2.44914
172.579_131.724_-2.45603
172.188_131.429_-2.57195
171.764_131.169_-2.63378
171.325_130.932_-2.6682
170.879_130.707_-2.68886
170.428_130.491_-2.70952
169.974_130.283_-2.71641
169.518_130.078_-2.7233
169.061_129.876_-2.73019
168.602_129.677_-2.73708
168.143_129.479_-2.73019
167.684_129.28_-2.73708
167.224_129.084_-2.74397
166.763_128.89_-2.73708
166.303_128.694_-2.74397
165.843_128.499_-2.73708
165.383_128.304_-2.74397
164.921_128.111_-2.75086
164.46_127.92_-2.74397
163.998_127.727_-2.75086
163.536_127.536_-2.74397
163.096_127.328_-2.61474
162.679_127.067_-2.51222
162.281_126.767_-2.46408
161.896_126.45_-2.42966
161.52_126.121_-2.409
161.145_125.811_-2.53823
160.732_125.552_-2.66746
160.29_125.348_-2.79668
159.825_125.203_-2.92591
159.346_125.119_-3.05513
158.848_125.075_-3.04824
158.35_125.029_-3.05513
157.867_124.967_-2.92591
157.386_124.848_-2.85045
156.911_124.698_-2.80231
156.441_124.528_-2.78165
155.974_124.349_-2.76098
155.512_124.16_-2.74032
155.053_123.962_-2.71966
154.597_123.756_-2.71277
154.143_123.547_-2.70588
153.69_123.337_-2.71277
153.233_123.135_-2.74719
152.771_122.946_-2.76785
152.305_122.765_-2.77474
151.838_122.586_-2.78163
151.369_122.411_-2.78852
150.92_122.224_-2.65929
150.499_121.98_-2.53006
150.103_121.685_-2.44104
149.727_121.357_-2.3929
149.363_121.015_-2.37224
149.004_120.668_-2.37912
148.641_120.323_-2.38601
148.277_119.981_-2.3929
147.911_119.64_-2.38601
147.546_119.298_-2.3929
147.176_118.982_-2.52213
146.767_118.713_-2.63805
146.327_118.485_-2.71351
145.871_118.283_-2.74792
145.408_118.095_-2.76859
144.947_117.937_-2.89781
144.47_117.839_-3.02704
143.982_117.802_-3.14296
143.489_117.817_-3.23198
142.995_117.872_-3.29381
142.511_117.926_-3.16459
142.024_117.916_-3.03536
141.539_117.846_-2.91944
141.057_117.726_-2.85761
140.579_117.581_-2.8232
140.106_117.421_-2.80253
139.636_117.252_-2.78187
139.168_117.075_-2.77498
138.702_116.894_-2.76809
138.237_116.711_-2.7612
137.793_116.511_-2.63198
137.378_116.256_-2.50275
136.988_115.95_-2.42729
136.615_115.619_-2.39288
136.251_115.277_-2.37222
135.887_114.953_-2.50144
135.485_114.679_-2.63067
135.05_114.459_-2.75989
134.64_114.312_-2.87552
134.541_114.286_-2.90272
134.063_114.191_-3.03195
133.578_114.158_-3.16117
133.092_114.189_-3.2904
132.614_114.281_-3.41963
132.152_114.434_-3.54885
131.697_114.608_-3.41963
131.223_114.722_-3.2904
130.739_114.774_-3.16117
130.252_114.762_-3.03195
129.771_114.689_-2.90272
129.303_114.554_-2.7735
128.857_114.359_-2.64427
128.416_114.124_-2.66493
127.971_113.898_-2.68559
127.521_113.679_-2.69248
127.07_113.463_-2.69937
126.618_113.25_-2.70626
126.186_113.026_-2.57704
125.786_112.748_-2.44781
125.413_112.422_-2.37235
125.058_112.071_-2.33793
124.714_111.708_-2.31727
124.368_111.365_-2.4465
123.982_111.07_-2.57572
123.557_110.817_-2.66475
123.111_110.596_-2.71289
122.655_110.391_-2.73355
122.213_110.18_-2.61763
121.788_109.922_-2.55581
121.376_109.642_-2.52139
120.971_109.349_-2.50073
120.572_109.047_-2.48007
120.176_108.765_-2.60929
119.743_108.524_-2.68475
119.292_108.309_-2.71917
118.835_108.107_-2.73983
118.375_107.913_-2.74672
117.918_107.745_-2.87594
117.443_107.637_-3.00517
116.958_107.591_-3.1344
116.472_107.608_-3.26362
115.991_107.688_-3.39285
115.515_107.789_-3.26362
115.03_107.828_-3.1344
114.543_107.803_-3.00517
114.064_107.717_-2.87594
113.594_107.572_-2.77343
113.136_107.382_-2.69797
112.69_107.161_-2.64983
112.251_106.922_-2.62917
111.817_106.674_-2.6085
111.387_106.419_-2.60161
110.981_106.151_-2.47239
110.612_105.833_-2.34316
110.287_105.47_-2.21394
110.009_105.068_-2.09802
109.768_104.633_-2.03619
109.531_104.208_-2.16542
109.241_103.816_-2.29464
108.904_103.465_-2.42387
108.523_103.155_-2.52638
108.111_102.876_-2.58821
107.686_102.638_-2.71744
107.234_102.457_-2.84666
106.763_102.335_-2.97589
106.28_102.275_-3.10512
105.793_102.278_-3.23434
105.307_102.303_-3.10512
104.821_102.264_-2.97589
104.335_102.17_-2.90043
103.853_102.043_-2.85229
103.376_101.896_-2.81787
102.921_101.721_-2.68865
102.493_101.49_-2.55942
102.098_101.205_-2.43019
101.743_100.872_-2.30097
101.422_100.495_-2.22551
101.109_100.121_-2.35474
100.751_99.7914_-2.48396
100.354_99.5103_-2.61319
99.9231_99.2829_-2.74241
99.4669_99.1129_-2.87164
98.9925_99.003_-3.00087
98.508_98.9552_-3.13009
98.0213_98.9703_-3.25932
97.5328_99.0427_-3.34834
97.0469_99.1527_-3.39649
96.571_99.2554_-3.26726
96.0858_99.2959_-3.13803
95.5994_99.2736_-3.00881
95.12_99.1887_-2.87958
94.6555_99.0428_-2.75036
94.2136_98.8382_-2.62113
93.8019_98.5784_-2.4919
93.427_98.2677_-2.36268
93.0953_97.9113_-2.23345
92.8003_97.5131_-2.15799
92.5136_97.1195_-2.28722
92.1789_96.754_-2.36268
91.8197_96.4075_-2.39709
91.4499_96.0715_-2.41776
91.0746_95.7412_-2.42464
90.6943_95.4372_-2.55387
90.278_95.1846_-2.6831
89.8327_94.9878_-2.81232
89.3609_94.842_-2.90135
88.8752_94.7312_-2.94949
88.4016_94.618_-2.82026
87.9316_94.4813_-2.93619
87.443_94.3899_-2.99801
86.9741_94.3252_-3.01759
86.9486_94.3221_-3.02439
86.4549_94.256_-2.97625
85.9716_94.1962_-3.10547
85.4778_94.1929_-3.1945
84.9798_94.225_-3.22891
84.6154_94.2625_-3.27447
84.1305_94.3065_-3.14524
83.6315_94.314_-3.17966
83.1319_94.3342_-3.18655
82.6326_94.3532_-3.16589
82.4789_94.359_-3.2067
81.9921_94.3701_-3.07747
81.508_94.3183_-2.94824
81.0346_94.2046_-2.81902
80.571_94.0343_-2.72999
80.1177_93.8277_-2.68185
79.6677_93.6138_-2.72999
79.2084_93.4171_-2.75065
78.7451_93.2299_-2.77132
78.2786_93.05_-2.77821
77.8109_92.8734_-2.78509
77.3623_92.6843_-2.65587
76.9417_92.4389_-2.52664
76.5563_92.1414_-2.39742
76.2124_91.7968_-2.26819
75.9158_91.4106_-2.13896
75.6714_90.9895_-2.00974
75.4834_90.5404_-1.88051
75.3155_90.0834_-2.00974
75.09_89.6518_-2.13896
74.8109_89.2529_-2.26819
74.5143_88.8668_-2.13896
74.2699_88.4456_-2.00974
74.0706_87.9919_-1.93428
73.8985_87.5234_-1.89986
73.7403_87.0495_-1.8792
73.6123_86.5797_-1.74998
73.5459_86.0974_-1.62075
73.5422_85.6105_-1.49152
73.6013_85.1272_-1.3623
73.7177_84.6473_-1.27327
73.8748_84.1772_-1.19781
74.0713_83.7318_-1.06859
74.3236_83.3153_-0.939361
74.6251_82.9202_-0.877534
74.9201_82.5329_-1.00676
75.1745_82.1076_-1.08222
75.4013_81.6639_-1.13036
75.6112_81.2105_-1.15102
75.8117_80.7528_-1.17168
75.9817_80.2966_-1.30091
76.0915_79.8222_-1.43014
76.144_79.3332_-1.53265
76.155_78.8352_-1.5808
76.1443_78.3362_-1.61521
76.1433_77.8493_-1.48599
76.2051_77.3663_-1.35676
76.3285_76.8954_-1.22753
76.5117_76.4442_-1.09831
76.7509_76.0172_-0.982387
77.0069_75.6_-1.09831
77.2213_75.1532_-1.17377
77.409_74.6907_-1.20818
77.583_74.2224_-1.22884
77.7473_73.7505_-1.24951
77.9205_73.2954_-1.12028
78.1509_72.8665_-0.991054
78.4347_72.4708_-0.861828
78.767_72.115_-0.732601
79.1425_71.805_-0.603375
79.5313_71.512_-0.732601
79.8792_71.1713_-0.861828
80.1895_70.7872_-0.950853
80.4724_70.3771_-0.998995
80.7399_69.9551_-1.01966
80.9771_69.5298_-1.14888
81.166_69.0736_-1.23791
81.3212_68.6001_-1.28605
81.4559_68.1196_-1.32047
81.5786_67.6349_-1.32736
81.7045_67.152_-1.29294
81.8448_66.6724_-1.27228
81.993_66.1949_-1.26539
82.1444_65.7184_-1.2585
82.2991_65.243_-1.25161
82.4478_64.7675_-1.29975
82.5783_64.2852_-1.32041
82.6988_63.8002_-1.34108
82.8115_63.3132_-1.34797
82.9209_62.8253_-1.35485
83.0269_62.3367_-1.36174
83.1295_61.8474_-1.36863
83.2288_61.3574_-1.37552
83.3247_60.8667_-1.38241
83.4194_60.3758_-1.37552
83.534_59.9026_-1.2463
83.7087_59.4481_-1.11707
83.9405_59.0199_-0.987844
84.2253_58.6218_-0.871923
84.5535_58.2505_-0.796465
84.8789_57.8884_-0.925691
85.1549_57.4873_-1.05492
85.377_57.0539_-1.18414
85.5413_56.5956_-1.31337
85.6452_56.1199_-1.4426
85.7262_55.6372_-1.32667
85.858_55.1595_-1.25122
86.0238_54.6909_-1.18939
86.1857_54.2317_-1.31862
86.2871_53.7555_-1.44784
86.3263_53.2702_-1.57707
86.3026_52.7839_-1.70629
86.2165_52.3047_-1.83552
86.0693_51.8406_-1.96475
85.8635_51.3993_-2.09397
85.6026_50.9882_-2.2232
85.2909_50.6142_-2.35242
84.9336_50.2835_-2.48165
84.5346_49.9895_-2.55711
84.1147_49.7213_-2.60525
83.6952_49.4575_-2.52979
83.292_49.1649_-2.48165
82.9012_48.8544_-2.44723
82.5194_48.532_-2.42657
82.1444_48.2018_-2.40591
81.7976_47.8601_-2.27668
81.4857_47.475_-2.20123
81.1985_47.0679_-2.15308
80.9288_46.648_-2.11867
80.6715_46.2196_-2.09801
80.4089_45.8096_-2.22723
80.0957_45.4369_-2.35646
79.737_45.1076_-2.48568
79.338_44.8241_-2.60161
78.9067_44.58_-2.67706
78.458_44.3615_-2.71148
78.0024_44.1563_-2.73214
77.5427_43.9605_-2.7528
77.0796_43.7721_-2.75969
76.6152_43.5868_-2.76658
76.1612_43.3925_-2.67756
75.7193_43.1624_-2.62941
75.2855_42.9145_-2.60875
74.8568_42.6578_-2.58809
74.4321_42.394_-2.5812
74.0063_42.1439_-2.67023
73.5588_41.9248_-2.71837
73.1015_41.7251_-2.75279
72.6378_41.5388_-2.77345
72.1709_41.36_-2.78034
71.7061_41.1782_-2.74592
71.2464_40.9825_-2.72526
70.7896_40.7792_-2.71837
70.3342_40.5729_-2.71148
69.8802_40.3634_-2.70459
69.4255_40.1598_-2.75273
68.9616_39.9758_-2.78715
68.4918_39.8056_-2.80781
68.019_39.6429_-2.8147
67.5452_39.4835_-2.82159
67.0702_39.3273_-2.82848
66.5949_39.1722_-2.82159
66.1207_39.0138_-2.8147
65.6469_38.8544_-2.82159
65.1719_38.6982_-2.82848
64.6992_38.5626_-2.931
64.2104_38.4663_-2.97914
63.7172_38.3843_-2.97225
63.2412_38.282_-2.84302
62.7823_38.1192_-2.7138
62.3482_37.8986_-2.58457
61.9462_37.6239_-2.45534
61.583_37.2997_-2.32612
61.2345_36.9597_-2.45534
60.8451_36.6674_-2.58457
60.4212_36.4278_-2.7138
59.9701_36.2447_-2.84302
59.7946_36.1899_-2.83034
