configuration 161.70602417_-18.2518405914_0.169978369946_0.985447793519_193.750076294_109.599342346_0.85380148664_0.520598714377
length 178.444
time 10.9228
roughness 8.09892e-05
161.706_-18.2518_0.341615
162.157_-18.0694_0.470842
162.582_-17.8304_0.600068
162.971_-17.5386_0.729294
163.32_-17.1991_0.85852
163.623_-16.8174_0.987746
163.908_-16.4227_0.85852
164.241_-16.068_0.729294
164.618_-15.7593_0.600068
165.031_-15.5016_0.470842
165.474_-15.2993_0.341615
165.945_-15.1329_0.334726
166.418_-14.9697_0.327837
166.892_-14.8098_0.320948
167.366_-14.6532_0.314059
167.841_-14.4977_0.320948
168.313_-14.3348_0.355364
168.78_-14.1577_0.376026
169.245_-13.9731_0.382915
169.708_-13.7852_0.389805
170.17_-13.5942_0.396694
170.627_-13.4252_0.267468
171.102_-13.3166_0.138242
171.586_-13.27_0.00901548
172.073_-13.2862_-0.120211
172.553_-13.365_-0.249437
173.038_-13.4803_-0.201295
173.528_-13.5768_-0.180633
174.021_-13.6632_-0.159971
174.514_-13.7417_-0.153082
175.009_-13.8168_-0.146193
175.493_-13.8672_-0.0169666
175.98_-13.8549_0.11226
176.461_-13.7799_0.241486
176.934_-13.6462_0.344002
177.398_-13.469_0.405829
177.843_-13.2596_0.508346
178.272_-13.0088_0.570172
178.69_-12.7347_0.604589
179.099_-12.4478_0.625251
179.503_-12.1542_0.63214
179.91_-11.8663_0.583998
180.329_-11.596_0.549581
180.757_-11.3379_0.528919
181.19_-11.0866_0.52203
181.623_-10.8383_0.515141
182.037_-10.5807_0.644367
182.413_-10.272_0.773593
182.753_-9.91666_0.87611
183.063_-9.52836_0.937936
183.354_-9.12257_0.972353
183.645_-8.73228_0.843127
183.984_-8.38276_0.713901
184.365_-8.07983_0.584675
184.782_-7.82855_0.455449
185.228_-7.63311_0.326223
185.699_-7.46776_0.360639
186.165_-7.28822_0.381301
186.609_-7.08805_0.510527
187.024_-6.83235_0.639753
187.402_-6.52538_0.768979
187.765_-6.20193_0.639753
188.168_-5.92807_0.510527
188.603_-5.70838_0.381301
189.062_-5.54651_0.252075
189.538_-5.44516_0.122849
190.018_-5.36507_0.252075
190.484_-5.22376_0.381301
190.928_-5.02359_0.510527
191.342_-4.76788_0.639753
191.72_-4.46092_0.768979
192.055_-4.10781_0.898205
192.342_-3.71445_1.02743
192.585_-3.2844_1.11646
192.794_-2.83341_1.17828
192.977_-2.3701_1.22643
193.122_-1.90524_1.35565
193.213_-1.41989_1.44468
193.268_-0.924704_1.49282
193.301_-0.426724_1.52724
193.319_0.0726106_1.5479
193.33_0.572468_1.55479
193.337_1.07238_1.56168
193.34_1.57234_1.56857
193.342_2.07229_1.56168
193.346_2.57225_1.56857
193.328_3.06142_1.68449
193.26_3.55223_1.75994
193.158_4.03999_1.80809
193.037_4.52484_1.82875
192.909_5.00797_1.83564
192.777_5.4902_1.84253
192.641_5.97151_1.84942
192.503_6.45187_1.85631
192.361_6.93127_1.86319
192.218_7.41035_1.85631
192.101_7.88292_1.72708
192.036_8.37423_1.65162
192.004_8.87139_1.60348
191.991_9.3709_1.58282
191.986_9.87084_1.57593
191.984_10.3708_1.56904
191.986_10.8708_1.56215
191.992_11.3707_1.55526
192.001_11.8706_1.54837
192.011_12.3704_1.55526
191.998_12.8572_1.68449
191.922_13.3381_1.81371
191.789_13.8138_1.90274
191.619_14.2821_1.95088
191.429_14.7434_1.9853
191.246_15.2_1.88278
191.101_15.6766_1.83464
190.976_16.1598_1.80022
190.866_16.6472_1.77956
190.763_17.1365_1.77267
190.649_17.6147_1.87519
190.492_18.0876_1.92333
190.314_18.554_1.95775
190.122_19.0154_1.97841
189.923_19.4739_1.9853
189.721_19.9311_1.99219
189.515_20.3868_1.99907
189.306_20.8412_2.00596
189.095_21.2941_2.01285
188.88_21.7455_2.01974
188.656_22.1908_2.06788
188.415_22.6283_2.08855
188.167_23.0622_2.09544
187.915_23.4943_2.10232
187.661_23.9247_2.10921
187.405_24.3546_2.10232
187.153_24.7861_2.09544
186.903_25.2194_2.08855
186.657_25.6544_2.08166
186.412_26.09_2.08855
186.153_26.5025_2.21777
185.843_26.8782_2.347
185.487_27.2173_2.44952
185.098_27.5265_2.51134
184.691_27.8136_2.55948
184.296_28.0983_2.43026
183.941_28.4315_2.30103
183.632_28.8077_2.17181
183.367_29.2225_2.06929
183.139_29.6639_2.00746
182.938_30.1185_1.94564
182.76_30.585_1.91122
182.597_31.0571_1.89056
182.441_31.5321_1.88367
182.288_32.0081_1.87678
182.132_32.4823_1.9112
181.962_32.9521_1.93186
181.782_33.4183_1.95252
181.595_33.8819_1.95941
181.405_34.3441_1.9663
181.218_34.8069_1.93188
181.044_35.2755_1.91122
180.878_35.7472_1.90433
180.716_36.22_1.89744
180.557_36.6939_1.89055
180.423_37.1621_1.76133
180.351_37.6437_1.6321
180.338_38.1353_1.52958
180.369_38.6314_1.46776
180.426_39.1272_1.43334
180.472_39.6119_1.56257
180.455_40.0985_1.69179
180.381_40.5868_1.78082
180.269_41.0723_1.82896
180.137_41.5534_1.86338
179.985_42.028_1.91152
179.815_42.4978_1.93218
179.637_42.9651_1.93907
179.456_43.4311_1.94596
179.272_43.8959_1.95285
179.087_44.3602_1.94596
178.904_44.8258_1.93907
178.725_45.2927_1.93218
178.548_45.7599_1.93907
178.369_46.2268_1.93218
178.208_46.6937_1.84315
178.084_47.175_1.78133
177.985_47.6643_1.74691
177.901_48.1568_1.72625
177.825_48.6509_1.71936
177.734_49.1319_1.83528
177.594_49.6089_1.89711
177.429_50.0797_1.93152
177.249_50.546_1.95219
177.06_51.0085_1.97285
176.86_51.4655_2.00726
176.645_51.9169_2.02793
176.423_52.365_2.03482
176.199_52.8116_2.0417
175.971_53.2566_2.04859
175.742_53.7011_2.0417
175.516_54.1472_2.03482
175.293_54.5948_2.02793
175.072_55.0429_2.03482
174.849_55.4905_2.02793
174.625_55.9374_2.04859
174.394_56.3808_2.05548
174.16_56.8226_2.06237
173.923_57.2629_2.06926
173.683_57.7014_2.07614
173.43_58.1204_2.19207
173.132_58.516_2.26752
172.804_58.888_2.34298
172.477_59.2515_2.22706
172.181_59.6514_2.16523
171.907_60.0681_2.13082
171.644_60.4932_2.11016
171.391_60.9237_2.08949
171.131_61.3359_2.21872
170.821_61.7114_2.34795
170.495_62.0726_2.21872
170.218_62.4729_2.08949
170.027_62.8361_1.98067
169.815_63.2741_2.1099
169.547_63.6809_2.23912
169.23_64.05_2.36835
168.965_64.2925_2.46357
168.925_64.3245_2.47717
168.555_64.6407_2.34795
168.228_65.0019_2.21872
167.945_65.4039_2.1162
167.693_65.8339_2.06806
167.46_66.2752_2.03364
167.261_66.7197_1.90442
167.122_67.1861_1.77519
167.038_67.6708_1.67268
166.998_68.1662_1.61085
166.984_68.665_1.57643
166.966_69.1586_1.66546
166.911_69.6537_1.7136
166.835_70.1469_1.74802
166.743_70.6381_1.76868
166.644_71.1281_1.77557
166.537_71.6155_1.80998
166.413_72.099_1.8444
166.301_72.573_1.71517
166.252_73.0573_1.58595
166.265_73.544_1.45672
166.3_74.0297_1.58595
166.272_74.5158_1.71517
166.181_74.9942_1.8444
166.03_75.457_1.97363
165.82_75.8964_2.10285
165.556_76.3084_2.21877
165.247_76.696_2.29423
164.911_77.0641_2.34237
164.559_77.4178_2.37679
164.197_77.7613_2.39745
163.853_78.1059_2.26823
163.556_78.4921_2.139
163.312_78.9132_2.00977
163.124_79.3623_1.88055
162.995_79.8319_1.75132
162.928_80.3141_1.6221
162.924_80.801_1.49287
162.982_81.2844_1.36364
163.102_81.7562_1.23442
163.282_82.2086_1.10519
163.519_82.634_0.975966
163.809_83.0253_0.846739
164.146_83.376_0.717513
164.527_83.6803_0.588287
164.943_83.9331_0.459061
165.393_84.1442_0.397235
165.855_84.332_0.362818
166.323_84.5061_0.342156
166.795_84.6728_0.335267
167.267_84.8362_0.328378
167.721_85.0126_0.457604
168.16_85.2426_0.533062
168.585_85.5026_0.581204
169.001_85.7798_0.601866
169.411_86.0655_0.622528
169.818_86.3324_0.493301
170.256_86.5446_0.364075
170.724_86.7094_0.288617
171.204_86.846_0.254201
171.688_86.9683_0.233539
172.165_87.0967_0.322564
172.635_87.2622_0.370706
173.098_87.4483_0.405123
173.556_87.6484_0.425785
174.011_87.8559_0.432674
174.465_88.0645_0.425785
174.921_88.27_0.418896
175.378_88.4723_0.412006
175.836_88.6735_0.418896
176.293_88.8759_0.412006
176.747_89.0518_0.28278
177.22_89.1677_0.153554
177.704_89.2217_0.024328
178.139_89.2158_-0.0912954
178.318_89.1966_-0.138905
178.805_89.1474_-0.0229842
179.3_89.1484_0.052474
179.798_89.1803_0.0868906
180.296_89.2271_0.107552
180.792_89.2841_0.128214
181.278_89.3635_0.230731
181.759_89.487_0.292557
182.235_89.6364_0.326974
182.707_89.8002_0.347636
183.177_89.9716_0.354525
183.637_90.1552_0.429983
184.089_90.3684_0.4644
184.534_90.5953_0.485062
184.974_90.8313_0.505723
185.411_91.0745_0.512613
185.825_91.3311_0.641839
186.202_91.6388_0.771065
186.537_91.9926_0.900291
186.823_92.3866_1.02952
187.056_92.8141_1.15874
187.269_93.2516_1.02952
187.538_93.6579_0.900291
187.856_94.0262_0.771065
188.22_94.3626_0.695607
188.608_94.6757_0.647464
189.008_94.9527_0.518238
189.443_95.1817_0.415722
189.901_95.3704_0.340263
190.374_95.5291_0.292121
190.853_95.6697_0.27146
191.327_95.7803_0.142233
191.812_95.8288_0.0130073
192.298_95.8558_0.142233
192.777_95.9452_0.27146
193.24_96.0955_0.400686
193.68_96.3042_0.529912
194.089_96.5679_0.659138
194.461_96.8821_0.788364
194.789_97.2417_0.91759
195.075_97.6421_1.02011
195.312_98.0675_1.14933
195.492_98.5198_1.27856
195.612_98.9916_1.40779
195.671_99.4749_1.53701
195.671_99.9667_1.63953
195.629_100.463_1.68767
195.551_100.944_1.8169
195.413_101.411_1.94612
195.218_101.865_2.03515
194.988_102.306_2.08329
194.738_102.739_2.11771
194.503_103.165_1.98848
194.325_103.618_1.85925
194.198_104.095_1.77023
194.107_104.585_1.72209
194.038_105.079_1.68767
193.983_105.576_1.66701
193.938_106.073_1.64635
193.902_106.572_1.63946
193.869_107.071_1.63257
193.839_107.57_1.62568
193.813_108.069_1.61879
193.769_108.554_1.74802
193.666_109.035_1.85053
193.524_109.514_1.87119
