configuration 133.385482788_115.927223206_-0.986328190641_0.164792901387_34.5528411865_13.6445770264_-0.541385985877_0.840774175564
length 181.932
time 9.77725
roughness 9.65957e-05
133.385_115.927_-2.8105
132.932_115.75_-2.68127
132.502_115.516_-2.56535
132.091_115.236_-2.50352
131.694_114.934_-2.46911
131.305_114.62_-2.44844
130.935_114.294_-2.35942
130.589_113.936_-2.29759
130.262_113.56_-2.26318
129.944_113.174_-2.25629
129.628_112.786_-2.2494
129.307_112.421_-2.37862
128.941_112.099_-2.50785
128.535_111.822_-2.61037
128.101_111.579_-2.67219
127.653_111.358_-2.70661
127.198_111.155_-2.75475
126.734_110.97_-2.77541
126.267_110.794_-2.79608
125.796_110.626_-2.80296
125.324_110.461_-2.80985
124.85_110.304_-2.84427
124.385_110.144_-2.74175
123.929_109.943_-2.69361
123.478_109.727_-2.7005
123.029_109.538_-2.82973
122.56_109.409_-2.95895
122.078_109.341_-3.08818
121.584_109.302_-3.01272
121.089_109.234_-2.99206
120.605_109.182_-3.12129
120.118_109.193_-3.25051
119.637_109.266_-3.37974
119.153_109.39_-3.41415
118.674_109.529_-3.44857
118.204_109.657_-3.31934
117.722_109.722_-3.19012
117.235_109.725_-3.06089
116.752_109.666_-2.93167
116.274_109.547_-2.82915
115.818_109.378_-2.69992
115.387_109.151_-2.5707
114.989_108.871_-2.44147
114.63_108.542_-2.31225
114.304_108.168_-2.23679
113.995_107.776_-2.24368
113.682_107.385_-2.25057
113.367_106.997_-2.25745
113.049_106.611_-2.26434
112.729_106.228_-2.27123
112.399_105.869_-2.40046
112.027_105.556_-2.52969
111.616_105.293_-2.65891
111.176_105.086_-2.78814
110.712_104.937_-2.91736
110.234_104.849_-3.04659
109.747_104.823_-3.17582
109.262_104.86_-3.30504
108.785_104.96_-3.43427
108.326_105.12_-3.56349
107.873_105.3_-3.43427
107.402_105.421_-3.30504
106.918_105.48_-3.17582
106.431_105.476_-3.04659
105.949_105.409_-2.91736
105.479_105.281_-2.78814
105.03_105.093_-2.65891
104.609_104.849_-2.52969
104.222_104.553_-2.40046
103.871_104.208_-2.29794
103.542_103.833_-2.27728
103.218_103.452_-2.27039
102.897_103.069_-2.2635
102.578_102.683_-2.25661
102.263_102.295_-2.24972
101.941_101.93_-2.37895
101.575_101.609_-2.50818
101.169_101.325_-2.58363
100.742_101.068_-2.63178
100.304_100.828_-2.65244
99.8648_100.617_-2.78166
99.4023_100.465_-2.91089
98.924_100.374_-3.04012
98.4379_100.345_-3.16934
97.9522_100.379_-3.29857
97.4685_100.435_-3.16934
96.9817_100.428_-3.04012
96.4999_100.358_-2.91089
96.031_100.227_-2.78166
95.583_100.036_-2.65244
95.1395_99.8092_-2.70058
94.6858_99.6014_-2.735
94.2471_99.39_-2.60577
93.8394_99.1239_-2.47654
93.4693_98.8075_-2.34732
93.131_98.4454_-2.27186
92.8183_98.0591_-2.21003
92.5115_97.681_-2.33926
92.1586_97.3456_-2.46849
91.7653_97.0585_-2.59771
91.3384_96.8244_-2.72694
90.8849_96.6473_-2.85616
90.4123_96.5301_-2.98539
89.9285_96.4748_-3.11462
89.6721_96.4736_-3.18263
89.1853_96.473_-3.0534
88.7025_96.4096_-2.92418
88.2231_96.3248_-3.0534
87.7367_96.3025_-3.18263
87.2515_96.3431_-3.31186
86.7686_96.4052_-3.18263
86.2817_96.4045_-3.0534
85.7989_96.3411_-2.92418
85.3284_96.216_-2.79495
84.8779_96.0314_-2.66573
84.4549_95.7902_-2.5365
84.0666_95.4965_-2.40727
83.7193_95.1552_-2.27805
83.4068_94.7706_-2.20259
83.1191_94.3639_-2.15445
82.8409_93.9488_-2.17511
82.5558_93.5381_-2.182
82.268_93.1293_-2.18889
81.9773_92.7225_-2.19578
81.6857_92.3163_-2.18889
81.387_91.9318_-2.31811
81.0413_91.589_-2.44734
80.6542_91.2937_-2.57657
80.2323_91.0506_-2.70579
79.7826_90.864_-2.83502
79.3086_90.7079_-2.8006
78.8402_90.5356_-2.76618
78.3766_90.3492_-2.74552
77.9158_90.1553_-2.73863
77.4563_89.9582_-2.73174
77.0019_89.7833_-2.86097
76.5402_89.6287_-2.73174
76.1022_89.416_-2.60252
75.6954_89.1485_-2.47329
75.3264_88.8309_-2.34407
75.0013_88.4684_-2.21484
74.7258_88.067_-2.08561
74.5042_87.6334_-1.95639
74.3404_87.1749_-1.82716
74.2318_86.6953_-1.72465
74.1634_86.2018_-1.6765
74.1326_85.7159_-1.54728
74.1627_85.2273_-1.43136
74.2439_84.7384_-1.3559
74.3559_84.2521_-1.32148
74.4825_83.7687_-1.30082
74.6101_83.2862_-1.33524
74.7437_82.818_-1.20601
74.9365_82.3709_-1.07678
75.1853_81.9524_-0.947558
75.4525_81.5454_-1.07678
75.6765_81.1033_-1.15224
75.8717_80.6449_-1.20038
76.0493_80.1779_-1.22105
76.2173_79.7073_-1.24171
76.3941_79.2536_-1.11248
76.6278_78.8265_-0.983255
76.9146_78.4331_-0.854029
77.2497_78.0799_-0.724803
77.6276_77.7728_-0.595577
78.0187_77.4828_-0.724803
78.3692_77.1449_-0.854029
78.6732_76.7646_-0.983255
78.9257_76.3482_-1.11248
79.1224_75.9029_-1.24171
79.2682_75.431_-1.33073
79.3789_74.9453_-1.37888
79.4708_74.4541_-1.39954
79.5526_73.9612_-1.4202
79.6264_73.4667_-1.42709
79.7115_72.9803_-1.33806
79.8361_72.4991_-1.27624
79.9864_72.0232_-1.24182
80.1241_71.5562_-1.37105
80.2004_71.0753_-1.50027
80.2497_70.5839_-1.41125
80.3367_70.0934_-1.3631
80.4452_69.6062_-1.32869
80.5683_69.122_-1.30803
80.7014_68.6404_-1.28736
80.8379_68.1597_-1.30803
80.9643_67.6763_-1.32869
81.0831_67.1906_-1.33558
81.1985_66.7042_-1.34247
81.3105_66.2169_-1.34936
81.4277_65.7327_-1.30121
81.5661_65.2532_-1.2668
81.719_64.7775_-1.24613
81.8796_64.304_-1.23925
82.0434_63.8316_-1.23236
82.2163_63.3644_-1.18421
82.4098_62.9043_-1.1498
82.6171_62.4497_-1.12914
82.8318_61.9982_-1.12225
83.0497_61.5482_-1.11536
83.2726_61.101_-1.0947
83.5027_60.6572_-1.08781
83.7469_60.2359_-0.95858
84.0434_59.8497_-0.829354
84.3865_59.4901_-0.767527
84.7222_59.1375_-0.896753
85.0097_58.7445_-1.02598
85.2442_58.3178_-1.15521
85.4217_57.8644_-1.28443
85.5393_57.392_-1.41366
85.5951_56.9083_-1.54288
85.6254_56.4174_-1.44037
85.7021_55.9278_-1.36491
85.8118_55.4418_-1.31677
85.9407_54.9591_-1.29611
86.0795_54.4791_-1.27544
86.2014_54.0077_-1.40467
86.2615_53.5245_-1.5339
86.2588_53.0376_-1.66312
86.1934_52.5551_-1.79235
86.0664_52.0851_-1.92157
85.8915_51.6171_-1.94224
85.7089_51.1516_-1.94913
85.5232_50.6874_-1.95601
85.3343_50.2245_-1.9629
85.1443_49.7621_-1.95601
84.9424_49.319_-2.08524
84.685_48.9057_-2.21447
84.3766_48.529_-2.34369
84.0222_48.1951_-2.47292
83.6268_47.9065_-2.58884
83.1986_47.657_-2.6643
82.7525_47.4352_-2.71244
82.2963_47.2328_-2.74686
81.8344_47.0416_-2.75375
81.3711_46.8535_-2.76063
80.9086_46.6646_-2.73997
80.4488_46.4681_-2.73308
79.9905_46.2684_-2.72619
79.5335_46.0656_-2.71931
79.0779_45.8596_-2.71242
78.625_45.6486_-2.69175
78.1753_45.4302_-2.68487
77.7296_45.2342_-2.81409
77.2623_45.0972_-2.94332
76.7814_45.0216_-3.07254
76.2975_44.9675_-2.94332
75.8246_44.8514_-2.81409
75.3619_44.6789_-2.72507
74.9116_44.4685_-2.66324
74.4712_44.2337_-2.62882
74.0432_43.981_-2.567
73.6274_43.705_-2.53258
73.2195_43.4163_-2.51192
72.8161_43.121_-2.50503
72.4148_42.8228_-2.49814
72.0141_42.5238_-2.50503
71.6127_42.2257_-2.49814
71.2121_41.9266_-2.50503
70.8107_41.6285_-2.49814
70.41_41.3295_-2.50503
70.0087_41.0314_-2.49814
69.6094_40.7305_-2.49125
69.2122_40.4269_-2.48436
68.8171_40.1205_-2.47747
68.4227_39.8133_-2.48436
68.024_39.5292_-2.60028
67.5929_39.2819_-2.66211
67.1475_39.0568_-2.69653
66.695_38.8448_-2.71719
66.2389_38.6399_-2.72408
65.7868_38.4306_-2.67593
65.3419_38.2032_-2.65527
64.9004_37.9685_-2.64838
64.4606_37.7308_-2.64149
64.0224_37.4901_-2.6346
63.5871_37.2719_-2.76383
63.1763_37.1267_-2.87945
63.0272_37.0888_-2.92026
62.9771_37.0778_-2.93386
62.952_37.0725_-2.94067
62.4795_36.9552_-2.81144
62.0228_36.779_-2.69552
61.5812_36.5541_-2.62006
61.1514_36.3005_-2.58564
60.7288_36.0339_-2.56498
60.3097_35.786_-2.69421
59.8622_35.5941_-2.82344
59.3937_35.4615_-2.95266
58.9098_35.388_-3.06858
58.4148_35.3642_-3.14404
57.9283_35.3448_-3.01481
57.4428_35.2662_-2.9123
56.9612_35.1433_-2.85047
56.4848_34.9945_-2.81605
56.0125_34.8315_-2.79539
55.5619_34.647_-2.66617
55.1388_34.406_-2.53694
54.7383_34.1142_-2.46148
54.3539_33.7959_-2.42707
53.9787_33.4659_-2.4064
53.604_33.1549_-2.53563
53.1924_32.8948_-2.66486
52.7472_32.6812_-2.75388
52.283_32.5003_-2.80202
51.8105_32.3394_-2.83644
51.3367_32.2076_-2.93896
50.8519_32.125_-3.04147
50.3565_32.0855_-3.1033
49.8584_32.0744_-3.15144
49.3695_32.0979_-3.26736
48.8777_32.1703_-3.32919
48.3898_32.2711_-3.37733
47.9059_32.3932_-3.41175
47.4253_32.5299_-3.43241
46.9533_32.6496_-3.30318
46.4699_32.7075_-3.17396
45.983_32.7026_-3.04473
45.5009_32.635_-2.91551
45.0314_32.5059_-2.78628
44.5737_32.3205_-2.69725
44.1273_32.0992_-2.64911
43.6903_31.8582_-2.6147
43.2601_31.6039_-2.59403
42.8339_31.3427_-2.58714
42.4312_31.069_-2.45792
42.0671_30.7458_-2.32869
41.7477_30.3783_-2.19947
41.4721_29.971_-2.09695
41.2313_29.5361_-2.03512
40.995_29.1104_-2.16435
40.7059_28.7187_-2.29357
40.3686_28.3675_-2.4228
39.9889_28.0627_-2.55203
39.5731_27.8094_-2.68125
39.1281_27.6118_-2.81048
38.6595_27.4704_-2.9264
38.1719_27.3743_-2.98823
37.6783_27.3061_-3.03637
37.1811_27.257_-3.05703
36.6981_27.1954_-2.9278
36.2271_27.072_-2.79858
35.7759_26.889_-2.66935
35.3521_26.6493_-2.54013
34.9627_26.357_-2.4109
34.5929_26.021_-2.39024
34.2301_25.6774_-2.36958
33.8727_25.3278_-2.36269
33.5177_24.9758_-2.3558
33.1651_24.6213_-2.34891
32.8383_24.2604_-2.21968
32.5608_23.8603_-2.09046
32.3372_23.4278_-1.96123
32.1711_22.9701_-1.832
32.0654_22.4948_-1.70278
32.0219_22.0099_-1.57355
32.0412_21.5234_-1.44433
32.1197_21.0379_-1.34181
32.2442_20.5582_-1.26635
32.4029_20.0872_-1.20452
32.5786_19.6195_-1.22519
32.7469_19.1487_-1.23208
32.912_18.6767_-1.23896
33.0737_18.2037_-1.24585
33.2323_17.7295_-1.25274
33.3875_17.2543_-1.25963
33.5417_16.7787_-1.25274
33.697_16.3034_-1.25963
33.8511_15.8278_-1.25274
34.0064_15.3526_-1.25963
34.1665_14.8808_-1.21149
34.3454_14.4142_-1.19083
34.5298_13.9495_-1.19772
